<?xml version="1.0" encoding="UTF-8" standalone="yes"?>
<testsuites name="1stPayVault" time="1106" tests="8" failures="1" errors="0">
    <testsuite name="1stPayVault" tests="8" failures="1" errors="0" time="1106" timestamp="2019-10-31 11:04:37" hostname="venkata.annam - FW1-D-DTA-ZENQ1" id="Test Suites/FirstView/1stPayVault">
        <properties>
            <property name="deviceName" value=""/>
            <property name="devicePlatform" value=""/>
            <property name="logFolder" value="C:\\VPOS_Git_31-10-2019\\VPOS_Internal\\Reports\\20191031_110419\\FirstView\\1stPayVault\\20191031_110420"/>
            <property name="logFiles" value="C:\\VPOS_Git_31-10-2019\\VPOS_Internal\\Reports\\20191031_110419\\FirstView\\1stPayVault\\20191031_110420\\execution0.log"/>
            <property name="attachments" value=""/>
            <property name="hostName" value="venkata.annam - FW1-D-DTA-ZENQ1"/>
            <property name="os" value="Windows 10 64bit"/>
            <property name="katalonVersion" value="6.3.2.4"/>
            <property name="browser" value="Firefox 68.0"/>
            <property name="hostAddress" value="172.25.52.168"/>
            <property name="sessionId" value="d59abfb8-1765-4204-b0e7-b3187955a034"/>
            <property name="seleniumVersion" value="3.141.59"/>
            <property name="proxyInformation" value="ProxyInformation{proxyOption=NO_PROXY, proxyServerType=HTTP, password=, proxyServerAddress=, proxyServerPort=0}"/>
            <property name="platform" value="Windows 10"/>
        </properties>
        <testcase name="Test Cases/FirstView/FirstPayVault/TC_1st_Pay_Vault_001" classname="Test Cases/FirstView/FirstPayVault/TC_1st_Pay_Vault_001" status="PASSED">
            <system-out>2019-10-31 11:04:41 - [TEST_CASE][PASSED] - Test Cases/FirstView/FirstPayVault/TC_1st_Pay_Vault_001: Test Cases/FirstView/FirstPayVault/TC_1st_Pay_Vault_001&#xD;
&#xD;
2019-10-31 11:04:42 - [TEST_STEP][PASSED] - Start listener action : sampleBeforeTestCase: null&#xD;
&#xD;
2019-10-31 11:04:42 - [TEST_STEP][PASSED] - println(testCaseContext.getTestCaseId()): null&#xD;
&#xD;
2019-10-31 11:04:42 - [TEST_STEP][PASSED] - println(testCaseContext.getTestCaseVariables()): null&#xD;
&#xD;
2019-10-31 11:04:43 - [TEST_STEP][NOT_RUN] - utilities.SafeActions.openBrowser(Old_URL, [PageLoadTime]): NOT_RUN: utilities.SafeActions.openBrowser(Old_URL, [PageLoadTime])&#xD;
&#xD;
2019-10-31 11:04:43 - [MESSAGE][NOT_RUN] - NOT_RUN: utilities.SafeActions.openBrowser(Old_URL, [PageLoadTime])&#xD;
&#xD;
2019-10-31 11:04:43 - [TEST_STEP][NOT_RUN] - delay(6): NOT_RUN: delay(6)&#xD;
&#xD;
2019-10-31 11:04:43 - [MESSAGE][NOT_RUN] - NOT_RUN: delay(6)&#xD;
&#xD;
2019-10-31 11:04:43 - [TEST_STEP][NOT_RUN] - utilities.SafeActions.safeSelectOptionInDropDownByVisibleText(findTestObject("Pages/Sale/dropDown_AccountType"), "ranjanatest2 - 888814981372/001 Account Type: Retail", "Select by Value", [25]): NOT_RUN: utilities.SafeActions.safeSelectOptionInDropDownByVisibleText(findTestObject("Pages/Sale/dropDown_AccountType"), "ranjanatest2 - 888814981372/001 Account Type: Retail", "Select by Value", [25])&#xD;
&#xD;
2019-10-31 11:04:43 - [MESSAGE][NOT_RUN] - NOT_RUN: utilities.SafeActions.safeSelectOptionInDropDownByVisibleText(findTestObject("Pages/Sale/dropDown_AccountType"), "ranjanatest2 - 888814981372/001 Account Type: Retail", "Select by Value", [25])&#xD;
&#xD;
2019-10-31 11:04:43 - [TEST_STEP][PASSED] - utilities.SafeActions.openBrowser(URL, [PageLoadTime]): utilities.SafeActions.openBrowser is PASSED&#xD;
&#xD;
2019-10-31 11:04:44 - [MESSAGE][INFO] - Opening Browser&#xD;
&#xD;
2019-10-31 11:04:46 - [MESSAGE][INFO] - Starting 'Firefox' driver&#xD;
&#xD;
2019-10-31 11:04:47 - [MESSAGE][INFO] - Action delay is set to 0 seconds&#xD;
&#xD;
2019-10-31 11:05:33 - [MESSAGE][PASSED] - Browser is opened with url: 'https://q-www-firstview-net.faps.net/MVC/Account/Login'&#xD;
&#xD;
2019-10-31 11:05:34 - [MESSAGE][PASSED] - Current window maximized&#xD;
&#xD;
2019-10-31 11:05:34 - [MESSAGE][INFO] - Browser Launched Successfully&#xD;
&#xD;
2019-10-31 11:05:34 - [MESSAGE][PASSED] - utilities.SafeActions.openBrowser is PASSED&#xD;
&#xD;
2019-10-31 11:05:34 - [TEST_STEP][PASSED] - pages.Login.login(uName, password): pages.Login.login is PASSED&#xD;
&#xD;
2019-10-31 11:05:34 - [MESSAGE][PASSED] - Object 'Object Repository/Pages/Login/userName' is present&#xD;
&#xD;
2019-10-31 11:05:34 - [MESSAGE][PASSED] - Scroll to object 'Object Repository/Pages/Login/userName' successfully&#xD;
&#xD;
2019-10-31 11:05:34 - [MESSAGE][PASSED] - Object 'Object Repository/Pages/Login/userName' is present&#xD;
&#xD;
2019-10-31 11:05:35 - [MESSAGE][PASSED] - Object: 'Object Repository/Pages/Login/userName' is clicked on&#xD;
&#xD;
2019-10-31 11:05:35 - [MESSAGE][PASSED] - Text 'ZenQRetail' is set on object 'Object Repository/Pages/Login/userName'&#xD;
&#xD;
2019-10-31 11:05:36 - [MESSAGE][PASSED] - Object 'Object Repository/Pages/Login/password' is present&#xD;
&#xD;
2019-10-31 11:05:36 - [MESSAGE][PASSED] - Scroll to object 'Object Repository/Pages/Login/password' successfully&#xD;
&#xD;
2019-10-31 11:05:36 - [MESSAGE][PASSED] - Object 'Object Repository/Pages/Login/password' is present&#xD;
&#xD;
2019-10-31 11:05:36 - [MESSAGE][PASSED] - Object: 'Object Repository/Pages/Login/password' is clicked on&#xD;
&#xD;
2019-10-31 11:05:37 - [MESSAGE][PASSED] - Text 'P@ssword1' is set on object 'Object Repository/Pages/Login/password'&#xD;
&#xD;
2019-10-31 11:05:37 - [MESSAGE][INFO] - Safe Click Without scroll&#xD;
&#xD;
2019-10-31 11:05:37 - [MESSAGE][INFO] - 1stPayVault.ts:waiting until Click on Login is Clickable&#xD;
&#xD;
2019-10-31 11:05:37 - [MESSAGE][PASSED] - Object 'Object Repository/Pages/Login/login' is clickable&#xD;
&#xD;
2019-10-31 11:05:37 - [MESSAGE][PASSED] - Object 'Object Repository/Pages/Login/login' is visible&#xD;
&#xD;
2019-10-31 11:05:41 - [MESSAGE][PASSED] - Object: 'Object Repository/Pages/Login/login' is clicked on&#xD;
&#xD;
2019-10-31 11:05:41 - [MESSAGE][INFO] - 1stPayVault.ts: click on the Click on Login&#xD;
&#xD;
2019-10-31 11:05:41 - [MESSAGE][PASSED] - pages.Login.login is PASSED&#xD;
&#xD;
2019-10-31 11:05:41 - [TEST_STEP][PASSED] - callTestCase(findTestCase("FirstView/Login/TC_SendCode"), [:], STOP_ON_FAILURE): Call Test Case 'Test Cases/FirstView/Login/TC_SendCode' successfully&#xD;
&#xD;
2019-10-31 11:05:41 - [TEST_CASE][PASSED] - Test Cases/FirstView/Login/TC_SendCode: Test Cases/FirstView/Login/TC_SendCode&#xD;
&#xD;
2019-10-31 11:05:41 - [TEST_STEP][PASSED] - flag = pages.SendCode.verifyPage(): pages.SendCode.verifyPage is PASSED&#xD;
&#xD;
2019-10-31 11:05:42 - [MESSAGE][PASSED] - Object 'Object Repository/Pages/SendCodeToValidate/header_SendCodeToValidate' is present and visible in viewport&#xD;
&#xD;
2019-10-31 11:05:42 - [MESSAGE][PASSED] - pages.SendCode.verifyPage is PASSED&#xD;
&#xD;
2019-10-31 11:05:42 - [TEST_STEP][PASSED] - if (flag): pages.SendCode.clickonUserSettings is PASSED&#xD;
&#xD;
2019-10-31 11:05:42 - [TEST_STEP][PASSED] - pages.SendCode.clickonUserSettings(): pages.SendCode.clickonUserSettings is PASSED&#xD;
&#xD;
2019-10-31 11:05:42 - [MESSAGE][PASSED] - Object 'Object Repository/Pages/SendCodeToValidate/link_UserSettings' is present&#xD;
&#xD;
2019-10-31 11:05:42 - [MESSAGE][PASSED] - Object 'Object Repository/Pages/SendCodeToValidate/link_UserSettings' is visible&#xD;
&#xD;
2019-10-31 11:05:42 - [MESSAGE][INFO] - 1stPayVault.ts:waiting until Click on User Settings is Clickable&#xD;
&#xD;
2019-10-31 11:05:42 - [MESSAGE][PASSED] - Object 'Object Repository/Pages/SendCodeToValidate/link_UserSettings' is clickable&#xD;
&#xD;
2019-10-31 11:05:42 - [MESSAGE][PASSED] - Object 'Object Repository/Pages/SendCodeToValidate/link_UserSettings' is visible&#xD;
&#xD;
2019-10-31 11:05:45 - [MESSAGE][PASSED] - Object: 'Object Repository/Pages/SendCodeToValidate/link_UserSettings' is clicked on&#xD;
&#xD;
2019-10-31 11:05:45 - [MESSAGE][INFO] - 1stPayVault.ts: Clicked on the Click on User Settings&#xD;
&#xD;
2019-10-31 11:05:45 - [MESSAGE][PASSED] - pages.SendCode.clickonUserSettings is PASSED&#xD;
&#xD;
2019-10-31 11:05:45 - [MESSAGE][PASSED] - Call Test Case 'Test Cases/FirstView/Login/TC_SendCode' successfully&#xD;
&#xD;
2019-10-31 11:05:45 - [TEST_STEP][PASSED] - callTestCase(findTestCase("FirstView/Login/TC_FirstView"), [:], STOP_ON_FAILURE): Call Test Case 'Test Cases/FirstView/Login/TC_FirstView' successfully&#xD;
&#xD;
2019-10-31 11:05:45 - [TEST_CASE][PASSED] - Test Cases/FirstView/Login/TC_FirstView: Test Cases/FirstView/Login/TC_FirstView&#xD;
&#xD;
2019-10-31 11:05:46 - [TEST_STEP][NOT_RUN] - utilities.SafeActions.safeClickWithoutScroll(findTestObject("Pages/FirstView/link_Home"), "Click on Home button in First View screen", [PageLoadTime]): NOT_RUN: utilities.SafeActions.safeClickWithoutScroll(findTestObject("Pages/FirstView/link_Home"), "Click on Home button in First View screen", [PageLoadTime])&#xD;
&#xD;
2019-10-31 11:05:46 - [MESSAGE][NOT_RUN] - NOT_RUN: utilities.SafeActions.safeClickWithoutScroll(findTestObject("Pages/FirstView/link_Home"), "Click on Home button in First View screen", [PageLoadTime])&#xD;
&#xD;
2019-10-31 11:05:46 - [TEST_STEP][PASSED] - delay(3): Delayed 3 second(s)&#xD;
&#xD;
2019-10-31 11:05:49 - [MESSAGE][PASSED] - Delayed 3 second(s)&#xD;
&#xD;
2019-10-31 11:05:49 - [TEST_STEP][PASSED] - utilities.SafeActions.javascriptclick(findTestObject("Pages/FirstView/link_Home"), delayForElement): utilities.SafeActions.javascriptclick is PASSED&#xD;
&#xD;
2019-10-31 11:05:50 - [MESSAGE][PASSED] - utilities.SafeActions.javascriptclick is PASSED&#xD;
&#xD;
2019-10-31 11:05:50 - [TEST_STEP][PASSED] - utilities.SafeActions.safeClickWithoutScroll(findTestObject("Pages/FirstView/link_VPOS"), "Click on VPOS button in First View screen", [PageLoadTime]): utilities.SafeActions.safeClickWithoutScroll is PASSED&#xD;
&#xD;
2019-10-31 11:05:51 - [MESSAGE][INFO] - Safe Click Without scroll&#xD;
&#xD;
2019-10-31 11:05:51 - [MESSAGE][INFO] - 1stPayVault.ts:waiting until Click on VPOS button in First View screen is Clickable&#xD;
&#xD;
2019-10-31 11:05:52 - [MESSAGE][PASSED] - Object 'Object Repository/Pages/FirstView/link_VPOS' is clickable&#xD;
&#xD;
2019-10-31 11:05:52 - [MESSAGE][PASSED] - Object 'Object Repository/Pages/FirstView/link_VPOS' is visible&#xD;
&#xD;
2019-10-31 11:05:53 - [MESSAGE][PASSED] - Object: 'Object Repository/Pages/FirstView/link_VPOS' is clicked on&#xD;
&#xD;
2019-10-31 11:05:53 - [MESSAGE][INFO] - 1stPayVault.ts: click on the Click on VPOS button in First View screen&#xD;
&#xD;
2019-10-31 11:05:53 - [MESSAGE][PASSED] - utilities.SafeActions.safeClickWithoutScroll is PASSED&#xD;
&#xD;
2019-10-31 11:05:53 - [MESSAGE][PASSED] - Call Test Case 'Test Cases/FirstView/Login/TC_FirstView' successfully&#xD;
&#xD;
2019-10-31 11:05:53 - [TEST_STEP][PASSED] - switchToWindowTitle("Transcenter - VPOS"): Switched to window with title: 'Transcenter - VPOS'&#xD;
&#xD;
2019-10-31 11:05:59 - [MESSAGE][PASSED] - Switched to window with title: 'Transcenter - VPOS'&#xD;
&#xD;
2019-10-31 11:05:59 - [TEST_STEP][PASSED] - focus(findTestObject("Pages/FirstPayVault/tab_FirstPayVault")): Object: 'Object Repository/Pages/FirstPayVault/tab_FirstPayVault' is focused&#xD;
&#xD;
2019-10-31 11:06:07 - [MESSAGE][PASSED] - Object: 'Object Repository/Pages/FirstPayVault/tab_FirstPayVault' is focused&#xD;
&#xD;
2019-10-31 11:06:07 - [TEST_STEP][PASSED] - utilities.SafeActions.javascriptclick(findTestObject("Pages/FirstPayVault/tab_FirstPayVault"), PageLoadTime): utilities.SafeActions.javascriptclick is PASSED&#xD;
&#xD;
2019-10-31 11:06:08 - [MESSAGE][PASSED] - utilities.SafeActions.javascriptclick is PASSED&#xD;
&#xD;
2019-10-31 11:06:08 - [TEST_STEP][PASSED] - delay(delayForElement): Delayed 6 second(s)&#xD;
&#xD;
2019-10-31 11:06:14 - [MESSAGE][PASSED] - Delayed 6 second(s)&#xD;
&#xD;
2019-10-31 11:06:14 - [TEST_STEP][PASSED] - utilities.SafeActions.safeClickWithoutScroll(findTestObject("Pages/FirstPayVault/tab_FirstPayVault"), "Click on FistPayVault tab", [delayForElement]): utilities.SafeActions.safeClickWithoutScroll is PASSED&#xD;
&#xD;
2019-10-31 11:06:14 - [MESSAGE][INFO] - Safe Click Without scroll&#xD;
&#xD;
2019-10-31 11:06:14 - [MESSAGE][INFO] - 1stPayVault.ts:waiting until Click on FistPayVault tab is Clickable&#xD;
&#xD;
2019-10-31 11:06:14 - [MESSAGE][PASSED] - Object 'Object Repository/Pages/FirstPayVault/tab_FirstPayVault' is clickable&#xD;
&#xD;
2019-10-31 11:06:14 - [MESSAGE][PASSED] - Object 'Object Repository/Pages/FirstPayVault/tab_FirstPayVault' is visible&#xD;
&#xD;
2019-10-31 11:06:15 - [MESSAGE][PASSED] - Object: 'Object Repository/Pages/FirstPayVault/tab_FirstPayVault' is clicked on&#xD;
&#xD;
2019-10-31 11:06:15 - [MESSAGE][INFO] - 1stPayVault.ts: click on the Click on FistPayVault tab&#xD;
&#xD;
2019-10-31 11:06:15 - [MESSAGE][PASSED] - utilities.SafeActions.safeClickWithoutScroll is PASSED&#xD;
&#xD;
2019-10-31 11:06:15 - [TEST_STEP][PASSED] - utilities.SafeActions.safeClickWithoutScroll(findTestObject("Pages/FirstPayVault/button_CreateVault"), "Click on CreateVault button", [PageLoadTime]): utilities.SafeActions.safeClickWithoutScroll is PASSED&#xD;
&#xD;
2019-10-31 11:06:15 - [MESSAGE][INFO] - Safe Click Without scroll&#xD;
&#xD;
2019-10-31 11:06:15 - [MESSAGE][INFO] - 1stPayVault.ts:waiting until Click on CreateVault button is Clickable&#xD;
&#xD;
2019-10-31 11:06:15 - [MESSAGE][PASSED] - Object 'Object Repository/Pages/FirstPayVault/button_CreateVault' is clickable&#xD;
&#xD;
2019-10-31 11:06:15 - [MESSAGE][PASSED] - Object 'Object Repository/Pages/FirstPayVault/button_CreateVault' is visible&#xD;
&#xD;
2019-10-31 11:06:16 - [MESSAGE][PASSED] - Object: 'Object Repository/Pages/FirstPayVault/button_CreateVault' is clicked on&#xD;
&#xD;
2019-10-31 11:06:16 - [MESSAGE][INFO] - 1stPayVault.ts: click on the Click on CreateVault button&#xD;
&#xD;
2019-10-31 11:06:16 - [MESSAGE][PASSED] - utilities.SafeActions.safeClickWithoutScroll is PASSED&#xD;
&#xD;
2019-10-31 11:06:16 - [TEST_STEP][PASSED] - vaultReference = utilities.SafeActions.timeWithMilliSeconds(): utilities.SafeActions.timeWithMilliSeconds is PASSED&#xD;
&#xD;
2019-10-31 11:06:16 - [MESSAGE][PASSED] - utilities.SafeActions.timeWithMilliSeconds is PASSED&#xD;
&#xD;
2019-10-31 11:06:16 - [TEST_STEP][PASSED] - utilities.SafeActions.safeType(findTestObject("Pages/FirstPayVault/input_VaultReferenceNumber"), vaultReference, "Entering Vault Reference Number", [PageLoadTime]): utilities.SafeActions.safeType is PASSED&#xD;
&#xD;
2019-10-31 11:06:17 - [MESSAGE][PASSED] - Object 'Object Repository/Pages/FirstPayVault/input_VaultReferenceNumber' is present&#xD;
&#xD;
2019-10-31 11:06:17 - [MESSAGE][PASSED] - Scroll to object 'Object Repository/Pages/FirstPayVault/input_VaultReferenceNumber' successfully&#xD;
&#xD;
2019-10-31 11:06:17 - [MESSAGE][PASSED] - Object 'Object Repository/Pages/FirstPayVault/input_VaultReferenceNumber' is present&#xD;
&#xD;
2019-10-31 11:06:18 - [MESSAGE][PASSED] - Object: 'Object Repository/Pages/FirstPayVault/input_VaultReferenceNumber' is clicked on&#xD;
&#xD;
2019-10-31 11:06:18 - [MESSAGE][PASSED] - Text '2019-10-31 11:06:16.916' is set on object 'Object Repository/Pages/FirstPayVault/input_VaultReferenceNumber'&#xD;
&#xD;
2019-10-31 11:06:18 - [MESSAGE][PASSED] - utilities.SafeActions.safeType is PASSED&#xD;
&#xD;
2019-10-31 11:06:18 - [TEST_STEP][PASSED] - utilities.SafeActions.safeType(findTestObject("Pages/FirstPayVault/input_CreditCardNumber"), visaCardNumber, "Entering Card Number", [PageLoadTime]): utilities.SafeActions.safeType is PASSED&#xD;
&#xD;
2019-10-31 11:06:18 - [MESSAGE][PASSED] - Object 'Object Repository/Pages/FirstPayVault/input_CreditCardNumber' is present&#xD;
&#xD;
2019-10-31 11:06:18 - [MESSAGE][PASSED] - Scroll to object 'Object Repository/Pages/FirstPayVault/input_CreditCardNumber' successfully&#xD;
&#xD;
2019-10-31 11:06:18 - [MESSAGE][PASSED] - Object 'Object Repository/Pages/FirstPayVault/input_CreditCardNumber' is present&#xD;
&#xD;
2019-10-31 11:06:19 - [MESSAGE][PASSED] - Object: 'Object Repository/Pages/FirstPayVault/input_CreditCardNumber' is clicked on&#xD;
&#xD;
2019-10-31 11:06:19 - [MESSAGE][PASSED] - Text '4111111111111111' is set on object 'Object Repository/Pages/FirstPayVault/input_CreditCardNumber'&#xD;
&#xD;
2019-10-31 11:06:19 - [MESSAGE][PASSED] - utilities.SafeActions.safeType is PASSED&#xD;
&#xD;
2019-10-31 11:06:19 - [TEST_STEP][PASSED] - utilities.SafeActions.safeSelectOptionInDropDownByVisibleText(findTestObject("Pages/FirstPayVault/dropDown_ExpirationMonth"), cardMonth, "Expiration Month", [PageLoadTime]): utilities.SafeActions.safeSelectOptionInDropDownByVisibleText is PASSED&#xD;
&#xD;
2019-10-31 11:06:20 - [MESSAGE][PASSED] - Object 'Object Repository/Pages/FirstPayVault/dropDown_ExpirationMonth' is visible&#xD;
&#xD;
2019-10-31 11:06:20 - [MESSAGE][PASSED] - Object 'Object Repository/Pages/FirstPayVault/dropDown_ExpirationMonth' is present&#xD;
&#xD;
2019-10-31 11:06:21 - [MESSAGE][PASSED] - Object: 'Object Repository/Pages/FirstPayVault/dropDown_ExpirationMonth' is clicked on&#xD;
&#xD;
2019-10-31 11:06:21 - [MESSAGE][PASSED] - All options with label 'September' are selected in object 'Object Repository/Pages/FirstPayVault/dropDown_ExpirationMonth' &#xD;
&#xD;
2019-10-31 11:06:21 - [MESSAGE][PASSED] - utilities.SafeActions.safeSelectOptionInDropDownByVisibleText is PASSED&#xD;
&#xD;
2019-10-31 11:06:21 - [TEST_STEP][PASSED] - utilities.SafeActions.safeSelectOptionInDropDownByVisibleText(findTestObject("Pages/FirstPayVault/dropDown_ExpirationYear"), cardYear, "year", [PageLoadTime]): utilities.SafeActions.safeSelectOptionInDropDownByVisibleText is PASSED&#xD;
&#xD;
2019-10-31 11:06:21 - [MESSAGE][PASSED] - Object 'Object Repository/Pages/FirstPayVault/dropDown_ExpirationYear' is visible&#xD;
&#xD;
2019-10-31 11:06:21 - [MESSAGE][PASSED] - Object 'Object Repository/Pages/FirstPayVault/dropDown_ExpirationYear' is present&#xD;
&#xD;
2019-10-31 11:06:22 - [MESSAGE][PASSED] - Object: 'Object Repository/Pages/FirstPayVault/dropDown_ExpirationYear' is clicked on&#xD;
&#xD;
2019-10-31 11:06:23 - [MESSAGE][PASSED] - All options with label '2023' are selected in object 'Object Repository/Pages/FirstPayVault/dropDown_ExpirationYear' &#xD;
&#xD;
2019-10-31 11:06:23 - [MESSAGE][PASSED] - utilities.SafeActions.safeSelectOptionInDropDownByVisibleText is PASSED&#xD;
&#xD;
2019-10-31 11:06:23 - [TEST_STEP][PASSED] - utilities.SafeActions.safeType(findTestObject("Pages/FirstPayVault/input_ContactName"), contactName, "Enter Contact Name", [PageLoadTime]): utilities.SafeActions.safeType is PASSED&#xD;
&#xD;
2019-10-31 11:06:23 - [MESSAGE][PASSED] - Object 'Object Repository/Pages/FirstPayVault/input_ContactName' is present&#xD;
&#xD;
2019-10-31 11:06:23 - [MESSAGE][PASSED] - Scroll to object 'Object Repository/Pages/FirstPayVault/input_ContactName' successfully&#xD;
&#xD;
2019-10-31 11:06:23 - [MESSAGE][PASSED] - Object 'Object Repository/Pages/FirstPayVault/input_ContactName' is present&#xD;
&#xD;
2019-10-31 11:06:24 - [MESSAGE][PASSED] - Object: 'Object Repository/Pages/FirstPayVault/input_ContactName' is clicked on&#xD;
&#xD;
2019-10-31 11:06:24 - [MESSAGE][PASSED] - Text 'Venkata Sai' is set on object 'Object Repository/Pages/FirstPayVault/input_ContactName'&#xD;
&#xD;
2019-10-31 11:06:24 - [MESSAGE][PASSED] - utilities.SafeActions.safeType is PASSED&#xD;
&#xD;
2019-10-31 11:06:24 - [TEST_STEP][PASSED] - utilities.SafeActions.safeType(findTestObject("Pages/FirstPayVault/input_PostalCode"), postalCode, "Enter Postal Code", [PageLoadTime]): utilities.SafeActions.safeType is PASSED&#xD;
&#xD;
2019-10-31 11:06:24 - [MESSAGE][PASSED] - Object 'Object Repository/Pages/FirstPayVault/input_PostalCode' is present&#xD;
&#xD;
2019-10-31 11:06:24 - [MESSAGE][PASSED] - Scroll to object 'Object Repository/Pages/FirstPayVault/input_PostalCode' successfully&#xD;
&#xD;
2019-10-31 11:06:24 - [MESSAGE][PASSED] - Object 'Object Repository/Pages/FirstPayVault/input_PostalCode' is present&#xD;
&#xD;
2019-10-31 11:06:25 - [MESSAGE][PASSED] - Object: 'Object Repository/Pages/FirstPayVault/input_PostalCode' is clicked on&#xD;
&#xD;
2019-10-31 11:06:25 - [MESSAGE][PASSED] - Text '76102' is set on object 'Object Repository/Pages/FirstPayVault/input_PostalCode'&#xD;
&#xD;
2019-10-31 11:06:25 - [MESSAGE][PASSED] - utilities.SafeActions.safeType is PASSED&#xD;
&#xD;
2019-10-31 11:06:25 - [TEST_STEP][PASSED] - utilities.SafeActions.safeType(findTestObject("Pages/FirstPayVault/input_Address"), address, "Enter ddress", [PageLoadTime]): utilities.SafeActions.safeType is PASSED&#xD;
&#xD;
2019-10-31 11:06:25 - [MESSAGE][PASSED] - Object 'Object Repository/Pages/FirstPayVault/input_Address' is present&#xD;
&#xD;
2019-10-31 11:06:26 - [MESSAGE][PASSED] - Scroll to object 'Object Repository/Pages/FirstPayVault/input_Address' successfully&#xD;
&#xD;
2019-10-31 11:06:26 - [MESSAGE][PASSED] - Object 'Object Repository/Pages/FirstPayVault/input_Address' is present&#xD;
&#xD;
2019-10-31 11:06:26 - [MESSAGE][PASSED] - Object: 'Object Repository/Pages/FirstPayVault/input_Address' is clicked on&#xD;
&#xD;
2019-10-31 11:06:27 - [MESSAGE][PASSED] - Text 'Street123' is set on object 'Object Repository/Pages/FirstPayVault/input_Address'&#xD;
&#xD;
2019-10-31 11:06:27 - [MESSAGE][PASSED] - utilities.SafeActions.safeType is PASSED&#xD;
&#xD;
2019-10-31 11:06:27 - [TEST_STEP][PASSED] - utilities.SafeActions.safeCheckForElement(findTestObject("Pages/FirstPayVault/chekBox_AddShippingInformation"), PageLoadTime): utilities.SafeActions.safeCheckForElement is PASSED&#xD;
&#xD;
2019-10-31 11:06:27 - [MESSAGE][PASSED] - Object 'Object Repository/Pages/FirstPayVault/chekBox_AddShippingInformation' is present&#xD;
&#xD;
2019-10-31 11:06:27 - [MESSAGE][PASSED] - Object 'Object Repository/Pages/FirstPayVault/chekBox_AddShippingInformation' is visible&#xD;
&#xD;
2019-10-31 11:06:27 - [MESSAGE][PASSED] - Object 'Object Repository/Pages/FirstPayVault/chekBox_AddShippingInformation' is present&#xD;
&#xD;
2019-10-31 11:06:28 - [MESSAGE][PASSED] - Object 'Object Repository/Pages/FirstPayVault/chekBox_AddShippingInformation' is checked&#xD;
&#xD;
2019-10-31 11:06:28 - [MESSAGE][PASSED] - utilities.SafeActions.safeCheckForElement is PASSED&#xD;
&#xD;
2019-10-31 11:06:28 - [TEST_STEP][PASSED] - utilities.SafeActions.safeType(findTestObject("Pages/FirstPayVault/input_ShippingMethod"), shippingMethod, "Enter Shipping Method", [PageLoadTime]): utilities.SafeActions.safeType is PASSED&#xD;
&#xD;
2019-10-31 11:06:28 - [MESSAGE][PASSED] - Object 'Object Repository/Pages/FirstPayVault/input_ShippingMethod' is present&#xD;
&#xD;
2019-10-31 11:06:28 - [MESSAGE][PASSED] - Scroll to object 'Object Repository/Pages/FirstPayVault/input_ShippingMethod' successfully&#xD;
&#xD;
2019-10-31 11:06:28 - [MESSAGE][PASSED] - Object 'Object Repository/Pages/FirstPayVault/input_ShippingMethod' is present&#xD;
&#xD;
2019-10-31 11:06:29 - [MESSAGE][PASSED] - Object: 'Object Repository/Pages/FirstPayVault/input_ShippingMethod' is clicked on&#xD;
&#xD;
2019-10-31 11:06:29 - [MESSAGE][PASSED] - Text 'DTDC' is set on object 'Object Repository/Pages/FirstPayVault/input_ShippingMethod'&#xD;
&#xD;
2019-10-31 11:06:29 - [MESSAGE][PASSED] - utilities.SafeActions.safeType is PASSED&#xD;
&#xD;
2019-10-31 11:06:29 - [TEST_STEP][PASSED] - utilities.SafeActions.safeCheckForElement(findTestObject("Pages/FirstPayVault/checkbox_SameAsBillingInformation"), PageLoadTime): utilities.SafeActions.safeCheckForElement is PASSED&#xD;
&#xD;
2019-10-31 11:06:29 - [MESSAGE][PASSED] - Object 'Object Repository/Pages/FirstPayVault/checkbox_SameAsBillingInformation' is present&#xD;
&#xD;
2019-10-31 11:06:29 - [MESSAGE][PASSED] - Object 'Object Repository/Pages/FirstPayVault/checkbox_SameAsBillingInformation' is visible&#xD;
&#xD;
2019-10-31 11:06:29 - [MESSAGE][PASSED] - Object 'Object Repository/Pages/FirstPayVault/checkbox_SameAsBillingInformation' is present&#xD;
&#xD;
2019-10-31 11:06:31 - [MESSAGE][PASSED] - Object 'Object Repository/Pages/FirstPayVault/checkbox_SameAsBillingInformation' is checked&#xD;
&#xD;
2019-10-31 11:06:31 - [MESSAGE][PASSED] - utilities.SafeActions.safeCheckForElement is PASSED&#xD;
&#xD;
2019-10-31 11:06:31 - [TEST_STEP][PASSED] - utilities.SafeActions.safeClickwithScroll(findTestObject("Pages/FirstPayVault/button_Create"), "Click on Create Button", [PageLoadTime]): utilities.SafeActions.safeClickwithScroll is PASSED&#xD;
&#xD;
2019-10-31 11:06:31 - [MESSAGE][PASSED] - Object 'Object Repository/Pages/FirstPayVault/button_Create' is present&#xD;
&#xD;
2019-10-31 11:06:31 - [MESSAGE][PASSED] - Object 'Object Repository/Pages/FirstPayVault/button_Create' is visible&#xD;
&#xD;
2019-10-31 11:06:31 - [MESSAGE][INFO] - 1stPayVault.ts:waiting until Click on Create Button is Clickable&#xD;
&#xD;
2019-10-31 11:06:31 - [MESSAGE][PASSED] - Object 'Object Repository/Pages/FirstPayVault/button_Create' is clickable&#xD;
&#xD;
2019-10-31 11:06:31 - [MESSAGE][PASSED] - Object 'Object Repository/Pages/FirstPayVault/button_Create' is visible&#xD;
&#xD;
2019-10-31 11:06:32 - [MESSAGE][PASSED] - Object: 'Object Repository/Pages/FirstPayVault/button_Create' is clicked on&#xD;
&#xD;
2019-10-31 11:06:32 - [MESSAGE][INFO] - 1stPayVault.ts: Clicked on the Click on Create Button&#xD;
&#xD;
2019-10-31 11:06:32 - [MESSAGE][PASSED] - utilities.SafeActions.safeClickwithScroll is PASSED&#xD;
&#xD;
2019-10-31 11:06:32 - [TEST_STEP][PASSED] - delay(2): Delayed 2 second(s)&#xD;
&#xD;
2019-10-31 11:06:34 - [MESSAGE][PASSED] - Delayed 2 second(s)&#xD;
&#xD;
2019-10-31 11:06:34 - [TEST_STEP][PASSED] - popupSavedToVaultMessage = utilities.SafeActions.safeGetText(findTestObject("Pages/FirstPayVault/popup_SavedToVaultMessage"), elementTime): utilities.SafeActions.safeGetText is PASSED&#xD;
&#xD;
2019-10-31 11:06:35 - [MESSAGE][PASSED] - Object 'Object Repository/Pages/FirstPayVault/popup_SavedToVaultMessage' is present&#xD;
&#xD;
2019-10-31 11:06:35 - [MESSAGE][PASSED] - Scroll to object 'Object Repository/Pages/FirstPayVault/popup_SavedToVaultMessage' successfully&#xD;
&#xD;
2019-10-31 11:06:35 - [MESSAGE][PASSED] - Object 'Object Repository/Pages/FirstPayVault/popup_SavedToVaultMessage' is present&#xD;
&#xD;
2019-10-31 11:06:35 - [MESSAGE][PASSED] - Text of object 'Object Repository/Pages/FirstPayVault/popup_SavedToVaultMessage' is: 'Successfully Saved to Vault'&#xD;
&#xD;
2019-10-31 11:06:35 - [MESSAGE][PASSED] - utilities.SafeActions.safeGetText is PASSED&#xD;
&#xD;
2019-10-31 11:06:35 - [TEST_STEP][PASSED] - flag = utilities.SafeActions.verifyPopupMessage("Successfully Saved to Vault", popupSavedToVaultMessage): Popup Message : Successfully Saved to Vault matched with expected message : Successfully Saved to Vault&#xD;
&#xD;
2019-10-31 11:06:35 - [MESSAGE][PASSED] - Popup Message : Successfully Saved to Vault matched with expected message : Successfully Saved to Vault&#xD;
&#xD;
2019-10-31 11:06:35 - [TEST_STEP][PASSED] - closeBrowser(): Browser is closed&#xD;
&#xD;
2019-10-31 11:06:40 - [MESSAGE][PASSED] - Browser is closed&#xD;
&#xD;
2019-10-31 11:06:40 - [TEST_STEP][PASSED] - Start listener action : sampleAfterTestCase: null&#xD;
&#xD;
2019-10-31 11:06:40 - [TEST_STEP][PASSED] - println(testCaseContext.getTestCaseId()): null&#xD;
&#xD;
2019-10-31 11:06:40 - [TEST_STEP][PASSED] - println(testCaseContext.getTestCaseStatus()): null&#xD;
&#xD;
2019-10-31 11:06:40 - [TEST_STEP][PASSED] - testCaseName = testCaseContext.getTestCaseId(): null&#xD;
&#xD;
2019-10-31 11:06:40 - [TEST_STEP][PASSED] - strCount = testCaseName.lastIndexOf("/"): null&#xD;
&#xD;
2019-10-31 11:06:40 - [TEST_STEP][PASSED] - testCaseName = testCaseName.substring(strCount): null&#xD;
&#xD;
2019-10-31 11:06:40 - [TEST_STEP][PASSED] - println(testCaseName): null&#xD;
&#xD;
2019-10-31 11:06:40 - [TEST_STEP][PASSED] - if (getTestCaseStatus().equalsIgnoreCase("Error")): null&#xD;
&#xD;
2019-10-31 11:06:40 - [TEST_STEP][PASSED] - Start listener action : sampleAfterTestCase: null</system-out>
            <system-err></system-err>
        </testcase>
        <testcase name="Test Cases/FirstView/FirstPayVault/TC_1st_Pay_Vault_002" classname="Test Cases/FirstView/FirstPayVault/TC_1st_Pay_Vault_002" status="PASSED">
            <system-out>2019-10-31 11:06:40 - [TEST_CASE][PASSED] - Test Cases/FirstView/FirstPayVault/TC_1st_Pay_Vault_002: Test Cases/FirstView/FirstPayVault/TC_1st_Pay_Vault_002&#xD;
&#xD;
2019-10-31 11:06:40 - [TEST_STEP][PASSED] - Start listener action : sampleBeforeTestCase: null&#xD;
&#xD;
2019-10-31 11:06:40 - [TEST_STEP][PASSED] - println(testCaseContext.getTestCaseId()): null&#xD;
&#xD;
2019-10-31 11:06:40 - [TEST_STEP][PASSED] - println(testCaseContext.getTestCaseVariables()): null&#xD;
&#xD;
2019-10-31 11:06:41 - [TEST_STEP][NOT_RUN] - utilities.SafeActions.openBrowser(Old_URL, [PageLoadTime]): NOT_RUN: utilities.SafeActions.openBrowser(Old_URL, [PageLoadTime])&#xD;
&#xD;
2019-10-31 11:06:41 - [MESSAGE][NOT_RUN] - NOT_RUN: utilities.SafeActions.openBrowser(Old_URL, [PageLoadTime])&#xD;
&#xD;
2019-10-31 11:06:41 - [TEST_STEP][NOT_RUN] - delay(6): NOT_RUN: delay(6)&#xD;
&#xD;
2019-10-31 11:06:41 - [MESSAGE][NOT_RUN] - NOT_RUN: delay(6)&#xD;
&#xD;
2019-10-31 11:06:41 - [TEST_STEP][NOT_RUN] - utilities.SafeActions.safeSelectOptionInDropDownByVisibleText(findTestObject("Pages/Sale/dropDown_AccountType"), "ranjanatest2 - 888814981372/001 Account Type: Retail", "Select by Value", [25]): NOT_RUN: utilities.SafeActions.safeSelectOptionInDropDownByVisibleText(findTestObject("Pages/Sale/dropDown_AccountType"), "ranjanatest2 - 888814981372/001 Account Type: Retail", "Select by Value", [25])&#xD;
&#xD;
2019-10-31 11:06:41 - [MESSAGE][NOT_RUN] - NOT_RUN: utilities.SafeActions.safeSelectOptionInDropDownByVisibleText(findTestObject("Pages/Sale/dropDown_AccountType"), "ranjanatest2 - 888814981372/001 Account Type: Retail", "Select by Value", [25])&#xD;
&#xD;
2019-10-31 11:06:41 - [TEST_STEP][PASSED] - utilities.SafeActions.openBrowser(URL, [PageLoadTime]): utilities.SafeActions.openBrowser is PASSED&#xD;
&#xD;
2019-10-31 11:06:41 - [MESSAGE][INFO] - Opening Browser&#xD;
&#xD;
2019-10-31 11:06:41 - [MESSAGE][INFO] - Starting 'Firefox' driver&#xD;
&#xD;
2019-10-31 11:07:21 - [MESSAGE][PASSED] - Browser is opened with url: 'https://q-www-firstview-net.faps.net/MVC/Account/Login'&#xD;
&#xD;
2019-10-31 11:07:21 - [MESSAGE][PASSED] - Current window maximized&#xD;
&#xD;
2019-10-31 11:07:21 - [MESSAGE][INFO] - Browser Launched Successfully&#xD;
&#xD;
2019-10-31 11:07:21 - [MESSAGE][PASSED] - utilities.SafeActions.openBrowser is PASSED&#xD;
&#xD;
2019-10-31 11:07:21 - [TEST_STEP][PASSED] - pages.Login.login(uName, password): pages.Login.login is PASSED&#xD;
&#xD;
2019-10-31 11:07:22 - [MESSAGE][PASSED] - Object 'Object Repository/Pages/Login/userName' is present&#xD;
&#xD;
2019-10-31 11:07:22 - [MESSAGE][PASSED] - Scroll to object 'Object Repository/Pages/Login/userName' successfully&#xD;
&#xD;
2019-10-31 11:07:22 - [MESSAGE][PASSED] - Object 'Object Repository/Pages/Login/userName' is present&#xD;
&#xD;
2019-10-31 11:07:23 - [MESSAGE][PASSED] - Object: 'Object Repository/Pages/Login/userName' is clicked on&#xD;
&#xD;
2019-10-31 11:07:23 - [MESSAGE][PASSED] - Text 'ZenQRetail' is set on object 'Object Repository/Pages/Login/userName'&#xD;
&#xD;
2019-10-31 11:07:23 - [MESSAGE][PASSED] - Object 'Object Repository/Pages/Login/password' is present&#xD;
&#xD;
2019-10-31 11:07:23 - [MESSAGE][PASSED] - Scroll to object 'Object Repository/Pages/Login/password' successfully&#xD;
&#xD;
2019-10-31 11:07:23 - [MESSAGE][PASSED] - Object 'Object Repository/Pages/Login/password' is present&#xD;
&#xD;
2019-10-31 11:07:24 - [MESSAGE][PASSED] - Object: 'Object Repository/Pages/Login/password' is clicked on&#xD;
&#xD;
2019-10-31 11:07:24 - [MESSAGE][PASSED] - Text 'P@ssword1' is set on object 'Object Repository/Pages/Login/password'&#xD;
&#xD;
2019-10-31 11:07:24 - [MESSAGE][INFO] - Safe Click Without scroll&#xD;
&#xD;
2019-10-31 11:07:24 - [MESSAGE][INFO] - 1stPayVault.ts:waiting until Click on Login is Clickable&#xD;
&#xD;
2019-10-31 11:07:24 - [MESSAGE][PASSED] - Object 'Object Repository/Pages/Login/login' is clickable&#xD;
&#xD;
2019-10-31 11:07:24 - [MESSAGE][PASSED] - Object 'Object Repository/Pages/Login/login' is visible&#xD;
&#xD;
2019-10-31 11:07:27 - [MESSAGE][PASSED] - Object: 'Object Repository/Pages/Login/login' is clicked on&#xD;
&#xD;
2019-10-31 11:07:27 - [MESSAGE][INFO] - 1stPayVault.ts: click on the Click on Login&#xD;
&#xD;
2019-10-31 11:07:27 - [MESSAGE][PASSED] - pages.Login.login is PASSED&#xD;
&#xD;
2019-10-31 11:07:27 - [TEST_STEP][PASSED] - callTestCase(findTestCase("FirstView/Login/TC_SendCode"), [:], STOP_ON_FAILURE): Call Test Case 'Test Cases/FirstView/Login/TC_SendCode' successfully&#xD;
&#xD;
2019-10-31 11:07:27 - [TEST_CASE][PASSED] - Test Cases/FirstView/Login/TC_SendCode: Test Cases/FirstView/Login/TC_SendCode&#xD;
&#xD;
2019-10-31 11:07:27 - [TEST_STEP][PASSED] - flag = pages.SendCode.verifyPage(): pages.SendCode.verifyPage is PASSED&#xD;
&#xD;
2019-10-31 11:07:28 - [MESSAGE][PASSED] - Object 'Object Repository/Pages/SendCodeToValidate/header_SendCodeToValidate' is present and visible in viewport&#xD;
&#xD;
2019-10-31 11:07:28 - [MESSAGE][PASSED] - pages.SendCode.verifyPage is PASSED&#xD;
&#xD;
2019-10-31 11:07:28 - [TEST_STEP][PASSED] - if (flag): pages.SendCode.clickonUserSettings is PASSED&#xD;
&#xD;
2019-10-31 11:07:28 - [TEST_STEP][PASSED] - pages.SendCode.clickonUserSettings(): pages.SendCode.clickonUserSettings is PASSED&#xD;
&#xD;
2019-10-31 11:07:28 - [MESSAGE][PASSED] - Object 'Object Repository/Pages/SendCodeToValidate/link_UserSettings' is present&#xD;
&#xD;
2019-10-31 11:07:28 - [MESSAGE][PASSED] - Object 'Object Repository/Pages/SendCodeToValidate/link_UserSettings' is visible&#xD;
&#xD;
2019-10-31 11:07:28 - [MESSAGE][INFO] - 1stPayVault.ts:waiting until Click on User Settings is Clickable&#xD;
&#xD;
2019-10-31 11:07:28 - [MESSAGE][PASSED] - Object 'Object Repository/Pages/SendCodeToValidate/link_UserSettings' is clickable&#xD;
&#xD;
2019-10-31 11:07:28 - [MESSAGE][PASSED] - Object 'Object Repository/Pages/SendCodeToValidate/link_UserSettings' is visible&#xD;
&#xD;
2019-10-31 11:07:31 - [MESSAGE][PASSED] - Object: 'Object Repository/Pages/SendCodeToValidate/link_UserSettings' is clicked on&#xD;
&#xD;
2019-10-31 11:07:31 - [MESSAGE][INFO] - 1stPayVault.ts: Clicked on the Click on User Settings&#xD;
&#xD;
2019-10-31 11:07:31 - [MESSAGE][PASSED] - pages.SendCode.clickonUserSettings is PASSED&#xD;
&#xD;
2019-10-31 11:07:31 - [MESSAGE][PASSED] - Call Test Case 'Test Cases/FirstView/Login/TC_SendCode' successfully&#xD;
&#xD;
2019-10-31 11:07:31 - [TEST_STEP][PASSED] - callTestCase(findTestCase("FirstView/Login/TC_FirstView"), [:], STOP_ON_FAILURE): Call Test Case 'Test Cases/FirstView/Login/TC_FirstView' successfully&#xD;
&#xD;
2019-10-31 11:07:31 - [TEST_CASE][PASSED] - Test Cases/FirstView/Login/TC_FirstView: Test Cases/FirstView/Login/TC_FirstView&#xD;
&#xD;
2019-10-31 11:07:31 - [TEST_STEP][NOT_RUN] - utilities.SafeActions.safeClickWithoutScroll(findTestObject("Pages/FirstView/link_Home"), "Click on Home button in First View screen", [PageLoadTime]): NOT_RUN: utilities.SafeActions.safeClickWithoutScroll(findTestObject("Pages/FirstView/link_Home"), "Click on Home button in First View screen", [PageLoadTime])&#xD;
&#xD;
2019-10-31 11:07:31 - [MESSAGE][NOT_RUN] - NOT_RUN: utilities.SafeActions.safeClickWithoutScroll(findTestObject("Pages/FirstView/link_Home"), "Click on Home button in First View screen", [PageLoadTime])&#xD;
&#xD;
2019-10-31 11:07:31 - [TEST_STEP][PASSED] - delay(3): Delayed 3 second(s)&#xD;
&#xD;
2019-10-31 11:07:35 - [MESSAGE][PASSED] - Delayed 3 second(s)&#xD;
&#xD;
2019-10-31 11:07:35 - [TEST_STEP][PASSED] - utilities.SafeActions.javascriptclick(findTestObject("Pages/FirstView/link_Home"), delayForElement): utilities.SafeActions.javascriptclick is PASSED&#xD;
&#xD;
2019-10-31 11:07:35 - [MESSAGE][PASSED] - utilities.SafeActions.javascriptclick is PASSED&#xD;
&#xD;
2019-10-31 11:07:35 - [TEST_STEP][PASSED] - utilities.SafeActions.safeClickWithoutScroll(findTestObject("Pages/FirstView/link_VPOS"), "Click on VPOS button in First View screen", [PageLoadTime]): utilities.SafeActions.safeClickWithoutScroll is PASSED&#xD;
&#xD;
2019-10-31 11:07:35 - [MESSAGE][INFO] - Safe Click Without scroll&#xD;
&#xD;
2019-10-31 11:07:35 - [MESSAGE][INFO] - 1stPayVault.ts:waiting until Click on VPOS button in First View screen is Clickable&#xD;
&#xD;
2019-10-31 11:07:37 - [MESSAGE][PASSED] - Object 'Object Repository/Pages/FirstView/link_VPOS' is clickable&#xD;
&#xD;
2019-10-31 11:07:38 - [MESSAGE][PASSED] - Object 'Object Repository/Pages/FirstView/link_VPOS' is visible&#xD;
&#xD;
2019-10-31 11:07:39 - [MESSAGE][PASSED] - Object: 'Object Repository/Pages/FirstView/link_VPOS' is clicked on&#xD;
&#xD;
2019-10-31 11:07:39 - [MESSAGE][INFO] - 1stPayVault.ts: click on the Click on VPOS button in First View screen&#xD;
&#xD;
2019-10-31 11:07:39 - [MESSAGE][PASSED] - utilities.SafeActions.safeClickWithoutScroll is PASSED&#xD;
&#xD;
2019-10-31 11:07:39 - [MESSAGE][PASSED] - Call Test Case 'Test Cases/FirstView/Login/TC_FirstView' successfully&#xD;
&#xD;
2019-10-31 11:07:39 - [TEST_STEP][PASSED] - switchToWindowTitle("Transcenter - VPOS"): Switched to window with title: 'Transcenter - VPOS'&#xD;
&#xD;
2019-10-31 11:07:43 - [MESSAGE][PASSED] - Switched to window with title: 'Transcenter - VPOS'&#xD;
&#xD;
2019-10-31 11:07:43 - [TEST_STEP][PASSED] - focus(findTestObject("Pages/FirstPayVault/tab_FirstPayVault")): Object: 'Object Repository/Pages/FirstPayVault/tab_FirstPayVault' is focused&#xD;
&#xD;
2019-10-31 11:07:48 - [MESSAGE][PASSED] - Object: 'Object Repository/Pages/FirstPayVault/tab_FirstPayVault' is focused&#xD;
&#xD;
2019-10-31 11:07:48 - [TEST_STEP][PASSED] - utilities.SafeActions.javascriptclick(findTestObject("Pages/FirstPayVault/tab_FirstPayVault"), PageLoadTime): utilities.SafeActions.javascriptclick is PASSED&#xD;
&#xD;
2019-10-31 11:07:48 - [MESSAGE][PASSED] - utilities.SafeActions.javascriptclick is PASSED&#xD;
&#xD;
2019-10-31 11:07:48 - [TEST_STEP][PASSED] - delay(delayForElement): Delayed 6 second(s)&#xD;
&#xD;
2019-10-31 11:07:54 - [MESSAGE][PASSED] - Delayed 6 second(s)&#xD;
&#xD;
2019-10-31 11:07:54 - [TEST_STEP][PASSED] - utilities.SafeActions.safeClickWithoutScroll(findTestObject("Pages/FirstPayVault/tab_FirstPayVault"), "Click on FistPayVault tab", [delayForElement]): utilities.SafeActions.safeClickWithoutScroll is PASSED&#xD;
&#xD;
2019-10-31 11:07:54 - [MESSAGE][INFO] - Safe Click Without scroll&#xD;
&#xD;
2019-10-31 11:07:54 - [MESSAGE][INFO] - 1stPayVault.ts:waiting until Click on FistPayVault tab is Clickable&#xD;
&#xD;
2019-10-31 11:07:54 - [MESSAGE][PASSED] - Object 'Object Repository/Pages/FirstPayVault/tab_FirstPayVault' is clickable&#xD;
&#xD;
2019-10-31 11:07:55 - [MESSAGE][PASSED] - Object 'Object Repository/Pages/FirstPayVault/tab_FirstPayVault' is visible&#xD;
&#xD;
2019-10-31 11:07:56 - [MESSAGE][PASSED] - Object: 'Object Repository/Pages/FirstPayVault/tab_FirstPayVault' is clicked on&#xD;
&#xD;
2019-10-31 11:07:56 - [MESSAGE][INFO] - 1stPayVault.ts: click on the Click on FistPayVault tab&#xD;
&#xD;
2019-10-31 11:07:56 - [MESSAGE][PASSED] - utilities.SafeActions.safeClickWithoutScroll is PASSED&#xD;
&#xD;
2019-10-31 11:07:56 - [TEST_STEP][PASSED] - utilities.SafeActions.safeClickWithoutScroll(findTestObject("Pages/FirstPayVault/button_CreateVault"), "Click on CreateVault button", [PageLoadTime]): utilities.SafeActions.safeClickWithoutScroll is PASSED&#xD;
&#xD;
2019-10-31 11:07:56 - [MESSAGE][INFO] - Safe Click Without scroll&#xD;
&#xD;
2019-10-31 11:07:56 - [MESSAGE][INFO] - 1stPayVault.ts:waiting until Click on CreateVault button is Clickable&#xD;
&#xD;
2019-10-31 11:07:56 - [MESSAGE][PASSED] - Object 'Object Repository/Pages/FirstPayVault/button_CreateVault' is clickable&#xD;
&#xD;
2019-10-31 11:07:56 - [MESSAGE][PASSED] - Object 'Object Repository/Pages/FirstPayVault/button_CreateVault' is visible&#xD;
&#xD;
2019-10-31 11:07:59 - [MESSAGE][PASSED] - Object: 'Object Repository/Pages/FirstPayVault/button_CreateVault' is clicked on&#xD;
&#xD;
2019-10-31 11:07:59 - [MESSAGE][INFO] - 1stPayVault.ts: click on the Click on CreateVault button&#xD;
&#xD;
2019-10-31 11:07:59 - [MESSAGE][PASSED] - utilities.SafeActions.safeClickWithoutScroll is PASSED&#xD;
&#xD;
2019-10-31 11:07:59 - [TEST_STEP][PASSED] - scrollToElement(findTestObject("Pages/FirstPayVault/input_VaultReferenceNumber"), PageLoadTime): Scroll to object 'Object Repository/Pages/FirstPayVault/input_VaultReferenceNumber' successfully&#xD;
&#xD;
2019-10-31 11:07:59 - [MESSAGE][PASSED] - Scroll to object 'Object Repository/Pages/FirstPayVault/input_VaultReferenceNumber' successfully&#xD;
&#xD;
2019-10-31 11:07:59 - [TEST_STEP][PASSED] - vaultReference = utilities.SafeActions.timeWithMilliSeconds(): utilities.SafeActions.timeWithMilliSeconds is PASSED&#xD;
&#xD;
2019-10-31 11:07:59 - [MESSAGE][PASSED] - utilities.SafeActions.timeWithMilliSeconds is PASSED&#xD;
&#xD;
2019-10-31 11:07:59 - [TEST_STEP][PASSED] - utilities.SafeActions.safeType(findTestObject("Pages/FirstPayVault/input_VaultReferenceNumber"), vaultReference, "Entering Vault Reference Number", [PageLoadTime]): utilities.SafeActions.safeType is PASSED&#xD;
&#xD;
2019-10-31 11:07:59 - [MESSAGE][PASSED] - Object 'Object Repository/Pages/FirstPayVault/input_VaultReferenceNumber' is present&#xD;
&#xD;
2019-10-31 11:07:59 - [MESSAGE][PASSED] - Scroll to object 'Object Repository/Pages/FirstPayVault/input_VaultReferenceNumber' successfully&#xD;
&#xD;
2019-10-31 11:07:59 - [MESSAGE][PASSED] - Object 'Object Repository/Pages/FirstPayVault/input_VaultReferenceNumber' is present&#xD;
&#xD;
2019-10-31 11:08:00 - [MESSAGE][PASSED] - Object: 'Object Repository/Pages/FirstPayVault/input_VaultReferenceNumber' is clicked on&#xD;
&#xD;
2019-10-31 11:08:01 - [MESSAGE][PASSED] - Text '2019-10-31 11:07:59.346' is set on object 'Object Repository/Pages/FirstPayVault/input_VaultReferenceNumber'&#xD;
&#xD;
2019-10-31 11:08:01 - [MESSAGE][PASSED] - utilities.SafeActions.safeType is PASSED&#xD;
&#xD;
2019-10-31 11:08:01 - [TEST_STEP][PASSED] - utilities.SafeActions.safeType(findTestObject("Pages/FirstPayVault/input_CreditCardNumber"), visaCardNumber, "Entering Card Number", [PageLoadTime]): utilities.SafeActions.safeType is PASSED&#xD;
&#xD;
2019-10-31 11:08:01 - [MESSAGE][PASSED] - Object 'Object Repository/Pages/FirstPayVault/input_CreditCardNumber' is present&#xD;
&#xD;
2019-10-31 11:08:01 - [MESSAGE][PASSED] - Scroll to object 'Object Repository/Pages/FirstPayVault/input_CreditCardNumber' successfully&#xD;
&#xD;
2019-10-31 11:08:01 - [MESSAGE][PASSED] - Object 'Object Repository/Pages/FirstPayVault/input_CreditCardNumber' is present&#xD;
&#xD;
2019-10-31 11:08:02 - [MESSAGE][PASSED] - Object: 'Object Repository/Pages/FirstPayVault/input_CreditCardNumber' is clicked on&#xD;
&#xD;
2019-10-31 11:08:02 - [MESSAGE][PASSED] - Text '4111111111111111' is set on object 'Object Repository/Pages/FirstPayVault/input_CreditCardNumber'&#xD;
&#xD;
2019-10-31 11:08:02 - [MESSAGE][PASSED] - utilities.SafeActions.safeType is PASSED&#xD;
&#xD;
2019-10-31 11:08:02 - [TEST_STEP][PASSED] - utilities.SafeActions.safeSelectOptionInDropDownByVisibleText(findTestObject("Pages/FirstPayVault/dropDown_ExpirationMonth"), cardMonth, "Expiration Month", [PageLoadTime]): utilities.SafeActions.safeSelectOptionInDropDownByVisibleText is PASSED&#xD;
&#xD;
2019-10-31 11:08:02 - [MESSAGE][PASSED] - Object 'Object Repository/Pages/FirstPayVault/dropDown_ExpirationMonth' is visible&#xD;
&#xD;
2019-10-31 11:08:02 - [MESSAGE][PASSED] - Object 'Object Repository/Pages/FirstPayVault/dropDown_ExpirationMonth' is present&#xD;
&#xD;
2019-10-31 11:08:03 - [MESSAGE][PASSED] - Object: 'Object Repository/Pages/FirstPayVault/dropDown_ExpirationMonth' is clicked on&#xD;
&#xD;
2019-10-31 11:08:03 - [MESSAGE][PASSED] - All options with label 'September' are selected in object 'Object Repository/Pages/FirstPayVault/dropDown_ExpirationMonth' &#xD;
&#xD;
2019-10-31 11:08:03 - [MESSAGE][PASSED] - utilities.SafeActions.safeSelectOptionInDropDownByVisibleText is PASSED&#xD;
&#xD;
2019-10-31 11:08:03 - [TEST_STEP][PASSED] - utilities.SafeActions.safeSelectOptionInDropDownByVisibleText(findTestObject("Pages/FirstPayVault/dropDown_ExpirationYear"), cardYear, "year", [PageLoadTime]): utilities.SafeActions.safeSelectOptionInDropDownByVisibleText is PASSED&#xD;
&#xD;
2019-10-31 11:08:03 - [MESSAGE][PASSED] - Object 'Object Repository/Pages/FirstPayVault/dropDown_ExpirationYear' is visible&#xD;
&#xD;
2019-10-31 11:08:03 - [MESSAGE][PASSED] - Object 'Object Repository/Pages/FirstPayVault/dropDown_ExpirationYear' is present&#xD;
&#xD;
2019-10-31 11:08:04 - [MESSAGE][PASSED] - Object: 'Object Repository/Pages/FirstPayVault/dropDown_ExpirationYear' is clicked on&#xD;
&#xD;
2019-10-31 11:08:05 - [MESSAGE][PASSED] - All options with label '2023' are selected in object 'Object Repository/Pages/FirstPayVault/dropDown_ExpirationYear' &#xD;
&#xD;
2019-10-31 11:08:05 - [MESSAGE][PASSED] - utilities.SafeActions.safeSelectOptionInDropDownByVisibleText is PASSED&#xD;
&#xD;
2019-10-31 11:08:05 - [TEST_STEP][PASSED] - utilities.SafeActions.safeType(findTestObject("Pages/FirstPayVault/input_ContactName"), contactName, "Enter Contact Name", [PageLoadTime]): utilities.SafeActions.safeType is PASSED&#xD;
&#xD;
2019-10-31 11:08:05 - [MESSAGE][PASSED] - Object 'Object Repository/Pages/FirstPayVault/input_ContactName' is present&#xD;
&#xD;
2019-10-31 11:08:05 - [MESSAGE][PASSED] - Scroll to object 'Object Repository/Pages/FirstPayVault/input_ContactName' successfully&#xD;
&#xD;
2019-10-31 11:08:05 - [MESSAGE][PASSED] - Object 'Object Repository/Pages/FirstPayVault/input_ContactName' is present&#xD;
&#xD;
2019-10-31 11:08:05 - [MESSAGE][PASSED] - Object: 'Object Repository/Pages/FirstPayVault/input_ContactName' is clicked on&#xD;
&#xD;
2019-10-31 11:08:06 - [MESSAGE][PASSED] - Text 'Venkata Sai' is set on object 'Object Repository/Pages/FirstPayVault/input_ContactName'&#xD;
&#xD;
2019-10-31 11:08:06 - [MESSAGE][PASSED] - utilities.SafeActions.safeType is PASSED&#xD;
&#xD;
2019-10-31 11:08:06 - [TEST_STEP][PASSED] - utilities.SafeActions.safeType(findTestObject("Pages/FirstPayVault/input_PostalCode"), postalCode, "Enter Postal Code", [PageLoadTime]): utilities.SafeActions.safeType is PASSED&#xD;
&#xD;
2019-10-31 11:08:06 - [MESSAGE][PASSED] - Object 'Object Repository/Pages/FirstPayVault/input_PostalCode' is present&#xD;
&#xD;
2019-10-31 11:08:06 - [MESSAGE][PASSED] - Scroll to object 'Object Repository/Pages/FirstPayVault/input_PostalCode' successfully&#xD;
&#xD;
2019-10-31 11:08:06 - [MESSAGE][PASSED] - Object 'Object Repository/Pages/FirstPayVault/input_PostalCode' is present&#xD;
&#xD;
2019-10-31 11:08:07 - [MESSAGE][PASSED] - Object: 'Object Repository/Pages/FirstPayVault/input_PostalCode' is clicked on&#xD;
&#xD;
2019-10-31 11:08:07 - [MESSAGE][PASSED] - Text '76102' is set on object 'Object Repository/Pages/FirstPayVault/input_PostalCode'&#xD;
&#xD;
2019-10-31 11:08:07 - [MESSAGE][PASSED] - utilities.SafeActions.safeType is PASSED&#xD;
&#xD;
2019-10-31 11:08:07 - [TEST_STEP][PASSED] - utilities.SafeActions.safeType(findTestObject("Pages/FirstPayVault/input_Address"), address, "Enter ddress", [PageLoadTime]): utilities.SafeActions.safeType is PASSED&#xD;
&#xD;
2019-10-31 11:08:07 - [MESSAGE][PASSED] - Object 'Object Repository/Pages/FirstPayVault/input_Address' is present&#xD;
&#xD;
2019-10-31 11:08:07 - [MESSAGE][PASSED] - Scroll to object 'Object Repository/Pages/FirstPayVault/input_Address' successfully&#xD;
&#xD;
2019-10-31 11:08:07 - [MESSAGE][PASSED] - Object 'Object Repository/Pages/FirstPayVault/input_Address' is present&#xD;
&#xD;
2019-10-31 11:08:08 - [MESSAGE][PASSED] - Object: 'Object Repository/Pages/FirstPayVault/input_Address' is clicked on&#xD;
&#xD;
2019-10-31 11:08:08 - [MESSAGE][PASSED] - Text 'Street123' is set on object 'Object Repository/Pages/FirstPayVault/input_Address'&#xD;
&#xD;
2019-10-31 11:08:08 - [MESSAGE][PASSED] - utilities.SafeActions.safeType is PASSED&#xD;
&#xD;
2019-10-31 11:08:08 - [TEST_STEP][PASSED] - utilities.SafeActions.safeCheckForElement(findTestObject("Pages/FirstPayVault/chekBox_AddShippingInformation"), PageLoadTime): utilities.SafeActions.safeCheckForElement is PASSED&#xD;
&#xD;
2019-10-31 11:08:09 - [MESSAGE][PASSED] - Object 'Object Repository/Pages/FirstPayVault/chekBox_AddShippingInformation' is present&#xD;
&#xD;
2019-10-31 11:08:09 - [MESSAGE][PASSED] - Object 'Object Repository/Pages/FirstPayVault/chekBox_AddShippingInformation' is visible&#xD;
&#xD;
2019-10-31 11:08:09 - [MESSAGE][PASSED] - Object 'Object Repository/Pages/FirstPayVault/chekBox_AddShippingInformation' is present&#xD;
&#xD;
2019-10-31 11:08:09 - [MESSAGE][PASSED] - Object 'Object Repository/Pages/FirstPayVault/chekBox_AddShippingInformation' is checked&#xD;
&#xD;
2019-10-31 11:08:09 - [MESSAGE][PASSED] - utilities.SafeActions.safeCheckForElement is PASSED&#xD;
&#xD;
2019-10-31 11:08:09 - [TEST_STEP][PASSED] - utilities.SafeActions.safeType(findTestObject("Pages/FirstPayVault/input_ShippingMethod"), shippingMethod, "Enter Shipping Method", [PageLoadTime]): utilities.SafeActions.safeType is PASSED&#xD;
&#xD;
2019-10-31 11:08:10 - [MESSAGE][PASSED] - Object 'Object Repository/Pages/FirstPayVault/input_ShippingMethod' is present&#xD;
&#xD;
2019-10-31 11:08:10 - [MESSAGE][PASSED] - Scroll to object 'Object Repository/Pages/FirstPayVault/input_ShippingMethod' successfully&#xD;
&#xD;
2019-10-31 11:08:10 - [MESSAGE][PASSED] - Object 'Object Repository/Pages/FirstPayVault/input_ShippingMethod' is present&#xD;
&#xD;
2019-10-31 11:08:10 - [MESSAGE][PASSED] - Object: 'Object Repository/Pages/FirstPayVault/input_ShippingMethod' is clicked on&#xD;
&#xD;
2019-10-31 11:08:10 - [MESSAGE][PASSED] - Text 'DTDC' is set on object 'Object Repository/Pages/FirstPayVault/input_ShippingMethod'&#xD;
&#xD;
2019-10-31 11:08:10 - [MESSAGE][PASSED] - utilities.SafeActions.safeType is PASSED&#xD;
&#xD;
2019-10-31 11:08:10 - [TEST_STEP][PASSED] - utilities.SafeActions.safeCheckForElement(findTestObject("Pages/FirstPayVault/checkbox_SameAsBillingInformation"), PageLoadTime): utilities.SafeActions.safeCheckForElement is PASSED&#xD;
&#xD;
2019-10-31 11:08:11 - [MESSAGE][PASSED] - Object 'Object Repository/Pages/FirstPayVault/checkbox_SameAsBillingInformation' is present&#xD;
&#xD;
2019-10-31 11:08:11 - [MESSAGE][PASSED] - Object 'Object Repository/Pages/FirstPayVault/checkbox_SameAsBillingInformation' is visible&#xD;
&#xD;
2019-10-31 11:08:11 - [MESSAGE][PASSED] - Object 'Object Repository/Pages/FirstPayVault/checkbox_SameAsBillingInformation' is present&#xD;
&#xD;
2019-10-31 11:08:12 - [MESSAGE][PASSED] - Object 'Object Repository/Pages/FirstPayVault/checkbox_SameAsBillingInformation' is checked&#xD;
&#xD;
2019-10-31 11:08:12 - [MESSAGE][PASSED] - utilities.SafeActions.safeCheckForElement is PASSED&#xD;
&#xD;
2019-10-31 11:08:12 - [TEST_STEP][PASSED] - utilities.SafeActions.safeClickwithScroll(findTestObject("Pages/FirstPayVault/button_Create"), "Click on Create Button", [PageLoadTime]): utilities.SafeActions.safeClickwithScroll is PASSED&#xD;
&#xD;
2019-10-31 11:08:12 - [MESSAGE][PASSED] - Object 'Object Repository/Pages/FirstPayVault/button_Create' is present&#xD;
&#xD;
2019-10-31 11:08:12 - [MESSAGE][PASSED] - Object 'Object Repository/Pages/FirstPayVault/button_Create' is visible&#xD;
&#xD;
2019-10-31 11:08:12 - [MESSAGE][INFO] - 1stPayVault.ts:waiting until Click on Create Button is Clickable&#xD;
&#xD;
2019-10-31 11:08:12 - [MESSAGE][PASSED] - Object 'Object Repository/Pages/FirstPayVault/button_Create' is clickable&#xD;
&#xD;
2019-10-31 11:08:12 - [MESSAGE][PASSED] - Object 'Object Repository/Pages/FirstPayVault/button_Create' is visible&#xD;
&#xD;
2019-10-31 11:08:13 - [MESSAGE][PASSED] - Object: 'Object Repository/Pages/FirstPayVault/button_Create' is clicked on&#xD;
&#xD;
2019-10-31 11:08:13 - [MESSAGE][INFO] - 1stPayVault.ts: Clicked on the Click on Create Button&#xD;
&#xD;
2019-10-31 11:08:13 - [MESSAGE][PASSED] - utilities.SafeActions.safeClickwithScroll is PASSED&#xD;
&#xD;
2019-10-31 11:08:13 - [TEST_STEP][PASSED] - delay(2): Delayed 2 second(s)&#xD;
&#xD;
2019-10-31 11:08:15 - [MESSAGE][PASSED] - Delayed 2 second(s)&#xD;
&#xD;
2019-10-31 11:08:15 - [TEST_STEP][PASSED] - popupSavedToVaultMessage = utilities.SafeActions.safeGetText(findTestObject("Pages/FirstPayVault/popup_SavedToVaultMessage"), PageLoadTime): utilities.SafeActions.safeGetText is PASSED&#xD;
&#xD;
2019-10-31 11:08:15 - [MESSAGE][PASSED] - Object 'Object Repository/Pages/FirstPayVault/popup_SavedToVaultMessage' is present&#xD;
&#xD;
2019-10-31 11:08:15 - [MESSAGE][PASSED] - Scroll to object 'Object Repository/Pages/FirstPayVault/popup_SavedToVaultMessage' successfully&#xD;
&#xD;
2019-10-31 11:08:15 - [MESSAGE][PASSED] - Object 'Object Repository/Pages/FirstPayVault/popup_SavedToVaultMessage' is present&#xD;
&#xD;
2019-10-31 11:08:16 - [MESSAGE][PASSED] - Text of object 'Object Repository/Pages/FirstPayVault/popup_SavedToVaultMessage' is: 'Successfully Saved to Vault'&#xD;
&#xD;
2019-10-31 11:08:16 - [MESSAGE][PASSED] - utilities.SafeActions.safeGetText is PASSED&#xD;
&#xD;
2019-10-31 11:08:16 - [TEST_STEP][PASSED] - flag = utilities.SafeActions.verifyPopupMessage("Successfully Saved to Vault", popupSavedToVaultMessage): Popup Message : Successfully Saved to Vault matched with expected message : Successfully Saved to Vault&#xD;
&#xD;
2019-10-31 11:08:16 - [MESSAGE][PASSED] - Popup Message : Successfully Saved to Vault matched with expected message : Successfully Saved to Vault&#xD;
&#xD;
2019-10-31 11:08:16 - [TEST_STEP][PASSED] - utilities.SafeActions.safeClickWithoutScroll(findTestObject("Pages/FirstPayVault/button_RunASale_InPopup"), "Click on Run A Sale in Popup", [delayBetweenTestSteps]): utilities.SafeActions.safeClickWithoutScroll is PASSED&#xD;
&#xD;
2019-10-31 11:08:16 - [MESSAGE][INFO] - Safe Click Without scroll&#xD;
&#xD;
2019-10-31 11:08:16 - [MESSAGE][INFO] - 1stPayVault.ts:waiting until Click on Run A Sale in Popup is Clickable&#xD;
&#xD;
2019-10-31 11:08:16 - [MESSAGE][PASSED] - Object 'Object Repository/Pages/FirstPayVault/button_RunASale_InPopup' is clickable&#xD;
&#xD;
2019-10-31 11:08:17 - [MESSAGE][PASSED] - Object 'Object Repository/Pages/FirstPayVault/button_RunASale_InPopup' is visible&#xD;
&#xD;
2019-10-31 11:08:18 - [MESSAGE][PASSED] - Object: 'Object Repository/Pages/FirstPayVault/button_RunASale_InPopup' is clicked on&#xD;
&#xD;
2019-10-31 11:08:18 - [MESSAGE][INFO] - 1stPayVault.ts: click on the Click on Run A Sale in Popup&#xD;
&#xD;
2019-10-31 11:08:18 - [MESSAGE][PASSED] - utilities.SafeActions.safeClickWithoutScroll is PASSED&#xD;
&#xD;
2019-10-31 11:08:18 - [TEST_STEP][PASSED] - value = utilities.SafeActions.getAttributeValue(findTestObject("Pages/Sale/tab_Sale_Active"), "Sale"): The screen is Sale screen&#xD;
&#xD;
2019-10-31 11:08:19 - [MESSAGE][PASSED] - Attribute 'class' of object 'Object Repository/Pages/Sale/tab_Sale_Active' is: 'active_tab tabs__link'&#xD;
&#xD;
2019-10-31 11:08:19 - [MESSAGE][PASSED] - The screen is Sale screen&#xD;
&#xD;
2019-10-31 11:08:19 - [TEST_STEP][PASSED] - closeBrowser(): Browser is closed&#xD;
&#xD;
2019-10-31 11:08:32 - [MESSAGE][PASSED] - Browser is closed&#xD;
&#xD;
2019-10-31 11:08:32 - [TEST_STEP][PASSED] - Start listener action : sampleAfterTestCase: null&#xD;
&#xD;
2019-10-31 11:08:32 - [TEST_STEP][PASSED] - println(testCaseContext.getTestCaseId()): null&#xD;
&#xD;
2019-10-31 11:08:32 - [TEST_STEP][PASSED] - println(testCaseContext.getTestCaseStatus()): null&#xD;
&#xD;
2019-10-31 11:08:32 - [TEST_STEP][PASSED] - testCaseName = testCaseContext.getTestCaseId(): null&#xD;
&#xD;
2019-10-31 11:08:32 - [TEST_STEP][PASSED] - strCount = testCaseName.lastIndexOf("/"): null&#xD;
&#xD;
2019-10-31 11:08:32 - [TEST_STEP][PASSED] - testCaseName = testCaseName.substring(strCount): null&#xD;
&#xD;
2019-10-31 11:08:32 - [TEST_STEP][PASSED] - println(testCaseName): null&#xD;
&#xD;
2019-10-31 11:08:32 - [TEST_STEP][PASSED] - if (getTestCaseStatus().equalsIgnoreCase("Error")): null&#xD;
&#xD;
2019-10-31 11:08:32 - [TEST_STEP][PASSED] - Start listener action : sampleAfterTestCase: null</system-out>
            <system-err></system-err>
        </testcase>
        <testcase name="Test Cases/FirstView/FirstPayVault/TC_1st_Pay_Vault_003" classname="Test Cases/FirstView/FirstPayVault/TC_1st_Pay_Vault_003" status="PASSED">
            <system-out>2019-10-31 11:08:32 - [TEST_CASE][PASSED] - Test Cases/FirstView/FirstPayVault/TC_1st_Pay_Vault_003: Test Cases/FirstView/FirstPayVault/TC_1st_Pay_Vault_003&#xD;
&#xD;
2019-10-31 11:08:32 - [TEST_STEP][PASSED] - Start listener action : sampleBeforeTestCase: null&#xD;
&#xD;
2019-10-31 11:08:32 - [TEST_STEP][PASSED] - println(testCaseContext.getTestCaseId()): null&#xD;
&#xD;
2019-10-31 11:08:32 - [TEST_STEP][PASSED] - println(testCaseContext.getTestCaseVariables()): null&#xD;
&#xD;
2019-10-31 11:08:33 - [TEST_STEP][NOT_RUN] - utilities.SafeActions.openBrowser(Old_URL, [PageLoadTime]): NOT_RUN: utilities.SafeActions.openBrowser(Old_URL, [PageLoadTime])&#xD;
&#xD;
2019-10-31 11:08:33 - [MESSAGE][NOT_RUN] - NOT_RUN: utilities.SafeActions.openBrowser(Old_URL, [PageLoadTime])&#xD;
&#xD;
2019-10-31 11:08:33 - [TEST_STEP][NOT_RUN] - delay(6): NOT_RUN: delay(6)&#xD;
&#xD;
2019-10-31 11:08:33 - [MESSAGE][NOT_RUN] - NOT_RUN: delay(6)&#xD;
&#xD;
2019-10-31 11:08:33 - [TEST_STEP][NOT_RUN] - utilities.SafeActions.safeSelectOptionInDropDownByVisibleText(findTestObject("Pages/Sale/dropDown_AccountType"), "ranjanatest2 - 888814981372/001 Account Type: Retail", "Select by Value", [25]): NOT_RUN: utilities.SafeActions.safeSelectOptionInDropDownByVisibleText(findTestObject("Pages/Sale/dropDown_AccountType"), "ranjanatest2 - 888814981372/001 Account Type: Retail", "Select by Value", [25])&#xD;
&#xD;
2019-10-31 11:08:33 - [MESSAGE][NOT_RUN] - NOT_RUN: utilities.SafeActions.safeSelectOptionInDropDownByVisibleText(findTestObject("Pages/Sale/dropDown_AccountType"), "ranjanatest2 - 888814981372/001 Account Type: Retail", "Select by Value", [25])&#xD;
&#xD;
2019-10-31 11:08:33 - [TEST_STEP][PASSED] - utilities.SafeActions.openBrowser(URL, [PageLoadTime]): utilities.SafeActions.openBrowser is PASSED&#xD;
&#xD;
2019-10-31 11:08:33 - [MESSAGE][INFO] - Opening Browser&#xD;
&#xD;
2019-10-31 11:08:33 - [MESSAGE][INFO] - Starting 'Firefox' driver&#xD;
&#xD;
2019-10-31 11:09:07 - [MESSAGE][PASSED] - Browser is opened with url: 'https://q-www-firstview-net.faps.net/MVC/Account/Login'&#xD;
&#xD;
2019-10-31 11:09:07 - [MESSAGE][PASSED] - Current window maximized&#xD;
&#xD;
2019-10-31 11:09:07 - [MESSAGE][INFO] - Browser Launched Successfully&#xD;
&#xD;
2019-10-31 11:09:07 - [MESSAGE][PASSED] - utilities.SafeActions.openBrowser is PASSED&#xD;
&#xD;
2019-10-31 11:09:07 - [TEST_STEP][PASSED] - pages.Login.login(uName, password): pages.Login.login is PASSED&#xD;
&#xD;
2019-10-31 11:09:07 - [MESSAGE][PASSED] - Object 'Object Repository/Pages/Login/userName' is present&#xD;
&#xD;
2019-10-31 11:09:07 - [MESSAGE][PASSED] - Scroll to object 'Object Repository/Pages/Login/userName' successfully&#xD;
&#xD;
2019-10-31 11:09:07 - [MESSAGE][PASSED] - Object 'Object Repository/Pages/Login/userName' is present&#xD;
&#xD;
2019-10-31 11:09:08 - [MESSAGE][PASSED] - Object: 'Object Repository/Pages/Login/userName' is clicked on&#xD;
&#xD;
2019-10-31 11:09:08 - [MESSAGE][PASSED] - Text 'ZenQRetail' is set on object 'Object Repository/Pages/Login/userName'&#xD;
&#xD;
2019-10-31 11:09:08 - [MESSAGE][PASSED] - Object 'Object Repository/Pages/Login/password' is present&#xD;
&#xD;
2019-10-31 11:09:08 - [MESSAGE][PASSED] - Scroll to object 'Object Repository/Pages/Login/password' successfully&#xD;
&#xD;
2019-10-31 11:09:08 - [MESSAGE][PASSED] - Object 'Object Repository/Pages/Login/password' is present&#xD;
&#xD;
2019-10-31 11:09:09 - [MESSAGE][PASSED] - Object: 'Object Repository/Pages/Login/password' is clicked on&#xD;
&#xD;
2019-10-31 11:09:09 - [MESSAGE][PASSED] - Text 'P@ssword1' is set on object 'Object Repository/Pages/Login/password'&#xD;
&#xD;
2019-10-31 11:09:09 - [MESSAGE][INFO] - Safe Click Without scroll&#xD;
&#xD;
2019-10-31 11:09:09 - [MESSAGE][INFO] - 1stPayVault.ts:waiting until Click on Login is Clickable&#xD;
&#xD;
2019-10-31 11:09:09 - [MESSAGE][PASSED] - Object 'Object Repository/Pages/Login/login' is clickable&#xD;
&#xD;
2019-10-31 11:09:09 - [MESSAGE][PASSED] - Object 'Object Repository/Pages/Login/login' is visible&#xD;
&#xD;
2019-10-31 11:09:12 - [MESSAGE][PASSED] - Object: 'Object Repository/Pages/Login/login' is clicked on&#xD;
&#xD;
2019-10-31 11:09:12 - [MESSAGE][INFO] - 1stPayVault.ts: click on the Click on Login&#xD;
&#xD;
2019-10-31 11:09:12 - [MESSAGE][PASSED] - pages.Login.login is PASSED&#xD;
&#xD;
2019-10-31 11:09:12 - [TEST_STEP][PASSED] - callTestCase(findTestCase("FirstView/Login/TC_SendCode"), [:], STOP_ON_FAILURE): Call Test Case 'Test Cases/FirstView/Login/TC_SendCode' successfully&#xD;
&#xD;
2019-10-31 11:09:12 - [TEST_CASE][PASSED] - Test Cases/FirstView/Login/TC_SendCode: Test Cases/FirstView/Login/TC_SendCode&#xD;
&#xD;
2019-10-31 11:09:12 - [TEST_STEP][PASSED] - flag = pages.SendCode.verifyPage(): pages.SendCode.verifyPage is PASSED&#xD;
&#xD;
2019-10-31 11:09:12 - [MESSAGE][PASSED] - Object 'Object Repository/Pages/SendCodeToValidate/header_SendCodeToValidate' is present and visible in viewport&#xD;
&#xD;
2019-10-31 11:09:12 - [MESSAGE][PASSED] - pages.SendCode.verifyPage is PASSED&#xD;
&#xD;
2019-10-31 11:09:12 - [TEST_STEP][PASSED] - if (flag): pages.SendCode.clickonUserSettings is PASSED&#xD;
&#xD;
2019-10-31 11:09:12 - [TEST_STEP][PASSED] - pages.SendCode.clickonUserSettings(): pages.SendCode.clickonUserSettings is PASSED&#xD;
&#xD;
2019-10-31 11:09:12 - [MESSAGE][PASSED] - Object 'Object Repository/Pages/SendCodeToValidate/link_UserSettings' is present&#xD;
&#xD;
2019-10-31 11:09:12 - [MESSAGE][PASSED] - Object 'Object Repository/Pages/SendCodeToValidate/link_UserSettings' is visible&#xD;
&#xD;
2019-10-31 11:09:12 - [MESSAGE][INFO] - 1stPayVault.ts:waiting until Click on User Settings is Clickable&#xD;
&#xD;
2019-10-31 11:09:12 - [MESSAGE][PASSED] - Object 'Object Repository/Pages/SendCodeToValidate/link_UserSettings' is clickable&#xD;
&#xD;
2019-10-31 11:09:12 - [MESSAGE][PASSED] - Object 'Object Repository/Pages/SendCodeToValidate/link_UserSettings' is visible&#xD;
&#xD;
2019-10-31 11:09:16 - [MESSAGE][PASSED] - Object: 'Object Repository/Pages/SendCodeToValidate/link_UserSettings' is clicked on&#xD;
&#xD;
2019-10-31 11:09:16 - [MESSAGE][INFO] - 1stPayVault.ts: Clicked on the Click on User Settings&#xD;
&#xD;
2019-10-31 11:09:16 - [MESSAGE][PASSED] - pages.SendCode.clickonUserSettings is PASSED&#xD;
&#xD;
2019-10-31 11:09:16 - [MESSAGE][PASSED] - Call Test Case 'Test Cases/FirstView/Login/TC_SendCode' successfully&#xD;
&#xD;
2019-10-31 11:09:16 - [TEST_STEP][PASSED] - callTestCase(findTestCase("FirstView/Login/TC_FirstView"), [:], STOP_ON_FAILURE): Call Test Case 'Test Cases/FirstView/Login/TC_FirstView' successfully&#xD;
&#xD;
2019-10-31 11:09:16 - [TEST_CASE][PASSED] - Test Cases/FirstView/Login/TC_FirstView: Test Cases/FirstView/Login/TC_FirstView&#xD;
&#xD;
2019-10-31 11:09:16 - [TEST_STEP][NOT_RUN] - utilities.SafeActions.safeClickWithoutScroll(findTestObject("Pages/FirstView/link_Home"), "Click on Home button in First View screen", [PageLoadTime]): NOT_RUN: utilities.SafeActions.safeClickWithoutScroll(findTestObject("Pages/FirstView/link_Home"), "Click on Home button in First View screen", [PageLoadTime])&#xD;
&#xD;
2019-10-31 11:09:16 - [MESSAGE][NOT_RUN] - NOT_RUN: utilities.SafeActions.safeClickWithoutScroll(findTestObject("Pages/FirstView/link_Home"), "Click on Home button in First View screen", [PageLoadTime])&#xD;
&#xD;
2019-10-31 11:09:16 - [TEST_STEP][PASSED] - delay(3): Delayed 3 second(s)&#xD;
&#xD;
2019-10-31 11:09:19 - [MESSAGE][PASSED] - Delayed 3 second(s)&#xD;
&#xD;
2019-10-31 11:09:19 - [TEST_STEP][PASSED] - utilities.SafeActions.javascriptclick(findTestObject("Pages/FirstView/link_Home"), delayForElement): utilities.SafeActions.javascriptclick is PASSED&#xD;
&#xD;
2019-10-31 11:09:19 - [MESSAGE][PASSED] - utilities.SafeActions.javascriptclick is PASSED&#xD;
&#xD;
2019-10-31 11:09:19 - [TEST_STEP][PASSED] - utilities.SafeActions.safeClickWithoutScroll(findTestObject("Pages/FirstView/link_VPOS"), "Click on VPOS button in First View screen", [PageLoadTime]): utilities.SafeActions.safeClickWithoutScroll is PASSED&#xD;
&#xD;
2019-10-31 11:09:19 - [MESSAGE][INFO] - Safe Click Without scroll&#xD;
&#xD;
2019-10-31 11:09:19 - [MESSAGE][INFO] - 1stPayVault.ts:waiting until Click on VPOS button in First View screen is Clickable&#xD;
&#xD;
2019-10-31 11:09:21 - [MESSAGE][PASSED] - Object 'Object Repository/Pages/FirstView/link_VPOS' is clickable&#xD;
&#xD;
2019-10-31 11:09:21 - [MESSAGE][PASSED] - Object 'Object Repository/Pages/FirstView/link_VPOS' is visible&#xD;
&#xD;
2019-10-31 11:09:22 - [MESSAGE][PASSED] - Object: 'Object Repository/Pages/FirstView/link_VPOS' is clicked on&#xD;
&#xD;
2019-10-31 11:09:22 - [MESSAGE][INFO] - 1stPayVault.ts: click on the Click on VPOS button in First View screen&#xD;
&#xD;
2019-10-31 11:09:22 - [MESSAGE][PASSED] - utilities.SafeActions.safeClickWithoutScroll is PASSED&#xD;
&#xD;
2019-10-31 11:09:22 - [MESSAGE][PASSED] - Call Test Case 'Test Cases/FirstView/Login/TC_FirstView' successfully&#xD;
&#xD;
2019-10-31 11:09:22 - [TEST_STEP][PASSED] - switchToWindowTitle("Transcenter - VPOS"): Switched to window with title: 'Transcenter - VPOS'&#xD;
&#xD;
2019-10-31 11:09:28 - [MESSAGE][PASSED] - Switched to window with title: 'Transcenter - VPOS'&#xD;
&#xD;
2019-10-31 11:09:28 - [TEST_STEP][PASSED] - focus(findTestObject("Pages/FirstPayVault/tab_FirstPayVault")): Object: 'Object Repository/Pages/FirstPayVault/tab_FirstPayVault' is focused&#xD;
&#xD;
2019-10-31 11:09:32 - [MESSAGE][PASSED] - Object: 'Object Repository/Pages/FirstPayVault/tab_FirstPayVault' is focused&#xD;
&#xD;
2019-10-31 11:09:32 - [TEST_STEP][PASSED] - utilities.SafeActions.javascriptclick(findTestObject("Pages/FirstPayVault/tab_FirstPayVault"), PageLoadTime): utilities.SafeActions.javascriptclick is PASSED&#xD;
&#xD;
2019-10-31 11:09:32 - [MESSAGE][PASSED] - utilities.SafeActions.javascriptclick is PASSED&#xD;
&#xD;
2019-10-31 11:09:32 - [TEST_STEP][PASSED] - delay(delayForElement): Delayed 6 second(s)&#xD;
&#xD;
2019-10-31 11:09:38 - [MESSAGE][PASSED] - Delayed 6 second(s)&#xD;
&#xD;
2019-10-31 11:09:38 - [TEST_STEP][PASSED] - utilities.SafeActions.safeClickWithoutScroll(findTestObject("Pages/FirstPayVault/tab_FirstPayVault"), "Click on FistPayVault tab", [delayForElement]): utilities.SafeActions.safeClickWithoutScroll is PASSED&#xD;
&#xD;
2019-10-31 11:09:38 - [MESSAGE][INFO] - Safe Click Without scroll&#xD;
&#xD;
2019-10-31 11:09:38 - [MESSAGE][INFO] - 1stPayVault.ts:waiting until Click on FistPayVault tab is Clickable&#xD;
&#xD;
2019-10-31 11:09:38 - [MESSAGE][PASSED] - Object 'Object Repository/Pages/FirstPayVault/tab_FirstPayVault' is clickable&#xD;
&#xD;
2019-10-31 11:09:38 - [MESSAGE][PASSED] - Object 'Object Repository/Pages/FirstPayVault/tab_FirstPayVault' is visible&#xD;
&#xD;
2019-10-31 11:09:39 - [MESSAGE][PASSED] - Object: 'Object Repository/Pages/FirstPayVault/tab_FirstPayVault' is clicked on&#xD;
&#xD;
2019-10-31 11:09:39 - [MESSAGE][INFO] - 1stPayVault.ts: click on the Click on FistPayVault tab&#xD;
&#xD;
2019-10-31 11:09:39 - [MESSAGE][PASSED] - utilities.SafeActions.safeClickWithoutScroll is PASSED&#xD;
&#xD;
2019-10-31 11:09:39 - [TEST_STEP][PASSED] - utilities.SafeActions.safeClickWithoutScroll(findTestObject("Pages/FirstPayVault/button_CreateVault"), "Click on CreateVault button", [PageLoadTime]): utilities.SafeActions.safeClickWithoutScroll is PASSED&#xD;
&#xD;
2019-10-31 11:09:39 - [MESSAGE][INFO] - Safe Click Without scroll&#xD;
&#xD;
2019-10-31 11:09:39 - [MESSAGE][INFO] - 1stPayVault.ts:waiting until Click on CreateVault button is Clickable&#xD;
&#xD;
2019-10-31 11:09:39 - [MESSAGE][PASSED] - Object 'Object Repository/Pages/FirstPayVault/button_CreateVault' is clickable&#xD;
&#xD;
2019-10-31 11:09:39 - [MESSAGE][PASSED] - Object 'Object Repository/Pages/FirstPayVault/button_CreateVault' is visible&#xD;
&#xD;
2019-10-31 11:09:40 - [MESSAGE][PASSED] - Object: 'Object Repository/Pages/FirstPayVault/button_CreateVault' is clicked on&#xD;
&#xD;
2019-10-31 11:09:40 - [MESSAGE][INFO] - 1stPayVault.ts: click on the Click on CreateVault button&#xD;
&#xD;
2019-10-31 11:09:40 - [MESSAGE][PASSED] - utilities.SafeActions.safeClickWithoutScroll is PASSED&#xD;
&#xD;
2019-10-31 11:09:40 - [TEST_STEP][PASSED] - scrollToElement(findTestObject("Pages/FirstPayVault/input_VaultReferenceNumber"), PageLoadTime): Scroll to object 'Object Repository/Pages/FirstPayVault/input_VaultReferenceNumber' successfully&#xD;
&#xD;
2019-10-31 11:09:40 - [MESSAGE][PASSED] - Scroll to object 'Object Repository/Pages/FirstPayVault/input_VaultReferenceNumber' successfully&#xD;
&#xD;
2019-10-31 11:09:40 - [TEST_STEP][PASSED] - vaultReference = utilities.SafeActions.timeWithMilliSeconds(): utilities.SafeActions.timeWithMilliSeconds is PASSED&#xD;
&#xD;
2019-10-31 11:09:40 - [MESSAGE][PASSED] - utilities.SafeActions.timeWithMilliSeconds is PASSED&#xD;
&#xD;
2019-10-31 11:09:40 - [TEST_STEP][PASSED] - utilities.SafeActions.safeType(findTestObject("Pages/FirstPayVault/input_VaultReferenceNumber"), vaultReference, "Entering Vault Reference Number", [PageLoadTime]): utilities.SafeActions.safeType is PASSED&#xD;
&#xD;
2019-10-31 11:09:40 - [MESSAGE][PASSED] - Object 'Object Repository/Pages/FirstPayVault/input_VaultReferenceNumber' is present&#xD;
&#xD;
2019-10-31 11:09:40 - [MESSAGE][PASSED] - Scroll to object 'Object Repository/Pages/FirstPayVault/input_VaultReferenceNumber' successfully&#xD;
&#xD;
2019-10-31 11:09:40 - [MESSAGE][PASSED] - Object 'Object Repository/Pages/FirstPayVault/input_VaultReferenceNumber' is present&#xD;
&#xD;
2019-10-31 11:09:41 - [MESSAGE][PASSED] - Object: 'Object Repository/Pages/FirstPayVault/input_VaultReferenceNumber' is clicked on&#xD;
&#xD;
2019-10-31 11:09:41 - [MESSAGE][PASSED] - Text '2019-10-31 11:09:40.617' is set on object 'Object Repository/Pages/FirstPayVault/input_VaultReferenceNumber'&#xD;
&#xD;
2019-10-31 11:09:41 - [MESSAGE][PASSED] - utilities.SafeActions.safeType is PASSED&#xD;
&#xD;
2019-10-31 11:09:41 - [TEST_STEP][PASSED] - utilities.SafeActions.safeType(findTestObject("Pages/FirstPayVault/input_CreditCardNumber"), visaCardNumber, "Entering Card Number", [PageLoadTime]): utilities.SafeActions.safeType is PASSED&#xD;
&#xD;
2019-10-31 11:09:41 - [MESSAGE][PASSED] - Object 'Object Repository/Pages/FirstPayVault/input_CreditCardNumber' is present&#xD;
&#xD;
2019-10-31 11:09:41 - [MESSAGE][PASSED] - Scroll to object 'Object Repository/Pages/FirstPayVault/input_CreditCardNumber' successfully&#xD;
&#xD;
2019-10-31 11:09:41 - [MESSAGE][PASSED] - Object 'Object Repository/Pages/FirstPayVault/input_CreditCardNumber' is present&#xD;
&#xD;
2019-10-31 11:09:42 - [MESSAGE][PASSED] - Object: 'Object Repository/Pages/FirstPayVault/input_CreditCardNumber' is clicked on&#xD;
&#xD;
2019-10-31 11:09:42 - [MESSAGE][PASSED] - Text '4111111111111111' is set on object 'Object Repository/Pages/FirstPayVault/input_CreditCardNumber'&#xD;
&#xD;
2019-10-31 11:09:42 - [MESSAGE][PASSED] - utilities.SafeActions.safeType is PASSED&#xD;
&#xD;
2019-10-31 11:09:42 - [TEST_STEP][NOT_RUN] - delay(4): NOT_RUN: delay(4)&#xD;
&#xD;
2019-10-31 11:09:42 - [MESSAGE][NOT_RUN] - NOT_RUN: delay(4)&#xD;
&#xD;
2019-10-31 11:09:42 - [TEST_STEP][PASSED] - utilities.SafeActions.safeSelectOptionInDropDownByVisibleText(findTestObject("Pages/FirstPayVault/dropDown_ExpirationMonth"), cardMonth, "Expiration Month", [PageLoadTime]): utilities.SafeActions.safeSelectOptionInDropDownByVisibleText is PASSED&#xD;
&#xD;
2019-10-31 11:09:43 - [MESSAGE][PASSED] - Object 'Object Repository/Pages/FirstPayVault/dropDown_ExpirationMonth' is visible&#xD;
&#xD;
2019-10-31 11:09:43 - [MESSAGE][PASSED] - Object 'Object Repository/Pages/FirstPayVault/dropDown_ExpirationMonth' is present&#xD;
&#xD;
2019-10-31 11:09:44 - [MESSAGE][PASSED] - Object: 'Object Repository/Pages/FirstPayVault/dropDown_ExpirationMonth' is clicked on&#xD;
&#xD;
2019-10-31 11:09:44 - [MESSAGE][PASSED] - All options with label 'September' are selected in object 'Object Repository/Pages/FirstPayVault/dropDown_ExpirationMonth' &#xD;
&#xD;
2019-10-31 11:09:44 - [MESSAGE][PASSED] - utilities.SafeActions.safeSelectOptionInDropDownByVisibleText is PASSED&#xD;
&#xD;
2019-10-31 11:09:44 - [TEST_STEP][PASSED] - utilities.SafeActions.safeSelectOptionInDropDownByVisibleText(findTestObject("Pages/FirstPayVault/dropDown_ExpirationYear"), cardYear, "year", [PageLoadTime]): utilities.SafeActions.safeSelectOptionInDropDownByVisibleText is PASSED&#xD;
&#xD;
2019-10-31 11:09:44 - [MESSAGE][PASSED] - Object 'Object Repository/Pages/FirstPayVault/dropDown_ExpirationYear' is visible&#xD;
&#xD;
2019-10-31 11:09:44 - [MESSAGE][PASSED] - Object 'Object Repository/Pages/FirstPayVault/dropDown_ExpirationYear' is present&#xD;
&#xD;
2019-10-31 11:09:45 - [MESSAGE][PASSED] - Object: 'Object Repository/Pages/FirstPayVault/dropDown_ExpirationYear' is clicked on&#xD;
&#xD;
2019-10-31 11:09:45 - [MESSAGE][PASSED] - All options with label '2022' are selected in object 'Object Repository/Pages/FirstPayVault/dropDown_ExpirationYear' &#xD;
&#xD;
2019-10-31 11:09:45 - [MESSAGE][PASSED] - utilities.SafeActions.safeSelectOptionInDropDownByVisibleText is PASSED&#xD;
&#xD;
2019-10-31 11:09:45 - [TEST_STEP][NOT_RUN] - delay(2): NOT_RUN: delay(2)&#xD;
&#xD;
2019-10-31 11:09:45 - [MESSAGE][NOT_RUN] - NOT_RUN: delay(2)&#xD;
&#xD;
2019-10-31 11:09:45 - [TEST_STEP][PASSED] - utilities.SafeActions.safeType(findTestObject("Pages/FirstPayVault/input_ContactName"), customerName, "Enter Contact Name", [PageLoadTime]): utilities.SafeActions.safeType is PASSED&#xD;
&#xD;
2019-10-31 11:09:45 - [MESSAGE][PASSED] - Object 'Object Repository/Pages/FirstPayVault/input_ContactName' is present&#xD;
&#xD;
2019-10-31 11:09:45 - [MESSAGE][PASSED] - Scroll to object 'Object Repository/Pages/FirstPayVault/input_ContactName' successfully&#xD;
&#xD;
2019-10-31 11:09:45 - [MESSAGE][PASSED] - Object 'Object Repository/Pages/FirstPayVault/input_ContactName' is present&#xD;
&#xD;
2019-10-31 11:09:46 - [MESSAGE][PASSED] - Object: 'Object Repository/Pages/FirstPayVault/input_ContactName' is clicked on&#xD;
&#xD;
2019-10-31 11:09:46 - [MESSAGE][PASSED] - Text 'Venkat Sai' is set on object 'Object Repository/Pages/FirstPayVault/input_ContactName'&#xD;
&#xD;
2019-10-31 11:09:46 - [MESSAGE][PASSED] - utilities.SafeActions.safeType is PASSED&#xD;
&#xD;
2019-10-31 11:09:46 - [TEST_STEP][PASSED] - utilities.SafeActions.safeType(findTestObject("Pages/FirstPayVault/input_PostalCode"), postalCode, "Enter Postal Code", [PageLoadTime]): utilities.SafeActions.safeType is PASSED&#xD;
&#xD;
2019-10-31 11:09:46 - [MESSAGE][PASSED] - Object 'Object Repository/Pages/FirstPayVault/input_PostalCode' is present&#xD;
&#xD;
2019-10-31 11:09:46 - [MESSAGE][PASSED] - Scroll to object 'Object Repository/Pages/FirstPayVault/input_PostalCode' successfully&#xD;
&#xD;
2019-10-31 11:09:46 - [MESSAGE][PASSED] - Object 'Object Repository/Pages/FirstPayVault/input_PostalCode' is present&#xD;
&#xD;
2019-10-31 11:09:47 - [MESSAGE][PASSED] - Object: 'Object Repository/Pages/FirstPayVault/input_PostalCode' is clicked on&#xD;
&#xD;
2019-10-31 11:09:47 - [MESSAGE][PASSED] - Text '76102' is set on object 'Object Repository/Pages/FirstPayVault/input_PostalCode'&#xD;
&#xD;
2019-10-31 11:09:47 - [MESSAGE][PASSED] - utilities.SafeActions.safeType is PASSED&#xD;
&#xD;
2019-10-31 11:09:47 - [TEST_STEP][PASSED] - utilities.SafeActions.safeType(findTestObject("Pages/FirstPayVault/input_Address"), address, "Enter ddress", [PageLoadTime]): utilities.SafeActions.safeType is PASSED&#xD;
&#xD;
2019-10-31 11:09:47 - [MESSAGE][PASSED] - Object 'Object Repository/Pages/FirstPayVault/input_Address' is present&#xD;
&#xD;
2019-10-31 11:09:47 - [MESSAGE][PASSED] - Scroll to object 'Object Repository/Pages/FirstPayVault/input_Address' successfully&#xD;
&#xD;
2019-10-31 11:09:48 - [MESSAGE][PASSED] - Object 'Object Repository/Pages/FirstPayVault/input_Address' is present&#xD;
&#xD;
2019-10-31 11:09:49 - [MESSAGE][PASSED] - Object: 'Object Repository/Pages/FirstPayVault/input_Address' is clicked on&#xD;
&#xD;
2019-10-31 11:09:49 - [MESSAGE][PASSED] - Text 'Street123' is set on object 'Object Repository/Pages/FirstPayVault/input_Address'&#xD;
&#xD;
2019-10-31 11:09:49 - [MESSAGE][PASSED] - utilities.SafeActions.safeType is PASSED&#xD;
&#xD;
2019-10-31 11:09:49 - [TEST_STEP][PASSED] - utilities.SafeActions.safeCheckForElement(findTestObject("Pages/FirstPayVault/chekBox_AddShippingInformation"), PageLoadTime): utilities.SafeActions.safeCheckForElement is PASSED&#xD;
&#xD;
2019-10-31 11:09:49 - [MESSAGE][PASSED] - Object 'Object Repository/Pages/FirstPayVault/chekBox_AddShippingInformation' is present&#xD;
&#xD;
2019-10-31 11:09:49 - [MESSAGE][PASSED] - Object 'Object Repository/Pages/FirstPayVault/chekBox_AddShippingInformation' is visible&#xD;
&#xD;
2019-10-31 11:09:49 - [MESSAGE][PASSED] - Object 'Object Repository/Pages/FirstPayVault/chekBox_AddShippingInformation' is present&#xD;
&#xD;
2019-10-31 11:09:50 - [MESSAGE][PASSED] - Object 'Object Repository/Pages/FirstPayVault/chekBox_AddShippingInformation' is checked&#xD;
&#xD;
2019-10-31 11:09:50 - [MESSAGE][PASSED] - utilities.SafeActions.safeCheckForElement is PASSED&#xD;
&#xD;
2019-10-31 11:09:50 - [TEST_STEP][PASSED] - utilities.SafeActions.safeType(findTestObject("Pages/FirstPayVault/input_ShippingMethod"), shippingMethod, "Enter Shipping Method", [PageLoadTime]): utilities.SafeActions.safeType is PASSED&#xD;
&#xD;
2019-10-31 11:09:50 - [MESSAGE][PASSED] - Object 'Object Repository/Pages/FirstPayVault/input_ShippingMethod' is present&#xD;
&#xD;
2019-10-31 11:09:50 - [MESSAGE][PASSED] - Scroll to object 'Object Repository/Pages/FirstPayVault/input_ShippingMethod' successfully&#xD;
&#xD;
2019-10-31 11:09:50 - [MESSAGE][PASSED] - Object 'Object Repository/Pages/FirstPayVault/input_ShippingMethod' is present&#xD;
&#xD;
2019-10-31 11:09:51 - [MESSAGE][PASSED] - Object: 'Object Repository/Pages/FirstPayVault/input_ShippingMethod' is clicked on&#xD;
&#xD;
2019-10-31 11:09:51 - [MESSAGE][PASSED] - Text 'DTDC' is set on object 'Object Repository/Pages/FirstPayVault/input_ShippingMethod'&#xD;
&#xD;
2019-10-31 11:09:51 - [MESSAGE][PASSED] - utilities.SafeActions.safeType is PASSED&#xD;
&#xD;
2019-10-31 11:09:51 - [TEST_STEP][PASSED] - utilities.SafeActions.safeCheckForElement(findTestObject("Pages/FirstPayVault/checkbox_SameAsBillingInformation"), PageLoadTime): utilities.SafeActions.safeCheckForElement is PASSED&#xD;
&#xD;
2019-10-31 11:09:51 - [MESSAGE][PASSED] - Object 'Object Repository/Pages/FirstPayVault/checkbox_SameAsBillingInformation' is present&#xD;
&#xD;
2019-10-31 11:09:51 - [MESSAGE][PASSED] - Object 'Object Repository/Pages/FirstPayVault/checkbox_SameAsBillingInformation' is visible&#xD;
&#xD;
2019-10-31 11:09:51 - [MESSAGE][PASSED] - Object 'Object Repository/Pages/FirstPayVault/checkbox_SameAsBillingInformation' is present&#xD;
&#xD;
2019-10-31 11:09:52 - [MESSAGE][PASSED] - Object 'Object Repository/Pages/FirstPayVault/checkbox_SameAsBillingInformation' is checked&#xD;
&#xD;
2019-10-31 11:09:52 - [MESSAGE][PASSED] - utilities.SafeActions.safeCheckForElement is PASSED&#xD;
&#xD;
2019-10-31 11:09:52 - [TEST_STEP][PASSED] - utilities.SafeActions.safeClickwithScroll(findTestObject("Pages/FirstPayVault/button_Create"), "Click on Create Button", [PageLoadTime]): utilities.SafeActions.safeClickwithScroll is PASSED&#xD;
&#xD;
2019-10-31 11:09:52 - [MESSAGE][PASSED] - Object 'Object Repository/Pages/FirstPayVault/button_Create' is present&#xD;
&#xD;
2019-10-31 11:09:52 - [MESSAGE][PASSED] - Object 'Object Repository/Pages/FirstPayVault/button_Create' is visible&#xD;
&#xD;
2019-10-31 11:09:52 - [MESSAGE][INFO] - 1stPayVault.ts:waiting until Click on Create Button is Clickable&#xD;
&#xD;
2019-10-31 11:09:53 - [MESSAGE][PASSED] - Object 'Object Repository/Pages/FirstPayVault/button_Create' is clickable&#xD;
&#xD;
2019-10-31 11:09:53 - [MESSAGE][PASSED] - Object 'Object Repository/Pages/FirstPayVault/button_Create' is visible&#xD;
&#xD;
2019-10-31 11:09:54 - [MESSAGE][PASSED] - Object: 'Object Repository/Pages/FirstPayVault/button_Create' is clicked on&#xD;
&#xD;
2019-10-31 11:09:54 - [MESSAGE][INFO] - 1stPayVault.ts: Clicked on the Click on Create Button&#xD;
&#xD;
2019-10-31 11:09:54 - [MESSAGE][PASSED] - utilities.SafeActions.safeClickwithScroll is PASSED&#xD;
&#xD;
2019-10-31 11:09:54 - [TEST_STEP][PASSED] - popupSavedToVaultMessage = utilities.SafeActions.safeGetText(findTestObject("Pages/FirstPayVault/popup_SavedToVaultMessage"), PageLoadTime): utilities.SafeActions.safeGetText is PASSED&#xD;
&#xD;
2019-10-31 11:09:54 - [MESSAGE][PASSED] - Object 'Object Repository/Pages/FirstPayVault/popup_SavedToVaultMessage' is present&#xD;
&#xD;
2019-10-31 11:09:54 - [MESSAGE][PASSED] - Scroll to object 'Object Repository/Pages/FirstPayVault/popup_SavedToVaultMessage' successfully&#xD;
&#xD;
2019-10-31 11:09:54 - [MESSAGE][PASSED] - Object 'Object Repository/Pages/FirstPayVault/popup_SavedToVaultMessage' is present&#xD;
&#xD;
2019-10-31 11:09:55 - [MESSAGE][PASSED] - Text of object 'Object Repository/Pages/FirstPayVault/popup_SavedToVaultMessage' is: 'Successfully Saved to Vault'&#xD;
&#xD;
2019-10-31 11:09:55 - [MESSAGE][PASSED] - utilities.SafeActions.safeGetText is PASSED&#xD;
&#xD;
2019-10-31 11:09:55 - [TEST_STEP][PASSED] - flag = utilities.SafeActions.verifyPopupMessage("Successfully Saved to Vault", popupSavedToVaultMessage): Popup Message : Successfully Saved to Vault matched with expected message : Successfully Saved to Vault&#xD;
&#xD;
2019-10-31 11:09:55 - [MESSAGE][PASSED] - Popup Message : Successfully Saved to Vault matched with expected message : Successfully Saved to Vault&#xD;
&#xD;
2019-10-31 11:09:55 - [TEST_STEP][NOT_RUN] - delay(2): NOT_RUN: delay(2)&#xD;
&#xD;
2019-10-31 11:09:55 - [MESSAGE][NOT_RUN] - NOT_RUN: delay(2)&#xD;
&#xD;
2019-10-31 11:09:55 - [TEST_STEP][PASSED] - utilities.SafeActions.safeClickWithoutScroll(findTestObject("Pages/FirstPayVault/button_RunSaleWithThisVault_InPopup"), "Click on Run Sale With This Vault in Popup", [delayBetweenTestSteps]): utilities.SafeActions.safeClickWithoutScroll is PASSED&#xD;
&#xD;
2019-10-31 11:09:55 - [MESSAGE][INFO] - Safe Click Without scroll&#xD;
&#xD;
2019-10-31 11:09:55 - [MESSAGE][INFO] - 1stPayVault.ts:waiting until Click on Run Sale With This Vault in Popup is Clickable&#xD;
&#xD;
2019-10-31 11:09:55 - [MESSAGE][PASSED] - Object 'Object Repository/Pages/FirstPayVault/button_RunSaleWithThisVault_InPopup' is clickable&#xD;
&#xD;
2019-10-31 11:09:55 - [MESSAGE][PASSED] - Object 'Object Repository/Pages/FirstPayVault/button_RunSaleWithThisVault_InPopup' is visible&#xD;
&#xD;
2019-10-31 11:09:57 - [MESSAGE][PASSED] - Object: 'Object Repository/Pages/FirstPayVault/button_RunSaleWithThisVault_InPopup' is clicked on&#xD;
&#xD;
2019-10-31 11:09:57 - [MESSAGE][INFO] - 1stPayVault.ts: click on the Click on Run Sale With This Vault in Popup&#xD;
&#xD;
2019-10-31 11:09:57 - [MESSAGE][PASSED] - utilities.SafeActions.safeClickWithoutScroll is PASSED&#xD;
&#xD;
2019-10-31 11:09:57 - [TEST_STEP][NOT_RUN] - delay(1): NOT_RUN: delay(1)&#xD;
&#xD;
2019-10-31 11:09:57 - [MESSAGE][NOT_RUN] - NOT_RUN: delay(1)&#xD;
&#xD;
2019-10-31 11:09:57 - [TEST_STEP][PASSED] - value = utilities.SafeActions.getAttributeValue(findTestObject("Pages/FirstPayVault/tab_1stPayVault_Active"), "1st_PayVault"): The screen is 1st_PayVault screen&#xD;
&#xD;
2019-10-31 11:09:57 - [MESSAGE][PASSED] - Attribute 'class' of object 'Object Repository/Pages/FirstPayVault/tab_1stPayVault_Active' is: 'active_tab tabs__link'&#xD;
&#xD;
2019-10-31 11:09:57 - [MESSAGE][PASSED] - The screen is 1st_PayVault screen&#xD;
&#xD;
2019-10-31 11:09:57 - [TEST_STEP][PASSED] - scrollToElement(findTestObject("Pages/FirstPayVault/input_Amount"), PageLoadTime): Scroll to object 'Object Repository/Pages/FirstPayVault/input_Amount' successfully&#xD;
&#xD;
2019-10-31 11:09:57 - [MESSAGE][PASSED] - Scroll to object 'Object Repository/Pages/FirstPayVault/input_Amount' successfully&#xD;
&#xD;
2019-10-31 11:09:57 - [TEST_STEP][PASSED] - utilities.SafeActions.safeType(findTestObject("Pages/FirstPayVault/input_Amount"), amount, "Enter Amount", [PageLoadTime]): utilities.SafeActions.safeType is PASSED&#xD;
&#xD;
2019-10-31 11:09:57 - [MESSAGE][PASSED] - Object 'Object Repository/Pages/FirstPayVault/input_Amount' is present&#xD;
&#xD;
2019-10-31 11:09:57 - [MESSAGE][PASSED] - Scroll to object 'Object Repository/Pages/FirstPayVault/input_Amount' successfully&#xD;
&#xD;
2019-10-31 11:09:57 - [MESSAGE][PASSED] - Object 'Object Repository/Pages/FirstPayVault/input_Amount' is present&#xD;
&#xD;
2019-10-31 11:09:58 - [MESSAGE][PASSED] - Object: 'Object Repository/Pages/FirstPayVault/input_Amount' is clicked on&#xD;
&#xD;
2019-10-31 11:09:58 - [MESSAGE][PASSED] - Text '450' is set on object 'Object Repository/Pages/FirstPayVault/input_Amount'&#xD;
&#xD;
2019-10-31 11:09:58 - [MESSAGE][PASSED] - utilities.SafeActions.safeType is PASSED&#xD;
&#xD;
2019-10-31 11:09:58 - [TEST_STEP][PASSED] - salesTax = utilities.SafeActions.safeGetText(findTestObject("Pages/FirstPayVault/input_SalesTaxUnderAmount"), delayBetweenTestSteps): utilities.SafeActions.safeGetText is PASSED&#xD;
&#xD;
2019-10-31 11:09:59 - [MESSAGE][PASSED] - Object 'Object Repository/Pages/FirstPayVault/input_SalesTaxUnderAmount' is present&#xD;
&#xD;
2019-10-31 11:09:59 - [MESSAGE][PASSED] - Scroll to object 'Object Repository/Pages/FirstPayVault/input_SalesTaxUnderAmount' successfully&#xD;
&#xD;
2019-10-31 11:09:59 - [MESSAGE][PASSED] - Object 'Object Repository/Pages/FirstPayVault/input_SalesTaxUnderAmount' is present&#xD;
&#xD;
2019-10-31 11:09:59 - [MESSAGE][PASSED] - Text of object 'Object Repository/Pages/FirstPayVault/input_SalesTaxUnderAmount' is: '$37.13'&#xD;
&#xD;
2019-10-31 11:09:59 - [MESSAGE][PASSED] - utilities.SafeActions.safeGetText is PASSED&#xD;
&#xD;
2019-10-31 11:09:59 - [TEST_STEP][PASSED] - pages.FirstPayVault.verifyAmountIsNotZero(salesTax): pages.FirstPayVault.verifyAmountIsNotZero is PASSED&#xD;
&#xD;
2019-10-31 11:09:59 - [MESSAGE][PASSED] - pages.FirstPayVault.verifyAmountIsNotZero is PASSED&#xD;
&#xD;
2019-10-31 11:09:59 - [TEST_STEP][PASSED] - scrollToElement(findTestObject("Pages/FirstPayVault/input_CreditCardNumberForVerification"), delayBetweenTestSteps): Scroll to object 'Object Repository/Pages/FirstPayVault/input_CreditCardNumberForVerification' successfully&#xD;
&#xD;
2019-10-31 11:09:59 - [MESSAGE][PASSED] - Scroll to object 'Object Repository/Pages/FirstPayVault/input_CreditCardNumberForVerification' successfully&#xD;
&#xD;
2019-10-31 11:09:59 - [TEST_STEP][PASSED] - cardNumber = utilities.SafeActions.getAttribute(findTestObject("Pages/FirstPayVault/input_CreditCardNumberForVerification"), "1st Pay Vault"): utilities.SafeActions.getAttribute is PASSED&#xD;
&#xD;
2019-10-31 11:09:59 - [MESSAGE][PASSED] - Attribute 'value' of object 'Object Repository/Pages/FirstPayVault/input_CreditCardNumberForVerification' is: '411111******1111'&#xD;
&#xD;
2019-10-31 11:09:59 - [MESSAGE][PASSED] - utilities.SafeActions.getAttribute is PASSED&#xD;
&#xD;
2019-10-31 11:09:59 - [TEST_STEP][PASSED] - pages.FirstPayVault.verifyCardNumber(cardNumber, visaCardNumber): Actual String : 4111111111111111 matched with Expected message : 411111******1111&#xD;
&#xD;
2019-10-31 11:09:59 - [MESSAGE][PASSED] - Actual String : 4111111111111111 matched with Expected message : 411111******1111&#xD;
&#xD;
2019-10-31 11:09:59 - [TEST_STEP][PASSED] - expirationYear = utilities.SafeActions.getAttribute(findTestObject("Pages/FirstPayVault/dropDownExpirationYearForVerification"), "1st Pay Vault"): utilities.SafeActions.getAttribute is PASSED&#xD;
&#xD;
2019-10-31 11:10:00 - [MESSAGE][PASSED] - Attribute 'value' of object 'Object Repository/Pages/FirstPayVault/dropDownExpirationYearForVerification' is: '2022'&#xD;
&#xD;
2019-10-31 11:10:00 - [MESSAGE][PASSED] - utilities.SafeActions.getAttribute is PASSED&#xD;
&#xD;
2019-10-31 11:10:00 - [TEST_STEP][PASSED] - pages.FirstPayVault.verifyStrings(expirationYear, cardYear): Actual String : 2022 matched with Expected message : 2022&#xD;
&#xD;
2019-10-31 11:10:00 - [MESSAGE][PASSED] - Actual String : 2022 matched with Expected message : 2022&#xD;
&#xD;
2019-10-31 11:10:00 - [TEST_STEP][PASSED] - scrollToElement(findTestObject("Pages/FirstPayVault/input_VerifyCardHolderName"), PageLoadTime): Scroll to object 'Object Repository/Pages/FirstPayVault/input_VerifyCardHolderName' successfully&#xD;
&#xD;
2019-10-31 11:10:00 - [MESSAGE][PASSED] - Scroll to object 'Object Repository/Pages/FirstPayVault/input_VerifyCardHolderName' successfully&#xD;
&#xD;
2019-10-31 11:10:00 - [TEST_STEP][PASSED] - name = utilities.SafeActions.getAttribute(findTestObject("Pages/FirstPayVault/input_VerifyCardHolderName"), "1stPayVault"): utilities.SafeActions.getAttribute is PASSED&#xD;
&#xD;
2019-10-31 11:10:01 - [MESSAGE][PASSED] - Attribute 'value' of object 'Object Repository/Pages/FirstPayVault/input_VerifyCardHolderName' is: 'Venkat Sai'&#xD;
&#xD;
2019-10-31 11:10:01 - [MESSAGE][PASSED] - utilities.SafeActions.getAttribute is PASSED&#xD;
&#xD;
2019-10-31 11:10:01 - [TEST_STEP][PASSED] - pages.FirstPayVault.verifyStrings(name, customerName): Actual String : Venkat Sai matched with Expected message : Venkat Sai&#xD;
&#xD;
2019-10-31 11:10:01 - [MESSAGE][PASSED] - Actual String : Venkat Sai matched with Expected message : Venkat Sai&#xD;
&#xD;
2019-10-31 11:10:01 - [TEST_STEP][PASSED] - scrollToElement(findTestObject("Pages/FirstPayVault/checkbox_TaxExempt"), PageLoadTime): Scroll to object 'Object Repository/Pages/FirstPayVault/checkbox_TaxExempt' successfully&#xD;
&#xD;
2019-10-31 11:10:01 - [MESSAGE][PASSED] - Scroll to object 'Object Repository/Pages/FirstPayVault/checkbox_TaxExempt' successfully&#xD;
&#xD;
2019-10-31 11:10:01 - [TEST_STEP][NOT_RUN] - salesTax = utilities.SafeActions.safeGetText(findTestObject("Pages/FirstPayVault/amount_UnderPurchaseCardInformation"), delayBetweenTestSteps): NOT_RUN: salesTax = utilities.SafeActions.safeGetText(findTestObject("Pages/FirstPayVault/amount_UnderPurchaseCardInformation"), delayBetweenTestSteps)&#xD;
&#xD;
2019-10-31 11:10:01 - [MESSAGE][NOT_RUN] - NOT_RUN: salesTax = utilities.SafeActions.safeGetText(findTestObject("Pages/FirstPayVault/amount_UnderPurchaseCardInformation"), delayBetweenTestSteps)&#xD;
&#xD;
2019-10-31 11:10:01 - [TEST_STEP][PASSED] - pages.FirstPayVault.verifyAmountIsNotZero(salesTax): pages.FirstPayVault.verifyAmountIsNotZero is PASSED&#xD;
&#xD;
2019-10-31 11:10:01 - [MESSAGE][PASSED] - pages.FirstPayVault.verifyAmountIsNotZero is PASSED&#xD;
&#xD;
2019-10-31 11:10:01 - [TEST_STEP][PASSED] - utilities.SafeActions.safeCheckForElement(findTestObject("Pages/FirstPayVault/checkbox_TaxExempt"), PageLoadTime): utilities.SafeActions.safeCheckForElement is PASSED&#xD;
&#xD;
2019-10-31 11:10:01 - [MESSAGE][PASSED] - Object 'Object Repository/Pages/FirstPayVault/checkbox_TaxExempt' is present&#xD;
&#xD;
2019-10-31 11:10:01 - [MESSAGE][PASSED] - Object 'Object Repository/Pages/FirstPayVault/checkbox_TaxExempt' is visible&#xD;
&#xD;
2019-10-31 11:10:01 - [MESSAGE][PASSED] - Object 'Object Repository/Pages/FirstPayVault/checkbox_TaxExempt' is present&#xD;
&#xD;
2019-10-31 11:10:02 - [MESSAGE][PASSED] - Object 'Object Repository/Pages/FirstPayVault/checkbox_TaxExempt' is checked&#xD;
&#xD;
2019-10-31 11:10:02 - [MESSAGE][PASSED] - utilities.SafeActions.safeCheckForElement is PASSED&#xD;
&#xD;
2019-10-31 11:10:02 - [TEST_STEP][PASSED] - utilities.SafeActions.safeClickwithScroll(findTestObject("Pages/FirstPayVault/button_Checkout"), "Click on Checkout", [PageLoadTime]): utilities.SafeActions.safeClickwithScroll is PASSED&#xD;
&#xD;
2019-10-31 11:10:02 - [MESSAGE][PASSED] - Object 'Object Repository/Pages/FirstPayVault/button_Checkout' is present&#xD;
&#xD;
2019-10-31 11:10:02 - [MESSAGE][PASSED] - Object 'Object Repository/Pages/FirstPayVault/button_Checkout' is visible&#xD;
&#xD;
2019-10-31 11:10:02 - [MESSAGE][INFO] - 1stPayVault.ts:waiting until Click on Checkout is Clickable&#xD;
&#xD;
2019-10-31 11:10:02 - [MESSAGE][PASSED] - Object 'Object Repository/Pages/FirstPayVault/button_Checkout' is clickable&#xD;
&#xD;
2019-10-31 11:10:02 - [MESSAGE][PASSED] - Object 'Object Repository/Pages/FirstPayVault/button_Checkout' is visible&#xD;
&#xD;
2019-10-31 11:10:03 - [MESSAGE][PASSED] - Object: 'Object Repository/Pages/FirstPayVault/button_Checkout' is clicked on&#xD;
&#xD;
2019-10-31 11:10:03 - [MESSAGE][INFO] - 1stPayVault.ts: Clicked on the Click on Checkout&#xD;
&#xD;
2019-10-31 11:10:03 - [MESSAGE][PASSED] - utilities.SafeActions.safeClickwithScroll is PASSED&#xD;
&#xD;
2019-10-31 11:10:03 - [TEST_STEP][PASSED] - pages.Sale.verifyTransactionCompletePage(findTestObject("Pages/Sale/heading_TransactionComplete")): The screen is Transaction Complete screen&#xD;
&#xD;
2019-10-31 11:10:04 - [MESSAGE][PASSED] - Object 'Object Repository/Pages/Sale/heading_TransactionComplete' is present&#xD;
&#xD;
2019-10-31 11:10:04 - [MESSAGE][PASSED] - The screen is Transaction Complete screen&#xD;
&#xD;
2019-10-31 11:10:04 - [TEST_STEP][PASSED] - utilities.SafeActions.safeClickWithoutScroll(findTestObject("Pages/FirstPayVault/button_ReturnToSale_InTransactionComplete"), "Click On Return Button", [PageLoadTime]): utilities.SafeActions.safeClickWithoutScroll is PASSED&#xD;
&#xD;
2019-10-31 11:10:04 - [MESSAGE][INFO] - Safe Click Without scroll&#xD;
&#xD;
2019-10-31 11:10:04 - [MESSAGE][INFO] - 1stPayVault.ts:waiting until Click On Return Button is Clickable&#xD;
&#xD;
2019-10-31 11:10:04 - [MESSAGE][PASSED] - Object 'Object Repository/Pages/FirstPayVault/button_ReturnToSale_InTransactionComplete' is clickable&#xD;
&#xD;
2019-10-31 11:10:04 - [MESSAGE][PASSED] - Object 'Object Repository/Pages/FirstPayVault/button_ReturnToSale_InTransactionComplete' is visible&#xD;
&#xD;
2019-10-31 11:10:05 - [MESSAGE][PASSED] - Object: 'Object Repository/Pages/FirstPayVault/button_ReturnToSale_InTransactionComplete' is clicked on&#xD;
&#xD;
2019-10-31 11:10:05 - [MESSAGE][INFO] - 1stPayVault.ts: click on the Click On Return Button&#xD;
&#xD;
2019-10-31 11:10:05 - [MESSAGE][PASSED] - utilities.SafeActions.safeClickWithoutScroll is PASSED&#xD;
&#xD;
2019-10-31 11:10:05 - [TEST_STEP][PASSED] - delay(delayBetweenTestSteps): Delayed 3 second(s)&#xD;
&#xD;
2019-10-31 11:10:08 - [MESSAGE][PASSED] - Delayed 3 second(s)&#xD;
&#xD;
2019-10-31 11:10:08 - [TEST_STEP][PASSED] - closeBrowser(): Browser is closed&#xD;
&#xD;
2019-10-31 11:10:11 - [MESSAGE][PASSED] - Browser is closed&#xD;
&#xD;
2019-10-31 11:10:11 - [TEST_STEP][PASSED] - Start listener action : sampleAfterTestCase: null&#xD;
&#xD;
2019-10-31 11:10:11 - [TEST_STEP][PASSED] - println(testCaseContext.getTestCaseId()): null&#xD;
&#xD;
2019-10-31 11:10:11 - [TEST_STEP][PASSED] - println(testCaseContext.getTestCaseStatus()): null&#xD;
&#xD;
2019-10-31 11:10:11 - [TEST_STEP][PASSED] - testCaseName = testCaseContext.getTestCaseId(): null&#xD;
&#xD;
2019-10-31 11:10:11 - [TEST_STEP][PASSED] - strCount = testCaseName.lastIndexOf("/"): null&#xD;
&#xD;
2019-10-31 11:10:11 - [TEST_STEP][PASSED] - testCaseName = testCaseName.substring(strCount): null&#xD;
&#xD;
2019-10-31 11:10:11 - [TEST_STEP][PASSED] - println(testCaseName): null&#xD;
&#xD;
2019-10-31 11:10:11 - [TEST_STEP][PASSED] - if (getTestCaseStatus().equalsIgnoreCase("Error")): null&#xD;
&#xD;
2019-10-31 11:10:11 - [TEST_STEP][PASSED] - Start listener action : sampleAfterTestCase: null</system-out>
            <system-err></system-err>
        </testcase>
        <testcase name="Test Cases/FirstView/FirstPayVault/TC_1st_Pay_Vault_004" classname="Test Cases/FirstView/FirstPayVault/TC_1st_Pay_Vault_004" status="PASSED">
            <system-out>2019-10-31 11:10:11 - [TEST_CASE][PASSED] - Test Cases/FirstView/FirstPayVault/TC_1st_Pay_Vault_004: Test Cases/FirstView/FirstPayVault/TC_1st_Pay_Vault_004&#xD;
&#xD;
2019-10-31 11:10:11 - [TEST_STEP][PASSED] - Start listener action : sampleBeforeTestCase: null&#xD;
&#xD;
2019-10-31 11:10:11 - [TEST_STEP][PASSED] - println(testCaseContext.getTestCaseId()): null&#xD;
&#xD;
2019-10-31 11:10:11 - [TEST_STEP][PASSED] - println(testCaseContext.getTestCaseVariables()): null&#xD;
&#xD;
2019-10-31 11:10:11 - [TEST_STEP][NOT_RUN] - utilities.SafeActions.openBrowser(Old_URL, [PageLoadTime]): NOT_RUN: utilities.SafeActions.openBrowser(Old_URL, [PageLoadTime])&#xD;
&#xD;
2019-10-31 11:10:11 - [MESSAGE][NOT_RUN] - NOT_RUN: utilities.SafeActions.openBrowser(Old_URL, [PageLoadTime])&#xD;
&#xD;
2019-10-31 11:10:11 - [TEST_STEP][NOT_RUN] - delay(6): NOT_RUN: delay(6)&#xD;
&#xD;
2019-10-31 11:10:11 - [MESSAGE][NOT_RUN] - NOT_RUN: delay(6)&#xD;
&#xD;
2019-10-31 11:10:11 - [TEST_STEP][NOT_RUN] - utilities.SafeActions.safeSelectOptionInDropDownByVisibleText(findTestObject("Pages/Sale/dropDown_AccountType"), "ranjanatest2 - 888814981372/001 Account Type: Retail", "Select by Value", [25]): NOT_RUN: utilities.SafeActions.safeSelectOptionInDropDownByVisibleText(findTestObject("Pages/Sale/dropDown_AccountType"), "ranjanatest2 - 888814981372/001 Account Type: Retail", "Select by Value", [25])&#xD;
&#xD;
2019-10-31 11:10:11 - [MESSAGE][NOT_RUN] - NOT_RUN: utilities.SafeActions.safeSelectOptionInDropDownByVisibleText(findTestObject("Pages/Sale/dropDown_AccountType"), "ranjanatest2 - 888814981372/001 Account Type: Retail", "Select by Value", [25])&#xD;
&#xD;
2019-10-31 11:10:11 - [TEST_STEP][PASSED] - utilities.SafeActions.openBrowser(URL, [PageLoadTime]): utilities.SafeActions.openBrowser is PASSED&#xD;
&#xD;
2019-10-31 11:10:11 - [MESSAGE][INFO] - Opening Browser&#xD;
&#xD;
2019-10-31 11:10:12 - [MESSAGE][INFO] - Starting 'Firefox' driver&#xD;
&#xD;
2019-10-31 11:10:52 - [MESSAGE][PASSED] - Browser is opened with url: 'https://q-www-firstview-net.faps.net/MVC/Account/Login'&#xD;
&#xD;
2019-10-31 11:10:52 - [MESSAGE][PASSED] - Current window maximized&#xD;
&#xD;
2019-10-31 11:10:52 - [MESSAGE][INFO] - Browser Launched Successfully&#xD;
&#xD;
2019-10-31 11:10:52 - [MESSAGE][PASSED] - utilities.SafeActions.openBrowser is PASSED&#xD;
&#xD;
2019-10-31 11:10:52 - [TEST_STEP][PASSED] - pages.Login.login(uName, password): pages.Login.login is PASSED&#xD;
&#xD;
2019-10-31 11:10:52 - [MESSAGE][PASSED] - Object 'Object Repository/Pages/Login/userName' is present&#xD;
&#xD;
2019-10-31 11:10:52 - [MESSAGE][PASSED] - Scroll to object 'Object Repository/Pages/Login/userName' successfully&#xD;
&#xD;
2019-10-31 11:10:52 - [MESSAGE][PASSED] - Object 'Object Repository/Pages/Login/userName' is present&#xD;
&#xD;
2019-10-31 11:10:53 - [MESSAGE][PASSED] - Object: 'Object Repository/Pages/Login/userName' is clicked on&#xD;
&#xD;
2019-10-31 11:10:53 - [MESSAGE][PASSED] - Text 'ZenQRetail' is set on object 'Object Repository/Pages/Login/userName'&#xD;
&#xD;
2019-10-31 11:10:53 - [MESSAGE][PASSED] - Object 'Object Repository/Pages/Login/password' is present&#xD;
&#xD;
2019-10-31 11:10:53 - [MESSAGE][PASSED] - Scroll to object 'Object Repository/Pages/Login/password' successfully&#xD;
&#xD;
2019-10-31 11:10:53 - [MESSAGE][PASSED] - Object 'Object Repository/Pages/Login/password' is present&#xD;
&#xD;
2019-10-31 11:10:54 - [MESSAGE][PASSED] - Object: 'Object Repository/Pages/Login/password' is clicked on&#xD;
&#xD;
2019-10-31 11:10:54 - [MESSAGE][PASSED] - Text 'P@ssword1' is set on object 'Object Repository/Pages/Login/password'&#xD;
&#xD;
2019-10-31 11:10:54 - [MESSAGE][INFO] - Safe Click Without scroll&#xD;
&#xD;
2019-10-31 11:10:54 - [MESSAGE][INFO] - 1stPayVault.ts:waiting until Click on Login is Clickable&#xD;
&#xD;
2019-10-31 11:10:54 - [MESSAGE][PASSED] - Object 'Object Repository/Pages/Login/login' is clickable&#xD;
&#xD;
2019-10-31 11:10:54 - [MESSAGE][PASSED] - Object 'Object Repository/Pages/Login/login' is visible&#xD;
&#xD;
2019-10-31 11:10:58 - [MESSAGE][PASSED] - Object: 'Object Repository/Pages/Login/login' is clicked on&#xD;
&#xD;
2019-10-31 11:10:58 - [MESSAGE][INFO] - 1stPayVault.ts: click on the Click on Login&#xD;
&#xD;
2019-10-31 11:10:58 - [MESSAGE][PASSED] - pages.Login.login is PASSED&#xD;
&#xD;
2019-10-31 11:10:58 - [TEST_STEP][PASSED] - callTestCase(findTestCase("FirstView/Login/TC_SendCode"), [:], STOP_ON_FAILURE): Call Test Case 'Test Cases/FirstView/Login/TC_SendCode' successfully&#xD;
&#xD;
2019-10-31 11:10:58 - [TEST_CASE][PASSED] - Test Cases/FirstView/Login/TC_SendCode: Test Cases/FirstView/Login/TC_SendCode&#xD;
&#xD;
2019-10-31 11:10:58 - [TEST_STEP][PASSED] - flag = pages.SendCode.verifyPage(): pages.SendCode.verifyPage is PASSED&#xD;
&#xD;
2019-10-31 11:10:58 - [MESSAGE][PASSED] - Object 'Object Repository/Pages/SendCodeToValidate/header_SendCodeToValidate' is present and visible in viewport&#xD;
&#xD;
2019-10-31 11:10:58 - [MESSAGE][PASSED] - pages.SendCode.verifyPage is PASSED&#xD;
&#xD;
2019-10-31 11:10:58 - [TEST_STEP][PASSED] - if (flag): pages.SendCode.clickonUserSettings is PASSED&#xD;
&#xD;
2019-10-31 11:10:58 - [TEST_STEP][PASSED] - pages.SendCode.clickonUserSettings(): pages.SendCode.clickonUserSettings is PASSED&#xD;
&#xD;
2019-10-31 11:10:58 - [MESSAGE][PASSED] - Object 'Object Repository/Pages/SendCodeToValidate/link_UserSettings' is present&#xD;
&#xD;
2019-10-31 11:10:59 - [MESSAGE][PASSED] - Object 'Object Repository/Pages/SendCodeToValidate/link_UserSettings' is visible&#xD;
&#xD;
2019-10-31 11:10:59 - [MESSAGE][INFO] - 1stPayVault.ts:waiting until Click on User Settings is Clickable&#xD;
&#xD;
2019-10-31 11:10:59 - [MESSAGE][PASSED] - Object 'Object Repository/Pages/SendCodeToValidate/link_UserSettings' is clickable&#xD;
&#xD;
2019-10-31 11:10:59 - [MESSAGE][PASSED] - Object 'Object Repository/Pages/SendCodeToValidate/link_UserSettings' is visible&#xD;
&#xD;
2019-10-31 11:11:02 - [MESSAGE][PASSED] - Object: 'Object Repository/Pages/SendCodeToValidate/link_UserSettings' is clicked on&#xD;
&#xD;
2019-10-31 11:11:02 - [MESSAGE][INFO] - 1stPayVault.ts: Clicked on the Click on User Settings&#xD;
&#xD;
2019-10-31 11:11:02 - [MESSAGE][PASSED] - pages.SendCode.clickonUserSettings is PASSED&#xD;
&#xD;
2019-10-31 11:11:02 - [MESSAGE][PASSED] - Call Test Case 'Test Cases/FirstView/Login/TC_SendCode' successfully&#xD;
&#xD;
2019-10-31 11:11:02 - [TEST_STEP][PASSED] - callTestCase(findTestCase("FirstView/Login/TC_FirstView"), [:], STOP_ON_FAILURE): Call Test Case 'Test Cases/FirstView/Login/TC_FirstView' successfully&#xD;
&#xD;
2019-10-31 11:11:02 - [TEST_CASE][PASSED] - Test Cases/FirstView/Login/TC_FirstView: Test Cases/FirstView/Login/TC_FirstView&#xD;
&#xD;
2019-10-31 11:11:02 - [TEST_STEP][NOT_RUN] - utilities.SafeActions.safeClickWithoutScroll(findTestObject("Pages/FirstView/link_Home"), "Click on Home button in First View screen", [PageLoadTime]): NOT_RUN: utilities.SafeActions.safeClickWithoutScroll(findTestObject("Pages/FirstView/link_Home"), "Click on Home button in First View screen", [PageLoadTime])&#xD;
&#xD;
2019-10-31 11:11:02 - [MESSAGE][NOT_RUN] - NOT_RUN: utilities.SafeActions.safeClickWithoutScroll(findTestObject("Pages/FirstView/link_Home"), "Click on Home button in First View screen", [PageLoadTime])&#xD;
&#xD;
2019-10-31 11:11:02 - [TEST_STEP][PASSED] - delay(3): Delayed 3 second(s)&#xD;
&#xD;
2019-10-31 11:11:05 - [MESSAGE][PASSED] - Delayed 3 second(s)&#xD;
&#xD;
2019-10-31 11:11:05 - [TEST_STEP][PASSED] - utilities.SafeActions.javascriptclick(findTestObject("Pages/FirstView/link_Home"), delayForElement): utilities.SafeActions.javascriptclick is PASSED&#xD;
&#xD;
2019-10-31 11:11:05 - [MESSAGE][PASSED] - utilities.SafeActions.javascriptclick is PASSED&#xD;
&#xD;
2019-10-31 11:11:05 - [TEST_STEP][PASSED] - utilities.SafeActions.safeClickWithoutScroll(findTestObject("Pages/FirstView/link_VPOS"), "Click on VPOS button in First View screen", [PageLoadTime]): utilities.SafeActions.safeClickWithoutScroll is PASSED&#xD;
&#xD;
2019-10-31 11:11:05 - [MESSAGE][INFO] - Safe Click Without scroll&#xD;
&#xD;
2019-10-31 11:11:05 - [MESSAGE][INFO] - 1stPayVault.ts:waiting until Click on VPOS button in First View screen is Clickable&#xD;
&#xD;
2019-10-31 11:11:08 - [MESSAGE][PASSED] - Object 'Object Repository/Pages/FirstView/link_VPOS' is clickable&#xD;
&#xD;
2019-10-31 11:11:08 - [MESSAGE][PASSED] - Object 'Object Repository/Pages/FirstView/link_VPOS' is visible&#xD;
&#xD;
2019-10-31 11:11:09 - [MESSAGE][PASSED] - Object: 'Object Repository/Pages/FirstView/link_VPOS' is clicked on&#xD;
&#xD;
2019-10-31 11:11:09 - [MESSAGE][INFO] - 1stPayVault.ts: click on the Click on VPOS button in First View screen&#xD;
&#xD;
2019-10-31 11:11:09 - [MESSAGE][PASSED] - utilities.SafeActions.safeClickWithoutScroll is PASSED&#xD;
&#xD;
2019-10-31 11:11:09 - [MESSAGE][PASSED] - Call Test Case 'Test Cases/FirstView/Login/TC_FirstView' successfully&#xD;
&#xD;
2019-10-31 11:11:09 - [TEST_STEP][PASSED] - switchToWindowTitle("Transcenter - VPOS"): Switched to window with title: 'Transcenter - VPOS'&#xD;
&#xD;
2019-10-31 11:11:14 - [MESSAGE][PASSED] - Switched to window with title: 'Transcenter - VPOS'&#xD;
&#xD;
2019-10-31 11:11:14 - [TEST_STEP][PASSED] - focus(findTestObject("Pages/FirstPayVault/tab_FirstPayVault")): Object: 'Object Repository/Pages/FirstPayVault/tab_FirstPayVault' is focused&#xD;
&#xD;
2019-10-31 11:11:19 - [MESSAGE][PASSED] - Object: 'Object Repository/Pages/FirstPayVault/tab_FirstPayVault' is focused&#xD;
&#xD;
2019-10-31 11:11:19 - [TEST_STEP][PASSED] - utilities.SafeActions.javascriptclick(findTestObject("Pages/FirstPayVault/tab_FirstPayVault"), PageLoadTime): utilities.SafeActions.javascriptclick is PASSED&#xD;
&#xD;
2019-10-31 11:11:19 - [MESSAGE][PASSED] - utilities.SafeActions.javascriptclick is PASSED&#xD;
&#xD;
2019-10-31 11:11:19 - [TEST_STEP][PASSED] - delay(delayForElement): Delayed 6 second(s)&#xD;
&#xD;
2019-10-31 11:11:25 - [MESSAGE][PASSED] - Delayed 6 second(s)&#xD;
&#xD;
2019-10-31 11:11:25 - [TEST_STEP][PASSED] - utilities.SafeActions.safeClickWithoutScroll(findTestObject("Pages/FirstPayVault/tab_FirstPayVault"), "Click on FistPayVault tab", [delayForElement]): utilities.SafeActions.safeClickWithoutScroll is PASSED&#xD;
&#xD;
2019-10-31 11:11:26 - [MESSAGE][INFO] - Safe Click Without scroll&#xD;
&#xD;
2019-10-31 11:11:26 - [MESSAGE][INFO] - 1stPayVault.ts:waiting until Click on FistPayVault tab is Clickable&#xD;
&#xD;
2019-10-31 11:11:26 - [MESSAGE][PASSED] - Object 'Object Repository/Pages/FirstPayVault/tab_FirstPayVault' is clickable&#xD;
&#xD;
2019-10-31 11:11:26 - [MESSAGE][PASSED] - Object 'Object Repository/Pages/FirstPayVault/tab_FirstPayVault' is visible&#xD;
&#xD;
2019-10-31 11:11:27 - [MESSAGE][PASSED] - Object: 'Object Repository/Pages/FirstPayVault/tab_FirstPayVault' is clicked on&#xD;
&#xD;
2019-10-31 11:11:27 - [MESSAGE][INFO] - 1stPayVault.ts: click on the Click on FistPayVault tab&#xD;
&#xD;
2019-10-31 11:11:27 - [MESSAGE][PASSED] - utilities.SafeActions.safeClickWithoutScroll is PASSED&#xD;
&#xD;
2019-10-31 11:11:27 - [TEST_STEP][PASSED] - utilities.SafeActions.safeClickWithoutScroll(findTestObject("Pages/FirstPayVault/button_CreateVault"), "Click on CreateVault button", [PageLoadTime]): utilities.SafeActions.safeClickWithoutScroll is PASSED&#xD;
&#xD;
2019-10-31 11:11:27 - [MESSAGE][INFO] - Safe Click Without scroll&#xD;
&#xD;
2019-10-31 11:11:27 - [MESSAGE][INFO] - 1stPayVault.ts:waiting until Click on CreateVault button is Clickable&#xD;
&#xD;
2019-10-31 11:11:27 - [MESSAGE][PASSED] - Object 'Object Repository/Pages/FirstPayVault/button_CreateVault' is clickable&#xD;
&#xD;
2019-10-31 11:11:27 - [MESSAGE][PASSED] - Object 'Object Repository/Pages/FirstPayVault/button_CreateVault' is visible&#xD;
&#xD;
2019-10-31 11:11:29 - [MESSAGE][PASSED] - Object: 'Object Repository/Pages/FirstPayVault/button_CreateVault' is clicked on&#xD;
&#xD;
2019-10-31 11:11:29 - [MESSAGE][INFO] - 1stPayVault.ts: click on the Click on CreateVault button&#xD;
&#xD;
2019-10-31 11:11:29 - [MESSAGE][PASSED] - utilities.SafeActions.safeClickWithoutScroll is PASSED&#xD;
&#xD;
2019-10-31 11:11:29 - [TEST_STEP][PASSED] - scrollToElement(findTestObject("Pages/FirstPayVault/input_VaultReferenceNumber"), PageLoadTime): Scroll to object 'Object Repository/Pages/FirstPayVault/input_VaultReferenceNumber' successfully&#xD;
&#xD;
2019-10-31 11:11:29 - [MESSAGE][PASSED] - Scroll to object 'Object Repository/Pages/FirstPayVault/input_VaultReferenceNumber' successfully&#xD;
&#xD;
2019-10-31 11:11:29 - [TEST_STEP][PASSED] - vaultReference = utilities.SafeActions.timeWithMilliSeconds(): utilities.SafeActions.timeWithMilliSeconds is PASSED&#xD;
&#xD;
2019-10-31 11:11:29 - [MESSAGE][PASSED] - utilities.SafeActions.timeWithMilliSeconds is PASSED&#xD;
&#xD;
2019-10-31 11:11:29 - [TEST_STEP][PASSED] - utilities.SafeActions.safeType(findTestObject("Pages/FirstPayVault/input_VaultReferenceNumber"), vaultReference, "Entering Vault Reference Number", [PageLoadTime]): utilities.SafeActions.safeType is PASSED&#xD;
&#xD;
2019-10-31 11:11:29 - [MESSAGE][PASSED] - Object 'Object Repository/Pages/FirstPayVault/input_VaultReferenceNumber' is present&#xD;
&#xD;
2019-10-31 11:11:29 - [MESSAGE][PASSED] - Scroll to object 'Object Repository/Pages/FirstPayVault/input_VaultReferenceNumber' successfully&#xD;
&#xD;
2019-10-31 11:11:29 - [MESSAGE][PASSED] - Object 'Object Repository/Pages/FirstPayVault/input_VaultReferenceNumber' is present&#xD;
&#xD;
2019-10-31 11:11:30 - [MESSAGE][PASSED] - Object: 'Object Repository/Pages/FirstPayVault/input_VaultReferenceNumber' is clicked on&#xD;
&#xD;
2019-10-31 11:11:30 - [MESSAGE][PASSED] - Text '2019-10-31 11:11:29.455' is set on object 'Object Repository/Pages/FirstPayVault/input_VaultReferenceNumber'&#xD;
&#xD;
2019-10-31 11:11:30 - [MESSAGE][PASSED] - utilities.SafeActions.safeType is PASSED&#xD;
&#xD;
2019-10-31 11:11:30 - [TEST_STEP][PASSED] - utilities.SafeActions.safeType(findTestObject("Pages/FirstPayVault/input_CreditCardNumber"), visaCardNumber, "Entering Card Number", [PageLoadTime]): utilities.SafeActions.safeType is PASSED&#xD;
&#xD;
2019-10-31 11:11:30 - [MESSAGE][PASSED] - Object 'Object Repository/Pages/FirstPayVault/input_CreditCardNumber' is present&#xD;
&#xD;
2019-10-31 11:11:30 - [MESSAGE][PASSED] - Scroll to object 'Object Repository/Pages/FirstPayVault/input_CreditCardNumber' successfully&#xD;
&#xD;
2019-10-31 11:11:30 - [MESSAGE][PASSED] - Object 'Object Repository/Pages/FirstPayVault/input_CreditCardNumber' is present&#xD;
&#xD;
2019-10-31 11:11:31 - [MESSAGE][PASSED] - Object: 'Object Repository/Pages/FirstPayVault/input_CreditCardNumber' is clicked on&#xD;
&#xD;
2019-10-31 11:11:31 - [MESSAGE][PASSED] - Text '4111111111111111' is set on object 'Object Repository/Pages/FirstPayVault/input_CreditCardNumber'&#xD;
&#xD;
2019-10-31 11:11:31 - [MESSAGE][PASSED] - utilities.SafeActions.safeType is PASSED&#xD;
&#xD;
2019-10-31 11:11:31 - [TEST_STEP][NOT_RUN] - delay(4): NOT_RUN: delay(4)&#xD;
&#xD;
2019-10-31 11:11:31 - [MESSAGE][NOT_RUN] - NOT_RUN: delay(4)&#xD;
&#xD;
2019-10-31 11:11:31 - [TEST_STEP][PASSED] - utilities.SafeActions.safeSelectOptionInDropDownByVisibleText(findTestObject("Pages/FirstPayVault/dropDown_ExpirationMonth"), cardMonth, "Expiration Month", [PageLoadTime]): utilities.SafeActions.safeSelectOptionInDropDownByVisibleText is PASSED&#xD;
&#xD;
2019-10-31 11:11:31 - [MESSAGE][PASSED] - Object 'Object Repository/Pages/FirstPayVault/dropDown_ExpirationMonth' is visible&#xD;
&#xD;
2019-10-31 11:11:31 - [MESSAGE][PASSED] - Object 'Object Repository/Pages/FirstPayVault/dropDown_ExpirationMonth' is present&#xD;
&#xD;
2019-10-31 11:11:32 - [MESSAGE][PASSED] - Object: 'Object Repository/Pages/FirstPayVault/dropDown_ExpirationMonth' is clicked on&#xD;
&#xD;
2019-10-31 11:11:33 - [MESSAGE][PASSED] - All options with label 'September' are selected in object 'Object Repository/Pages/FirstPayVault/dropDown_ExpirationMonth' &#xD;
&#xD;
2019-10-31 11:11:33 - [MESSAGE][PASSED] - utilities.SafeActions.safeSelectOptionInDropDownByVisibleText is PASSED&#xD;
&#xD;
2019-10-31 11:11:33 - [TEST_STEP][PASSED] - utilities.SafeActions.safeSelectOptionInDropDownByVisibleText(findTestObject("Pages/FirstPayVault/dropDown_ExpirationYear"), cardYear, "year", [PageLoadTime]): utilities.SafeActions.safeSelectOptionInDropDownByVisibleText is PASSED&#xD;
&#xD;
2019-10-31 11:11:33 - [MESSAGE][PASSED] - Object 'Object Repository/Pages/FirstPayVault/dropDown_ExpirationYear' is visible&#xD;
&#xD;
2019-10-31 11:11:33 - [MESSAGE][PASSED] - Object 'Object Repository/Pages/FirstPayVault/dropDown_ExpirationYear' is present&#xD;
&#xD;
2019-10-31 11:11:34 - [MESSAGE][PASSED] - Object: 'Object Repository/Pages/FirstPayVault/dropDown_ExpirationYear' is clicked on&#xD;
&#xD;
2019-10-31 11:11:34 - [MESSAGE][PASSED] - All options with label '2022' are selected in object 'Object Repository/Pages/FirstPayVault/dropDown_ExpirationYear' &#xD;
&#xD;
2019-10-31 11:11:34 - [MESSAGE][PASSED] - utilities.SafeActions.safeSelectOptionInDropDownByVisibleText is PASSED&#xD;
&#xD;
2019-10-31 11:11:34 - [TEST_STEP][NOT_RUN] - delay(2): NOT_RUN: delay(2)&#xD;
&#xD;
2019-10-31 11:11:34 - [MESSAGE][NOT_RUN] - NOT_RUN: delay(2)&#xD;
&#xD;
2019-10-31 11:11:34 - [TEST_STEP][PASSED] - utilities.SafeActions.safeType(findTestObject("Pages/FirstPayVault/input_ContactName"), customerName, "Enter Contact Name", [PageLoadTime]): utilities.SafeActions.safeType is PASSED&#xD;
&#xD;
2019-10-31 11:11:34 - [MESSAGE][PASSED] - Object 'Object Repository/Pages/FirstPayVault/input_ContactName' is present&#xD;
&#xD;
2019-10-31 11:11:34 - [MESSAGE][PASSED] - Scroll to object 'Object Repository/Pages/FirstPayVault/input_ContactName' successfully&#xD;
&#xD;
2019-10-31 11:11:34 - [MESSAGE][PASSED] - Object 'Object Repository/Pages/FirstPayVault/input_ContactName' is present&#xD;
&#xD;
2019-10-31 11:11:35 - [MESSAGE][PASSED] - Object: 'Object Repository/Pages/FirstPayVault/input_ContactName' is clicked on&#xD;
&#xD;
2019-10-31 11:11:35 - [MESSAGE][PASSED] - Text 'Venkat Sai' is set on object 'Object Repository/Pages/FirstPayVault/input_ContactName'&#xD;
&#xD;
2019-10-31 11:11:35 - [MESSAGE][PASSED] - utilities.SafeActions.safeType is PASSED&#xD;
&#xD;
2019-10-31 11:11:35 - [TEST_STEP][PASSED] - utilities.SafeActions.safeType(findTestObject("Pages/FirstPayVault/input_PostalCode"), postalCode, "Enter Postal Code", [PageLoadTime]): utilities.SafeActions.safeType is PASSED&#xD;
&#xD;
2019-10-31 11:11:35 - [MESSAGE][PASSED] - Object 'Object Repository/Pages/FirstPayVault/input_PostalCode' is present&#xD;
&#xD;
2019-10-31 11:11:35 - [MESSAGE][PASSED] - Scroll to object 'Object Repository/Pages/FirstPayVault/input_PostalCode' successfully&#xD;
&#xD;
2019-10-31 11:11:35 - [MESSAGE][PASSED] - Object 'Object Repository/Pages/FirstPayVault/input_PostalCode' is present&#xD;
&#xD;
2019-10-31 11:11:36 - [MESSAGE][PASSED] - Object: 'Object Repository/Pages/FirstPayVault/input_PostalCode' is clicked on&#xD;
&#xD;
2019-10-31 11:11:36 - [MESSAGE][PASSED] - Text '76102' is set on object 'Object Repository/Pages/FirstPayVault/input_PostalCode'&#xD;
&#xD;
2019-10-31 11:11:36 - [MESSAGE][PASSED] - utilities.SafeActions.safeType is PASSED&#xD;
&#xD;
2019-10-31 11:11:36 - [TEST_STEP][PASSED] - utilities.SafeActions.safeType(findTestObject("Pages/FirstPayVault/input_Address"), address, "Enter ddress", [PageLoadTime]): utilities.SafeActions.safeType is PASSED&#xD;
&#xD;
2019-10-31 11:11:36 - [MESSAGE][PASSED] - Object 'Object Repository/Pages/FirstPayVault/input_Address' is present&#xD;
&#xD;
2019-10-31 11:11:36 - [MESSAGE][PASSED] - Scroll to object 'Object Repository/Pages/FirstPayVault/input_Address' successfully&#xD;
&#xD;
2019-10-31 11:11:36 - [MESSAGE][PASSED] - Object 'Object Repository/Pages/FirstPayVault/input_Address' is present&#xD;
&#xD;
2019-10-31 11:11:37 - [MESSAGE][PASSED] - Object: 'Object Repository/Pages/FirstPayVault/input_Address' is clicked on&#xD;
&#xD;
2019-10-31 11:11:37 - [MESSAGE][PASSED] - Text 'Street123' is set on object 'Object Repository/Pages/FirstPayVault/input_Address'&#xD;
&#xD;
2019-10-31 11:11:37 - [MESSAGE][PASSED] - utilities.SafeActions.safeType is PASSED&#xD;
&#xD;
2019-10-31 11:11:37 - [TEST_STEP][PASSED] - utilities.SafeActions.safeCheckForElement(findTestObject("Pages/FirstPayVault/chekBox_AddShippingInformation"), PageLoadTime): utilities.SafeActions.safeCheckForElement is PASSED&#xD;
&#xD;
2019-10-31 11:11:37 - [MESSAGE][PASSED] - Object 'Object Repository/Pages/FirstPayVault/chekBox_AddShippingInformation' is present&#xD;
&#xD;
2019-10-31 11:11:37 - [MESSAGE][PASSED] - Object 'Object Repository/Pages/FirstPayVault/chekBox_AddShippingInformation' is visible&#xD;
&#xD;
2019-10-31 11:11:37 - [MESSAGE][PASSED] - Object 'Object Repository/Pages/FirstPayVault/chekBox_AddShippingInformation' is present&#xD;
&#xD;
2019-10-31 11:11:38 - [MESSAGE][PASSED] - Object 'Object Repository/Pages/FirstPayVault/chekBox_AddShippingInformation' is checked&#xD;
&#xD;
2019-10-31 11:11:38 - [MESSAGE][PASSED] - utilities.SafeActions.safeCheckForElement is PASSED&#xD;
&#xD;
2019-10-31 11:11:38 - [TEST_STEP][PASSED] - utilities.SafeActions.safeType(findTestObject("Pages/FirstPayVault/input_ShippingMethod"), shippingMethod, "Enter Shipping Method", [PageLoadTime]): utilities.SafeActions.safeType is PASSED&#xD;
&#xD;
2019-10-31 11:11:38 - [MESSAGE][PASSED] - Object 'Object Repository/Pages/FirstPayVault/input_ShippingMethod' is present&#xD;
&#xD;
2019-10-31 11:11:38 - [MESSAGE][PASSED] - Scroll to object 'Object Repository/Pages/FirstPayVault/input_ShippingMethod' successfully&#xD;
&#xD;
2019-10-31 11:11:38 - [MESSAGE][PASSED] - Object 'Object Repository/Pages/FirstPayVault/input_ShippingMethod' is present&#xD;
&#xD;
2019-10-31 11:11:39 - [MESSAGE][PASSED] - Object: 'Object Repository/Pages/FirstPayVault/input_ShippingMethod' is clicked on&#xD;
&#xD;
2019-10-31 11:11:39 - [MESSAGE][PASSED] - Text 'DTDC' is set on object 'Object Repository/Pages/FirstPayVault/input_ShippingMethod'&#xD;
&#xD;
2019-10-31 11:11:39 - [MESSAGE][PASSED] - utilities.SafeActions.safeType is PASSED&#xD;
&#xD;
2019-10-31 11:11:39 - [TEST_STEP][PASSED] - utilities.SafeActions.safeCheckForElement(findTestObject("Pages/FirstPayVault/checkbox_SameAsBillingInformation"), PageLoadTime): utilities.SafeActions.safeCheckForElement is PASSED&#xD;
&#xD;
2019-10-31 11:11:39 - [MESSAGE][PASSED] - Object 'Object Repository/Pages/FirstPayVault/checkbox_SameAsBillingInformation' is present&#xD;
&#xD;
2019-10-31 11:11:39 - [MESSAGE][PASSED] - Object 'Object Repository/Pages/FirstPayVault/checkbox_SameAsBillingInformation' is visible&#xD;
&#xD;
2019-10-31 11:11:39 - [MESSAGE][PASSED] - Object 'Object Repository/Pages/FirstPayVault/checkbox_SameAsBillingInformation' is present&#xD;
&#xD;
2019-10-31 11:11:40 - [MESSAGE][PASSED] - Object 'Object Repository/Pages/FirstPayVault/checkbox_SameAsBillingInformation' is checked&#xD;
&#xD;
2019-10-31 11:11:40 - [MESSAGE][PASSED] - utilities.SafeActions.safeCheckForElement is PASSED&#xD;
&#xD;
2019-10-31 11:11:40 - [TEST_STEP][PASSED] - utilities.SafeActions.safeClickwithScroll(findTestObject("Pages/FirstPayVault/button_Create"), "Click on Create Button", [PageLoadTime]): utilities.SafeActions.safeClickwithScroll is PASSED&#xD;
&#xD;
2019-10-31 11:11:40 - [MESSAGE][PASSED] - Object 'Object Repository/Pages/FirstPayVault/button_Create' is present&#xD;
&#xD;
2019-10-31 11:11:40 - [MESSAGE][PASSED] - Object 'Object Repository/Pages/FirstPayVault/button_Create' is visible&#xD;
&#xD;
2019-10-31 11:11:40 - [MESSAGE][INFO] - 1stPayVault.ts:waiting until Click on Create Button is Clickable&#xD;
&#xD;
2019-10-31 11:11:40 - [MESSAGE][PASSED] - Object 'Object Repository/Pages/FirstPayVault/button_Create' is clickable&#xD;
&#xD;
2019-10-31 11:11:40 - [MESSAGE][PASSED] - Object 'Object Repository/Pages/FirstPayVault/button_Create' is visible&#xD;
&#xD;
2019-10-31 11:11:41 - [MESSAGE][PASSED] - Object: 'Object Repository/Pages/FirstPayVault/button_Create' is clicked on&#xD;
&#xD;
2019-10-31 11:11:41 - [MESSAGE][INFO] - 1stPayVault.ts: Clicked on the Click on Create Button&#xD;
&#xD;
2019-10-31 11:11:41 - [MESSAGE][PASSED] - utilities.SafeActions.safeClickwithScroll is PASSED&#xD;
&#xD;
2019-10-31 11:11:41 - [TEST_STEP][NOT_RUN] - delay(2): NOT_RUN: delay(2)&#xD;
&#xD;
2019-10-31 11:11:41 - [MESSAGE][NOT_RUN] - NOT_RUN: delay(2)&#xD;
&#xD;
2019-10-31 11:11:41 - [TEST_STEP][PASSED] - popupSavedToVaultMessage = utilities.SafeActions.safeGetText(findTestObject("Pages/FirstPayVault/popup_SavedToVaultMessage"), PageLoadTime): utilities.SafeActions.safeGetText is PASSED&#xD;
&#xD;
2019-10-31 11:11:41 - [MESSAGE][PASSED] - Object 'Object Repository/Pages/FirstPayVault/popup_SavedToVaultMessage' is present&#xD;
&#xD;
2019-10-31 11:11:41 - [MESSAGE][PASSED] - Scroll to object 'Object Repository/Pages/FirstPayVault/popup_SavedToVaultMessage' successfully&#xD;
&#xD;
2019-10-31 11:11:41 - [MESSAGE][PASSED] - Object 'Object Repository/Pages/FirstPayVault/popup_SavedToVaultMessage' is present&#xD;
&#xD;
2019-10-31 11:11:41 - [MESSAGE][PASSED] - Text of object 'Object Repository/Pages/FirstPayVault/popup_SavedToVaultMessage' is: 'Successfully Saved to Vault'&#xD;
&#xD;
2019-10-31 11:11:41 - [MESSAGE][PASSED] - utilities.SafeActions.safeGetText is PASSED&#xD;
&#xD;
2019-10-31 11:11:41 - [TEST_STEP][PASSED] - flag = utilities.SafeActions.verifyPopupMessage("Successfully Saved to Vault", popupSavedToVaultMessage): Popup Message : Successfully Saved to Vault matched with expected message : Successfully Saved to Vault&#xD;
&#xD;
2019-10-31 11:11:41 - [MESSAGE][PASSED] - Popup Message : Successfully Saved to Vault matched with expected message : Successfully Saved to Vault&#xD;
&#xD;
2019-10-31 11:11:41 - [TEST_STEP][NOT_RUN] - delay(2): NOT_RUN: delay(2)&#xD;
&#xD;
2019-10-31 11:11:41 - [MESSAGE][NOT_RUN] - NOT_RUN: delay(2)&#xD;
&#xD;
2019-10-31 11:11:41 - [TEST_STEP][PASSED] - utilities.SafeActions.safeClickWithoutScroll(findTestObject("Pages/FirstPayVault/button_RunSaleWithThisVault_InPopup"), "Click on Run Sale With This Vault in Popup", [delayBetweenTestSteps]): utilities.SafeActions.safeClickWithoutScroll is PASSED&#xD;
&#xD;
2019-10-31 11:11:41 - [MESSAGE][INFO] - Safe Click Without scroll&#xD;
&#xD;
2019-10-31 11:11:41 - [MESSAGE][INFO] - 1stPayVault.ts:waiting until Click on Run Sale With This Vault in Popup is Clickable&#xD;
&#xD;
2019-10-31 11:11:42 - [MESSAGE][PASSED] - Object 'Object Repository/Pages/FirstPayVault/button_RunSaleWithThisVault_InPopup' is clickable&#xD;
&#xD;
2019-10-31 11:11:42 - [MESSAGE][PASSED] - Object 'Object Repository/Pages/FirstPayVault/button_RunSaleWithThisVault_InPopup' is visible&#xD;
&#xD;
2019-10-31 11:11:43 - [MESSAGE][PASSED] - Object: 'Object Repository/Pages/FirstPayVault/button_RunSaleWithThisVault_InPopup' is clicked on&#xD;
&#xD;
2019-10-31 11:11:43 - [MESSAGE][INFO] - 1stPayVault.ts: click on the Click on Run Sale With This Vault in Popup&#xD;
&#xD;
2019-10-31 11:11:43 - [MESSAGE][PASSED] - utilities.SafeActions.safeClickWithoutScroll is PASSED&#xD;
&#xD;
2019-10-31 11:11:43 - [TEST_STEP][NOT_RUN] - delay(1): NOT_RUN: delay(1)&#xD;
&#xD;
2019-10-31 11:11:43 - [MESSAGE][NOT_RUN] - NOT_RUN: delay(1)&#xD;
&#xD;
2019-10-31 11:11:43 - [TEST_STEP][PASSED] - value = utilities.SafeActions.getAttributeValue(findTestObject("Pages/FirstPayVault/tab_1stPayVault_Active"), "1st_PayVault"): The screen is 1st_PayVault screen&#xD;
&#xD;
2019-10-31 11:11:43 - [MESSAGE][PASSED] - Attribute 'class' of object 'Object Repository/Pages/FirstPayVault/tab_1stPayVault_Active' is: 'active_tab tabs__link'&#xD;
&#xD;
2019-10-31 11:11:43 - [MESSAGE][PASSED] - The screen is 1st_PayVault screen&#xD;
&#xD;
2019-10-31 11:11:43 - [TEST_STEP][PASSED] - scrollToElement(findTestObject("Pages/FirstPayVault/input_Amount"), PageLoadTime): Scroll to object 'Object Repository/Pages/FirstPayVault/input_Amount' successfully&#xD;
&#xD;
2019-10-31 11:11:43 - [MESSAGE][PASSED] - Scroll to object 'Object Repository/Pages/FirstPayVault/input_Amount' successfully&#xD;
&#xD;
2019-10-31 11:11:43 - [TEST_STEP][PASSED] - utilities.SafeActions.safeType(findTestObject("Pages/FirstPayVault/input_Amount"), amount, "Enter Amount", [PageLoadTime]): utilities.SafeActions.safeType is PASSED&#xD;
&#xD;
2019-10-31 11:11:43 - [MESSAGE][PASSED] - Object 'Object Repository/Pages/FirstPayVault/input_Amount' is present&#xD;
&#xD;
2019-10-31 11:11:43 - [MESSAGE][PASSED] - Scroll to object 'Object Repository/Pages/FirstPayVault/input_Amount' successfully&#xD;
&#xD;
2019-10-31 11:11:43 - [MESSAGE][PASSED] - Object 'Object Repository/Pages/FirstPayVault/input_Amount' is present&#xD;
&#xD;
2019-10-31 11:11:44 - [MESSAGE][PASSED] - Object: 'Object Repository/Pages/FirstPayVault/input_Amount' is clicked on&#xD;
&#xD;
2019-10-31 11:11:44 - [MESSAGE][PASSED] - Text '450' is set on object 'Object Repository/Pages/FirstPayVault/input_Amount'&#xD;
&#xD;
2019-10-31 11:11:44 - [MESSAGE][PASSED] - utilities.SafeActions.safeType is PASSED&#xD;
&#xD;
2019-10-31 11:11:44 - [TEST_STEP][PASSED] - salesTax = utilities.SafeActions.safeGetText(findTestObject("Pages/FirstPayVault/input_SalesTaxUnderAmount"), delayBetweenTestSteps): utilities.SafeActions.safeGetText is PASSED&#xD;
&#xD;
2019-10-31 11:11:44 - [MESSAGE][PASSED] - Object 'Object Repository/Pages/FirstPayVault/input_SalesTaxUnderAmount' is present&#xD;
&#xD;
2019-10-31 11:11:44 - [MESSAGE][PASSED] - Scroll to object 'Object Repository/Pages/FirstPayVault/input_SalesTaxUnderAmount' successfully&#xD;
&#xD;
2019-10-31 11:11:44 - [MESSAGE][PASSED] - Object 'Object Repository/Pages/FirstPayVault/input_SalesTaxUnderAmount' is present&#xD;
&#xD;
2019-10-31 11:11:45 - [MESSAGE][PASSED] - Text of object 'Object Repository/Pages/FirstPayVault/input_SalesTaxUnderAmount' is: '$37.13'&#xD;
&#xD;
2019-10-31 11:11:45 - [MESSAGE][PASSED] - utilities.SafeActions.safeGetText is PASSED&#xD;
&#xD;
2019-10-31 11:11:45 - [TEST_STEP][PASSED] - pages.FirstPayVault.verifyAmountIsNotZero(salesTax): pages.FirstPayVault.verifyAmountIsNotZero is PASSED&#xD;
&#xD;
2019-10-31 11:11:45 - [MESSAGE][PASSED] - pages.FirstPayVault.verifyAmountIsNotZero is PASSED&#xD;
&#xD;
2019-10-31 11:11:45 - [TEST_STEP][PASSED] - scrollToElement(findTestObject("Pages/FirstPayVault/input_CreditCardNumberForVerification"), delayBetweenTestSteps): Scroll to object 'Object Repository/Pages/FirstPayVault/input_CreditCardNumberForVerification' successfully&#xD;
&#xD;
2019-10-31 11:11:45 - [MESSAGE][PASSED] - Scroll to object 'Object Repository/Pages/FirstPayVault/input_CreditCardNumberForVerification' successfully&#xD;
&#xD;
2019-10-31 11:11:45 - [TEST_STEP][PASSED] - cardNumber = utilities.SafeActions.getAttribute(findTestObject("Pages/FirstPayVault/input_CreditCardNumberForVerification"), "1st Pay Vault"): utilities.SafeActions.getAttribute is PASSED&#xD;
&#xD;
2019-10-31 11:11:45 - [MESSAGE][PASSED] - Attribute 'value' of object 'Object Repository/Pages/FirstPayVault/input_CreditCardNumberForVerification' is: '411111******1111'&#xD;
&#xD;
2019-10-31 11:11:45 - [MESSAGE][PASSED] - utilities.SafeActions.getAttribute is PASSED&#xD;
&#xD;
2019-10-31 11:11:45 - [TEST_STEP][PASSED] - pages.FirstPayVault.verifyCardNumber(cardNumber, visaCardNumber): Actual String : 4111111111111111 matched with Expected message : 411111******1111&#xD;
&#xD;
2019-10-31 11:11:45 - [MESSAGE][PASSED] - Actual String : 4111111111111111 matched with Expected message : 411111******1111&#xD;
&#xD;
2019-10-31 11:11:45 - [TEST_STEP][PASSED] - expirationYear = utilities.SafeActions.getAttribute(findTestObject("Pages/FirstPayVault/dropDownExpirationYearForVerification"), "1st Pay Vault"): utilities.SafeActions.getAttribute is PASSED&#xD;
&#xD;
2019-10-31 11:11:45 - [MESSAGE][PASSED] - Attribute 'value' of object 'Object Repository/Pages/FirstPayVault/dropDownExpirationYearForVerification' is: '2022'&#xD;
&#xD;
2019-10-31 11:11:45 - [MESSAGE][PASSED] - utilities.SafeActions.getAttribute is PASSED&#xD;
&#xD;
2019-10-31 11:11:45 - [TEST_STEP][PASSED] - pages.FirstPayVault.verifyStrings(expirationYear, cardYear): Actual String : 2022 matched with Expected message : 2022&#xD;
&#xD;
2019-10-31 11:11:45 - [MESSAGE][PASSED] - Actual String : 2022 matched with Expected message : 2022&#xD;
&#xD;
2019-10-31 11:11:45 - [TEST_STEP][PASSED] - scrollToElement(findTestObject("Pages/FirstPayVault/input_VerifyCardHolderName"), PageLoadTime): Scroll to object 'Object Repository/Pages/FirstPayVault/input_VerifyCardHolderName' successfully&#xD;
&#xD;
2019-10-31 11:11:45 - [MESSAGE][PASSED] - Scroll to object 'Object Repository/Pages/FirstPayVault/input_VerifyCardHolderName' successfully&#xD;
&#xD;
2019-10-31 11:11:45 - [TEST_STEP][PASSED] - name = utilities.SafeActions.getAttribute(findTestObject("Pages/FirstPayVault/input_VerifyCardHolderName"), "1stPayVault"): utilities.SafeActions.getAttribute is PASSED&#xD;
&#xD;
2019-10-31 11:11:46 - [MESSAGE][PASSED] - Attribute 'value' of object 'Object Repository/Pages/FirstPayVault/input_VerifyCardHolderName' is: 'Venkat Sai'&#xD;
&#xD;
2019-10-31 11:11:46 - [MESSAGE][PASSED] - utilities.SafeActions.getAttribute is PASSED&#xD;
&#xD;
2019-10-31 11:11:46 - [TEST_STEP][PASSED] - pages.FirstPayVault.verifyStrings(name, customerName): Actual String : Venkat Sai matched with Expected message : Venkat Sai&#xD;
&#xD;
2019-10-31 11:11:46 - [MESSAGE][PASSED] - Actual String : Venkat Sai matched with Expected message : Venkat Sai&#xD;
&#xD;
2019-10-31 11:11:46 - [TEST_STEP][PASSED] - scrollToElement(findTestObject("Pages/FirstPayVault/checkbox_TaxExempt"), PageLoadTime): Scroll to object 'Object Repository/Pages/FirstPayVault/checkbox_TaxExempt' successfully&#xD;
&#xD;
2019-10-31 11:11:46 - [MESSAGE][PASSED] - Scroll to object 'Object Repository/Pages/FirstPayVault/checkbox_TaxExempt' successfully&#xD;
&#xD;
2019-10-31 11:11:46 - [TEST_STEP][NOT_RUN] - salesTax = utilities.SafeActions.safeGetText(findTestObject("Pages/FirstPayVault/amount_UnderPurchaseCardInformation"), delayBetweenTestSteps): NOT_RUN: salesTax = utilities.SafeActions.safeGetText(findTestObject("Pages/FirstPayVault/amount_UnderPurchaseCardInformation"), delayBetweenTestSteps)&#xD;
&#xD;
2019-10-31 11:11:46 - [MESSAGE][NOT_RUN] - NOT_RUN: salesTax = utilities.SafeActions.safeGetText(findTestObject("Pages/FirstPayVault/amount_UnderPurchaseCardInformation"), delayBetweenTestSteps)&#xD;
&#xD;
2019-10-31 11:11:46 - [TEST_STEP][PASSED] - pages.FirstPayVault.verifyAmountIsNotZero(salesTax): pages.FirstPayVault.verifyAmountIsNotZero is PASSED&#xD;
&#xD;
2019-10-31 11:11:46 - [MESSAGE][PASSED] - pages.FirstPayVault.verifyAmountIsNotZero is PASSED&#xD;
&#xD;
2019-10-31 11:11:46 - [TEST_STEP][PASSED] - utilities.SafeActions.safeCheckForElement(findTestObject("Pages/FirstPayVault/checkbox_TaxExempt"), PageLoadTime): utilities.SafeActions.safeCheckForElement is PASSED&#xD;
&#xD;
2019-10-31 11:11:46 - [MESSAGE][PASSED] - Object 'Object Repository/Pages/FirstPayVault/checkbox_TaxExempt' is present&#xD;
&#xD;
2019-10-31 11:11:46 - [MESSAGE][PASSED] - Object 'Object Repository/Pages/FirstPayVault/checkbox_TaxExempt' is visible&#xD;
&#xD;
2019-10-31 11:11:46 - [MESSAGE][PASSED] - Object 'Object Repository/Pages/FirstPayVault/checkbox_TaxExempt' is present&#xD;
&#xD;
2019-10-31 11:11:47 - [MESSAGE][PASSED] - Object 'Object Repository/Pages/FirstPayVault/checkbox_TaxExempt' is checked&#xD;
&#xD;
2019-10-31 11:11:47 - [MESSAGE][PASSED] - utilities.SafeActions.safeCheckForElement is PASSED&#xD;
&#xD;
2019-10-31 11:11:47 - [TEST_STEP][PASSED] - utilities.SafeActions.safeClickwithScroll(findTestObject("Pages/FirstPayVault/button_Checkout"), "Click on Checkout", [PageLoadTime]): utilities.SafeActions.safeClickwithScroll is PASSED&#xD;
&#xD;
2019-10-31 11:11:47 - [MESSAGE][PASSED] - Object 'Object Repository/Pages/FirstPayVault/button_Checkout' is present&#xD;
&#xD;
2019-10-31 11:11:47 - [MESSAGE][PASSED] - Object 'Object Repository/Pages/FirstPayVault/button_Checkout' is visible&#xD;
&#xD;
2019-10-31 11:11:47 - [MESSAGE][INFO] - 1stPayVault.ts:waiting until Click on Checkout is Clickable&#xD;
&#xD;
2019-10-31 11:11:47 - [MESSAGE][PASSED] - Object 'Object Repository/Pages/FirstPayVault/button_Checkout' is clickable&#xD;
&#xD;
2019-10-31 11:11:47 - [MESSAGE][PASSED] - Object 'Object Repository/Pages/FirstPayVault/button_Checkout' is visible&#xD;
&#xD;
2019-10-31 11:11:48 - [MESSAGE][PASSED] - Object: 'Object Repository/Pages/FirstPayVault/button_Checkout' is clicked on&#xD;
&#xD;
2019-10-31 11:11:48 - [MESSAGE][INFO] - 1stPayVault.ts: Clicked on the Click on Checkout&#xD;
&#xD;
2019-10-31 11:11:48 - [MESSAGE][PASSED] - utilities.SafeActions.safeClickwithScroll is PASSED&#xD;
&#xD;
2019-10-31 11:11:48 - [TEST_STEP][PASSED] - pages.Sale.verifyTransactionCompletePage(findTestObject("Pages/Sale/heading_TransactionComplete")): The screen is Transaction Complete screen&#xD;
&#xD;
2019-10-31 11:11:48 - [MESSAGE][PASSED] - Object 'Object Repository/Pages/Sale/heading_TransactionComplete' is present&#xD;
&#xD;
2019-10-31 11:11:49 - [MESSAGE][PASSED] - The screen is Transaction Complete screen&#xD;
&#xD;
2019-10-31 11:11:49 - [TEST_STEP][NOT_RUN] - delay(delayBetweenTestSteps): NOT_RUN: delay(delayBetweenTestSteps)&#xD;
&#xD;
2019-10-31 11:11:49 - [MESSAGE][NOT_RUN] - NOT_RUN: delay(delayBetweenTestSteps)&#xD;
&#xD;
2019-10-31 11:11:49 - [TEST_STEP][PASSED] - utilities.SafeActions.safeClickWithoutScroll(findTestObject("Pages/FirstPayVault/button_ReturnToSale_InTransactionComplete"), "Click On Return Button", [PageLoadTime]): utilities.SafeActions.safeClickWithoutScroll is PASSED&#xD;
&#xD;
2019-10-31 11:11:49 - [MESSAGE][INFO] - Safe Click Without scroll&#xD;
&#xD;
2019-10-31 11:11:49 - [MESSAGE][INFO] - 1stPayVault.ts:waiting until Click On Return Button is Clickable&#xD;
&#xD;
2019-10-31 11:11:49 - [MESSAGE][PASSED] - Object 'Object Repository/Pages/FirstPayVault/button_ReturnToSale_InTransactionComplete' is clickable&#xD;
&#xD;
2019-10-31 11:11:49 - [MESSAGE][PASSED] - Object 'Object Repository/Pages/FirstPayVault/button_ReturnToSale_InTransactionComplete' is visible&#xD;
&#xD;
2019-10-31 11:11:50 - [MESSAGE][PASSED] - Object: 'Object Repository/Pages/FirstPayVault/button_ReturnToSale_InTransactionComplete' is clicked on&#xD;
&#xD;
2019-10-31 11:11:50 - [MESSAGE][INFO] - 1stPayVault.ts: click on the Click On Return Button&#xD;
&#xD;
2019-10-31 11:11:50 - [MESSAGE][PASSED] - utilities.SafeActions.safeClickWithoutScroll is PASSED&#xD;
&#xD;
2019-10-31 11:11:50 - [TEST_STEP][PASSED] - utilities.SafeActions.safeClickWithoutScroll(findTestObject("Pages/FirstPayVault/tab_FirstPayVault"), "Click on FirstPayVault tab", [PageLoadTime]): utilities.SafeActions.safeClickWithoutScroll is PASSED&#xD;
&#xD;
2019-10-31 11:11:50 - [MESSAGE][INFO] - Safe Click Without scroll&#xD;
&#xD;
2019-10-31 11:11:50 - [MESSAGE][INFO] - 1stPayVault.ts:waiting until Click on FirstPayVault tab is Clickable&#xD;
&#xD;
2019-10-31 11:11:50 - [MESSAGE][PASSED] - Object 'Object Repository/Pages/FirstPayVault/tab_FirstPayVault' is clickable&#xD;
&#xD;
2019-10-31 11:11:50 - [MESSAGE][PASSED] - Object 'Object Repository/Pages/FirstPayVault/tab_FirstPayVault' is visible&#xD;
&#xD;
2019-10-31 11:11:51 - [MESSAGE][PASSED] - Object: 'Object Repository/Pages/FirstPayVault/tab_FirstPayVault' is clicked on&#xD;
&#xD;
2019-10-31 11:11:51 - [MESSAGE][INFO] - 1stPayVault.ts: click on the Click on FirstPayVault tab&#xD;
&#xD;
2019-10-31 11:11:51 - [MESSAGE][PASSED] - utilities.SafeActions.safeClickWithoutScroll is PASSED&#xD;
&#xD;
2019-10-31 11:11:51 - [TEST_STEP][PASSED] - utilities.SafeActions.safeClickwithScroll(findTestObject("Pages/FirstPayVault/button_SearchVault"), "Click on Search Vault", [PageLoadTime]): utilities.SafeActions.safeClickwithScroll is PASSED&#xD;
&#xD;
2019-10-31 11:11:51 - [MESSAGE][PASSED] - Object 'Object Repository/Pages/FirstPayVault/button_SearchVault' is present&#xD;
&#xD;
2019-10-31 11:11:51 - [MESSAGE][PASSED] - Object 'Object Repository/Pages/FirstPayVault/button_SearchVault' is visible&#xD;
&#xD;
2019-10-31 11:11:51 - [MESSAGE][INFO] - 1stPayVault.ts:waiting until Click on Search Vault is Clickable&#xD;
&#xD;
2019-10-31 11:11:51 - [MESSAGE][PASSED] - Object 'Object Repository/Pages/FirstPayVault/button_SearchVault' is clickable&#xD;
&#xD;
2019-10-31 11:11:51 - [MESSAGE][PASSED] - Object 'Object Repository/Pages/FirstPayVault/button_SearchVault' is visible&#xD;
&#xD;
2019-10-31 11:11:52 - [MESSAGE][PASSED] - Object: 'Object Repository/Pages/FirstPayVault/button_SearchVault' is clicked on&#xD;
&#xD;
2019-10-31 11:11:52 - [MESSAGE][INFO] - 1stPayVault.ts: Clicked on the Click on Search Vault&#xD;
&#xD;
2019-10-31 11:11:52 - [MESSAGE][PASSED] - utilities.SafeActions.safeClickwithScroll is PASSED&#xD;
&#xD;
2019-10-31 11:11:52 - [TEST_STEP][PASSED] - utilities.SafeActions.safeClickWithoutScroll(findTestObject("Pages/FirstPayVault/button_Search"), "Click On Search button", [PageLoadTime]): utilities.SafeActions.safeClickWithoutScroll is PASSED&#xD;
&#xD;
2019-10-31 11:11:52 - [MESSAGE][INFO] - Safe Click Without scroll&#xD;
&#xD;
2019-10-31 11:11:52 - [MESSAGE][INFO] - 1stPayVault.ts:waiting until Click On Search button is Clickable&#xD;
&#xD;
2019-10-31 11:11:52 - [MESSAGE][PASSED] - Object 'Object Repository/Pages/FirstPayVault/button_Search' is clickable&#xD;
&#xD;
2019-10-31 11:11:52 - [MESSAGE][PASSED] - Object 'Object Repository/Pages/FirstPayVault/button_Search' is visible&#xD;
&#xD;
2019-10-31 11:11:53 - [MESSAGE][PASSED] - Object: 'Object Repository/Pages/FirstPayVault/button_Search' is clicked on&#xD;
&#xD;
2019-10-31 11:11:53 - [MESSAGE][INFO] - 1stPayVault.ts: click on the Click On Search button&#xD;
&#xD;
2019-10-31 11:11:53 - [MESSAGE][PASSED] - utilities.SafeActions.safeClickWithoutScroll is PASSED&#xD;
&#xD;
2019-10-31 11:11:53 - [TEST_STEP][PASSED] - scrollToElement(findTestObject("Pages/Transaction_Management/invoice_ForTransaction"), PageLoadTime): Scroll to object 'Object Repository/Pages/Transaction_Management/invoice_ForTransaction' successfully&#xD;
&#xD;
2019-10-31 11:11:56 - [MESSAGE][PASSED] - Scroll to object 'Object Repository/Pages/Transaction_Management/invoice_ForTransaction' successfully&#xD;
&#xD;
2019-10-31 11:11:56 - [TEST_STEP][PASSED] - pages.FirstPayVault.verifyInvoiceRecord(findTestObject("Pages/FirstPayVault/footer_NextButton"), findTestObject("Pages/FirstPayVault/page_Number"), vaultReference): The Vault is found in page 1&#xD;
&#xD;
2019-10-31 11:11:57 - [MESSAGE][PASSED] - Text of object 'Object Repository/Pages/FirstPayVault/page_Number' is: 'Page 1 of 29'&#xD;
&#xD;
2019-10-31 11:11:57 - [MESSAGE][PASSED] - The Vault is found in page 1&#xD;
&#xD;
2019-10-31 11:11:57 - [TEST_STEP][NOT_RUN] - delay(2): NOT_RUN: delay(2)&#xD;
&#xD;
2019-10-31 11:11:57 - [MESSAGE][NOT_RUN] - NOT_RUN: delay(2)&#xD;
&#xD;
2019-10-31 11:11:57 - [TEST_STEP][PASSED] - closeBrowser(): Browser is closed&#xD;
&#xD;
2019-10-31 11:12:11 - [MESSAGE][PASSED] - Browser is closed&#xD;
&#xD;
2019-10-31 11:12:11 - [TEST_STEP][PASSED] - Start listener action : sampleAfterTestCase: null&#xD;
&#xD;
2019-10-31 11:12:11 - [TEST_STEP][PASSED] - println(testCaseContext.getTestCaseId()): null&#xD;
&#xD;
2019-10-31 11:12:11 - [TEST_STEP][PASSED] - println(testCaseContext.getTestCaseStatus()): null&#xD;
&#xD;
2019-10-31 11:12:11 - [TEST_STEP][PASSED] - testCaseName = testCaseContext.getTestCaseId(): null&#xD;
&#xD;
2019-10-31 11:12:11 - [TEST_STEP][PASSED] - strCount = testCaseName.lastIndexOf("/"): null&#xD;
&#xD;
2019-10-31 11:12:11 - [TEST_STEP][PASSED] - testCaseName = testCaseName.substring(strCount): null&#xD;
&#xD;
2019-10-31 11:12:11 - [TEST_STEP][PASSED] - println(testCaseName): null&#xD;
&#xD;
2019-10-31 11:12:11 - [TEST_STEP][PASSED] - if (getTestCaseStatus().equalsIgnoreCase("Error")): null&#xD;
&#xD;
2019-10-31 11:12:11 - [TEST_STEP][PASSED] - Start listener action : sampleAfterTestCase: null</system-out>
            <system-err></system-err>
        </testcase>
        <testcase name="Test Cases/FirstView/FirstPayVault/TC_1st_Pay_Vault_005" classname="Test Cases/FirstView/FirstPayVault/TC_1st_Pay_Vault_005" status="PASSED">
            <system-out>2019-10-31 11:12:11 - [TEST_CASE][PASSED] - Test Cases/FirstView/FirstPayVault/TC_1st_Pay_Vault_005: Test Cases/FirstView/FirstPayVault/TC_1st_Pay_Vault_005&#xD;
&#xD;
2019-10-31 11:12:11 - [TEST_STEP][PASSED] - Start listener action : sampleBeforeTestCase: null&#xD;
&#xD;
2019-10-31 11:12:11 - [TEST_STEP][PASSED] - println(testCaseContext.getTestCaseId()): null&#xD;
&#xD;
2019-10-31 11:12:11 - [TEST_STEP][PASSED] - println(testCaseContext.getTestCaseVariables()): null&#xD;
&#xD;
2019-10-31 11:12:12 - [TEST_STEP][NOT_RUN] - utilities.SafeActions.safeClickWithoutScrollOnLabel(Old_URL, [PageLoadTime], []): NOT_RUN: utilities.SafeActions.safeClickWithoutScrollOnLabel(Old_URL, [PageLoadTime], [])&#xD;
&#xD;
2019-10-31 11:12:12 - [MESSAGE][NOT_RUN] - NOT_RUN: utilities.SafeActions.safeClickWithoutScrollOnLabel(Old_URL, [PageLoadTime], [])&#xD;
&#xD;
2019-10-31 11:12:12 - [TEST_STEP][NOT_RUN] - delay(6): NOT_RUN: delay(6)&#xD;
&#xD;
2019-10-31 11:12:12 - [MESSAGE][NOT_RUN] - NOT_RUN: delay(6)&#xD;
&#xD;
2019-10-31 11:12:12 - [TEST_STEP][NOT_RUN] - utilities.SafeActions.safeSelectOptionInDropDownByVisibleText(findTestObject("Pages/Sale/dropDown_AccountType"), "ranjanatest2 - 888814981372/001 Account Type: Retail", "Select by Value", [25]): NOT_RUN: utilities.SafeActions.safeSelectOptionInDropDownByVisibleText(findTestObject("Pages/Sale/dropDown_AccountType"), "ranjanatest2 - 888814981372/001 Account Type: Retail", "Select by Value", [25])&#xD;
&#xD;
2019-10-31 11:12:12 - [MESSAGE][NOT_RUN] - NOT_RUN: utilities.SafeActions.safeSelectOptionInDropDownByVisibleText(findTestObject("Pages/Sale/dropDown_AccountType"), "ranjanatest2 - 888814981372/001 Account Type: Retail", "Select by Value", [25])&#xD;
&#xD;
2019-10-31 11:12:12 - [TEST_STEP][PASSED] - utilities.SafeActions.openBrowser(URL, [PageLoadTime]): utilities.SafeActions.openBrowser is PASSED&#xD;
&#xD;
2019-10-31 11:12:12 - [MESSAGE][INFO] - Opening Browser&#xD;
&#xD;
2019-10-31 11:12:12 - [MESSAGE][INFO] - Starting 'Firefox' driver&#xD;
&#xD;
2019-10-31 11:12:53 - [MESSAGE][PASSED] - Browser is opened with url: 'https://q-www-firstview-net.faps.net/MVC/Account/Login'&#xD;
&#xD;
2019-10-31 11:12:53 - [MESSAGE][PASSED] - Current window maximized&#xD;
&#xD;
2019-10-31 11:12:53 - [MESSAGE][INFO] - Browser Launched Successfully&#xD;
&#xD;
2019-10-31 11:12:53 - [MESSAGE][PASSED] - utilities.SafeActions.openBrowser is PASSED&#xD;
&#xD;
2019-10-31 11:12:53 - [TEST_STEP][PASSED] - pages.Login.login(uName, password): pages.Login.login is PASSED&#xD;
&#xD;
2019-10-31 11:12:53 - [MESSAGE][PASSED] - Object 'Object Repository/Pages/Login/userName' is present&#xD;
&#xD;
2019-10-31 11:12:53 - [MESSAGE][PASSED] - Scroll to object 'Object Repository/Pages/Login/userName' successfully&#xD;
&#xD;
2019-10-31 11:12:53 - [MESSAGE][PASSED] - Object 'Object Repository/Pages/Login/userName' is present&#xD;
&#xD;
2019-10-31 11:12:54 - [MESSAGE][PASSED] - Object: 'Object Repository/Pages/Login/userName' is clicked on&#xD;
&#xD;
2019-10-31 11:12:54 - [MESSAGE][PASSED] - Text 'ZenQRetail' is set on object 'Object Repository/Pages/Login/userName'&#xD;
&#xD;
2019-10-31 11:12:54 - [MESSAGE][PASSED] - Object 'Object Repository/Pages/Login/password' is present&#xD;
&#xD;
2019-10-31 11:12:54 - [MESSAGE][PASSED] - Scroll to object 'Object Repository/Pages/Login/password' successfully&#xD;
&#xD;
2019-10-31 11:12:54 - [MESSAGE][PASSED] - Object 'Object Repository/Pages/Login/password' is present&#xD;
&#xD;
2019-10-31 11:12:55 - [MESSAGE][PASSED] - Object: 'Object Repository/Pages/Login/password' is clicked on&#xD;
&#xD;
2019-10-31 11:12:55 - [MESSAGE][PASSED] - Text 'P@ssword1' is set on object 'Object Repository/Pages/Login/password'&#xD;
&#xD;
2019-10-31 11:12:55 - [MESSAGE][INFO] - Safe Click Without scroll&#xD;
&#xD;
2019-10-31 11:12:55 - [MESSAGE][INFO] - 1stPayVault.ts:waiting until Click on Login is Clickable&#xD;
&#xD;
2019-10-31 11:12:55 - [MESSAGE][PASSED] - Object 'Object Repository/Pages/Login/login' is clickable&#xD;
&#xD;
2019-10-31 11:12:55 - [MESSAGE][PASSED] - Object 'Object Repository/Pages/Login/login' is visible&#xD;
&#xD;
2019-10-31 11:12:58 - [MESSAGE][PASSED] - Object: 'Object Repository/Pages/Login/login' is clicked on&#xD;
&#xD;
2019-10-31 11:12:58 - [MESSAGE][INFO] - 1stPayVault.ts: click on the Click on Login&#xD;
&#xD;
2019-10-31 11:12:58 - [MESSAGE][PASSED] - pages.Login.login is PASSED&#xD;
&#xD;
2019-10-31 11:12:58 - [TEST_STEP][PASSED] - callTestCase(findTestCase("FirstView/Login/TC_SendCode"), [:], STOP_ON_FAILURE): Call Test Case 'Test Cases/FirstView/Login/TC_SendCode' successfully&#xD;
&#xD;
2019-10-31 11:12:58 - [TEST_CASE][PASSED] - Test Cases/FirstView/Login/TC_SendCode: Test Cases/FirstView/Login/TC_SendCode&#xD;
&#xD;
2019-10-31 11:12:58 - [TEST_STEP][PASSED] - flag = pages.SendCode.verifyPage(): pages.SendCode.verifyPage is PASSED&#xD;
&#xD;
2019-10-31 11:12:58 - [MESSAGE][PASSED] - Object 'Object Repository/Pages/SendCodeToValidate/header_SendCodeToValidate' is present and visible in viewport&#xD;
&#xD;
2019-10-31 11:12:58 - [MESSAGE][PASSED] - pages.SendCode.verifyPage is PASSED&#xD;
&#xD;
2019-10-31 11:12:58 - [TEST_STEP][PASSED] - if (flag): pages.SendCode.clickonUserSettings is PASSED&#xD;
&#xD;
2019-10-31 11:12:58 - [TEST_STEP][PASSED] - pages.SendCode.clickonUserSettings(): pages.SendCode.clickonUserSettings is PASSED&#xD;
&#xD;
2019-10-31 11:12:58 - [MESSAGE][PASSED] - Object 'Object Repository/Pages/SendCodeToValidate/link_UserSettings' is present&#xD;
&#xD;
2019-10-31 11:12:58 - [MESSAGE][PASSED] - Object 'Object Repository/Pages/SendCodeToValidate/link_UserSettings' is visible&#xD;
&#xD;
2019-10-31 11:12:58 - [MESSAGE][INFO] - 1stPayVault.ts:waiting until Click on User Settings is Clickable&#xD;
&#xD;
2019-10-31 11:12:59 - [MESSAGE][PASSED] - Object 'Object Repository/Pages/SendCodeToValidate/link_UserSettings' is clickable&#xD;
&#xD;
2019-10-31 11:12:59 - [MESSAGE][PASSED] - Object 'Object Repository/Pages/SendCodeToValidate/link_UserSettings' is visible&#xD;
&#xD;
2019-10-31 11:13:02 - [MESSAGE][PASSED] - Object: 'Object Repository/Pages/SendCodeToValidate/link_UserSettings' is clicked on&#xD;
&#xD;
2019-10-31 11:13:02 - [MESSAGE][INFO] - 1stPayVault.ts: Clicked on the Click on User Settings&#xD;
&#xD;
2019-10-31 11:13:02 - [MESSAGE][PASSED] - pages.SendCode.clickonUserSettings is PASSED&#xD;
&#xD;
2019-10-31 11:13:02 - [MESSAGE][PASSED] - Call Test Case 'Test Cases/FirstView/Login/TC_SendCode' successfully&#xD;
&#xD;
2019-10-31 11:13:02 - [TEST_STEP][PASSED] - callTestCase(findTestCase("FirstView/Login/TC_FirstView"), [:], STOP_ON_FAILURE): Call Test Case 'Test Cases/FirstView/Login/TC_FirstView' successfully&#xD;
&#xD;
2019-10-31 11:13:02 - [TEST_CASE][PASSED] - Test Cases/FirstView/Login/TC_FirstView: Test Cases/FirstView/Login/TC_FirstView&#xD;
&#xD;
2019-10-31 11:13:02 - [TEST_STEP][NOT_RUN] - utilities.SafeActions.safeClickWithoutScroll(findTestObject("Pages/FirstView/link_Home"), "Click on Home button in First View screen", [PageLoadTime]): NOT_RUN: utilities.SafeActions.safeClickWithoutScroll(findTestObject("Pages/FirstView/link_Home"), "Click on Home button in First View screen", [PageLoadTime])&#xD;
&#xD;
2019-10-31 11:13:02 - [MESSAGE][NOT_RUN] - NOT_RUN: utilities.SafeActions.safeClickWithoutScroll(findTestObject("Pages/FirstView/link_Home"), "Click on Home button in First View screen", [PageLoadTime])&#xD;
&#xD;
2019-10-31 11:13:02 - [TEST_STEP][PASSED] - delay(3): Delayed 3 second(s)&#xD;
&#xD;
2019-10-31 11:13:06 - [MESSAGE][PASSED] - Delayed 3 second(s)&#xD;
&#xD;
2019-10-31 11:13:06 - [TEST_STEP][PASSED] - utilities.SafeActions.javascriptclick(findTestObject("Pages/FirstView/link_Home"), delayForElement): utilities.SafeActions.javascriptclick is PASSED&#xD;
&#xD;
2019-10-31 11:13:06 - [MESSAGE][PASSED] - utilities.SafeActions.javascriptclick is PASSED&#xD;
&#xD;
2019-10-31 11:13:06 - [TEST_STEP][PASSED] - utilities.SafeActions.safeClickWithoutScroll(findTestObject("Pages/FirstView/link_VPOS"), "Click on VPOS button in First View screen", [PageLoadTime]): utilities.SafeActions.safeClickWithoutScroll is PASSED&#xD;
&#xD;
2019-10-31 11:13:06 - [MESSAGE][INFO] - Safe Click Without scroll&#xD;
&#xD;
2019-10-31 11:13:06 - [MESSAGE][INFO] - 1stPayVault.ts:waiting until Click on VPOS button in First View screen is Clickable&#xD;
&#xD;
2019-10-31 11:13:07 - [MESSAGE][PASSED] - Object 'Object Repository/Pages/FirstView/link_VPOS' is clickable&#xD;
&#xD;
2019-10-31 11:13:08 - [MESSAGE][PASSED] - Object 'Object Repository/Pages/FirstView/link_VPOS' is visible&#xD;
&#xD;
2019-10-31 11:13:10 - [MESSAGE][PASSED] - Object: 'Object Repository/Pages/FirstView/link_VPOS' is clicked on&#xD;
&#xD;
2019-10-31 11:13:10 - [MESSAGE][INFO] - 1stPayVault.ts: click on the Click on VPOS button in First View screen&#xD;
&#xD;
2019-10-31 11:13:10 - [MESSAGE][PASSED] - utilities.SafeActions.safeClickWithoutScroll is PASSED&#xD;
&#xD;
2019-10-31 11:13:10 - [MESSAGE][PASSED] - Call Test Case 'Test Cases/FirstView/Login/TC_FirstView' successfully&#xD;
&#xD;
2019-10-31 11:13:10 - [TEST_STEP][PASSED] - switchToWindowTitle("Transcenter - VPOS"): Switched to window with title: 'Transcenter - VPOS'&#xD;
&#xD;
2019-10-31 11:13:16 - [MESSAGE][PASSED] - Switched to window with title: 'Transcenter - VPOS'&#xD;
&#xD;
2019-10-31 11:13:16 - [TEST_STEP][PASSED] - focus(findTestObject("Pages/FirstPayVault/tab_FirstPayVault")): Object: 'Object Repository/Pages/FirstPayVault/tab_FirstPayVault' is focused&#xD;
&#xD;
2019-10-31 11:13:22 - [MESSAGE][PASSED] - Object: 'Object Repository/Pages/FirstPayVault/tab_FirstPayVault' is focused&#xD;
&#xD;
2019-10-31 11:13:22 - [TEST_STEP][PASSED] - utilities.SafeActions.javascriptclick(findTestObject("Pages/FirstPayVault/tab_FirstPayVault"), PageLoadTime): utilities.SafeActions.javascriptclick is PASSED&#xD;
&#xD;
2019-10-31 11:13:23 - [MESSAGE][PASSED] - utilities.SafeActions.javascriptclick is PASSED&#xD;
&#xD;
2019-10-31 11:13:23 - [TEST_STEP][PASSED] - delay(delayForElement): Delayed 6 second(s)&#xD;
&#xD;
2019-10-31 11:13:29 - [MESSAGE][PASSED] - Delayed 6 second(s)&#xD;
&#xD;
2019-10-31 11:13:29 - [TEST_STEP][PASSED] - utilities.SafeActions.safeClickWithoutScroll(findTestObject("Pages/FirstPayVault/tab_FirstPayVault"), "Click on FistPayVault tab", [delayForElement]): utilities.SafeActions.safeClickWithoutScroll is PASSED&#xD;
&#xD;
2019-10-31 11:13:29 - [MESSAGE][INFO] - Safe Click Without scroll&#xD;
&#xD;
2019-10-31 11:13:29 - [MESSAGE][INFO] - 1stPayVault.ts:waiting until Click on FistPayVault tab is Clickable&#xD;
&#xD;
2019-10-31 11:13:29 - [MESSAGE][PASSED] - Object 'Object Repository/Pages/FirstPayVault/tab_FirstPayVault' is clickable&#xD;
&#xD;
2019-10-31 11:13:29 - [MESSAGE][PASSED] - Object 'Object Repository/Pages/FirstPayVault/tab_FirstPayVault' is visible&#xD;
&#xD;
2019-10-31 11:13:30 - [MESSAGE][PASSED] - Object: 'Object Repository/Pages/FirstPayVault/tab_FirstPayVault' is clicked on&#xD;
&#xD;
2019-10-31 11:13:30 - [MESSAGE][INFO] - 1stPayVault.ts: click on the Click on FistPayVault tab&#xD;
&#xD;
2019-10-31 11:13:30 - [MESSAGE][PASSED] - utilities.SafeActions.safeClickWithoutScroll is PASSED&#xD;
&#xD;
2019-10-31 11:13:30 - [TEST_STEP][PASSED] - utilities.SafeActions.safeClickWithoutScroll(findTestObject("Pages/FirstPayVault/button_CreateVault"), "Click on CreateVault button", [PageLoadTime]): utilities.SafeActions.safeClickWithoutScroll is PASSED&#xD;
&#xD;
2019-10-31 11:13:30 - [MESSAGE][INFO] - Safe Click Without scroll&#xD;
&#xD;
2019-10-31 11:13:30 - [MESSAGE][INFO] - 1stPayVault.ts:waiting until Click on CreateVault button is Clickable&#xD;
&#xD;
2019-10-31 11:13:30 - [MESSAGE][PASSED] - Object 'Object Repository/Pages/FirstPayVault/button_CreateVault' is clickable&#xD;
&#xD;
2019-10-31 11:13:30 - [MESSAGE][PASSED] - Object 'Object Repository/Pages/FirstPayVault/button_CreateVault' is visible&#xD;
&#xD;
2019-10-31 11:13:33 - [MESSAGE][PASSED] - Object: 'Object Repository/Pages/FirstPayVault/button_CreateVault' is clicked on&#xD;
&#xD;
2019-10-31 11:13:33 - [MESSAGE][INFO] - 1stPayVault.ts: click on the Click on CreateVault button&#xD;
&#xD;
2019-10-31 11:13:33 - [MESSAGE][PASSED] - utilities.SafeActions.safeClickWithoutScroll is PASSED&#xD;
&#xD;
2019-10-31 11:13:33 - [TEST_STEP][PASSED] - scrollToElement(findTestObject("Pages/FirstPayVault/input_VaultReferenceNumber"), PageLoadTime): Scroll to object 'Object Repository/Pages/FirstPayVault/input_VaultReferenceNumber' successfully&#xD;
&#xD;
2019-10-31 11:13:33 - [MESSAGE][PASSED] - Scroll to object 'Object Repository/Pages/FirstPayVault/input_VaultReferenceNumber' successfully&#xD;
&#xD;
2019-10-31 11:13:33 - [TEST_STEP][PASSED] - vaultReference = utilities.SafeActions.timeWithMilliSeconds(): utilities.SafeActions.timeWithMilliSeconds is PASSED&#xD;
&#xD;
2019-10-31 11:13:33 - [MESSAGE][PASSED] - utilities.SafeActions.timeWithMilliSeconds is PASSED&#xD;
&#xD;
2019-10-31 11:13:33 - [TEST_STEP][PASSED] - utilities.SafeActions.safeType(findTestObject("Pages/FirstPayVault/input_VaultReferenceNumber"), vaultReference, "Entering Vault Reference Number", [PageLoadTime]): utilities.SafeActions.safeType is PASSED&#xD;
&#xD;
2019-10-31 11:13:33 - [MESSAGE][PASSED] - Object 'Object Repository/Pages/FirstPayVault/input_VaultReferenceNumber' is present&#xD;
&#xD;
2019-10-31 11:13:33 - [MESSAGE][PASSED] - Scroll to object 'Object Repository/Pages/FirstPayVault/input_VaultReferenceNumber' successfully&#xD;
&#xD;
2019-10-31 11:13:33 - [MESSAGE][PASSED] - Object 'Object Repository/Pages/FirstPayVault/input_VaultReferenceNumber' is present&#xD;
&#xD;
2019-10-31 11:13:34 - [MESSAGE][PASSED] - Object: 'Object Repository/Pages/FirstPayVault/input_VaultReferenceNumber' is clicked on&#xD;
&#xD;
2019-10-31 11:13:35 - [MESSAGE][PASSED] - Text '2019-10-31 11:13:33.584' is set on object 'Object Repository/Pages/FirstPayVault/input_VaultReferenceNumber'&#xD;
&#xD;
2019-10-31 11:13:35 - [MESSAGE][PASSED] - utilities.SafeActions.safeType is PASSED&#xD;
&#xD;
2019-10-31 11:13:35 - [TEST_STEP][PASSED] - utilities.SafeActions.safeType(findTestObject("Pages/FirstPayVault/input_CreditCardNumber"), visaCardNumber, "Entering Card Number", [PageLoadTime]): utilities.SafeActions.safeType is PASSED&#xD;
&#xD;
2019-10-31 11:13:35 - [MESSAGE][PASSED] - Object 'Object Repository/Pages/FirstPayVault/input_CreditCardNumber' is present&#xD;
&#xD;
2019-10-31 11:13:35 - [MESSAGE][PASSED] - Scroll to object 'Object Repository/Pages/FirstPayVault/input_CreditCardNumber' successfully&#xD;
&#xD;
2019-10-31 11:13:35 - [MESSAGE][PASSED] - Object 'Object Repository/Pages/FirstPayVault/input_CreditCardNumber' is present&#xD;
&#xD;
2019-10-31 11:13:36 - [MESSAGE][PASSED] - Object: 'Object Repository/Pages/FirstPayVault/input_CreditCardNumber' is clicked on&#xD;
&#xD;
2019-10-31 11:13:36 - [MESSAGE][PASSED] - Text '4111111111111111' is set on object 'Object Repository/Pages/FirstPayVault/input_CreditCardNumber'&#xD;
&#xD;
2019-10-31 11:13:36 - [MESSAGE][PASSED] - utilities.SafeActions.safeType is PASSED&#xD;
&#xD;
2019-10-31 11:13:36 - [TEST_STEP][NOT_RUN] - delay(4): NOT_RUN: delay(4)&#xD;
&#xD;
2019-10-31 11:13:36 - [MESSAGE][NOT_RUN] - NOT_RUN: delay(4)&#xD;
&#xD;
2019-10-31 11:13:36 - [TEST_STEP][PASSED] - utilities.SafeActions.safeSelectOptionInDropDownByVisibleText(findTestObject("Pages/FirstPayVault/dropDown_ExpirationMonth"), cardMonth, "Expiration Month", [PageLoadTime]): utilities.SafeActions.safeSelectOptionInDropDownByVisibleText is PASSED&#xD;
&#xD;
2019-10-31 11:13:36 - [MESSAGE][PASSED] - Object 'Object Repository/Pages/FirstPayVault/dropDown_ExpirationMonth' is visible&#xD;
&#xD;
2019-10-31 11:13:36 - [MESSAGE][PASSED] - Object 'Object Repository/Pages/FirstPayVault/dropDown_ExpirationMonth' is present&#xD;
&#xD;
2019-10-31 11:13:37 - [MESSAGE][PASSED] - Object: 'Object Repository/Pages/FirstPayVault/dropDown_ExpirationMonth' is clicked on&#xD;
&#xD;
2019-10-31 11:13:37 - [MESSAGE][PASSED] - All options with label 'September' are selected in object 'Object Repository/Pages/FirstPayVault/dropDown_ExpirationMonth' &#xD;
&#xD;
2019-10-31 11:13:37 - [MESSAGE][PASSED] - utilities.SafeActions.safeSelectOptionInDropDownByVisibleText is PASSED&#xD;
&#xD;
2019-10-31 11:13:37 - [TEST_STEP][PASSED] - utilities.SafeActions.safeSelectOptionInDropDownByVisibleText(findTestObject("Pages/FirstPayVault/dropDown_ExpirationYear"), cardYear, "year", [PageLoadTime]): utilities.SafeActions.safeSelectOptionInDropDownByVisibleText is PASSED&#xD;
&#xD;
2019-10-31 11:13:37 - [MESSAGE][PASSED] - Object 'Object Repository/Pages/FirstPayVault/dropDown_ExpirationYear' is visible&#xD;
&#xD;
2019-10-31 11:13:37 - [MESSAGE][PASSED] - Object 'Object Repository/Pages/FirstPayVault/dropDown_ExpirationYear' is present&#xD;
&#xD;
2019-10-31 11:13:38 - [MESSAGE][PASSED] - Object: 'Object Repository/Pages/FirstPayVault/dropDown_ExpirationYear' is clicked on&#xD;
&#xD;
2019-10-31 11:13:39 - [MESSAGE][PASSED] - All options with label '2032' are selected in object 'Object Repository/Pages/FirstPayVault/dropDown_ExpirationYear' &#xD;
&#xD;
2019-10-31 11:13:39 - [MESSAGE][PASSED] - utilities.SafeActions.safeSelectOptionInDropDownByVisibleText is PASSED&#xD;
&#xD;
2019-10-31 11:13:39 - [TEST_STEP][NOT_RUN] - delay(2): NOT_RUN: delay(2)&#xD;
&#xD;
2019-10-31 11:13:39 - [MESSAGE][NOT_RUN] - NOT_RUN: delay(2)&#xD;
&#xD;
2019-10-31 11:13:39 - [TEST_STEP][PASSED] - utilities.SafeActions.safeType(findTestObject("Pages/FirstPayVault/input_ContactName"), customerName, "Enter Contact Name", [PageLoadTime]): utilities.SafeActions.safeType is PASSED&#xD;
&#xD;
2019-10-31 11:13:39 - [MESSAGE][PASSED] - Object 'Object Repository/Pages/FirstPayVault/input_ContactName' is present&#xD;
&#xD;
2019-10-31 11:13:39 - [MESSAGE][PASSED] - Scroll to object 'Object Repository/Pages/FirstPayVault/input_ContactName' successfully&#xD;
&#xD;
2019-10-31 11:13:39 - [MESSAGE][PASSED] - Object 'Object Repository/Pages/FirstPayVault/input_ContactName' is present&#xD;
&#xD;
2019-10-31 11:13:40 - [MESSAGE][PASSED] - Object: 'Object Repository/Pages/FirstPayVault/input_ContactName' is clicked on&#xD;
&#xD;
2019-10-31 11:13:40 - [MESSAGE][PASSED] - Text 'Venkata Sai' is set on object 'Object Repository/Pages/FirstPayVault/input_ContactName'&#xD;
&#xD;
2019-10-31 11:13:40 - [MESSAGE][PASSED] - utilities.SafeActions.safeType is PASSED&#xD;
&#xD;
2019-10-31 11:13:40 - [TEST_STEP][PASSED] - utilities.SafeActions.safeType(findTestObject("Pages/FirstPayVault/input_PostalCode"), postalCode, "Enter Postal Code", [PageLoadTime]): utilities.SafeActions.safeType is PASSED&#xD;
&#xD;
2019-10-31 11:13:40 - [MESSAGE][PASSED] - Object 'Object Repository/Pages/FirstPayVault/input_PostalCode' is present&#xD;
&#xD;
2019-10-31 11:13:40 - [MESSAGE][PASSED] - Scroll to object 'Object Repository/Pages/FirstPayVault/input_PostalCode' successfully&#xD;
&#xD;
2019-10-31 11:13:40 - [MESSAGE][PASSED] - Object 'Object Repository/Pages/FirstPayVault/input_PostalCode' is present&#xD;
&#xD;
2019-10-31 11:13:41 - [MESSAGE][PASSED] - Object: 'Object Repository/Pages/FirstPayVault/input_PostalCode' is clicked on&#xD;
&#xD;
2019-10-31 11:13:41 - [MESSAGE][PASSED] - Text '76102' is set on object 'Object Repository/Pages/FirstPayVault/input_PostalCode'&#xD;
&#xD;
2019-10-31 11:13:41 - [MESSAGE][PASSED] - utilities.SafeActions.safeType is PASSED&#xD;
&#xD;
2019-10-31 11:13:41 - [TEST_STEP][PASSED] - utilities.SafeActions.safeType(findTestObject("Pages/FirstPayVault/input_Address"), address, "Enter ddress", [PageLoadTime]): utilities.SafeActions.safeType is PASSED&#xD;
&#xD;
2019-10-31 11:13:41 - [MESSAGE][PASSED] - Object 'Object Repository/Pages/FirstPayVault/input_Address' is present&#xD;
&#xD;
2019-10-31 11:13:41 - [MESSAGE][PASSED] - Scroll to object 'Object Repository/Pages/FirstPayVault/input_Address' successfully&#xD;
&#xD;
2019-10-31 11:13:41 - [MESSAGE][PASSED] - Object 'Object Repository/Pages/FirstPayVault/input_Address' is present&#xD;
&#xD;
2019-10-31 11:13:42 - [MESSAGE][PASSED] - Object: 'Object Repository/Pages/FirstPayVault/input_Address' is clicked on&#xD;
&#xD;
2019-10-31 11:13:42 - [MESSAGE][PASSED] - Text 'Street123' is set on object 'Object Repository/Pages/FirstPayVault/input_Address'&#xD;
&#xD;
2019-10-31 11:13:42 - [MESSAGE][PASSED] - utilities.SafeActions.safeType is PASSED&#xD;
&#xD;
2019-10-31 11:13:42 - [TEST_STEP][PASSED] - utilities.SafeActions.safeCheckForElement(findTestObject("Pages/FirstPayVault/chekBox_AddShippingInformation"), PageLoadTime): utilities.SafeActions.safeCheckForElement is PASSED&#xD;
&#xD;
2019-10-31 11:13:42 - [MESSAGE][PASSED] - Object 'Object Repository/Pages/FirstPayVault/chekBox_AddShippingInformation' is present&#xD;
&#xD;
2019-10-31 11:13:42 - [MESSAGE][PASSED] - Object 'Object Repository/Pages/FirstPayVault/chekBox_AddShippingInformation' is visible&#xD;
&#xD;
2019-10-31 11:13:42 - [MESSAGE][PASSED] - Object 'Object Repository/Pages/FirstPayVault/chekBox_AddShippingInformation' is present&#xD;
&#xD;
2019-10-31 11:13:43 - [MESSAGE][PASSED] - Object 'Object Repository/Pages/FirstPayVault/chekBox_AddShippingInformation' is checked&#xD;
&#xD;
2019-10-31 11:13:43 - [MESSAGE][PASSED] - utilities.SafeActions.safeCheckForElement is PASSED&#xD;
&#xD;
2019-10-31 11:13:43 - [TEST_STEP][PASSED] - utilities.SafeActions.safeType(findTestObject("Pages/FirstPayVault/input_ShippingMethod"), shippingMethod, "Enter Shipping Method", [PageLoadTime]): utilities.SafeActions.safeType is PASSED&#xD;
&#xD;
2019-10-31 11:13:43 - [MESSAGE][PASSED] - Object 'Object Repository/Pages/FirstPayVault/input_ShippingMethod' is present&#xD;
&#xD;
2019-10-31 11:13:43 - [MESSAGE][PASSED] - Scroll to object 'Object Repository/Pages/FirstPayVault/input_ShippingMethod' successfully&#xD;
&#xD;
2019-10-31 11:13:44 - [MESSAGE][PASSED] - Object 'Object Repository/Pages/FirstPayVault/input_ShippingMethod' is present&#xD;
&#xD;
2019-10-31 11:13:44 - [MESSAGE][PASSED] - Object: 'Object Repository/Pages/FirstPayVault/input_ShippingMethod' is clicked on&#xD;
&#xD;
2019-10-31 11:13:44 - [MESSAGE][PASSED] - Text 'DTDC' is set on object 'Object Repository/Pages/FirstPayVault/input_ShippingMethod'&#xD;
&#xD;
2019-10-31 11:13:44 - [MESSAGE][PASSED] - utilities.SafeActions.safeType is PASSED&#xD;
&#xD;
2019-10-31 11:13:44 - [TEST_STEP][PASSED] - utilities.SafeActions.safeCheckForElement(findTestObject("Pages/FirstPayVault/checkbox_SameAsBillingInformation"), PageLoadTime): utilities.SafeActions.safeCheckForElement is PASSED&#xD;
&#xD;
2019-10-31 11:13:45 - [MESSAGE][PASSED] - Object 'Object Repository/Pages/FirstPayVault/checkbox_SameAsBillingInformation' is present&#xD;
&#xD;
2019-10-31 11:13:45 - [MESSAGE][PASSED] - Object 'Object Repository/Pages/FirstPayVault/checkbox_SameAsBillingInformation' is visible&#xD;
&#xD;
2019-10-31 11:13:45 - [MESSAGE][PASSED] - Object 'Object Repository/Pages/FirstPayVault/checkbox_SameAsBillingInformation' is present&#xD;
&#xD;
2019-10-31 11:13:46 - [MESSAGE][PASSED] - Object 'Object Repository/Pages/FirstPayVault/checkbox_SameAsBillingInformation' is checked&#xD;
&#xD;
2019-10-31 11:13:46 - [MESSAGE][PASSED] - utilities.SafeActions.safeCheckForElement is PASSED&#xD;
&#xD;
2019-10-31 11:13:46 - [TEST_STEP][PASSED] - utilities.SafeActions.safeClickwithScroll(findTestObject("Pages/FirstPayVault/button_Create"), "Click on Create Button", [PageLoadTime]): utilities.SafeActions.safeClickwithScroll is PASSED&#xD;
&#xD;
2019-10-31 11:13:46 - [MESSAGE][PASSED] - Object 'Object Repository/Pages/FirstPayVault/button_Create' is present&#xD;
&#xD;
2019-10-31 11:13:46 - [MESSAGE][PASSED] - Object 'Object Repository/Pages/FirstPayVault/button_Create' is visible&#xD;
&#xD;
2019-10-31 11:13:46 - [MESSAGE][INFO] - 1stPayVault.ts:waiting until Click on Create Button is Clickable&#xD;
&#xD;
2019-10-31 11:13:46 - [MESSAGE][PASSED] - Object 'Object Repository/Pages/FirstPayVault/button_Create' is clickable&#xD;
&#xD;
2019-10-31 11:13:46 - [MESSAGE][PASSED] - Object 'Object Repository/Pages/FirstPayVault/button_Create' is visible&#xD;
&#xD;
2019-10-31 11:13:47 - [MESSAGE][PASSED] - Object: 'Object Repository/Pages/FirstPayVault/button_Create' is clicked on&#xD;
&#xD;
2019-10-31 11:13:47 - [MESSAGE][INFO] - 1stPayVault.ts: Clicked on the Click on Create Button&#xD;
&#xD;
2019-10-31 11:13:47 - [MESSAGE][PASSED] - utilities.SafeActions.safeClickwithScroll is PASSED&#xD;
&#xD;
2019-10-31 11:13:47 - [TEST_STEP][NOT_RUN] - delay(2): NOT_RUN: delay(2)&#xD;
&#xD;
2019-10-31 11:13:47 - [MESSAGE][NOT_RUN] - NOT_RUN: delay(2)&#xD;
&#xD;
2019-10-31 11:13:47 - [TEST_STEP][PASSED] - popupSavedToVaultMessage = utilities.SafeActions.safeGetText(findTestObject("Pages/FirstPayVault/popup_SavedToVaultMessage"), PageLoadTime): utilities.SafeActions.safeGetText is PASSED&#xD;
&#xD;
2019-10-31 11:13:47 - [MESSAGE][PASSED] - Object 'Object Repository/Pages/FirstPayVault/popup_SavedToVaultMessage' is present&#xD;
&#xD;
2019-10-31 11:13:47 - [MESSAGE][PASSED] - Scroll to object 'Object Repository/Pages/FirstPayVault/popup_SavedToVaultMessage' successfully&#xD;
&#xD;
2019-10-31 11:13:47 - [MESSAGE][PASSED] - Object 'Object Repository/Pages/FirstPayVault/popup_SavedToVaultMessage' is present&#xD;
&#xD;
2019-10-31 11:13:48 - [MESSAGE][PASSED] - Text of object 'Object Repository/Pages/FirstPayVault/popup_SavedToVaultMessage' is: 'Successfully Saved to Vault'&#xD;
&#xD;
2019-10-31 11:13:48 - [MESSAGE][PASSED] - utilities.SafeActions.safeGetText is PASSED&#xD;
&#xD;
2019-10-31 11:13:48 - [TEST_STEP][PASSED] - flag = utilities.SafeActions.verifyPopupMessage("Successfully Saved to Vault", popupSavedToVaultMessage): Popup Message : Successfully Saved to Vault matched with expected message : Successfully Saved to Vault&#xD;
&#xD;
2019-10-31 11:13:48 - [MESSAGE][PASSED] - Popup Message : Successfully Saved to Vault matched with expected message : Successfully Saved to Vault&#xD;
&#xD;
2019-10-31 11:13:48 - [TEST_STEP][NOT_RUN] - delay(2): NOT_RUN: delay(2)&#xD;
&#xD;
2019-10-31 11:13:48 - [MESSAGE][NOT_RUN] - NOT_RUN: delay(2)&#xD;
&#xD;
2019-10-31 11:13:48 - [TEST_STEP][PASSED] - utilities.SafeActions.safeClickWithoutScroll(findTestObject("Pages/FirstPayVault/button_RunSaleWithThisVault_InPopup"), "Click on Run Sale With This Vault in Popup", [delayBetweenTestSteps]): utilities.SafeActions.safeClickWithoutScroll is PASSED&#xD;
&#xD;
2019-10-31 11:13:48 - [MESSAGE][INFO] - Safe Click Without scroll&#xD;
&#xD;
2019-10-31 11:13:48 - [MESSAGE][INFO] - 1stPayVault.ts:waiting until Click on Run Sale With This Vault in Popup is Clickable&#xD;
&#xD;
2019-10-31 11:13:48 - [MESSAGE][PASSED] - Object 'Object Repository/Pages/FirstPayVault/button_RunSaleWithThisVault_InPopup' is clickable&#xD;
&#xD;
2019-10-31 11:13:48 - [MESSAGE][PASSED] - Object 'Object Repository/Pages/FirstPayVault/button_RunSaleWithThisVault_InPopup' is visible&#xD;
&#xD;
2019-10-31 11:13:49 - [MESSAGE][PASSED] - Object: 'Object Repository/Pages/FirstPayVault/button_RunSaleWithThisVault_InPopup' is clicked on&#xD;
&#xD;
2019-10-31 11:13:49 - [MESSAGE][INFO] - 1stPayVault.ts: click on the Click on Run Sale With This Vault in Popup&#xD;
&#xD;
2019-10-31 11:13:49 - [MESSAGE][PASSED] - utilities.SafeActions.safeClickWithoutScroll is PASSED&#xD;
&#xD;
2019-10-31 11:13:49 - [TEST_STEP][NOT_RUN] - delay(1): NOT_RUN: delay(1)&#xD;
&#xD;
2019-10-31 11:13:49 - [MESSAGE][NOT_RUN] - NOT_RUN: delay(1)&#xD;
&#xD;
2019-10-31 11:13:49 - [TEST_STEP][PASSED] - value = utilities.SafeActions.getAttributeValue(findTestObject("Pages/FirstPayVault/tab_1stPayVault_Active"), "1st_PayVault"): The screen is 1st_PayVault screen&#xD;
&#xD;
2019-10-31 11:13:49 - [MESSAGE][PASSED] - Attribute 'class' of object 'Object Repository/Pages/FirstPayVault/tab_1stPayVault_Active' is: 'active_tab tabs__link'&#xD;
&#xD;
2019-10-31 11:13:49 - [MESSAGE][PASSED] - The screen is 1st_PayVault screen&#xD;
&#xD;
2019-10-31 11:13:49 - [TEST_STEP][PASSED] - scrollToElement(findTestObject("Pages/FirstPayVault/input_Amount"), PageLoadTime): Scroll to object 'Object Repository/Pages/FirstPayVault/input_Amount' successfully&#xD;
&#xD;
2019-10-31 11:13:49 - [MESSAGE][PASSED] - Scroll to object 'Object Repository/Pages/FirstPayVault/input_Amount' successfully&#xD;
&#xD;
2019-10-31 11:13:49 - [TEST_STEP][PASSED] - utilities.SafeActions.safeType(findTestObject("Pages/FirstPayVault/input_Amount"), amount, "Enter Amount", [PageLoadTime]): utilities.SafeActions.safeType is PASSED&#xD;
&#xD;
2019-10-31 11:13:49 - [MESSAGE][PASSED] - Object 'Object Repository/Pages/FirstPayVault/input_Amount' is present&#xD;
&#xD;
2019-10-31 11:13:49 - [MESSAGE][PASSED] - Scroll to object 'Object Repository/Pages/FirstPayVault/input_Amount' successfully&#xD;
&#xD;
2019-10-31 11:13:49 - [MESSAGE][PASSED] - Object 'Object Repository/Pages/FirstPayVault/input_Amount' is present&#xD;
&#xD;
2019-10-31 11:13:50 - [MESSAGE][PASSED] - Object: 'Object Repository/Pages/FirstPayVault/input_Amount' is clicked on&#xD;
&#xD;
2019-10-31 11:13:50 - [MESSAGE][PASSED] - Text '450' is set on object 'Object Repository/Pages/FirstPayVault/input_Amount'&#xD;
&#xD;
2019-10-31 11:13:50 - [MESSAGE][PASSED] - utilities.SafeActions.safeType is PASSED&#xD;
&#xD;
2019-10-31 11:13:50 - [TEST_STEP][PASSED] - salesTax = utilities.SafeActions.safeGetText(findTestObject("Pages/FirstPayVault/input_SalesTaxUnderAmount"), delayBetweenTestSteps): utilities.SafeActions.safeGetText is PASSED&#xD;
&#xD;
2019-10-31 11:13:50 - [MESSAGE][PASSED] - Object 'Object Repository/Pages/FirstPayVault/input_SalesTaxUnderAmount' is present&#xD;
&#xD;
2019-10-31 11:13:50 - [MESSAGE][PASSED] - Scroll to object 'Object Repository/Pages/FirstPayVault/input_SalesTaxUnderAmount' successfully&#xD;
&#xD;
2019-10-31 11:13:50 - [MESSAGE][PASSED] - Object 'Object Repository/Pages/FirstPayVault/input_SalesTaxUnderAmount' is present&#xD;
&#xD;
2019-10-31 11:13:51 - [MESSAGE][PASSED] - Text of object 'Object Repository/Pages/FirstPayVault/input_SalesTaxUnderAmount' is: '$37.13'&#xD;
&#xD;
2019-10-31 11:13:51 - [MESSAGE][PASSED] - utilities.SafeActions.safeGetText is PASSED&#xD;
&#xD;
2019-10-31 11:13:51 - [TEST_STEP][PASSED] - pages.FirstPayVault.verifyAmountIsNotZero(salesTax): pages.FirstPayVault.verifyAmountIsNotZero is PASSED&#xD;
&#xD;
2019-10-31 11:13:51 - [MESSAGE][PASSED] - pages.FirstPayVault.verifyAmountIsNotZero is PASSED&#xD;
&#xD;
2019-10-31 11:13:51 - [TEST_STEP][PASSED] - scrollToElement(findTestObject("Pages/FirstPayVault/input_CreditCardNumberForVerification"), delayBetweenTestSteps): Scroll to object 'Object Repository/Pages/FirstPayVault/input_CreditCardNumberForVerification' successfully&#xD;
&#xD;
2019-10-31 11:13:51 - [MESSAGE][PASSED] - Scroll to object 'Object Repository/Pages/FirstPayVault/input_CreditCardNumberForVerification' successfully&#xD;
&#xD;
2019-10-31 11:13:51 - [TEST_STEP][PASSED] - cardNumber = utilities.SafeActions.getAttribute(findTestObject("Pages/FirstPayVault/input_CreditCardNumberForVerification"), "1st Pay Vault"): utilities.SafeActions.getAttribute is PASSED&#xD;
&#xD;
2019-10-31 11:13:51 - [MESSAGE][PASSED] - Attribute 'value' of object 'Object Repository/Pages/FirstPayVault/input_CreditCardNumberForVerification' is: '411111******1111'&#xD;
&#xD;
2019-10-31 11:13:51 - [MESSAGE][PASSED] - utilities.SafeActions.getAttribute is PASSED&#xD;
&#xD;
2019-10-31 11:13:51 - [TEST_STEP][PASSED] - pages.FirstPayVault.verifyCardNumber(cardNumber, visaCardNumber): Actual String : 4111111111111111 matched with Expected message : 411111******1111&#xD;
&#xD;
2019-10-31 11:13:51 - [MESSAGE][PASSED] - Actual String : 4111111111111111 matched with Expected message : 411111******1111&#xD;
&#xD;
2019-10-31 11:13:51 - [TEST_STEP][PASSED] - expirationYear = utilities.SafeActions.getAttribute(findTestObject("Pages/FirstPayVault/dropDownExpirationYearForVerification"), "1st Pay Vault"): utilities.SafeActions.getAttribute is PASSED&#xD;
&#xD;
2019-10-31 11:13:51 - [MESSAGE][PASSED] - Attribute 'value' of object 'Object Repository/Pages/FirstPayVault/dropDownExpirationYearForVerification' is: '2032'&#xD;
&#xD;
2019-10-31 11:13:51 - [MESSAGE][PASSED] - utilities.SafeActions.getAttribute is PASSED&#xD;
&#xD;
2019-10-31 11:13:51 - [TEST_STEP][PASSED] - pages.FirstPayVault.verifyStrings(expirationYear, cardYear): Actual String : 2032 matched with Expected message : 2032&#xD;
&#xD;
2019-10-31 11:13:51 - [MESSAGE][PASSED] - Actual String : 2032 matched with Expected message : 2032&#xD;
&#xD;
2019-10-31 11:13:51 - [TEST_STEP][PASSED] - scrollToElement(findTestObject("Pages/FirstPayVault/input_VerifyCardHolderName"), PageLoadTime): Scroll to object 'Object Repository/Pages/FirstPayVault/input_VerifyCardHolderName' successfully&#xD;
&#xD;
2019-10-31 11:13:53 - [MESSAGE][PASSED] - Scroll to object 'Object Repository/Pages/FirstPayVault/input_VerifyCardHolderName' successfully&#xD;
&#xD;
2019-10-31 11:13:53 - [TEST_STEP][PASSED] - name = utilities.SafeActions.getAttribute(findTestObject("Pages/FirstPayVault/input_VerifyCardHolderName"), "1stPayVault"): utilities.SafeActions.getAttribute is PASSED&#xD;
&#xD;
2019-10-31 11:13:53 - [MESSAGE][PASSED] - Attribute 'value' of object 'Object Repository/Pages/FirstPayVault/input_VerifyCardHolderName' is: 'Venkata Sai'&#xD;
&#xD;
2019-10-31 11:13:53 - [MESSAGE][PASSED] - utilities.SafeActions.getAttribute is PASSED&#xD;
&#xD;
2019-10-31 11:13:53 - [TEST_STEP][PASSED] - pages.FirstPayVault.verifyStrings(name, customerName): Actual String : Venkata Sai matched with Expected message : Venkata Sai&#xD;
&#xD;
2019-10-31 11:13:53 - [MESSAGE][PASSED] - Actual String : Venkata Sai matched with Expected message : Venkata Sai&#xD;
&#xD;
2019-10-31 11:13:53 - [TEST_STEP][PASSED] - scrollToElement(findTestObject("Pages/FirstPayVault/checkbox_TaxExempt"), PageLoadTime): Scroll to object 'Object Repository/Pages/FirstPayVault/checkbox_TaxExempt' successfully&#xD;
&#xD;
2019-10-31 11:13:53 - [MESSAGE][PASSED] - Scroll to object 'Object Repository/Pages/FirstPayVault/checkbox_TaxExempt' successfully&#xD;
&#xD;
2019-10-31 11:13:53 - [TEST_STEP][NOT_RUN] - salesTax = utilities.SafeActions.safeGetText(findTestObject("Pages/FirstPayVault/amount_UnderPurchaseCardInformation"), delayBetweenTestSteps): NOT_RUN: salesTax = utilities.SafeActions.safeGetText(findTestObject("Pages/FirstPayVault/amount_UnderPurchaseCardInformation"), delayBetweenTestSteps)&#xD;
&#xD;
2019-10-31 11:13:53 - [MESSAGE][NOT_RUN] - NOT_RUN: salesTax = utilities.SafeActions.safeGetText(findTestObject("Pages/FirstPayVault/amount_UnderPurchaseCardInformation"), delayBetweenTestSteps)&#xD;
&#xD;
2019-10-31 11:13:53 - [TEST_STEP][PASSED] - pages.FirstPayVault.verifyAmountIsNotZero(salesTax): pages.FirstPayVault.verifyAmountIsNotZero is PASSED&#xD;
&#xD;
2019-10-31 11:13:53 - [MESSAGE][PASSED] - pages.FirstPayVault.verifyAmountIsNotZero is PASSED&#xD;
&#xD;
2019-10-31 11:13:53 - [TEST_STEP][PASSED] - utilities.SafeActions.safeCheckForElement(findTestObject("Pages/FirstPayVault/checkbox_TaxExempt"), PageLoadTime): utilities.SafeActions.safeCheckForElement is PASSED&#xD;
&#xD;
2019-10-31 11:13:53 - [MESSAGE][PASSED] - Object 'Object Repository/Pages/FirstPayVault/checkbox_TaxExempt' is present&#xD;
&#xD;
2019-10-31 11:13:53 - [MESSAGE][PASSED] - Object 'Object Repository/Pages/FirstPayVault/checkbox_TaxExempt' is visible&#xD;
&#xD;
2019-10-31 11:13:53 - [MESSAGE][PASSED] - Object 'Object Repository/Pages/FirstPayVault/checkbox_TaxExempt' is present&#xD;
&#xD;
2019-10-31 11:13:54 - [MESSAGE][PASSED] - Object 'Object Repository/Pages/FirstPayVault/checkbox_TaxExempt' is checked&#xD;
&#xD;
2019-10-31 11:13:54 - [MESSAGE][PASSED] - utilities.SafeActions.safeCheckForElement is PASSED&#xD;
&#xD;
2019-10-31 11:13:54 - [TEST_STEP][PASSED] - utilities.SafeActions.safeClickwithScroll(findTestObject("Pages/FirstPayVault/button_Checkout"), "Click on Checkout", [PageLoadTime]): utilities.SafeActions.safeClickwithScroll is PASSED&#xD;
&#xD;
2019-10-31 11:13:54 - [MESSAGE][PASSED] - Object 'Object Repository/Pages/FirstPayVault/button_Checkout' is present&#xD;
&#xD;
2019-10-31 11:13:54 - [MESSAGE][PASSED] - Object 'Object Repository/Pages/FirstPayVault/button_Checkout' is visible&#xD;
&#xD;
2019-10-31 11:13:54 - [MESSAGE][INFO] - 1stPayVault.ts:waiting until Click on Checkout is Clickable&#xD;
&#xD;
2019-10-31 11:13:54 - [MESSAGE][PASSED] - Object 'Object Repository/Pages/FirstPayVault/button_Checkout' is clickable&#xD;
&#xD;
2019-10-31 11:13:54 - [MESSAGE][PASSED] - Object 'Object Repository/Pages/FirstPayVault/button_Checkout' is visible&#xD;
&#xD;
2019-10-31 11:13:55 - [MESSAGE][PASSED] - Object: 'Object Repository/Pages/FirstPayVault/button_Checkout' is clicked on&#xD;
&#xD;
2019-10-31 11:13:55 - [MESSAGE][INFO] - 1stPayVault.ts: Clicked on the Click on Checkout&#xD;
&#xD;
2019-10-31 11:13:55 - [MESSAGE][PASSED] - utilities.SafeActions.safeClickwithScroll is PASSED&#xD;
&#xD;
2019-10-31 11:13:55 - [TEST_STEP][PASSED] - pages.Sale.verifyTransactionCompletePage(findTestObject("Pages/Sale/heading_TransactionComplete")): The screen is Transaction Complete screen&#xD;
&#xD;
2019-10-31 11:13:56 - [MESSAGE][PASSED] - Object 'Object Repository/Pages/Sale/heading_TransactionComplete' is present&#xD;
&#xD;
2019-10-31 11:13:57 - [MESSAGE][PASSED] - The screen is Transaction Complete screen&#xD;
&#xD;
2019-10-31 11:13:57 - [TEST_STEP][NOT_RUN] - delay(delayBetweenTestSteps): NOT_RUN: delay(delayBetweenTestSteps)&#xD;
&#xD;
2019-10-31 11:13:57 - [MESSAGE][NOT_RUN] - NOT_RUN: delay(delayBetweenTestSteps)&#xD;
&#xD;
2019-10-31 11:13:57 - [TEST_STEP][PASSED] - utilities.SafeActions.safeClickWithoutScroll(findTestObject("Pages/FirstPayVault/button_ReturnToSale_InTransactionComplete"), "Click On Return Button", [PageLoadTime]): utilities.SafeActions.safeClickWithoutScroll is PASSED&#xD;
&#xD;
2019-10-31 11:13:57 - [MESSAGE][INFO] - Safe Click Without scroll&#xD;
&#xD;
2019-10-31 11:13:57 - [MESSAGE][INFO] - 1stPayVault.ts:waiting until Click On Return Button is Clickable&#xD;
&#xD;
2019-10-31 11:13:57 - [MESSAGE][PASSED] - Object 'Object Repository/Pages/FirstPayVault/button_ReturnToSale_InTransactionComplete' is clickable&#xD;
&#xD;
2019-10-31 11:13:57 - [MESSAGE][PASSED] - Object 'Object Repository/Pages/FirstPayVault/button_ReturnToSale_InTransactionComplete' is visible&#xD;
&#xD;
2019-10-31 11:13:58 - [MESSAGE][PASSED] - Object: 'Object Repository/Pages/FirstPayVault/button_ReturnToSale_InTransactionComplete' is clicked on&#xD;
&#xD;
2019-10-31 11:13:58 - [MESSAGE][INFO] - 1stPayVault.ts: click on the Click On Return Button&#xD;
&#xD;
2019-10-31 11:13:58 - [MESSAGE][PASSED] - utilities.SafeActions.safeClickWithoutScroll is PASSED&#xD;
&#xD;
2019-10-31 11:13:58 - [TEST_STEP][PASSED] - utilities.SafeActions.safeClickWithoutScroll(findTestObject("Pages/FirstPayVault/tab_FirstPayVault"), "Click on FirstPayVault tab", [PageLoadTime]): utilities.SafeActions.safeClickWithoutScroll is PASSED&#xD;
&#xD;
2019-10-31 11:13:58 - [MESSAGE][INFO] - Safe Click Without scroll&#xD;
&#xD;
2019-10-31 11:13:58 - [MESSAGE][INFO] - 1stPayVault.ts:waiting until Click on FirstPayVault tab is Clickable&#xD;
&#xD;
2019-10-31 11:13:58 - [MESSAGE][PASSED] - Object 'Object Repository/Pages/FirstPayVault/tab_FirstPayVault' is clickable&#xD;
&#xD;
2019-10-31 11:13:58 - [MESSAGE][PASSED] - Object 'Object Repository/Pages/FirstPayVault/tab_FirstPayVault' is visible&#xD;
&#xD;
2019-10-31 11:13:59 - [MESSAGE][PASSED] - Object: 'Object Repository/Pages/FirstPayVault/tab_FirstPayVault' is clicked on&#xD;
&#xD;
2019-10-31 11:13:59 - [MESSAGE][INFO] - 1stPayVault.ts: click on the Click on FirstPayVault tab&#xD;
&#xD;
2019-10-31 11:13:59 - [MESSAGE][PASSED] - utilities.SafeActions.safeClickWithoutScroll is PASSED&#xD;
&#xD;
2019-10-31 11:13:59 - [TEST_STEP][PASSED] - utilities.SafeActions.safeClickwithScroll(findTestObject("Pages/FirstPayVault/button_SearchVault"), "Click on Search Vault", [PageLoadTime]): utilities.SafeActions.safeClickwithScroll is PASSED&#xD;
&#xD;
2019-10-31 11:13:59 - [MESSAGE][PASSED] - Object 'Object Repository/Pages/FirstPayVault/button_SearchVault' is present&#xD;
&#xD;
2019-10-31 11:13:59 - [MESSAGE][PASSED] - Object 'Object Repository/Pages/FirstPayVault/button_SearchVault' is visible&#xD;
&#xD;
2019-10-31 11:13:59 - [MESSAGE][INFO] - 1stPayVault.ts:waiting until Click on Search Vault is Clickable&#xD;
&#xD;
2019-10-31 11:13:59 - [MESSAGE][PASSED] - Object 'Object Repository/Pages/FirstPayVault/button_SearchVault' is clickable&#xD;
&#xD;
2019-10-31 11:13:59 - [MESSAGE][PASSED] - Object 'Object Repository/Pages/FirstPayVault/button_SearchVault' is visible&#xD;
&#xD;
2019-10-31 11:14:01 - [MESSAGE][PASSED] - Object: 'Object Repository/Pages/FirstPayVault/button_SearchVault' is clicked on&#xD;
&#xD;
2019-10-31 11:14:01 - [MESSAGE][INFO] - 1stPayVault.ts: Clicked on the Click on Search Vault&#xD;
&#xD;
2019-10-31 11:14:01 - [MESSAGE][PASSED] - utilities.SafeActions.safeClickwithScroll is PASSED&#xD;
&#xD;
2019-10-31 11:14:01 - [TEST_STEP][PASSED] - utilities.SafeActions.safeClickWithoutScroll(findTestObject("Pages/FirstPayVault/button_Search"), "Click On Search button", [PageLoadTime]): utilities.SafeActions.safeClickWithoutScroll is PASSED&#xD;
&#xD;
2019-10-31 11:14:01 - [MESSAGE][INFO] - Safe Click Without scroll&#xD;
&#xD;
2019-10-31 11:14:01 - [MESSAGE][INFO] - 1stPayVault.ts:waiting until Click On Search button is Clickable&#xD;
&#xD;
2019-10-31 11:14:01 - [MESSAGE][PASSED] - Object 'Object Repository/Pages/FirstPayVault/button_Search' is clickable&#xD;
&#xD;
2019-10-31 11:14:01 - [MESSAGE][PASSED] - Object 'Object Repository/Pages/FirstPayVault/button_Search' is visible&#xD;
&#xD;
2019-10-31 11:14:02 - [MESSAGE][PASSED] - Object: 'Object Repository/Pages/FirstPayVault/button_Search' is clicked on&#xD;
&#xD;
2019-10-31 11:14:02 - [MESSAGE][INFO] - 1stPayVault.ts: click on the Click On Search button&#xD;
&#xD;
2019-10-31 11:14:02 - [MESSAGE][PASSED] - utilities.SafeActions.safeClickWithoutScroll is PASSED&#xD;
&#xD;
2019-10-31 11:14:02 - [TEST_STEP][PASSED] - scrollToElement(findTestObject("Pages/Transaction_Management/invoice_ForTransaction"), PageLoadTime): Scroll to object 'Object Repository/Pages/Transaction_Management/invoice_ForTransaction' successfully&#xD;
&#xD;
2019-10-31 11:14:05 - [MESSAGE][PASSED] - Scroll to object 'Object Repository/Pages/Transaction_Management/invoice_ForTransaction' successfully&#xD;
&#xD;
2019-10-31 11:14:05 - [TEST_STEP][PASSED] - pages.FirstPayVault.verifyInvoiceRecord(findTestObject("Pages/FirstPayVault/footer_NextButton"), findTestObject("Pages/FirstPayVault/page_Number"), vaultReference): The Vault is found in page 1&#xD;
&#xD;
2019-10-31 11:14:06 - [MESSAGE][PASSED] - Text of object 'Object Repository/Pages/FirstPayVault/page_Number' is: 'Page 1 of 29'&#xD;
&#xD;
2019-10-31 11:14:06 - [MESSAGE][PASSED] - The Vault is found in page 1&#xD;
&#xD;
2019-10-31 11:14:06 - [TEST_STEP][NOT_RUN] - delay(2): NOT_RUN: delay(2)&#xD;
&#xD;
2019-10-31 11:14:06 - [MESSAGE][NOT_RUN] - NOT_RUN: delay(2)&#xD;
&#xD;
2019-10-31 11:14:06 - [TEST_STEP][PASSED] - pages.FirstPayVault.clickOnEdit(findTestObject("Pages/FirstPayVault/footer_NextButton"), findTestObject("Pages/FirstPayVault/page_Number"), vaultReference): Delayed 6 second(s)&#xD;
&#xD;
2019-10-31 11:14:07 - [MESSAGE][PASSED] - Text of object 'Object Repository/Pages/FirstPayVault/page_Number' is: 'Page 1 of 29'&#xD;
&#xD;
2019-10-31 11:14:07 - [MESSAGE][PASSED] - The Vault is found in page 1&#xD;
&#xD;
2019-10-31 11:14:13 - [MESSAGE][PASSED] - Delayed 6 second(s)&#xD;
&#xD;
2019-10-31 11:14:14 - [TEST_STEP][PASSED] - scrollToElement(findTestObject("Pages/FirstPayVault/dropDownExpirationMonthForVerification"), delayBetweenTestSteps): Scroll to object 'Object Repository/Pages/FirstPayVault/dropDownExpirationMonthForVerification' successfully&#xD;
&#xD;
2019-10-31 11:14:15 - [MESSAGE][PASSED] - Scroll to object 'Object Repository/Pages/FirstPayVault/dropDownExpirationMonthForVerification' successfully&#xD;
&#xD;
2019-10-31 11:14:15 - [TEST_STEP][PASSED] - utilities.SafeActions.safeSelectOptionInDropDownByVisibleText(findTestObject("Pages/FirstPayVault/dropDownExpirationMonthForVerification"), cardMonthUpdate, "Update expiration Month", [PageLoadTime]): utilities.SafeActions.safeSelectOptionInDropDownByVisibleText is PASSED&#xD;
&#xD;
2019-10-31 11:14:15 - [MESSAGE][PASSED] - Object 'Object Repository/Pages/FirstPayVault/dropDownExpirationMonthForVerification' is visible&#xD;
&#xD;
2019-10-31 11:14:15 - [MESSAGE][PASSED] - Object 'Object Repository/Pages/FirstPayVault/dropDownExpirationMonthForVerification' is present&#xD;
&#xD;
2019-10-31 11:14:16 - [MESSAGE][PASSED] - Object: 'Object Repository/Pages/FirstPayVault/dropDownExpirationMonthForVerification' is clicked on&#xD;
&#xD;
2019-10-31 11:14:16 - [MESSAGE][PASSED] - All options with label 'October' are selected in object 'Object Repository/Pages/FirstPayVault/dropDownExpirationMonthForVerification' &#xD;
&#xD;
2019-10-31 11:14:16 - [MESSAGE][PASSED] - utilities.SafeActions.safeSelectOptionInDropDownByVisibleText is PASSED&#xD;
&#xD;
2019-10-31 11:14:16 - [TEST_STEP][PASSED] - utilities.SafeActions.safeCheckForElement(findTestObject("Pages/FirstPayVault/chekBox_AddShippingInformation"), PageLoadTime): utilities.SafeActions.safeCheckForElement is PASSED&#xD;
&#xD;
2019-10-31 11:14:16 - [MESSAGE][PASSED] - Object 'Object Repository/Pages/FirstPayVault/chekBox_AddShippingInformation' is present&#xD;
&#xD;
2019-10-31 11:14:16 - [MESSAGE][PASSED] - Object 'Object Repository/Pages/FirstPayVault/chekBox_AddShippingInformation' is visible&#xD;
&#xD;
2019-10-31 11:14:16 - [MESSAGE][PASSED] - Object 'Object Repository/Pages/FirstPayVault/chekBox_AddShippingInformation' is present&#xD;
&#xD;
2019-10-31 11:14:17 - [MESSAGE][PASSED] - Object 'Object Repository/Pages/FirstPayVault/chekBox_AddShippingInformation' is checked&#xD;
&#xD;
2019-10-31 11:14:17 - [MESSAGE][PASSED] - utilities.SafeActions.safeCheckForElement is PASSED&#xD;
&#xD;
2019-10-31 11:14:17 - [TEST_STEP][PASSED] - utilities.SafeActions.safeType(findTestObject("Pages/FirstPayVault/input_ShippingMethod"), shippingMethod, "Enter Shipping Method", [PageLoadTime]): utilities.SafeActions.safeType is PASSED&#xD;
&#xD;
2019-10-31 11:14:17 - [MESSAGE][PASSED] - Object 'Object Repository/Pages/FirstPayVault/input_ShippingMethod' is present&#xD;
&#xD;
2019-10-31 11:14:17 - [MESSAGE][PASSED] - Scroll to object 'Object Repository/Pages/FirstPayVault/input_ShippingMethod' successfully&#xD;
&#xD;
2019-10-31 11:14:17 - [MESSAGE][PASSED] - Object 'Object Repository/Pages/FirstPayVault/input_ShippingMethod' is present&#xD;
&#xD;
2019-10-31 11:14:18 - [MESSAGE][PASSED] - Object: 'Object Repository/Pages/FirstPayVault/input_ShippingMethod' is clicked on&#xD;
&#xD;
2019-10-31 11:14:18 - [MESSAGE][PASSED] - Text 'DTDC' is set on object 'Object Repository/Pages/FirstPayVault/input_ShippingMethod'&#xD;
&#xD;
2019-10-31 11:14:18 - [MESSAGE][PASSED] - utilities.SafeActions.safeType is PASSED&#xD;
&#xD;
2019-10-31 11:14:18 - [TEST_STEP][PASSED] - utilities.SafeActions.safeCheckForElement(findTestObject("Pages/FirstPayVault/checkbox_SameAsBillingInformation"), PageLoadTime): utilities.SafeActions.safeCheckForElement is PASSED&#xD;
&#xD;
2019-10-31 11:14:18 - [MESSAGE][PASSED] - Object 'Object Repository/Pages/FirstPayVault/checkbox_SameAsBillingInformation' is present&#xD;
&#xD;
2019-10-31 11:14:18 - [MESSAGE][PASSED] - Object 'Object Repository/Pages/FirstPayVault/checkbox_SameAsBillingInformation' is visible&#xD;
&#xD;
2019-10-31 11:14:18 - [MESSAGE][PASSED] - Object 'Object Repository/Pages/FirstPayVault/checkbox_SameAsBillingInformation' is present&#xD;
&#xD;
2019-10-31 11:14:19 - [MESSAGE][PASSED] - Object 'Object Repository/Pages/FirstPayVault/checkbox_SameAsBillingInformation' is checked&#xD;
&#xD;
2019-10-31 11:14:19 - [MESSAGE][PASSED] - utilities.SafeActions.safeCheckForElement is PASSED&#xD;
&#xD;
2019-10-31 11:14:19 - [TEST_STEP][PASSED] - scrollToElement(findTestObject("Pages/FirstPayVault/button_Update"), delayBetweenTestSteps): Scroll to object 'Object Repository/Pages/FirstPayVault/button_Update' successfully&#xD;
&#xD;
2019-10-31 11:14:19 - [MESSAGE][PASSED] - Scroll to object 'Object Repository/Pages/FirstPayVault/button_Update' successfully&#xD;
&#xD;
2019-10-31 11:14:19 - [TEST_STEP][PASSED] - utilities.SafeActions.safeClickwithScroll(findTestObject("Pages/FirstPayVault/button_Update"), "Click On Update", [delayBetweenTestSteps]): utilities.SafeActions.safeClickwithScroll is PASSED&#xD;
&#xD;
2019-10-31 11:14:19 - [MESSAGE][PASSED] - Object 'Object Repository/Pages/FirstPayVault/button_Update' is present&#xD;
&#xD;
2019-10-31 11:14:19 - [MESSAGE][PASSED] - Object 'Object Repository/Pages/FirstPayVault/button_Update' is visible&#xD;
&#xD;
2019-10-31 11:14:19 - [MESSAGE][INFO] - 1stPayVault.ts:waiting until Click On Update is Clickable&#xD;
&#xD;
2019-10-31 11:14:19 - [MESSAGE][PASSED] - Object 'Object Repository/Pages/FirstPayVault/button_Update' is clickable&#xD;
&#xD;
2019-10-31 11:14:19 - [MESSAGE][PASSED] - Object 'Object Repository/Pages/FirstPayVault/button_Update' is visible&#xD;
&#xD;
2019-10-31 11:14:20 - [MESSAGE][PASSED] - Object: 'Object Repository/Pages/FirstPayVault/button_Update' is clicked on&#xD;
&#xD;
2019-10-31 11:14:20 - [MESSAGE][INFO] - 1stPayVault.ts: Clicked on the Click On Update&#xD;
&#xD;
2019-10-31 11:14:20 - [MESSAGE][PASSED] - utilities.SafeActions.safeClickwithScroll is PASSED&#xD;
&#xD;
2019-10-31 11:14:20 - [TEST_STEP][PASSED] - delay(2): Delayed 2 second(s)&#xD;
&#xD;
2019-10-31 11:14:22 - [MESSAGE][PASSED] - Delayed 2 second(s)&#xD;
&#xD;
2019-10-31 11:14:22 - [TEST_STEP][PASSED] - popupUpdatedToVaultMessage = utilities.SafeActions.safeGetText(findTestObject("Pages/FirstPayVault/popup_SavedToVaultMessage"), PageLoadTime): utilities.SafeActions.safeGetText is PASSED&#xD;
&#xD;
2019-10-31 11:14:22 - [MESSAGE][PASSED] - Object 'Object Repository/Pages/FirstPayVault/popup_SavedToVaultMessage' is present&#xD;
&#xD;
2019-10-31 11:14:22 - [MESSAGE][PASSED] - Scroll to object 'Object Repository/Pages/FirstPayVault/popup_SavedToVaultMessage' successfully&#xD;
&#xD;
2019-10-31 11:14:22 - [MESSAGE][PASSED] - Object 'Object Repository/Pages/FirstPayVault/popup_SavedToVaultMessage' is present&#xD;
&#xD;
2019-10-31 11:14:23 - [MESSAGE][PASSED] - Text of object 'Object Repository/Pages/FirstPayVault/popup_SavedToVaultMessage' is: 'Successfully Saved to Vault'&#xD;
&#xD;
2019-10-31 11:14:23 - [MESSAGE][PASSED] - utilities.SafeActions.safeGetText is PASSED&#xD;
&#xD;
2019-10-31 11:14:23 - [TEST_STEP][PASSED] - flag = utilities.SafeActions.verifyPopupMessage("Successfully Saved to Vault", popupUpdatedToVaultMessage): Popup Message : Successfully Saved to Vault matched with expected message : Successfully Saved to Vault&#xD;
&#xD;
2019-10-31 11:14:23 - [MESSAGE][PASSED] - Popup Message : Successfully Saved to Vault matched with expected message : Successfully Saved to Vault&#xD;
&#xD;
2019-10-31 11:14:23 - [TEST_STEP][NOT_RUN] - delay(2): NOT_RUN: delay(2)&#xD;
&#xD;
2019-10-31 11:14:23 - [MESSAGE][NOT_RUN] - NOT_RUN: delay(2)&#xD;
&#xD;
2019-10-31 11:14:23 - [TEST_STEP][PASSED] - closeBrowser(): Browser is closed&#xD;
&#xD;
2019-10-31 11:15:42 - [MESSAGE][PASSED] - Browser is closed&#xD;
&#xD;
2019-10-31 11:15:42 - [TEST_STEP][PASSED] - Start listener action : sampleAfterTestCase: null&#xD;
&#xD;
2019-10-31 11:15:42 - [TEST_STEP][PASSED] - println(testCaseContext.getTestCaseId()): null&#xD;
&#xD;
2019-10-31 11:15:42 - [TEST_STEP][PASSED] - println(testCaseContext.getTestCaseStatus()): null&#xD;
&#xD;
2019-10-31 11:15:42 - [TEST_STEP][PASSED] - testCaseName = testCaseContext.getTestCaseId(): null&#xD;
&#xD;
2019-10-31 11:15:42 - [TEST_STEP][PASSED] - strCount = testCaseName.lastIndexOf("/"): null&#xD;
&#xD;
2019-10-31 11:15:42 - [TEST_STEP][PASSED] - testCaseName = testCaseName.substring(strCount): null&#xD;
&#xD;
2019-10-31 11:15:42 - [TEST_STEP][PASSED] - println(testCaseName): null&#xD;
&#xD;
2019-10-31 11:15:42 - [TEST_STEP][PASSED] - if (getTestCaseStatus().equalsIgnoreCase("Error")): null&#xD;
&#xD;
2019-10-31 11:15:42 - [TEST_STEP][PASSED] - Start listener action : sampleAfterTestCase: null</system-out>
            <system-err></system-err>
        </testcase>
        <testcase name="Test Cases/FirstView/FirstPayVault/TC_1st_Pay_Vault_006" classname="Test Cases/FirstView/FirstPayVault/TC_1st_Pay_Vault_006" status="PASSED">
            <system-out>2019-10-31 11:15:42 - [TEST_CASE][PASSED] - Test Cases/FirstView/FirstPayVault/TC_1st_Pay_Vault_006: Test Cases/FirstView/FirstPayVault/TC_1st_Pay_Vault_006&#xD;
&#xD;
2019-10-31 11:15:43 - [TEST_STEP][PASSED] - Start listener action : sampleBeforeTestCase: null&#xD;
&#xD;
2019-10-31 11:15:43 - [TEST_STEP][PASSED] - println(testCaseContext.getTestCaseId()): null&#xD;
&#xD;
2019-10-31 11:15:43 - [TEST_STEP][PASSED] - println(testCaseContext.getTestCaseVariables()): null&#xD;
&#xD;
2019-10-31 11:15:43 - [TEST_STEP][NOT_RUN] - utilities.SafeActions.openBrowser(Old_URL, [PageLoadTime]): NOT_RUN: utilities.SafeActions.openBrowser(Old_URL, [PageLoadTime])&#xD;
&#xD;
2019-10-31 11:15:43 - [MESSAGE][NOT_RUN] - NOT_RUN: utilities.SafeActions.openBrowser(Old_URL, [PageLoadTime])&#xD;
&#xD;
2019-10-31 11:15:43 - [TEST_STEP][NOT_RUN] - delay(6): NOT_RUN: delay(6)&#xD;
&#xD;
2019-10-31 11:15:43 - [MESSAGE][NOT_RUN] - NOT_RUN: delay(6)&#xD;
&#xD;
2019-10-31 11:15:43 - [TEST_STEP][NOT_RUN] - utilities.SafeActions.safeSelectOptionInDropDownByVisibleText(findTestObject("Pages/Sale/dropDown_AccountType"), "ranjanatest2 - 888814981372/001 Account Type: Retail", "Select by Value", [25]): NOT_RUN: utilities.SafeActions.safeSelectOptionInDropDownByVisibleText(findTestObject("Pages/Sale/dropDown_AccountType"), "ranjanatest2 - 888814981372/001 Account Type: Retail", "Select by Value", [25])&#xD;
&#xD;
2019-10-31 11:15:43 - [MESSAGE][NOT_RUN] - NOT_RUN: utilities.SafeActions.safeSelectOptionInDropDownByVisibleText(findTestObject("Pages/Sale/dropDown_AccountType"), "ranjanatest2 - 888814981372/001 Account Type: Retail", "Select by Value", [25])&#xD;
&#xD;
2019-10-31 11:15:43 - [TEST_STEP][PASSED] - utilities.SafeActions.openBrowser(URL, [PageLoadTime]): utilities.SafeActions.openBrowser is PASSED&#xD;
&#xD;
2019-10-31 11:15:43 - [MESSAGE][INFO] - Opening Browser&#xD;
&#xD;
2019-10-31 11:15:43 - [MESSAGE][INFO] - Starting 'Firefox' driver&#xD;
&#xD;
2019-10-31 11:15:57 - [MESSAGE][PASSED] - Browser is opened with url: 'https://q-www-firstview-net.faps.net/MVC/Account/Login'&#xD;
&#xD;
2019-10-31 11:15:57 - [MESSAGE][PASSED] - Current window maximized&#xD;
&#xD;
2019-10-31 11:15:57 - [MESSAGE][INFO] - Browser Launched Successfully&#xD;
&#xD;
2019-10-31 11:15:57 - [MESSAGE][PASSED] - utilities.SafeActions.openBrowser is PASSED&#xD;
&#xD;
2019-10-31 11:15:57 - [TEST_STEP][PASSED] - pages.Login.login(uName, password): pages.Login.login is PASSED&#xD;
&#xD;
2019-10-31 11:15:57 - [MESSAGE][PASSED] - Object 'Object Repository/Pages/Login/userName' is present&#xD;
&#xD;
2019-10-31 11:15:57 - [MESSAGE][PASSED] - Scroll to object 'Object Repository/Pages/Login/userName' successfully&#xD;
&#xD;
2019-10-31 11:15:57 - [MESSAGE][PASSED] - Object 'Object Repository/Pages/Login/userName' is present&#xD;
&#xD;
2019-10-31 11:15:58 - [MESSAGE][PASSED] - Object: 'Object Repository/Pages/Login/userName' is clicked on&#xD;
&#xD;
2019-10-31 11:15:58 - [MESSAGE][PASSED] - Text 'ZenQRetail' is set on object 'Object Repository/Pages/Login/userName'&#xD;
&#xD;
2019-10-31 11:15:58 - [MESSAGE][PASSED] - Object 'Object Repository/Pages/Login/password' is present&#xD;
&#xD;
2019-10-31 11:15:58 - [MESSAGE][PASSED] - Scroll to object 'Object Repository/Pages/Login/password' successfully&#xD;
&#xD;
2019-10-31 11:15:58 - [MESSAGE][PASSED] - Object 'Object Repository/Pages/Login/password' is present&#xD;
&#xD;
2019-10-31 11:15:59 - [MESSAGE][PASSED] - Object: 'Object Repository/Pages/Login/password' is clicked on&#xD;
&#xD;
2019-10-31 11:15:59 - [MESSAGE][PASSED] - Text 'P@ssword1' is set on object 'Object Repository/Pages/Login/password'&#xD;
&#xD;
2019-10-31 11:15:59 - [MESSAGE][INFO] - Safe Click Without scroll&#xD;
&#xD;
2019-10-31 11:15:59 - [MESSAGE][INFO] - 1stPayVault.ts:waiting until Click on Login is Clickable&#xD;
&#xD;
2019-10-31 11:15:59 - [MESSAGE][PASSED] - Object 'Object Repository/Pages/Login/login' is clickable&#xD;
&#xD;
2019-10-31 11:15:59 - [MESSAGE][PASSED] - Object 'Object Repository/Pages/Login/login' is visible&#xD;
&#xD;
2019-10-31 11:16:01 - [MESSAGE][PASSED] - Object: 'Object Repository/Pages/Login/login' is clicked on&#xD;
&#xD;
2019-10-31 11:16:01 - [MESSAGE][INFO] - 1stPayVault.ts: click on the Click on Login&#xD;
&#xD;
2019-10-31 11:16:01 - [MESSAGE][PASSED] - pages.Login.login is PASSED&#xD;
&#xD;
2019-10-31 11:16:01 - [TEST_STEP][PASSED] - callTestCase(findTestCase("FirstView/Login/TC_SendCode"), [:], STOP_ON_FAILURE): Call Test Case 'Test Cases/FirstView/Login/TC_SendCode' successfully&#xD;
&#xD;
2019-10-31 11:16:01 - [TEST_CASE][PASSED] - Test Cases/FirstView/Login/TC_SendCode: Test Cases/FirstView/Login/TC_SendCode&#xD;
&#xD;
2019-10-31 11:16:01 - [TEST_STEP][PASSED] - flag = pages.SendCode.verifyPage(): pages.SendCode.verifyPage is PASSED&#xD;
&#xD;
2019-10-31 11:16:02 - [MESSAGE][PASSED] - Object 'Object Repository/Pages/SendCodeToValidate/header_SendCodeToValidate' is present and visible in viewport&#xD;
&#xD;
2019-10-31 11:16:02 - [MESSAGE][PASSED] - pages.SendCode.verifyPage is PASSED&#xD;
&#xD;
2019-10-31 11:16:02 - [TEST_STEP][PASSED] - if (flag): pages.SendCode.clickonUserSettings is PASSED&#xD;
&#xD;
2019-10-31 11:16:02 - [TEST_STEP][PASSED] - pages.SendCode.clickonUserSettings(): pages.SendCode.clickonUserSettings is PASSED&#xD;
&#xD;
2019-10-31 11:16:02 - [MESSAGE][PASSED] - Object 'Object Repository/Pages/SendCodeToValidate/link_UserSettings' is present&#xD;
&#xD;
2019-10-31 11:16:02 - [MESSAGE][PASSED] - Object 'Object Repository/Pages/SendCodeToValidate/link_UserSettings' is visible&#xD;
&#xD;
2019-10-31 11:16:02 - [MESSAGE][INFO] - 1stPayVault.ts:waiting until Click on User Settings is Clickable&#xD;
&#xD;
2019-10-31 11:16:02 - [MESSAGE][PASSED] - Object 'Object Repository/Pages/SendCodeToValidate/link_UserSettings' is clickable&#xD;
&#xD;
2019-10-31 11:16:02 - [MESSAGE][PASSED] - Object 'Object Repository/Pages/SendCodeToValidate/link_UserSettings' is visible&#xD;
&#xD;
2019-10-31 11:16:04 - [MESSAGE][PASSED] - Object: 'Object Repository/Pages/SendCodeToValidate/link_UserSettings' is clicked on&#xD;
&#xD;
2019-10-31 11:16:04 - [MESSAGE][INFO] - 1stPayVault.ts: Clicked on the Click on User Settings&#xD;
&#xD;
2019-10-31 11:16:04 - [MESSAGE][PASSED] - pages.SendCode.clickonUserSettings is PASSED&#xD;
&#xD;
2019-10-31 11:16:04 - [MESSAGE][PASSED] - Call Test Case 'Test Cases/FirstView/Login/TC_SendCode' successfully&#xD;
&#xD;
2019-10-31 11:16:04 - [TEST_STEP][PASSED] - callTestCase(findTestCase("FirstView/Login/TC_FirstView"), [:], STOP_ON_FAILURE): Call Test Case 'Test Cases/FirstView/Login/TC_FirstView' successfully&#xD;
&#xD;
2019-10-31 11:16:04 - [TEST_CASE][PASSED] - Test Cases/FirstView/Login/TC_FirstView: Test Cases/FirstView/Login/TC_FirstView&#xD;
&#xD;
2019-10-31 11:16:04 - [TEST_STEP][NOT_RUN] - utilities.SafeActions.safeClickWithoutScroll(findTestObject("Pages/FirstView/link_Home"), "Click on Home button in First View screen", [PageLoadTime]): NOT_RUN: utilities.SafeActions.safeClickWithoutScroll(findTestObject("Pages/FirstView/link_Home"), "Click on Home button in First View screen", [PageLoadTime])&#xD;
&#xD;
2019-10-31 11:16:04 - [MESSAGE][NOT_RUN] - NOT_RUN: utilities.SafeActions.safeClickWithoutScroll(findTestObject("Pages/FirstView/link_Home"), "Click on Home button in First View screen", [PageLoadTime])&#xD;
&#xD;
2019-10-31 11:16:04 - [TEST_STEP][PASSED] - delay(3): Delayed 3 second(s)&#xD;
&#xD;
2019-10-31 11:16:08 - [MESSAGE][PASSED] - Delayed 3 second(s)&#xD;
&#xD;
2019-10-31 11:16:08 - [TEST_STEP][PASSED] - utilities.SafeActions.javascriptclick(findTestObject("Pages/FirstView/link_Home"), delayForElement): utilities.SafeActions.javascriptclick is PASSED&#xD;
&#xD;
2019-10-31 11:16:08 - [MESSAGE][PASSED] - utilities.SafeActions.javascriptclick is PASSED&#xD;
&#xD;
2019-10-31 11:16:08 - [TEST_STEP][PASSED] - utilities.SafeActions.safeClickWithoutScroll(findTestObject("Pages/FirstView/link_VPOS"), "Click on VPOS button in First View screen", [PageLoadTime]): utilities.SafeActions.safeClickWithoutScroll is PASSED&#xD;
&#xD;
2019-10-31 11:16:08 - [MESSAGE][INFO] - Safe Click Without scroll&#xD;
&#xD;
2019-10-31 11:16:08 - [MESSAGE][INFO] - 1stPayVault.ts:waiting until Click on VPOS button in First View screen is Clickable&#xD;
&#xD;
2019-10-31 11:16:10 - [MESSAGE][PASSED] - Object 'Object Repository/Pages/FirstView/link_VPOS' is clickable&#xD;
&#xD;
2019-10-31 11:16:10 - [MESSAGE][PASSED] - Object 'Object Repository/Pages/FirstView/link_VPOS' is visible&#xD;
&#xD;
2019-10-31 11:16:12 - [MESSAGE][PASSED] - Object: 'Object Repository/Pages/FirstView/link_VPOS' is clicked on&#xD;
&#xD;
2019-10-31 11:16:12 - [MESSAGE][INFO] - 1stPayVault.ts: click on the Click on VPOS button in First View screen&#xD;
&#xD;
2019-10-31 11:16:12 - [MESSAGE][PASSED] - utilities.SafeActions.safeClickWithoutScroll is PASSED&#xD;
&#xD;
2019-10-31 11:16:12 - [MESSAGE][PASSED] - Call Test Case 'Test Cases/FirstView/Login/TC_FirstView' successfully&#xD;
&#xD;
2019-10-31 11:16:12 - [TEST_STEP][PASSED] - switchToWindowTitle("Transcenter - VPOS"): Switched to window with title: 'Transcenter - VPOS'&#xD;
&#xD;
2019-10-31 11:16:17 - [MESSAGE][PASSED] - Switched to window with title: 'Transcenter - VPOS'&#xD;
&#xD;
2019-10-31 11:16:17 - [TEST_STEP][PASSED] - focus(findTestObject("Pages/FirstPayVault/tab_FirstPayVault")): Object: 'Object Repository/Pages/FirstPayVault/tab_FirstPayVault' is focused&#xD;
&#xD;
2019-10-31 11:16:23 - [MESSAGE][PASSED] - Object: 'Object Repository/Pages/FirstPayVault/tab_FirstPayVault' is focused&#xD;
&#xD;
2019-10-31 11:16:23 - [TEST_STEP][PASSED] - utilities.SafeActions.javascriptclick(findTestObject("Pages/FirstPayVault/tab_FirstPayVault"), PageLoadTime): utilities.SafeActions.javascriptclick is PASSED&#xD;
&#xD;
2019-10-31 11:16:24 - [MESSAGE][PASSED] - utilities.SafeActions.javascriptclick is PASSED&#xD;
&#xD;
2019-10-31 11:16:24 - [TEST_STEP][PASSED] - delay(delayForElement): Delayed 6 second(s)&#xD;
&#xD;
2019-10-31 11:16:30 - [MESSAGE][PASSED] - Delayed 6 second(s)&#xD;
&#xD;
2019-10-31 11:16:30 - [TEST_STEP][PASSED] - utilities.SafeActions.safeClickWithoutScroll(findTestObject("Pages/FirstPayVault/tab_FirstPayVault"), "Click on FistPayVault tab", [delayForElement]): utilities.SafeActions.safeClickWithoutScroll is PASSED&#xD;
&#xD;
2019-10-31 11:16:30 - [MESSAGE][INFO] - Safe Click Without scroll&#xD;
&#xD;
2019-10-31 11:16:30 - [MESSAGE][INFO] - 1stPayVault.ts:waiting until Click on FistPayVault tab is Clickable&#xD;
&#xD;
2019-10-31 11:16:30 - [MESSAGE][PASSED] - Object 'Object Repository/Pages/FirstPayVault/tab_FirstPayVault' is clickable&#xD;
&#xD;
2019-10-31 11:16:30 - [MESSAGE][PASSED] - Object 'Object Repository/Pages/FirstPayVault/tab_FirstPayVault' is visible&#xD;
&#xD;
2019-10-31 11:16:31 - [MESSAGE][PASSED] - Object: 'Object Repository/Pages/FirstPayVault/tab_FirstPayVault' is clicked on&#xD;
&#xD;
2019-10-31 11:16:31 - [MESSAGE][INFO] - 1stPayVault.ts: click on the Click on FistPayVault tab&#xD;
&#xD;
2019-10-31 11:16:31 - [MESSAGE][PASSED] - utilities.SafeActions.safeClickWithoutScroll is PASSED&#xD;
&#xD;
2019-10-31 11:16:31 - [TEST_STEP][PASSED] - utilities.SafeActions.safeClickWithoutScroll(findTestObject("Pages/FirstPayVault/button_CreateVault"), "Click on CreateVault button", [PageLoadTime]): utilities.SafeActions.safeClickWithoutScroll is PASSED&#xD;
&#xD;
2019-10-31 11:16:31 - [MESSAGE][INFO] - Safe Click Without scroll&#xD;
&#xD;
2019-10-31 11:16:31 - [MESSAGE][INFO] - 1stPayVault.ts:waiting until Click on CreateVault button is Clickable&#xD;
&#xD;
2019-10-31 11:16:31 - [MESSAGE][PASSED] - Object 'Object Repository/Pages/FirstPayVault/button_CreateVault' is clickable&#xD;
&#xD;
2019-10-31 11:16:31 - [MESSAGE][PASSED] - Object 'Object Repository/Pages/FirstPayVault/button_CreateVault' is visible&#xD;
&#xD;
2019-10-31 11:16:32 - [MESSAGE][PASSED] - Object: 'Object Repository/Pages/FirstPayVault/button_CreateVault' is clicked on&#xD;
&#xD;
2019-10-31 11:16:32 - [MESSAGE][INFO] - 1stPayVault.ts: click on the Click on CreateVault button&#xD;
&#xD;
2019-10-31 11:16:32 - [MESSAGE][PASSED] - utilities.SafeActions.safeClickWithoutScroll is PASSED&#xD;
&#xD;
2019-10-31 11:16:32 - [TEST_STEP][PASSED] - scrollToElement(findTestObject("Pages/FirstPayVault/input_VaultReferenceNumber"), PageLoadTime): Scroll to object 'Object Repository/Pages/FirstPayVault/input_VaultReferenceNumber' successfully&#xD;
&#xD;
2019-10-31 11:16:32 - [MESSAGE][PASSED] - Scroll to object 'Object Repository/Pages/FirstPayVault/input_VaultReferenceNumber' successfully&#xD;
&#xD;
2019-10-31 11:16:32 - [TEST_STEP][PASSED] - vaultReference = utilities.SafeActions.timeWithMilliSeconds(): utilities.SafeActions.timeWithMilliSeconds is PASSED&#xD;
&#xD;
2019-10-31 11:16:32 - [MESSAGE][PASSED] - utilities.SafeActions.timeWithMilliSeconds is PASSED&#xD;
&#xD;
2019-10-31 11:16:32 - [TEST_STEP][PASSED] - utilities.SafeActions.safeType(findTestObject("Pages/FirstPayVault/input_VaultReferenceNumber"), vaultReference, "Entering Vault Reference Number", [PageLoadTime]): utilities.SafeActions.safeType is PASSED&#xD;
&#xD;
2019-10-31 11:16:32 - [MESSAGE][PASSED] - Object 'Object Repository/Pages/FirstPayVault/input_VaultReferenceNumber' is present&#xD;
&#xD;
2019-10-31 11:16:32 - [MESSAGE][PASSED] - Scroll to object 'Object Repository/Pages/FirstPayVault/input_VaultReferenceNumber' successfully&#xD;
&#xD;
2019-10-31 11:16:32 - [MESSAGE][PASSED] - Object 'Object Repository/Pages/FirstPayVault/input_VaultReferenceNumber' is present&#xD;
&#xD;
2019-10-31 11:16:33 - [MESSAGE][PASSED] - Object: 'Object Repository/Pages/FirstPayVault/input_VaultReferenceNumber' is clicked on&#xD;
&#xD;
2019-10-31 11:16:34 - [MESSAGE][PASSED] - Text '2019-10-31 11:16:32.818' is set on object 'Object Repository/Pages/FirstPayVault/input_VaultReferenceNumber'&#xD;
&#xD;
2019-10-31 11:16:34 - [MESSAGE][PASSED] - utilities.SafeActions.safeType is PASSED&#xD;
&#xD;
2019-10-31 11:16:34 - [TEST_STEP][PASSED] - utilities.SafeActions.safeType(findTestObject("Pages/FirstPayVault/input_CreditCardNumber"), visaCardNumber, "Entering Card Number", [PageLoadTime]): utilities.SafeActions.safeType is PASSED&#xD;
&#xD;
2019-10-31 11:16:34 - [MESSAGE][PASSED] - Object 'Object Repository/Pages/FirstPayVault/input_CreditCardNumber' is present&#xD;
&#xD;
2019-10-31 11:16:34 - [MESSAGE][PASSED] - Scroll to object 'Object Repository/Pages/FirstPayVault/input_CreditCardNumber' successfully&#xD;
&#xD;
2019-10-31 11:16:34 - [MESSAGE][PASSED] - Object 'Object Repository/Pages/FirstPayVault/input_CreditCardNumber' is present&#xD;
&#xD;
2019-10-31 11:16:35 - [MESSAGE][PASSED] - Object: 'Object Repository/Pages/FirstPayVault/input_CreditCardNumber' is clicked on&#xD;
&#xD;
2019-10-31 11:16:35 - [MESSAGE][PASSED] - Text '4111111111111111' is set on object 'Object Repository/Pages/FirstPayVault/input_CreditCardNumber'&#xD;
&#xD;
2019-10-31 11:16:35 - [MESSAGE][PASSED] - utilities.SafeActions.safeType is PASSED&#xD;
&#xD;
2019-10-31 11:16:35 - [TEST_STEP][NOT_RUN] - delay(4): NOT_RUN: delay(4)&#xD;
&#xD;
2019-10-31 11:16:35 - [MESSAGE][NOT_RUN] - NOT_RUN: delay(4)&#xD;
&#xD;
2019-10-31 11:16:35 - [TEST_STEP][PASSED] - utilities.SafeActions.safeSelectOptionInDropDownByVisibleText(findTestObject("Pages/FirstPayVault/dropDown_ExpirationMonth"), cardMonth, "Expiration Month", [PageLoadTime]): utilities.SafeActions.safeSelectOptionInDropDownByVisibleText is PASSED&#xD;
&#xD;
2019-10-31 11:16:35 - [MESSAGE][PASSED] - Object 'Object Repository/Pages/FirstPayVault/dropDown_ExpirationMonth' is visible&#xD;
&#xD;
2019-10-31 11:16:35 - [MESSAGE][PASSED] - Object 'Object Repository/Pages/FirstPayVault/dropDown_ExpirationMonth' is present&#xD;
&#xD;
2019-10-31 11:16:36 - [MESSAGE][PASSED] - Object: 'Object Repository/Pages/FirstPayVault/dropDown_ExpirationMonth' is clicked on&#xD;
&#xD;
2019-10-31 11:16:36 - [MESSAGE][PASSED] - All options with label 'September' are selected in object 'Object Repository/Pages/FirstPayVault/dropDown_ExpirationMonth' &#xD;
&#xD;
2019-10-31 11:16:36 - [MESSAGE][PASSED] - utilities.SafeActions.safeSelectOptionInDropDownByVisibleText is PASSED&#xD;
&#xD;
2019-10-31 11:16:36 - [TEST_STEP][PASSED] - utilities.SafeActions.safeSelectOptionInDropDownByVisibleText(findTestObject("Pages/FirstPayVault/dropDown_ExpirationYear"), cardYear, "year", [PageLoadTime]): utilities.SafeActions.safeSelectOptionInDropDownByVisibleText is PASSED&#xD;
&#xD;
2019-10-31 11:16:36 - [MESSAGE][PASSED] - Object 'Object Repository/Pages/FirstPayVault/dropDown_ExpirationYear' is visible&#xD;
&#xD;
2019-10-31 11:16:36 - [MESSAGE][PASSED] - Object 'Object Repository/Pages/FirstPayVault/dropDown_ExpirationYear' is present&#xD;
&#xD;
2019-10-31 11:16:37 - [MESSAGE][PASSED] - Object: 'Object Repository/Pages/FirstPayVault/dropDown_ExpirationYear' is clicked on&#xD;
&#xD;
2019-10-31 11:16:37 - [MESSAGE][PASSED] - All options with label '2032' are selected in object 'Object Repository/Pages/FirstPayVault/dropDown_ExpirationYear' &#xD;
&#xD;
2019-10-31 11:16:37 - [MESSAGE][PASSED] - utilities.SafeActions.safeSelectOptionInDropDownByVisibleText is PASSED&#xD;
&#xD;
2019-10-31 11:16:37 - [TEST_STEP][NOT_RUN] - delay(2): NOT_RUN: delay(2)&#xD;
&#xD;
2019-10-31 11:16:37 - [MESSAGE][NOT_RUN] - NOT_RUN: delay(2)&#xD;
&#xD;
2019-10-31 11:16:37 - [TEST_STEP][PASSED] - utilities.SafeActions.safeType(findTestObject("Pages/FirstPayVault/input_ContactName"), customerName, "Enter Contact Name", [PageLoadTime]): utilities.SafeActions.safeType is PASSED&#xD;
&#xD;
2019-10-31 11:16:37 - [MESSAGE][PASSED] - Object 'Object Repository/Pages/FirstPayVault/input_ContactName' is present&#xD;
&#xD;
2019-10-31 11:16:37 - [MESSAGE][PASSED] - Scroll to object 'Object Repository/Pages/FirstPayVault/input_ContactName' successfully&#xD;
&#xD;
2019-10-31 11:16:37 - [MESSAGE][PASSED] - Object 'Object Repository/Pages/FirstPayVault/input_ContactName' is present&#xD;
&#xD;
2019-10-31 11:16:38 - [MESSAGE][PASSED] - Object: 'Object Repository/Pages/FirstPayVault/input_ContactName' is clicked on&#xD;
&#xD;
2019-10-31 11:16:38 - [MESSAGE][PASSED] - Text 'Venkata Sai' is set on object 'Object Repository/Pages/FirstPayVault/input_ContactName'&#xD;
&#xD;
2019-10-31 11:16:38 - [MESSAGE][PASSED] - utilities.SafeActions.safeType is PASSED&#xD;
&#xD;
2019-10-31 11:16:38 - [TEST_STEP][PASSED] - utilities.SafeActions.safeType(findTestObject("Pages/FirstPayVault/input_PostalCode"), postalCode, "Enter Postal Code", [PageLoadTime]): utilities.SafeActions.safeType is PASSED&#xD;
&#xD;
2019-10-31 11:16:39 - [MESSAGE][PASSED] - Object 'Object Repository/Pages/FirstPayVault/input_PostalCode' is present&#xD;
&#xD;
2019-10-31 11:16:39 - [MESSAGE][PASSED] - Scroll to object 'Object Repository/Pages/FirstPayVault/input_PostalCode' successfully&#xD;
&#xD;
2019-10-31 11:16:39 - [MESSAGE][PASSED] - Object 'Object Repository/Pages/FirstPayVault/input_PostalCode' is present&#xD;
&#xD;
2019-10-31 11:16:40 - [MESSAGE][PASSED] - Object: 'Object Repository/Pages/FirstPayVault/input_PostalCode' is clicked on&#xD;
&#xD;
2019-10-31 11:16:40 - [MESSAGE][PASSED] - Text '76102' is set on object 'Object Repository/Pages/FirstPayVault/input_PostalCode'&#xD;
&#xD;
2019-10-31 11:16:40 - [MESSAGE][PASSED] - utilities.SafeActions.safeType is PASSED&#xD;
&#xD;
2019-10-31 11:16:40 - [TEST_STEP][PASSED] - utilities.SafeActions.safeType(findTestObject("Pages/FirstPayVault/input_Address"), address, "Enter ddress", [PageLoadTime]): utilities.SafeActions.safeType is PASSED&#xD;
&#xD;
2019-10-31 11:16:40 - [MESSAGE][PASSED] - Object 'Object Repository/Pages/FirstPayVault/input_Address' is present&#xD;
&#xD;
2019-10-31 11:16:40 - [MESSAGE][PASSED] - Scroll to object 'Object Repository/Pages/FirstPayVault/input_Address' successfully&#xD;
&#xD;
2019-10-31 11:16:40 - [MESSAGE][PASSED] - Object 'Object Repository/Pages/FirstPayVault/input_Address' is present&#xD;
&#xD;
2019-10-31 11:16:41 - [MESSAGE][PASSED] - Object: 'Object Repository/Pages/FirstPayVault/input_Address' is clicked on&#xD;
&#xD;
2019-10-31 11:16:41 - [MESSAGE][PASSED] - Text 'Street123' is set on object 'Object Repository/Pages/FirstPayVault/input_Address'&#xD;
&#xD;
2019-10-31 11:16:41 - [MESSAGE][PASSED] - utilities.SafeActions.safeType is PASSED&#xD;
&#xD;
2019-10-31 11:16:41 - [TEST_STEP][PASSED] - utilities.SafeActions.safeCheckForElement(findTestObject("Pages/FirstPayVault/chekBox_AddShippingInformation"), PageLoadTime): utilities.SafeActions.safeCheckForElement is PASSED&#xD;
&#xD;
2019-10-31 11:16:41 - [MESSAGE][PASSED] - Object 'Object Repository/Pages/FirstPayVault/chekBox_AddShippingInformation' is present&#xD;
&#xD;
2019-10-31 11:16:41 - [MESSAGE][PASSED] - Object 'Object Repository/Pages/FirstPayVault/chekBox_AddShippingInformation' is visible&#xD;
&#xD;
2019-10-31 11:16:41 - [MESSAGE][PASSED] - Object 'Object Repository/Pages/FirstPayVault/chekBox_AddShippingInformation' is present&#xD;
&#xD;
2019-10-31 11:16:42 - [MESSAGE][PASSED] - Object 'Object Repository/Pages/FirstPayVault/chekBox_AddShippingInformation' is checked&#xD;
&#xD;
2019-10-31 11:16:42 - [MESSAGE][PASSED] - utilities.SafeActions.safeCheckForElement is PASSED&#xD;
&#xD;
2019-10-31 11:16:42 - [TEST_STEP][PASSED] - utilities.SafeActions.safeType(findTestObject("Pages/FirstPayVault/input_ShippingMethod"), shippingMethod, "Enter Shipping Method", [PageLoadTime]): utilities.SafeActions.safeType is PASSED&#xD;
&#xD;
2019-10-31 11:16:42 - [MESSAGE][PASSED] - Object 'Object Repository/Pages/FirstPayVault/input_ShippingMethod' is present&#xD;
&#xD;
2019-10-31 11:16:42 - [MESSAGE][PASSED] - Scroll to object 'Object Repository/Pages/FirstPayVault/input_ShippingMethod' successfully&#xD;
&#xD;
2019-10-31 11:16:42 - [MESSAGE][PASSED] - Object 'Object Repository/Pages/FirstPayVault/input_ShippingMethod' is present&#xD;
&#xD;
2019-10-31 11:16:43 - [MESSAGE][PASSED] - Object: 'Object Repository/Pages/FirstPayVault/input_ShippingMethod' is clicked on&#xD;
&#xD;
2019-10-31 11:16:43 - [MESSAGE][PASSED] - Text 'DTDC' is set on object 'Object Repository/Pages/FirstPayVault/input_ShippingMethod'&#xD;
&#xD;
2019-10-31 11:16:43 - [MESSAGE][PASSED] - utilities.SafeActions.safeType is PASSED&#xD;
&#xD;
2019-10-31 11:16:43 - [TEST_STEP][PASSED] - utilities.SafeActions.safeCheckForElement(findTestObject("Pages/FirstPayVault/checkbox_SameAsBillingInformation"), PageLoadTime): utilities.SafeActions.safeCheckForElement is PASSED&#xD;
&#xD;
2019-10-31 11:16:43 - [MESSAGE][PASSED] - Object 'Object Repository/Pages/FirstPayVault/checkbox_SameAsBillingInformation' is present&#xD;
&#xD;
2019-10-31 11:16:43 - [MESSAGE][PASSED] - Object 'Object Repository/Pages/FirstPayVault/checkbox_SameAsBillingInformation' is visible&#xD;
&#xD;
2019-10-31 11:16:43 - [MESSAGE][PASSED] - Object 'Object Repository/Pages/FirstPayVault/checkbox_SameAsBillingInformation' is present&#xD;
&#xD;
2019-10-31 11:16:44 - [MESSAGE][PASSED] - Object 'Object Repository/Pages/FirstPayVault/checkbox_SameAsBillingInformation' is checked&#xD;
&#xD;
2019-10-31 11:16:44 - [MESSAGE][PASSED] - utilities.SafeActions.safeCheckForElement is PASSED&#xD;
&#xD;
2019-10-31 11:16:44 - [TEST_STEP][PASSED] - utilities.SafeActions.safeClickwithScroll(findTestObject("Pages/FirstPayVault/button_Create"), "Click on Create Button", [PageLoadTime]): utilities.SafeActions.safeClickwithScroll is PASSED&#xD;
&#xD;
2019-10-31 11:16:44 - [MESSAGE][PASSED] - Object 'Object Repository/Pages/FirstPayVault/button_Create' is present&#xD;
&#xD;
2019-10-31 11:16:44 - [MESSAGE][PASSED] - Object 'Object Repository/Pages/FirstPayVault/button_Create' is visible&#xD;
&#xD;
2019-10-31 11:16:44 - [MESSAGE][INFO] - 1stPayVault.ts:waiting until Click on Create Button is Clickable&#xD;
&#xD;
2019-10-31 11:16:44 - [MESSAGE][PASSED] - Object 'Object Repository/Pages/FirstPayVault/button_Create' is clickable&#xD;
&#xD;
2019-10-31 11:16:44 - [MESSAGE][PASSED] - Object 'Object Repository/Pages/FirstPayVault/button_Create' is visible&#xD;
&#xD;
2019-10-31 11:16:45 - [MESSAGE][PASSED] - Object: 'Object Repository/Pages/FirstPayVault/button_Create' is clicked on&#xD;
&#xD;
2019-10-31 11:16:45 - [MESSAGE][INFO] - 1stPayVault.ts: Clicked on the Click on Create Button&#xD;
&#xD;
2019-10-31 11:16:45 - [MESSAGE][PASSED] - utilities.SafeActions.safeClickwithScroll is PASSED&#xD;
&#xD;
2019-10-31 11:16:45 - [TEST_STEP][NOT_RUN] - delay(2): NOT_RUN: delay(2)&#xD;
&#xD;
2019-10-31 11:16:45 - [MESSAGE][NOT_RUN] - NOT_RUN: delay(2)&#xD;
&#xD;
2019-10-31 11:16:45 - [TEST_STEP][PASSED] - popupSavedToVaultMessage = utilities.SafeActions.safeGetText(findTestObject("Pages/FirstPayVault/popup_SavedToVaultMessage"), PageLoadTime): utilities.SafeActions.safeGetText is PASSED&#xD;
&#xD;
2019-10-31 11:16:45 - [MESSAGE][PASSED] - Object 'Object Repository/Pages/FirstPayVault/popup_SavedToVaultMessage' is present&#xD;
&#xD;
2019-10-31 11:16:45 - [MESSAGE][PASSED] - Scroll to object 'Object Repository/Pages/FirstPayVault/popup_SavedToVaultMessage' successfully&#xD;
&#xD;
2019-10-31 11:16:45 - [MESSAGE][PASSED] - Object 'Object Repository/Pages/FirstPayVault/popup_SavedToVaultMessage' is present&#xD;
&#xD;
2019-10-31 11:16:45 - [MESSAGE][PASSED] - Text of object 'Object Repository/Pages/FirstPayVault/popup_SavedToVaultMessage' is: 'Successfully Saved to Vault'&#xD;
&#xD;
2019-10-31 11:16:45 - [MESSAGE][PASSED] - utilities.SafeActions.safeGetText is PASSED&#xD;
&#xD;
2019-10-31 11:16:45 - [TEST_STEP][PASSED] - flag = utilities.SafeActions.verifyPopupMessage("Successfully Saved to Vault", popupSavedToVaultMessage): Popup Message : Successfully Saved to Vault matched with expected message : Successfully Saved to Vault&#xD;
&#xD;
2019-10-31 11:16:45 - [MESSAGE][PASSED] - Popup Message : Successfully Saved to Vault matched with expected message : Successfully Saved to Vault&#xD;
&#xD;
2019-10-31 11:16:45 - [TEST_STEP][NOT_RUN] - delay(2): NOT_RUN: delay(2)&#xD;
&#xD;
2019-10-31 11:16:45 - [MESSAGE][NOT_RUN] - NOT_RUN: delay(2)&#xD;
&#xD;
2019-10-31 11:16:45 - [TEST_STEP][PASSED] - utilities.SafeActions.safeClickWithoutScroll(findTestObject("Pages/FirstPayVault/button_RunSaleWithThisVault_InPopup"), "Click on Run Sale With This Vault in Popup", [delayBetweenTestSteps]): utilities.SafeActions.safeClickWithoutScroll is PASSED&#xD;
&#xD;
2019-10-31 11:16:46 - [MESSAGE][INFO] - Safe Click Without scroll&#xD;
&#xD;
2019-10-31 11:16:46 - [MESSAGE][INFO] - 1stPayVault.ts:waiting until Click on Run Sale With This Vault in Popup is Clickable&#xD;
&#xD;
2019-10-31 11:16:46 - [MESSAGE][PASSED] - Object 'Object Repository/Pages/FirstPayVault/button_RunSaleWithThisVault_InPopup' is clickable&#xD;
&#xD;
2019-10-31 11:16:46 - [MESSAGE][PASSED] - Object 'Object Repository/Pages/FirstPayVault/button_RunSaleWithThisVault_InPopup' is visible&#xD;
&#xD;
2019-10-31 11:16:47 - [MESSAGE][PASSED] - Object: 'Object Repository/Pages/FirstPayVault/button_RunSaleWithThisVault_InPopup' is clicked on&#xD;
&#xD;
2019-10-31 11:16:47 - [MESSAGE][INFO] - 1stPayVault.ts: click on the Click on Run Sale With This Vault in Popup&#xD;
&#xD;
2019-10-31 11:16:47 - [MESSAGE][PASSED] - utilities.SafeActions.safeClickWithoutScroll is PASSED&#xD;
&#xD;
2019-10-31 11:16:47 - [TEST_STEP][NOT_RUN] - delay(1): NOT_RUN: delay(1)&#xD;
&#xD;
2019-10-31 11:16:47 - [MESSAGE][NOT_RUN] - NOT_RUN: delay(1)&#xD;
&#xD;
2019-10-31 11:16:47 - [TEST_STEP][PASSED] - value = utilities.SafeActions.getAttributeValue(findTestObject("Pages/FirstPayVault/tab_1stPayVault_Active"), "1st_PayVault"): The screen is 1st_PayVault screen&#xD;
&#xD;
2019-10-31 11:16:47 - [MESSAGE][PASSED] - Attribute 'class' of object 'Object Repository/Pages/FirstPayVault/tab_1stPayVault_Active' is: 'active_tab tabs__link'&#xD;
&#xD;
2019-10-31 11:16:47 - [MESSAGE][PASSED] - The screen is 1st_PayVault screen&#xD;
&#xD;
2019-10-31 11:16:47 - [TEST_STEP][PASSED] - scrollToElement(findTestObject("Pages/FirstPayVault/input_Amount"), PageLoadTime): Scroll to object 'Object Repository/Pages/FirstPayVault/input_Amount' successfully&#xD;
&#xD;
2019-10-31 11:16:47 - [MESSAGE][PASSED] - Scroll to object 'Object Repository/Pages/FirstPayVault/input_Amount' successfully&#xD;
&#xD;
2019-10-31 11:16:47 - [TEST_STEP][PASSED] - utilities.SafeActions.safeType(findTestObject("Pages/FirstPayVault/input_Amount"), amount, "Enter Amount", [PageLoadTime]): utilities.SafeActions.safeType is PASSED&#xD;
&#xD;
2019-10-31 11:16:47 - [MESSAGE][PASSED] - Object 'Object Repository/Pages/FirstPayVault/input_Amount' is present&#xD;
&#xD;
2019-10-31 11:16:47 - [MESSAGE][PASSED] - Scroll to object 'Object Repository/Pages/FirstPayVault/input_Amount' successfully&#xD;
&#xD;
2019-10-31 11:16:47 - [MESSAGE][PASSED] - Object 'Object Repository/Pages/FirstPayVault/input_Amount' is present&#xD;
&#xD;
2019-10-31 11:16:48 - [MESSAGE][PASSED] - Object: 'Object Repository/Pages/FirstPayVault/input_Amount' is clicked on&#xD;
&#xD;
2019-10-31 11:16:48 - [MESSAGE][PASSED] - Text '450' is set on object 'Object Repository/Pages/FirstPayVault/input_Amount'&#xD;
&#xD;
2019-10-31 11:16:48 - [MESSAGE][PASSED] - utilities.SafeActions.safeType is PASSED&#xD;
&#xD;
2019-10-31 11:16:48 - [TEST_STEP][PASSED] - salesTax = utilities.SafeActions.safeGetText(findTestObject("Pages/FirstPayVault/input_SalesTaxUnderAmount"), delayBetweenTestSteps): utilities.SafeActions.safeGetText is PASSED&#xD;
&#xD;
2019-10-31 11:16:48 - [MESSAGE][PASSED] - Object 'Object Repository/Pages/FirstPayVault/input_SalesTaxUnderAmount' is present&#xD;
&#xD;
2019-10-31 11:16:48 - [MESSAGE][PASSED] - Scroll to object 'Object Repository/Pages/FirstPayVault/input_SalesTaxUnderAmount' successfully&#xD;
&#xD;
2019-10-31 11:16:48 - [MESSAGE][PASSED] - Object 'Object Repository/Pages/FirstPayVault/input_SalesTaxUnderAmount' is present&#xD;
&#xD;
2019-10-31 11:16:49 - [MESSAGE][PASSED] - Text of object 'Object Repository/Pages/FirstPayVault/input_SalesTaxUnderAmount' is: '$37.13'&#xD;
&#xD;
2019-10-31 11:16:49 - [MESSAGE][PASSED] - utilities.SafeActions.safeGetText is PASSED&#xD;
&#xD;
2019-10-31 11:16:49 - [TEST_STEP][PASSED] - pages.FirstPayVault.verifyAmountIsNotZero(salesTax): pages.FirstPayVault.verifyAmountIsNotZero is PASSED&#xD;
&#xD;
2019-10-31 11:16:49 - [MESSAGE][PASSED] - pages.FirstPayVault.verifyAmountIsNotZero is PASSED&#xD;
&#xD;
2019-10-31 11:16:49 - [TEST_STEP][PASSED] - scrollToElement(findTestObject("Pages/FirstPayVault/input_CreditCardNumberForVerification"), delayBetweenTestSteps): Scroll to object 'Object Repository/Pages/FirstPayVault/input_CreditCardNumberForVerification' successfully&#xD;
&#xD;
2019-10-31 11:16:49 - [MESSAGE][PASSED] - Scroll to object 'Object Repository/Pages/FirstPayVault/input_CreditCardNumberForVerification' successfully&#xD;
&#xD;
2019-10-31 11:16:49 - [TEST_STEP][PASSED] - cardNumber = utilities.SafeActions.getAttribute(findTestObject("Pages/FirstPayVault/input_CreditCardNumberForVerification"), "1st Pay Vault"): utilities.SafeActions.getAttribute is PASSED&#xD;
&#xD;
2019-10-31 11:16:49 - [MESSAGE][PASSED] - Attribute 'value' of object 'Object Repository/Pages/FirstPayVault/input_CreditCardNumberForVerification' is: '411111******1111'&#xD;
&#xD;
2019-10-31 11:16:49 - [MESSAGE][PASSED] - utilities.SafeActions.getAttribute is PASSED&#xD;
&#xD;
2019-10-31 11:16:49 - [TEST_STEP][PASSED] - pages.FirstPayVault.verifyCardNumber(cardNumber, visaCardNumber): Actual String : 4111111111111111 matched with Expected message : 411111******1111&#xD;
&#xD;
2019-10-31 11:16:49 - [MESSAGE][PASSED] - Actual String : 4111111111111111 matched with Expected message : 411111******1111&#xD;
&#xD;
2019-10-31 11:16:49 - [TEST_STEP][PASSED] - expirationYear = utilities.SafeActions.getAttribute(findTestObject("Pages/FirstPayVault/dropDownExpirationYearForVerification"), "1st Pay Vault"): utilities.SafeActions.getAttribute is PASSED&#xD;
&#xD;
2019-10-31 11:16:49 - [MESSAGE][PASSED] - Attribute 'value' of object 'Object Repository/Pages/FirstPayVault/dropDownExpirationYearForVerification' is: '2032'&#xD;
&#xD;
2019-10-31 11:16:49 - [MESSAGE][PASSED] - utilities.SafeActions.getAttribute is PASSED&#xD;
&#xD;
2019-10-31 11:16:49 - [TEST_STEP][PASSED] - pages.FirstPayVault.verifyStrings(expirationYear, cardYear): Actual String : 2032 matched with Expected message : 2032&#xD;
&#xD;
2019-10-31 11:16:49 - [MESSAGE][PASSED] - Actual String : 2032 matched with Expected message : 2032&#xD;
&#xD;
2019-10-31 11:16:49 - [TEST_STEP][PASSED] - scrollToElement(findTestObject("Pages/FirstPayVault/input_VerifyCardHolderName"), PageLoadTime): Scroll to object 'Object Repository/Pages/FirstPayVault/input_VerifyCardHolderName' successfully&#xD;
&#xD;
2019-10-31 11:16:49 - [MESSAGE][PASSED] - Scroll to object 'Object Repository/Pages/FirstPayVault/input_VerifyCardHolderName' successfully&#xD;
&#xD;
2019-10-31 11:16:49 - [TEST_STEP][PASSED] - name = utilities.SafeActions.getAttribute(findTestObject("Pages/FirstPayVault/input_VerifyCardHolderName"), "1stPayVault"): utilities.SafeActions.getAttribute is PASSED&#xD;
&#xD;
2019-10-31 11:16:50 - [MESSAGE][PASSED] - Attribute 'value' of object 'Object Repository/Pages/FirstPayVault/input_VerifyCardHolderName' is: 'Venkata Sai'&#xD;
&#xD;
2019-10-31 11:16:50 - [MESSAGE][PASSED] - utilities.SafeActions.getAttribute is PASSED&#xD;
&#xD;
2019-10-31 11:16:50 - [TEST_STEP][PASSED] - pages.FirstPayVault.verifyStrings(name, customerName): Actual String : Venkata Sai matched with Expected message : Venkata Sai&#xD;
&#xD;
2019-10-31 11:16:50 - [MESSAGE][PASSED] - Actual String : Venkata Sai matched with Expected message : Venkata Sai&#xD;
&#xD;
2019-10-31 11:16:50 - [TEST_STEP][PASSED] - scrollToElement(findTestObject("Pages/FirstPayVault/checkbox_TaxExempt"), PageLoadTime): Scroll to object 'Object Repository/Pages/FirstPayVault/checkbox_TaxExempt' successfully&#xD;
&#xD;
2019-10-31 11:16:50 - [MESSAGE][PASSED] - Scroll to object 'Object Repository/Pages/FirstPayVault/checkbox_TaxExempt' successfully&#xD;
&#xD;
2019-10-31 11:16:50 - [TEST_STEP][NOT_RUN] - salesTax = utilities.SafeActions.safeGetText(findTestObject("Pages/FirstPayVault/amount_UnderPurchaseCardInformation"), delayBetweenTestSteps): NOT_RUN: salesTax = utilities.SafeActions.safeGetText(findTestObject("Pages/FirstPayVault/amount_UnderPurchaseCardInformation"), delayBetweenTestSteps)&#xD;
&#xD;
2019-10-31 11:16:50 - [MESSAGE][NOT_RUN] - NOT_RUN: salesTax = utilities.SafeActions.safeGetText(findTestObject("Pages/FirstPayVault/amount_UnderPurchaseCardInformation"), delayBetweenTestSteps)&#xD;
&#xD;
2019-10-31 11:16:50 - [TEST_STEP][PASSED] - pages.FirstPayVault.verifyAmountIsNotZero(salesTax): pages.FirstPayVault.verifyAmountIsNotZero is PASSED&#xD;
&#xD;
2019-10-31 11:16:50 - [MESSAGE][PASSED] - pages.FirstPayVault.verifyAmountIsNotZero is PASSED&#xD;
&#xD;
2019-10-31 11:16:50 - [TEST_STEP][PASSED] - utilities.SafeActions.safeCheckForElement(findTestObject("Pages/FirstPayVault/checkbox_TaxExempt"), PageLoadTime): utilities.SafeActions.safeCheckForElement is PASSED&#xD;
&#xD;
2019-10-31 11:16:50 - [MESSAGE][PASSED] - Object 'Object Repository/Pages/FirstPayVault/checkbox_TaxExempt' is present&#xD;
&#xD;
2019-10-31 11:16:50 - [MESSAGE][PASSED] - Object 'Object Repository/Pages/FirstPayVault/checkbox_TaxExempt' is visible&#xD;
&#xD;
2019-10-31 11:16:50 - [MESSAGE][PASSED] - Object 'Object Repository/Pages/FirstPayVault/checkbox_TaxExempt' is present&#xD;
&#xD;
2019-10-31 11:16:51 - [MESSAGE][PASSED] - Object 'Object Repository/Pages/FirstPayVault/checkbox_TaxExempt' is checked&#xD;
&#xD;
2019-10-31 11:16:51 - [MESSAGE][PASSED] - utilities.SafeActions.safeCheckForElement is PASSED&#xD;
&#xD;
2019-10-31 11:16:51 - [TEST_STEP][PASSED] - utilities.SafeActions.safeClickwithScroll(findTestObject("Pages/FirstPayVault/button_Checkout"), "Click on Checkout", [PageLoadTime]): utilities.SafeActions.safeClickwithScroll is PASSED&#xD;
&#xD;
2019-10-31 11:16:51 - [MESSAGE][PASSED] - Object 'Object Repository/Pages/FirstPayVault/button_Checkout' is present&#xD;
&#xD;
2019-10-31 11:16:51 - [MESSAGE][PASSED] - Object 'Object Repository/Pages/FirstPayVault/button_Checkout' is visible&#xD;
&#xD;
2019-10-31 11:16:51 - [MESSAGE][INFO] - 1stPayVault.ts:waiting until Click on Checkout is Clickable&#xD;
&#xD;
2019-10-31 11:16:51 - [MESSAGE][PASSED] - Object 'Object Repository/Pages/FirstPayVault/button_Checkout' is clickable&#xD;
&#xD;
2019-10-31 11:16:51 - [MESSAGE][PASSED] - Object 'Object Repository/Pages/FirstPayVault/button_Checkout' is visible&#xD;
&#xD;
2019-10-31 11:16:52 - [MESSAGE][PASSED] - Object: 'Object Repository/Pages/FirstPayVault/button_Checkout' is clicked on&#xD;
&#xD;
2019-10-31 11:16:52 - [MESSAGE][INFO] - 1stPayVault.ts: Clicked on the Click on Checkout&#xD;
&#xD;
2019-10-31 11:16:52 - [MESSAGE][PASSED] - utilities.SafeActions.safeClickwithScroll is PASSED&#xD;
&#xD;
2019-10-31 11:16:52 - [TEST_STEP][PASSED] - pages.Sale.verifyTransactionCompletePage(findTestObject("Pages/Sale/heading_TransactionComplete")): The screen is Transaction Complete screen&#xD;
&#xD;
2019-10-31 11:16:52 - [MESSAGE][PASSED] - Object 'Object Repository/Pages/Sale/heading_TransactionComplete' is present&#xD;
&#xD;
2019-10-31 11:16:53 - [MESSAGE][PASSED] - The screen is Transaction Complete screen&#xD;
&#xD;
2019-10-31 11:16:53 - [TEST_STEP][NOT_RUN] - delay(delayBetweenTestSteps): NOT_RUN: delay(delayBetweenTestSteps)&#xD;
&#xD;
2019-10-31 11:16:53 - [MESSAGE][NOT_RUN] - NOT_RUN: delay(delayBetweenTestSteps)&#xD;
&#xD;
2019-10-31 11:16:53 - [TEST_STEP][PASSED] - utilities.SafeActions.safeClickWithoutScroll(findTestObject("Pages/FirstPayVault/button_ReturnToSale_InTransactionComplete"), "Click On Return Button", [PageLoadTime]): utilities.SafeActions.safeClickWithoutScroll is PASSED&#xD;
&#xD;
2019-10-31 11:16:53 - [MESSAGE][INFO] - Safe Click Without scroll&#xD;
&#xD;
2019-10-31 11:16:53 - [MESSAGE][INFO] - 1stPayVault.ts:waiting until Click On Return Button is Clickable&#xD;
&#xD;
2019-10-31 11:16:53 - [MESSAGE][PASSED] - Object 'Object Repository/Pages/FirstPayVault/button_ReturnToSale_InTransactionComplete' is clickable&#xD;
&#xD;
2019-10-31 11:16:53 - [MESSAGE][PASSED] - Object 'Object Repository/Pages/FirstPayVault/button_ReturnToSale_InTransactionComplete' is visible&#xD;
&#xD;
2019-10-31 11:16:54 - [MESSAGE][PASSED] - Object: 'Object Repository/Pages/FirstPayVault/button_ReturnToSale_InTransactionComplete' is clicked on&#xD;
&#xD;
2019-10-31 11:16:54 - [MESSAGE][INFO] - 1stPayVault.ts: click on the Click On Return Button&#xD;
&#xD;
2019-10-31 11:16:54 - [MESSAGE][PASSED] - utilities.SafeActions.safeClickWithoutScroll is PASSED&#xD;
&#xD;
2019-10-31 11:16:54 - [TEST_STEP][PASSED] - utilities.SafeActions.safeClickWithoutScroll(findTestObject("Pages/FirstPayVault/tab_FirstPayVault"), "Click on FirstPayVault tab", [PageLoadTime]): utilities.SafeActions.safeClickWithoutScroll is PASSED&#xD;
&#xD;
2019-10-31 11:16:54 - [MESSAGE][INFO] - Safe Click Without scroll&#xD;
&#xD;
2019-10-31 11:16:54 - [MESSAGE][INFO] - 1stPayVault.ts:waiting until Click on FirstPayVault tab is Clickable&#xD;
&#xD;
2019-10-31 11:16:54 - [MESSAGE][PASSED] - Object 'Object Repository/Pages/FirstPayVault/tab_FirstPayVault' is clickable&#xD;
&#xD;
2019-10-31 11:16:54 - [MESSAGE][PASSED] - Object 'Object Repository/Pages/FirstPayVault/tab_FirstPayVault' is visible&#xD;
&#xD;
2019-10-31 11:16:55 - [MESSAGE][PASSED] - Object: 'Object Repository/Pages/FirstPayVault/tab_FirstPayVault' is clicked on&#xD;
&#xD;
2019-10-31 11:16:55 - [MESSAGE][INFO] - 1stPayVault.ts: click on the Click on FirstPayVault tab&#xD;
&#xD;
2019-10-31 11:16:55 - [MESSAGE][PASSED] - utilities.SafeActions.safeClickWithoutScroll is PASSED&#xD;
&#xD;
2019-10-31 11:16:55 - [TEST_STEP][PASSED] - utilities.SafeActions.safeClickwithScroll(findTestObject("Pages/FirstPayVault/button_SearchVault"), "Click on Search Vault", [PageLoadTime]): utilities.SafeActions.safeClickwithScroll is PASSED&#xD;
&#xD;
2019-10-31 11:16:55 - [MESSAGE][PASSED] - Object 'Object Repository/Pages/FirstPayVault/button_SearchVault' is present&#xD;
&#xD;
2019-10-31 11:16:55 - [MESSAGE][PASSED] - Object 'Object Repository/Pages/FirstPayVault/button_SearchVault' is visible&#xD;
&#xD;
2019-10-31 11:16:55 - [MESSAGE][INFO] - 1stPayVault.ts:waiting until Click on Search Vault is Clickable&#xD;
&#xD;
2019-10-31 11:16:55 - [MESSAGE][PASSED] - Object 'Object Repository/Pages/FirstPayVault/button_SearchVault' is clickable&#xD;
&#xD;
2019-10-31 11:16:55 - [MESSAGE][PASSED] - Object 'Object Repository/Pages/FirstPayVault/button_SearchVault' is visible&#xD;
&#xD;
2019-10-31 11:16:56 - [MESSAGE][PASSED] - Object: 'Object Repository/Pages/FirstPayVault/button_SearchVault' is clicked on&#xD;
&#xD;
2019-10-31 11:16:56 - [MESSAGE][INFO] - 1stPayVault.ts: Clicked on the Click on Search Vault&#xD;
&#xD;
2019-10-31 11:16:56 - [MESSAGE][PASSED] - utilities.SafeActions.safeClickwithScroll is PASSED&#xD;
&#xD;
2019-10-31 11:16:56 - [TEST_STEP][PASSED] - utilities.SafeActions.safeClickWithoutScroll(findTestObject("Pages/FirstPayVault/button_Search"), "Click On Search button", [PageLoadTime]): utilities.SafeActions.safeClickWithoutScroll is PASSED&#xD;
&#xD;
2019-10-31 11:16:56 - [MESSAGE][INFO] - Safe Click Without scroll&#xD;
&#xD;
2019-10-31 11:16:56 - [MESSAGE][INFO] - 1stPayVault.ts:waiting until Click On Search button is Clickable&#xD;
&#xD;
2019-10-31 11:16:56 - [MESSAGE][PASSED] - Object 'Object Repository/Pages/FirstPayVault/button_Search' is clickable&#xD;
&#xD;
2019-10-31 11:16:56 - [MESSAGE][PASSED] - Object 'Object Repository/Pages/FirstPayVault/button_Search' is visible&#xD;
&#xD;
2019-10-31 11:16:57 - [MESSAGE][PASSED] - Object: 'Object Repository/Pages/FirstPayVault/button_Search' is clicked on&#xD;
&#xD;
2019-10-31 11:16:57 - [MESSAGE][INFO] - 1stPayVault.ts: click on the Click On Search button&#xD;
&#xD;
2019-10-31 11:16:57 - [MESSAGE][PASSED] - utilities.SafeActions.safeClickWithoutScroll is PASSED&#xD;
&#xD;
2019-10-31 11:16:57 - [TEST_STEP][PASSED] - scrollToElement(findTestObject("Pages/Transaction_Management/invoice_ForTransaction"), PageLoadTime): Scroll to object 'Object Repository/Pages/Transaction_Management/invoice_ForTransaction' successfully&#xD;
&#xD;
2019-10-31 11:16:59 - [MESSAGE][PASSED] - Scroll to object 'Object Repository/Pages/Transaction_Management/invoice_ForTransaction' successfully&#xD;
&#xD;
2019-10-31 11:16:59 - [TEST_STEP][PASSED] - pages.FirstPayVault.verifyInvoiceRecord(findTestObject("Pages/FirstPayVault/footer_NextButton"), findTestObject("Pages/FirstPayVault/page_Number"), vaultReference): The Vault is found in page 1&#xD;
&#xD;
2019-10-31 11:17:00 - [MESSAGE][PASSED] - Text of object 'Object Repository/Pages/FirstPayVault/page_Number' is: 'Page 1 of 30'&#xD;
&#xD;
2019-10-31 11:17:00 - [MESSAGE][PASSED] - The Vault is found in page 1&#xD;
&#xD;
2019-10-31 11:17:00 - [TEST_STEP][NOT_RUN] - delay(2): NOT_RUN: delay(2)&#xD;
&#xD;
2019-10-31 11:17:00 - [MESSAGE][NOT_RUN] - NOT_RUN: delay(2)&#xD;
&#xD;
2019-10-31 11:17:00 - [TEST_STEP][PASSED] - pages.FirstPayVault.clickOnDelete(findTestObject("Pages/FirstPayVault/footer_NextButton"), findTestObject("Pages/FirstPayVault/page_Number"), findTestObject("Pages/FirstPayVault/button_deleteFromVault"), vaultReference): Object: 'Object Repository/Pages/FirstPayVault/button_deleteFromVault' is clicked on&#xD;
&#xD;
2019-10-31 11:17:01 - [MESSAGE][PASSED] - Text of object 'Object Repository/Pages/FirstPayVault/page_Number' is: 'Page 1 of 30'&#xD;
&#xD;
2019-10-31 11:17:01 - [MESSAGE][PASSED] - The Vault is found in page 1&#xD;
&#xD;
2019-10-31 11:17:07 - [MESSAGE][PASSED] - Delayed 6 second(s)&#xD;
&#xD;
2019-10-31 11:17:12 - [MESSAGE][PASSED] - Delayed 4 second(s)&#xD;
&#xD;
2019-10-31 11:17:13 - [MESSAGE][PASSED] - Object: 'Object Repository/Pages/FirstPayVault/button_deleteFromVault' is clicked on&#xD;
&#xD;
2019-10-31 11:17:13 - [TEST_STEP][PASSED] - delay(delayBetweenTestSteps): Delayed 3 second(s)&#xD;
&#xD;
2019-10-31 11:17:16 - [MESSAGE][PASSED] - Delayed 3 second(s)&#xD;
&#xD;
2019-10-31 11:17:16 - [TEST_STEP][PASSED] - deleteVaultPopupMessage = utilities.SafeActions.safeGetText(findTestObject("Pages/FirstPayVault/alertMessageAfterDeleteVault"), delayBetweenTestSteps): utilities.SafeActions.safeGetText is PASSED&#xD;
&#xD;
2019-10-31 11:17:16 - [MESSAGE][PASSED] - Object 'Object Repository/Pages/FirstPayVault/alertMessageAfterDeleteVault' is present&#xD;
&#xD;
2019-10-31 11:17:16 - [MESSAGE][PASSED] - Scroll to object 'Object Repository/Pages/FirstPayVault/alertMessageAfterDeleteVault' successfully&#xD;
&#xD;
2019-10-31 11:17:16 - [MESSAGE][PASSED] - Object 'Object Repository/Pages/FirstPayVault/alertMessageAfterDeleteVault' is present&#xD;
&#xD;
2019-10-31 11:17:16 - [MESSAGE][PASSED] - Text of object 'Object Repository/Pages/FirstPayVault/alertMessageAfterDeleteVault' is: 'Vault Deletion successfully completed'&#xD;
&#xD;
2019-10-31 11:17:16 - [MESSAGE][PASSED] - utilities.SafeActions.safeGetText is PASSED&#xD;
&#xD;
2019-10-31 11:17:16 - [TEST_STEP][PASSED] - utilities.SafeActions.verifyPopupMessage("Vault Deletion successfully completed", deleteVaultPopupMessage): Popup Message : Vault Deletion successfully completed matched with expected message : Vault Deletion successfully completed&#xD;
&#xD;
2019-10-31 11:17:16 - [MESSAGE][PASSED] - Popup Message : Vault Deletion successfully completed matched with expected message : Vault Deletion successfully completed&#xD;
&#xD;
2019-10-31 11:17:16 - [TEST_STEP][PASSED] - utilities.SafeActions.safeClickWithoutScroll(findTestObject("Pages/FirstPayVault/closeLocatorForDeletePopupMessage"), "Click on Close button", [PageLoadTime]): utilities.SafeActions.safeClickWithoutScroll is PASSED&#xD;
&#xD;
2019-10-31 11:17:16 - [MESSAGE][INFO] - Safe Click Without scroll&#xD;
&#xD;
2019-10-31 11:17:16 - [MESSAGE][INFO] - 1stPayVault.ts:waiting until Click on Close button is Clickable&#xD;
&#xD;
2019-10-31 11:17:16 - [MESSAGE][PASSED] - Object 'Object Repository/Pages/FirstPayVault/closeLocatorForDeletePopupMessage' is clickable&#xD;
&#xD;
2019-10-31 11:17:17 - [MESSAGE][PASSED] - Object 'Object Repository/Pages/FirstPayVault/closeLocatorForDeletePopupMessage' is visible&#xD;
&#xD;
2019-10-31 11:17:18 - [MESSAGE][PASSED] - Object: 'Object Repository/Pages/FirstPayVault/closeLocatorForDeletePopupMessage' is clicked on&#xD;
&#xD;
2019-10-31 11:17:18 - [MESSAGE][INFO] - 1stPayVault.ts: click on the Click on Close button&#xD;
&#xD;
2019-10-31 11:17:18 - [MESSAGE][PASSED] - utilities.SafeActions.safeClickWithoutScroll is PASSED&#xD;
&#xD;
2019-10-31 11:17:18 - [TEST_STEP][PASSED] - closeBrowser(): Browser is closed&#xD;
&#xD;
2019-10-31 11:17:26 - [MESSAGE][PASSED] - Browser is closed&#xD;
&#xD;
2019-10-31 11:17:26 - [TEST_STEP][PASSED] - Start listener action : sampleAfterTestCase: null&#xD;
&#xD;
2019-10-31 11:17:26 - [TEST_STEP][PASSED] - println(testCaseContext.getTestCaseId()): null&#xD;
&#xD;
2019-10-31 11:17:26 - [TEST_STEP][PASSED] - println(testCaseContext.getTestCaseStatus()): null&#xD;
&#xD;
2019-10-31 11:17:26 - [TEST_STEP][PASSED] - testCaseName = testCaseContext.getTestCaseId(): null&#xD;
&#xD;
2019-10-31 11:17:26 - [TEST_STEP][PASSED] - strCount = testCaseName.lastIndexOf("/"): null&#xD;
&#xD;
2019-10-31 11:17:26 - [TEST_STEP][PASSED] - testCaseName = testCaseName.substring(strCount): null&#xD;
&#xD;
2019-10-31 11:17:26 - [TEST_STEP][PASSED] - println(testCaseName): null&#xD;
&#xD;
2019-10-31 11:17:26 - [TEST_STEP][PASSED] - if (getTestCaseStatus().equalsIgnoreCase("Error")): null&#xD;
&#xD;
2019-10-31 11:17:26 - [TEST_STEP][PASSED] - Start listener action : sampleAfterTestCase: null</system-out>
            <system-err></system-err>
        </testcase>
        <testcase name="Test Cases/FirstView/FirstPayVault/TC_1st_Pay_Vault_009" classname="Test Cases/FirstView/FirstPayVault/TC_1st_Pay_Vault_009" status="FAILED">
            <failure type="FAILED" message="Test Cases/FirstView/FirstPayVault/TC_1st_Pay_Vault_009 FAILED.&#xA;Reason:&#xA;com.kms.katalon.core.exception.StepFailedException: The Vault is not found in all the pages&#xD;&#xA;&#x9;at com.kms.katalon.core.util.KeywordUtil.markFailed(KeywordUtil.java:19)&#xD;&#xA;&#x9;at com.kms.katalon.core.util.KeywordUtil$markFailed$1.call(Unknown Source)&#xD;&#xA;&#x9;at pages.FirstPayVault.verifyInvoiceRecord(FirstPayVault.groovy:251)&#xD;&#xA;&#x9;at pages.FirstPayVault.invokeMethod(FirstPayVault.groovy)&#xD;&#xA;&#x9;at com.kms.katalon.core.main.CustomKeywordDelegatingMetaClass.invokeStaticMethod(CustomKeywordDelegatingMetaClass.java:50)&#xD;&#xA;&#x9;at TC_1st_Pay_Vault_009.run(TC_1st_Pay_Vault_009:123)&#xD;&#xA;&#x9;at com.kms.katalon.core.main.ScriptEngine.run(ScriptEngine.java:194)&#xD;&#xA;&#x9;at com.kms.katalon.core.main.ScriptEngine.runScriptAsRawText(ScriptEngine.java:119)&#xD;&#xA;&#x9;at com.kms.katalon.core.main.TestCaseExecutor.runScript(TestCaseExecutor.java:337)&#xD;&#xA;&#x9;at com.kms.katalon.core.main.TestCaseExecutor.doExecute(TestCaseExecutor.java:328)&#xD;&#xA;&#x9;at com.kms.katalon.core.main.TestCaseExecutor.processExecutionPhase(TestCaseExecutor.java:307)&#xD;&#xA;&#x9;at com.kms.katalon.core.main.TestCaseExecutor.accessMainPhase(TestCaseExecutor.java:299)&#xD;&#xA;&#x9;at com.kms.katalon.core.main.TestCaseExecutor.execute(TestCaseExecutor.java:233)&#xD;&#xA;&#x9;at com.kms.katalon.core.main.TestSuiteExecutor.accessTestCaseMainPhase(TestSuiteExecutor.java:169)&#xD;&#xA;&#x9;at com.kms.katalon.core.main.TestSuiteExecutor.accessTestSuiteMainPhase(TestSuiteExecutor.java:142)&#xD;&#xA;&#x9;at com.kms.katalon.core.main.TestSuiteExecutor.execute(TestSuiteExecutor.java:91)&#xD;&#xA;&#x9;at com.kms.katalon.core.main.TestCaseMain.startTestSuite(TestCaseMain.java:157)&#xD;&#xA;&#x9;at com.kms.katalon.core.main.TestCaseMain$startTestSuite$0.call(Unknown Source)&#xD;&#xA;&#x9;at TempTestSuite1572537860265.run(TempTestSuite1572537860265.groovy:35)&#xD;&#xA;"/>
            <system-out>2019-10-31 11:17:26 - [TEST_CASE][FAILED] - Test Cases/FirstView/FirstPayVault/TC_1st_Pay_Vault_009: Test Cases/FirstView/FirstPayVault/TC_1st_Pay_Vault_009 FAILED.
Reason:
com.kms.katalon.core.exception.StepFailedException: The Vault is not found in all the pages&#xD;
	at com.kms.katalon.core.util.KeywordUtil.markFailed(KeywordUtil.java:19)&#xD;
	at com.kms.katalon.core.util.KeywordUtil$markFailed$1.call(Unknown Source)&#xD;
	at pages.FirstPayVault.verifyInvoiceRecord(FirstPayVault.groovy:251)&#xD;
	at pages.FirstPayVault.invokeMethod(FirstPayVault.groovy)&#xD;
	at com.kms.katalon.core.main.CustomKeywordDelegatingMetaClass.invokeStaticMethod(CustomKeywordDelegatingMetaClass.java:50)&#xD;
	at TC_1st_Pay_Vault_009.run(TC_1st_Pay_Vault_009:123)&#xD;
	at com.kms.katalon.core.main.ScriptEngine.run(ScriptEngine.java:194)&#xD;
	at com.kms.katalon.core.main.ScriptEngine.runScriptAsRawText(ScriptEngine.java:119)&#xD;
	at com.kms.katalon.core.main.TestCaseExecutor.runScript(TestCaseExecutor.java:337)&#xD;
	at com.kms.katalon.core.main.TestCaseExecutor.doExecute(TestCaseExecutor.java:328)&#xD;
	at com.kms.katalon.core.main.TestCaseExecutor.processExecutionPhase(TestCaseExecutor.java:307)&#xD;
	at com.kms.katalon.core.main.TestCaseExecutor.accessMainPhase(TestCaseExecutor.java:299)&#xD;
	at com.kms.katalon.core.main.TestCaseExecutor.execute(TestCaseExecutor.java:233)&#xD;
	at com.kms.katalon.core.main.TestSuiteExecutor.accessTestCaseMainPhase(TestSuiteExecutor.java:169)&#xD;
	at com.kms.katalon.core.main.TestSuiteExecutor.accessTestSuiteMainPhase(TestSuiteExecutor.java:142)&#xD;
	at com.kms.katalon.core.main.TestSuiteExecutor.execute(TestSuiteExecutor.java:91)&#xD;
	at com.kms.katalon.core.main.TestCaseMain.startTestSuite(TestCaseMain.java:157)&#xD;
	at com.kms.katalon.core.main.TestCaseMain$startTestSuite$0.call(Unknown Source)&#xD;
	at TempTestSuite1572537860265.run(TempTestSuite1572537860265.groovy:35)&#xD;
&#xD;
&#xD;
2019-10-31 11:17:27 - [TEST_STEP][PASSED] - Start listener action : sampleBeforeTestCase: null&#xD;
&#xD;
2019-10-31 11:17:27 - [TEST_STEP][PASSED] - println(testCaseContext.getTestCaseId()): null&#xD;
&#xD;
2019-10-31 11:17:27 - [TEST_STEP][PASSED] - println(testCaseContext.getTestCaseVariables()): null&#xD;
&#xD;
2019-10-31 11:17:27 - [TEST_STEP][NOT_RUN] - utilities.SafeActions.openBrowser(Old_URL, [PageLoadTime]): NOT_RUN: utilities.SafeActions.openBrowser(Old_URL, [PageLoadTime])&#xD;
&#xD;
2019-10-31 11:17:27 - [MESSAGE][NOT_RUN] - NOT_RUN: utilities.SafeActions.openBrowser(Old_URL, [PageLoadTime])&#xD;
&#xD;
2019-10-31 11:17:27 - [TEST_STEP][NOT_RUN] - delay(6): NOT_RUN: delay(6)&#xD;
&#xD;
2019-10-31 11:17:27 - [MESSAGE][NOT_RUN] - NOT_RUN: delay(6)&#xD;
&#xD;
2019-10-31 11:17:27 - [TEST_STEP][NOT_RUN] - utilities.SafeActions.safeSelectOptionInDropDownByVisibleText(findTestObject("Pages/Sale/dropDown_AccountType"), "ranjanatest2 - 888814981372/001 Account Type: Retail", "Select by Value", [25]): NOT_RUN: utilities.SafeActions.safeSelectOptionInDropDownByVisibleText(findTestObject("Pages/Sale/dropDown_AccountType"), "ranjanatest2 - 888814981372/001 Account Type: Retail", "Select by Value", [25])&#xD;
&#xD;
2019-10-31 11:17:27 - [MESSAGE][NOT_RUN] - NOT_RUN: utilities.SafeActions.safeSelectOptionInDropDownByVisibleText(findTestObject("Pages/Sale/dropDown_AccountType"), "ranjanatest2 - 888814981372/001 Account Type: Retail", "Select by Value", [25])&#xD;
&#xD;
2019-10-31 11:17:27 - [TEST_STEP][PASSED] - utilities.SafeActions.openBrowser(URL, [PageLoadTime]): utilities.SafeActions.openBrowser is PASSED&#xD;
&#xD;
2019-10-31 11:17:27 - [MESSAGE][INFO] - Opening Browser&#xD;
&#xD;
2019-10-31 11:17:27 - [MESSAGE][INFO] - Starting 'Firefox' driver&#xD;
&#xD;
2019-10-31 11:17:43 - [MESSAGE][PASSED] - Browser is opened with url: 'https://q-www-firstview-net.faps.net/MVC/Account/Login'&#xD;
&#xD;
2019-10-31 11:17:43 - [MESSAGE][PASSED] - Current window maximized&#xD;
&#xD;
2019-10-31 11:17:43 - [MESSAGE][INFO] - Browser Launched Successfully&#xD;
&#xD;
2019-10-31 11:17:43 - [MESSAGE][PASSED] - utilities.SafeActions.openBrowser is PASSED&#xD;
&#xD;
2019-10-31 11:17:43 - [TEST_STEP][PASSED] - pages.Login.login(uName, password): pages.Login.login is PASSED&#xD;
&#xD;
2019-10-31 11:17:43 - [MESSAGE][PASSED] - Object 'Object Repository/Pages/Login/userName' is present&#xD;
&#xD;
2019-10-31 11:17:44 - [MESSAGE][PASSED] - Scroll to object 'Object Repository/Pages/Login/userName' successfully&#xD;
&#xD;
2019-10-31 11:17:44 - [MESSAGE][PASSED] - Object 'Object Repository/Pages/Login/userName' is present&#xD;
&#xD;
2019-10-31 11:17:44 - [MESSAGE][PASSED] - Object: 'Object Repository/Pages/Login/userName' is clicked on&#xD;
&#xD;
2019-10-31 11:17:45 - [MESSAGE][PASSED] - Text 'ZenQRetail' is set on object 'Object Repository/Pages/Login/userName'&#xD;
&#xD;
2019-10-31 11:17:45 - [MESSAGE][PASSED] - Object 'Object Repository/Pages/Login/password' is present&#xD;
&#xD;
2019-10-31 11:17:45 - [MESSAGE][PASSED] - Scroll to object 'Object Repository/Pages/Login/password' successfully&#xD;
&#xD;
2019-10-31 11:17:45 - [MESSAGE][PASSED] - Object 'Object Repository/Pages/Login/password' is present&#xD;
&#xD;
2019-10-31 11:17:45 - [MESSAGE][PASSED] - Object: 'Object Repository/Pages/Login/password' is clicked on&#xD;
&#xD;
2019-10-31 11:17:46 - [MESSAGE][PASSED] - Text 'P@ssword1' is set on object 'Object Repository/Pages/Login/password'&#xD;
&#xD;
2019-10-31 11:17:46 - [MESSAGE][INFO] - Safe Click Without scroll&#xD;
&#xD;
2019-10-31 11:17:46 - [MESSAGE][INFO] - 1stPayVault.ts:waiting until Click on Login is Clickable&#xD;
&#xD;
2019-10-31 11:17:46 - [MESSAGE][PASSED] - Object 'Object Repository/Pages/Login/login' is clickable&#xD;
&#xD;
2019-10-31 11:17:46 - [MESSAGE][PASSED] - Object 'Object Repository/Pages/Login/login' is visible&#xD;
&#xD;
2019-10-31 11:17:48 - [MESSAGE][PASSED] - Object: 'Object Repository/Pages/Login/login' is clicked on&#xD;
&#xD;
2019-10-31 11:17:48 - [MESSAGE][INFO] - 1stPayVault.ts: click on the Click on Login&#xD;
&#xD;
2019-10-31 11:17:48 - [MESSAGE][PASSED] - pages.Login.login is PASSED&#xD;
&#xD;
2019-10-31 11:17:48 - [TEST_STEP][PASSED] - callTestCase(findTestCase("FirstView/Login/TC_SendCode"), [:], STOP_ON_FAILURE): Call Test Case 'Test Cases/FirstView/Login/TC_SendCode' successfully&#xD;
&#xD;
2019-10-31 11:17:48 - [TEST_CASE][PASSED] - Test Cases/FirstView/Login/TC_SendCode: Test Cases/FirstView/Login/TC_SendCode&#xD;
&#xD;
2019-10-31 11:17:48 - [TEST_STEP][PASSED] - flag = pages.SendCode.verifyPage(): pages.SendCode.verifyPage is PASSED&#xD;
&#xD;
2019-10-31 11:17:48 - [MESSAGE][PASSED] - Object 'Object Repository/Pages/SendCodeToValidate/header_SendCodeToValidate' is present and visible in viewport&#xD;
&#xD;
2019-10-31 11:17:48 - [MESSAGE][PASSED] - pages.SendCode.verifyPage is PASSED&#xD;
&#xD;
2019-10-31 11:17:48 - [TEST_STEP][PASSED] - if (flag): pages.SendCode.clickonUserSettings is PASSED&#xD;
&#xD;
2019-10-31 11:17:48 - [TEST_STEP][PASSED] - pages.SendCode.clickonUserSettings(): pages.SendCode.clickonUserSettings is PASSED&#xD;
&#xD;
2019-10-31 11:17:48 - [MESSAGE][PASSED] - Object 'Object Repository/Pages/SendCodeToValidate/link_UserSettings' is present&#xD;
&#xD;
2019-10-31 11:17:49 - [MESSAGE][PASSED] - Object 'Object Repository/Pages/SendCodeToValidate/link_UserSettings' is visible&#xD;
&#xD;
2019-10-31 11:17:49 - [MESSAGE][INFO] - 1stPayVault.ts:waiting until Click on User Settings is Clickable&#xD;
&#xD;
2019-10-31 11:17:49 - [MESSAGE][PASSED] - Object 'Object Repository/Pages/SendCodeToValidate/link_UserSettings' is clickable&#xD;
&#xD;
2019-10-31 11:17:49 - [MESSAGE][PASSED] - Object 'Object Repository/Pages/SendCodeToValidate/link_UserSettings' is visible&#xD;
&#xD;
2019-10-31 11:17:51 - [MESSAGE][PASSED] - Object: 'Object Repository/Pages/SendCodeToValidate/link_UserSettings' is clicked on&#xD;
&#xD;
2019-10-31 11:17:51 - [MESSAGE][INFO] - 1stPayVault.ts: Clicked on the Click on User Settings&#xD;
&#xD;
2019-10-31 11:17:51 - [MESSAGE][PASSED] - pages.SendCode.clickonUserSettings is PASSED&#xD;
&#xD;
2019-10-31 11:17:51 - [MESSAGE][PASSED] - Call Test Case 'Test Cases/FirstView/Login/TC_SendCode' successfully&#xD;
&#xD;
2019-10-31 11:17:51 - [TEST_STEP][PASSED] - callTestCase(findTestCase("FirstView/Login/TC_FirstView"), [:], STOP_ON_FAILURE): Call Test Case 'Test Cases/FirstView/Login/TC_FirstView' successfully&#xD;
&#xD;
2019-10-31 11:17:51 - [TEST_CASE][PASSED] - Test Cases/FirstView/Login/TC_FirstView: Test Cases/FirstView/Login/TC_FirstView&#xD;
&#xD;
2019-10-31 11:17:51 - [TEST_STEP][NOT_RUN] - utilities.SafeActions.safeClickWithoutScroll(findTestObject("Pages/FirstView/link_Home"), "Click on Home button in First View screen", [PageLoadTime]): NOT_RUN: utilities.SafeActions.safeClickWithoutScroll(findTestObject("Pages/FirstView/link_Home"), "Click on Home button in First View screen", [PageLoadTime])&#xD;
&#xD;
2019-10-31 11:17:51 - [MESSAGE][NOT_RUN] - NOT_RUN: utilities.SafeActions.safeClickWithoutScroll(findTestObject("Pages/FirstView/link_Home"), "Click on Home button in First View screen", [PageLoadTime])&#xD;
&#xD;
2019-10-31 11:17:51 - [TEST_STEP][PASSED] - delay(3): Delayed 3 second(s)&#xD;
&#xD;
2019-10-31 11:17:54 - [MESSAGE][PASSED] - Delayed 3 second(s)&#xD;
&#xD;
2019-10-31 11:17:54 - [TEST_STEP][PASSED] - utilities.SafeActions.javascriptclick(findTestObject("Pages/FirstView/link_Home"), delayForElement): utilities.SafeActions.javascriptclick is PASSED&#xD;
&#xD;
2019-10-31 11:17:54 - [MESSAGE][PASSED] - utilities.SafeActions.javascriptclick is PASSED&#xD;
&#xD;
2019-10-31 11:17:54 - [TEST_STEP][PASSED] - utilities.SafeActions.safeClickWithoutScroll(findTestObject("Pages/FirstView/link_VPOS"), "Click on VPOS button in First View screen", [PageLoadTime]): utilities.SafeActions.safeClickWithoutScroll is PASSED&#xD;
&#xD;
2019-10-31 11:17:54 - [MESSAGE][INFO] - Safe Click Without scroll&#xD;
&#xD;
2019-10-31 11:17:54 - [MESSAGE][INFO] - 1stPayVault.ts:waiting until Click on VPOS button in First View screen is Clickable&#xD;
&#xD;
2019-10-31 11:17:56 - [MESSAGE][PASSED] - Object 'Object Repository/Pages/FirstView/link_VPOS' is clickable&#xD;
&#xD;
2019-10-31 11:17:56 - [MESSAGE][PASSED] - Object 'Object Repository/Pages/FirstView/link_VPOS' is visible&#xD;
&#xD;
2019-10-31 11:17:57 - [MESSAGE][PASSED] - Object: 'Object Repository/Pages/FirstView/link_VPOS' is clicked on&#xD;
&#xD;
2019-10-31 11:17:57 - [MESSAGE][INFO] - 1stPayVault.ts: click on the Click on VPOS button in First View screen&#xD;
&#xD;
2019-10-31 11:17:57 - [MESSAGE][PASSED] - utilities.SafeActions.safeClickWithoutScroll is PASSED&#xD;
&#xD;
2019-10-31 11:17:57 - [MESSAGE][PASSED] - Call Test Case 'Test Cases/FirstView/Login/TC_FirstView' successfully&#xD;
&#xD;
2019-10-31 11:17:57 - [TEST_STEP][PASSED] - switchToWindowTitle("Transcenter - VPOS"): Switched to window with title: 'Transcenter - VPOS'&#xD;
&#xD;
2019-10-31 11:18:01 - [MESSAGE][PASSED] - Switched to window with title: 'Transcenter - VPOS'&#xD;
&#xD;
2019-10-31 11:18:01 - [TEST_STEP][PASSED] - focus(findTestObject("Pages/FirstPayVault/tab_FirstPayVault")): Object: 'Object Repository/Pages/FirstPayVault/tab_FirstPayVault' is focused&#xD;
&#xD;
2019-10-31 11:18:04 - [MESSAGE][PASSED] - Object: 'Object Repository/Pages/FirstPayVault/tab_FirstPayVault' is focused&#xD;
&#xD;
2019-10-31 11:18:04 - [TEST_STEP][PASSED] - utilities.SafeActions.javascriptclick(findTestObject("Pages/FirstPayVault/tab_FirstPayVault"), PageLoadTime): utilities.SafeActions.javascriptclick is PASSED&#xD;
&#xD;
2019-10-31 11:18:04 - [MESSAGE][PASSED] - utilities.SafeActions.javascriptclick is PASSED&#xD;
&#xD;
2019-10-31 11:18:04 - [TEST_STEP][PASSED] - delay(delayForElement): Delayed 6 second(s)&#xD;
&#xD;
2019-10-31 11:18:10 - [MESSAGE][PASSED] - Delayed 6 second(s)&#xD;
&#xD;
2019-10-31 11:18:10 - [TEST_STEP][PASSED] - utilities.SafeActions.safeClickWithoutScroll(findTestObject("Pages/FirstPayVault/tab_FirstPayVault"), "Click on FistPayVault tab", [delayForElement]): utilities.SafeActions.safeClickWithoutScroll is PASSED&#xD;
&#xD;
2019-10-31 11:18:10 - [MESSAGE][INFO] - Safe Click Without scroll&#xD;
&#xD;
2019-10-31 11:18:10 - [MESSAGE][INFO] - 1stPayVault.ts:waiting until Click on FistPayVault tab is Clickable&#xD;
&#xD;
2019-10-31 11:18:10 - [MESSAGE][PASSED] - Object 'Object Repository/Pages/FirstPayVault/tab_FirstPayVault' is clickable&#xD;
&#xD;
2019-10-31 11:18:10 - [MESSAGE][PASSED] - Object 'Object Repository/Pages/FirstPayVault/tab_FirstPayVault' is visible&#xD;
&#xD;
2019-10-31 11:18:11 - [MESSAGE][PASSED] - Object: 'Object Repository/Pages/FirstPayVault/tab_FirstPayVault' is clicked on&#xD;
&#xD;
2019-10-31 11:18:11 - [MESSAGE][INFO] - 1stPayVault.ts: click on the Click on FistPayVault tab&#xD;
&#xD;
2019-10-31 11:18:11 - [MESSAGE][PASSED] - utilities.SafeActions.safeClickWithoutScroll is PASSED&#xD;
&#xD;
2019-10-31 11:18:11 - [TEST_STEP][PASSED] - utilities.SafeActions.safeClickWithoutScroll(findTestObject("Pages/FirstPayVault/button_CreateVault"), "Click on CreateVault button", [PageLoadTime]): utilities.SafeActions.safeClickWithoutScroll is PASSED&#xD;
&#xD;
2019-10-31 11:18:11 - [MESSAGE][INFO] - Safe Click Without scroll&#xD;
&#xD;
2019-10-31 11:18:11 - [MESSAGE][INFO] - 1stPayVault.ts:waiting until Click on CreateVault button is Clickable&#xD;
&#xD;
2019-10-31 11:18:11 - [MESSAGE][PASSED] - Object 'Object Repository/Pages/FirstPayVault/button_CreateVault' is clickable&#xD;
&#xD;
2019-10-31 11:18:11 - [MESSAGE][PASSED] - Object 'Object Repository/Pages/FirstPayVault/button_CreateVault' is visible&#xD;
&#xD;
2019-10-31 11:18:13 - [MESSAGE][PASSED] - Object: 'Object Repository/Pages/FirstPayVault/button_CreateVault' is clicked on&#xD;
&#xD;
2019-10-31 11:18:13 - [MESSAGE][INFO] - 1stPayVault.ts: click on the Click on CreateVault button&#xD;
&#xD;
2019-10-31 11:18:13 - [MESSAGE][PASSED] - utilities.SafeActions.safeClickWithoutScroll is PASSED&#xD;
&#xD;
2019-10-31 11:18:13 - [TEST_STEP][PASSED] - scrollToElement(findTestObject("Pages/FirstPayVault/input_VaultReferenceNumber"), PageLoadTime): Scroll to object 'Object Repository/Pages/FirstPayVault/input_VaultReferenceNumber' successfully&#xD;
&#xD;
2019-10-31 11:18:13 - [MESSAGE][PASSED] - Scroll to object 'Object Repository/Pages/FirstPayVault/input_VaultReferenceNumber' successfully&#xD;
&#xD;
2019-10-31 11:18:13 - [TEST_STEP][PASSED] - vaultReference = utilities.SafeActions.timeWithMilliSeconds(): utilities.SafeActions.timeWithMilliSeconds is PASSED&#xD;
&#xD;
2019-10-31 11:18:13 - [MESSAGE][PASSED] - utilities.SafeActions.timeWithMilliSeconds is PASSED&#xD;
&#xD;
2019-10-31 11:18:13 - [TEST_STEP][PASSED] - utilities.SafeActions.safeType(findTestObject("Pages/FirstPayVault/input_VaultReferenceNumber"), vaultReference, "Entering Vault Reference Number", [PageLoadTime]): utilities.SafeActions.safeType is PASSED&#xD;
&#xD;
2019-10-31 11:18:13 - [MESSAGE][PASSED] - Object 'Object Repository/Pages/FirstPayVault/input_VaultReferenceNumber' is present&#xD;
&#xD;
2019-10-31 11:18:13 - [MESSAGE][PASSED] - Scroll to object 'Object Repository/Pages/FirstPayVault/input_VaultReferenceNumber' successfully&#xD;
&#xD;
2019-10-31 11:18:13 - [MESSAGE][PASSED] - Object 'Object Repository/Pages/FirstPayVault/input_VaultReferenceNumber' is present&#xD;
&#xD;
2019-10-31 11:18:14 - [MESSAGE][PASSED] - Object: 'Object Repository/Pages/FirstPayVault/input_VaultReferenceNumber' is clicked on&#xD;
&#xD;
2019-10-31 11:18:14 - [MESSAGE][PASSED] - Text '2019-10-31 11:18:13.126' is set on object 'Object Repository/Pages/FirstPayVault/input_VaultReferenceNumber'&#xD;
&#xD;
2019-10-31 11:18:14 - [MESSAGE][PASSED] - utilities.SafeActions.safeType is PASSED&#xD;
&#xD;
2019-10-31 11:18:14 - [TEST_STEP][PASSED] - utilities.SafeActions.safeType(findTestObject("Pages/FirstPayVault/input_CreditCardNumber"), visaCardNumber, "Entering Card Number", [PageLoadTime]): utilities.SafeActions.safeType is PASSED&#xD;
&#xD;
2019-10-31 11:18:14 - [MESSAGE][PASSED] - Object 'Object Repository/Pages/FirstPayVault/input_CreditCardNumber' is present&#xD;
&#xD;
2019-10-31 11:18:14 - [MESSAGE][PASSED] - Scroll to object 'Object Repository/Pages/FirstPayVault/input_CreditCardNumber' successfully&#xD;
&#xD;
2019-10-31 11:18:14 - [MESSAGE][PASSED] - Object 'Object Repository/Pages/FirstPayVault/input_CreditCardNumber' is present&#xD;
&#xD;
2019-10-31 11:18:15 - [MESSAGE][PASSED] - Object: 'Object Repository/Pages/FirstPayVault/input_CreditCardNumber' is clicked on&#xD;
&#xD;
2019-10-31 11:18:15 - [MESSAGE][PASSED] - Text '4111111111111111' is set on object 'Object Repository/Pages/FirstPayVault/input_CreditCardNumber'&#xD;
&#xD;
2019-10-31 11:18:15 - [MESSAGE][PASSED] - utilities.SafeActions.safeType is PASSED&#xD;
&#xD;
2019-10-31 11:18:15 - [TEST_STEP][NOT_RUN] - delay(4): NOT_RUN: delay(4)&#xD;
&#xD;
2019-10-31 11:18:15 - [MESSAGE][NOT_RUN] - NOT_RUN: delay(4)&#xD;
&#xD;
2019-10-31 11:18:15 - [TEST_STEP][PASSED] - utilities.SafeActions.safeSelectOptionInDropDownByVisibleText(findTestObject("Pages/FirstPayVault/dropDown_ExpirationYear"), cardYear, "year", [PageLoadTime]): utilities.SafeActions.safeSelectOptionInDropDownByVisibleText is PASSED&#xD;
&#xD;
2019-10-31 11:18:15 - [MESSAGE][PASSED] - Object 'Object Repository/Pages/FirstPayVault/dropDown_ExpirationYear' is visible&#xD;
&#xD;
2019-10-31 11:18:15 - [MESSAGE][PASSED] - Object 'Object Repository/Pages/FirstPayVault/dropDown_ExpirationYear' is present&#xD;
&#xD;
2019-10-31 11:18:16 - [MESSAGE][PASSED] - Object: 'Object Repository/Pages/FirstPayVault/dropDown_ExpirationYear' is clicked on&#xD;
&#xD;
2019-10-31 11:18:16 - [MESSAGE][PASSED] - All options with label '2032' are selected in object 'Object Repository/Pages/FirstPayVault/dropDown_ExpirationYear' &#xD;
&#xD;
2019-10-31 11:18:16 - [MESSAGE][PASSED] - utilities.SafeActions.safeSelectOptionInDropDownByVisibleText is PASSED&#xD;
&#xD;
2019-10-31 11:18:16 - [TEST_STEP][PASSED] - utilities.SafeActions.safeSelectOptionInDropDownByVisibleText(findTestObject("Pages/FirstPayVault/dropDown_ExpirationMonth"), cardMonth, "Expiration Month", [PageLoadTime]): utilities.SafeActions.safeSelectOptionInDropDownByVisibleText is PASSED&#xD;
&#xD;
2019-10-31 11:18:16 - [MESSAGE][PASSED] - Object 'Object Repository/Pages/FirstPayVault/dropDown_ExpirationMonth' is visible&#xD;
&#xD;
2019-10-31 11:18:16 - [MESSAGE][PASSED] - Object 'Object Repository/Pages/FirstPayVault/dropDown_ExpirationMonth' is present&#xD;
&#xD;
2019-10-31 11:18:17 - [MESSAGE][PASSED] - Object: 'Object Repository/Pages/FirstPayVault/dropDown_ExpirationMonth' is clicked on&#xD;
&#xD;
2019-10-31 11:18:17 - [MESSAGE][PASSED] - All options with label 'September' are selected in object 'Object Repository/Pages/FirstPayVault/dropDown_ExpirationMonth' &#xD;
&#xD;
2019-10-31 11:18:17 - [MESSAGE][PASSED] - utilities.SafeActions.safeSelectOptionInDropDownByVisibleText is PASSED&#xD;
&#xD;
2019-10-31 11:18:17 - [TEST_STEP][NOT_RUN] - delay(2): NOT_RUN: delay(2)&#xD;
&#xD;
2019-10-31 11:18:17 - [MESSAGE][NOT_RUN] - NOT_RUN: delay(2)&#xD;
&#xD;
2019-10-31 11:18:17 - [TEST_STEP][PASSED] - utilities.SafeActions.safeType(findTestObject("Pages/FirstPayVault/input_ContactName"), customerName, "Enter Contact Name", [PageLoadTime]): utilities.SafeActions.safeType is PASSED&#xD;
&#xD;
2019-10-31 11:18:17 - [MESSAGE][PASSED] - Object 'Object Repository/Pages/FirstPayVault/input_ContactName' is present&#xD;
&#xD;
2019-10-31 11:18:17 - [MESSAGE][PASSED] - Scroll to object 'Object Repository/Pages/FirstPayVault/input_ContactName' successfully&#xD;
&#xD;
2019-10-31 11:18:17 - [MESSAGE][PASSED] - Object 'Object Repository/Pages/FirstPayVault/input_ContactName' is present&#xD;
&#xD;
2019-10-31 11:18:18 - [MESSAGE][PASSED] - Object: 'Object Repository/Pages/FirstPayVault/input_ContactName' is clicked on&#xD;
&#xD;
2019-10-31 11:18:18 - [MESSAGE][PASSED] - Text 'Venkata Sai' is set on object 'Object Repository/Pages/FirstPayVault/input_ContactName'&#xD;
&#xD;
2019-10-31 11:18:18 - [MESSAGE][PASSED] - utilities.SafeActions.safeType is PASSED&#xD;
&#xD;
2019-10-31 11:18:18 - [TEST_STEP][PASSED] - utilities.SafeActions.safeType(findTestObject("Pages/FirstPayVault/input_PostalCode"), postalCode, "Enter Postal Code", [PageLoadTime]): utilities.SafeActions.safeType is PASSED&#xD;
&#xD;
2019-10-31 11:18:18 - [MESSAGE][PASSED] - Object 'Object Repository/Pages/FirstPayVault/input_PostalCode' is present&#xD;
&#xD;
2019-10-31 11:18:18 - [MESSAGE][PASSED] - Scroll to object 'Object Repository/Pages/FirstPayVault/input_PostalCode' successfully&#xD;
&#xD;
2019-10-31 11:18:18 - [MESSAGE][PASSED] - Object 'Object Repository/Pages/FirstPayVault/input_PostalCode' is present&#xD;
&#xD;
2019-10-31 11:18:19 - [MESSAGE][PASSED] - Object: 'Object Repository/Pages/FirstPayVault/input_PostalCode' is clicked on&#xD;
&#xD;
2019-10-31 11:18:19 - [MESSAGE][PASSED] - Text '76102' is set on object 'Object Repository/Pages/FirstPayVault/input_PostalCode'&#xD;
&#xD;
2019-10-31 11:18:19 - [MESSAGE][PASSED] - utilities.SafeActions.safeType is PASSED&#xD;
&#xD;
2019-10-31 11:18:19 - [TEST_STEP][PASSED] - utilities.SafeActions.safeType(findTestObject("Pages/FirstPayVault/input_Address"), address, "Enter ddress", [PageLoadTime]): utilities.SafeActions.safeType is PASSED&#xD;
&#xD;
2019-10-31 11:18:19 - [MESSAGE][PASSED] - Object 'Object Repository/Pages/FirstPayVault/input_Address' is present&#xD;
&#xD;
2019-10-31 11:18:19 - [MESSAGE][PASSED] - Scroll to object 'Object Repository/Pages/FirstPayVault/input_Address' successfully&#xD;
&#xD;
2019-10-31 11:18:19 - [MESSAGE][PASSED] - Object 'Object Repository/Pages/FirstPayVault/input_Address' is present&#xD;
&#xD;
2019-10-31 11:18:20 - [MESSAGE][PASSED] - Object: 'Object Repository/Pages/FirstPayVault/input_Address' is clicked on&#xD;
&#xD;
2019-10-31 11:18:20 - [MESSAGE][PASSED] - Text 'Street123' is set on object 'Object Repository/Pages/FirstPayVault/input_Address'&#xD;
&#xD;
2019-10-31 11:18:20 - [MESSAGE][PASSED] - utilities.SafeActions.safeType is PASSED&#xD;
&#xD;
2019-10-31 11:18:20 - [TEST_STEP][PASSED] - utilities.SafeActions.safeCheckForElement(findTestObject("Pages/FirstPayVault/chekBox_AddShippingInformation"), PageLoadTime): utilities.SafeActions.safeCheckForElement is PASSED&#xD;
&#xD;
2019-10-31 11:18:20 - [MESSAGE][PASSED] - Object 'Object Repository/Pages/FirstPayVault/chekBox_AddShippingInformation' is present&#xD;
&#xD;
2019-10-31 11:18:20 - [MESSAGE][PASSED] - Object 'Object Repository/Pages/FirstPayVault/chekBox_AddShippingInformation' is visible&#xD;
&#xD;
2019-10-31 11:18:20 - [MESSAGE][PASSED] - Object 'Object Repository/Pages/FirstPayVault/chekBox_AddShippingInformation' is present&#xD;
&#xD;
2019-10-31 11:18:21 - [MESSAGE][PASSED] - Object 'Object Repository/Pages/FirstPayVault/chekBox_AddShippingInformation' is checked&#xD;
&#xD;
2019-10-31 11:18:21 - [MESSAGE][PASSED] - utilities.SafeActions.safeCheckForElement is PASSED&#xD;
&#xD;
2019-10-31 11:18:21 - [TEST_STEP][PASSED] - utilities.SafeActions.safeType(findTestObject("Pages/FirstPayVault/input_ShippingMethod"), shippingMethod, "Enter Shipping Method", [PageLoadTime]): utilities.SafeActions.safeType is PASSED&#xD;
&#xD;
2019-10-31 11:18:21 - [MESSAGE][PASSED] - Object 'Object Repository/Pages/FirstPayVault/input_ShippingMethod' is present&#xD;
&#xD;
2019-10-31 11:18:21 - [MESSAGE][PASSED] - Scroll to object 'Object Repository/Pages/FirstPayVault/input_ShippingMethod' successfully&#xD;
&#xD;
2019-10-31 11:18:21 - [MESSAGE][PASSED] - Object 'Object Repository/Pages/FirstPayVault/input_ShippingMethod' is present&#xD;
&#xD;
2019-10-31 11:18:22 - [MESSAGE][PASSED] - Object: 'Object Repository/Pages/FirstPayVault/input_ShippingMethod' is clicked on&#xD;
&#xD;
2019-10-31 11:18:22 - [MESSAGE][PASSED] - Text 'DTDC' is set on object 'Object Repository/Pages/FirstPayVault/input_ShippingMethod'&#xD;
&#xD;
2019-10-31 11:18:22 - [MESSAGE][PASSED] - utilities.SafeActions.safeType is PASSED&#xD;
&#xD;
2019-10-31 11:18:22 - [TEST_STEP][PASSED] - utilities.SafeActions.safeCheckForElement(findTestObject("Pages/FirstPayVault/checkbox_SameAsBillingInformation"), PageLoadTime): utilities.SafeActions.safeCheckForElement is PASSED&#xD;
&#xD;
2019-10-31 11:18:22 - [MESSAGE][PASSED] - Object 'Object Repository/Pages/FirstPayVault/checkbox_SameAsBillingInformation' is present&#xD;
&#xD;
2019-10-31 11:18:22 - [MESSAGE][PASSED] - Object 'Object Repository/Pages/FirstPayVault/checkbox_SameAsBillingInformation' is visible&#xD;
&#xD;
2019-10-31 11:18:22 - [MESSAGE][PASSED] - Object 'Object Repository/Pages/FirstPayVault/checkbox_SameAsBillingInformation' is present&#xD;
&#xD;
2019-10-31 11:18:23 - [MESSAGE][PASSED] - Object 'Object Repository/Pages/FirstPayVault/checkbox_SameAsBillingInformation' is checked&#xD;
&#xD;
2019-10-31 11:18:23 - [MESSAGE][PASSED] - utilities.SafeActions.safeCheckForElement is PASSED&#xD;
&#xD;
2019-10-31 11:18:23 - [TEST_STEP][PASSED] - utilities.SafeActions.safeClickwithScroll(findTestObject("Pages/FirstPayVault/button_Create"), "Click on Create Button", [PageLoadTime]): utilities.SafeActions.safeClickwithScroll is PASSED&#xD;
&#xD;
2019-10-31 11:18:23 - [MESSAGE][PASSED] - Object 'Object Repository/Pages/FirstPayVault/button_Create' is present&#xD;
&#xD;
2019-10-31 11:18:23 - [MESSAGE][PASSED] - Object 'Object Repository/Pages/FirstPayVault/button_Create' is visible&#xD;
&#xD;
2019-10-31 11:18:23 - [MESSAGE][INFO] - 1stPayVault.ts:waiting until Click on Create Button is Clickable&#xD;
&#xD;
2019-10-31 11:18:23 - [MESSAGE][PASSED] - Object 'Object Repository/Pages/FirstPayVault/button_Create' is clickable&#xD;
&#xD;
2019-10-31 11:18:23 - [MESSAGE][PASSED] - Object 'Object Repository/Pages/FirstPayVault/button_Create' is visible&#xD;
&#xD;
2019-10-31 11:18:24 - [MESSAGE][PASSED] - Object: 'Object Repository/Pages/FirstPayVault/button_Create' is clicked on&#xD;
&#xD;
2019-10-31 11:18:24 - [MESSAGE][INFO] - 1stPayVault.ts: Clicked on the Click on Create Button&#xD;
&#xD;
2019-10-31 11:18:24 - [MESSAGE][PASSED] - utilities.SafeActions.safeClickwithScroll is PASSED&#xD;
&#xD;
2019-10-31 11:18:24 - [TEST_STEP][PASSED] - delay(2): Delayed 2 second(s)&#xD;
&#xD;
2019-10-31 11:18:26 - [MESSAGE][PASSED] - Delayed 2 second(s)&#xD;
&#xD;
2019-10-31 11:18:26 - [TEST_STEP][PASSED] - popupSavedToVaultMessage = utilities.SafeActions.safeGetText(findTestObject("Pages/FirstPayVault/popup_SavedToVaultMessage"), PageLoadTime): utilities.SafeActions.safeGetText is PASSED&#xD;
&#xD;
2019-10-31 11:18:26 - [MESSAGE][PASSED] - Object 'Object Repository/Pages/FirstPayVault/popup_SavedToVaultMessage' is present&#xD;
&#xD;
2019-10-31 11:18:26 - [MESSAGE][PASSED] - Scroll to object 'Object Repository/Pages/FirstPayVault/popup_SavedToVaultMessage' successfully&#xD;
&#xD;
2019-10-31 11:18:26 - [MESSAGE][PASSED] - Object 'Object Repository/Pages/FirstPayVault/popup_SavedToVaultMessage' is present&#xD;
&#xD;
2019-10-31 11:18:27 - [MESSAGE][PASSED] - Text of object 'Object Repository/Pages/FirstPayVault/popup_SavedToVaultMessage' is: 'Successfully Saved to Vault'&#xD;
&#xD;
2019-10-31 11:18:27 - [MESSAGE][PASSED] - utilities.SafeActions.safeGetText is PASSED&#xD;
&#xD;
2019-10-31 11:18:27 - [TEST_STEP][PASSED] - flag = utilities.SafeActions.verifyPopupMessage("Successfully Saved to Vault", popupSavedToVaultMessage): Popup Message : Successfully Saved to Vault matched with expected message : Successfully Saved to Vault&#xD;
&#xD;
2019-10-31 11:18:27 - [MESSAGE][PASSED] - Popup Message : Successfully Saved to Vault matched with expected message : Successfully Saved to Vault&#xD;
&#xD;
2019-10-31 11:18:27 - [TEST_STEP][PASSED] - utilities.SafeActions.safeClickWithoutScroll(findTestObject("Pages/FirstPayVault/button_SearchVault_InPopup"), "Search Vault in Popup", [delayBetweenTestSteps]): utilities.SafeActions.safeClickWithoutScroll is PASSED&#xD;
&#xD;
2019-10-31 11:18:27 - [MESSAGE][INFO] - Safe Click Without scroll&#xD;
&#xD;
2019-10-31 11:18:27 - [MESSAGE][INFO] - 1stPayVault.ts:waiting until Search Vault in Popup is Clickable&#xD;
&#xD;
2019-10-31 11:18:27 - [MESSAGE][PASSED] - Object 'Object Repository/Pages/FirstPayVault/button_SearchVault_InPopup' is clickable&#xD;
&#xD;
2019-10-31 11:18:27 - [MESSAGE][PASSED] - Object 'Object Repository/Pages/FirstPayVault/button_SearchVault_InPopup' is visible&#xD;
&#xD;
2019-10-31 11:18:28 - [MESSAGE][PASSED] - Object: 'Object Repository/Pages/FirstPayVault/button_SearchVault_InPopup' is clicked on&#xD;
&#xD;
2019-10-31 11:18:28 - [MESSAGE][INFO] - 1stPayVault.ts: click on the Search Vault in Popup&#xD;
&#xD;
2019-10-31 11:18:28 - [MESSAGE][PASSED] - utilities.SafeActions.safeClickWithoutScroll is PASSED&#xD;
&#xD;
2019-10-31 11:18:28 - [TEST_STEP][PASSED] - utilities.SafeActions.safeClickwithScroll(findTestObject("Pages/FirstPayVault/date_StartDate_1stPayVault"), "Click on Date Input", [PageLoadTime]): utilities.SafeActions.safeClickwithScroll is PASSED&#xD;
&#xD;
2019-10-31 11:18:28 - [MESSAGE][PASSED] - Object 'Object Repository/Pages/FirstPayVault/date_StartDate_1stPayVault' is present&#xD;
&#xD;
2019-10-31 11:18:28 - [MESSAGE][PASSED] - Object 'Object Repository/Pages/FirstPayVault/date_StartDate_1stPayVault' is visible&#xD;
&#xD;
2019-10-31 11:18:28 - [MESSAGE][INFO] - 1stPayVault.ts:waiting until Click on Date Input is Clickable&#xD;
&#xD;
2019-10-31 11:18:28 - [MESSAGE][PASSED] - Object 'Object Repository/Pages/FirstPayVault/date_StartDate_1stPayVault' is clickable&#xD;
&#xD;
2019-10-31 11:18:28 - [MESSAGE][PASSED] - Object 'Object Repository/Pages/FirstPayVault/date_StartDate_1stPayVault' is visible&#xD;
&#xD;
2019-10-31 11:18:29 - [MESSAGE][PASSED] - Object: 'Object Repository/Pages/FirstPayVault/date_StartDate_1stPayVault' is clicked on&#xD;
&#xD;
2019-10-31 11:18:29 - [MESSAGE][INFO] - 1stPayVault.ts: Clicked on the Click on Date Input&#xD;
&#xD;
2019-10-31 11:18:29 - [MESSAGE][PASSED] - utilities.SafeActions.safeClickwithScroll is PASSED&#xD;
&#xD;
2019-10-31 11:18:29 - [TEST_STEP][PASSED] - pages.Sale.selectMonthYear(findTestObject("Pages/Sale/link_MonthYear"), findTestObject("Pages/Sale/calender_NextButton"), cardThisMonth, cardThisYear): pages.Sale.selectMonthYear is PASSED&#xD;
&#xD;
2019-10-31 11:18:29 - [MESSAGE][PASSED] - Text of object 'Object Repository/Pages/Sale/link_MonthYear' is: 'October 2019'&#xD;
&#xD;
2019-10-31 11:18:29 - [MESSAGE][PASSED] - pages.Sale.selectMonthYear is PASSED&#xD;
&#xD;
2019-10-31 11:18:29 - [TEST_STEP][PASSED] - pages.Sale.selectDate(start_date_Value): pages.Sale.selectDate is PASSED&#xD;
&#xD;
2019-10-31 11:18:29 - [MESSAGE][PASSED] - Object: '' is clicked on&#xD;
&#xD;
2019-10-31 11:18:29 - [MESSAGE][PASSED] - pages.Sale.selectDate is PASSED&#xD;
&#xD;
2019-10-31 11:18:29 - [TEST_STEP][PASSED] - utilities.SafeActions.safeClickWithoutScroll(findTestObject("Pages/FirstPayVault/date_EndDate_1stPayVault"), "Click on Date Input", [PageLoadTime]): utilities.SafeActions.safeClickWithoutScroll is PASSED&#xD;
&#xD;
2019-10-31 11:18:29 - [MESSAGE][INFO] - Safe Click Without scroll&#xD;
&#xD;
2019-10-31 11:18:29 - [MESSAGE][INFO] - 1stPayVault.ts:waiting until Click on Date Input is Clickable&#xD;
&#xD;
2019-10-31 11:18:29 - [MESSAGE][PASSED] - Object 'Object Repository/Pages/FirstPayVault/date_EndDate_1stPayVault' is clickable&#xD;
&#xD;
2019-10-31 11:18:29 - [MESSAGE][PASSED] - Object 'Object Repository/Pages/FirstPayVault/date_EndDate_1stPayVault' is visible&#xD;
&#xD;
2019-10-31 11:18:30 - [MESSAGE][PASSED] - Object: 'Object Repository/Pages/FirstPayVault/date_EndDate_1stPayVault' is clicked on&#xD;
&#xD;
2019-10-31 11:18:30 - [MESSAGE][INFO] - 1stPayVault.ts: click on the Click on Date Input&#xD;
&#xD;
2019-10-31 11:18:30 - [MESSAGE][PASSED] - utilities.SafeActions.safeClickWithoutScroll is PASSED&#xD;
&#xD;
2019-10-31 11:18:30 - [TEST_STEP][PASSED] - pages.Sale.selectMonthYear(findTestObject("Pages/Sale/link_MonthYear"), findTestObject("Pages/Sale/calender_NextButton"), cardThisMonth, cardThisYear): pages.Sale.selectMonthYear is PASSED&#xD;
&#xD;
2019-10-31 11:18:30 - [MESSAGE][PASSED] - Text of object 'Object Repository/Pages/Sale/link_MonthYear' is: 'October 2019'&#xD;
&#xD;
2019-10-31 11:18:30 - [MESSAGE][PASSED] - pages.Sale.selectMonthYear is PASSED&#xD;
&#xD;
2019-10-31 11:18:30 - [TEST_STEP][PASSED] - pages.Sale.selectDate(end_date_Value): pages.Sale.selectDate is PASSED&#xD;
&#xD;
2019-10-31 11:18:30 - [MESSAGE][PASSED] - Object: '' is clicked on&#xD;
&#xD;
2019-10-31 11:18:30 - [MESSAGE][PASSED] - pages.Sale.selectDate is PASSED&#xD;
&#xD;
2019-10-31 11:18:30 - [TEST_STEP][PASSED] - utilities.SafeActions.safeClickWithoutScroll(findTestObject("Pages/FirstPayVault/button_Search"), "Click On Search button", [PageLoadTime]): utilities.SafeActions.safeClickWithoutScroll is PASSED&#xD;
&#xD;
2019-10-31 11:18:30 - [MESSAGE][INFO] - Safe Click Without scroll&#xD;
&#xD;
2019-10-31 11:18:30 - [MESSAGE][INFO] - 1stPayVault.ts:waiting until Click On Search button is Clickable&#xD;
&#xD;
2019-10-31 11:18:30 - [MESSAGE][PASSED] - Object 'Object Repository/Pages/FirstPayVault/button_Search' is clickable&#xD;
&#xD;
2019-10-31 11:18:30 - [MESSAGE][PASSED] - Object 'Object Repository/Pages/FirstPayVault/button_Search' is visible&#xD;
&#xD;
2019-10-31 11:18:31 - [MESSAGE][PASSED] - Object: 'Object Repository/Pages/FirstPayVault/button_Search' is clicked on&#xD;
&#xD;
2019-10-31 11:18:31 - [MESSAGE][INFO] - 1stPayVault.ts: click on the Click On Search button&#xD;
&#xD;
2019-10-31 11:18:31 - [MESSAGE][PASSED] - utilities.SafeActions.safeClickWithoutScroll is PASSED&#xD;
&#xD;
2019-10-31 11:18:31 - [TEST_STEP][PASSED] - scrollToElement(findTestObject("Pages/Transaction_Management/invoice_ForTransaction"), PageLoadTime): Scroll to object 'Object Repository/Pages/Transaction_Management/invoice_ForTransaction' successfully&#xD;
&#xD;
2019-10-31 11:18:33 - [MESSAGE][PASSED] - Scroll to object 'Object Repository/Pages/Transaction_Management/invoice_ForTransaction' successfully&#xD;
&#xD;
2019-10-31 11:18:33 - [TEST_STEP][FAILED] - pages.FirstPayVault.verifyInvoiceRecord(findTestObject("Pages/FirstPayVault/footer_NextButton"), findTestObject("Pages/FirstPayVault/page_Number"), vaultReference): com.kms.katalon.core.exception.StepFailedException: The Vault is not found in all the pages&#xD;
&#xD;
2019-10-31 11:18:34 - [MESSAGE][PASSED] - Text of object 'Object Repository/Pages/FirstPayVault/page_Number' is: 'Page 1 of 7'&#xD;
&#xD;
2019-10-31 11:18:39 - [MESSAGE][PASSED] - Delayed 5 second(s)&#xD;
&#xD;
2019-10-31 11:18:40 - [MESSAGE][PASSED] - Object: 'Object Repository/Pages/FirstPayVault/footer_NextButton' is clicked on&#xD;
&#xD;
2019-10-31 11:18:40 - [MESSAGE][PASSED] - Text of object 'Object Repository/Pages/FirstPayVault/page_Number' is: 'Page 2 of 7'&#xD;
&#xD;
2019-10-31 11:18:45 - [MESSAGE][PASSED] - Delayed 5 second(s)&#xD;
&#xD;
2019-10-31 11:18:46 - [MESSAGE][PASSED] - Object: 'Object Repository/Pages/FirstPayVault/footer_NextButton' is clicked on&#xD;
&#xD;
2019-10-31 11:18:46 - [MESSAGE][PASSED] - Text of object 'Object Repository/Pages/FirstPayVault/page_Number' is: 'Page 3 of 7'&#xD;
&#xD;
2019-10-31 11:18:51 - [MESSAGE][PASSED] - Delayed 5 second(s)&#xD;
&#xD;
2019-10-31 11:18:52 - [MESSAGE][PASSED] - Object: 'Object Repository/Pages/FirstPayVault/footer_NextButton' is clicked on&#xD;
&#xD;
2019-10-31 11:18:52 - [MESSAGE][PASSED] - Text of object 'Object Repository/Pages/FirstPayVault/page_Number' is: 'Page 4 of 7'&#xD;
&#xD;
2019-10-31 11:18:57 - [MESSAGE][PASSED] - Delayed 5 second(s)&#xD;
&#xD;
2019-10-31 11:18:58 - [MESSAGE][PASSED] - Object: 'Object Repository/Pages/FirstPayVault/footer_NextButton' is clicked on&#xD;
&#xD;
2019-10-31 11:18:58 - [MESSAGE][PASSED] - Text of object 'Object Repository/Pages/FirstPayVault/page_Number' is: 'Page 5 of 7'&#xD;
&#xD;
2019-10-31 11:19:04 - [MESSAGE][PASSED] - Delayed 5 second(s)&#xD;
&#xD;
2019-10-31 11:19:05 - [MESSAGE][PASSED] - Object: 'Object Repository/Pages/FirstPayVault/footer_NextButton' is clicked on&#xD;
&#xD;
2019-10-31 11:19:05 - [MESSAGE][PASSED] - Text of object 'Object Repository/Pages/FirstPayVault/page_Number' is: 'Page 6 of 7'&#xD;
&#xD;
2019-10-31 11:19:10 - [MESSAGE][PASSED] - Delayed 5 second(s)&#xD;
&#xD;
2019-10-31 11:19:11 - [MESSAGE][PASSED] - Object: 'Object Repository/Pages/FirstPayVault/footer_NextButton' is clicked on&#xD;
&#xD;
2019-10-31 11:19:11 - [MESSAGE][PASSED] - Text of object 'Object Repository/Pages/FirstPayVault/page_Number' is: 'Page 7 of 7'&#xD;
&#xD;
2019-10-31 11:19:11 - [MESSAGE][FAILED] - The Vault is not found in all the pages&#xD;
&#xD;
2019-10-31 11:19:11 - [MESSAGE][FAILED] - com.kms.katalon.core.exception.StepFailedException: The Vault is not found in all the pages&#xD;
&#xD;
2019-10-31 11:19:11 - [TEST_STEP][NOT_RUN] - delay(2): NOT_RUN: delay(2)&#xD;
&#xD;
2019-10-31 11:19:11 - [MESSAGE][NOT_RUN] - NOT_RUN: delay(2)&#xD;
&#xD;
2019-10-31 11:19:11 - [TEST_STEP][PASSED] - closeBrowser(): Browser is closed&#xD;
&#xD;
2019-10-31 11:19:13 - [MESSAGE][PASSED] - Browser is closed&#xD;
&#xD;
2019-10-31 11:19:13 - [TEST_STEP][PASSED] - Start listener action : sampleAfterTestCase: null&#xD;
&#xD;
2019-10-31 11:19:13 - [TEST_STEP][PASSED] - println(testCaseContext.getTestCaseId()): null&#xD;
&#xD;
2019-10-31 11:19:13 - [TEST_STEP][PASSED] - println(testCaseContext.getTestCaseStatus()): null&#xD;
&#xD;
2019-10-31 11:19:13 - [TEST_STEP][PASSED] - testCaseName = testCaseContext.getTestCaseId(): null&#xD;
&#xD;
2019-10-31 11:19:13 - [TEST_STEP][PASSED] - strCount = testCaseName.lastIndexOf("/"): null&#xD;
&#xD;
2019-10-31 11:19:13 - [TEST_STEP][PASSED] - testCaseName = testCaseName.substring(strCount): null&#xD;
&#xD;
2019-10-31 11:19:13 - [TEST_STEP][PASSED] - println(testCaseName): null&#xD;
&#xD;
2019-10-31 11:19:13 - [TEST_STEP][PASSED] - if (getTestCaseStatus().equalsIgnoreCase("Error")): null&#xD;
&#xD;
2019-10-31 11:19:13 - [TEST_STEP][PASSED] - Start listener action : sampleAfterTestCase: null</system-out>
            <system-err>2019-10-31 11:17:26 - [TEST_CASE][FAILED] - Test Cases/FirstView/FirstPayVault/TC_1st_Pay_Vault_009: Test Cases/FirstView/FirstPayVault/TC_1st_Pay_Vault_009 FAILED.
Reason:
com.kms.katalon.core.exception.StepFailedException: The Vault is not found in all the pages&#xD;
	at com.kms.katalon.core.util.KeywordUtil.markFailed(KeywordUtil.java:19)&#xD;
	at com.kms.katalon.core.util.KeywordUtil$markFailed$1.call(Unknown Source)&#xD;
	at pages.FirstPayVault.verifyInvoiceRecord(FirstPayVault.groovy:251)&#xD;
	at pages.FirstPayVault.invokeMethod(FirstPayVault.groovy)&#xD;
	at com.kms.katalon.core.main.CustomKeywordDelegatingMetaClass.invokeStaticMethod(CustomKeywordDelegatingMetaClass.java:50)&#xD;
	at TC_1st_Pay_Vault_009.run(TC_1st_Pay_Vault_009:123)&#xD;
	at com.kms.katalon.core.main.ScriptEngine.run(ScriptEngine.java:194)&#xD;
	at com.kms.katalon.core.main.ScriptEngine.runScriptAsRawText(ScriptEngine.java:119)&#xD;
	at com.kms.katalon.core.main.TestCaseExecutor.runScript(TestCaseExecutor.java:337)&#xD;
	at com.kms.katalon.core.main.TestCaseExecutor.doExecute(TestCaseExecutor.java:328)&#xD;
	at com.kms.katalon.core.main.TestCaseExecutor.processExecutionPhase(TestCaseExecutor.java:307)&#xD;
	at com.kms.katalon.core.main.TestCaseExecutor.accessMainPhase(TestCaseExecutor.java:299)&#xD;
	at com.kms.katalon.core.main.TestCaseExecutor.execute(TestCaseExecutor.java:233)&#xD;
	at com.kms.katalon.core.main.TestSuiteExecutor.accessTestCaseMainPhase(TestSuiteExecutor.java:169)&#xD;
	at com.kms.katalon.core.main.TestSuiteExecutor.accessTestSuiteMainPhase(TestSuiteExecutor.java:142)&#xD;
	at com.kms.katalon.core.main.TestSuiteExecutor.execute(TestSuiteExecutor.java:91)&#xD;
	at com.kms.katalon.core.main.TestCaseMain.startTestSuite(TestCaseMain.java:157)&#xD;
	at com.kms.katalon.core.main.TestCaseMain$startTestSuite$0.call(Unknown Source)&#xD;
	at TempTestSuite1572537860265.run(TempTestSuite1572537860265.groovy:35)</system-err>
        </testcase>
        <testcase name="Test Cases/FirstView/FirstPayVault/TC_1st_Pay_Vault_010" classname="Test Cases/FirstView/FirstPayVault/TC_1st_Pay_Vault_010" status="PASSED">
            <system-out>2019-10-31 11:19:13 - [TEST_CASE][PASSED] - Test Cases/FirstView/FirstPayVault/TC_1st_Pay_Vault_010: Test Cases/FirstView/FirstPayVault/TC_1st_Pay_Vault_010&#xD;
&#xD;
2019-10-31 11:19:13 - [TEST_STEP][PASSED] - Start listener action : sampleBeforeTestCase: null&#xD;
&#xD;
2019-10-31 11:19:13 - [TEST_STEP][PASSED] - println(testCaseContext.getTestCaseId()): null&#xD;
&#xD;
2019-10-31 11:19:13 - [TEST_STEP][PASSED] - println(testCaseContext.getTestCaseVariables()): null&#xD;
&#xD;
2019-10-31 11:19:13 - [TEST_STEP][NOT_RUN] - utilities.SafeActions.openBrowser(Old_URL, [PageLoadTime]): NOT_RUN: utilities.SafeActions.openBrowser(Old_URL, [PageLoadTime])&#xD;
&#xD;
2019-10-31 11:19:13 - [MESSAGE][NOT_RUN] - NOT_RUN: utilities.SafeActions.openBrowser(Old_URL, [PageLoadTime])&#xD;
&#xD;
2019-10-31 11:19:13 - [TEST_STEP][NOT_RUN] - delay(6): NOT_RUN: delay(6)&#xD;
&#xD;
2019-10-31 11:19:13 - [MESSAGE][NOT_RUN] - NOT_RUN: delay(6)&#xD;
&#xD;
2019-10-31 11:19:13 - [TEST_STEP][NOT_RUN] - utilities.SafeActions.safeSelectOptionInDropDownByVisibleText(findTestObject("Pages/Sale/dropDown_AccountType"), "ranjanatest2 - 888814981372/001 Account Type: Retail", "Select by Value", [25]): NOT_RUN: utilities.SafeActions.safeSelectOptionInDropDownByVisibleText(findTestObject("Pages/Sale/dropDown_AccountType"), "ranjanatest2 - 888814981372/001 Account Type: Retail", "Select by Value", [25])&#xD;
&#xD;
2019-10-31 11:19:13 - [MESSAGE][NOT_RUN] - NOT_RUN: utilities.SafeActions.safeSelectOptionInDropDownByVisibleText(findTestObject("Pages/Sale/dropDown_AccountType"), "ranjanatest2 - 888814981372/001 Account Type: Retail", "Select by Value", [25])&#xD;
&#xD;
2019-10-31 11:19:13 - [TEST_STEP][PASSED] - utilities.SafeActions.openBrowser(URL, [PageLoadTime]): utilities.SafeActions.openBrowser is PASSED&#xD;
&#xD;
2019-10-31 11:19:13 - [MESSAGE][INFO] - Opening Browser&#xD;
&#xD;
2019-10-31 11:19:13 - [MESSAGE][INFO] - Starting 'Firefox' driver&#xD;
&#xD;
2019-10-31 11:19:27 - [MESSAGE][PASSED] - Browser is opened with url: 'https://q-www-firstview-net.faps.net/MVC/Account/Login'&#xD;
&#xD;
2019-10-31 11:19:27 - [MESSAGE][PASSED] - Current window maximized&#xD;
&#xD;
2019-10-31 11:19:27 - [MESSAGE][INFO] - Browser Launched Successfully&#xD;
&#xD;
2019-10-31 11:19:27 - [MESSAGE][PASSED] - utilities.SafeActions.openBrowser is PASSED&#xD;
&#xD;
2019-10-31 11:19:27 - [TEST_STEP][PASSED] - pages.Login.login(uName, password): pages.Login.login is PASSED&#xD;
&#xD;
2019-10-31 11:19:27 - [MESSAGE][PASSED] - Object 'Object Repository/Pages/Login/userName' is present&#xD;
&#xD;
2019-10-31 11:19:27 - [MESSAGE][PASSED] - Scroll to object 'Object Repository/Pages/Login/userName' successfully&#xD;
&#xD;
2019-10-31 11:19:27 - [MESSAGE][PASSED] - Object 'Object Repository/Pages/Login/userName' is present&#xD;
&#xD;
2019-10-31 11:19:28 - [MESSAGE][PASSED] - Object: 'Object Repository/Pages/Login/userName' is clicked on&#xD;
&#xD;
2019-10-31 11:19:28 - [MESSAGE][PASSED] - Text 'ZenQRetail' is set on object 'Object Repository/Pages/Login/userName'&#xD;
&#xD;
2019-10-31 11:19:28 - [MESSAGE][PASSED] - Object 'Object Repository/Pages/Login/password' is present&#xD;
&#xD;
2019-10-31 11:19:28 - [MESSAGE][PASSED] - Scroll to object 'Object Repository/Pages/Login/password' successfully&#xD;
&#xD;
2019-10-31 11:19:28 - [MESSAGE][PASSED] - Object 'Object Repository/Pages/Login/password' is present&#xD;
&#xD;
2019-10-31 11:19:29 - [MESSAGE][PASSED] - Object: 'Object Repository/Pages/Login/password' is clicked on&#xD;
&#xD;
2019-10-31 11:19:29 - [MESSAGE][PASSED] - Text 'P@ssword1' is set on object 'Object Repository/Pages/Login/password'&#xD;
&#xD;
2019-10-31 11:19:29 - [MESSAGE][INFO] - Safe Click Without scroll&#xD;
&#xD;
2019-10-31 11:19:29 - [MESSAGE][INFO] - 1stPayVault.ts:waiting until Click on Login is Clickable&#xD;
&#xD;
2019-10-31 11:19:29 - [MESSAGE][PASSED] - Object 'Object Repository/Pages/Login/login' is clickable&#xD;
&#xD;
2019-10-31 11:19:29 - [MESSAGE][PASSED] - Object 'Object Repository/Pages/Login/login' is visible&#xD;
&#xD;
2019-10-31 11:19:31 - [MESSAGE][PASSED] - Object: 'Object Repository/Pages/Login/login' is clicked on&#xD;
&#xD;
2019-10-31 11:19:31 - [MESSAGE][INFO] - 1stPayVault.ts: click on the Click on Login&#xD;
&#xD;
2019-10-31 11:19:31 - [MESSAGE][PASSED] - pages.Login.login is PASSED&#xD;
&#xD;
2019-10-31 11:19:31 - [TEST_STEP][PASSED] - callTestCase(findTestCase("FirstView/Login/TC_SendCode"), [:], STOP_ON_FAILURE): Call Test Case 'Test Cases/FirstView/Login/TC_SendCode' successfully&#xD;
&#xD;
2019-10-31 11:19:31 - [TEST_CASE][PASSED] - Test Cases/FirstView/Login/TC_SendCode: Test Cases/FirstView/Login/TC_SendCode&#xD;
&#xD;
2019-10-31 11:19:31 - [TEST_STEP][PASSED] - flag = pages.SendCode.verifyPage(): pages.SendCode.verifyPage is PASSED&#xD;
&#xD;
2019-10-31 11:19:32 - [MESSAGE][PASSED] - Object 'Object Repository/Pages/SendCodeToValidate/header_SendCodeToValidate' is present and visible in viewport&#xD;
&#xD;
2019-10-31 11:19:32 - [MESSAGE][PASSED] - pages.SendCode.verifyPage is PASSED&#xD;
&#xD;
2019-10-31 11:19:32 - [TEST_STEP][PASSED] - if (flag): pages.SendCode.clickonUserSettings is PASSED&#xD;
&#xD;
2019-10-31 11:19:32 - [TEST_STEP][PASSED] - pages.SendCode.clickonUserSettings(): pages.SendCode.clickonUserSettings is PASSED&#xD;
&#xD;
2019-10-31 11:19:32 - [MESSAGE][PASSED] - Object 'Object Repository/Pages/SendCodeToValidate/link_UserSettings' is present&#xD;
&#xD;
2019-10-31 11:19:32 - [MESSAGE][PASSED] - Object 'Object Repository/Pages/SendCodeToValidate/link_UserSettings' is visible&#xD;
&#xD;
2019-10-31 11:19:32 - [MESSAGE][INFO] - 1stPayVault.ts:waiting until Click on User Settings is Clickable&#xD;
&#xD;
2019-10-31 11:19:32 - [MESSAGE][PASSED] - Object 'Object Repository/Pages/SendCodeToValidate/link_UserSettings' is clickable&#xD;
&#xD;
2019-10-31 11:19:32 - [MESSAGE][PASSED] - Object 'Object Repository/Pages/SendCodeToValidate/link_UserSettings' is visible&#xD;
&#xD;
2019-10-31 11:19:34 - [MESSAGE][PASSED] - Object: 'Object Repository/Pages/SendCodeToValidate/link_UserSettings' is clicked on&#xD;
&#xD;
2019-10-31 11:19:34 - [MESSAGE][INFO] - 1stPayVault.ts: Clicked on the Click on User Settings&#xD;
&#xD;
2019-10-31 11:19:34 - [MESSAGE][PASSED] - pages.SendCode.clickonUserSettings is PASSED&#xD;
&#xD;
2019-10-31 11:19:34 - [MESSAGE][PASSED] - Call Test Case 'Test Cases/FirstView/Login/TC_SendCode' successfully&#xD;
&#xD;
2019-10-31 11:19:34 - [TEST_STEP][PASSED] - callTestCase(findTestCase("FirstView/Login/TC_FirstView"), [:], STOP_ON_FAILURE): Call Test Case 'Test Cases/FirstView/Login/TC_FirstView' successfully&#xD;
&#xD;
2019-10-31 11:19:34 - [TEST_CASE][PASSED] - Test Cases/FirstView/Login/TC_FirstView: Test Cases/FirstView/Login/TC_FirstView&#xD;
&#xD;
2019-10-31 11:19:34 - [TEST_STEP][NOT_RUN] - utilities.SafeActions.safeClickWithoutScroll(findTestObject("Pages/FirstView/link_Home"), "Click on Home button in First View screen", [PageLoadTime]): NOT_RUN: utilities.SafeActions.safeClickWithoutScroll(findTestObject("Pages/FirstView/link_Home"), "Click on Home button in First View screen", [PageLoadTime])&#xD;
&#xD;
2019-10-31 11:19:34 - [MESSAGE][NOT_RUN] - NOT_RUN: utilities.SafeActions.safeClickWithoutScroll(findTestObject("Pages/FirstView/link_Home"), "Click on Home button in First View screen", [PageLoadTime])&#xD;
&#xD;
2019-10-31 11:19:34 - [TEST_STEP][PASSED] - delay(3): Delayed 3 second(s)&#xD;
&#xD;
2019-10-31 11:19:37 - [MESSAGE][PASSED] - Delayed 3 second(s)&#xD;
&#xD;
2019-10-31 11:19:37 - [TEST_STEP][PASSED] - utilities.SafeActions.javascriptclick(findTestObject("Pages/FirstView/link_Home"), delayForElement): utilities.SafeActions.javascriptclick is PASSED&#xD;
&#xD;
2019-10-31 11:19:37 - [MESSAGE][PASSED] - utilities.SafeActions.javascriptclick is PASSED&#xD;
&#xD;
2019-10-31 11:19:37 - [TEST_STEP][PASSED] - utilities.SafeActions.safeClickWithoutScroll(findTestObject("Pages/FirstView/link_VPOS"), "Click on VPOS button in First View screen", [PageLoadTime]): utilities.SafeActions.safeClickWithoutScroll is PASSED&#xD;
&#xD;
2019-10-31 11:19:38 - [MESSAGE][INFO] - Safe Click Without scroll&#xD;
&#xD;
2019-10-31 11:19:38 - [MESSAGE][INFO] - 1stPayVault.ts:waiting until Click on VPOS button in First View screen is Clickable&#xD;
&#xD;
2019-10-31 11:19:39 - [MESSAGE][PASSED] - Object 'Object Repository/Pages/FirstView/link_VPOS' is clickable&#xD;
&#xD;
2019-10-31 11:19:39 - [MESSAGE][PASSED] - Object 'Object Repository/Pages/FirstView/link_VPOS' is visible&#xD;
&#xD;
2019-10-31 11:19:40 - [MESSAGE][PASSED] - Object: 'Object Repository/Pages/FirstView/link_VPOS' is clicked on&#xD;
&#xD;
2019-10-31 11:19:40 - [MESSAGE][INFO] - 1stPayVault.ts: click on the Click on VPOS button in First View screen&#xD;
&#xD;
2019-10-31 11:19:40 - [MESSAGE][PASSED] - utilities.SafeActions.safeClickWithoutScroll is PASSED&#xD;
&#xD;
2019-10-31 11:19:40 - [MESSAGE][PASSED] - Call Test Case 'Test Cases/FirstView/Login/TC_FirstView' successfully&#xD;
&#xD;
2019-10-31 11:19:40 - [TEST_STEP][PASSED] - switchToWindowTitle("Transcenter - VPOS"): Switched to window with title: 'Transcenter - VPOS'&#xD;
&#xD;
2019-10-31 11:19:44 - [MESSAGE][PASSED] - Switched to window with title: 'Transcenter - VPOS'&#xD;
&#xD;
2019-10-31 11:19:44 - [TEST_STEP][PASSED] - focus(findTestObject("Pages/FirstPayVault/tab_FirstPayVault")): Object: 'Object Repository/Pages/FirstPayVault/tab_FirstPayVault' is focused&#xD;
&#xD;
2019-10-31 11:19:47 - [MESSAGE][PASSED] - Object: 'Object Repository/Pages/FirstPayVault/tab_FirstPayVault' is focused&#xD;
&#xD;
2019-10-31 11:19:47 - [TEST_STEP][PASSED] - utilities.SafeActions.javascriptclick(findTestObject("Pages/FirstPayVault/tab_FirstPayVault"), PageLoadTime): utilities.SafeActions.javascriptclick is PASSED&#xD;
&#xD;
2019-10-31 11:19:48 - [MESSAGE][PASSED] - utilities.SafeActions.javascriptclick is PASSED&#xD;
&#xD;
2019-10-31 11:19:48 - [TEST_STEP][PASSED] - delay(delayForElement): Delayed 6 second(s)&#xD;
&#xD;
2019-10-31 11:19:54 - [MESSAGE][PASSED] - Delayed 6 second(s)&#xD;
&#xD;
2019-10-31 11:19:54 - [TEST_STEP][PASSED] - utilities.SafeActions.safeClickWithoutScroll(findTestObject("Pages/FirstPayVault/tab_FirstPayVault"), "Click on FistPayVault tab", [delayForElement]): utilities.SafeActions.safeClickWithoutScroll is PASSED&#xD;
&#xD;
2019-10-31 11:19:54 - [MESSAGE][INFO] - Safe Click Without scroll&#xD;
&#xD;
2019-10-31 11:19:54 - [MESSAGE][INFO] - 1stPayVault.ts:waiting until Click on FistPayVault tab is Clickable&#xD;
&#xD;
2019-10-31 11:19:54 - [MESSAGE][PASSED] - Object 'Object Repository/Pages/FirstPayVault/tab_FirstPayVault' is clickable&#xD;
&#xD;
2019-10-31 11:19:54 - [MESSAGE][PASSED] - Object 'Object Repository/Pages/FirstPayVault/tab_FirstPayVault' is visible&#xD;
&#xD;
2019-10-31 11:19:54 - [MESSAGE][PASSED] - Object: 'Object Repository/Pages/FirstPayVault/tab_FirstPayVault' is clicked on&#xD;
&#xD;
2019-10-31 11:19:54 - [MESSAGE][INFO] - 1stPayVault.ts: click on the Click on FistPayVault tab&#xD;
&#xD;
2019-10-31 11:19:54 - [MESSAGE][PASSED] - utilities.SafeActions.safeClickWithoutScroll is PASSED&#xD;
&#xD;
2019-10-31 11:19:54 - [TEST_STEP][PASSED] - utilities.SafeActions.safeClickWithoutScroll(findTestObject("Pages/FirstPayVault/button_CreateVault"), "Click on CreateVault button", [PageLoadTime]): utilities.SafeActions.safeClickWithoutScroll is PASSED&#xD;
&#xD;
2019-10-31 11:19:55 - [MESSAGE][INFO] - Safe Click Without scroll&#xD;
&#xD;
2019-10-31 11:19:55 - [MESSAGE][INFO] - 1stPayVault.ts:waiting until Click on CreateVault button is Clickable&#xD;
&#xD;
2019-10-31 11:19:55 - [MESSAGE][PASSED] - Object 'Object Repository/Pages/FirstPayVault/button_CreateVault' is clickable&#xD;
&#xD;
2019-10-31 11:19:55 - [MESSAGE][PASSED] - Object 'Object Repository/Pages/FirstPayVault/button_CreateVault' is visible&#xD;
&#xD;
2019-10-31 11:19:56 - [MESSAGE][PASSED] - Object: 'Object Repository/Pages/FirstPayVault/button_CreateVault' is clicked on&#xD;
&#xD;
2019-10-31 11:19:56 - [MESSAGE][INFO] - 1stPayVault.ts: click on the Click on CreateVault button&#xD;
&#xD;
2019-10-31 11:19:56 - [MESSAGE][PASSED] - utilities.SafeActions.safeClickWithoutScroll is PASSED&#xD;
&#xD;
2019-10-31 11:19:56 - [TEST_STEP][PASSED] - scrollToElement(findTestObject("Pages/FirstPayVault/input_VaultReferenceNumber"), PageLoadTime): Scroll to object 'Object Repository/Pages/FirstPayVault/input_VaultReferenceNumber' successfully&#xD;
&#xD;
2019-10-31 11:19:56 - [MESSAGE][PASSED] - Scroll to object 'Object Repository/Pages/FirstPayVault/input_VaultReferenceNumber' successfully&#xD;
&#xD;
2019-10-31 11:19:56 - [TEST_STEP][PASSED] - vaultReference = utilities.SafeActions.timeWithMilliSeconds(): utilities.SafeActions.timeWithMilliSeconds is PASSED&#xD;
&#xD;
2019-10-31 11:19:56 - [MESSAGE][PASSED] - utilities.SafeActions.timeWithMilliSeconds is PASSED&#xD;
&#xD;
2019-10-31 11:19:56 - [TEST_STEP][PASSED] - utilities.SafeActions.safeType(findTestObject("Pages/FirstPayVault/input_VaultReferenceNumber"), vaultReference, "Entering Vault Reference Number", [PageLoadTime]): utilities.SafeActions.safeType is PASSED&#xD;
&#xD;
2019-10-31 11:19:56 - [MESSAGE][PASSED] - Object 'Object Repository/Pages/FirstPayVault/input_VaultReferenceNumber' is present&#xD;
&#xD;
2019-10-31 11:19:56 - [MESSAGE][PASSED] - Scroll to object 'Object Repository/Pages/FirstPayVault/input_VaultReferenceNumber' successfully&#xD;
&#xD;
2019-10-31 11:19:56 - [MESSAGE][PASSED] - Object 'Object Repository/Pages/FirstPayVault/input_VaultReferenceNumber' is present&#xD;
&#xD;
2019-10-31 11:19:57 - [MESSAGE][PASSED] - Object: 'Object Repository/Pages/FirstPayVault/input_VaultReferenceNumber' is clicked on&#xD;
&#xD;
2019-10-31 11:19:57 - [MESSAGE][PASSED] - Text '2019-10-31 11:19:56.186' is set on object 'Object Repository/Pages/FirstPayVault/input_VaultReferenceNumber'&#xD;
&#xD;
2019-10-31 11:19:57 - [MESSAGE][PASSED] - utilities.SafeActions.safeType is PASSED&#xD;
&#xD;
2019-10-31 11:19:57 - [TEST_STEP][PASSED] - utilities.SafeActions.safeType(findTestObject("Pages/FirstPayVault/input_CreditCardNumber"), visaCardNumber, "Entering Card Number", [PageLoadTime]): utilities.SafeActions.safeType is PASSED&#xD;
&#xD;
2019-10-31 11:19:57 - [MESSAGE][PASSED] - Object 'Object Repository/Pages/FirstPayVault/input_CreditCardNumber' is present&#xD;
&#xD;
2019-10-31 11:19:57 - [MESSAGE][PASSED] - Scroll to object 'Object Repository/Pages/FirstPayVault/input_CreditCardNumber' successfully&#xD;
&#xD;
2019-10-31 11:19:57 - [MESSAGE][PASSED] - Object 'Object Repository/Pages/FirstPayVault/input_CreditCardNumber' is present&#xD;
&#xD;
2019-10-31 11:19:58 - [MESSAGE][PASSED] - Object: 'Object Repository/Pages/FirstPayVault/input_CreditCardNumber' is clicked on&#xD;
&#xD;
2019-10-31 11:19:58 - [MESSAGE][PASSED] - Text '4111111111111111' is set on object 'Object Repository/Pages/FirstPayVault/input_CreditCardNumber'&#xD;
&#xD;
2019-10-31 11:19:58 - [MESSAGE][PASSED] - utilities.SafeActions.safeType is PASSED&#xD;
&#xD;
2019-10-31 11:19:58 - [TEST_STEP][NOT_RUN] - delay(4): NOT_RUN: delay(4)&#xD;
&#xD;
2019-10-31 11:19:58 - [MESSAGE][NOT_RUN] - NOT_RUN: delay(4)&#xD;
&#xD;
2019-10-31 11:19:58 - [TEST_STEP][PASSED] - utilities.SafeActions.safeSelectOptionInDropDownByVisibleText(findTestObject("Pages/FirstPayVault/dropDown_ExpirationMonth"), cardMonth, "Expiration Month", [PageLoadTime]): utilities.SafeActions.safeSelectOptionInDropDownByVisibleText is PASSED&#xD;
&#xD;
2019-10-31 11:19:58 - [MESSAGE][PASSED] - Object 'Object Repository/Pages/FirstPayVault/dropDown_ExpirationMonth' is visible&#xD;
&#xD;
2019-10-31 11:19:58 - [MESSAGE][PASSED] - Object 'Object Repository/Pages/FirstPayVault/dropDown_ExpirationMonth' is present&#xD;
&#xD;
2019-10-31 11:19:59 - [MESSAGE][PASSED] - Object: 'Object Repository/Pages/FirstPayVault/dropDown_ExpirationMonth' is clicked on&#xD;
&#xD;
2019-10-31 11:19:59 - [MESSAGE][PASSED] - All options with label 'September' are selected in object 'Object Repository/Pages/FirstPayVault/dropDown_ExpirationMonth' &#xD;
&#xD;
2019-10-31 11:19:59 - [MESSAGE][PASSED] - utilities.SafeActions.safeSelectOptionInDropDownByVisibleText is PASSED&#xD;
&#xD;
2019-10-31 11:19:59 - [TEST_STEP][PASSED] - utilities.SafeActions.safeSelectOptionInDropDownByVisibleText(findTestObject("Pages/FirstPayVault/dropDown_ExpirationYear"), cardYear, "year", [PageLoadTime]): utilities.SafeActions.safeSelectOptionInDropDownByVisibleText is PASSED&#xD;
&#xD;
2019-10-31 11:19:59 - [MESSAGE][PASSED] - Object 'Object Repository/Pages/FirstPayVault/dropDown_ExpirationYear' is visible&#xD;
&#xD;
2019-10-31 11:19:59 - [MESSAGE][PASSED] - Object 'Object Repository/Pages/FirstPayVault/dropDown_ExpirationYear' is present&#xD;
&#xD;
2019-10-31 11:20:00 - [MESSAGE][PASSED] - Object: 'Object Repository/Pages/FirstPayVault/dropDown_ExpirationYear' is clicked on&#xD;
&#xD;
2019-10-31 11:20:00 - [MESSAGE][PASSED] - All options with label '2032' are selected in object 'Object Repository/Pages/FirstPayVault/dropDown_ExpirationYear' &#xD;
&#xD;
2019-10-31 11:20:00 - [MESSAGE][PASSED] - utilities.SafeActions.safeSelectOptionInDropDownByVisibleText is PASSED&#xD;
&#xD;
2019-10-31 11:20:00 - [TEST_STEP][NOT_RUN] - delay(2): NOT_RUN: delay(2)&#xD;
&#xD;
2019-10-31 11:20:00 - [MESSAGE][NOT_RUN] - NOT_RUN: delay(2)&#xD;
&#xD;
2019-10-31 11:20:00 - [TEST_STEP][PASSED] - utilities.SafeActions.safeType(findTestObject("Pages/FirstPayVault/input_ContactName"), customerName, "Enter Contact Name", [PageLoadTime]): utilities.SafeActions.safeType is PASSED&#xD;
&#xD;
2019-10-31 11:20:00 - [MESSAGE][PASSED] - Object 'Object Repository/Pages/FirstPayVault/input_ContactName' is present&#xD;
&#xD;
2019-10-31 11:20:00 - [MESSAGE][PASSED] - Scroll to object 'Object Repository/Pages/FirstPayVault/input_ContactName' successfully&#xD;
&#xD;
2019-10-31 11:20:00 - [MESSAGE][PASSED] - Object 'Object Repository/Pages/FirstPayVault/input_ContactName' is present&#xD;
&#xD;
2019-10-31 11:20:01 - [MESSAGE][PASSED] - Object: 'Object Repository/Pages/FirstPayVault/input_ContactName' is clicked on&#xD;
&#xD;
2019-10-31 11:20:01 - [MESSAGE][PASSED] - Text 'Venkata Sai' is set on object 'Object Repository/Pages/FirstPayVault/input_ContactName'&#xD;
&#xD;
2019-10-31 11:20:01 - [MESSAGE][PASSED] - utilities.SafeActions.safeType is PASSED&#xD;
&#xD;
2019-10-31 11:20:01 - [TEST_STEP][PASSED] - utilities.SafeActions.safeType(findTestObject("Pages/FirstPayVault/input_PostalCode"), postalCode, "Enter Postal Code", [PageLoadTime]): utilities.SafeActions.safeType is PASSED&#xD;
&#xD;
2019-10-31 11:20:01 - [MESSAGE][PASSED] - Object 'Object Repository/Pages/FirstPayVault/input_PostalCode' is present&#xD;
&#xD;
2019-10-31 11:20:01 - [MESSAGE][PASSED] - Scroll to object 'Object Repository/Pages/FirstPayVault/input_PostalCode' successfully&#xD;
&#xD;
2019-10-31 11:20:01 - [MESSAGE][PASSED] - Object 'Object Repository/Pages/FirstPayVault/input_PostalCode' is present&#xD;
&#xD;
2019-10-31 11:20:02 - [MESSAGE][PASSED] - Object: 'Object Repository/Pages/FirstPayVault/input_PostalCode' is clicked on&#xD;
&#xD;
2019-10-31 11:20:02 - [MESSAGE][PASSED] - Text '76102' is set on object 'Object Repository/Pages/FirstPayVault/input_PostalCode'&#xD;
&#xD;
2019-10-31 11:20:02 - [MESSAGE][PASSED] - utilities.SafeActions.safeType is PASSED&#xD;
&#xD;
2019-10-31 11:20:02 - [TEST_STEP][PASSED] - utilities.SafeActions.safeType(findTestObject("Pages/FirstPayVault/input_Address"), address, "Enter ddress", [PageLoadTime]): utilities.SafeActions.safeType is PASSED&#xD;
&#xD;
2019-10-31 11:20:02 - [MESSAGE][PASSED] - Object 'Object Repository/Pages/FirstPayVault/input_Address' is present&#xD;
&#xD;
2019-10-31 11:20:02 - [MESSAGE][PASSED] - Scroll to object 'Object Repository/Pages/FirstPayVault/input_Address' successfully&#xD;
&#xD;
2019-10-31 11:20:02 - [MESSAGE][PASSED] - Object 'Object Repository/Pages/FirstPayVault/input_Address' is present&#xD;
&#xD;
2019-10-31 11:20:03 - [MESSAGE][PASSED] - Object: 'Object Repository/Pages/FirstPayVault/input_Address' is clicked on&#xD;
&#xD;
2019-10-31 11:20:03 - [MESSAGE][PASSED] - Text 'Street123' is set on object 'Object Repository/Pages/FirstPayVault/input_Address'&#xD;
&#xD;
2019-10-31 11:20:03 - [MESSAGE][PASSED] - utilities.SafeActions.safeType is PASSED&#xD;
&#xD;
2019-10-31 11:20:03 - [TEST_STEP][PASSED] - utilities.SafeActions.safeCheckForElement(findTestObject("Pages/FirstPayVault/chekBox_AddShippingInformation"), PageLoadTime): utilities.SafeActions.safeCheckForElement is PASSED&#xD;
&#xD;
2019-10-31 11:20:03 - [MESSAGE][PASSED] - Object 'Object Repository/Pages/FirstPayVault/chekBox_AddShippingInformation' is present&#xD;
&#xD;
2019-10-31 11:20:03 - [MESSAGE][PASSED] - Object 'Object Repository/Pages/FirstPayVault/chekBox_AddShippingInformation' is visible&#xD;
&#xD;
2019-10-31 11:20:03 - [MESSAGE][PASSED] - Object 'Object Repository/Pages/FirstPayVault/chekBox_AddShippingInformation' is present&#xD;
&#xD;
2019-10-31 11:20:04 - [MESSAGE][PASSED] - Object 'Object Repository/Pages/FirstPayVault/chekBox_AddShippingInformation' is checked&#xD;
&#xD;
2019-10-31 11:20:04 - [MESSAGE][PASSED] - utilities.SafeActions.safeCheckForElement is PASSED&#xD;
&#xD;
2019-10-31 11:20:04 - [TEST_STEP][PASSED] - utilities.SafeActions.safeType(findTestObject("Pages/FirstPayVault/input_ShippingMethod"), shippingMethod, "Enter Shipping Method", [PageLoadTime]): utilities.SafeActions.safeType is PASSED&#xD;
&#xD;
2019-10-31 11:20:04 - [MESSAGE][PASSED] - Object 'Object Repository/Pages/FirstPayVault/input_ShippingMethod' is present&#xD;
&#xD;
2019-10-31 11:20:04 - [MESSAGE][PASSED] - Scroll to object 'Object Repository/Pages/FirstPayVault/input_ShippingMethod' successfully&#xD;
&#xD;
2019-10-31 11:20:04 - [MESSAGE][PASSED] - Object 'Object Repository/Pages/FirstPayVault/input_ShippingMethod' is present&#xD;
&#xD;
2019-10-31 11:20:05 - [MESSAGE][PASSED] - Object: 'Object Repository/Pages/FirstPayVault/input_ShippingMethod' is clicked on&#xD;
&#xD;
2019-10-31 11:20:05 - [MESSAGE][PASSED] - Text 'DTDC' is set on object 'Object Repository/Pages/FirstPayVault/input_ShippingMethod'&#xD;
&#xD;
2019-10-31 11:20:05 - [MESSAGE][PASSED] - utilities.SafeActions.safeType is PASSED&#xD;
&#xD;
2019-10-31 11:20:05 - [TEST_STEP][PASSED] - utilities.SafeActions.safeCheckForElement(findTestObject("Pages/FirstPayVault/checkbox_SameAsBillingInformation"), PageLoadTime): utilities.SafeActions.safeCheckForElement is PASSED&#xD;
&#xD;
2019-10-31 11:20:05 - [MESSAGE][PASSED] - Object 'Object Repository/Pages/FirstPayVault/checkbox_SameAsBillingInformation' is present&#xD;
&#xD;
2019-10-31 11:20:05 - [MESSAGE][PASSED] - Object 'Object Repository/Pages/FirstPayVault/checkbox_SameAsBillingInformation' is visible&#xD;
&#xD;
2019-10-31 11:20:05 - [MESSAGE][PASSED] - Object 'Object Repository/Pages/FirstPayVault/checkbox_SameAsBillingInformation' is present&#xD;
&#xD;
2019-10-31 11:20:06 - [MESSAGE][PASSED] - Object 'Object Repository/Pages/FirstPayVault/checkbox_SameAsBillingInformation' is checked&#xD;
&#xD;
2019-10-31 11:20:06 - [MESSAGE][PASSED] - utilities.SafeActions.safeCheckForElement is PASSED&#xD;
&#xD;
2019-10-31 11:20:06 - [TEST_STEP][PASSED] - utilities.SafeActions.safeClickwithScroll(findTestObject("Pages/FirstPayVault/button_Create"), "Click on Create Button", [PageLoadTime]): utilities.SafeActions.safeClickwithScroll is PASSED&#xD;
&#xD;
2019-10-31 11:20:06 - [MESSAGE][PASSED] - Object 'Object Repository/Pages/FirstPayVault/button_Create' is present&#xD;
&#xD;
2019-10-31 11:20:06 - [MESSAGE][PASSED] - Object 'Object Repository/Pages/FirstPayVault/button_Create' is visible&#xD;
&#xD;
2019-10-31 11:20:06 - [MESSAGE][INFO] - 1stPayVault.ts:waiting until Click on Create Button is Clickable&#xD;
&#xD;
2019-10-31 11:20:06 - [MESSAGE][PASSED] - Object 'Object Repository/Pages/FirstPayVault/button_Create' is clickable&#xD;
&#xD;
2019-10-31 11:20:06 - [MESSAGE][PASSED] - Object 'Object Repository/Pages/FirstPayVault/button_Create' is visible&#xD;
&#xD;
2019-10-31 11:20:07 - [MESSAGE][PASSED] - Object: 'Object Repository/Pages/FirstPayVault/button_Create' is clicked on&#xD;
&#xD;
2019-10-31 11:20:07 - [MESSAGE][INFO] - 1stPayVault.ts: Clicked on the Click on Create Button&#xD;
&#xD;
2019-10-31 11:20:07 - [MESSAGE][PASSED] - utilities.SafeActions.safeClickwithScroll is PASSED&#xD;
&#xD;
2019-10-31 11:20:07 - [TEST_STEP][PASSED] - delay(2): Delayed 2 second(s)&#xD;
&#xD;
2019-10-31 11:20:09 - [MESSAGE][PASSED] - Delayed 2 second(s)&#xD;
&#xD;
2019-10-31 11:20:09 - [TEST_STEP][PASSED] - popupSavedToVaultMessage = utilities.SafeActions.safeGetText(findTestObject("Pages/FirstPayVault/popup_SavedToVaultMessage"), PageLoadTime): utilities.SafeActions.safeGetText is PASSED&#xD;
&#xD;
2019-10-31 11:20:09 - [MESSAGE][PASSED] - Object 'Object Repository/Pages/FirstPayVault/popup_SavedToVaultMessage' is present&#xD;
&#xD;
2019-10-31 11:20:09 - [MESSAGE][PASSED] - Scroll to object 'Object Repository/Pages/FirstPayVault/popup_SavedToVaultMessage' successfully&#xD;
&#xD;
2019-10-31 11:20:09 - [MESSAGE][PASSED] - Object 'Object Repository/Pages/FirstPayVault/popup_SavedToVaultMessage' is present&#xD;
&#xD;
2019-10-31 11:20:10 - [MESSAGE][PASSED] - Text of object 'Object Repository/Pages/FirstPayVault/popup_SavedToVaultMessage' is: 'Successfully Saved to Vault'&#xD;
&#xD;
2019-10-31 11:20:10 - [MESSAGE][PASSED] - utilities.SafeActions.safeGetText is PASSED&#xD;
&#xD;
2019-10-31 11:20:10 - [TEST_STEP][PASSED] - flag = utilities.SafeActions.verifyPopupMessage("Successfully Saved to Vault", popupSavedToVaultMessage): Popup Message : Successfully Saved to Vault matched with expected message : Successfully Saved to Vault&#xD;
&#xD;
2019-10-31 11:20:10 - [MESSAGE][PASSED] - Popup Message : Successfully Saved to Vault matched with expected message : Successfully Saved to Vault&#xD;
&#xD;
2019-10-31 11:20:10 - [TEST_STEP][PASSED] - utilities.SafeActions.safeClickWithoutScroll(findTestObject("Pages/FirstPayVault/button_SearchVault_InPopup"), "Search Vault in Popup", [delayBetweenTestSteps]): utilities.SafeActions.safeClickWithoutScroll is PASSED&#xD;
&#xD;
2019-10-31 11:20:10 - [MESSAGE][INFO] - Safe Click Without scroll&#xD;
&#xD;
2019-10-31 11:20:10 - [MESSAGE][INFO] - 1stPayVault.ts:waiting until Search Vault in Popup is Clickable&#xD;
&#xD;
2019-10-31 11:20:10 - [MESSAGE][PASSED] - Object 'Object Repository/Pages/FirstPayVault/button_SearchVault_InPopup' is clickable&#xD;
&#xD;
2019-10-31 11:20:10 - [MESSAGE][PASSED] - Object 'Object Repository/Pages/FirstPayVault/button_SearchVault_InPopup' is visible&#xD;
&#xD;
2019-10-31 11:20:11 - [MESSAGE][PASSED] - Object: 'Object Repository/Pages/FirstPayVault/button_SearchVault_InPopup' is clicked on&#xD;
&#xD;
2019-10-31 11:20:11 - [MESSAGE][INFO] - 1stPayVault.ts: click on the Search Vault in Popup&#xD;
&#xD;
2019-10-31 11:20:11 - [MESSAGE][PASSED] - utilities.SafeActions.safeClickWithoutScroll is PASSED&#xD;
&#xD;
2019-10-31 11:20:11 - [TEST_STEP][PASSED] - scrollToElement(findTestObject("Pages/FirstPayVault/filter_FullCreditCardNumber"), delayBetweenTestSteps): Scroll to object 'Object Repository/Pages/FirstPayVault/filter_FullCreditCardNumber' successfully&#xD;
&#xD;
2019-10-31 11:20:11 - [MESSAGE][PASSED] - Scroll to object 'Object Repository/Pages/FirstPayVault/filter_FullCreditCardNumber' successfully&#xD;
&#xD;
2019-10-31 11:20:11 - [TEST_STEP][PASSED] - utilities.SafeActions.safeType(findTestObject("Pages/FirstPayVault/filter_FullCreditCardNumber"), visaCardNumber, "Enter full Credit Card Number", [delayBetweenTestSteps]): utilities.SafeActions.safeType is PASSED&#xD;
&#xD;
2019-10-31 11:20:11 - [MESSAGE][PASSED] - Object 'Object Repository/Pages/FirstPayVault/filter_FullCreditCardNumber' is present&#xD;
&#xD;
2019-10-31 11:20:11 - [MESSAGE][PASSED] - Scroll to object 'Object Repository/Pages/FirstPayVault/filter_FullCreditCardNumber' successfully&#xD;
&#xD;
2019-10-31 11:20:11 - [MESSAGE][PASSED] - Object 'Object Repository/Pages/FirstPayVault/filter_FullCreditCardNumber' is present&#xD;
&#xD;
2019-10-31 11:20:12 - [MESSAGE][PASSED] - Object: 'Object Repository/Pages/FirstPayVault/filter_FullCreditCardNumber' is clicked on&#xD;
&#xD;
2019-10-31 11:20:12 - [MESSAGE][PASSED] - Text '4111111111111111' is set on object 'Object Repository/Pages/FirstPayVault/filter_FullCreditCardNumber'&#xD;
&#xD;
2019-10-31 11:20:12 - [MESSAGE][PASSED] - utilities.SafeActions.safeType is PASSED&#xD;
&#xD;
2019-10-31 11:20:12 - [TEST_STEP][PASSED] - utilities.SafeActions.safeClickWithoutScroll(findTestObject("Pages/FirstPayVault/button_Search"), "Click On Search button", [PageLoadTime]): utilities.SafeActions.safeClickWithoutScroll is PASSED&#xD;
&#xD;
2019-10-31 11:20:12 - [MESSAGE][INFO] - Safe Click Without scroll&#xD;
&#xD;
2019-10-31 11:20:12 - [MESSAGE][INFO] - 1stPayVault.ts:waiting until Click On Search button is Clickable&#xD;
&#xD;
2019-10-31 11:20:12 - [MESSAGE][PASSED] - Object 'Object Repository/Pages/FirstPayVault/button_Search' is clickable&#xD;
&#xD;
2019-10-31 11:20:12 - [MESSAGE][PASSED] - Object 'Object Repository/Pages/FirstPayVault/button_Search' is visible&#xD;
&#xD;
2019-10-31 11:20:13 - [MESSAGE][PASSED] - Object: 'Object Repository/Pages/FirstPayVault/button_Search' is clicked on&#xD;
&#xD;
2019-10-31 11:20:13 - [MESSAGE][INFO] - 1stPayVault.ts: click on the Click On Search button&#xD;
&#xD;
2019-10-31 11:20:13 - [MESSAGE][PASSED] - utilities.SafeActions.safeClickWithoutScroll is PASSED&#xD;
&#xD;
2019-10-31 11:20:13 - [TEST_STEP][PASSED] - scrollToElement(findTestObject("Pages/Transaction_Management/invoice_ForTransaction"), PageLoadTime): Scroll to object 'Object Repository/Pages/Transaction_Management/invoice_ForTransaction' successfully&#xD;
&#xD;
2019-10-31 11:20:15 - [MESSAGE][PASSED] - Scroll to object 'Object Repository/Pages/Transaction_Management/invoice_ForTransaction' successfully&#xD;
&#xD;
2019-10-31 11:20:15 - [TEST_STEP][PASSED] - pages.FirstPayVault.verifyAllRecordsFilteredByCardNumber(findTestObject("Pages/FirstPayVault/footer_NextButton"), findTestObject("Pages/FirstPayVault/page_Number"), visaCardNumber): All filtered Records have expected card Number&#xD;
&#xD;
2019-10-31 11:20:15 - [MESSAGE][PASSED] - Text of object 'Object Repository/Pages/FirstPayVault/page_Number' is: 'Page 1 of 29'&#xD;
&#xD;
2019-10-31 11:20:17 - [MESSAGE][PASSED] - Delayed 1 second(s)&#xD;
&#xD;
2019-10-31 11:20:17 - [MESSAGE][PASSED] - Object: 'Object Repository/Pages/FirstPayVault/footer_NextButton' is clicked on&#xD;
&#xD;
2019-10-31 11:20:19 - [MESSAGE][PASSED] - Delayed 2 second(s)&#xD;
&#xD;
2019-10-31 11:20:20 - [MESSAGE][PASSED] - Delayed 1 second(s)&#xD;
&#xD;
2019-10-31 11:20:20 - [MESSAGE][PASSED] - Object: 'Object Repository/Pages/FirstPayVault/footer_NextButton' is clicked on&#xD;
&#xD;
2019-10-31 11:20:22 - [MESSAGE][PASSED] - Delayed 2 second(s)&#xD;
&#xD;
2019-10-31 11:20:24 - [MESSAGE][PASSED] - Delayed 1 second(s)&#xD;
&#xD;
2019-10-31 11:20:24 - [MESSAGE][PASSED] - Object: 'Object Repository/Pages/FirstPayVault/footer_NextButton' is clicked on&#xD;
&#xD;
2019-10-31 11:20:26 - [MESSAGE][PASSED] - Delayed 2 second(s)&#xD;
&#xD;
2019-10-31 11:20:27 - [MESSAGE][PASSED] - Delayed 1 second(s)&#xD;
&#xD;
2019-10-31 11:20:27 - [MESSAGE][PASSED] - Object: 'Object Repository/Pages/FirstPayVault/footer_NextButton' is clicked on&#xD;
&#xD;
2019-10-31 11:20:29 - [MESSAGE][PASSED] - Delayed 2 second(s)&#xD;
&#xD;
2019-10-31 11:20:31 - [MESSAGE][PASSED] - Delayed 1 second(s)&#xD;
&#xD;
2019-10-31 11:20:31 - [MESSAGE][PASSED] - Object: 'Object Repository/Pages/FirstPayVault/footer_NextButton' is clicked on&#xD;
&#xD;
2019-10-31 11:20:33 - [MESSAGE][PASSED] - Delayed 2 second(s)&#xD;
&#xD;
2019-10-31 11:20:34 - [MESSAGE][PASSED] - Delayed 1 second(s)&#xD;
&#xD;
2019-10-31 11:20:35 - [MESSAGE][PASSED] - Object: 'Object Repository/Pages/FirstPayVault/footer_NextButton' is clicked on&#xD;
&#xD;
2019-10-31 11:20:37 - [MESSAGE][PASSED] - Delayed 2 second(s)&#xD;
&#xD;
2019-10-31 11:20:38 - [MESSAGE][PASSED] - Delayed 1 second(s)&#xD;
&#xD;
2019-10-31 11:20:39 - [MESSAGE][PASSED] - Object: 'Object Repository/Pages/FirstPayVault/footer_NextButton' is clicked on&#xD;
&#xD;
2019-10-31 11:20:41 - [MESSAGE][PASSED] - Delayed 2 second(s)&#xD;
&#xD;
2019-10-31 11:20:42 - [MESSAGE][PASSED] - Delayed 1 second(s)&#xD;
&#xD;
2019-10-31 11:20:42 - [MESSAGE][PASSED] - Object: 'Object Repository/Pages/FirstPayVault/footer_NextButton' is clicked on&#xD;
&#xD;
2019-10-31 11:20:44 - [MESSAGE][PASSED] - Delayed 2 second(s)&#xD;
&#xD;
2019-10-31 11:20:46 - [MESSAGE][PASSED] - Delayed 1 second(s)&#xD;
&#xD;
2019-10-31 11:20:46 - [MESSAGE][PASSED] - Object: 'Object Repository/Pages/FirstPayVault/footer_NextButton' is clicked on&#xD;
&#xD;
2019-10-31 11:20:48 - [MESSAGE][PASSED] - Delayed 2 second(s)&#xD;
&#xD;
2019-10-31 11:20:50 - [MESSAGE][PASSED] - Delayed 1 second(s)&#xD;
&#xD;
2019-10-31 11:20:50 - [MESSAGE][PASSED] - Object: 'Object Repository/Pages/FirstPayVault/footer_NextButton' is clicked on&#xD;
&#xD;
2019-10-31 11:20:52 - [MESSAGE][PASSED] - Delayed 2 second(s)&#xD;
&#xD;
2019-10-31 11:20:54 - [MESSAGE][PASSED] - Delayed 1 second(s)&#xD;
&#xD;
2019-10-31 11:20:54 - [MESSAGE][PASSED] - Object: 'Object Repository/Pages/FirstPayVault/footer_NextButton' is clicked on&#xD;
&#xD;
2019-10-31 11:20:57 - [MESSAGE][PASSED] - Delayed 2 second(s)&#xD;
&#xD;
2019-10-31 11:20:58 - [MESSAGE][PASSED] - Delayed 1 second(s)&#xD;
&#xD;
2019-10-31 11:20:59 - [MESSAGE][PASSED] - Object: 'Object Repository/Pages/FirstPayVault/footer_NextButton' is clicked on&#xD;
&#xD;
2019-10-31 11:21:01 - [MESSAGE][PASSED] - Delayed 2 second(s)&#xD;
&#xD;
2019-10-31 11:21:03 - [MESSAGE][PASSED] - Delayed 1 second(s)&#xD;
&#xD;
2019-10-31 11:21:03 - [MESSAGE][PASSED] - Object: 'Object Repository/Pages/FirstPayVault/footer_NextButton' is clicked on&#xD;
&#xD;
2019-10-31 11:21:05 - [MESSAGE][PASSED] - Delayed 2 second(s)&#xD;
&#xD;
2019-10-31 11:21:07 - [MESSAGE][PASSED] - Delayed 1 second(s)&#xD;
&#xD;
2019-10-31 11:21:07 - [MESSAGE][PASSED] - Object: 'Object Repository/Pages/FirstPayVault/footer_NextButton' is clicked on&#xD;
&#xD;
2019-10-31 11:21:09 - [MESSAGE][PASSED] - Delayed 2 second(s)&#xD;
&#xD;
2019-10-31 11:21:11 - [MESSAGE][PASSED] - Delayed 1 second(s)&#xD;
&#xD;
2019-10-31 11:21:11 - [MESSAGE][PASSED] - Object: 'Object Repository/Pages/FirstPayVault/footer_NextButton' is clicked on&#xD;
&#xD;
2019-10-31 11:21:13 - [MESSAGE][PASSED] - Delayed 2 second(s)&#xD;
&#xD;
2019-10-31 11:21:14 - [MESSAGE][PASSED] - Delayed 1 second(s)&#xD;
&#xD;
2019-10-31 11:21:15 - [MESSAGE][PASSED] - Object: 'Object Repository/Pages/FirstPayVault/footer_NextButton' is clicked on&#xD;
&#xD;
2019-10-31 11:21:17 - [MESSAGE][PASSED] - Delayed 2 second(s)&#xD;
&#xD;
2019-10-31 11:21:18 - [MESSAGE][PASSED] - Delayed 1 second(s)&#xD;
&#xD;
2019-10-31 11:21:18 - [MESSAGE][PASSED] - Object: 'Object Repository/Pages/FirstPayVault/footer_NextButton' is clicked on&#xD;
&#xD;
2019-10-31 11:21:20 - [MESSAGE][PASSED] - Delayed 2 second(s)&#xD;
&#xD;
2019-10-31 11:21:22 - [MESSAGE][PASSED] - Delayed 1 second(s)&#xD;
&#xD;
2019-10-31 11:21:22 - [MESSAGE][PASSED] - Object: 'Object Repository/Pages/FirstPayVault/footer_NextButton' is clicked on&#xD;
&#xD;
2019-10-31 11:21:24 - [MESSAGE][PASSED] - Delayed 2 second(s)&#xD;
&#xD;
2019-10-31 11:21:25 - [MESSAGE][PASSED] - Delayed 1 second(s)&#xD;
&#xD;
2019-10-31 11:21:25 - [MESSAGE][PASSED] - Object: 'Object Repository/Pages/FirstPayVault/footer_NextButton' is clicked on&#xD;
&#xD;
2019-10-31 11:21:27 - [MESSAGE][PASSED] - Delayed 2 second(s)&#xD;
&#xD;
2019-10-31 11:21:29 - [MESSAGE][PASSED] - Delayed 1 second(s)&#xD;
&#xD;
2019-10-31 11:21:29 - [MESSAGE][PASSED] - Object: 'Object Repository/Pages/FirstPayVault/footer_NextButton' is clicked on&#xD;
&#xD;
2019-10-31 11:21:31 - [MESSAGE][PASSED] - Delayed 2 second(s)&#xD;
&#xD;
2019-10-31 11:21:32 - [MESSAGE][PASSED] - Delayed 1 second(s)&#xD;
&#xD;
2019-10-31 11:21:33 - [MESSAGE][PASSED] - Object: 'Object Repository/Pages/FirstPayVault/footer_NextButton' is clicked on&#xD;
&#xD;
2019-10-31 11:21:35 - [MESSAGE][PASSED] - Delayed 2 second(s)&#xD;
&#xD;
2019-10-31 11:21:36 - [MESSAGE][PASSED] - Delayed 1 second(s)&#xD;
&#xD;
2019-10-31 11:21:36 - [MESSAGE][PASSED] - Object: 'Object Repository/Pages/FirstPayVault/footer_NextButton' is clicked on&#xD;
&#xD;
2019-10-31 11:21:38 - [MESSAGE][PASSED] - Delayed 2 second(s)&#xD;
&#xD;
2019-10-31 11:21:39 - [MESSAGE][PASSED] - Delayed 1 second(s)&#xD;
&#xD;
2019-10-31 11:21:40 - [MESSAGE][PASSED] - Object: 'Object Repository/Pages/FirstPayVault/footer_NextButton' is clicked on&#xD;
&#xD;
2019-10-31 11:21:42 - [MESSAGE][PASSED] - Delayed 2 second(s)&#xD;
&#xD;
2019-10-31 11:21:43 - [MESSAGE][PASSED] - Delayed 1 second(s)&#xD;
&#xD;
2019-10-31 11:21:43 - [MESSAGE][PASSED] - Object: 'Object Repository/Pages/FirstPayVault/footer_NextButton' is clicked on&#xD;
&#xD;
2019-10-31 11:21:45 - [MESSAGE][PASSED] - Delayed 2 second(s)&#xD;
&#xD;
2019-10-31 11:21:47 - [MESSAGE][PASSED] - Delayed 1 second(s)&#xD;
&#xD;
2019-10-31 11:21:47 - [MESSAGE][PASSED] - Object: 'Object Repository/Pages/FirstPayVault/footer_NextButton' is clicked on&#xD;
&#xD;
2019-10-31 11:21:49 - [MESSAGE][PASSED] - Delayed 2 second(s)&#xD;
&#xD;
2019-10-31 11:21:50 - [MESSAGE][PASSED] - Delayed 1 second(s)&#xD;
&#xD;
2019-10-31 11:21:50 - [MESSAGE][PASSED] - Object: 'Object Repository/Pages/FirstPayVault/footer_NextButton' is clicked on&#xD;
&#xD;
2019-10-31 11:21:52 - [MESSAGE][PASSED] - Delayed 2 second(s)&#xD;
&#xD;
2019-10-31 11:21:54 - [MESSAGE][PASSED] - Delayed 1 second(s)&#xD;
&#xD;
2019-10-31 11:21:54 - [MESSAGE][PASSED] - Object: 'Object Repository/Pages/FirstPayVault/footer_NextButton' is clicked on&#xD;
&#xD;
2019-10-31 11:21:56 - [MESSAGE][PASSED] - Delayed 2 second(s)&#xD;
&#xD;
2019-10-31 11:21:57 - [MESSAGE][PASSED] - Delayed 1 second(s)&#xD;
&#xD;
2019-10-31 11:21:57 - [MESSAGE][PASSED] - Object: 'Object Repository/Pages/FirstPayVault/footer_NextButton' is clicked on&#xD;
&#xD;
2019-10-31 11:21:59 - [MESSAGE][PASSED] - Delayed 2 second(s)&#xD;
&#xD;
2019-10-31 11:22:01 - [MESSAGE][PASSED] - Delayed 1 second(s)&#xD;
&#xD;
2019-10-31 11:22:01 - [MESSAGE][PASSED] - Object: 'Object Repository/Pages/FirstPayVault/footer_NextButton' is clicked on&#xD;
&#xD;
2019-10-31 11:22:03 - [MESSAGE][PASSED] - Delayed 2 second(s)&#xD;
&#xD;
2019-10-31 11:22:03 - [MESSAGE][PASSED] - All filtered Records have expected card Number&#xD;
&#xD;
2019-10-31 11:22:03 - [TEST_STEP][NOT_RUN] - delay(2): NOT_RUN: delay(2)&#xD;
&#xD;
2019-10-31 11:22:03 - [MESSAGE][NOT_RUN] - NOT_RUN: delay(2)&#xD;
&#xD;
2019-10-31 11:22:03 - [TEST_STEP][PASSED] - closeBrowser(): Browser is closed&#xD;
&#xD;
2019-10-31 11:22:05 - [MESSAGE][PASSED] - Browser is closed&#xD;
&#xD;
2019-10-31 11:22:05 - [TEST_STEP][PASSED] - Start listener action : sampleAfterTestCase: null&#xD;
&#xD;
2019-10-31 11:22:05 - [TEST_STEP][PASSED] - println(testCaseContext.getTestCaseId()): null&#xD;
&#xD;
2019-10-31 11:22:05 - [TEST_STEP][PASSED] - println(testCaseContext.getTestCaseStatus()): null&#xD;
&#xD;
2019-10-31 11:22:05 - [TEST_STEP][PASSED] - testCaseName = testCaseContext.getTestCaseId(): null&#xD;
&#xD;
2019-10-31 11:22:05 - [TEST_STEP][PASSED] - strCount = testCaseName.lastIndexOf("/"): null&#xD;
&#xD;
2019-10-31 11:22:05 - [TEST_STEP][PASSED] - testCaseName = testCaseName.substring(strCount): null&#xD;
&#xD;
2019-10-31 11:22:05 - [TEST_STEP][PASSED] - println(testCaseName): null&#xD;
&#xD;
2019-10-31 11:22:05 - [TEST_STEP][PASSED] - if (getTestCaseStatus().equalsIgnoreCase("Error")): null&#xD;
&#xD;
2019-10-31 11:22:05 - [TEST_STEP][PASSED] - Start listener action : sampleAfterTestCase: null</system-out>
            <system-err></system-err>
        </testcase>
        <testcase name="Test Cases/FirstView/FirstPayVault/TC_1st_Pay_Vault_011" classname="Test Cases/FirstView/FirstPayVault/TC_1st_Pay_Vault_011" status="PASSED">
            <system-out>2019-10-31 11:22:05 - [TEST_CASE][PASSED] - Test Cases/FirstView/FirstPayVault/TC_1st_Pay_Vault_011: Test Cases/FirstView/FirstPayVault/TC_1st_Pay_Vault_011&#xD;
&#xD;
2019-10-31 11:22:05 - [TEST_STEP][PASSED] - Start listener action : sampleBeforeTestCase: null&#xD;
&#xD;
2019-10-31 11:22:05 - [TEST_STEP][PASSED] - println(testCaseContext.getTestCaseId()): null&#xD;
&#xD;
2019-10-31 11:22:05 - [TEST_STEP][PASSED] - println(testCaseContext.getTestCaseVariables()): null&#xD;
&#xD;
2019-10-31 11:22:06 - [TEST_STEP][NOT_RUN] - utilities.SafeActions.openBrowser(Old_URL, [PageLoadTime]): NOT_RUN: utilities.SafeActions.openBrowser(Old_URL, [PageLoadTime])&#xD;
&#xD;
2019-10-31 11:22:06 - [MESSAGE][NOT_RUN] - NOT_RUN: utilities.SafeActions.openBrowser(Old_URL, [PageLoadTime])&#xD;
&#xD;
2019-10-31 11:22:06 - [TEST_STEP][NOT_RUN] - delay(6): NOT_RUN: delay(6)&#xD;
&#xD;
2019-10-31 11:22:06 - [MESSAGE][NOT_RUN] - NOT_RUN: delay(6)&#xD;
&#xD;
2019-10-31 11:22:06 - [TEST_STEP][NOT_RUN] - utilities.SafeActions.safeSelectOptionInDropDownByVisibleText(findTestObject("Pages/Sale/dropDown_AccountType"), "ranjanatest2 - 888814981372/001 Account Type: Retail", "Select by Value", [25]): NOT_RUN: utilities.SafeActions.safeSelectOptionInDropDownByVisibleText(findTestObject("Pages/Sale/dropDown_AccountType"), "ranjanatest2 - 888814981372/001 Account Type: Retail", "Select by Value", [25])&#xD;
&#xD;
2019-10-31 11:22:06 - [MESSAGE][NOT_RUN] - NOT_RUN: utilities.SafeActions.safeSelectOptionInDropDownByVisibleText(findTestObject("Pages/Sale/dropDown_AccountType"), "ranjanatest2 - 888814981372/001 Account Type: Retail", "Select by Value", [25])&#xD;
&#xD;
2019-10-31 11:22:06 - [TEST_STEP][PASSED] - utilities.SafeActions.openBrowser(URL, [PageLoadTime]): utilities.SafeActions.openBrowser is PASSED&#xD;
&#xD;
2019-10-31 11:22:06 - [MESSAGE][INFO] - Opening Browser&#xD;
&#xD;
2019-10-31 11:22:06 - [MESSAGE][INFO] - Starting 'Firefox' driver&#xD;
&#xD;
2019-10-31 11:22:15 - [MESSAGE][PASSED] - Browser is opened with url: 'https://q-www-firstview-net.faps.net/MVC/Account/Login'&#xD;
&#xD;
2019-10-31 11:22:15 - [MESSAGE][PASSED] - Current window maximized&#xD;
&#xD;
2019-10-31 11:22:15 - [MESSAGE][INFO] - Browser Launched Successfully&#xD;
&#xD;
2019-10-31 11:22:15 - [MESSAGE][PASSED] - utilities.SafeActions.openBrowser is PASSED&#xD;
&#xD;
2019-10-31 11:22:15 - [TEST_STEP][PASSED] - pages.Login.login(uName, password): pages.Login.login is PASSED&#xD;
&#xD;
2019-10-31 11:22:16 - [MESSAGE][PASSED] - Object 'Object Repository/Pages/Login/userName' is present&#xD;
&#xD;
2019-10-31 11:22:16 - [MESSAGE][PASSED] - Scroll to object 'Object Repository/Pages/Login/userName' successfully&#xD;
&#xD;
2019-10-31 11:22:16 - [MESSAGE][PASSED] - Object 'Object Repository/Pages/Login/userName' is present&#xD;
&#xD;
2019-10-31 11:22:16 - [MESSAGE][PASSED] - Object: 'Object Repository/Pages/Login/userName' is clicked on&#xD;
&#xD;
2019-10-31 11:22:16 - [MESSAGE][PASSED] - Text 'ZenQRetail' is set on object 'Object Repository/Pages/Login/userName'&#xD;
&#xD;
2019-10-31 11:22:17 - [MESSAGE][PASSED] - Object 'Object Repository/Pages/Login/password' is present&#xD;
&#xD;
2019-10-31 11:22:17 - [MESSAGE][PASSED] - Scroll to object 'Object Repository/Pages/Login/password' successfully&#xD;
&#xD;
2019-10-31 11:22:17 - [MESSAGE][PASSED] - Object 'Object Repository/Pages/Login/password' is present&#xD;
&#xD;
2019-10-31 11:22:17 - [MESSAGE][PASSED] - Object: 'Object Repository/Pages/Login/password' is clicked on&#xD;
&#xD;
2019-10-31 11:22:17 - [MESSAGE][PASSED] - Text 'P@ssword1' is set on object 'Object Repository/Pages/Login/password'&#xD;
&#xD;
2019-10-31 11:22:18 - [MESSAGE][INFO] - Safe Click Without scroll&#xD;
&#xD;
2019-10-31 11:22:18 - [MESSAGE][INFO] - 1stPayVault.ts:waiting until Click on Login is Clickable&#xD;
&#xD;
2019-10-31 11:22:18 - [MESSAGE][PASSED] - Object 'Object Repository/Pages/Login/login' is clickable&#xD;
&#xD;
2019-10-31 11:22:18 - [MESSAGE][PASSED] - Object 'Object Repository/Pages/Login/login' is visible&#xD;
&#xD;
2019-10-31 11:22:20 - [MESSAGE][PASSED] - Object: 'Object Repository/Pages/Login/login' is clicked on&#xD;
&#xD;
2019-10-31 11:22:20 - [MESSAGE][INFO] - 1stPayVault.ts: click on the Click on Login&#xD;
&#xD;
2019-10-31 11:22:20 - [MESSAGE][PASSED] - pages.Login.login is PASSED&#xD;
&#xD;
2019-10-31 11:22:20 - [TEST_STEP][PASSED] - callTestCase(findTestCase("FirstView/Login/TC_SendCode"), [:], STOP_ON_FAILURE): Call Test Case 'Test Cases/FirstView/Login/TC_SendCode' successfully&#xD;
&#xD;
2019-10-31 11:22:20 - [TEST_CASE][PASSED] - Test Cases/FirstView/Login/TC_SendCode: Test Cases/FirstView/Login/TC_SendCode&#xD;
&#xD;
2019-10-31 11:22:20 - [TEST_STEP][PASSED] - flag = pages.SendCode.verifyPage(): pages.SendCode.verifyPage is PASSED&#xD;
&#xD;
2019-10-31 11:22:20 - [MESSAGE][PASSED] - Object 'Object Repository/Pages/SendCodeToValidate/header_SendCodeToValidate' is present and visible in viewport&#xD;
&#xD;
2019-10-31 11:22:20 - [MESSAGE][PASSED] - pages.SendCode.verifyPage is PASSED&#xD;
&#xD;
2019-10-31 11:22:20 - [TEST_STEP][PASSED] - if (flag): pages.SendCode.clickonUserSettings is PASSED&#xD;
&#xD;
2019-10-31 11:22:20 - [TEST_STEP][PASSED] - pages.SendCode.clickonUserSettings(): pages.SendCode.clickonUserSettings is PASSED&#xD;
&#xD;
2019-10-31 11:22:20 - [MESSAGE][PASSED] - Object 'Object Repository/Pages/SendCodeToValidate/link_UserSettings' is present&#xD;
&#xD;
2019-10-31 11:22:20 - [MESSAGE][PASSED] - Object 'Object Repository/Pages/SendCodeToValidate/link_UserSettings' is visible&#xD;
&#xD;
2019-10-31 11:22:20 - [MESSAGE][INFO] - 1stPayVault.ts:waiting until Click on User Settings is Clickable&#xD;
&#xD;
2019-10-31 11:22:20 - [MESSAGE][PASSED] - Object 'Object Repository/Pages/SendCodeToValidate/link_UserSettings' is clickable&#xD;
&#xD;
2019-10-31 11:22:20 - [MESSAGE][PASSED] - Object 'Object Repository/Pages/SendCodeToValidate/link_UserSettings' is visible&#xD;
&#xD;
2019-10-31 11:22:23 - [MESSAGE][PASSED] - Object: 'Object Repository/Pages/SendCodeToValidate/link_UserSettings' is clicked on&#xD;
&#xD;
2019-10-31 11:22:23 - [MESSAGE][INFO] - 1stPayVault.ts: Clicked on the Click on User Settings&#xD;
&#xD;
2019-10-31 11:22:23 - [MESSAGE][PASSED] - pages.SendCode.clickonUserSettings is PASSED&#xD;
&#xD;
2019-10-31 11:22:23 - [MESSAGE][PASSED] - Call Test Case 'Test Cases/FirstView/Login/TC_SendCode' successfully&#xD;
&#xD;
2019-10-31 11:22:23 - [TEST_STEP][PASSED] - callTestCase(findTestCase("FirstView/Login/TC_FirstView"), [:], STOP_ON_FAILURE): Call Test Case 'Test Cases/FirstView/Login/TC_FirstView' successfully&#xD;
&#xD;
2019-10-31 11:22:23 - [TEST_CASE][PASSED] - Test Cases/FirstView/Login/TC_FirstView: Test Cases/FirstView/Login/TC_FirstView&#xD;
&#xD;
2019-10-31 11:22:23 - [TEST_STEP][NOT_RUN] - utilities.SafeActions.safeClickWithoutScroll(findTestObject("Pages/FirstView/link_Home"), "Click on Home button in First View screen", [PageLoadTime]): NOT_RUN: utilities.SafeActions.safeClickWithoutScroll(findTestObject("Pages/FirstView/link_Home"), "Click on Home button in First View screen", [PageLoadTime])&#xD;
&#xD;
2019-10-31 11:22:23 - [MESSAGE][NOT_RUN] - NOT_RUN: utilities.SafeActions.safeClickWithoutScroll(findTestObject("Pages/FirstView/link_Home"), "Click on Home button in First View screen", [PageLoadTime])&#xD;
&#xD;
2019-10-31 11:22:23 - [TEST_STEP][PASSED] - delay(3): Delayed 3 second(s)&#xD;
&#xD;
2019-10-31 11:22:26 - [MESSAGE][PASSED] - Delayed 3 second(s)&#xD;
&#xD;
2019-10-31 11:22:26 - [TEST_STEP][PASSED] - utilities.SafeActions.javascriptclick(findTestObject("Pages/FirstView/link_Home"), delayForElement): utilities.SafeActions.javascriptclick is PASSED&#xD;
&#xD;
2019-10-31 11:22:26 - [MESSAGE][PASSED] - utilities.SafeActions.javascriptclick is PASSED&#xD;
&#xD;
2019-10-31 11:22:26 - [TEST_STEP][PASSED] - utilities.SafeActions.safeClickWithoutScroll(findTestObject("Pages/FirstView/link_VPOS"), "Click on VPOS button in First View screen", [PageLoadTime]): utilities.SafeActions.safeClickWithoutScroll is PASSED&#xD;
&#xD;
2019-10-31 11:22:26 - [MESSAGE][INFO] - Safe Click Without scroll&#xD;
&#xD;
2019-10-31 11:22:26 - [MESSAGE][INFO] - 1stPayVault.ts:waiting until Click on VPOS button in First View screen is Clickable&#xD;
&#xD;
2019-10-31 11:22:27 - [MESSAGE][PASSED] - Object 'Object Repository/Pages/FirstView/link_VPOS' is clickable&#xD;
&#xD;
2019-10-31 11:22:27 - [MESSAGE][PASSED] - Object 'Object Repository/Pages/FirstView/link_VPOS' is visible&#xD;
&#xD;
2019-10-31 11:22:28 - [MESSAGE][PASSED] - Object: 'Object Repository/Pages/FirstView/link_VPOS' is clicked on&#xD;
&#xD;
2019-10-31 11:22:28 - [MESSAGE][INFO] - 1stPayVault.ts: click on the Click on VPOS button in First View screen&#xD;
&#xD;
2019-10-31 11:22:28 - [MESSAGE][PASSED] - utilities.SafeActions.safeClickWithoutScroll is PASSED&#xD;
&#xD;
2019-10-31 11:22:28 - [MESSAGE][PASSED] - Call Test Case 'Test Cases/FirstView/Login/TC_FirstView' successfully&#xD;
&#xD;
2019-10-31 11:22:28 - [TEST_STEP][PASSED] - switchToWindowTitle("Transcenter - VPOS"): Switched to window with title: 'Transcenter - VPOS'&#xD;
&#xD;
2019-10-31 11:22:33 - [MESSAGE][PASSED] - Switched to window with title: 'Transcenter - VPOS'&#xD;
&#xD;
2019-10-31 11:22:33 - [TEST_STEP][PASSED] - focus(findTestObject("Pages/FirstPayVault/tab_FirstPayVault")): Object: 'Object Repository/Pages/FirstPayVault/tab_FirstPayVault' is focused&#xD;
&#xD;
2019-10-31 11:22:35 - [MESSAGE][PASSED] - Object: 'Object Repository/Pages/FirstPayVault/tab_FirstPayVault' is focused&#xD;
&#xD;
2019-10-31 11:22:35 - [TEST_STEP][PASSED] - utilities.SafeActions.javascriptclick(findTestObject("Pages/FirstPayVault/tab_FirstPayVault"), PageLoadTime): utilities.SafeActions.javascriptclick is PASSED&#xD;
&#xD;
2019-10-31 11:22:36 - [MESSAGE][PASSED] - utilities.SafeActions.javascriptclick is PASSED&#xD;
&#xD;
2019-10-31 11:22:36 - [TEST_STEP][PASSED] - delay(delayForElement): Delayed 6 second(s)&#xD;
&#xD;
2019-10-31 11:22:42 - [MESSAGE][PASSED] - Delayed 6 second(s)&#xD;
&#xD;
2019-10-31 11:22:42 - [TEST_STEP][PASSED] - utilities.SafeActions.safeClickWithoutScroll(findTestObject("Pages/FirstPayVault/tab_FirstPayVault"), "Click on FistPayVault tab", [delayForElement]): utilities.SafeActions.safeClickWithoutScroll is PASSED&#xD;
&#xD;
2019-10-31 11:22:42 - [MESSAGE][INFO] - Safe Click Without scroll&#xD;
&#xD;
2019-10-31 11:22:42 - [MESSAGE][INFO] - 1stPayVault.ts:waiting until Click on FistPayVault tab is Clickable&#xD;
&#xD;
2019-10-31 11:22:42 - [MESSAGE][PASSED] - Object 'Object Repository/Pages/FirstPayVault/tab_FirstPayVault' is clickable&#xD;
&#xD;
2019-10-31 11:22:42 - [MESSAGE][PASSED] - Object 'Object Repository/Pages/FirstPayVault/tab_FirstPayVault' is visible&#xD;
&#xD;
2019-10-31 11:22:42 - [MESSAGE][PASSED] - Object: 'Object Repository/Pages/FirstPayVault/tab_FirstPayVault' is clicked on&#xD;
&#xD;
2019-10-31 11:22:42 - [MESSAGE][INFO] - 1stPayVault.ts: click on the Click on FistPayVault tab&#xD;
&#xD;
2019-10-31 11:22:42 - [MESSAGE][PASSED] - utilities.SafeActions.safeClickWithoutScroll is PASSED&#xD;
&#xD;
2019-10-31 11:22:42 - [TEST_STEP][PASSED] - utilities.SafeActions.safeClickWithoutScroll(findTestObject("Pages/FirstPayVault/button_CreateVault"), "Click on CreateVault button", [PageLoadTime]): utilities.SafeActions.safeClickWithoutScroll is PASSED&#xD;
&#xD;
2019-10-31 11:22:43 - [MESSAGE][INFO] - Safe Click Without scroll&#xD;
&#xD;
2019-10-31 11:22:43 - [MESSAGE][INFO] - 1stPayVault.ts:waiting until Click on CreateVault button is Clickable&#xD;
&#xD;
2019-10-31 11:22:43 - [MESSAGE][PASSED] - Object 'Object Repository/Pages/FirstPayVault/button_CreateVault' is clickable&#xD;
&#xD;
2019-10-31 11:22:43 - [MESSAGE][PASSED] - Object 'Object Repository/Pages/FirstPayVault/button_CreateVault' is visible&#xD;
&#xD;
2019-10-31 11:22:44 - [MESSAGE][PASSED] - Object: 'Object Repository/Pages/FirstPayVault/button_CreateVault' is clicked on&#xD;
&#xD;
2019-10-31 11:22:44 - [MESSAGE][INFO] - 1stPayVault.ts: click on the Click on CreateVault button&#xD;
&#xD;
2019-10-31 11:22:44 - [MESSAGE][PASSED] - utilities.SafeActions.safeClickWithoutScroll is PASSED&#xD;
&#xD;
2019-10-31 11:22:44 - [TEST_STEP][PASSED] - scrollToElement(findTestObject("Pages/FirstPayVault/input_VaultReferenceNumber"), 5): Scroll to object 'Object Repository/Pages/FirstPayVault/input_VaultReferenceNumber' successfully&#xD;
&#xD;
2019-10-31 11:22:44 - [MESSAGE][PASSED] - Scroll to object 'Object Repository/Pages/FirstPayVault/input_VaultReferenceNumber' successfully&#xD;
&#xD;
2019-10-31 11:22:44 - [TEST_STEP][PASSED] - vaultReference = utilities.SafeActions.timeWithMilliSeconds(): utilities.SafeActions.timeWithMilliSeconds is PASSED&#xD;
&#xD;
2019-10-31 11:22:44 - [MESSAGE][PASSED] - utilities.SafeActions.timeWithMilliSeconds is PASSED&#xD;
&#xD;
2019-10-31 11:22:44 - [TEST_STEP][PASSED] - utilities.SafeActions.safeType(findTestObject("Pages/FirstPayVault/input_VaultReferenceNumber"), vaultReference, "Entering Vault Reference Number", [PageLoadTime]): utilities.SafeActions.safeType is PASSED&#xD;
&#xD;
2019-10-31 11:22:44 - [MESSAGE][PASSED] - Object 'Object Repository/Pages/FirstPayVault/input_VaultReferenceNumber' is present&#xD;
&#xD;
2019-10-31 11:22:44 - [MESSAGE][PASSED] - Scroll to object 'Object Repository/Pages/FirstPayVault/input_VaultReferenceNumber' successfully&#xD;
&#xD;
2019-10-31 11:22:44 - [MESSAGE][PASSED] - Object 'Object Repository/Pages/FirstPayVault/input_VaultReferenceNumber' is present&#xD;
&#xD;
2019-10-31 11:22:45 - [MESSAGE][PASSED] - Object: 'Object Repository/Pages/FirstPayVault/input_VaultReferenceNumber' is clicked on&#xD;
&#xD;
2019-10-31 11:22:45 - [MESSAGE][PASSED] - Text '2019-10-31 11:22:44.222' is set on object 'Object Repository/Pages/FirstPayVault/input_VaultReferenceNumber'&#xD;
&#xD;
2019-10-31 11:22:45 - [MESSAGE][PASSED] - utilities.SafeActions.safeType is PASSED&#xD;
&#xD;
2019-10-31 11:22:45 - [TEST_STEP][PASSED] - utilities.SafeActions.safeType(findTestObject("Pages/FirstPayVault/input_CreditCardNumber"), visaCardNumber, "Entering Card Number", [PageLoadTime]): utilities.SafeActions.safeType is PASSED&#xD;
&#xD;
2019-10-31 11:22:45 - [MESSAGE][PASSED] - Object 'Object Repository/Pages/FirstPayVault/input_CreditCardNumber' is present&#xD;
&#xD;
2019-10-31 11:22:45 - [MESSAGE][PASSED] - Scroll to object 'Object Repository/Pages/FirstPayVault/input_CreditCardNumber' successfully&#xD;
&#xD;
2019-10-31 11:22:45 - [MESSAGE][PASSED] - Object 'Object Repository/Pages/FirstPayVault/input_CreditCardNumber' is present&#xD;
&#xD;
2019-10-31 11:22:46 - [MESSAGE][PASSED] - Object: 'Object Repository/Pages/FirstPayVault/input_CreditCardNumber' is clicked on&#xD;
&#xD;
2019-10-31 11:22:46 - [MESSAGE][PASSED] - Text '4111111111111111' is set on object 'Object Repository/Pages/FirstPayVault/input_CreditCardNumber'&#xD;
&#xD;
2019-10-31 11:22:46 - [MESSAGE][PASSED] - utilities.SafeActions.safeType is PASSED&#xD;
&#xD;
2019-10-31 11:22:46 - [TEST_STEP][NOT_RUN] - delay(4): NOT_RUN: delay(4)&#xD;
&#xD;
2019-10-31 11:22:46 - [MESSAGE][NOT_RUN] - NOT_RUN: delay(4)&#xD;
&#xD;
2019-10-31 11:22:46 - [TEST_STEP][PASSED] - utilities.SafeActions.safeSelectOptionInDropDownByVisibleText(findTestObject("Pages/FirstPayVault/dropDown_ExpirationMonth"), cardMonth, "Expiration Month", [PageLoadTime]): utilities.SafeActions.safeSelectOptionInDropDownByVisibleText is PASSED&#xD;
&#xD;
2019-10-31 11:22:46 - [MESSAGE][PASSED] - Object 'Object Repository/Pages/FirstPayVault/dropDown_ExpirationMonth' is visible&#xD;
&#xD;
2019-10-31 11:22:46 - [MESSAGE][PASSED] - Object 'Object Repository/Pages/FirstPayVault/dropDown_ExpirationMonth' is present&#xD;
&#xD;
2019-10-31 11:22:47 - [MESSAGE][PASSED] - Object: 'Object Repository/Pages/FirstPayVault/dropDown_ExpirationMonth' is clicked on&#xD;
&#xD;
2019-10-31 11:22:47 - [MESSAGE][PASSED] - All options with label 'September' are selected in object 'Object Repository/Pages/FirstPayVault/dropDown_ExpirationMonth' &#xD;
&#xD;
2019-10-31 11:22:47 - [MESSAGE][PASSED] - utilities.SafeActions.safeSelectOptionInDropDownByVisibleText is PASSED&#xD;
&#xD;
2019-10-31 11:22:47 - [TEST_STEP][PASSED] - utilities.SafeActions.safeSelectOptionInDropDownByVisibleText(findTestObject("Pages/FirstPayVault/dropDown_ExpirationYear"), cardYear, "year", [PageLoadTime]): utilities.SafeActions.safeSelectOptionInDropDownByVisibleText is PASSED&#xD;
&#xD;
2019-10-31 11:22:47 - [MESSAGE][PASSED] - Object 'Object Repository/Pages/FirstPayVault/dropDown_ExpirationYear' is visible&#xD;
&#xD;
2019-10-31 11:22:47 - [MESSAGE][PASSED] - Object 'Object Repository/Pages/FirstPayVault/dropDown_ExpirationYear' is present&#xD;
&#xD;
2019-10-31 11:22:48 - [MESSAGE][PASSED] - Object: 'Object Repository/Pages/FirstPayVault/dropDown_ExpirationYear' is clicked on&#xD;
&#xD;
2019-10-31 11:22:48 - [MESSAGE][PASSED] - All options with label '2032' are selected in object 'Object Repository/Pages/FirstPayVault/dropDown_ExpirationYear' &#xD;
&#xD;
2019-10-31 11:22:48 - [MESSAGE][PASSED] - utilities.SafeActions.safeSelectOptionInDropDownByVisibleText is PASSED&#xD;
&#xD;
2019-10-31 11:22:48 - [TEST_STEP][NOT_RUN] - delay(2): NOT_RUN: delay(2)&#xD;
&#xD;
2019-10-31 11:22:48 - [MESSAGE][NOT_RUN] - NOT_RUN: delay(2)&#xD;
&#xD;
2019-10-31 11:22:48 - [TEST_STEP][PASSED] - utilities.SafeActions.safeType(findTestObject("Pages/FirstPayVault/input_ContactName"), customerName, "Enter Contact Name", [PageLoadTime]): utilities.SafeActions.safeType is PASSED&#xD;
&#xD;
2019-10-31 11:22:48 - [MESSAGE][PASSED] - Object 'Object Repository/Pages/FirstPayVault/input_ContactName' is present&#xD;
&#xD;
2019-10-31 11:22:48 - [MESSAGE][PASSED] - Scroll to object 'Object Repository/Pages/FirstPayVault/input_ContactName' successfully&#xD;
&#xD;
2019-10-31 11:22:48 - [MESSAGE][PASSED] - Object 'Object Repository/Pages/FirstPayVault/input_ContactName' is present&#xD;
&#xD;
2019-10-31 11:22:49 - [MESSAGE][PASSED] - Object: 'Object Repository/Pages/FirstPayVault/input_ContactName' is clicked on&#xD;
&#xD;
2019-10-31 11:22:49 - [MESSAGE][PASSED] - Text 'Venkata Sai' is set on object 'Object Repository/Pages/FirstPayVault/input_ContactName'&#xD;
&#xD;
2019-10-31 11:22:49 - [MESSAGE][PASSED] - utilities.SafeActions.safeType is PASSED&#xD;
&#xD;
2019-10-31 11:22:49 - [TEST_STEP][PASSED] - utilities.SafeActions.safeType(findTestObject("Pages/FirstPayVault/input_PostalCode"), postalCode, "Enter Postal Code", [PageLoadTime]): utilities.SafeActions.safeType is PASSED&#xD;
&#xD;
2019-10-31 11:22:49 - [MESSAGE][PASSED] - Object 'Object Repository/Pages/FirstPayVault/input_PostalCode' is present&#xD;
&#xD;
2019-10-31 11:22:49 - [MESSAGE][PASSED] - Scroll to object 'Object Repository/Pages/FirstPayVault/input_PostalCode' successfully&#xD;
&#xD;
2019-10-31 11:22:49 - [MESSAGE][PASSED] - Object 'Object Repository/Pages/FirstPayVault/input_PostalCode' is present&#xD;
&#xD;
2019-10-31 11:22:50 - [MESSAGE][PASSED] - Object: 'Object Repository/Pages/FirstPayVault/input_PostalCode' is clicked on&#xD;
&#xD;
2019-10-31 11:22:50 - [MESSAGE][PASSED] - Text '76102' is set on object 'Object Repository/Pages/FirstPayVault/input_PostalCode'&#xD;
&#xD;
2019-10-31 11:22:50 - [MESSAGE][PASSED] - utilities.SafeActions.safeType is PASSED&#xD;
&#xD;
2019-10-31 11:22:50 - [TEST_STEP][PASSED] - utilities.SafeActions.safeType(findTestObject("Pages/FirstPayVault/input_Address"), address, "Enter ddress", [PageLoadTime]): utilities.SafeActions.safeType is PASSED&#xD;
&#xD;
2019-10-31 11:22:50 - [MESSAGE][PASSED] - Object 'Object Repository/Pages/FirstPayVault/input_Address' is present&#xD;
&#xD;
2019-10-31 11:22:50 - [MESSAGE][PASSED] - Scroll to object 'Object Repository/Pages/FirstPayVault/input_Address' successfully&#xD;
&#xD;
2019-10-31 11:22:50 - [MESSAGE][PASSED] - Object 'Object Repository/Pages/FirstPayVault/input_Address' is present&#xD;
&#xD;
2019-10-31 11:22:51 - [MESSAGE][PASSED] - Object: 'Object Repository/Pages/FirstPayVault/input_Address' is clicked on&#xD;
&#xD;
2019-10-31 11:22:51 - [MESSAGE][PASSED] - Text 'Street123' is set on object 'Object Repository/Pages/FirstPayVault/input_Address'&#xD;
&#xD;
2019-10-31 11:22:51 - [MESSAGE][PASSED] - utilities.SafeActions.safeType is PASSED&#xD;
&#xD;
2019-10-31 11:22:51 - [TEST_STEP][PASSED] - utilities.SafeActions.safeCheckForElement(findTestObject("Pages/FirstPayVault/chekBox_AddShippingInformation"), PageLoadTime): utilities.SafeActions.safeCheckForElement is PASSED&#xD;
&#xD;
2019-10-31 11:22:51 - [MESSAGE][PASSED] - Object 'Object Repository/Pages/FirstPayVault/chekBox_AddShippingInformation' is present&#xD;
&#xD;
2019-10-31 11:22:51 - [MESSAGE][PASSED] - Object 'Object Repository/Pages/FirstPayVault/chekBox_AddShippingInformation' is visible&#xD;
&#xD;
2019-10-31 11:22:51 - [MESSAGE][PASSED] - Object 'Object Repository/Pages/FirstPayVault/chekBox_AddShippingInformation' is present&#xD;
&#xD;
2019-10-31 11:22:52 - [MESSAGE][PASSED] - Object 'Object Repository/Pages/FirstPayVault/chekBox_AddShippingInformation' is checked&#xD;
&#xD;
2019-10-31 11:22:52 - [MESSAGE][PASSED] - utilities.SafeActions.safeCheckForElement is PASSED&#xD;
&#xD;
2019-10-31 11:22:52 - [TEST_STEP][PASSED] - utilities.SafeActions.safeType(findTestObject("Pages/FirstPayVault/input_ShippingMethod"), shippingMethod, "Enter Shipping Method", [PageLoadTime]): utilities.SafeActions.safeType is PASSED&#xD;
&#xD;
2019-10-31 11:22:52 - [MESSAGE][PASSED] - Object 'Object Repository/Pages/FirstPayVault/input_ShippingMethod' is present&#xD;
&#xD;
2019-10-31 11:22:52 - [MESSAGE][PASSED] - Scroll to object 'Object Repository/Pages/FirstPayVault/input_ShippingMethod' successfully&#xD;
&#xD;
2019-10-31 11:22:52 - [MESSAGE][PASSED] - Object 'Object Repository/Pages/FirstPayVault/input_ShippingMethod' is present&#xD;
&#xD;
2019-10-31 11:22:53 - [MESSAGE][PASSED] - Object: 'Object Repository/Pages/FirstPayVault/input_ShippingMethod' is clicked on&#xD;
&#xD;
2019-10-31 11:22:53 - [MESSAGE][PASSED] - Text 'DTDC' is set on object 'Object Repository/Pages/FirstPayVault/input_ShippingMethod'&#xD;
&#xD;
2019-10-31 11:22:53 - [MESSAGE][PASSED] - utilities.SafeActions.safeType is PASSED&#xD;
&#xD;
2019-10-31 11:22:53 - [TEST_STEP][PASSED] - utilities.SafeActions.safeCheckForElement(findTestObject("Pages/FirstPayVault/checkbox_SameAsBillingInformation"), PageLoadTime): utilities.SafeActions.safeCheckForElement is PASSED&#xD;
&#xD;
2019-10-31 11:22:53 - [MESSAGE][PASSED] - Object 'Object Repository/Pages/FirstPayVault/checkbox_SameAsBillingInformation' is present&#xD;
&#xD;
2019-10-31 11:22:53 - [MESSAGE][PASSED] - Object 'Object Repository/Pages/FirstPayVault/checkbox_SameAsBillingInformation' is visible&#xD;
&#xD;
2019-10-31 11:22:53 - [MESSAGE][PASSED] - Object 'Object Repository/Pages/FirstPayVault/checkbox_SameAsBillingInformation' is present&#xD;
&#xD;
2019-10-31 11:22:54 - [MESSAGE][PASSED] - Object 'Object Repository/Pages/FirstPayVault/checkbox_SameAsBillingInformation' is checked&#xD;
&#xD;
2019-10-31 11:22:54 - [MESSAGE][PASSED] - utilities.SafeActions.safeCheckForElement is PASSED&#xD;
&#xD;
2019-10-31 11:22:54 - [TEST_STEP][PASSED] - utilities.SafeActions.safeClickwithScroll(findTestObject("Pages/FirstPayVault/button_Create"), "Click on Create Button", [PageLoadTime]): utilities.SafeActions.safeClickwithScroll is PASSED&#xD;
&#xD;
2019-10-31 11:22:54 - [MESSAGE][PASSED] - Object 'Object Repository/Pages/FirstPayVault/button_Create' is present&#xD;
&#xD;
2019-10-31 11:22:54 - [MESSAGE][PASSED] - Object 'Object Repository/Pages/FirstPayVault/button_Create' is visible&#xD;
&#xD;
2019-10-31 11:22:54 - [MESSAGE][INFO] - 1stPayVault.ts:waiting until Click on Create Button is Clickable&#xD;
&#xD;
2019-10-31 11:22:54 - [MESSAGE][PASSED] - Object 'Object Repository/Pages/FirstPayVault/button_Create' is clickable&#xD;
&#xD;
2019-10-31 11:22:54 - [MESSAGE][PASSED] - Object 'Object Repository/Pages/FirstPayVault/button_Create' is visible&#xD;
&#xD;
2019-10-31 11:22:55 - [MESSAGE][PASSED] - Object: 'Object Repository/Pages/FirstPayVault/button_Create' is clicked on&#xD;
&#xD;
2019-10-31 11:22:55 - [MESSAGE][INFO] - 1stPayVault.ts: Clicked on the Click on Create Button&#xD;
&#xD;
2019-10-31 11:22:55 - [MESSAGE][PASSED] - utilities.SafeActions.safeClickwithScroll is PASSED&#xD;
&#xD;
2019-10-31 11:22:55 - [TEST_STEP][PASSED] - delay(2): Delayed 2 second(s)&#xD;
&#xD;
2019-10-31 11:22:57 - [MESSAGE][PASSED] - Delayed 2 second(s)&#xD;
&#xD;
2019-10-31 11:22:57 - [TEST_STEP][PASSED] - popupSavedToVaultMessage = utilities.SafeActions.safeGetText(findTestObject("Pages/FirstPayVault/popup_SavedToVaultMessage"), PageLoadTime): utilities.SafeActions.safeGetText is PASSED&#xD;
&#xD;
2019-10-31 11:22:57 - [MESSAGE][PASSED] - Object 'Object Repository/Pages/FirstPayVault/popup_SavedToVaultMessage' is present&#xD;
&#xD;
2019-10-31 11:22:57 - [MESSAGE][PASSED] - Scroll to object 'Object Repository/Pages/FirstPayVault/popup_SavedToVaultMessage' successfully&#xD;
&#xD;
2019-10-31 11:22:57 - [MESSAGE][PASSED] - Object 'Object Repository/Pages/FirstPayVault/popup_SavedToVaultMessage' is present&#xD;
&#xD;
2019-10-31 11:22:58 - [MESSAGE][PASSED] - Text of object 'Object Repository/Pages/FirstPayVault/popup_SavedToVaultMessage' is: 'Successfully Saved to Vault'&#xD;
&#xD;
2019-10-31 11:22:58 - [MESSAGE][PASSED] - utilities.SafeActions.safeGetText is PASSED&#xD;
&#xD;
2019-10-31 11:22:58 - [TEST_STEP][PASSED] - flag = utilities.SafeActions.verifyPopupMessage("Successfully Saved to Vault", popupSavedToVaultMessage): Popup Message : Successfully Saved to Vault matched with expected message : Successfully Saved to Vault&#xD;
&#xD;
2019-10-31 11:22:58 - [MESSAGE][PASSED] - Popup Message : Successfully Saved to Vault matched with expected message : Successfully Saved to Vault&#xD;
&#xD;
2019-10-31 11:22:58 - [TEST_STEP][PASSED] - utilities.SafeActions.safeClickWithoutScroll(findTestObject("Pages/FirstPayVault/button_SearchVault_InPopup"), "Search Vault in Popup", [delayBetweenTestSteps]): utilities.SafeActions.safeClickWithoutScroll is PASSED&#xD;
&#xD;
2019-10-31 11:22:58 - [MESSAGE][INFO] - Safe Click Without scroll&#xD;
&#xD;
2019-10-31 11:22:58 - [MESSAGE][INFO] - 1stPayVault.ts:waiting until Search Vault in Popup is Clickable&#xD;
&#xD;
2019-10-31 11:22:58 - [MESSAGE][PASSED] - Object 'Object Repository/Pages/FirstPayVault/button_SearchVault_InPopup' is clickable&#xD;
&#xD;
2019-10-31 11:22:58 - [MESSAGE][PASSED] - Object 'Object Repository/Pages/FirstPayVault/button_SearchVault_InPopup' is visible&#xD;
&#xD;
2019-10-31 11:22:59 - [MESSAGE][PASSED] - Object: 'Object Repository/Pages/FirstPayVault/button_SearchVault_InPopup' is clicked on&#xD;
&#xD;
2019-10-31 11:22:59 - [MESSAGE][INFO] - 1stPayVault.ts: click on the Search Vault in Popup&#xD;
&#xD;
2019-10-31 11:22:59 - [MESSAGE][PASSED] - utilities.SafeActions.safeClickWithoutScroll is PASSED&#xD;
&#xD;
2019-10-31 11:22:59 - [TEST_STEP][PASSED] - scrollToElement(findTestObject("Pages/FirstPayVault/filter_SearchPayVaultByVaultReferenceNumber"), delayBetweenTestSteps): Scroll to object 'Object Repository/Pages/FirstPayVault/filter_SearchPayVaultByVaultReferenceNumber' successfully&#xD;
&#xD;
2019-10-31 11:22:59 - [MESSAGE][PASSED] - Scroll to object 'Object Repository/Pages/FirstPayVault/filter_SearchPayVaultByVaultReferenceNumber' successfully&#xD;
&#xD;
2019-10-31 11:22:59 - [TEST_STEP][PASSED] - utilities.SafeActions.safeType(findTestObject("Pages/FirstPayVault/filter_SearchPayVaultByVaultReferenceNumber"), vaultReference, "Enter Vault Reference Number", [delayBetweenTestSteps]): utilities.SafeActions.safeType is PASSED&#xD;
&#xD;
2019-10-31 11:22:59 - [MESSAGE][PASSED] - Object 'Object Repository/Pages/FirstPayVault/filter_SearchPayVaultByVaultReferenceNumber' is present&#xD;
&#xD;
2019-10-31 11:22:59 - [MESSAGE][PASSED] - Scroll to object 'Object Repository/Pages/FirstPayVault/filter_SearchPayVaultByVaultReferenceNumber' successfully&#xD;
&#xD;
2019-10-31 11:22:59 - [MESSAGE][PASSED] - Object 'Object Repository/Pages/FirstPayVault/filter_SearchPayVaultByVaultReferenceNumber' is present&#xD;
&#xD;
2019-10-31 11:23:00 - [MESSAGE][PASSED] - Object: 'Object Repository/Pages/FirstPayVault/filter_SearchPayVaultByVaultReferenceNumber' is clicked on&#xD;
&#xD;
2019-10-31 11:23:00 - [MESSAGE][PASSED] - Text '2019-10-31 11:22:44.222' is set on object 'Object Repository/Pages/FirstPayVault/filter_SearchPayVaultByVaultReferenceNumber'&#xD;
&#xD;
2019-10-31 11:23:00 - [MESSAGE][PASSED] - utilities.SafeActions.safeType is PASSED&#xD;
&#xD;
2019-10-31 11:23:00 - [TEST_STEP][PASSED] - utilities.SafeActions.safeClickWithoutScroll(findTestObject("Pages/FirstPayVault/button_Search"), "Click On Search button", [PageLoadTime]): utilities.SafeActions.safeClickWithoutScroll is PASSED&#xD;
&#xD;
2019-10-31 11:23:00 - [MESSAGE][INFO] - Safe Click Without scroll&#xD;
&#xD;
2019-10-31 11:23:00 - [MESSAGE][INFO] - 1stPayVault.ts:waiting until Click On Search button is Clickable&#xD;
&#xD;
2019-10-31 11:23:00 - [MESSAGE][PASSED] - Object 'Object Repository/Pages/FirstPayVault/button_Search' is clickable&#xD;
&#xD;
2019-10-31 11:23:00 - [MESSAGE][PASSED] - Object 'Object Repository/Pages/FirstPayVault/button_Search' is visible&#xD;
&#xD;
2019-10-31 11:23:01 - [MESSAGE][PASSED] - Object: 'Object Repository/Pages/FirstPayVault/button_Search' is clicked on&#xD;
&#xD;
2019-10-31 11:23:01 - [MESSAGE][INFO] - 1stPayVault.ts: click on the Click On Search button&#xD;
&#xD;
2019-10-31 11:23:01 - [MESSAGE][PASSED] - utilities.SafeActions.safeClickWithoutScroll is PASSED&#xD;
&#xD;
2019-10-31 11:23:01 - [TEST_STEP][PASSED] - scrollToElement(findTestObject("Pages/Transaction_Management/invoice_ForTransaction"), PageLoadTime): Scroll to object 'Object Repository/Pages/Transaction_Management/invoice_ForTransaction' successfully&#xD;
&#xD;
2019-10-31 11:23:01 - [MESSAGE][PASSED] - Scroll to object 'Object Repository/Pages/Transaction_Management/invoice_ForTransaction' successfully&#xD;
&#xD;
2019-10-31 11:23:01 - [TEST_STEP][PASSED] - pages.FirstPayVault.verifyInvoiceRecord(findTestObject("Pages/FirstPayVault/footer_NextButton"), findTestObject("Pages/FirstPayVault/page_Number"), vaultReference): The Vault is found in page 1&#xD;
&#xD;
2019-10-31 11:23:01 - [MESSAGE][PASSED] - Text of object 'Object Repository/Pages/FirstPayVault/page_Number' is: 'Page 1 of 1'&#xD;
&#xD;
2019-10-31 11:23:01 - [MESSAGE][PASSED] - The Vault is found in page 1&#xD;
&#xD;
2019-10-31 11:23:02 - [TEST_STEP][NOT_RUN] - delay(2): NOT_RUN: delay(2)&#xD;
&#xD;
2019-10-31 11:23:02 - [MESSAGE][NOT_RUN] - NOT_RUN: delay(2)&#xD;
&#xD;
2019-10-31 11:23:02 - [TEST_STEP][PASSED] - closeBrowser(): Browser is closed&#xD;
&#xD;
2019-10-31 11:23:04 - [MESSAGE][PASSED] - Browser is closed&#xD;
&#xD;
2019-10-31 11:23:04 - [TEST_STEP][PASSED] - Start listener action : sampleAfterTestCase: null&#xD;
&#xD;
2019-10-31 11:23:04 - [TEST_STEP][PASSED] - println(testCaseContext.getTestCaseId()): null&#xD;
&#xD;
2019-10-31 11:23:04 - [TEST_STEP][PASSED] - println(testCaseContext.getTestCaseStatus()): null&#xD;
&#xD;
2019-10-31 11:23:04 - [TEST_STEP][PASSED] - testCaseName = testCaseContext.getTestCaseId(): null&#xD;
&#xD;
2019-10-31 11:23:04 - [TEST_STEP][PASSED] - strCount = testCaseName.lastIndexOf("/"): null&#xD;
&#xD;
2019-10-31 11:23:04 - [TEST_STEP][PASSED] - testCaseName = testCaseName.substring(strCount): null&#xD;
&#xD;
2019-10-31 11:23:04 - [TEST_STEP][PASSED] - println(testCaseName): null&#xD;
&#xD;
2019-10-31 11:23:04 - [TEST_STEP][PASSED] - if (getTestCaseStatus().equalsIgnoreCase("Error")): null&#xD;
&#xD;
2019-10-31 11:23:04 - [TEST_STEP][PASSED] - Start listener action : sampleAfterTestCase: null</system-out>
            <system-err></system-err>
        </testcase>
        <system-out>2019-10-31 11:04:37 - [TEST_SUITE][INCOMPLETE] - 1stPayVault: null</system-out>
        <system-err>2019-10-31 11:04:37 - [TEST_SUITE][INCOMPLETE] - 1stPayVault: null</system-err>
    </testsuite>
</testsuites>
