<?xml version="1.0" encoding="UTF-8" standalone="yes"?>
<testsuites name="1stPayVault_TestSuite" time="1065" tests="11" failures="0" errors="0">
    <testsuite name="1stPayVault_TestSuite" tests="11" failures="0" errors="0" time="1065" timestamp="2019-11-01 07:35:39" hostname="venkata.annam - FW1-D-DTA-ZENQ1" id="Test Suites/1stPayVault_TestSuite">
        <properties>
            <property name="deviceName" value=""/>
            <property name="devicePlatform" value=""/>
            <property name="logFolder" value="C:\\VPOS_Git_31-10-2019\\VPOS_Internal\\Reports\\20191101_073533\\1stPayVault_TestSuite\\20191101_073533"/>
            <property name="logFiles" value="C:\\VPOS_Git_31-10-2019\\VPOS_Internal\\Reports\\20191101_073533\\1stPayVault_TestSuite\\20191101_073533\\execution0.log"/>
            <property name="attachments" value=""/>
            <property name="hostName" value="venkata.annam - FW1-D-DTA-ZENQ1"/>
            <property name="os" value="Windows 10 64bit"/>
            <property name="katalonVersion" value="6.3.2.4"/>
            <property name="browser" value="Chrome 76.0.3809.100"/>
            <property name="hostAddress" value="172.25.52.168"/>
            <property name="sessionId" value="b0140b96968e80fa59b1277de3b7755d"/>
            <property name="seleniumVersion" value="3.141.59"/>
            <property name="proxyInformation" value="ProxyInformation{proxyOption=NO_PROXY, proxyServerType=HTTP, password=, proxyServerAddress=, proxyServerPort=0}"/>
            <property name="platform" value="Windows 10"/>
        </properties>
        <testcase name="Test Cases/FirstView/FirstPayVault/VPOS_1stPayVault_Verify_SaleScreen_On_Clicking_RunASale_Retail" classname="Test Cases/FirstView/FirstPayVault/VPOS_1stPayVault_Verify_SaleScreen_On_Clicking_RunASale_Retail" status="PASSED">
            <system-out>2019-11-01 07:35:40 - [TEST_CASE][PASSED] - Test Cases/FirstView/FirstPayVault/VPOS_1stPayVault_Verify_SaleScreen_On_Clicking_RunASale_Retail: Test Cases/FirstView/FirstPayVault/VPOS_1stPayVault_Verify_SaleScreen_On_Clicking_RunASale_Retail&#xD;
&#xD;
2019-11-01 07:35:41 - [TEST_STEP][PASSED] - Start listener action : sampleBeforeTestCase: null&#xD;
&#xD;
2019-11-01 07:35:41 - [TEST_STEP][PASSED] - println(testCaseContext.getTestCaseId()): null&#xD;
&#xD;
2019-11-01 07:35:41 - [TEST_STEP][PASSED] - println(testCaseContext.getTestCaseVariables()): null&#xD;
&#xD;
2019-11-01 07:35:42 - [TEST_STEP][PASSED] - utilities.SafeActions.openBrowser(URL, [PageLoadTime]): utilities.SafeActions.openBrowser is PASSED&#xD;
&#xD;
2019-11-01 07:35:42 - [MESSAGE][INFO] - Opening Browser&#xD;
&#xD;
2019-11-01 07:35:43 - [MESSAGE][INFO] - Starting 'Chrome' driver&#xD;
&#xD;
2019-11-01 07:35:43 - [MESSAGE][INFO] - Action delay is set to 0 seconds&#xD;
&#xD;
2019-11-01 07:35:52 - [MESSAGE][PASSED] - Browser is opened with url: 'https://q-www-firstview-net.faps.net/MVC/Account/Login'&#xD;
&#xD;
2019-11-01 07:35:55 - [MESSAGE][PASSED] - Current window maximized&#xD;
&#xD;
2019-11-01 07:35:55 - [MESSAGE][INFO] - Browser Launched Successfully&#xD;
&#xD;
2019-11-01 07:35:55 - [MESSAGE][PASSED] - utilities.SafeActions.openBrowser is PASSED&#xD;
&#xD;
2019-11-01 07:35:55 - [TEST_STEP][PASSED] - pages.Login.login(uName, password): pages.Login.login is PASSED&#xD;
&#xD;
2019-11-01 07:35:56 - [MESSAGE][PASSED] - Object 'Object Repository/Pages/Login/userName' is present&#xD;
&#xD;
2019-11-01 07:35:56 - [MESSAGE][PASSED] - Scroll to object 'Object Repository/Pages/Login/userName' successfully&#xD;
&#xD;
2019-11-01 07:35:56 - [MESSAGE][PASSED] - Object 'Object Repository/Pages/Login/userName' is present&#xD;
&#xD;
2019-11-01 07:35:57 - [MESSAGE][PASSED] - Object: 'Object Repository/Pages/Login/userName' is clicked on&#xD;
&#xD;
2019-11-01 07:35:58 - [MESSAGE][PASSED] - Text 'ZenQRetail' is set on object 'Object Repository/Pages/Login/userName'&#xD;
&#xD;
2019-11-01 07:35:58 - [MESSAGE][PASSED] - Object 'Object Repository/Pages/Login/password' is present&#xD;
&#xD;
2019-11-01 07:35:58 - [MESSAGE][PASSED] - Scroll to object 'Object Repository/Pages/Login/password' successfully&#xD;
&#xD;
2019-11-01 07:35:58 - [MESSAGE][PASSED] - Object 'Object Repository/Pages/Login/password' is present&#xD;
&#xD;
2019-11-01 07:35:59 - [MESSAGE][PASSED] - Object: 'Object Repository/Pages/Login/password' is clicked on&#xD;
&#xD;
2019-11-01 07:36:00 - [MESSAGE][PASSED] - Text 'P@ssword1' is set on object 'Object Repository/Pages/Login/password'&#xD;
&#xD;
2019-11-01 07:36:00 - [MESSAGE][INFO] - Safe Click Without scroll&#xD;
&#xD;
2019-11-01 07:36:00 - [MESSAGE][INFO] - 1stPayVault_TestSuite.ts:waiting until Click on Login is Clickable&#xD;
&#xD;
2019-11-01 07:36:00 - [MESSAGE][PASSED] - Object 'Object Repository/Pages/Login/login' is clickable&#xD;
&#xD;
2019-11-01 07:36:01 - [MESSAGE][PASSED] - Object 'Object Repository/Pages/Login/login' is visible&#xD;
&#xD;
2019-11-01 07:36:05 - [MESSAGE][PASSED] - Object: 'Object Repository/Pages/Login/login' is clicked on&#xD;
&#xD;
2019-11-01 07:36:05 - [MESSAGE][INFO] - 1stPayVault_TestSuite.ts: click on the Click on Login&#xD;
&#xD;
2019-11-01 07:36:05 - [MESSAGE][PASSED] - pages.Login.login is PASSED&#xD;
&#xD;
2019-11-01 07:36:05 - [TEST_STEP][PASSED] - callTestCase(findTestCase("FirstView/Login/TC_SendCode"), [:], STOP_ON_FAILURE): Call Test Case 'Test Cases/FirstView/Login/TC_SendCode' successfully&#xD;
&#xD;
2019-11-01 07:36:06 - [TEST_CASE][PASSED] - Test Cases/FirstView/Login/TC_SendCode: Test Cases/FirstView/Login/TC_SendCode&#xD;
&#xD;
2019-11-01 07:36:06 - [TEST_STEP][PASSED] - flag = pages.SendCode.verifyPage(): pages.SendCode.verifyPage is PASSED&#xD;
&#xD;
2019-11-01 07:36:07 - [MESSAGE][PASSED] - Object 'Object Repository/Pages/SendCodeToValidate/header_SendCodeToValidate' is present and visible in viewport&#xD;
&#xD;
2019-11-01 07:36:07 - [MESSAGE][PASSED] - pages.SendCode.verifyPage is PASSED&#xD;
&#xD;
2019-11-01 07:36:07 - [TEST_STEP][PASSED] - if (flag): pages.SendCode.clickonUserSettings is PASSED&#xD;
&#xD;
2019-11-01 07:36:07 - [TEST_STEP][PASSED] - pages.SendCode.clickonUserSettings(): pages.SendCode.clickonUserSettings is PASSED&#xD;
&#xD;
2019-11-01 07:36:07 - [MESSAGE][PASSED] - Object 'Object Repository/Pages/SendCodeToValidate/link_UserSettings' is present&#xD;
&#xD;
2019-11-01 07:36:07 - [MESSAGE][PASSED] - Object 'Object Repository/Pages/SendCodeToValidate/link_UserSettings' is visible&#xD;
&#xD;
2019-11-01 07:36:07 - [MESSAGE][INFO] - 1stPayVault_TestSuite.ts:waiting until Click on User Settings is Clickable&#xD;
&#xD;
2019-11-01 07:36:07 - [MESSAGE][PASSED] - Object 'Object Repository/Pages/SendCodeToValidate/link_UserSettings' is clickable&#xD;
&#xD;
2019-11-01 07:36:08 - [MESSAGE][PASSED] - Object 'Object Repository/Pages/SendCodeToValidate/link_UserSettings' is visible&#xD;
&#xD;
2019-11-01 07:36:09 - [MESSAGE][PASSED] - Object: 'Object Repository/Pages/SendCodeToValidate/link_UserSettings' is clicked on&#xD;
&#xD;
2019-11-01 07:36:09 - [MESSAGE][INFO] - 1stPayVault_TestSuite.ts: Clicked on the Click on User Settings&#xD;
&#xD;
2019-11-01 07:36:09 - [MESSAGE][PASSED] - pages.SendCode.clickonUserSettings is PASSED&#xD;
&#xD;
2019-11-01 07:36:09 - [MESSAGE][PASSED] - Call Test Case 'Test Cases/FirstView/Login/TC_SendCode' successfully&#xD;
&#xD;
2019-11-01 07:36:09 - [TEST_STEP][PASSED] - callTestCase(findTestCase("FirstView/Login/TC_FirstView"), [:], STOP_ON_FAILURE): Call Test Case 'Test Cases/FirstView/Login/TC_FirstView' successfully&#xD;
&#xD;
2019-11-01 07:36:09 - [TEST_CASE][PASSED] - Test Cases/FirstView/Login/TC_FirstView: Test Cases/FirstView/Login/TC_FirstView&#xD;
&#xD;
2019-11-01 07:36:10 - [TEST_STEP][NOT_RUN] - utilities.SafeActions.safeClickWithoutScroll(findTestObject("Pages/FirstView/link_Home"), "Click on Home button in First View screen", [PageLoadTime]): NOT_RUN: utilities.SafeActions.safeClickWithoutScroll(findTestObject("Pages/FirstView/link_Home"), "Click on Home button in First View screen", [PageLoadTime])&#xD;
&#xD;
2019-11-01 07:36:10 - [MESSAGE][NOT_RUN] - NOT_RUN: utilities.SafeActions.safeClickWithoutScroll(findTestObject("Pages/FirstView/link_Home"), "Click on Home button in First View screen", [PageLoadTime])&#xD;
&#xD;
2019-11-01 07:36:10 - [TEST_STEP][PASSED] - delay(3): Delayed 3 second(s)&#xD;
&#xD;
2019-11-01 07:36:13 - [MESSAGE][PASSED] - Delayed 3 second(s)&#xD;
&#xD;
2019-11-01 07:36:13 - [TEST_STEP][PASSED] - utilities.SafeActions.javascriptclick(findTestObject("Pages/FirstView/link_Home"), delayForElement): utilities.SafeActions.javascriptclick is PASSED&#xD;
&#xD;
2019-11-01 07:36:14 - [MESSAGE][PASSED] - utilities.SafeActions.javascriptclick is PASSED&#xD;
&#xD;
2019-11-01 07:36:14 - [TEST_STEP][PASSED] - utilities.SafeActions.safeClickWithoutScroll(findTestObject("Pages/FirstView/link_VPOS"), "Click on VPOS button in First View screen", [PageLoadTime]): utilities.SafeActions.safeClickWithoutScroll is PASSED&#xD;
&#xD;
2019-11-01 07:36:14 - [MESSAGE][INFO] - Safe Click Without scroll&#xD;
&#xD;
2019-11-01 07:36:14 - [MESSAGE][INFO] - 1stPayVault_TestSuite.ts:waiting until Click on VPOS button in First View screen is Clickable&#xD;
&#xD;
2019-11-01 07:36:14 - [MESSAGE][PASSED] - Object 'Object Repository/Pages/FirstView/link_VPOS' is clickable&#xD;
&#xD;
2019-11-01 07:36:14 - [MESSAGE][PASSED] - Object 'Object Repository/Pages/FirstView/link_VPOS' is visible&#xD;
&#xD;
2019-11-01 07:36:15 - [MESSAGE][PASSED] - Object: 'Object Repository/Pages/FirstView/link_VPOS' is clicked on&#xD;
&#xD;
2019-11-01 07:36:15 - [MESSAGE][INFO] - 1stPayVault_TestSuite.ts: click on the Click on VPOS button in First View screen&#xD;
&#xD;
2019-11-01 07:36:15 - [MESSAGE][PASSED] - utilities.SafeActions.safeClickWithoutScroll is PASSED&#xD;
&#xD;
2019-11-01 07:36:15 - [MESSAGE][PASSED] - Call Test Case 'Test Cases/FirstView/Login/TC_FirstView' successfully&#xD;
&#xD;
2019-11-01 07:36:15 - [TEST_STEP][PASSED] - switchToWindowTitle("Transcenter - VPOS"): Switched to window with title: 'Transcenter - VPOS'&#xD;
&#xD;
2019-11-01 07:36:20 - [MESSAGE][PASSED] - Switched to window with title: 'Transcenter - VPOS'&#xD;
&#xD;
2019-11-01 07:36:20 - [TEST_STEP][PASSED] - focus(findTestObject("Pages/FirstPayVault/tab_FirstPayVault")): Object: 'Object Repository/Pages/FirstPayVault/tab_FirstPayVault' is focused&#xD;
&#xD;
2019-11-01 07:36:20 - [MESSAGE][PASSED] - Object: 'Object Repository/Pages/FirstPayVault/tab_FirstPayVault' is focused&#xD;
&#xD;
2019-11-01 07:36:20 - [TEST_STEP][PASSED] - utilities.SafeActions.javascriptclick(findTestObject("Pages/FirstPayVault/tab_FirstPayVault"), PageLoadTime): utilities.SafeActions.javascriptclick is PASSED&#xD;
&#xD;
2019-11-01 07:36:20 - [MESSAGE][PASSED] - utilities.SafeActions.javascriptclick is PASSED&#xD;
&#xD;
2019-11-01 07:36:20 - [TEST_STEP][PASSED] - delay(2): Delayed 2 second(s)&#xD;
&#xD;
2019-11-01 07:36:22 - [MESSAGE][PASSED] - Delayed 2 second(s)&#xD;
&#xD;
2019-11-01 07:36:22 - [TEST_STEP][PASSED] - utilities.SafeActions.safeClickWithoutScroll(findTestObject("Pages/FirstPayVault/tab_FirstPayVault"), "Click on FistPayVault tab", [delayForElement]): utilities.SafeActions.safeClickWithoutScroll is PASSED&#xD;
&#xD;
2019-11-01 07:36:22 - [MESSAGE][INFO] - Safe Click Without scroll&#xD;
&#xD;
2019-11-01 07:36:22 - [MESSAGE][INFO] - 1stPayVault_TestSuite.ts:waiting until Click on FistPayVault tab is Clickable&#xD;
&#xD;
2019-11-01 07:36:22 - [MESSAGE][PASSED] - Object 'Object Repository/Pages/FirstPayVault/tab_FirstPayVault' is clickable&#xD;
&#xD;
2019-11-01 07:36:22 - [MESSAGE][PASSED] - Object 'Object Repository/Pages/FirstPayVault/tab_FirstPayVault' is visible&#xD;
&#xD;
2019-11-01 07:36:23 - [MESSAGE][PASSED] - Object: 'Object Repository/Pages/FirstPayVault/tab_FirstPayVault' is clicked on&#xD;
&#xD;
2019-11-01 07:36:23 - [MESSAGE][INFO] - 1stPayVault_TestSuite.ts: click on the Click on FistPayVault tab&#xD;
&#xD;
2019-11-01 07:36:23 - [MESSAGE][PASSED] - utilities.SafeActions.safeClickWithoutScroll is PASSED&#xD;
&#xD;
2019-11-01 07:36:23 - [TEST_STEP][PASSED] - utilities.SafeActions.safeClickWithoutScroll(findTestObject("Pages/FirstPayVault/button_CreateVault"), "Click on CreateVault button", [PageLoadTime]): utilities.SafeActions.safeClickWithoutScroll is PASSED&#xD;
&#xD;
2019-11-01 07:36:23 - [MESSAGE][INFO] - Safe Click Without scroll&#xD;
&#xD;
2019-11-01 07:36:23 - [MESSAGE][INFO] - 1stPayVault_TestSuite.ts:waiting until Click on CreateVault button is Clickable&#xD;
&#xD;
2019-11-01 07:36:23 - [MESSAGE][PASSED] - Object 'Object Repository/Pages/FirstPayVault/button_CreateVault' is clickable&#xD;
&#xD;
2019-11-01 07:36:24 - [MESSAGE][PASSED] - Object 'Object Repository/Pages/FirstPayVault/button_CreateVault' is visible&#xD;
&#xD;
2019-11-01 07:36:24 - [MESSAGE][PASSED] - Object: 'Object Repository/Pages/FirstPayVault/button_CreateVault' is clicked on&#xD;
&#xD;
2019-11-01 07:36:24 - [MESSAGE][INFO] - 1stPayVault_TestSuite.ts: click on the Click on CreateVault button&#xD;
&#xD;
2019-11-01 07:36:24 - [MESSAGE][PASSED] - utilities.SafeActions.safeClickWithoutScroll is PASSED&#xD;
&#xD;
2019-11-01 07:36:24 - [TEST_STEP][PASSED] - scrollToElement(findTestObject("Pages/FirstPayVault/input_VaultReferenceNumber"), PageLoadTime): Scroll to object 'Object Repository/Pages/FirstPayVault/input_VaultReferenceNumber' successfully&#xD;
&#xD;
2019-11-01 07:36:25 - [MESSAGE][PASSED] - Scroll to object 'Object Repository/Pages/FirstPayVault/input_VaultReferenceNumber' successfully&#xD;
&#xD;
2019-11-01 07:36:25 - [TEST_STEP][PASSED] - vaultReference = utilities.SafeActions.timeWithMilliSeconds(): utilities.SafeActions.timeWithMilliSeconds is PASSED&#xD;
&#xD;
2019-11-01 07:36:25 - [MESSAGE][PASSED] - utilities.SafeActions.timeWithMilliSeconds is PASSED&#xD;
&#xD;
2019-11-01 07:36:25 - [TEST_STEP][PASSED] - utilities.SafeActions.safeType(findTestObject("Pages/FirstPayVault/input_VaultReferenceNumber"), vaultReference, "Entering Vault Reference Number", [PageLoadTime]): utilities.SafeActions.safeType is PASSED&#xD;
&#xD;
2019-11-01 07:36:25 - [MESSAGE][PASSED] - Object 'Object Repository/Pages/FirstPayVault/input_VaultReferenceNumber' is present&#xD;
&#xD;
2019-11-01 07:36:25 - [MESSAGE][PASSED] - Scroll to object 'Object Repository/Pages/FirstPayVault/input_VaultReferenceNumber' successfully&#xD;
&#xD;
2019-11-01 07:36:25 - [MESSAGE][PASSED] - Object 'Object Repository/Pages/FirstPayVault/input_VaultReferenceNumber' is present&#xD;
&#xD;
2019-11-01 07:36:26 - [MESSAGE][PASSED] - Object: 'Object Repository/Pages/FirstPayVault/input_VaultReferenceNumber' is clicked on&#xD;
&#xD;
2019-11-01 07:36:26 - [MESSAGE][PASSED] - Text '2019-11-01 07:36:25.062' is set on object 'Object Repository/Pages/FirstPayVault/input_VaultReferenceNumber'&#xD;
&#xD;
2019-11-01 07:36:26 - [MESSAGE][PASSED] - utilities.SafeActions.safeType is PASSED&#xD;
&#xD;
2019-11-01 07:36:26 - [TEST_STEP][PASSED] - utilities.SafeActions.safeType(findTestObject("Pages/FirstPayVault/input_CreditCardNumber"), visaCardNumber, "Entering Card Number", [PageLoadTime]): utilities.SafeActions.safeType is PASSED&#xD;
&#xD;
2019-11-01 07:36:26 - [MESSAGE][PASSED] - Object 'Object Repository/Pages/FirstPayVault/input_CreditCardNumber' is present&#xD;
&#xD;
2019-11-01 07:36:26 - [MESSAGE][PASSED] - Scroll to object 'Object Repository/Pages/FirstPayVault/input_CreditCardNumber' successfully&#xD;
&#xD;
2019-11-01 07:36:26 - [MESSAGE][PASSED] - Object 'Object Repository/Pages/FirstPayVault/input_CreditCardNumber' is present&#xD;
&#xD;
2019-11-01 07:36:27 - [MESSAGE][PASSED] - Object: 'Object Repository/Pages/FirstPayVault/input_CreditCardNumber' is clicked on&#xD;
&#xD;
2019-11-01 07:36:27 - [MESSAGE][PASSED] - Text '4111111111111111' is set on object 'Object Repository/Pages/FirstPayVault/input_CreditCardNumber'&#xD;
&#xD;
2019-11-01 07:36:27 - [MESSAGE][PASSED] - utilities.SafeActions.safeType is PASSED&#xD;
&#xD;
2019-11-01 07:36:27 - [TEST_STEP][PASSED] - utilities.SafeActions.safeSelectOptionInDropDownByVisibleText(findTestObject("Pages/FirstPayVault/dropDown_ExpirationMonth"), cardMonth, "Expiration Month", [PageLoadTime]): utilities.SafeActions.safeSelectOptionInDropDownByVisibleText is PASSED&#xD;
&#xD;
2019-11-01 07:36:27 - [MESSAGE][PASSED] - Object 'Object Repository/Pages/FirstPayVault/dropDown_ExpirationMonth' is visible&#xD;
&#xD;
2019-11-01 07:36:27 - [MESSAGE][PASSED] - Object 'Object Repository/Pages/FirstPayVault/dropDown_ExpirationMonth' is present&#xD;
&#xD;
2019-11-01 07:36:28 - [MESSAGE][PASSED] - Object: 'Object Repository/Pages/FirstPayVault/dropDown_ExpirationMonth' is clicked on&#xD;
&#xD;
2019-11-01 07:36:28 - [MESSAGE][PASSED] - All options with label 'September' are selected in object 'Object Repository/Pages/FirstPayVault/dropDown_ExpirationMonth' &#xD;
&#xD;
2019-11-01 07:36:28 - [MESSAGE][PASSED] - utilities.SafeActions.safeSelectOptionInDropDownByVisibleText is PASSED&#xD;
&#xD;
2019-11-01 07:36:28 - [TEST_STEP][PASSED] - utilities.SafeActions.safeSelectOptionInDropDownByVisibleText(findTestObject("Pages/FirstPayVault/dropDown_ExpirationYear"), cardYear, "year", [PageLoadTime]): utilities.SafeActions.safeSelectOptionInDropDownByVisibleText is PASSED&#xD;
&#xD;
2019-11-01 07:36:29 - [MESSAGE][PASSED] - Object 'Object Repository/Pages/FirstPayVault/dropDown_ExpirationYear' is visible&#xD;
&#xD;
2019-11-01 07:36:29 - [MESSAGE][PASSED] - Object 'Object Repository/Pages/FirstPayVault/dropDown_ExpirationYear' is present&#xD;
&#xD;
2019-11-01 07:36:29 - [MESSAGE][PASSED] - Object: 'Object Repository/Pages/FirstPayVault/dropDown_ExpirationYear' is clicked on&#xD;
&#xD;
2019-11-01 07:36:29 - [MESSAGE][PASSED] - All options with label '2023' are selected in object 'Object Repository/Pages/FirstPayVault/dropDown_ExpirationYear' &#xD;
&#xD;
2019-11-01 07:36:29 - [MESSAGE][PASSED] - utilities.SafeActions.safeSelectOptionInDropDownByVisibleText is PASSED&#xD;
&#xD;
2019-11-01 07:36:29 - [TEST_STEP][PASSED] - utilities.SafeActions.safeType(findTestObject("Pages/FirstPayVault/input_ContactName"), contactName, "Enter Contact Name", [PageLoadTime]): utilities.SafeActions.safeType is PASSED&#xD;
&#xD;
2019-11-01 07:36:30 - [MESSAGE][PASSED] - Object 'Object Repository/Pages/FirstPayVault/input_ContactName' is present&#xD;
&#xD;
2019-11-01 07:36:30 - [MESSAGE][PASSED] - Scroll to object 'Object Repository/Pages/FirstPayVault/input_ContactName' successfully&#xD;
&#xD;
2019-11-01 07:36:30 - [MESSAGE][PASSED] - Object 'Object Repository/Pages/FirstPayVault/input_ContactName' is present&#xD;
&#xD;
2019-11-01 07:36:30 - [MESSAGE][PASSED] - Object: 'Object Repository/Pages/FirstPayVault/input_ContactName' is clicked on&#xD;
&#xD;
2019-11-01 07:36:31 - [MESSAGE][PASSED] - Text 'Venkata Sai' is set on object 'Object Repository/Pages/FirstPayVault/input_ContactName'&#xD;
&#xD;
2019-11-01 07:36:31 - [MESSAGE][PASSED] - utilities.SafeActions.safeType is PASSED&#xD;
&#xD;
2019-11-01 07:36:31 - [TEST_STEP][PASSED] - utilities.SafeActions.safeType(findTestObject("Pages/FirstPayVault/input_PostalCode"), postalCode, "Enter Postal Code", [PageLoadTime]): utilities.SafeActions.safeType is PASSED&#xD;
&#xD;
2019-11-01 07:36:31 - [MESSAGE][PASSED] - Object 'Object Repository/Pages/FirstPayVault/input_PostalCode' is present&#xD;
&#xD;
2019-11-01 07:36:31 - [MESSAGE][PASSED] - Scroll to object 'Object Repository/Pages/FirstPayVault/input_PostalCode' successfully&#xD;
&#xD;
2019-11-01 07:36:31 - [MESSAGE][PASSED] - Object 'Object Repository/Pages/FirstPayVault/input_PostalCode' is present&#xD;
&#xD;
2019-11-01 07:36:32 - [MESSAGE][PASSED] - Object: 'Object Repository/Pages/FirstPayVault/input_PostalCode' is clicked on&#xD;
&#xD;
2019-11-01 07:36:32 - [MESSAGE][PASSED] - Text '76102' is set on object 'Object Repository/Pages/FirstPayVault/input_PostalCode'&#xD;
&#xD;
2019-11-01 07:36:32 - [MESSAGE][PASSED] - utilities.SafeActions.safeType is PASSED&#xD;
&#xD;
2019-11-01 07:36:32 - [TEST_STEP][PASSED] - utilities.SafeActions.safeType(findTestObject("Pages/FirstPayVault/input_Address"), address, "Enter ddress", [PageLoadTime]): utilities.SafeActions.safeType is PASSED&#xD;
&#xD;
2019-11-01 07:36:33 - [MESSAGE][PASSED] - Object 'Object Repository/Pages/FirstPayVault/input_Address' is present&#xD;
&#xD;
2019-11-01 07:36:33 - [MESSAGE][PASSED] - Scroll to object 'Object Repository/Pages/FirstPayVault/input_Address' successfully&#xD;
&#xD;
2019-11-01 07:36:33 - [MESSAGE][PASSED] - Object 'Object Repository/Pages/FirstPayVault/input_Address' is present&#xD;
&#xD;
2019-11-01 07:36:33 - [MESSAGE][PASSED] - Object: 'Object Repository/Pages/FirstPayVault/input_Address' is clicked on&#xD;
&#xD;
2019-11-01 07:36:34 - [MESSAGE][PASSED] - Text 'Street123' is set on object 'Object Repository/Pages/FirstPayVault/input_Address'&#xD;
&#xD;
2019-11-01 07:36:34 - [MESSAGE][PASSED] - utilities.SafeActions.safeType is PASSED&#xD;
&#xD;
2019-11-01 07:36:34 - [TEST_STEP][PASSED] - utilities.SafeActions.safeCheckForElement(findTestObject("Pages/FirstPayVault/chekBox_AddShippingInformation"), PageLoadTime): utilities.SafeActions.safeCheckForElement is PASSED&#xD;
&#xD;
2019-11-01 07:36:34 - [MESSAGE][PASSED] - Object 'Object Repository/Pages/FirstPayVault/chekBox_AddShippingInformation' is present&#xD;
&#xD;
2019-11-01 07:36:34 - [MESSAGE][PASSED] - Object 'Object Repository/Pages/FirstPayVault/chekBox_AddShippingInformation' is visible&#xD;
&#xD;
2019-11-01 07:36:34 - [MESSAGE][PASSED] - Object 'Object Repository/Pages/FirstPayVault/chekBox_AddShippingInformation' is present&#xD;
&#xD;
2019-11-01 07:36:35 - [MESSAGE][PASSED] - Object 'Object Repository/Pages/FirstPayVault/chekBox_AddShippingInformation' is checked&#xD;
&#xD;
2019-11-01 07:36:35 - [MESSAGE][PASSED] - utilities.SafeActions.safeCheckForElement is PASSED&#xD;
&#xD;
2019-11-01 07:36:35 - [TEST_STEP][PASSED] - utilities.SafeActions.safeType(findTestObject("Pages/FirstPayVault/input_ShippingMethod"), shippingMethod, "Enter Shipping Method", [PageLoadTime]): utilities.SafeActions.safeType is PASSED&#xD;
&#xD;
2019-11-01 07:36:35 - [MESSAGE][PASSED] - Object 'Object Repository/Pages/FirstPayVault/input_ShippingMethod' is present&#xD;
&#xD;
2019-11-01 07:36:35 - [MESSAGE][PASSED] - Scroll to object 'Object Repository/Pages/FirstPayVault/input_ShippingMethod' successfully&#xD;
&#xD;
2019-11-01 07:36:35 - [MESSAGE][PASSED] - Object 'Object Repository/Pages/FirstPayVault/input_ShippingMethod' is present&#xD;
&#xD;
2019-11-01 07:36:36 - [MESSAGE][PASSED] - Object: 'Object Repository/Pages/FirstPayVault/input_ShippingMethod' is clicked on&#xD;
&#xD;
2019-11-01 07:36:36 - [MESSAGE][PASSED] - Text 'DTDC' is set on object 'Object Repository/Pages/FirstPayVault/input_ShippingMethod'&#xD;
&#xD;
2019-11-01 07:36:36 - [MESSAGE][PASSED] - utilities.SafeActions.safeType is PASSED&#xD;
&#xD;
2019-11-01 07:36:36 - [TEST_STEP][PASSED] - utilities.SafeActions.safeCheckForElement(findTestObject("Pages/FirstPayVault/checkbox_SameAsBillingInformation"), PageLoadTime): utilities.SafeActions.safeCheckForElement is PASSED&#xD;
&#xD;
2019-11-01 07:36:37 - [MESSAGE][PASSED] - Object 'Object Repository/Pages/FirstPayVault/checkbox_SameAsBillingInformation' is present&#xD;
&#xD;
2019-11-01 07:36:37 - [MESSAGE][PASSED] - Object 'Object Repository/Pages/FirstPayVault/checkbox_SameAsBillingInformation' is visible&#xD;
&#xD;
2019-11-01 07:36:37 - [MESSAGE][PASSED] - Object 'Object Repository/Pages/FirstPayVault/checkbox_SameAsBillingInformation' is present&#xD;
&#xD;
2019-11-01 07:36:37 - [MESSAGE][PASSED] - Object 'Object Repository/Pages/FirstPayVault/checkbox_SameAsBillingInformation' is checked&#xD;
&#xD;
2019-11-01 07:36:37 - [MESSAGE][PASSED] - utilities.SafeActions.safeCheckForElement is PASSED&#xD;
&#xD;
2019-11-01 07:36:37 - [TEST_STEP][PASSED] - utilities.SafeActions.safeClickwithScroll(findTestObject("Pages/FirstPayVault/button_Create"), "Click on Create Button", [PageLoadTime]): utilities.SafeActions.safeClickwithScroll is PASSED&#xD;
&#xD;
2019-11-01 07:36:38 - [MESSAGE][PASSED] - Object 'Object Repository/Pages/FirstPayVault/button_Create' is present&#xD;
&#xD;
2019-11-01 07:36:38 - [MESSAGE][PASSED] - Object 'Object Repository/Pages/FirstPayVault/button_Create' is visible&#xD;
&#xD;
2019-11-01 07:36:38 - [MESSAGE][INFO] - 1stPayVault_TestSuite.ts:waiting until Click on Create Button is Clickable&#xD;
&#xD;
2019-11-01 07:36:38 - [MESSAGE][PASSED] - Object 'Object Repository/Pages/FirstPayVault/button_Create' is clickable&#xD;
&#xD;
2019-11-01 07:36:38 - [MESSAGE][PASSED] - Object 'Object Repository/Pages/FirstPayVault/button_Create' is visible&#xD;
&#xD;
2019-11-01 07:36:39 - [MESSAGE][PASSED] - Object: 'Object Repository/Pages/FirstPayVault/button_Create' is clicked on&#xD;
&#xD;
2019-11-01 07:36:39 - [MESSAGE][INFO] - 1stPayVault_TestSuite.ts: Clicked on the Click on Create Button&#xD;
&#xD;
2019-11-01 07:36:39 - [MESSAGE][PASSED] - utilities.SafeActions.safeClickwithScroll is PASSED&#xD;
&#xD;
2019-11-01 07:36:39 - [TEST_STEP][PASSED] - delay(2): Delayed 2 second(s)&#xD;
&#xD;
2019-11-01 07:36:41 - [MESSAGE][PASSED] - Delayed 2 second(s)&#xD;
&#xD;
2019-11-01 07:36:41 - [TEST_STEP][PASSED] - popupSavedToVaultMessage = utilities.SafeActions.safeGetText(findTestObject("Pages/FirstPayVault/popup_SavedToVaultMessage"), PageLoadTime): utilities.SafeActions.safeGetText is PASSED&#xD;
&#xD;
2019-11-01 07:36:41 - [MESSAGE][PASSED] - Object 'Object Repository/Pages/FirstPayVault/popup_SavedToVaultMessage' is present&#xD;
&#xD;
2019-11-01 07:36:41 - [MESSAGE][PASSED] - Scroll to object 'Object Repository/Pages/FirstPayVault/popup_SavedToVaultMessage' successfully&#xD;
&#xD;
2019-11-01 07:36:41 - [MESSAGE][PASSED] - Object 'Object Repository/Pages/FirstPayVault/popup_SavedToVaultMessage' is present&#xD;
&#xD;
2019-11-01 07:36:42 - [MESSAGE][PASSED] - Text of object 'Object Repository/Pages/FirstPayVault/popup_SavedToVaultMessage' is: 'Successfully Saved to Vault'&#xD;
&#xD;
2019-11-01 07:36:42 - [MESSAGE][PASSED] - utilities.SafeActions.safeGetText is PASSED&#xD;
&#xD;
2019-11-01 07:36:42 - [TEST_STEP][PASSED] - flag = utilities.SafeActions.verifyPopupMessage("Successfully Saved to Vault", popupSavedToVaultMessage): Popup Message : Successfully Saved to Vault matched with expected message : Successfully Saved to Vault&#xD;
&#xD;
2019-11-01 07:36:42 - [MESSAGE][PASSED] - Popup Message : Successfully Saved to Vault matched with expected message : Successfully Saved to Vault&#xD;
&#xD;
2019-11-01 07:36:42 - [TEST_STEP][PASSED] - utilities.SafeActions.safeClickWithoutScroll(findTestObject("Pages/FirstPayVault/button_RunASale_InPopup"), "Click on Run A Sale in Popup", [delayBetweenTestSteps]): utilities.SafeActions.safeClickWithoutScroll is PASSED&#xD;
&#xD;
2019-11-01 07:36:42 - [MESSAGE][INFO] - Safe Click Without scroll&#xD;
&#xD;
2019-11-01 07:36:42 - [MESSAGE][INFO] - 1stPayVault_TestSuite.ts:waiting until Click on Run A Sale in Popup is Clickable&#xD;
&#xD;
2019-11-01 07:36:42 - [MESSAGE][PASSED] - Object 'Object Repository/Pages/FirstPayVault/button_RunASale_InPopup' is clickable&#xD;
&#xD;
2019-11-01 07:36:42 - [MESSAGE][PASSED] - Object 'Object Repository/Pages/FirstPayVault/button_RunASale_InPopup' is visible&#xD;
&#xD;
2019-11-01 07:36:43 - [MESSAGE][PASSED] - Object: 'Object Repository/Pages/FirstPayVault/button_RunASale_InPopup' is clicked on&#xD;
&#xD;
2019-11-01 07:36:43 - [MESSAGE][INFO] - 1stPayVault_TestSuite.ts: click on the Click on Run A Sale in Popup&#xD;
&#xD;
2019-11-01 07:36:43 - [MESSAGE][PASSED] - utilities.SafeActions.safeClickWithoutScroll is PASSED&#xD;
&#xD;
2019-11-01 07:36:43 - [TEST_STEP][PASSED] - value = utilities.SafeActions.getAttributeValue(findTestObject("Pages/Sale/tab_Sale_Active"), "Sale"): The screen is Sale screen&#xD;
&#xD;
2019-11-01 07:36:43 - [MESSAGE][PASSED] - Attribute 'class' of object 'Object Repository/Pages/Sale/tab_Sale_Active' is: 'active_tab tabs__link'&#xD;
&#xD;
2019-11-01 07:36:43 - [MESSAGE][PASSED] - The screen is Sale screen&#xD;
&#xD;
2019-11-01 07:36:43 - [TEST_STEP][PASSED] - closeBrowser(): Browser is closed&#xD;
&#xD;
2019-11-01 07:36:45 - [MESSAGE][PASSED] - Browser is closed&#xD;
&#xD;
2019-11-01 07:36:45 - [TEST_STEP][PASSED] - Start listener action : sampleAfterTestCase: null&#xD;
&#xD;
2019-11-01 07:36:45 - [TEST_STEP][PASSED] - println(testCaseContext.getTestCaseId()): null&#xD;
&#xD;
2019-11-01 07:36:45 - [TEST_STEP][PASSED] - println(testCaseContext.getTestCaseStatus()): null&#xD;
&#xD;
2019-11-01 07:36:45 - [TEST_STEP][PASSED] - testCaseName = testCaseContext.getTestCaseId(): null&#xD;
&#xD;
2019-11-01 07:36:45 - [TEST_STEP][PASSED] - strCount = testCaseName.lastIndexOf("/"): null&#xD;
&#xD;
2019-11-01 07:36:45 - [TEST_STEP][PASSED] - testCaseName = testCaseName.substring(strCount): null&#xD;
&#xD;
2019-11-01 07:36:45 - [TEST_STEP][PASSED] - println(testCaseName): null&#xD;
&#xD;
2019-11-01 07:36:45 - [TEST_STEP][PASSED] - if (getTestCaseStatus().equalsIgnoreCase("Error")): null&#xD;
&#xD;
2019-11-01 07:36:45 - [TEST_STEP][PASSED] - Start listener action : sampleAfterTestCase: null</system-out>
            <system-err></system-err>
        </testcase>
        <testcase name="Test Cases/FirstView/FirstPayVault/VPOS_1stPayVault_Verify_TransactionCompleteScreen_on_Run_Sale_WithThis_Vault_Retail" classname="Test Cases/FirstView/FirstPayVault/VPOS_1stPayVault_Verify_TransactionCompleteScreen_on_Run_Sale_WithThis_Vault_Retail" status="PASSED">
            <system-out>2019-11-01 07:36:45 - [TEST_CASE][PASSED] - Test Cases/FirstView/FirstPayVault/VPOS_1stPayVault_Verify_TransactionCompleteScreen_on_Run_Sale_WithThis_Vault_Retail: Test Cases/FirstView/FirstPayVault/VPOS_1stPayVault_Verify_TransactionCompleteScreen_on_Run_Sale_WithThis_Vault_Retail&#xD;
&#xD;
2019-11-01 07:36:46 - [TEST_STEP][PASSED] - Start listener action : sampleBeforeTestCase: null&#xD;
&#xD;
2019-11-01 07:36:46 - [TEST_STEP][PASSED] - println(testCaseContext.getTestCaseId()): null&#xD;
&#xD;
2019-11-01 07:36:46 - [TEST_STEP][PASSED] - println(testCaseContext.getTestCaseVariables()): null&#xD;
&#xD;
2019-11-01 07:36:46 - [TEST_STEP][PASSED] - utilities.SafeActions.openBrowser(URL, [PageLoadTime]): utilities.SafeActions.openBrowser is PASSED&#xD;
&#xD;
2019-11-01 07:36:46 - [MESSAGE][INFO] - Opening Browser&#xD;
&#xD;
2019-11-01 07:36:46 - [MESSAGE][INFO] - Starting 'Chrome' driver&#xD;
&#xD;
2019-11-01 07:36:54 - [MESSAGE][PASSED] - Browser is opened with url: 'https://q-www-firstview-net.faps.net/MVC/Account/Login'&#xD;
&#xD;
2019-11-01 07:36:58 - [MESSAGE][PASSED] - Current window maximized&#xD;
&#xD;
2019-11-01 07:36:58 - [MESSAGE][INFO] - Browser Launched Successfully&#xD;
&#xD;
2019-11-01 07:36:58 - [MESSAGE][PASSED] - utilities.SafeActions.openBrowser is PASSED&#xD;
&#xD;
2019-11-01 07:36:58 - [TEST_STEP][PASSED] - pages.Login.login(uName, password): pages.Login.login is PASSED&#xD;
&#xD;
2019-11-01 07:36:58 - [MESSAGE][PASSED] - Object 'Object Repository/Pages/Login/userName' is present&#xD;
&#xD;
2019-11-01 07:36:58 - [MESSAGE][PASSED] - Scroll to object 'Object Repository/Pages/Login/userName' successfully&#xD;
&#xD;
2019-11-01 07:36:58 - [MESSAGE][PASSED] - Object 'Object Repository/Pages/Login/userName' is present&#xD;
&#xD;
2019-11-01 07:36:59 - [MESSAGE][PASSED] - Object: 'Object Repository/Pages/Login/userName' is clicked on&#xD;
&#xD;
2019-11-01 07:37:00 - [MESSAGE][PASSED] - Text 'ZenQRetail' is set on object 'Object Repository/Pages/Login/userName'&#xD;
&#xD;
2019-11-01 07:37:00 - [MESSAGE][PASSED] - Object 'Object Repository/Pages/Login/password' is present&#xD;
&#xD;
2019-11-01 07:37:00 - [MESSAGE][PASSED] - Scroll to object 'Object Repository/Pages/Login/password' successfully&#xD;
&#xD;
2019-11-01 07:37:00 - [MESSAGE][PASSED] - Object 'Object Repository/Pages/Login/password' is present&#xD;
&#xD;
2019-11-01 07:37:01 - [MESSAGE][PASSED] - Object: 'Object Repository/Pages/Login/password' is clicked on&#xD;
&#xD;
2019-11-01 07:37:02 - [MESSAGE][PASSED] - Text 'P@ssword1' is set on object 'Object Repository/Pages/Login/password'&#xD;
&#xD;
2019-11-01 07:37:02 - [MESSAGE][INFO] - Safe Click Without scroll&#xD;
&#xD;
2019-11-01 07:37:02 - [MESSAGE][INFO] - 1stPayVault_TestSuite.ts:waiting until Click on Login is Clickable&#xD;
&#xD;
2019-11-01 07:37:02 - [MESSAGE][PASSED] - Object 'Object Repository/Pages/Login/login' is clickable&#xD;
&#xD;
2019-11-01 07:37:02 - [MESSAGE][PASSED] - Object 'Object Repository/Pages/Login/login' is visible&#xD;
&#xD;
2019-11-01 07:37:06 - [MESSAGE][PASSED] - Object: 'Object Repository/Pages/Login/login' is clicked on&#xD;
&#xD;
2019-11-01 07:37:06 - [MESSAGE][INFO] - 1stPayVault_TestSuite.ts: click on the Click on Login&#xD;
&#xD;
2019-11-01 07:37:06 - [MESSAGE][PASSED] - pages.Login.login is PASSED&#xD;
&#xD;
2019-11-01 07:37:06 - [TEST_STEP][PASSED] - callTestCase(findTestCase("FirstView/Login/TC_SendCode"), [:], STOP_ON_FAILURE): Call Test Case 'Test Cases/FirstView/Login/TC_SendCode' successfully&#xD;
&#xD;
2019-11-01 07:37:06 - [TEST_CASE][PASSED] - Test Cases/FirstView/Login/TC_SendCode: Test Cases/FirstView/Login/TC_SendCode&#xD;
&#xD;
2019-11-01 07:37:06 - [TEST_STEP][PASSED] - flag = pages.SendCode.verifyPage(): pages.SendCode.verifyPage is PASSED&#xD;
&#xD;
2019-11-01 07:37:06 - [MESSAGE][PASSED] - Object 'Object Repository/Pages/SendCodeToValidate/header_SendCodeToValidate' is present and visible in viewport&#xD;
&#xD;
2019-11-01 07:37:06 - [MESSAGE][PASSED] - pages.SendCode.verifyPage is PASSED&#xD;
&#xD;
2019-11-01 07:37:06 - [TEST_STEP][PASSED] - if (flag): pages.SendCode.clickonUserSettings is PASSED&#xD;
&#xD;
2019-11-01 07:37:06 - [TEST_STEP][PASSED] - pages.SendCode.clickonUserSettings(): pages.SendCode.clickonUserSettings is PASSED&#xD;
&#xD;
2019-11-01 07:37:07 - [MESSAGE][PASSED] - Object 'Object Repository/Pages/SendCodeToValidate/link_UserSettings' is present&#xD;
&#xD;
2019-11-01 07:37:07 - [MESSAGE][PASSED] - Object 'Object Repository/Pages/SendCodeToValidate/link_UserSettings' is visible&#xD;
&#xD;
2019-11-01 07:37:07 - [MESSAGE][INFO] - 1stPayVault_TestSuite.ts:waiting until Click on User Settings is Clickable&#xD;
&#xD;
2019-11-01 07:37:07 - [MESSAGE][PASSED] - Object 'Object Repository/Pages/SendCodeToValidate/link_UserSettings' is clickable&#xD;
&#xD;
2019-11-01 07:37:07 - [MESSAGE][PASSED] - Object 'Object Repository/Pages/SendCodeToValidate/link_UserSettings' is visible&#xD;
&#xD;
2019-11-01 07:37:09 - [MESSAGE][PASSED] - Object: 'Object Repository/Pages/SendCodeToValidate/link_UserSettings' is clicked on&#xD;
&#xD;
2019-11-01 07:37:09 - [MESSAGE][INFO] - 1stPayVault_TestSuite.ts: Clicked on the Click on User Settings&#xD;
&#xD;
2019-11-01 07:37:09 - [MESSAGE][PASSED] - pages.SendCode.clickonUserSettings is PASSED&#xD;
&#xD;
2019-11-01 07:37:09 - [MESSAGE][PASSED] - Call Test Case 'Test Cases/FirstView/Login/TC_SendCode' successfully&#xD;
&#xD;
2019-11-01 07:37:09 - [TEST_STEP][PASSED] - callTestCase(findTestCase("FirstView/Login/TC_FirstView"), [:], STOP_ON_FAILURE): Call Test Case 'Test Cases/FirstView/Login/TC_FirstView' successfully&#xD;
&#xD;
2019-11-01 07:37:09 - [TEST_CASE][PASSED] - Test Cases/FirstView/Login/TC_FirstView: Test Cases/FirstView/Login/TC_FirstView&#xD;
&#xD;
2019-11-01 07:37:09 - [TEST_STEP][NOT_RUN] - utilities.SafeActions.safeClickWithoutScroll(findTestObject("Pages/FirstView/link_Home"), "Click on Home button in First View screen", [PageLoadTime]): NOT_RUN: utilities.SafeActions.safeClickWithoutScroll(findTestObject("Pages/FirstView/link_Home"), "Click on Home button in First View screen", [PageLoadTime])&#xD;
&#xD;
2019-11-01 07:37:09 - [MESSAGE][NOT_RUN] - NOT_RUN: utilities.SafeActions.safeClickWithoutScroll(findTestObject("Pages/FirstView/link_Home"), "Click on Home button in First View screen", [PageLoadTime])&#xD;
&#xD;
2019-11-01 07:37:09 - [TEST_STEP][PASSED] - delay(3): Delayed 3 second(s)&#xD;
&#xD;
2019-11-01 07:37:12 - [MESSAGE][PASSED] - Delayed 3 second(s)&#xD;
&#xD;
2019-11-01 07:37:12 - [TEST_STEP][PASSED] - utilities.SafeActions.javascriptclick(findTestObject("Pages/FirstView/link_Home"), delayForElement): utilities.SafeActions.javascriptclick is PASSED&#xD;
&#xD;
2019-11-01 07:37:12 - [MESSAGE][PASSED] - utilities.SafeActions.javascriptclick is PASSED&#xD;
&#xD;
2019-11-01 07:37:12 - [TEST_STEP][PASSED] - utilities.SafeActions.safeClickWithoutScroll(findTestObject("Pages/FirstView/link_VPOS"), "Click on VPOS button in First View screen", [PageLoadTime]): utilities.SafeActions.safeClickWithoutScroll is PASSED&#xD;
&#xD;
2019-11-01 07:37:12 - [MESSAGE][INFO] - Safe Click Without scroll&#xD;
&#xD;
2019-11-01 07:37:12 - [MESSAGE][INFO] - 1stPayVault_TestSuite.ts:waiting until Click on VPOS button in First View screen is Clickable&#xD;
&#xD;
2019-11-01 07:37:13 - [MESSAGE][PASSED] - Object 'Object Repository/Pages/FirstView/link_VPOS' is clickable&#xD;
&#xD;
2019-11-01 07:37:13 - [MESSAGE][PASSED] - Object 'Object Repository/Pages/FirstView/link_VPOS' is visible&#xD;
&#xD;
2019-11-01 07:37:15 - [MESSAGE][PASSED] - Object: 'Object Repository/Pages/FirstView/link_VPOS' is clicked on&#xD;
&#xD;
2019-11-01 07:37:15 - [MESSAGE][INFO] - 1stPayVault_TestSuite.ts: click on the Click on VPOS button in First View screen&#xD;
&#xD;
2019-11-01 07:37:15 - [MESSAGE][PASSED] - utilities.SafeActions.safeClickWithoutScroll is PASSED&#xD;
&#xD;
2019-11-01 07:37:15 - [MESSAGE][PASSED] - Call Test Case 'Test Cases/FirstView/Login/TC_FirstView' successfully&#xD;
&#xD;
2019-11-01 07:37:15 - [TEST_STEP][PASSED] - switchToWindowTitle("Transcenter - VPOS"): Switched to window with title: 'Transcenter - VPOS'&#xD;
&#xD;
2019-11-01 07:37:22 - [MESSAGE][PASSED] - Switched to window with title: 'Transcenter - VPOS'&#xD;
&#xD;
2019-11-01 07:37:22 - [TEST_STEP][PASSED] - focus(findTestObject("Pages/FirstPayVault/tab_FirstPayVault")): Object: 'Object Repository/Pages/FirstPayVault/tab_FirstPayVault' is focused&#xD;
&#xD;
2019-11-01 07:37:22 - [MESSAGE][PASSED] - Object: 'Object Repository/Pages/FirstPayVault/tab_FirstPayVault' is focused&#xD;
&#xD;
2019-11-01 07:37:22 - [TEST_STEP][PASSED] - utilities.SafeActions.javascriptclick(findTestObject("Pages/FirstPayVault/tab_FirstPayVault"), PageLoadTime): utilities.SafeActions.javascriptclick is PASSED&#xD;
&#xD;
2019-11-01 07:37:22 - [MESSAGE][PASSED] - utilities.SafeActions.javascriptclick is PASSED&#xD;
&#xD;
2019-11-01 07:37:22 - [TEST_STEP][PASSED] - delay(2): Delayed 2 second(s)&#xD;
&#xD;
2019-11-01 07:37:24 - [MESSAGE][PASSED] - Delayed 2 second(s)&#xD;
&#xD;
2019-11-01 07:37:24 - [TEST_STEP][PASSED] - utilities.SafeActions.safeClickWithoutScroll(findTestObject("Pages/FirstPayVault/tab_FirstPayVault"), "Click on FistPayVault tab", [delayForElement]): utilities.SafeActions.safeClickWithoutScroll is PASSED&#xD;
&#xD;
2019-11-01 07:37:24 - [MESSAGE][INFO] - Safe Click Without scroll&#xD;
&#xD;
2019-11-01 07:37:24 - [MESSAGE][INFO] - 1stPayVault_TestSuite.ts:waiting until Click on FistPayVault tab is Clickable&#xD;
&#xD;
2019-11-01 07:37:24 - [MESSAGE][PASSED] - Object 'Object Repository/Pages/FirstPayVault/tab_FirstPayVault' is clickable&#xD;
&#xD;
2019-11-01 07:37:25 - [MESSAGE][PASSED] - Object 'Object Repository/Pages/FirstPayVault/tab_FirstPayVault' is visible&#xD;
&#xD;
2019-11-01 07:37:26 - [MESSAGE][PASSED] - Object: 'Object Repository/Pages/FirstPayVault/tab_FirstPayVault' is clicked on&#xD;
&#xD;
2019-11-01 07:37:26 - [MESSAGE][INFO] - 1stPayVault_TestSuite.ts: click on the Click on FistPayVault tab&#xD;
&#xD;
2019-11-01 07:37:26 - [MESSAGE][PASSED] - utilities.SafeActions.safeClickWithoutScroll is PASSED&#xD;
&#xD;
2019-11-01 07:37:26 - [TEST_STEP][PASSED] - utilities.SafeActions.safeClickWithoutScroll(findTestObject("Pages/FirstPayVault/button_CreateVault"), "Click on CreateVault button", [PageLoadTime]): utilities.SafeActions.safeClickWithoutScroll is PASSED&#xD;
&#xD;
2019-11-01 07:37:26 - [MESSAGE][INFO] - Safe Click Without scroll&#xD;
&#xD;
2019-11-01 07:37:26 - [MESSAGE][INFO] - 1stPayVault_TestSuite.ts:waiting until Click on CreateVault button is Clickable&#xD;
&#xD;
2019-11-01 07:37:26 - [MESSAGE][PASSED] - Object 'Object Repository/Pages/FirstPayVault/button_CreateVault' is clickable&#xD;
&#xD;
2019-11-01 07:37:26 - [MESSAGE][PASSED] - Object 'Object Repository/Pages/FirstPayVault/button_CreateVault' is visible&#xD;
&#xD;
2019-11-01 07:37:27 - [MESSAGE][PASSED] - Object: 'Object Repository/Pages/FirstPayVault/button_CreateVault' is clicked on&#xD;
&#xD;
2019-11-01 07:37:27 - [MESSAGE][INFO] - 1stPayVault_TestSuite.ts: click on the Click on CreateVault button&#xD;
&#xD;
2019-11-01 07:37:27 - [MESSAGE][PASSED] - utilities.SafeActions.safeClickWithoutScroll is PASSED&#xD;
&#xD;
2019-11-01 07:37:27 - [TEST_STEP][PASSED] - scrollToElement(findTestObject("Pages/FirstPayVault/input_VaultReferenceNumber"), PageLoadTime): Scroll to object 'Object Repository/Pages/FirstPayVault/input_VaultReferenceNumber' successfully&#xD;
&#xD;
2019-11-01 07:37:27 - [MESSAGE][PASSED] - Scroll to object 'Object Repository/Pages/FirstPayVault/input_VaultReferenceNumber' successfully&#xD;
&#xD;
2019-11-01 07:37:27 - [TEST_STEP][PASSED] - vaultReference = utilities.SafeActions.timeWithMilliSeconds(): utilities.SafeActions.timeWithMilliSeconds is PASSED&#xD;
&#xD;
2019-11-01 07:37:27 - [MESSAGE][PASSED] - utilities.SafeActions.timeWithMilliSeconds is PASSED&#xD;
&#xD;
2019-11-01 07:37:27 - [TEST_STEP][PASSED] - utilities.SafeActions.safeType(findTestObject("Pages/FirstPayVault/input_VaultReferenceNumber"), vaultReference, "Entering Vault Reference Number", [PageLoadTime]): utilities.SafeActions.safeType is PASSED&#xD;
&#xD;
2019-11-01 07:37:28 - [MESSAGE][PASSED] - Object 'Object Repository/Pages/FirstPayVault/input_VaultReferenceNumber' is present&#xD;
&#xD;
2019-11-01 07:37:28 - [MESSAGE][PASSED] - Scroll to object 'Object Repository/Pages/FirstPayVault/input_VaultReferenceNumber' successfully&#xD;
&#xD;
2019-11-01 07:37:28 - [MESSAGE][PASSED] - Object 'Object Repository/Pages/FirstPayVault/input_VaultReferenceNumber' is present&#xD;
&#xD;
2019-11-01 07:37:29 - [MESSAGE][PASSED] - Object: 'Object Repository/Pages/FirstPayVault/input_VaultReferenceNumber' is clicked on&#xD;
&#xD;
2019-11-01 07:37:29 - [MESSAGE][PASSED] - Text '2019-11-01 07:37:27.740' is set on object 'Object Repository/Pages/FirstPayVault/input_VaultReferenceNumber'&#xD;
&#xD;
2019-11-01 07:37:29 - [MESSAGE][PASSED] - utilities.SafeActions.safeType is PASSED&#xD;
&#xD;
2019-11-01 07:37:29 - [TEST_STEP][PASSED] - utilities.SafeActions.safeType(findTestObject("Pages/FirstPayVault/input_CreditCardNumber"), visaCardNumber, "Entering Card Number", [PageLoadTime]): utilities.SafeActions.safeType is PASSED&#xD;
&#xD;
2019-11-01 07:37:29 - [MESSAGE][PASSED] - Object 'Object Repository/Pages/FirstPayVault/input_CreditCardNumber' is present&#xD;
&#xD;
2019-11-01 07:37:30 - [MESSAGE][PASSED] - Scroll to object 'Object Repository/Pages/FirstPayVault/input_CreditCardNumber' successfully&#xD;
&#xD;
2019-11-01 07:37:30 - [MESSAGE][PASSED] - Object 'Object Repository/Pages/FirstPayVault/input_CreditCardNumber' is present&#xD;
&#xD;
2019-11-01 07:37:30 - [MESSAGE][PASSED] - Object: 'Object Repository/Pages/FirstPayVault/input_CreditCardNumber' is clicked on&#xD;
&#xD;
2019-11-01 07:37:31 - [MESSAGE][PASSED] - Text '4111111111111111' is set on object 'Object Repository/Pages/FirstPayVault/input_CreditCardNumber'&#xD;
&#xD;
2019-11-01 07:37:31 - [MESSAGE][PASSED] - utilities.SafeActions.safeType is PASSED&#xD;
&#xD;
2019-11-01 07:37:31 - [TEST_STEP][PASSED] - utilities.SafeActions.safeSelectOptionInDropDownByVisibleText(findTestObject("Pages/FirstPayVault/dropDown_ExpirationMonth"), cardMonth, "Expiration Month", [PageLoadTime]): utilities.SafeActions.safeSelectOptionInDropDownByVisibleText is PASSED&#xD;
&#xD;
2019-11-01 07:37:31 - [MESSAGE][PASSED] - Object 'Object Repository/Pages/FirstPayVault/dropDown_ExpirationMonth' is visible&#xD;
&#xD;
2019-11-01 07:37:31 - [MESSAGE][PASSED] - Object 'Object Repository/Pages/FirstPayVault/dropDown_ExpirationMonth' is present&#xD;
&#xD;
2019-11-01 07:37:32 - [MESSAGE][PASSED] - Object: 'Object Repository/Pages/FirstPayVault/dropDown_ExpirationMonth' is clicked on&#xD;
&#xD;
2019-11-01 07:37:32 - [MESSAGE][PASSED] - All options with label 'September' are selected in object 'Object Repository/Pages/FirstPayVault/dropDown_ExpirationMonth' &#xD;
&#xD;
2019-11-01 07:37:32 - [MESSAGE][PASSED] - utilities.SafeActions.safeSelectOptionInDropDownByVisibleText is PASSED&#xD;
&#xD;
2019-11-01 07:37:32 - [TEST_STEP][PASSED] - utilities.SafeActions.safeSelectOptionInDropDownByVisibleText(findTestObject("Pages/FirstPayVault/dropDown_ExpirationYear"), cardYear, "year", [PageLoadTime]): utilities.SafeActions.safeSelectOptionInDropDownByVisibleText is PASSED&#xD;
&#xD;
2019-11-01 07:37:32 - [MESSAGE][PASSED] - Object 'Object Repository/Pages/FirstPayVault/dropDown_ExpirationYear' is visible&#xD;
&#xD;
2019-11-01 07:37:32 - [MESSAGE][PASSED] - Object 'Object Repository/Pages/FirstPayVault/dropDown_ExpirationYear' is present&#xD;
&#xD;
2019-11-01 07:37:33 - [MESSAGE][PASSED] - Object: 'Object Repository/Pages/FirstPayVault/dropDown_ExpirationYear' is clicked on&#xD;
&#xD;
2019-11-01 07:37:34 - [MESSAGE][PASSED] - All options with label '2022' are selected in object 'Object Repository/Pages/FirstPayVault/dropDown_ExpirationYear' &#xD;
&#xD;
2019-11-01 07:37:34 - [MESSAGE][PASSED] - utilities.SafeActions.safeSelectOptionInDropDownByVisibleText is PASSED&#xD;
&#xD;
2019-11-01 07:37:34 - [TEST_STEP][PASSED] - utilities.SafeActions.safeType(findTestObject("Pages/FirstPayVault/input_ContactName"), customerName, "Enter Contact Name", [PageLoadTime]): utilities.SafeActions.safeType is PASSED&#xD;
&#xD;
2019-11-01 07:37:34 - [MESSAGE][PASSED] - Object 'Object Repository/Pages/FirstPayVault/input_ContactName' is present&#xD;
&#xD;
2019-11-01 07:37:34 - [MESSAGE][PASSED] - Scroll to object 'Object Repository/Pages/FirstPayVault/input_ContactName' successfully&#xD;
&#xD;
2019-11-01 07:37:34 - [MESSAGE][PASSED] - Object 'Object Repository/Pages/FirstPayVault/input_ContactName' is present&#xD;
&#xD;
2019-11-01 07:37:35 - [MESSAGE][PASSED] - Object: 'Object Repository/Pages/FirstPayVault/input_ContactName' is clicked on&#xD;
&#xD;
2019-11-01 07:37:36 - [MESSAGE][PASSED] - Text 'Venkat Sai' is set on object 'Object Repository/Pages/FirstPayVault/input_ContactName'&#xD;
&#xD;
2019-11-01 07:37:36 - [MESSAGE][PASSED] - utilities.SafeActions.safeType is PASSED&#xD;
&#xD;
2019-11-01 07:37:36 - [TEST_STEP][PASSED] - utilities.SafeActions.safeType(findTestObject("Pages/FirstPayVault/input_PostalCode"), postalCode, "Enter Postal Code", [PageLoadTime]): utilities.SafeActions.safeType is PASSED&#xD;
&#xD;
2019-11-01 07:37:36 - [MESSAGE][PASSED] - Object 'Object Repository/Pages/FirstPayVault/input_PostalCode' is present&#xD;
&#xD;
2019-11-01 07:37:36 - [MESSAGE][PASSED] - Scroll to object 'Object Repository/Pages/FirstPayVault/input_PostalCode' successfully&#xD;
&#xD;
2019-11-01 07:37:36 - [MESSAGE][PASSED] - Object 'Object Repository/Pages/FirstPayVault/input_PostalCode' is present&#xD;
&#xD;
2019-11-01 07:37:37 - [MESSAGE][PASSED] - Object: 'Object Repository/Pages/FirstPayVault/input_PostalCode' is clicked on&#xD;
&#xD;
2019-11-01 07:37:38 - [MESSAGE][PASSED] - Text '76102' is set on object 'Object Repository/Pages/FirstPayVault/input_PostalCode'&#xD;
&#xD;
2019-11-01 07:37:38 - [MESSAGE][PASSED] - utilities.SafeActions.safeType is PASSED&#xD;
&#xD;
2019-11-01 07:37:38 - [TEST_STEP][PASSED] - utilities.SafeActions.safeType(findTestObject("Pages/FirstPayVault/input_Address"), address, "Enter ddress", [PageLoadTime]): utilities.SafeActions.safeType is PASSED&#xD;
&#xD;
2019-11-01 07:37:38 - [MESSAGE][PASSED] - Object 'Object Repository/Pages/FirstPayVault/input_Address' is present&#xD;
&#xD;
2019-11-01 07:37:38 - [MESSAGE][PASSED] - Scroll to object 'Object Repository/Pages/FirstPayVault/input_Address' successfully&#xD;
&#xD;
2019-11-01 07:37:38 - [MESSAGE][PASSED] - Object 'Object Repository/Pages/FirstPayVault/input_Address' is present&#xD;
&#xD;
2019-11-01 07:37:39 - [MESSAGE][PASSED] - Object: 'Object Repository/Pages/FirstPayVault/input_Address' is clicked on&#xD;
&#xD;
2019-11-01 07:37:40 - [MESSAGE][PASSED] - Text 'Street123' is set on object 'Object Repository/Pages/FirstPayVault/input_Address'&#xD;
&#xD;
2019-11-01 07:37:40 - [MESSAGE][PASSED] - utilities.SafeActions.safeType is PASSED&#xD;
&#xD;
2019-11-01 07:37:40 - [TEST_STEP][PASSED] - utilities.SafeActions.safeCheckForElement(findTestObject("Pages/FirstPayVault/chekBox_AddShippingInformation"), PageLoadTime): utilities.SafeActions.safeCheckForElement is PASSED&#xD;
&#xD;
2019-11-01 07:37:40 - [MESSAGE][PASSED] - Object 'Object Repository/Pages/FirstPayVault/chekBox_AddShippingInformation' is present&#xD;
&#xD;
2019-11-01 07:37:40 - [MESSAGE][PASSED] - Object 'Object Repository/Pages/FirstPayVault/chekBox_AddShippingInformation' is visible&#xD;
&#xD;
2019-11-01 07:37:40 - [MESSAGE][PASSED] - Object 'Object Repository/Pages/FirstPayVault/chekBox_AddShippingInformation' is present&#xD;
&#xD;
2019-11-01 07:37:41 - [MESSAGE][PASSED] - Object 'Object Repository/Pages/FirstPayVault/chekBox_AddShippingInformation' is checked&#xD;
&#xD;
2019-11-01 07:37:41 - [MESSAGE][PASSED] - utilities.SafeActions.safeCheckForElement is PASSED&#xD;
&#xD;
2019-11-01 07:37:41 - [TEST_STEP][PASSED] - utilities.SafeActions.safeType(findTestObject("Pages/FirstPayVault/input_ShippingMethod"), shippingMethod, "Enter Shipping Method", [PageLoadTime]): utilities.SafeActions.safeType is PASSED&#xD;
&#xD;
2019-11-01 07:37:42 - [MESSAGE][PASSED] - Object 'Object Repository/Pages/FirstPayVault/input_ShippingMethod' is present&#xD;
&#xD;
2019-11-01 07:37:42 - [MESSAGE][PASSED] - Scroll to object 'Object Repository/Pages/FirstPayVault/input_ShippingMethod' successfully&#xD;
&#xD;
2019-11-01 07:37:42 - [MESSAGE][PASSED] - Object 'Object Repository/Pages/FirstPayVault/input_ShippingMethod' is present&#xD;
&#xD;
2019-11-01 07:37:43 - [MESSAGE][PASSED] - Object: 'Object Repository/Pages/FirstPayVault/input_ShippingMethod' is clicked on&#xD;
&#xD;
2019-11-01 07:37:43 - [MESSAGE][PASSED] - Text 'DTDC' is set on object 'Object Repository/Pages/FirstPayVault/input_ShippingMethod'&#xD;
&#xD;
2019-11-01 07:37:43 - [MESSAGE][PASSED] - utilities.SafeActions.safeType is PASSED&#xD;
&#xD;
2019-11-01 07:37:43 - [TEST_STEP][PASSED] - utilities.SafeActions.safeCheckForElement(findTestObject("Pages/FirstPayVault/checkbox_SameAsBillingInformation"), PageLoadTime): utilities.SafeActions.safeCheckForElement is PASSED&#xD;
&#xD;
2019-11-01 07:37:43 - [MESSAGE][PASSED] - Object 'Object Repository/Pages/FirstPayVault/checkbox_SameAsBillingInformation' is present&#xD;
&#xD;
2019-11-01 07:37:44 - [MESSAGE][PASSED] - Object 'Object Repository/Pages/FirstPayVault/checkbox_SameAsBillingInformation' is visible&#xD;
&#xD;
2019-11-01 07:37:44 - [MESSAGE][PASSED] - Object 'Object Repository/Pages/FirstPayVault/checkbox_SameAsBillingInformation' is present&#xD;
&#xD;
2019-11-01 07:37:45 - [MESSAGE][PASSED] - Object 'Object Repository/Pages/FirstPayVault/checkbox_SameAsBillingInformation' is checked&#xD;
&#xD;
2019-11-01 07:37:45 - [MESSAGE][PASSED] - utilities.SafeActions.safeCheckForElement is PASSED&#xD;
&#xD;
2019-11-01 07:37:45 - [TEST_STEP][PASSED] - utilities.SafeActions.safeClickwithScroll(findTestObject("Pages/FirstPayVault/button_Create"), "Click on Create Button", [PageLoadTime]): utilities.SafeActions.safeClickwithScroll is PASSED&#xD;
&#xD;
2019-11-01 07:37:45 - [MESSAGE][PASSED] - Object 'Object Repository/Pages/FirstPayVault/button_Create' is present&#xD;
&#xD;
2019-11-01 07:37:45 - [MESSAGE][PASSED] - Object 'Object Repository/Pages/FirstPayVault/button_Create' is visible&#xD;
&#xD;
2019-11-01 07:37:45 - [MESSAGE][INFO] - 1stPayVault_TestSuite.ts:waiting until Click on Create Button is Clickable&#xD;
&#xD;
2019-11-01 07:37:45 - [MESSAGE][PASSED] - Object 'Object Repository/Pages/FirstPayVault/button_Create' is clickable&#xD;
&#xD;
2019-11-01 07:37:46 - [MESSAGE][PASSED] - Object 'Object Repository/Pages/FirstPayVault/button_Create' is visible&#xD;
&#xD;
2019-11-01 07:37:46 - [MESSAGE][PASSED] - Object: 'Object Repository/Pages/FirstPayVault/button_Create' is clicked on&#xD;
&#xD;
2019-11-01 07:37:46 - [MESSAGE][INFO] - 1stPayVault_TestSuite.ts: Clicked on the Click on Create Button&#xD;
&#xD;
2019-11-01 07:37:46 - [MESSAGE][PASSED] - utilities.SafeActions.safeClickwithScroll is PASSED&#xD;
&#xD;
2019-11-01 07:37:46 - [TEST_STEP][PASSED] - popupSavedToVaultMessage = utilities.SafeActions.safeGetText(findTestObject("Pages/FirstPayVault/popup_SavedToVaultMessage"), PageLoadTime): utilities.SafeActions.safeGetText is PASSED&#xD;
&#xD;
2019-11-01 07:37:47 - [MESSAGE][PASSED] - Object 'Object Repository/Pages/FirstPayVault/popup_SavedToVaultMessage' is present&#xD;
&#xD;
2019-11-01 07:37:47 - [MESSAGE][PASSED] - Scroll to object 'Object Repository/Pages/FirstPayVault/popup_SavedToVaultMessage' successfully&#xD;
&#xD;
2019-11-01 07:37:47 - [MESSAGE][PASSED] - Object 'Object Repository/Pages/FirstPayVault/popup_SavedToVaultMessage' is present&#xD;
&#xD;
2019-11-01 07:37:48 - [MESSAGE][PASSED] - Text of object 'Object Repository/Pages/FirstPayVault/popup_SavedToVaultMessage' is: 'Successfully Saved to Vault'&#xD;
&#xD;
2019-11-01 07:37:48 - [MESSAGE][PASSED] - utilities.SafeActions.safeGetText is PASSED&#xD;
&#xD;
2019-11-01 07:37:48 - [TEST_STEP][PASSED] - flag = utilities.SafeActions.verifyPopupMessage("Successfully Saved to Vault", popupSavedToVaultMessage): Popup Message : Successfully Saved to Vault matched with expected message : Successfully Saved to Vault&#xD;
&#xD;
2019-11-01 07:37:48 - [MESSAGE][PASSED] - Popup Message : Successfully Saved to Vault matched with expected message : Successfully Saved to Vault&#xD;
&#xD;
2019-11-01 07:37:48 - [TEST_STEP][PASSED] - utilities.SafeActions.safeClickWithoutScroll(findTestObject("Pages/FirstPayVault/button_RunSaleWithThisVault_InPopup"), "Click on Run Sale With This Vault in Popup", [delayBetweenTestSteps]): utilities.SafeActions.safeClickWithoutScroll is PASSED&#xD;
&#xD;
2019-11-01 07:37:48 - [MESSAGE][INFO] - Safe Click Without scroll&#xD;
&#xD;
2019-11-01 07:37:48 - [MESSAGE][INFO] - 1stPayVault_TestSuite.ts:waiting until Click on Run Sale With This Vault in Popup is Clickable&#xD;
&#xD;
2019-11-01 07:37:48 - [MESSAGE][PASSED] - Object 'Object Repository/Pages/FirstPayVault/button_RunSaleWithThisVault_InPopup' is clickable&#xD;
&#xD;
2019-11-01 07:37:48 - [MESSAGE][PASSED] - Object 'Object Repository/Pages/FirstPayVault/button_RunSaleWithThisVault_InPopup' is visible&#xD;
&#xD;
2019-11-01 07:37:49 - [MESSAGE][PASSED] - Object: 'Object Repository/Pages/FirstPayVault/button_RunSaleWithThisVault_InPopup' is clicked on&#xD;
&#xD;
2019-11-01 07:37:49 - [MESSAGE][INFO] - 1stPayVault_TestSuite.ts: click on the Click on Run Sale With This Vault in Popup&#xD;
&#xD;
2019-11-01 07:37:49 - [MESSAGE][PASSED] - utilities.SafeActions.safeClickWithoutScroll is PASSED&#xD;
&#xD;
2019-11-01 07:37:49 - [TEST_STEP][PASSED] - value = utilities.SafeActions.getAttributeValue(findTestObject("Pages/FirstPayVault/tab_1stPayVault_Active"), "1st_PayVault"): The screen is 1st_PayVault screen&#xD;
&#xD;
2019-11-01 07:37:50 - [MESSAGE][PASSED] - Attribute 'class' of object 'Object Repository/Pages/FirstPayVault/tab_1stPayVault_Active' is: 'active_tab tabs__link'&#xD;
&#xD;
2019-11-01 07:37:50 - [MESSAGE][PASSED] - The screen is 1st_PayVault screen&#xD;
&#xD;
2019-11-01 07:37:50 - [TEST_STEP][PASSED] - scrollToElement(findTestObject("Pages/FirstPayVault/input_Amount"), PageLoadTime): Scroll to object 'Object Repository/Pages/FirstPayVault/input_Amount' successfully&#xD;
&#xD;
2019-11-01 07:37:50 - [MESSAGE][PASSED] - Scroll to object 'Object Repository/Pages/FirstPayVault/input_Amount' successfully&#xD;
&#xD;
2019-11-01 07:37:50 - [TEST_STEP][PASSED] - utilities.SafeActions.safeType(findTestObject("Pages/FirstPayVault/input_Amount"), amount, "Enter Amount", [PageLoadTime]): utilities.SafeActions.safeType is PASSED&#xD;
&#xD;
2019-11-01 07:37:50 - [MESSAGE][PASSED] - Object 'Object Repository/Pages/FirstPayVault/input_Amount' is present&#xD;
&#xD;
2019-11-01 07:37:50 - [MESSAGE][PASSED] - Scroll to object 'Object Repository/Pages/FirstPayVault/input_Amount' successfully&#xD;
&#xD;
2019-11-01 07:37:50 - [MESSAGE][PASSED] - Object 'Object Repository/Pages/FirstPayVault/input_Amount' is present&#xD;
&#xD;
2019-11-01 07:37:51 - [MESSAGE][PASSED] - Object: 'Object Repository/Pages/FirstPayVault/input_Amount' is clicked on&#xD;
&#xD;
2019-11-01 07:37:51 - [MESSAGE][PASSED] - Text '450' is set on object 'Object Repository/Pages/FirstPayVault/input_Amount'&#xD;
&#xD;
2019-11-01 07:37:51 - [MESSAGE][PASSED] - utilities.SafeActions.safeType is PASSED&#xD;
&#xD;
2019-11-01 07:37:51 - [TEST_STEP][PASSED] - salesTax = utilities.SafeActions.safeGetText(findTestObject("Pages/FirstPayVault/input_SalesTaxUnderAmount"), delayBetweenTestSteps): utilities.SafeActions.safeGetText is PASSED&#xD;
&#xD;
2019-11-01 07:37:52 - [MESSAGE][PASSED] - Object 'Object Repository/Pages/FirstPayVault/input_SalesTaxUnderAmount' is present&#xD;
&#xD;
2019-11-01 07:37:52 - [MESSAGE][PASSED] - Scroll to object 'Object Repository/Pages/FirstPayVault/input_SalesTaxUnderAmount' successfully&#xD;
&#xD;
2019-11-01 07:37:52 - [MESSAGE][PASSED] - Object 'Object Repository/Pages/FirstPayVault/input_SalesTaxUnderAmount' is present&#xD;
&#xD;
2019-11-01 07:37:52 - [MESSAGE][PASSED] - Text of object 'Object Repository/Pages/FirstPayVault/input_SalesTaxUnderAmount' is: '$37.13'&#xD;
&#xD;
2019-11-01 07:37:52 - [MESSAGE][PASSED] - utilities.SafeActions.safeGetText is PASSED&#xD;
&#xD;
2019-11-01 07:37:52 - [TEST_STEP][PASSED] - pages.FirstPayVault.verifyAmountIsNotZero(salesTax): pages.FirstPayVault.verifyAmountIsNotZero is PASSED&#xD;
&#xD;
2019-11-01 07:37:52 - [MESSAGE][PASSED] - pages.FirstPayVault.verifyAmountIsNotZero is PASSED&#xD;
&#xD;
2019-11-01 07:37:52 - [TEST_STEP][PASSED] - scrollToElement(findTestObject("Pages/FirstPayVault/input_CreditCardNumberForVerification"), delayBetweenTestSteps): Scroll to object 'Object Repository/Pages/FirstPayVault/input_CreditCardNumberForVerification' successfully&#xD;
&#xD;
2019-11-01 07:37:53 - [MESSAGE][PASSED] - Scroll to object 'Object Repository/Pages/FirstPayVault/input_CreditCardNumberForVerification' successfully&#xD;
&#xD;
2019-11-01 07:37:53 - [TEST_STEP][PASSED] - cardNumber = utilities.SafeActions.getAttribute(findTestObject("Pages/FirstPayVault/input_CreditCardNumberForVerification"), "1st Pay Vault"): utilities.SafeActions.getAttribute is PASSED&#xD;
&#xD;
2019-11-01 07:37:53 - [MESSAGE][PASSED] - Attribute 'value' of object 'Object Repository/Pages/FirstPayVault/input_CreditCardNumberForVerification' is: '411111******1111'&#xD;
&#xD;
2019-11-01 07:37:53 - [MESSAGE][PASSED] - utilities.SafeActions.getAttribute is PASSED&#xD;
&#xD;
2019-11-01 07:37:53 - [TEST_STEP][PASSED] - pages.FirstPayVault.verifyCardNumber(cardNumber, visaCardNumber): Actual String : 4111111111111111 matched with Expected message : 411111******1111&#xD;
&#xD;
2019-11-01 07:37:53 - [MESSAGE][PASSED] - Actual String : 4111111111111111 matched with Expected message : 411111******1111&#xD;
&#xD;
2019-11-01 07:37:53 - [TEST_STEP][PASSED] - expirationYear = utilities.SafeActions.getAttribute(findTestObject("Pages/FirstPayVault/dropDownExpirationYearForVerification"), "1st Pay Vault"): utilities.SafeActions.getAttribute is PASSED&#xD;
&#xD;
2019-11-01 07:37:53 - [MESSAGE][PASSED] - Attribute 'value' of object 'Object Repository/Pages/FirstPayVault/dropDownExpirationYearForVerification' is: '2022'&#xD;
&#xD;
2019-11-01 07:37:53 - [MESSAGE][PASSED] - utilities.SafeActions.getAttribute is PASSED&#xD;
&#xD;
2019-11-01 07:37:53 - [TEST_STEP][PASSED] - pages.FirstPayVault.verifyStrings(expirationYear, cardYear): Actual String : 2022 matched with Expected message : 2022&#xD;
&#xD;
2019-11-01 07:37:53 - [MESSAGE][PASSED] - Actual String : 2022 matched with Expected message : 2022&#xD;
&#xD;
2019-11-01 07:37:53 - [TEST_STEP][PASSED] - scrollToElement(findTestObject("Pages/FirstPayVault/input_VerifyCardHolderName"), PageLoadTime): Scroll to object 'Object Repository/Pages/FirstPayVault/input_VerifyCardHolderName' successfully&#xD;
&#xD;
2019-11-01 07:37:53 - [MESSAGE][PASSED] - Scroll to object 'Object Repository/Pages/FirstPayVault/input_VerifyCardHolderName' successfully&#xD;
&#xD;
2019-11-01 07:37:53 - [TEST_STEP][PASSED] - name = utilities.SafeActions.getAttribute(findTestObject("Pages/FirstPayVault/input_VerifyCardHolderName"), "1stPayVault"): utilities.SafeActions.getAttribute is PASSED&#xD;
&#xD;
2019-11-01 07:37:54 - [MESSAGE][PASSED] - Attribute 'value' of object 'Object Repository/Pages/FirstPayVault/input_VerifyCardHolderName' is: 'Venkat Sai'&#xD;
&#xD;
2019-11-01 07:37:54 - [MESSAGE][PASSED] - utilities.SafeActions.getAttribute is PASSED&#xD;
&#xD;
2019-11-01 07:37:54 - [TEST_STEP][PASSED] - pages.FirstPayVault.verifyStrings(name, customerName): Actual String : Venkat Sai matched with Expected message : Venkat Sai&#xD;
&#xD;
2019-11-01 07:37:54 - [MESSAGE][PASSED] - Actual String : Venkat Sai matched with Expected message : Venkat Sai&#xD;
&#xD;
2019-11-01 07:37:54 - [TEST_STEP][PASSED] - scrollToElement(findTestObject("Pages/FirstPayVault/checkbox_TaxExempt"), PageLoadTime): Scroll to object 'Object Repository/Pages/FirstPayVault/checkbox_TaxExempt' successfully&#xD;
&#xD;
2019-11-01 07:37:54 - [MESSAGE][PASSED] - Scroll to object 'Object Repository/Pages/FirstPayVault/checkbox_TaxExempt' successfully&#xD;
&#xD;
2019-11-01 07:37:54 - [TEST_STEP][PASSED] - pages.FirstPayVault.verifyAmountIsNotZero(salesTax): pages.FirstPayVault.verifyAmountIsNotZero is PASSED&#xD;
&#xD;
2019-11-01 07:37:54 - [MESSAGE][PASSED] - pages.FirstPayVault.verifyAmountIsNotZero is PASSED&#xD;
&#xD;
2019-11-01 07:37:54 - [TEST_STEP][PASSED] - utilities.SafeActions.safeCheckForElement(findTestObject("Pages/FirstPayVault/checkbox_TaxExempt"), PageLoadTime): utilities.SafeActions.safeCheckForElement is PASSED&#xD;
&#xD;
2019-11-01 07:37:54 - [MESSAGE][PASSED] - Object 'Object Repository/Pages/FirstPayVault/checkbox_TaxExempt' is present&#xD;
&#xD;
2019-11-01 07:37:54 - [MESSAGE][PASSED] - Object 'Object Repository/Pages/FirstPayVault/checkbox_TaxExempt' is visible&#xD;
&#xD;
2019-11-01 07:37:54 - [MESSAGE][PASSED] - Object 'Object Repository/Pages/FirstPayVault/checkbox_TaxExempt' is present&#xD;
&#xD;
2019-11-01 07:37:55 - [MESSAGE][PASSED] - Object 'Object Repository/Pages/FirstPayVault/checkbox_TaxExempt' is checked&#xD;
&#xD;
2019-11-01 07:37:55 - [MESSAGE][PASSED] - utilities.SafeActions.safeCheckForElement is PASSED&#xD;
&#xD;
2019-11-01 07:37:55 - [TEST_STEP][PASSED] - utilities.SafeActions.safeClickwithScroll(findTestObject("Pages/FirstPayVault/button_Checkout"), "Click on Checkout", [PageLoadTime]): utilities.SafeActions.safeClickwithScroll is PASSED&#xD;
&#xD;
2019-11-01 07:37:55 - [MESSAGE][PASSED] - Object 'Object Repository/Pages/FirstPayVault/button_Checkout' is present&#xD;
&#xD;
2019-11-01 07:37:55 - [MESSAGE][PASSED] - Object 'Object Repository/Pages/FirstPayVault/button_Checkout' is visible&#xD;
&#xD;
2019-11-01 07:37:55 - [MESSAGE][INFO] - 1stPayVault_TestSuite.ts:waiting until Click on Checkout is Clickable&#xD;
&#xD;
2019-11-01 07:37:56 - [MESSAGE][PASSED] - Object 'Object Repository/Pages/FirstPayVault/button_Checkout' is clickable&#xD;
&#xD;
2019-11-01 07:37:56 - [MESSAGE][PASSED] - Object 'Object Repository/Pages/FirstPayVault/button_Checkout' is visible&#xD;
&#xD;
2019-11-01 07:37:57 - [MESSAGE][PASSED] - Object: 'Object Repository/Pages/FirstPayVault/button_Checkout' is clicked on&#xD;
&#xD;
2019-11-01 07:37:57 - [MESSAGE][INFO] - 1stPayVault_TestSuite.ts: Clicked on the Click on Checkout&#xD;
&#xD;
2019-11-01 07:37:57 - [MESSAGE][PASSED] - utilities.SafeActions.safeClickwithScroll is PASSED&#xD;
&#xD;
2019-11-01 07:37:57 - [TEST_STEP][PASSED] - pages.Sale.verifyTransactionCompletePage(findTestObject("Pages/Sale/heading_TransactionComplete")): The screen is Transaction Complete screen&#xD;
&#xD;
2019-11-01 07:37:58 - [MESSAGE][PASSED] - Object 'Object Repository/Pages/Sale/heading_TransactionComplete' is present&#xD;
&#xD;
2019-11-01 07:37:59 - [MESSAGE][PASSED] - The screen is Transaction Complete screen&#xD;
&#xD;
2019-11-01 07:37:59 - [TEST_STEP][PASSED] - utilities.SafeActions.safeClickWithoutScroll(findTestObject("Pages/FirstPayVault/button_ReturnToSale_InTransactionComplete"), "Click On Return Button", [PageLoadTime]): utilities.SafeActions.safeClickWithoutScroll is PASSED&#xD;
&#xD;
2019-11-01 07:37:59 - [MESSAGE][INFO] - Safe Click Without scroll&#xD;
&#xD;
2019-11-01 07:37:59 - [MESSAGE][INFO] - 1stPayVault_TestSuite.ts:waiting until Click On Return Button is Clickable&#xD;
&#xD;
2019-11-01 07:37:59 - [MESSAGE][PASSED] - Object 'Object Repository/Pages/FirstPayVault/button_ReturnToSale_InTransactionComplete' is clickable&#xD;
&#xD;
2019-11-01 07:37:59 - [MESSAGE][PASSED] - Object 'Object Repository/Pages/FirstPayVault/button_ReturnToSale_InTransactionComplete' is visible&#xD;
&#xD;
2019-11-01 07:38:01 - [MESSAGE][PASSED] - Object: 'Object Repository/Pages/FirstPayVault/button_ReturnToSale_InTransactionComplete' is clicked on&#xD;
&#xD;
2019-11-01 07:38:01 - [MESSAGE][INFO] - 1stPayVault_TestSuite.ts: click on the Click On Return Button&#xD;
&#xD;
2019-11-01 07:38:01 - [MESSAGE][PASSED] - utilities.SafeActions.safeClickWithoutScroll is PASSED&#xD;
&#xD;
2019-11-01 07:38:01 - [TEST_STEP][PASSED] - delay(2): Delayed 2 second(s)&#xD;
&#xD;
2019-11-01 07:38:03 - [MESSAGE][PASSED] - Delayed 2 second(s)&#xD;
&#xD;
2019-11-01 07:38:03 - [TEST_STEP][PASSED] - closeBrowser(): Browser is closed&#xD;
&#xD;
2019-11-01 07:38:10 - [MESSAGE][PASSED] - Browser is closed&#xD;
&#xD;
2019-11-01 07:38:10 - [TEST_STEP][PASSED] - Start listener action : sampleAfterTestCase: null&#xD;
&#xD;
2019-11-01 07:38:10 - [TEST_STEP][PASSED] - println(testCaseContext.getTestCaseId()): null&#xD;
&#xD;
2019-11-01 07:38:10 - [TEST_STEP][PASSED] - println(testCaseContext.getTestCaseStatus()): null&#xD;
&#xD;
2019-11-01 07:38:10 - [TEST_STEP][PASSED] - testCaseName = testCaseContext.getTestCaseId(): null&#xD;
&#xD;
2019-11-01 07:38:10 - [TEST_STEP][PASSED] - strCount = testCaseName.lastIndexOf("/"): null&#xD;
&#xD;
2019-11-01 07:38:10 - [TEST_STEP][PASSED] - testCaseName = testCaseName.substring(strCount): null&#xD;
&#xD;
2019-11-01 07:38:10 - [TEST_STEP][PASSED] - println(testCaseName): null&#xD;
&#xD;
2019-11-01 07:38:10 - [TEST_STEP][PASSED] - if (getTestCaseStatus().equalsIgnoreCase("Error")): null&#xD;
&#xD;
2019-11-01 07:38:10 - [TEST_STEP][PASSED] - Start listener action : sampleAfterTestCase: null</system-out>
            <system-err></system-err>
        </testcase>
        <testcase name="Test Cases/FirstView/FirstPayVault/VPOS_1stPayVault_Validate_CreatedVault_Presence_By_SearchVault_Retail" classname="Test Cases/FirstView/FirstPayVault/VPOS_1stPayVault_Validate_CreatedVault_Presence_By_SearchVault_Retail" status="PASSED">
            <system-out>2019-11-01 07:38:10 - [TEST_CASE][PASSED] - Test Cases/FirstView/FirstPayVault/VPOS_1stPayVault_Validate_CreatedVault_Presence_By_SearchVault_Retail: Test Cases/FirstView/FirstPayVault/VPOS_1stPayVault_Validate_CreatedVault_Presence_By_SearchVault_Retail&#xD;
&#xD;
2019-11-01 07:38:10 - [TEST_STEP][PASSED] - Start listener action : sampleBeforeTestCase: null&#xD;
&#xD;
2019-11-01 07:38:10 - [TEST_STEP][PASSED] - println(testCaseContext.getTestCaseId()): null&#xD;
&#xD;
2019-11-01 07:38:10 - [TEST_STEP][PASSED] - println(testCaseContext.getTestCaseVariables()): null&#xD;
&#xD;
2019-11-01 07:38:11 - [TEST_STEP][PASSED] - utilities.SafeActions.openBrowser(URL, [PageLoadTime]): utilities.SafeActions.openBrowser is PASSED&#xD;
&#xD;
2019-11-01 07:38:11 - [MESSAGE][INFO] - Opening Browser&#xD;
&#xD;
2019-11-01 07:38:11 - [MESSAGE][INFO] - Starting 'Chrome' driver&#xD;
&#xD;
2019-11-01 07:38:20 - [MESSAGE][PASSED] - Browser is opened with url: 'https://q-www-firstview-net.faps.net/MVC/Account/Login'&#xD;
&#xD;
2019-11-01 07:38:25 - [MESSAGE][PASSED] - Current window maximized&#xD;
&#xD;
2019-11-01 07:38:25 - [MESSAGE][INFO] - Browser Launched Successfully&#xD;
&#xD;
2019-11-01 07:38:25 - [MESSAGE][PASSED] - utilities.SafeActions.openBrowser is PASSED&#xD;
&#xD;
2019-11-01 07:38:25 - [TEST_STEP][PASSED] - pages.Login.login(uName, password): pages.Login.login is PASSED&#xD;
&#xD;
2019-11-01 07:38:25 - [MESSAGE][PASSED] - Object 'Object Repository/Pages/Login/userName' is present&#xD;
&#xD;
2019-11-01 07:38:25 - [MESSAGE][PASSED] - Scroll to object 'Object Repository/Pages/Login/userName' successfully&#xD;
&#xD;
2019-11-01 07:38:25 - [MESSAGE][PASSED] - Object 'Object Repository/Pages/Login/userName' is present&#xD;
&#xD;
2019-11-01 07:38:26 - [MESSAGE][PASSED] - Object: 'Object Repository/Pages/Login/userName' is clicked on&#xD;
&#xD;
2019-11-01 07:38:26 - [MESSAGE][PASSED] - Text 'ZenQRetail' is set on object 'Object Repository/Pages/Login/userName'&#xD;
&#xD;
2019-11-01 07:38:26 - [MESSAGE][PASSED] - Object 'Object Repository/Pages/Login/password' is present&#xD;
&#xD;
2019-11-01 07:38:27 - [MESSAGE][PASSED] - Scroll to object 'Object Repository/Pages/Login/password' successfully&#xD;
&#xD;
2019-11-01 07:38:27 - [MESSAGE][PASSED] - Object 'Object Repository/Pages/Login/password' is present&#xD;
&#xD;
2019-11-01 07:38:27 - [MESSAGE][PASSED] - Object: 'Object Repository/Pages/Login/password' is clicked on&#xD;
&#xD;
2019-11-01 07:38:27 - [MESSAGE][PASSED] - Text 'P@ssword1' is set on object 'Object Repository/Pages/Login/password'&#xD;
&#xD;
2019-11-01 07:38:28 - [MESSAGE][INFO] - Safe Click Without scroll&#xD;
&#xD;
2019-11-01 07:38:28 - [MESSAGE][INFO] - 1stPayVault_TestSuite.ts:waiting until Click on Login is Clickable&#xD;
&#xD;
2019-11-01 07:38:28 - [MESSAGE][PASSED] - Object 'Object Repository/Pages/Login/login' is clickable&#xD;
&#xD;
2019-11-01 07:38:28 - [MESSAGE][PASSED] - Object 'Object Repository/Pages/Login/login' is visible&#xD;
&#xD;
2019-11-01 07:38:30 - [MESSAGE][PASSED] - Object: 'Object Repository/Pages/Login/login' is clicked on&#xD;
&#xD;
2019-11-01 07:38:30 - [MESSAGE][INFO] - 1stPayVault_TestSuite.ts: click on the Click on Login&#xD;
&#xD;
2019-11-01 07:38:30 - [MESSAGE][PASSED] - pages.Login.login is PASSED&#xD;
&#xD;
2019-11-01 07:38:30 - [TEST_STEP][PASSED] - callTestCase(findTestCase("FirstView/Login/TC_SendCode"), [:], STOP_ON_FAILURE): Call Test Case 'Test Cases/FirstView/Login/TC_SendCode' successfully&#xD;
&#xD;
2019-11-01 07:38:31 - [TEST_CASE][PASSED] - Test Cases/FirstView/Login/TC_SendCode: Test Cases/FirstView/Login/TC_SendCode&#xD;
&#xD;
2019-11-01 07:38:31 - [TEST_STEP][PASSED] - flag = pages.SendCode.verifyPage(): pages.SendCode.verifyPage is PASSED&#xD;
&#xD;
2019-11-01 07:38:31 - [MESSAGE][PASSED] - Object 'Object Repository/Pages/SendCodeToValidate/header_SendCodeToValidate' is present and visible in viewport&#xD;
&#xD;
2019-11-01 07:38:31 - [MESSAGE][PASSED] - pages.SendCode.verifyPage is PASSED&#xD;
&#xD;
2019-11-01 07:38:31 - [TEST_STEP][PASSED] - if (flag): pages.SendCode.clickonUserSettings is PASSED&#xD;
&#xD;
2019-11-01 07:38:31 - [TEST_STEP][PASSED] - pages.SendCode.clickonUserSettings(): pages.SendCode.clickonUserSettings is PASSED&#xD;
&#xD;
2019-11-01 07:38:32 - [MESSAGE][PASSED] - Object 'Object Repository/Pages/SendCodeToValidate/link_UserSettings' is present&#xD;
&#xD;
2019-11-01 07:38:32 - [MESSAGE][PASSED] - Object 'Object Repository/Pages/SendCodeToValidate/link_UserSettings' is visible&#xD;
&#xD;
2019-11-01 07:38:32 - [MESSAGE][INFO] - 1stPayVault_TestSuite.ts:waiting until Click on User Settings is Clickable&#xD;
&#xD;
2019-11-01 07:38:32 - [MESSAGE][PASSED] - Object 'Object Repository/Pages/SendCodeToValidate/link_UserSettings' is clickable&#xD;
&#xD;
2019-11-01 07:38:32 - [MESSAGE][PASSED] - Object 'Object Repository/Pages/SendCodeToValidate/link_UserSettings' is visible&#xD;
&#xD;
2019-11-01 07:38:34 - [MESSAGE][PASSED] - Object: 'Object Repository/Pages/SendCodeToValidate/link_UserSettings' is clicked on&#xD;
&#xD;
2019-11-01 07:38:34 - [MESSAGE][INFO] - 1stPayVault_TestSuite.ts: Clicked on the Click on User Settings&#xD;
&#xD;
2019-11-01 07:38:34 - [MESSAGE][PASSED] - pages.SendCode.clickonUserSettings is PASSED&#xD;
&#xD;
2019-11-01 07:38:34 - [MESSAGE][PASSED] - Call Test Case 'Test Cases/FirstView/Login/TC_SendCode' successfully&#xD;
&#xD;
2019-11-01 07:38:34 - [TEST_STEP][PASSED] - callTestCase(findTestCase("FirstView/Login/TC_FirstView"), [:], STOP_ON_FAILURE): Call Test Case 'Test Cases/FirstView/Login/TC_FirstView' successfully&#xD;
&#xD;
2019-11-01 07:38:34 - [TEST_CASE][PASSED] - Test Cases/FirstView/Login/TC_FirstView: Test Cases/FirstView/Login/TC_FirstView&#xD;
&#xD;
2019-11-01 07:38:34 - [TEST_STEP][NOT_RUN] - utilities.SafeActions.safeClickWithoutScroll(findTestObject("Pages/FirstView/link_Home"), "Click on Home button in First View screen", [PageLoadTime]): NOT_RUN: utilities.SafeActions.safeClickWithoutScroll(findTestObject("Pages/FirstView/link_Home"), "Click on Home button in First View screen", [PageLoadTime])&#xD;
&#xD;
2019-11-01 07:38:34 - [MESSAGE][NOT_RUN] - NOT_RUN: utilities.SafeActions.safeClickWithoutScroll(findTestObject("Pages/FirstView/link_Home"), "Click on Home button in First View screen", [PageLoadTime])&#xD;
&#xD;
2019-11-01 07:38:34 - [TEST_STEP][PASSED] - delay(3): Delayed 3 second(s)&#xD;
&#xD;
2019-11-01 07:38:37 - [MESSAGE][PASSED] - Delayed 3 second(s)&#xD;
&#xD;
2019-11-01 07:38:37 - [TEST_STEP][PASSED] - utilities.SafeActions.javascriptclick(findTestObject("Pages/FirstView/link_Home"), delayForElement): utilities.SafeActions.javascriptclick is PASSED&#xD;
&#xD;
2019-11-01 07:38:38 - [MESSAGE][PASSED] - utilities.SafeActions.javascriptclick is PASSED&#xD;
&#xD;
2019-11-01 07:38:38 - [TEST_STEP][PASSED] - utilities.SafeActions.safeClickWithoutScroll(findTestObject("Pages/FirstView/link_VPOS"), "Click on VPOS button in First View screen", [PageLoadTime]): utilities.SafeActions.safeClickWithoutScroll is PASSED&#xD;
&#xD;
2019-11-01 07:38:38 - [MESSAGE][INFO] - Safe Click Without scroll&#xD;
&#xD;
2019-11-01 07:38:38 - [MESSAGE][INFO] - 1stPayVault_TestSuite.ts:waiting until Click on VPOS button in First View screen is Clickable&#xD;
&#xD;
2019-11-01 07:38:38 - [MESSAGE][PASSED] - Object 'Object Repository/Pages/FirstView/link_VPOS' is clickable&#xD;
&#xD;
2019-11-01 07:38:38 - [MESSAGE][PASSED] - Object 'Object Repository/Pages/FirstView/link_VPOS' is visible&#xD;
&#xD;
2019-11-01 07:38:39 - [MESSAGE][PASSED] - Object: 'Object Repository/Pages/FirstView/link_VPOS' is clicked on&#xD;
&#xD;
2019-11-01 07:38:39 - [MESSAGE][INFO] - 1stPayVault_TestSuite.ts: click on the Click on VPOS button in First View screen&#xD;
&#xD;
2019-11-01 07:38:39 - [MESSAGE][PASSED] - utilities.SafeActions.safeClickWithoutScroll is PASSED&#xD;
&#xD;
2019-11-01 07:38:39 - [MESSAGE][PASSED] - Call Test Case 'Test Cases/FirstView/Login/TC_FirstView' successfully&#xD;
&#xD;
2019-11-01 07:38:39 - [TEST_STEP][PASSED] - switchToWindowTitle("Transcenter - VPOS"): Switched to window with title: 'Transcenter - VPOS'&#xD;
&#xD;
2019-11-01 07:38:44 - [MESSAGE][PASSED] - Switched to window with title: 'Transcenter - VPOS'&#xD;
&#xD;
2019-11-01 07:38:44 - [TEST_STEP][PASSED] - focus(findTestObject("Pages/FirstPayVault/tab_FirstPayVault")): Object: 'Object Repository/Pages/FirstPayVault/tab_FirstPayVault' is focused&#xD;
&#xD;
2019-11-01 07:38:44 - [MESSAGE][PASSED] - Object: 'Object Repository/Pages/FirstPayVault/tab_FirstPayVault' is focused&#xD;
&#xD;
2019-11-01 07:38:44 - [TEST_STEP][PASSED] - utilities.SafeActions.javascriptclick(findTestObject("Pages/FirstPayVault/tab_FirstPayVault"), PageLoadTime): utilities.SafeActions.javascriptclick is PASSED&#xD;
&#xD;
2019-11-01 07:38:45 - [MESSAGE][PASSED] - utilities.SafeActions.javascriptclick is PASSED&#xD;
&#xD;
2019-11-01 07:38:45 - [TEST_STEP][PASSED] - delay(2): Delayed 2 second(s)&#xD;
&#xD;
2019-11-01 07:38:47 - [MESSAGE][PASSED] - Delayed 2 second(s)&#xD;
&#xD;
2019-11-01 07:38:47 - [TEST_STEP][PASSED] - utilities.SafeActions.safeClickWithoutScroll(findTestObject("Pages/FirstPayVault/tab_FirstPayVault"), "Click on FistPayVault tab", [delayForElement]): utilities.SafeActions.safeClickWithoutScroll is PASSED&#xD;
&#xD;
2019-11-01 07:38:47 - [MESSAGE][INFO] - Safe Click Without scroll&#xD;
&#xD;
2019-11-01 07:38:47 - [MESSAGE][INFO] - 1stPayVault_TestSuite.ts:waiting until Click on FistPayVault tab is Clickable&#xD;
&#xD;
2019-11-01 07:38:47 - [MESSAGE][PASSED] - Object 'Object Repository/Pages/FirstPayVault/tab_FirstPayVault' is clickable&#xD;
&#xD;
2019-11-01 07:38:47 - [MESSAGE][PASSED] - Object 'Object Repository/Pages/FirstPayVault/tab_FirstPayVault' is visible&#xD;
&#xD;
2019-11-01 07:38:48 - [MESSAGE][PASSED] - Object: 'Object Repository/Pages/FirstPayVault/tab_FirstPayVault' is clicked on&#xD;
&#xD;
2019-11-01 07:38:48 - [MESSAGE][INFO] - 1stPayVault_TestSuite.ts: click on the Click on FistPayVault tab&#xD;
&#xD;
2019-11-01 07:38:48 - [MESSAGE][PASSED] - utilities.SafeActions.safeClickWithoutScroll is PASSED&#xD;
&#xD;
2019-11-01 07:38:48 - [TEST_STEP][PASSED] - utilities.SafeActions.safeClickWithoutScroll(findTestObject("Pages/FirstPayVault/button_CreateVault"), "Click on CreateVault button", [PageLoadTime]): utilities.SafeActions.safeClickWithoutScroll is PASSED&#xD;
&#xD;
2019-11-01 07:38:48 - [MESSAGE][INFO] - Safe Click Without scroll&#xD;
&#xD;
2019-11-01 07:38:48 - [MESSAGE][INFO] - 1stPayVault_TestSuite.ts:waiting until Click on CreateVault button is Clickable&#xD;
&#xD;
2019-11-01 07:38:48 - [MESSAGE][PASSED] - Object 'Object Repository/Pages/FirstPayVault/button_CreateVault' is clickable&#xD;
&#xD;
2019-11-01 07:38:48 - [MESSAGE][PASSED] - Object 'Object Repository/Pages/FirstPayVault/button_CreateVault' is visible&#xD;
&#xD;
2019-11-01 07:38:49 - [MESSAGE][PASSED] - Object: 'Object Repository/Pages/FirstPayVault/button_CreateVault' is clicked on&#xD;
&#xD;
2019-11-01 07:38:49 - [MESSAGE][INFO] - 1stPayVault_TestSuite.ts: click on the Click on CreateVault button&#xD;
&#xD;
2019-11-01 07:38:49 - [MESSAGE][PASSED] - utilities.SafeActions.safeClickWithoutScroll is PASSED&#xD;
&#xD;
2019-11-01 07:38:49 - [TEST_STEP][PASSED] - scrollToElement(findTestObject("Pages/FirstPayVault/input_VaultReferenceNumber"), PageLoadTime): Scroll to object 'Object Repository/Pages/FirstPayVault/input_VaultReferenceNumber' successfully&#xD;
&#xD;
2019-11-01 07:38:49 - [MESSAGE][PASSED] - Scroll to object 'Object Repository/Pages/FirstPayVault/input_VaultReferenceNumber' successfully&#xD;
&#xD;
2019-11-01 07:38:49 - [TEST_STEP][PASSED] - vaultReference = utilities.SafeActions.timeWithMilliSeconds(): utilities.SafeActions.timeWithMilliSeconds is PASSED&#xD;
&#xD;
2019-11-01 07:38:49 - [MESSAGE][PASSED] - utilities.SafeActions.timeWithMilliSeconds is PASSED&#xD;
&#xD;
2019-11-01 07:38:49 - [TEST_STEP][PASSED] - utilities.SafeActions.safeType(findTestObject("Pages/FirstPayVault/input_VaultReferenceNumber"), vaultReference, "Entering Vault Reference Number", [PageLoadTime]): utilities.SafeActions.safeType is PASSED&#xD;
&#xD;
2019-11-01 07:38:49 - [MESSAGE][PASSED] - Object 'Object Repository/Pages/FirstPayVault/input_VaultReferenceNumber' is present&#xD;
&#xD;
2019-11-01 07:38:49 - [MESSAGE][PASSED] - Scroll to object 'Object Repository/Pages/FirstPayVault/input_VaultReferenceNumber' successfully&#xD;
&#xD;
2019-11-01 07:38:49 - [MESSAGE][PASSED] - Object 'Object Repository/Pages/FirstPayVault/input_VaultReferenceNumber' is present&#xD;
&#xD;
2019-11-01 07:38:50 - [MESSAGE][PASSED] - Object: 'Object Repository/Pages/FirstPayVault/input_VaultReferenceNumber' is clicked on&#xD;
&#xD;
2019-11-01 07:38:50 - [MESSAGE][PASSED] - Text '2019-11-01 07:38:49.490' is set on object 'Object Repository/Pages/FirstPayVault/input_VaultReferenceNumber'&#xD;
&#xD;
2019-11-01 07:38:50 - [MESSAGE][PASSED] - utilities.SafeActions.safeType is PASSED&#xD;
&#xD;
2019-11-01 07:38:50 - [TEST_STEP][PASSED] - utilities.SafeActions.safeType(findTestObject("Pages/FirstPayVault/input_CreditCardNumber"), visaCardNumber, "Entering Card Number", [PageLoadTime]): utilities.SafeActions.safeType is PASSED&#xD;
&#xD;
2019-11-01 07:38:51 - [MESSAGE][PASSED] - Object 'Object Repository/Pages/FirstPayVault/input_CreditCardNumber' is present&#xD;
&#xD;
2019-11-01 07:38:51 - [MESSAGE][PASSED] - Scroll to object 'Object Repository/Pages/FirstPayVault/input_CreditCardNumber' successfully&#xD;
&#xD;
2019-11-01 07:38:51 - [MESSAGE][PASSED] - Object 'Object Repository/Pages/FirstPayVault/input_CreditCardNumber' is present&#xD;
&#xD;
2019-11-01 07:38:51 - [MESSAGE][PASSED] - Object: 'Object Repository/Pages/FirstPayVault/input_CreditCardNumber' is clicked on&#xD;
&#xD;
2019-11-01 07:38:52 - [MESSAGE][PASSED] - Text '4111111111111111' is set on object 'Object Repository/Pages/FirstPayVault/input_CreditCardNumber'&#xD;
&#xD;
2019-11-01 07:38:52 - [MESSAGE][PASSED] - utilities.SafeActions.safeType is PASSED&#xD;
&#xD;
2019-11-01 07:38:52 - [TEST_STEP][PASSED] - utilities.SafeActions.safeSelectOptionInDropDownByVisibleText(findTestObject("Pages/FirstPayVault/dropDown_ExpirationMonth"), cardMonth, "Expiration Month", [PageLoadTime]): utilities.SafeActions.safeSelectOptionInDropDownByVisibleText is PASSED&#xD;
&#xD;
2019-11-01 07:38:52 - [MESSAGE][PASSED] - Object 'Object Repository/Pages/FirstPayVault/dropDown_ExpirationMonth' is visible&#xD;
&#xD;
2019-11-01 07:38:52 - [MESSAGE][PASSED] - Object 'Object Repository/Pages/FirstPayVault/dropDown_ExpirationMonth' is present&#xD;
&#xD;
2019-11-01 07:38:53 - [MESSAGE][PASSED] - Object: 'Object Repository/Pages/FirstPayVault/dropDown_ExpirationMonth' is clicked on&#xD;
&#xD;
2019-11-01 07:38:53 - [MESSAGE][PASSED] - All options with label 'September' are selected in object 'Object Repository/Pages/FirstPayVault/dropDown_ExpirationMonth' &#xD;
&#xD;
2019-11-01 07:38:53 - [MESSAGE][PASSED] - utilities.SafeActions.safeSelectOptionInDropDownByVisibleText is PASSED&#xD;
&#xD;
2019-11-01 07:38:53 - [TEST_STEP][PASSED] - utilities.SafeActions.safeSelectOptionInDropDownByVisibleText(findTestObject("Pages/FirstPayVault/dropDown_ExpirationYear"), cardYear, "year", [PageLoadTime]): utilities.SafeActions.safeSelectOptionInDropDownByVisibleText is PASSED&#xD;
&#xD;
2019-11-01 07:38:53 - [MESSAGE][PASSED] - Object 'Object Repository/Pages/FirstPayVault/dropDown_ExpirationYear' is visible&#xD;
&#xD;
2019-11-01 07:38:53 - [MESSAGE][PASSED] - Object 'Object Repository/Pages/FirstPayVault/dropDown_ExpirationYear' is present&#xD;
&#xD;
2019-11-01 07:38:54 - [MESSAGE][PASSED] - Object: 'Object Repository/Pages/FirstPayVault/dropDown_ExpirationYear' is clicked on&#xD;
&#xD;
2019-11-01 07:38:54 - [MESSAGE][PASSED] - All options with label '2022' are selected in object 'Object Repository/Pages/FirstPayVault/dropDown_ExpirationYear' &#xD;
&#xD;
2019-11-01 07:38:54 - [MESSAGE][PASSED] - utilities.SafeActions.safeSelectOptionInDropDownByVisibleText is PASSED&#xD;
&#xD;
2019-11-01 07:38:54 - [TEST_STEP][PASSED] - utilities.SafeActions.safeType(findTestObject("Pages/FirstPayVault/input_ContactName"), customerName, "Enter Contact Name", [PageLoadTime]): utilities.SafeActions.safeType is PASSED&#xD;
&#xD;
2019-11-01 07:38:54 - [MESSAGE][PASSED] - Object 'Object Repository/Pages/FirstPayVault/input_ContactName' is present&#xD;
&#xD;
2019-11-01 07:38:54 - [MESSAGE][PASSED] - Scroll to object 'Object Repository/Pages/FirstPayVault/input_ContactName' successfully&#xD;
&#xD;
2019-11-01 07:38:54 - [MESSAGE][PASSED] - Object 'Object Repository/Pages/FirstPayVault/input_ContactName' is present&#xD;
&#xD;
2019-11-01 07:38:55 - [MESSAGE][PASSED] - Object: 'Object Repository/Pages/FirstPayVault/input_ContactName' is clicked on&#xD;
&#xD;
2019-11-01 07:38:55 - [MESSAGE][PASSED] - Text 'Venkat Sai' is set on object 'Object Repository/Pages/FirstPayVault/input_ContactName'&#xD;
&#xD;
2019-11-01 07:38:55 - [MESSAGE][PASSED] - utilities.SafeActions.safeType is PASSED&#xD;
&#xD;
2019-11-01 07:38:55 - [TEST_STEP][PASSED] - utilities.SafeActions.safeType(findTestObject("Pages/FirstPayVault/input_PostalCode"), postalCode, "Enter Postal Code", [PageLoadTime]): utilities.SafeActions.safeType is PASSED&#xD;
&#xD;
2019-11-01 07:38:55 - [MESSAGE][PASSED] - Object 'Object Repository/Pages/FirstPayVault/input_PostalCode' is present&#xD;
&#xD;
2019-11-01 07:38:55 - [MESSAGE][PASSED] - Scroll to object 'Object Repository/Pages/FirstPayVault/input_PostalCode' successfully&#xD;
&#xD;
2019-11-01 07:38:55 - [MESSAGE][PASSED] - Object 'Object Repository/Pages/FirstPayVault/input_PostalCode' is present&#xD;
&#xD;
2019-11-01 07:38:56 - [MESSAGE][PASSED] - Object: 'Object Repository/Pages/FirstPayVault/input_PostalCode' is clicked on&#xD;
&#xD;
2019-11-01 07:38:56 - [MESSAGE][PASSED] - Text '76102' is set on object 'Object Repository/Pages/FirstPayVault/input_PostalCode'&#xD;
&#xD;
2019-11-01 07:38:56 - [MESSAGE][PASSED] - utilities.SafeActions.safeType is PASSED&#xD;
&#xD;
2019-11-01 07:38:56 - [TEST_STEP][PASSED] - utilities.SafeActions.safeType(findTestObject("Pages/FirstPayVault/input_Address"), address, "Enter ddress", [PageLoadTime]): utilities.SafeActions.safeType is PASSED&#xD;
&#xD;
2019-11-01 07:38:56 - [MESSAGE][PASSED] - Object 'Object Repository/Pages/FirstPayVault/input_Address' is present&#xD;
&#xD;
2019-11-01 07:38:56 - [MESSAGE][PASSED] - Scroll to object 'Object Repository/Pages/FirstPayVault/input_Address' successfully&#xD;
&#xD;
2019-11-01 07:38:56 - [MESSAGE][PASSED] - Object 'Object Repository/Pages/FirstPayVault/input_Address' is present&#xD;
&#xD;
2019-11-01 07:38:57 - [MESSAGE][PASSED] - Object: 'Object Repository/Pages/FirstPayVault/input_Address' is clicked on&#xD;
&#xD;
2019-11-01 07:38:57 - [MESSAGE][PASSED] - Text 'Street123' is set on object 'Object Repository/Pages/FirstPayVault/input_Address'&#xD;
&#xD;
2019-11-01 07:38:57 - [MESSAGE][PASSED] - utilities.SafeActions.safeType is PASSED&#xD;
&#xD;
2019-11-01 07:38:57 - [TEST_STEP][PASSED] - utilities.SafeActions.safeCheckForElement(findTestObject("Pages/FirstPayVault/chekBox_AddShippingInformation"), PageLoadTime): utilities.SafeActions.safeCheckForElement is PASSED&#xD;
&#xD;
2019-11-01 07:38:57 - [MESSAGE][PASSED] - Object 'Object Repository/Pages/FirstPayVault/chekBox_AddShippingInformation' is present&#xD;
&#xD;
2019-11-01 07:38:57 - [MESSAGE][PASSED] - Object 'Object Repository/Pages/FirstPayVault/chekBox_AddShippingInformation' is visible&#xD;
&#xD;
2019-11-01 07:38:57 - [MESSAGE][PASSED] - Object 'Object Repository/Pages/FirstPayVault/chekBox_AddShippingInformation' is present&#xD;
&#xD;
2019-11-01 07:38:58 - [MESSAGE][PASSED] - Object 'Object Repository/Pages/FirstPayVault/chekBox_AddShippingInformation' is checked&#xD;
&#xD;
2019-11-01 07:38:58 - [MESSAGE][PASSED] - utilities.SafeActions.safeCheckForElement is PASSED&#xD;
&#xD;
2019-11-01 07:38:58 - [TEST_STEP][PASSED] - utilities.SafeActions.safeType(findTestObject("Pages/FirstPayVault/input_ShippingMethod"), shippingMethod, "Enter Shipping Method", [PageLoadTime]): utilities.SafeActions.safeType is PASSED&#xD;
&#xD;
2019-11-01 07:38:58 - [MESSAGE][PASSED] - Object 'Object Repository/Pages/FirstPayVault/input_ShippingMethod' is present&#xD;
&#xD;
2019-11-01 07:38:58 - [MESSAGE][PASSED] - Scroll to object 'Object Repository/Pages/FirstPayVault/input_ShippingMethod' successfully&#xD;
&#xD;
2019-11-01 07:38:58 - [MESSAGE][PASSED] - Object 'Object Repository/Pages/FirstPayVault/input_ShippingMethod' is present&#xD;
&#xD;
2019-11-01 07:38:59 - [MESSAGE][PASSED] - Object: 'Object Repository/Pages/FirstPayVault/input_ShippingMethod' is clicked on&#xD;
&#xD;
2019-11-01 07:38:59 - [MESSAGE][PASSED] - Text 'DTDC' is set on object 'Object Repository/Pages/FirstPayVault/input_ShippingMethod'&#xD;
&#xD;
2019-11-01 07:38:59 - [MESSAGE][PASSED] - utilities.SafeActions.safeType is PASSED&#xD;
&#xD;
2019-11-01 07:38:59 - [TEST_STEP][PASSED] - utilities.SafeActions.safeCheckForElement(findTestObject("Pages/FirstPayVault/checkbox_SameAsBillingInformation"), PageLoadTime): utilities.SafeActions.safeCheckForElement is PASSED&#xD;
&#xD;
2019-11-01 07:38:59 - [MESSAGE][PASSED] - Object 'Object Repository/Pages/FirstPayVault/checkbox_SameAsBillingInformation' is present&#xD;
&#xD;
2019-11-01 07:38:59 - [MESSAGE][PASSED] - Object 'Object Repository/Pages/FirstPayVault/checkbox_SameAsBillingInformation' is visible&#xD;
&#xD;
2019-11-01 07:39:00 - [MESSAGE][PASSED] - Object 'Object Repository/Pages/FirstPayVault/checkbox_SameAsBillingInformation' is present&#xD;
&#xD;
2019-11-01 07:39:00 - [MESSAGE][PASSED] - Object 'Object Repository/Pages/FirstPayVault/checkbox_SameAsBillingInformation' is checked&#xD;
&#xD;
2019-11-01 07:39:00 - [MESSAGE][PASSED] - utilities.SafeActions.safeCheckForElement is PASSED&#xD;
&#xD;
2019-11-01 07:39:00 - [TEST_STEP][PASSED] - utilities.SafeActions.safeClickwithScroll(findTestObject("Pages/FirstPayVault/button_Create"), "Click on Create Button", [PageLoadTime]): utilities.SafeActions.safeClickwithScroll is PASSED&#xD;
&#xD;
2019-11-01 07:39:00 - [MESSAGE][PASSED] - Object 'Object Repository/Pages/FirstPayVault/button_Create' is present&#xD;
&#xD;
2019-11-01 07:39:01 - [MESSAGE][PASSED] - Object 'Object Repository/Pages/FirstPayVault/button_Create' is visible&#xD;
&#xD;
2019-11-01 07:39:01 - [MESSAGE][INFO] - 1stPayVault_TestSuite.ts:waiting until Click on Create Button is Clickable&#xD;
&#xD;
2019-11-01 07:39:01 - [MESSAGE][PASSED] - Object 'Object Repository/Pages/FirstPayVault/button_Create' is clickable&#xD;
&#xD;
2019-11-01 07:39:01 - [MESSAGE][PASSED] - Object 'Object Repository/Pages/FirstPayVault/button_Create' is visible&#xD;
&#xD;
2019-11-01 07:39:01 - [MESSAGE][PASSED] - Object: 'Object Repository/Pages/FirstPayVault/button_Create' is clicked on&#xD;
&#xD;
2019-11-01 07:39:01 - [MESSAGE][INFO] - 1stPayVault_TestSuite.ts: Clicked on the Click on Create Button&#xD;
&#xD;
2019-11-01 07:39:01 - [MESSAGE][PASSED] - utilities.SafeActions.safeClickwithScroll is PASSED&#xD;
&#xD;
2019-11-01 07:39:01 - [TEST_STEP][PASSED] - popupSavedToVaultMessage = utilities.SafeActions.safeGetText(findTestObject("Pages/FirstPayVault/popup_SavedToVaultMessage"), PageLoadTime): utilities.SafeActions.safeGetText is PASSED&#xD;
&#xD;
2019-11-01 07:39:02 - [MESSAGE][PASSED] - Object 'Object Repository/Pages/FirstPayVault/popup_SavedToVaultMessage' is present&#xD;
&#xD;
2019-11-01 07:39:02 - [MESSAGE][PASSED] - Scroll to object 'Object Repository/Pages/FirstPayVault/popup_SavedToVaultMessage' successfully&#xD;
&#xD;
2019-11-01 07:39:02 - [MESSAGE][PASSED] - Object 'Object Repository/Pages/FirstPayVault/popup_SavedToVaultMessage' is present&#xD;
&#xD;
2019-11-01 07:39:03 - [MESSAGE][PASSED] - Text of object 'Object Repository/Pages/FirstPayVault/popup_SavedToVaultMessage' is: 'Successfully Saved to Vault'&#xD;
&#xD;
2019-11-01 07:39:03 - [MESSAGE][PASSED] - utilities.SafeActions.safeGetText is PASSED&#xD;
&#xD;
2019-11-01 07:39:03 - [TEST_STEP][PASSED] - flag = utilities.SafeActions.verifyPopupMessage("Successfully Saved to Vault", popupSavedToVaultMessage): Popup Message : Successfully Saved to Vault matched with expected message : Successfully Saved to Vault&#xD;
&#xD;
2019-11-01 07:39:03 - [MESSAGE][PASSED] - Popup Message : Successfully Saved to Vault matched with expected message : Successfully Saved to Vault&#xD;
&#xD;
2019-11-01 07:39:03 - [TEST_STEP][PASSED] - utilities.SafeActions.safeClickWithoutScroll(findTestObject("Pages/FirstPayVault/button_RunSaleWithThisVault_InPopup"), "Click on Run Sale With This Vault in Popup", [delayBetweenTestSteps]): utilities.SafeActions.safeClickWithoutScroll is PASSED&#xD;
&#xD;
2019-11-01 07:39:03 - [MESSAGE][INFO] - Safe Click Without scroll&#xD;
&#xD;
2019-11-01 07:39:03 - [MESSAGE][INFO] - 1stPayVault_TestSuite.ts:waiting until Click on Run Sale With This Vault in Popup is Clickable&#xD;
&#xD;
2019-11-01 07:39:03 - [MESSAGE][PASSED] - Object 'Object Repository/Pages/FirstPayVault/button_RunSaleWithThisVault_InPopup' is clickable&#xD;
&#xD;
2019-11-01 07:39:03 - [MESSAGE][PASSED] - Object 'Object Repository/Pages/FirstPayVault/button_RunSaleWithThisVault_InPopup' is visible&#xD;
&#xD;
2019-11-01 07:39:04 - [MESSAGE][PASSED] - Object: 'Object Repository/Pages/FirstPayVault/button_RunSaleWithThisVault_InPopup' is clicked on&#xD;
&#xD;
2019-11-01 07:39:04 - [MESSAGE][INFO] - 1stPayVault_TestSuite.ts: click on the Click on Run Sale With This Vault in Popup&#xD;
&#xD;
2019-11-01 07:39:04 - [MESSAGE][PASSED] - utilities.SafeActions.safeClickWithoutScroll is PASSED&#xD;
&#xD;
2019-11-01 07:39:04 - [TEST_STEP][PASSED] - value = utilities.SafeActions.getAttributeValue(findTestObject("Pages/FirstPayVault/tab_1stPayVault_Active"), "1st_PayVault"): The screen is 1st_PayVault screen&#xD;
&#xD;
2019-11-01 07:39:04 - [MESSAGE][PASSED] - Attribute 'class' of object 'Object Repository/Pages/FirstPayVault/tab_1stPayVault_Active' is: 'active_tab tabs__link'&#xD;
&#xD;
2019-11-01 07:39:04 - [MESSAGE][PASSED] - The screen is 1st_PayVault screen&#xD;
&#xD;
2019-11-01 07:39:04 - [TEST_STEP][PASSED] - scrollToElement(findTestObject("Pages/FirstPayVault/input_Amount"), PageLoadTime): Scroll to object 'Object Repository/Pages/FirstPayVault/input_Amount' successfully&#xD;
&#xD;
2019-11-01 07:39:04 - [MESSAGE][PASSED] - Scroll to object 'Object Repository/Pages/FirstPayVault/input_Amount' successfully&#xD;
&#xD;
2019-11-01 07:39:04 - [TEST_STEP][PASSED] - utilities.SafeActions.safeType(findTestObject("Pages/FirstPayVault/input_Amount"), amount, "Enter Amount", [PageLoadTime]): utilities.SafeActions.safeType is PASSED&#xD;
&#xD;
2019-11-01 07:39:05 - [MESSAGE][PASSED] - Object 'Object Repository/Pages/FirstPayVault/input_Amount' is present&#xD;
&#xD;
2019-11-01 07:39:05 - [MESSAGE][PASSED] - Scroll to object 'Object Repository/Pages/FirstPayVault/input_Amount' successfully&#xD;
&#xD;
2019-11-01 07:39:05 - [MESSAGE][PASSED] - Object 'Object Repository/Pages/FirstPayVault/input_Amount' is present&#xD;
&#xD;
2019-11-01 07:39:05 - [MESSAGE][PASSED] - Object: 'Object Repository/Pages/FirstPayVault/input_Amount' is clicked on&#xD;
&#xD;
2019-11-01 07:39:05 - [MESSAGE][PASSED] - Text '450' is set on object 'Object Repository/Pages/FirstPayVault/input_Amount'&#xD;
&#xD;
2019-11-01 07:39:05 - [MESSAGE][PASSED] - utilities.SafeActions.safeType is PASSED&#xD;
&#xD;
2019-11-01 07:39:05 - [TEST_STEP][PASSED] - salesTax = utilities.SafeActions.safeGetText(findTestObject("Pages/FirstPayVault/input_SalesTaxUnderAmount"), delayBetweenTestSteps): utilities.SafeActions.safeGetText is PASSED&#xD;
&#xD;
2019-11-01 07:39:06 - [MESSAGE][PASSED] - Object 'Object Repository/Pages/FirstPayVault/input_SalesTaxUnderAmount' is present&#xD;
&#xD;
2019-11-01 07:39:06 - [MESSAGE][PASSED] - Scroll to object 'Object Repository/Pages/FirstPayVault/input_SalesTaxUnderAmount' successfully&#xD;
&#xD;
2019-11-01 07:39:06 - [MESSAGE][PASSED] - Object 'Object Repository/Pages/FirstPayVault/input_SalesTaxUnderAmount' is present&#xD;
&#xD;
2019-11-01 07:39:06 - [MESSAGE][PASSED] - Text of object 'Object Repository/Pages/FirstPayVault/input_SalesTaxUnderAmount' is: '$37.13'&#xD;
&#xD;
2019-11-01 07:39:06 - [MESSAGE][PASSED] - utilities.SafeActions.safeGetText is PASSED&#xD;
&#xD;
2019-11-01 07:39:06 - [TEST_STEP][PASSED] - pages.FirstPayVault.verifyAmountIsNotZero(salesTax): pages.FirstPayVault.verifyAmountIsNotZero is PASSED&#xD;
&#xD;
2019-11-01 07:39:06 - [MESSAGE][PASSED] - pages.FirstPayVault.verifyAmountIsNotZero is PASSED&#xD;
&#xD;
2019-11-01 07:39:06 - [TEST_STEP][PASSED] - scrollToElement(findTestObject("Pages/FirstPayVault/input_CreditCardNumberForVerification"), delayBetweenTestSteps): Scroll to object 'Object Repository/Pages/FirstPayVault/input_CreditCardNumberForVerification' successfully&#xD;
&#xD;
2019-11-01 07:39:06 - [MESSAGE][PASSED] - Scroll to object 'Object Repository/Pages/FirstPayVault/input_CreditCardNumberForVerification' successfully&#xD;
&#xD;
2019-11-01 07:39:06 - [TEST_STEP][PASSED] - cardNumber = utilities.SafeActions.getAttribute(findTestObject("Pages/FirstPayVault/input_CreditCardNumberForVerification"), "1st Pay Vault"): utilities.SafeActions.getAttribute is PASSED&#xD;
&#xD;
2019-11-01 07:39:06 - [MESSAGE][PASSED] - Attribute 'value' of object 'Object Repository/Pages/FirstPayVault/input_CreditCardNumberForVerification' is: '411111******1111'&#xD;
&#xD;
2019-11-01 07:39:06 - [MESSAGE][PASSED] - utilities.SafeActions.getAttribute is PASSED&#xD;
&#xD;
2019-11-01 07:39:06 - [TEST_STEP][PASSED] - pages.FirstPayVault.verifyCardNumber(cardNumber, visaCardNumber): Actual String : 4111111111111111 matched with Expected message : 411111******1111&#xD;
&#xD;
2019-11-01 07:39:06 - [MESSAGE][PASSED] - Actual String : 4111111111111111 matched with Expected message : 411111******1111&#xD;
&#xD;
2019-11-01 07:39:06 - [TEST_STEP][PASSED] - expirationYear = utilities.SafeActions.getAttribute(findTestObject("Pages/FirstPayVault/dropDownExpirationYearForVerification"), "1st Pay Vault"): utilities.SafeActions.getAttribute is PASSED&#xD;
&#xD;
2019-11-01 07:39:07 - [MESSAGE][PASSED] - Attribute 'value' of object 'Object Repository/Pages/FirstPayVault/dropDownExpirationYearForVerification' is: '2022'&#xD;
&#xD;
2019-11-01 07:39:07 - [MESSAGE][PASSED] - utilities.SafeActions.getAttribute is PASSED&#xD;
&#xD;
2019-11-01 07:39:07 - [TEST_STEP][PASSED] - pages.FirstPayVault.verifyStrings(expirationYear, cardYear): Actual String : 2022 matched with Expected message : 2022&#xD;
&#xD;
2019-11-01 07:39:07 - [MESSAGE][PASSED] - Actual String : 2022 matched with Expected message : 2022&#xD;
&#xD;
2019-11-01 07:39:07 - [TEST_STEP][PASSED] - scrollToElement(findTestObject("Pages/FirstPayVault/input_VerifyCardHolderName"), PageLoadTime): Scroll to object 'Object Repository/Pages/FirstPayVault/input_VerifyCardHolderName' successfully&#xD;
&#xD;
2019-11-01 07:39:07 - [MESSAGE][PASSED] - Scroll to object 'Object Repository/Pages/FirstPayVault/input_VerifyCardHolderName' successfully&#xD;
&#xD;
2019-11-01 07:39:07 - [TEST_STEP][PASSED] - name = utilities.SafeActions.getAttribute(findTestObject("Pages/FirstPayVault/input_VerifyCardHolderName"), "1stPayVault"): utilities.SafeActions.getAttribute is PASSED&#xD;
&#xD;
2019-11-01 07:39:07 - [MESSAGE][PASSED] - Attribute 'value' of object 'Object Repository/Pages/FirstPayVault/input_VerifyCardHolderName' is: 'Venkat Sai'&#xD;
&#xD;
2019-11-01 07:39:07 - [MESSAGE][PASSED] - utilities.SafeActions.getAttribute is PASSED&#xD;
&#xD;
2019-11-01 07:39:07 - [TEST_STEP][PASSED] - pages.FirstPayVault.verifyStrings(name, customerName): Actual String : Venkat Sai matched with Expected message : Venkat Sai&#xD;
&#xD;
2019-11-01 07:39:07 - [MESSAGE][PASSED] - Actual String : Venkat Sai matched with Expected message : Venkat Sai&#xD;
&#xD;
2019-11-01 07:39:07 - [TEST_STEP][PASSED] - scrollToElement(findTestObject("Pages/FirstPayVault/checkbox_TaxExempt"), PageLoadTime): Scroll to object 'Object Repository/Pages/FirstPayVault/checkbox_TaxExempt' successfully&#xD;
&#xD;
2019-11-01 07:39:07 - [MESSAGE][PASSED] - Scroll to object 'Object Repository/Pages/FirstPayVault/checkbox_TaxExempt' successfully&#xD;
&#xD;
2019-11-01 07:39:07 - [TEST_STEP][PASSED] - pages.FirstPayVault.verifyAmountIsNotZero(salesTax): pages.FirstPayVault.verifyAmountIsNotZero is PASSED&#xD;
&#xD;
2019-11-01 07:39:07 - [MESSAGE][PASSED] - pages.FirstPayVault.verifyAmountIsNotZero is PASSED&#xD;
&#xD;
2019-11-01 07:39:07 - [TEST_STEP][PASSED] - utilities.SafeActions.safeCheckForElement(findTestObject("Pages/FirstPayVault/checkbox_TaxExempt"), PageLoadTime): utilities.SafeActions.safeCheckForElement is PASSED&#xD;
&#xD;
2019-11-01 07:39:07 - [MESSAGE][PASSED] - Object 'Object Repository/Pages/FirstPayVault/checkbox_TaxExempt' is present&#xD;
&#xD;
2019-11-01 07:39:07 - [MESSAGE][PASSED] - Object 'Object Repository/Pages/FirstPayVault/checkbox_TaxExempt' is visible&#xD;
&#xD;
2019-11-01 07:39:07 - [MESSAGE][PASSED] - Object 'Object Repository/Pages/FirstPayVault/checkbox_TaxExempt' is present&#xD;
&#xD;
2019-11-01 07:39:08 - [MESSAGE][PASSED] - Object 'Object Repository/Pages/FirstPayVault/checkbox_TaxExempt' is checked&#xD;
&#xD;
2019-11-01 07:39:08 - [MESSAGE][PASSED] - utilities.SafeActions.safeCheckForElement is PASSED&#xD;
&#xD;
2019-11-01 07:39:08 - [TEST_STEP][PASSED] - utilities.SafeActions.safeClickwithScroll(findTestObject("Pages/FirstPayVault/button_Checkout"), "Click on Checkout", [PageLoadTime]): utilities.SafeActions.safeClickwithScroll is PASSED&#xD;
&#xD;
2019-11-01 07:39:08 - [MESSAGE][PASSED] - Object 'Object Repository/Pages/FirstPayVault/button_Checkout' is present&#xD;
&#xD;
2019-11-01 07:39:08 - [MESSAGE][PASSED] - Object 'Object Repository/Pages/FirstPayVault/button_Checkout' is visible&#xD;
&#xD;
2019-11-01 07:39:08 - [MESSAGE][INFO] - 1stPayVault_TestSuite.ts:waiting until Click on Checkout is Clickable&#xD;
&#xD;
2019-11-01 07:39:08 - [MESSAGE][PASSED] - Object 'Object Repository/Pages/FirstPayVault/button_Checkout' is clickable&#xD;
&#xD;
2019-11-01 07:39:08 - [MESSAGE][PASSED] - Object 'Object Repository/Pages/FirstPayVault/button_Checkout' is visible&#xD;
&#xD;
2019-11-01 07:39:09 - [MESSAGE][PASSED] - Object: 'Object Repository/Pages/FirstPayVault/button_Checkout' is clicked on&#xD;
&#xD;
2019-11-01 07:39:09 - [MESSAGE][INFO] - 1stPayVault_TestSuite.ts: Clicked on the Click on Checkout&#xD;
&#xD;
2019-11-01 07:39:09 - [MESSAGE][PASSED] - utilities.SafeActions.safeClickwithScroll is PASSED&#xD;
&#xD;
2019-11-01 07:39:09 - [TEST_STEP][PASSED] - pages.Sale.verifyTransactionCompletePage(findTestObject("Pages/Sale/heading_TransactionComplete")): The screen is Transaction Complete screen&#xD;
&#xD;
2019-11-01 07:39:10 - [MESSAGE][PASSED] - Object 'Object Repository/Pages/Sale/heading_TransactionComplete' is present&#xD;
&#xD;
2019-11-01 07:39:10 - [MESSAGE][PASSED] - The screen is Transaction Complete screen&#xD;
&#xD;
2019-11-01 07:39:10 - [TEST_STEP][PASSED] - utilities.SafeActions.safeClickWithoutScroll(findTestObject("Pages/FirstPayVault/button_ReturnToSale_InTransactionComplete"), "Click On Return Button", [PageLoadTime]): utilities.SafeActions.safeClickWithoutScroll is PASSED&#xD;
&#xD;
2019-11-01 07:39:10 - [MESSAGE][INFO] - Safe Click Without scroll&#xD;
&#xD;
2019-11-01 07:39:10 - [MESSAGE][INFO] - 1stPayVault_TestSuite.ts:waiting until Click On Return Button is Clickable&#xD;
&#xD;
2019-11-01 07:39:10 - [MESSAGE][PASSED] - Object 'Object Repository/Pages/FirstPayVault/button_ReturnToSale_InTransactionComplete' is clickable&#xD;
&#xD;
2019-11-01 07:39:10 - [MESSAGE][PASSED] - Object 'Object Repository/Pages/FirstPayVault/button_ReturnToSale_InTransactionComplete' is visible&#xD;
&#xD;
2019-11-01 07:39:11 - [MESSAGE][PASSED] - Object: 'Object Repository/Pages/FirstPayVault/button_ReturnToSale_InTransactionComplete' is clicked on&#xD;
&#xD;
2019-11-01 07:39:11 - [MESSAGE][INFO] - 1stPayVault_TestSuite.ts: click on the Click On Return Button&#xD;
&#xD;
2019-11-01 07:39:11 - [MESSAGE][PASSED] - utilities.SafeActions.safeClickWithoutScroll is PASSED&#xD;
&#xD;
2019-11-01 07:39:11 - [TEST_STEP][PASSED] - utilities.SafeActions.safeClickWithoutScroll(findTestObject("Pages/FirstPayVault/tab_FirstPayVault"), "Click on FirstPayVault tab", [PageLoadTime]): utilities.SafeActions.safeClickWithoutScroll is PASSED&#xD;
&#xD;
2019-11-01 07:39:11 - [MESSAGE][INFO] - Safe Click Without scroll&#xD;
&#xD;
2019-11-01 07:39:11 - [MESSAGE][INFO] - 1stPayVault_TestSuite.ts:waiting until Click on FirstPayVault tab is Clickable&#xD;
&#xD;
2019-11-01 07:39:12 - [MESSAGE][PASSED] - Object 'Object Repository/Pages/FirstPayVault/tab_FirstPayVault' is clickable&#xD;
&#xD;
2019-11-01 07:39:12 - [MESSAGE][PASSED] - Object 'Object Repository/Pages/FirstPayVault/tab_FirstPayVault' is visible&#xD;
&#xD;
2019-11-01 07:39:12 - [MESSAGE][PASSED] - Object: 'Object Repository/Pages/FirstPayVault/tab_FirstPayVault' is clicked on&#xD;
&#xD;
2019-11-01 07:39:12 - [MESSAGE][INFO] - 1stPayVault_TestSuite.ts: click on the Click on FirstPayVault tab&#xD;
&#xD;
2019-11-01 07:39:12 - [MESSAGE][PASSED] - utilities.SafeActions.safeClickWithoutScroll is PASSED&#xD;
&#xD;
2019-11-01 07:39:12 - [TEST_STEP][PASSED] - utilities.SafeActions.safeClickwithScroll(findTestObject("Pages/FirstPayVault/button_SearchVault"), "Click on Search Vault", [PageLoadTime]): utilities.SafeActions.safeClickwithScroll is PASSED&#xD;
&#xD;
2019-11-01 07:39:13 - [MESSAGE][PASSED] - Object 'Object Repository/Pages/FirstPayVault/button_SearchVault' is present&#xD;
&#xD;
2019-11-01 07:39:13 - [MESSAGE][PASSED] - Object 'Object Repository/Pages/FirstPayVault/button_SearchVault' is visible&#xD;
&#xD;
2019-11-01 07:39:13 - [MESSAGE][INFO] - 1stPayVault_TestSuite.ts:waiting until Click on Search Vault is Clickable&#xD;
&#xD;
2019-11-01 07:39:13 - [MESSAGE][PASSED] - Object 'Object Repository/Pages/FirstPayVault/button_SearchVault' is clickable&#xD;
&#xD;
2019-11-01 07:39:13 - [MESSAGE][PASSED] - Object 'Object Repository/Pages/FirstPayVault/button_SearchVault' is visible&#xD;
&#xD;
2019-11-01 07:39:14 - [MESSAGE][PASSED] - Object: 'Object Repository/Pages/FirstPayVault/button_SearchVault' is clicked on&#xD;
&#xD;
2019-11-01 07:39:14 - [MESSAGE][INFO] - 1stPayVault_TestSuite.ts: Clicked on the Click on Search Vault&#xD;
&#xD;
2019-11-01 07:39:14 - [MESSAGE][PASSED] - utilities.SafeActions.safeClickwithScroll is PASSED&#xD;
&#xD;
2019-11-01 07:39:14 - [TEST_STEP][PASSED] - utilities.SafeActions.safeClickWithoutScroll(findTestObject("Pages/FirstPayVault/button_Search"), "Click On Search button", [PageLoadTime]): utilities.SafeActions.safeClickWithoutScroll is PASSED&#xD;
&#xD;
2019-11-01 07:39:14 - [MESSAGE][INFO] - Safe Click Without scroll&#xD;
&#xD;
2019-11-01 07:39:14 - [MESSAGE][INFO] - 1stPayVault_TestSuite.ts:waiting until Click On Search button is Clickable&#xD;
&#xD;
2019-11-01 07:39:14 - [MESSAGE][PASSED] - Object 'Object Repository/Pages/FirstPayVault/button_Search' is clickable&#xD;
&#xD;
2019-11-01 07:39:14 - [MESSAGE][PASSED] - Object 'Object Repository/Pages/FirstPayVault/button_Search' is visible&#xD;
&#xD;
2019-11-01 07:39:14 - [MESSAGE][PASSED] - Object: 'Object Repository/Pages/FirstPayVault/button_Search' is clicked on&#xD;
&#xD;
2019-11-01 07:39:14 - [MESSAGE][INFO] - 1stPayVault_TestSuite.ts: click on the Click On Search button&#xD;
&#xD;
2019-11-01 07:39:14 - [MESSAGE][PASSED] - utilities.SafeActions.safeClickWithoutScroll is PASSED&#xD;
&#xD;
2019-11-01 07:39:14 - [TEST_STEP][PASSED] - scrollToElement(findTestObject("Pages/Transaction_Management/invoice_ForTransaction"), PageLoadTime): Scroll to object 'Object Repository/Pages/Transaction_Management/invoice_ForTransaction' successfully&#xD;
&#xD;
2019-11-01 07:39:17 - [MESSAGE][PASSED] - Scroll to object 'Object Repository/Pages/Transaction_Management/invoice_ForTransaction' successfully&#xD;
&#xD;
2019-11-01 07:39:17 - [TEST_STEP][PASSED] - pages.FirstPayVault.verifyInvoiceRecord(findTestObject("Pages/FirstPayVault/footer_NextButton"), findTestObject("Pages/FirstPayVault/page_Number"), vaultReference): The Vault is found in page 1&#xD;
&#xD;
2019-11-01 07:39:18 - [MESSAGE][PASSED] - Text of object 'Object Repository/Pages/FirstPayVault/page_Number' is: 'Page 1 of 38'&#xD;
&#xD;
2019-11-01 07:39:18 - [MESSAGE][PASSED] - The Vault is found in page 1&#xD;
&#xD;
2019-11-01 07:39:18 - [TEST_STEP][PASSED] - closeBrowser(): Browser is closed&#xD;
&#xD;
2019-11-01 07:39:19 - [MESSAGE][PASSED] - Browser is closed&#xD;
&#xD;
2019-11-01 07:39:19 - [TEST_STEP][PASSED] - Start listener action : sampleAfterTestCase: null&#xD;
&#xD;
2019-11-01 07:39:19 - [TEST_STEP][PASSED] - println(testCaseContext.getTestCaseId()): null&#xD;
&#xD;
2019-11-01 07:39:19 - [TEST_STEP][PASSED] - println(testCaseContext.getTestCaseStatus()): null&#xD;
&#xD;
2019-11-01 07:39:19 - [TEST_STEP][PASSED] - testCaseName = testCaseContext.getTestCaseId(): null&#xD;
&#xD;
2019-11-01 07:39:19 - [TEST_STEP][PASSED] - strCount = testCaseName.lastIndexOf("/"): null&#xD;
&#xD;
2019-11-01 07:39:19 - [TEST_STEP][PASSED] - testCaseName = testCaseName.substring(strCount): null&#xD;
&#xD;
2019-11-01 07:39:19 - [TEST_STEP][PASSED] - println(testCaseName): null&#xD;
&#xD;
2019-11-01 07:39:19 - [TEST_STEP][PASSED] - if (getTestCaseStatus().equalsIgnoreCase("Error")): null&#xD;
&#xD;
2019-11-01 07:39:19 - [TEST_STEP][PASSED] - Start listener action : sampleAfterTestCase: null</system-out>
            <system-err></system-err>
        </testcase>
        <testcase name="Test Cases/FirstView/FirstPayVault/VPOS_1stPayVault_UpdateCardMonth_By_Clicking_Edit_On_SearchedVault" classname="Test Cases/FirstView/FirstPayVault/VPOS_1stPayVault_UpdateCardMonth_By_Clicking_Edit_On_SearchedVault" status="PASSED">
            <system-out>2019-11-01 07:39:19 - [TEST_CASE][PASSED] - Test Cases/FirstView/FirstPayVault/VPOS_1stPayVault_UpdateCardMonth_By_Clicking_Edit_On_SearchedVault: Test Cases/FirstView/FirstPayVault/VPOS_1stPayVault_UpdateCardMonth_By_Clicking_Edit_On_SearchedVault&#xD;
&#xD;
2019-11-01 07:39:19 - [TEST_STEP][PASSED] - Start listener action : sampleBeforeTestCase: null&#xD;
&#xD;
2019-11-01 07:39:19 - [TEST_STEP][PASSED] - println(testCaseContext.getTestCaseId()): null&#xD;
&#xD;
2019-11-01 07:39:19 - [TEST_STEP][PASSED] - println(testCaseContext.getTestCaseVariables()): null&#xD;
&#xD;
2019-11-01 07:39:20 - [TEST_STEP][PASSED] - utilities.SafeActions.openBrowser(URL, [PageLoadTime]): utilities.SafeActions.openBrowser is PASSED&#xD;
&#xD;
2019-11-01 07:39:20 - [MESSAGE][INFO] - Opening Browser&#xD;
&#xD;
2019-11-01 07:39:20 - [MESSAGE][INFO] - Starting 'Chrome' driver&#xD;
&#xD;
2019-11-01 07:39:28 - [MESSAGE][PASSED] - Browser is opened with url: 'https://q-www-firstview-net.faps.net/MVC/Account/Login'&#xD;
&#xD;
2019-11-01 07:39:32 - [MESSAGE][PASSED] - Current window maximized&#xD;
&#xD;
2019-11-01 07:39:32 - [MESSAGE][INFO] - Browser Launched Successfully&#xD;
&#xD;
2019-11-01 07:39:32 - [MESSAGE][PASSED] - utilities.SafeActions.openBrowser is PASSED&#xD;
&#xD;
2019-11-01 07:39:32 - [TEST_STEP][PASSED] - pages.Login.login(uName, password): pages.Login.login is PASSED&#xD;
&#xD;
2019-11-01 07:39:32 - [MESSAGE][PASSED] - Object 'Object Repository/Pages/Login/userName' is present&#xD;
&#xD;
2019-11-01 07:39:32 - [MESSAGE][PASSED] - Scroll to object 'Object Repository/Pages/Login/userName' successfully&#xD;
&#xD;
2019-11-01 07:39:32 - [MESSAGE][PASSED] - Object 'Object Repository/Pages/Login/userName' is present&#xD;
&#xD;
2019-11-01 07:39:33 - [MESSAGE][PASSED] - Object: 'Object Repository/Pages/Login/userName' is clicked on&#xD;
&#xD;
2019-11-01 07:39:33 - [MESSAGE][PASSED] - Text 'ZenQRetail' is set on object 'Object Repository/Pages/Login/userName'&#xD;
&#xD;
2019-11-01 07:39:33 - [MESSAGE][PASSED] - Object 'Object Repository/Pages/Login/password' is present&#xD;
&#xD;
2019-11-01 07:39:33 - [MESSAGE][PASSED] - Scroll to object 'Object Repository/Pages/Login/password' successfully&#xD;
&#xD;
2019-11-01 07:39:33 - [MESSAGE][PASSED] - Object 'Object Repository/Pages/Login/password' is present&#xD;
&#xD;
2019-11-01 07:39:34 - [MESSAGE][PASSED] - Object: 'Object Repository/Pages/Login/password' is clicked on&#xD;
&#xD;
2019-11-01 07:39:34 - [MESSAGE][PASSED] - Text 'P@ssword1' is set on object 'Object Repository/Pages/Login/password'&#xD;
&#xD;
2019-11-01 07:39:34 - [MESSAGE][INFO] - Safe Click Without scroll&#xD;
&#xD;
2019-11-01 07:39:34 - [MESSAGE][INFO] - 1stPayVault_TestSuite.ts:waiting until Click on Login is Clickable&#xD;
&#xD;
2019-11-01 07:39:34 - [MESSAGE][PASSED] - Object 'Object Repository/Pages/Login/login' is clickable&#xD;
&#xD;
2019-11-01 07:39:34 - [MESSAGE][PASSED] - Object 'Object Repository/Pages/Login/login' is visible&#xD;
&#xD;
2019-11-01 07:39:36 - [MESSAGE][PASSED] - Object: 'Object Repository/Pages/Login/login' is clicked on&#xD;
&#xD;
2019-11-01 07:39:36 - [MESSAGE][INFO] - 1stPayVault_TestSuite.ts: click on the Click on Login&#xD;
&#xD;
2019-11-01 07:39:36 - [MESSAGE][PASSED] - pages.Login.login is PASSED&#xD;
&#xD;
2019-11-01 07:39:36 - [TEST_STEP][PASSED] - callTestCase(findTestCase("FirstView/Login/TC_SendCode"), [:], STOP_ON_FAILURE): Call Test Case 'Test Cases/FirstView/Login/TC_SendCode' successfully&#xD;
&#xD;
2019-11-01 07:39:37 - [TEST_CASE][PASSED] - Test Cases/FirstView/Login/TC_SendCode: Test Cases/FirstView/Login/TC_SendCode&#xD;
&#xD;
2019-11-01 07:39:37 - [TEST_STEP][PASSED] - flag = pages.SendCode.verifyPage(): pages.SendCode.verifyPage is PASSED&#xD;
&#xD;
2019-11-01 07:39:37 - [MESSAGE][PASSED] - Object 'Object Repository/Pages/SendCodeToValidate/header_SendCodeToValidate' is present and visible in viewport&#xD;
&#xD;
2019-11-01 07:39:37 - [MESSAGE][PASSED] - pages.SendCode.verifyPage is PASSED&#xD;
&#xD;
2019-11-01 07:39:37 - [TEST_STEP][PASSED] - if (flag): pages.SendCode.clickonUserSettings is PASSED&#xD;
&#xD;
2019-11-01 07:39:37 - [TEST_STEP][PASSED] - pages.SendCode.clickonUserSettings(): pages.SendCode.clickonUserSettings is PASSED&#xD;
&#xD;
2019-11-01 07:39:37 - [MESSAGE][PASSED] - Object 'Object Repository/Pages/SendCodeToValidate/link_UserSettings' is present&#xD;
&#xD;
2019-11-01 07:39:37 - [MESSAGE][PASSED] - Object 'Object Repository/Pages/SendCodeToValidate/link_UserSettings' is visible&#xD;
&#xD;
2019-11-01 07:39:37 - [MESSAGE][INFO] - 1stPayVault_TestSuite.ts:waiting until Click on User Settings is Clickable&#xD;
&#xD;
2019-11-01 07:39:37 - [MESSAGE][PASSED] - Object 'Object Repository/Pages/SendCodeToValidate/link_UserSettings' is clickable&#xD;
&#xD;
2019-11-01 07:39:37 - [MESSAGE][PASSED] - Object 'Object Repository/Pages/SendCodeToValidate/link_UserSettings' is visible&#xD;
&#xD;
2019-11-01 07:39:39 - [MESSAGE][PASSED] - Object: 'Object Repository/Pages/SendCodeToValidate/link_UserSettings' is clicked on&#xD;
&#xD;
2019-11-01 07:39:39 - [MESSAGE][INFO] - 1stPayVault_TestSuite.ts: Clicked on the Click on User Settings&#xD;
&#xD;
2019-11-01 07:39:39 - [MESSAGE][PASSED] - pages.SendCode.clickonUserSettings is PASSED&#xD;
&#xD;
2019-11-01 07:39:39 - [MESSAGE][PASSED] - Call Test Case 'Test Cases/FirstView/Login/TC_SendCode' successfully&#xD;
&#xD;
2019-11-01 07:39:39 - [TEST_STEP][PASSED] - callTestCase(findTestCase("FirstView/Login/TC_FirstView"), [:], STOP_ON_FAILURE): Call Test Case 'Test Cases/FirstView/Login/TC_FirstView' successfully&#xD;
&#xD;
2019-11-01 07:39:39 - [TEST_CASE][PASSED] - Test Cases/FirstView/Login/TC_FirstView: Test Cases/FirstView/Login/TC_FirstView&#xD;
&#xD;
2019-11-01 07:39:39 - [TEST_STEP][NOT_RUN] - utilities.SafeActions.safeClickWithoutScroll(findTestObject("Pages/FirstView/link_Home"), "Click on Home button in First View screen", [PageLoadTime]): NOT_RUN: utilities.SafeActions.safeClickWithoutScroll(findTestObject("Pages/FirstView/link_Home"), "Click on Home button in First View screen", [PageLoadTime])&#xD;
&#xD;
2019-11-01 07:39:39 - [MESSAGE][NOT_RUN] - NOT_RUN: utilities.SafeActions.safeClickWithoutScroll(findTestObject("Pages/FirstView/link_Home"), "Click on Home button in First View screen", [PageLoadTime])&#xD;
&#xD;
2019-11-01 07:39:39 - [TEST_STEP][PASSED] - delay(3): Delayed 3 second(s)&#xD;
&#xD;
2019-11-01 07:39:42 - [MESSAGE][PASSED] - Delayed 3 second(s)&#xD;
&#xD;
2019-11-01 07:39:42 - [TEST_STEP][PASSED] - utilities.SafeActions.javascriptclick(findTestObject("Pages/FirstView/link_Home"), delayForElement): utilities.SafeActions.javascriptclick is PASSED&#xD;
&#xD;
2019-11-01 07:39:42 - [MESSAGE][PASSED] - utilities.SafeActions.javascriptclick is PASSED&#xD;
&#xD;
2019-11-01 07:39:42 - [TEST_STEP][PASSED] - utilities.SafeActions.safeClickWithoutScroll(findTestObject("Pages/FirstView/link_VPOS"), "Click on VPOS button in First View screen", [PageLoadTime]): utilities.SafeActions.safeClickWithoutScroll is PASSED&#xD;
&#xD;
2019-11-01 07:39:42 - [MESSAGE][INFO] - Safe Click Without scroll&#xD;
&#xD;
2019-11-01 07:39:42 - [MESSAGE][INFO] - 1stPayVault_TestSuite.ts:waiting until Click on VPOS button in First View screen is Clickable&#xD;
&#xD;
2019-11-01 07:39:43 - [MESSAGE][PASSED] - Object 'Object Repository/Pages/FirstView/link_VPOS' is clickable&#xD;
&#xD;
2019-11-01 07:39:43 - [MESSAGE][PASSED] - Object 'Object Repository/Pages/FirstView/link_VPOS' is visible&#xD;
&#xD;
2019-11-01 07:39:43 - [MESSAGE][PASSED] - Object: 'Object Repository/Pages/FirstView/link_VPOS' is clicked on&#xD;
&#xD;
2019-11-01 07:39:43 - [MESSAGE][INFO] - 1stPayVault_TestSuite.ts: click on the Click on VPOS button in First View screen&#xD;
&#xD;
2019-11-01 07:39:43 - [MESSAGE][PASSED] - utilities.SafeActions.safeClickWithoutScroll is PASSED&#xD;
&#xD;
2019-11-01 07:39:43 - [MESSAGE][PASSED] - Call Test Case 'Test Cases/FirstView/Login/TC_FirstView' successfully&#xD;
&#xD;
2019-11-01 07:39:43 - [TEST_STEP][PASSED] - switchToWindowTitle("Transcenter - VPOS"): Switched to window with title: 'Transcenter - VPOS'&#xD;
&#xD;
2019-11-01 07:39:48 - [MESSAGE][PASSED] - Switched to window with title: 'Transcenter - VPOS'&#xD;
&#xD;
2019-11-01 07:39:48 - [TEST_STEP][PASSED] - focus(findTestObject("Pages/FirstPayVault/tab_FirstPayVault")): Object: 'Object Repository/Pages/FirstPayVault/tab_FirstPayVault' is focused&#xD;
&#xD;
2019-11-01 07:39:48 - [MESSAGE][PASSED] - Object: 'Object Repository/Pages/FirstPayVault/tab_FirstPayVault' is focused&#xD;
&#xD;
2019-11-01 07:39:48 - [TEST_STEP][PASSED] - utilities.SafeActions.javascriptclick(findTestObject("Pages/FirstPayVault/tab_FirstPayVault"), PageLoadTime): utilities.SafeActions.javascriptclick is PASSED&#xD;
&#xD;
2019-11-01 07:39:49 - [MESSAGE][PASSED] - utilities.SafeActions.javascriptclick is PASSED&#xD;
&#xD;
2019-11-01 07:39:49 - [TEST_STEP][PASSED] - delay(2): Delayed 2 second(s)&#xD;
&#xD;
2019-11-01 07:39:51 - [MESSAGE][PASSED] - Delayed 2 second(s)&#xD;
&#xD;
2019-11-01 07:39:51 - [TEST_STEP][PASSED] - utilities.SafeActions.safeClickWithoutScroll(findTestObject("Pages/FirstPayVault/tab_FirstPayVault"), "Click on FistPayVault tab", [delayForElement]): utilities.SafeActions.safeClickWithoutScroll is PASSED&#xD;
&#xD;
2019-11-01 07:39:51 - [MESSAGE][INFO] - Safe Click Without scroll&#xD;
&#xD;
2019-11-01 07:39:51 - [MESSAGE][INFO] - 1stPayVault_TestSuite.ts:waiting until Click on FistPayVault tab is Clickable&#xD;
&#xD;
2019-11-01 07:39:51 - [MESSAGE][PASSED] - Object 'Object Repository/Pages/FirstPayVault/tab_FirstPayVault' is clickable&#xD;
&#xD;
2019-11-01 07:39:51 - [MESSAGE][PASSED] - Object 'Object Repository/Pages/FirstPayVault/tab_FirstPayVault' is visible&#xD;
&#xD;
2019-11-01 07:39:51 - [MESSAGE][PASSED] - Object: 'Object Repository/Pages/FirstPayVault/tab_FirstPayVault' is clicked on&#xD;
&#xD;
2019-11-01 07:39:51 - [MESSAGE][INFO] - 1stPayVault_TestSuite.ts: click on the Click on FistPayVault tab&#xD;
&#xD;
2019-11-01 07:39:51 - [MESSAGE][PASSED] - utilities.SafeActions.safeClickWithoutScroll is PASSED&#xD;
&#xD;
2019-11-01 07:39:51 - [TEST_STEP][PASSED] - utilities.SafeActions.safeClickWithoutScroll(findTestObject("Pages/FirstPayVault/button_CreateVault"), "Click on CreateVault button", [PageLoadTime]): utilities.SafeActions.safeClickWithoutScroll is PASSED&#xD;
&#xD;
2019-11-01 07:39:51 - [MESSAGE][INFO] - Safe Click Without scroll&#xD;
&#xD;
2019-11-01 07:39:51 - [MESSAGE][INFO] - 1stPayVault_TestSuite.ts:waiting until Click on CreateVault button is Clickable&#xD;
&#xD;
2019-11-01 07:39:52 - [MESSAGE][PASSED] - Object 'Object Repository/Pages/FirstPayVault/button_CreateVault' is clickable&#xD;
&#xD;
2019-11-01 07:39:52 - [MESSAGE][PASSED] - Object 'Object Repository/Pages/FirstPayVault/button_CreateVault' is visible&#xD;
&#xD;
2019-11-01 07:39:53 - [MESSAGE][PASSED] - Object: 'Object Repository/Pages/FirstPayVault/button_CreateVault' is clicked on&#xD;
&#xD;
2019-11-01 07:39:53 - [MESSAGE][INFO] - 1stPayVault_TestSuite.ts: click on the Click on CreateVault button&#xD;
&#xD;
2019-11-01 07:39:53 - [MESSAGE][PASSED] - utilities.SafeActions.safeClickWithoutScroll is PASSED&#xD;
&#xD;
2019-11-01 07:39:53 - [TEST_STEP][PASSED] - scrollToElement(findTestObject("Pages/FirstPayVault/input_VaultReferenceNumber"), PageLoadTime): Scroll to object 'Object Repository/Pages/FirstPayVault/input_VaultReferenceNumber' successfully&#xD;
&#xD;
2019-11-01 07:39:53 - [MESSAGE][PASSED] - Scroll to object 'Object Repository/Pages/FirstPayVault/input_VaultReferenceNumber' successfully&#xD;
&#xD;
2019-11-01 07:39:53 - [TEST_STEP][PASSED] - vaultReference = utilities.SafeActions.timeWithMilliSeconds(): utilities.SafeActions.timeWithMilliSeconds is PASSED&#xD;
&#xD;
2019-11-01 07:39:53 - [MESSAGE][PASSED] - utilities.SafeActions.timeWithMilliSeconds is PASSED&#xD;
&#xD;
2019-11-01 07:39:53 - [TEST_STEP][PASSED] - utilities.SafeActions.safeType(findTestObject("Pages/FirstPayVault/input_VaultReferenceNumber"), vaultReference, "Entering Vault Reference Number", [PageLoadTime]): utilities.SafeActions.safeType is PASSED&#xD;
&#xD;
2019-11-01 07:39:53 - [MESSAGE][PASSED] - Object 'Object Repository/Pages/FirstPayVault/input_VaultReferenceNumber' is present&#xD;
&#xD;
2019-11-01 07:39:53 - [MESSAGE][PASSED] - Scroll to object 'Object Repository/Pages/FirstPayVault/input_VaultReferenceNumber' successfully&#xD;
&#xD;
2019-11-01 07:39:53 - [MESSAGE][PASSED] - Object 'Object Repository/Pages/FirstPayVault/input_VaultReferenceNumber' is present&#xD;
&#xD;
2019-11-01 07:39:54 - [MESSAGE][PASSED] - Object: 'Object Repository/Pages/FirstPayVault/input_VaultReferenceNumber' is clicked on&#xD;
&#xD;
2019-11-01 07:39:54 - [MESSAGE][PASSED] - Text '2019-11-01 07:39:53.284' is set on object 'Object Repository/Pages/FirstPayVault/input_VaultReferenceNumber'&#xD;
&#xD;
2019-11-01 07:39:54 - [MESSAGE][PASSED] - utilities.SafeActions.safeType is PASSED&#xD;
&#xD;
2019-11-01 07:39:54 - [TEST_STEP][PASSED] - utilities.SafeActions.safeType(findTestObject("Pages/FirstPayVault/input_CreditCardNumber"), visaCardNumber, "Entering Card Number", [PageLoadTime]): utilities.SafeActions.safeType is PASSED&#xD;
&#xD;
2019-11-01 07:39:54 - [MESSAGE][PASSED] - Object 'Object Repository/Pages/FirstPayVault/input_CreditCardNumber' is present&#xD;
&#xD;
2019-11-01 07:39:54 - [MESSAGE][PASSED] - Scroll to object 'Object Repository/Pages/FirstPayVault/input_CreditCardNumber' successfully&#xD;
&#xD;
2019-11-01 07:39:54 - [MESSAGE][PASSED] - Object 'Object Repository/Pages/FirstPayVault/input_CreditCardNumber' is present&#xD;
&#xD;
2019-11-01 07:39:55 - [MESSAGE][PASSED] - Object: 'Object Repository/Pages/FirstPayVault/input_CreditCardNumber' is clicked on&#xD;
&#xD;
2019-11-01 07:39:55 - [MESSAGE][PASSED] - Text '4111111111111111' is set on object 'Object Repository/Pages/FirstPayVault/input_CreditCardNumber'&#xD;
&#xD;
2019-11-01 07:39:55 - [MESSAGE][PASSED] - utilities.SafeActions.safeType is PASSED&#xD;
&#xD;
2019-11-01 07:39:55 - [TEST_STEP][PASSED] - utilities.SafeActions.safeSelectOptionInDropDownByVisibleText(findTestObject("Pages/FirstPayVault/dropDown_ExpirationMonth"), cardMonth, "Expiration Month", [PageLoadTime]): utilities.SafeActions.safeSelectOptionInDropDownByVisibleText is PASSED&#xD;
&#xD;
2019-11-01 07:39:56 - [MESSAGE][PASSED] - Object 'Object Repository/Pages/FirstPayVault/dropDown_ExpirationMonth' is visible&#xD;
&#xD;
2019-11-01 07:39:56 - [MESSAGE][PASSED] - Object 'Object Repository/Pages/FirstPayVault/dropDown_ExpirationMonth' is present&#xD;
&#xD;
2019-11-01 07:39:56 - [MESSAGE][PASSED] - Object: 'Object Repository/Pages/FirstPayVault/dropDown_ExpirationMonth' is clicked on&#xD;
&#xD;
2019-11-01 07:39:56 - [MESSAGE][PASSED] - All options with label 'September' are selected in object 'Object Repository/Pages/FirstPayVault/dropDown_ExpirationMonth' &#xD;
&#xD;
2019-11-01 07:39:56 - [MESSAGE][PASSED] - utilities.SafeActions.safeSelectOptionInDropDownByVisibleText is PASSED&#xD;
&#xD;
2019-11-01 07:39:56 - [TEST_STEP][PASSED] - utilities.SafeActions.safeSelectOptionInDropDownByVisibleText(findTestObject("Pages/FirstPayVault/dropDown_ExpirationYear"), cardYear, "year", [PageLoadTime]): utilities.SafeActions.safeSelectOptionInDropDownByVisibleText is PASSED&#xD;
&#xD;
2019-11-01 07:39:57 - [MESSAGE][PASSED] - Object 'Object Repository/Pages/FirstPayVault/dropDown_ExpirationYear' is visible&#xD;
&#xD;
2019-11-01 07:39:57 - [MESSAGE][PASSED] - Object 'Object Repository/Pages/FirstPayVault/dropDown_ExpirationYear' is present&#xD;
&#xD;
2019-11-01 07:39:57 - [MESSAGE][PASSED] - Object: 'Object Repository/Pages/FirstPayVault/dropDown_ExpirationYear' is clicked on&#xD;
&#xD;
2019-11-01 07:39:57 - [MESSAGE][PASSED] - All options with label '2032' are selected in object 'Object Repository/Pages/FirstPayVault/dropDown_ExpirationYear' &#xD;
&#xD;
2019-11-01 07:39:57 - [MESSAGE][PASSED] - utilities.SafeActions.safeSelectOptionInDropDownByVisibleText is PASSED&#xD;
&#xD;
2019-11-01 07:39:57 - [TEST_STEP][PASSED] - utilities.SafeActions.safeType(findTestObject("Pages/FirstPayVault/input_ContactName"), customerName, "Enter Contact Name", [PageLoadTime]): utilities.SafeActions.safeType is PASSED&#xD;
&#xD;
2019-11-01 07:39:58 - [MESSAGE][PASSED] - Object 'Object Repository/Pages/FirstPayVault/input_ContactName' is present&#xD;
&#xD;
2019-11-01 07:39:58 - [MESSAGE][PASSED] - Scroll to object 'Object Repository/Pages/FirstPayVault/input_ContactName' successfully&#xD;
&#xD;
2019-11-01 07:39:58 - [MESSAGE][PASSED] - Object 'Object Repository/Pages/FirstPayVault/input_ContactName' is present&#xD;
&#xD;
2019-11-01 07:39:58 - [MESSAGE][PASSED] - Object: 'Object Repository/Pages/FirstPayVault/input_ContactName' is clicked on&#xD;
&#xD;
2019-11-01 07:39:59 - [MESSAGE][PASSED] - Text 'Venkata Sai' is set on object 'Object Repository/Pages/FirstPayVault/input_ContactName'&#xD;
&#xD;
2019-11-01 07:39:59 - [MESSAGE][PASSED] - utilities.SafeActions.safeType is PASSED&#xD;
&#xD;
2019-11-01 07:39:59 - [TEST_STEP][PASSED] - utilities.SafeActions.safeType(findTestObject("Pages/FirstPayVault/input_PostalCode"), postalCode, "Enter Postal Code", [PageLoadTime]): utilities.SafeActions.safeType is PASSED&#xD;
&#xD;
2019-11-01 07:39:59 - [MESSAGE][PASSED] - Object 'Object Repository/Pages/FirstPayVault/input_PostalCode' is present&#xD;
&#xD;
2019-11-01 07:39:59 - [MESSAGE][PASSED] - Scroll to object 'Object Repository/Pages/FirstPayVault/input_PostalCode' successfully&#xD;
&#xD;
2019-11-01 07:39:59 - [MESSAGE][PASSED] - Object 'Object Repository/Pages/FirstPayVault/input_PostalCode' is present&#xD;
&#xD;
2019-11-01 07:39:59 - [MESSAGE][PASSED] - Object: 'Object Repository/Pages/FirstPayVault/input_PostalCode' is clicked on&#xD;
&#xD;
2019-11-01 07:40:00 - [MESSAGE][PASSED] - Text '76102' is set on object 'Object Repository/Pages/FirstPayVault/input_PostalCode'&#xD;
&#xD;
2019-11-01 07:40:00 - [MESSAGE][PASSED] - utilities.SafeActions.safeType is PASSED&#xD;
&#xD;
2019-11-01 07:40:00 - [TEST_STEP][PASSED] - utilities.SafeActions.safeType(findTestObject("Pages/FirstPayVault/input_Address"), address, "Enter ddress", [PageLoadTime]): utilities.SafeActions.safeType is PASSED&#xD;
&#xD;
2019-11-01 07:40:00 - [MESSAGE][PASSED] - Object 'Object Repository/Pages/FirstPayVault/input_Address' is present&#xD;
&#xD;
2019-11-01 07:40:00 - [MESSAGE][PASSED] - Scroll to object 'Object Repository/Pages/FirstPayVault/input_Address' successfully&#xD;
&#xD;
2019-11-01 07:40:00 - [MESSAGE][PASSED] - Object 'Object Repository/Pages/FirstPayVault/input_Address' is present&#xD;
&#xD;
2019-11-01 07:40:01 - [MESSAGE][PASSED] - Object: 'Object Repository/Pages/FirstPayVault/input_Address' is clicked on&#xD;
&#xD;
2019-11-01 07:40:01 - [MESSAGE][PASSED] - Text 'Street123' is set on object 'Object Repository/Pages/FirstPayVault/input_Address'&#xD;
&#xD;
2019-11-01 07:40:01 - [MESSAGE][PASSED] - utilities.SafeActions.safeType is PASSED&#xD;
&#xD;
2019-11-01 07:40:01 - [TEST_STEP][PASSED] - utilities.SafeActions.safeCheckForElement(findTestObject("Pages/FirstPayVault/chekBox_AddShippingInformation"), PageLoadTime): utilities.SafeActions.safeCheckForElement is PASSED&#xD;
&#xD;
2019-11-01 07:40:01 - [MESSAGE][PASSED] - Object 'Object Repository/Pages/FirstPayVault/chekBox_AddShippingInformation' is present&#xD;
&#xD;
2019-11-01 07:40:01 - [MESSAGE][PASSED] - Object 'Object Repository/Pages/FirstPayVault/chekBox_AddShippingInformation' is visible&#xD;
&#xD;
2019-11-01 07:40:01 - [MESSAGE][PASSED] - Object 'Object Repository/Pages/FirstPayVault/chekBox_AddShippingInformation' is present&#xD;
&#xD;
2019-11-01 07:40:02 - [MESSAGE][PASSED] - Object 'Object Repository/Pages/FirstPayVault/chekBox_AddShippingInformation' is checked&#xD;
&#xD;
2019-11-01 07:40:02 - [MESSAGE][PASSED] - utilities.SafeActions.safeCheckForElement is PASSED&#xD;
&#xD;
2019-11-01 07:40:02 - [TEST_STEP][PASSED] - utilities.SafeActions.safeType(findTestObject("Pages/FirstPayVault/input_ShippingMethod"), shippingMethod, "Enter Shipping Method", [PageLoadTime]): utilities.SafeActions.safeType is PASSED&#xD;
&#xD;
2019-11-01 07:40:03 - [MESSAGE][PASSED] - Object 'Object Repository/Pages/FirstPayVault/input_ShippingMethod' is present&#xD;
&#xD;
2019-11-01 07:40:03 - [MESSAGE][PASSED] - Scroll to object 'Object Repository/Pages/FirstPayVault/input_ShippingMethod' successfully&#xD;
&#xD;
2019-11-01 07:40:03 - [MESSAGE][PASSED] - Object 'Object Repository/Pages/FirstPayVault/input_ShippingMethod' is present&#xD;
&#xD;
2019-11-01 07:40:04 - [MESSAGE][PASSED] - Object: 'Object Repository/Pages/FirstPayVault/input_ShippingMethod' is clicked on&#xD;
&#xD;
2019-11-01 07:40:04 - [MESSAGE][PASSED] - Text 'DTDC' is set on object 'Object Repository/Pages/FirstPayVault/input_ShippingMethod'&#xD;
&#xD;
2019-11-01 07:40:04 - [MESSAGE][PASSED] - utilities.SafeActions.safeType is PASSED&#xD;
&#xD;
2019-11-01 07:40:04 - [TEST_STEP][PASSED] - utilities.SafeActions.safeCheckForElement(findTestObject("Pages/FirstPayVault/checkbox_SameAsBillingInformation"), PageLoadTime): utilities.SafeActions.safeCheckForElement is PASSED&#xD;
&#xD;
2019-11-01 07:40:04 - [MESSAGE][PASSED] - Object 'Object Repository/Pages/FirstPayVault/checkbox_SameAsBillingInformation' is present&#xD;
&#xD;
2019-11-01 07:40:04 - [MESSAGE][PASSED] - Object 'Object Repository/Pages/FirstPayVault/checkbox_SameAsBillingInformation' is visible&#xD;
&#xD;
2019-11-01 07:40:04 - [MESSAGE][PASSED] - Object 'Object Repository/Pages/FirstPayVault/checkbox_SameAsBillingInformation' is present&#xD;
&#xD;
2019-11-01 07:40:05 - [MESSAGE][PASSED] - Object 'Object Repository/Pages/FirstPayVault/checkbox_SameAsBillingInformation' is checked&#xD;
&#xD;
2019-11-01 07:40:05 - [MESSAGE][PASSED] - utilities.SafeActions.safeCheckForElement is PASSED&#xD;
&#xD;
2019-11-01 07:40:05 - [TEST_STEP][PASSED] - utilities.SafeActions.safeClickwithScroll(findTestObject("Pages/FirstPayVault/button_Create"), "Click on Create Button", [PageLoadTime]): utilities.SafeActions.safeClickwithScroll is PASSED&#xD;
&#xD;
2019-11-01 07:40:05 - [MESSAGE][PASSED] - Object 'Object Repository/Pages/FirstPayVault/button_Create' is present&#xD;
&#xD;
2019-11-01 07:40:05 - [MESSAGE][PASSED] - Object 'Object Repository/Pages/FirstPayVault/button_Create' is visible&#xD;
&#xD;
2019-11-01 07:40:05 - [MESSAGE][INFO] - 1stPayVault_TestSuite.ts:waiting until Click on Create Button is Clickable&#xD;
&#xD;
2019-11-01 07:40:05 - [MESSAGE][PASSED] - Object 'Object Repository/Pages/FirstPayVault/button_Create' is clickable&#xD;
&#xD;
2019-11-01 07:40:05 - [MESSAGE][PASSED] - Object 'Object Repository/Pages/FirstPayVault/button_Create' is visible&#xD;
&#xD;
2019-11-01 07:40:06 - [MESSAGE][PASSED] - Object: 'Object Repository/Pages/FirstPayVault/button_Create' is clicked on&#xD;
&#xD;
2019-11-01 07:40:06 - [MESSAGE][INFO] - 1stPayVault_TestSuite.ts: Clicked on the Click on Create Button&#xD;
&#xD;
2019-11-01 07:40:06 - [MESSAGE][PASSED] - utilities.SafeActions.safeClickwithScroll is PASSED&#xD;
&#xD;
2019-11-01 07:40:06 - [TEST_STEP][PASSED] - popupSavedToVaultMessage = utilities.SafeActions.safeGetText(findTestObject("Pages/FirstPayVault/popup_SavedToVaultMessage"), PageLoadTime): utilities.SafeActions.safeGetText is PASSED&#xD;
&#xD;
2019-11-01 07:40:06 - [MESSAGE][PASSED] - Object 'Object Repository/Pages/FirstPayVault/popup_SavedToVaultMessage' is present&#xD;
&#xD;
2019-11-01 07:40:06 - [MESSAGE][PASSED] - Scroll to object 'Object Repository/Pages/FirstPayVault/popup_SavedToVaultMessage' successfully&#xD;
&#xD;
2019-11-01 07:40:07 - [MESSAGE][PASSED] - Object 'Object Repository/Pages/FirstPayVault/popup_SavedToVaultMessage' is present&#xD;
&#xD;
2019-11-01 07:40:07 - [MESSAGE][PASSED] - Text of object 'Object Repository/Pages/FirstPayVault/popup_SavedToVaultMessage' is: 'Successfully Saved to Vault'&#xD;
&#xD;
2019-11-01 07:40:07 - [MESSAGE][PASSED] - utilities.SafeActions.safeGetText is PASSED&#xD;
&#xD;
2019-11-01 07:40:07 - [TEST_STEP][PASSED] - flag = utilities.SafeActions.verifyPopupMessage("Successfully Saved to Vault", popupSavedToVaultMessage): Popup Message : Successfully Saved to Vault matched with expected message : Successfully Saved to Vault&#xD;
&#xD;
2019-11-01 07:40:07 - [MESSAGE][PASSED] - Popup Message : Successfully Saved to Vault matched with expected message : Successfully Saved to Vault&#xD;
&#xD;
2019-11-01 07:40:07 - [TEST_STEP][PASSED] - utilities.SafeActions.safeClickWithoutScroll(findTestObject("Pages/FirstPayVault/button_RunSaleWithThisVault_InPopup"), "Click on Run Sale With This Vault in Popup", [delayBetweenTestSteps]): utilities.SafeActions.safeClickWithoutScroll is PASSED&#xD;
&#xD;
2019-11-01 07:40:07 - [MESSAGE][INFO] - Safe Click Without scroll&#xD;
&#xD;
2019-11-01 07:40:07 - [MESSAGE][INFO] - 1stPayVault_TestSuite.ts:waiting until Click on Run Sale With This Vault in Popup is Clickable&#xD;
&#xD;
2019-11-01 07:40:07 - [MESSAGE][PASSED] - Object 'Object Repository/Pages/FirstPayVault/button_RunSaleWithThisVault_InPopup' is clickable&#xD;
&#xD;
2019-11-01 07:40:08 - [MESSAGE][PASSED] - Object 'Object Repository/Pages/FirstPayVault/button_RunSaleWithThisVault_InPopup' is visible&#xD;
&#xD;
2019-11-01 07:40:08 - [MESSAGE][PASSED] - Object: 'Object Repository/Pages/FirstPayVault/button_RunSaleWithThisVault_InPopup' is clicked on&#xD;
&#xD;
2019-11-01 07:40:08 - [MESSAGE][INFO] - 1stPayVault_TestSuite.ts: click on the Click on Run Sale With This Vault in Popup&#xD;
&#xD;
2019-11-01 07:40:08 - [MESSAGE][PASSED] - utilities.SafeActions.safeClickWithoutScroll is PASSED&#xD;
&#xD;
2019-11-01 07:40:08 - [TEST_STEP][PASSED] - value = utilities.SafeActions.getAttributeValue(findTestObject("Pages/FirstPayVault/tab_1stPayVault_Active"), "1st_PayVault"): The screen is 1st_PayVault screen&#xD;
&#xD;
2019-11-01 07:40:09 - [MESSAGE][PASSED] - Attribute 'class' of object 'Object Repository/Pages/FirstPayVault/tab_1stPayVault_Active' is: 'active_tab tabs__link'&#xD;
&#xD;
2019-11-01 07:40:09 - [MESSAGE][PASSED] - The screen is 1st_PayVault screen&#xD;
&#xD;
2019-11-01 07:40:09 - [TEST_STEP][PASSED] - scrollToElement(findTestObject("Pages/FirstPayVault/input_Amount"), PageLoadTime): Scroll to object 'Object Repository/Pages/FirstPayVault/input_Amount' successfully&#xD;
&#xD;
2019-11-01 07:40:09 - [MESSAGE][PASSED] - Scroll to object 'Object Repository/Pages/FirstPayVault/input_Amount' successfully&#xD;
&#xD;
2019-11-01 07:40:09 - [TEST_STEP][PASSED] - utilities.SafeActions.safeType(findTestObject("Pages/FirstPayVault/input_Amount"), amount, "Enter Amount", [PageLoadTime]): utilities.SafeActions.safeType is PASSED&#xD;
&#xD;
2019-11-01 07:40:09 - [MESSAGE][PASSED] - Object 'Object Repository/Pages/FirstPayVault/input_Amount' is present&#xD;
&#xD;
2019-11-01 07:40:09 - [MESSAGE][PASSED] - Scroll to object 'Object Repository/Pages/FirstPayVault/input_Amount' successfully&#xD;
&#xD;
2019-11-01 07:40:09 - [MESSAGE][PASSED] - Object 'Object Repository/Pages/FirstPayVault/input_Amount' is present&#xD;
&#xD;
2019-11-01 07:40:10 - [MESSAGE][PASSED] - Object: 'Object Repository/Pages/FirstPayVault/input_Amount' is clicked on&#xD;
&#xD;
2019-11-01 07:40:10 - [MESSAGE][PASSED] - Text '450' is set on object 'Object Repository/Pages/FirstPayVault/input_Amount'&#xD;
&#xD;
2019-11-01 07:40:10 - [MESSAGE][PASSED] - utilities.SafeActions.safeType is PASSED&#xD;
&#xD;
2019-11-01 07:40:10 - [TEST_STEP][PASSED] - salesTax = utilities.SafeActions.safeGetText(findTestObject("Pages/FirstPayVault/input_SalesTaxUnderAmount"), delayBetweenTestSteps): utilities.SafeActions.safeGetText is PASSED&#xD;
&#xD;
2019-11-01 07:40:10 - [MESSAGE][PASSED] - Object 'Object Repository/Pages/FirstPayVault/input_SalesTaxUnderAmount' is present&#xD;
&#xD;
2019-11-01 07:40:10 - [MESSAGE][PASSED] - Scroll to object 'Object Repository/Pages/FirstPayVault/input_SalesTaxUnderAmount' successfully&#xD;
&#xD;
2019-11-01 07:40:10 - [MESSAGE][PASSED] - Object 'Object Repository/Pages/FirstPayVault/input_SalesTaxUnderAmount' is present&#xD;
&#xD;
2019-11-01 07:40:11 - [MESSAGE][PASSED] - Text of object 'Object Repository/Pages/FirstPayVault/input_SalesTaxUnderAmount' is: '$37.13'&#xD;
&#xD;
2019-11-01 07:40:11 - [MESSAGE][PASSED] - utilities.SafeActions.safeGetText is PASSED&#xD;
&#xD;
2019-11-01 07:40:11 - [TEST_STEP][PASSED] - pages.FirstPayVault.verifyAmountIsNotZero(salesTax): pages.FirstPayVault.verifyAmountIsNotZero is PASSED&#xD;
&#xD;
2019-11-01 07:40:11 - [MESSAGE][PASSED] - pages.FirstPayVault.verifyAmountIsNotZero is PASSED&#xD;
&#xD;
2019-11-01 07:40:11 - [TEST_STEP][PASSED] - scrollToElement(findTestObject("Pages/FirstPayVault/input_CreditCardNumberForVerification"), delayBetweenTestSteps): Scroll to object 'Object Repository/Pages/FirstPayVault/input_CreditCardNumberForVerification' successfully&#xD;
&#xD;
2019-11-01 07:40:11 - [MESSAGE][PASSED] - Scroll to object 'Object Repository/Pages/FirstPayVault/input_CreditCardNumberForVerification' successfully&#xD;
&#xD;
2019-11-01 07:40:11 - [TEST_STEP][PASSED] - cardNumber = utilities.SafeActions.getAttribute(findTestObject("Pages/FirstPayVault/input_CreditCardNumberForVerification"), "1st Pay Vault"): utilities.SafeActions.getAttribute is PASSED&#xD;
&#xD;
2019-11-01 07:40:11 - [MESSAGE][PASSED] - Attribute 'value' of object 'Object Repository/Pages/FirstPayVault/input_CreditCardNumberForVerification' is: '411111******1111'&#xD;
&#xD;
2019-11-01 07:40:11 - [MESSAGE][PASSED] - utilities.SafeActions.getAttribute is PASSED&#xD;
&#xD;
2019-11-01 07:40:11 - [TEST_STEP][PASSED] - pages.FirstPayVault.verifyCardNumber(cardNumber, visaCardNumber): Actual String : 4111111111111111 matched with Expected message : 411111******1111&#xD;
&#xD;
2019-11-01 07:40:11 - [MESSAGE][PASSED] - Actual String : 4111111111111111 matched with Expected message : 411111******1111&#xD;
&#xD;
2019-11-01 07:40:11 - [TEST_STEP][PASSED] - expirationYear = utilities.SafeActions.getAttribute(findTestObject("Pages/FirstPayVault/dropDownExpirationYearForVerification"), "1st Pay Vault"): utilities.SafeActions.getAttribute is PASSED&#xD;
&#xD;
2019-11-01 07:40:11 - [MESSAGE][PASSED] - Attribute 'value' of object 'Object Repository/Pages/FirstPayVault/dropDownExpirationYearForVerification' is: '2032'&#xD;
&#xD;
2019-11-01 07:40:11 - [MESSAGE][PASSED] - utilities.SafeActions.getAttribute is PASSED&#xD;
&#xD;
2019-11-01 07:40:11 - [TEST_STEP][PASSED] - pages.FirstPayVault.verifyStrings(expirationYear, cardYear): Actual String : 2032 matched with Expected message : 2032&#xD;
&#xD;
2019-11-01 07:40:11 - [MESSAGE][PASSED] - Actual String : 2032 matched with Expected message : 2032&#xD;
&#xD;
2019-11-01 07:40:11 - [TEST_STEP][PASSED] - scrollToElement(findTestObject("Pages/FirstPayVault/input_VerifyCardHolderName"), PageLoadTime): Scroll to object 'Object Repository/Pages/FirstPayVault/input_VerifyCardHolderName' successfully&#xD;
&#xD;
2019-11-01 07:40:11 - [MESSAGE][PASSED] - Scroll to object 'Object Repository/Pages/FirstPayVault/input_VerifyCardHolderName' successfully&#xD;
&#xD;
2019-11-01 07:40:11 - [TEST_STEP][PASSED] - name = utilities.SafeActions.getAttribute(findTestObject("Pages/FirstPayVault/input_VerifyCardHolderName"), "1stPayVault"): utilities.SafeActions.getAttribute is PASSED&#xD;
&#xD;
2019-11-01 07:40:12 - [MESSAGE][PASSED] - Attribute 'value' of object 'Object Repository/Pages/FirstPayVault/input_VerifyCardHolderName' is: 'Venkata Sai'&#xD;
&#xD;
2019-11-01 07:40:12 - [MESSAGE][PASSED] - utilities.SafeActions.getAttribute is PASSED&#xD;
&#xD;
2019-11-01 07:40:12 - [TEST_STEP][PASSED] - pages.FirstPayVault.verifyStrings(name, customerName): Actual String : Venkata Sai matched with Expected message : Venkata Sai&#xD;
&#xD;
2019-11-01 07:40:12 - [MESSAGE][PASSED] - Actual String : Venkata Sai matched with Expected message : Venkata Sai&#xD;
&#xD;
2019-11-01 07:40:12 - [TEST_STEP][PASSED] - scrollToElement(findTestObject("Pages/FirstPayVault/checkbox_TaxExempt"), PageLoadTime): Scroll to object 'Object Repository/Pages/FirstPayVault/checkbox_TaxExempt' successfully&#xD;
&#xD;
2019-11-01 07:40:12 - [MESSAGE][PASSED] - Scroll to object 'Object Repository/Pages/FirstPayVault/checkbox_TaxExempt' successfully&#xD;
&#xD;
2019-11-01 07:40:12 - [TEST_STEP][PASSED] - pages.FirstPayVault.verifyAmountIsNotZero(salesTax): pages.FirstPayVault.verifyAmountIsNotZero is PASSED&#xD;
&#xD;
2019-11-01 07:40:12 - [MESSAGE][PASSED] - pages.FirstPayVault.verifyAmountIsNotZero is PASSED&#xD;
&#xD;
2019-11-01 07:40:12 - [TEST_STEP][PASSED] - utilities.SafeActions.safeCheckForElement(findTestObject("Pages/FirstPayVault/checkbox_TaxExempt"), PageLoadTime): utilities.SafeActions.safeCheckForElement is PASSED&#xD;
&#xD;
2019-11-01 07:40:12 - [MESSAGE][PASSED] - Object 'Object Repository/Pages/FirstPayVault/checkbox_TaxExempt' is present&#xD;
&#xD;
2019-11-01 07:40:12 - [MESSAGE][PASSED] - Object 'Object Repository/Pages/FirstPayVault/checkbox_TaxExempt' is visible&#xD;
&#xD;
2019-11-01 07:40:12 - [MESSAGE][PASSED] - Object 'Object Repository/Pages/FirstPayVault/checkbox_TaxExempt' is present&#xD;
&#xD;
2019-11-01 07:40:13 - [MESSAGE][PASSED] - Object 'Object Repository/Pages/FirstPayVault/checkbox_TaxExempt' is checked&#xD;
&#xD;
2019-11-01 07:40:13 - [MESSAGE][PASSED] - utilities.SafeActions.safeCheckForElement is PASSED&#xD;
&#xD;
2019-11-01 07:40:13 - [TEST_STEP][PASSED] - utilities.SafeActions.safeClickwithScroll(findTestObject("Pages/FirstPayVault/button_Checkout"), "Click on Checkout", [PageLoadTime]): utilities.SafeActions.safeClickwithScroll is PASSED&#xD;
&#xD;
2019-11-01 07:40:13 - [MESSAGE][PASSED] - Object 'Object Repository/Pages/FirstPayVault/button_Checkout' is present&#xD;
&#xD;
2019-11-01 07:40:13 - [MESSAGE][PASSED] - Object 'Object Repository/Pages/FirstPayVault/button_Checkout' is visible&#xD;
&#xD;
2019-11-01 07:40:13 - [MESSAGE][INFO] - 1stPayVault_TestSuite.ts:waiting until Click on Checkout is Clickable&#xD;
&#xD;
2019-11-01 07:40:13 - [MESSAGE][PASSED] - Object 'Object Repository/Pages/FirstPayVault/button_Checkout' is clickable&#xD;
&#xD;
2019-11-01 07:40:13 - [MESSAGE][PASSED] - Object 'Object Repository/Pages/FirstPayVault/button_Checkout' is visible&#xD;
&#xD;
2019-11-01 07:40:13 - [MESSAGE][PASSED] - Object: 'Object Repository/Pages/FirstPayVault/button_Checkout' is clicked on&#xD;
&#xD;
2019-11-01 07:40:13 - [MESSAGE][INFO] - 1stPayVault_TestSuite.ts: Clicked on the Click on Checkout&#xD;
&#xD;
2019-11-01 07:40:13 - [MESSAGE][PASSED] - utilities.SafeActions.safeClickwithScroll is PASSED&#xD;
&#xD;
2019-11-01 07:40:13 - [TEST_STEP][PASSED] - pages.Sale.verifyTransactionCompletePage(findTestObject("Pages/Sale/heading_TransactionComplete")): The screen is Transaction Complete screen&#xD;
&#xD;
2019-11-01 07:40:14 - [MESSAGE][PASSED] - Object 'Object Repository/Pages/Sale/heading_TransactionComplete' is present&#xD;
&#xD;
2019-11-01 07:40:15 - [MESSAGE][PASSED] - The screen is Transaction Complete screen&#xD;
&#xD;
2019-11-01 07:40:15 - [TEST_STEP][PASSED] - utilities.SafeActions.safeClickWithoutScroll(findTestObject("Pages/FirstPayVault/button_ReturnToSale_InTransactionComplete"), "Click On Return Button", [PageLoadTime]): utilities.SafeActions.safeClickWithoutScroll is PASSED&#xD;
&#xD;
2019-11-01 07:40:15 - [MESSAGE][INFO] - Safe Click Without scroll&#xD;
&#xD;
2019-11-01 07:40:15 - [MESSAGE][INFO] - 1stPayVault_TestSuite.ts:waiting until Click On Return Button is Clickable&#xD;
&#xD;
2019-11-01 07:40:15 - [MESSAGE][PASSED] - Object 'Object Repository/Pages/FirstPayVault/button_ReturnToSale_InTransactionComplete' is clickable&#xD;
&#xD;
2019-11-01 07:40:15 - [MESSAGE][PASSED] - Object 'Object Repository/Pages/FirstPayVault/button_ReturnToSale_InTransactionComplete' is visible&#xD;
&#xD;
2019-11-01 07:40:16 - [MESSAGE][PASSED] - Object: 'Object Repository/Pages/FirstPayVault/button_ReturnToSale_InTransactionComplete' is clicked on&#xD;
&#xD;
2019-11-01 07:40:16 - [MESSAGE][INFO] - 1stPayVault_TestSuite.ts: click on the Click On Return Button&#xD;
&#xD;
2019-11-01 07:40:16 - [MESSAGE][PASSED] - utilities.SafeActions.safeClickWithoutScroll is PASSED&#xD;
&#xD;
2019-11-01 07:40:16 - [TEST_STEP][PASSED] - utilities.SafeActions.safeClickWithoutScroll(findTestObject("Pages/FirstPayVault/tab_FirstPayVault"), "Click on FirstPayVault tab", [PageLoadTime]): utilities.SafeActions.safeClickWithoutScroll is PASSED&#xD;
&#xD;
2019-11-01 07:40:16 - [MESSAGE][INFO] - Safe Click Without scroll&#xD;
&#xD;
2019-11-01 07:40:16 - [MESSAGE][INFO] - 1stPayVault_TestSuite.ts:waiting until Click on FirstPayVault tab is Clickable&#xD;
&#xD;
2019-11-01 07:40:16 - [MESSAGE][PASSED] - Object 'Object Repository/Pages/FirstPayVault/tab_FirstPayVault' is clickable&#xD;
&#xD;
2019-11-01 07:40:16 - [MESSAGE][PASSED] - Object 'Object Repository/Pages/FirstPayVault/tab_FirstPayVault' is visible&#xD;
&#xD;
2019-11-01 07:40:17 - [MESSAGE][PASSED] - Object: 'Object Repository/Pages/FirstPayVault/tab_FirstPayVault' is clicked on&#xD;
&#xD;
2019-11-01 07:40:17 - [MESSAGE][INFO] - 1stPayVault_TestSuite.ts: click on the Click on FirstPayVault tab&#xD;
&#xD;
2019-11-01 07:40:17 - [MESSAGE][PASSED] - utilities.SafeActions.safeClickWithoutScroll is PASSED&#xD;
&#xD;
2019-11-01 07:40:17 - [TEST_STEP][PASSED] - utilities.SafeActions.safeClickwithScroll(findTestObject("Pages/FirstPayVault/button_SearchVault"), "Click on Search Vault", [PageLoadTime]): utilities.SafeActions.safeClickwithScroll is PASSED&#xD;
&#xD;
2019-11-01 07:40:17 - [MESSAGE][PASSED] - Object 'Object Repository/Pages/FirstPayVault/button_SearchVault' is present&#xD;
&#xD;
2019-11-01 07:40:17 - [MESSAGE][PASSED] - Object 'Object Repository/Pages/FirstPayVault/button_SearchVault' is visible&#xD;
&#xD;
2019-11-01 07:40:17 - [MESSAGE][INFO] - 1stPayVault_TestSuite.ts:waiting until Click on Search Vault is Clickable&#xD;
&#xD;
2019-11-01 07:40:17 - [MESSAGE][PASSED] - Object 'Object Repository/Pages/FirstPayVault/button_SearchVault' is clickable&#xD;
&#xD;
2019-11-01 07:40:17 - [MESSAGE][PASSED] - Object 'Object Repository/Pages/FirstPayVault/button_SearchVault' is visible&#xD;
&#xD;
2019-11-01 07:40:18 - [MESSAGE][PASSED] - Object: 'Object Repository/Pages/FirstPayVault/button_SearchVault' is clicked on&#xD;
&#xD;
2019-11-01 07:40:18 - [MESSAGE][INFO] - 1stPayVault_TestSuite.ts: Clicked on the Click on Search Vault&#xD;
&#xD;
2019-11-01 07:40:18 - [MESSAGE][PASSED] - utilities.SafeActions.safeClickwithScroll is PASSED&#xD;
&#xD;
2019-11-01 07:40:18 - [TEST_STEP][PASSED] - utilities.SafeActions.safeClickWithoutScroll(findTestObject("Pages/FirstPayVault/button_Search"), "Click On Search button", [PageLoadTime]): utilities.SafeActions.safeClickWithoutScroll is PASSED&#xD;
&#xD;
2019-11-01 07:40:18 - [MESSAGE][INFO] - Safe Click Without scroll&#xD;
&#xD;
2019-11-01 07:40:18 - [MESSAGE][INFO] - 1stPayVault_TestSuite.ts:waiting until Click On Search button is Clickable&#xD;
&#xD;
2019-11-01 07:40:18 - [MESSAGE][PASSED] - Object 'Object Repository/Pages/FirstPayVault/button_Search' is clickable&#xD;
&#xD;
2019-11-01 07:40:18 - [MESSAGE][PASSED] - Object 'Object Repository/Pages/FirstPayVault/button_Search' is visible&#xD;
&#xD;
2019-11-01 07:40:19 - [MESSAGE][PASSED] - Object: 'Object Repository/Pages/FirstPayVault/button_Search' is clicked on&#xD;
&#xD;
2019-11-01 07:40:19 - [MESSAGE][INFO] - 1stPayVault_TestSuite.ts: click on the Click On Search button&#xD;
&#xD;
2019-11-01 07:40:19 - [MESSAGE][PASSED] - utilities.SafeActions.safeClickWithoutScroll is PASSED&#xD;
&#xD;
2019-11-01 07:40:19 - [TEST_STEP][PASSED] - scrollToElement(findTestObject("Pages/Transaction_Management/invoice_ForTransaction"), PageLoadTime): Scroll to object 'Object Repository/Pages/Transaction_Management/invoice_ForTransaction' successfully&#xD;
&#xD;
2019-11-01 07:40:22 - [MESSAGE][PASSED] - Scroll to object 'Object Repository/Pages/Transaction_Management/invoice_ForTransaction' successfully&#xD;
&#xD;
2019-11-01 07:40:22 - [TEST_STEP][PASSED] - pages.FirstPayVault.verifyInvoiceRecord(findTestObject("Pages/FirstPayVault/footer_NextButton"), findTestObject("Pages/FirstPayVault/page_Number"), vaultReference): The Vault is found in page 1&#xD;
&#xD;
2019-11-01 07:40:22 - [MESSAGE][PASSED] - Text of object 'Object Repository/Pages/FirstPayVault/page_Number' is: 'Page 1 of 38'&#xD;
&#xD;
2019-11-01 07:40:22 - [MESSAGE][PASSED] - The Vault is found in page 1&#xD;
&#xD;
2019-11-01 07:40:23 - [TEST_STEP][PASSED] - pages.FirstPayVault.clickOnEdit(findTestObject("Pages/FirstPayVault/footer_NextButton"), findTestObject("Pages/FirstPayVault/page_Number"), vaultReference): Delayed 6 second(s)&#xD;
&#xD;
2019-11-01 07:40:23 - [MESSAGE][PASSED] - Text of object 'Object Repository/Pages/FirstPayVault/page_Number' is: 'Page 1 of 38'&#xD;
&#xD;
2019-11-01 07:40:23 - [MESSAGE][PASSED] - The Vault is found in page 1&#xD;
&#xD;
2019-11-01 07:40:29 - [MESSAGE][PASSED] - Delayed 6 second(s)&#xD;
&#xD;
2019-11-01 07:40:30 - [TEST_STEP][PASSED] - scrollToElement(findTestObject("Pages/FirstPayVault/dropDownExpirationMonthForVerification"), delayBetweenTestSteps): Scroll to object 'Object Repository/Pages/FirstPayVault/dropDownExpirationMonthForVerification' successfully&#xD;
&#xD;
2019-11-01 07:40:31 - [MESSAGE][PASSED] - Scroll to object 'Object Repository/Pages/FirstPayVault/dropDownExpirationMonthForVerification' successfully&#xD;
&#xD;
2019-11-01 07:40:31 - [TEST_STEP][PASSED] - utilities.SafeActions.safeSelectOptionInDropDownByVisibleText(findTestObject("Pages/FirstPayVault/dropDownExpirationMonthForVerification"), cardMonthUpdate, "Update expiration Month", [PageLoadTime]): utilities.SafeActions.safeSelectOptionInDropDownByVisibleText is PASSED&#xD;
&#xD;
2019-11-01 07:40:31 - [MESSAGE][PASSED] - Object 'Object Repository/Pages/FirstPayVault/dropDownExpirationMonthForVerification' is visible&#xD;
&#xD;
2019-11-01 07:40:31 - [MESSAGE][PASSED] - Object 'Object Repository/Pages/FirstPayVault/dropDownExpirationMonthForVerification' is present&#xD;
&#xD;
2019-11-01 07:40:32 - [MESSAGE][PASSED] - Object: 'Object Repository/Pages/FirstPayVault/dropDownExpirationMonthForVerification' is clicked on&#xD;
&#xD;
2019-11-01 07:40:32 - [MESSAGE][PASSED] - All options with label 'October' are selected in object 'Object Repository/Pages/FirstPayVault/dropDownExpirationMonthForVerification' &#xD;
&#xD;
2019-11-01 07:40:32 - [MESSAGE][PASSED] - utilities.SafeActions.safeSelectOptionInDropDownByVisibleText is PASSED&#xD;
&#xD;
2019-11-01 07:40:32 - [TEST_STEP][PASSED] - utilities.SafeActions.safeCheckForElement(findTestObject("Pages/FirstPayVault/chekBox_AddShippingInformation"), PageLoadTime): utilities.SafeActions.safeCheckForElement is PASSED&#xD;
&#xD;
2019-11-01 07:40:32 - [MESSAGE][PASSED] - Object 'Object Repository/Pages/FirstPayVault/chekBox_AddShippingInformation' is present&#xD;
&#xD;
2019-11-01 07:40:32 - [MESSAGE][PASSED] - Object 'Object Repository/Pages/FirstPayVault/chekBox_AddShippingInformation' is visible&#xD;
&#xD;
2019-11-01 07:40:32 - [MESSAGE][PASSED] - Object 'Object Repository/Pages/FirstPayVault/chekBox_AddShippingInformation' is present&#xD;
&#xD;
2019-11-01 07:40:33 - [MESSAGE][PASSED] - Object 'Object Repository/Pages/FirstPayVault/chekBox_AddShippingInformation' is checked&#xD;
&#xD;
2019-11-01 07:40:33 - [MESSAGE][PASSED] - utilities.SafeActions.safeCheckForElement is PASSED&#xD;
&#xD;
2019-11-01 07:40:33 - [TEST_STEP][PASSED] - utilities.SafeActions.safeType(findTestObject("Pages/FirstPayVault/input_ShippingMethod"), shippingMethod, "Enter Shipping Method", [PageLoadTime]): utilities.SafeActions.safeType is PASSED&#xD;
&#xD;
2019-11-01 07:40:33 - [MESSAGE][PASSED] - Object 'Object Repository/Pages/FirstPayVault/input_ShippingMethod' is present&#xD;
&#xD;
2019-11-01 07:40:33 - [MESSAGE][PASSED] - Scroll to object 'Object Repository/Pages/FirstPayVault/input_ShippingMethod' successfully&#xD;
&#xD;
2019-11-01 07:40:33 - [MESSAGE][PASSED] - Object 'Object Repository/Pages/FirstPayVault/input_ShippingMethod' is present&#xD;
&#xD;
2019-11-01 07:40:34 - [MESSAGE][PASSED] - Object: 'Object Repository/Pages/FirstPayVault/input_ShippingMethod' is clicked on&#xD;
&#xD;
2019-11-01 07:40:34 - [MESSAGE][PASSED] - Text 'DTDC' is set on object 'Object Repository/Pages/FirstPayVault/input_ShippingMethod'&#xD;
&#xD;
2019-11-01 07:40:34 - [MESSAGE][PASSED] - utilities.SafeActions.safeType is PASSED&#xD;
&#xD;
2019-11-01 07:40:34 - [TEST_STEP][PASSED] - utilities.SafeActions.safeCheckForElement(findTestObject("Pages/FirstPayVault/checkbox_SameAsBillingInformation"), PageLoadTime): utilities.SafeActions.safeCheckForElement is PASSED&#xD;
&#xD;
2019-11-01 07:40:34 - [MESSAGE][PASSED] - Object 'Object Repository/Pages/FirstPayVault/checkbox_SameAsBillingInformation' is present&#xD;
&#xD;
2019-11-01 07:40:34 - [MESSAGE][PASSED] - Object 'Object Repository/Pages/FirstPayVault/checkbox_SameAsBillingInformation' is visible&#xD;
&#xD;
2019-11-01 07:40:34 - [MESSAGE][PASSED] - Object 'Object Repository/Pages/FirstPayVault/checkbox_SameAsBillingInformation' is present&#xD;
&#xD;
2019-11-01 07:40:35 - [MESSAGE][PASSED] - Object 'Object Repository/Pages/FirstPayVault/checkbox_SameAsBillingInformation' is checked&#xD;
&#xD;
2019-11-01 07:40:35 - [MESSAGE][PASSED] - utilities.SafeActions.safeCheckForElement is PASSED&#xD;
&#xD;
2019-11-01 07:40:35 - [TEST_STEP][PASSED] - scrollToElement(findTestObject("Pages/FirstPayVault/button_Update"), delayBetweenTestSteps): Scroll to object 'Object Repository/Pages/FirstPayVault/button_Update' successfully&#xD;
&#xD;
2019-11-01 07:40:36 - [MESSAGE][PASSED] - Scroll to object 'Object Repository/Pages/FirstPayVault/button_Update' successfully&#xD;
&#xD;
2019-11-01 07:40:36 - [TEST_STEP][PASSED] - utilities.SafeActions.safeClickwithScroll(findTestObject("Pages/FirstPayVault/button_Update"), "Click On Update", [delayBetweenTestSteps]): utilities.SafeActions.safeClickwithScroll is PASSED&#xD;
&#xD;
2019-11-01 07:40:36 - [MESSAGE][PASSED] - Object 'Object Repository/Pages/FirstPayVault/button_Update' is present&#xD;
&#xD;
2019-11-01 07:40:36 - [MESSAGE][PASSED] - Object 'Object Repository/Pages/FirstPayVault/button_Update' is visible&#xD;
&#xD;
2019-11-01 07:40:36 - [MESSAGE][INFO] - 1stPayVault_TestSuite.ts:waiting until Click On Update is Clickable&#xD;
&#xD;
2019-11-01 07:40:36 - [MESSAGE][PASSED] - Object 'Object Repository/Pages/FirstPayVault/button_Update' is clickable&#xD;
&#xD;
2019-11-01 07:40:36 - [MESSAGE][PASSED] - Object 'Object Repository/Pages/FirstPayVault/button_Update' is visible&#xD;
&#xD;
2019-11-01 07:40:37 - [MESSAGE][PASSED] - Object: 'Object Repository/Pages/FirstPayVault/button_Update' is clicked on&#xD;
&#xD;
2019-11-01 07:40:37 - [MESSAGE][INFO] - 1stPayVault_TestSuite.ts: Clicked on the Click On Update&#xD;
&#xD;
2019-11-01 07:40:37 - [MESSAGE][PASSED] - utilities.SafeActions.safeClickwithScroll is PASSED&#xD;
&#xD;
2019-11-01 07:40:37 - [TEST_STEP][PASSED] - delay(2): Delayed 2 second(s)&#xD;
&#xD;
2019-11-01 07:40:39 - [MESSAGE][PASSED] - Delayed 2 second(s)&#xD;
&#xD;
2019-11-01 07:40:39 - [TEST_STEP][PASSED] - popupUpdatedToVaultMessage = utilities.SafeActions.safeGetText(findTestObject("Pages/FirstPayVault/popup_SavedToVaultMessage"), PageLoadTime): utilities.SafeActions.safeGetText is PASSED&#xD;
&#xD;
2019-11-01 07:40:39 - [MESSAGE][PASSED] - Object 'Object Repository/Pages/FirstPayVault/popup_SavedToVaultMessage' is present&#xD;
&#xD;
2019-11-01 07:40:39 - [MESSAGE][PASSED] - Scroll to object 'Object Repository/Pages/FirstPayVault/popup_SavedToVaultMessage' successfully&#xD;
&#xD;
2019-11-01 07:40:39 - [MESSAGE][PASSED] - Object 'Object Repository/Pages/FirstPayVault/popup_SavedToVaultMessage' is present&#xD;
&#xD;
2019-11-01 07:40:39 - [MESSAGE][PASSED] - Text of object 'Object Repository/Pages/FirstPayVault/popup_SavedToVaultMessage' is: 'Successfully Saved to Vault'&#xD;
&#xD;
2019-11-01 07:40:39 - [MESSAGE][PASSED] - utilities.SafeActions.safeGetText is PASSED&#xD;
&#xD;
2019-11-01 07:40:39 - [TEST_STEP][PASSED] - flag = utilities.SafeActions.verifyPopupMessage("Successfully Saved to Vault", popupUpdatedToVaultMessage): Popup Message : Successfully Saved to Vault matched with expected message : Successfully Saved to Vault&#xD;
&#xD;
2019-11-01 07:40:39 - [MESSAGE][PASSED] - Popup Message : Successfully Saved to Vault matched with expected message : Successfully Saved to Vault&#xD;
&#xD;
2019-11-01 07:40:39 - [TEST_STEP][PASSED] - closeBrowser(): Browser is closed&#xD;
&#xD;
2019-11-01 07:40:41 - [MESSAGE][PASSED] - Browser is closed&#xD;
&#xD;
2019-11-01 07:40:41 - [TEST_STEP][PASSED] - Start listener action : sampleAfterTestCase: null&#xD;
&#xD;
2019-11-01 07:40:41 - [TEST_STEP][PASSED] - println(testCaseContext.getTestCaseId()): null&#xD;
&#xD;
2019-11-01 07:40:41 - [TEST_STEP][PASSED] - println(testCaseContext.getTestCaseStatus()): null&#xD;
&#xD;
2019-11-01 07:40:41 - [TEST_STEP][PASSED] - testCaseName = testCaseContext.getTestCaseId(): null&#xD;
&#xD;
2019-11-01 07:40:41 - [TEST_STEP][PASSED] - strCount = testCaseName.lastIndexOf("/"): null&#xD;
&#xD;
2019-11-01 07:40:41 - [TEST_STEP][PASSED] - testCaseName = testCaseName.substring(strCount): null&#xD;
&#xD;
2019-11-01 07:40:41 - [TEST_STEP][PASSED] - println(testCaseName): null&#xD;
&#xD;
2019-11-01 07:40:41 - [TEST_STEP][PASSED] - if (getTestCaseStatus().equalsIgnoreCase("Error")): null&#xD;
&#xD;
2019-11-01 07:40:41 - [TEST_STEP][PASSED] - Start listener action : sampleAfterTestCase: null</system-out>
            <system-err></system-err>
        </testcase>
        <testcase name="Test Cases/FirstView/FirstPayVault/VPOS_1stPayVault_DeleteVault_By_Clicking_Delete_on_SearchedVault_Retail" classname="Test Cases/FirstView/FirstPayVault/VPOS_1stPayVault_DeleteVault_By_Clicking_Delete_on_SearchedVault_Retail" status="PASSED">
            <system-out>2019-11-01 07:40:41 - [TEST_CASE][PASSED] - Test Cases/FirstView/FirstPayVault/VPOS_1stPayVault_DeleteVault_By_Clicking_Delete_on_SearchedVault_Retail: Test Cases/FirstView/FirstPayVault/VPOS_1stPayVault_DeleteVault_By_Clicking_Delete_on_SearchedVault_Retail&#xD;
&#xD;
2019-11-01 07:40:41 - [TEST_STEP][PASSED] - Start listener action : sampleBeforeTestCase: null&#xD;
&#xD;
2019-11-01 07:40:41 - [TEST_STEP][PASSED] - println(testCaseContext.getTestCaseId()): null&#xD;
&#xD;
2019-11-01 07:40:41 - [TEST_STEP][PASSED] - println(testCaseContext.getTestCaseVariables()): null&#xD;
&#xD;
2019-11-01 07:40:42 - [TEST_STEP][PASSED] - utilities.SafeActions.openBrowser(URL, [PageLoadTime]): utilities.SafeActions.openBrowser is PASSED&#xD;
&#xD;
2019-11-01 07:40:42 - [MESSAGE][INFO] - Opening Browser&#xD;
&#xD;
2019-11-01 07:40:42 - [MESSAGE][INFO] - Starting 'Chrome' driver&#xD;
&#xD;
2019-11-01 07:40:51 - [MESSAGE][PASSED] - Browser is opened with url: 'https://q-www-firstview-net.faps.net/MVC/Account/Login'&#xD;
&#xD;
2019-11-01 07:40:56 - [MESSAGE][PASSED] - Current window maximized&#xD;
&#xD;
2019-11-01 07:40:56 - [MESSAGE][INFO] - Browser Launched Successfully&#xD;
&#xD;
2019-11-01 07:40:56 - [MESSAGE][PASSED] - utilities.SafeActions.openBrowser is PASSED&#xD;
&#xD;
2019-11-01 07:40:56 - [TEST_STEP][PASSED] - pages.Login.login(uName, password): pages.Login.login is PASSED&#xD;
&#xD;
2019-11-01 07:40:56 - [MESSAGE][PASSED] - Object 'Object Repository/Pages/Login/userName' is present&#xD;
&#xD;
2019-11-01 07:40:56 - [MESSAGE][PASSED] - Scroll to object 'Object Repository/Pages/Login/userName' successfully&#xD;
&#xD;
2019-11-01 07:40:56 - [MESSAGE][PASSED] - Object 'Object Repository/Pages/Login/userName' is present&#xD;
&#xD;
2019-11-01 07:40:57 - [MESSAGE][PASSED] - Object: 'Object Repository/Pages/Login/userName' is clicked on&#xD;
&#xD;
2019-11-01 07:40:57 - [MESSAGE][PASSED] - Text 'ZenQRetail' is set on object 'Object Repository/Pages/Login/userName'&#xD;
&#xD;
2019-11-01 07:40:57 - [MESSAGE][PASSED] - Object 'Object Repository/Pages/Login/password' is present&#xD;
&#xD;
2019-11-01 07:40:57 - [MESSAGE][PASSED] - Scroll to object 'Object Repository/Pages/Login/password' successfully&#xD;
&#xD;
2019-11-01 07:40:57 - [MESSAGE][PASSED] - Object 'Object Repository/Pages/Login/password' is present&#xD;
&#xD;
2019-11-01 07:40:58 - [MESSAGE][PASSED] - Object: 'Object Repository/Pages/Login/password' is clicked on&#xD;
&#xD;
2019-11-01 07:40:58 - [MESSAGE][PASSED] - Text 'P@ssword1' is set on object 'Object Repository/Pages/Login/password'&#xD;
&#xD;
2019-11-01 07:40:58 - [MESSAGE][INFO] - Safe Click Without scroll&#xD;
&#xD;
2019-11-01 07:40:58 - [MESSAGE][INFO] - 1stPayVault_TestSuite.ts:waiting until Click on Login is Clickable&#xD;
&#xD;
2019-11-01 07:40:58 - [MESSAGE][PASSED] - Object 'Object Repository/Pages/Login/login' is clickable&#xD;
&#xD;
2019-11-01 07:40:58 - [MESSAGE][PASSED] - Object 'Object Repository/Pages/Login/login' is visible&#xD;
&#xD;
2019-11-01 07:41:01 - [MESSAGE][PASSED] - Object: 'Object Repository/Pages/Login/login' is clicked on&#xD;
&#xD;
2019-11-01 07:41:01 - [MESSAGE][INFO] - 1stPayVault_TestSuite.ts: click on the Click on Login&#xD;
&#xD;
2019-11-01 07:41:01 - [MESSAGE][PASSED] - pages.Login.login is PASSED&#xD;
&#xD;
2019-11-01 07:41:01 - [TEST_STEP][PASSED] - callTestCase(findTestCase("FirstView/Login/TC_SendCode"), [:], STOP_ON_FAILURE): Call Test Case 'Test Cases/FirstView/Login/TC_SendCode' successfully&#xD;
&#xD;
2019-11-01 07:41:01 - [TEST_CASE][PASSED] - Test Cases/FirstView/Login/TC_SendCode: Test Cases/FirstView/Login/TC_SendCode&#xD;
&#xD;
2019-11-01 07:41:01 - [TEST_STEP][PASSED] - flag = pages.SendCode.verifyPage(): pages.SendCode.verifyPage is PASSED&#xD;
&#xD;
2019-11-01 07:41:01 - [MESSAGE][PASSED] - Object 'Object Repository/Pages/SendCodeToValidate/header_SendCodeToValidate' is present and visible in viewport&#xD;
&#xD;
2019-11-01 07:41:01 - [MESSAGE][PASSED] - pages.SendCode.verifyPage is PASSED&#xD;
&#xD;
2019-11-01 07:41:01 - [TEST_STEP][PASSED] - if (flag): pages.SendCode.clickonUserSettings is PASSED&#xD;
&#xD;
2019-11-01 07:41:01 - [TEST_STEP][PASSED] - pages.SendCode.clickonUserSettings(): pages.SendCode.clickonUserSettings is PASSED&#xD;
&#xD;
2019-11-01 07:41:01 - [MESSAGE][PASSED] - Object 'Object Repository/Pages/SendCodeToValidate/link_UserSettings' is present&#xD;
&#xD;
2019-11-01 07:41:01 - [MESSAGE][PASSED] - Object 'Object Repository/Pages/SendCodeToValidate/link_UserSettings' is visible&#xD;
&#xD;
2019-11-01 07:41:01 - [MESSAGE][INFO] - 1stPayVault_TestSuite.ts:waiting until Click on User Settings is Clickable&#xD;
&#xD;
2019-11-01 07:41:01 - [MESSAGE][PASSED] - Object 'Object Repository/Pages/SendCodeToValidate/link_UserSettings' is clickable&#xD;
&#xD;
2019-11-01 07:41:01 - [MESSAGE][PASSED] - Object 'Object Repository/Pages/SendCodeToValidate/link_UserSettings' is visible&#xD;
&#xD;
2019-11-01 07:41:03 - [MESSAGE][PASSED] - Object: 'Object Repository/Pages/SendCodeToValidate/link_UserSettings' is clicked on&#xD;
&#xD;
2019-11-01 07:41:03 - [MESSAGE][INFO] - 1stPayVault_TestSuite.ts: Clicked on the Click on User Settings&#xD;
&#xD;
2019-11-01 07:41:03 - [MESSAGE][PASSED] - pages.SendCode.clickonUserSettings is PASSED&#xD;
&#xD;
2019-11-01 07:41:03 - [MESSAGE][PASSED] - Call Test Case 'Test Cases/FirstView/Login/TC_SendCode' successfully&#xD;
&#xD;
2019-11-01 07:41:03 - [TEST_STEP][PASSED] - callTestCase(findTestCase("FirstView/Login/TC_FirstView"), [:], STOP_ON_FAILURE): Call Test Case 'Test Cases/FirstView/Login/TC_FirstView' successfully&#xD;
&#xD;
2019-11-01 07:41:03 - [TEST_CASE][PASSED] - Test Cases/FirstView/Login/TC_FirstView: Test Cases/FirstView/Login/TC_FirstView&#xD;
&#xD;
2019-11-01 07:41:04 - [TEST_STEP][NOT_RUN] - utilities.SafeActions.safeClickWithoutScroll(findTestObject("Pages/FirstView/link_Home"), "Click on Home button in First View screen", [PageLoadTime]): NOT_RUN: utilities.SafeActions.safeClickWithoutScroll(findTestObject("Pages/FirstView/link_Home"), "Click on Home button in First View screen", [PageLoadTime])&#xD;
&#xD;
2019-11-01 07:41:04 - [MESSAGE][NOT_RUN] - NOT_RUN: utilities.SafeActions.safeClickWithoutScroll(findTestObject("Pages/FirstView/link_Home"), "Click on Home button in First View screen", [PageLoadTime])&#xD;
&#xD;
2019-11-01 07:41:04 - [TEST_STEP][PASSED] - delay(3): Delayed 3 second(s)&#xD;
&#xD;
2019-11-01 07:41:07 - [MESSAGE][PASSED] - Delayed 3 second(s)&#xD;
&#xD;
2019-11-01 07:41:07 - [TEST_STEP][PASSED] - utilities.SafeActions.javascriptclick(findTestObject("Pages/FirstView/link_Home"), delayForElement): utilities.SafeActions.javascriptclick is PASSED&#xD;
&#xD;
2019-11-01 07:41:07 - [MESSAGE][PASSED] - utilities.SafeActions.javascriptclick is PASSED&#xD;
&#xD;
2019-11-01 07:41:07 - [TEST_STEP][PASSED] - utilities.SafeActions.safeClickWithoutScroll(findTestObject("Pages/FirstView/link_VPOS"), "Click on VPOS button in First View screen", [PageLoadTime]): utilities.SafeActions.safeClickWithoutScroll is PASSED&#xD;
&#xD;
2019-11-01 07:41:07 - [MESSAGE][INFO] - Safe Click Without scroll&#xD;
&#xD;
2019-11-01 07:41:07 - [MESSAGE][INFO] - 1stPayVault_TestSuite.ts:waiting until Click on VPOS button in First View screen is Clickable&#xD;
&#xD;
2019-11-01 07:41:07 - [MESSAGE][PASSED] - Object 'Object Repository/Pages/FirstView/link_VPOS' is clickable&#xD;
&#xD;
2019-11-01 07:41:07 - [MESSAGE][PASSED] - Object 'Object Repository/Pages/FirstView/link_VPOS' is visible&#xD;
&#xD;
2019-11-01 07:41:08 - [MESSAGE][PASSED] - Object: 'Object Repository/Pages/FirstView/link_VPOS' is clicked on&#xD;
&#xD;
2019-11-01 07:41:08 - [MESSAGE][INFO] - 1stPayVault_TestSuite.ts: click on the Click on VPOS button in First View screen&#xD;
&#xD;
2019-11-01 07:41:08 - [MESSAGE][PASSED] - utilities.SafeActions.safeClickWithoutScroll is PASSED&#xD;
&#xD;
2019-11-01 07:41:08 - [MESSAGE][PASSED] - Call Test Case 'Test Cases/FirstView/Login/TC_FirstView' successfully&#xD;
&#xD;
2019-11-01 07:41:08 - [TEST_STEP][PASSED] - switchToWindowTitle("Transcenter - VPOS"): Switched to window with title: 'Transcenter - VPOS'&#xD;
&#xD;
2019-11-01 07:41:14 - [MESSAGE][PASSED] - Switched to window with title: 'Transcenter - VPOS'&#xD;
&#xD;
2019-11-01 07:41:14 - [TEST_STEP][PASSED] - focus(findTestObject("Pages/FirstPayVault/tab_FirstPayVault")): Object: 'Object Repository/Pages/FirstPayVault/tab_FirstPayVault' is focused&#xD;
&#xD;
2019-11-01 07:41:14 - [MESSAGE][PASSED] - Object: 'Object Repository/Pages/FirstPayVault/tab_FirstPayVault' is focused&#xD;
&#xD;
2019-11-01 07:41:14 - [TEST_STEP][PASSED] - utilities.SafeActions.javascriptclick(findTestObject("Pages/FirstPayVault/tab_FirstPayVault"), PageLoadTime): utilities.SafeActions.javascriptclick is PASSED&#xD;
&#xD;
2019-11-01 07:41:15 - [MESSAGE][PASSED] - utilities.SafeActions.javascriptclick is PASSED&#xD;
&#xD;
2019-11-01 07:41:15 - [TEST_STEP][PASSED] - delay(2): Delayed 2 second(s)&#xD;
&#xD;
2019-11-01 07:41:17 - [MESSAGE][PASSED] - Delayed 2 second(s)&#xD;
&#xD;
2019-11-01 07:41:17 - [TEST_STEP][PASSED] - utilities.SafeActions.safeClickWithoutScroll(findTestObject("Pages/FirstPayVault/tab_FirstPayVault"), "Click on FistPayVault tab", [delayForElement]): utilities.SafeActions.safeClickWithoutScroll is PASSED&#xD;
&#xD;
2019-11-01 07:41:17 - [MESSAGE][INFO] - Safe Click Without scroll&#xD;
&#xD;
2019-11-01 07:41:17 - [MESSAGE][INFO] - 1stPayVault_TestSuite.ts:waiting until Click on FistPayVault tab is Clickable&#xD;
&#xD;
2019-11-01 07:41:17 - [MESSAGE][PASSED] - Object 'Object Repository/Pages/FirstPayVault/tab_FirstPayVault' is clickable&#xD;
&#xD;
2019-11-01 07:41:17 - [MESSAGE][PASSED] - Object 'Object Repository/Pages/FirstPayVault/tab_FirstPayVault' is visible&#xD;
&#xD;
2019-11-01 07:41:17 - [MESSAGE][PASSED] - Object: 'Object Repository/Pages/FirstPayVault/tab_FirstPayVault' is clicked on&#xD;
&#xD;
2019-11-01 07:41:17 - [MESSAGE][INFO] - 1stPayVault_TestSuite.ts: click on the Click on FistPayVault tab&#xD;
&#xD;
2019-11-01 07:41:17 - [MESSAGE][PASSED] - utilities.SafeActions.safeClickWithoutScroll is PASSED&#xD;
&#xD;
2019-11-01 07:41:17 - [TEST_STEP][PASSED] - utilities.SafeActions.safeClickWithoutScroll(findTestObject("Pages/FirstPayVault/button_CreateVault"), "Click on CreateVault button", [PageLoadTime]): utilities.SafeActions.safeClickWithoutScroll is PASSED&#xD;
&#xD;
2019-11-01 07:41:18 - [MESSAGE][INFO] - Safe Click Without scroll&#xD;
&#xD;
2019-11-01 07:41:18 - [MESSAGE][INFO] - 1stPayVault_TestSuite.ts:waiting until Click on CreateVault button is Clickable&#xD;
&#xD;
2019-11-01 07:41:18 - [MESSAGE][PASSED] - Object 'Object Repository/Pages/FirstPayVault/button_CreateVault' is clickable&#xD;
&#xD;
2019-11-01 07:41:18 - [MESSAGE][PASSED] - Object 'Object Repository/Pages/FirstPayVault/button_CreateVault' is visible&#xD;
&#xD;
2019-11-01 07:41:19 - [MESSAGE][PASSED] - Object: 'Object Repository/Pages/FirstPayVault/button_CreateVault' is clicked on&#xD;
&#xD;
2019-11-01 07:41:19 - [MESSAGE][INFO] - 1stPayVault_TestSuite.ts: click on the Click on CreateVault button&#xD;
&#xD;
2019-11-01 07:41:19 - [MESSAGE][PASSED] - utilities.SafeActions.safeClickWithoutScroll is PASSED&#xD;
&#xD;
2019-11-01 07:41:19 - [TEST_STEP][PASSED] - scrollToElement(findTestObject("Pages/FirstPayVault/input_VaultReferenceNumber"), PageLoadTime): Scroll to object 'Object Repository/Pages/FirstPayVault/input_VaultReferenceNumber' successfully&#xD;
&#xD;
2019-11-01 07:41:19 - [MESSAGE][PASSED] - Scroll to object 'Object Repository/Pages/FirstPayVault/input_VaultReferenceNumber' successfully&#xD;
&#xD;
2019-11-01 07:41:19 - [TEST_STEP][PASSED] - vaultReference = utilities.SafeActions.timeWithMilliSeconds(): utilities.SafeActions.timeWithMilliSeconds is PASSED&#xD;
&#xD;
2019-11-01 07:41:19 - [MESSAGE][PASSED] - utilities.SafeActions.timeWithMilliSeconds is PASSED&#xD;
&#xD;
2019-11-01 07:41:19 - [TEST_STEP][PASSED] - utilities.SafeActions.safeType(findTestObject("Pages/FirstPayVault/input_VaultReferenceNumber"), vaultReference, "Entering Vault Reference Number", [PageLoadTime]): utilities.SafeActions.safeType is PASSED&#xD;
&#xD;
2019-11-01 07:41:19 - [MESSAGE][PASSED] - Object 'Object Repository/Pages/FirstPayVault/input_VaultReferenceNumber' is present&#xD;
&#xD;
2019-11-01 07:41:19 - [MESSAGE][PASSED] - Scroll to object 'Object Repository/Pages/FirstPayVault/input_VaultReferenceNumber' successfully&#xD;
&#xD;
2019-11-01 07:41:19 - [MESSAGE][PASSED] - Object 'Object Repository/Pages/FirstPayVault/input_VaultReferenceNumber' is present&#xD;
&#xD;
2019-11-01 07:41:20 - [MESSAGE][PASSED] - Object: 'Object Repository/Pages/FirstPayVault/input_VaultReferenceNumber' is clicked on&#xD;
&#xD;
2019-11-01 07:41:20 - [MESSAGE][PASSED] - Text '2019-11-01 07:41:19.302' is set on object 'Object Repository/Pages/FirstPayVault/input_VaultReferenceNumber'&#xD;
&#xD;
2019-11-01 07:41:20 - [MESSAGE][PASSED] - utilities.SafeActions.safeType is PASSED&#xD;
&#xD;
2019-11-01 07:41:20 - [TEST_STEP][PASSED] - utilities.SafeActions.safeType(findTestObject("Pages/FirstPayVault/input_CreditCardNumber"), visaCardNumber, "Entering Card Number", [PageLoadTime]): utilities.SafeActions.safeType is PASSED&#xD;
&#xD;
2019-11-01 07:41:20 - [MESSAGE][PASSED] - Object 'Object Repository/Pages/FirstPayVault/input_CreditCardNumber' is present&#xD;
&#xD;
2019-11-01 07:41:21 - [MESSAGE][PASSED] - Scroll to object 'Object Repository/Pages/FirstPayVault/input_CreditCardNumber' successfully&#xD;
&#xD;
2019-11-01 07:41:21 - [MESSAGE][PASSED] - Object 'Object Repository/Pages/FirstPayVault/input_CreditCardNumber' is present&#xD;
&#xD;
2019-11-01 07:41:21 - [MESSAGE][PASSED] - Object: 'Object Repository/Pages/FirstPayVault/input_CreditCardNumber' is clicked on&#xD;
&#xD;
2019-11-01 07:41:22 - [MESSAGE][PASSED] - Text '4111111111111111' is set on object 'Object Repository/Pages/FirstPayVault/input_CreditCardNumber'&#xD;
&#xD;
2019-11-01 07:41:22 - [MESSAGE][PASSED] - utilities.SafeActions.safeType is PASSED&#xD;
&#xD;
2019-11-01 07:41:22 - [TEST_STEP][PASSED] - utilities.SafeActions.safeSelectOptionInDropDownByVisibleText(findTestObject("Pages/FirstPayVault/dropDown_ExpirationMonth"), cardMonth, "Expiration Month", [PageLoadTime]): utilities.SafeActions.safeSelectOptionInDropDownByVisibleText is PASSED&#xD;
&#xD;
2019-11-01 07:41:22 - [MESSAGE][PASSED] - Object 'Object Repository/Pages/FirstPayVault/dropDown_ExpirationMonth' is visible&#xD;
&#xD;
2019-11-01 07:41:22 - [MESSAGE][PASSED] - Object 'Object Repository/Pages/FirstPayVault/dropDown_ExpirationMonth' is present&#xD;
&#xD;
2019-11-01 07:41:23 - [MESSAGE][PASSED] - Object: 'Object Repository/Pages/FirstPayVault/dropDown_ExpirationMonth' is clicked on&#xD;
&#xD;
2019-11-01 07:41:23 - [MESSAGE][PASSED] - All options with label 'September' are selected in object 'Object Repository/Pages/FirstPayVault/dropDown_ExpirationMonth' &#xD;
&#xD;
2019-11-01 07:41:23 - [MESSAGE][PASSED] - utilities.SafeActions.safeSelectOptionInDropDownByVisibleText is PASSED&#xD;
&#xD;
2019-11-01 07:41:23 - [TEST_STEP][PASSED] - utilities.SafeActions.safeSelectOptionInDropDownByVisibleText(findTestObject("Pages/FirstPayVault/dropDown_ExpirationYear"), cardYear, "year", [PageLoadTime]): utilities.SafeActions.safeSelectOptionInDropDownByVisibleText is PASSED&#xD;
&#xD;
2019-11-01 07:41:23 - [MESSAGE][PASSED] - Object 'Object Repository/Pages/FirstPayVault/dropDown_ExpirationYear' is visible&#xD;
&#xD;
2019-11-01 07:41:23 - [MESSAGE][PASSED] - Object 'Object Repository/Pages/FirstPayVault/dropDown_ExpirationYear' is present&#xD;
&#xD;
2019-11-01 07:41:24 - [MESSAGE][PASSED] - Object: 'Object Repository/Pages/FirstPayVault/dropDown_ExpirationYear' is clicked on&#xD;
&#xD;
2019-11-01 07:41:24 - [MESSAGE][PASSED] - All options with label '2032' are selected in object 'Object Repository/Pages/FirstPayVault/dropDown_ExpirationYear' &#xD;
&#xD;
2019-11-01 07:41:24 - [MESSAGE][PASSED] - utilities.SafeActions.safeSelectOptionInDropDownByVisibleText is PASSED&#xD;
&#xD;
2019-11-01 07:41:24 - [TEST_STEP][PASSED] - utilities.SafeActions.safeType(findTestObject("Pages/FirstPayVault/input_ContactName"), customerName, "Enter Contact Name", [PageLoadTime]): utilities.SafeActions.safeType is PASSED&#xD;
&#xD;
2019-11-01 07:41:24 - [MESSAGE][PASSED] - Object 'Object Repository/Pages/FirstPayVault/input_ContactName' is present&#xD;
&#xD;
2019-11-01 07:41:25 - [MESSAGE][PASSED] - Scroll to object 'Object Repository/Pages/FirstPayVault/input_ContactName' successfully&#xD;
&#xD;
2019-11-01 07:41:25 - [MESSAGE][PASSED] - Object 'Object Repository/Pages/FirstPayVault/input_ContactName' is present&#xD;
&#xD;
2019-11-01 07:41:25 - [MESSAGE][PASSED] - Object: 'Object Repository/Pages/FirstPayVault/input_ContactName' is clicked on&#xD;
&#xD;
2019-11-01 07:41:26 - [MESSAGE][PASSED] - Text 'Venkata Sai' is set on object 'Object Repository/Pages/FirstPayVault/input_ContactName'&#xD;
&#xD;
2019-11-01 07:41:26 - [MESSAGE][PASSED] - utilities.SafeActions.safeType is PASSED&#xD;
&#xD;
2019-11-01 07:41:26 - [TEST_STEP][PASSED] - utilities.SafeActions.safeType(findTestObject("Pages/FirstPayVault/input_PostalCode"), postalCode, "Enter Postal Code", [PageLoadTime]): utilities.SafeActions.safeType is PASSED&#xD;
&#xD;
2019-11-01 07:41:26 - [MESSAGE][PASSED] - Object 'Object Repository/Pages/FirstPayVault/input_PostalCode' is present&#xD;
&#xD;
2019-11-01 07:41:26 - [MESSAGE][PASSED] - Scroll to object 'Object Repository/Pages/FirstPayVault/input_PostalCode' successfully&#xD;
&#xD;
2019-11-01 07:41:26 - [MESSAGE][PASSED] - Object 'Object Repository/Pages/FirstPayVault/input_PostalCode' is present&#xD;
&#xD;
2019-11-01 07:41:27 - [MESSAGE][PASSED] - Object: 'Object Repository/Pages/FirstPayVault/input_PostalCode' is clicked on&#xD;
&#xD;
2019-11-01 07:41:27 - [MESSAGE][PASSED] - Text '76102' is set on object 'Object Repository/Pages/FirstPayVault/input_PostalCode'&#xD;
&#xD;
2019-11-01 07:41:27 - [MESSAGE][PASSED] - utilities.SafeActions.safeType is PASSED&#xD;
&#xD;
2019-11-01 07:41:27 - [TEST_STEP][PASSED] - utilities.SafeActions.safeType(findTestObject("Pages/FirstPayVault/input_Address"), address, "Enter ddress", [PageLoadTime]): utilities.SafeActions.safeType is PASSED&#xD;
&#xD;
2019-11-01 07:41:27 - [MESSAGE][PASSED] - Object 'Object Repository/Pages/FirstPayVault/input_Address' is present&#xD;
&#xD;
2019-11-01 07:41:27 - [MESSAGE][PASSED] - Scroll to object 'Object Repository/Pages/FirstPayVault/input_Address' successfully&#xD;
&#xD;
2019-11-01 07:41:27 - [MESSAGE][PASSED] - Object 'Object Repository/Pages/FirstPayVault/input_Address' is present&#xD;
&#xD;
2019-11-01 07:41:28 - [MESSAGE][PASSED] - Object: 'Object Repository/Pages/FirstPayVault/input_Address' is clicked on&#xD;
&#xD;
2019-11-01 07:41:28 - [MESSAGE][PASSED] - Text 'Street123' is set on object 'Object Repository/Pages/FirstPayVault/input_Address'&#xD;
&#xD;
2019-11-01 07:41:28 - [MESSAGE][PASSED] - utilities.SafeActions.safeType is PASSED&#xD;
&#xD;
2019-11-01 07:41:28 - [TEST_STEP][PASSED] - utilities.SafeActions.safeCheckForElement(findTestObject("Pages/FirstPayVault/chekBox_AddShippingInformation"), PageLoadTime): utilities.SafeActions.safeCheckForElement is PASSED&#xD;
&#xD;
2019-11-01 07:41:28 - [MESSAGE][PASSED] - Object 'Object Repository/Pages/FirstPayVault/chekBox_AddShippingInformation' is present&#xD;
&#xD;
2019-11-01 07:41:29 - [MESSAGE][PASSED] - Object 'Object Repository/Pages/FirstPayVault/chekBox_AddShippingInformation' is visible&#xD;
&#xD;
2019-11-01 07:41:29 - [MESSAGE][PASSED] - Object 'Object Repository/Pages/FirstPayVault/chekBox_AddShippingInformation' is present&#xD;
&#xD;
2019-11-01 07:41:29 - [MESSAGE][PASSED] - Object 'Object Repository/Pages/FirstPayVault/chekBox_AddShippingInformation' is checked&#xD;
&#xD;
2019-11-01 07:41:29 - [MESSAGE][PASSED] - utilities.SafeActions.safeCheckForElement is PASSED&#xD;
&#xD;
2019-11-01 07:41:29 - [TEST_STEP][PASSED] - utilities.SafeActions.safeType(findTestObject("Pages/FirstPayVault/input_ShippingMethod"), shippingMethod, "Enter Shipping Method", [PageLoadTime]): utilities.SafeActions.safeType is PASSED&#xD;
&#xD;
2019-11-01 07:41:30 - [MESSAGE][PASSED] - Object 'Object Repository/Pages/FirstPayVault/input_ShippingMethod' is present&#xD;
&#xD;
2019-11-01 07:41:30 - [MESSAGE][PASSED] - Scroll to object 'Object Repository/Pages/FirstPayVault/input_ShippingMethod' successfully&#xD;
&#xD;
2019-11-01 07:41:30 - [MESSAGE][PASSED] - Object 'Object Repository/Pages/FirstPayVault/input_ShippingMethod' is present&#xD;
&#xD;
2019-11-01 07:41:31 - [MESSAGE][PASSED] - Object: 'Object Repository/Pages/FirstPayVault/input_ShippingMethod' is clicked on&#xD;
&#xD;
2019-11-01 07:41:31 - [MESSAGE][PASSED] - Text 'DTDC' is set on object 'Object Repository/Pages/FirstPayVault/input_ShippingMethod'&#xD;
&#xD;
2019-11-01 07:41:31 - [MESSAGE][PASSED] - utilities.SafeActions.safeType is PASSED&#xD;
&#xD;
2019-11-01 07:41:31 - [TEST_STEP][PASSED] - utilities.SafeActions.safeCheckForElement(findTestObject("Pages/FirstPayVault/checkbox_SameAsBillingInformation"), PageLoadTime): utilities.SafeActions.safeCheckForElement is PASSED&#xD;
&#xD;
2019-11-01 07:41:31 - [MESSAGE][PASSED] - Object 'Object Repository/Pages/FirstPayVault/checkbox_SameAsBillingInformation' is present&#xD;
&#xD;
2019-11-01 07:41:31 - [MESSAGE][PASSED] - Object 'Object Repository/Pages/FirstPayVault/checkbox_SameAsBillingInformation' is visible&#xD;
&#xD;
2019-11-01 07:41:31 - [MESSAGE][PASSED] - Object 'Object Repository/Pages/FirstPayVault/checkbox_SameAsBillingInformation' is present&#xD;
&#xD;
2019-11-01 07:41:32 - [MESSAGE][PASSED] - Object 'Object Repository/Pages/FirstPayVault/checkbox_SameAsBillingInformation' is checked&#xD;
&#xD;
2019-11-01 07:41:32 - [MESSAGE][PASSED] - utilities.SafeActions.safeCheckForElement is PASSED&#xD;
&#xD;
2019-11-01 07:41:32 - [TEST_STEP][PASSED] - utilities.SafeActions.safeClickwithScroll(findTestObject("Pages/FirstPayVault/button_Create"), "Click on Create Button", [PageLoadTime]): utilities.SafeActions.safeClickwithScroll is PASSED&#xD;
&#xD;
2019-11-01 07:41:32 - [MESSAGE][PASSED] - Object 'Object Repository/Pages/FirstPayVault/button_Create' is present&#xD;
&#xD;
2019-11-01 07:41:32 - [MESSAGE][PASSED] - Object 'Object Repository/Pages/FirstPayVault/button_Create' is visible&#xD;
&#xD;
2019-11-01 07:41:32 - [MESSAGE][INFO] - 1stPayVault_TestSuite.ts:waiting until Click on Create Button is Clickable&#xD;
&#xD;
2019-11-01 07:41:32 - [MESSAGE][PASSED] - Object 'Object Repository/Pages/FirstPayVault/button_Create' is clickable&#xD;
&#xD;
2019-11-01 07:41:32 - [MESSAGE][PASSED] - Object 'Object Repository/Pages/FirstPayVault/button_Create' is visible&#xD;
&#xD;
2019-11-01 07:41:33 - [MESSAGE][PASSED] - Object: 'Object Repository/Pages/FirstPayVault/button_Create' is clicked on&#xD;
&#xD;
2019-11-01 07:41:33 - [MESSAGE][INFO] - 1stPayVault_TestSuite.ts: Clicked on the Click on Create Button&#xD;
&#xD;
2019-11-01 07:41:33 - [MESSAGE][PASSED] - utilities.SafeActions.safeClickwithScroll is PASSED&#xD;
&#xD;
2019-11-01 07:41:33 - [TEST_STEP][PASSED] - popupSavedToVaultMessage = utilities.SafeActions.safeGetText(findTestObject("Pages/FirstPayVault/popup_SavedToVaultMessage"), PageLoadTime): utilities.SafeActions.safeGetText is PASSED&#xD;
&#xD;
2019-11-01 07:41:34 - [MESSAGE][PASSED] - Object 'Object Repository/Pages/FirstPayVault/popup_SavedToVaultMessage' is present&#xD;
&#xD;
2019-11-01 07:41:34 - [MESSAGE][PASSED] - Scroll to object 'Object Repository/Pages/FirstPayVault/popup_SavedToVaultMessage' successfully&#xD;
&#xD;
2019-11-01 07:41:34 - [MESSAGE][PASSED] - Object 'Object Repository/Pages/FirstPayVault/popup_SavedToVaultMessage' is present&#xD;
&#xD;
2019-11-01 07:41:35 - [MESSAGE][PASSED] - Text of object 'Object Repository/Pages/FirstPayVault/popup_SavedToVaultMessage' is: 'Successfully Saved to Vault'&#xD;
&#xD;
2019-11-01 07:41:35 - [MESSAGE][PASSED] - utilities.SafeActions.safeGetText is PASSED&#xD;
&#xD;
2019-11-01 07:41:35 - [TEST_STEP][PASSED] - flag = utilities.SafeActions.verifyPopupMessage("Successfully Saved to Vault", popupSavedToVaultMessage): Popup Message : Successfully Saved to Vault matched with expected message : Successfully Saved to Vault&#xD;
&#xD;
2019-11-01 07:41:35 - [MESSAGE][PASSED] - Popup Message : Successfully Saved to Vault matched with expected message : Successfully Saved to Vault&#xD;
&#xD;
2019-11-01 07:41:35 - [TEST_STEP][PASSED] - utilities.SafeActions.safeClickWithoutScroll(findTestObject("Pages/FirstPayVault/button_RunSaleWithThisVault_InPopup"), "Click on Run Sale With This Vault in Popup", [delayBetweenTestSteps]): utilities.SafeActions.safeClickWithoutScroll is PASSED&#xD;
&#xD;
2019-11-01 07:41:35 - [MESSAGE][INFO] - Safe Click Without scroll&#xD;
&#xD;
2019-11-01 07:41:35 - [MESSAGE][INFO] - 1stPayVault_TestSuite.ts:waiting until Click on Run Sale With This Vault in Popup is Clickable&#xD;
&#xD;
2019-11-01 07:41:35 - [MESSAGE][PASSED] - Object 'Object Repository/Pages/FirstPayVault/button_RunSaleWithThisVault_InPopup' is clickable&#xD;
&#xD;
2019-11-01 07:41:35 - [MESSAGE][PASSED] - Object 'Object Repository/Pages/FirstPayVault/button_RunSaleWithThisVault_InPopup' is visible&#xD;
&#xD;
2019-11-01 07:41:36 - [MESSAGE][PASSED] - Object: 'Object Repository/Pages/FirstPayVault/button_RunSaleWithThisVault_InPopup' is clicked on&#xD;
&#xD;
2019-11-01 07:41:36 - [MESSAGE][INFO] - 1stPayVault_TestSuite.ts: click on the Click on Run Sale With This Vault in Popup&#xD;
&#xD;
2019-11-01 07:41:36 - [MESSAGE][PASSED] - utilities.SafeActions.safeClickWithoutScroll is PASSED&#xD;
&#xD;
2019-11-01 07:41:36 - [TEST_STEP][PASSED] - value = utilities.SafeActions.getAttributeValue(findTestObject("Pages/FirstPayVault/tab_1stPayVault_Active"), "1st_PayVault"): The screen is 1st_PayVault screen&#xD;
&#xD;
2019-11-01 07:41:36 - [MESSAGE][PASSED] - Attribute 'class' of object 'Object Repository/Pages/FirstPayVault/tab_1stPayVault_Active' is: 'active_tab tabs__link'&#xD;
&#xD;
2019-11-01 07:41:36 - [MESSAGE][PASSED] - The screen is 1st_PayVault screen&#xD;
&#xD;
2019-11-01 07:41:36 - [TEST_STEP][PASSED] - scrollToElement(findTestObject("Pages/FirstPayVault/input_Amount"), PageLoadTime): Scroll to object 'Object Repository/Pages/FirstPayVault/input_Amount' successfully&#xD;
&#xD;
2019-11-01 07:41:37 - [MESSAGE][PASSED] - Scroll to object 'Object Repository/Pages/FirstPayVault/input_Amount' successfully&#xD;
&#xD;
2019-11-01 07:41:37 - [TEST_STEP][PASSED] - utilities.SafeActions.safeType(findTestObject("Pages/FirstPayVault/input_Amount"), amount, "Enter Amount", [PageLoadTime]): utilities.SafeActions.safeType is PASSED&#xD;
&#xD;
2019-11-01 07:41:37 - [MESSAGE][PASSED] - Object 'Object Repository/Pages/FirstPayVault/input_Amount' is present&#xD;
&#xD;
2019-11-01 07:41:37 - [MESSAGE][PASSED] - Scroll to object 'Object Repository/Pages/FirstPayVault/input_Amount' successfully&#xD;
&#xD;
2019-11-01 07:41:37 - [MESSAGE][PASSED] - Object 'Object Repository/Pages/FirstPayVault/input_Amount' is present&#xD;
&#xD;
2019-11-01 07:41:38 - [MESSAGE][PASSED] - Object: 'Object Repository/Pages/FirstPayVault/input_Amount' is clicked on&#xD;
&#xD;
2019-11-01 07:41:38 - [MESSAGE][PASSED] - Text '450' is set on object 'Object Repository/Pages/FirstPayVault/input_Amount'&#xD;
&#xD;
2019-11-01 07:41:38 - [MESSAGE][PASSED] - utilities.SafeActions.safeType is PASSED&#xD;
&#xD;
2019-11-01 07:41:38 - [TEST_STEP][PASSED] - salesTax = utilities.SafeActions.safeGetText(findTestObject("Pages/FirstPayVault/input_SalesTaxUnderAmount"), delayBetweenTestSteps): utilities.SafeActions.safeGetText is PASSED&#xD;
&#xD;
2019-11-01 07:41:38 - [MESSAGE][PASSED] - Object 'Object Repository/Pages/FirstPayVault/input_SalesTaxUnderAmount' is present&#xD;
&#xD;
2019-11-01 07:41:38 - [MESSAGE][PASSED] - Scroll to object 'Object Repository/Pages/FirstPayVault/input_SalesTaxUnderAmount' successfully&#xD;
&#xD;
2019-11-01 07:41:38 - [MESSAGE][PASSED] - Object 'Object Repository/Pages/FirstPayVault/input_SalesTaxUnderAmount' is present&#xD;
&#xD;
2019-11-01 07:41:39 - [MESSAGE][PASSED] - Text of object 'Object Repository/Pages/FirstPayVault/input_SalesTaxUnderAmount' is: '$37.13'&#xD;
&#xD;
2019-11-01 07:41:39 - [MESSAGE][PASSED] - utilities.SafeActions.safeGetText is PASSED&#xD;
&#xD;
2019-11-01 07:41:39 - [TEST_STEP][PASSED] - pages.FirstPayVault.verifyAmountIsNotZero(salesTax): pages.FirstPayVault.verifyAmountIsNotZero is PASSED&#xD;
&#xD;
2019-11-01 07:41:39 - [MESSAGE][PASSED] - pages.FirstPayVault.verifyAmountIsNotZero is PASSED&#xD;
&#xD;
2019-11-01 07:41:39 - [TEST_STEP][PASSED] - scrollToElement(findTestObject("Pages/FirstPayVault/input_CreditCardNumberForVerification"), delayBetweenTestSteps): Scroll to object 'Object Repository/Pages/FirstPayVault/input_CreditCardNumberForVerification' successfully&#xD;
&#xD;
2019-11-01 07:41:39 - [MESSAGE][PASSED] - Scroll to object 'Object Repository/Pages/FirstPayVault/input_CreditCardNumberForVerification' successfully&#xD;
&#xD;
2019-11-01 07:41:39 - [TEST_STEP][PASSED] - cardNumber = utilities.SafeActions.getAttribute(findTestObject("Pages/FirstPayVault/input_CreditCardNumberForVerification"), "1st Pay Vault"): utilities.SafeActions.getAttribute is PASSED&#xD;
&#xD;
2019-11-01 07:41:39 - [MESSAGE][PASSED] - Attribute 'value' of object 'Object Repository/Pages/FirstPayVault/input_CreditCardNumberForVerification' is: '411111******1111'&#xD;
&#xD;
2019-11-01 07:41:39 - [MESSAGE][PASSED] - utilities.SafeActions.getAttribute is PASSED&#xD;
&#xD;
2019-11-01 07:41:39 - [TEST_STEP][PASSED] - pages.FirstPayVault.verifyCardNumber(cardNumber, visaCardNumber): Actual String : 4111111111111111 matched with Expected message : 411111******1111&#xD;
&#xD;
2019-11-01 07:41:39 - [MESSAGE][PASSED] - Actual String : 4111111111111111 matched with Expected message : 411111******1111&#xD;
&#xD;
2019-11-01 07:41:39 - [TEST_STEP][PASSED] - expirationYear = utilities.SafeActions.getAttribute(findTestObject("Pages/FirstPayVault/dropDownExpirationYearForVerification"), "1st Pay Vault"): utilities.SafeActions.getAttribute is PASSED&#xD;
&#xD;
2019-11-01 07:41:39 - [MESSAGE][PASSED] - Attribute 'value' of object 'Object Repository/Pages/FirstPayVault/dropDownExpirationYearForVerification' is: '2032'&#xD;
&#xD;
2019-11-01 07:41:39 - [MESSAGE][PASSED] - utilities.SafeActions.getAttribute is PASSED&#xD;
&#xD;
2019-11-01 07:41:39 - [TEST_STEP][PASSED] - pages.FirstPayVault.verifyStrings(expirationYear, cardYear): Actual String : 2032 matched with Expected message : 2032&#xD;
&#xD;
2019-11-01 07:41:39 - [MESSAGE][PASSED] - Actual String : 2032 matched with Expected message : 2032&#xD;
&#xD;
2019-11-01 07:41:39 - [TEST_STEP][PASSED] - scrollToElement(findTestObject("Pages/FirstPayVault/input_VerifyCardHolderName"), PageLoadTime): Scroll to object 'Object Repository/Pages/FirstPayVault/input_VerifyCardHolderName' successfully&#xD;
&#xD;
2019-11-01 07:41:40 - [MESSAGE][PASSED] - Scroll to object 'Object Repository/Pages/FirstPayVault/input_VerifyCardHolderName' successfully&#xD;
&#xD;
2019-11-01 07:41:40 - [TEST_STEP][PASSED] - name = utilities.SafeActions.getAttribute(findTestObject("Pages/FirstPayVault/input_VerifyCardHolderName"), "1stPayVault"): utilities.SafeActions.getAttribute is PASSED&#xD;
&#xD;
2019-11-01 07:41:40 - [MESSAGE][PASSED] - Attribute 'value' of object 'Object Repository/Pages/FirstPayVault/input_VerifyCardHolderName' is: 'Venkata Sai'&#xD;
&#xD;
2019-11-01 07:41:40 - [MESSAGE][PASSED] - utilities.SafeActions.getAttribute is PASSED&#xD;
&#xD;
2019-11-01 07:41:40 - [TEST_STEP][PASSED] - pages.FirstPayVault.verifyStrings(name, customerName): Actual String : Venkata Sai matched with Expected message : Venkata Sai&#xD;
&#xD;
2019-11-01 07:41:40 - [MESSAGE][PASSED] - Actual String : Venkata Sai matched with Expected message : Venkata Sai&#xD;
&#xD;
2019-11-01 07:41:40 - [TEST_STEP][PASSED] - scrollToElement(findTestObject("Pages/FirstPayVault/checkbox_TaxExempt"), PageLoadTime): Scroll to object 'Object Repository/Pages/FirstPayVault/checkbox_TaxExempt' successfully&#xD;
&#xD;
2019-11-01 07:41:40 - [MESSAGE][PASSED] - Scroll to object 'Object Repository/Pages/FirstPayVault/checkbox_TaxExempt' successfully&#xD;
&#xD;
2019-11-01 07:41:40 - [TEST_STEP][PASSED] - pages.FirstPayVault.verifyAmountIsNotZero(salesTax): pages.FirstPayVault.verifyAmountIsNotZero is PASSED&#xD;
&#xD;
2019-11-01 07:41:40 - [MESSAGE][PASSED] - pages.FirstPayVault.verifyAmountIsNotZero is PASSED&#xD;
&#xD;
2019-11-01 07:41:40 - [TEST_STEP][PASSED] - utilities.SafeActions.safeCheckForElement(findTestObject("Pages/FirstPayVault/checkbox_TaxExempt"), PageLoadTime): utilities.SafeActions.safeCheckForElement is PASSED&#xD;
&#xD;
2019-11-01 07:41:41 - [MESSAGE][PASSED] - Object 'Object Repository/Pages/FirstPayVault/checkbox_TaxExempt' is present&#xD;
&#xD;
2019-11-01 07:41:41 - [MESSAGE][PASSED] - Object 'Object Repository/Pages/FirstPayVault/checkbox_TaxExempt' is visible&#xD;
&#xD;
2019-11-01 07:41:41 - [MESSAGE][PASSED] - Object 'Object Repository/Pages/FirstPayVault/checkbox_TaxExempt' is present&#xD;
&#xD;
2019-11-01 07:41:41 - [MESSAGE][PASSED] - Object 'Object Repository/Pages/FirstPayVault/checkbox_TaxExempt' is checked&#xD;
&#xD;
2019-11-01 07:41:41 - [MESSAGE][PASSED] - utilities.SafeActions.safeCheckForElement is PASSED&#xD;
&#xD;
2019-11-01 07:41:41 - [TEST_STEP][PASSED] - utilities.SafeActions.safeClickwithScroll(findTestObject("Pages/FirstPayVault/button_Checkout"), "Click on Checkout", [PageLoadTime]): utilities.SafeActions.safeClickwithScroll is PASSED&#xD;
&#xD;
2019-11-01 07:41:42 - [MESSAGE][PASSED] - Object 'Object Repository/Pages/FirstPayVault/button_Checkout' is present&#xD;
&#xD;
2019-11-01 07:41:42 - [MESSAGE][PASSED] - Object 'Object Repository/Pages/FirstPayVault/button_Checkout' is visible&#xD;
&#xD;
2019-11-01 07:41:42 - [MESSAGE][INFO] - 1stPayVault_TestSuite.ts:waiting until Click on Checkout is Clickable&#xD;
&#xD;
2019-11-01 07:41:42 - [MESSAGE][PASSED] - Object 'Object Repository/Pages/FirstPayVault/button_Checkout' is clickable&#xD;
&#xD;
2019-11-01 07:41:42 - [MESSAGE][PASSED] - Object 'Object Repository/Pages/FirstPayVault/button_Checkout' is visible&#xD;
&#xD;
2019-11-01 07:41:42 - [MESSAGE][PASSED] - Object: 'Object Repository/Pages/FirstPayVault/button_Checkout' is clicked on&#xD;
&#xD;
2019-11-01 07:41:42 - [MESSAGE][INFO] - 1stPayVault_TestSuite.ts: Clicked on the Click on Checkout&#xD;
&#xD;
2019-11-01 07:41:42 - [MESSAGE][PASSED] - utilities.SafeActions.safeClickwithScroll is PASSED&#xD;
&#xD;
2019-11-01 07:41:42 - [TEST_STEP][PASSED] - pages.Sale.verifyTransactionCompletePage(findTestObject("Pages/Sale/heading_TransactionComplete")): The screen is Transaction Complete screen&#xD;
&#xD;
2019-11-01 07:41:43 - [MESSAGE][PASSED] - Object 'Object Repository/Pages/Sale/heading_TransactionComplete' is present&#xD;
&#xD;
2019-11-01 07:41:43 - [MESSAGE][PASSED] - The screen is Transaction Complete screen&#xD;
&#xD;
2019-11-01 07:41:43 - [TEST_STEP][PASSED] - utilities.SafeActions.safeClickWithoutScroll(findTestObject("Pages/FirstPayVault/button_ReturnToSale_InTransactionComplete"), "Click On Return Button", [PageLoadTime]): utilities.SafeActions.safeClickWithoutScroll is PASSED&#xD;
&#xD;
2019-11-01 07:41:44 - [MESSAGE][INFO] - Safe Click Without scroll&#xD;
&#xD;
2019-11-01 07:41:44 - [MESSAGE][INFO] - 1stPayVault_TestSuite.ts:waiting until Click On Return Button is Clickable&#xD;
&#xD;
2019-11-01 07:41:44 - [MESSAGE][PASSED] - Object 'Object Repository/Pages/FirstPayVault/button_ReturnToSale_InTransactionComplete' is clickable&#xD;
&#xD;
2019-11-01 07:41:44 - [MESSAGE][PASSED] - Object 'Object Repository/Pages/FirstPayVault/button_ReturnToSale_InTransactionComplete' is visible&#xD;
&#xD;
2019-11-01 07:41:44 - [MESSAGE][PASSED] - Object: 'Object Repository/Pages/FirstPayVault/button_ReturnToSale_InTransactionComplete' is clicked on&#xD;
&#xD;
2019-11-01 07:41:44 - [MESSAGE][INFO] - 1stPayVault_TestSuite.ts: click on the Click On Return Button&#xD;
&#xD;
2019-11-01 07:41:44 - [MESSAGE][PASSED] - utilities.SafeActions.safeClickWithoutScroll is PASSED&#xD;
&#xD;
2019-11-01 07:41:44 - [TEST_STEP][PASSED] - utilities.SafeActions.safeClickWithoutScroll(findTestObject("Pages/FirstPayVault/tab_FirstPayVault"), "Click on FirstPayVault tab", [PageLoadTime]): utilities.SafeActions.safeClickWithoutScroll is PASSED&#xD;
&#xD;
2019-11-01 07:41:45 - [MESSAGE][INFO] - Safe Click Without scroll&#xD;
&#xD;
2019-11-01 07:41:45 - [MESSAGE][INFO] - 1stPayVault_TestSuite.ts:waiting until Click on FirstPayVault tab is Clickable&#xD;
&#xD;
2019-11-01 07:41:45 - [MESSAGE][PASSED] - Object 'Object Repository/Pages/FirstPayVault/tab_FirstPayVault' is clickable&#xD;
&#xD;
2019-11-01 07:41:45 - [MESSAGE][PASSED] - Object 'Object Repository/Pages/FirstPayVault/tab_FirstPayVault' is visible&#xD;
&#xD;
2019-11-01 07:41:46 - [MESSAGE][PASSED] - Object: 'Object Repository/Pages/FirstPayVault/tab_FirstPayVault' is clicked on&#xD;
&#xD;
2019-11-01 07:41:46 - [MESSAGE][INFO] - 1stPayVault_TestSuite.ts: click on the Click on FirstPayVault tab&#xD;
&#xD;
2019-11-01 07:41:46 - [MESSAGE][PASSED] - utilities.SafeActions.safeClickWithoutScroll is PASSED&#xD;
&#xD;
2019-11-01 07:41:46 - [TEST_STEP][PASSED] - utilities.SafeActions.safeClickwithScroll(findTestObject("Pages/FirstPayVault/button_SearchVault"), "Click on Search Vault", [PageLoadTime]): utilities.SafeActions.safeClickwithScroll is PASSED&#xD;
&#xD;
2019-11-01 07:41:46 - [MESSAGE][PASSED] - Object 'Object Repository/Pages/FirstPayVault/button_SearchVault' is present&#xD;
&#xD;
2019-11-01 07:41:46 - [MESSAGE][PASSED] - Object 'Object Repository/Pages/FirstPayVault/button_SearchVault' is visible&#xD;
&#xD;
2019-11-01 07:41:46 - [MESSAGE][INFO] - 1stPayVault_TestSuite.ts:waiting until Click on Search Vault is Clickable&#xD;
&#xD;
2019-11-01 07:41:46 - [MESSAGE][PASSED] - Object 'Object Repository/Pages/FirstPayVault/button_SearchVault' is clickable&#xD;
&#xD;
2019-11-01 07:41:46 - [MESSAGE][PASSED] - Object 'Object Repository/Pages/FirstPayVault/button_SearchVault' is visible&#xD;
&#xD;
2019-11-01 07:41:47 - [MESSAGE][PASSED] - Object: 'Object Repository/Pages/FirstPayVault/button_SearchVault' is clicked on&#xD;
&#xD;
2019-11-01 07:41:47 - [MESSAGE][INFO] - 1stPayVault_TestSuite.ts: Clicked on the Click on Search Vault&#xD;
&#xD;
2019-11-01 07:41:47 - [MESSAGE][PASSED] - utilities.SafeActions.safeClickwithScroll is PASSED&#xD;
&#xD;
2019-11-01 07:41:47 - [TEST_STEP][PASSED] - utilities.SafeActions.safeClickWithoutScroll(findTestObject("Pages/FirstPayVault/button_Search"), "Click On Search button", [PageLoadTime]): utilities.SafeActions.safeClickWithoutScroll is PASSED&#xD;
&#xD;
2019-11-01 07:41:47 - [MESSAGE][INFO] - Safe Click Without scroll&#xD;
&#xD;
2019-11-01 07:41:47 - [MESSAGE][INFO] - 1stPayVault_TestSuite.ts:waiting until Click On Search button is Clickable&#xD;
&#xD;
2019-11-01 07:41:47 - [MESSAGE][PASSED] - Object 'Object Repository/Pages/FirstPayVault/button_Search' is clickable&#xD;
&#xD;
2019-11-01 07:41:47 - [MESSAGE][PASSED] - Object 'Object Repository/Pages/FirstPayVault/button_Search' is visible&#xD;
&#xD;
2019-11-01 07:41:48 - [MESSAGE][PASSED] - Object: 'Object Repository/Pages/FirstPayVault/button_Search' is clicked on&#xD;
&#xD;
2019-11-01 07:41:48 - [MESSAGE][INFO] - 1stPayVault_TestSuite.ts: click on the Click On Search button&#xD;
&#xD;
2019-11-01 07:41:48 - [MESSAGE][PASSED] - utilities.SafeActions.safeClickWithoutScroll is PASSED&#xD;
&#xD;
2019-11-01 07:41:48 - [TEST_STEP][PASSED] - scrollToElement(findTestObject("Pages/Transaction_Management/invoice_ForTransaction"), PageLoadTime): Scroll to object 'Object Repository/Pages/Transaction_Management/invoice_ForTransaction' successfully&#xD;
&#xD;
2019-11-01 07:41:51 - [MESSAGE][PASSED] - Scroll to object 'Object Repository/Pages/Transaction_Management/invoice_ForTransaction' successfully&#xD;
&#xD;
2019-11-01 07:41:51 - [TEST_STEP][PASSED] - pages.FirstPayVault.verifyInvoiceRecord(findTestObject("Pages/FirstPayVault/footer_NextButton"), findTestObject("Pages/FirstPayVault/page_Number"), vaultReference): The Vault is found in page 1&#xD;
&#xD;
2019-11-01 07:41:52 - [MESSAGE][PASSED] - Text of object 'Object Repository/Pages/FirstPayVault/page_Number' is: 'Page 1 of 38'&#xD;
&#xD;
2019-11-01 07:41:52 - [MESSAGE][PASSED] - The Vault is found in page 1&#xD;
&#xD;
2019-11-01 07:41:52 - [TEST_STEP][PASSED] - pages.FirstPayVault.clickOnDelete(findTestObject("Pages/FirstPayVault/footer_NextButton"), findTestObject("Pages/FirstPayVault/page_Number"), findTestObject("Pages/FirstPayVault/button_deleteFromVault"), vaultReference): Object: 'Object Repository/Pages/FirstPayVault/button_deleteFromVault' is clicked on&#xD;
&#xD;
2019-11-01 07:41:53 - [MESSAGE][PASSED] - Text of object 'Object Repository/Pages/FirstPayVault/page_Number' is: 'Page 1 of 38'&#xD;
&#xD;
2019-11-01 07:41:53 - [MESSAGE][PASSED] - The Vault is found in page 1&#xD;
&#xD;
2019-11-01 07:41:59 - [MESSAGE][PASSED] - Delayed 6 second(s)&#xD;
&#xD;
2019-11-01 07:42:04 - [MESSAGE][PASSED] - Delayed 4 second(s)&#xD;
&#xD;
2019-11-01 07:42:05 - [MESSAGE][PASSED] - Object: 'Object Repository/Pages/FirstPayVault/button_deleteFromVault' is clicked on&#xD;
&#xD;
2019-11-01 07:42:05 - [TEST_STEP][PASSED] - delay(2): Delayed 2 second(s)&#xD;
&#xD;
2019-11-01 07:42:07 - [MESSAGE][PASSED] - Delayed 2 second(s)&#xD;
&#xD;
2019-11-01 07:42:07 - [TEST_STEP][PASSED] - deleteVaultPopupMessage = utilities.SafeActions.safeGetText(findTestObject("Pages/FirstPayVault/alertMessageAfterDeleteVault"), delayBetweenTestSteps): utilities.SafeActions.safeGetText is PASSED&#xD;
&#xD;
2019-11-01 07:42:07 - [MESSAGE][PASSED] - Object 'Object Repository/Pages/FirstPayVault/alertMessageAfterDeleteVault' is present&#xD;
&#xD;
2019-11-01 07:42:07 - [MESSAGE][PASSED] - Scroll to object 'Object Repository/Pages/FirstPayVault/alertMessageAfterDeleteVault' successfully&#xD;
&#xD;
2019-11-01 07:42:07 - [MESSAGE][PASSED] - Object 'Object Repository/Pages/FirstPayVault/alertMessageAfterDeleteVault' is present&#xD;
&#xD;
2019-11-01 07:42:07 - [MESSAGE][PASSED] - Text of object 'Object Repository/Pages/FirstPayVault/alertMessageAfterDeleteVault' is: 'Vault Deletion successfully completed'&#xD;
&#xD;
2019-11-01 07:42:07 - [MESSAGE][PASSED] - utilities.SafeActions.safeGetText is PASSED&#xD;
&#xD;
2019-11-01 07:42:07 - [TEST_STEP][PASSED] - utilities.SafeActions.verifyPopupMessage("Vault Deletion successfully completed", deleteVaultPopupMessage): Popup Message : Vault Deletion successfully completed matched with expected message : Vault Deletion successfully completed&#xD;
&#xD;
2019-11-01 07:42:07 - [MESSAGE][PASSED] - Popup Message : Vault Deletion successfully completed matched with expected message : Vault Deletion successfully completed&#xD;
&#xD;
2019-11-01 07:42:07 - [TEST_STEP][PASSED] - utilities.SafeActions.safeClickWithoutScroll(findTestObject("Pages/FirstPayVault/closeLocatorForDeletePopupMessage"), "Click on Close button", [PageLoadTime]): utilities.SafeActions.safeClickWithoutScroll is PASSED&#xD;
&#xD;
2019-11-01 07:42:07 - [MESSAGE][INFO] - Safe Click Without scroll&#xD;
&#xD;
2019-11-01 07:42:07 - [MESSAGE][INFO] - 1stPayVault_TestSuite.ts:waiting until Click on Close button is Clickable&#xD;
&#xD;
2019-11-01 07:42:08 - [MESSAGE][PASSED] - Object 'Object Repository/Pages/FirstPayVault/closeLocatorForDeletePopupMessage' is clickable&#xD;
&#xD;
2019-11-01 07:42:08 - [MESSAGE][PASSED] - Object 'Object Repository/Pages/FirstPayVault/closeLocatorForDeletePopupMessage' is visible&#xD;
&#xD;
2019-11-01 07:42:08 - [MESSAGE][PASSED] - Object: 'Object Repository/Pages/FirstPayVault/closeLocatorForDeletePopupMessage' is clicked on&#xD;
&#xD;
2019-11-01 07:42:08 - [MESSAGE][INFO] - 1stPayVault_TestSuite.ts: click on the Click on Close button&#xD;
&#xD;
2019-11-01 07:42:08 - [MESSAGE][PASSED] - utilities.SafeActions.safeClickWithoutScroll is PASSED&#xD;
&#xD;
2019-11-01 07:42:08 - [TEST_STEP][PASSED] - closeBrowser(): Browser is closed&#xD;
&#xD;
2019-11-01 07:42:10 - [MESSAGE][PASSED] - Browser is closed&#xD;
&#xD;
2019-11-01 07:42:10 - [TEST_STEP][PASSED] - Start listener action : sampleAfterTestCase: null&#xD;
&#xD;
2019-11-01 07:42:10 - [TEST_STEP][PASSED] - println(testCaseContext.getTestCaseId()): null&#xD;
&#xD;
2019-11-01 07:42:10 - [TEST_STEP][PASSED] - println(testCaseContext.getTestCaseStatus()): null&#xD;
&#xD;
2019-11-01 07:42:10 - [TEST_STEP][PASSED] - testCaseName = testCaseContext.getTestCaseId(): null&#xD;
&#xD;
2019-11-01 07:42:10 - [TEST_STEP][PASSED] - strCount = testCaseName.lastIndexOf("/"): null&#xD;
&#xD;
2019-11-01 07:42:10 - [TEST_STEP][PASSED] - testCaseName = testCaseName.substring(strCount): null&#xD;
&#xD;
2019-11-01 07:42:10 - [TEST_STEP][PASSED] - println(testCaseName): null&#xD;
&#xD;
2019-11-01 07:42:10 - [TEST_STEP][PASSED] - if (getTestCaseStatus().equalsIgnoreCase("Error")): null&#xD;
&#xD;
2019-11-01 07:42:10 - [TEST_STEP][PASSED] - Start listener action : sampleAfterTestCase: null</system-out>
            <system-err></system-err>
        </testcase>
        <testcase name="Test Cases/FirstView/FirstPayVault/VPOS_1stPayVault_SetRecurringPayment_By_Clicking_MakePayment_On_SearchedVault" classname="Test Cases/FirstView/FirstPayVault/VPOS_1stPayVault_SetRecurringPayment_By_Clicking_MakePayment_On_SearchedVault" status="PASSED">
            <system-out>2019-11-01 07:42:10 - [TEST_CASE][PASSED] - Test Cases/FirstView/FirstPayVault/VPOS_1stPayVault_SetRecurringPayment_By_Clicking_MakePayment_On_SearchedVault: Test Cases/FirstView/FirstPayVault/VPOS_1stPayVault_SetRecurringPayment_By_Clicking_MakePayment_On_SearchedVault&#xD;
&#xD;
2019-11-01 07:42:10 - [TEST_STEP][PASSED] - Start listener action : sampleBeforeTestCase: null&#xD;
&#xD;
2019-11-01 07:42:10 - [TEST_STEP][PASSED] - println(testCaseContext.getTestCaseId()): null&#xD;
&#xD;
2019-11-01 07:42:10 - [TEST_STEP][PASSED] - println(testCaseContext.getTestCaseVariables()): null&#xD;
&#xD;
2019-11-01 07:42:11 - [TEST_STEP][PASSED] - utilities.SafeActions.openBrowser(URL, [PageLoadTime]): utilities.SafeActions.openBrowser is PASSED&#xD;
&#xD;
2019-11-01 07:42:11 - [MESSAGE][INFO] - Opening Browser&#xD;
&#xD;
2019-11-01 07:42:11 - [MESSAGE][INFO] - Starting 'Chrome' driver&#xD;
&#xD;
2019-11-01 07:42:18 - [MESSAGE][PASSED] - Browser is opened with url: 'https://q-www-firstview-net.faps.net/MVC/Account/Login'&#xD;
&#xD;
2019-11-01 07:42:23 - [MESSAGE][PASSED] - Current window maximized&#xD;
&#xD;
2019-11-01 07:42:23 - [MESSAGE][INFO] - Browser Launched Successfully&#xD;
&#xD;
2019-11-01 07:42:23 - [MESSAGE][PASSED] - utilities.SafeActions.openBrowser is PASSED&#xD;
&#xD;
2019-11-01 07:42:23 - [TEST_STEP][PASSED] - pages.Login.login(uName, password): pages.Login.login is PASSED&#xD;
&#xD;
2019-11-01 07:42:23 - [MESSAGE][PASSED] - Object 'Object Repository/Pages/Login/userName' is present&#xD;
&#xD;
2019-11-01 07:42:23 - [MESSAGE][PASSED] - Scroll to object 'Object Repository/Pages/Login/userName' successfully&#xD;
&#xD;
2019-11-01 07:42:23 - [MESSAGE][PASSED] - Object 'Object Repository/Pages/Login/userName' is present&#xD;
&#xD;
2019-11-01 07:42:24 - [MESSAGE][PASSED] - Object: 'Object Repository/Pages/Login/userName' is clicked on&#xD;
&#xD;
2019-11-01 07:42:24 - [MESSAGE][PASSED] - Text 'ZenQRetail' is set on object 'Object Repository/Pages/Login/userName'&#xD;
&#xD;
2019-11-01 07:42:24 - [MESSAGE][PASSED] - Object 'Object Repository/Pages/Login/password' is present&#xD;
&#xD;
2019-11-01 07:42:24 - [MESSAGE][PASSED] - Scroll to object 'Object Repository/Pages/Login/password' successfully&#xD;
&#xD;
2019-11-01 07:42:24 - [MESSAGE][PASSED] - Object 'Object Repository/Pages/Login/password' is present&#xD;
&#xD;
2019-11-01 07:42:25 - [MESSAGE][PASSED] - Object: 'Object Repository/Pages/Login/password' is clicked on&#xD;
&#xD;
2019-11-01 07:42:25 - [MESSAGE][PASSED] - Text 'P@ssword1' is set on object 'Object Repository/Pages/Login/password'&#xD;
&#xD;
2019-11-01 07:42:25 - [MESSAGE][INFO] - Safe Click Without scroll&#xD;
&#xD;
2019-11-01 07:42:25 - [MESSAGE][INFO] - 1stPayVault_TestSuite.ts:waiting until Click on Login is Clickable&#xD;
&#xD;
2019-11-01 07:42:26 - [MESSAGE][PASSED] - Object 'Object Repository/Pages/Login/login' is clickable&#xD;
&#xD;
2019-11-01 07:42:26 - [MESSAGE][PASSED] - Object 'Object Repository/Pages/Login/login' is visible&#xD;
&#xD;
2019-11-01 07:42:28 - [MESSAGE][PASSED] - Object: 'Object Repository/Pages/Login/login' is clicked on&#xD;
&#xD;
2019-11-01 07:42:28 - [MESSAGE][INFO] - 1stPayVault_TestSuite.ts: click on the Click on Login&#xD;
&#xD;
2019-11-01 07:42:28 - [MESSAGE][PASSED] - pages.Login.login is PASSED&#xD;
&#xD;
2019-11-01 07:42:28 - [TEST_STEP][PASSED] - callTestCase(findTestCase("FirstView/Login/TC_SendCode"), [:], STOP_ON_FAILURE): Call Test Case 'Test Cases/FirstView/Login/TC_SendCode' successfully&#xD;
&#xD;
2019-11-01 07:42:28 - [TEST_CASE][PASSED] - Test Cases/FirstView/Login/TC_SendCode: Test Cases/FirstView/Login/TC_SendCode&#xD;
&#xD;
2019-11-01 07:42:28 - [TEST_STEP][PASSED] - flag = pages.SendCode.verifyPage(): pages.SendCode.verifyPage is PASSED&#xD;
&#xD;
2019-11-01 07:42:29 - [MESSAGE][PASSED] - Object 'Object Repository/Pages/SendCodeToValidate/header_SendCodeToValidate' is present and visible in viewport&#xD;
&#xD;
2019-11-01 07:42:29 - [MESSAGE][PASSED] - pages.SendCode.verifyPage is PASSED&#xD;
&#xD;
2019-11-01 07:42:29 - [TEST_STEP][PASSED] - if (flag): pages.SendCode.clickonUserSettings is PASSED&#xD;
&#xD;
2019-11-01 07:42:29 - [TEST_STEP][PASSED] - pages.SendCode.clickonUserSettings(): pages.SendCode.clickonUserSettings is PASSED&#xD;
&#xD;
2019-11-01 07:42:29 - [MESSAGE][PASSED] - Object 'Object Repository/Pages/SendCodeToValidate/link_UserSettings' is present&#xD;
&#xD;
2019-11-01 07:42:29 - [MESSAGE][PASSED] - Object 'Object Repository/Pages/SendCodeToValidate/link_UserSettings' is visible&#xD;
&#xD;
2019-11-01 07:42:29 - [MESSAGE][INFO] - 1stPayVault_TestSuite.ts:waiting until Click on User Settings is Clickable&#xD;
&#xD;
2019-11-01 07:42:29 - [MESSAGE][PASSED] - Object 'Object Repository/Pages/SendCodeToValidate/link_UserSettings' is clickable&#xD;
&#xD;
2019-11-01 07:42:29 - [MESSAGE][PASSED] - Object 'Object Repository/Pages/SendCodeToValidate/link_UserSettings' is visible&#xD;
&#xD;
2019-11-01 07:42:30 - [MESSAGE][PASSED] - Object: 'Object Repository/Pages/SendCodeToValidate/link_UserSettings' is clicked on&#xD;
&#xD;
2019-11-01 07:42:30 - [MESSAGE][INFO] - 1stPayVault_TestSuite.ts: Clicked on the Click on User Settings&#xD;
&#xD;
2019-11-01 07:42:30 - [MESSAGE][PASSED] - pages.SendCode.clickonUserSettings is PASSED&#xD;
&#xD;
2019-11-01 07:42:30 - [MESSAGE][PASSED] - Call Test Case 'Test Cases/FirstView/Login/TC_SendCode' successfully&#xD;
&#xD;
2019-11-01 07:42:30 - [TEST_STEP][PASSED] - callTestCase(findTestCase("FirstView/Login/TC_FirstView"), [:], STOP_ON_FAILURE): Call Test Case 'Test Cases/FirstView/Login/TC_FirstView' successfully&#xD;
&#xD;
2019-11-01 07:42:30 - [TEST_CASE][PASSED] - Test Cases/FirstView/Login/TC_FirstView: Test Cases/FirstView/Login/TC_FirstView&#xD;
&#xD;
2019-11-01 07:42:30 - [TEST_STEP][NOT_RUN] - utilities.SafeActions.safeClickWithoutScroll(findTestObject("Pages/FirstView/link_Home"), "Click on Home button in First View screen", [PageLoadTime]): NOT_RUN: utilities.SafeActions.safeClickWithoutScroll(findTestObject("Pages/FirstView/link_Home"), "Click on Home button in First View screen", [PageLoadTime])&#xD;
&#xD;
2019-11-01 07:42:31 - [MESSAGE][NOT_RUN] - NOT_RUN: utilities.SafeActions.safeClickWithoutScroll(findTestObject("Pages/FirstView/link_Home"), "Click on Home button in First View screen", [PageLoadTime])&#xD;
&#xD;
2019-11-01 07:42:31 - [TEST_STEP][PASSED] - delay(3): Delayed 3 second(s)&#xD;
&#xD;
2019-11-01 07:42:34 - [MESSAGE][PASSED] - Delayed 3 second(s)&#xD;
&#xD;
2019-11-01 07:42:34 - [TEST_STEP][PASSED] - utilities.SafeActions.javascriptclick(findTestObject("Pages/FirstView/link_Home"), delayForElement): utilities.SafeActions.javascriptclick is PASSED&#xD;
&#xD;
2019-11-01 07:42:35 - [MESSAGE][PASSED] - utilities.SafeActions.javascriptclick is PASSED&#xD;
&#xD;
2019-11-01 07:42:35 - [TEST_STEP][PASSED] - utilities.SafeActions.safeClickWithoutScroll(findTestObject("Pages/FirstView/link_VPOS"), "Click on VPOS button in First View screen", [PageLoadTime]): utilities.SafeActions.safeClickWithoutScroll is PASSED&#xD;
&#xD;
2019-11-01 07:42:35 - [MESSAGE][INFO] - Safe Click Without scroll&#xD;
&#xD;
2019-11-01 07:42:35 - [MESSAGE][INFO] - 1stPayVault_TestSuite.ts:waiting until Click on VPOS button in First View screen is Clickable&#xD;
&#xD;
2019-11-01 07:42:35 - [MESSAGE][PASSED] - Object 'Object Repository/Pages/FirstView/link_VPOS' is clickable&#xD;
&#xD;
2019-11-01 07:42:35 - [MESSAGE][PASSED] - Object 'Object Repository/Pages/FirstView/link_VPOS' is visible&#xD;
&#xD;
2019-11-01 07:42:36 - [MESSAGE][PASSED] - Object: 'Object Repository/Pages/FirstView/link_VPOS' is clicked on&#xD;
&#xD;
2019-11-01 07:42:36 - [MESSAGE][INFO] - 1stPayVault_TestSuite.ts: click on the Click on VPOS button in First View screen&#xD;
&#xD;
2019-11-01 07:42:36 - [MESSAGE][PASSED] - utilities.SafeActions.safeClickWithoutScroll is PASSED&#xD;
&#xD;
2019-11-01 07:42:36 - [MESSAGE][PASSED] - Call Test Case 'Test Cases/FirstView/Login/TC_FirstView' successfully&#xD;
&#xD;
2019-11-01 07:42:36 - [TEST_STEP][PASSED] - switchToWindowTitle("Transcenter - VPOS"): Switched to window with title: 'Transcenter - VPOS'&#xD;
&#xD;
2019-11-01 07:42:40 - [MESSAGE][PASSED] - Switched to window with title: 'Transcenter - VPOS'&#xD;
&#xD;
2019-11-01 07:42:40 - [TEST_STEP][PASSED] - focus(findTestObject("Pages/FirstPayVault/tab_FirstPayVault")): Object: 'Object Repository/Pages/FirstPayVault/tab_FirstPayVault' is focused&#xD;
&#xD;
2019-11-01 07:42:40 - [MESSAGE][PASSED] - Object: 'Object Repository/Pages/FirstPayVault/tab_FirstPayVault' is focused&#xD;
&#xD;
2019-11-01 07:42:40 - [TEST_STEP][PASSED] - utilities.SafeActions.javascriptclick(findTestObject("Pages/FirstPayVault/tab_FirstPayVault"), PageLoadTime): utilities.SafeActions.javascriptclick is PASSED&#xD;
&#xD;
2019-11-01 07:42:40 - [MESSAGE][PASSED] - utilities.SafeActions.javascriptclick is PASSED&#xD;
&#xD;
2019-11-01 07:42:40 - [TEST_STEP][PASSED] - delay(2): Delayed 2 second(s)&#xD;
&#xD;
2019-11-01 07:42:42 - [MESSAGE][PASSED] - Delayed 2 second(s)&#xD;
&#xD;
2019-11-01 07:42:42 - [TEST_STEP][PASSED] - utilities.SafeActions.safeClickWithoutScroll(findTestObject("Pages/FirstPayVault/tab_FirstPayVault"), "Click on FistPayVault tab", [delayForElement]): utilities.SafeActions.safeClickWithoutScroll is PASSED&#xD;
&#xD;
2019-11-01 07:42:42 - [MESSAGE][INFO] - Safe Click Without scroll&#xD;
&#xD;
2019-11-01 07:42:42 - [MESSAGE][INFO] - 1stPayVault_TestSuite.ts:waiting until Click on FistPayVault tab is Clickable&#xD;
&#xD;
2019-11-01 07:42:42 - [MESSAGE][PASSED] - Object 'Object Repository/Pages/FirstPayVault/tab_FirstPayVault' is clickable&#xD;
&#xD;
2019-11-01 07:42:42 - [MESSAGE][PASSED] - Object 'Object Repository/Pages/FirstPayVault/tab_FirstPayVault' is visible&#xD;
&#xD;
2019-11-01 07:42:43 - [MESSAGE][PASSED] - Object: 'Object Repository/Pages/FirstPayVault/tab_FirstPayVault' is clicked on&#xD;
&#xD;
2019-11-01 07:42:43 - [MESSAGE][INFO] - 1stPayVault_TestSuite.ts: click on the Click on FistPayVault tab&#xD;
&#xD;
2019-11-01 07:42:43 - [MESSAGE][PASSED] - utilities.SafeActions.safeClickWithoutScroll is PASSED&#xD;
&#xD;
2019-11-01 07:42:43 - [TEST_STEP][PASSED] - utilities.SafeActions.safeClickWithoutScroll(findTestObject("Pages/FirstPayVault/button_CreateVault"), "Click on CreateVault button", [PageLoadTime]): utilities.SafeActions.safeClickWithoutScroll is PASSED&#xD;
&#xD;
2019-11-01 07:42:43 - [MESSAGE][INFO] - Safe Click Without scroll&#xD;
&#xD;
2019-11-01 07:42:43 - [MESSAGE][INFO] - 1stPayVault_TestSuite.ts:waiting until Click on CreateVault button is Clickable&#xD;
&#xD;
2019-11-01 07:42:43 - [MESSAGE][PASSED] - Object 'Object Repository/Pages/FirstPayVault/button_CreateVault' is clickable&#xD;
&#xD;
2019-11-01 07:42:43 - [MESSAGE][PASSED] - Object 'Object Repository/Pages/FirstPayVault/button_CreateVault' is visible&#xD;
&#xD;
2019-11-01 07:42:44 - [MESSAGE][PASSED] - Object: 'Object Repository/Pages/FirstPayVault/button_CreateVault' is clicked on&#xD;
&#xD;
2019-11-01 07:42:44 - [MESSAGE][INFO] - 1stPayVault_TestSuite.ts: click on the Click on CreateVault button&#xD;
&#xD;
2019-11-01 07:42:44 - [MESSAGE][PASSED] - utilities.SafeActions.safeClickWithoutScroll is PASSED&#xD;
&#xD;
2019-11-01 07:42:44 - [TEST_STEP][PASSED] - scrollToElement(findTestObject("Pages/FirstPayVault/input_VaultReferenceNumber"), PageLoadTime): Scroll to object 'Object Repository/Pages/FirstPayVault/input_VaultReferenceNumber' successfully&#xD;
&#xD;
2019-11-01 07:42:44 - [MESSAGE][PASSED] - Scroll to object 'Object Repository/Pages/FirstPayVault/input_VaultReferenceNumber' successfully&#xD;
&#xD;
2019-11-01 07:42:44 - [TEST_STEP][PASSED] - vaultReference = utilities.SafeActions.timeWithMilliSeconds(): utilities.SafeActions.timeWithMilliSeconds is PASSED&#xD;
&#xD;
2019-11-01 07:42:44 - [MESSAGE][PASSED] - utilities.SafeActions.timeWithMilliSeconds is PASSED&#xD;
&#xD;
2019-11-01 07:42:44 - [TEST_STEP][PASSED] - utilities.SafeActions.safeType(findTestObject("Pages/FirstPayVault/input_VaultReferenceNumber"), vaultReference, "Entering Vault Reference Number", [PageLoadTime]): utilities.SafeActions.safeType is PASSED&#xD;
&#xD;
2019-11-01 07:42:45 - [MESSAGE][PASSED] - Object 'Object Repository/Pages/FirstPayVault/input_VaultReferenceNumber' is present&#xD;
&#xD;
2019-11-01 07:42:45 - [MESSAGE][PASSED] - Scroll to object 'Object Repository/Pages/FirstPayVault/input_VaultReferenceNumber' successfully&#xD;
&#xD;
2019-11-01 07:42:45 - [MESSAGE][PASSED] - Object 'Object Repository/Pages/FirstPayVault/input_VaultReferenceNumber' is present&#xD;
&#xD;
2019-11-01 07:42:45 - [MESSAGE][PASSED] - Object: 'Object Repository/Pages/FirstPayVault/input_VaultReferenceNumber' is clicked on&#xD;
&#xD;
2019-11-01 07:42:46 - [MESSAGE][PASSED] - Text '2019-11-01 07:42:44.892' is set on object 'Object Repository/Pages/FirstPayVault/input_VaultReferenceNumber'&#xD;
&#xD;
2019-11-01 07:42:46 - [MESSAGE][PASSED] - utilities.SafeActions.safeType is PASSED&#xD;
&#xD;
2019-11-01 07:42:46 - [TEST_STEP][PASSED] - utilities.SafeActions.safeType(findTestObject("Pages/FirstPayVault/input_CreditCardNumber"), visaCardNumber, "Entering Card Number", [PageLoadTime]): utilities.SafeActions.safeType is PASSED&#xD;
&#xD;
2019-11-01 07:42:46 - [MESSAGE][PASSED] - Object 'Object Repository/Pages/FirstPayVault/input_CreditCardNumber' is present&#xD;
&#xD;
2019-11-01 07:42:46 - [MESSAGE][PASSED] - Scroll to object 'Object Repository/Pages/FirstPayVault/input_CreditCardNumber' successfully&#xD;
&#xD;
2019-11-01 07:42:46 - [MESSAGE][PASSED] - Object 'Object Repository/Pages/FirstPayVault/input_CreditCardNumber' is present&#xD;
&#xD;
2019-11-01 07:42:46 - [MESSAGE][PASSED] - Object: 'Object Repository/Pages/FirstPayVault/input_CreditCardNumber' is clicked on&#xD;
&#xD;
2019-11-01 07:42:47 - [MESSAGE][PASSED] - Text '4111111111111111' is set on object 'Object Repository/Pages/FirstPayVault/input_CreditCardNumber'&#xD;
&#xD;
2019-11-01 07:42:47 - [MESSAGE][PASSED] - utilities.SafeActions.safeType is PASSED&#xD;
&#xD;
2019-11-01 07:42:47 - [TEST_STEP][PASSED] - delay(2): Delayed 2 second(s)&#xD;
&#xD;
2019-11-01 07:42:49 - [MESSAGE][PASSED] - Delayed 2 second(s)&#xD;
&#xD;
2019-11-01 07:42:49 - [TEST_STEP][PASSED] - utilities.SafeActions.safeSelectOptionInDropDownByVisibleText(findTestObject("Pages/FirstPayVault/dropDown_ExpirationMonth"), cardMonth, "Expiration Month", [PageLoadTime]): utilities.SafeActions.safeSelectOptionInDropDownByVisibleText is PASSED&#xD;
&#xD;
2019-11-01 07:42:49 - [MESSAGE][PASSED] - Object 'Object Repository/Pages/FirstPayVault/dropDown_ExpirationMonth' is visible&#xD;
&#xD;
2019-11-01 07:42:49 - [MESSAGE][PASSED] - Object 'Object Repository/Pages/FirstPayVault/dropDown_ExpirationMonth' is present&#xD;
&#xD;
2019-11-01 07:42:50 - [MESSAGE][PASSED] - Object: 'Object Repository/Pages/FirstPayVault/dropDown_ExpirationMonth' is clicked on&#xD;
&#xD;
2019-11-01 07:42:50 - [MESSAGE][PASSED] - All options with label 'September' are selected in object 'Object Repository/Pages/FirstPayVault/dropDown_ExpirationMonth' &#xD;
&#xD;
2019-11-01 07:42:50 - [MESSAGE][PASSED] - utilities.SafeActions.safeSelectOptionInDropDownByVisibleText is PASSED&#xD;
&#xD;
2019-11-01 07:42:50 - [TEST_STEP][PASSED] - utilities.SafeActions.safeSelectOptionInDropDownByVisibleText(findTestObject("Pages/FirstPayVault/dropDown_ExpirationYear"), cardYear, "year", [PageLoadTime]): utilities.SafeActions.safeSelectOptionInDropDownByVisibleText is PASSED&#xD;
&#xD;
2019-11-01 07:42:50 - [MESSAGE][PASSED] - Object 'Object Repository/Pages/FirstPayVault/dropDown_ExpirationYear' is visible&#xD;
&#xD;
2019-11-01 07:42:50 - [MESSAGE][PASSED] - Object 'Object Repository/Pages/FirstPayVault/dropDown_ExpirationYear' is present&#xD;
&#xD;
2019-11-01 07:42:51 - [MESSAGE][PASSED] - Object: 'Object Repository/Pages/FirstPayVault/dropDown_ExpirationYear' is clicked on&#xD;
&#xD;
2019-11-01 07:42:51 - [MESSAGE][PASSED] - All options with label '2032' are selected in object 'Object Repository/Pages/FirstPayVault/dropDown_ExpirationYear' &#xD;
&#xD;
2019-11-01 07:42:51 - [MESSAGE][PASSED] - utilities.SafeActions.safeSelectOptionInDropDownByVisibleText is PASSED&#xD;
&#xD;
2019-11-01 07:42:51 - [TEST_STEP][PASSED] - delay(2): Delayed 2 second(s)&#xD;
&#xD;
2019-11-01 07:42:53 - [MESSAGE][PASSED] - Delayed 2 second(s)&#xD;
&#xD;
2019-11-01 07:42:53 - [TEST_STEP][PASSED] - utilities.SafeActions.safeType(findTestObject("Pages/FirstPayVault/input_ContactName"), customerName, "Enter Contact Name", [PageLoadTime]): utilities.SafeActions.safeType is PASSED&#xD;
&#xD;
2019-11-01 07:42:53 - [MESSAGE][PASSED] - Object 'Object Repository/Pages/FirstPayVault/input_ContactName' is present&#xD;
&#xD;
2019-11-01 07:42:53 - [MESSAGE][PASSED] - Scroll to object 'Object Repository/Pages/FirstPayVault/input_ContactName' successfully&#xD;
&#xD;
2019-11-01 07:42:53 - [MESSAGE][PASSED] - Object 'Object Repository/Pages/FirstPayVault/input_ContactName' is present&#xD;
&#xD;
2019-11-01 07:42:54 - [MESSAGE][PASSED] - Object: 'Object Repository/Pages/FirstPayVault/input_ContactName' is clicked on&#xD;
&#xD;
2019-11-01 07:42:54 - [MESSAGE][PASSED] - Text 'Venkata Sai' is set on object 'Object Repository/Pages/FirstPayVault/input_ContactName'&#xD;
&#xD;
2019-11-01 07:42:54 - [MESSAGE][PASSED] - utilities.SafeActions.safeType is PASSED&#xD;
&#xD;
2019-11-01 07:42:54 - [TEST_STEP][PASSED] - utilities.SafeActions.safeType(findTestObject("Pages/FirstPayVault/input_PostalCode"), postalCode, "Enter Postal Code", [PageLoadTime]): utilities.SafeActions.safeType is PASSED&#xD;
&#xD;
2019-11-01 07:42:55 - [MESSAGE][PASSED] - Object 'Object Repository/Pages/FirstPayVault/input_PostalCode' is present&#xD;
&#xD;
2019-11-01 07:42:55 - [MESSAGE][PASSED] - Scroll to object 'Object Repository/Pages/FirstPayVault/input_PostalCode' successfully&#xD;
&#xD;
2019-11-01 07:42:55 - [MESSAGE][PASSED] - Object 'Object Repository/Pages/FirstPayVault/input_PostalCode' is present&#xD;
&#xD;
2019-11-01 07:42:55 - [MESSAGE][PASSED] - Object: 'Object Repository/Pages/FirstPayVault/input_PostalCode' is clicked on&#xD;
&#xD;
2019-11-01 07:42:56 - [MESSAGE][PASSED] - Text '76102' is set on object 'Object Repository/Pages/FirstPayVault/input_PostalCode'&#xD;
&#xD;
2019-11-01 07:42:56 - [MESSAGE][PASSED] - utilities.SafeActions.safeType is PASSED&#xD;
&#xD;
2019-11-01 07:42:56 - [TEST_STEP][PASSED] - utilities.SafeActions.safeType(findTestObject("Pages/FirstPayVault/input_Address"), address, "Enter ddress", [PageLoadTime]): utilities.SafeActions.safeType is PASSED&#xD;
&#xD;
2019-11-01 07:42:56 - [MESSAGE][PASSED] - Object 'Object Repository/Pages/FirstPayVault/input_Address' is present&#xD;
&#xD;
2019-11-01 07:42:56 - [MESSAGE][PASSED] - Scroll to object 'Object Repository/Pages/FirstPayVault/input_Address' successfully&#xD;
&#xD;
2019-11-01 07:42:56 - [MESSAGE][PASSED] - Object 'Object Repository/Pages/FirstPayVault/input_Address' is present&#xD;
&#xD;
2019-11-01 07:42:57 - [MESSAGE][PASSED] - Object: 'Object Repository/Pages/FirstPayVault/input_Address' is clicked on&#xD;
&#xD;
2019-11-01 07:42:57 - [MESSAGE][PASSED] - Text 'Street123' is set on object 'Object Repository/Pages/FirstPayVault/input_Address'&#xD;
&#xD;
2019-11-01 07:42:57 - [MESSAGE][PASSED] - utilities.SafeActions.safeType is PASSED&#xD;
&#xD;
2019-11-01 07:42:57 - [TEST_STEP][PASSED] - utilities.SafeActions.safeCheckForElement(findTestObject("Pages/FirstPayVault/chekBox_AddShippingInformation"), PageLoadTime): utilities.SafeActions.safeCheckForElement is PASSED&#xD;
&#xD;
2019-11-01 07:42:57 - [MESSAGE][PASSED] - Object 'Object Repository/Pages/FirstPayVault/chekBox_AddShippingInformation' is present&#xD;
&#xD;
2019-11-01 07:42:57 - [MESSAGE][PASSED] - Object 'Object Repository/Pages/FirstPayVault/chekBox_AddShippingInformation' is visible&#xD;
&#xD;
2019-11-01 07:42:57 - [MESSAGE][PASSED] - Object 'Object Repository/Pages/FirstPayVault/chekBox_AddShippingInformation' is present&#xD;
&#xD;
2019-11-01 07:42:58 - [MESSAGE][PASSED] - Object 'Object Repository/Pages/FirstPayVault/chekBox_AddShippingInformation' is checked&#xD;
&#xD;
2019-11-01 07:42:58 - [MESSAGE][PASSED] - utilities.SafeActions.safeCheckForElement is PASSED&#xD;
&#xD;
2019-11-01 07:42:58 - [TEST_STEP][PASSED] - utilities.SafeActions.safeType(findTestObject("Pages/FirstPayVault/input_ShippingMethod"), shippingMethod, "Enter Shipping Method", [PageLoadTime]): utilities.SafeActions.safeType is PASSED&#xD;
&#xD;
2019-11-01 07:42:58 - [MESSAGE][PASSED] - Object 'Object Repository/Pages/FirstPayVault/input_ShippingMethod' is present&#xD;
&#xD;
2019-11-01 07:42:58 - [MESSAGE][PASSED] - Scroll to object 'Object Repository/Pages/FirstPayVault/input_ShippingMethod' successfully&#xD;
&#xD;
2019-11-01 07:42:58 - [MESSAGE][PASSED] - Object 'Object Repository/Pages/FirstPayVault/input_ShippingMethod' is present&#xD;
&#xD;
2019-11-01 07:42:59 - [MESSAGE][PASSED] - Object: 'Object Repository/Pages/FirstPayVault/input_ShippingMethod' is clicked on&#xD;
&#xD;
2019-11-01 07:42:59 - [MESSAGE][PASSED] - Text 'DTDC' is set on object 'Object Repository/Pages/FirstPayVault/input_ShippingMethod'&#xD;
&#xD;
2019-11-01 07:42:59 - [MESSAGE][PASSED] - utilities.SafeActions.safeType is PASSED&#xD;
&#xD;
2019-11-01 07:42:59 - [TEST_STEP][PASSED] - utilities.SafeActions.safeCheckForElement(findTestObject("Pages/FirstPayVault/checkbox_SameAsBillingInformation"), PageLoadTime): utilities.SafeActions.safeCheckForElement is PASSED&#xD;
&#xD;
2019-11-01 07:42:59 - [MESSAGE][PASSED] - Object 'Object Repository/Pages/FirstPayVault/checkbox_SameAsBillingInformation' is present&#xD;
&#xD;
2019-11-01 07:42:59 - [MESSAGE][PASSED] - Object 'Object Repository/Pages/FirstPayVault/checkbox_SameAsBillingInformation' is visible&#xD;
&#xD;
2019-11-01 07:42:59 - [MESSAGE][PASSED] - Object 'Object Repository/Pages/FirstPayVault/checkbox_SameAsBillingInformation' is present&#xD;
&#xD;
2019-11-01 07:43:00 - [MESSAGE][PASSED] - Object 'Object Repository/Pages/FirstPayVault/checkbox_SameAsBillingInformation' is checked&#xD;
&#xD;
2019-11-01 07:43:00 - [MESSAGE][PASSED] - utilities.SafeActions.safeCheckForElement is PASSED&#xD;
&#xD;
2019-11-01 07:43:00 - [TEST_STEP][PASSED] - utilities.SafeActions.safeClickwithScroll(findTestObject("Pages/FirstPayVault/button_Create"), "Click on Create Button", [PageLoadTime]): utilities.SafeActions.safeClickwithScroll is PASSED&#xD;
&#xD;
2019-11-01 07:43:00 - [MESSAGE][PASSED] - Object 'Object Repository/Pages/FirstPayVault/button_Create' is present&#xD;
&#xD;
2019-11-01 07:43:00 - [MESSAGE][PASSED] - Object 'Object Repository/Pages/FirstPayVault/button_Create' is visible&#xD;
&#xD;
2019-11-01 07:43:00 - [MESSAGE][INFO] - 1stPayVault_TestSuite.ts:waiting until Click on Create Button is Clickable&#xD;
&#xD;
2019-11-01 07:43:00 - [MESSAGE][PASSED] - Object 'Object Repository/Pages/FirstPayVault/button_Create' is clickable&#xD;
&#xD;
2019-11-01 07:43:00 - [MESSAGE][PASSED] - Object 'Object Repository/Pages/FirstPayVault/button_Create' is visible&#xD;
&#xD;
2019-11-01 07:43:01 - [MESSAGE][PASSED] - Object: 'Object Repository/Pages/FirstPayVault/button_Create' is clicked on&#xD;
&#xD;
2019-11-01 07:43:01 - [MESSAGE][INFO] - 1stPayVault_TestSuite.ts: Clicked on the Click on Create Button&#xD;
&#xD;
2019-11-01 07:43:01 - [MESSAGE][PASSED] - utilities.SafeActions.safeClickwithScroll is PASSED&#xD;
&#xD;
2019-11-01 07:43:01 - [TEST_STEP][PASSED] - delay(2): Delayed 2 second(s)&#xD;
&#xD;
2019-11-01 07:43:03 - [MESSAGE][PASSED] - Delayed 2 second(s)&#xD;
&#xD;
2019-11-01 07:43:03 - [TEST_STEP][PASSED] - popupSavedToVaultMessage = utilities.SafeActions.safeGetText(findTestObject("Pages/FirstPayVault/popup_SavedToVaultMessage"), PageLoadTime): utilities.SafeActions.safeGetText is PASSED&#xD;
&#xD;
2019-11-01 07:43:03 - [MESSAGE][PASSED] - Object 'Object Repository/Pages/FirstPayVault/popup_SavedToVaultMessage' is present&#xD;
&#xD;
2019-11-01 07:43:04 - [MESSAGE][PASSED] - Scroll to object 'Object Repository/Pages/FirstPayVault/popup_SavedToVaultMessage' successfully&#xD;
&#xD;
2019-11-01 07:43:04 - [MESSAGE][PASSED] - Object 'Object Repository/Pages/FirstPayVault/popup_SavedToVaultMessage' is present&#xD;
&#xD;
2019-11-01 07:43:04 - [MESSAGE][PASSED] - Text of object 'Object Repository/Pages/FirstPayVault/popup_SavedToVaultMessage' is: 'Successfully Saved to Vault'&#xD;
&#xD;
2019-11-01 07:43:04 - [MESSAGE][PASSED] - utilities.SafeActions.safeGetText is PASSED&#xD;
&#xD;
2019-11-01 07:43:04 - [TEST_STEP][PASSED] - flag = utilities.SafeActions.verifyPopupMessage("Successfully Saved to Vault", popupSavedToVaultMessage): Popup Message : Successfully Saved to Vault matched with expected message : Successfully Saved to Vault&#xD;
&#xD;
2019-11-01 07:43:04 - [MESSAGE][PASSED] - Popup Message : Successfully Saved to Vault matched with expected message : Successfully Saved to Vault&#xD;
&#xD;
2019-11-01 07:43:04 - [TEST_STEP][PASSED] - delay(2): Delayed 2 second(s)&#xD;
&#xD;
2019-11-01 07:43:06 - [MESSAGE][PASSED] - Delayed 2 second(s)&#xD;
&#xD;
2019-11-01 07:43:06 - [TEST_STEP][PASSED] - utilities.SafeActions.safeClickWithoutScroll(findTestObject("Pages/FirstPayVault/button_RunSaleWithThisVault_InPopup"), "Click on Run Sale With This Vault in Popup", [delayBetweenTestSteps]): utilities.SafeActions.safeClickWithoutScroll is PASSED&#xD;
&#xD;
2019-11-01 07:43:06 - [MESSAGE][INFO] - Safe Click Without scroll&#xD;
&#xD;
2019-11-01 07:43:06 - [MESSAGE][INFO] - 1stPayVault_TestSuite.ts:waiting until Click on Run Sale With This Vault in Popup is Clickable&#xD;
&#xD;
2019-11-01 07:43:07 - [MESSAGE][PASSED] - Object 'Object Repository/Pages/FirstPayVault/button_RunSaleWithThisVault_InPopup' is clickable&#xD;
&#xD;
2019-11-01 07:43:07 - [MESSAGE][PASSED] - Object 'Object Repository/Pages/FirstPayVault/button_RunSaleWithThisVault_InPopup' is visible&#xD;
&#xD;
2019-11-01 07:43:07 - [MESSAGE][PASSED] - Object: 'Object Repository/Pages/FirstPayVault/button_RunSaleWithThisVault_InPopup' is clicked on&#xD;
&#xD;
2019-11-01 07:43:07 - [MESSAGE][INFO] - 1stPayVault_TestSuite.ts: click on the Click on Run Sale With This Vault in Popup&#xD;
&#xD;
2019-11-01 07:43:07 - [MESSAGE][PASSED] - utilities.SafeActions.safeClickWithoutScroll is PASSED&#xD;
&#xD;
2019-11-01 07:43:07 - [TEST_STEP][PASSED] - delay(2): Delayed 2 second(s)&#xD;
&#xD;
2019-11-01 07:43:09 - [MESSAGE][PASSED] - Delayed 2 second(s)&#xD;
&#xD;
2019-11-01 07:43:09 - [TEST_STEP][PASSED] - value = utilities.SafeActions.getAttributeValue(findTestObject("Pages/FirstPayVault/tab_1stPayVault_Active"), "1st_PayVault"): The screen is 1st_PayVault screen&#xD;
&#xD;
2019-11-01 07:43:10 - [MESSAGE][PASSED] - Attribute 'class' of object 'Object Repository/Pages/FirstPayVault/tab_1stPayVault_Active' is: 'active_tab tabs__link'&#xD;
&#xD;
2019-11-01 07:43:10 - [MESSAGE][PASSED] - The screen is 1st_PayVault screen&#xD;
&#xD;
2019-11-01 07:43:10 - [TEST_STEP][PASSED] - scrollToElement(findTestObject("Pages/FirstPayVault/input_Amount"), PageLoadTime): Scroll to object 'Object Repository/Pages/FirstPayVault/input_Amount' successfully&#xD;
&#xD;
2019-11-01 07:43:10 - [MESSAGE][PASSED] - Scroll to object 'Object Repository/Pages/FirstPayVault/input_Amount' successfully&#xD;
&#xD;
2019-11-01 07:43:10 - [TEST_STEP][PASSED] - utilities.SafeActions.safeType(findTestObject("Pages/FirstPayVault/input_Amount"), amount, "Enter Amount", [PageLoadTime]): utilities.SafeActions.safeType is PASSED&#xD;
&#xD;
2019-11-01 07:43:10 - [MESSAGE][PASSED] - Object 'Object Repository/Pages/FirstPayVault/input_Amount' is present&#xD;
&#xD;
2019-11-01 07:43:10 - [MESSAGE][PASSED] - Scroll to object 'Object Repository/Pages/FirstPayVault/input_Amount' successfully&#xD;
&#xD;
2019-11-01 07:43:10 - [MESSAGE][PASSED] - Object 'Object Repository/Pages/FirstPayVault/input_Amount' is present&#xD;
&#xD;
2019-11-01 07:43:11 - [MESSAGE][PASSED] - Object: 'Object Repository/Pages/FirstPayVault/input_Amount' is clicked on&#xD;
&#xD;
2019-11-01 07:43:11 - [MESSAGE][PASSED] - Text '450' is set on object 'Object Repository/Pages/FirstPayVault/input_Amount'&#xD;
&#xD;
2019-11-01 07:43:11 - [MESSAGE][PASSED] - utilities.SafeActions.safeType is PASSED&#xD;
&#xD;
2019-11-01 07:43:11 - [TEST_STEP][PASSED] - salesTax = utilities.SafeActions.safeGetText(findTestObject("Pages/FirstPayVault/input_SalesTaxUnderAmount"), delayBetweenTestSteps): utilities.SafeActions.safeGetText is PASSED&#xD;
&#xD;
2019-11-01 07:43:11 - [MESSAGE][PASSED] - Object 'Object Repository/Pages/FirstPayVault/input_SalesTaxUnderAmount' is present&#xD;
&#xD;
2019-11-01 07:43:11 - [MESSAGE][PASSED] - Scroll to object 'Object Repository/Pages/FirstPayVault/input_SalesTaxUnderAmount' successfully&#xD;
&#xD;
2019-11-01 07:43:11 - [MESSAGE][PASSED] - Object 'Object Repository/Pages/FirstPayVault/input_SalesTaxUnderAmount' is present&#xD;
&#xD;
2019-11-01 07:43:12 - [MESSAGE][PASSED] - Text of object 'Object Repository/Pages/FirstPayVault/input_SalesTaxUnderAmount' is: '$37.13'&#xD;
&#xD;
2019-11-01 07:43:12 - [MESSAGE][PASSED] - utilities.SafeActions.safeGetText is PASSED&#xD;
&#xD;
2019-11-01 07:43:12 - [TEST_STEP][PASSED] - pages.FirstPayVault.verifyAmountIsNotZero(salesTax): pages.FirstPayVault.verifyAmountIsNotZero is PASSED&#xD;
&#xD;
2019-11-01 07:43:12 - [MESSAGE][PASSED] - pages.FirstPayVault.verifyAmountIsNotZero is PASSED&#xD;
&#xD;
2019-11-01 07:43:12 - [TEST_STEP][PASSED] - scrollToElement(findTestObject("Pages/FirstPayVault/input_CreditCardNumberForVerification"), delayBetweenTestSteps): Scroll to object 'Object Repository/Pages/FirstPayVault/input_CreditCardNumberForVerification' successfully&#xD;
&#xD;
2019-11-01 07:43:12 - [MESSAGE][PASSED] - Scroll to object 'Object Repository/Pages/FirstPayVault/input_CreditCardNumberForVerification' successfully&#xD;
&#xD;
2019-11-01 07:43:12 - [TEST_STEP][PASSED] - cardNumber = utilities.SafeActions.getAttribute(findTestObject("Pages/FirstPayVault/input_CreditCardNumberForVerification"), "1st Pay Vault"): utilities.SafeActions.getAttribute is PASSED&#xD;
&#xD;
2019-11-01 07:43:12 - [MESSAGE][PASSED] - Attribute 'value' of object 'Object Repository/Pages/FirstPayVault/input_CreditCardNumberForVerification' is: '411111******1111'&#xD;
&#xD;
2019-11-01 07:43:12 - [MESSAGE][PASSED] - utilities.SafeActions.getAttribute is PASSED&#xD;
&#xD;
2019-11-01 07:43:12 - [TEST_STEP][PASSED] - pages.FirstPayVault.verifyCardNumber(cardNumber, visaCardNumber): Actual String : 4111111111111111 matched with Expected message : 411111******1111&#xD;
&#xD;
2019-11-01 07:43:12 - [MESSAGE][PASSED] - Actual String : 4111111111111111 matched with Expected message : 411111******1111&#xD;
&#xD;
2019-11-01 07:43:12 - [TEST_STEP][PASSED] - expirationYear = utilities.SafeActions.getAttribute(findTestObject("Pages/FirstPayVault/dropDownExpirationYearForVerification"), "1st Pay Vault"): utilities.SafeActions.getAttribute is PASSED&#xD;
&#xD;
2019-11-01 07:43:12 - [MESSAGE][PASSED] - Attribute 'value' of object 'Object Repository/Pages/FirstPayVault/dropDownExpirationYearForVerification' is: '2032'&#xD;
&#xD;
2019-11-01 07:43:12 - [MESSAGE][PASSED] - utilities.SafeActions.getAttribute is PASSED&#xD;
&#xD;
2019-11-01 07:43:12 - [TEST_STEP][PASSED] - pages.FirstPayVault.verifyStrings(expirationYear, cardYear): Actual String : 2032 matched with Expected message : 2032&#xD;
&#xD;
2019-11-01 07:43:12 - [MESSAGE][PASSED] - Actual String : 2032 matched with Expected message : 2032&#xD;
&#xD;
2019-11-01 07:43:12 - [TEST_STEP][PASSED] - scrollToElement(findTestObject("Pages/FirstPayVault/input_VerifyCardHolderName"), PageLoadTime): Scroll to object 'Object Repository/Pages/FirstPayVault/input_VerifyCardHolderName' successfully&#xD;
&#xD;
2019-11-01 07:43:12 - [MESSAGE][PASSED] - Scroll to object 'Object Repository/Pages/FirstPayVault/input_VerifyCardHolderName' successfully&#xD;
&#xD;
2019-11-01 07:43:12 - [TEST_STEP][PASSED] - name = utilities.SafeActions.getAttribute(findTestObject("Pages/FirstPayVault/input_VerifyCardHolderName"), "1stPayVault"): utilities.SafeActions.getAttribute is PASSED&#xD;
&#xD;
2019-11-01 07:43:12 - [MESSAGE][PASSED] - Attribute 'value' of object 'Object Repository/Pages/FirstPayVault/input_VerifyCardHolderName' is: 'Venkata Sai'&#xD;
&#xD;
2019-11-01 07:43:12 - [MESSAGE][PASSED] - utilities.SafeActions.getAttribute is PASSED&#xD;
&#xD;
2019-11-01 07:43:12 - [TEST_STEP][PASSED] - pages.FirstPayVault.verifyStrings(name, customerName): Actual String : Venkata Sai matched with Expected message : Venkata Sai&#xD;
&#xD;
2019-11-01 07:43:12 - [MESSAGE][PASSED] - Actual String : Venkata Sai matched with Expected message : Venkata Sai&#xD;
&#xD;
2019-11-01 07:43:12 - [TEST_STEP][PASSED] - scrollToElement(findTestObject("Pages/FirstPayVault/checkbox_TaxExempt"), PageLoadTime): Scroll to object 'Object Repository/Pages/FirstPayVault/checkbox_TaxExempt' successfully&#xD;
&#xD;
2019-11-01 07:43:12 - [MESSAGE][PASSED] - Scroll to object 'Object Repository/Pages/FirstPayVault/checkbox_TaxExempt' successfully&#xD;
&#xD;
2019-11-01 07:43:12 - [TEST_STEP][PASSED] - pages.FirstPayVault.verifyAmountIsNotZero(salesTax): pages.FirstPayVault.verifyAmountIsNotZero is PASSED&#xD;
&#xD;
2019-11-01 07:43:12 - [MESSAGE][PASSED] - pages.FirstPayVault.verifyAmountIsNotZero is PASSED&#xD;
&#xD;
2019-11-01 07:43:12 - [TEST_STEP][PASSED] - utilities.SafeActions.safeCheckForElement(findTestObject("Pages/FirstPayVault/checkbox_TaxExempt"), PageLoadTime): utilities.SafeActions.safeCheckForElement is PASSED&#xD;
&#xD;
2019-11-01 07:43:12 - [MESSAGE][PASSED] - Object 'Object Repository/Pages/FirstPayVault/checkbox_TaxExempt' is present&#xD;
&#xD;
2019-11-01 07:43:13 - [MESSAGE][PASSED] - Object 'Object Repository/Pages/FirstPayVault/checkbox_TaxExempt' is visible&#xD;
&#xD;
2019-11-01 07:43:13 - [MESSAGE][PASSED] - Object 'Object Repository/Pages/FirstPayVault/checkbox_TaxExempt' is present&#xD;
&#xD;
2019-11-01 07:43:13 - [MESSAGE][PASSED] - Object 'Object Repository/Pages/FirstPayVault/checkbox_TaxExempt' is checked&#xD;
&#xD;
2019-11-01 07:43:13 - [MESSAGE][PASSED] - utilities.SafeActions.safeCheckForElement is PASSED&#xD;
&#xD;
2019-11-01 07:43:13 - [TEST_STEP][PASSED] - utilities.SafeActions.safeClickwithScroll(findTestObject("Pages/FirstPayVault/button_Checkout"), "Click on Checkout", [PageLoadTime]): utilities.SafeActions.safeClickwithScroll is PASSED&#xD;
&#xD;
2019-11-01 07:43:14 - [MESSAGE][PASSED] - Object 'Object Repository/Pages/FirstPayVault/button_Checkout' is present&#xD;
&#xD;
2019-11-01 07:43:14 - [MESSAGE][PASSED] - Object 'Object Repository/Pages/FirstPayVault/button_Checkout' is visible&#xD;
&#xD;
2019-11-01 07:43:14 - [MESSAGE][INFO] - 1stPayVault_TestSuite.ts:waiting until Click on Checkout is Clickable&#xD;
&#xD;
2019-11-01 07:43:14 - [MESSAGE][PASSED] - Object 'Object Repository/Pages/FirstPayVault/button_Checkout' is clickable&#xD;
&#xD;
2019-11-01 07:43:14 - [MESSAGE][PASSED] - Object 'Object Repository/Pages/FirstPayVault/button_Checkout' is visible&#xD;
&#xD;
2019-11-01 07:43:14 - [MESSAGE][PASSED] - Object: 'Object Repository/Pages/FirstPayVault/button_Checkout' is clicked on&#xD;
&#xD;
2019-11-01 07:43:14 - [MESSAGE][INFO] - 1stPayVault_TestSuite.ts: Clicked on the Click on Checkout&#xD;
&#xD;
2019-11-01 07:43:14 - [MESSAGE][PASSED] - utilities.SafeActions.safeClickwithScroll is PASSED&#xD;
&#xD;
2019-11-01 07:43:14 - [TEST_STEP][PASSED] - pages.Sale.verifyTransactionCompletePage(findTestObject("Pages/Sale/heading_TransactionComplete")): The screen is Transaction Complete screen&#xD;
&#xD;
2019-11-01 07:43:15 - [MESSAGE][PASSED] - Object 'Object Repository/Pages/Sale/heading_TransactionComplete' is present&#xD;
&#xD;
2019-11-01 07:43:16 - [MESSAGE][PASSED] - The screen is Transaction Complete screen&#xD;
&#xD;
2019-11-01 07:43:16 - [TEST_STEP][PASSED] - delay(2): Delayed 2 second(s)&#xD;
&#xD;
2019-11-01 07:43:18 - [MESSAGE][PASSED] - Delayed 2 second(s)&#xD;
&#xD;
2019-11-01 07:43:18 - [TEST_STEP][PASSED] - utilities.SafeActions.safeClickWithoutScroll(findTestObject("Pages/FirstPayVault/button_ReturnToSale_InTransactionComplete"), "Click On Return Button", [PageLoadTime]): utilities.SafeActions.safeClickWithoutScroll is PASSED&#xD;
&#xD;
2019-11-01 07:43:18 - [MESSAGE][INFO] - Safe Click Without scroll&#xD;
&#xD;
2019-11-01 07:43:18 - [MESSAGE][INFO] - 1stPayVault_TestSuite.ts:waiting until Click On Return Button is Clickable&#xD;
&#xD;
2019-11-01 07:43:18 - [MESSAGE][PASSED] - Object 'Object Repository/Pages/FirstPayVault/button_ReturnToSale_InTransactionComplete' is clickable&#xD;
&#xD;
2019-11-01 07:43:18 - [MESSAGE][PASSED] - Object 'Object Repository/Pages/FirstPayVault/button_ReturnToSale_InTransactionComplete' is visible&#xD;
&#xD;
2019-11-01 07:43:19 - [MESSAGE][PASSED] - Object: 'Object Repository/Pages/FirstPayVault/button_ReturnToSale_InTransactionComplete' is clicked on&#xD;
&#xD;
2019-11-01 07:43:19 - [MESSAGE][INFO] - 1stPayVault_TestSuite.ts: click on the Click On Return Button&#xD;
&#xD;
2019-11-01 07:43:19 - [MESSAGE][PASSED] - utilities.SafeActions.safeClickWithoutScroll is PASSED&#xD;
&#xD;
2019-11-01 07:43:19 - [TEST_STEP][PASSED] - utilities.SafeActions.safeClickWithoutScroll(findTestObject("Pages/FirstPayVault/tab_FirstPayVault"), "Click on FirstPayVault tab", [PageLoadTime]): utilities.SafeActions.safeClickWithoutScroll is PASSED&#xD;
&#xD;
2019-11-01 07:43:19 - [MESSAGE][INFO] - Safe Click Without scroll&#xD;
&#xD;
2019-11-01 07:43:19 - [MESSAGE][INFO] - 1stPayVault_TestSuite.ts:waiting until Click on FirstPayVault tab is Clickable&#xD;
&#xD;
2019-11-01 07:43:19 - [MESSAGE][PASSED] - Object 'Object Repository/Pages/FirstPayVault/tab_FirstPayVault' is clickable&#xD;
&#xD;
2019-11-01 07:43:19 - [MESSAGE][PASSED] - Object 'Object Repository/Pages/FirstPayVault/tab_FirstPayVault' is visible&#xD;
&#xD;
2019-11-01 07:43:20 - [MESSAGE][PASSED] - Object: 'Object Repository/Pages/FirstPayVault/tab_FirstPayVault' is clicked on&#xD;
&#xD;
2019-11-01 07:43:20 - [MESSAGE][INFO] - 1stPayVault_TestSuite.ts: click on the Click on FirstPayVault tab&#xD;
&#xD;
2019-11-01 07:43:20 - [MESSAGE][PASSED] - utilities.SafeActions.safeClickWithoutScroll is PASSED&#xD;
&#xD;
2019-11-01 07:43:20 - [TEST_STEP][PASSED] - utilities.SafeActions.safeClickwithScroll(findTestObject("Pages/FirstPayVault/button_SearchVault"), "Click on Search Vault", [PageLoadTime]): utilities.SafeActions.safeClickwithScroll is PASSED&#xD;
&#xD;
2019-11-01 07:43:20 - [MESSAGE][PASSED] - Object 'Object Repository/Pages/FirstPayVault/button_SearchVault' is present&#xD;
&#xD;
2019-11-01 07:43:20 - [MESSAGE][PASSED] - Object 'Object Repository/Pages/FirstPayVault/button_SearchVault' is visible&#xD;
&#xD;
2019-11-01 07:43:20 - [MESSAGE][INFO] - 1stPayVault_TestSuite.ts:waiting until Click on Search Vault is Clickable&#xD;
&#xD;
2019-11-01 07:43:20 - [MESSAGE][PASSED] - Object 'Object Repository/Pages/FirstPayVault/button_SearchVault' is clickable&#xD;
&#xD;
2019-11-01 07:43:20 - [MESSAGE][PASSED] - Object 'Object Repository/Pages/FirstPayVault/button_SearchVault' is visible&#xD;
&#xD;
2019-11-01 07:43:21 - [MESSAGE][PASSED] - Object: 'Object Repository/Pages/FirstPayVault/button_SearchVault' is clicked on&#xD;
&#xD;
2019-11-01 07:43:21 - [MESSAGE][INFO] - 1stPayVault_TestSuite.ts: Clicked on the Click on Search Vault&#xD;
&#xD;
2019-11-01 07:43:21 - [MESSAGE][PASSED] - utilities.SafeActions.safeClickwithScroll is PASSED&#xD;
&#xD;
2019-11-01 07:43:21 - [TEST_STEP][PASSED] - utilities.SafeActions.safeClickWithoutScroll(findTestObject("Pages/FirstPayVault/button_Search"), "Click On Search button", [PageLoadTime]): utilities.SafeActions.safeClickWithoutScroll is PASSED&#xD;
&#xD;
2019-11-01 07:43:21 - [MESSAGE][INFO] - Safe Click Without scroll&#xD;
&#xD;
2019-11-01 07:43:21 - [MESSAGE][INFO] - 1stPayVault_TestSuite.ts:waiting until Click On Search button is Clickable&#xD;
&#xD;
2019-11-01 07:43:21 - [MESSAGE][PASSED] - Object 'Object Repository/Pages/FirstPayVault/button_Search' is clickable&#xD;
&#xD;
2019-11-01 07:43:21 - [MESSAGE][PASSED] - Object 'Object Repository/Pages/FirstPayVault/button_Search' is visible&#xD;
&#xD;
2019-11-01 07:43:22 - [MESSAGE][PASSED] - Object: 'Object Repository/Pages/FirstPayVault/button_Search' is clicked on&#xD;
&#xD;
2019-11-01 07:43:22 - [MESSAGE][INFO] - 1stPayVault_TestSuite.ts: click on the Click On Search button&#xD;
&#xD;
2019-11-01 07:43:22 - [MESSAGE][PASSED] - utilities.SafeActions.safeClickWithoutScroll is PASSED&#xD;
&#xD;
2019-11-01 07:43:22 - [TEST_STEP][PASSED] - scrollToElement(findTestObject("Pages/Transaction_Management/invoice_ForTransaction"), PageLoadTime): Scroll to object 'Object Repository/Pages/Transaction_Management/invoice_ForTransaction' successfully&#xD;
&#xD;
2019-11-01 07:43:25 - [MESSAGE][PASSED] - Scroll to object 'Object Repository/Pages/Transaction_Management/invoice_ForTransaction' successfully&#xD;
&#xD;
2019-11-01 07:43:25 - [TEST_STEP][PASSED] - pages.FirstPayVault.verifyInvoiceRecord(findTestObject("Pages/FirstPayVault/footer_NextButton"), findTestObject("Pages/FirstPayVault/page_Number"), vaultReference): The Vault is found in page 1&#xD;
&#xD;
2019-11-01 07:43:26 - [MESSAGE][PASSED] - Text of object 'Object Repository/Pages/FirstPayVault/page_Number' is: 'Page 1 of 38'&#xD;
&#xD;
2019-11-01 07:43:26 - [MESSAGE][PASSED] - The Vault is found in page 1&#xD;
&#xD;
2019-11-01 07:43:27 - [TEST_STEP][PASSED] - delay(2): Delayed 2 second(s)&#xD;
&#xD;
2019-11-01 07:43:29 - [MESSAGE][PASSED] - Delayed 2 second(s)&#xD;
&#xD;
2019-11-01 07:43:29 - [TEST_STEP][PASSED] - pages.FirstPayVault.clickOnMakeAPayment(findTestObject("Pages/FirstPayVault/footer_NextButton"), findTestObject("Pages/FirstPayVault/page_Number"), vaultReference): Delayed 6 second(s)&#xD;
&#xD;
2019-11-01 07:43:29 - [MESSAGE][PASSED] - Text of object 'Object Repository/Pages/FirstPayVault/page_Number' is: 'Page 1 of 38'&#xD;
&#xD;
2019-11-01 07:43:29 - [MESSAGE][PASSED] - The Vault is found in page 1&#xD;
&#xD;
2019-11-01 07:43:35 - [MESSAGE][PASSED] - Delayed 6 second(s)&#xD;
&#xD;
2019-11-01 07:43:36 - [TEST_STEP][PASSED] - scrollToElement(findTestObject("Pages/FirstPayVault/input_Amount"), delayBetweenTestSteps): Scroll to object 'Object Repository/Pages/FirstPayVault/input_Amount' successfully&#xD;
&#xD;
2019-11-01 07:43:36 - [MESSAGE][PASSED] - Scroll to object 'Object Repository/Pages/FirstPayVault/input_Amount' successfully&#xD;
&#xD;
2019-11-01 07:43:36 - [TEST_STEP][PASSED] - utilities.SafeActions.safeType(findTestObject("Pages/FirstPayVault/input_Amount"), amount, "Enter Amount", [PageLoadTime]): utilities.SafeActions.safeType is PASSED&#xD;
&#xD;
2019-11-01 07:43:37 - [MESSAGE][PASSED] - Object 'Object Repository/Pages/FirstPayVault/input_Amount' is present&#xD;
&#xD;
2019-11-01 07:43:37 - [MESSAGE][PASSED] - Scroll to object 'Object Repository/Pages/FirstPayVault/input_Amount' successfully&#xD;
&#xD;
2019-11-01 07:43:37 - [MESSAGE][PASSED] - Object 'Object Repository/Pages/FirstPayVault/input_Amount' is present&#xD;
&#xD;
2019-11-01 07:43:37 - [MESSAGE][PASSED] - Object: 'Object Repository/Pages/FirstPayVault/input_Amount' is clicked on&#xD;
&#xD;
2019-11-01 07:43:38 - [MESSAGE][PASSED] - Text '450' is set on object 'Object Repository/Pages/FirstPayVault/input_Amount'&#xD;
&#xD;
2019-11-01 07:43:38 - [MESSAGE][PASSED] - utilities.SafeActions.safeType is PASSED&#xD;
&#xD;
2019-11-01 07:43:38 - [TEST_STEP][PASSED] - scrollToElement(findTestObject("Pages/FirstPayVault/checkBox_SetUpRecurringPayment"), delayBetweenTestSteps): Scroll to object 'Object Repository/Pages/FirstPayVault/checkBox_SetUpRecurringPayment' successfully&#xD;
&#xD;
2019-11-01 07:43:38 - [MESSAGE][PASSED] - Scroll to object 'Object Repository/Pages/FirstPayVault/checkBox_SetUpRecurringPayment' successfully&#xD;
&#xD;
2019-11-01 07:43:38 - [TEST_STEP][PASSED] - utilities.SafeActions.safeCheckForElement(findTestObject("Pages/FirstPayVault/checkBox_SetUpRecurringPayment"), delayBetweenTestSteps): utilities.SafeActions.safeCheckForElement is PASSED&#xD;
&#xD;
2019-11-01 07:43:38 - [MESSAGE][PASSED] - Object 'Object Repository/Pages/FirstPayVault/checkBox_SetUpRecurringPayment' is present&#xD;
&#xD;
2019-11-01 07:43:38 - [MESSAGE][PASSED] - Object 'Object Repository/Pages/FirstPayVault/checkBox_SetUpRecurringPayment' is visible&#xD;
&#xD;
2019-11-01 07:43:38 - [MESSAGE][PASSED] - Object 'Object Repository/Pages/FirstPayVault/checkBox_SetUpRecurringPayment' is present&#xD;
&#xD;
2019-11-01 07:43:39 - [MESSAGE][PASSED] - Object 'Object Repository/Pages/FirstPayVault/checkBox_SetUpRecurringPayment' is checked&#xD;
&#xD;
2019-11-01 07:43:39 - [MESSAGE][PASSED] - utilities.SafeActions.safeCheckForElement is PASSED&#xD;
&#xD;
2019-11-01 07:43:39 - [TEST_STEP][PASSED] - utilities.SafeActions.safeClickwithScroll(findTestObject("Pages/FirstPayVault/button_Checkout"), "Click on Checkout", [delayBetweenTestSteps]): utilities.SafeActions.safeClickwithScroll is PASSED&#xD;
&#xD;
2019-11-01 07:43:39 - [MESSAGE][PASSED] - Object 'Object Repository/Pages/FirstPayVault/button_Checkout' is present&#xD;
&#xD;
2019-11-01 07:43:39 - [MESSAGE][PASSED] - Object 'Object Repository/Pages/FirstPayVault/button_Checkout' is visible&#xD;
&#xD;
2019-11-01 07:43:39 - [MESSAGE][INFO] - 1stPayVault_TestSuite.ts:waiting until Click on Checkout is Clickable&#xD;
&#xD;
2019-11-01 07:43:39 - [MESSAGE][PASSED] - Object 'Object Repository/Pages/FirstPayVault/button_Checkout' is clickable&#xD;
&#xD;
2019-11-01 07:43:39 - [MESSAGE][PASSED] - Object 'Object Repository/Pages/FirstPayVault/button_Checkout' is visible&#xD;
&#xD;
2019-11-01 07:43:40 - [MESSAGE][PASSED] - Object: 'Object Repository/Pages/FirstPayVault/button_Checkout' is clicked on&#xD;
&#xD;
2019-11-01 07:43:40 - [MESSAGE][INFO] - 1stPayVault_TestSuite.ts: Clicked on the Click on Checkout&#xD;
&#xD;
2019-11-01 07:43:40 - [MESSAGE][PASSED] - utilities.SafeActions.safeClickwithScroll is PASSED&#xD;
&#xD;
2019-11-01 07:43:40 - [TEST_STEP][PASSED] - pages.Sale.verifyTransactionCompletePage(findTestObject("Pages/Sale/heading_TransactionComplete")): The screen is Transaction Complete screen&#xD;
&#xD;
2019-11-01 07:43:41 - [MESSAGE][PASSED] - Object 'Object Repository/Pages/Sale/heading_TransactionComplete' is present&#xD;
&#xD;
2019-11-01 07:43:41 - [MESSAGE][PASSED] - The screen is Transaction Complete screen&#xD;
&#xD;
2019-11-01 07:43:41 - [TEST_STEP][PASSED] - delay(2): Delayed 2 second(s)&#xD;
&#xD;
2019-11-01 07:43:43 - [MESSAGE][PASSED] - Delayed 2 second(s)&#xD;
&#xD;
2019-11-01 07:43:43 - [TEST_STEP][PASSED] - scrollToElement(findTestObject("Pages/Sale/label_RecurringPayment_TransactionCompleteScreen"), delayBetweenTestSteps): Scroll to object 'Object Repository/Pages/Sale/label_RecurringPayment_TransactionCompleteScreen' successfully&#xD;
&#xD;
2019-11-01 07:43:43 - [MESSAGE][PASSED] - Scroll to object 'Object Repository/Pages/Sale/label_RecurringPayment_TransactionCompleteScreen' successfully&#xD;
&#xD;
2019-11-01 07:43:43 - [TEST_STEP][PASSED] - utilities.SafeActions.safeClickWithoutScroll(findTestObject("Pages/FirstPayVault/date_StartDate"), "Click on Date Input", [PageLoadTime]): utilities.SafeActions.safeClickWithoutScroll is PASSED&#xD;
&#xD;
2019-11-01 07:43:43 - [MESSAGE][INFO] - Safe Click Without scroll&#xD;
&#xD;
2019-11-01 07:43:43 - [MESSAGE][INFO] - 1stPayVault_TestSuite.ts:waiting until Click on Date Input is Clickable&#xD;
&#xD;
2019-11-01 07:43:43 - [MESSAGE][PASSED] - Object 'Object Repository/Pages/FirstPayVault/date_StartDate' is clickable&#xD;
&#xD;
2019-11-01 07:43:43 - [MESSAGE][PASSED] - Object 'Object Repository/Pages/FirstPayVault/date_StartDate' is visible&#xD;
&#xD;
2019-11-01 07:43:44 - [MESSAGE][PASSED] - Object: 'Object Repository/Pages/FirstPayVault/date_StartDate' is clicked on&#xD;
&#xD;
2019-11-01 07:43:44 - [MESSAGE][INFO] - 1stPayVault_TestSuite.ts: click on the Click on Date Input&#xD;
&#xD;
2019-11-01 07:43:44 - [MESSAGE][PASSED] - utilities.SafeActions.safeClickWithoutScroll is PASSED&#xD;
&#xD;
2019-11-01 07:43:44 - [TEST_STEP][PASSED] - pages.Sale.selectMonthYear(findTestObject("Pages/Sale/link_MonthYear"), findTestObject("Pages/Sale/calender_NextButton"), cardMonth, cardYear): pages.Sale.selectMonthYear is PASSED&#xD;
&#xD;
2019-11-01 07:43:44 - [MESSAGE][PASSED] - Text of object 'Object Repository/Pages/Sale/link_MonthYear' is: 'November 2019'&#xD;
&#xD;
2019-11-01 07:43:45 - [MESSAGE][PASSED] - Object: 'Object Repository/Pages/Sale/calender_NextButton' is clicked on&#xD;
&#xD;
2019-11-01 07:43:45 - [MESSAGE][PASSED] - Text of object 'Object Repository/Pages/Sale/link_MonthYear' is: 'December 2019'&#xD;
&#xD;
2019-11-01 07:43:45 - [MESSAGE][PASSED] - Object: 'Object Repository/Pages/Sale/calender_NextButton' is clicked on&#xD;
&#xD;
2019-11-01 07:43:45 - [MESSAGE][PASSED] - Text of object 'Object Repository/Pages/Sale/link_MonthYear' is: 'January 2020'&#xD;
&#xD;
2019-11-01 07:43:45 - [MESSAGE][PASSED] - Object: 'Object Repository/Pages/Sale/calender_NextButton' is clicked on&#xD;
&#xD;
2019-11-01 07:43:45 - [MESSAGE][PASSED] - Text of object 'Object Repository/Pages/Sale/link_MonthYear' is: 'February 2020'&#xD;
&#xD;
2019-11-01 07:43:45 - [MESSAGE][PASSED] - Object: 'Object Repository/Pages/Sale/calender_NextButton' is clicked on&#xD;
&#xD;
2019-11-01 07:43:45 - [MESSAGE][PASSED] - Text of object 'Object Repository/Pages/Sale/link_MonthYear' is: 'March 2020'&#xD;
&#xD;
2019-11-01 07:43:45 - [MESSAGE][PASSED] - Object: 'Object Repository/Pages/Sale/calender_NextButton' is clicked on&#xD;
&#xD;
2019-11-01 07:43:45 - [MESSAGE][PASSED] - Text of object 'Object Repository/Pages/Sale/link_MonthYear' is: 'April 2020'&#xD;
&#xD;
2019-11-01 07:43:45 - [MESSAGE][PASSED] - Object: 'Object Repository/Pages/Sale/calender_NextButton' is clicked on&#xD;
&#xD;
2019-11-01 07:43:45 - [MESSAGE][PASSED] - Text of object 'Object Repository/Pages/Sale/link_MonthYear' is: 'May 2020'&#xD;
&#xD;
2019-11-01 07:43:46 - [MESSAGE][PASSED] - Object: 'Object Repository/Pages/Sale/calender_NextButton' is clicked on&#xD;
&#xD;
2019-11-01 07:43:46 - [MESSAGE][PASSED] - Text of object 'Object Repository/Pages/Sale/link_MonthYear' is: 'June 2020'&#xD;
&#xD;
2019-11-01 07:43:46 - [MESSAGE][PASSED] - Object: 'Object Repository/Pages/Sale/calender_NextButton' is clicked on&#xD;
&#xD;
2019-11-01 07:43:46 - [MESSAGE][PASSED] - Text of object 'Object Repository/Pages/Sale/link_MonthYear' is: 'July 2020'&#xD;
&#xD;
2019-11-01 07:43:46 - [MESSAGE][PASSED] - Object: 'Object Repository/Pages/Sale/calender_NextButton' is clicked on&#xD;
&#xD;
2019-11-01 07:43:46 - [MESSAGE][PASSED] - Text of object 'Object Repository/Pages/Sale/link_MonthYear' is: 'August 2020'&#xD;
&#xD;
2019-11-01 07:43:46 - [MESSAGE][PASSED] - Object: 'Object Repository/Pages/Sale/calender_NextButton' is clicked on&#xD;
&#xD;
2019-11-01 07:43:46 - [MESSAGE][PASSED] - Text of object 'Object Repository/Pages/Sale/link_MonthYear' is: 'September 2020'&#xD;
&#xD;
2019-11-01 07:43:46 - [MESSAGE][PASSED] - Object: 'Object Repository/Pages/Sale/calender_NextButton' is clicked on&#xD;
&#xD;
2019-11-01 07:43:46 - [MESSAGE][PASSED] - Text of object 'Object Repository/Pages/Sale/link_MonthYear' is: 'October 2020'&#xD;
&#xD;
2019-11-01 07:43:46 - [MESSAGE][PASSED] - Object: 'Object Repository/Pages/Sale/calender_NextButton' is clicked on&#xD;
&#xD;
2019-11-01 07:43:46 - [MESSAGE][PASSED] - Text of object 'Object Repository/Pages/Sale/link_MonthYear' is: 'November 2020'&#xD;
&#xD;
2019-11-01 07:43:46 - [MESSAGE][PASSED] - Object: 'Object Repository/Pages/Sale/calender_NextButton' is clicked on&#xD;
&#xD;
2019-11-01 07:43:46 - [MESSAGE][PASSED] - Text of object 'Object Repository/Pages/Sale/link_MonthYear' is: 'December 2020'&#xD;
&#xD;
2019-11-01 07:43:46 - [MESSAGE][PASSED] - Object: 'Object Repository/Pages/Sale/calender_NextButton' is clicked on&#xD;
&#xD;
2019-11-01 07:43:46 - [MESSAGE][PASSED] - Text of object 'Object Repository/Pages/Sale/link_MonthYear' is: 'January 2021'&#xD;
&#xD;
2019-11-01 07:43:47 - [MESSAGE][PASSED] - Object: 'Object Repository/Pages/Sale/calender_NextButton' is clicked on&#xD;
&#xD;
2019-11-01 07:43:47 - [MESSAGE][PASSED] - Text of object 'Object Repository/Pages/Sale/link_MonthYear' is: 'February 2021'&#xD;
&#xD;
2019-11-01 07:43:47 - [MESSAGE][PASSED] - Object: 'Object Repository/Pages/Sale/calender_NextButton' is clicked on&#xD;
&#xD;
2019-11-01 07:43:47 - [MESSAGE][PASSED] - Text of object 'Object Repository/Pages/Sale/link_MonthYear' is: 'March 2021'&#xD;
&#xD;
2019-11-01 07:43:47 - [MESSAGE][PASSED] - Object: 'Object Repository/Pages/Sale/calender_NextButton' is clicked on&#xD;
&#xD;
2019-11-01 07:43:47 - [MESSAGE][PASSED] - Text of object 'Object Repository/Pages/Sale/link_MonthYear' is: 'April 2021'&#xD;
&#xD;
2019-11-01 07:43:47 - [MESSAGE][PASSED] - Object: 'Object Repository/Pages/Sale/calender_NextButton' is clicked on&#xD;
&#xD;
2019-11-01 07:43:47 - [MESSAGE][PASSED] - Text of object 'Object Repository/Pages/Sale/link_MonthYear' is: 'May 2021'&#xD;
&#xD;
2019-11-01 07:43:47 - [MESSAGE][PASSED] - Object: 'Object Repository/Pages/Sale/calender_NextButton' is clicked on&#xD;
&#xD;
2019-11-01 07:43:47 - [MESSAGE][PASSED] - Text of object 'Object Repository/Pages/Sale/link_MonthYear' is: 'June 2021'&#xD;
&#xD;
2019-11-01 07:43:47 - [MESSAGE][PASSED] - Object: 'Object Repository/Pages/Sale/calender_NextButton' is clicked on&#xD;
&#xD;
2019-11-01 07:43:47 - [MESSAGE][PASSED] - Text of object 'Object Repository/Pages/Sale/link_MonthYear' is: 'July 2021'&#xD;
&#xD;
2019-11-01 07:43:47 - [MESSAGE][PASSED] - Object: 'Object Repository/Pages/Sale/calender_NextButton' is clicked on&#xD;
&#xD;
2019-11-01 07:43:47 - [MESSAGE][PASSED] - Text of object 'Object Repository/Pages/Sale/link_MonthYear' is: 'August 2021'&#xD;
&#xD;
2019-11-01 07:43:48 - [MESSAGE][PASSED] - Object: 'Object Repository/Pages/Sale/calender_NextButton' is clicked on&#xD;
&#xD;
2019-11-01 07:43:48 - [MESSAGE][PASSED] - Text of object 'Object Repository/Pages/Sale/link_MonthYear' is: 'September 2021'&#xD;
&#xD;
2019-11-01 07:43:48 - [MESSAGE][PASSED] - Object: 'Object Repository/Pages/Sale/calender_NextButton' is clicked on&#xD;
&#xD;
2019-11-01 07:43:48 - [MESSAGE][PASSED] - Text of object 'Object Repository/Pages/Sale/link_MonthYear' is: 'October 2021'&#xD;
&#xD;
2019-11-01 07:43:48 - [MESSAGE][PASSED] - Object: 'Object Repository/Pages/Sale/calender_NextButton' is clicked on&#xD;
&#xD;
2019-11-01 07:43:48 - [MESSAGE][PASSED] - Text of object 'Object Repository/Pages/Sale/link_MonthYear' is: 'November 2021'&#xD;
&#xD;
2019-11-01 07:43:48 - [MESSAGE][PASSED] - Object: 'Object Repository/Pages/Sale/calender_NextButton' is clicked on&#xD;
&#xD;
2019-11-01 07:43:48 - [MESSAGE][PASSED] - Text of object 'Object Repository/Pages/Sale/link_MonthYear' is: 'December 2021'&#xD;
&#xD;
2019-11-01 07:43:48 - [MESSAGE][PASSED] - Object: 'Object Repository/Pages/Sale/calender_NextButton' is clicked on&#xD;
&#xD;
2019-11-01 07:43:48 - [MESSAGE][PASSED] - Text of object 'Object Repository/Pages/Sale/link_MonthYear' is: 'January 2022'&#xD;
&#xD;
2019-11-01 07:43:48 - [MESSAGE][PASSED] - Object: 'Object Repository/Pages/Sale/calender_NextButton' is clicked on&#xD;
&#xD;
2019-11-01 07:43:48 - [MESSAGE][PASSED] - Text of object 'Object Repository/Pages/Sale/link_MonthYear' is: 'February 2022'&#xD;
&#xD;
2019-11-01 07:43:48 - [MESSAGE][PASSED] - Object: 'Object Repository/Pages/Sale/calender_NextButton' is clicked on&#xD;
&#xD;
2019-11-01 07:43:48 - [MESSAGE][PASSED] - Text of object 'Object Repository/Pages/Sale/link_MonthYear' is: 'March 2022'&#xD;
&#xD;
2019-11-01 07:43:49 - [MESSAGE][PASSED] - Object: 'Object Repository/Pages/Sale/calender_NextButton' is clicked on&#xD;
&#xD;
2019-11-01 07:43:49 - [MESSAGE][PASSED] - Text of object 'Object Repository/Pages/Sale/link_MonthYear' is: 'April 2022'&#xD;
&#xD;
2019-11-01 07:43:49 - [MESSAGE][PASSED] - Object: 'Object Repository/Pages/Sale/calender_NextButton' is clicked on&#xD;
&#xD;
2019-11-01 07:43:49 - [MESSAGE][PASSED] - Text of object 'Object Repository/Pages/Sale/link_MonthYear' is: 'May 2022'&#xD;
&#xD;
2019-11-01 07:43:49 - [MESSAGE][PASSED] - Object: 'Object Repository/Pages/Sale/calender_NextButton' is clicked on&#xD;
&#xD;
2019-11-01 07:43:49 - [MESSAGE][PASSED] - Text of object 'Object Repository/Pages/Sale/link_MonthYear' is: 'June 2022'&#xD;
&#xD;
2019-11-01 07:43:49 - [MESSAGE][PASSED] - Object: 'Object Repository/Pages/Sale/calender_NextButton' is clicked on&#xD;
&#xD;
2019-11-01 07:43:49 - [MESSAGE][PASSED] - Text of object 'Object Repository/Pages/Sale/link_MonthYear' is: 'July 2022'&#xD;
&#xD;
2019-11-01 07:43:49 - [MESSAGE][PASSED] - Object: 'Object Repository/Pages/Sale/calender_NextButton' is clicked on&#xD;
&#xD;
2019-11-01 07:43:49 - [MESSAGE][PASSED] - Text of object 'Object Repository/Pages/Sale/link_MonthYear' is: 'August 2022'&#xD;
&#xD;
2019-11-01 07:43:49 - [MESSAGE][PASSED] - Object: 'Object Repository/Pages/Sale/calender_NextButton' is clicked on&#xD;
&#xD;
2019-11-01 07:43:49 - [MESSAGE][PASSED] - Text of object 'Object Repository/Pages/Sale/link_MonthYear' is: 'September 2022'&#xD;
&#xD;
2019-11-01 07:43:49 - [MESSAGE][PASSED] - Object: 'Object Repository/Pages/Sale/calender_NextButton' is clicked on&#xD;
&#xD;
2019-11-01 07:43:49 - [MESSAGE][PASSED] - Text of object 'Object Repository/Pages/Sale/link_MonthYear' is: 'October 2022'&#xD;
&#xD;
2019-11-01 07:43:50 - [MESSAGE][PASSED] - Object: 'Object Repository/Pages/Sale/calender_NextButton' is clicked on&#xD;
&#xD;
2019-11-01 07:43:50 - [MESSAGE][PASSED] - Text of object 'Object Repository/Pages/Sale/link_MonthYear' is: 'November 2022'&#xD;
&#xD;
2019-11-01 07:43:50 - [MESSAGE][PASSED] - Object: 'Object Repository/Pages/Sale/calender_NextButton' is clicked on&#xD;
&#xD;
2019-11-01 07:43:50 - [MESSAGE][PASSED] - Text of object 'Object Repository/Pages/Sale/link_MonthYear' is: 'December 2022'&#xD;
&#xD;
2019-11-01 07:43:50 - [MESSAGE][PASSED] - Object: 'Object Repository/Pages/Sale/calender_NextButton' is clicked on&#xD;
&#xD;
2019-11-01 07:43:50 - [MESSAGE][PASSED] - Text of object 'Object Repository/Pages/Sale/link_MonthYear' is: 'January 2023'&#xD;
&#xD;
2019-11-01 07:43:50 - [MESSAGE][PASSED] - Object: 'Object Repository/Pages/Sale/calender_NextButton' is clicked on&#xD;
&#xD;
2019-11-01 07:43:50 - [MESSAGE][PASSED] - Text of object 'Object Repository/Pages/Sale/link_MonthYear' is: 'February 2023'&#xD;
&#xD;
2019-11-01 07:43:50 - [MESSAGE][PASSED] - Object: 'Object Repository/Pages/Sale/calender_NextButton' is clicked on&#xD;
&#xD;
2019-11-01 07:43:50 - [MESSAGE][PASSED] - Text of object 'Object Repository/Pages/Sale/link_MonthYear' is: 'March 2023'&#xD;
&#xD;
2019-11-01 07:43:50 - [MESSAGE][PASSED] - Object: 'Object Repository/Pages/Sale/calender_NextButton' is clicked on&#xD;
&#xD;
2019-11-01 07:43:50 - [MESSAGE][PASSED] - Text of object 'Object Repository/Pages/Sale/link_MonthYear' is: 'April 2023'&#xD;
&#xD;
2019-11-01 07:43:50 - [MESSAGE][PASSED] - Object: 'Object Repository/Pages/Sale/calender_NextButton' is clicked on&#xD;
&#xD;
2019-11-01 07:43:50 - [MESSAGE][PASSED] - Text of object 'Object Repository/Pages/Sale/link_MonthYear' is: 'May 2023'&#xD;
&#xD;
2019-11-01 07:43:51 - [MESSAGE][PASSED] - Object: 'Object Repository/Pages/Sale/calender_NextButton' is clicked on&#xD;
&#xD;
2019-11-01 07:43:51 - [MESSAGE][PASSED] - Text of object 'Object Repository/Pages/Sale/link_MonthYear' is: 'June 2023'&#xD;
&#xD;
2019-11-01 07:43:51 - [MESSAGE][PASSED] - Object: 'Object Repository/Pages/Sale/calender_NextButton' is clicked on&#xD;
&#xD;
2019-11-01 07:43:51 - [MESSAGE][PASSED] - Text of object 'Object Repository/Pages/Sale/link_MonthYear' is: 'July 2023'&#xD;
&#xD;
2019-11-01 07:43:51 - [MESSAGE][PASSED] - Object: 'Object Repository/Pages/Sale/calender_NextButton' is clicked on&#xD;
&#xD;
2019-11-01 07:43:51 - [MESSAGE][PASSED] - Text of object 'Object Repository/Pages/Sale/link_MonthYear' is: 'August 2023'&#xD;
&#xD;
2019-11-01 07:43:51 - [MESSAGE][PASSED] - Object: 'Object Repository/Pages/Sale/calender_NextButton' is clicked on&#xD;
&#xD;
2019-11-01 07:43:51 - [MESSAGE][PASSED] - Text of object 'Object Repository/Pages/Sale/link_MonthYear' is: 'September 2023'&#xD;
&#xD;
2019-11-01 07:43:51 - [MESSAGE][PASSED] - Object: 'Object Repository/Pages/Sale/calender_NextButton' is clicked on&#xD;
&#xD;
2019-11-01 07:43:51 - [MESSAGE][PASSED] - Text of object 'Object Repository/Pages/Sale/link_MonthYear' is: 'October 2023'&#xD;
&#xD;
2019-11-01 07:43:51 - [MESSAGE][PASSED] - Object: 'Object Repository/Pages/Sale/calender_NextButton' is clicked on&#xD;
&#xD;
2019-11-01 07:43:51 - [MESSAGE][PASSED] - Text of object 'Object Repository/Pages/Sale/link_MonthYear' is: 'November 2023'&#xD;
&#xD;
2019-11-01 07:43:51 - [MESSAGE][PASSED] - Object: 'Object Repository/Pages/Sale/calender_NextButton' is clicked on&#xD;
&#xD;
2019-11-01 07:43:51 - [MESSAGE][PASSED] - Text of object 'Object Repository/Pages/Sale/link_MonthYear' is: 'December 2023'&#xD;
&#xD;
2019-11-01 07:43:52 - [MESSAGE][PASSED] - Object: 'Object Repository/Pages/Sale/calender_NextButton' is clicked on&#xD;
&#xD;
2019-11-01 07:43:52 - [MESSAGE][PASSED] - Text of object 'Object Repository/Pages/Sale/link_MonthYear' is: 'January 2024'&#xD;
&#xD;
2019-11-01 07:43:52 - [MESSAGE][PASSED] - Object: 'Object Repository/Pages/Sale/calender_NextButton' is clicked on&#xD;
&#xD;
2019-11-01 07:43:52 - [MESSAGE][PASSED] - Text of object 'Object Repository/Pages/Sale/link_MonthYear' is: 'February 2024'&#xD;
&#xD;
2019-11-01 07:43:52 - [MESSAGE][PASSED] - Object: 'Object Repository/Pages/Sale/calender_NextButton' is clicked on&#xD;
&#xD;
2019-11-01 07:43:52 - [MESSAGE][PASSED] - Text of object 'Object Repository/Pages/Sale/link_MonthYear' is: 'March 2024'&#xD;
&#xD;
2019-11-01 07:43:52 - [MESSAGE][PASSED] - Object: 'Object Repository/Pages/Sale/calender_NextButton' is clicked on&#xD;
&#xD;
2019-11-01 07:43:52 - [MESSAGE][PASSED] - Text of object 'Object Repository/Pages/Sale/link_MonthYear' is: 'April 2024'&#xD;
&#xD;
2019-11-01 07:43:52 - [MESSAGE][PASSED] - Object: 'Object Repository/Pages/Sale/calender_NextButton' is clicked on&#xD;
&#xD;
2019-11-01 07:43:52 - [MESSAGE][PASSED] - Text of object 'Object Repository/Pages/Sale/link_MonthYear' is: 'May 2024'&#xD;
&#xD;
2019-11-01 07:43:52 - [MESSAGE][PASSED] - Object: 'Object Repository/Pages/Sale/calender_NextButton' is clicked on&#xD;
&#xD;
2019-11-01 07:43:52 - [MESSAGE][PASSED] - Text of object 'Object Repository/Pages/Sale/link_MonthYear' is: 'June 2024'&#xD;
&#xD;
2019-11-01 07:43:52 - [MESSAGE][PASSED] - Object: 'Object Repository/Pages/Sale/calender_NextButton' is clicked on&#xD;
&#xD;
2019-11-01 07:43:52 - [MESSAGE][PASSED] - Text of object 'Object Repository/Pages/Sale/link_MonthYear' is: 'July 2024'&#xD;
&#xD;
2019-11-01 07:43:52 - [MESSAGE][PASSED] - Object: 'Object Repository/Pages/Sale/calender_NextButton' is clicked on&#xD;
&#xD;
2019-11-01 07:43:52 - [MESSAGE][PASSED] - Text of object 'Object Repository/Pages/Sale/link_MonthYear' is: 'August 2024'&#xD;
&#xD;
2019-11-01 07:43:53 - [MESSAGE][PASSED] - Object: 'Object Repository/Pages/Sale/calender_NextButton' is clicked on&#xD;
&#xD;
2019-11-01 07:43:53 - [MESSAGE][PASSED] - Text of object 'Object Repository/Pages/Sale/link_MonthYear' is: 'September 2024'&#xD;
&#xD;
2019-11-01 07:43:53 - [MESSAGE][PASSED] - Object: 'Object Repository/Pages/Sale/calender_NextButton' is clicked on&#xD;
&#xD;
2019-11-01 07:43:53 - [MESSAGE][PASSED] - Text of object 'Object Repository/Pages/Sale/link_MonthYear' is: 'October 2024'&#xD;
&#xD;
2019-11-01 07:43:53 - [MESSAGE][PASSED] - Object: 'Object Repository/Pages/Sale/calender_NextButton' is clicked on&#xD;
&#xD;
2019-11-01 07:43:53 - [MESSAGE][PASSED] - Text of object 'Object Repository/Pages/Sale/link_MonthYear' is: 'November 2024'&#xD;
&#xD;
2019-11-01 07:43:53 - [MESSAGE][PASSED] - Object: 'Object Repository/Pages/Sale/calender_NextButton' is clicked on&#xD;
&#xD;
2019-11-01 07:43:53 - [MESSAGE][PASSED] - Text of object 'Object Repository/Pages/Sale/link_MonthYear' is: 'December 2024'&#xD;
&#xD;
2019-11-01 07:43:53 - [MESSAGE][PASSED] - Object: 'Object Repository/Pages/Sale/calender_NextButton' is clicked on&#xD;
&#xD;
2019-11-01 07:43:53 - [MESSAGE][PASSED] - Text of object 'Object Repository/Pages/Sale/link_MonthYear' is: 'January 2025'&#xD;
&#xD;
2019-11-01 07:43:53 - [MESSAGE][PASSED] - Object: 'Object Repository/Pages/Sale/calender_NextButton' is clicked on&#xD;
&#xD;
2019-11-01 07:43:53 - [MESSAGE][PASSED] - Text of object 'Object Repository/Pages/Sale/link_MonthYear' is: 'February 2025'&#xD;
&#xD;
2019-11-01 07:43:53 - [MESSAGE][PASSED] - Object: 'Object Repository/Pages/Sale/calender_NextButton' is clicked on&#xD;
&#xD;
2019-11-01 07:43:53 - [MESSAGE][PASSED] - Text of object 'Object Repository/Pages/Sale/link_MonthYear' is: 'March 2025'&#xD;
&#xD;
2019-11-01 07:43:53 - [MESSAGE][PASSED] - Object: 'Object Repository/Pages/Sale/calender_NextButton' is clicked on&#xD;
&#xD;
2019-11-01 07:43:53 - [MESSAGE][PASSED] - Text of object 'Object Repository/Pages/Sale/link_MonthYear' is: 'April 2025'&#xD;
&#xD;
2019-11-01 07:43:54 - [MESSAGE][PASSED] - Object: 'Object Repository/Pages/Sale/calender_NextButton' is clicked on&#xD;
&#xD;
2019-11-01 07:43:54 - [MESSAGE][PASSED] - Text of object 'Object Repository/Pages/Sale/link_MonthYear' is: 'May 2025'&#xD;
&#xD;
2019-11-01 07:43:54 - [MESSAGE][PASSED] - Object: 'Object Repository/Pages/Sale/calender_NextButton' is clicked on&#xD;
&#xD;
2019-11-01 07:43:54 - [MESSAGE][PASSED] - Text of object 'Object Repository/Pages/Sale/link_MonthYear' is: 'June 2025'&#xD;
&#xD;
2019-11-01 07:43:54 - [MESSAGE][PASSED] - Object: 'Object Repository/Pages/Sale/calender_NextButton' is clicked on&#xD;
&#xD;
2019-11-01 07:43:54 - [MESSAGE][PASSED] - Text of object 'Object Repository/Pages/Sale/link_MonthYear' is: 'July 2025'&#xD;
&#xD;
2019-11-01 07:43:54 - [MESSAGE][PASSED] - Object: 'Object Repository/Pages/Sale/calender_NextButton' is clicked on&#xD;
&#xD;
2019-11-01 07:43:54 - [MESSAGE][PASSED] - Text of object 'Object Repository/Pages/Sale/link_MonthYear' is: 'August 2025'&#xD;
&#xD;
2019-11-01 07:43:54 - [MESSAGE][PASSED] - Object: 'Object Repository/Pages/Sale/calender_NextButton' is clicked on&#xD;
&#xD;
2019-11-01 07:43:54 - [MESSAGE][PASSED] - Text of object 'Object Repository/Pages/Sale/link_MonthYear' is: 'September 2025'&#xD;
&#xD;
2019-11-01 07:43:54 - [MESSAGE][PASSED] - Object: 'Object Repository/Pages/Sale/calender_NextButton' is clicked on&#xD;
&#xD;
2019-11-01 07:43:54 - [MESSAGE][PASSED] - Text of object 'Object Repository/Pages/Sale/link_MonthYear' is: 'October 2025'&#xD;
&#xD;
2019-11-01 07:43:54 - [MESSAGE][PASSED] - Object: 'Object Repository/Pages/Sale/calender_NextButton' is clicked on&#xD;
&#xD;
2019-11-01 07:43:55 - [MESSAGE][PASSED] - Text of object 'Object Repository/Pages/Sale/link_MonthYear' is: 'November 2025'&#xD;
&#xD;
2019-11-01 07:43:55 - [MESSAGE][PASSED] - Object: 'Object Repository/Pages/Sale/calender_NextButton' is clicked on&#xD;
&#xD;
2019-11-01 07:43:55 - [MESSAGE][PASSED] - Text of object 'Object Repository/Pages/Sale/link_MonthYear' is: 'December 2025'&#xD;
&#xD;
2019-11-01 07:43:55 - [MESSAGE][PASSED] - Object: 'Object Repository/Pages/Sale/calender_NextButton' is clicked on&#xD;
&#xD;
2019-11-01 07:43:55 - [MESSAGE][PASSED] - Text of object 'Object Repository/Pages/Sale/link_MonthYear' is: 'January 2026'&#xD;
&#xD;
2019-11-01 07:43:55 - [MESSAGE][PASSED] - Object: 'Object Repository/Pages/Sale/calender_NextButton' is clicked on&#xD;
&#xD;
2019-11-01 07:43:55 - [MESSAGE][PASSED] - Text of object 'Object Repository/Pages/Sale/link_MonthYear' is: 'February 2026'&#xD;
&#xD;
2019-11-01 07:43:55 - [MESSAGE][PASSED] - Object: 'Object Repository/Pages/Sale/calender_NextButton' is clicked on&#xD;
&#xD;
2019-11-01 07:43:55 - [MESSAGE][PASSED] - Text of object 'Object Repository/Pages/Sale/link_MonthYear' is: 'March 2026'&#xD;
&#xD;
2019-11-01 07:43:55 - [MESSAGE][PASSED] - Object: 'Object Repository/Pages/Sale/calender_NextButton' is clicked on&#xD;
&#xD;
2019-11-01 07:43:55 - [MESSAGE][PASSED] - Text of object 'Object Repository/Pages/Sale/link_MonthYear' is: 'April 2026'&#xD;
&#xD;
2019-11-01 07:43:55 - [MESSAGE][PASSED] - Object: 'Object Repository/Pages/Sale/calender_NextButton' is clicked on&#xD;
&#xD;
2019-11-01 07:43:55 - [MESSAGE][PASSED] - Text of object 'Object Repository/Pages/Sale/link_MonthYear' is: 'May 2026'&#xD;
&#xD;
2019-11-01 07:43:55 - [MESSAGE][PASSED] - Object: 'Object Repository/Pages/Sale/calender_NextButton' is clicked on&#xD;
&#xD;
2019-11-01 07:43:55 - [MESSAGE][PASSED] - Text of object 'Object Repository/Pages/Sale/link_MonthYear' is: 'June 2026'&#xD;
&#xD;
2019-11-01 07:43:56 - [MESSAGE][PASSED] - Object: 'Object Repository/Pages/Sale/calender_NextButton' is clicked on&#xD;
&#xD;
2019-11-01 07:43:56 - [MESSAGE][PASSED] - Text of object 'Object Repository/Pages/Sale/link_MonthYear' is: 'July 2026'&#xD;
&#xD;
2019-11-01 07:43:56 - [MESSAGE][PASSED] - Object: 'Object Repository/Pages/Sale/calender_NextButton' is clicked on&#xD;
&#xD;
2019-11-01 07:43:56 - [MESSAGE][PASSED] - Text of object 'Object Repository/Pages/Sale/link_MonthYear' is: 'August 2026'&#xD;
&#xD;
2019-11-01 07:43:56 - [MESSAGE][PASSED] - Object: 'Object Repository/Pages/Sale/calender_NextButton' is clicked on&#xD;
&#xD;
2019-11-01 07:43:56 - [MESSAGE][PASSED] - Text of object 'Object Repository/Pages/Sale/link_MonthYear' is: 'September 2026'&#xD;
&#xD;
2019-11-01 07:43:56 - [MESSAGE][PASSED] - Object: 'Object Repository/Pages/Sale/calender_NextButton' is clicked on&#xD;
&#xD;
2019-11-01 07:43:56 - [MESSAGE][PASSED] - Text of object 'Object Repository/Pages/Sale/link_MonthYear' is: 'October 2026'&#xD;
&#xD;
2019-11-01 07:43:56 - [MESSAGE][PASSED] - Object: 'Object Repository/Pages/Sale/calender_NextButton' is clicked on&#xD;
&#xD;
2019-11-01 07:43:56 - [MESSAGE][PASSED] - Text of object 'Object Repository/Pages/Sale/link_MonthYear' is: 'November 2026'&#xD;
&#xD;
2019-11-01 07:43:56 - [MESSAGE][PASSED] - Object: 'Object Repository/Pages/Sale/calender_NextButton' is clicked on&#xD;
&#xD;
2019-11-01 07:43:56 - [MESSAGE][PASSED] - Text of object 'Object Repository/Pages/Sale/link_MonthYear' is: 'December 2026'&#xD;
&#xD;
2019-11-01 07:43:56 - [MESSAGE][PASSED] - Object: 'Object Repository/Pages/Sale/calender_NextButton' is clicked on&#xD;
&#xD;
2019-11-01 07:43:57 - [MESSAGE][PASSED] - Text of object 'Object Repository/Pages/Sale/link_MonthYear' is: 'January 2027'&#xD;
&#xD;
2019-11-01 07:43:57 - [MESSAGE][PASSED] - Object: 'Object Repository/Pages/Sale/calender_NextButton' is clicked on&#xD;
&#xD;
2019-11-01 07:43:57 - [MESSAGE][PASSED] - Text of object 'Object Repository/Pages/Sale/link_MonthYear' is: 'February 2027'&#xD;
&#xD;
2019-11-01 07:43:57 - [MESSAGE][PASSED] - Object: 'Object Repository/Pages/Sale/calender_NextButton' is clicked on&#xD;
&#xD;
2019-11-01 07:43:57 - [MESSAGE][PASSED] - Text of object 'Object Repository/Pages/Sale/link_MonthYear' is: 'March 2027'&#xD;
&#xD;
2019-11-01 07:43:57 - [MESSAGE][PASSED] - Object: 'Object Repository/Pages/Sale/calender_NextButton' is clicked on&#xD;
&#xD;
2019-11-01 07:43:57 - [MESSAGE][PASSED] - Text of object 'Object Repository/Pages/Sale/link_MonthYear' is: 'April 2027'&#xD;
&#xD;
2019-11-01 07:43:57 - [MESSAGE][PASSED] - Object: 'Object Repository/Pages/Sale/calender_NextButton' is clicked on&#xD;
&#xD;
2019-11-01 07:43:57 - [MESSAGE][PASSED] - Text of object 'Object Repository/Pages/Sale/link_MonthYear' is: 'May 2027'&#xD;
&#xD;
2019-11-01 07:43:57 - [MESSAGE][PASSED] - Object: 'Object Repository/Pages/Sale/calender_NextButton' is clicked on&#xD;
&#xD;
2019-11-01 07:43:57 - [MESSAGE][PASSED] - Text of object 'Object Repository/Pages/Sale/link_MonthYear' is: 'June 2027'&#xD;
&#xD;
2019-11-01 07:43:57 - [MESSAGE][PASSED] - Object: 'Object Repository/Pages/Sale/calender_NextButton' is clicked on&#xD;
&#xD;
2019-11-01 07:43:57 - [MESSAGE][PASSED] - Text of object 'Object Repository/Pages/Sale/link_MonthYear' is: 'July 2027'&#xD;
&#xD;
2019-11-01 07:43:57 - [MESSAGE][PASSED] - Object: 'Object Repository/Pages/Sale/calender_NextButton' is clicked on&#xD;
&#xD;
2019-11-01 07:43:57 - [MESSAGE][PASSED] - Text of object 'Object Repository/Pages/Sale/link_MonthYear' is: 'August 2027'&#xD;
&#xD;
2019-11-01 07:43:57 - [MESSAGE][PASSED] - Object: 'Object Repository/Pages/Sale/calender_NextButton' is clicked on&#xD;
&#xD;
2019-11-01 07:43:57 - [MESSAGE][PASSED] - Text of object 'Object Repository/Pages/Sale/link_MonthYear' is: 'September 2027'&#xD;
&#xD;
2019-11-01 07:43:58 - [MESSAGE][PASSED] - Object: 'Object Repository/Pages/Sale/calender_NextButton' is clicked on&#xD;
&#xD;
2019-11-01 07:43:58 - [MESSAGE][PASSED] - Text of object 'Object Repository/Pages/Sale/link_MonthYear' is: 'October 2027'&#xD;
&#xD;
2019-11-01 07:43:58 - [MESSAGE][PASSED] - Object: 'Object Repository/Pages/Sale/calender_NextButton' is clicked on&#xD;
&#xD;
2019-11-01 07:43:58 - [MESSAGE][PASSED] - Text of object 'Object Repository/Pages/Sale/link_MonthYear' is: 'November 2027'&#xD;
&#xD;
2019-11-01 07:43:58 - [MESSAGE][PASSED] - Object: 'Object Repository/Pages/Sale/calender_NextButton' is clicked on&#xD;
&#xD;
2019-11-01 07:43:58 - [MESSAGE][PASSED] - Text of object 'Object Repository/Pages/Sale/link_MonthYear' is: 'December 2027'&#xD;
&#xD;
2019-11-01 07:43:58 - [MESSAGE][PASSED] - Object: 'Object Repository/Pages/Sale/calender_NextButton' is clicked on&#xD;
&#xD;
2019-11-01 07:43:58 - [MESSAGE][PASSED] - Text of object 'Object Repository/Pages/Sale/link_MonthYear' is: 'January 2028'&#xD;
&#xD;
2019-11-01 07:43:58 - [MESSAGE][PASSED] - Object: 'Object Repository/Pages/Sale/calender_NextButton' is clicked on&#xD;
&#xD;
2019-11-01 07:43:58 - [MESSAGE][PASSED] - Text of object 'Object Repository/Pages/Sale/link_MonthYear' is: 'February 2028'&#xD;
&#xD;
2019-11-01 07:43:58 - [MESSAGE][PASSED] - Object: 'Object Repository/Pages/Sale/calender_NextButton' is clicked on&#xD;
&#xD;
2019-11-01 07:43:58 - [MESSAGE][PASSED] - Text of object 'Object Repository/Pages/Sale/link_MonthYear' is: 'March 2028'&#xD;
&#xD;
2019-11-01 07:43:58 - [MESSAGE][PASSED] - Object: 'Object Repository/Pages/Sale/calender_NextButton' is clicked on&#xD;
&#xD;
2019-11-01 07:43:58 - [MESSAGE][PASSED] - Text of object 'Object Repository/Pages/Sale/link_MonthYear' is: 'April 2028'&#xD;
&#xD;
2019-11-01 07:43:58 - [MESSAGE][PASSED] - Object: 'Object Repository/Pages/Sale/calender_NextButton' is clicked on&#xD;
&#xD;
2019-11-01 07:43:58 - [MESSAGE][PASSED] - Text of object 'Object Repository/Pages/Sale/link_MonthYear' is: 'May 2028'&#xD;
&#xD;
2019-11-01 07:43:59 - [MESSAGE][PASSED] - Object: 'Object Repository/Pages/Sale/calender_NextButton' is clicked on&#xD;
&#xD;
2019-11-01 07:43:59 - [MESSAGE][PASSED] - Text of object 'Object Repository/Pages/Sale/link_MonthYear' is: 'June 2028'&#xD;
&#xD;
2019-11-01 07:43:59 - [MESSAGE][PASSED] - Object: 'Object Repository/Pages/Sale/calender_NextButton' is clicked on&#xD;
&#xD;
2019-11-01 07:43:59 - [MESSAGE][PASSED] - Text of object 'Object Repository/Pages/Sale/link_MonthYear' is: 'July 2028'&#xD;
&#xD;
2019-11-01 07:43:59 - [MESSAGE][PASSED] - Object: 'Object Repository/Pages/Sale/calender_NextButton' is clicked on&#xD;
&#xD;
2019-11-01 07:43:59 - [MESSAGE][PASSED] - Text of object 'Object Repository/Pages/Sale/link_MonthYear' is: 'August 2028'&#xD;
&#xD;
2019-11-01 07:43:59 - [MESSAGE][PASSED] - Object: 'Object Repository/Pages/Sale/calender_NextButton' is clicked on&#xD;
&#xD;
2019-11-01 07:43:59 - [MESSAGE][PASSED] - Text of object 'Object Repository/Pages/Sale/link_MonthYear' is: 'September 2028'&#xD;
&#xD;
2019-11-01 07:43:59 - [MESSAGE][PASSED] - Object: 'Object Repository/Pages/Sale/calender_NextButton' is clicked on&#xD;
&#xD;
2019-11-01 07:43:59 - [MESSAGE][PASSED] - Text of object 'Object Repository/Pages/Sale/link_MonthYear' is: 'October 2028'&#xD;
&#xD;
2019-11-01 07:43:59 - [MESSAGE][PASSED] - Object: 'Object Repository/Pages/Sale/calender_NextButton' is clicked on&#xD;
&#xD;
2019-11-01 07:43:59 - [MESSAGE][PASSED] - Text of object 'Object Repository/Pages/Sale/link_MonthYear' is: 'November 2028'&#xD;
&#xD;
2019-11-01 07:43:59 - [MESSAGE][PASSED] - Object: 'Object Repository/Pages/Sale/calender_NextButton' is clicked on&#xD;
&#xD;
2019-11-01 07:43:59 - [MESSAGE][PASSED] - Text of object 'Object Repository/Pages/Sale/link_MonthYear' is: 'December 2028'&#xD;
&#xD;
2019-11-01 07:43:59 - [MESSAGE][PASSED] - Object: 'Object Repository/Pages/Sale/calender_NextButton' is clicked on&#xD;
&#xD;
2019-11-01 07:44:00 - [MESSAGE][PASSED] - Text of object 'Object Repository/Pages/Sale/link_MonthYear' is: 'January 2029'&#xD;
&#xD;
2019-11-01 07:44:00 - [MESSAGE][PASSED] - Object: 'Object Repository/Pages/Sale/calender_NextButton' is clicked on&#xD;
&#xD;
2019-11-01 07:44:00 - [MESSAGE][PASSED] - Text of object 'Object Repository/Pages/Sale/link_MonthYear' is: 'February 2029'&#xD;
&#xD;
2019-11-01 07:44:00 - [MESSAGE][PASSED] - Object: 'Object Repository/Pages/Sale/calender_NextButton' is clicked on&#xD;
&#xD;
2019-11-01 07:44:00 - [MESSAGE][PASSED] - Text of object 'Object Repository/Pages/Sale/link_MonthYear' is: 'March 2029'&#xD;
&#xD;
2019-11-01 07:44:00 - [MESSAGE][PASSED] - Object: 'Object Repository/Pages/Sale/calender_NextButton' is clicked on&#xD;
&#xD;
2019-11-01 07:44:00 - [MESSAGE][PASSED] - Text of object 'Object Repository/Pages/Sale/link_MonthYear' is: 'April 2029'&#xD;
&#xD;
2019-11-01 07:44:00 - [MESSAGE][PASSED] - Object: 'Object Repository/Pages/Sale/calender_NextButton' is clicked on&#xD;
&#xD;
2019-11-01 07:44:00 - [MESSAGE][PASSED] - Text of object 'Object Repository/Pages/Sale/link_MonthYear' is: 'May 2029'&#xD;
&#xD;
2019-11-01 07:44:00 - [MESSAGE][PASSED] - Object: 'Object Repository/Pages/Sale/calender_NextButton' is clicked on&#xD;
&#xD;
2019-11-01 07:44:00 - [MESSAGE][PASSED] - Text of object 'Object Repository/Pages/Sale/link_MonthYear' is: 'June 2029'&#xD;
&#xD;
2019-11-01 07:44:00 - [MESSAGE][PASSED] - Object: 'Object Repository/Pages/Sale/calender_NextButton' is clicked on&#xD;
&#xD;
2019-11-01 07:44:01 - [MESSAGE][PASSED] - Text of object 'Object Repository/Pages/Sale/link_MonthYear' is: 'July 2029'&#xD;
&#xD;
2019-11-01 07:44:01 - [MESSAGE][PASSED] - Object: 'Object Repository/Pages/Sale/calender_NextButton' is clicked on&#xD;
&#xD;
2019-11-01 07:44:01 - [MESSAGE][PASSED] - Text of object 'Object Repository/Pages/Sale/link_MonthYear' is: 'August 2029'&#xD;
&#xD;
2019-11-01 07:44:01 - [MESSAGE][PASSED] - Object: 'Object Repository/Pages/Sale/calender_NextButton' is clicked on&#xD;
&#xD;
2019-11-01 07:44:01 - [MESSAGE][PASSED] - Text of object 'Object Repository/Pages/Sale/link_MonthYear' is: 'September 2029'&#xD;
&#xD;
2019-11-01 07:44:01 - [MESSAGE][PASSED] - Object: 'Object Repository/Pages/Sale/calender_NextButton' is clicked on&#xD;
&#xD;
2019-11-01 07:44:01 - [MESSAGE][PASSED] - Text of object 'Object Repository/Pages/Sale/link_MonthYear' is: 'October 2029'&#xD;
&#xD;
2019-11-01 07:44:01 - [MESSAGE][PASSED] - Object: 'Object Repository/Pages/Sale/calender_NextButton' is clicked on&#xD;
&#xD;
2019-11-01 07:44:01 - [MESSAGE][PASSED] - Text of object 'Object Repository/Pages/Sale/link_MonthYear' is: 'November 2029'&#xD;
&#xD;
2019-11-01 07:44:01 - [MESSAGE][PASSED] - Object: 'Object Repository/Pages/Sale/calender_NextButton' is clicked on&#xD;
&#xD;
2019-11-01 07:44:01 - [MESSAGE][PASSED] - Text of object 'Object Repository/Pages/Sale/link_MonthYear' is: 'December 2029'&#xD;
&#xD;
2019-11-01 07:44:01 - [MESSAGE][PASSED] - Object: 'Object Repository/Pages/Sale/calender_NextButton' is clicked on&#xD;
&#xD;
2019-11-01 07:44:01 - [MESSAGE][PASSED] - Text of object 'Object Repository/Pages/Sale/link_MonthYear' is: 'January 2030'&#xD;
&#xD;
2019-11-01 07:44:02 - [MESSAGE][PASSED] - Object: 'Object Repository/Pages/Sale/calender_NextButton' is clicked on&#xD;
&#xD;
2019-11-01 07:44:02 - [MESSAGE][PASSED] - Text of object 'Object Repository/Pages/Sale/link_MonthYear' is: 'February 2030'&#xD;
&#xD;
2019-11-01 07:44:02 - [MESSAGE][PASSED] - Object: 'Object Repository/Pages/Sale/calender_NextButton' is clicked on&#xD;
&#xD;
2019-11-01 07:44:02 - [MESSAGE][PASSED] - Text of object 'Object Repository/Pages/Sale/link_MonthYear' is: 'March 2030'&#xD;
&#xD;
2019-11-01 07:44:02 - [MESSAGE][PASSED] - Object: 'Object Repository/Pages/Sale/calender_NextButton' is clicked on&#xD;
&#xD;
2019-11-01 07:44:02 - [MESSAGE][PASSED] - Text of object 'Object Repository/Pages/Sale/link_MonthYear' is: 'April 2030'&#xD;
&#xD;
2019-11-01 07:44:02 - [MESSAGE][PASSED] - Object: 'Object Repository/Pages/Sale/calender_NextButton' is clicked on&#xD;
&#xD;
2019-11-01 07:44:02 - [MESSAGE][PASSED] - Text of object 'Object Repository/Pages/Sale/link_MonthYear' is: 'May 2030'&#xD;
&#xD;
2019-11-01 07:44:02 - [MESSAGE][PASSED] - Object: 'Object Repository/Pages/Sale/calender_NextButton' is clicked on&#xD;
&#xD;
2019-11-01 07:44:02 - [MESSAGE][PASSED] - Text of object 'Object Repository/Pages/Sale/link_MonthYear' is: 'June 2030'&#xD;
&#xD;
2019-11-01 07:44:02 - [MESSAGE][PASSED] - Object: 'Object Repository/Pages/Sale/calender_NextButton' is clicked on&#xD;
&#xD;
2019-11-01 07:44:02 - [MESSAGE][PASSED] - Text of object 'Object Repository/Pages/Sale/link_MonthYear' is: 'July 2030'&#xD;
&#xD;
2019-11-01 07:44:02 - [MESSAGE][PASSED] - Object: 'Object Repository/Pages/Sale/calender_NextButton' is clicked on&#xD;
&#xD;
2019-11-01 07:44:03 - [MESSAGE][PASSED] - Text of object 'Object Repository/Pages/Sale/link_MonthYear' is: 'August 2030'&#xD;
&#xD;
2019-11-01 07:44:03 - [MESSAGE][PASSED] - Object: 'Object Repository/Pages/Sale/calender_NextButton' is clicked on&#xD;
&#xD;
2019-11-01 07:44:03 - [MESSAGE][PASSED] - Text of object 'Object Repository/Pages/Sale/link_MonthYear' is: 'September 2030'&#xD;
&#xD;
2019-11-01 07:44:03 - [MESSAGE][PASSED] - Object: 'Object Repository/Pages/Sale/calender_NextButton' is clicked on&#xD;
&#xD;
2019-11-01 07:44:03 - [MESSAGE][PASSED] - Text of object 'Object Repository/Pages/Sale/link_MonthYear' is: 'October 2030'&#xD;
&#xD;
2019-11-01 07:44:03 - [MESSAGE][PASSED] - Object: 'Object Repository/Pages/Sale/calender_NextButton' is clicked on&#xD;
&#xD;
2019-11-01 07:44:03 - [MESSAGE][PASSED] - Text of object 'Object Repository/Pages/Sale/link_MonthYear' is: 'November 2030'&#xD;
&#xD;
2019-11-01 07:44:03 - [MESSAGE][PASSED] - Object: 'Object Repository/Pages/Sale/calender_NextButton' is clicked on&#xD;
&#xD;
2019-11-01 07:44:03 - [MESSAGE][PASSED] - Text of object 'Object Repository/Pages/Sale/link_MonthYear' is: 'December 2030'&#xD;
&#xD;
2019-11-01 07:44:03 - [MESSAGE][PASSED] - Object: 'Object Repository/Pages/Sale/calender_NextButton' is clicked on&#xD;
&#xD;
2019-11-01 07:44:03 - [MESSAGE][PASSED] - Text of object 'Object Repository/Pages/Sale/link_MonthYear' is: 'January 2031'&#xD;
&#xD;
2019-11-01 07:44:04 - [MESSAGE][PASSED] - Object: 'Object Repository/Pages/Sale/calender_NextButton' is clicked on&#xD;
&#xD;
2019-11-01 07:44:04 - [MESSAGE][PASSED] - Text of object 'Object Repository/Pages/Sale/link_MonthYear' is: 'February 2031'&#xD;
&#xD;
2019-11-01 07:44:04 - [MESSAGE][PASSED] - Object: 'Object Repository/Pages/Sale/calender_NextButton' is clicked on&#xD;
&#xD;
2019-11-01 07:44:04 - [MESSAGE][PASSED] - Text of object 'Object Repository/Pages/Sale/link_MonthYear' is: 'March 2031'&#xD;
&#xD;
2019-11-01 07:44:04 - [MESSAGE][PASSED] - Object: 'Object Repository/Pages/Sale/calender_NextButton' is clicked on&#xD;
&#xD;
2019-11-01 07:44:04 - [MESSAGE][PASSED] - Text of object 'Object Repository/Pages/Sale/link_MonthYear' is: 'April 2031'&#xD;
&#xD;
2019-11-01 07:44:04 - [MESSAGE][PASSED] - Object: 'Object Repository/Pages/Sale/calender_NextButton' is clicked on&#xD;
&#xD;
2019-11-01 07:44:04 - [MESSAGE][PASSED] - Text of object 'Object Repository/Pages/Sale/link_MonthYear' is: 'May 2031'&#xD;
&#xD;
2019-11-01 07:44:04 - [MESSAGE][PASSED] - Object: 'Object Repository/Pages/Sale/calender_NextButton' is clicked on&#xD;
&#xD;
2019-11-01 07:44:04 - [MESSAGE][PASSED] - Text of object 'Object Repository/Pages/Sale/link_MonthYear' is: 'June 2031'&#xD;
&#xD;
2019-11-01 07:44:05 - [MESSAGE][PASSED] - Object: 'Object Repository/Pages/Sale/calender_NextButton' is clicked on&#xD;
&#xD;
2019-11-01 07:44:05 - [MESSAGE][PASSED] - Text of object 'Object Repository/Pages/Sale/link_MonthYear' is: 'July 2031'&#xD;
&#xD;
2019-11-01 07:44:05 - [MESSAGE][PASSED] - Object: 'Object Repository/Pages/Sale/calender_NextButton' is clicked on&#xD;
&#xD;
2019-11-01 07:44:05 - [MESSAGE][PASSED] - Text of object 'Object Repository/Pages/Sale/link_MonthYear' is: 'August 2031'&#xD;
&#xD;
2019-11-01 07:44:05 - [MESSAGE][PASSED] - Object: 'Object Repository/Pages/Sale/calender_NextButton' is clicked on&#xD;
&#xD;
2019-11-01 07:44:05 - [MESSAGE][PASSED] - Text of object 'Object Repository/Pages/Sale/link_MonthYear' is: 'September 2031'&#xD;
&#xD;
2019-11-01 07:44:05 - [MESSAGE][PASSED] - Object: 'Object Repository/Pages/Sale/calender_NextButton' is clicked on&#xD;
&#xD;
2019-11-01 07:44:05 - [MESSAGE][PASSED] - Text of object 'Object Repository/Pages/Sale/link_MonthYear' is: 'October 2031'&#xD;
&#xD;
2019-11-01 07:44:05 - [MESSAGE][PASSED] - Object: 'Object Repository/Pages/Sale/calender_NextButton' is clicked on&#xD;
&#xD;
2019-11-01 07:44:05 - [MESSAGE][PASSED] - Text of object 'Object Repository/Pages/Sale/link_MonthYear' is: 'November 2031'&#xD;
&#xD;
2019-11-01 07:44:05 - [MESSAGE][PASSED] - Object: 'Object Repository/Pages/Sale/calender_NextButton' is clicked on&#xD;
&#xD;
2019-11-01 07:44:05 - [MESSAGE][PASSED] - Text of object 'Object Repository/Pages/Sale/link_MonthYear' is: 'December 2031'&#xD;
&#xD;
2019-11-01 07:44:05 - [MESSAGE][PASSED] - Object: 'Object Repository/Pages/Sale/calender_NextButton' is clicked on&#xD;
&#xD;
2019-11-01 07:44:05 - [MESSAGE][PASSED] - Text of object 'Object Repository/Pages/Sale/link_MonthYear' is: 'January 2032'&#xD;
&#xD;
2019-11-01 07:44:05 - [MESSAGE][PASSED] - Object: 'Object Repository/Pages/Sale/calender_NextButton' is clicked on&#xD;
&#xD;
2019-11-01 07:44:05 - [MESSAGE][PASSED] - Text of object 'Object Repository/Pages/Sale/link_MonthYear' is: 'February 2032'&#xD;
&#xD;
2019-11-01 07:44:06 - [MESSAGE][PASSED] - Object: 'Object Repository/Pages/Sale/calender_NextButton' is clicked on&#xD;
&#xD;
2019-11-01 07:44:06 - [MESSAGE][PASSED] - Text of object 'Object Repository/Pages/Sale/link_MonthYear' is: 'March 2032'&#xD;
&#xD;
2019-11-01 07:44:06 - [MESSAGE][PASSED] - Object: 'Object Repository/Pages/Sale/calender_NextButton' is clicked on&#xD;
&#xD;
2019-11-01 07:44:06 - [MESSAGE][PASSED] - Text of object 'Object Repository/Pages/Sale/link_MonthYear' is: 'April 2032'&#xD;
&#xD;
2019-11-01 07:44:06 - [MESSAGE][PASSED] - Object: 'Object Repository/Pages/Sale/calender_NextButton' is clicked on&#xD;
&#xD;
2019-11-01 07:44:06 - [MESSAGE][PASSED] - Text of object 'Object Repository/Pages/Sale/link_MonthYear' is: 'May 2032'&#xD;
&#xD;
2019-11-01 07:44:06 - [MESSAGE][PASSED] - Object: 'Object Repository/Pages/Sale/calender_NextButton' is clicked on&#xD;
&#xD;
2019-11-01 07:44:06 - [MESSAGE][PASSED] - Text of object 'Object Repository/Pages/Sale/link_MonthYear' is: 'June 2032'&#xD;
&#xD;
2019-11-01 07:44:06 - [MESSAGE][PASSED] - Object: 'Object Repository/Pages/Sale/calender_NextButton' is clicked on&#xD;
&#xD;
2019-11-01 07:44:06 - [MESSAGE][PASSED] - Text of object 'Object Repository/Pages/Sale/link_MonthYear' is: 'July 2032'&#xD;
&#xD;
2019-11-01 07:44:06 - [MESSAGE][PASSED] - Object: 'Object Repository/Pages/Sale/calender_NextButton' is clicked on&#xD;
&#xD;
2019-11-01 07:44:06 - [MESSAGE][PASSED] - Text of object 'Object Repository/Pages/Sale/link_MonthYear' is: 'August 2032'&#xD;
&#xD;
2019-11-01 07:44:06 - [MESSAGE][PASSED] - Object: 'Object Repository/Pages/Sale/calender_NextButton' is clicked on&#xD;
&#xD;
2019-11-01 07:44:06 - [MESSAGE][PASSED] - Text of object 'Object Repository/Pages/Sale/link_MonthYear' is: 'September 2032'&#xD;
&#xD;
2019-11-01 07:44:06 - [MESSAGE][PASSED] - pages.Sale.selectMonthYear is PASSED&#xD;
&#xD;
2019-11-01 07:44:06 - [TEST_STEP][PASSED] - pages.Sale.selectDate(start_date_Value): pages.Sale.selectDate is PASSED&#xD;
&#xD;
2019-11-01 07:44:06 - [MESSAGE][PASSED] - Object: '' is clicked on&#xD;
&#xD;
2019-11-01 07:44:06 - [MESSAGE][PASSED] - pages.Sale.selectDate is PASSED&#xD;
&#xD;
2019-11-01 07:44:06 - [TEST_STEP][PASSED] - utilities.SafeActions.safeClickWithoutScroll(findTestObject("Pages/FirstPayVault/date_EndDate"), "Click on Date Input", [PageLoadTime]): utilities.SafeActions.safeClickWithoutScroll is PASSED&#xD;
&#xD;
2019-11-01 07:44:07 - [MESSAGE][INFO] - Safe Click Without scroll&#xD;
&#xD;
2019-11-01 07:44:07 - [MESSAGE][INFO] - 1stPayVault_TestSuite.ts:waiting until Click on Date Input is Clickable&#xD;
&#xD;
2019-11-01 07:44:07 - [MESSAGE][PASSED] - Object 'Object Repository/Pages/FirstPayVault/date_EndDate' is clickable&#xD;
&#xD;
2019-11-01 07:44:07 - [MESSAGE][PASSED] - Object 'Object Repository/Pages/FirstPayVault/date_EndDate' is visible&#xD;
&#xD;
2019-11-01 07:44:08 - [MESSAGE][PASSED] - Object: 'Object Repository/Pages/FirstPayVault/date_EndDate' is clicked on&#xD;
&#xD;
2019-11-01 07:44:08 - [MESSAGE][INFO] - 1stPayVault_TestSuite.ts: click on the Click on Date Input&#xD;
&#xD;
2019-11-01 07:44:08 - [MESSAGE][PASSED] - utilities.SafeActions.safeClickWithoutScroll is PASSED&#xD;
&#xD;
2019-11-01 07:44:08 - [TEST_STEP][PASSED] - pages.Sale.selectMonthYear(findTestObject("Pages/Sale/link_MonthYear"), findTestObject("Pages/Sale/calender_NextButton"), cardMonth, cardYear): pages.Sale.selectMonthYear is PASSED&#xD;
&#xD;
2019-11-01 07:44:08 - [MESSAGE][PASSED] - Text of object 'Object Repository/Pages/Sale/link_MonthYear' is: 'November 2019'&#xD;
&#xD;
2019-11-01 07:44:08 - [MESSAGE][PASSED] - Object: 'Object Repository/Pages/Sale/calender_NextButton' is clicked on&#xD;
&#xD;
2019-11-01 07:44:08 - [MESSAGE][PASSED] - Text of object 'Object Repository/Pages/Sale/link_MonthYear' is: 'December 2019'&#xD;
&#xD;
2019-11-01 07:44:08 - [MESSAGE][PASSED] - Object: 'Object Repository/Pages/Sale/calender_NextButton' is clicked on&#xD;
&#xD;
2019-11-01 07:44:08 - [MESSAGE][PASSED] - Text of object 'Object Repository/Pages/Sale/link_MonthYear' is: 'January 2020'&#xD;
&#xD;
2019-11-01 07:44:08 - [MESSAGE][PASSED] - Object: 'Object Repository/Pages/Sale/calender_NextButton' is clicked on&#xD;
&#xD;
2019-11-01 07:44:09 - [MESSAGE][PASSED] - Text of object 'Object Repository/Pages/Sale/link_MonthYear' is: 'February 2020'&#xD;
&#xD;
2019-11-01 07:44:09 - [MESSAGE][PASSED] - Object: 'Object Repository/Pages/Sale/calender_NextButton' is clicked on&#xD;
&#xD;
2019-11-01 07:44:09 - [MESSAGE][PASSED] - Text of object 'Object Repository/Pages/Sale/link_MonthYear' is: 'March 2020'&#xD;
&#xD;
2019-11-01 07:44:09 - [MESSAGE][PASSED] - Object: 'Object Repository/Pages/Sale/calender_NextButton' is clicked on&#xD;
&#xD;
2019-11-01 07:44:09 - [MESSAGE][PASSED] - Text of object 'Object Repository/Pages/Sale/link_MonthYear' is: 'April 2020'&#xD;
&#xD;
2019-11-01 07:44:09 - [MESSAGE][PASSED] - Object: 'Object Repository/Pages/Sale/calender_NextButton' is clicked on&#xD;
&#xD;
2019-11-01 07:44:09 - [MESSAGE][PASSED] - Text of object 'Object Repository/Pages/Sale/link_MonthYear' is: 'May 2020'&#xD;
&#xD;
2019-11-01 07:44:09 - [MESSAGE][PASSED] - Object: 'Object Repository/Pages/Sale/calender_NextButton' is clicked on&#xD;
&#xD;
2019-11-01 07:44:09 - [MESSAGE][PASSED] - Text of object 'Object Repository/Pages/Sale/link_MonthYear' is: 'June 2020'&#xD;
&#xD;
2019-11-01 07:44:09 - [MESSAGE][PASSED] - Object: 'Object Repository/Pages/Sale/calender_NextButton' is clicked on&#xD;
&#xD;
2019-11-01 07:44:09 - [MESSAGE][PASSED] - Text of object 'Object Repository/Pages/Sale/link_MonthYear' is: 'July 2020'&#xD;
&#xD;
2019-11-01 07:44:09 - [MESSAGE][PASSED] - Object: 'Object Repository/Pages/Sale/calender_NextButton' is clicked on&#xD;
&#xD;
2019-11-01 07:44:09 - [MESSAGE][PASSED] - Text of object 'Object Repository/Pages/Sale/link_MonthYear' is: 'August 2020'&#xD;
&#xD;
2019-11-01 07:44:09 - [MESSAGE][PASSED] - Object: 'Object Repository/Pages/Sale/calender_NextButton' is clicked on&#xD;
&#xD;
2019-11-01 07:44:10 - [MESSAGE][PASSED] - Text of object 'Object Repository/Pages/Sale/link_MonthYear' is: 'September 2020'&#xD;
&#xD;
2019-11-01 07:44:10 - [MESSAGE][PASSED] - Object: 'Object Repository/Pages/Sale/calender_NextButton' is clicked on&#xD;
&#xD;
2019-11-01 07:44:10 - [MESSAGE][PASSED] - Text of object 'Object Repository/Pages/Sale/link_MonthYear' is: 'October 2020'&#xD;
&#xD;
2019-11-01 07:44:10 - [MESSAGE][PASSED] - Object: 'Object Repository/Pages/Sale/calender_NextButton' is clicked on&#xD;
&#xD;
2019-11-01 07:44:10 - [MESSAGE][PASSED] - Text of object 'Object Repository/Pages/Sale/link_MonthYear' is: 'November 2020'&#xD;
&#xD;
2019-11-01 07:44:10 - [MESSAGE][PASSED] - Object: 'Object Repository/Pages/Sale/calender_NextButton' is clicked on&#xD;
&#xD;
2019-11-01 07:44:10 - [MESSAGE][PASSED] - Text of object 'Object Repository/Pages/Sale/link_MonthYear' is: 'December 2020'&#xD;
&#xD;
2019-11-01 07:44:10 - [MESSAGE][PASSED] - Object: 'Object Repository/Pages/Sale/calender_NextButton' is clicked on&#xD;
&#xD;
2019-11-01 07:44:10 - [MESSAGE][PASSED] - Text of object 'Object Repository/Pages/Sale/link_MonthYear' is: 'January 2021'&#xD;
&#xD;
2019-11-01 07:44:10 - [MESSAGE][PASSED] - Object: 'Object Repository/Pages/Sale/calender_NextButton' is clicked on&#xD;
&#xD;
2019-11-01 07:44:10 - [MESSAGE][PASSED] - Text of object 'Object Repository/Pages/Sale/link_MonthYear' is: 'February 2021'&#xD;
&#xD;
2019-11-01 07:44:10 - [MESSAGE][PASSED] - Object: 'Object Repository/Pages/Sale/calender_NextButton' is clicked on&#xD;
&#xD;
2019-11-01 07:44:10 - [MESSAGE][PASSED] - Text of object 'Object Repository/Pages/Sale/link_MonthYear' is: 'March 2021'&#xD;
&#xD;
2019-11-01 07:44:10 - [MESSAGE][PASSED] - Object: 'Object Repository/Pages/Sale/calender_NextButton' is clicked on&#xD;
&#xD;
2019-11-01 07:44:10 - [MESSAGE][PASSED] - Text of object 'Object Repository/Pages/Sale/link_MonthYear' is: 'April 2021'&#xD;
&#xD;
2019-11-01 07:44:11 - [MESSAGE][PASSED] - Object: 'Object Repository/Pages/Sale/calender_NextButton' is clicked on&#xD;
&#xD;
2019-11-01 07:44:11 - [MESSAGE][PASSED] - Text of object 'Object Repository/Pages/Sale/link_MonthYear' is: 'May 2021'&#xD;
&#xD;
2019-11-01 07:44:11 - [MESSAGE][PASSED] - Object: 'Object Repository/Pages/Sale/calender_NextButton' is clicked on&#xD;
&#xD;
2019-11-01 07:44:11 - [MESSAGE][PASSED] - Text of object 'Object Repository/Pages/Sale/link_MonthYear' is: 'June 2021'&#xD;
&#xD;
2019-11-01 07:44:11 - [MESSAGE][PASSED] - Object: 'Object Repository/Pages/Sale/calender_NextButton' is clicked on&#xD;
&#xD;
2019-11-01 07:44:11 - [MESSAGE][PASSED] - Text of object 'Object Repository/Pages/Sale/link_MonthYear' is: 'July 2021'&#xD;
&#xD;
2019-11-01 07:44:11 - [MESSAGE][PASSED] - Object: 'Object Repository/Pages/Sale/calender_NextButton' is clicked on&#xD;
&#xD;
2019-11-01 07:44:11 - [MESSAGE][PASSED] - Text of object 'Object Repository/Pages/Sale/link_MonthYear' is: 'August 2021'&#xD;
&#xD;
2019-11-01 07:44:11 - [MESSAGE][PASSED] - Object: 'Object Repository/Pages/Sale/calender_NextButton' is clicked on&#xD;
&#xD;
2019-11-01 07:44:11 - [MESSAGE][PASSED] - Text of object 'Object Repository/Pages/Sale/link_MonthYear' is: 'September 2021'&#xD;
&#xD;
2019-11-01 07:44:11 - [MESSAGE][PASSED] - Object: 'Object Repository/Pages/Sale/calender_NextButton' is clicked on&#xD;
&#xD;
2019-11-01 07:44:11 - [MESSAGE][PASSED] - Text of object 'Object Repository/Pages/Sale/link_MonthYear' is: 'October 2021'&#xD;
&#xD;
2019-11-01 07:44:11 - [MESSAGE][PASSED] - Object: 'Object Repository/Pages/Sale/calender_NextButton' is clicked on&#xD;
&#xD;
2019-11-01 07:44:11 - [MESSAGE][PASSED] - Text of object 'Object Repository/Pages/Sale/link_MonthYear' is: 'November 2021'&#xD;
&#xD;
2019-11-01 07:44:12 - [MESSAGE][PASSED] - Object: 'Object Repository/Pages/Sale/calender_NextButton' is clicked on&#xD;
&#xD;
2019-11-01 07:44:12 - [MESSAGE][PASSED] - Text of object 'Object Repository/Pages/Sale/link_MonthYear' is: 'December 2021'&#xD;
&#xD;
2019-11-01 07:44:12 - [MESSAGE][PASSED] - Object: 'Object Repository/Pages/Sale/calender_NextButton' is clicked on&#xD;
&#xD;
2019-11-01 07:44:12 - [MESSAGE][PASSED] - Text of object 'Object Repository/Pages/Sale/link_MonthYear' is: 'January 2022'&#xD;
&#xD;
2019-11-01 07:44:12 - [MESSAGE][PASSED] - Object: 'Object Repository/Pages/Sale/calender_NextButton' is clicked on&#xD;
&#xD;
2019-11-01 07:44:12 - [MESSAGE][PASSED] - Text of object 'Object Repository/Pages/Sale/link_MonthYear' is: 'February 2022'&#xD;
&#xD;
2019-11-01 07:44:12 - [MESSAGE][PASSED] - Object: 'Object Repository/Pages/Sale/calender_NextButton' is clicked on&#xD;
&#xD;
2019-11-01 07:44:12 - [MESSAGE][PASSED] - Text of object 'Object Repository/Pages/Sale/link_MonthYear' is: 'March 2022'&#xD;
&#xD;
2019-11-01 07:44:12 - [MESSAGE][PASSED] - Object: 'Object Repository/Pages/Sale/calender_NextButton' is clicked on&#xD;
&#xD;
2019-11-01 07:44:12 - [MESSAGE][PASSED] - Text of object 'Object Repository/Pages/Sale/link_MonthYear' is: 'April 2022'&#xD;
&#xD;
2019-11-01 07:44:12 - [MESSAGE][PASSED] - Object: 'Object Repository/Pages/Sale/calender_NextButton' is clicked on&#xD;
&#xD;
2019-11-01 07:44:12 - [MESSAGE][PASSED] - Text of object 'Object Repository/Pages/Sale/link_MonthYear' is: 'May 2022'&#xD;
&#xD;
2019-11-01 07:44:12 - [MESSAGE][PASSED] - Object: 'Object Repository/Pages/Sale/calender_NextButton' is clicked on&#xD;
&#xD;
2019-11-01 07:44:12 - [MESSAGE][PASSED] - Text of object 'Object Repository/Pages/Sale/link_MonthYear' is: 'June 2022'&#xD;
&#xD;
2019-11-01 07:44:12 - [MESSAGE][PASSED] - Object: 'Object Repository/Pages/Sale/calender_NextButton' is clicked on&#xD;
&#xD;
2019-11-01 07:44:12 - [MESSAGE][PASSED] - Text of object 'Object Repository/Pages/Sale/link_MonthYear' is: 'July 2022'&#xD;
&#xD;
2019-11-01 07:44:13 - [MESSAGE][PASSED] - Object: 'Object Repository/Pages/Sale/calender_NextButton' is clicked on&#xD;
&#xD;
2019-11-01 07:44:13 - [MESSAGE][PASSED] - Text of object 'Object Repository/Pages/Sale/link_MonthYear' is: 'August 2022'&#xD;
&#xD;
2019-11-01 07:44:13 - [MESSAGE][PASSED] - Object: 'Object Repository/Pages/Sale/calender_NextButton' is clicked on&#xD;
&#xD;
2019-11-01 07:44:13 - [MESSAGE][PASSED] - Text of object 'Object Repository/Pages/Sale/link_MonthYear' is: 'September 2022'&#xD;
&#xD;
2019-11-01 07:44:13 - [MESSAGE][PASSED] - Object: 'Object Repository/Pages/Sale/calender_NextButton' is clicked on&#xD;
&#xD;
2019-11-01 07:44:13 - [MESSAGE][PASSED] - Text of object 'Object Repository/Pages/Sale/link_MonthYear' is: 'October 2022'&#xD;
&#xD;
2019-11-01 07:44:13 - [MESSAGE][PASSED] - Object: 'Object Repository/Pages/Sale/calender_NextButton' is clicked on&#xD;
&#xD;
2019-11-01 07:44:13 - [MESSAGE][PASSED] - Text of object 'Object Repository/Pages/Sale/link_MonthYear' is: 'November 2022'&#xD;
&#xD;
2019-11-01 07:44:13 - [MESSAGE][PASSED] - Object: 'Object Repository/Pages/Sale/calender_NextButton' is clicked on&#xD;
&#xD;
2019-11-01 07:44:13 - [MESSAGE][PASSED] - Text of object 'Object Repository/Pages/Sale/link_MonthYear' is: 'December 2022'&#xD;
&#xD;
2019-11-01 07:44:13 - [MESSAGE][PASSED] - Object: 'Object Repository/Pages/Sale/calender_NextButton' is clicked on&#xD;
&#xD;
2019-11-01 07:44:13 - [MESSAGE][PASSED] - Text of object 'Object Repository/Pages/Sale/link_MonthYear' is: 'January 2023'&#xD;
&#xD;
2019-11-01 07:44:13 - [MESSAGE][PASSED] - Object: 'Object Repository/Pages/Sale/calender_NextButton' is clicked on&#xD;
&#xD;
2019-11-01 07:44:13 - [MESSAGE][PASSED] - Text of object 'Object Repository/Pages/Sale/link_MonthYear' is: 'February 2023'&#xD;
&#xD;
2019-11-01 07:44:14 - [MESSAGE][PASSED] - Object: 'Object Repository/Pages/Sale/calender_NextButton' is clicked on&#xD;
&#xD;
2019-11-01 07:44:14 - [MESSAGE][PASSED] - Text of object 'Object Repository/Pages/Sale/link_MonthYear' is: 'March 2023'&#xD;
&#xD;
2019-11-01 07:44:14 - [MESSAGE][PASSED] - Object: 'Object Repository/Pages/Sale/calender_NextButton' is clicked on&#xD;
&#xD;
2019-11-01 07:44:14 - [MESSAGE][PASSED] - Text of object 'Object Repository/Pages/Sale/link_MonthYear' is: 'April 2023'&#xD;
&#xD;
2019-11-01 07:44:14 - [MESSAGE][PASSED] - Object: 'Object Repository/Pages/Sale/calender_NextButton' is clicked on&#xD;
&#xD;
2019-11-01 07:44:14 - [MESSAGE][PASSED] - Text of object 'Object Repository/Pages/Sale/link_MonthYear' is: 'May 2023'&#xD;
&#xD;
2019-11-01 07:44:14 - [MESSAGE][PASSED] - Object: 'Object Repository/Pages/Sale/calender_NextButton' is clicked on&#xD;
&#xD;
2019-11-01 07:44:14 - [MESSAGE][PASSED] - Text of object 'Object Repository/Pages/Sale/link_MonthYear' is: 'June 2023'&#xD;
&#xD;
2019-11-01 07:44:14 - [MESSAGE][PASSED] - Object: 'Object Repository/Pages/Sale/calender_NextButton' is clicked on&#xD;
&#xD;
2019-11-01 07:44:14 - [MESSAGE][PASSED] - Text of object 'Object Repository/Pages/Sale/link_MonthYear' is: 'July 2023'&#xD;
&#xD;
2019-11-01 07:44:14 - [MESSAGE][PASSED] - Object: 'Object Repository/Pages/Sale/calender_NextButton' is clicked on&#xD;
&#xD;
2019-11-01 07:44:14 - [MESSAGE][PASSED] - Text of object 'Object Repository/Pages/Sale/link_MonthYear' is: 'August 2023'&#xD;
&#xD;
2019-11-01 07:44:14 - [MESSAGE][PASSED] - Object: 'Object Repository/Pages/Sale/calender_NextButton' is clicked on&#xD;
&#xD;
2019-11-01 07:44:14 - [MESSAGE][PASSED] - Text of object 'Object Repository/Pages/Sale/link_MonthYear' is: 'September 2023'&#xD;
&#xD;
2019-11-01 07:44:15 - [MESSAGE][PASSED] - Object: 'Object Repository/Pages/Sale/calender_NextButton' is clicked on&#xD;
&#xD;
2019-11-01 07:44:15 - [MESSAGE][PASSED] - Text of object 'Object Repository/Pages/Sale/link_MonthYear' is: 'October 2023'&#xD;
&#xD;
2019-11-01 07:44:15 - [MESSAGE][PASSED] - Object: 'Object Repository/Pages/Sale/calender_NextButton' is clicked on&#xD;
&#xD;
2019-11-01 07:44:15 - [MESSAGE][PASSED] - Text of object 'Object Repository/Pages/Sale/link_MonthYear' is: 'November 2023'&#xD;
&#xD;
2019-11-01 07:44:15 - [MESSAGE][PASSED] - Object: 'Object Repository/Pages/Sale/calender_NextButton' is clicked on&#xD;
&#xD;
2019-11-01 07:44:15 - [MESSAGE][PASSED] - Text of object 'Object Repository/Pages/Sale/link_MonthYear' is: 'December 2023'&#xD;
&#xD;
2019-11-01 07:44:15 - [MESSAGE][PASSED] - Object: 'Object Repository/Pages/Sale/calender_NextButton' is clicked on&#xD;
&#xD;
2019-11-01 07:44:15 - [MESSAGE][PASSED] - Text of object 'Object Repository/Pages/Sale/link_MonthYear' is: 'January 2024'&#xD;
&#xD;
2019-11-01 07:44:15 - [MESSAGE][PASSED] - Object: 'Object Repository/Pages/Sale/calender_NextButton' is clicked on&#xD;
&#xD;
2019-11-01 07:44:15 - [MESSAGE][PASSED] - Text of object 'Object Repository/Pages/Sale/link_MonthYear' is: 'February 2024'&#xD;
&#xD;
2019-11-01 07:44:15 - [MESSAGE][PASSED] - Object: 'Object Repository/Pages/Sale/calender_NextButton' is clicked on&#xD;
&#xD;
2019-11-01 07:44:15 - [MESSAGE][PASSED] - Text of object 'Object Repository/Pages/Sale/link_MonthYear' is: 'March 2024'&#xD;
&#xD;
2019-11-01 07:44:15 - [MESSAGE][PASSED] - Object: 'Object Repository/Pages/Sale/calender_NextButton' is clicked on&#xD;
&#xD;
2019-11-01 07:44:15 - [MESSAGE][PASSED] - Text of object 'Object Repository/Pages/Sale/link_MonthYear' is: 'April 2024'&#xD;
&#xD;
2019-11-01 07:44:15 - [MESSAGE][PASSED] - Object: 'Object Repository/Pages/Sale/calender_NextButton' is clicked on&#xD;
&#xD;
2019-11-01 07:44:15 - [MESSAGE][PASSED] - Text of object 'Object Repository/Pages/Sale/link_MonthYear' is: 'May 2024'&#xD;
&#xD;
2019-11-01 07:44:16 - [MESSAGE][PASSED] - Object: 'Object Repository/Pages/Sale/calender_NextButton' is clicked on&#xD;
&#xD;
2019-11-01 07:44:16 - [MESSAGE][PASSED] - Text of object 'Object Repository/Pages/Sale/link_MonthYear' is: 'June 2024'&#xD;
&#xD;
2019-11-01 07:44:16 - [MESSAGE][PASSED] - Object: 'Object Repository/Pages/Sale/calender_NextButton' is clicked on&#xD;
&#xD;
2019-11-01 07:44:16 - [MESSAGE][PASSED] - Text of object 'Object Repository/Pages/Sale/link_MonthYear' is: 'July 2024'&#xD;
&#xD;
2019-11-01 07:44:16 - [MESSAGE][PASSED] - Object: 'Object Repository/Pages/Sale/calender_NextButton' is clicked on&#xD;
&#xD;
2019-11-01 07:44:16 - [MESSAGE][PASSED] - Text of object 'Object Repository/Pages/Sale/link_MonthYear' is: 'August 2024'&#xD;
&#xD;
2019-11-01 07:44:16 - [MESSAGE][PASSED] - Object: 'Object Repository/Pages/Sale/calender_NextButton' is clicked on&#xD;
&#xD;
2019-11-01 07:44:16 - [MESSAGE][PASSED] - Text of object 'Object Repository/Pages/Sale/link_MonthYear' is: 'September 2024'&#xD;
&#xD;
2019-11-01 07:44:16 - [MESSAGE][PASSED] - Object: 'Object Repository/Pages/Sale/calender_NextButton' is clicked on&#xD;
&#xD;
2019-11-01 07:44:16 - [MESSAGE][PASSED] - Text of object 'Object Repository/Pages/Sale/link_MonthYear' is: 'October 2024'&#xD;
&#xD;
2019-11-01 07:44:16 - [MESSAGE][PASSED] - Object: 'Object Repository/Pages/Sale/calender_NextButton' is clicked on&#xD;
&#xD;
2019-11-01 07:44:16 - [MESSAGE][PASSED] - Text of object 'Object Repository/Pages/Sale/link_MonthYear' is: 'November 2024'&#xD;
&#xD;
2019-11-01 07:44:16 - [MESSAGE][PASSED] - Object: 'Object Repository/Pages/Sale/calender_NextButton' is clicked on&#xD;
&#xD;
2019-11-01 07:44:16 - [MESSAGE][PASSED] - Text of object 'Object Repository/Pages/Sale/link_MonthYear' is: 'December 2024'&#xD;
&#xD;
2019-11-01 07:44:16 - [MESSAGE][PASSED] - Object: 'Object Repository/Pages/Sale/calender_NextButton' is clicked on&#xD;
&#xD;
2019-11-01 07:44:16 - [MESSAGE][PASSED] - Text of object 'Object Repository/Pages/Sale/link_MonthYear' is: 'January 2025'&#xD;
&#xD;
2019-11-01 07:44:17 - [MESSAGE][PASSED] - Object: 'Object Repository/Pages/Sale/calender_NextButton' is clicked on&#xD;
&#xD;
2019-11-01 07:44:17 - [MESSAGE][PASSED] - Text of object 'Object Repository/Pages/Sale/link_MonthYear' is: 'February 2025'&#xD;
&#xD;
2019-11-01 07:44:17 - [MESSAGE][PASSED] - Object: 'Object Repository/Pages/Sale/calender_NextButton' is clicked on&#xD;
&#xD;
2019-11-01 07:44:17 - [MESSAGE][PASSED] - Text of object 'Object Repository/Pages/Sale/link_MonthYear' is: 'March 2025'&#xD;
&#xD;
2019-11-01 07:44:17 - [MESSAGE][PASSED] - Object: 'Object Repository/Pages/Sale/calender_NextButton' is clicked on&#xD;
&#xD;
2019-11-01 07:44:17 - [MESSAGE][PASSED] - Text of object 'Object Repository/Pages/Sale/link_MonthYear' is: 'April 2025'&#xD;
&#xD;
2019-11-01 07:44:17 - [MESSAGE][PASSED] - Object: 'Object Repository/Pages/Sale/calender_NextButton' is clicked on&#xD;
&#xD;
2019-11-01 07:44:17 - [MESSAGE][PASSED] - Text of object 'Object Repository/Pages/Sale/link_MonthYear' is: 'May 2025'&#xD;
&#xD;
2019-11-01 07:44:17 - [MESSAGE][PASSED] - Object: 'Object Repository/Pages/Sale/calender_NextButton' is clicked on&#xD;
&#xD;
2019-11-01 07:44:17 - [MESSAGE][PASSED] - Text of object 'Object Repository/Pages/Sale/link_MonthYear' is: 'June 2025'&#xD;
&#xD;
2019-11-01 07:44:17 - [MESSAGE][PASSED] - Object: 'Object Repository/Pages/Sale/calender_NextButton' is clicked on&#xD;
&#xD;
2019-11-01 07:44:17 - [MESSAGE][PASSED] - Text of object 'Object Repository/Pages/Sale/link_MonthYear' is: 'July 2025'&#xD;
&#xD;
2019-11-01 07:44:17 - [MESSAGE][PASSED] - Object: 'Object Repository/Pages/Sale/calender_NextButton' is clicked on&#xD;
&#xD;
2019-11-01 07:44:17 - [MESSAGE][PASSED] - Text of object 'Object Repository/Pages/Sale/link_MonthYear' is: 'August 2025'&#xD;
&#xD;
2019-11-01 07:44:17 - [MESSAGE][PASSED] - Object: 'Object Repository/Pages/Sale/calender_NextButton' is clicked on&#xD;
&#xD;
2019-11-01 07:44:18 - [MESSAGE][PASSED] - Text of object 'Object Repository/Pages/Sale/link_MonthYear' is: 'September 2025'&#xD;
&#xD;
2019-11-01 07:44:18 - [MESSAGE][PASSED] - Object: 'Object Repository/Pages/Sale/calender_NextButton' is clicked on&#xD;
&#xD;
2019-11-01 07:44:18 - [MESSAGE][PASSED] - Text of object 'Object Repository/Pages/Sale/link_MonthYear' is: 'October 2025'&#xD;
&#xD;
2019-11-01 07:44:18 - [MESSAGE][PASSED] - Object: 'Object Repository/Pages/Sale/calender_NextButton' is clicked on&#xD;
&#xD;
2019-11-01 07:44:18 - [MESSAGE][PASSED] - Text of object 'Object Repository/Pages/Sale/link_MonthYear' is: 'November 2025'&#xD;
&#xD;
2019-11-01 07:44:18 - [MESSAGE][PASSED] - Object: 'Object Repository/Pages/Sale/calender_NextButton' is clicked on&#xD;
&#xD;
2019-11-01 07:44:18 - [MESSAGE][PASSED] - Text of object 'Object Repository/Pages/Sale/link_MonthYear' is: 'December 2025'&#xD;
&#xD;
2019-11-01 07:44:18 - [MESSAGE][PASSED] - Object: 'Object Repository/Pages/Sale/calender_NextButton' is clicked on&#xD;
&#xD;
2019-11-01 07:44:18 - [MESSAGE][PASSED] - Text of object 'Object Repository/Pages/Sale/link_MonthYear' is: 'January 2026'&#xD;
&#xD;
2019-11-01 07:44:18 - [MESSAGE][PASSED] - Object: 'Object Repository/Pages/Sale/calender_NextButton' is clicked on&#xD;
&#xD;
2019-11-01 07:44:18 - [MESSAGE][PASSED] - Text of object 'Object Repository/Pages/Sale/link_MonthYear' is: 'February 2026'&#xD;
&#xD;
2019-11-01 07:44:18 - [MESSAGE][PASSED] - Object: 'Object Repository/Pages/Sale/calender_NextButton' is clicked on&#xD;
&#xD;
2019-11-01 07:44:18 - [MESSAGE][PASSED] - Text of object 'Object Repository/Pages/Sale/link_MonthYear' is: 'March 2026'&#xD;
&#xD;
2019-11-01 07:44:18 - [MESSAGE][PASSED] - Object: 'Object Repository/Pages/Sale/calender_NextButton' is clicked on&#xD;
&#xD;
2019-11-01 07:44:18 - [MESSAGE][PASSED] - Text of object 'Object Repository/Pages/Sale/link_MonthYear' is: 'April 2026'&#xD;
&#xD;
2019-11-01 07:44:19 - [MESSAGE][PASSED] - Object: 'Object Repository/Pages/Sale/calender_NextButton' is clicked on&#xD;
&#xD;
2019-11-01 07:44:19 - [MESSAGE][PASSED] - Text of object 'Object Repository/Pages/Sale/link_MonthYear' is: 'May 2026'&#xD;
&#xD;
2019-11-01 07:44:19 - [MESSAGE][PASSED] - Object: 'Object Repository/Pages/Sale/calender_NextButton' is clicked on&#xD;
&#xD;
2019-11-01 07:44:19 - [MESSAGE][PASSED] - Text of object 'Object Repository/Pages/Sale/link_MonthYear' is: 'June 2026'&#xD;
&#xD;
2019-11-01 07:44:19 - [MESSAGE][PASSED] - Object: 'Object Repository/Pages/Sale/calender_NextButton' is clicked on&#xD;
&#xD;
2019-11-01 07:44:19 - [MESSAGE][PASSED] - Text of object 'Object Repository/Pages/Sale/link_MonthYear' is: 'July 2026'&#xD;
&#xD;
2019-11-01 07:44:19 - [MESSAGE][PASSED] - Object: 'Object Repository/Pages/Sale/calender_NextButton' is clicked on&#xD;
&#xD;
2019-11-01 07:44:19 - [MESSAGE][PASSED] - Text of object 'Object Repository/Pages/Sale/link_MonthYear' is: 'August 2026'&#xD;
&#xD;
2019-11-01 07:44:19 - [MESSAGE][PASSED] - Object: 'Object Repository/Pages/Sale/calender_NextButton' is clicked on&#xD;
&#xD;
2019-11-01 07:44:19 - [MESSAGE][PASSED] - Text of object 'Object Repository/Pages/Sale/link_MonthYear' is: 'September 2026'&#xD;
&#xD;
2019-11-01 07:44:19 - [MESSAGE][PASSED] - Object: 'Object Repository/Pages/Sale/calender_NextButton' is clicked on&#xD;
&#xD;
2019-11-01 07:44:19 - [MESSAGE][PASSED] - Text of object 'Object Repository/Pages/Sale/link_MonthYear' is: 'October 2026'&#xD;
&#xD;
2019-11-01 07:44:19 - [MESSAGE][PASSED] - Object: 'Object Repository/Pages/Sale/calender_NextButton' is clicked on&#xD;
&#xD;
2019-11-01 07:44:19 - [MESSAGE][PASSED] - Text of object 'Object Repository/Pages/Sale/link_MonthYear' is: 'November 2026'&#xD;
&#xD;
2019-11-01 07:44:19 - [MESSAGE][PASSED] - Object: 'Object Repository/Pages/Sale/calender_NextButton' is clicked on&#xD;
&#xD;
2019-11-01 07:44:19 - [MESSAGE][PASSED] - Text of object 'Object Repository/Pages/Sale/link_MonthYear' is: 'December 2026'&#xD;
&#xD;
2019-11-01 07:44:20 - [MESSAGE][PASSED] - Object: 'Object Repository/Pages/Sale/calender_NextButton' is clicked on&#xD;
&#xD;
2019-11-01 07:44:20 - [MESSAGE][PASSED] - Text of object 'Object Repository/Pages/Sale/link_MonthYear' is: 'January 2027'&#xD;
&#xD;
2019-11-01 07:44:20 - [MESSAGE][PASSED] - Object: 'Object Repository/Pages/Sale/calender_NextButton' is clicked on&#xD;
&#xD;
2019-11-01 07:44:20 - [MESSAGE][PASSED] - Text of object 'Object Repository/Pages/Sale/link_MonthYear' is: 'February 2027'&#xD;
&#xD;
2019-11-01 07:44:20 - [MESSAGE][PASSED] - Object: 'Object Repository/Pages/Sale/calender_NextButton' is clicked on&#xD;
&#xD;
2019-11-01 07:44:20 - [MESSAGE][PASSED] - Text of object 'Object Repository/Pages/Sale/link_MonthYear' is: 'March 2027'&#xD;
&#xD;
2019-11-01 07:44:20 - [MESSAGE][PASSED] - Object: 'Object Repository/Pages/Sale/calender_NextButton' is clicked on&#xD;
&#xD;
2019-11-01 07:44:20 - [MESSAGE][PASSED] - Text of object 'Object Repository/Pages/Sale/link_MonthYear' is: 'April 2027'&#xD;
&#xD;
2019-11-01 07:44:20 - [MESSAGE][PASSED] - Object: 'Object Repository/Pages/Sale/calender_NextButton' is clicked on&#xD;
&#xD;
2019-11-01 07:44:20 - [MESSAGE][PASSED] - Text of object 'Object Repository/Pages/Sale/link_MonthYear' is: 'May 2027'&#xD;
&#xD;
2019-11-01 07:44:20 - [MESSAGE][PASSED] - Object: 'Object Repository/Pages/Sale/calender_NextButton' is clicked on&#xD;
&#xD;
2019-11-01 07:44:20 - [MESSAGE][PASSED] - Text of object 'Object Repository/Pages/Sale/link_MonthYear' is: 'June 2027'&#xD;
&#xD;
2019-11-01 07:44:20 - [MESSAGE][PASSED] - Object: 'Object Repository/Pages/Sale/calender_NextButton' is clicked on&#xD;
&#xD;
2019-11-01 07:44:20 - [MESSAGE][PASSED] - Text of object 'Object Repository/Pages/Sale/link_MonthYear' is: 'July 2027'&#xD;
&#xD;
2019-11-01 07:44:20 - [MESSAGE][PASSED] - Object: 'Object Repository/Pages/Sale/calender_NextButton' is clicked on&#xD;
&#xD;
2019-11-01 07:44:20 - [MESSAGE][PASSED] - Text of object 'Object Repository/Pages/Sale/link_MonthYear' is: 'August 2027'&#xD;
&#xD;
2019-11-01 07:44:21 - [MESSAGE][PASSED] - Object: 'Object Repository/Pages/Sale/calender_NextButton' is clicked on&#xD;
&#xD;
2019-11-01 07:44:21 - [MESSAGE][PASSED] - Text of object 'Object Repository/Pages/Sale/link_MonthYear' is: 'September 2027'&#xD;
&#xD;
2019-11-01 07:44:21 - [MESSAGE][PASSED] - Object: 'Object Repository/Pages/Sale/calender_NextButton' is clicked on&#xD;
&#xD;
2019-11-01 07:44:21 - [MESSAGE][PASSED] - Text of object 'Object Repository/Pages/Sale/link_MonthYear' is: 'October 2027'&#xD;
&#xD;
2019-11-01 07:44:21 - [MESSAGE][PASSED] - Object: 'Object Repository/Pages/Sale/calender_NextButton' is clicked on&#xD;
&#xD;
2019-11-01 07:44:21 - [MESSAGE][PASSED] - Text of object 'Object Repository/Pages/Sale/link_MonthYear' is: 'November 2027'&#xD;
&#xD;
2019-11-01 07:44:21 - [MESSAGE][PASSED] - Object: 'Object Repository/Pages/Sale/calender_NextButton' is clicked on&#xD;
&#xD;
2019-11-01 07:44:21 - [MESSAGE][PASSED] - Text of object 'Object Repository/Pages/Sale/link_MonthYear' is: 'December 2027'&#xD;
&#xD;
2019-11-01 07:44:21 - [MESSAGE][PASSED] - Object: 'Object Repository/Pages/Sale/calender_NextButton' is clicked on&#xD;
&#xD;
2019-11-01 07:44:21 - [MESSAGE][PASSED] - Text of object 'Object Repository/Pages/Sale/link_MonthYear' is: 'January 2028'&#xD;
&#xD;
2019-11-01 07:44:21 - [MESSAGE][PASSED] - Object: 'Object Repository/Pages/Sale/calender_NextButton' is clicked on&#xD;
&#xD;
2019-11-01 07:44:21 - [MESSAGE][PASSED] - Text of object 'Object Repository/Pages/Sale/link_MonthYear' is: 'February 2028'&#xD;
&#xD;
2019-11-01 07:44:21 - [MESSAGE][PASSED] - Object: 'Object Repository/Pages/Sale/calender_NextButton' is clicked on&#xD;
&#xD;
2019-11-01 07:44:21 - [MESSAGE][PASSED] - Text of object 'Object Repository/Pages/Sale/link_MonthYear' is: 'March 2028'&#xD;
&#xD;
2019-11-01 07:44:22 - [MESSAGE][PASSED] - Object: 'Object Repository/Pages/Sale/calender_NextButton' is clicked on&#xD;
&#xD;
2019-11-01 07:44:22 - [MESSAGE][PASSED] - Text of object 'Object Repository/Pages/Sale/link_MonthYear' is: 'April 2028'&#xD;
&#xD;
2019-11-01 07:44:22 - [MESSAGE][PASSED] - Object: 'Object Repository/Pages/Sale/calender_NextButton' is clicked on&#xD;
&#xD;
2019-11-01 07:44:22 - [MESSAGE][PASSED] - Text of object 'Object Repository/Pages/Sale/link_MonthYear' is: 'May 2028'&#xD;
&#xD;
2019-11-01 07:44:22 - [MESSAGE][PASSED] - Object: 'Object Repository/Pages/Sale/calender_NextButton' is clicked on&#xD;
&#xD;
2019-11-01 07:44:22 - [MESSAGE][PASSED] - Text of object 'Object Repository/Pages/Sale/link_MonthYear' is: 'June 2028'&#xD;
&#xD;
2019-11-01 07:44:22 - [MESSAGE][PASSED] - Object: 'Object Repository/Pages/Sale/calender_NextButton' is clicked on&#xD;
&#xD;
2019-11-01 07:44:22 - [MESSAGE][PASSED] - Text of object 'Object Repository/Pages/Sale/link_MonthYear' is: 'July 2028'&#xD;
&#xD;
2019-11-01 07:44:22 - [MESSAGE][PASSED] - Object: 'Object Repository/Pages/Sale/calender_NextButton' is clicked on&#xD;
&#xD;
2019-11-01 07:44:22 - [MESSAGE][PASSED] - Text of object 'Object Repository/Pages/Sale/link_MonthYear' is: 'August 2028'&#xD;
&#xD;
2019-11-01 07:44:22 - [MESSAGE][PASSED] - Object: 'Object Repository/Pages/Sale/calender_NextButton' is clicked on&#xD;
&#xD;
2019-11-01 07:44:22 - [MESSAGE][PASSED] - Text of object 'Object Repository/Pages/Sale/link_MonthYear' is: 'September 2028'&#xD;
&#xD;
2019-11-01 07:44:22 - [MESSAGE][PASSED] - Object: 'Object Repository/Pages/Sale/calender_NextButton' is clicked on&#xD;
&#xD;
2019-11-01 07:44:22 - [MESSAGE][PASSED] - Text of object 'Object Repository/Pages/Sale/link_MonthYear' is: 'October 2028'&#xD;
&#xD;
2019-11-01 07:44:22 - [MESSAGE][PASSED] - Object: 'Object Repository/Pages/Sale/calender_NextButton' is clicked on&#xD;
&#xD;
2019-11-01 07:44:23 - [MESSAGE][PASSED] - Text of object 'Object Repository/Pages/Sale/link_MonthYear' is: 'November 2028'&#xD;
&#xD;
2019-11-01 07:44:23 - [MESSAGE][PASSED] - Object: 'Object Repository/Pages/Sale/calender_NextButton' is clicked on&#xD;
&#xD;
2019-11-01 07:44:23 - [MESSAGE][PASSED] - Text of object 'Object Repository/Pages/Sale/link_MonthYear' is: 'December 2028'&#xD;
&#xD;
2019-11-01 07:44:23 - [MESSAGE][PASSED] - Object: 'Object Repository/Pages/Sale/calender_NextButton' is clicked on&#xD;
&#xD;
2019-11-01 07:44:23 - [MESSAGE][PASSED] - Text of object 'Object Repository/Pages/Sale/link_MonthYear' is: 'January 2029'&#xD;
&#xD;
2019-11-01 07:44:23 - [MESSAGE][PASSED] - Object: 'Object Repository/Pages/Sale/calender_NextButton' is clicked on&#xD;
&#xD;
2019-11-01 07:44:23 - [MESSAGE][PASSED] - Text of object 'Object Repository/Pages/Sale/link_MonthYear' is: 'February 2029'&#xD;
&#xD;
2019-11-01 07:44:23 - [MESSAGE][PASSED] - Object: 'Object Repository/Pages/Sale/calender_NextButton' is clicked on&#xD;
&#xD;
2019-11-01 07:44:23 - [MESSAGE][PASSED] - Text of object 'Object Repository/Pages/Sale/link_MonthYear' is: 'March 2029'&#xD;
&#xD;
2019-11-01 07:44:23 - [MESSAGE][PASSED] - Object: 'Object Repository/Pages/Sale/calender_NextButton' is clicked on&#xD;
&#xD;
2019-11-01 07:44:23 - [MESSAGE][PASSED] - Text of object 'Object Repository/Pages/Sale/link_MonthYear' is: 'April 2029'&#xD;
&#xD;
2019-11-01 07:44:23 - [MESSAGE][PASSED] - Object: 'Object Repository/Pages/Sale/calender_NextButton' is clicked on&#xD;
&#xD;
2019-11-01 07:44:23 - [MESSAGE][PASSED] - Text of object 'Object Repository/Pages/Sale/link_MonthYear' is: 'May 2029'&#xD;
&#xD;
2019-11-01 07:44:24 - [MESSAGE][PASSED] - Object: 'Object Repository/Pages/Sale/calender_NextButton' is clicked on&#xD;
&#xD;
2019-11-01 07:44:24 - [MESSAGE][PASSED] - Text of object 'Object Repository/Pages/Sale/link_MonthYear' is: 'June 2029'&#xD;
&#xD;
2019-11-01 07:44:24 - [MESSAGE][PASSED] - Object: 'Object Repository/Pages/Sale/calender_NextButton' is clicked on&#xD;
&#xD;
2019-11-01 07:44:24 - [MESSAGE][PASSED] - Text of object 'Object Repository/Pages/Sale/link_MonthYear' is: 'July 2029'&#xD;
&#xD;
2019-11-01 07:44:24 - [MESSAGE][PASSED] - Object: 'Object Repository/Pages/Sale/calender_NextButton' is clicked on&#xD;
&#xD;
2019-11-01 07:44:24 - [MESSAGE][PASSED] - Text of object 'Object Repository/Pages/Sale/link_MonthYear' is: 'August 2029'&#xD;
&#xD;
2019-11-01 07:44:24 - [MESSAGE][PASSED] - Object: 'Object Repository/Pages/Sale/calender_NextButton' is clicked on&#xD;
&#xD;
2019-11-01 07:44:24 - [MESSAGE][PASSED] - Text of object 'Object Repository/Pages/Sale/link_MonthYear' is: 'September 2029'&#xD;
&#xD;
2019-11-01 07:44:24 - [MESSAGE][PASSED] - Object: 'Object Repository/Pages/Sale/calender_NextButton' is clicked on&#xD;
&#xD;
2019-11-01 07:44:24 - [MESSAGE][PASSED] - Text of object 'Object Repository/Pages/Sale/link_MonthYear' is: 'October 2029'&#xD;
&#xD;
2019-11-01 07:44:24 - [MESSAGE][PASSED] - Object: 'Object Repository/Pages/Sale/calender_NextButton' is clicked on&#xD;
&#xD;
2019-11-01 07:44:24 - [MESSAGE][PASSED] - Text of object 'Object Repository/Pages/Sale/link_MonthYear' is: 'November 2029'&#xD;
&#xD;
2019-11-01 07:44:24 - [MESSAGE][PASSED] - Object: 'Object Repository/Pages/Sale/calender_NextButton' is clicked on&#xD;
&#xD;
2019-11-01 07:44:24 - [MESSAGE][PASSED] - Text of object 'Object Repository/Pages/Sale/link_MonthYear' is: 'December 2029'&#xD;
&#xD;
2019-11-01 07:44:24 - [MESSAGE][PASSED] - Object: 'Object Repository/Pages/Sale/calender_NextButton' is clicked on&#xD;
&#xD;
2019-11-01 07:44:24 - [MESSAGE][PASSED] - Text of object 'Object Repository/Pages/Sale/link_MonthYear' is: 'January 2030'&#xD;
&#xD;
2019-11-01 07:44:24 - [MESSAGE][PASSED] - Object: 'Object Repository/Pages/Sale/calender_NextButton' is clicked on&#xD;
&#xD;
2019-11-01 07:44:25 - [MESSAGE][PASSED] - Text of object 'Object Repository/Pages/Sale/link_MonthYear' is: 'February 2030'&#xD;
&#xD;
2019-11-01 07:44:25 - [MESSAGE][PASSED] - Object: 'Object Repository/Pages/Sale/calender_NextButton' is clicked on&#xD;
&#xD;
2019-11-01 07:44:25 - [MESSAGE][PASSED] - Text of object 'Object Repository/Pages/Sale/link_MonthYear' is: 'March 2030'&#xD;
&#xD;
2019-11-01 07:44:25 - [MESSAGE][PASSED] - Object: 'Object Repository/Pages/Sale/calender_NextButton' is clicked on&#xD;
&#xD;
2019-11-01 07:44:25 - [MESSAGE][PASSED] - Text of object 'Object Repository/Pages/Sale/link_MonthYear' is: 'April 2030'&#xD;
&#xD;
2019-11-01 07:44:25 - [MESSAGE][PASSED] - Object: 'Object Repository/Pages/Sale/calender_NextButton' is clicked on&#xD;
&#xD;
2019-11-01 07:44:25 - [MESSAGE][PASSED] - Text of object 'Object Repository/Pages/Sale/link_MonthYear' is: 'May 2030'&#xD;
&#xD;
2019-11-01 07:44:25 - [MESSAGE][PASSED] - Object: 'Object Repository/Pages/Sale/calender_NextButton' is clicked on&#xD;
&#xD;
2019-11-01 07:44:25 - [MESSAGE][PASSED] - Text of object 'Object Repository/Pages/Sale/link_MonthYear' is: 'June 2030'&#xD;
&#xD;
2019-11-01 07:44:25 - [MESSAGE][PASSED] - Object: 'Object Repository/Pages/Sale/calender_NextButton' is clicked on&#xD;
&#xD;
2019-11-01 07:44:25 - [MESSAGE][PASSED] - Text of object 'Object Repository/Pages/Sale/link_MonthYear' is: 'July 2030'&#xD;
&#xD;
2019-11-01 07:44:25 - [MESSAGE][PASSED] - Object: 'Object Repository/Pages/Sale/calender_NextButton' is clicked on&#xD;
&#xD;
2019-11-01 07:44:25 - [MESSAGE][PASSED] - Text of object 'Object Repository/Pages/Sale/link_MonthYear' is: 'August 2030'&#xD;
&#xD;
2019-11-01 07:44:25 - [MESSAGE][PASSED] - Object: 'Object Repository/Pages/Sale/calender_NextButton' is clicked on&#xD;
&#xD;
2019-11-01 07:44:25 - [MESSAGE][PASSED] - Text of object 'Object Repository/Pages/Sale/link_MonthYear' is: 'September 2030'&#xD;
&#xD;
2019-11-01 07:44:25 - [MESSAGE][PASSED] - Object: 'Object Repository/Pages/Sale/calender_NextButton' is clicked on&#xD;
&#xD;
2019-11-01 07:44:25 - [MESSAGE][PASSED] - Text of object 'Object Repository/Pages/Sale/link_MonthYear' is: 'October 2030'&#xD;
&#xD;
2019-11-01 07:44:26 - [MESSAGE][PASSED] - Object: 'Object Repository/Pages/Sale/calender_NextButton' is clicked on&#xD;
&#xD;
2019-11-01 07:44:26 - [MESSAGE][PASSED] - Text of object 'Object Repository/Pages/Sale/link_MonthYear' is: 'November 2030'&#xD;
&#xD;
2019-11-01 07:44:26 - [MESSAGE][PASSED] - Object: 'Object Repository/Pages/Sale/calender_NextButton' is clicked on&#xD;
&#xD;
2019-11-01 07:44:26 - [MESSAGE][PASSED] - Text of object 'Object Repository/Pages/Sale/link_MonthYear' is: 'December 2030'&#xD;
&#xD;
2019-11-01 07:44:26 - [MESSAGE][PASSED] - Object: 'Object Repository/Pages/Sale/calender_NextButton' is clicked on&#xD;
&#xD;
2019-11-01 07:44:26 - [MESSAGE][PASSED] - Text of object 'Object Repository/Pages/Sale/link_MonthYear' is: 'January 2031'&#xD;
&#xD;
2019-11-01 07:44:26 - [MESSAGE][PASSED] - Object: 'Object Repository/Pages/Sale/calender_NextButton' is clicked on&#xD;
&#xD;
2019-11-01 07:44:26 - [MESSAGE][PASSED] - Text of object 'Object Repository/Pages/Sale/link_MonthYear' is: 'February 2031'&#xD;
&#xD;
2019-11-01 07:44:26 - [MESSAGE][PASSED] - Object: 'Object Repository/Pages/Sale/calender_NextButton' is clicked on&#xD;
&#xD;
2019-11-01 07:44:26 - [MESSAGE][PASSED] - Text of object 'Object Repository/Pages/Sale/link_MonthYear' is: 'March 2031'&#xD;
&#xD;
2019-11-01 07:44:26 - [MESSAGE][PASSED] - Object: 'Object Repository/Pages/Sale/calender_NextButton' is clicked on&#xD;
&#xD;
2019-11-01 07:44:26 - [MESSAGE][PASSED] - Text of object 'Object Repository/Pages/Sale/link_MonthYear' is: 'April 2031'&#xD;
&#xD;
2019-11-01 07:44:26 - [MESSAGE][PASSED] - Object: 'Object Repository/Pages/Sale/calender_NextButton' is clicked on&#xD;
&#xD;
2019-11-01 07:44:26 - [MESSAGE][PASSED] - Text of object 'Object Repository/Pages/Sale/link_MonthYear' is: 'May 2031'&#xD;
&#xD;
2019-11-01 07:44:26 - [MESSAGE][PASSED] - Object: 'Object Repository/Pages/Sale/calender_NextButton' is clicked on&#xD;
&#xD;
2019-11-01 07:44:26 - [MESSAGE][PASSED] - Text of object 'Object Repository/Pages/Sale/link_MonthYear' is: 'June 2031'&#xD;
&#xD;
2019-11-01 07:44:26 - [MESSAGE][PASSED] - Object: 'Object Repository/Pages/Sale/calender_NextButton' is clicked on&#xD;
&#xD;
2019-11-01 07:44:27 - [MESSAGE][PASSED] - Text of object 'Object Repository/Pages/Sale/link_MonthYear' is: 'July 2031'&#xD;
&#xD;
2019-11-01 07:44:27 - [MESSAGE][PASSED] - Object: 'Object Repository/Pages/Sale/calender_NextButton' is clicked on&#xD;
&#xD;
2019-11-01 07:44:27 - [MESSAGE][PASSED] - Text of object 'Object Repository/Pages/Sale/link_MonthYear' is: 'August 2031'&#xD;
&#xD;
2019-11-01 07:44:27 - [MESSAGE][PASSED] - Object: 'Object Repository/Pages/Sale/calender_NextButton' is clicked on&#xD;
&#xD;
2019-11-01 07:44:27 - [MESSAGE][PASSED] - Text of object 'Object Repository/Pages/Sale/link_MonthYear' is: 'September 2031'&#xD;
&#xD;
2019-11-01 07:44:27 - [MESSAGE][PASSED] - Object: 'Object Repository/Pages/Sale/calender_NextButton' is clicked on&#xD;
&#xD;
2019-11-01 07:44:27 - [MESSAGE][PASSED] - Text of object 'Object Repository/Pages/Sale/link_MonthYear' is: 'October 2031'&#xD;
&#xD;
2019-11-01 07:44:27 - [MESSAGE][PASSED] - Object: 'Object Repository/Pages/Sale/calender_NextButton' is clicked on&#xD;
&#xD;
2019-11-01 07:44:27 - [MESSAGE][PASSED] - Text of object 'Object Repository/Pages/Sale/link_MonthYear' is: 'November 2031'&#xD;
&#xD;
2019-11-01 07:44:27 - [MESSAGE][PASSED] - Object: 'Object Repository/Pages/Sale/calender_NextButton' is clicked on&#xD;
&#xD;
2019-11-01 07:44:27 - [MESSAGE][PASSED] - Text of object 'Object Repository/Pages/Sale/link_MonthYear' is: 'December 2031'&#xD;
&#xD;
2019-11-01 07:44:27 - [MESSAGE][PASSED] - Object: 'Object Repository/Pages/Sale/calender_NextButton' is clicked on&#xD;
&#xD;
2019-11-01 07:44:27 - [MESSAGE][PASSED] - Text of object 'Object Repository/Pages/Sale/link_MonthYear' is: 'January 2032'&#xD;
&#xD;
2019-11-01 07:44:27 - [MESSAGE][PASSED] - Object: 'Object Repository/Pages/Sale/calender_NextButton' is clicked on&#xD;
&#xD;
2019-11-01 07:44:27 - [MESSAGE][PASSED] - Text of object 'Object Repository/Pages/Sale/link_MonthYear' is: 'February 2032'&#xD;
&#xD;
2019-11-01 07:44:27 - [MESSAGE][PASSED] - Object: 'Object Repository/Pages/Sale/calender_NextButton' is clicked on&#xD;
&#xD;
2019-11-01 07:44:28 - [MESSAGE][PASSED] - Text of object 'Object Repository/Pages/Sale/link_MonthYear' is: 'March 2032'&#xD;
&#xD;
2019-11-01 07:44:28 - [MESSAGE][PASSED] - Object: 'Object Repository/Pages/Sale/calender_NextButton' is clicked on&#xD;
&#xD;
2019-11-01 07:44:28 - [MESSAGE][PASSED] - Text of object 'Object Repository/Pages/Sale/link_MonthYear' is: 'April 2032'&#xD;
&#xD;
2019-11-01 07:44:28 - [MESSAGE][PASSED] - Object: 'Object Repository/Pages/Sale/calender_NextButton' is clicked on&#xD;
&#xD;
2019-11-01 07:44:28 - [MESSAGE][PASSED] - Text of object 'Object Repository/Pages/Sale/link_MonthYear' is: 'May 2032'&#xD;
&#xD;
2019-11-01 07:44:28 - [MESSAGE][PASSED] - Object: 'Object Repository/Pages/Sale/calender_NextButton' is clicked on&#xD;
&#xD;
2019-11-01 07:44:28 - [MESSAGE][PASSED] - Text of object 'Object Repository/Pages/Sale/link_MonthYear' is: 'June 2032'&#xD;
&#xD;
2019-11-01 07:44:28 - [MESSAGE][PASSED] - Object: 'Object Repository/Pages/Sale/calender_NextButton' is clicked on&#xD;
&#xD;
2019-11-01 07:44:28 - [MESSAGE][PASSED] - Text of object 'Object Repository/Pages/Sale/link_MonthYear' is: 'July 2032'&#xD;
&#xD;
2019-11-01 07:44:28 - [MESSAGE][PASSED] - Object: 'Object Repository/Pages/Sale/calender_NextButton' is clicked on&#xD;
&#xD;
2019-11-01 07:44:28 - [MESSAGE][PASSED] - Text of object 'Object Repository/Pages/Sale/link_MonthYear' is: 'August 2032'&#xD;
&#xD;
2019-11-01 07:44:28 - [MESSAGE][PASSED] - Object: 'Object Repository/Pages/Sale/calender_NextButton' is clicked on&#xD;
&#xD;
2019-11-01 07:44:28 - [MESSAGE][PASSED] - Text of object 'Object Repository/Pages/Sale/link_MonthYear' is: 'September 2032'&#xD;
&#xD;
2019-11-01 07:44:28 - [MESSAGE][PASSED] - pages.Sale.selectMonthYear is PASSED&#xD;
&#xD;
2019-11-01 07:44:28 - [TEST_STEP][PASSED] - pages.Sale.selectDate(end_date_Value): pages.Sale.selectDate is PASSED&#xD;
&#xD;
2019-11-01 07:44:29 - [MESSAGE][PASSED] - Object: '' is clicked on&#xD;
&#xD;
2019-11-01 07:44:29 - [MESSAGE][PASSED] - pages.Sale.selectDate is PASSED&#xD;
&#xD;
2019-11-01 07:44:29 - [TEST_STEP][PASSED] - utilities.SafeActions.safeSelectOptionInDropDownByVisibleText(findTestObject("Pages/Sale/dropDown_Frequency_TransactionComplete"), "Weekly", "Select By Value", [PageLoadTime]): utilities.SafeActions.safeSelectOptionInDropDownByVisibleText is PASSED&#xD;
&#xD;
2019-11-01 07:44:29 - [MESSAGE][PASSED] - Object 'Object Repository/Pages/Sale/dropDown_Frequency_TransactionComplete' is visible&#xD;
&#xD;
2019-11-01 07:44:29 - [MESSAGE][PASSED] - Object 'Object Repository/Pages/Sale/dropDown_Frequency_TransactionComplete' is present&#xD;
&#xD;
2019-11-01 07:44:30 - [MESSAGE][PASSED] - Object: 'Object Repository/Pages/Sale/dropDown_Frequency_TransactionComplete' is clicked on&#xD;
&#xD;
2019-11-01 07:44:30 - [MESSAGE][PASSED] - All options with label 'Weekly' are selected in object 'Object Repository/Pages/Sale/dropDown_Frequency_TransactionComplete' &#xD;
&#xD;
2019-11-01 07:44:30 - [MESSAGE][PASSED] - utilities.SafeActions.safeSelectOptionInDropDownByVisibleText is PASSED&#xD;
&#xD;
2019-11-01 07:44:30 - [TEST_STEP][PASSED] - utilities.SafeActions.safeCheckForElement(findTestObject("Pages/Sale/checkBox_Label_EmailReceipt_TransactionComplete"), PageLoadTime): utilities.SafeActions.safeCheckForElement is PASSED&#xD;
&#xD;
2019-11-01 07:44:30 - [MESSAGE][PASSED] - Object 'Object Repository/Pages/Sale/checkBox_Label_EmailReceipt_TransactionComplete' is present&#xD;
&#xD;
2019-11-01 07:44:30 - [MESSAGE][PASSED] - Object 'Object Repository/Pages/Sale/checkBox_Label_EmailReceipt_TransactionComplete' is visible&#xD;
&#xD;
2019-11-01 07:44:30 - [MESSAGE][PASSED] - Object 'Object Repository/Pages/Sale/checkBox_Label_EmailReceipt_TransactionComplete' is present&#xD;
&#xD;
2019-11-01 07:44:31 - [MESSAGE][PASSED] - Object 'Object Repository/Pages/Sale/checkBox_Label_EmailReceipt_TransactionComplete' is checked&#xD;
&#xD;
2019-11-01 07:44:31 - [MESSAGE][PASSED] - utilities.SafeActions.safeCheckForElement is PASSED&#xD;
&#xD;
2019-11-01 07:44:31 - [TEST_STEP][PASSED] - utilities.SafeActions.safeType(findTestObject("Pages/FirstPayVault/textBox_EmailAddress_TransactionComplete"), emailAddress, "Enter EmailAddress into text box", [PageLoadTime]): utilities.SafeActions.safeType is PASSED&#xD;
&#xD;
2019-11-01 07:44:31 - [MESSAGE][PASSED] - Object 'Object Repository/Pages/FirstPayVault/textBox_EmailAddress_TransactionComplete' is present&#xD;
&#xD;
2019-11-01 07:44:32 - [MESSAGE][PASSED] - Scroll to object 'Object Repository/Pages/FirstPayVault/textBox_EmailAddress_TransactionComplete' successfully&#xD;
&#xD;
2019-11-01 07:44:32 - [MESSAGE][PASSED] - Object 'Object Repository/Pages/FirstPayVault/textBox_EmailAddress_TransactionComplete' is present&#xD;
&#xD;
2019-11-01 07:44:32 - [MESSAGE][PASSED] - Object: 'Object Repository/Pages/FirstPayVault/textBox_EmailAddress_TransactionComplete' is clicked on&#xD;
&#xD;
2019-11-01 07:44:33 - [MESSAGE][PASSED] - Text 'Venkatasai.Annam@zenq.com' is set on object 'Object Repository/Pages/FirstPayVault/textBox_EmailAddress_TransactionComplete'&#xD;
&#xD;
2019-11-01 07:44:33 - [MESSAGE][PASSED] - utilities.SafeActions.safeType is PASSED&#xD;
&#xD;
2019-11-01 07:44:33 - [TEST_STEP][PASSED] - utilities.SafeActions.safeClickWithoutScroll(findTestObject("Pages/FirstPayVault/button_SaveSetUp"), "Click on Save and Return", [PageLoadTime]): utilities.SafeActions.safeClickWithoutScroll is PASSED&#xD;
&#xD;
2019-11-01 07:44:33 - [MESSAGE][INFO] - Safe Click Without scroll&#xD;
&#xD;
2019-11-01 07:44:33 - [MESSAGE][INFO] - 1stPayVault_TestSuite.ts:waiting until Click on Save and Return is Clickable&#xD;
&#xD;
2019-11-01 07:44:33 - [MESSAGE][PASSED] - Object 'Object Repository/Pages/FirstPayVault/button_SaveSetUp' is clickable&#xD;
&#xD;
2019-11-01 07:44:33 - [MESSAGE][PASSED] - Object 'Object Repository/Pages/FirstPayVault/button_SaveSetUp' is visible&#xD;
&#xD;
2019-11-01 07:44:34 - [MESSAGE][PASSED] - Object: 'Object Repository/Pages/FirstPayVault/button_SaveSetUp' is clicked on&#xD;
&#xD;
2019-11-01 07:44:34 - [MESSAGE][INFO] - 1stPayVault_TestSuite.ts: click on the Click on Save and Return&#xD;
&#xD;
2019-11-01 07:44:34 - [MESSAGE][PASSED] - utilities.SafeActions.safeClickWithoutScroll is PASSED&#xD;
&#xD;
2019-11-01 07:44:34 - [TEST_STEP][PASSED] - delay(2): Delayed 2 second(s)&#xD;
&#xD;
2019-11-01 07:44:36 - [MESSAGE][PASSED] - Delayed 2 second(s)&#xD;
&#xD;
2019-11-01 07:44:36 - [TEST_STEP][PASSED] - popUpMessage = utilities.SafeActions.safeGetText(findTestObject("Pages/FirstPayVault/popupMessage_TransactionComplete"), delayBetweenTestSteps): utilities.SafeActions.safeGetText is PASSED&#xD;
&#xD;
2019-11-01 07:44:36 - [MESSAGE][PASSED] - Object 'Object Repository/Pages/FirstPayVault/popupMessage_TransactionComplete' is present&#xD;
&#xD;
2019-11-01 07:44:36 - [MESSAGE][PASSED] - Scroll to object 'Object Repository/Pages/FirstPayVault/popupMessage_TransactionComplete' successfully&#xD;
&#xD;
2019-11-01 07:44:36 - [MESSAGE][PASSED] - Object 'Object Repository/Pages/FirstPayVault/popupMessage_TransactionComplete' is present&#xD;
&#xD;
2019-11-01 07:44:37 - [MESSAGE][PASSED] - Text of object 'Object Repository/Pages/FirstPayVault/popupMessage_TransactionComplete' is: 'Your Setup has been completed.'&#xD;
&#xD;
2019-11-01 07:44:37 - [MESSAGE][PASSED] - utilities.SafeActions.safeGetText is PASSED&#xD;
&#xD;
2019-11-01 07:44:37 - [TEST_STEP][PASSED] - utilities.SafeActions.verifyPopupMessage("Your Setup has been completed.", popUpMessage): Popup Message : Your Setup has been completed. matched with expected message : Your Setup has been completed.&#xD;
&#xD;
2019-11-01 07:44:37 - [MESSAGE][PASSED] - Popup Message : Your Setup has been completed. matched with expected message : Your Setup has been completed.&#xD;
&#xD;
2019-11-01 07:44:37 - [TEST_STEP][PASSED] - utilities.SafeActions.safeClickWithoutScroll(findTestObject("Pages/FirstPayVault/closeLocatorForDeletePopupMessage"), "Click on Save and Return", [PageLoadTime]): utilities.SafeActions.safeClickWithoutScroll is PASSED&#xD;
&#xD;
2019-11-01 07:44:37 - [MESSAGE][INFO] - Safe Click Without scroll&#xD;
&#xD;
2019-11-01 07:44:37 - [MESSAGE][INFO] - 1stPayVault_TestSuite.ts:waiting until Click on Save and Return is Clickable&#xD;
&#xD;
2019-11-01 07:44:37 - [MESSAGE][PASSED] - Object 'Object Repository/Pages/FirstPayVault/closeLocatorForDeletePopupMessage' is clickable&#xD;
&#xD;
2019-11-01 07:44:37 - [MESSAGE][PASSED] - Object 'Object Repository/Pages/FirstPayVault/closeLocatorForDeletePopupMessage' is visible&#xD;
&#xD;
2019-11-01 07:44:38 - [MESSAGE][PASSED] - Object: 'Object Repository/Pages/FirstPayVault/closeLocatorForDeletePopupMessage' is clicked on&#xD;
&#xD;
2019-11-01 07:44:38 - [MESSAGE][INFO] - 1stPayVault_TestSuite.ts: click on the Click on Save and Return&#xD;
&#xD;
2019-11-01 07:44:38 - [MESSAGE][PASSED] - utilities.SafeActions.safeClickWithoutScroll is PASSED&#xD;
&#xD;
2019-11-01 07:44:38 - [TEST_STEP][PASSED] - utilities.SafeActions.safeClickwithScroll(findTestObject("Pages/FirstPayVault/button_ReturnToSale_InTransactionComplete"), "Click on Save and Return", [PageLoadTime]): utilities.SafeActions.safeClickwithScroll is PASSED&#xD;
&#xD;
2019-11-01 07:44:38 - [MESSAGE][PASSED] - Object 'Object Repository/Pages/FirstPayVault/button_ReturnToSale_InTransactionComplete' is present&#xD;
&#xD;
2019-11-01 07:44:38 - [MESSAGE][PASSED] - Object 'Object Repository/Pages/FirstPayVault/button_ReturnToSale_InTransactionComplete' is visible&#xD;
&#xD;
2019-11-01 07:44:38 - [MESSAGE][INFO] - 1stPayVault_TestSuite.ts:waiting until Click on Save and Return is Clickable&#xD;
&#xD;
2019-11-01 07:44:39 - [MESSAGE][PASSED] - Object 'Object Repository/Pages/FirstPayVault/button_ReturnToSale_InTransactionComplete' is clickable&#xD;
&#xD;
2019-11-01 07:44:39 - [MESSAGE][PASSED] - Object 'Object Repository/Pages/FirstPayVault/button_ReturnToSale_InTransactionComplete' is visible&#xD;
&#xD;
2019-11-01 07:44:39 - [MESSAGE][PASSED] - Object: 'Object Repository/Pages/FirstPayVault/button_ReturnToSale_InTransactionComplete' is clicked on&#xD;
&#xD;
2019-11-01 07:44:39 - [MESSAGE][INFO] - 1stPayVault_TestSuite.ts: Clicked on the Click on Save and Return&#xD;
&#xD;
2019-11-01 07:44:39 - [MESSAGE][PASSED] - utilities.SafeActions.safeClickwithScroll is PASSED&#xD;
&#xD;
2019-11-01 07:44:39 - [TEST_STEP][PASSED] - closeBrowser(): Browser is closed&#xD;
&#xD;
2019-11-01 07:44:42 - [MESSAGE][PASSED] - Browser is closed&#xD;
&#xD;
2019-11-01 07:44:42 - [TEST_STEP][PASSED] - Start listener action : sampleAfterTestCase: null&#xD;
&#xD;
2019-11-01 07:44:42 - [TEST_STEP][PASSED] - println(testCaseContext.getTestCaseId()): null&#xD;
&#xD;
2019-11-01 07:44:42 - [TEST_STEP][PASSED] - println(testCaseContext.getTestCaseStatus()): null&#xD;
&#xD;
2019-11-01 07:44:42 - [TEST_STEP][PASSED] - testCaseName = testCaseContext.getTestCaseId(): null&#xD;
&#xD;
2019-11-01 07:44:42 - [TEST_STEP][PASSED] - strCount = testCaseName.lastIndexOf("/"): null&#xD;
&#xD;
2019-11-01 07:44:42 - [TEST_STEP][PASSED] - testCaseName = testCaseName.substring(strCount): null&#xD;
&#xD;
2019-11-01 07:44:42 - [TEST_STEP][PASSED] - println(testCaseName): null&#xD;
&#xD;
2019-11-01 07:44:42 - [TEST_STEP][PASSED] - if (getTestCaseStatus().equalsIgnoreCase("Error")): null&#xD;
&#xD;
2019-11-01 07:44:42 - [TEST_STEP][PASSED] - Start listener action : sampleAfterTestCase: null</system-out>
            <system-err></system-err>
        </testcase>
        <testcase name="Test Cases/FirstView/FirstPayVault/VPOS_1stPayVault_SetFuturePayment_By_Clicking_MakePayment_On_SearchedVault_Retail" classname="Test Cases/FirstView/FirstPayVault/VPOS_1stPayVault_SetFuturePayment_By_Clicking_MakePayment_On_SearchedVault_Retail" status="PASSED">
            <system-out>2019-11-01 07:44:42 - [TEST_CASE][PASSED] - Test Cases/FirstView/FirstPayVault/VPOS_1stPayVault_SetFuturePayment_By_Clicking_MakePayment_On_SearchedVault_Retail: Test Cases/FirstView/FirstPayVault/VPOS_1stPayVault_SetFuturePayment_By_Clicking_MakePayment_On_SearchedVault_Retail&#xD;
&#xD;
2019-11-01 07:44:42 - [TEST_STEP][PASSED] - Start listener action : sampleBeforeTestCase: null&#xD;
&#xD;
2019-11-01 07:44:42 - [TEST_STEP][PASSED] - println(testCaseContext.getTestCaseId()): null&#xD;
&#xD;
2019-11-01 07:44:42 - [TEST_STEP][PASSED] - println(testCaseContext.getTestCaseVariables()): null&#xD;
&#xD;
2019-11-01 07:44:43 - [TEST_STEP][PASSED] - utilities.SafeActions.openBrowser(URL, [PageLoadTime]): utilities.SafeActions.openBrowser is PASSED&#xD;
&#xD;
2019-11-01 07:44:43 - [MESSAGE][INFO] - Opening Browser&#xD;
&#xD;
2019-11-01 07:44:43 - [MESSAGE][INFO] - Starting 'Chrome' driver&#xD;
&#xD;
2019-11-01 07:44:51 - [MESSAGE][PASSED] - Browser is opened with url: 'https://q-www-firstview-net.faps.net/MVC/Account/Login'&#xD;
&#xD;
2019-11-01 07:44:55 - [MESSAGE][PASSED] - Current window maximized&#xD;
&#xD;
2019-11-01 07:44:55 - [MESSAGE][INFO] - Browser Launched Successfully&#xD;
&#xD;
2019-11-01 07:44:55 - [MESSAGE][PASSED] - utilities.SafeActions.openBrowser is PASSED&#xD;
&#xD;
2019-11-01 07:44:55 - [TEST_STEP][PASSED] - pages.Login.login(uName, password): pages.Login.login is PASSED&#xD;
&#xD;
2019-11-01 07:44:56 - [MESSAGE][PASSED] - Object 'Object Repository/Pages/Login/userName' is present&#xD;
&#xD;
2019-11-01 07:44:56 - [MESSAGE][PASSED] - Scroll to object 'Object Repository/Pages/Login/userName' successfully&#xD;
&#xD;
2019-11-01 07:44:56 - [MESSAGE][PASSED] - Object 'Object Repository/Pages/Login/userName' is present&#xD;
&#xD;
2019-11-01 07:44:56 - [MESSAGE][PASSED] - Object: 'Object Repository/Pages/Login/userName' is clicked on&#xD;
&#xD;
2019-11-01 07:44:57 - [MESSAGE][PASSED] - Text 'ZenQRetail' is set on object 'Object Repository/Pages/Login/userName'&#xD;
&#xD;
2019-11-01 07:44:57 - [MESSAGE][PASSED] - Object 'Object Repository/Pages/Login/password' is present&#xD;
&#xD;
2019-11-01 07:44:57 - [MESSAGE][PASSED] - Scroll to object 'Object Repository/Pages/Login/password' successfully&#xD;
&#xD;
2019-11-01 07:44:57 - [MESSAGE][PASSED] - Object 'Object Repository/Pages/Login/password' is present&#xD;
&#xD;
2019-11-01 07:44:57 - [MESSAGE][PASSED] - Object: 'Object Repository/Pages/Login/password' is clicked on&#xD;
&#xD;
2019-11-01 07:44:58 - [MESSAGE][PASSED] - Text 'P@ssword1' is set on object 'Object Repository/Pages/Login/password'&#xD;
&#xD;
2019-11-01 07:44:58 - [MESSAGE][INFO] - Safe Click Without scroll&#xD;
&#xD;
2019-11-01 07:44:58 - [MESSAGE][INFO] - 1stPayVault_TestSuite.ts:waiting until Click on Login is Clickable&#xD;
&#xD;
2019-11-01 07:44:58 - [MESSAGE][PASSED] - Object 'Object Repository/Pages/Login/login' is clickable&#xD;
&#xD;
2019-11-01 07:44:58 - [MESSAGE][PASSED] - Object 'Object Repository/Pages/Login/login' is visible&#xD;
&#xD;
2019-11-01 07:45:00 - [MESSAGE][PASSED] - Object: 'Object Repository/Pages/Login/login' is clicked on&#xD;
&#xD;
2019-11-01 07:45:00 - [MESSAGE][INFO] - 1stPayVault_TestSuite.ts: click on the Click on Login&#xD;
&#xD;
2019-11-01 07:45:00 - [MESSAGE][PASSED] - pages.Login.login is PASSED&#xD;
&#xD;
2019-11-01 07:45:00 - [TEST_STEP][PASSED] - callTestCase(findTestCase("FirstView/Login/TC_SendCode"), [:], STOP_ON_FAILURE): Call Test Case 'Test Cases/FirstView/Login/TC_SendCode' successfully&#xD;
&#xD;
2019-11-01 07:45:00 - [TEST_CASE][PASSED] - Test Cases/FirstView/Login/TC_SendCode: Test Cases/FirstView/Login/TC_SendCode&#xD;
&#xD;
2019-11-01 07:45:00 - [TEST_STEP][PASSED] - flag = pages.SendCode.verifyPage(): pages.SendCode.verifyPage is PASSED&#xD;
&#xD;
2019-11-01 07:45:00 - [MESSAGE][PASSED] - Object 'Object Repository/Pages/SendCodeToValidate/header_SendCodeToValidate' is present and visible in viewport&#xD;
&#xD;
2019-11-01 07:45:00 - [MESSAGE][PASSED] - pages.SendCode.verifyPage is PASSED&#xD;
&#xD;
2019-11-01 07:45:00 - [TEST_STEP][PASSED] - if (flag): pages.SendCode.clickonUserSettings is PASSED&#xD;
&#xD;
2019-11-01 07:45:00 - [TEST_STEP][PASSED] - pages.SendCode.clickonUserSettings(): pages.SendCode.clickonUserSettings is PASSED&#xD;
&#xD;
2019-11-01 07:45:01 - [MESSAGE][PASSED] - Object 'Object Repository/Pages/SendCodeToValidate/link_UserSettings' is present&#xD;
&#xD;
2019-11-01 07:45:01 - [MESSAGE][PASSED] - Object 'Object Repository/Pages/SendCodeToValidate/link_UserSettings' is visible&#xD;
&#xD;
2019-11-01 07:45:01 - [MESSAGE][INFO] - 1stPayVault_TestSuite.ts:waiting until Click on User Settings is Clickable&#xD;
&#xD;
2019-11-01 07:45:01 - [MESSAGE][PASSED] - Object 'Object Repository/Pages/SendCodeToValidate/link_UserSettings' is clickable&#xD;
&#xD;
2019-11-01 07:45:01 - [MESSAGE][PASSED] - Object 'Object Repository/Pages/SendCodeToValidate/link_UserSettings' is visible&#xD;
&#xD;
2019-11-01 07:45:02 - [MESSAGE][PASSED] - Object: 'Object Repository/Pages/SendCodeToValidate/link_UserSettings' is clicked on&#xD;
&#xD;
2019-11-01 07:45:02 - [MESSAGE][INFO] - 1stPayVault_TestSuite.ts: Clicked on the Click on User Settings&#xD;
&#xD;
2019-11-01 07:45:02 - [MESSAGE][PASSED] - pages.SendCode.clickonUserSettings is PASSED&#xD;
&#xD;
2019-11-01 07:45:02 - [MESSAGE][PASSED] - Call Test Case 'Test Cases/FirstView/Login/TC_SendCode' successfully&#xD;
&#xD;
2019-11-01 07:45:02 - [TEST_STEP][PASSED] - callTestCase(findTestCase("FirstView/Login/TC_FirstView"), [:], STOP_ON_FAILURE): Call Test Case 'Test Cases/FirstView/Login/TC_FirstView' successfully&#xD;
&#xD;
2019-11-01 07:45:02 - [TEST_CASE][PASSED] - Test Cases/FirstView/Login/TC_FirstView: Test Cases/FirstView/Login/TC_FirstView&#xD;
&#xD;
2019-11-01 07:45:02 - [TEST_STEP][NOT_RUN] - utilities.SafeActions.safeClickWithoutScroll(findTestObject("Pages/FirstView/link_Home"), "Click on Home button in First View screen", [PageLoadTime]): NOT_RUN: utilities.SafeActions.safeClickWithoutScroll(findTestObject("Pages/FirstView/link_Home"), "Click on Home button in First View screen", [PageLoadTime])&#xD;
&#xD;
2019-11-01 07:45:02 - [MESSAGE][NOT_RUN] - NOT_RUN: utilities.SafeActions.safeClickWithoutScroll(findTestObject("Pages/FirstView/link_Home"), "Click on Home button in First View screen", [PageLoadTime])&#xD;
&#xD;
2019-11-01 07:45:02 - [TEST_STEP][PASSED] - delay(3): Delayed 3 second(s)&#xD;
&#xD;
2019-11-01 07:45:05 - [MESSAGE][PASSED] - Delayed 3 second(s)&#xD;
&#xD;
2019-11-01 07:45:06 - [TEST_STEP][PASSED] - utilities.SafeActions.javascriptclick(findTestObject("Pages/FirstView/link_Home"), delayForElement): utilities.SafeActions.javascriptclick is PASSED&#xD;
&#xD;
2019-11-01 07:45:07 - [MESSAGE][PASSED] - utilities.SafeActions.javascriptclick is PASSED&#xD;
&#xD;
2019-11-01 07:45:07 - [TEST_STEP][PASSED] - utilities.SafeActions.safeClickWithoutScroll(findTestObject("Pages/FirstView/link_VPOS"), "Click on VPOS button in First View screen", [PageLoadTime]): utilities.SafeActions.safeClickWithoutScroll is PASSED&#xD;
&#xD;
2019-11-01 07:45:07 - [MESSAGE][INFO] - Safe Click Without scroll&#xD;
&#xD;
2019-11-01 07:45:07 - [MESSAGE][INFO] - 1stPayVault_TestSuite.ts:waiting until Click on VPOS button in First View screen is Clickable&#xD;
&#xD;
2019-11-01 07:45:07 - [MESSAGE][PASSED] - Object 'Object Repository/Pages/FirstView/link_VPOS' is clickable&#xD;
&#xD;
2019-11-01 07:45:08 - [MESSAGE][PASSED] - Object 'Object Repository/Pages/FirstView/link_VPOS' is visible&#xD;
&#xD;
2019-11-01 07:45:09 - [MESSAGE][PASSED] - Object: 'Object Repository/Pages/FirstView/link_VPOS' is clicked on&#xD;
&#xD;
2019-11-01 07:45:09 - [MESSAGE][INFO] - 1stPayVault_TestSuite.ts: click on the Click on VPOS button in First View screen&#xD;
&#xD;
2019-11-01 07:45:09 - [MESSAGE][PASSED] - utilities.SafeActions.safeClickWithoutScroll is PASSED&#xD;
&#xD;
2019-11-01 07:45:09 - [MESSAGE][PASSED] - Call Test Case 'Test Cases/FirstView/Login/TC_FirstView' successfully&#xD;
&#xD;
2019-11-01 07:45:09 - [TEST_STEP][PASSED] - switchToWindowTitle("Transcenter - VPOS"): Switched to window with title: 'Transcenter - VPOS'&#xD;
&#xD;
2019-11-01 07:45:14 - [MESSAGE][PASSED] - Switched to window with title: 'Transcenter - VPOS'&#xD;
&#xD;
2019-11-01 07:45:14 - [TEST_STEP][PASSED] - focus(findTestObject("Pages/FirstPayVault/tab_FirstPayVault")): Object: 'Object Repository/Pages/FirstPayVault/tab_FirstPayVault' is focused&#xD;
&#xD;
2019-11-01 07:45:15 - [MESSAGE][PASSED] - Object: 'Object Repository/Pages/FirstPayVault/tab_FirstPayVault' is focused&#xD;
&#xD;
2019-11-01 07:45:15 - [TEST_STEP][PASSED] - utilities.SafeActions.javascriptclick(findTestObject("Pages/FirstPayVault/tab_FirstPayVault"), PageLoadTime): utilities.SafeActions.javascriptclick is PASSED&#xD;
&#xD;
2019-11-01 07:45:15 - [MESSAGE][PASSED] - utilities.SafeActions.javascriptclick is PASSED&#xD;
&#xD;
2019-11-01 07:45:15 - [TEST_STEP][PASSED] - delay(2): Delayed 2 second(s)&#xD;
&#xD;
2019-11-01 07:45:17 - [MESSAGE][PASSED] - Delayed 2 second(s)&#xD;
&#xD;
2019-11-01 07:45:17 - [TEST_STEP][PASSED] - utilities.SafeActions.safeClickWithoutScroll(findTestObject("Pages/FirstPayVault/tab_FirstPayVault"), "Click on FistPayVault tab", [delayForElement]): utilities.SafeActions.safeClickWithoutScroll is PASSED&#xD;
&#xD;
2019-11-01 07:45:17 - [MESSAGE][INFO] - Safe Click Without scroll&#xD;
&#xD;
2019-11-01 07:45:17 - [MESSAGE][INFO] - 1stPayVault_TestSuite.ts:waiting until Click on FistPayVault tab is Clickable&#xD;
&#xD;
2019-11-01 07:45:17 - [MESSAGE][PASSED] - Object 'Object Repository/Pages/FirstPayVault/tab_FirstPayVault' is clickable&#xD;
&#xD;
2019-11-01 07:45:17 - [MESSAGE][PASSED] - Object 'Object Repository/Pages/FirstPayVault/tab_FirstPayVault' is visible&#xD;
&#xD;
2019-11-01 07:45:18 - [MESSAGE][PASSED] - Object: 'Object Repository/Pages/FirstPayVault/tab_FirstPayVault' is clicked on&#xD;
&#xD;
2019-11-01 07:45:18 - [MESSAGE][INFO] - 1stPayVault_TestSuite.ts: click on the Click on FistPayVault tab&#xD;
&#xD;
2019-11-01 07:45:18 - [MESSAGE][PASSED] - utilities.SafeActions.safeClickWithoutScroll is PASSED&#xD;
&#xD;
2019-11-01 07:45:18 - [TEST_STEP][PASSED] - utilities.SafeActions.safeClickWithoutScroll(findTestObject("Pages/FirstPayVault/button_CreateVault"), "Click on CreateVault button", [PageLoadTime]): utilities.SafeActions.safeClickWithoutScroll is PASSED&#xD;
&#xD;
2019-11-01 07:45:18 - [MESSAGE][INFO] - Safe Click Without scroll&#xD;
&#xD;
2019-11-01 07:45:18 - [MESSAGE][INFO] - 1stPayVault_TestSuite.ts:waiting until Click on CreateVault button is Clickable&#xD;
&#xD;
2019-11-01 07:45:18 - [MESSAGE][PASSED] - Object 'Object Repository/Pages/FirstPayVault/button_CreateVault' is clickable&#xD;
&#xD;
2019-11-01 07:45:18 - [MESSAGE][PASSED] - Object 'Object Repository/Pages/FirstPayVault/button_CreateVault' is visible&#xD;
&#xD;
2019-11-01 07:45:19 - [MESSAGE][PASSED] - Object: 'Object Repository/Pages/FirstPayVault/button_CreateVault' is clicked on&#xD;
&#xD;
2019-11-01 07:45:19 - [MESSAGE][INFO] - 1stPayVault_TestSuite.ts: click on the Click on CreateVault button&#xD;
&#xD;
2019-11-01 07:45:19 - [MESSAGE][PASSED] - utilities.SafeActions.safeClickWithoutScroll is PASSED&#xD;
&#xD;
2019-11-01 07:45:19 - [TEST_STEP][PASSED] - scrollToElement(findTestObject("Pages/FirstPayVault/input_VaultReferenceNumber"), PageLoadTime): Scroll to object 'Object Repository/Pages/FirstPayVault/input_VaultReferenceNumber' successfully&#xD;
&#xD;
2019-11-01 07:45:20 - [MESSAGE][PASSED] - Scroll to object 'Object Repository/Pages/FirstPayVault/input_VaultReferenceNumber' successfully&#xD;
&#xD;
2019-11-01 07:45:20 - [TEST_STEP][PASSED] - vaultReference = utilities.SafeActions.timeWithMilliSeconds(): utilities.SafeActions.timeWithMilliSeconds is PASSED&#xD;
&#xD;
2019-11-01 07:45:20 - [MESSAGE][PASSED] - utilities.SafeActions.timeWithMilliSeconds is PASSED&#xD;
&#xD;
2019-11-01 07:45:20 - [TEST_STEP][PASSED] - utilities.SafeActions.safeType(findTestObject("Pages/FirstPayVault/input_VaultReferenceNumber"), vaultReference, "Entering Vault Reference Number", [PageLoadTime]): utilities.SafeActions.safeType is PASSED&#xD;
&#xD;
2019-11-01 07:45:20 - [MESSAGE][PASSED] - Object 'Object Repository/Pages/FirstPayVault/input_VaultReferenceNumber' is present&#xD;
&#xD;
2019-11-01 07:45:20 - [MESSAGE][PASSED] - Scroll to object 'Object Repository/Pages/FirstPayVault/input_VaultReferenceNumber' successfully&#xD;
&#xD;
2019-11-01 07:45:20 - [MESSAGE][PASSED] - Object 'Object Repository/Pages/FirstPayVault/input_VaultReferenceNumber' is present&#xD;
&#xD;
2019-11-01 07:45:21 - [MESSAGE][PASSED] - Object: 'Object Repository/Pages/FirstPayVault/input_VaultReferenceNumber' is clicked on&#xD;
&#xD;
2019-11-01 07:45:21 - [MESSAGE][PASSED] - Text '2019-11-01 07:45:20.106' is set on object 'Object Repository/Pages/FirstPayVault/input_VaultReferenceNumber'&#xD;
&#xD;
2019-11-01 07:45:21 - [MESSAGE][PASSED] - utilities.SafeActions.safeType is PASSED&#xD;
&#xD;
2019-11-01 07:45:21 - [TEST_STEP][PASSED] - utilities.SafeActions.safeType(findTestObject("Pages/FirstPayVault/input_CreditCardNumber"), visaCardNumber, "Entering Card Number", [PageLoadTime]): utilities.SafeActions.safeType is PASSED&#xD;
&#xD;
2019-11-01 07:45:21 - [MESSAGE][PASSED] - Object 'Object Repository/Pages/FirstPayVault/input_CreditCardNumber' is present&#xD;
&#xD;
2019-11-01 07:45:22 - [MESSAGE][PASSED] - Scroll to object 'Object Repository/Pages/FirstPayVault/input_CreditCardNumber' successfully&#xD;
&#xD;
2019-11-01 07:45:22 - [MESSAGE][PASSED] - Object 'Object Repository/Pages/FirstPayVault/input_CreditCardNumber' is present&#xD;
&#xD;
2019-11-01 07:45:22 - [MESSAGE][PASSED] - Object: 'Object Repository/Pages/FirstPayVault/input_CreditCardNumber' is clicked on&#xD;
&#xD;
2019-11-01 07:45:23 - [MESSAGE][PASSED] - Text '4111111111111111' is set on object 'Object Repository/Pages/FirstPayVault/input_CreditCardNumber'&#xD;
&#xD;
2019-11-01 07:45:23 - [MESSAGE][PASSED] - utilities.SafeActions.safeType is PASSED&#xD;
&#xD;
2019-11-01 07:45:23 - [TEST_STEP][PASSED] - delay(2): Delayed 2 second(s)&#xD;
&#xD;
2019-11-01 07:45:25 - [MESSAGE][PASSED] - Delayed 2 second(s)&#xD;
&#xD;
2019-11-01 07:45:25 - [TEST_STEP][PASSED] - utilities.SafeActions.safeSelectOptionInDropDownByVisibleText(findTestObject("Pages/FirstPayVault/dropDown_ExpirationMonth"), cardMonth, "Expiration Month", [PageLoadTime]): utilities.SafeActions.safeSelectOptionInDropDownByVisibleText is PASSED&#xD;
&#xD;
2019-11-01 07:45:25 - [MESSAGE][PASSED] - Object 'Object Repository/Pages/FirstPayVault/dropDown_ExpirationMonth' is visible&#xD;
&#xD;
2019-11-01 07:45:25 - [MESSAGE][PASSED] - Object 'Object Repository/Pages/FirstPayVault/dropDown_ExpirationMonth' is present&#xD;
&#xD;
2019-11-01 07:45:26 - [MESSAGE][PASSED] - Object: 'Object Repository/Pages/FirstPayVault/dropDown_ExpirationMonth' is clicked on&#xD;
&#xD;
2019-11-01 07:45:26 - [MESSAGE][PASSED] - All options with label 'September' are selected in object 'Object Repository/Pages/FirstPayVault/dropDown_ExpirationMonth' &#xD;
&#xD;
2019-11-01 07:45:26 - [MESSAGE][PASSED] - utilities.SafeActions.safeSelectOptionInDropDownByVisibleText is PASSED&#xD;
&#xD;
2019-11-01 07:45:26 - [TEST_STEP][PASSED] - utilities.SafeActions.safeSelectOptionInDropDownByVisibleText(findTestObject("Pages/FirstPayVault/dropDown_ExpirationYear"), cardYear, "year", [PageLoadTime]): utilities.SafeActions.safeSelectOptionInDropDownByVisibleText is PASSED&#xD;
&#xD;
2019-11-01 07:45:26 - [MESSAGE][PASSED] - Object 'Object Repository/Pages/FirstPayVault/dropDown_ExpirationYear' is visible&#xD;
&#xD;
2019-11-01 07:45:26 - [MESSAGE][PASSED] - Object 'Object Repository/Pages/FirstPayVault/dropDown_ExpirationYear' is present&#xD;
&#xD;
2019-11-01 07:45:27 - [MESSAGE][PASSED] - Object: 'Object Repository/Pages/FirstPayVault/dropDown_ExpirationYear' is clicked on&#xD;
&#xD;
2019-11-01 07:45:27 - [MESSAGE][PASSED] - All options with label '2032' are selected in object 'Object Repository/Pages/FirstPayVault/dropDown_ExpirationYear' &#xD;
&#xD;
2019-11-01 07:45:27 - [MESSAGE][PASSED] - utilities.SafeActions.safeSelectOptionInDropDownByVisibleText is PASSED&#xD;
&#xD;
2019-11-01 07:45:27 - [TEST_STEP][PASSED] - delay(2): Delayed 2 second(s)&#xD;
&#xD;
2019-11-01 07:45:29 - [MESSAGE][PASSED] - Delayed 2 second(s)&#xD;
&#xD;
2019-11-01 07:45:29 - [TEST_STEP][PASSED] - utilities.SafeActions.safeType(findTestObject("Pages/FirstPayVault/input_ContactName"), customerName, "Enter Contact Name", [PageLoadTime]): utilities.SafeActions.safeType is PASSED&#xD;
&#xD;
2019-11-01 07:45:30 - [MESSAGE][PASSED] - Object 'Object Repository/Pages/FirstPayVault/input_ContactName' is present&#xD;
&#xD;
2019-11-01 07:45:30 - [MESSAGE][PASSED] - Scroll to object 'Object Repository/Pages/FirstPayVault/input_ContactName' successfully&#xD;
&#xD;
2019-11-01 07:45:30 - [MESSAGE][PASSED] - Object 'Object Repository/Pages/FirstPayVault/input_ContactName' is present&#xD;
&#xD;
2019-11-01 07:45:30 - [MESSAGE][PASSED] - Object: 'Object Repository/Pages/FirstPayVault/input_ContactName' is clicked on&#xD;
&#xD;
2019-11-01 07:45:31 - [MESSAGE][PASSED] - Text 'Venkata Sai' is set on object 'Object Repository/Pages/FirstPayVault/input_ContactName'&#xD;
&#xD;
2019-11-01 07:45:31 - [MESSAGE][PASSED] - utilities.SafeActions.safeType is PASSED&#xD;
&#xD;
2019-11-01 07:45:31 - [TEST_STEP][PASSED] - utilities.SafeActions.safeType(findTestObject("Pages/FirstPayVault/input_PostalCode"), postalCode, "Enter Postal Code", [PageLoadTime]): utilities.SafeActions.safeType is PASSED&#xD;
&#xD;
2019-11-01 07:45:31 - [MESSAGE][PASSED] - Object 'Object Repository/Pages/FirstPayVault/input_PostalCode' is present&#xD;
&#xD;
2019-11-01 07:45:31 - [MESSAGE][PASSED] - Scroll to object 'Object Repository/Pages/FirstPayVault/input_PostalCode' successfully&#xD;
&#xD;
2019-11-01 07:45:31 - [MESSAGE][PASSED] - Object 'Object Repository/Pages/FirstPayVault/input_PostalCode' is present&#xD;
&#xD;
2019-11-01 07:45:32 - [MESSAGE][PASSED] - Object: 'Object Repository/Pages/FirstPayVault/input_PostalCode' is clicked on&#xD;
&#xD;
2019-11-01 07:45:33 - [MESSAGE][PASSED] - Text '76102' is set on object 'Object Repository/Pages/FirstPayVault/input_PostalCode'&#xD;
&#xD;
2019-11-01 07:45:33 - [MESSAGE][PASSED] - utilities.SafeActions.safeType is PASSED&#xD;
&#xD;
2019-11-01 07:45:33 - [TEST_STEP][PASSED] - utilities.SafeActions.safeType(findTestObject("Pages/FirstPayVault/input_Address"), address, "Enter ddress", [PageLoadTime]): utilities.SafeActions.safeType is PASSED&#xD;
&#xD;
2019-11-01 07:45:33 - [MESSAGE][PASSED] - Object 'Object Repository/Pages/FirstPayVault/input_Address' is present&#xD;
&#xD;
2019-11-01 07:45:33 - [MESSAGE][PASSED] - Scroll to object 'Object Repository/Pages/FirstPayVault/input_Address' successfully&#xD;
&#xD;
2019-11-01 07:45:33 - [MESSAGE][PASSED] - Object 'Object Repository/Pages/FirstPayVault/input_Address' is present&#xD;
&#xD;
2019-11-01 07:45:34 - [MESSAGE][PASSED] - Object: 'Object Repository/Pages/FirstPayVault/input_Address' is clicked on&#xD;
&#xD;
2019-11-01 07:45:34 - [MESSAGE][PASSED] - Text 'Street123' is set on object 'Object Repository/Pages/FirstPayVault/input_Address'&#xD;
&#xD;
2019-11-01 07:45:34 - [MESSAGE][PASSED] - utilities.SafeActions.safeType is PASSED&#xD;
&#xD;
2019-11-01 07:45:34 - [TEST_STEP][PASSED] - utilities.SafeActions.safeCheckForElement(findTestObject("Pages/FirstPayVault/chekBox_AddShippingInformation"), PageLoadTime): utilities.SafeActions.safeCheckForElement is PASSED&#xD;
&#xD;
2019-11-01 07:45:34 - [MESSAGE][PASSED] - Object 'Object Repository/Pages/FirstPayVault/chekBox_AddShippingInformation' is present&#xD;
&#xD;
2019-11-01 07:45:35 - [MESSAGE][PASSED] - Object 'Object Repository/Pages/FirstPayVault/chekBox_AddShippingInformation' is visible&#xD;
&#xD;
2019-11-01 07:45:35 - [MESSAGE][PASSED] - Object 'Object Repository/Pages/FirstPayVault/chekBox_AddShippingInformation' is present&#xD;
&#xD;
2019-11-01 07:45:35 - [MESSAGE][PASSED] - Object 'Object Repository/Pages/FirstPayVault/chekBox_AddShippingInformation' is checked&#xD;
&#xD;
2019-11-01 07:45:35 - [MESSAGE][PASSED] - utilities.SafeActions.safeCheckForElement is PASSED&#xD;
&#xD;
2019-11-01 07:45:35 - [TEST_STEP][PASSED] - utilities.SafeActions.safeType(findTestObject("Pages/FirstPayVault/input_ShippingMethod"), shippingMethod, "Enter Shipping Method", [PageLoadTime]): utilities.SafeActions.safeType is PASSED&#xD;
&#xD;
2019-11-01 07:45:36 - [MESSAGE][PASSED] - Object 'Object Repository/Pages/FirstPayVault/input_ShippingMethod' is present&#xD;
&#xD;
2019-11-01 07:45:36 - [MESSAGE][PASSED] - Scroll to object 'Object Repository/Pages/FirstPayVault/input_ShippingMethod' successfully&#xD;
&#xD;
2019-11-01 07:45:36 - [MESSAGE][PASSED] - Object 'Object Repository/Pages/FirstPayVault/input_ShippingMethod' is present&#xD;
&#xD;
2019-11-01 07:45:36 - [MESSAGE][PASSED] - Object: 'Object Repository/Pages/FirstPayVault/input_ShippingMethod' is clicked on&#xD;
&#xD;
2019-11-01 07:45:37 - [MESSAGE][PASSED] - Text 'DTDC' is set on object 'Object Repository/Pages/FirstPayVault/input_ShippingMethod'&#xD;
&#xD;
2019-11-01 07:45:37 - [MESSAGE][PASSED] - utilities.SafeActions.safeType is PASSED&#xD;
&#xD;
2019-11-01 07:45:37 - [TEST_STEP][PASSED] - utilities.SafeActions.safeCheckForElement(findTestObject("Pages/FirstPayVault/checkbox_SameAsBillingInformation"), PageLoadTime): utilities.SafeActions.safeCheckForElement is PASSED&#xD;
&#xD;
2019-11-01 07:45:37 - [MESSAGE][PASSED] - Object 'Object Repository/Pages/FirstPayVault/checkbox_SameAsBillingInformation' is present&#xD;
&#xD;
2019-11-01 07:45:37 - [MESSAGE][PASSED] - Object 'Object Repository/Pages/FirstPayVault/checkbox_SameAsBillingInformation' is visible&#xD;
&#xD;
2019-11-01 07:45:37 - [MESSAGE][PASSED] - Object 'Object Repository/Pages/FirstPayVault/checkbox_SameAsBillingInformation' is present&#xD;
&#xD;
2019-11-01 07:45:38 - [MESSAGE][PASSED] - Object 'Object Repository/Pages/FirstPayVault/checkbox_SameAsBillingInformation' is checked&#xD;
&#xD;
2019-11-01 07:45:38 - [MESSAGE][PASSED] - utilities.SafeActions.safeCheckForElement is PASSED&#xD;
&#xD;
2019-11-01 07:45:38 - [TEST_STEP][PASSED] - utilities.SafeActions.safeClickwithScroll(findTestObject("Pages/FirstPayVault/button_Create"), "Click on Create Button", [PageLoadTime]): utilities.SafeActions.safeClickwithScroll is PASSED&#xD;
&#xD;
2019-11-01 07:45:38 - [MESSAGE][PASSED] - Object 'Object Repository/Pages/FirstPayVault/button_Create' is present&#xD;
&#xD;
2019-11-01 07:45:38 - [MESSAGE][PASSED] - Object 'Object Repository/Pages/FirstPayVault/button_Create' is visible&#xD;
&#xD;
2019-11-01 07:45:38 - [MESSAGE][INFO] - 1stPayVault_TestSuite.ts:waiting until Click on Create Button is Clickable&#xD;
&#xD;
2019-11-01 07:45:38 - [MESSAGE][PASSED] - Object 'Object Repository/Pages/FirstPayVault/button_Create' is clickable&#xD;
&#xD;
2019-11-01 07:45:38 - [MESSAGE][PASSED] - Object 'Object Repository/Pages/FirstPayVault/button_Create' is visible&#xD;
&#xD;
2019-11-01 07:45:39 - [MESSAGE][PASSED] - Object: 'Object Repository/Pages/FirstPayVault/button_Create' is clicked on&#xD;
&#xD;
2019-11-01 07:45:39 - [MESSAGE][INFO] - 1stPayVault_TestSuite.ts: Clicked on the Click on Create Button&#xD;
&#xD;
2019-11-01 07:45:39 - [MESSAGE][PASSED] - utilities.SafeActions.safeClickwithScroll is PASSED&#xD;
&#xD;
2019-11-01 07:45:39 - [TEST_STEP][PASSED] - delay(2): Delayed 2 second(s)&#xD;
&#xD;
2019-11-01 07:45:41 - [MESSAGE][PASSED] - Delayed 2 second(s)&#xD;
&#xD;
2019-11-01 07:45:41 - [TEST_STEP][PASSED] - popupSavedToVaultMessage = utilities.SafeActions.safeGetText(findTestObject("Pages/FirstPayVault/popup_SavedToVaultMessage"), PageLoadTime): utilities.SafeActions.safeGetText is PASSED&#xD;
&#xD;
2019-11-01 07:45:41 - [MESSAGE][PASSED] - Object 'Object Repository/Pages/FirstPayVault/popup_SavedToVaultMessage' is present&#xD;
&#xD;
2019-11-01 07:45:41 - [MESSAGE][PASSED] - Scroll to object 'Object Repository/Pages/FirstPayVault/popup_SavedToVaultMessage' successfully&#xD;
&#xD;
2019-11-01 07:45:41 - [MESSAGE][PASSED] - Object 'Object Repository/Pages/FirstPayVault/popup_SavedToVaultMessage' is present&#xD;
&#xD;
2019-11-01 07:45:42 - [MESSAGE][PASSED] - Text of object 'Object Repository/Pages/FirstPayVault/popup_SavedToVaultMessage' is: 'Successfully Saved to Vault'&#xD;
&#xD;
2019-11-01 07:45:42 - [MESSAGE][PASSED] - utilities.SafeActions.safeGetText is PASSED&#xD;
&#xD;
2019-11-01 07:45:42 - [TEST_STEP][PASSED] - flag = utilities.SafeActions.verifyPopupMessage("Successfully Saved to Vault", popupSavedToVaultMessage): Popup Message : Successfully Saved to Vault matched with expected message : Successfully Saved to Vault&#xD;
&#xD;
2019-11-01 07:45:42 - [MESSAGE][PASSED] - Popup Message : Successfully Saved to Vault matched with expected message : Successfully Saved to Vault&#xD;
&#xD;
2019-11-01 07:45:42 - [TEST_STEP][PASSED] - delay(2): Delayed 2 second(s)&#xD;
&#xD;
2019-11-01 07:45:44 - [MESSAGE][PASSED] - Delayed 2 second(s)&#xD;
&#xD;
2019-11-01 07:45:44 - [TEST_STEP][PASSED] - utilities.SafeActions.safeClickWithoutScroll(findTestObject("Pages/FirstPayVault/button_RunSaleWithThisVault_InPopup"), "Click on Run Sale With This Vault in Popup", [delayBetweenTestSteps]): utilities.SafeActions.safeClickWithoutScroll is PASSED&#xD;
&#xD;
2019-11-01 07:45:44 - [MESSAGE][INFO] - Safe Click Without scroll&#xD;
&#xD;
2019-11-01 07:45:44 - [MESSAGE][INFO] - 1stPayVault_TestSuite.ts:waiting until Click on Run Sale With This Vault in Popup is Clickable&#xD;
&#xD;
2019-11-01 07:45:44 - [MESSAGE][PASSED] - Object 'Object Repository/Pages/FirstPayVault/button_RunSaleWithThisVault_InPopup' is clickable&#xD;
&#xD;
2019-11-01 07:45:44 - [MESSAGE][PASSED] - Object 'Object Repository/Pages/FirstPayVault/button_RunSaleWithThisVault_InPopup' is visible&#xD;
&#xD;
2019-11-01 07:45:45 - [MESSAGE][PASSED] - Object: 'Object Repository/Pages/FirstPayVault/button_RunSaleWithThisVault_InPopup' is clicked on&#xD;
&#xD;
2019-11-01 07:45:45 - [MESSAGE][INFO] - 1stPayVault_TestSuite.ts: click on the Click on Run Sale With This Vault in Popup&#xD;
&#xD;
2019-11-01 07:45:45 - [MESSAGE][PASSED] - utilities.SafeActions.safeClickWithoutScroll is PASSED&#xD;
&#xD;
2019-11-01 07:45:45 - [TEST_STEP][PASSED] - delay(2): Delayed 2 second(s)&#xD;
&#xD;
2019-11-01 07:45:47 - [MESSAGE][PASSED] - Delayed 2 second(s)&#xD;
&#xD;
2019-11-01 07:45:47 - [TEST_STEP][PASSED] - value = utilities.SafeActions.getAttributeValue(findTestObject("Pages/FirstPayVault/tab_1stPayVault_Active"), "1st_PayVault"): The screen is 1st_PayVault screen&#xD;
&#xD;
2019-11-01 07:45:47 - [MESSAGE][PASSED] - Attribute 'class' of object 'Object Repository/Pages/FirstPayVault/tab_1stPayVault_Active' is: 'active_tab tabs__link'&#xD;
&#xD;
2019-11-01 07:45:47 - [MESSAGE][PASSED] - The screen is 1st_PayVault screen&#xD;
&#xD;
2019-11-01 07:45:47 - [TEST_STEP][PASSED] - scrollToElement(findTestObject("Pages/FirstPayVault/input_Amount"), PageLoadTime): Scroll to object 'Object Repository/Pages/FirstPayVault/input_Amount' successfully&#xD;
&#xD;
2019-11-01 07:45:47 - [MESSAGE][PASSED] - Scroll to object 'Object Repository/Pages/FirstPayVault/input_Amount' successfully&#xD;
&#xD;
2019-11-01 07:45:47 - [TEST_STEP][PASSED] - utilities.SafeActions.safeType(findTestObject("Pages/FirstPayVault/input_Amount"), amount, "Enter Amount", [PageLoadTime]): utilities.SafeActions.safeType is PASSED&#xD;
&#xD;
2019-11-01 07:45:47 - [MESSAGE][PASSED] - Object 'Object Repository/Pages/FirstPayVault/input_Amount' is present&#xD;
&#xD;
2019-11-01 07:45:47 - [MESSAGE][PASSED] - Scroll to object 'Object Repository/Pages/FirstPayVault/input_Amount' successfully&#xD;
&#xD;
2019-11-01 07:45:47 - [MESSAGE][PASSED] - Object 'Object Repository/Pages/FirstPayVault/input_Amount' is present&#xD;
&#xD;
2019-11-01 07:45:48 - [MESSAGE][PASSED] - Object: 'Object Repository/Pages/FirstPayVault/input_Amount' is clicked on&#xD;
&#xD;
2019-11-01 07:45:48 - [MESSAGE][PASSED] - Text '450' is set on object 'Object Repository/Pages/FirstPayVault/input_Amount'&#xD;
&#xD;
2019-11-01 07:45:48 - [MESSAGE][PASSED] - utilities.SafeActions.safeType is PASSED&#xD;
&#xD;
2019-11-01 07:45:48 - [TEST_STEP][PASSED] - salesTax = utilities.SafeActions.safeGetText(findTestObject("Pages/FirstPayVault/input_SalesTaxUnderAmount"), delayBetweenTestSteps): utilities.SafeActions.safeGetText is PASSED&#xD;
&#xD;
2019-11-01 07:45:49 - [MESSAGE][PASSED] - Object 'Object Repository/Pages/FirstPayVault/input_SalesTaxUnderAmount' is present&#xD;
&#xD;
2019-11-01 07:45:49 - [MESSAGE][PASSED] - Scroll to object 'Object Repository/Pages/FirstPayVault/input_SalesTaxUnderAmount' successfully&#xD;
&#xD;
2019-11-01 07:45:49 - [MESSAGE][PASSED] - Object 'Object Repository/Pages/FirstPayVault/input_SalesTaxUnderAmount' is present&#xD;
&#xD;
2019-11-01 07:45:49 - [MESSAGE][PASSED] - Text of object 'Object Repository/Pages/FirstPayVault/input_SalesTaxUnderAmount' is: '$37.13'&#xD;
&#xD;
2019-11-01 07:45:49 - [MESSAGE][PASSED] - utilities.SafeActions.safeGetText is PASSED&#xD;
&#xD;
2019-11-01 07:45:49 - [TEST_STEP][PASSED] - pages.FirstPayVault.verifyAmountIsNotZero(salesTax): pages.FirstPayVault.verifyAmountIsNotZero is PASSED&#xD;
&#xD;
2019-11-01 07:45:49 - [MESSAGE][PASSED] - pages.FirstPayVault.verifyAmountIsNotZero is PASSED&#xD;
&#xD;
2019-11-01 07:45:49 - [TEST_STEP][PASSED] - scrollToElement(findTestObject("Pages/FirstPayVault/input_CreditCardNumberForVerification"), delayBetweenTestSteps): Scroll to object 'Object Repository/Pages/FirstPayVault/input_CreditCardNumberForVerification' successfully&#xD;
&#xD;
2019-11-01 07:45:50 - [MESSAGE][PASSED] - Scroll to object 'Object Repository/Pages/FirstPayVault/input_CreditCardNumberForVerification' successfully&#xD;
&#xD;
2019-11-01 07:45:50 - [TEST_STEP][PASSED] - cardNumber = utilities.SafeActions.getAttribute(findTestObject("Pages/FirstPayVault/input_CreditCardNumberForVerification"), "1st Pay Vault"): utilities.SafeActions.getAttribute is PASSED&#xD;
&#xD;
2019-11-01 07:45:50 - [MESSAGE][PASSED] - Attribute 'value' of object 'Object Repository/Pages/FirstPayVault/input_CreditCardNumberForVerification' is: '411111******1111'&#xD;
&#xD;
2019-11-01 07:45:50 - [MESSAGE][PASSED] - utilities.SafeActions.getAttribute is PASSED&#xD;
&#xD;
2019-11-01 07:45:50 - [TEST_STEP][PASSED] - pages.FirstPayVault.verifyCardNumber(cardNumber, visaCardNumber): Actual String : 4111111111111111 matched with Expected message : 411111******1111&#xD;
&#xD;
2019-11-01 07:45:50 - [MESSAGE][PASSED] - Actual String : 4111111111111111 matched with Expected message : 411111******1111&#xD;
&#xD;
2019-11-01 07:45:50 - [TEST_STEP][PASSED] - expirationYear = utilities.SafeActions.getAttribute(findTestObject("Pages/FirstPayVault/dropDownExpirationYearForVerification"), "1st Pay Vault"): utilities.SafeActions.getAttribute is PASSED&#xD;
&#xD;
2019-11-01 07:45:50 - [MESSAGE][PASSED] - Attribute 'value' of object 'Object Repository/Pages/FirstPayVault/dropDownExpirationYearForVerification' is: '2032'&#xD;
&#xD;
2019-11-01 07:45:50 - [MESSAGE][PASSED] - utilities.SafeActions.getAttribute is PASSED&#xD;
&#xD;
2019-11-01 07:45:50 - [TEST_STEP][PASSED] - pages.FirstPayVault.verifyStrings(expirationYear, cardYear): Actual String : 2032 matched with Expected message : 2032&#xD;
&#xD;
2019-11-01 07:45:50 - [MESSAGE][PASSED] - Actual String : 2032 matched with Expected message : 2032&#xD;
&#xD;
2019-11-01 07:45:50 - [TEST_STEP][PASSED] - scrollToElement(findTestObject("Pages/FirstPayVault/input_VerifyCardHolderName"), PageLoadTime): Scroll to object 'Object Repository/Pages/FirstPayVault/input_VerifyCardHolderName' successfully&#xD;
&#xD;
2019-11-01 07:45:50 - [MESSAGE][PASSED] - Scroll to object 'Object Repository/Pages/FirstPayVault/input_VerifyCardHolderName' successfully&#xD;
&#xD;
2019-11-01 07:45:50 - [TEST_STEP][PASSED] - name = utilities.SafeActions.getAttribute(findTestObject("Pages/FirstPayVault/input_VerifyCardHolderName"), "1stPayVault"): utilities.SafeActions.getAttribute is PASSED&#xD;
&#xD;
2019-11-01 07:45:50 - [MESSAGE][PASSED] - Attribute 'value' of object 'Object Repository/Pages/FirstPayVault/input_VerifyCardHolderName' is: 'Venkata Sai'&#xD;
&#xD;
2019-11-01 07:45:50 - [MESSAGE][PASSED] - utilities.SafeActions.getAttribute is PASSED&#xD;
&#xD;
2019-11-01 07:45:50 - [TEST_STEP][PASSED] - pages.FirstPayVault.verifyStrings(name, customerName): Actual String : Venkata Sai matched with Expected message : Venkata Sai&#xD;
&#xD;
2019-11-01 07:45:50 - [MESSAGE][PASSED] - Actual String : Venkata Sai matched with Expected message : Venkata Sai&#xD;
&#xD;
2019-11-01 07:45:50 - [TEST_STEP][PASSED] - scrollToElement(findTestObject("Pages/FirstPayVault/checkbox_TaxExempt"), PageLoadTime): Scroll to object 'Object Repository/Pages/FirstPayVault/checkbox_TaxExempt' successfully&#xD;
&#xD;
2019-11-01 07:45:50 - [MESSAGE][PASSED] - Scroll to object 'Object Repository/Pages/FirstPayVault/checkbox_TaxExempt' successfully&#xD;
&#xD;
2019-11-01 07:45:50 - [TEST_STEP][PASSED] - pages.FirstPayVault.verifyAmountIsNotZero(salesTax): pages.FirstPayVault.verifyAmountIsNotZero is PASSED&#xD;
&#xD;
2019-11-01 07:45:50 - [MESSAGE][PASSED] - pages.FirstPayVault.verifyAmountIsNotZero is PASSED&#xD;
&#xD;
2019-11-01 07:45:50 - [TEST_STEP][PASSED] - utilities.SafeActions.safeCheckForElement(findTestObject("Pages/FirstPayVault/checkbox_TaxExempt"), PageLoadTime): utilities.SafeActions.safeCheckForElement is PASSED&#xD;
&#xD;
2019-11-01 07:45:51 - [MESSAGE][PASSED] - Object 'Object Repository/Pages/FirstPayVault/checkbox_TaxExempt' is present&#xD;
&#xD;
2019-11-01 07:45:51 - [MESSAGE][PASSED] - Object 'Object Repository/Pages/FirstPayVault/checkbox_TaxExempt' is visible&#xD;
&#xD;
2019-11-01 07:45:51 - [MESSAGE][PASSED] - Object 'Object Repository/Pages/FirstPayVault/checkbox_TaxExempt' is present&#xD;
&#xD;
2019-11-01 07:45:51 - [MESSAGE][PASSED] - Object 'Object Repository/Pages/FirstPayVault/checkbox_TaxExempt' is checked&#xD;
&#xD;
2019-11-01 07:45:51 - [MESSAGE][PASSED] - utilities.SafeActions.safeCheckForElement is PASSED&#xD;
&#xD;
2019-11-01 07:45:51 - [TEST_STEP][PASSED] - utilities.SafeActions.safeClickwithScroll(findTestObject("Pages/FirstPayVault/button_Checkout"), "Click on Checkout", [PageLoadTime]): utilities.SafeActions.safeClickwithScroll is PASSED&#xD;
&#xD;
2019-11-01 07:45:52 - [MESSAGE][PASSED] - Object 'Object Repository/Pages/FirstPayVault/button_Checkout' is present&#xD;
&#xD;
2019-11-01 07:45:52 - [MESSAGE][PASSED] - Object 'Object Repository/Pages/FirstPayVault/button_Checkout' is visible&#xD;
&#xD;
2019-11-01 07:45:52 - [MESSAGE][INFO] - 1stPayVault_TestSuite.ts:waiting until Click on Checkout is Clickable&#xD;
&#xD;
2019-11-01 07:45:52 - [MESSAGE][PASSED] - Object 'Object Repository/Pages/FirstPayVault/button_Checkout' is clickable&#xD;
&#xD;
2019-11-01 07:45:52 - [MESSAGE][PASSED] - Object 'Object Repository/Pages/FirstPayVault/button_Checkout' is visible&#xD;
&#xD;
2019-11-01 07:45:53 - [MESSAGE][PASSED] - Object: 'Object Repository/Pages/FirstPayVault/button_Checkout' is clicked on&#xD;
&#xD;
2019-11-01 07:45:53 - [MESSAGE][INFO] - 1stPayVault_TestSuite.ts: Clicked on the Click on Checkout&#xD;
&#xD;
2019-11-01 07:45:53 - [MESSAGE][PASSED] - utilities.SafeActions.safeClickwithScroll is PASSED&#xD;
&#xD;
2019-11-01 07:45:53 - [TEST_STEP][PASSED] - pages.Sale.verifyTransactionCompletePage(findTestObject("Pages/Sale/heading_TransactionComplete")): The screen is Transaction Complete screen&#xD;
&#xD;
2019-11-01 07:45:53 - [MESSAGE][PASSED] - Object 'Object Repository/Pages/Sale/heading_TransactionComplete' is present&#xD;
&#xD;
2019-11-01 07:45:54 - [MESSAGE][PASSED] - The screen is Transaction Complete screen&#xD;
&#xD;
2019-11-01 07:45:54 - [TEST_STEP][PASSED] - delay(2): Delayed 2 second(s)&#xD;
&#xD;
2019-11-01 07:45:56 - [MESSAGE][PASSED] - Delayed 2 second(s)&#xD;
&#xD;
2019-11-01 07:45:56 - [TEST_STEP][PASSED] - utilities.SafeActions.safeClickWithoutScroll(findTestObject("Pages/FirstPayVault/button_ReturnToSale_InTransactionComplete"), "Click On Return Button", [PageLoadTime]): utilities.SafeActions.safeClickWithoutScroll is PASSED&#xD;
&#xD;
2019-11-01 07:45:56 - [MESSAGE][INFO] - Safe Click Without scroll&#xD;
&#xD;
2019-11-01 07:45:56 - [MESSAGE][INFO] - 1stPayVault_TestSuite.ts:waiting until Click On Return Button is Clickable&#xD;
&#xD;
2019-11-01 07:45:56 - [MESSAGE][PASSED] - Object 'Object Repository/Pages/FirstPayVault/button_ReturnToSale_InTransactionComplete' is clickable&#xD;
&#xD;
2019-11-01 07:45:56 - [MESSAGE][PASSED] - Object 'Object Repository/Pages/FirstPayVault/button_ReturnToSale_InTransactionComplete' is visible&#xD;
&#xD;
2019-11-01 07:45:57 - [MESSAGE][PASSED] - Object: 'Object Repository/Pages/FirstPayVault/button_ReturnToSale_InTransactionComplete' is clicked on&#xD;
&#xD;
2019-11-01 07:45:57 - [MESSAGE][INFO] - 1stPayVault_TestSuite.ts: click on the Click On Return Button&#xD;
&#xD;
2019-11-01 07:45:57 - [MESSAGE][PASSED] - utilities.SafeActions.safeClickWithoutScroll is PASSED&#xD;
&#xD;
2019-11-01 07:45:57 - [TEST_STEP][PASSED] - utilities.SafeActions.safeClickWithoutScroll(findTestObject("Pages/FirstPayVault/tab_FirstPayVault"), "Click on FirstPayVault tab", [PageLoadTime]): utilities.SafeActions.safeClickWithoutScroll is PASSED&#xD;
&#xD;
2019-11-01 07:45:57 - [MESSAGE][INFO] - Safe Click Without scroll&#xD;
&#xD;
2019-11-01 07:45:57 - [MESSAGE][INFO] - 1stPayVault_TestSuite.ts:waiting until Click on FirstPayVault tab is Clickable&#xD;
&#xD;
2019-11-01 07:45:57 - [MESSAGE][PASSED] - Object 'Object Repository/Pages/FirstPayVault/tab_FirstPayVault' is clickable&#xD;
&#xD;
2019-11-01 07:45:58 - [MESSAGE][PASSED] - Object 'Object Repository/Pages/FirstPayVault/tab_FirstPayVault' is visible&#xD;
&#xD;
2019-11-01 07:45:58 - [MESSAGE][PASSED] - Object: 'Object Repository/Pages/FirstPayVault/tab_FirstPayVault' is clicked on&#xD;
&#xD;
2019-11-01 07:45:58 - [MESSAGE][INFO] - 1stPayVault_TestSuite.ts: click on the Click on FirstPayVault tab&#xD;
&#xD;
2019-11-01 07:45:58 - [MESSAGE][PASSED] - utilities.SafeActions.safeClickWithoutScroll is PASSED&#xD;
&#xD;
2019-11-01 07:45:58 - [TEST_STEP][PASSED] - utilities.SafeActions.safeClickwithScroll(findTestObject("Pages/FirstPayVault/button_SearchVault"), "Click on Search Vault", [PageLoadTime]): utilities.SafeActions.safeClickwithScroll is PASSED&#xD;
&#xD;
2019-11-01 07:45:59 - [MESSAGE][PASSED] - Object 'Object Repository/Pages/FirstPayVault/button_SearchVault' is present&#xD;
&#xD;
2019-11-01 07:45:59 - [MESSAGE][PASSED] - Object 'Object Repository/Pages/FirstPayVault/button_SearchVault' is visible&#xD;
&#xD;
2019-11-01 07:45:59 - [MESSAGE][INFO] - 1stPayVault_TestSuite.ts:waiting until Click on Search Vault is Clickable&#xD;
&#xD;
2019-11-01 07:45:59 - [MESSAGE][PASSED] - Object 'Object Repository/Pages/FirstPayVault/button_SearchVault' is clickable&#xD;
&#xD;
2019-11-01 07:45:59 - [MESSAGE][PASSED] - Object 'Object Repository/Pages/FirstPayVault/button_SearchVault' is visible&#xD;
&#xD;
2019-11-01 07:46:00 - [MESSAGE][PASSED] - Object: 'Object Repository/Pages/FirstPayVault/button_SearchVault' is clicked on&#xD;
&#xD;
2019-11-01 07:46:00 - [MESSAGE][INFO] - 1stPayVault_TestSuite.ts: Clicked on the Click on Search Vault&#xD;
&#xD;
2019-11-01 07:46:00 - [MESSAGE][PASSED] - utilities.SafeActions.safeClickwithScroll is PASSED&#xD;
&#xD;
2019-11-01 07:46:00 - [TEST_STEP][PASSED] - utilities.SafeActions.safeClickWithoutScroll(findTestObject("Pages/FirstPayVault/button_Search"), "Click On Search button", [PageLoadTime]): utilities.SafeActions.safeClickWithoutScroll is PASSED&#xD;
&#xD;
2019-11-01 07:46:00 - [MESSAGE][INFO] - Safe Click Without scroll&#xD;
&#xD;
2019-11-01 07:46:00 - [MESSAGE][INFO] - 1stPayVault_TestSuite.ts:waiting until Click On Search button is Clickable&#xD;
&#xD;
2019-11-01 07:46:00 - [MESSAGE][PASSED] - Object 'Object Repository/Pages/FirstPayVault/button_Search' is clickable&#xD;
&#xD;
2019-11-01 07:46:00 - [MESSAGE][PASSED] - Object 'Object Repository/Pages/FirstPayVault/button_Search' is visible&#xD;
&#xD;
2019-11-01 07:46:01 - [MESSAGE][PASSED] - Object: 'Object Repository/Pages/FirstPayVault/button_Search' is clicked on&#xD;
&#xD;
2019-11-01 07:46:01 - [MESSAGE][INFO] - 1stPayVault_TestSuite.ts: click on the Click On Search button&#xD;
&#xD;
2019-11-01 07:46:01 - [MESSAGE][PASSED] - utilities.SafeActions.safeClickWithoutScroll is PASSED&#xD;
&#xD;
2019-11-01 07:46:01 - [TEST_STEP][PASSED] - scrollToElement(findTestObject("Pages/Transaction_Management/invoice_ForTransaction"), PageLoadTime): Scroll to object 'Object Repository/Pages/Transaction_Management/invoice_ForTransaction' successfully&#xD;
&#xD;
2019-11-01 07:46:04 - [MESSAGE][PASSED] - Scroll to object 'Object Repository/Pages/Transaction_Management/invoice_ForTransaction' successfully&#xD;
&#xD;
2019-11-01 07:46:04 - [TEST_STEP][PASSED] - pages.FirstPayVault.verifyInvoiceRecord(findTestObject("Pages/FirstPayVault/footer_NextButton"), findTestObject("Pages/FirstPayVault/page_Number"), vaultReference): The Vault is found in page 1&#xD;
&#xD;
2019-11-01 07:46:04 - [MESSAGE][PASSED] - Text of object 'Object Repository/Pages/FirstPayVault/page_Number' is: 'Page 1 of 38'&#xD;
&#xD;
2019-11-01 07:46:05 - [MESSAGE][PASSED] - The Vault is found in page 1&#xD;
&#xD;
2019-11-01 07:46:05 - [TEST_STEP][PASSED] - delay(2): Delayed 2 second(s)&#xD;
&#xD;
2019-11-01 07:46:07 - [MESSAGE][PASSED] - Delayed 2 second(s)&#xD;
&#xD;
2019-11-01 07:46:07 - [TEST_STEP][PASSED] - pages.FirstPayVault.clickOnMakeAPayment(findTestObject("Pages/FirstPayVault/footer_NextButton"), findTestObject("Pages/FirstPayVault/page_Number"), vaultReference): Delayed 6 second(s)&#xD;
&#xD;
2019-11-01 07:46:08 - [MESSAGE][PASSED] - Text of object 'Object Repository/Pages/FirstPayVault/page_Number' is: 'Page 1 of 38'&#xD;
&#xD;
2019-11-01 07:46:08 - [MESSAGE][PASSED] - The Vault is found in page 1&#xD;
&#xD;
2019-11-01 07:46:14 - [MESSAGE][PASSED] - Delayed 6 second(s)&#xD;
&#xD;
2019-11-01 07:46:15 - [TEST_STEP][PASSED] - scrollToElement(findTestObject("Pages/FirstPayVault/input_Amount"), delayBetweenTestSteps): Scroll to object 'Object Repository/Pages/FirstPayVault/input_Amount' successfully&#xD;
&#xD;
2019-11-01 07:46:15 - [MESSAGE][PASSED] - Scroll to object 'Object Repository/Pages/FirstPayVault/input_Amount' successfully&#xD;
&#xD;
2019-11-01 07:46:15 - [TEST_STEP][PASSED] - utilities.SafeActions.safeType(findTestObject("Pages/FirstPayVault/input_Amount"), amount, "Enter Amount", [PageLoadTime]): utilities.SafeActions.safeType is PASSED&#xD;
&#xD;
2019-11-01 07:46:15 - [MESSAGE][PASSED] - Object 'Object Repository/Pages/FirstPayVault/input_Amount' is present&#xD;
&#xD;
2019-11-01 07:46:15 - [MESSAGE][PASSED] - Scroll to object 'Object Repository/Pages/FirstPayVault/input_Amount' successfully&#xD;
&#xD;
2019-11-01 07:46:15 - [MESSAGE][PASSED] - Object 'Object Repository/Pages/FirstPayVault/input_Amount' is present&#xD;
&#xD;
2019-11-01 07:46:16 - [MESSAGE][PASSED] - Object: 'Object Repository/Pages/FirstPayVault/input_Amount' is clicked on&#xD;
&#xD;
2019-11-01 07:46:16 - [MESSAGE][PASSED] - Text '450' is set on object 'Object Repository/Pages/FirstPayVault/input_Amount'&#xD;
&#xD;
2019-11-01 07:46:16 - [MESSAGE][PASSED] - utilities.SafeActions.safeType is PASSED&#xD;
&#xD;
2019-11-01 07:46:16 - [TEST_STEP][PASSED] - scrollToElement(findTestObject("Pages/FirstPayVault/checkBox_SetAsFuturePayment"), delayBetweenTestSteps): Scroll to object 'Object Repository/Pages/FirstPayVault/checkBox_SetAsFuturePayment' successfully&#xD;
&#xD;
2019-11-01 07:46:17 - [MESSAGE][PASSED] - Scroll to object 'Object Repository/Pages/FirstPayVault/checkBox_SetAsFuturePayment' successfully&#xD;
&#xD;
2019-11-01 07:46:17 - [TEST_STEP][PASSED] - utilities.SafeActions.safeCheckForElement(findTestObject("Pages/FirstPayVault/checkBox_SetAsFuturePayment"), delayBetweenTestSteps): utilities.SafeActions.safeCheckForElement is PASSED&#xD;
&#xD;
2019-11-01 07:46:17 - [MESSAGE][PASSED] - Object 'Object Repository/Pages/FirstPayVault/checkBox_SetAsFuturePayment' is present&#xD;
&#xD;
2019-11-01 07:46:17 - [MESSAGE][PASSED] - Object 'Object Repository/Pages/FirstPayVault/checkBox_SetAsFuturePayment' is visible&#xD;
&#xD;
2019-11-01 07:46:17 - [MESSAGE][PASSED] - Object 'Object Repository/Pages/FirstPayVault/checkBox_SetAsFuturePayment' is present&#xD;
&#xD;
2019-11-01 07:46:18 - [MESSAGE][PASSED] - Object 'Object Repository/Pages/FirstPayVault/checkBox_SetAsFuturePayment' is checked&#xD;
&#xD;
2019-11-01 07:46:18 - [MESSAGE][PASSED] - utilities.SafeActions.safeCheckForElement is PASSED&#xD;
&#xD;
2019-11-01 07:46:18 - [TEST_STEP][PASSED] - utilities.SafeActions.safeClickWithoutScroll(findTestObject("Pages/FirstPayVault/date_FuturePayment"), "Click on FuturePayment Date", [delayForElement]): utilities.SafeActions.safeClickWithoutScroll is PASSED&#xD;
&#xD;
2019-11-01 07:46:18 - [MESSAGE][INFO] - Safe Click Without scroll&#xD;
&#xD;
2019-11-01 07:46:18 - [MESSAGE][INFO] - 1stPayVault_TestSuite.ts:waiting until Click on FuturePayment Date is Clickable&#xD;
&#xD;
2019-11-01 07:46:18 - [MESSAGE][PASSED] - Object 'Object Repository/Pages/FirstPayVault/date_FuturePayment' is clickable&#xD;
&#xD;
2019-11-01 07:46:18 - [MESSAGE][PASSED] - Object 'Object Repository/Pages/FirstPayVault/date_FuturePayment' is visible&#xD;
&#xD;
2019-11-01 07:46:19 - [MESSAGE][PASSED] - Object: 'Object Repository/Pages/FirstPayVault/date_FuturePayment' is clicked on&#xD;
&#xD;
2019-11-01 07:46:19 - [MESSAGE][INFO] - 1stPayVault_TestSuite.ts: click on the Click on FuturePayment Date&#xD;
&#xD;
2019-11-01 07:46:19 - [MESSAGE][PASSED] - utilities.SafeActions.safeClickWithoutScroll is PASSED&#xD;
&#xD;
2019-11-01 07:46:19 - [TEST_STEP][PASSED] - pages.Sale.selectMonthYear(findTestObject("Pages/Sale/link_MonthYear"), findTestObject("Pages/Sale/calender_NextButton"), cardMonth, cardYear): pages.Sale.selectMonthYear is PASSED&#xD;
&#xD;
2019-11-01 07:46:19 - [MESSAGE][PASSED] - Text of object 'Object Repository/Pages/Sale/link_MonthYear' is: 'November 2019'&#xD;
&#xD;
2019-11-01 07:46:19 - [MESSAGE][PASSED] - Object: 'Object Repository/Pages/Sale/calender_NextButton' is clicked on&#xD;
&#xD;
2019-11-01 07:46:19 - [MESSAGE][PASSED] - Text of object 'Object Repository/Pages/Sale/link_MonthYear' is: 'December 2019'&#xD;
&#xD;
2019-11-01 07:46:19 - [MESSAGE][PASSED] - Object: 'Object Repository/Pages/Sale/calender_NextButton' is clicked on&#xD;
&#xD;
2019-11-01 07:46:19 - [MESSAGE][PASSED] - Text of object 'Object Repository/Pages/Sale/link_MonthYear' is: 'January 2020'&#xD;
&#xD;
2019-11-01 07:46:19 - [MESSAGE][PASSED] - Object: 'Object Repository/Pages/Sale/calender_NextButton' is clicked on&#xD;
&#xD;
2019-11-01 07:46:19 - [MESSAGE][PASSED] - Text of object 'Object Repository/Pages/Sale/link_MonthYear' is: 'February 2020'&#xD;
&#xD;
2019-11-01 07:46:19 - [MESSAGE][PASSED] - Object: 'Object Repository/Pages/Sale/calender_NextButton' is clicked on&#xD;
&#xD;
2019-11-01 07:46:19 - [MESSAGE][PASSED] - Text of object 'Object Repository/Pages/Sale/link_MonthYear' is: 'March 2020'&#xD;
&#xD;
2019-11-01 07:46:20 - [MESSAGE][PASSED] - Object: 'Object Repository/Pages/Sale/calender_NextButton' is clicked on&#xD;
&#xD;
2019-11-01 07:46:20 - [MESSAGE][PASSED] - Text of object 'Object Repository/Pages/Sale/link_MonthYear' is: 'April 2020'&#xD;
&#xD;
2019-11-01 07:46:20 - [MESSAGE][PASSED] - Object: 'Object Repository/Pages/Sale/calender_NextButton' is clicked on&#xD;
&#xD;
2019-11-01 07:46:20 - [MESSAGE][PASSED] - Text of object 'Object Repository/Pages/Sale/link_MonthYear' is: 'May 2020'&#xD;
&#xD;
2019-11-01 07:46:20 - [MESSAGE][PASSED] - Object: 'Object Repository/Pages/Sale/calender_NextButton' is clicked on&#xD;
&#xD;
2019-11-01 07:46:20 - [MESSAGE][PASSED] - Text of object 'Object Repository/Pages/Sale/link_MonthYear' is: 'June 2020'&#xD;
&#xD;
2019-11-01 07:46:20 - [MESSAGE][PASSED] - Object: 'Object Repository/Pages/Sale/calender_NextButton' is clicked on&#xD;
&#xD;
2019-11-01 07:46:21 - [MESSAGE][PASSED] - Text of object 'Object Repository/Pages/Sale/link_MonthYear' is: 'July 2020'&#xD;
&#xD;
2019-11-01 07:46:21 - [MESSAGE][PASSED] - Object: 'Object Repository/Pages/Sale/calender_NextButton' is clicked on&#xD;
&#xD;
2019-11-01 07:46:21 - [MESSAGE][PASSED] - Text of object 'Object Repository/Pages/Sale/link_MonthYear' is: 'August 2020'&#xD;
&#xD;
2019-11-01 07:46:21 - [MESSAGE][PASSED] - Object: 'Object Repository/Pages/Sale/calender_NextButton' is clicked on&#xD;
&#xD;
2019-11-01 07:46:21 - [MESSAGE][PASSED] - Text of object 'Object Repository/Pages/Sale/link_MonthYear' is: 'September 2020'&#xD;
&#xD;
2019-11-01 07:46:21 - [MESSAGE][PASSED] - Object: 'Object Repository/Pages/Sale/calender_NextButton' is clicked on&#xD;
&#xD;
2019-11-01 07:46:21 - [MESSAGE][PASSED] - Text of object 'Object Repository/Pages/Sale/link_MonthYear' is: 'October 2020'&#xD;
&#xD;
2019-11-01 07:46:21 - [MESSAGE][PASSED] - Object: 'Object Repository/Pages/Sale/calender_NextButton' is clicked on&#xD;
&#xD;
2019-11-01 07:46:21 - [MESSAGE][PASSED] - Text of object 'Object Repository/Pages/Sale/link_MonthYear' is: 'November 2020'&#xD;
&#xD;
2019-11-01 07:46:21 - [MESSAGE][PASSED] - Object: 'Object Repository/Pages/Sale/calender_NextButton' is clicked on&#xD;
&#xD;
2019-11-01 07:46:21 - [MESSAGE][PASSED] - Text of object 'Object Repository/Pages/Sale/link_MonthYear' is: 'December 2020'&#xD;
&#xD;
2019-11-01 07:46:21 - [MESSAGE][PASSED] - Object: 'Object Repository/Pages/Sale/calender_NextButton' is clicked on&#xD;
&#xD;
2019-11-01 07:46:21 - [MESSAGE][PASSED] - Text of object 'Object Repository/Pages/Sale/link_MonthYear' is: 'January 2021'&#xD;
&#xD;
2019-11-01 07:46:21 - [MESSAGE][PASSED] - Object: 'Object Repository/Pages/Sale/calender_NextButton' is clicked on&#xD;
&#xD;
2019-11-01 07:46:22 - [MESSAGE][PASSED] - Text of object 'Object Repository/Pages/Sale/link_MonthYear' is: 'February 2021'&#xD;
&#xD;
2019-11-01 07:46:22 - [MESSAGE][PASSED] - Object: 'Object Repository/Pages/Sale/calender_NextButton' is clicked on&#xD;
&#xD;
2019-11-01 07:46:22 - [MESSAGE][PASSED] - Text of object 'Object Repository/Pages/Sale/link_MonthYear' is: 'March 2021'&#xD;
&#xD;
2019-11-01 07:46:22 - [MESSAGE][PASSED] - Object: 'Object Repository/Pages/Sale/calender_NextButton' is clicked on&#xD;
&#xD;
2019-11-01 07:46:22 - [MESSAGE][PASSED] - Text of object 'Object Repository/Pages/Sale/link_MonthYear' is: 'April 2021'&#xD;
&#xD;
2019-11-01 07:46:22 - [MESSAGE][PASSED] - Object: 'Object Repository/Pages/Sale/calender_NextButton' is clicked on&#xD;
&#xD;
2019-11-01 07:46:22 - [MESSAGE][PASSED] - Text of object 'Object Repository/Pages/Sale/link_MonthYear' is: 'May 2021'&#xD;
&#xD;
2019-11-01 07:46:22 - [MESSAGE][PASSED] - Object: 'Object Repository/Pages/Sale/calender_NextButton' is clicked on&#xD;
&#xD;
2019-11-01 07:46:22 - [MESSAGE][PASSED] - Text of object 'Object Repository/Pages/Sale/link_MonthYear' is: 'June 2021'&#xD;
&#xD;
2019-11-01 07:46:22 - [MESSAGE][PASSED] - Object: 'Object Repository/Pages/Sale/calender_NextButton' is clicked on&#xD;
&#xD;
2019-11-01 07:46:22 - [MESSAGE][PASSED] - Text of object 'Object Repository/Pages/Sale/link_MonthYear' is: 'July 2021'&#xD;
&#xD;
2019-11-01 07:46:22 - [MESSAGE][PASSED] - Object: 'Object Repository/Pages/Sale/calender_NextButton' is clicked on&#xD;
&#xD;
2019-11-01 07:46:23 - [MESSAGE][PASSED] - Text of object 'Object Repository/Pages/Sale/link_MonthYear' is: 'August 2021'&#xD;
&#xD;
2019-11-01 07:46:23 - [MESSAGE][PASSED] - Object: 'Object Repository/Pages/Sale/calender_NextButton' is clicked on&#xD;
&#xD;
2019-11-01 07:46:23 - [MESSAGE][PASSED] - Text of object 'Object Repository/Pages/Sale/link_MonthYear' is: 'September 2021'&#xD;
&#xD;
2019-11-01 07:46:23 - [MESSAGE][PASSED] - Object: 'Object Repository/Pages/Sale/calender_NextButton' is clicked on&#xD;
&#xD;
2019-11-01 07:46:23 - [MESSAGE][PASSED] - Text of object 'Object Repository/Pages/Sale/link_MonthYear' is: 'October 2021'&#xD;
&#xD;
2019-11-01 07:46:23 - [MESSAGE][PASSED] - Object: 'Object Repository/Pages/Sale/calender_NextButton' is clicked on&#xD;
&#xD;
2019-11-01 07:46:23 - [MESSAGE][PASSED] - Text of object 'Object Repository/Pages/Sale/link_MonthYear' is: 'November 2021'&#xD;
&#xD;
2019-11-01 07:46:23 - [MESSAGE][PASSED] - Object: 'Object Repository/Pages/Sale/calender_NextButton' is clicked on&#xD;
&#xD;
2019-11-01 07:46:23 - [MESSAGE][PASSED] - Text of object 'Object Repository/Pages/Sale/link_MonthYear' is: 'December 2021'&#xD;
&#xD;
2019-11-01 07:46:23 - [MESSAGE][PASSED] - Object: 'Object Repository/Pages/Sale/calender_NextButton' is clicked on&#xD;
&#xD;
2019-11-01 07:46:23 - [MESSAGE][PASSED] - Text of object 'Object Repository/Pages/Sale/link_MonthYear' is: 'January 2022'&#xD;
&#xD;
2019-11-01 07:46:23 - [MESSAGE][PASSED] - Object: 'Object Repository/Pages/Sale/calender_NextButton' is clicked on&#xD;
&#xD;
2019-11-01 07:46:23 - [MESSAGE][PASSED] - Text of object 'Object Repository/Pages/Sale/link_MonthYear' is: 'February 2022'&#xD;
&#xD;
2019-11-01 07:46:24 - [MESSAGE][PASSED] - Object: 'Object Repository/Pages/Sale/calender_NextButton' is clicked on&#xD;
&#xD;
2019-11-01 07:46:24 - [MESSAGE][PASSED] - Text of object 'Object Repository/Pages/Sale/link_MonthYear' is: 'March 2022'&#xD;
&#xD;
2019-11-01 07:46:24 - [MESSAGE][PASSED] - Object: 'Object Repository/Pages/Sale/calender_NextButton' is clicked on&#xD;
&#xD;
2019-11-01 07:46:24 - [MESSAGE][PASSED] - Text of object 'Object Repository/Pages/Sale/link_MonthYear' is: 'April 2022'&#xD;
&#xD;
2019-11-01 07:46:24 - [MESSAGE][PASSED] - Object: 'Object Repository/Pages/Sale/calender_NextButton' is clicked on&#xD;
&#xD;
2019-11-01 07:46:24 - [MESSAGE][PASSED] - Text of object 'Object Repository/Pages/Sale/link_MonthYear' is: 'May 2022'&#xD;
&#xD;
2019-11-01 07:46:24 - [MESSAGE][PASSED] - Object: 'Object Repository/Pages/Sale/calender_NextButton' is clicked on&#xD;
&#xD;
2019-11-01 07:46:24 - [MESSAGE][PASSED] - Text of object 'Object Repository/Pages/Sale/link_MonthYear' is: 'June 2022'&#xD;
&#xD;
2019-11-01 07:46:24 - [MESSAGE][PASSED] - Object: 'Object Repository/Pages/Sale/calender_NextButton' is clicked on&#xD;
&#xD;
2019-11-01 07:46:24 - [MESSAGE][PASSED] - Text of object 'Object Repository/Pages/Sale/link_MonthYear' is: 'July 2022'&#xD;
&#xD;
2019-11-01 07:46:24 - [MESSAGE][PASSED] - Object: 'Object Repository/Pages/Sale/calender_NextButton' is clicked on&#xD;
&#xD;
2019-11-01 07:46:24 - [MESSAGE][PASSED] - Text of object 'Object Repository/Pages/Sale/link_MonthYear' is: 'August 2022'&#xD;
&#xD;
2019-11-01 07:46:24 - [MESSAGE][PASSED] - Object: 'Object Repository/Pages/Sale/calender_NextButton' is clicked on&#xD;
&#xD;
2019-11-01 07:46:24 - [MESSAGE][PASSED] - Text of object 'Object Repository/Pages/Sale/link_MonthYear' is: 'September 2022'&#xD;
&#xD;
2019-11-01 07:46:25 - [MESSAGE][PASSED] - Object: 'Object Repository/Pages/Sale/calender_NextButton' is clicked on&#xD;
&#xD;
2019-11-01 07:46:25 - [MESSAGE][PASSED] - Text of object 'Object Repository/Pages/Sale/link_MonthYear' is: 'October 2022'&#xD;
&#xD;
2019-11-01 07:46:25 - [MESSAGE][PASSED] - Object: 'Object Repository/Pages/Sale/calender_NextButton' is clicked on&#xD;
&#xD;
2019-11-01 07:46:25 - [MESSAGE][PASSED] - Text of object 'Object Repository/Pages/Sale/link_MonthYear' is: 'November 2022'&#xD;
&#xD;
2019-11-01 07:46:25 - [MESSAGE][PASSED] - Object: 'Object Repository/Pages/Sale/calender_NextButton' is clicked on&#xD;
&#xD;
2019-11-01 07:46:25 - [MESSAGE][PASSED] - Text of object 'Object Repository/Pages/Sale/link_MonthYear' is: 'December 2022'&#xD;
&#xD;
2019-11-01 07:46:25 - [MESSAGE][PASSED] - Object: 'Object Repository/Pages/Sale/calender_NextButton' is clicked on&#xD;
&#xD;
2019-11-01 07:46:25 - [MESSAGE][PASSED] - Text of object 'Object Repository/Pages/Sale/link_MonthYear' is: 'January 2023'&#xD;
&#xD;
2019-11-01 07:46:25 - [MESSAGE][PASSED] - Object: 'Object Repository/Pages/Sale/calender_NextButton' is clicked on&#xD;
&#xD;
2019-11-01 07:46:25 - [MESSAGE][PASSED] - Text of object 'Object Repository/Pages/Sale/link_MonthYear' is: 'February 2023'&#xD;
&#xD;
2019-11-01 07:46:26 - [MESSAGE][PASSED] - Object: 'Object Repository/Pages/Sale/calender_NextButton' is clicked on&#xD;
&#xD;
2019-11-01 07:46:26 - [MESSAGE][PASSED] - Text of object 'Object Repository/Pages/Sale/link_MonthYear' is: 'March 2023'&#xD;
&#xD;
2019-11-01 07:46:26 - [MESSAGE][PASSED] - Object: 'Object Repository/Pages/Sale/calender_NextButton' is clicked on&#xD;
&#xD;
2019-11-01 07:46:26 - [MESSAGE][PASSED] - Text of object 'Object Repository/Pages/Sale/link_MonthYear' is: 'April 2023'&#xD;
&#xD;
2019-11-01 07:46:26 - [MESSAGE][PASSED] - Object: 'Object Repository/Pages/Sale/calender_NextButton' is clicked on&#xD;
&#xD;
2019-11-01 07:46:26 - [MESSAGE][PASSED] - Text of object 'Object Repository/Pages/Sale/link_MonthYear' is: 'May 2023'&#xD;
&#xD;
2019-11-01 07:46:26 - [MESSAGE][PASSED] - Object: 'Object Repository/Pages/Sale/calender_NextButton' is clicked on&#xD;
&#xD;
2019-11-01 07:46:26 - [MESSAGE][PASSED] - Text of object 'Object Repository/Pages/Sale/link_MonthYear' is: 'June 2023'&#xD;
&#xD;
2019-11-01 07:46:26 - [MESSAGE][PASSED] - Object: 'Object Repository/Pages/Sale/calender_NextButton' is clicked on&#xD;
&#xD;
2019-11-01 07:46:26 - [MESSAGE][PASSED] - Text of object 'Object Repository/Pages/Sale/link_MonthYear' is: 'July 2023'&#xD;
&#xD;
2019-11-01 07:46:26 - [MESSAGE][PASSED] - Object: 'Object Repository/Pages/Sale/calender_NextButton' is clicked on&#xD;
&#xD;
2019-11-01 07:46:26 - [MESSAGE][PASSED] - Text of object 'Object Repository/Pages/Sale/link_MonthYear' is: 'August 2023'&#xD;
&#xD;
2019-11-01 07:46:27 - [MESSAGE][PASSED] - Object: 'Object Repository/Pages/Sale/calender_NextButton' is clicked on&#xD;
&#xD;
2019-11-01 07:46:27 - [MESSAGE][PASSED] - Text of object 'Object Repository/Pages/Sale/link_MonthYear' is: 'September 2023'&#xD;
&#xD;
2019-11-01 07:46:27 - [MESSAGE][PASSED] - Object: 'Object Repository/Pages/Sale/calender_NextButton' is clicked on&#xD;
&#xD;
2019-11-01 07:46:27 - [MESSAGE][PASSED] - Text of object 'Object Repository/Pages/Sale/link_MonthYear' is: 'October 2023'&#xD;
&#xD;
2019-11-01 07:46:27 - [MESSAGE][PASSED] - Object: 'Object Repository/Pages/Sale/calender_NextButton' is clicked on&#xD;
&#xD;
2019-11-01 07:46:27 - [MESSAGE][PASSED] - Text of object 'Object Repository/Pages/Sale/link_MonthYear' is: 'November 2023'&#xD;
&#xD;
2019-11-01 07:46:27 - [MESSAGE][PASSED] - Object: 'Object Repository/Pages/Sale/calender_NextButton' is clicked on&#xD;
&#xD;
2019-11-01 07:46:27 - [MESSAGE][PASSED] - Text of object 'Object Repository/Pages/Sale/link_MonthYear' is: 'December 2023'&#xD;
&#xD;
2019-11-01 07:46:27 - [MESSAGE][PASSED] - Object: 'Object Repository/Pages/Sale/calender_NextButton' is clicked on&#xD;
&#xD;
2019-11-01 07:46:27 - [MESSAGE][PASSED] - Text of object 'Object Repository/Pages/Sale/link_MonthYear' is: 'January 2024'&#xD;
&#xD;
2019-11-01 07:46:27 - [MESSAGE][PASSED] - Object: 'Object Repository/Pages/Sale/calender_NextButton' is clicked on&#xD;
&#xD;
2019-11-01 07:46:27 - [MESSAGE][PASSED] - Text of object 'Object Repository/Pages/Sale/link_MonthYear' is: 'February 2024'&#xD;
&#xD;
2019-11-01 07:46:27 - [MESSAGE][PASSED] - Object: 'Object Repository/Pages/Sale/calender_NextButton' is clicked on&#xD;
&#xD;
2019-11-01 07:46:28 - [MESSAGE][PASSED] - Text of object 'Object Repository/Pages/Sale/link_MonthYear' is: 'March 2024'&#xD;
&#xD;
2019-11-01 07:46:28 - [MESSAGE][PASSED] - Object: 'Object Repository/Pages/Sale/calender_NextButton' is clicked on&#xD;
&#xD;
2019-11-01 07:46:28 - [MESSAGE][PASSED] - Text of object 'Object Repository/Pages/Sale/link_MonthYear' is: 'April 2024'&#xD;
&#xD;
2019-11-01 07:46:28 - [MESSAGE][PASSED] - Object: 'Object Repository/Pages/Sale/calender_NextButton' is clicked on&#xD;
&#xD;
2019-11-01 07:46:28 - [MESSAGE][PASSED] - Text of object 'Object Repository/Pages/Sale/link_MonthYear' is: 'May 2024'&#xD;
&#xD;
2019-11-01 07:46:28 - [MESSAGE][PASSED] - Object: 'Object Repository/Pages/Sale/calender_NextButton' is clicked on&#xD;
&#xD;
2019-11-01 07:46:28 - [MESSAGE][PASSED] - Text of object 'Object Repository/Pages/Sale/link_MonthYear' is: 'June 2024'&#xD;
&#xD;
2019-11-01 07:46:28 - [MESSAGE][PASSED] - Object: 'Object Repository/Pages/Sale/calender_NextButton' is clicked on&#xD;
&#xD;
2019-11-01 07:46:28 - [MESSAGE][PASSED] - Text of object 'Object Repository/Pages/Sale/link_MonthYear' is: 'July 2024'&#xD;
&#xD;
2019-11-01 07:46:28 - [MESSAGE][PASSED] - Object: 'Object Repository/Pages/Sale/calender_NextButton' is clicked on&#xD;
&#xD;
2019-11-01 07:46:28 - [MESSAGE][PASSED] - Text of object 'Object Repository/Pages/Sale/link_MonthYear' is: 'August 2024'&#xD;
&#xD;
2019-11-01 07:46:28 - [MESSAGE][PASSED] - Object: 'Object Repository/Pages/Sale/calender_NextButton' is clicked on&#xD;
&#xD;
2019-11-01 07:46:29 - [MESSAGE][PASSED] - Text of object 'Object Repository/Pages/Sale/link_MonthYear' is: 'September 2024'&#xD;
&#xD;
2019-11-01 07:46:29 - [MESSAGE][PASSED] - Object: 'Object Repository/Pages/Sale/calender_NextButton' is clicked on&#xD;
&#xD;
2019-11-01 07:46:29 - [MESSAGE][PASSED] - Text of object 'Object Repository/Pages/Sale/link_MonthYear' is: 'October 2024'&#xD;
&#xD;
2019-11-01 07:46:29 - [MESSAGE][PASSED] - Object: 'Object Repository/Pages/Sale/calender_NextButton' is clicked on&#xD;
&#xD;
2019-11-01 07:46:29 - [MESSAGE][PASSED] - Text of object 'Object Repository/Pages/Sale/link_MonthYear' is: 'November 2024'&#xD;
&#xD;
2019-11-01 07:46:29 - [MESSAGE][PASSED] - Object: 'Object Repository/Pages/Sale/calender_NextButton' is clicked on&#xD;
&#xD;
2019-11-01 07:46:29 - [MESSAGE][PASSED] - Text of object 'Object Repository/Pages/Sale/link_MonthYear' is: 'December 2024'&#xD;
&#xD;
2019-11-01 07:46:29 - [MESSAGE][PASSED] - Object: 'Object Repository/Pages/Sale/calender_NextButton' is clicked on&#xD;
&#xD;
2019-11-01 07:46:29 - [MESSAGE][PASSED] - Text of object 'Object Repository/Pages/Sale/link_MonthYear' is: 'January 2025'&#xD;
&#xD;
2019-11-01 07:46:29 - [MESSAGE][PASSED] - Object: 'Object Repository/Pages/Sale/calender_NextButton' is clicked on&#xD;
&#xD;
2019-11-01 07:46:29 - [MESSAGE][PASSED] - Text of object 'Object Repository/Pages/Sale/link_MonthYear' is: 'February 2025'&#xD;
&#xD;
2019-11-01 07:46:29 - [MESSAGE][PASSED] - Object: 'Object Repository/Pages/Sale/calender_NextButton' is clicked on&#xD;
&#xD;
2019-11-01 07:46:29 - [MESSAGE][PASSED] - Text of object 'Object Repository/Pages/Sale/link_MonthYear' is: 'March 2025'&#xD;
&#xD;
2019-11-01 07:46:30 - [MESSAGE][PASSED] - Object: 'Object Repository/Pages/Sale/calender_NextButton' is clicked on&#xD;
&#xD;
2019-11-01 07:46:30 - [MESSAGE][PASSED] - Text of object 'Object Repository/Pages/Sale/link_MonthYear' is: 'April 2025'&#xD;
&#xD;
2019-11-01 07:46:30 - [MESSAGE][PASSED] - Object: 'Object Repository/Pages/Sale/calender_NextButton' is clicked on&#xD;
&#xD;
2019-11-01 07:46:30 - [MESSAGE][PASSED] - Text of object 'Object Repository/Pages/Sale/link_MonthYear' is: 'May 2025'&#xD;
&#xD;
2019-11-01 07:46:30 - [MESSAGE][PASSED] - Object: 'Object Repository/Pages/Sale/calender_NextButton' is clicked on&#xD;
&#xD;
2019-11-01 07:46:30 - [MESSAGE][PASSED] - Text of object 'Object Repository/Pages/Sale/link_MonthYear' is: 'June 2025'&#xD;
&#xD;
2019-11-01 07:46:30 - [MESSAGE][PASSED] - Object: 'Object Repository/Pages/Sale/calender_NextButton' is clicked on&#xD;
&#xD;
2019-11-01 07:46:30 - [MESSAGE][PASSED] - Text of object 'Object Repository/Pages/Sale/link_MonthYear' is: 'July 2025'&#xD;
&#xD;
2019-11-01 07:46:30 - [MESSAGE][PASSED] - Object: 'Object Repository/Pages/Sale/calender_NextButton' is clicked on&#xD;
&#xD;
2019-11-01 07:46:30 - [MESSAGE][PASSED] - Text of object 'Object Repository/Pages/Sale/link_MonthYear' is: 'August 2025'&#xD;
&#xD;
2019-11-01 07:46:30 - [MESSAGE][PASSED] - Object: 'Object Repository/Pages/Sale/calender_NextButton' is clicked on&#xD;
&#xD;
2019-11-01 07:46:30 - [MESSAGE][PASSED] - Text of object 'Object Repository/Pages/Sale/link_MonthYear' is: 'September 2025'&#xD;
&#xD;
2019-11-01 07:46:30 - [MESSAGE][PASSED] - Object: 'Object Repository/Pages/Sale/calender_NextButton' is clicked on&#xD;
&#xD;
2019-11-01 07:46:30 - [MESSAGE][PASSED] - Text of object 'Object Repository/Pages/Sale/link_MonthYear' is: 'October 2025'&#xD;
&#xD;
2019-11-01 07:46:31 - [MESSAGE][PASSED] - Object: 'Object Repository/Pages/Sale/calender_NextButton' is clicked on&#xD;
&#xD;
2019-11-01 07:46:31 - [MESSAGE][PASSED] - Text of object 'Object Repository/Pages/Sale/link_MonthYear' is: 'November 2025'&#xD;
&#xD;
2019-11-01 07:46:31 - [MESSAGE][PASSED] - Object: 'Object Repository/Pages/Sale/calender_NextButton' is clicked on&#xD;
&#xD;
2019-11-01 07:46:31 - [MESSAGE][PASSED] - Text of object 'Object Repository/Pages/Sale/link_MonthYear' is: 'December 2025'&#xD;
&#xD;
2019-11-01 07:46:31 - [MESSAGE][PASSED] - Object: 'Object Repository/Pages/Sale/calender_NextButton' is clicked on&#xD;
&#xD;
2019-11-01 07:46:31 - [MESSAGE][PASSED] - Text of object 'Object Repository/Pages/Sale/link_MonthYear' is: 'January 2026'&#xD;
&#xD;
2019-11-01 07:46:31 - [MESSAGE][PASSED] - Object: 'Object Repository/Pages/Sale/calender_NextButton' is clicked on&#xD;
&#xD;
2019-11-01 07:46:31 - [MESSAGE][PASSED] - Text of object 'Object Repository/Pages/Sale/link_MonthYear' is: 'February 2026'&#xD;
&#xD;
2019-11-01 07:46:31 - [MESSAGE][PASSED] - Object: 'Object Repository/Pages/Sale/calender_NextButton' is clicked on&#xD;
&#xD;
2019-11-01 07:46:31 - [MESSAGE][PASSED] - Text of object 'Object Repository/Pages/Sale/link_MonthYear' is: 'March 2026'&#xD;
&#xD;
2019-11-01 07:46:31 - [MESSAGE][PASSED] - Object: 'Object Repository/Pages/Sale/calender_NextButton' is clicked on&#xD;
&#xD;
2019-11-01 07:46:31 - [MESSAGE][PASSED] - Text of object 'Object Repository/Pages/Sale/link_MonthYear' is: 'April 2026'&#xD;
&#xD;
2019-11-01 07:46:31 - [MESSAGE][PASSED] - Object: 'Object Repository/Pages/Sale/calender_NextButton' is clicked on&#xD;
&#xD;
2019-11-01 07:46:31 - [MESSAGE][PASSED] - Text of object 'Object Repository/Pages/Sale/link_MonthYear' is: 'May 2026'&#xD;
&#xD;
2019-11-01 07:46:31 - [MESSAGE][PASSED] - Object: 'Object Repository/Pages/Sale/calender_NextButton' is clicked on&#xD;
&#xD;
2019-11-01 07:46:32 - [MESSAGE][PASSED] - Text of object 'Object Repository/Pages/Sale/link_MonthYear' is: 'June 2026'&#xD;
&#xD;
2019-11-01 07:46:32 - [MESSAGE][PASSED] - Object: 'Object Repository/Pages/Sale/calender_NextButton' is clicked on&#xD;
&#xD;
2019-11-01 07:46:32 - [MESSAGE][PASSED] - Text of object 'Object Repository/Pages/Sale/link_MonthYear' is: 'July 2026'&#xD;
&#xD;
2019-11-01 07:46:32 - [MESSAGE][PASSED] - Object: 'Object Repository/Pages/Sale/calender_NextButton' is clicked on&#xD;
&#xD;
2019-11-01 07:46:32 - [MESSAGE][PASSED] - Text of object 'Object Repository/Pages/Sale/link_MonthYear' is: 'August 2026'&#xD;
&#xD;
2019-11-01 07:46:32 - [MESSAGE][PASSED] - Object: 'Object Repository/Pages/Sale/calender_NextButton' is clicked on&#xD;
&#xD;
2019-11-01 07:46:32 - [MESSAGE][PASSED] - Text of object 'Object Repository/Pages/Sale/link_MonthYear' is: 'September 2026'&#xD;
&#xD;
2019-11-01 07:46:32 - [MESSAGE][PASSED] - Object: 'Object Repository/Pages/Sale/calender_NextButton' is clicked on&#xD;
&#xD;
2019-11-01 07:46:32 - [MESSAGE][PASSED] - Text of object 'Object Repository/Pages/Sale/link_MonthYear' is: 'October 2026'&#xD;
&#xD;
2019-11-01 07:46:32 - [MESSAGE][PASSED] - Object: 'Object Repository/Pages/Sale/calender_NextButton' is clicked on&#xD;
&#xD;
2019-11-01 07:46:32 - [MESSAGE][PASSED] - Text of object 'Object Repository/Pages/Sale/link_MonthYear' is: 'November 2026'&#xD;
&#xD;
2019-11-01 07:46:33 - [MESSAGE][PASSED] - Object: 'Object Repository/Pages/Sale/calender_NextButton' is clicked on&#xD;
&#xD;
2019-11-01 07:46:33 - [MESSAGE][PASSED] - Text of object 'Object Repository/Pages/Sale/link_MonthYear' is: 'December 2026'&#xD;
&#xD;
2019-11-01 07:46:33 - [MESSAGE][PASSED] - Object: 'Object Repository/Pages/Sale/calender_NextButton' is clicked on&#xD;
&#xD;
2019-11-01 07:46:33 - [MESSAGE][PASSED] - Text of object 'Object Repository/Pages/Sale/link_MonthYear' is: 'January 2027'&#xD;
&#xD;
2019-11-01 07:46:33 - [MESSAGE][PASSED] - Object: 'Object Repository/Pages/Sale/calender_NextButton' is clicked on&#xD;
&#xD;
2019-11-01 07:46:33 - [MESSAGE][PASSED] - Text of object 'Object Repository/Pages/Sale/link_MonthYear' is: 'February 2027'&#xD;
&#xD;
2019-11-01 07:46:33 - [MESSAGE][PASSED] - Object: 'Object Repository/Pages/Sale/calender_NextButton' is clicked on&#xD;
&#xD;
2019-11-01 07:46:33 - [MESSAGE][PASSED] - Text of object 'Object Repository/Pages/Sale/link_MonthYear' is: 'March 2027'&#xD;
&#xD;
2019-11-01 07:46:33 - [MESSAGE][PASSED] - Object: 'Object Repository/Pages/Sale/calender_NextButton' is clicked on&#xD;
&#xD;
2019-11-01 07:46:33 - [MESSAGE][PASSED] - Text of object 'Object Repository/Pages/Sale/link_MonthYear' is: 'April 2027'&#xD;
&#xD;
2019-11-01 07:46:33 - [MESSAGE][PASSED] - Object: 'Object Repository/Pages/Sale/calender_NextButton' is clicked on&#xD;
&#xD;
2019-11-01 07:46:33 - [MESSAGE][PASSED] - Text of object 'Object Repository/Pages/Sale/link_MonthYear' is: 'May 2027'&#xD;
&#xD;
2019-11-01 07:46:34 - [MESSAGE][PASSED] - Object: 'Object Repository/Pages/Sale/calender_NextButton' is clicked on&#xD;
&#xD;
2019-11-01 07:46:34 - [MESSAGE][PASSED] - Text of object 'Object Repository/Pages/Sale/link_MonthYear' is: 'June 2027'&#xD;
&#xD;
2019-11-01 07:46:34 - [MESSAGE][PASSED] - Object: 'Object Repository/Pages/Sale/calender_NextButton' is clicked on&#xD;
&#xD;
2019-11-01 07:46:34 - [MESSAGE][PASSED] - Text of object 'Object Repository/Pages/Sale/link_MonthYear' is: 'July 2027'&#xD;
&#xD;
2019-11-01 07:46:34 - [MESSAGE][PASSED] - Object: 'Object Repository/Pages/Sale/calender_NextButton' is clicked on&#xD;
&#xD;
2019-11-01 07:46:34 - [MESSAGE][PASSED] - Text of object 'Object Repository/Pages/Sale/link_MonthYear' is: 'August 2027'&#xD;
&#xD;
2019-11-01 07:46:34 - [MESSAGE][PASSED] - Object: 'Object Repository/Pages/Sale/calender_NextButton' is clicked on&#xD;
&#xD;
2019-11-01 07:46:34 - [MESSAGE][PASSED] - Text of object 'Object Repository/Pages/Sale/link_MonthYear' is: 'September 2027'&#xD;
&#xD;
2019-11-01 07:46:34 - [MESSAGE][PASSED] - Object: 'Object Repository/Pages/Sale/calender_NextButton' is clicked on&#xD;
&#xD;
2019-11-01 07:46:34 - [MESSAGE][PASSED] - Text of object 'Object Repository/Pages/Sale/link_MonthYear' is: 'October 2027'&#xD;
&#xD;
2019-11-01 07:46:34 - [MESSAGE][PASSED] - Object: 'Object Repository/Pages/Sale/calender_NextButton' is clicked on&#xD;
&#xD;
2019-11-01 07:46:34 - [MESSAGE][PASSED] - Text of object 'Object Repository/Pages/Sale/link_MonthYear' is: 'November 2027'&#xD;
&#xD;
2019-11-01 07:46:34 - [MESSAGE][PASSED] - Object: 'Object Repository/Pages/Sale/calender_NextButton' is clicked on&#xD;
&#xD;
2019-11-01 07:46:34 - [MESSAGE][PASSED] - Text of object 'Object Repository/Pages/Sale/link_MonthYear' is: 'December 2027'&#xD;
&#xD;
2019-11-01 07:46:34 - [MESSAGE][PASSED] - Object: 'Object Repository/Pages/Sale/calender_NextButton' is clicked on&#xD;
&#xD;
2019-11-01 07:46:35 - [MESSAGE][PASSED] - Text of object 'Object Repository/Pages/Sale/link_MonthYear' is: 'January 2028'&#xD;
&#xD;
2019-11-01 07:46:35 - [MESSAGE][PASSED] - Object: 'Object Repository/Pages/Sale/calender_NextButton' is clicked on&#xD;
&#xD;
2019-11-01 07:46:35 - [MESSAGE][PASSED] - Text of object 'Object Repository/Pages/Sale/link_MonthYear' is: 'February 2028'&#xD;
&#xD;
2019-11-01 07:46:35 - [MESSAGE][PASSED] - Object: 'Object Repository/Pages/Sale/calender_NextButton' is clicked on&#xD;
&#xD;
2019-11-01 07:46:35 - [MESSAGE][PASSED] - Text of object 'Object Repository/Pages/Sale/link_MonthYear' is: 'March 2028'&#xD;
&#xD;
2019-11-01 07:46:35 - [MESSAGE][PASSED] - Object: 'Object Repository/Pages/Sale/calender_NextButton' is clicked on&#xD;
&#xD;
2019-11-01 07:46:35 - [MESSAGE][PASSED] - Text of object 'Object Repository/Pages/Sale/link_MonthYear' is: 'April 2028'&#xD;
&#xD;
2019-11-01 07:46:35 - [MESSAGE][PASSED] - Object: 'Object Repository/Pages/Sale/calender_NextButton' is clicked on&#xD;
&#xD;
2019-11-01 07:46:35 - [MESSAGE][PASSED] - Text of object 'Object Repository/Pages/Sale/link_MonthYear' is: 'May 2028'&#xD;
&#xD;
2019-11-01 07:46:35 - [MESSAGE][PASSED] - Object: 'Object Repository/Pages/Sale/calender_NextButton' is clicked on&#xD;
&#xD;
2019-11-01 07:46:35 - [MESSAGE][PASSED] - Text of object 'Object Repository/Pages/Sale/link_MonthYear' is: 'June 2028'&#xD;
&#xD;
2019-11-01 07:46:35 - [MESSAGE][PASSED] - Object: 'Object Repository/Pages/Sale/calender_NextButton' is clicked on&#xD;
&#xD;
2019-11-01 07:46:35 - [MESSAGE][PASSED] - Text of object 'Object Repository/Pages/Sale/link_MonthYear' is: 'July 2028'&#xD;
&#xD;
2019-11-01 07:46:36 - [MESSAGE][PASSED] - Object: 'Object Repository/Pages/Sale/calender_NextButton' is clicked on&#xD;
&#xD;
2019-11-01 07:46:36 - [MESSAGE][PASSED] - Text of object 'Object Repository/Pages/Sale/link_MonthYear' is: 'August 2028'&#xD;
&#xD;
2019-11-01 07:46:36 - [MESSAGE][PASSED] - Object: 'Object Repository/Pages/Sale/calender_NextButton' is clicked on&#xD;
&#xD;
2019-11-01 07:46:36 - [MESSAGE][PASSED] - Text of object 'Object Repository/Pages/Sale/link_MonthYear' is: 'September 2028'&#xD;
&#xD;
2019-11-01 07:46:36 - [MESSAGE][PASSED] - Object: 'Object Repository/Pages/Sale/calender_NextButton' is clicked on&#xD;
&#xD;
2019-11-01 07:46:36 - [MESSAGE][PASSED] - Text of object 'Object Repository/Pages/Sale/link_MonthYear' is: 'October 2028'&#xD;
&#xD;
2019-11-01 07:46:36 - [MESSAGE][PASSED] - Object: 'Object Repository/Pages/Sale/calender_NextButton' is clicked on&#xD;
&#xD;
2019-11-01 07:46:36 - [MESSAGE][PASSED] - Text of object 'Object Repository/Pages/Sale/link_MonthYear' is: 'November 2028'&#xD;
&#xD;
2019-11-01 07:46:36 - [MESSAGE][PASSED] - Object: 'Object Repository/Pages/Sale/calender_NextButton' is clicked on&#xD;
&#xD;
2019-11-01 07:46:36 - [MESSAGE][PASSED] - Text of object 'Object Repository/Pages/Sale/link_MonthYear' is: 'December 2028'&#xD;
&#xD;
2019-11-01 07:46:36 - [MESSAGE][PASSED] - Object: 'Object Repository/Pages/Sale/calender_NextButton' is clicked on&#xD;
&#xD;
2019-11-01 07:46:36 - [MESSAGE][PASSED] - Text of object 'Object Repository/Pages/Sale/link_MonthYear' is: 'January 2029'&#xD;
&#xD;
2019-11-01 07:46:36 - [MESSAGE][PASSED] - Object: 'Object Repository/Pages/Sale/calender_NextButton' is clicked on&#xD;
&#xD;
2019-11-01 07:46:36 - [MESSAGE][PASSED] - Text of object 'Object Repository/Pages/Sale/link_MonthYear' is: 'February 2029'&#xD;
&#xD;
2019-11-01 07:46:37 - [MESSAGE][PASSED] - Object: 'Object Repository/Pages/Sale/calender_NextButton' is clicked on&#xD;
&#xD;
2019-11-01 07:46:37 - [MESSAGE][PASSED] - Text of object 'Object Repository/Pages/Sale/link_MonthYear' is: 'March 2029'&#xD;
&#xD;
2019-11-01 07:46:37 - [MESSAGE][PASSED] - Object: 'Object Repository/Pages/Sale/calender_NextButton' is clicked on&#xD;
&#xD;
2019-11-01 07:46:37 - [MESSAGE][PASSED] - Text of object 'Object Repository/Pages/Sale/link_MonthYear' is: 'April 2029'&#xD;
&#xD;
2019-11-01 07:46:37 - [MESSAGE][PASSED] - Object: 'Object Repository/Pages/Sale/calender_NextButton' is clicked on&#xD;
&#xD;
2019-11-01 07:46:37 - [MESSAGE][PASSED] - Text of object 'Object Repository/Pages/Sale/link_MonthYear' is: 'May 2029'&#xD;
&#xD;
2019-11-01 07:46:37 - [MESSAGE][PASSED] - Object: 'Object Repository/Pages/Sale/calender_NextButton' is clicked on&#xD;
&#xD;
2019-11-01 07:46:37 - [MESSAGE][PASSED] - Text of object 'Object Repository/Pages/Sale/link_MonthYear' is: 'June 2029'&#xD;
&#xD;
2019-11-01 07:46:37 - [MESSAGE][PASSED] - Object: 'Object Repository/Pages/Sale/calender_NextButton' is clicked on&#xD;
&#xD;
2019-11-01 07:46:37 - [MESSAGE][PASSED] - Text of object 'Object Repository/Pages/Sale/link_MonthYear' is: 'July 2029'&#xD;
&#xD;
2019-11-01 07:46:37 - [MESSAGE][PASSED] - Object: 'Object Repository/Pages/Sale/calender_NextButton' is clicked on&#xD;
&#xD;
2019-11-01 07:46:37 - [MESSAGE][PASSED] - Text of object 'Object Repository/Pages/Sale/link_MonthYear' is: 'August 2029'&#xD;
&#xD;
2019-11-01 07:46:37 - [MESSAGE][PASSED] - Object: 'Object Repository/Pages/Sale/calender_NextButton' is clicked on&#xD;
&#xD;
2019-11-01 07:46:37 - [MESSAGE][PASSED] - Text of object 'Object Repository/Pages/Sale/link_MonthYear' is: 'September 2029'&#xD;
&#xD;
2019-11-01 07:46:37 - [MESSAGE][PASSED] - Object: 'Object Repository/Pages/Sale/calender_NextButton' is clicked on&#xD;
&#xD;
2019-11-01 07:46:37 - [MESSAGE][PASSED] - Text of object 'Object Repository/Pages/Sale/link_MonthYear' is: 'October 2029'&#xD;
&#xD;
2019-11-01 07:46:38 - [MESSAGE][PASSED] - Object: 'Object Repository/Pages/Sale/calender_NextButton' is clicked on&#xD;
&#xD;
2019-11-01 07:46:38 - [MESSAGE][PASSED] - Text of object 'Object Repository/Pages/Sale/link_MonthYear' is: 'November 2029'&#xD;
&#xD;
2019-11-01 07:46:38 - [MESSAGE][PASSED] - Object: 'Object Repository/Pages/Sale/calender_NextButton' is clicked on&#xD;
&#xD;
2019-11-01 07:46:38 - [MESSAGE][PASSED] - Text of object 'Object Repository/Pages/Sale/link_MonthYear' is: 'December 2029'&#xD;
&#xD;
2019-11-01 07:46:38 - [MESSAGE][PASSED] - Object: 'Object Repository/Pages/Sale/calender_NextButton' is clicked on&#xD;
&#xD;
2019-11-01 07:46:38 - [MESSAGE][PASSED] - Text of object 'Object Repository/Pages/Sale/link_MonthYear' is: 'January 2030'&#xD;
&#xD;
2019-11-01 07:46:38 - [MESSAGE][PASSED] - Object: 'Object Repository/Pages/Sale/calender_NextButton' is clicked on&#xD;
&#xD;
2019-11-01 07:46:38 - [MESSAGE][PASSED] - Text of object 'Object Repository/Pages/Sale/link_MonthYear' is: 'February 2030'&#xD;
&#xD;
2019-11-01 07:46:38 - [MESSAGE][PASSED] - Object: 'Object Repository/Pages/Sale/calender_NextButton' is clicked on&#xD;
&#xD;
2019-11-01 07:46:38 - [MESSAGE][PASSED] - Text of object 'Object Repository/Pages/Sale/link_MonthYear' is: 'March 2030'&#xD;
&#xD;
2019-11-01 07:46:38 - [MESSAGE][PASSED] - Object: 'Object Repository/Pages/Sale/calender_NextButton' is clicked on&#xD;
&#xD;
2019-11-01 07:46:38 - [MESSAGE][PASSED] - Text of object 'Object Repository/Pages/Sale/link_MonthYear' is: 'April 2030'&#xD;
&#xD;
2019-11-01 07:46:38 - [MESSAGE][PASSED] - Object: 'Object Repository/Pages/Sale/calender_NextButton' is clicked on&#xD;
&#xD;
2019-11-01 07:46:38 - [MESSAGE][PASSED] - Text of object 'Object Repository/Pages/Sale/link_MonthYear' is: 'May 2030'&#xD;
&#xD;
2019-11-01 07:46:38 - [MESSAGE][PASSED] - Object: 'Object Repository/Pages/Sale/calender_NextButton' is clicked on&#xD;
&#xD;
2019-11-01 07:46:39 - [MESSAGE][PASSED] - Text of object 'Object Repository/Pages/Sale/link_MonthYear' is: 'June 2030'&#xD;
&#xD;
2019-11-01 07:46:39 - [MESSAGE][PASSED] - Object: 'Object Repository/Pages/Sale/calender_NextButton' is clicked on&#xD;
&#xD;
2019-11-01 07:46:39 - [MESSAGE][PASSED] - Text of object 'Object Repository/Pages/Sale/link_MonthYear' is: 'July 2030'&#xD;
&#xD;
2019-11-01 07:46:39 - [MESSAGE][PASSED] - Object: 'Object Repository/Pages/Sale/calender_NextButton' is clicked on&#xD;
&#xD;
2019-11-01 07:46:39 - [MESSAGE][PASSED] - Text of object 'Object Repository/Pages/Sale/link_MonthYear' is: 'August 2030'&#xD;
&#xD;
2019-11-01 07:46:39 - [MESSAGE][PASSED] - Object: 'Object Repository/Pages/Sale/calender_NextButton' is clicked on&#xD;
&#xD;
2019-11-01 07:46:39 - [MESSAGE][PASSED] - Text of object 'Object Repository/Pages/Sale/link_MonthYear' is: 'September 2030'&#xD;
&#xD;
2019-11-01 07:46:39 - [MESSAGE][PASSED] - Object: 'Object Repository/Pages/Sale/calender_NextButton' is clicked on&#xD;
&#xD;
2019-11-01 07:46:39 - [MESSAGE][PASSED] - Text of object 'Object Repository/Pages/Sale/link_MonthYear' is: 'October 2030'&#xD;
&#xD;
2019-11-01 07:46:39 - [MESSAGE][PASSED] - Object: 'Object Repository/Pages/Sale/calender_NextButton' is clicked on&#xD;
&#xD;
2019-11-01 07:46:39 - [MESSAGE][PASSED] - Text of object 'Object Repository/Pages/Sale/link_MonthYear' is: 'November 2030'&#xD;
&#xD;
2019-11-01 07:46:39 - [MESSAGE][PASSED] - Object: 'Object Repository/Pages/Sale/calender_NextButton' is clicked on&#xD;
&#xD;
2019-11-01 07:46:39 - [MESSAGE][PASSED] - Text of object 'Object Repository/Pages/Sale/link_MonthYear' is: 'December 2030'&#xD;
&#xD;
2019-11-01 07:46:39 - [MESSAGE][PASSED] - Object: 'Object Repository/Pages/Sale/calender_NextButton' is clicked on&#xD;
&#xD;
2019-11-01 07:46:39 - [MESSAGE][PASSED] - Text of object 'Object Repository/Pages/Sale/link_MonthYear' is: 'January 2031'&#xD;
&#xD;
2019-11-01 07:46:40 - [MESSAGE][PASSED] - Object: 'Object Repository/Pages/Sale/calender_NextButton' is clicked on&#xD;
&#xD;
2019-11-01 07:46:40 - [MESSAGE][PASSED] - Text of object 'Object Repository/Pages/Sale/link_MonthYear' is: 'February 2031'&#xD;
&#xD;
2019-11-01 07:46:40 - [MESSAGE][PASSED] - Object: 'Object Repository/Pages/Sale/calender_NextButton' is clicked on&#xD;
&#xD;
2019-11-01 07:46:40 - [MESSAGE][PASSED] - Text of object 'Object Repository/Pages/Sale/link_MonthYear' is: 'March 2031'&#xD;
&#xD;
2019-11-01 07:46:40 - [MESSAGE][PASSED] - Object: 'Object Repository/Pages/Sale/calender_NextButton' is clicked on&#xD;
&#xD;
2019-11-01 07:46:40 - [MESSAGE][PASSED] - Text of object 'Object Repository/Pages/Sale/link_MonthYear' is: 'April 2031'&#xD;
&#xD;
2019-11-01 07:46:40 - [MESSAGE][PASSED] - Object: 'Object Repository/Pages/Sale/calender_NextButton' is clicked on&#xD;
&#xD;
2019-11-01 07:46:40 - [MESSAGE][PASSED] - Text of object 'Object Repository/Pages/Sale/link_MonthYear' is: 'May 2031'&#xD;
&#xD;
2019-11-01 07:46:40 - [MESSAGE][PASSED] - Object: 'Object Repository/Pages/Sale/calender_NextButton' is clicked on&#xD;
&#xD;
2019-11-01 07:46:40 - [MESSAGE][PASSED] - Text of object 'Object Repository/Pages/Sale/link_MonthYear' is: 'June 2031'&#xD;
&#xD;
2019-11-01 07:46:40 - [MESSAGE][PASSED] - Object: 'Object Repository/Pages/Sale/calender_NextButton' is clicked on&#xD;
&#xD;
2019-11-01 07:46:40 - [MESSAGE][PASSED] - Text of object 'Object Repository/Pages/Sale/link_MonthYear' is: 'July 2031'&#xD;
&#xD;
2019-11-01 07:46:40 - [MESSAGE][PASSED] - Object: 'Object Repository/Pages/Sale/calender_NextButton' is clicked on&#xD;
&#xD;
2019-11-01 07:46:40 - [MESSAGE][PASSED] - Text of object 'Object Repository/Pages/Sale/link_MonthYear' is: 'August 2031'&#xD;
&#xD;
2019-11-01 07:46:40 - [MESSAGE][PASSED] - Object: 'Object Repository/Pages/Sale/calender_NextButton' is clicked on&#xD;
&#xD;
2019-11-01 07:46:40 - [MESSAGE][PASSED] - Text of object 'Object Repository/Pages/Sale/link_MonthYear' is: 'September 2031'&#xD;
&#xD;
2019-11-01 07:46:41 - [MESSAGE][PASSED] - Object: 'Object Repository/Pages/Sale/calender_NextButton' is clicked on&#xD;
&#xD;
2019-11-01 07:46:41 - [MESSAGE][PASSED] - Text of object 'Object Repository/Pages/Sale/link_MonthYear' is: 'October 2031'&#xD;
&#xD;
2019-11-01 07:46:41 - [MESSAGE][PASSED] - Object: 'Object Repository/Pages/Sale/calender_NextButton' is clicked on&#xD;
&#xD;
2019-11-01 07:46:41 - [MESSAGE][PASSED] - Text of object 'Object Repository/Pages/Sale/link_MonthYear' is: 'November 2031'&#xD;
&#xD;
2019-11-01 07:46:41 - [MESSAGE][PASSED] - Object: 'Object Repository/Pages/Sale/calender_NextButton' is clicked on&#xD;
&#xD;
2019-11-01 07:46:41 - [MESSAGE][PASSED] - Text of object 'Object Repository/Pages/Sale/link_MonthYear' is: 'December 2031'&#xD;
&#xD;
2019-11-01 07:46:41 - [MESSAGE][PASSED] - Object: 'Object Repository/Pages/Sale/calender_NextButton' is clicked on&#xD;
&#xD;
2019-11-01 07:46:41 - [MESSAGE][PASSED] - Text of object 'Object Repository/Pages/Sale/link_MonthYear' is: 'January 2032'&#xD;
&#xD;
2019-11-01 07:46:41 - [MESSAGE][PASSED] - Object: 'Object Repository/Pages/Sale/calender_NextButton' is clicked on&#xD;
&#xD;
2019-11-01 07:46:41 - [MESSAGE][PASSED] - Text of object 'Object Repository/Pages/Sale/link_MonthYear' is: 'February 2032'&#xD;
&#xD;
2019-11-01 07:46:41 - [MESSAGE][PASSED] - Object: 'Object Repository/Pages/Sale/calender_NextButton' is clicked on&#xD;
&#xD;
2019-11-01 07:46:41 - [MESSAGE][PASSED] - Text of object 'Object Repository/Pages/Sale/link_MonthYear' is: 'March 2032'&#xD;
&#xD;
2019-11-01 07:46:41 - [MESSAGE][PASSED] - Object: 'Object Repository/Pages/Sale/calender_NextButton' is clicked on&#xD;
&#xD;
2019-11-01 07:46:41 - [MESSAGE][PASSED] - Text of object 'Object Repository/Pages/Sale/link_MonthYear' is: 'April 2032'&#xD;
&#xD;
2019-11-01 07:46:42 - [MESSAGE][PASSED] - Object: 'Object Repository/Pages/Sale/calender_NextButton' is clicked on&#xD;
&#xD;
2019-11-01 07:46:42 - [MESSAGE][PASSED] - Text of object 'Object Repository/Pages/Sale/link_MonthYear' is: 'May 2032'&#xD;
&#xD;
2019-11-01 07:46:42 - [MESSAGE][PASSED] - Object: 'Object Repository/Pages/Sale/calender_NextButton' is clicked on&#xD;
&#xD;
2019-11-01 07:46:42 - [MESSAGE][PASSED] - Text of object 'Object Repository/Pages/Sale/link_MonthYear' is: 'June 2032'&#xD;
&#xD;
2019-11-01 07:46:42 - [MESSAGE][PASSED] - Object: 'Object Repository/Pages/Sale/calender_NextButton' is clicked on&#xD;
&#xD;
2019-11-01 07:46:42 - [MESSAGE][PASSED] - Text of object 'Object Repository/Pages/Sale/link_MonthYear' is: 'July 2032'&#xD;
&#xD;
2019-11-01 07:46:42 - [MESSAGE][PASSED] - Object: 'Object Repository/Pages/Sale/calender_NextButton' is clicked on&#xD;
&#xD;
2019-11-01 07:46:42 - [MESSAGE][PASSED] - Text of object 'Object Repository/Pages/Sale/link_MonthYear' is: 'August 2032'&#xD;
&#xD;
2019-11-01 07:46:42 - [MESSAGE][PASSED] - Object: 'Object Repository/Pages/Sale/calender_NextButton' is clicked on&#xD;
&#xD;
2019-11-01 07:46:42 - [MESSAGE][PASSED] - Text of object 'Object Repository/Pages/Sale/link_MonthYear' is: 'September 2032'&#xD;
&#xD;
2019-11-01 07:46:42 - [MESSAGE][PASSED] - pages.Sale.selectMonthYear is PASSED&#xD;
&#xD;
2019-11-01 07:46:42 - [TEST_STEP][PASSED] - pages.Sale.selectDate(start_date_Value): pages.Sale.selectDate is PASSED&#xD;
&#xD;
2019-11-01 07:46:42 - [MESSAGE][PASSED] - Object: '' is clicked on&#xD;
&#xD;
2019-11-01 07:46:42 - [MESSAGE][PASSED] - pages.Sale.selectDate is PASSED&#xD;
&#xD;
2019-11-01 07:46:42 - [TEST_STEP][PASSED] - utilities.SafeActions.safeClickwithScroll(findTestObject("Pages/FirstPayVault/button_Checkout"), "Click on Checkout", [delayBetweenTestSteps]): utilities.SafeActions.safeClickwithScroll is PASSED&#xD;
&#xD;
2019-11-01 07:46:43 - [MESSAGE][PASSED] - Object 'Object Repository/Pages/FirstPayVault/button_Checkout' is present&#xD;
&#xD;
2019-11-01 07:46:43 - [MESSAGE][PASSED] - Object 'Object Repository/Pages/FirstPayVault/button_Checkout' is visible&#xD;
&#xD;
2019-11-01 07:46:43 - [MESSAGE][INFO] - 1stPayVault_TestSuite.ts:waiting until Click on Checkout is Clickable&#xD;
&#xD;
2019-11-01 07:46:43 - [MESSAGE][PASSED] - Object 'Object Repository/Pages/FirstPayVault/button_Checkout' is clickable&#xD;
&#xD;
2019-11-01 07:46:43 - [MESSAGE][PASSED] - Object 'Object Repository/Pages/FirstPayVault/button_Checkout' is visible&#xD;
&#xD;
2019-11-01 07:46:43 - [MESSAGE][PASSED] - Object: 'Object Repository/Pages/FirstPayVault/button_Checkout' is clicked on&#xD;
&#xD;
2019-11-01 07:46:43 - [MESSAGE][INFO] - 1stPayVault_TestSuite.ts: Clicked on the Click on Checkout&#xD;
&#xD;
2019-11-01 07:46:43 - [MESSAGE][PASSED] - utilities.SafeActions.safeClickwithScroll is PASSED&#xD;
&#xD;
2019-11-01 07:46:43 - [TEST_STEP][PASSED] - pages.Sale.verifyTransactionCompletePage(findTestObject("Pages/Sale/heading_TransactionComplete")): The screen is Transaction Complete screen&#xD;
&#xD;
2019-11-01 07:46:44 - [MESSAGE][PASSED] - Object 'Object Repository/Pages/Sale/heading_TransactionComplete' is present&#xD;
&#xD;
2019-11-01 07:46:45 - [MESSAGE][PASSED] - The screen is Transaction Complete screen&#xD;
&#xD;
2019-11-01 07:46:45 - [TEST_STEP][PASSED] - delay(2): Delayed 2 second(s)&#xD;
&#xD;
2019-11-01 07:46:47 - [MESSAGE][PASSED] - Delayed 2 second(s)&#xD;
&#xD;
2019-11-01 07:46:47 - [TEST_STEP][PASSED] - total_Amount = utilities.SafeActions.safeGetText(findTestObject("Pages/Refund/totalAmount"), delayForElement): utilities.SafeActions.safeGetText is PASSED&#xD;
&#xD;
2019-11-01 07:46:47 - [MESSAGE][PASSED] - Object 'Object Repository/Pages/Refund/totalAmount' is present&#xD;
&#xD;
2019-11-01 07:46:47 - [MESSAGE][PASSED] - Scroll to object 'Object Repository/Pages/Refund/totalAmount' successfully&#xD;
&#xD;
2019-11-01 07:46:47 - [MESSAGE][PASSED] - Object 'Object Repository/Pages/Refund/totalAmount' is present&#xD;
&#xD;
2019-11-01 07:46:48 - [MESSAGE][PASSED] - Text of object 'Object Repository/Pages/Refund/totalAmount' is: '$487.13'&#xD;
&#xD;
2019-11-01 07:46:48 - [MESSAGE][PASSED] - utilities.SafeActions.safeGetText is PASSED&#xD;
&#xD;
2019-11-01 07:46:48 - [TEST_STEP][PASSED] - invoiceNumber = utilities.SafeActions.safeGetText(findTestObject("Pages/Refund/invoiceNumber"), delayForElement): utilities.SafeActions.safeGetText is PASSED&#xD;
&#xD;
2019-11-01 07:46:48 - [MESSAGE][PASSED] - Object 'Object Repository/Pages/Refund/invoiceNumber' is present&#xD;
&#xD;
2019-11-01 07:46:48 - [MESSAGE][PASSED] - Scroll to object 'Object Repository/Pages/Refund/invoiceNumber' successfully&#xD;
&#xD;
2019-11-01 07:46:48 - [MESSAGE][PASSED] - Object 'Object Repository/Pages/Refund/invoiceNumber' is present&#xD;
&#xD;
2019-11-01 07:46:48 - [MESSAGE][PASSED] - Text of object 'Object Repository/Pages/Refund/invoiceNumber' is: '157259797533344'&#xD;
&#xD;
2019-11-01 07:46:48 - [MESSAGE][PASSED] - utilities.SafeActions.safeGetText is PASSED&#xD;
&#xD;
2019-11-01 07:46:48 - [TEST_STEP][PASSED] - utilities.SafeActions.safeClickwithScroll(findTestObject("Pages/FirstPayVault/button_ReturnToVault_InTransactionComplete"), "Click on Return To Vault", [PageLoadTime]): utilities.SafeActions.safeClickwithScroll is PASSED&#xD;
&#xD;
2019-11-01 07:46:49 - [MESSAGE][PASSED] - Object 'Object Repository/Pages/FirstPayVault/button_ReturnToVault_InTransactionComplete' is present&#xD;
&#xD;
2019-11-01 07:46:49 - [MESSAGE][PASSED] - Object 'Object Repository/Pages/FirstPayVault/button_ReturnToVault_InTransactionComplete' is visible&#xD;
&#xD;
2019-11-01 07:46:49 - [MESSAGE][INFO] - 1stPayVault_TestSuite.ts:waiting until Click on Return To Vault is Clickable&#xD;
&#xD;
2019-11-01 07:46:49 - [MESSAGE][PASSED] - Object 'Object Repository/Pages/FirstPayVault/button_ReturnToVault_InTransactionComplete' is clickable&#xD;
&#xD;
2019-11-01 07:46:49 - [MESSAGE][PASSED] - Object 'Object Repository/Pages/FirstPayVault/button_ReturnToVault_InTransactionComplete' is visible&#xD;
&#xD;
2019-11-01 07:46:50 - [MESSAGE][PASSED] - Object: 'Object Repository/Pages/FirstPayVault/button_ReturnToVault_InTransactionComplete' is clicked on&#xD;
&#xD;
2019-11-01 07:46:50 - [MESSAGE][INFO] - 1stPayVault_TestSuite.ts: Clicked on the Click on Return To Vault&#xD;
&#xD;
2019-11-01 07:46:50 - [MESSAGE][PASSED] - utilities.SafeActions.safeClickwithScroll is PASSED&#xD;
&#xD;
2019-11-01 07:46:50 - [TEST_STEP][PASSED] - println(invoiceNumber): null&#xD;
&#xD;
2019-11-01 07:46:50 - [TEST_STEP][PASSED] - println(total_Amount): null&#xD;
&#xD;
2019-11-01 07:46:50 - [TEST_STEP][PASSED] - utilities.SafeActions.safeClickwithScroll(findTestObject("Pages/Future_Payments/tab_FuturePayments"), "Click on Future Payments Tab", [delayBetweenTestSteps]): utilities.SafeActions.safeClickwithScroll is PASSED&#xD;
&#xD;
2019-11-01 07:46:50 - [MESSAGE][PASSED] - Object 'Object Repository/Pages/Future_Payments/tab_FuturePayments' is present&#xD;
&#xD;
2019-11-01 07:46:50 - [MESSAGE][PASSED] - Object 'Object Repository/Pages/Future_Payments/tab_FuturePayments' is visible&#xD;
&#xD;
2019-11-01 07:46:50 - [MESSAGE][INFO] - 1stPayVault_TestSuite.ts:waiting until Click on Future Payments Tab is Clickable&#xD;
&#xD;
2019-11-01 07:46:50 - [MESSAGE][PASSED] - Object 'Object Repository/Pages/Future_Payments/tab_FuturePayments' is clickable&#xD;
&#xD;
2019-11-01 07:46:50 - [MESSAGE][PASSED] - Object 'Object Repository/Pages/Future_Payments/tab_FuturePayments' is visible&#xD;
&#xD;
2019-11-01 07:46:51 - [MESSAGE][PASSED] - Object: 'Object Repository/Pages/Future_Payments/tab_FuturePayments' is clicked on&#xD;
&#xD;
2019-11-01 07:46:51 - [MESSAGE][INFO] - 1stPayVault_TestSuite.ts: Clicked on the Click on Future Payments Tab&#xD;
&#xD;
2019-11-01 07:46:51 - [MESSAGE][PASSED] - utilities.SafeActions.safeClickwithScroll is PASSED&#xD;
&#xD;
2019-11-01 07:46:51 - [TEST_STEP][PASSED] - utilities.SafeActions.safeClickwithScroll(findTestObject("Pages/Future_Payments/search_Button"), "Search", [delayBetweenTestSteps]): utilities.SafeActions.safeClickwithScroll is PASSED&#xD;
&#xD;
2019-11-01 07:46:51 - [MESSAGE][PASSED] - Object 'Object Repository/Pages/Future_Payments/search_Button' is present&#xD;
&#xD;
2019-11-01 07:46:51 - [MESSAGE][PASSED] - Object 'Object Repository/Pages/Future_Payments/search_Button' is visible&#xD;
&#xD;
2019-11-01 07:46:51 - [MESSAGE][INFO] - 1stPayVault_TestSuite.ts:waiting until Search is Clickable&#xD;
&#xD;
2019-11-01 07:46:51 - [MESSAGE][PASSED] - Object 'Object Repository/Pages/Future_Payments/search_Button' is clickable&#xD;
&#xD;
2019-11-01 07:46:51 - [MESSAGE][PASSED] - Object 'Object Repository/Pages/Future_Payments/search_Button' is visible&#xD;
&#xD;
2019-11-01 07:46:52 - [MESSAGE][PASSED] - Object: 'Object Repository/Pages/Future_Payments/search_Button' is clicked on&#xD;
&#xD;
2019-11-01 07:46:52 - [MESSAGE][INFO] - 1stPayVault_TestSuite.ts: Clicked on the Search&#xD;
&#xD;
2019-11-01 07:46:52 - [MESSAGE][PASSED] - utilities.SafeActions.safeClickwithScroll is PASSED&#xD;
&#xD;
2019-11-01 07:46:52 - [TEST_STEP][PASSED] - scrollToElement(findTestObject("Pages/Future_Payments/invoiceForTransaction"), delayBetweenTestSteps): Scroll to object 'Object Repository/Pages/Future_Payments/invoiceForTransaction' successfully&#xD;
&#xD;
2019-11-01 07:46:52 - [MESSAGE][PASSED] - Scroll to object 'Object Repository/Pages/Future_Payments/invoiceForTransaction' successfully&#xD;
&#xD;
2019-11-01 07:46:52 - [TEST_STEP][PASSED] - pages.Future_Payments.verifyInvoiceRecord(findTestObject("Pages/Future_Payments/footer_NextButton"), findTestObject("Pages/Future_Payments/page_Number"), invoiceNumber, total_Amount): The Transaction is found in page 6&#xD;
&#xD;
2019-11-01 07:46:53 - [MESSAGE][PASSED] - Text of object 'Object Repository/Pages/Future_Payments/page_Number' is: 'Page 1 of 7'&#xD;
&#xD;
2019-11-01 07:46:59 - [MESSAGE][PASSED] - Delayed 5 second(s)&#xD;
&#xD;
2019-11-01 07:47:00 - [MESSAGE][PASSED] - Object: 'Object Repository/Pages/Future_Payments/footer_NextButton' is clicked on&#xD;
&#xD;
2019-11-01 07:47:00 - [MESSAGE][PASSED] - Text of object 'Object Repository/Pages/Future_Payments/page_Number' is: 'Page 2 of 7'&#xD;
&#xD;
2019-11-01 07:47:05 - [MESSAGE][PASSED] - Delayed 5 second(s)&#xD;
&#xD;
2019-11-01 07:47:06 - [MESSAGE][PASSED] - Object: 'Object Repository/Pages/Future_Payments/footer_NextButton' is clicked on&#xD;
&#xD;
2019-11-01 07:47:06 - [MESSAGE][PASSED] - Text of object 'Object Repository/Pages/Future_Payments/page_Number' is: 'Page 3 of 7'&#xD;
&#xD;
2019-11-01 07:47:12 - [MESSAGE][PASSED] - Delayed 5 second(s)&#xD;
&#xD;
2019-11-01 07:47:12 - [MESSAGE][PASSED] - Object: 'Object Repository/Pages/Future_Payments/footer_NextButton' is clicked on&#xD;
&#xD;
2019-11-01 07:47:12 - [MESSAGE][PASSED] - Text of object 'Object Repository/Pages/Future_Payments/page_Number' is: 'Page 4 of 7'&#xD;
&#xD;
2019-11-01 07:47:18 - [MESSAGE][PASSED] - Delayed 5 second(s)&#xD;
&#xD;
2019-11-01 07:47:18 - [MESSAGE][PASSED] - Object: 'Object Repository/Pages/Future_Payments/footer_NextButton' is clicked on&#xD;
&#xD;
2019-11-01 07:47:19 - [MESSAGE][PASSED] - Text of object 'Object Repository/Pages/Future_Payments/page_Number' is: 'Page 5 of 7'&#xD;
&#xD;
2019-11-01 07:47:24 - [MESSAGE][PASSED] - Delayed 5 second(s)&#xD;
&#xD;
2019-11-01 07:47:25 - [MESSAGE][PASSED] - Object: 'Object Repository/Pages/Future_Payments/footer_NextButton' is clicked on&#xD;
&#xD;
2019-11-01 07:47:25 - [MESSAGE][PASSED] - Text of object 'Object Repository/Pages/Future_Payments/page_Number' is: 'Page 6 of 7'&#xD;
&#xD;
2019-11-01 07:47:26 - [MESSAGE][PASSED] - The Transaction is found in page 6&#xD;
&#xD;
2019-11-01 07:47:26 - [TEST_STEP][PASSED] - closeBrowser(): Browser is closed&#xD;
&#xD;
2019-11-01 07:47:28 - [MESSAGE][PASSED] - Browser is closed&#xD;
&#xD;
2019-11-01 07:47:28 - [TEST_STEP][PASSED] - Start listener action : sampleAfterTestCase: null&#xD;
&#xD;
2019-11-01 07:47:28 - [TEST_STEP][PASSED] - println(testCaseContext.getTestCaseId()): null&#xD;
&#xD;
2019-11-01 07:47:28 - [TEST_STEP][PASSED] - println(testCaseContext.getTestCaseStatus()): null&#xD;
&#xD;
2019-11-01 07:47:28 - [TEST_STEP][PASSED] - testCaseName = testCaseContext.getTestCaseId(): null&#xD;
&#xD;
2019-11-01 07:47:28 - [TEST_STEP][PASSED] - strCount = testCaseName.lastIndexOf("/"): null&#xD;
&#xD;
2019-11-01 07:47:28 - [TEST_STEP][PASSED] - testCaseName = testCaseName.substring(strCount): null&#xD;
&#xD;
2019-11-01 07:47:28 - [TEST_STEP][PASSED] - println(testCaseName): null&#xD;
&#xD;
2019-11-01 07:47:28 - [TEST_STEP][PASSED] - if (getTestCaseStatus().equalsIgnoreCase("Error")): null&#xD;
&#xD;
2019-11-01 07:47:28 - [TEST_STEP][PASSED] - Start listener action : sampleAfterTestCase: null</system-out>
            <system-err></system-err>
        </testcase>
        <testcase name="Test Cases/FirstView/FirstPayVault/VPOS_1stPayVault_Search_Vault_By_Date_Retail" classname="Test Cases/FirstView/FirstPayVault/VPOS_1stPayVault_Search_Vault_By_Date_Retail" status="PASSED">
            <system-out>2019-11-01 07:47:28 - [TEST_CASE][PASSED] - Test Cases/FirstView/FirstPayVault/VPOS_1stPayVault_Search_Vault_By_Date_Retail: Test Cases/FirstView/FirstPayVault/VPOS_1stPayVault_Search_Vault_By_Date_Retail&#xD;
&#xD;
2019-11-01 07:47:28 - [TEST_STEP][PASSED] - Start listener action : sampleBeforeTestCase: null&#xD;
&#xD;
2019-11-01 07:47:28 - [TEST_STEP][PASSED] - println(testCaseContext.getTestCaseId()): null&#xD;
&#xD;
2019-11-01 07:47:28 - [TEST_STEP][PASSED] - println(testCaseContext.getTestCaseVariables()): null&#xD;
&#xD;
2019-11-01 07:47:29 - [TEST_STEP][PASSED] - utilities.SafeActions.openBrowser(URL, [PageLoadTime]): utilities.SafeActions.openBrowser is PASSED&#xD;
&#xD;
2019-11-01 07:47:29 - [MESSAGE][INFO] - Opening Browser&#xD;
&#xD;
2019-11-01 07:47:29 - [MESSAGE][INFO] - Starting 'Chrome' driver&#xD;
&#xD;
2019-11-01 07:47:36 - [MESSAGE][PASSED] - Browser is opened with url: 'https://q-www-firstview-net.faps.net/MVC/Account/Login'&#xD;
&#xD;
2019-11-01 07:47:38 - [MESSAGE][PASSED] - Current window maximized&#xD;
&#xD;
2019-11-01 07:47:38 - [MESSAGE][INFO] - Browser Launched Successfully&#xD;
&#xD;
2019-11-01 07:47:38 - [MESSAGE][PASSED] - utilities.SafeActions.openBrowser is PASSED&#xD;
&#xD;
2019-11-01 07:47:38 - [TEST_STEP][PASSED] - pages.Login.login(uName, password): pages.Login.login is PASSED&#xD;
&#xD;
2019-11-01 07:47:39 - [MESSAGE][PASSED] - Object 'Object Repository/Pages/Login/userName' is present&#xD;
&#xD;
2019-11-01 07:47:39 - [MESSAGE][PASSED] - Scroll to object 'Object Repository/Pages/Login/userName' successfully&#xD;
&#xD;
2019-11-01 07:47:39 - [MESSAGE][PASSED] - Object 'Object Repository/Pages/Login/userName' is present&#xD;
&#xD;
2019-11-01 07:47:39 - [MESSAGE][PASSED] - Object: 'Object Repository/Pages/Login/userName' is clicked on&#xD;
&#xD;
2019-11-01 07:47:40 - [MESSAGE][PASSED] - Text 'ZenQRetail' is set on object 'Object Repository/Pages/Login/userName'&#xD;
&#xD;
2019-11-01 07:47:40 - [MESSAGE][PASSED] - Object 'Object Repository/Pages/Login/password' is present&#xD;
&#xD;
2019-11-01 07:47:40 - [MESSAGE][PASSED] - Scroll to object 'Object Repository/Pages/Login/password' successfully&#xD;
&#xD;
2019-11-01 07:47:40 - [MESSAGE][PASSED] - Object 'Object Repository/Pages/Login/password' is present&#xD;
&#xD;
2019-11-01 07:47:40 - [MESSAGE][PASSED] - Object: 'Object Repository/Pages/Login/password' is clicked on&#xD;
&#xD;
2019-11-01 07:47:41 - [MESSAGE][PASSED] - Text 'P@ssword1' is set on object 'Object Repository/Pages/Login/password'&#xD;
&#xD;
2019-11-01 07:47:41 - [MESSAGE][INFO] - Safe Click Without scroll&#xD;
&#xD;
2019-11-01 07:47:41 - [MESSAGE][INFO] - 1stPayVault_TestSuite.ts:waiting until Click on Login is Clickable&#xD;
&#xD;
2019-11-01 07:47:41 - [MESSAGE][PASSED] - Object 'Object Repository/Pages/Login/login' is clickable&#xD;
&#xD;
2019-11-01 07:47:41 - [MESSAGE][PASSED] - Object 'Object Repository/Pages/Login/login' is visible&#xD;
&#xD;
2019-11-01 07:47:43 - [MESSAGE][PASSED] - Object: 'Object Repository/Pages/Login/login' is clicked on&#xD;
&#xD;
2019-11-01 07:47:43 - [MESSAGE][INFO] - 1stPayVault_TestSuite.ts: click on the Click on Login&#xD;
&#xD;
2019-11-01 07:47:43 - [MESSAGE][PASSED] - pages.Login.login is PASSED&#xD;
&#xD;
2019-11-01 07:47:43 - [TEST_STEP][PASSED] - callTestCase(findTestCase("FirstView/Login/TC_SendCode"), [:], STOP_ON_FAILURE): Call Test Case 'Test Cases/FirstView/Login/TC_SendCode' successfully&#xD;
&#xD;
2019-11-01 07:47:43 - [TEST_CASE][PASSED] - Test Cases/FirstView/Login/TC_SendCode: Test Cases/FirstView/Login/TC_SendCode&#xD;
&#xD;
2019-11-01 07:47:43 - [TEST_STEP][PASSED] - flag = pages.SendCode.verifyPage(): pages.SendCode.verifyPage is PASSED&#xD;
&#xD;
2019-11-01 07:47:43 - [MESSAGE][PASSED] - Object 'Object Repository/Pages/SendCodeToValidate/header_SendCodeToValidate' is present and visible in viewport&#xD;
&#xD;
2019-11-01 07:47:43 - [MESSAGE][PASSED] - pages.SendCode.verifyPage is PASSED&#xD;
&#xD;
2019-11-01 07:47:43 - [TEST_STEP][PASSED] - if (flag): pages.SendCode.clickonUserSettings is PASSED&#xD;
&#xD;
2019-11-01 07:47:43 - [TEST_STEP][PASSED] - pages.SendCode.clickonUserSettings(): pages.SendCode.clickonUserSettings is PASSED&#xD;
&#xD;
2019-11-01 07:47:43 - [MESSAGE][PASSED] - Object 'Object Repository/Pages/SendCodeToValidate/link_UserSettings' is present&#xD;
&#xD;
2019-11-01 07:47:43 - [MESSAGE][PASSED] - Object 'Object Repository/Pages/SendCodeToValidate/link_UserSettings' is visible&#xD;
&#xD;
2019-11-01 07:47:43 - [MESSAGE][INFO] - 1stPayVault_TestSuite.ts:waiting until Click on User Settings is Clickable&#xD;
&#xD;
2019-11-01 07:47:44 - [MESSAGE][PASSED] - Object 'Object Repository/Pages/SendCodeToValidate/link_UserSettings' is clickable&#xD;
&#xD;
2019-11-01 07:47:44 - [MESSAGE][PASSED] - Object 'Object Repository/Pages/SendCodeToValidate/link_UserSettings' is visible&#xD;
&#xD;
2019-11-01 07:47:45 - [MESSAGE][PASSED] - Object: 'Object Repository/Pages/SendCodeToValidate/link_UserSettings' is clicked on&#xD;
&#xD;
2019-11-01 07:47:45 - [MESSAGE][INFO] - 1stPayVault_TestSuite.ts: Clicked on the Click on User Settings&#xD;
&#xD;
2019-11-01 07:47:45 - [MESSAGE][PASSED] - pages.SendCode.clickonUserSettings is PASSED&#xD;
&#xD;
2019-11-01 07:47:45 - [MESSAGE][PASSED] - Call Test Case 'Test Cases/FirstView/Login/TC_SendCode' successfully&#xD;
&#xD;
2019-11-01 07:47:45 - [TEST_STEP][PASSED] - callTestCase(findTestCase("FirstView/Login/TC_FirstView"), [:], STOP_ON_FAILURE): Call Test Case 'Test Cases/FirstView/Login/TC_FirstView' successfully&#xD;
&#xD;
2019-11-01 07:47:45 - [TEST_CASE][PASSED] - Test Cases/FirstView/Login/TC_FirstView: Test Cases/FirstView/Login/TC_FirstView&#xD;
&#xD;
2019-11-01 07:47:45 - [TEST_STEP][NOT_RUN] - utilities.SafeActions.safeClickWithoutScroll(findTestObject("Pages/FirstView/link_Home"), "Click on Home button in First View screen", [PageLoadTime]): NOT_RUN: utilities.SafeActions.safeClickWithoutScroll(findTestObject("Pages/FirstView/link_Home"), "Click on Home button in First View screen", [PageLoadTime])&#xD;
&#xD;
2019-11-01 07:47:45 - [MESSAGE][NOT_RUN] - NOT_RUN: utilities.SafeActions.safeClickWithoutScroll(findTestObject("Pages/FirstView/link_Home"), "Click on Home button in First View screen", [PageLoadTime])&#xD;
&#xD;
2019-11-01 07:47:45 - [TEST_STEP][PASSED] - delay(3): Delayed 3 second(s)&#xD;
&#xD;
2019-11-01 07:47:48 - [MESSAGE][PASSED] - Delayed 3 second(s)&#xD;
&#xD;
2019-11-01 07:47:48 - [TEST_STEP][PASSED] - utilities.SafeActions.javascriptclick(findTestObject("Pages/FirstView/link_Home"), delayForElement): utilities.SafeActions.javascriptclick is PASSED&#xD;
&#xD;
2019-11-01 07:47:49 - [MESSAGE][PASSED] - utilities.SafeActions.javascriptclick is PASSED&#xD;
&#xD;
2019-11-01 07:47:49 - [TEST_STEP][PASSED] - utilities.SafeActions.safeClickWithoutScroll(findTestObject("Pages/FirstView/link_VPOS"), "Click on VPOS button in First View screen", [PageLoadTime]): utilities.SafeActions.safeClickWithoutScroll is PASSED&#xD;
&#xD;
2019-11-01 07:47:49 - [MESSAGE][INFO] - Safe Click Without scroll&#xD;
&#xD;
2019-11-01 07:47:49 - [MESSAGE][INFO] - 1stPayVault_TestSuite.ts:waiting until Click on VPOS button in First View screen is Clickable&#xD;
&#xD;
2019-11-01 07:47:49 - [MESSAGE][PASSED] - Object 'Object Repository/Pages/FirstView/link_VPOS' is clickable&#xD;
&#xD;
2019-11-01 07:47:49 - [MESSAGE][PASSED] - Object 'Object Repository/Pages/FirstView/link_VPOS' is visible&#xD;
&#xD;
2019-11-01 07:47:50 - [MESSAGE][PASSED] - Object: 'Object Repository/Pages/FirstView/link_VPOS' is clicked on&#xD;
&#xD;
2019-11-01 07:47:50 - [MESSAGE][INFO] - 1stPayVault_TestSuite.ts: click on the Click on VPOS button in First View screen&#xD;
&#xD;
2019-11-01 07:47:50 - [MESSAGE][PASSED] - utilities.SafeActions.safeClickWithoutScroll is PASSED&#xD;
&#xD;
2019-11-01 07:47:50 - [MESSAGE][PASSED] - Call Test Case 'Test Cases/FirstView/Login/TC_FirstView' successfully&#xD;
&#xD;
2019-11-01 07:47:50 - [TEST_STEP][PASSED] - switchToWindowTitle("Transcenter - VPOS"): Switched to window with title: 'Transcenter - VPOS'&#xD;
&#xD;
2019-11-01 07:47:55 - [MESSAGE][PASSED] - Switched to window with title: 'Transcenter - VPOS'&#xD;
&#xD;
2019-11-01 07:47:55 - [TEST_STEP][PASSED] - focus(findTestObject("Pages/FirstPayVault/tab_FirstPayVault")): Object: 'Object Repository/Pages/FirstPayVault/tab_FirstPayVault' is focused&#xD;
&#xD;
2019-11-01 07:47:56 - [MESSAGE][PASSED] - Object: 'Object Repository/Pages/FirstPayVault/tab_FirstPayVault' is focused&#xD;
&#xD;
2019-11-01 07:47:56 - [TEST_STEP][PASSED] - utilities.SafeActions.javascriptclick(findTestObject("Pages/FirstPayVault/tab_FirstPayVault"), PageLoadTime): utilities.SafeActions.javascriptclick is PASSED&#xD;
&#xD;
2019-11-01 07:47:56 - [MESSAGE][PASSED] - utilities.SafeActions.javascriptclick is PASSED&#xD;
&#xD;
2019-11-01 07:47:56 - [TEST_STEP][PASSED] - delay(2): Delayed 2 second(s)&#xD;
&#xD;
2019-11-01 07:47:58 - [MESSAGE][PASSED] - Delayed 2 second(s)&#xD;
&#xD;
2019-11-01 07:47:58 - [TEST_STEP][PASSED] - utilities.SafeActions.safeClickWithoutScroll(findTestObject("Pages/FirstPayVault/tab_FirstPayVault"), "Click on FistPayVault tab", [delayForElement]): utilities.SafeActions.safeClickWithoutScroll is PASSED&#xD;
&#xD;
2019-11-01 07:47:58 - [MESSAGE][INFO] - Safe Click Without scroll&#xD;
&#xD;
2019-11-01 07:47:58 - [MESSAGE][INFO] - 1stPayVault_TestSuite.ts:waiting until Click on FistPayVault tab is Clickable&#xD;
&#xD;
2019-11-01 07:47:58 - [MESSAGE][PASSED] - Object 'Object Repository/Pages/FirstPayVault/tab_FirstPayVault' is clickable&#xD;
&#xD;
2019-11-01 07:47:58 - [MESSAGE][PASSED] - Object 'Object Repository/Pages/FirstPayVault/tab_FirstPayVault' is visible&#xD;
&#xD;
2019-11-01 07:47:59 - [MESSAGE][PASSED] - Object: 'Object Repository/Pages/FirstPayVault/tab_FirstPayVault' is clicked on&#xD;
&#xD;
2019-11-01 07:47:59 - [MESSAGE][INFO] - 1stPayVault_TestSuite.ts: click on the Click on FistPayVault tab&#xD;
&#xD;
2019-11-01 07:47:59 - [MESSAGE][PASSED] - utilities.SafeActions.safeClickWithoutScroll is PASSED&#xD;
&#xD;
2019-11-01 07:47:59 - [TEST_STEP][PASSED] - utilities.SafeActions.safeClickWithoutScroll(findTestObject("Pages/FirstPayVault/button_CreateVault"), "Click on CreateVault button", [PageLoadTime]): utilities.SafeActions.safeClickWithoutScroll is PASSED&#xD;
&#xD;
2019-11-01 07:47:59 - [MESSAGE][INFO] - Safe Click Without scroll&#xD;
&#xD;
2019-11-01 07:47:59 - [MESSAGE][INFO] - 1stPayVault_TestSuite.ts:waiting until Click on CreateVault button is Clickable&#xD;
&#xD;
2019-11-01 07:47:59 - [MESSAGE][PASSED] - Object 'Object Repository/Pages/FirstPayVault/button_CreateVault' is clickable&#xD;
&#xD;
2019-11-01 07:47:59 - [MESSAGE][PASSED] - Object 'Object Repository/Pages/FirstPayVault/button_CreateVault' is visible&#xD;
&#xD;
2019-11-01 07:48:00 - [MESSAGE][PASSED] - Object: 'Object Repository/Pages/FirstPayVault/button_CreateVault' is clicked on&#xD;
&#xD;
2019-11-01 07:48:00 - [MESSAGE][INFO] - 1stPayVault_TestSuite.ts: click on the Click on CreateVault button&#xD;
&#xD;
2019-11-01 07:48:00 - [MESSAGE][PASSED] - utilities.SafeActions.safeClickWithoutScroll is PASSED&#xD;
&#xD;
2019-11-01 07:48:00 - [TEST_STEP][PASSED] - scrollToElement(findTestObject("Pages/FirstPayVault/input_VaultReferenceNumber"), PageLoadTime): Scroll to object 'Object Repository/Pages/FirstPayVault/input_VaultReferenceNumber' successfully&#xD;
&#xD;
2019-11-01 07:48:00 - [MESSAGE][PASSED] - Scroll to object 'Object Repository/Pages/FirstPayVault/input_VaultReferenceNumber' successfully&#xD;
&#xD;
2019-11-01 07:48:00 - [TEST_STEP][PASSED] - vaultReference = utilities.SafeActions.timeWithMilliSeconds(): utilities.SafeActions.timeWithMilliSeconds is PASSED&#xD;
&#xD;
2019-11-01 07:48:00 - [MESSAGE][PASSED] - utilities.SafeActions.timeWithMilliSeconds is PASSED&#xD;
&#xD;
2019-11-01 07:48:00 - [TEST_STEP][PASSED] - utilities.SafeActions.safeType(findTestObject("Pages/FirstPayVault/input_VaultReferenceNumber"), vaultReference, "Entering Vault Reference Number", [PageLoadTime]): utilities.SafeActions.safeType is PASSED&#xD;
&#xD;
2019-11-01 07:48:00 - [MESSAGE][PASSED] - Object 'Object Repository/Pages/FirstPayVault/input_VaultReferenceNumber' is present&#xD;
&#xD;
2019-11-01 07:48:01 - [MESSAGE][PASSED] - Scroll to object 'Object Repository/Pages/FirstPayVault/input_VaultReferenceNumber' successfully&#xD;
&#xD;
2019-11-01 07:48:01 - [MESSAGE][PASSED] - Object 'Object Repository/Pages/FirstPayVault/input_VaultReferenceNumber' is present&#xD;
&#xD;
2019-11-01 07:48:01 - [MESSAGE][PASSED] - Object: 'Object Repository/Pages/FirstPayVault/input_VaultReferenceNumber' is clicked on&#xD;
&#xD;
2019-11-01 07:48:02 - [MESSAGE][PASSED] - Text '2019-11-01 07:48:00.852' is set on object 'Object Repository/Pages/FirstPayVault/input_VaultReferenceNumber'&#xD;
&#xD;
2019-11-01 07:48:02 - [MESSAGE][PASSED] - utilities.SafeActions.safeType is PASSED&#xD;
&#xD;
2019-11-01 07:48:02 - [TEST_STEP][PASSED] - utilities.SafeActions.safeType(findTestObject("Pages/FirstPayVault/input_CreditCardNumber"), visaCardNumber, "Entering Card Number", [PageLoadTime]): utilities.SafeActions.safeType is PASSED&#xD;
&#xD;
2019-11-01 07:48:02 - [MESSAGE][PASSED] - Object 'Object Repository/Pages/FirstPayVault/input_CreditCardNumber' is present&#xD;
&#xD;
2019-11-01 07:48:02 - [MESSAGE][PASSED] - Scroll to object 'Object Repository/Pages/FirstPayVault/input_CreditCardNumber' successfully&#xD;
&#xD;
2019-11-01 07:48:02 - [MESSAGE][PASSED] - Object 'Object Repository/Pages/FirstPayVault/input_CreditCardNumber' is present&#xD;
&#xD;
2019-11-01 07:48:04 - [MESSAGE][PASSED] - Object: 'Object Repository/Pages/FirstPayVault/input_CreditCardNumber' is clicked on&#xD;
&#xD;
2019-11-01 07:48:04 - [MESSAGE][PASSED] - Text '4111111111111111' is set on object 'Object Repository/Pages/FirstPayVault/input_CreditCardNumber'&#xD;
&#xD;
2019-11-01 07:48:04 - [MESSAGE][PASSED] - utilities.SafeActions.safeType is PASSED&#xD;
&#xD;
2019-11-01 07:48:04 - [TEST_STEP][PASSED] - utilities.SafeActions.safeSelectOptionInDropDownByVisibleText(findTestObject("Pages/FirstPayVault/dropDown_ExpirationYear"), cardYear, "year", [PageLoadTime]): utilities.SafeActions.safeSelectOptionInDropDownByVisibleText is PASSED&#xD;
&#xD;
2019-11-01 07:48:05 - [MESSAGE][PASSED] - Object 'Object Repository/Pages/FirstPayVault/dropDown_ExpirationYear' is visible&#xD;
&#xD;
2019-11-01 07:48:05 - [MESSAGE][PASSED] - Object 'Object Repository/Pages/FirstPayVault/dropDown_ExpirationYear' is present&#xD;
&#xD;
2019-11-01 07:48:07 - [MESSAGE][PASSED] - Object: 'Object Repository/Pages/FirstPayVault/dropDown_ExpirationYear' is clicked on&#xD;
&#xD;
2019-11-01 07:48:07 - [MESSAGE][PASSED] - All options with label '2032' are selected in object 'Object Repository/Pages/FirstPayVault/dropDown_ExpirationYear' &#xD;
&#xD;
2019-11-01 07:48:07 - [MESSAGE][PASSED] - utilities.SafeActions.safeSelectOptionInDropDownByVisibleText is PASSED&#xD;
&#xD;
2019-11-01 07:48:07 - [TEST_STEP][PASSED] - utilities.SafeActions.safeSelectOptionInDropDownByVisibleText(findTestObject("Pages/FirstPayVault/dropDown_ExpirationMonth"), cardMonth, "Expiration Month", [PageLoadTime]): utilities.SafeActions.safeSelectOptionInDropDownByVisibleText is PASSED&#xD;
&#xD;
2019-11-01 07:48:08 - [MESSAGE][PASSED] - Object 'Object Repository/Pages/FirstPayVault/dropDown_ExpirationMonth' is visible&#xD;
&#xD;
2019-11-01 07:48:08 - [MESSAGE][PASSED] - Object 'Object Repository/Pages/FirstPayVault/dropDown_ExpirationMonth' is present&#xD;
&#xD;
2019-11-01 07:48:08 - [MESSAGE][PASSED] - Object: 'Object Repository/Pages/FirstPayVault/dropDown_ExpirationMonth' is clicked on&#xD;
&#xD;
2019-11-01 07:48:08 - [MESSAGE][PASSED] - All options with label 'September' are selected in object 'Object Repository/Pages/FirstPayVault/dropDown_ExpirationMonth' &#xD;
&#xD;
2019-11-01 07:48:08 - [MESSAGE][PASSED] - utilities.SafeActions.safeSelectOptionInDropDownByVisibleText is PASSED&#xD;
&#xD;
2019-11-01 07:48:08 - [TEST_STEP][PASSED] - utilities.SafeActions.safeType(findTestObject("Pages/FirstPayVault/input_ContactName"), customerName, "Enter Contact Name", [PageLoadTime]): utilities.SafeActions.safeType is PASSED&#xD;
&#xD;
2019-11-01 07:48:09 - [MESSAGE][PASSED] - Object 'Object Repository/Pages/FirstPayVault/input_ContactName' is present&#xD;
&#xD;
2019-11-01 07:48:09 - [MESSAGE][PASSED] - Scroll to object 'Object Repository/Pages/FirstPayVault/input_ContactName' successfully&#xD;
&#xD;
2019-11-01 07:48:09 - [MESSAGE][PASSED] - Object 'Object Repository/Pages/FirstPayVault/input_ContactName' is present&#xD;
&#xD;
2019-11-01 07:48:09 - [MESSAGE][PASSED] - Object: 'Object Repository/Pages/FirstPayVault/input_ContactName' is clicked on&#xD;
&#xD;
2019-11-01 07:48:10 - [MESSAGE][PASSED] - Text 'Venkata Sai' is set on object 'Object Repository/Pages/FirstPayVault/input_ContactName'&#xD;
&#xD;
2019-11-01 07:48:10 - [MESSAGE][PASSED] - utilities.SafeActions.safeType is PASSED&#xD;
&#xD;
2019-11-01 07:48:10 - [TEST_STEP][PASSED] - utilities.SafeActions.safeType(findTestObject("Pages/FirstPayVault/input_PostalCode"), postalCode, "Enter Postal Code", [PageLoadTime]): utilities.SafeActions.safeType is PASSED&#xD;
&#xD;
2019-11-01 07:48:10 - [MESSAGE][PASSED] - Object 'Object Repository/Pages/FirstPayVault/input_PostalCode' is present&#xD;
&#xD;
2019-11-01 07:48:10 - [MESSAGE][PASSED] - Scroll to object 'Object Repository/Pages/FirstPayVault/input_PostalCode' successfully&#xD;
&#xD;
2019-11-01 07:48:10 - [MESSAGE][PASSED] - Object 'Object Repository/Pages/FirstPayVault/input_PostalCode' is present&#xD;
&#xD;
2019-11-01 07:48:10 - [MESSAGE][PASSED] - Object: 'Object Repository/Pages/FirstPayVault/input_PostalCode' is clicked on&#xD;
&#xD;
2019-11-01 07:48:11 - [MESSAGE][PASSED] - Text '76102' is set on object 'Object Repository/Pages/FirstPayVault/input_PostalCode'&#xD;
&#xD;
2019-11-01 07:48:11 - [MESSAGE][PASSED] - utilities.SafeActions.safeType is PASSED&#xD;
&#xD;
2019-11-01 07:48:11 - [TEST_STEP][PASSED] - utilities.SafeActions.safeType(findTestObject("Pages/FirstPayVault/input_Address"), address, "Enter ddress", [PageLoadTime]): utilities.SafeActions.safeType is PASSED&#xD;
&#xD;
2019-11-01 07:48:11 - [MESSAGE][PASSED] - Object 'Object Repository/Pages/FirstPayVault/input_Address' is present&#xD;
&#xD;
2019-11-01 07:48:12 - [MESSAGE][PASSED] - Scroll to object 'Object Repository/Pages/FirstPayVault/input_Address' successfully&#xD;
&#xD;
2019-11-01 07:48:12 - [MESSAGE][PASSED] - Object 'Object Repository/Pages/FirstPayVault/input_Address' is present&#xD;
&#xD;
2019-11-01 07:48:13 - [MESSAGE][PASSED] - Object: 'Object Repository/Pages/FirstPayVault/input_Address' is clicked on&#xD;
&#xD;
2019-11-01 07:48:14 - [MESSAGE][PASSED] - Text 'Street123' is set on object 'Object Repository/Pages/FirstPayVault/input_Address'&#xD;
&#xD;
2019-11-01 07:48:14 - [MESSAGE][PASSED] - utilities.SafeActions.safeType is PASSED&#xD;
&#xD;
2019-11-01 07:48:14 - [TEST_STEP][PASSED] - utilities.SafeActions.safeCheckForElement(findTestObject("Pages/FirstPayVault/chekBox_AddShippingInformation"), PageLoadTime): utilities.SafeActions.safeCheckForElement is PASSED&#xD;
&#xD;
2019-11-01 07:48:14 - [MESSAGE][PASSED] - Object 'Object Repository/Pages/FirstPayVault/chekBox_AddShippingInformation' is present&#xD;
&#xD;
2019-11-01 07:48:14 - [MESSAGE][PASSED] - Object 'Object Repository/Pages/FirstPayVault/chekBox_AddShippingInformation' is visible&#xD;
&#xD;
2019-11-01 07:48:14 - [MESSAGE][PASSED] - Object 'Object Repository/Pages/FirstPayVault/chekBox_AddShippingInformation' is present&#xD;
&#xD;
2019-11-01 07:48:15 - [MESSAGE][PASSED] - Object 'Object Repository/Pages/FirstPayVault/chekBox_AddShippingInformation' is checked&#xD;
&#xD;
2019-11-01 07:48:15 - [MESSAGE][PASSED] - utilities.SafeActions.safeCheckForElement is PASSED&#xD;
&#xD;
2019-11-01 07:48:15 - [TEST_STEP][PASSED] - utilities.SafeActions.safeType(findTestObject("Pages/FirstPayVault/input_ShippingMethod"), shippingMethod, "Enter Shipping Method", [PageLoadTime]): utilities.SafeActions.safeType is PASSED&#xD;
&#xD;
2019-11-01 07:48:16 - [MESSAGE][PASSED] - Object 'Object Repository/Pages/FirstPayVault/input_ShippingMethod' is present&#xD;
&#xD;
2019-11-01 07:48:16 - [MESSAGE][PASSED] - Scroll to object 'Object Repository/Pages/FirstPayVault/input_ShippingMethod' successfully&#xD;
&#xD;
2019-11-01 07:48:16 - [MESSAGE][PASSED] - Object 'Object Repository/Pages/FirstPayVault/input_ShippingMethod' is present&#xD;
&#xD;
2019-11-01 07:48:16 - [MESSAGE][PASSED] - Object: 'Object Repository/Pages/FirstPayVault/input_ShippingMethod' is clicked on&#xD;
&#xD;
2019-11-01 07:48:17 - [MESSAGE][PASSED] - Text 'DTDC' is set on object 'Object Repository/Pages/FirstPayVault/input_ShippingMethod'&#xD;
&#xD;
2019-11-01 07:48:17 - [MESSAGE][PASSED] - utilities.SafeActions.safeType is PASSED&#xD;
&#xD;
2019-11-01 07:48:17 - [TEST_STEP][PASSED] - utilities.SafeActions.safeCheckForElement(findTestObject("Pages/FirstPayVault/checkbox_SameAsBillingInformation"), PageLoadTime): utilities.SafeActions.safeCheckForElement is PASSED&#xD;
&#xD;
2019-11-01 07:48:17 - [MESSAGE][PASSED] - Object 'Object Repository/Pages/FirstPayVault/checkbox_SameAsBillingInformation' is present&#xD;
&#xD;
2019-11-01 07:48:17 - [MESSAGE][PASSED] - Object 'Object Repository/Pages/FirstPayVault/checkbox_SameAsBillingInformation' is visible&#xD;
&#xD;
2019-11-01 07:48:17 - [MESSAGE][PASSED] - Object 'Object Repository/Pages/FirstPayVault/checkbox_SameAsBillingInformation' is present&#xD;
&#xD;
2019-11-01 07:48:17 - [MESSAGE][PASSED] - Object 'Object Repository/Pages/FirstPayVault/checkbox_SameAsBillingInformation' is checked&#xD;
&#xD;
2019-11-01 07:48:17 - [MESSAGE][PASSED] - utilities.SafeActions.safeCheckForElement is PASSED&#xD;
&#xD;
2019-11-01 07:48:17 - [TEST_STEP][PASSED] - utilities.SafeActions.safeClickwithScroll(findTestObject("Pages/FirstPayVault/button_Create"), "Click on Create Button", [PageLoadTime]): utilities.SafeActions.safeClickwithScroll is PASSED&#xD;
&#xD;
2019-11-01 07:48:18 - [MESSAGE][PASSED] - Object 'Object Repository/Pages/FirstPayVault/button_Create' is present&#xD;
&#xD;
2019-11-01 07:48:18 - [MESSAGE][PASSED] - Object 'Object Repository/Pages/FirstPayVault/button_Create' is visible&#xD;
&#xD;
2019-11-01 07:48:18 - [MESSAGE][INFO] - 1stPayVault_TestSuite.ts:waiting until Click on Create Button is Clickable&#xD;
&#xD;
2019-11-01 07:48:18 - [MESSAGE][PASSED] - Object 'Object Repository/Pages/FirstPayVault/button_Create' is clickable&#xD;
&#xD;
2019-11-01 07:48:18 - [MESSAGE][PASSED] - Object 'Object Repository/Pages/FirstPayVault/button_Create' is visible&#xD;
&#xD;
2019-11-01 07:48:19 - [MESSAGE][PASSED] - Object: 'Object Repository/Pages/FirstPayVault/button_Create' is clicked on&#xD;
&#xD;
2019-11-01 07:48:19 - [MESSAGE][INFO] - 1stPayVault_TestSuite.ts: Clicked on the Click on Create Button&#xD;
&#xD;
2019-11-01 07:48:19 - [MESSAGE][PASSED] - utilities.SafeActions.safeClickwithScroll is PASSED&#xD;
&#xD;
2019-11-01 07:48:19 - [TEST_STEP][PASSED] - delay(2): Delayed 2 second(s)&#xD;
&#xD;
2019-11-01 07:48:21 - [MESSAGE][PASSED] - Delayed 2 second(s)&#xD;
&#xD;
2019-11-01 07:48:21 - [TEST_STEP][PASSED] - popupSavedToVaultMessage = utilities.SafeActions.safeGetText(findTestObject("Pages/FirstPayVault/popup_SavedToVaultMessage"), PageLoadTime): utilities.SafeActions.safeGetText is PASSED&#xD;
&#xD;
2019-11-01 07:48:21 - [MESSAGE][PASSED] - Object 'Object Repository/Pages/FirstPayVault/popup_SavedToVaultMessage' is present&#xD;
&#xD;
2019-11-01 07:48:21 - [MESSAGE][PASSED] - Scroll to object 'Object Repository/Pages/FirstPayVault/popup_SavedToVaultMessage' successfully&#xD;
&#xD;
2019-11-01 07:48:21 - [MESSAGE][PASSED] - Object 'Object Repository/Pages/FirstPayVault/popup_SavedToVaultMessage' is present&#xD;
&#xD;
2019-11-01 07:48:21 - [MESSAGE][PASSED] - Text of object 'Object Repository/Pages/FirstPayVault/popup_SavedToVaultMessage' is: 'Successfully Saved to Vault'&#xD;
&#xD;
2019-11-01 07:48:21 - [MESSAGE][PASSED] - utilities.SafeActions.safeGetText is PASSED&#xD;
&#xD;
2019-11-01 07:48:21 - [TEST_STEP][PASSED] - flag = utilities.SafeActions.verifyPopupMessage("Successfully Saved to Vault", popupSavedToVaultMessage): Popup Message : Successfully Saved to Vault matched with expected message : Successfully Saved to Vault&#xD;
&#xD;
2019-11-01 07:48:21 - [MESSAGE][PASSED] - Popup Message : Successfully Saved to Vault matched with expected message : Successfully Saved to Vault&#xD;
&#xD;
2019-11-01 07:48:21 - [TEST_STEP][PASSED] - utilities.SafeActions.safeClickWithoutScroll(findTestObject("Pages/FirstPayVault/button_SearchVault_InPopup"), "Search Vault in Popup", [delayBetweenTestSteps]): utilities.SafeActions.safeClickWithoutScroll is PASSED&#xD;
&#xD;
2019-11-01 07:48:21 - [MESSAGE][INFO] - Safe Click Without scroll&#xD;
&#xD;
2019-11-01 07:48:21 - [MESSAGE][INFO] - 1stPayVault_TestSuite.ts:waiting until Search Vault in Popup is Clickable&#xD;
&#xD;
2019-11-01 07:48:22 - [MESSAGE][PASSED] - Object 'Object Repository/Pages/FirstPayVault/button_SearchVault_InPopup' is clickable&#xD;
&#xD;
2019-11-01 07:48:22 - [MESSAGE][PASSED] - Object 'Object Repository/Pages/FirstPayVault/button_SearchVault_InPopup' is visible&#xD;
&#xD;
2019-11-01 07:48:23 - [MESSAGE][PASSED] - Object: 'Object Repository/Pages/FirstPayVault/button_SearchVault_InPopup' is clicked on&#xD;
&#xD;
2019-11-01 07:48:23 - [MESSAGE][INFO] - 1stPayVault_TestSuite.ts: click on the Search Vault in Popup&#xD;
&#xD;
2019-11-01 07:48:23 - [MESSAGE][PASSED] - utilities.SafeActions.safeClickWithoutScroll is PASSED&#xD;
&#xD;
2019-11-01 07:48:23 - [TEST_STEP][PASSED] - utilities.SafeActions.safeClickwithScroll(findTestObject("Pages/FirstPayVault/date_StartDate_1stPayVault"), "Click on Date Input", [PageLoadTime]): utilities.SafeActions.safeClickwithScroll is PASSED&#xD;
&#xD;
2019-11-01 07:48:23 - [MESSAGE][PASSED] - Object 'Object Repository/Pages/FirstPayVault/date_StartDate_1stPayVault' is present&#xD;
&#xD;
2019-11-01 07:48:23 - [MESSAGE][PASSED] - Object 'Object Repository/Pages/FirstPayVault/date_StartDate_1stPayVault' is visible&#xD;
&#xD;
2019-11-01 07:48:23 - [MESSAGE][INFO] - 1stPayVault_TestSuite.ts:waiting until Click on Date Input is Clickable&#xD;
&#xD;
2019-11-01 07:48:23 - [MESSAGE][PASSED] - Object 'Object Repository/Pages/FirstPayVault/date_StartDate_1stPayVault' is clickable&#xD;
&#xD;
2019-11-01 07:48:23 - [MESSAGE][PASSED] - Object 'Object Repository/Pages/FirstPayVault/date_StartDate_1stPayVault' is visible&#xD;
&#xD;
2019-11-01 07:48:24 - [MESSAGE][PASSED] - Object: 'Object Repository/Pages/FirstPayVault/date_StartDate_1stPayVault' is clicked on&#xD;
&#xD;
2019-11-01 07:48:24 - [MESSAGE][INFO] - 1stPayVault_TestSuite.ts: Clicked on the Click on Date Input&#xD;
&#xD;
2019-11-01 07:48:24 - [MESSAGE][PASSED] - utilities.SafeActions.safeClickwithScroll is PASSED&#xD;
&#xD;
2019-11-01 07:48:24 - [TEST_STEP][PASSED] - pages.Sale.selectMonthYear(findTestObject("Pages/Sale/link_MonthYear"), findTestObject("Pages/Sale/calender_NextButton"), cardThisMonth, cardThisYear): pages.Sale.selectMonthYear is PASSED&#xD;
&#xD;
2019-11-01 07:48:24 - [MESSAGE][PASSED] - Text of object 'Object Repository/Pages/Sale/link_MonthYear' is: 'November 2019'&#xD;
&#xD;
2019-11-01 07:48:24 - [MESSAGE][PASSED] - pages.Sale.selectMonthYear is PASSED&#xD;
&#xD;
2019-11-01 07:48:24 - [TEST_STEP][PASSED] - pages.Sale.selectDate(start_date_Value): pages.Sale.selectDate is PASSED&#xD;
&#xD;
2019-11-01 07:48:24 - [MESSAGE][PASSED] - Object: '' is clicked on&#xD;
&#xD;
2019-11-01 07:48:24 - [MESSAGE][PASSED] - pages.Sale.selectDate is PASSED&#xD;
&#xD;
2019-11-01 07:48:24 - [TEST_STEP][PASSED] - utilities.SafeActions.safeClickWithoutScroll(findTestObject("Pages/FirstPayVault/date_EndDate_1stPayVault"), "Click on Date Input", [PageLoadTime]): utilities.SafeActions.safeClickWithoutScroll is PASSED&#xD;
&#xD;
2019-11-01 07:48:24 - [MESSAGE][INFO] - Safe Click Without scroll&#xD;
&#xD;
2019-11-01 07:48:24 - [MESSAGE][INFO] - 1stPayVault_TestSuite.ts:waiting until Click on Date Input is Clickable&#xD;
&#xD;
2019-11-01 07:48:25 - [MESSAGE][PASSED] - Object 'Object Repository/Pages/FirstPayVault/date_EndDate_1stPayVault' is clickable&#xD;
&#xD;
2019-11-01 07:48:25 - [MESSAGE][PASSED] - Object 'Object Repository/Pages/FirstPayVault/date_EndDate_1stPayVault' is visible&#xD;
&#xD;
2019-11-01 07:48:25 - [MESSAGE][PASSED] - Object: 'Object Repository/Pages/FirstPayVault/date_EndDate_1stPayVault' is clicked on&#xD;
&#xD;
2019-11-01 07:48:25 - [MESSAGE][INFO] - 1stPayVault_TestSuite.ts: click on the Click on Date Input&#xD;
&#xD;
2019-11-01 07:48:25 - [MESSAGE][PASSED] - utilities.SafeActions.safeClickWithoutScroll is PASSED&#xD;
&#xD;
2019-11-01 07:48:25 - [TEST_STEP][PASSED] - pages.Sale.selectMonthYear(findTestObject("Pages/Sale/link_MonthYear"), findTestObject("Pages/Sale/calender_NextButton"), cardThisMonth, cardThisYear): pages.Sale.selectMonthYear is PASSED&#xD;
&#xD;
2019-11-01 07:48:26 - [MESSAGE][PASSED] - Text of object 'Object Repository/Pages/Sale/link_MonthYear' is: 'November 2019'&#xD;
&#xD;
2019-11-01 07:48:26 - [MESSAGE][PASSED] - pages.Sale.selectMonthYear is PASSED&#xD;
&#xD;
2019-11-01 07:48:26 - [TEST_STEP][PASSED] - pages.Sale.selectDate(end_date_Value): pages.Sale.selectDate is PASSED&#xD;
&#xD;
2019-11-01 07:48:26 - [MESSAGE][PASSED] - Object: '' is clicked on&#xD;
&#xD;
2019-11-01 07:48:26 - [MESSAGE][PASSED] - pages.Sale.selectDate is PASSED&#xD;
&#xD;
2019-11-01 07:48:26 - [TEST_STEP][PASSED] - utilities.SafeActions.safeClickWithoutScroll(findTestObject("Pages/FirstPayVault/button_Search"), "Click On Search button", [PageLoadTime]): utilities.SafeActions.safeClickWithoutScroll is PASSED&#xD;
&#xD;
2019-11-01 07:48:26 - [MESSAGE][INFO] - Safe Click Without scroll&#xD;
&#xD;
2019-11-01 07:48:26 - [MESSAGE][INFO] - 1stPayVault_TestSuite.ts:waiting until Click On Search button is Clickable&#xD;
&#xD;
2019-11-01 07:48:26 - [MESSAGE][PASSED] - Object 'Object Repository/Pages/FirstPayVault/button_Search' is clickable&#xD;
&#xD;
2019-11-01 07:48:26 - [MESSAGE][PASSED] - Object 'Object Repository/Pages/FirstPayVault/button_Search' is visible&#xD;
&#xD;
2019-11-01 07:48:27 - [MESSAGE][PASSED] - Object: 'Object Repository/Pages/FirstPayVault/button_Search' is clicked on&#xD;
&#xD;
2019-11-01 07:48:27 - [MESSAGE][INFO] - 1stPayVault_TestSuite.ts: click on the Click On Search button&#xD;
&#xD;
2019-11-01 07:48:27 - [MESSAGE][PASSED] - utilities.SafeActions.safeClickWithoutScroll is PASSED&#xD;
&#xD;
2019-11-01 07:48:27 - [TEST_STEP][PASSED] - scrollToElement(findTestObject("Pages/Transaction_Management/invoice_ForTransaction"), PageLoadTime): Scroll to object 'Object Repository/Pages/Transaction_Management/invoice_ForTransaction' successfully&#xD;
&#xD;
2019-11-01 07:48:30 - [MESSAGE][PASSED] - Scroll to object 'Object Repository/Pages/Transaction_Management/invoice_ForTransaction' successfully&#xD;
&#xD;
2019-11-01 07:48:30 - [TEST_STEP][PASSED] - pages.FirstPayVault.verifyInvoiceRecord(findTestObject("Pages/FirstPayVault/footer_NextButton"), findTestObject("Pages/FirstPayVault/page_Number"), vaultReference): The Vault is found in page 1&#xD;
&#xD;
2019-11-01 07:48:31 - [MESSAGE][PASSED] - Text of object 'Object Repository/Pages/FirstPayVault/page_Number' is: 'Page 1 of 7'&#xD;
&#xD;
2019-11-01 07:48:31 - [MESSAGE][PASSED] - The Vault is found in page 1&#xD;
&#xD;
2019-11-01 07:48:31 - [TEST_STEP][PASSED] - closeBrowser(): Browser is closed&#xD;
&#xD;
2019-11-01 07:48:33 - [MESSAGE][PASSED] - Browser is closed&#xD;
&#xD;
2019-11-01 07:48:33 - [TEST_STEP][PASSED] - Start listener action : sampleAfterTestCase: null&#xD;
&#xD;
2019-11-01 07:48:33 - [TEST_STEP][PASSED] - println(testCaseContext.getTestCaseId()): null&#xD;
&#xD;
2019-11-01 07:48:33 - [TEST_STEP][PASSED] - println(testCaseContext.getTestCaseStatus()): null&#xD;
&#xD;
2019-11-01 07:48:33 - [TEST_STEP][PASSED] - testCaseName = testCaseContext.getTestCaseId(): null&#xD;
&#xD;
2019-11-01 07:48:33 - [TEST_STEP][PASSED] - strCount = testCaseName.lastIndexOf("/"): null&#xD;
&#xD;
2019-11-01 07:48:33 - [TEST_STEP][PASSED] - testCaseName = testCaseName.substring(strCount): null&#xD;
&#xD;
2019-11-01 07:48:33 - [TEST_STEP][PASSED] - println(testCaseName): null&#xD;
&#xD;
2019-11-01 07:48:33 - [TEST_STEP][PASSED] - if (getTestCaseStatus().equalsIgnoreCase("Error")): null&#xD;
&#xD;
2019-11-01 07:48:33 - [TEST_STEP][PASSED] - Start listener action : sampleAfterTestCase: null</system-out>
            <system-err></system-err>
        </testcase>
        <testcase name="Test Cases/FirstView/FirstPayVault/VPOS_1stPayVault_Search_Vault_By_CardNumber_Retail" classname="Test Cases/FirstView/FirstPayVault/VPOS_1stPayVault_Search_Vault_By_CardNumber_Retail" status="PASSED">
            <system-out>2019-11-01 07:48:33 - [TEST_CASE][PASSED] - Test Cases/FirstView/FirstPayVault/VPOS_1stPayVault_Search_Vault_By_CardNumber_Retail: Test Cases/FirstView/FirstPayVault/VPOS_1stPayVault_Search_Vault_By_CardNumber_Retail&#xD;
&#xD;
2019-11-01 07:48:33 - [TEST_STEP][PASSED] - Start listener action : sampleBeforeTestCase: null&#xD;
&#xD;
2019-11-01 07:48:33 - [TEST_STEP][PASSED] - println(testCaseContext.getTestCaseId()): null&#xD;
&#xD;
2019-11-01 07:48:33 - [TEST_STEP][PASSED] - println(testCaseContext.getTestCaseVariables()): null&#xD;
&#xD;
2019-11-01 07:48:33 - [TEST_STEP][PASSED] - utilities.SafeActions.openBrowser(URL, [PageLoadTime]): utilities.SafeActions.openBrowser is PASSED&#xD;
&#xD;
2019-11-01 07:48:33 - [MESSAGE][INFO] - Opening Browser&#xD;
&#xD;
2019-11-01 07:48:33 - [MESSAGE][INFO] - Starting 'Chrome' driver&#xD;
&#xD;
2019-11-01 07:48:40 - [MESSAGE][PASSED] - Browser is opened with url: 'https://q-www-firstview-net.faps.net/MVC/Account/Login'&#xD;
&#xD;
2019-11-01 07:48:45 - [MESSAGE][PASSED] - Current window maximized&#xD;
&#xD;
2019-11-01 07:48:45 - [MESSAGE][INFO] - Browser Launched Successfully&#xD;
&#xD;
2019-11-01 07:48:45 - [MESSAGE][PASSED] - utilities.SafeActions.openBrowser is PASSED&#xD;
&#xD;
2019-11-01 07:48:45 - [TEST_STEP][PASSED] - pages.Login.login(uName, password): pages.Login.login is PASSED&#xD;
&#xD;
2019-11-01 07:48:45 - [MESSAGE][PASSED] - Object 'Object Repository/Pages/Login/userName' is present&#xD;
&#xD;
2019-11-01 07:48:45 - [MESSAGE][PASSED] - Scroll to object 'Object Repository/Pages/Login/userName' successfully&#xD;
&#xD;
2019-11-01 07:48:45 - [MESSAGE][PASSED] - Object 'Object Repository/Pages/Login/userName' is present&#xD;
&#xD;
2019-11-01 07:48:45 - [MESSAGE][PASSED] - Object: 'Object Repository/Pages/Login/userName' is clicked on&#xD;
&#xD;
2019-11-01 07:48:46 - [MESSAGE][PASSED] - Text 'ZenQRetail' is set on object 'Object Repository/Pages/Login/userName'&#xD;
&#xD;
2019-11-01 07:48:46 - [MESSAGE][PASSED] - Object 'Object Repository/Pages/Login/password' is present&#xD;
&#xD;
2019-11-01 07:48:46 - [MESSAGE][PASSED] - Scroll to object 'Object Repository/Pages/Login/password' successfully&#xD;
&#xD;
2019-11-01 07:48:46 - [MESSAGE][PASSED] - Object 'Object Repository/Pages/Login/password' is present&#xD;
&#xD;
2019-11-01 07:48:46 - [MESSAGE][PASSED] - Object: 'Object Repository/Pages/Login/password' is clicked on&#xD;
&#xD;
2019-11-01 07:48:47 - [MESSAGE][PASSED] - Text 'P@ssword1' is set on object 'Object Repository/Pages/Login/password'&#xD;
&#xD;
2019-11-01 07:48:47 - [MESSAGE][INFO] - Safe Click Without scroll&#xD;
&#xD;
2019-11-01 07:48:47 - [MESSAGE][INFO] - 1stPayVault_TestSuite.ts:waiting until Click on Login is Clickable&#xD;
&#xD;
2019-11-01 07:48:47 - [MESSAGE][PASSED] - Object 'Object Repository/Pages/Login/login' is clickable&#xD;
&#xD;
2019-11-01 07:48:47 - [MESSAGE][PASSED] - Object 'Object Repository/Pages/Login/login' is visible&#xD;
&#xD;
2019-11-01 07:48:49 - [MESSAGE][PASSED] - Object: 'Object Repository/Pages/Login/login' is clicked on&#xD;
&#xD;
2019-11-01 07:48:49 - [MESSAGE][INFO] - 1stPayVault_TestSuite.ts: click on the Click on Login&#xD;
&#xD;
2019-11-01 07:48:49 - [MESSAGE][PASSED] - pages.Login.login is PASSED&#xD;
&#xD;
2019-11-01 07:48:49 - [TEST_STEP][PASSED] - callTestCase(findTestCase("FirstView/Login/TC_SendCode"), [:], STOP_ON_FAILURE): Call Test Case 'Test Cases/FirstView/Login/TC_SendCode' successfully&#xD;
&#xD;
2019-11-01 07:48:49 - [TEST_CASE][PASSED] - Test Cases/FirstView/Login/TC_SendCode: Test Cases/FirstView/Login/TC_SendCode&#xD;
&#xD;
2019-11-01 07:48:49 - [TEST_STEP][PASSED] - flag = pages.SendCode.verifyPage(): pages.SendCode.verifyPage is PASSED&#xD;
&#xD;
2019-11-01 07:48:49 - [MESSAGE][PASSED] - Object 'Object Repository/Pages/SendCodeToValidate/header_SendCodeToValidate' is present and visible in viewport&#xD;
&#xD;
2019-11-01 07:48:49 - [MESSAGE][PASSED] - pages.SendCode.verifyPage is PASSED&#xD;
&#xD;
2019-11-01 07:48:49 - [TEST_STEP][PASSED] - if (flag): pages.SendCode.clickonUserSettings is PASSED&#xD;
&#xD;
2019-11-01 07:48:49 - [TEST_STEP][PASSED] - pages.SendCode.clickonUserSettings(): pages.SendCode.clickonUserSettings is PASSED&#xD;
&#xD;
2019-11-01 07:48:50 - [MESSAGE][PASSED] - Object 'Object Repository/Pages/SendCodeToValidate/link_UserSettings' is present&#xD;
&#xD;
2019-11-01 07:48:50 - [MESSAGE][PASSED] - Object 'Object Repository/Pages/SendCodeToValidate/link_UserSettings' is visible&#xD;
&#xD;
2019-11-01 07:48:50 - [MESSAGE][INFO] - 1stPayVault_TestSuite.ts:waiting until Click on User Settings is Clickable&#xD;
&#xD;
2019-11-01 07:48:50 - [MESSAGE][PASSED] - Object 'Object Repository/Pages/SendCodeToValidate/link_UserSettings' is clickable&#xD;
&#xD;
2019-11-01 07:48:50 - [MESSAGE][PASSED] - Object 'Object Repository/Pages/SendCodeToValidate/link_UserSettings' is visible&#xD;
&#xD;
2019-11-01 07:48:51 - [MESSAGE][PASSED] - Object: 'Object Repository/Pages/SendCodeToValidate/link_UserSettings' is clicked on&#xD;
&#xD;
2019-11-01 07:48:51 - [MESSAGE][INFO] - 1stPayVault_TestSuite.ts: Clicked on the Click on User Settings&#xD;
&#xD;
2019-11-01 07:48:51 - [MESSAGE][PASSED] - pages.SendCode.clickonUserSettings is PASSED&#xD;
&#xD;
2019-11-01 07:48:51 - [MESSAGE][PASSED] - Call Test Case 'Test Cases/FirstView/Login/TC_SendCode' successfully&#xD;
&#xD;
2019-11-01 07:48:51 - [TEST_STEP][PASSED] - callTestCase(findTestCase("FirstView/Login/TC_FirstView"), [:], STOP_ON_FAILURE): Call Test Case 'Test Cases/FirstView/Login/TC_FirstView' successfully&#xD;
&#xD;
2019-11-01 07:48:51 - [TEST_CASE][PASSED] - Test Cases/FirstView/Login/TC_FirstView: Test Cases/FirstView/Login/TC_FirstView&#xD;
&#xD;
2019-11-01 07:48:51 - [TEST_STEP][NOT_RUN] - utilities.SafeActions.safeClickWithoutScroll(findTestObject("Pages/FirstView/link_Home"), "Click on Home button in First View screen", [PageLoadTime]): NOT_RUN: utilities.SafeActions.safeClickWithoutScroll(findTestObject("Pages/FirstView/link_Home"), "Click on Home button in First View screen", [PageLoadTime])&#xD;
&#xD;
2019-11-01 07:48:51 - [MESSAGE][NOT_RUN] - NOT_RUN: utilities.SafeActions.safeClickWithoutScroll(findTestObject("Pages/FirstView/link_Home"), "Click on Home button in First View screen", [PageLoadTime])&#xD;
&#xD;
2019-11-01 07:48:51 - [TEST_STEP][PASSED] - delay(3): Delayed 3 second(s)&#xD;
&#xD;
2019-11-01 07:48:54 - [MESSAGE][PASSED] - Delayed 3 second(s)&#xD;
&#xD;
2019-11-01 07:48:54 - [TEST_STEP][PASSED] - utilities.SafeActions.javascriptclick(findTestObject("Pages/FirstView/link_Home"), delayForElement): utilities.SafeActions.javascriptclick is PASSED&#xD;
&#xD;
2019-11-01 07:48:55 - [MESSAGE][PASSED] - utilities.SafeActions.javascriptclick is PASSED&#xD;
&#xD;
2019-11-01 07:48:55 - [TEST_STEP][PASSED] - utilities.SafeActions.safeClickWithoutScroll(findTestObject("Pages/FirstView/link_VPOS"), "Click on VPOS button in First View screen", [PageLoadTime]): utilities.SafeActions.safeClickWithoutScroll is PASSED&#xD;
&#xD;
2019-11-01 07:48:55 - [MESSAGE][INFO] - Safe Click Without scroll&#xD;
&#xD;
2019-11-01 07:48:55 - [MESSAGE][INFO] - 1stPayVault_TestSuite.ts:waiting until Click on VPOS button in First View screen is Clickable&#xD;
&#xD;
2019-11-01 07:48:55 - [MESSAGE][PASSED] - Object 'Object Repository/Pages/FirstView/link_VPOS' is clickable&#xD;
&#xD;
2019-11-01 07:48:55 - [MESSAGE][PASSED] - Object 'Object Repository/Pages/FirstView/link_VPOS' is visible&#xD;
&#xD;
2019-11-01 07:48:56 - [MESSAGE][PASSED] - Object: 'Object Repository/Pages/FirstView/link_VPOS' is clicked on&#xD;
&#xD;
2019-11-01 07:48:56 - [MESSAGE][INFO] - 1stPayVault_TestSuite.ts: click on the Click on VPOS button in First View screen&#xD;
&#xD;
2019-11-01 07:48:56 - [MESSAGE][PASSED] - utilities.SafeActions.safeClickWithoutScroll is PASSED&#xD;
&#xD;
2019-11-01 07:48:56 - [MESSAGE][PASSED] - Call Test Case 'Test Cases/FirstView/Login/TC_FirstView' successfully&#xD;
&#xD;
2019-11-01 07:48:56 - [TEST_STEP][PASSED] - switchToWindowTitle("Transcenter - VPOS"): Switched to window with title: 'Transcenter - VPOS'&#xD;
&#xD;
2019-11-01 07:49:01 - [MESSAGE][PASSED] - Switched to window with title: 'Transcenter - VPOS'&#xD;
&#xD;
2019-11-01 07:49:01 - [TEST_STEP][PASSED] - focus(findTestObject("Pages/FirstPayVault/tab_FirstPayVault")): Object: 'Object Repository/Pages/FirstPayVault/tab_FirstPayVault' is focused&#xD;
&#xD;
2019-11-01 07:49:01 - [MESSAGE][PASSED] - Object: 'Object Repository/Pages/FirstPayVault/tab_FirstPayVault' is focused&#xD;
&#xD;
2019-11-01 07:49:01 - [TEST_STEP][PASSED] - utilities.SafeActions.javascriptclick(findTestObject("Pages/FirstPayVault/tab_FirstPayVault"), PageLoadTime): utilities.SafeActions.javascriptclick is PASSED&#xD;
&#xD;
2019-11-01 07:49:01 - [MESSAGE][PASSED] - utilities.SafeActions.javascriptclick is PASSED&#xD;
&#xD;
2019-11-01 07:49:01 - [TEST_STEP][PASSED] - delay(2): Delayed 2 second(s)&#xD;
&#xD;
2019-11-01 07:49:03 - [MESSAGE][PASSED] - Delayed 2 second(s)&#xD;
&#xD;
2019-11-01 07:49:03 - [TEST_STEP][PASSED] - utilities.SafeActions.safeClickWithoutScroll(findTestObject("Pages/FirstPayVault/tab_FirstPayVault"), "Click on FistPayVault tab", [delayForElement]): utilities.SafeActions.safeClickWithoutScroll is PASSED&#xD;
&#xD;
2019-11-01 07:49:04 - [MESSAGE][INFO] - Safe Click Without scroll&#xD;
&#xD;
2019-11-01 07:49:04 - [MESSAGE][INFO] - 1stPayVault_TestSuite.ts:waiting until Click on FistPayVault tab is Clickable&#xD;
&#xD;
2019-11-01 07:49:04 - [MESSAGE][PASSED] - Object 'Object Repository/Pages/FirstPayVault/tab_FirstPayVault' is clickable&#xD;
&#xD;
2019-11-01 07:49:04 - [MESSAGE][PASSED] - Object 'Object Repository/Pages/FirstPayVault/tab_FirstPayVault' is visible&#xD;
&#xD;
2019-11-01 07:49:04 - [MESSAGE][PASSED] - Object: 'Object Repository/Pages/FirstPayVault/tab_FirstPayVault' is clicked on&#xD;
&#xD;
2019-11-01 07:49:04 - [MESSAGE][INFO] - 1stPayVault_TestSuite.ts: click on the Click on FistPayVault tab&#xD;
&#xD;
2019-11-01 07:49:04 - [MESSAGE][PASSED] - utilities.SafeActions.safeClickWithoutScroll is PASSED&#xD;
&#xD;
2019-11-01 07:49:04 - [TEST_STEP][PASSED] - utilities.SafeActions.safeClickWithoutScroll(findTestObject("Pages/FirstPayVault/button_CreateVault"), "Click on CreateVault button", [PageLoadTime]): utilities.SafeActions.safeClickWithoutScroll is PASSED&#xD;
&#xD;
2019-11-01 07:49:04 - [MESSAGE][INFO] - Safe Click Without scroll&#xD;
&#xD;
2019-11-01 07:49:04 - [MESSAGE][INFO] - 1stPayVault_TestSuite.ts:waiting until Click on CreateVault button is Clickable&#xD;
&#xD;
2019-11-01 07:49:04 - [MESSAGE][PASSED] - Object 'Object Repository/Pages/FirstPayVault/button_CreateVault' is clickable&#xD;
&#xD;
2019-11-01 07:49:04 - [MESSAGE][PASSED] - Object 'Object Repository/Pages/FirstPayVault/button_CreateVault' is visible&#xD;
&#xD;
2019-11-01 07:49:05 - [MESSAGE][PASSED] - Object: 'Object Repository/Pages/FirstPayVault/button_CreateVault' is clicked on&#xD;
&#xD;
2019-11-01 07:49:05 - [MESSAGE][INFO] - 1stPayVault_TestSuite.ts: click on the Click on CreateVault button&#xD;
&#xD;
2019-11-01 07:49:05 - [MESSAGE][PASSED] - utilities.SafeActions.safeClickWithoutScroll is PASSED&#xD;
&#xD;
2019-11-01 07:49:05 - [TEST_STEP][PASSED] - scrollToElement(findTestObject("Pages/FirstPayVault/input_VaultReferenceNumber"), PageLoadTime): Scroll to object 'Object Repository/Pages/FirstPayVault/input_VaultReferenceNumber' successfully&#xD;
&#xD;
2019-11-01 07:49:05 - [MESSAGE][PASSED] - Scroll to object 'Object Repository/Pages/FirstPayVault/input_VaultReferenceNumber' successfully&#xD;
&#xD;
2019-11-01 07:49:05 - [TEST_STEP][PASSED] - vaultReference = utilities.SafeActions.timeWithMilliSeconds(): utilities.SafeActions.timeWithMilliSeconds is PASSED&#xD;
&#xD;
2019-11-01 07:49:05 - [MESSAGE][PASSED] - utilities.SafeActions.timeWithMilliSeconds is PASSED&#xD;
&#xD;
2019-11-01 07:49:05 - [TEST_STEP][PASSED] - utilities.SafeActions.safeType(findTestObject("Pages/FirstPayVault/input_VaultReferenceNumber"), vaultReference, "Entering Vault Reference Number", [PageLoadTime]): utilities.SafeActions.safeType is PASSED&#xD;
&#xD;
2019-11-01 07:49:06 - [MESSAGE][PASSED] - Object 'Object Repository/Pages/FirstPayVault/input_VaultReferenceNumber' is present&#xD;
&#xD;
2019-11-01 07:49:06 - [MESSAGE][PASSED] - Scroll to object 'Object Repository/Pages/FirstPayVault/input_VaultReferenceNumber' successfully&#xD;
&#xD;
2019-11-01 07:49:06 - [MESSAGE][PASSED] - Object 'Object Repository/Pages/FirstPayVault/input_VaultReferenceNumber' is present&#xD;
&#xD;
2019-11-01 07:49:06 - [MESSAGE][PASSED] - Object: 'Object Repository/Pages/FirstPayVault/input_VaultReferenceNumber' is clicked on&#xD;
&#xD;
2019-11-01 07:49:07 - [MESSAGE][PASSED] - Text '2019-11-01 07:49:05.904' is set on object 'Object Repository/Pages/FirstPayVault/input_VaultReferenceNumber'&#xD;
&#xD;
2019-11-01 07:49:07 - [MESSAGE][PASSED] - utilities.SafeActions.safeType is PASSED&#xD;
&#xD;
2019-11-01 07:49:07 - [TEST_STEP][PASSED] - utilities.SafeActions.safeType(findTestObject("Pages/FirstPayVault/input_CreditCardNumber"), visaCardNumber, "Entering Card Number", [PageLoadTime]): utilities.SafeActions.safeType is PASSED&#xD;
&#xD;
2019-11-01 07:49:07 - [MESSAGE][PASSED] - Object 'Object Repository/Pages/FirstPayVault/input_CreditCardNumber' is present&#xD;
&#xD;
2019-11-01 07:49:07 - [MESSAGE][PASSED] - Scroll to object 'Object Repository/Pages/FirstPayVault/input_CreditCardNumber' successfully&#xD;
&#xD;
2019-11-01 07:49:07 - [MESSAGE][PASSED] - Object 'Object Repository/Pages/FirstPayVault/input_CreditCardNumber' is present&#xD;
&#xD;
2019-11-01 07:49:07 - [MESSAGE][PASSED] - Object: 'Object Repository/Pages/FirstPayVault/input_CreditCardNumber' is clicked on&#xD;
&#xD;
2019-11-01 07:49:08 - [MESSAGE][PASSED] - Text '4111111111111111' is set on object 'Object Repository/Pages/FirstPayVault/input_CreditCardNumber'&#xD;
&#xD;
2019-11-01 07:49:08 - [MESSAGE][PASSED] - utilities.SafeActions.safeType is PASSED&#xD;
&#xD;
2019-11-01 07:49:08 - [TEST_STEP][PASSED] - utilities.SafeActions.safeSelectOptionInDropDownByVisibleText(findTestObject("Pages/FirstPayVault/dropDown_ExpirationMonth"), cardMonth, "Expiration Month", [PageLoadTime]): utilities.SafeActions.safeSelectOptionInDropDownByVisibleText is PASSED&#xD;
&#xD;
2019-11-01 07:49:08 - [MESSAGE][PASSED] - Object 'Object Repository/Pages/FirstPayVault/dropDown_ExpirationMonth' is visible&#xD;
&#xD;
2019-11-01 07:49:08 - [MESSAGE][PASSED] - Object 'Object Repository/Pages/FirstPayVault/dropDown_ExpirationMonth' is present&#xD;
&#xD;
2019-11-01 07:49:09 - [MESSAGE][PASSED] - Object: 'Object Repository/Pages/FirstPayVault/dropDown_ExpirationMonth' is clicked on&#xD;
&#xD;
2019-11-01 07:49:09 - [MESSAGE][PASSED] - All options with label 'September' are selected in object 'Object Repository/Pages/FirstPayVault/dropDown_ExpirationMonth' &#xD;
&#xD;
2019-11-01 07:49:09 - [MESSAGE][PASSED] - utilities.SafeActions.safeSelectOptionInDropDownByVisibleText is PASSED&#xD;
&#xD;
2019-11-01 07:49:09 - [TEST_STEP][PASSED] - utilities.SafeActions.safeSelectOptionInDropDownByVisibleText(findTestObject("Pages/FirstPayVault/dropDown_ExpirationYear"), cardYear, "year", [PageLoadTime]): utilities.SafeActions.safeSelectOptionInDropDownByVisibleText is PASSED&#xD;
&#xD;
2019-11-01 07:49:09 - [MESSAGE][PASSED] - Object 'Object Repository/Pages/FirstPayVault/dropDown_ExpirationYear' is visible&#xD;
&#xD;
2019-11-01 07:49:09 - [MESSAGE][PASSED] - Object 'Object Repository/Pages/FirstPayVault/dropDown_ExpirationYear' is present&#xD;
&#xD;
2019-11-01 07:49:09 - [MESSAGE][PASSED] - Object: 'Object Repository/Pages/FirstPayVault/dropDown_ExpirationYear' is clicked on&#xD;
&#xD;
2019-11-01 07:49:10 - [MESSAGE][PASSED] - All options with label '2032' are selected in object 'Object Repository/Pages/FirstPayVault/dropDown_ExpirationYear' &#xD;
&#xD;
2019-11-01 07:49:10 - [MESSAGE][PASSED] - utilities.SafeActions.safeSelectOptionInDropDownByVisibleText is PASSED&#xD;
&#xD;
2019-11-01 07:49:10 - [TEST_STEP][PASSED] - utilities.SafeActions.safeType(findTestObject("Pages/FirstPayVault/input_ContactName"), customerName, "Enter Contact Name", [PageLoadTime]): utilities.SafeActions.safeType is PASSED&#xD;
&#xD;
2019-11-01 07:49:10 - [MESSAGE][PASSED] - Object 'Object Repository/Pages/FirstPayVault/input_ContactName' is present&#xD;
&#xD;
2019-11-01 07:49:10 - [MESSAGE][PASSED] - Scroll to object 'Object Repository/Pages/FirstPayVault/input_ContactName' successfully&#xD;
&#xD;
2019-11-01 07:49:10 - [MESSAGE][PASSED] - Object 'Object Repository/Pages/FirstPayVault/input_ContactName' is present&#xD;
&#xD;
2019-11-01 07:49:10 - [MESSAGE][PASSED] - Object: 'Object Repository/Pages/FirstPayVault/input_ContactName' is clicked on&#xD;
&#xD;
2019-11-01 07:49:11 - [MESSAGE][PASSED] - Text 'Venkata Sai' is set on object 'Object Repository/Pages/FirstPayVault/input_ContactName'&#xD;
&#xD;
2019-11-01 07:49:11 - [MESSAGE][PASSED] - utilities.SafeActions.safeType is PASSED&#xD;
&#xD;
2019-11-01 07:49:11 - [TEST_STEP][PASSED] - utilities.SafeActions.safeType(findTestObject("Pages/FirstPayVault/input_PostalCode"), postalCode, "Enter Postal Code", [PageLoadTime]): utilities.SafeActions.safeType is PASSED&#xD;
&#xD;
2019-11-01 07:49:11 - [MESSAGE][PASSED] - Object 'Object Repository/Pages/FirstPayVault/input_PostalCode' is present&#xD;
&#xD;
2019-11-01 07:49:11 - [MESSAGE][PASSED] - Scroll to object 'Object Repository/Pages/FirstPayVault/input_PostalCode' successfully&#xD;
&#xD;
2019-11-01 07:49:11 - [MESSAGE][PASSED] - Object 'Object Repository/Pages/FirstPayVault/input_PostalCode' is present&#xD;
&#xD;
2019-11-01 07:49:11 - [MESSAGE][PASSED] - Object: 'Object Repository/Pages/FirstPayVault/input_PostalCode' is clicked on&#xD;
&#xD;
2019-11-01 07:49:12 - [MESSAGE][PASSED] - Text '76102' is set on object 'Object Repository/Pages/FirstPayVault/input_PostalCode'&#xD;
&#xD;
2019-11-01 07:49:12 - [MESSAGE][PASSED] - utilities.SafeActions.safeType is PASSED&#xD;
&#xD;
2019-11-01 07:49:12 - [TEST_STEP][PASSED] - utilities.SafeActions.safeType(findTestObject("Pages/FirstPayVault/input_Address"), address, "Enter ddress", [PageLoadTime]): utilities.SafeActions.safeType is PASSED&#xD;
&#xD;
2019-11-01 07:49:12 - [MESSAGE][PASSED] - Object 'Object Repository/Pages/FirstPayVault/input_Address' is present&#xD;
&#xD;
2019-11-01 07:49:12 - [MESSAGE][PASSED] - Scroll to object 'Object Repository/Pages/FirstPayVault/input_Address' successfully&#xD;
&#xD;
2019-11-01 07:49:12 - [MESSAGE][PASSED] - Object 'Object Repository/Pages/FirstPayVault/input_Address' is present&#xD;
&#xD;
2019-11-01 07:49:13 - [MESSAGE][PASSED] - Object: 'Object Repository/Pages/FirstPayVault/input_Address' is clicked on&#xD;
&#xD;
2019-11-01 07:49:13 - [MESSAGE][PASSED] - Text 'Street123' is set on object 'Object Repository/Pages/FirstPayVault/input_Address'&#xD;
&#xD;
2019-11-01 07:49:13 - [MESSAGE][PASSED] - utilities.SafeActions.safeType is PASSED&#xD;
&#xD;
2019-11-01 07:49:13 - [TEST_STEP][PASSED] - utilities.SafeActions.safeCheckForElement(findTestObject("Pages/FirstPayVault/chekBox_AddShippingInformation"), PageLoadTime): utilities.SafeActions.safeCheckForElement is PASSED&#xD;
&#xD;
2019-11-01 07:49:13 - [MESSAGE][PASSED] - Object 'Object Repository/Pages/FirstPayVault/chekBox_AddShippingInformation' is present&#xD;
&#xD;
2019-11-01 07:49:13 - [MESSAGE][PASSED] - Object 'Object Repository/Pages/FirstPayVault/chekBox_AddShippingInformation' is visible&#xD;
&#xD;
2019-11-01 07:49:13 - [MESSAGE][PASSED] - Object 'Object Repository/Pages/FirstPayVault/chekBox_AddShippingInformation' is present&#xD;
&#xD;
2019-11-01 07:49:14 - [MESSAGE][PASSED] - Object 'Object Repository/Pages/FirstPayVault/chekBox_AddShippingInformation' is checked&#xD;
&#xD;
2019-11-01 07:49:14 - [MESSAGE][PASSED] - utilities.SafeActions.safeCheckForElement is PASSED&#xD;
&#xD;
2019-11-01 07:49:14 - [TEST_STEP][PASSED] - utilities.SafeActions.safeType(findTestObject("Pages/FirstPayVault/input_ShippingMethod"), shippingMethod, "Enter Shipping Method", [PageLoadTime]): utilities.SafeActions.safeType is PASSED&#xD;
&#xD;
2019-11-01 07:49:14 - [MESSAGE][PASSED] - Object 'Object Repository/Pages/FirstPayVault/input_ShippingMethod' is present&#xD;
&#xD;
2019-11-01 07:49:14 - [MESSAGE][PASSED] - Scroll to object 'Object Repository/Pages/FirstPayVault/input_ShippingMethod' successfully&#xD;
&#xD;
2019-11-01 07:49:14 - [MESSAGE][PASSED] - Object 'Object Repository/Pages/FirstPayVault/input_ShippingMethod' is present&#xD;
&#xD;
2019-11-01 07:49:15 - [MESSAGE][PASSED] - Object: 'Object Repository/Pages/FirstPayVault/input_ShippingMethod' is clicked on&#xD;
&#xD;
2019-11-01 07:49:15 - [MESSAGE][PASSED] - Text 'DTDC' is set on object 'Object Repository/Pages/FirstPayVault/input_ShippingMethod'&#xD;
&#xD;
2019-11-01 07:49:15 - [MESSAGE][PASSED] - utilities.SafeActions.safeType is PASSED&#xD;
&#xD;
2019-11-01 07:49:15 - [TEST_STEP][PASSED] - utilities.SafeActions.safeCheckForElement(findTestObject("Pages/FirstPayVault/checkbox_SameAsBillingInformation"), PageLoadTime): utilities.SafeActions.safeCheckForElement is PASSED&#xD;
&#xD;
2019-11-01 07:49:15 - [MESSAGE][PASSED] - Object 'Object Repository/Pages/FirstPayVault/checkbox_SameAsBillingInformation' is present&#xD;
&#xD;
2019-11-01 07:49:15 - [MESSAGE][PASSED] - Object 'Object Repository/Pages/FirstPayVault/checkbox_SameAsBillingInformation' is visible&#xD;
&#xD;
2019-11-01 07:49:15 - [MESSAGE][PASSED] - Object 'Object Repository/Pages/FirstPayVault/checkbox_SameAsBillingInformation' is present&#xD;
&#xD;
2019-11-01 07:49:16 - [MESSAGE][PASSED] - Object 'Object Repository/Pages/FirstPayVault/checkbox_SameAsBillingInformation' is checked&#xD;
&#xD;
2019-11-01 07:49:16 - [MESSAGE][PASSED] - utilities.SafeActions.safeCheckForElement is PASSED&#xD;
&#xD;
2019-11-01 07:49:16 - [TEST_STEP][PASSED] - utilities.SafeActions.safeClickwithScroll(findTestObject("Pages/FirstPayVault/button_Create"), "Click on Create Button", [PageLoadTime]): utilities.SafeActions.safeClickwithScroll is PASSED&#xD;
&#xD;
2019-11-01 07:49:16 - [MESSAGE][PASSED] - Object 'Object Repository/Pages/FirstPayVault/button_Create' is present&#xD;
&#xD;
2019-11-01 07:49:16 - [MESSAGE][PASSED] - Object 'Object Repository/Pages/FirstPayVault/button_Create' is visible&#xD;
&#xD;
2019-11-01 07:49:16 - [MESSAGE][INFO] - 1stPayVault_TestSuite.ts:waiting until Click on Create Button is Clickable&#xD;
&#xD;
2019-11-01 07:49:16 - [MESSAGE][PASSED] - Object 'Object Repository/Pages/FirstPayVault/button_Create' is clickable&#xD;
&#xD;
2019-11-01 07:49:16 - [MESSAGE][PASSED] - Object 'Object Repository/Pages/FirstPayVault/button_Create' is visible&#xD;
&#xD;
2019-11-01 07:49:17 - [MESSAGE][PASSED] - Object: 'Object Repository/Pages/FirstPayVault/button_Create' is clicked on&#xD;
&#xD;
2019-11-01 07:49:17 - [MESSAGE][INFO] - 1stPayVault_TestSuite.ts: Clicked on the Click on Create Button&#xD;
&#xD;
2019-11-01 07:49:17 - [MESSAGE][PASSED] - utilities.SafeActions.safeClickwithScroll is PASSED&#xD;
&#xD;
2019-11-01 07:49:17 - [TEST_STEP][PASSED] - delay(2): Delayed 2 second(s)&#xD;
&#xD;
2019-11-01 07:49:19 - [MESSAGE][PASSED] - Delayed 2 second(s)&#xD;
&#xD;
2019-11-01 07:49:19 - [TEST_STEP][PASSED] - popupSavedToVaultMessage = utilities.SafeActions.safeGetText(findTestObject("Pages/FirstPayVault/popup_SavedToVaultMessage"), PageLoadTime): utilities.SafeActions.safeGetText is PASSED&#xD;
&#xD;
2019-11-01 07:49:19 - [MESSAGE][PASSED] - Object 'Object Repository/Pages/FirstPayVault/popup_SavedToVaultMessage' is present&#xD;
&#xD;
2019-11-01 07:49:19 - [MESSAGE][PASSED] - Scroll to object 'Object Repository/Pages/FirstPayVault/popup_SavedToVaultMessage' successfully&#xD;
&#xD;
2019-11-01 07:49:19 - [MESSAGE][PASSED] - Object 'Object Repository/Pages/FirstPayVault/popup_SavedToVaultMessage' is present&#xD;
&#xD;
2019-11-01 07:49:20 - [MESSAGE][PASSED] - Text of object 'Object Repository/Pages/FirstPayVault/popup_SavedToVaultMessage' is: 'Successfully Saved to Vault'&#xD;
&#xD;
2019-11-01 07:49:20 - [MESSAGE][PASSED] - utilities.SafeActions.safeGetText is PASSED&#xD;
&#xD;
2019-11-01 07:49:20 - [TEST_STEP][PASSED] - flag = utilities.SafeActions.verifyPopupMessage("Successfully Saved to Vault", popupSavedToVaultMessage): Popup Message : Successfully Saved to Vault matched with expected message : Successfully Saved to Vault&#xD;
&#xD;
2019-11-01 07:49:20 - [MESSAGE][PASSED] - Popup Message : Successfully Saved to Vault matched with expected message : Successfully Saved to Vault&#xD;
&#xD;
2019-11-01 07:49:20 - [TEST_STEP][PASSED] - utilities.SafeActions.safeClickWithoutScroll(findTestObject("Pages/FirstPayVault/button_SearchVault_InPopup"), "Search Vault in Popup", [delayBetweenTestSteps]): utilities.SafeActions.safeClickWithoutScroll is PASSED&#xD;
&#xD;
2019-11-01 07:49:20 - [MESSAGE][INFO] - Safe Click Without scroll&#xD;
&#xD;
2019-11-01 07:49:20 - [MESSAGE][INFO] - 1stPayVault_TestSuite.ts:waiting until Search Vault in Popup is Clickable&#xD;
&#xD;
2019-11-01 07:49:20 - [MESSAGE][PASSED] - Object 'Object Repository/Pages/FirstPayVault/button_SearchVault_InPopup' is clickable&#xD;
&#xD;
2019-11-01 07:49:20 - [MESSAGE][PASSED] - Object 'Object Repository/Pages/FirstPayVault/button_SearchVault_InPopup' is visible&#xD;
&#xD;
2019-11-01 07:49:21 - [MESSAGE][PASSED] - Object: 'Object Repository/Pages/FirstPayVault/button_SearchVault_InPopup' is clicked on&#xD;
&#xD;
2019-11-01 07:49:21 - [MESSAGE][INFO] - 1stPayVault_TestSuite.ts: click on the Search Vault in Popup&#xD;
&#xD;
2019-11-01 07:49:21 - [MESSAGE][PASSED] - utilities.SafeActions.safeClickWithoutScroll is PASSED&#xD;
&#xD;
2019-11-01 07:49:21 - [TEST_STEP][PASSED] - scrollToElement(findTestObject("Pages/FirstPayVault/filter_FullCreditCardNumber"), delayBetweenTestSteps): Scroll to object 'Object Repository/Pages/FirstPayVault/filter_FullCreditCardNumber' successfully&#xD;
&#xD;
2019-11-01 07:49:21 - [MESSAGE][PASSED] - Scroll to object 'Object Repository/Pages/FirstPayVault/filter_FullCreditCardNumber' successfully&#xD;
&#xD;
2019-11-01 07:49:21 - [TEST_STEP][PASSED] - utilities.SafeActions.safeType(findTestObject("Pages/FirstPayVault/filter_FullCreditCardNumber"), visaCardNumber, "Enter full Credit Card Number", [delayBetweenTestSteps]): utilities.SafeActions.safeType is PASSED&#xD;
&#xD;
2019-11-01 07:49:21 - [MESSAGE][PASSED] - Object 'Object Repository/Pages/FirstPayVault/filter_FullCreditCardNumber' is present&#xD;
&#xD;
2019-11-01 07:49:21 - [MESSAGE][PASSED] - Scroll to object 'Object Repository/Pages/FirstPayVault/filter_FullCreditCardNumber' successfully&#xD;
&#xD;
2019-11-01 07:49:21 - [MESSAGE][PASSED] - Object 'Object Repository/Pages/FirstPayVault/filter_FullCreditCardNumber' is present&#xD;
&#xD;
2019-11-01 07:49:22 - [MESSAGE][PASSED] - Object: 'Object Repository/Pages/FirstPayVault/filter_FullCreditCardNumber' is clicked on&#xD;
&#xD;
2019-11-01 07:49:22 - [MESSAGE][PASSED] - Text '4111111111111111' is set on object 'Object Repository/Pages/FirstPayVault/filter_FullCreditCardNumber'&#xD;
&#xD;
2019-11-01 07:49:22 - [MESSAGE][PASSED] - utilities.SafeActions.safeType is PASSED&#xD;
&#xD;
2019-11-01 07:49:22 - [TEST_STEP][PASSED] - utilities.SafeActions.safeClickWithoutScroll(findTestObject("Pages/FirstPayVault/button_Search"), "Click On Search button", [PageLoadTime]): utilities.SafeActions.safeClickWithoutScroll is PASSED&#xD;
&#xD;
2019-11-01 07:49:22 - [MESSAGE][INFO] - Safe Click Without scroll&#xD;
&#xD;
2019-11-01 07:49:22 - [MESSAGE][INFO] - 1stPayVault_TestSuite.ts:waiting until Click On Search button is Clickable&#xD;
&#xD;
2019-11-01 07:49:22 - [MESSAGE][PASSED] - Object 'Object Repository/Pages/FirstPayVault/button_Search' is clickable&#xD;
&#xD;
2019-11-01 07:49:23 - [MESSAGE][PASSED] - Object 'Object Repository/Pages/FirstPayVault/button_Search' is visible&#xD;
&#xD;
2019-11-01 07:49:23 - [MESSAGE][PASSED] - Object: 'Object Repository/Pages/FirstPayVault/button_Search' is clicked on&#xD;
&#xD;
2019-11-01 07:49:23 - [MESSAGE][INFO] - 1stPayVault_TestSuite.ts: click on the Click On Search button&#xD;
&#xD;
2019-11-01 07:49:23 - [MESSAGE][PASSED] - utilities.SafeActions.safeClickWithoutScroll is PASSED&#xD;
&#xD;
2019-11-01 07:49:23 - [TEST_STEP][PASSED] - scrollToElement(findTestObject("Pages/Transaction_Management/invoice_ForTransaction"), PageLoadTime): Scroll to object 'Object Repository/Pages/Transaction_Management/invoice_ForTransaction' successfully&#xD;
&#xD;
2019-11-01 07:49:26 - [MESSAGE][PASSED] - Scroll to object 'Object Repository/Pages/Transaction_Management/invoice_ForTransaction' successfully&#xD;
&#xD;
2019-11-01 07:49:26 - [TEST_STEP][PASSED] - pages.FirstPayVault.verifyAllRecordsFilteredByCardNumber(findTestObject("Pages/FirstPayVault/footer_NextButton"), findTestObject("Pages/FirstPayVault/page_Number"), visaCardNumber): All filtered Records have expected card Number&#xD;
&#xD;
2019-11-01 07:49:27 - [MESSAGE][PASSED] - Text of object 'Object Repository/Pages/FirstPayVault/page_Number' is: 'Page 1 of 37'&#xD;
&#xD;
2019-11-01 07:49:28 - [MESSAGE][PASSED] - Delayed 1 second(s)&#xD;
&#xD;
2019-11-01 07:49:28 - [MESSAGE][PASSED] - Object: 'Object Repository/Pages/FirstPayVault/footer_NextButton' is clicked on&#xD;
&#xD;
2019-11-01 07:49:30 - [MESSAGE][PASSED] - Delayed 2 second(s)&#xD;
&#xD;
2019-11-01 07:49:32 - [MESSAGE][PASSED] - Delayed 1 second(s)&#xD;
&#xD;
2019-11-01 07:49:32 - [MESSAGE][PASSED] - Object: 'Object Repository/Pages/FirstPayVault/footer_NextButton' is clicked on&#xD;
&#xD;
2019-11-01 07:49:34 - [MESSAGE][PASSED] - Delayed 2 second(s)&#xD;
&#xD;
2019-11-01 07:49:35 - [MESSAGE][PASSED] - Delayed 1 second(s)&#xD;
&#xD;
2019-11-01 07:49:35 - [MESSAGE][PASSED] - Object: 'Object Repository/Pages/FirstPayVault/footer_NextButton' is clicked on&#xD;
&#xD;
2019-11-01 07:49:37 - [MESSAGE][PASSED] - Delayed 2 second(s)&#xD;
&#xD;
2019-11-01 07:49:38 - [MESSAGE][PASSED] - Delayed 1 second(s)&#xD;
&#xD;
2019-11-01 07:49:39 - [MESSAGE][PASSED] - Object: 'Object Repository/Pages/FirstPayVault/footer_NextButton' is clicked on&#xD;
&#xD;
2019-11-01 07:49:41 - [MESSAGE][PASSED] - Delayed 2 second(s)&#xD;
&#xD;
2019-11-01 07:49:42 - [MESSAGE][PASSED] - Delayed 1 second(s)&#xD;
&#xD;
2019-11-01 07:49:42 - [MESSAGE][PASSED] - Object: 'Object Repository/Pages/FirstPayVault/footer_NextButton' is clicked on&#xD;
&#xD;
2019-11-01 07:49:44 - [MESSAGE][PASSED] - Delayed 2 second(s)&#xD;
&#xD;
2019-11-01 07:49:45 - [MESSAGE][PASSED] - Delayed 1 second(s)&#xD;
&#xD;
2019-11-01 07:49:46 - [MESSAGE][PASSED] - Object: 'Object Repository/Pages/FirstPayVault/footer_NextButton' is clicked on&#xD;
&#xD;
2019-11-01 07:49:48 - [MESSAGE][PASSED] - Delayed 2 second(s)&#xD;
&#xD;
2019-11-01 07:49:49 - [MESSAGE][PASSED] - Delayed 1 second(s)&#xD;
&#xD;
2019-11-01 07:49:49 - [MESSAGE][PASSED] - Object: 'Object Repository/Pages/FirstPayVault/footer_NextButton' is clicked on&#xD;
&#xD;
2019-11-01 07:49:51 - [MESSAGE][PASSED] - Delayed 2 second(s)&#xD;
&#xD;
2019-11-01 07:49:52 - [MESSAGE][PASSED] - Delayed 1 second(s)&#xD;
&#xD;
2019-11-01 07:49:52 - [MESSAGE][PASSED] - Object: 'Object Repository/Pages/FirstPayVault/footer_NextButton' is clicked on&#xD;
&#xD;
2019-11-01 07:49:54 - [MESSAGE][PASSED] - Delayed 2 second(s)&#xD;
&#xD;
2019-11-01 07:49:56 - [MESSAGE][PASSED] - Delayed 1 second(s)&#xD;
&#xD;
2019-11-01 07:49:56 - [MESSAGE][PASSED] - Object: 'Object Repository/Pages/FirstPayVault/footer_NextButton' is clicked on&#xD;
&#xD;
2019-11-01 07:49:58 - [MESSAGE][PASSED] - Delayed 2 second(s)&#xD;
&#xD;
2019-11-01 07:49:59 - [MESSAGE][PASSED] - Delayed 1 second(s)&#xD;
&#xD;
2019-11-01 07:49:59 - [MESSAGE][PASSED] - Object: 'Object Repository/Pages/FirstPayVault/footer_NextButton' is clicked on&#xD;
&#xD;
2019-11-01 07:50:01 - [MESSAGE][PASSED] - Delayed 2 second(s)&#xD;
&#xD;
2019-11-01 07:50:03 - [MESSAGE][PASSED] - Delayed 1 second(s)&#xD;
&#xD;
2019-11-01 07:50:03 - [MESSAGE][PASSED] - Object: 'Object Repository/Pages/FirstPayVault/footer_NextButton' is clicked on&#xD;
&#xD;
2019-11-01 07:50:05 - [MESSAGE][PASSED] - Delayed 2 second(s)&#xD;
&#xD;
2019-11-01 07:50:06 - [MESSAGE][PASSED] - Delayed 1 second(s)&#xD;
&#xD;
2019-11-01 07:50:06 - [MESSAGE][PASSED] - Object: 'Object Repository/Pages/FirstPayVault/footer_NextButton' is clicked on&#xD;
&#xD;
2019-11-01 07:50:08 - [MESSAGE][PASSED] - Delayed 2 second(s)&#xD;
&#xD;
2019-11-01 07:50:10 - [MESSAGE][PASSED] - Delayed 1 second(s)&#xD;
&#xD;
2019-11-01 07:50:10 - [MESSAGE][PASSED] - Object: 'Object Repository/Pages/FirstPayVault/footer_NextButton' is clicked on&#xD;
&#xD;
2019-11-01 07:50:12 - [MESSAGE][PASSED] - Delayed 2 second(s)&#xD;
&#xD;
2019-11-01 07:50:13 - [MESSAGE][PASSED] - Delayed 1 second(s)&#xD;
&#xD;
2019-11-01 07:50:13 - [MESSAGE][PASSED] - Object: 'Object Repository/Pages/FirstPayVault/footer_NextButton' is clicked on&#xD;
&#xD;
2019-11-01 07:50:15 - [MESSAGE][PASSED] - Delayed 2 second(s)&#xD;
&#xD;
2019-11-01 07:50:16 - [MESSAGE][PASSED] - Delayed 1 second(s)&#xD;
&#xD;
2019-11-01 07:50:17 - [MESSAGE][PASSED] - Object: 'Object Repository/Pages/FirstPayVault/footer_NextButton' is clicked on&#xD;
&#xD;
2019-11-01 07:50:19 - [MESSAGE][PASSED] - Delayed 2 second(s)&#xD;
&#xD;
2019-11-01 07:50:20 - [MESSAGE][PASSED] - Delayed 1 second(s)&#xD;
&#xD;
2019-11-01 07:50:20 - [MESSAGE][PASSED] - Object: 'Object Repository/Pages/FirstPayVault/footer_NextButton' is clicked on&#xD;
&#xD;
2019-11-01 07:50:22 - [MESSAGE][PASSED] - Delayed 2 second(s)&#xD;
&#xD;
2019-11-01 07:50:23 - [MESSAGE][PASSED] - Delayed 1 second(s)&#xD;
&#xD;
2019-11-01 07:50:23 - [MESSAGE][PASSED] - Object: 'Object Repository/Pages/FirstPayVault/footer_NextButton' is clicked on&#xD;
&#xD;
2019-11-01 07:50:25 - [MESSAGE][PASSED] - Delayed 2 second(s)&#xD;
&#xD;
2019-11-01 07:50:27 - [MESSAGE][PASSED] - Delayed 1 second(s)&#xD;
&#xD;
2019-11-01 07:50:27 - [MESSAGE][PASSED] - Object: 'Object Repository/Pages/FirstPayVault/footer_NextButton' is clicked on&#xD;
&#xD;
2019-11-01 07:50:29 - [MESSAGE][PASSED] - Delayed 2 second(s)&#xD;
&#xD;
2019-11-01 07:50:30 - [MESSAGE][PASSED] - Delayed 1 second(s)&#xD;
&#xD;
2019-11-01 07:50:30 - [MESSAGE][PASSED] - Object: 'Object Repository/Pages/FirstPayVault/footer_NextButton' is clicked on&#xD;
&#xD;
2019-11-01 07:50:32 - [MESSAGE][PASSED] - Delayed 2 second(s)&#xD;
&#xD;
2019-11-01 07:50:34 - [MESSAGE][PASSED] - Delayed 1 second(s)&#xD;
&#xD;
2019-11-01 07:50:34 - [MESSAGE][PASSED] - Object: 'Object Repository/Pages/FirstPayVault/footer_NextButton' is clicked on&#xD;
&#xD;
2019-11-01 07:50:36 - [MESSAGE][PASSED] - Delayed 2 second(s)&#xD;
&#xD;
2019-11-01 07:50:37 - [MESSAGE][PASSED] - Delayed 1 second(s)&#xD;
&#xD;
2019-11-01 07:50:37 - [MESSAGE][PASSED] - Object: 'Object Repository/Pages/FirstPayVault/footer_NextButton' is clicked on&#xD;
&#xD;
2019-11-01 07:50:39 - [MESSAGE][PASSED] - Delayed 2 second(s)&#xD;
&#xD;
2019-11-01 07:50:40 - [MESSAGE][PASSED] - Delayed 1 second(s)&#xD;
&#xD;
2019-11-01 07:50:41 - [MESSAGE][PASSED] - Object: 'Object Repository/Pages/FirstPayVault/footer_NextButton' is clicked on&#xD;
&#xD;
2019-11-01 07:50:43 - [MESSAGE][PASSED] - Delayed 2 second(s)&#xD;
&#xD;
2019-11-01 07:50:44 - [MESSAGE][PASSED] - Delayed 1 second(s)&#xD;
&#xD;
2019-11-01 07:50:44 - [MESSAGE][PASSED] - Object: 'Object Repository/Pages/FirstPayVault/footer_NextButton' is clicked on&#xD;
&#xD;
2019-11-01 07:50:46 - [MESSAGE][PASSED] - Delayed 2 second(s)&#xD;
&#xD;
2019-11-01 07:50:47 - [MESSAGE][PASSED] - Delayed 1 second(s)&#xD;
&#xD;
2019-11-01 07:50:47 - [MESSAGE][PASSED] - Object: 'Object Repository/Pages/FirstPayVault/footer_NextButton' is clicked on&#xD;
&#xD;
2019-11-01 07:50:49 - [MESSAGE][PASSED] - Delayed 2 second(s)&#xD;
&#xD;
2019-11-01 07:50:51 - [MESSAGE][PASSED] - Delayed 1 second(s)&#xD;
&#xD;
2019-11-01 07:50:51 - [MESSAGE][PASSED] - Object: 'Object Repository/Pages/FirstPayVault/footer_NextButton' is clicked on&#xD;
&#xD;
2019-11-01 07:50:53 - [MESSAGE][PASSED] - Delayed 2 second(s)&#xD;
&#xD;
2019-11-01 07:50:54 - [MESSAGE][PASSED] - Delayed 1 second(s)&#xD;
&#xD;
2019-11-01 07:50:54 - [MESSAGE][PASSED] - Object: 'Object Repository/Pages/FirstPayVault/footer_NextButton' is clicked on&#xD;
&#xD;
2019-11-01 07:50:56 - [MESSAGE][PASSED] - Delayed 2 second(s)&#xD;
&#xD;
2019-11-01 07:50:57 - [MESSAGE][PASSED] - Delayed 1 second(s)&#xD;
&#xD;
2019-11-01 07:50:58 - [MESSAGE][PASSED] - Object: 'Object Repository/Pages/FirstPayVault/footer_NextButton' is clicked on&#xD;
&#xD;
2019-11-01 07:51:00 - [MESSAGE][PASSED] - Delayed 2 second(s)&#xD;
&#xD;
2019-11-01 07:51:01 - [MESSAGE][PASSED] - Delayed 1 second(s)&#xD;
&#xD;
2019-11-01 07:51:01 - [MESSAGE][PASSED] - Object: 'Object Repository/Pages/FirstPayVault/footer_NextButton' is clicked on&#xD;
&#xD;
2019-11-01 07:51:03 - [MESSAGE][PASSED] - Delayed 2 second(s)&#xD;
&#xD;
2019-11-01 07:51:04 - [MESSAGE][PASSED] - Delayed 1 second(s)&#xD;
&#xD;
2019-11-01 07:51:05 - [MESSAGE][PASSED] - Object: 'Object Repository/Pages/FirstPayVault/footer_NextButton' is clicked on&#xD;
&#xD;
2019-11-01 07:51:07 - [MESSAGE][PASSED] - Delayed 2 second(s)&#xD;
&#xD;
2019-11-01 07:51:08 - [MESSAGE][PASSED] - Delayed 1 second(s)&#xD;
&#xD;
2019-11-01 07:51:08 - [MESSAGE][PASSED] - Object: 'Object Repository/Pages/FirstPayVault/footer_NextButton' is clicked on&#xD;
&#xD;
2019-11-01 07:51:10 - [MESSAGE][PASSED] - Delayed 2 second(s)&#xD;
&#xD;
2019-11-01 07:51:11 - [MESSAGE][PASSED] - Delayed 1 second(s)&#xD;
&#xD;
2019-11-01 07:51:11 - [MESSAGE][PASSED] - Object: 'Object Repository/Pages/FirstPayVault/footer_NextButton' is clicked on&#xD;
&#xD;
2019-11-01 07:51:13 - [MESSAGE][PASSED] - Delayed 2 second(s)&#xD;
&#xD;
2019-11-01 07:51:15 - [MESSAGE][PASSED] - Delayed 1 second(s)&#xD;
&#xD;
2019-11-01 07:51:15 - [MESSAGE][PASSED] - Object: 'Object Repository/Pages/FirstPayVault/footer_NextButton' is clicked on&#xD;
&#xD;
2019-11-01 07:51:17 - [MESSAGE][PASSED] - Delayed 2 second(s)&#xD;
&#xD;
2019-11-01 07:51:18 - [MESSAGE][PASSED] - Delayed 1 second(s)&#xD;
&#xD;
2019-11-01 07:51:18 - [MESSAGE][PASSED] - Object: 'Object Repository/Pages/FirstPayVault/footer_NextButton' is clicked on&#xD;
&#xD;
2019-11-01 07:51:20 - [MESSAGE][PASSED] - Delayed 2 second(s)&#xD;
&#xD;
2019-11-01 07:51:22 - [MESSAGE][PASSED] - Delayed 1 second(s)&#xD;
&#xD;
2019-11-01 07:51:22 - [MESSAGE][PASSED] - Object: 'Object Repository/Pages/FirstPayVault/footer_NextButton' is clicked on&#xD;
&#xD;
2019-11-01 07:51:24 - [MESSAGE][PASSED] - Delayed 2 second(s)&#xD;
&#xD;
2019-11-01 07:51:25 - [MESSAGE][PASSED] - Delayed 1 second(s)&#xD;
&#xD;
2019-11-01 07:51:25 - [MESSAGE][PASSED] - Object: 'Object Repository/Pages/FirstPayVault/footer_NextButton' is clicked on&#xD;
&#xD;
2019-11-01 07:51:27 - [MESSAGE][PASSED] - Delayed 2 second(s)&#xD;
&#xD;
2019-11-01 07:51:28 - [MESSAGE][PASSED] - Delayed 1 second(s)&#xD;
&#xD;
2019-11-01 07:51:28 - [MESSAGE][PASSED] - Object: 'Object Repository/Pages/FirstPayVault/footer_NextButton' is clicked on&#xD;
&#xD;
2019-11-01 07:51:30 - [MESSAGE][PASSED] - Delayed 2 second(s)&#xD;
&#xD;
2019-11-01 07:51:31 - [MESSAGE][PASSED] - Delayed 1 second(s)&#xD;
&#xD;
2019-11-01 07:51:32 - [MESSAGE][PASSED] - Object: 'Object Repository/Pages/FirstPayVault/footer_NextButton' is clicked on&#xD;
&#xD;
2019-11-01 07:51:34 - [MESSAGE][PASSED] - Delayed 2 second(s)&#xD;
&#xD;
2019-11-01 07:51:34 - [MESSAGE][PASSED] - All filtered Records have expected card Number&#xD;
&#xD;
2019-11-01 07:51:34 - [TEST_STEP][PASSED] - closeBrowser(): Browser is closed&#xD;
&#xD;
2019-11-01 07:51:35 - [MESSAGE][PASSED] - Browser is closed&#xD;
&#xD;
2019-11-01 07:51:35 - [TEST_STEP][PASSED] - Start listener action : sampleAfterTestCase: null&#xD;
&#xD;
2019-11-01 07:51:35 - [TEST_STEP][PASSED] - println(testCaseContext.getTestCaseId()): null&#xD;
&#xD;
2019-11-01 07:51:35 - [TEST_STEP][PASSED] - println(testCaseContext.getTestCaseStatus()): null&#xD;
&#xD;
2019-11-01 07:51:35 - [TEST_STEP][PASSED] - testCaseName = testCaseContext.getTestCaseId(): null&#xD;
&#xD;
2019-11-01 07:51:35 - [TEST_STEP][PASSED] - strCount = testCaseName.lastIndexOf("/"): null&#xD;
&#xD;
2019-11-01 07:51:35 - [TEST_STEP][PASSED] - testCaseName = testCaseName.substring(strCount): null&#xD;
&#xD;
2019-11-01 07:51:35 - [TEST_STEP][PASSED] - println(testCaseName): null&#xD;
&#xD;
2019-11-01 07:51:35 - [TEST_STEP][PASSED] - if (getTestCaseStatus().equalsIgnoreCase("Error")): null&#xD;
&#xD;
2019-11-01 07:51:35 - [TEST_STEP][PASSED] - Start listener action : sampleAfterTestCase: null</system-out>
            <system-err></system-err>
        </testcase>
        <testcase name="Test Cases/FirstView/FirstPayVault/VPOS_1stPayVault_Search_Vault_By_VaultReferenceNumber_Retail" classname="Test Cases/FirstView/FirstPayVault/VPOS_1stPayVault_Search_Vault_By_VaultReferenceNumber_Retail" status="PASSED">
            <system-out>2019-11-01 07:51:35 - [TEST_CASE][PASSED] - Test Cases/FirstView/FirstPayVault/VPOS_1stPayVault_Search_Vault_By_VaultReferenceNumber_Retail: Test Cases/FirstView/FirstPayVault/VPOS_1stPayVault_Search_Vault_By_VaultReferenceNumber_Retail&#xD;
&#xD;
2019-11-01 07:51:35 - [TEST_STEP][PASSED] - Start listener action : sampleBeforeTestCase: null&#xD;
&#xD;
2019-11-01 07:51:35 - [TEST_STEP][PASSED] - println(testCaseContext.getTestCaseId()): null&#xD;
&#xD;
2019-11-01 07:51:35 - [TEST_STEP][PASSED] - println(testCaseContext.getTestCaseVariables()): null&#xD;
&#xD;
2019-11-01 07:51:35 - [TEST_STEP][PASSED] - utilities.SafeActions.openBrowser(URL, [PageLoadTime]): utilities.SafeActions.openBrowser is PASSED&#xD;
&#xD;
2019-11-01 07:51:35 - [MESSAGE][INFO] - Opening Browser&#xD;
&#xD;
2019-11-01 07:51:35 - [MESSAGE][INFO] - Starting 'Chrome' driver&#xD;
&#xD;
2019-11-01 07:51:42 - [MESSAGE][PASSED] - Browser is opened with url: 'https://q-www-firstview-net.faps.net/MVC/Account/Login'&#xD;
&#xD;
2019-11-01 07:51:47 - [MESSAGE][PASSED] - Current window maximized&#xD;
&#xD;
2019-11-01 07:51:47 - [MESSAGE][INFO] - Browser Launched Successfully&#xD;
&#xD;
2019-11-01 07:51:47 - [MESSAGE][PASSED] - utilities.SafeActions.openBrowser is PASSED&#xD;
&#xD;
2019-11-01 07:51:47 - [TEST_STEP][PASSED] - pages.Login.login(uName, password): pages.Login.login is PASSED&#xD;
&#xD;
2019-11-01 07:51:47 - [MESSAGE][PASSED] - Object 'Object Repository/Pages/Login/userName' is present&#xD;
&#xD;
2019-11-01 07:51:47 - [MESSAGE][PASSED] - Scroll to object 'Object Repository/Pages/Login/userName' successfully&#xD;
&#xD;
2019-11-01 07:51:47 - [MESSAGE][PASSED] - Object 'Object Repository/Pages/Login/userName' is present&#xD;
&#xD;
2019-11-01 07:51:48 - [MESSAGE][PASSED] - Object: 'Object Repository/Pages/Login/userName' is clicked on&#xD;
&#xD;
2019-11-01 07:51:48 - [MESSAGE][PASSED] - Text 'ZenQRetail' is set on object 'Object Repository/Pages/Login/userName'&#xD;
&#xD;
2019-11-01 07:51:48 - [MESSAGE][PASSED] - Object 'Object Repository/Pages/Login/password' is present&#xD;
&#xD;
2019-11-01 07:51:48 - [MESSAGE][PASSED] - Scroll to object 'Object Repository/Pages/Login/password' successfully&#xD;
&#xD;
2019-11-01 07:51:48 - [MESSAGE][PASSED] - Object 'Object Repository/Pages/Login/password' is present&#xD;
&#xD;
2019-11-01 07:51:49 - [MESSAGE][PASSED] - Object: 'Object Repository/Pages/Login/password' is clicked on&#xD;
&#xD;
2019-11-01 07:51:49 - [MESSAGE][PASSED] - Text 'P@ssword1' is set on object 'Object Repository/Pages/Login/password'&#xD;
&#xD;
2019-11-01 07:51:49 - [MESSAGE][INFO] - Safe Click Without scroll&#xD;
&#xD;
2019-11-01 07:51:49 - [MESSAGE][INFO] - 1stPayVault_TestSuite.ts:waiting until Click on Login is Clickable&#xD;
&#xD;
2019-11-01 07:51:49 - [MESSAGE][PASSED] - Object 'Object Repository/Pages/Login/login' is clickable&#xD;
&#xD;
2019-11-01 07:51:49 - [MESSAGE][PASSED] - Object 'Object Repository/Pages/Login/login' is visible&#xD;
&#xD;
2019-11-01 07:51:51 - [MESSAGE][PASSED] - Object: 'Object Repository/Pages/Login/login' is clicked on&#xD;
&#xD;
2019-11-01 07:51:51 - [MESSAGE][INFO] - 1stPayVault_TestSuite.ts: click on the Click on Login&#xD;
&#xD;
2019-11-01 07:51:51 - [MESSAGE][PASSED] - pages.Login.login is PASSED&#xD;
&#xD;
2019-11-01 07:51:51 - [TEST_STEP][PASSED] - callTestCase(findTestCase("FirstView/Login/TC_SendCode"), [:], STOP_ON_FAILURE): Call Test Case 'Test Cases/FirstView/Login/TC_SendCode' successfully&#xD;
&#xD;
2019-11-01 07:51:51 - [TEST_CASE][PASSED] - Test Cases/FirstView/Login/TC_SendCode: Test Cases/FirstView/Login/TC_SendCode&#xD;
&#xD;
2019-11-01 07:51:51 - [TEST_STEP][PASSED] - flag = pages.SendCode.verifyPage(): pages.SendCode.verifyPage is PASSED&#xD;
&#xD;
2019-11-01 07:51:52 - [MESSAGE][PASSED] - Object 'Object Repository/Pages/SendCodeToValidate/header_SendCodeToValidate' is present and visible in viewport&#xD;
&#xD;
2019-11-01 07:51:52 - [MESSAGE][PASSED] - pages.SendCode.verifyPage is PASSED&#xD;
&#xD;
2019-11-01 07:51:52 - [TEST_STEP][PASSED] - if (flag): pages.SendCode.clickonUserSettings is PASSED&#xD;
&#xD;
2019-11-01 07:51:52 - [TEST_STEP][PASSED] - pages.SendCode.clickonUserSettings(): pages.SendCode.clickonUserSettings is PASSED&#xD;
&#xD;
2019-11-01 07:51:52 - [MESSAGE][PASSED] - Object 'Object Repository/Pages/SendCodeToValidate/link_UserSettings' is present&#xD;
&#xD;
2019-11-01 07:51:52 - [MESSAGE][PASSED] - Object 'Object Repository/Pages/SendCodeToValidate/link_UserSettings' is visible&#xD;
&#xD;
2019-11-01 07:51:52 - [MESSAGE][INFO] - 1stPayVault_TestSuite.ts:waiting until Click on User Settings is Clickable&#xD;
&#xD;
2019-11-01 07:51:52 - [MESSAGE][PASSED] - Object 'Object Repository/Pages/SendCodeToValidate/link_UserSettings' is clickable&#xD;
&#xD;
2019-11-01 07:51:52 - [MESSAGE][PASSED] - Object 'Object Repository/Pages/SendCodeToValidate/link_UserSettings' is visible&#xD;
&#xD;
2019-11-01 07:51:54 - [MESSAGE][PASSED] - Object: 'Object Repository/Pages/SendCodeToValidate/link_UserSettings' is clicked on&#xD;
&#xD;
2019-11-01 07:51:54 - [MESSAGE][INFO] - 1stPayVault_TestSuite.ts: Clicked on the Click on User Settings&#xD;
&#xD;
2019-11-01 07:51:54 - [MESSAGE][PASSED] - pages.SendCode.clickonUserSettings is PASSED&#xD;
&#xD;
2019-11-01 07:51:54 - [MESSAGE][PASSED] - Call Test Case 'Test Cases/FirstView/Login/TC_SendCode' successfully&#xD;
&#xD;
2019-11-01 07:51:54 - [TEST_STEP][PASSED] - callTestCase(findTestCase("FirstView/Login/TC_FirstView"), [:], STOP_ON_FAILURE): Call Test Case 'Test Cases/FirstView/Login/TC_FirstView' successfully&#xD;
&#xD;
2019-11-01 07:51:54 - [TEST_CASE][PASSED] - Test Cases/FirstView/Login/TC_FirstView: Test Cases/FirstView/Login/TC_FirstView&#xD;
&#xD;
2019-11-01 07:51:54 - [TEST_STEP][NOT_RUN] - utilities.SafeActions.safeClickWithoutScroll(findTestObject("Pages/FirstView/link_Home"), "Click on Home button in First View screen", [PageLoadTime]): NOT_RUN: utilities.SafeActions.safeClickWithoutScroll(findTestObject("Pages/FirstView/link_Home"), "Click on Home button in First View screen", [PageLoadTime])&#xD;
&#xD;
2019-11-01 07:51:54 - [MESSAGE][NOT_RUN] - NOT_RUN: utilities.SafeActions.safeClickWithoutScroll(findTestObject("Pages/FirstView/link_Home"), "Click on Home button in First View screen", [PageLoadTime])&#xD;
&#xD;
2019-11-01 07:51:54 - [TEST_STEP][PASSED] - delay(3): Delayed 3 second(s)&#xD;
&#xD;
2019-11-01 07:51:57 - [MESSAGE][PASSED] - Delayed 3 second(s)&#xD;
&#xD;
2019-11-01 07:51:57 - [TEST_STEP][PASSED] - utilities.SafeActions.javascriptclick(findTestObject("Pages/FirstView/link_Home"), delayForElement): utilities.SafeActions.javascriptclick is PASSED&#xD;
&#xD;
2019-11-01 07:51:57 - [MESSAGE][PASSED] - utilities.SafeActions.javascriptclick is PASSED&#xD;
&#xD;
2019-11-01 07:51:57 - [TEST_STEP][PASSED] - utilities.SafeActions.safeClickWithoutScroll(findTestObject("Pages/FirstView/link_VPOS"), "Click on VPOS button in First View screen", [PageLoadTime]): utilities.SafeActions.safeClickWithoutScroll is PASSED&#xD;
&#xD;
2019-11-01 07:51:57 - [MESSAGE][INFO] - Safe Click Without scroll&#xD;
&#xD;
2019-11-01 07:51:57 - [MESSAGE][INFO] - 1stPayVault_TestSuite.ts:waiting until Click on VPOS button in First View screen is Clickable&#xD;
&#xD;
2019-11-01 07:51:58 - [MESSAGE][PASSED] - Object 'Object Repository/Pages/FirstView/link_VPOS' is clickable&#xD;
&#xD;
2019-11-01 07:51:58 - [MESSAGE][PASSED] - Object 'Object Repository/Pages/FirstView/link_VPOS' is visible&#xD;
&#xD;
2019-11-01 07:51:58 - [MESSAGE][PASSED] - Object: 'Object Repository/Pages/FirstView/link_VPOS' is clicked on&#xD;
&#xD;
2019-11-01 07:51:58 - [MESSAGE][INFO] - 1stPayVault_TestSuite.ts: click on the Click on VPOS button in First View screen&#xD;
&#xD;
2019-11-01 07:51:58 - [MESSAGE][PASSED] - utilities.SafeActions.safeClickWithoutScroll is PASSED&#xD;
&#xD;
2019-11-01 07:51:58 - [MESSAGE][PASSED] - Call Test Case 'Test Cases/FirstView/Login/TC_FirstView' successfully&#xD;
&#xD;
2019-11-01 07:51:58 - [TEST_STEP][PASSED] - switchToWindowTitle("Transcenter - VPOS"): Switched to window with title: 'Transcenter - VPOS'&#xD;
&#xD;
2019-11-01 07:52:04 - [MESSAGE][PASSED] - Switched to window with title: 'Transcenter - VPOS'&#xD;
&#xD;
2019-11-01 07:52:04 - [TEST_STEP][PASSED] - focus(findTestObject("Pages/FirstPayVault/tab_FirstPayVault")): Object: 'Object Repository/Pages/FirstPayVault/tab_FirstPayVault' is focused&#xD;
&#xD;
2019-11-01 07:52:04 - [MESSAGE][PASSED] - Object: 'Object Repository/Pages/FirstPayVault/tab_FirstPayVault' is focused&#xD;
&#xD;
2019-11-01 07:52:04 - [TEST_STEP][PASSED] - utilities.SafeActions.javascriptclick(findTestObject("Pages/FirstPayVault/tab_FirstPayVault"), PageLoadTime): utilities.SafeActions.javascriptclick is PASSED&#xD;
&#xD;
2019-11-01 07:52:04 - [MESSAGE][PASSED] - utilities.SafeActions.javascriptclick is PASSED&#xD;
&#xD;
2019-11-01 07:52:04 - [TEST_STEP][PASSED] - delay(2): Delayed 2 second(s)&#xD;
&#xD;
2019-11-01 07:52:06 - [MESSAGE][PASSED] - Delayed 2 second(s)&#xD;
&#xD;
2019-11-01 07:52:06 - [TEST_STEP][PASSED] - utilities.SafeActions.safeClickWithoutScroll(findTestObject("Pages/FirstPayVault/tab_FirstPayVault"), "Click on FistPayVault tab", [delayForElement]): utilities.SafeActions.safeClickWithoutScroll is PASSED&#xD;
&#xD;
2019-11-01 07:52:06 - [MESSAGE][INFO] - Safe Click Without scroll&#xD;
&#xD;
2019-11-01 07:52:06 - [MESSAGE][INFO] - 1stPayVault_TestSuite.ts:waiting until Click on FistPayVault tab is Clickable&#xD;
&#xD;
2019-11-01 07:52:07 - [MESSAGE][PASSED] - Object 'Object Repository/Pages/FirstPayVault/tab_FirstPayVault' is clickable&#xD;
&#xD;
2019-11-01 07:52:07 - [MESSAGE][PASSED] - Object 'Object Repository/Pages/FirstPayVault/tab_FirstPayVault' is visible&#xD;
&#xD;
2019-11-01 07:52:07 - [MESSAGE][PASSED] - Object: 'Object Repository/Pages/FirstPayVault/tab_FirstPayVault' is clicked on&#xD;
&#xD;
2019-11-01 07:52:07 - [MESSAGE][INFO] - 1stPayVault_TestSuite.ts: click on the Click on FistPayVault tab&#xD;
&#xD;
2019-11-01 07:52:07 - [MESSAGE][PASSED] - utilities.SafeActions.safeClickWithoutScroll is PASSED&#xD;
&#xD;
2019-11-01 07:52:07 - [TEST_STEP][PASSED] - utilities.SafeActions.safeClickWithoutScroll(findTestObject("Pages/FirstPayVault/button_CreateVault"), "Click on CreateVault button", [PageLoadTime]): utilities.SafeActions.safeClickWithoutScroll is PASSED&#xD;
&#xD;
2019-11-01 07:52:07 - [MESSAGE][INFO] - Safe Click Without scroll&#xD;
&#xD;
2019-11-01 07:52:07 - [MESSAGE][INFO] - 1stPayVault_TestSuite.ts:waiting until Click on CreateVault button is Clickable&#xD;
&#xD;
2019-11-01 07:52:07 - [MESSAGE][PASSED] - Object 'Object Repository/Pages/FirstPayVault/button_CreateVault' is clickable&#xD;
&#xD;
2019-11-01 07:52:07 - [MESSAGE][PASSED] - Object 'Object Repository/Pages/FirstPayVault/button_CreateVault' is visible&#xD;
&#xD;
2019-11-01 07:52:08 - [MESSAGE][PASSED] - Object: 'Object Repository/Pages/FirstPayVault/button_CreateVault' is clicked on&#xD;
&#xD;
2019-11-01 07:52:08 - [MESSAGE][INFO] - 1stPayVault_TestSuite.ts: click on the Click on CreateVault button&#xD;
&#xD;
2019-11-01 07:52:08 - [MESSAGE][PASSED] - utilities.SafeActions.safeClickWithoutScroll is PASSED&#xD;
&#xD;
2019-11-01 07:52:08 - [TEST_STEP][PASSED] - scrollToElement(findTestObject("Pages/FirstPayVault/input_VaultReferenceNumber"), 5): Scroll to object 'Object Repository/Pages/FirstPayVault/input_VaultReferenceNumber' successfully&#xD;
&#xD;
2019-11-01 07:52:09 - [MESSAGE][PASSED] - Scroll to object 'Object Repository/Pages/FirstPayVault/input_VaultReferenceNumber' successfully&#xD;
&#xD;
2019-11-01 07:52:09 - [TEST_STEP][PASSED] - vaultReference = utilities.SafeActions.timeWithMilliSeconds(): utilities.SafeActions.timeWithMilliSeconds is PASSED&#xD;
&#xD;
2019-11-01 07:52:09 - [MESSAGE][PASSED] - utilities.SafeActions.timeWithMilliSeconds is PASSED&#xD;
&#xD;
2019-11-01 07:52:09 - [TEST_STEP][PASSED] - utilities.SafeActions.safeType(findTestObject("Pages/FirstPayVault/input_VaultReferenceNumber"), vaultReference, "Entering Vault Reference Number", [PageLoadTime]): utilities.SafeActions.safeType is PASSED&#xD;
&#xD;
2019-11-01 07:52:09 - [MESSAGE][PASSED] - Object 'Object Repository/Pages/FirstPayVault/input_VaultReferenceNumber' is present&#xD;
&#xD;
2019-11-01 07:52:09 - [MESSAGE][PASSED] - Scroll to object 'Object Repository/Pages/FirstPayVault/input_VaultReferenceNumber' successfully&#xD;
&#xD;
2019-11-01 07:52:09 - [MESSAGE][PASSED] - Object 'Object Repository/Pages/FirstPayVault/input_VaultReferenceNumber' is present&#xD;
&#xD;
2019-11-01 07:52:09 - [MESSAGE][PASSED] - Object: 'Object Repository/Pages/FirstPayVault/input_VaultReferenceNumber' is clicked on&#xD;
&#xD;
2019-11-01 07:52:10 - [MESSAGE][PASSED] - Text '2019-11-01 07:52:09.008' is set on object 'Object Repository/Pages/FirstPayVault/input_VaultReferenceNumber'&#xD;
&#xD;
2019-11-01 07:52:10 - [MESSAGE][PASSED] - utilities.SafeActions.safeType is PASSED&#xD;
&#xD;
2019-11-01 07:52:10 - [TEST_STEP][PASSED] - utilities.SafeActions.safeType(findTestObject("Pages/FirstPayVault/input_CreditCardNumber"), visaCardNumber, "Entering Card Number", [PageLoadTime]): utilities.SafeActions.safeType is PASSED&#xD;
&#xD;
2019-11-01 07:52:10 - [MESSAGE][PASSED] - Object 'Object Repository/Pages/FirstPayVault/input_CreditCardNumber' is present&#xD;
&#xD;
2019-11-01 07:52:10 - [MESSAGE][PASSED] - Scroll to object 'Object Repository/Pages/FirstPayVault/input_CreditCardNumber' successfully&#xD;
&#xD;
2019-11-01 07:52:10 - [MESSAGE][PASSED] - Object 'Object Repository/Pages/FirstPayVault/input_CreditCardNumber' is present&#xD;
&#xD;
2019-11-01 07:52:11 - [MESSAGE][PASSED] - Object: 'Object Repository/Pages/FirstPayVault/input_CreditCardNumber' is clicked on&#xD;
&#xD;
2019-11-01 07:52:11 - [MESSAGE][PASSED] - Text '4111111111111111' is set on object 'Object Repository/Pages/FirstPayVault/input_CreditCardNumber'&#xD;
&#xD;
2019-11-01 07:52:11 - [MESSAGE][PASSED] - utilities.SafeActions.safeType is PASSED&#xD;
&#xD;
2019-11-01 07:52:11 - [TEST_STEP][PASSED] - utilities.SafeActions.safeSelectOptionInDropDownByVisibleText(findTestObject("Pages/FirstPayVault/dropDown_ExpirationMonth"), cardMonth, "Expiration Month", [PageLoadTime]): utilities.SafeActions.safeSelectOptionInDropDownByVisibleText is PASSED&#xD;
&#xD;
2019-11-01 07:52:11 - [MESSAGE][PASSED] - Object 'Object Repository/Pages/FirstPayVault/dropDown_ExpirationMonth' is visible&#xD;
&#xD;
2019-11-01 07:52:11 - [MESSAGE][PASSED] - Object 'Object Repository/Pages/FirstPayVault/dropDown_ExpirationMonth' is present&#xD;
&#xD;
2019-11-01 07:52:12 - [MESSAGE][PASSED] - Object: 'Object Repository/Pages/FirstPayVault/dropDown_ExpirationMonth' is clicked on&#xD;
&#xD;
2019-11-01 07:52:12 - [MESSAGE][PASSED] - All options with label 'September' are selected in object 'Object Repository/Pages/FirstPayVault/dropDown_ExpirationMonth' &#xD;
&#xD;
2019-11-01 07:52:12 - [MESSAGE][PASSED] - utilities.SafeActions.safeSelectOptionInDropDownByVisibleText is PASSED&#xD;
&#xD;
2019-11-01 07:52:12 - [TEST_STEP][PASSED] - utilities.SafeActions.safeSelectOptionInDropDownByVisibleText(findTestObject("Pages/FirstPayVault/dropDown_ExpirationYear"), cardYear, "year", [PageLoadTime]): utilities.SafeActions.safeSelectOptionInDropDownByVisibleText is PASSED&#xD;
&#xD;
2019-11-01 07:52:12 - [MESSAGE][PASSED] - Object 'Object Repository/Pages/FirstPayVault/dropDown_ExpirationYear' is visible&#xD;
&#xD;
2019-11-01 07:52:12 - [MESSAGE][PASSED] - Object 'Object Repository/Pages/FirstPayVault/dropDown_ExpirationYear' is present&#xD;
&#xD;
2019-11-01 07:52:13 - [MESSAGE][PASSED] - Object: 'Object Repository/Pages/FirstPayVault/dropDown_ExpirationYear' is clicked on&#xD;
&#xD;
2019-11-01 07:52:13 - [MESSAGE][PASSED] - All options with label '2032' are selected in object 'Object Repository/Pages/FirstPayVault/dropDown_ExpirationYear' &#xD;
&#xD;
2019-11-01 07:52:13 - [MESSAGE][PASSED] - utilities.SafeActions.safeSelectOptionInDropDownByVisibleText is PASSED&#xD;
&#xD;
2019-11-01 07:52:13 - [TEST_STEP][PASSED] - utilities.SafeActions.safeType(findTestObject("Pages/FirstPayVault/input_ContactName"), customerName, "Enter Contact Name", [PageLoadTime]): utilities.SafeActions.safeType is PASSED&#xD;
&#xD;
2019-11-01 07:52:13 - [MESSAGE][PASSED] - Object 'Object Repository/Pages/FirstPayVault/input_ContactName' is present&#xD;
&#xD;
2019-11-01 07:52:13 - [MESSAGE][PASSED] - Scroll to object 'Object Repository/Pages/FirstPayVault/input_ContactName' successfully&#xD;
&#xD;
2019-11-01 07:52:13 - [MESSAGE][PASSED] - Object 'Object Repository/Pages/FirstPayVault/input_ContactName' is present&#xD;
&#xD;
2019-11-01 07:52:14 - [MESSAGE][PASSED] - Object: 'Object Repository/Pages/FirstPayVault/input_ContactName' is clicked on&#xD;
&#xD;
2019-11-01 07:52:14 - [MESSAGE][PASSED] - Text 'Venkata Sai' is set on object 'Object Repository/Pages/FirstPayVault/input_ContactName'&#xD;
&#xD;
2019-11-01 07:52:14 - [MESSAGE][PASSED] - utilities.SafeActions.safeType is PASSED&#xD;
&#xD;
2019-11-01 07:52:14 - [TEST_STEP][PASSED] - utilities.SafeActions.safeType(findTestObject("Pages/FirstPayVault/input_PostalCode"), postalCode, "Enter Postal Code", [PageLoadTime]): utilities.SafeActions.safeType is PASSED&#xD;
&#xD;
2019-11-01 07:52:14 - [MESSAGE][PASSED] - Object 'Object Repository/Pages/FirstPayVault/input_PostalCode' is present&#xD;
&#xD;
2019-11-01 07:52:14 - [MESSAGE][PASSED] - Scroll to object 'Object Repository/Pages/FirstPayVault/input_PostalCode' successfully&#xD;
&#xD;
2019-11-01 07:52:14 - [MESSAGE][PASSED] - Object 'Object Repository/Pages/FirstPayVault/input_PostalCode' is present&#xD;
&#xD;
2019-11-01 07:52:15 - [MESSAGE][PASSED] - Object: 'Object Repository/Pages/FirstPayVault/input_PostalCode' is clicked on&#xD;
&#xD;
2019-11-01 07:52:15 - [MESSAGE][PASSED] - Text '76102' is set on object 'Object Repository/Pages/FirstPayVault/input_PostalCode'&#xD;
&#xD;
2019-11-01 07:52:15 - [MESSAGE][PASSED] - utilities.SafeActions.safeType is PASSED&#xD;
&#xD;
2019-11-01 07:52:15 - [TEST_STEP][PASSED] - utilities.SafeActions.safeType(findTestObject("Pages/FirstPayVault/input_Address"), address, "Enter ddress", [PageLoadTime]): utilities.SafeActions.safeType is PASSED&#xD;
&#xD;
2019-11-01 07:52:15 - [MESSAGE][PASSED] - Object 'Object Repository/Pages/FirstPayVault/input_Address' is present&#xD;
&#xD;
2019-11-01 07:52:15 - [MESSAGE][PASSED] - Scroll to object 'Object Repository/Pages/FirstPayVault/input_Address' successfully&#xD;
&#xD;
2019-11-01 07:52:15 - [MESSAGE][PASSED] - Object 'Object Repository/Pages/FirstPayVault/input_Address' is present&#xD;
&#xD;
2019-11-01 07:52:16 - [MESSAGE][PASSED] - Object: 'Object Repository/Pages/FirstPayVault/input_Address' is clicked on&#xD;
&#xD;
2019-11-01 07:52:16 - [MESSAGE][PASSED] - Text 'Street123' is set on object 'Object Repository/Pages/FirstPayVault/input_Address'&#xD;
&#xD;
2019-11-01 07:52:16 - [MESSAGE][PASSED] - utilities.SafeActions.safeType is PASSED&#xD;
&#xD;
2019-11-01 07:52:16 - [TEST_STEP][PASSED] - utilities.SafeActions.safeCheckForElement(findTestObject("Pages/FirstPayVault/chekBox_AddShippingInformation"), PageLoadTime): utilities.SafeActions.safeCheckForElement is PASSED&#xD;
&#xD;
2019-11-01 07:52:16 - [MESSAGE][PASSED] - Object 'Object Repository/Pages/FirstPayVault/chekBox_AddShippingInformation' is present&#xD;
&#xD;
2019-11-01 07:52:17 - [MESSAGE][PASSED] - Object 'Object Repository/Pages/FirstPayVault/chekBox_AddShippingInformation' is visible&#xD;
&#xD;
2019-11-01 07:52:17 - [MESSAGE][PASSED] - Object 'Object Repository/Pages/FirstPayVault/chekBox_AddShippingInformation' is present&#xD;
&#xD;
2019-11-01 07:52:17 - [MESSAGE][PASSED] - Object 'Object Repository/Pages/FirstPayVault/chekBox_AddShippingInformation' is checked&#xD;
&#xD;
2019-11-01 07:52:17 - [MESSAGE][PASSED] - utilities.SafeActions.safeCheckForElement is PASSED&#xD;
&#xD;
2019-11-01 07:52:17 - [TEST_STEP][PASSED] - utilities.SafeActions.safeType(findTestObject("Pages/FirstPayVault/input_ShippingMethod"), shippingMethod, "Enter Shipping Method", [PageLoadTime]): utilities.SafeActions.safeType is PASSED&#xD;
&#xD;
2019-11-01 07:52:17 - [MESSAGE][PASSED] - Object 'Object Repository/Pages/FirstPayVault/input_ShippingMethod' is present&#xD;
&#xD;
2019-11-01 07:52:18 - [MESSAGE][PASSED] - Scroll to object 'Object Repository/Pages/FirstPayVault/input_ShippingMethod' successfully&#xD;
&#xD;
2019-11-01 07:52:18 - [MESSAGE][PASSED] - Object 'Object Repository/Pages/FirstPayVault/input_ShippingMethod' is present&#xD;
&#xD;
2019-11-01 07:52:18 - [MESSAGE][PASSED] - Object: 'Object Repository/Pages/FirstPayVault/input_ShippingMethod' is clicked on&#xD;
&#xD;
2019-11-01 07:52:18 - [MESSAGE][PASSED] - Text 'DTDC' is set on object 'Object Repository/Pages/FirstPayVault/input_ShippingMethod'&#xD;
&#xD;
2019-11-01 07:52:18 - [MESSAGE][PASSED] - utilities.SafeActions.safeType is PASSED&#xD;
&#xD;
2019-11-01 07:52:18 - [TEST_STEP][PASSED] - utilities.SafeActions.safeCheckForElement(findTestObject("Pages/FirstPayVault/checkbox_SameAsBillingInformation"), PageLoadTime): utilities.SafeActions.safeCheckForElement is PASSED&#xD;
&#xD;
2019-11-01 07:52:19 - [MESSAGE][PASSED] - Object 'Object Repository/Pages/FirstPayVault/checkbox_SameAsBillingInformation' is present&#xD;
&#xD;
2019-11-01 07:52:19 - [MESSAGE][PASSED] - Object 'Object Repository/Pages/FirstPayVault/checkbox_SameAsBillingInformation' is visible&#xD;
&#xD;
2019-11-01 07:52:19 - [MESSAGE][PASSED] - Object 'Object Repository/Pages/FirstPayVault/checkbox_SameAsBillingInformation' is present&#xD;
&#xD;
2019-11-01 07:52:19 - [MESSAGE][PASSED] - Object 'Object Repository/Pages/FirstPayVault/checkbox_SameAsBillingInformation' is checked&#xD;
&#xD;
2019-11-01 07:52:19 - [MESSAGE][PASSED] - utilities.SafeActions.safeCheckForElement is PASSED&#xD;
&#xD;
2019-11-01 07:52:19 - [TEST_STEP][PASSED] - utilities.SafeActions.safeClickwithScroll(findTestObject("Pages/FirstPayVault/button_Create"), "Click on Create Button", [PageLoadTime]): utilities.SafeActions.safeClickwithScroll is PASSED&#xD;
&#xD;
2019-11-01 07:52:19 - [MESSAGE][PASSED] - Object 'Object Repository/Pages/FirstPayVault/button_Create' is present&#xD;
&#xD;
2019-11-01 07:52:19 - [MESSAGE][PASSED] - Object 'Object Repository/Pages/FirstPayVault/button_Create' is visible&#xD;
&#xD;
2019-11-01 07:52:19 - [MESSAGE][INFO] - 1stPayVault_TestSuite.ts:waiting until Click on Create Button is Clickable&#xD;
&#xD;
2019-11-01 07:52:20 - [MESSAGE][PASSED] - Object 'Object Repository/Pages/FirstPayVault/button_Create' is clickable&#xD;
&#xD;
2019-11-01 07:52:20 - [MESSAGE][PASSED] - Object 'Object Repository/Pages/FirstPayVault/button_Create' is visible&#xD;
&#xD;
2019-11-01 07:52:20 - [MESSAGE][PASSED] - Object: 'Object Repository/Pages/FirstPayVault/button_Create' is clicked on&#xD;
&#xD;
2019-11-01 07:52:20 - [MESSAGE][INFO] - 1stPayVault_TestSuite.ts: Clicked on the Click on Create Button&#xD;
&#xD;
2019-11-01 07:52:20 - [MESSAGE][PASSED] - utilities.SafeActions.safeClickwithScroll is PASSED&#xD;
&#xD;
2019-11-01 07:52:20 - [TEST_STEP][PASSED] - delay(2): Delayed 2 second(s)&#xD;
&#xD;
2019-11-01 07:52:22 - [MESSAGE][PASSED] - Delayed 2 second(s)&#xD;
&#xD;
2019-11-01 07:52:22 - [TEST_STEP][PASSED] - popupSavedToVaultMessage = utilities.SafeActions.safeGetText(findTestObject("Pages/FirstPayVault/popup_SavedToVaultMessage"), PageLoadTime): utilities.SafeActions.safeGetText is PASSED&#xD;
&#xD;
2019-11-01 07:52:22 - [MESSAGE][PASSED] - Object 'Object Repository/Pages/FirstPayVault/popup_SavedToVaultMessage' is present&#xD;
&#xD;
2019-11-01 07:52:22 - [MESSAGE][PASSED] - Scroll to object 'Object Repository/Pages/FirstPayVault/popup_SavedToVaultMessage' successfully&#xD;
&#xD;
2019-11-01 07:52:22 - [MESSAGE][PASSED] - Object 'Object Repository/Pages/FirstPayVault/popup_SavedToVaultMessage' is present&#xD;
&#xD;
2019-11-01 07:52:23 - [MESSAGE][PASSED] - Text of object 'Object Repository/Pages/FirstPayVault/popup_SavedToVaultMessage' is: 'Successfully Saved to Vault'&#xD;
&#xD;
2019-11-01 07:52:23 - [MESSAGE][PASSED] - utilities.SafeActions.safeGetText is PASSED&#xD;
&#xD;
2019-11-01 07:52:23 - [TEST_STEP][PASSED] - flag = utilities.SafeActions.verifyPopupMessage("Successfully Saved to Vault", popupSavedToVaultMessage): Popup Message : Successfully Saved to Vault matched with expected message : Successfully Saved to Vault&#xD;
&#xD;
2019-11-01 07:52:23 - [MESSAGE][PASSED] - Popup Message : Successfully Saved to Vault matched with expected message : Successfully Saved to Vault&#xD;
&#xD;
2019-11-01 07:52:23 - [TEST_STEP][PASSED] - utilities.SafeActions.safeClickWithoutScroll(findTestObject("Pages/FirstPayVault/button_SearchVault_InPopup"), "Search Vault in Popup", [delayBetweenTestSteps]): utilities.SafeActions.safeClickWithoutScroll is PASSED&#xD;
&#xD;
2019-11-01 07:52:23 - [MESSAGE][INFO] - Safe Click Without scroll&#xD;
&#xD;
2019-11-01 07:52:23 - [MESSAGE][INFO] - 1stPayVault_TestSuite.ts:waiting until Search Vault in Popup is Clickable&#xD;
&#xD;
2019-11-01 07:52:23 - [MESSAGE][PASSED] - Object 'Object Repository/Pages/FirstPayVault/button_SearchVault_InPopup' is clickable&#xD;
&#xD;
2019-11-01 07:52:23 - [MESSAGE][PASSED] - Object 'Object Repository/Pages/FirstPayVault/button_SearchVault_InPopup' is visible&#xD;
&#xD;
2019-11-01 07:52:24 - [MESSAGE][PASSED] - Object: 'Object Repository/Pages/FirstPayVault/button_SearchVault_InPopup' is clicked on&#xD;
&#xD;
2019-11-01 07:52:24 - [MESSAGE][INFO] - 1stPayVault_TestSuite.ts: click on the Search Vault in Popup&#xD;
&#xD;
2019-11-01 07:52:24 - [MESSAGE][PASSED] - utilities.SafeActions.safeClickWithoutScroll is PASSED&#xD;
&#xD;
2019-11-01 07:52:24 - [TEST_STEP][PASSED] - scrollToElement(findTestObject("Pages/FirstPayVault/filter_SearchPayVaultByVaultReferenceNumber"), delayBetweenTestSteps): Scroll to object 'Object Repository/Pages/FirstPayVault/filter_SearchPayVaultByVaultReferenceNumber' successfully&#xD;
&#xD;
2019-11-01 07:52:24 - [MESSAGE][PASSED] - Scroll to object 'Object Repository/Pages/FirstPayVault/filter_SearchPayVaultByVaultReferenceNumber' successfully&#xD;
&#xD;
2019-11-01 07:52:24 - [TEST_STEP][PASSED] - utilities.SafeActions.safeType(findTestObject("Pages/FirstPayVault/filter_SearchPayVaultByVaultReferenceNumber"), vaultReference, "Enter Vault Reference Number", [delayBetweenTestSteps]): utilities.SafeActions.safeType is PASSED&#xD;
&#xD;
2019-11-01 07:52:24 - [MESSAGE][PASSED] - Object 'Object Repository/Pages/FirstPayVault/filter_SearchPayVaultByVaultReferenceNumber' is present&#xD;
&#xD;
2019-11-01 07:52:24 - [MESSAGE][PASSED] - Scroll to object 'Object Repository/Pages/FirstPayVault/filter_SearchPayVaultByVaultReferenceNumber' successfully&#xD;
&#xD;
2019-11-01 07:52:24 - [MESSAGE][PASSED] - Object 'Object Repository/Pages/FirstPayVault/filter_SearchPayVaultByVaultReferenceNumber' is present&#xD;
&#xD;
2019-11-01 07:52:25 - [MESSAGE][PASSED] - Object: 'Object Repository/Pages/FirstPayVault/filter_SearchPayVaultByVaultReferenceNumber' is clicked on&#xD;
&#xD;
2019-11-01 07:52:25 - [MESSAGE][PASSED] - Text '2019-11-01 07:52:09.008' is set on object 'Object Repository/Pages/FirstPayVault/filter_SearchPayVaultByVaultReferenceNumber'&#xD;
&#xD;
2019-11-01 07:52:25 - [MESSAGE][PASSED] - utilities.SafeActions.safeType is PASSED&#xD;
&#xD;
2019-11-01 07:52:25 - [TEST_STEP][PASSED] - utilities.SafeActions.safeClickWithoutScroll(findTestObject("Pages/FirstPayVault/button_Search"), "Click On Search button", [PageLoadTime]): utilities.SafeActions.safeClickWithoutScroll is PASSED&#xD;
&#xD;
2019-11-01 07:52:26 - [MESSAGE][INFO] - Safe Click Without scroll&#xD;
&#xD;
2019-11-01 07:52:26 - [MESSAGE][INFO] - 1stPayVault_TestSuite.ts:waiting until Click On Search button is Clickable&#xD;
&#xD;
2019-11-01 07:52:26 - [MESSAGE][PASSED] - Object 'Object Repository/Pages/FirstPayVault/button_Search' is clickable&#xD;
&#xD;
2019-11-01 07:52:26 - [MESSAGE][PASSED] - Object 'Object Repository/Pages/FirstPayVault/button_Search' is visible&#xD;
&#xD;
2019-11-01 07:52:26 - [MESSAGE][PASSED] - Object: 'Object Repository/Pages/FirstPayVault/button_Search' is clicked on&#xD;
&#xD;
2019-11-01 07:52:26 - [MESSAGE][INFO] - 1stPayVault_TestSuite.ts: click on the Click On Search button&#xD;
&#xD;
2019-11-01 07:52:26 - [MESSAGE][PASSED] - utilities.SafeActions.safeClickWithoutScroll is PASSED&#xD;
&#xD;
2019-11-01 07:52:26 - [TEST_STEP][PASSED] - scrollToElement(findTestObject("Pages/Transaction_Management/invoice_ForTransaction"), PageLoadTime): Scroll to object 'Object Repository/Pages/Transaction_Management/invoice_ForTransaction' successfully&#xD;
&#xD;
2019-11-01 07:52:27 - [MESSAGE][PASSED] - Scroll to object 'Object Repository/Pages/Transaction_Management/invoice_ForTransaction' successfully&#xD;
&#xD;
2019-11-01 07:52:27 - [TEST_STEP][PASSED] - pages.FirstPayVault.verifyInvoiceRecord(findTestObject("Pages/FirstPayVault/footer_NextButton"), findTestObject("Pages/FirstPayVault/page_Number"), vaultReference): The Vault is found in page 1&#xD;
&#xD;
2019-11-01 07:52:27 - [MESSAGE][PASSED] - Text of object 'Object Repository/Pages/FirstPayVault/page_Number' is: 'Page 1 of 1'&#xD;
&#xD;
2019-11-01 07:52:27 - [MESSAGE][PASSED] - The Vault is found in page 1&#xD;
&#xD;
2019-11-01 07:52:28 - [TEST_STEP][PASSED] - closeBrowser(): Browser is closed&#xD;
&#xD;
2019-11-01 07:52:29 - [MESSAGE][PASSED] - Browser is closed&#xD;
&#xD;
2019-11-01 07:52:29 - [TEST_STEP][PASSED] - Start listener action : sampleAfterTestCase: null&#xD;
&#xD;
2019-11-01 07:52:29 - [TEST_STEP][PASSED] - println(testCaseContext.getTestCaseId()): null&#xD;
&#xD;
2019-11-01 07:52:29 - [TEST_STEP][PASSED] - println(testCaseContext.getTestCaseStatus()): null&#xD;
&#xD;
2019-11-01 07:52:29 - [TEST_STEP][PASSED] - testCaseName = testCaseContext.getTestCaseId(): null&#xD;
&#xD;
2019-11-01 07:52:29 - [TEST_STEP][PASSED] - strCount = testCaseName.lastIndexOf("/"): null&#xD;
&#xD;
2019-11-01 07:52:29 - [TEST_STEP][PASSED] - testCaseName = testCaseName.substring(strCount): null&#xD;
&#xD;
2019-11-01 07:52:29 - [TEST_STEP][PASSED] - println(testCaseName): null&#xD;
&#xD;
2019-11-01 07:52:29 - [TEST_STEP][PASSED] - if (getTestCaseStatus().equalsIgnoreCase("Error")): null&#xD;
&#xD;
2019-11-01 07:52:29 - [TEST_STEP][PASSED] - Start listener action : sampleAfterTestCase: null</system-out>
            <system-err></system-err>
        </testcase>
        <testcase name="Test Cases/FirstView/FirstPayVault/VPOS_1stPayVault_Create_Vault_Retail" classname="Test Cases/FirstView/FirstPayVault/VPOS_1stPayVault_Create_Vault_Retail" status="PASSED">
            <system-out>2019-11-01 07:52:29 - [TEST_CASE][PASSED] - Test Cases/FirstView/FirstPayVault/VPOS_1stPayVault_Create_Vault_Retail: Test Cases/FirstView/FirstPayVault/VPOS_1stPayVault_Create_Vault_Retail&#xD;
&#xD;
2019-11-01 07:52:30 - [TEST_STEP][PASSED] - Start listener action : sampleBeforeTestCase: null&#xD;
&#xD;
2019-11-01 07:52:30 - [TEST_STEP][PASSED] - println(testCaseContext.getTestCaseId()): null&#xD;
&#xD;
2019-11-01 07:52:30 - [TEST_STEP][PASSED] - println(testCaseContext.getTestCaseVariables()): null&#xD;
&#xD;
2019-11-01 07:52:31 - [TEST_STEP][PASSED] - utilities.SafeActions.openBrowser(URL, [PageLoadTime]): utilities.SafeActions.openBrowser is PASSED&#xD;
&#xD;
2019-11-01 07:52:31 - [MESSAGE][INFO] - Opening Browser&#xD;
&#xD;
2019-11-01 07:52:31 - [MESSAGE][INFO] - Starting 'Chrome' driver&#xD;
&#xD;
2019-11-01 07:52:38 - [MESSAGE][PASSED] - Browser is opened with url: 'https://q-www-firstview-net.faps.net/MVC/Account/Login'&#xD;
&#xD;
2019-11-01 07:52:43 - [MESSAGE][PASSED] - Current window maximized&#xD;
&#xD;
2019-11-01 07:52:43 - [MESSAGE][INFO] - Browser Launched Successfully&#xD;
&#xD;
2019-11-01 07:52:43 - [MESSAGE][PASSED] - utilities.SafeActions.openBrowser is PASSED&#xD;
&#xD;
2019-11-01 07:52:43 - [TEST_STEP][PASSED] - pages.Login.login(uName, password): pages.Login.login is PASSED&#xD;
&#xD;
2019-11-01 07:52:43 - [MESSAGE][PASSED] - Object 'Object Repository/Pages/Login/userName' is present&#xD;
&#xD;
2019-11-01 07:52:43 - [MESSAGE][PASSED] - Scroll to object 'Object Repository/Pages/Login/userName' successfully&#xD;
&#xD;
2019-11-01 07:52:43 - [MESSAGE][PASSED] - Object 'Object Repository/Pages/Login/userName' is present&#xD;
&#xD;
2019-11-01 07:52:44 - [MESSAGE][PASSED] - Object: 'Object Repository/Pages/Login/userName' is clicked on&#xD;
&#xD;
2019-11-01 07:52:44 - [MESSAGE][PASSED] - Text 'ZenQRetail' is set on object 'Object Repository/Pages/Login/userName'&#xD;
&#xD;
2019-11-01 07:52:44 - [MESSAGE][PASSED] - Object 'Object Repository/Pages/Login/password' is present&#xD;
&#xD;
2019-11-01 07:52:44 - [MESSAGE][PASSED] - Scroll to object 'Object Repository/Pages/Login/password' successfully&#xD;
&#xD;
2019-11-01 07:52:44 - [MESSAGE][PASSED] - Object 'Object Repository/Pages/Login/password' is present&#xD;
&#xD;
2019-11-01 07:52:45 - [MESSAGE][PASSED] - Object: 'Object Repository/Pages/Login/password' is clicked on&#xD;
&#xD;
2019-11-01 07:52:45 - [MESSAGE][PASSED] - Text 'P@ssword1' is set on object 'Object Repository/Pages/Login/password'&#xD;
&#xD;
2019-11-01 07:52:45 - [MESSAGE][INFO] - Safe Click Without scroll&#xD;
&#xD;
2019-11-01 07:52:45 - [MESSAGE][INFO] - 1stPayVault_TestSuite.ts:waiting until Click on Login is Clickable&#xD;
&#xD;
2019-11-01 07:52:45 - [MESSAGE][PASSED] - Object 'Object Repository/Pages/Login/login' is clickable&#xD;
&#xD;
2019-11-01 07:52:45 - [MESSAGE][PASSED] - Object 'Object Repository/Pages/Login/login' is visible&#xD;
&#xD;
2019-11-01 07:52:48 - [MESSAGE][PASSED] - Object: 'Object Repository/Pages/Login/login' is clicked on&#xD;
&#xD;
2019-11-01 07:52:48 - [MESSAGE][INFO] - 1stPayVault_TestSuite.ts: click on the Click on Login&#xD;
&#xD;
2019-11-01 07:52:48 - [MESSAGE][PASSED] - pages.Login.login is PASSED&#xD;
&#xD;
2019-11-01 07:52:48 - [TEST_STEP][PASSED] - callTestCase(findTestCase("FirstView/Login/TC_SendCode"), [:], STOP_ON_FAILURE): Call Test Case 'Test Cases/FirstView/Login/TC_SendCode' successfully&#xD;
&#xD;
2019-11-01 07:52:48 - [TEST_CASE][PASSED] - Test Cases/FirstView/Login/TC_SendCode: Test Cases/FirstView/Login/TC_SendCode&#xD;
&#xD;
2019-11-01 07:52:48 - [TEST_STEP][PASSED] - flag = pages.SendCode.verifyPage(): pages.SendCode.verifyPage is PASSED&#xD;
&#xD;
2019-11-01 07:52:49 - [MESSAGE][PASSED] - Object 'Object Repository/Pages/SendCodeToValidate/header_SendCodeToValidate' is present and visible in viewport&#xD;
&#xD;
2019-11-01 07:52:49 - [MESSAGE][PASSED] - pages.SendCode.verifyPage is PASSED&#xD;
&#xD;
2019-11-01 07:52:49 - [TEST_STEP][PASSED] - if (flag): pages.SendCode.clickonUserSettings is PASSED&#xD;
&#xD;
2019-11-01 07:52:49 - [TEST_STEP][PASSED] - pages.SendCode.clickonUserSettings(): pages.SendCode.clickonUserSettings is PASSED&#xD;
&#xD;
2019-11-01 07:52:49 - [MESSAGE][PASSED] - Object 'Object Repository/Pages/SendCodeToValidate/link_UserSettings' is present&#xD;
&#xD;
2019-11-01 07:52:49 - [MESSAGE][PASSED] - Object 'Object Repository/Pages/SendCodeToValidate/link_UserSettings' is visible&#xD;
&#xD;
2019-11-01 07:52:49 - [MESSAGE][INFO] - 1stPayVault_TestSuite.ts:waiting until Click on User Settings is Clickable&#xD;
&#xD;
2019-11-01 07:52:49 - [MESSAGE][PASSED] - Object 'Object Repository/Pages/SendCodeToValidate/link_UserSettings' is clickable&#xD;
&#xD;
2019-11-01 07:52:49 - [MESSAGE][PASSED] - Object 'Object Repository/Pages/SendCodeToValidate/link_UserSettings' is visible&#xD;
&#xD;
2019-11-01 07:52:51 - [MESSAGE][PASSED] - Object: 'Object Repository/Pages/SendCodeToValidate/link_UserSettings' is clicked on&#xD;
&#xD;
2019-11-01 07:52:51 - [MESSAGE][INFO] - 1stPayVault_TestSuite.ts: Clicked on the Click on User Settings&#xD;
&#xD;
2019-11-01 07:52:51 - [MESSAGE][PASSED] - pages.SendCode.clickonUserSettings is PASSED&#xD;
&#xD;
2019-11-01 07:52:51 - [MESSAGE][PASSED] - Call Test Case 'Test Cases/FirstView/Login/TC_SendCode' successfully&#xD;
&#xD;
2019-11-01 07:52:51 - [TEST_STEP][PASSED] - callTestCase(findTestCase("FirstView/Login/TC_FirstView"), [:], STOP_ON_FAILURE): Call Test Case 'Test Cases/FirstView/Login/TC_FirstView' successfully&#xD;
&#xD;
2019-11-01 07:52:51 - [TEST_CASE][PASSED] - Test Cases/FirstView/Login/TC_FirstView: Test Cases/FirstView/Login/TC_FirstView&#xD;
&#xD;
2019-11-01 07:52:51 - [TEST_STEP][NOT_RUN] - utilities.SafeActions.safeClickWithoutScroll(findTestObject("Pages/FirstView/link_Home"), "Click on Home button in First View screen", [PageLoadTime]): NOT_RUN: utilities.SafeActions.safeClickWithoutScroll(findTestObject("Pages/FirstView/link_Home"), "Click on Home button in First View screen", [PageLoadTime])&#xD;
&#xD;
2019-11-01 07:52:51 - [MESSAGE][NOT_RUN] - NOT_RUN: utilities.SafeActions.safeClickWithoutScroll(findTestObject("Pages/FirstView/link_Home"), "Click on Home button in First View screen", [PageLoadTime])&#xD;
&#xD;
2019-11-01 07:52:51 - [TEST_STEP][PASSED] - delay(3): Delayed 3 second(s)&#xD;
&#xD;
2019-11-01 07:52:54 - [MESSAGE][PASSED] - Delayed 3 second(s)&#xD;
&#xD;
2019-11-01 07:52:54 - [TEST_STEP][PASSED] - utilities.SafeActions.javascriptclick(findTestObject("Pages/FirstView/link_Home"), delayForElement): utilities.SafeActions.javascriptclick is PASSED&#xD;
&#xD;
2019-11-01 07:52:55 - [MESSAGE][PASSED] - utilities.SafeActions.javascriptclick is PASSED&#xD;
&#xD;
2019-11-01 07:52:55 - [TEST_STEP][PASSED] - utilities.SafeActions.safeClickWithoutScroll(findTestObject("Pages/FirstView/link_VPOS"), "Click on VPOS button in First View screen", [PageLoadTime]): utilities.SafeActions.safeClickWithoutScroll is PASSED&#xD;
&#xD;
2019-11-01 07:52:55 - [MESSAGE][INFO] - Safe Click Without scroll&#xD;
&#xD;
2019-11-01 07:52:55 - [MESSAGE][INFO] - 1stPayVault_TestSuite.ts:waiting until Click on VPOS button in First View screen is Clickable&#xD;
&#xD;
2019-11-01 07:52:55 - [MESSAGE][PASSED] - Object 'Object Repository/Pages/FirstView/link_VPOS' is clickable&#xD;
&#xD;
2019-11-01 07:52:55 - [MESSAGE][PASSED] - Object 'Object Repository/Pages/FirstView/link_VPOS' is visible&#xD;
&#xD;
2019-11-01 07:52:56 - [MESSAGE][PASSED] - Object: 'Object Repository/Pages/FirstView/link_VPOS' is clicked on&#xD;
&#xD;
2019-11-01 07:52:56 - [MESSAGE][INFO] - 1stPayVault_TestSuite.ts: click on the Click on VPOS button in First View screen&#xD;
&#xD;
2019-11-01 07:52:56 - [MESSAGE][PASSED] - utilities.SafeActions.safeClickWithoutScroll is PASSED&#xD;
&#xD;
2019-11-01 07:52:56 - [MESSAGE][PASSED] - Call Test Case 'Test Cases/FirstView/Login/TC_FirstView' successfully&#xD;
&#xD;
2019-11-01 07:52:56 - [TEST_STEP][PASSED] - switchToWindowTitle("Transcenter - VPOS"): Switched to window with title: 'Transcenter - VPOS'&#xD;
&#xD;
2019-11-01 07:53:03 - [MESSAGE][PASSED] - Switched to window with title: 'Transcenter - VPOS'&#xD;
&#xD;
2019-11-01 07:53:03 - [TEST_STEP][PASSED] - focus(findTestObject("Pages/FirstPayVault/tab_FirstPayVault")): Object: 'Object Repository/Pages/FirstPayVault/tab_FirstPayVault' is focused&#xD;
&#xD;
2019-11-01 07:53:04 - [MESSAGE][PASSED] - Object: 'Object Repository/Pages/FirstPayVault/tab_FirstPayVault' is focused&#xD;
&#xD;
2019-11-01 07:53:04 - [TEST_STEP][PASSED] - utilities.SafeActions.javascriptclick(findTestObject("Pages/FirstPayVault/tab_FirstPayVault"), PageLoadTime): utilities.SafeActions.javascriptclick is PASSED&#xD;
&#xD;
2019-11-01 07:53:04 - [MESSAGE][PASSED] - utilities.SafeActions.javascriptclick is PASSED&#xD;
&#xD;
2019-11-01 07:53:04 - [TEST_STEP][PASSED] - delay(2): Delayed 2 second(s)&#xD;
&#xD;
2019-11-01 07:53:06 - [MESSAGE][PASSED] - Delayed 2 second(s)&#xD;
&#xD;
2019-11-01 07:53:06 - [TEST_STEP][PASSED] - utilities.SafeActions.safeClickWithoutScroll(findTestObject("Pages/FirstPayVault/tab_FirstPayVault"), "Click on FistPayVault tab", [delayForElement]): utilities.SafeActions.safeClickWithoutScroll is PASSED&#xD;
&#xD;
2019-11-01 07:53:06 - [MESSAGE][INFO] - Safe Click Without scroll&#xD;
&#xD;
2019-11-01 07:53:06 - [MESSAGE][INFO] - 1stPayVault_TestSuite.ts:waiting until Click on FistPayVault tab is Clickable&#xD;
&#xD;
2019-11-01 07:53:06 - [MESSAGE][PASSED] - Object 'Object Repository/Pages/FirstPayVault/tab_FirstPayVault' is clickable&#xD;
&#xD;
2019-11-01 07:53:06 - [MESSAGE][PASSED] - Object 'Object Repository/Pages/FirstPayVault/tab_FirstPayVault' is visible&#xD;
&#xD;
2019-11-01 07:53:07 - [MESSAGE][PASSED] - Object: 'Object Repository/Pages/FirstPayVault/tab_FirstPayVault' is clicked on&#xD;
&#xD;
2019-11-01 07:53:07 - [MESSAGE][INFO] - 1stPayVault_TestSuite.ts: click on the Click on FistPayVault tab&#xD;
&#xD;
2019-11-01 07:53:07 - [MESSAGE][PASSED] - utilities.SafeActions.safeClickWithoutScroll is PASSED&#xD;
&#xD;
2019-11-01 07:53:07 - [TEST_STEP][PASSED] - utilities.SafeActions.safeClickWithoutScroll(findTestObject("Pages/FirstPayVault/button_CreateVault"), "Click on CreateVault button", [PageLoadTime]): utilities.SafeActions.safeClickWithoutScroll is PASSED&#xD;
&#xD;
2019-11-01 07:53:07 - [MESSAGE][INFO] - Safe Click Without scroll&#xD;
&#xD;
2019-11-01 07:53:07 - [MESSAGE][INFO] - 1stPayVault_TestSuite.ts:waiting until Click on CreateVault button is Clickable&#xD;
&#xD;
2019-11-01 07:53:07 - [MESSAGE][PASSED] - Object 'Object Repository/Pages/FirstPayVault/button_CreateVault' is clickable&#xD;
&#xD;
2019-11-01 07:53:07 - [MESSAGE][PASSED] - Object 'Object Repository/Pages/FirstPayVault/button_CreateVault' is visible&#xD;
&#xD;
2019-11-01 07:53:08 - [MESSAGE][PASSED] - Object: 'Object Repository/Pages/FirstPayVault/button_CreateVault' is clicked on&#xD;
&#xD;
2019-11-01 07:53:08 - [MESSAGE][INFO] - 1stPayVault_TestSuite.ts: click on the Click on CreateVault button&#xD;
&#xD;
2019-11-01 07:53:08 - [MESSAGE][PASSED] - utilities.SafeActions.safeClickWithoutScroll is PASSED&#xD;
&#xD;
2019-11-01 07:53:08 - [TEST_STEP][PASSED] - vaultReference = utilities.SafeActions.timeWithMilliSeconds(): utilities.SafeActions.timeWithMilliSeconds is PASSED&#xD;
&#xD;
2019-11-01 07:53:08 - [MESSAGE][PASSED] - utilities.SafeActions.timeWithMilliSeconds is PASSED&#xD;
&#xD;
2019-11-01 07:53:08 - [TEST_STEP][PASSED] - utilities.SafeActions.safeType(findTestObject("Pages/FirstPayVault/input_VaultReferenceNumber"), vaultReference, "Entering Vault Reference Number", [PageLoadTime]): utilities.SafeActions.safeType is PASSED&#xD;
&#xD;
2019-11-01 07:53:08 - [MESSAGE][PASSED] - Object 'Object Repository/Pages/FirstPayVault/input_VaultReferenceNumber' is present&#xD;
&#xD;
2019-11-01 07:53:08 - [MESSAGE][PASSED] - Scroll to object 'Object Repository/Pages/FirstPayVault/input_VaultReferenceNumber' successfully&#xD;
&#xD;
2019-11-01 07:53:08 - [MESSAGE][PASSED] - Object 'Object Repository/Pages/FirstPayVault/input_VaultReferenceNumber' is present&#xD;
&#xD;
2019-11-01 07:53:09 - [MESSAGE][PASSED] - Object: 'Object Repository/Pages/FirstPayVault/input_VaultReferenceNumber' is clicked on&#xD;
&#xD;
2019-11-01 07:53:09 - [MESSAGE][PASSED] - Text '2019-11-01 07:53:08.464' is set on object 'Object Repository/Pages/FirstPayVault/input_VaultReferenceNumber'&#xD;
&#xD;
2019-11-01 07:53:09 - [MESSAGE][PASSED] - utilities.SafeActions.safeType is PASSED&#xD;
&#xD;
2019-11-01 07:53:09 - [TEST_STEP][PASSED] - utilities.SafeActions.safeType(findTestObject("Pages/FirstPayVault/input_CreditCardNumber"), visaCardNumber, "Entering Card Number", [PageLoadTime]): utilities.SafeActions.safeType is PASSED&#xD;
&#xD;
2019-11-01 07:53:10 - [MESSAGE][PASSED] - Object 'Object Repository/Pages/FirstPayVault/input_CreditCardNumber' is present&#xD;
&#xD;
2019-11-01 07:53:10 - [MESSAGE][PASSED] - Scroll to object 'Object Repository/Pages/FirstPayVault/input_CreditCardNumber' successfully&#xD;
&#xD;
2019-11-01 07:53:10 - [MESSAGE][PASSED] - Object 'Object Repository/Pages/FirstPayVault/input_CreditCardNumber' is present&#xD;
&#xD;
2019-11-01 07:53:10 - [MESSAGE][PASSED] - Object: 'Object Repository/Pages/FirstPayVault/input_CreditCardNumber' is clicked on&#xD;
&#xD;
2019-11-01 07:53:11 - [MESSAGE][PASSED] - Text '4111111111111111' is set on object 'Object Repository/Pages/FirstPayVault/input_CreditCardNumber'&#xD;
&#xD;
2019-11-01 07:53:11 - [MESSAGE][PASSED] - utilities.SafeActions.safeType is PASSED&#xD;
&#xD;
2019-11-01 07:53:11 - [TEST_STEP][PASSED] - utilities.SafeActions.safeSelectOptionInDropDownByVisibleText(findTestObject("Pages/FirstPayVault/dropDown_ExpirationMonth"), cardMonth, "Expiration Month", [PageLoadTime]): utilities.SafeActions.safeSelectOptionInDropDownByVisibleText is PASSED&#xD;
&#xD;
2019-11-01 07:53:11 - [MESSAGE][PASSED] - Object 'Object Repository/Pages/FirstPayVault/dropDown_ExpirationMonth' is visible&#xD;
&#xD;
2019-11-01 07:53:11 - [MESSAGE][PASSED] - Object 'Object Repository/Pages/FirstPayVault/dropDown_ExpirationMonth' is present&#xD;
&#xD;
2019-11-01 07:53:12 - [MESSAGE][PASSED] - Object: 'Object Repository/Pages/FirstPayVault/dropDown_ExpirationMonth' is clicked on&#xD;
&#xD;
2019-11-01 07:53:12 - [MESSAGE][PASSED] - All options with label 'September' are selected in object 'Object Repository/Pages/FirstPayVault/dropDown_ExpirationMonth' &#xD;
&#xD;
2019-11-01 07:53:12 - [MESSAGE][PASSED] - utilities.SafeActions.safeSelectOptionInDropDownByVisibleText is PASSED&#xD;
&#xD;
2019-11-01 07:53:12 - [TEST_STEP][PASSED] - utilities.SafeActions.safeSelectOptionInDropDownByVisibleText(findTestObject("Pages/FirstPayVault/dropDown_ExpirationYear"), cardYear, "year", [PageLoadTime]): utilities.SafeActions.safeSelectOptionInDropDownByVisibleText is PASSED&#xD;
&#xD;
2019-11-01 07:53:12 - [MESSAGE][PASSED] - Object 'Object Repository/Pages/FirstPayVault/dropDown_ExpirationYear' is visible&#xD;
&#xD;
2019-11-01 07:53:12 - [MESSAGE][PASSED] - Object 'Object Repository/Pages/FirstPayVault/dropDown_ExpirationYear' is present&#xD;
&#xD;
2019-11-01 07:53:13 - [MESSAGE][PASSED] - Object: 'Object Repository/Pages/FirstPayVault/dropDown_ExpirationYear' is clicked on&#xD;
&#xD;
2019-11-01 07:53:13 - [MESSAGE][PASSED] - All options with label '2023' are selected in object 'Object Repository/Pages/FirstPayVault/dropDown_ExpirationYear' &#xD;
&#xD;
2019-11-01 07:53:13 - [MESSAGE][PASSED] - utilities.SafeActions.safeSelectOptionInDropDownByVisibleText is PASSED&#xD;
&#xD;
2019-11-01 07:53:13 - [TEST_STEP][PASSED] - utilities.SafeActions.safeType(findTestObject("Pages/FirstPayVault/input_ContactName"), contactName, "Enter Contact Name", [PageLoadTime]): utilities.SafeActions.safeType is PASSED&#xD;
&#xD;
2019-11-01 07:53:13 - [MESSAGE][PASSED] - Object 'Object Repository/Pages/FirstPayVault/input_ContactName' is present&#xD;
&#xD;
2019-11-01 07:53:13 - [MESSAGE][PASSED] - Scroll to object 'Object Repository/Pages/FirstPayVault/input_ContactName' successfully&#xD;
&#xD;
2019-11-01 07:53:13 - [MESSAGE][PASSED] - Object 'Object Repository/Pages/FirstPayVault/input_ContactName' is present&#xD;
&#xD;
2019-11-01 07:53:14 - [MESSAGE][PASSED] - Object: 'Object Repository/Pages/FirstPayVault/input_ContactName' is clicked on&#xD;
&#xD;
2019-11-01 07:53:14 - [MESSAGE][PASSED] - Text 'Venkata Sai' is set on object 'Object Repository/Pages/FirstPayVault/input_ContactName'&#xD;
&#xD;
2019-11-01 07:53:14 - [MESSAGE][PASSED] - utilities.SafeActions.safeType is PASSED&#xD;
&#xD;
2019-11-01 07:53:14 - [TEST_STEP][PASSED] - utilities.SafeActions.safeType(findTestObject("Pages/FirstPayVault/input_PostalCode"), postalCode, "Enter Postal Code", [PageLoadTime]): utilities.SafeActions.safeType is PASSED&#xD;
&#xD;
2019-11-01 07:53:14 - [MESSAGE][PASSED] - Object 'Object Repository/Pages/FirstPayVault/input_PostalCode' is present&#xD;
&#xD;
2019-11-01 07:53:14 - [MESSAGE][PASSED] - Scroll to object 'Object Repository/Pages/FirstPayVault/input_PostalCode' successfully&#xD;
&#xD;
2019-11-01 07:53:14 - [MESSAGE][PASSED] - Object 'Object Repository/Pages/FirstPayVault/input_PostalCode' is present&#xD;
&#xD;
2019-11-01 07:53:15 - [MESSAGE][PASSED] - Object: 'Object Repository/Pages/FirstPayVault/input_PostalCode' is clicked on&#xD;
&#xD;
2019-11-01 07:53:15 - [MESSAGE][PASSED] - Text '76102' is set on object 'Object Repository/Pages/FirstPayVault/input_PostalCode'&#xD;
&#xD;
2019-11-01 07:53:15 - [MESSAGE][PASSED] - utilities.SafeActions.safeType is PASSED&#xD;
&#xD;
2019-11-01 07:53:15 - [TEST_STEP][PASSED] - utilities.SafeActions.safeType(findTestObject("Pages/FirstPayVault/input_Address"), address, "Enter ddress", [PageLoadTime]): utilities.SafeActions.safeType is PASSED&#xD;
&#xD;
2019-11-01 07:53:15 - [MESSAGE][PASSED] - Object 'Object Repository/Pages/FirstPayVault/input_Address' is present&#xD;
&#xD;
2019-11-01 07:53:15 - [MESSAGE][PASSED] - Scroll to object 'Object Repository/Pages/FirstPayVault/input_Address' successfully&#xD;
&#xD;
2019-11-01 07:53:15 - [MESSAGE][PASSED] - Object 'Object Repository/Pages/FirstPayVault/input_Address' is present&#xD;
&#xD;
2019-11-01 07:53:16 - [MESSAGE][PASSED] - Object: 'Object Repository/Pages/FirstPayVault/input_Address' is clicked on&#xD;
&#xD;
2019-11-01 07:53:16 - [MESSAGE][PASSED] - Text 'Street123' is set on object 'Object Repository/Pages/FirstPayVault/input_Address'&#xD;
&#xD;
2019-11-01 07:53:16 - [MESSAGE][PASSED] - utilities.SafeActions.safeType is PASSED&#xD;
&#xD;
2019-11-01 07:53:16 - [TEST_STEP][PASSED] - utilities.SafeActions.safeCheckForElement(findTestObject("Pages/FirstPayVault/chekBox_AddShippingInformation"), PageLoadTime): utilities.SafeActions.safeCheckForElement is PASSED&#xD;
&#xD;
2019-11-01 07:53:16 - [MESSAGE][PASSED] - Object 'Object Repository/Pages/FirstPayVault/chekBox_AddShippingInformation' is present&#xD;
&#xD;
2019-11-01 07:53:16 - [MESSAGE][PASSED] - Object 'Object Repository/Pages/FirstPayVault/chekBox_AddShippingInformation' is visible&#xD;
&#xD;
2019-11-01 07:53:17 - [MESSAGE][PASSED] - Object 'Object Repository/Pages/FirstPayVault/chekBox_AddShippingInformation' is present&#xD;
&#xD;
2019-11-01 07:53:17 - [MESSAGE][PASSED] - Object 'Object Repository/Pages/FirstPayVault/chekBox_AddShippingInformation' is checked&#xD;
&#xD;
2019-11-01 07:53:17 - [MESSAGE][PASSED] - utilities.SafeActions.safeCheckForElement is PASSED&#xD;
&#xD;
2019-11-01 07:53:17 - [TEST_STEP][PASSED] - utilities.SafeActions.safeType(findTestObject("Pages/FirstPayVault/input_ShippingMethod"), shippingMethod, "Enter Shipping Method", [PageLoadTime]): utilities.SafeActions.safeType is PASSED&#xD;
&#xD;
2019-11-01 07:53:17 - [MESSAGE][PASSED] - Object 'Object Repository/Pages/FirstPayVault/input_ShippingMethod' is present&#xD;
&#xD;
2019-11-01 07:53:17 - [MESSAGE][PASSED] - Scroll to object 'Object Repository/Pages/FirstPayVault/input_ShippingMethod' successfully&#xD;
&#xD;
2019-11-01 07:53:17 - [MESSAGE][PASSED] - Object 'Object Repository/Pages/FirstPayVault/input_ShippingMethod' is present&#xD;
&#xD;
2019-11-01 07:53:18 - [MESSAGE][PASSED] - Object: 'Object Repository/Pages/FirstPayVault/input_ShippingMethod' is clicked on&#xD;
&#xD;
2019-11-01 07:53:18 - [MESSAGE][PASSED] - Text 'DTDC' is set on object 'Object Repository/Pages/FirstPayVault/input_ShippingMethod'&#xD;
&#xD;
2019-11-01 07:53:18 - [MESSAGE][PASSED] - utilities.SafeActions.safeType is PASSED&#xD;
&#xD;
2019-11-01 07:53:18 - [TEST_STEP][PASSED] - utilities.SafeActions.safeCheckForElement(findTestObject("Pages/FirstPayVault/checkbox_SameAsBillingInformation"), PageLoadTime): utilities.SafeActions.safeCheckForElement is PASSED&#xD;
&#xD;
2019-11-01 07:53:18 - [MESSAGE][PASSED] - Object 'Object Repository/Pages/FirstPayVault/checkbox_SameAsBillingInformation' is present&#xD;
&#xD;
2019-11-01 07:53:18 - [MESSAGE][PASSED] - Object 'Object Repository/Pages/FirstPayVault/checkbox_SameAsBillingInformation' is visible&#xD;
&#xD;
2019-11-01 07:53:18 - [MESSAGE][PASSED] - Object 'Object Repository/Pages/FirstPayVault/checkbox_SameAsBillingInformation' is present&#xD;
&#xD;
2019-11-01 07:53:19 - [MESSAGE][PASSED] - Object 'Object Repository/Pages/FirstPayVault/checkbox_SameAsBillingInformation' is checked&#xD;
&#xD;
2019-11-01 07:53:19 - [MESSAGE][PASSED] - utilities.SafeActions.safeCheckForElement is PASSED&#xD;
&#xD;
2019-11-01 07:53:19 - [TEST_STEP][PASSED] - utilities.SafeActions.safeClickwithScroll(findTestObject("Pages/FirstPayVault/button_Create"), "Click on Create Button", [PageLoadTime]): utilities.SafeActions.safeClickwithScroll is PASSED&#xD;
&#xD;
2019-11-01 07:53:19 - [MESSAGE][PASSED] - Object 'Object Repository/Pages/FirstPayVault/button_Create' is present&#xD;
&#xD;
2019-11-01 07:53:19 - [MESSAGE][PASSED] - Object 'Object Repository/Pages/FirstPayVault/button_Create' is visible&#xD;
&#xD;
2019-11-01 07:53:19 - [MESSAGE][INFO] - 1stPayVault_TestSuite.ts:waiting until Click on Create Button is Clickable&#xD;
&#xD;
2019-11-01 07:53:19 - [MESSAGE][PASSED] - Object 'Object Repository/Pages/FirstPayVault/button_Create' is clickable&#xD;
&#xD;
2019-11-01 07:53:19 - [MESSAGE][PASSED] - Object 'Object Repository/Pages/FirstPayVault/button_Create' is visible&#xD;
&#xD;
2019-11-01 07:53:20 - [MESSAGE][PASSED] - Object: 'Object Repository/Pages/FirstPayVault/button_Create' is clicked on&#xD;
&#xD;
2019-11-01 07:53:20 - [MESSAGE][INFO] - 1stPayVault_TestSuite.ts: Clicked on the Click on Create Button&#xD;
&#xD;
2019-11-01 07:53:20 - [MESSAGE][PASSED] - utilities.SafeActions.safeClickwithScroll is PASSED&#xD;
&#xD;
2019-11-01 07:53:20 - [TEST_STEP][PASSED] - delay(2): Delayed 2 second(s)&#xD;
&#xD;
2019-11-01 07:53:22 - [MESSAGE][PASSED] - Delayed 2 second(s)&#xD;
&#xD;
2019-11-01 07:53:22 - [TEST_STEP][PASSED] - popupSavedToVaultMessage = utilities.SafeActions.safeGetText(findTestObject("Pages/FirstPayVault/popup_SavedToVaultMessage"), elementTime): utilities.SafeActions.safeGetText is PASSED&#xD;
&#xD;
2019-11-01 07:53:22 - [MESSAGE][PASSED] - Object 'Object Repository/Pages/FirstPayVault/popup_SavedToVaultMessage' is present&#xD;
&#xD;
2019-11-01 07:53:22 - [MESSAGE][PASSED] - Scroll to object 'Object Repository/Pages/FirstPayVault/popup_SavedToVaultMessage' successfully&#xD;
&#xD;
2019-11-01 07:53:22 - [MESSAGE][PASSED] - Object 'Object Repository/Pages/FirstPayVault/popup_SavedToVaultMessage' is present&#xD;
&#xD;
2019-11-01 07:53:23 - [MESSAGE][PASSED] - Text of object 'Object Repository/Pages/FirstPayVault/popup_SavedToVaultMessage' is: 'Successfully Saved to Vault'&#xD;
&#xD;
2019-11-01 07:53:23 - [MESSAGE][PASSED] - utilities.SafeActions.safeGetText is PASSED&#xD;
&#xD;
2019-11-01 07:53:23 - [TEST_STEP][PASSED] - flag = utilities.SafeActions.verifyPopupMessage("Successfully Saved to Vault", popupSavedToVaultMessage): Popup Message : Successfully Saved to Vault matched with expected message : Successfully Saved to Vault&#xD;
&#xD;
2019-11-01 07:53:23 - [MESSAGE][PASSED] - Popup Message : Successfully Saved to Vault matched with expected message : Successfully Saved to Vault&#xD;
&#xD;
2019-11-01 07:53:23 - [TEST_STEP][PASSED] - closeBrowser(): Browser is closed&#xD;
&#xD;
2019-11-01 07:53:24 - [MESSAGE][PASSED] - Browser is closed&#xD;
&#xD;
2019-11-01 07:53:24 - [TEST_STEP][PASSED] - Start listener action : sampleAfterTestCase: null&#xD;
&#xD;
2019-11-01 07:53:24 - [TEST_STEP][PASSED] - println(testCaseContext.getTestCaseId()): null&#xD;
&#xD;
2019-11-01 07:53:24 - [TEST_STEP][PASSED] - println(testCaseContext.getTestCaseStatus()): null&#xD;
&#xD;
2019-11-01 07:53:24 - [TEST_STEP][PASSED] - testCaseName = testCaseContext.getTestCaseId(): null&#xD;
&#xD;
2019-11-01 07:53:24 - [TEST_STEP][PASSED] - strCount = testCaseName.lastIndexOf("/"): null&#xD;
&#xD;
2019-11-01 07:53:24 - [TEST_STEP][PASSED] - testCaseName = testCaseName.substring(strCount): null&#xD;
&#xD;
2019-11-01 07:53:24 - [TEST_STEP][PASSED] - println(testCaseName): null&#xD;
&#xD;
2019-11-01 07:53:24 - [TEST_STEP][PASSED] - if (getTestCaseStatus().equalsIgnoreCase("Error")): null&#xD;
&#xD;
2019-11-01 07:53:24 - [TEST_STEP][PASSED] - Start listener action : sampleAfterTestCase: null</system-out>
            <system-err></system-err>
        </testcase>
        <system-out>2019-11-01 07:35:39 - [TEST_SUITE][INCOMPLETE] - 1stPayVault_TestSuite: null</system-out>
        <system-err>2019-11-01 07:35:39 - [TEST_SUITE][INCOMPLETE] - 1stPayVault_TestSuite: null</system-err>
    </testsuite>
</testsuites>
