<?xml version="1.0" encoding="UTF-8" standalone="yes"?>
<testsuites name="1stPayVault" time="2212" tests="7" failures="1" errors="1">
    <testsuite name="1stPayVault" tests="7" failures="1" errors="1" time="2212" timestamp="2019-11-01 02:16:33" hostname="venkata.annam - FW1-D-DTA-ZENQ1" id="Test Suites/FirstView/1stPayVault">
        <properties>
            <property name="deviceName" value=""/>
            <property name="devicePlatform" value=""/>
            <property name="logFolder" value="C:\\VPOS_Git_31-10-2019\\VPOS_Internal\\Reports\\20191101_021613\\FirstView\\1stPayVault\\20191101_021614"/>
            <property name="logFiles" value="C:\\VPOS_Git_31-10-2019\\VPOS_Internal\\Reports\\20191101_021613\\FirstView\\1stPayVault\\20191101_021614\\execution0.log"/>
            <property name="attachments" value="C:\\VPOS_Git_31-10-2019\\VPOS_Internal\\Reports\\20191101_021613\\FirstView\\1stPayVault\\20191101_021614\\1572593029503.png, C:\\VPOS_Git_31-10-2019\\VPOS_Internal\\Reports\\20191101_021613\\FirstView\\1stPayVault\\20191101_021614\\1572593123811.png, C:\\VPOS_Git_31-10-2019\\VPOS_Internal\\Reports\\20191101_021613\\FirstView\\1stPayVault\\20191101_021614\\1572593123981.png, C:\\VPOS_Git_31-10-2019\\VPOS_Internal\\Reports\\20191101_021613\\FirstView\\1stPayVault\\20191101_021614\\1572593216773.png, C:\\VPOS_Git_31-10-2019\\VPOS_Internal\\Reports\\20191101_021613\\FirstView\\1stPayVault\\20191101_021614\\1572593217047.png, C:\\VPOS_Git_31-10-2019\\VPOS_Internal\\Reports\\20191101_021613\\FirstView\\1stPayVault\\20191101_021614\\1572593248267.png, C:\\VPOS_Git_31-10-2019\\VPOS_Internal\\Reports\\20191101_021613\\FirstView\\1stPayVault\\20191101_021614/Screenshots//TC_1st_Pay_Vault_004.png, C:\\VPOS_Git_31-10-2019\\VPOS_Internal\\Reports\\20191101_021613\\FirstView\\1stPayVault\\20191101_021614\\1572594397674.png, C:\\VPOS_Git_31-10-2019\\VPOS_Internal\\Reports\\20191101_021613\\FirstView\\1stPayVault\\20191101_021614\\1572594428534.png, C:\\VPOS_Git_31-10-2019\\VPOS_Internal\\Reports\\20191101_021613\\FirstView\\1stPayVault\\20191101_021614\\1572594520704.png, C:\\VPOS_Git_31-10-2019\\VPOS_Internal\\Reports\\20191101_021613\\FirstView\\1stPayVault\\20191101_021614\\1572594520805.png, C:\\VPOS_Git_31-10-2019\\VPOS_Internal\\Reports\\20191101_021613\\FirstView\\1stPayVault\\20191101_021614\\1572594551791.png"/>
            <property name="hostName" value="venkata.annam - FW1-D-DTA-ZENQ1"/>
            <property name="os" value="Windows 10 64bit"/>
            <property name="katalonVersion" value="6.3.2.4"/>
            <property name="browser" value="Firefox 68.0"/>
            <property name="hostAddress" value="172.25.52.168"/>
            <property name="sessionId" value="ff1899b7-d602-4238-af4d-fc0736ee4953"/>
            <property name="seleniumVersion" value="3.141.59"/>
            <property name="proxyInformation" value="ProxyInformation{proxyOption=NO_PROXY, proxyServerType=HTTP, password=, proxyServerAddress=, proxyServerPort=0}"/>
            <property name="platform" value="Windows 10"/>
        </properties>
        <testcase name="Test Cases/FirstView/FirstPayVault/TC_1st_Pay_Vault_001" classname="Test Cases/FirstView/FirstPayVault/TC_1st_Pay_Vault_001" status="PASSED">
            <system-out>2019-11-01 02:16:36 - [TEST_CASE][PASSED] - Test Cases/FirstView/FirstPayVault/TC_1st_Pay_Vault_001: Test Cases/FirstView/FirstPayVault/TC_1st_Pay_Vault_001&#xD;
&#xD;
2019-11-01 02:16:40 - [TEST_STEP][PASSED] - Start listener action : sampleBeforeTestCase: null&#xD;
&#xD;
2019-11-01 02:16:40 - [TEST_STEP][PASSED] - println(testCaseContext.getTestCaseId()): null&#xD;
&#xD;
2019-11-01 02:16:40 - [TEST_STEP][PASSED] - println(testCaseContext.getTestCaseVariables()): null&#xD;
&#xD;
2019-11-01 02:16:41 - [TEST_STEP][NOT_RUN] - utilities.SafeActions.openBrowser(Old_URL, [PageLoadTime]): NOT_RUN: utilities.SafeActions.openBrowser(Old_URL, [PageLoadTime])&#xD;
&#xD;
2019-11-01 02:16:41 - [MESSAGE][NOT_RUN] - NOT_RUN: utilities.SafeActions.openBrowser(Old_URL, [PageLoadTime])&#xD;
&#xD;
2019-11-01 02:16:41 - [TEST_STEP][NOT_RUN] - delay(6): NOT_RUN: delay(6)&#xD;
&#xD;
2019-11-01 02:16:41 - [MESSAGE][NOT_RUN] - NOT_RUN: delay(6)&#xD;
&#xD;
2019-11-01 02:16:41 - [TEST_STEP][NOT_RUN] - utilities.SafeActions.safeSelectOptionInDropDownByVisibleText(findTestObject("Pages/Sale/dropDown_AccountType"), "ranjanatest2 - 888814981372/001 Account Type: Retail", "Select by Value", [25]): NOT_RUN: utilities.SafeActions.safeSelectOptionInDropDownByVisibleText(findTestObject("Pages/Sale/dropDown_AccountType"), "ranjanatest2 - 888814981372/001 Account Type: Retail", "Select by Value", [25])&#xD;
&#xD;
2019-11-01 02:16:41 - [MESSAGE][NOT_RUN] - NOT_RUN: utilities.SafeActions.safeSelectOptionInDropDownByVisibleText(findTestObject("Pages/Sale/dropDown_AccountType"), "ranjanatest2 - 888814981372/001 Account Type: Retail", "Select by Value", [25])&#xD;
&#xD;
2019-11-01 02:16:41 - [TEST_STEP][PASSED] - utilities.SafeActions.openBrowser(URL, [PageLoadTime]): utilities.SafeActions.openBrowser is PASSED&#xD;
&#xD;
2019-11-01 02:16:42 - [MESSAGE][INFO] - Opening Browser&#xD;
&#xD;
2019-11-01 02:16:43 - [MESSAGE][INFO] - Starting 'Firefox' driver&#xD;
&#xD;
2019-11-01 02:16:43 - [MESSAGE][INFO] - Action delay is set to 0 seconds&#xD;
&#xD;
2019-11-01 02:17:38 - [MESSAGE][PASSED] - Browser is opened with url: 'https://q-www-firstview-net.faps.net/MVC/Account/Login'&#xD;
&#xD;
2019-11-01 02:17:39 - [MESSAGE][PASSED] - Current window maximized&#xD;
&#xD;
2019-11-01 02:17:39 - [MESSAGE][INFO] - Browser Launched Successfully&#xD;
&#xD;
2019-11-01 02:17:39 - [MESSAGE][PASSED] - utilities.SafeActions.openBrowser is PASSED&#xD;
&#xD;
2019-11-01 02:17:39 - [TEST_STEP][PASSED] - pages.Login.login(uName, password): pages.Login.login is PASSED&#xD;
&#xD;
2019-11-01 02:17:40 - [MESSAGE][PASSED] - Object 'Object Repository/Pages/Login/userName' is present&#xD;
&#xD;
2019-11-01 02:17:40 - [MESSAGE][PASSED] - Scroll to object 'Object Repository/Pages/Login/userName' successfully&#xD;
&#xD;
2019-11-01 02:17:40 - [MESSAGE][PASSED] - Object 'Object Repository/Pages/Login/userName' is present&#xD;
&#xD;
2019-11-01 02:17:42 - [MESSAGE][PASSED] - Object: 'Object Repository/Pages/Login/userName' is clicked on&#xD;
&#xD;
2019-11-01 02:17:42 - [MESSAGE][PASSED] - Text 'ZenQRetail' is set on object 'Object Repository/Pages/Login/userName'&#xD;
&#xD;
2019-11-01 02:17:42 - [MESSAGE][PASSED] - Object 'Object Repository/Pages/Login/password' is present&#xD;
&#xD;
2019-11-01 02:17:42 - [MESSAGE][PASSED] - Scroll to object 'Object Repository/Pages/Login/password' successfully&#xD;
&#xD;
2019-11-01 02:17:42 - [MESSAGE][PASSED] - Object 'Object Repository/Pages/Login/password' is present&#xD;
&#xD;
2019-11-01 02:17:43 - [MESSAGE][PASSED] - Object: 'Object Repository/Pages/Login/password' is clicked on&#xD;
&#xD;
2019-11-01 02:17:44 - [MESSAGE][PASSED] - Text 'P@ssword1' is set on object 'Object Repository/Pages/Login/password'&#xD;
&#xD;
2019-11-01 02:17:44 - [MESSAGE][INFO] - Safe Click Without scroll&#xD;
&#xD;
2019-11-01 02:17:44 - [MESSAGE][INFO] - 1stPayVault.ts:waiting until Click on Login is Clickable&#xD;
&#xD;
2019-11-01 02:17:55 - [MESSAGE][PASSED] - Object 'Object Repository/Pages/Login/login' is clickable&#xD;
&#xD;
2019-11-01 02:17:55 - [MESSAGE][PASSED] - Object 'Object Repository/Pages/Login/login' is visible&#xD;
&#xD;
2019-11-01 02:17:58 - [MESSAGE][PASSED] - Object: 'Object Repository/Pages/Login/login' is clicked on&#xD;
&#xD;
2019-11-01 02:17:58 - [MESSAGE][INFO] - 1stPayVault.ts: click on the Click on Login&#xD;
&#xD;
2019-11-01 02:17:58 - [MESSAGE][PASSED] - pages.Login.login is PASSED&#xD;
&#xD;
2019-11-01 02:17:58 - [TEST_STEP][PASSED] - callTestCase(findTestCase("FirstView/Login/TC_SendCode"), [:], STOP_ON_FAILURE): Call Test Case 'Test Cases/FirstView/Login/TC_SendCode' successfully&#xD;
&#xD;
2019-11-01 02:17:58 - [TEST_CASE][PASSED] - Test Cases/FirstView/Login/TC_SendCode: Test Cases/FirstView/Login/TC_SendCode&#xD;
&#xD;
2019-11-01 02:17:59 - [TEST_STEP][PASSED] - flag = pages.SendCode.verifyPage(): pages.SendCode.verifyPage is PASSED&#xD;
&#xD;
2019-11-01 02:18:00 - [MESSAGE][PASSED] - Object 'Object Repository/Pages/SendCodeToValidate/header_SendCodeToValidate' is present and visible in viewport&#xD;
&#xD;
2019-11-01 02:18:00 - [MESSAGE][PASSED] - pages.SendCode.verifyPage is PASSED&#xD;
&#xD;
2019-11-01 02:18:00 - [TEST_STEP][PASSED] - if (flag): pages.SendCode.clickonUserSettings is PASSED&#xD;
&#xD;
2019-11-01 02:18:00 - [TEST_STEP][PASSED] - pages.SendCode.clickonUserSettings(): pages.SendCode.clickonUserSettings is PASSED&#xD;
&#xD;
2019-11-01 02:18:01 - [MESSAGE][PASSED] - Object 'Object Repository/Pages/SendCodeToValidate/link_UserSettings' is present&#xD;
&#xD;
2019-11-01 02:18:01 - [MESSAGE][PASSED] - Object 'Object Repository/Pages/SendCodeToValidate/link_UserSettings' is visible&#xD;
&#xD;
2019-11-01 02:18:01 - [MESSAGE][INFO] - 1stPayVault.ts:waiting until Click on User Settings is Clickable&#xD;
&#xD;
2019-11-01 02:18:01 - [MESSAGE][PASSED] - Object 'Object Repository/Pages/SendCodeToValidate/link_UserSettings' is clickable&#xD;
&#xD;
2019-11-01 02:18:01 - [MESSAGE][PASSED] - Object 'Object Repository/Pages/SendCodeToValidate/link_UserSettings' is visible&#xD;
&#xD;
2019-11-01 02:18:04 - [MESSAGE][PASSED] - Object: 'Object Repository/Pages/SendCodeToValidate/link_UserSettings' is clicked on&#xD;
&#xD;
2019-11-01 02:18:04 - [MESSAGE][INFO] - 1stPayVault.ts: Clicked on the Click on User Settings&#xD;
&#xD;
2019-11-01 02:18:04 - [MESSAGE][PASSED] - pages.SendCode.clickonUserSettings is PASSED&#xD;
&#xD;
2019-11-01 02:18:04 - [MESSAGE][PASSED] - Call Test Case 'Test Cases/FirstView/Login/TC_SendCode' successfully&#xD;
&#xD;
2019-11-01 02:18:04 - [TEST_STEP][PASSED] - callTestCase(findTestCase("FirstView/Login/TC_FirstView"), [:], STOP_ON_FAILURE): Call Test Case 'Test Cases/FirstView/Login/TC_FirstView' successfully&#xD;
&#xD;
2019-11-01 02:18:04 - [TEST_CASE][PASSED] - Test Cases/FirstView/Login/TC_FirstView: Test Cases/FirstView/Login/TC_FirstView&#xD;
&#xD;
2019-11-01 02:18:05 - [TEST_STEP][NOT_RUN] - utilities.SafeActions.safeClickWithoutScroll(findTestObject("Pages/FirstView/link_Home"), "Click on Home button in First View screen", [PageLoadTime]): NOT_RUN: utilities.SafeActions.safeClickWithoutScroll(findTestObject("Pages/FirstView/link_Home"), "Click on Home button in First View screen", [PageLoadTime])&#xD;
&#xD;
2019-11-01 02:18:05 - [MESSAGE][NOT_RUN] - NOT_RUN: utilities.SafeActions.safeClickWithoutScroll(findTestObject("Pages/FirstView/link_Home"), "Click on Home button in First View screen", [PageLoadTime])&#xD;
&#xD;
2019-11-01 02:18:05 - [TEST_STEP][PASSED] - delay(3): Delayed 3 second(s)&#xD;
&#xD;
2019-11-01 02:18:08 - [MESSAGE][PASSED] - Delayed 3 second(s)&#xD;
&#xD;
2019-11-01 02:18:08 - [TEST_STEP][PASSED] - utilities.SafeActions.javascriptclick(findTestObject("Pages/FirstView/link_Home"), delayForElement): utilities.SafeActions.javascriptclick is PASSED&#xD;
&#xD;
2019-11-01 02:18:08 - [MESSAGE][PASSED] - utilities.SafeActions.javascriptclick is PASSED&#xD;
&#xD;
2019-11-01 02:18:08 - [TEST_STEP][PASSED] - utilities.SafeActions.safeClickWithoutScroll(findTestObject("Pages/FirstView/link_VPOS"), "Click on VPOS button in First View screen", [PageLoadTime]): utilities.SafeActions.safeClickWithoutScroll is PASSED&#xD;
&#xD;
2019-11-01 02:18:09 - [MESSAGE][INFO] - Safe Click Without scroll&#xD;
&#xD;
2019-11-01 02:18:09 - [MESSAGE][INFO] - 1stPayVault.ts:waiting until Click on VPOS button in First View screen is Clickable&#xD;
&#xD;
2019-11-01 02:18:10 - [MESSAGE][PASSED] - Object 'Object Repository/Pages/FirstView/link_VPOS' is clickable&#xD;
&#xD;
2019-11-01 02:18:10 - [MESSAGE][PASSED] - Object 'Object Repository/Pages/FirstView/link_VPOS' is visible&#xD;
&#xD;
2019-11-01 02:18:12 - [MESSAGE][PASSED] - Object: 'Object Repository/Pages/FirstView/link_VPOS' is clicked on&#xD;
&#xD;
2019-11-01 02:18:12 - [MESSAGE][INFO] - 1stPayVault.ts: click on the Click on VPOS button in First View screen&#xD;
&#xD;
2019-11-01 02:18:12 - [MESSAGE][PASSED] - utilities.SafeActions.safeClickWithoutScroll is PASSED&#xD;
&#xD;
2019-11-01 02:18:12 - [MESSAGE][PASSED] - Call Test Case 'Test Cases/FirstView/Login/TC_FirstView' successfully&#xD;
&#xD;
2019-11-01 02:18:12 - [TEST_STEP][PASSED] - switchToWindowTitle("Transcenter - VPOS"): Switched to window with title: 'Transcenter - VPOS'&#xD;
&#xD;
2019-11-01 02:18:16 - [MESSAGE][PASSED] - Switched to window with title: 'Transcenter - VPOS'&#xD;
&#xD;
2019-11-01 02:18:16 - [TEST_STEP][PASSED] - focus(findTestObject("Pages/FirstPayVault/tab_FirstPayVault")): Object: 'Object Repository/Pages/FirstPayVault/tab_FirstPayVault' is focused&#xD;
&#xD;
2019-11-01 02:18:20 - [MESSAGE][PASSED] - Object: 'Object Repository/Pages/FirstPayVault/tab_FirstPayVault' is focused&#xD;
&#xD;
2019-11-01 02:18:20 - [TEST_STEP][PASSED] - utilities.SafeActions.javascriptclick(findTestObject("Pages/FirstPayVault/tab_FirstPayVault"), PageLoadTime): utilities.SafeActions.javascriptclick is PASSED&#xD;
&#xD;
2019-11-01 02:18:20 - [MESSAGE][PASSED] - utilities.SafeActions.javascriptclick is PASSED&#xD;
&#xD;
2019-11-01 02:18:20 - [TEST_STEP][PASSED] - delay(delayForElement): Delayed 6 second(s)&#xD;
&#xD;
2019-11-01 02:18:26 - [MESSAGE][PASSED] - Delayed 6 second(s)&#xD;
&#xD;
2019-11-01 02:18:26 - [TEST_STEP][PASSED] - utilities.SafeActions.safeClickWithoutScroll(findTestObject("Pages/FirstPayVault/tab_FirstPayVault"), "Click on FistPayVault tab", [delayForElement]): utilities.SafeActions.safeClickWithoutScroll is PASSED&#xD;
&#xD;
2019-11-01 02:18:26 - [MESSAGE][INFO] - Safe Click Without scroll&#xD;
&#xD;
2019-11-01 02:18:26 - [MESSAGE][INFO] - 1stPayVault.ts:waiting until Click on FistPayVault tab is Clickable&#xD;
&#xD;
2019-11-01 02:18:26 - [MESSAGE][PASSED] - Object 'Object Repository/Pages/FirstPayVault/tab_FirstPayVault' is clickable&#xD;
&#xD;
2019-11-01 02:18:26 - [MESSAGE][PASSED] - Object 'Object Repository/Pages/FirstPayVault/tab_FirstPayVault' is visible&#xD;
&#xD;
2019-11-01 02:18:27 - [MESSAGE][PASSED] - Object: 'Object Repository/Pages/FirstPayVault/tab_FirstPayVault' is clicked on&#xD;
&#xD;
2019-11-01 02:18:27 - [MESSAGE][INFO] - 1stPayVault.ts: click on the Click on FistPayVault tab&#xD;
&#xD;
2019-11-01 02:18:27 - [MESSAGE][PASSED] - utilities.SafeActions.safeClickWithoutScroll is PASSED&#xD;
&#xD;
2019-11-01 02:18:27 - [TEST_STEP][PASSED] - utilities.SafeActions.safeClickWithoutScroll(findTestObject("Pages/FirstPayVault/button_CreateVault"), "Click on CreateVault button", [PageLoadTime]): utilities.SafeActions.safeClickWithoutScroll is PASSED&#xD;
&#xD;
2019-11-01 02:18:28 - [MESSAGE][INFO] - Safe Click Without scroll&#xD;
&#xD;
2019-11-01 02:18:28 - [MESSAGE][INFO] - 1stPayVault.ts:waiting until Click on CreateVault button is Clickable&#xD;
&#xD;
2019-11-01 02:18:28 - [MESSAGE][PASSED] - Object 'Object Repository/Pages/FirstPayVault/button_CreateVault' is clickable&#xD;
&#xD;
2019-11-01 02:18:28 - [MESSAGE][PASSED] - Object 'Object Repository/Pages/FirstPayVault/button_CreateVault' is visible&#xD;
&#xD;
2019-11-01 02:18:29 - [MESSAGE][PASSED] - Object: 'Object Repository/Pages/FirstPayVault/button_CreateVault' is clicked on&#xD;
&#xD;
2019-11-01 02:18:29 - [MESSAGE][INFO] - 1stPayVault.ts: click on the Click on CreateVault button&#xD;
&#xD;
2019-11-01 02:18:29 - [MESSAGE][PASSED] - utilities.SafeActions.safeClickWithoutScroll is PASSED&#xD;
&#xD;
2019-11-01 02:18:29 - [TEST_STEP][PASSED] - vaultReference = utilities.SafeActions.timeWithMilliSeconds(): utilities.SafeActions.timeWithMilliSeconds is PASSED&#xD;
&#xD;
2019-11-01 02:18:29 - [MESSAGE][PASSED] - utilities.SafeActions.timeWithMilliSeconds is PASSED&#xD;
&#xD;
2019-11-01 02:18:29 - [TEST_STEP][PASSED] - utilities.SafeActions.safeType(findTestObject("Pages/FirstPayVault/input_VaultReferenceNumber"), vaultReference, "Entering Vault Reference Number", [PageLoadTime]): utilities.SafeActions.safeType is PASSED&#xD;
&#xD;
2019-11-01 02:18:29 - [MESSAGE][PASSED] - Object 'Object Repository/Pages/FirstPayVault/input_VaultReferenceNumber' is present&#xD;
&#xD;
2019-11-01 02:18:29 - [MESSAGE][PASSED] - Scroll to object 'Object Repository/Pages/FirstPayVault/input_VaultReferenceNumber' successfully&#xD;
&#xD;
2019-11-01 02:18:29 - [MESSAGE][PASSED] - Object 'Object Repository/Pages/FirstPayVault/input_VaultReferenceNumber' is present&#xD;
&#xD;
2019-11-01 02:18:30 - [MESSAGE][PASSED] - Object: 'Object Repository/Pages/FirstPayVault/input_VaultReferenceNumber' is clicked on&#xD;
&#xD;
2019-11-01 02:18:30 - [MESSAGE][PASSED] - Text '2019-11-01 02:18:29.671' is set on object 'Object Repository/Pages/FirstPayVault/input_VaultReferenceNumber'&#xD;
&#xD;
2019-11-01 02:18:30 - [MESSAGE][PASSED] - utilities.SafeActions.safeType is PASSED&#xD;
&#xD;
2019-11-01 02:18:30 - [TEST_STEP][PASSED] - utilities.SafeActions.safeType(findTestObject("Pages/FirstPayVault/input_CreditCardNumber"), visaCardNumber, "Entering Card Number", [PageLoadTime]): utilities.SafeActions.safeType is PASSED&#xD;
&#xD;
2019-11-01 02:18:31 - [MESSAGE][PASSED] - Object 'Object Repository/Pages/FirstPayVault/input_CreditCardNumber' is present&#xD;
&#xD;
2019-11-01 02:18:31 - [MESSAGE][PASSED] - Scroll to object 'Object Repository/Pages/FirstPayVault/input_CreditCardNumber' successfully&#xD;
&#xD;
2019-11-01 02:18:31 - [MESSAGE][PASSED] - Object 'Object Repository/Pages/FirstPayVault/input_CreditCardNumber' is present&#xD;
&#xD;
2019-11-01 02:18:32 - [MESSAGE][PASSED] - Object: 'Object Repository/Pages/FirstPayVault/input_CreditCardNumber' is clicked on&#xD;
&#xD;
2019-11-01 02:18:32 - [MESSAGE][PASSED] - Text '4111111111111111' is set on object 'Object Repository/Pages/FirstPayVault/input_CreditCardNumber'&#xD;
&#xD;
2019-11-01 02:18:32 - [MESSAGE][PASSED] - utilities.SafeActions.safeType is PASSED&#xD;
&#xD;
2019-11-01 02:18:32 - [TEST_STEP][PASSED] - utilities.SafeActions.safeSelectOptionInDropDownByVisibleText(findTestObject("Pages/FirstPayVault/dropDown_ExpirationMonth"), cardMonth, "Expiration Month", [PageLoadTime]): utilities.SafeActions.safeSelectOptionInDropDownByVisibleText is PASSED&#xD;
&#xD;
2019-11-01 02:18:33 - [MESSAGE][PASSED] - Object 'Object Repository/Pages/FirstPayVault/dropDown_ExpirationMonth' is visible&#xD;
&#xD;
2019-11-01 02:18:33 - [MESSAGE][PASSED] - Object 'Object Repository/Pages/FirstPayVault/dropDown_ExpirationMonth' is present&#xD;
&#xD;
2019-11-01 02:18:33 - [MESSAGE][PASSED] - Object: 'Object Repository/Pages/FirstPayVault/dropDown_ExpirationMonth' is clicked on&#xD;
&#xD;
2019-11-01 02:18:34 - [MESSAGE][PASSED] - All options with label 'September' are selected in object 'Object Repository/Pages/FirstPayVault/dropDown_ExpirationMonth' &#xD;
&#xD;
2019-11-01 02:18:34 - [MESSAGE][PASSED] - utilities.SafeActions.safeSelectOptionInDropDownByVisibleText is PASSED&#xD;
&#xD;
2019-11-01 02:18:34 - [TEST_STEP][PASSED] - utilities.SafeActions.safeSelectOptionInDropDownByVisibleText(findTestObject("Pages/FirstPayVault/dropDown_ExpirationYear"), cardYear, "year", [PageLoadTime]): utilities.SafeActions.safeSelectOptionInDropDownByVisibleText is PASSED&#xD;
&#xD;
2019-11-01 02:18:34 - [MESSAGE][PASSED] - Object 'Object Repository/Pages/FirstPayVault/dropDown_ExpirationYear' is visible&#xD;
&#xD;
2019-11-01 02:18:34 - [MESSAGE][PASSED] - Object 'Object Repository/Pages/FirstPayVault/dropDown_ExpirationYear' is present&#xD;
&#xD;
2019-11-01 02:18:36 - [MESSAGE][PASSED] - Object: 'Object Repository/Pages/FirstPayVault/dropDown_ExpirationYear' is clicked on&#xD;
&#xD;
2019-11-01 02:18:36 - [MESSAGE][PASSED] - All options with label '2023' are selected in object 'Object Repository/Pages/FirstPayVault/dropDown_ExpirationYear' &#xD;
&#xD;
2019-11-01 02:18:36 - [MESSAGE][PASSED] - utilities.SafeActions.safeSelectOptionInDropDownByVisibleText is PASSED&#xD;
&#xD;
2019-11-01 02:18:36 - [TEST_STEP][PASSED] - utilities.SafeActions.safeType(findTestObject("Pages/FirstPayVault/input_ContactName"), contactName, "Enter Contact Name", [PageLoadTime]): utilities.SafeActions.safeType is PASSED&#xD;
&#xD;
2019-11-01 02:18:36 - [MESSAGE][PASSED] - Object 'Object Repository/Pages/FirstPayVault/input_ContactName' is present&#xD;
&#xD;
2019-11-01 02:18:36 - [MESSAGE][PASSED] - Scroll to object 'Object Repository/Pages/FirstPayVault/input_ContactName' successfully&#xD;
&#xD;
2019-11-01 02:18:36 - [MESSAGE][PASSED] - Object 'Object Repository/Pages/FirstPayVault/input_ContactName' is present&#xD;
&#xD;
2019-11-01 02:18:38 - [MESSAGE][PASSED] - Object: 'Object Repository/Pages/FirstPayVault/input_ContactName' is clicked on&#xD;
&#xD;
2019-11-01 02:18:38 - [MESSAGE][PASSED] - Text 'Venkata Sai' is set on object 'Object Repository/Pages/FirstPayVault/input_ContactName'&#xD;
&#xD;
2019-11-01 02:18:38 - [MESSAGE][PASSED] - utilities.SafeActions.safeType is PASSED&#xD;
&#xD;
2019-11-01 02:18:38 - [TEST_STEP][PASSED] - utilities.SafeActions.safeType(findTestObject("Pages/FirstPayVault/input_PostalCode"), postalCode, "Enter Postal Code", [PageLoadTime]): utilities.SafeActions.safeType is PASSED&#xD;
&#xD;
2019-11-01 02:18:38 - [MESSAGE][PASSED] - Object 'Object Repository/Pages/FirstPayVault/input_PostalCode' is present&#xD;
&#xD;
2019-11-01 02:18:38 - [MESSAGE][PASSED] - Scroll to object 'Object Repository/Pages/FirstPayVault/input_PostalCode' successfully&#xD;
&#xD;
2019-11-01 02:18:38 - [MESSAGE][PASSED] - Object 'Object Repository/Pages/FirstPayVault/input_PostalCode' is present&#xD;
&#xD;
2019-11-01 02:18:40 - [MESSAGE][PASSED] - Object: 'Object Repository/Pages/FirstPayVault/input_PostalCode' is clicked on&#xD;
&#xD;
2019-11-01 02:18:40 - [MESSAGE][PASSED] - Text '76102' is set on object 'Object Repository/Pages/FirstPayVault/input_PostalCode'&#xD;
&#xD;
2019-11-01 02:18:40 - [MESSAGE][PASSED] - utilities.SafeActions.safeType is PASSED&#xD;
&#xD;
2019-11-01 02:18:40 - [TEST_STEP][PASSED] - utilities.SafeActions.safeType(findTestObject("Pages/FirstPayVault/input_Address"), address, "Enter ddress", [PageLoadTime]): utilities.SafeActions.safeType is PASSED&#xD;
&#xD;
2019-11-01 02:18:40 - [MESSAGE][PASSED] - Object 'Object Repository/Pages/FirstPayVault/input_Address' is present&#xD;
&#xD;
2019-11-01 02:18:40 - [MESSAGE][PASSED] - Scroll to object 'Object Repository/Pages/FirstPayVault/input_Address' successfully&#xD;
&#xD;
2019-11-01 02:18:40 - [MESSAGE][PASSED] - Object 'Object Repository/Pages/FirstPayVault/input_Address' is present&#xD;
&#xD;
2019-11-01 02:18:41 - [MESSAGE][PASSED] - Object: 'Object Repository/Pages/FirstPayVault/input_Address' is clicked on&#xD;
&#xD;
2019-11-01 02:18:42 - [MESSAGE][PASSED] - Text 'Street123' is set on object 'Object Repository/Pages/FirstPayVault/input_Address'&#xD;
&#xD;
2019-11-01 02:18:42 - [MESSAGE][PASSED] - utilities.SafeActions.safeType is PASSED&#xD;
&#xD;
2019-11-01 02:18:42 - [TEST_STEP][PASSED] - utilities.SafeActions.safeCheckForElement(findTestObject("Pages/FirstPayVault/chekBox_AddShippingInformation"), PageLoadTime): utilities.SafeActions.safeCheckForElement is PASSED&#xD;
&#xD;
2019-11-01 02:18:42 - [MESSAGE][PASSED] - Object 'Object Repository/Pages/FirstPayVault/chekBox_AddShippingInformation' is present&#xD;
&#xD;
2019-11-01 02:18:42 - [MESSAGE][PASSED] - Object 'Object Repository/Pages/FirstPayVault/chekBox_AddShippingInformation' is visible&#xD;
&#xD;
2019-11-01 02:18:42 - [MESSAGE][PASSED] - Object 'Object Repository/Pages/FirstPayVault/chekBox_AddShippingInformation' is present&#xD;
&#xD;
2019-11-01 02:18:43 - [MESSAGE][PASSED] - Object 'Object Repository/Pages/FirstPayVault/chekBox_AddShippingInformation' is checked&#xD;
&#xD;
2019-11-01 02:18:43 - [MESSAGE][PASSED] - utilities.SafeActions.safeCheckForElement is PASSED&#xD;
&#xD;
2019-11-01 02:18:43 - [TEST_STEP][PASSED] - utilities.SafeActions.safeType(findTestObject("Pages/FirstPayVault/input_ShippingMethod"), shippingMethod, "Enter Shipping Method", [PageLoadTime]): utilities.SafeActions.safeType is PASSED&#xD;
&#xD;
2019-11-01 02:18:43 - [MESSAGE][PASSED] - Object 'Object Repository/Pages/FirstPayVault/input_ShippingMethod' is present&#xD;
&#xD;
2019-11-01 02:18:43 - [MESSAGE][PASSED] - Scroll to object 'Object Repository/Pages/FirstPayVault/input_ShippingMethod' successfully&#xD;
&#xD;
2019-11-01 02:18:43 - [MESSAGE][PASSED] - Object 'Object Repository/Pages/FirstPayVault/input_ShippingMethod' is present&#xD;
&#xD;
2019-11-01 02:18:44 - [MESSAGE][PASSED] - Object: 'Object Repository/Pages/FirstPayVault/input_ShippingMethod' is clicked on&#xD;
&#xD;
2019-11-01 02:18:44 - [MESSAGE][PASSED] - Text 'DTDC' is set on object 'Object Repository/Pages/FirstPayVault/input_ShippingMethod'&#xD;
&#xD;
2019-11-01 02:18:44 - [MESSAGE][PASSED] - utilities.SafeActions.safeType is PASSED&#xD;
&#xD;
2019-11-01 02:18:44 - [TEST_STEP][PASSED] - utilities.SafeActions.safeCheckForElement(findTestObject("Pages/FirstPayVault/checkbox_SameAsBillingInformation"), PageLoadTime): utilities.SafeActions.safeCheckForElement is PASSED&#xD;
&#xD;
2019-11-01 02:18:44 - [MESSAGE][PASSED] - Object 'Object Repository/Pages/FirstPayVault/checkbox_SameAsBillingInformation' is present&#xD;
&#xD;
2019-11-01 02:18:45 - [MESSAGE][PASSED] - Object 'Object Repository/Pages/FirstPayVault/checkbox_SameAsBillingInformation' is visible&#xD;
&#xD;
2019-11-01 02:18:45 - [MESSAGE][PASSED] - Object 'Object Repository/Pages/FirstPayVault/checkbox_SameAsBillingInformation' is present&#xD;
&#xD;
2019-11-01 02:18:46 - [MESSAGE][PASSED] - Object 'Object Repository/Pages/FirstPayVault/checkbox_SameAsBillingInformation' is checked&#xD;
&#xD;
2019-11-01 02:18:46 - [MESSAGE][PASSED] - utilities.SafeActions.safeCheckForElement is PASSED&#xD;
&#xD;
2019-11-01 02:18:46 - [TEST_STEP][PASSED] - utilities.SafeActions.safeClickwithScroll(findTestObject("Pages/FirstPayVault/button_Create"), "Click on Create Button", [PageLoadTime]): utilities.SafeActions.safeClickwithScroll is PASSED&#xD;
&#xD;
2019-11-01 02:18:46 - [MESSAGE][PASSED] - Object 'Object Repository/Pages/FirstPayVault/button_Create' is present&#xD;
&#xD;
2019-11-01 02:18:46 - [MESSAGE][PASSED] - Object 'Object Repository/Pages/FirstPayVault/button_Create' is visible&#xD;
&#xD;
2019-11-01 02:18:46 - [MESSAGE][INFO] - 1stPayVault.ts:waiting until Click on Create Button is Clickable&#xD;
&#xD;
2019-11-01 02:18:46 - [MESSAGE][PASSED] - Object 'Object Repository/Pages/FirstPayVault/button_Create' is clickable&#xD;
&#xD;
2019-11-01 02:18:46 - [MESSAGE][PASSED] - Object 'Object Repository/Pages/FirstPayVault/button_Create' is visible&#xD;
&#xD;
2019-11-01 02:18:47 - [MESSAGE][PASSED] - Object: 'Object Repository/Pages/FirstPayVault/button_Create' is clicked on&#xD;
&#xD;
2019-11-01 02:18:47 - [MESSAGE][INFO] - 1stPayVault.ts: Clicked on the Click on Create Button&#xD;
&#xD;
2019-11-01 02:18:47 - [MESSAGE][PASSED] - utilities.SafeActions.safeClickwithScroll is PASSED&#xD;
&#xD;
2019-11-01 02:18:47 - [TEST_STEP][PASSED] - delay(2): Delayed 2 second(s)&#xD;
&#xD;
2019-11-01 02:18:49 - [MESSAGE][PASSED] - Delayed 2 second(s)&#xD;
&#xD;
2019-11-01 02:18:50 - [TEST_STEP][PASSED] - popupSavedToVaultMessage = utilities.SafeActions.safeGetText(findTestObject("Pages/FirstPayVault/popup_SavedToVaultMessage"), elementTime): utilities.SafeActions.safeGetText is PASSED&#xD;
&#xD;
2019-11-01 02:18:50 - [MESSAGE][PASSED] - Object 'Object Repository/Pages/FirstPayVault/popup_SavedToVaultMessage' is present&#xD;
&#xD;
2019-11-01 02:18:50 - [MESSAGE][PASSED] - Scroll to object 'Object Repository/Pages/FirstPayVault/popup_SavedToVaultMessage' successfully&#xD;
&#xD;
2019-11-01 02:18:50 - [MESSAGE][PASSED] - Object 'Object Repository/Pages/FirstPayVault/popup_SavedToVaultMessage' is present&#xD;
&#xD;
2019-11-01 02:18:51 - [MESSAGE][PASSED] - Text of object 'Object Repository/Pages/FirstPayVault/popup_SavedToVaultMessage' is: 'Successfully Saved to Vault'&#xD;
&#xD;
2019-11-01 02:18:51 - [MESSAGE][PASSED] - utilities.SafeActions.safeGetText is PASSED&#xD;
&#xD;
2019-11-01 02:18:51 - [TEST_STEP][PASSED] - flag = utilities.SafeActions.verifyPopupMessage("Successfully Saved to Vault", popupSavedToVaultMessage): Popup Message : Successfully Saved to Vault matched with expected message : Successfully Saved to Vault&#xD;
&#xD;
2019-11-01 02:18:51 - [MESSAGE][PASSED] - Popup Message : Successfully Saved to Vault matched with expected message : Successfully Saved to Vault&#xD;
&#xD;
2019-11-01 02:18:51 - [TEST_STEP][PASSED] - closeBrowser(): Browser is closed&#xD;
&#xD;
2019-11-01 02:19:21 - [MESSAGE][PASSED] - Browser is closed&#xD;
&#xD;
2019-11-01 02:19:21 - [TEST_STEP][PASSED] - Start listener action : sampleAfterTestCase: null&#xD;
&#xD;
2019-11-01 02:19:21 - [TEST_STEP][PASSED] - println(testCaseContext.getTestCaseId()): null&#xD;
&#xD;
2019-11-01 02:19:21 - [TEST_STEP][PASSED] - println(testCaseContext.getTestCaseStatus()): null&#xD;
&#xD;
2019-11-01 02:19:21 - [TEST_STEP][PASSED] - testCaseName = testCaseContext.getTestCaseId(): null&#xD;
&#xD;
2019-11-01 02:19:21 - [TEST_STEP][PASSED] - strCount = testCaseName.lastIndexOf("/"): null&#xD;
&#xD;
2019-11-01 02:19:21 - [TEST_STEP][PASSED] - testCaseName = testCaseName.substring(strCount): null&#xD;
&#xD;
2019-11-01 02:19:21 - [TEST_STEP][PASSED] - println(testCaseName): null&#xD;
&#xD;
2019-11-01 02:19:21 - [TEST_STEP][PASSED] - if (getTestCaseStatus().equalsIgnoreCase("Error")): null&#xD;
&#xD;
2019-11-01 02:19:21 - [TEST_STEP][PASSED] - Start listener action : sampleAfterTestCase: null</system-out>
            <system-err></system-err>
        </testcase>
        <testcase name="Test Cases/FirstView/FirstPayVault/TC_1st_Pay_Vault_002" classname="Test Cases/FirstView/FirstPayVault/TC_1st_Pay_Vault_002" status="PASSED">
            <system-out>2019-11-01 02:19:21 - [TEST_CASE][PASSED] - Test Cases/FirstView/FirstPayVault/TC_1st_Pay_Vault_002: Test Cases/FirstView/FirstPayVault/TC_1st_Pay_Vault_002&#xD;
&#xD;
2019-11-01 02:19:21 - [TEST_STEP][PASSED] - Start listener action : sampleBeforeTestCase: null&#xD;
&#xD;
2019-11-01 02:19:21 - [TEST_STEP][PASSED] - println(testCaseContext.getTestCaseId()): null&#xD;
&#xD;
2019-11-01 02:19:21 - [TEST_STEP][PASSED] - println(testCaseContext.getTestCaseVariables()): null&#xD;
&#xD;
2019-11-01 02:19:22 - [TEST_STEP][NOT_RUN] - utilities.SafeActions.openBrowser(Old_URL, [PageLoadTime]): NOT_RUN: utilities.SafeActions.openBrowser(Old_URL, [PageLoadTime])&#xD;
&#xD;
2019-11-01 02:19:22 - [MESSAGE][NOT_RUN] - NOT_RUN: utilities.SafeActions.openBrowser(Old_URL, [PageLoadTime])&#xD;
&#xD;
2019-11-01 02:19:22 - [TEST_STEP][NOT_RUN] - delay(6): NOT_RUN: delay(6)&#xD;
&#xD;
2019-11-01 02:19:22 - [MESSAGE][NOT_RUN] - NOT_RUN: delay(6)&#xD;
&#xD;
2019-11-01 02:19:22 - [TEST_STEP][NOT_RUN] - utilities.SafeActions.safeSelectOptionInDropDownByVisibleText(findTestObject("Pages/Sale/dropDown_AccountType"), "ranjanatest2 - 888814981372/001 Account Type: Retail", "Select by Value", [25]): NOT_RUN: utilities.SafeActions.safeSelectOptionInDropDownByVisibleText(findTestObject("Pages/Sale/dropDown_AccountType"), "ranjanatest2 - 888814981372/001 Account Type: Retail", "Select by Value", [25])&#xD;
&#xD;
2019-11-01 02:19:22 - [MESSAGE][NOT_RUN] - NOT_RUN: utilities.SafeActions.safeSelectOptionInDropDownByVisibleText(findTestObject("Pages/Sale/dropDown_AccountType"), "ranjanatest2 - 888814981372/001 Account Type: Retail", "Select by Value", [25])&#xD;
&#xD;
2019-11-01 02:19:22 - [TEST_STEP][PASSED] - utilities.SafeActions.openBrowser(URL, [PageLoadTime]): utilities.SafeActions.openBrowser is PASSED&#xD;
&#xD;
2019-11-01 02:19:22 - [MESSAGE][INFO] - Opening Browser&#xD;
&#xD;
2019-11-01 02:19:22 - [MESSAGE][INFO] - Starting 'Firefox' driver&#xD;
&#xD;
2019-11-01 02:19:51 - [MESSAGE][PASSED] - Browser is opened with url: 'https://q-www-firstview-net.faps.net/MVC/Account/Login'&#xD;
&#xD;
2019-11-01 02:19:51 - [MESSAGE][PASSED] - Current window maximized&#xD;
&#xD;
2019-11-01 02:19:51 - [MESSAGE][INFO] - Browser Launched Successfully&#xD;
&#xD;
2019-11-01 02:19:51 - [MESSAGE][PASSED] - utilities.SafeActions.openBrowser is PASSED&#xD;
&#xD;
2019-11-01 02:19:51 - [TEST_STEP][PASSED] - pages.Login.login(uName, password): pages.Login.login is PASSED&#xD;
&#xD;
2019-11-01 02:19:51 - [MESSAGE][PASSED] - Object 'Object Repository/Pages/Login/userName' is present&#xD;
&#xD;
2019-11-01 02:19:51 - [MESSAGE][PASSED] - Scroll to object 'Object Repository/Pages/Login/userName' successfully&#xD;
&#xD;
2019-11-01 02:19:51 - [MESSAGE][PASSED] - Object 'Object Repository/Pages/Login/userName' is present&#xD;
&#xD;
2019-11-01 02:19:52 - [MESSAGE][PASSED] - Object: 'Object Repository/Pages/Login/userName' is clicked on&#xD;
&#xD;
2019-11-01 02:19:52 - [MESSAGE][PASSED] - Text 'ZenQRetail' is set on object 'Object Repository/Pages/Login/userName'&#xD;
&#xD;
2019-11-01 02:19:52 - [MESSAGE][PASSED] - Object 'Object Repository/Pages/Login/password' is present&#xD;
&#xD;
2019-11-01 02:19:52 - [MESSAGE][PASSED] - Scroll to object 'Object Repository/Pages/Login/password' successfully&#xD;
&#xD;
2019-11-01 02:19:52 - [MESSAGE][PASSED] - Object 'Object Repository/Pages/Login/password' is present&#xD;
&#xD;
2019-11-01 02:19:53 - [MESSAGE][PASSED] - Object: 'Object Repository/Pages/Login/password' is clicked on&#xD;
&#xD;
2019-11-01 02:19:53 - [MESSAGE][PASSED] - Text 'P@ssword1' is set on object 'Object Repository/Pages/Login/password'&#xD;
&#xD;
2019-11-01 02:19:53 - [MESSAGE][INFO] - Safe Click Without scroll&#xD;
&#xD;
2019-11-01 02:19:53 - [MESSAGE][INFO] - 1stPayVault.ts:waiting until Click on Login is Clickable&#xD;
&#xD;
2019-11-01 02:19:53 - [MESSAGE][PASSED] - Object 'Object Repository/Pages/Login/login' is clickable&#xD;
&#xD;
2019-11-01 02:19:53 - [MESSAGE][PASSED] - Object 'Object Repository/Pages/Login/login' is visible&#xD;
&#xD;
2019-11-01 02:19:56 - [MESSAGE][PASSED] - Object: 'Object Repository/Pages/Login/login' is clicked on&#xD;
&#xD;
2019-11-01 02:19:56 - [MESSAGE][INFO] - 1stPayVault.ts: click on the Click on Login&#xD;
&#xD;
2019-11-01 02:19:56 - [MESSAGE][PASSED] - pages.Login.login is PASSED&#xD;
&#xD;
2019-11-01 02:19:56 - [TEST_STEP][PASSED] - callTestCase(findTestCase("FirstView/Login/TC_SendCode"), [:], STOP_ON_FAILURE): Call Test Case 'Test Cases/FirstView/Login/TC_SendCode' successfully&#xD;
&#xD;
2019-11-01 02:19:57 - [TEST_CASE][PASSED] - Test Cases/FirstView/Login/TC_SendCode: Test Cases/FirstView/Login/TC_SendCode&#xD;
&#xD;
2019-11-01 02:19:57 - [TEST_STEP][PASSED] - flag = pages.SendCode.verifyPage(): pages.SendCode.verifyPage is PASSED&#xD;
&#xD;
2019-11-01 02:19:57 - [MESSAGE][PASSED] - Object 'Object Repository/Pages/SendCodeToValidate/header_SendCodeToValidate' is present and visible in viewport&#xD;
&#xD;
2019-11-01 02:19:57 - [MESSAGE][PASSED] - pages.SendCode.verifyPage is PASSED&#xD;
&#xD;
2019-11-01 02:19:57 - [TEST_STEP][PASSED] - if (flag): pages.SendCode.clickonUserSettings is PASSED&#xD;
&#xD;
2019-11-01 02:19:57 - [TEST_STEP][PASSED] - pages.SendCode.clickonUserSettings(): pages.SendCode.clickonUserSettings is PASSED&#xD;
&#xD;
2019-11-01 02:19:57 - [MESSAGE][PASSED] - Object 'Object Repository/Pages/SendCodeToValidate/link_UserSettings' is present&#xD;
&#xD;
2019-11-01 02:19:57 - [MESSAGE][PASSED] - Object 'Object Repository/Pages/SendCodeToValidate/link_UserSettings' is visible&#xD;
&#xD;
2019-11-01 02:19:57 - [MESSAGE][INFO] - 1stPayVault.ts:waiting until Click on User Settings is Clickable&#xD;
&#xD;
2019-11-01 02:19:57 - [MESSAGE][PASSED] - Object 'Object Repository/Pages/SendCodeToValidate/link_UserSettings' is clickable&#xD;
&#xD;
2019-11-01 02:19:57 - [MESSAGE][PASSED] - Object 'Object Repository/Pages/SendCodeToValidate/link_UserSettings' is visible&#xD;
&#xD;
2019-11-01 02:20:00 - [MESSAGE][PASSED] - Object: 'Object Repository/Pages/SendCodeToValidate/link_UserSettings' is clicked on&#xD;
&#xD;
2019-11-01 02:20:00 - [MESSAGE][INFO] - 1stPayVault.ts: Clicked on the Click on User Settings&#xD;
&#xD;
2019-11-01 02:20:00 - [MESSAGE][PASSED] - pages.SendCode.clickonUserSettings is PASSED&#xD;
&#xD;
2019-11-01 02:20:00 - [MESSAGE][PASSED] - Call Test Case 'Test Cases/FirstView/Login/TC_SendCode' successfully&#xD;
&#xD;
2019-11-01 02:20:00 - [TEST_STEP][PASSED] - callTestCase(findTestCase("FirstView/Login/TC_FirstView"), [:], STOP_ON_FAILURE): Call Test Case 'Test Cases/FirstView/Login/TC_FirstView' successfully&#xD;
&#xD;
2019-11-01 02:20:00 - [TEST_CASE][PASSED] - Test Cases/FirstView/Login/TC_FirstView: Test Cases/FirstView/Login/TC_FirstView&#xD;
&#xD;
2019-11-01 02:20:00 - [TEST_STEP][NOT_RUN] - utilities.SafeActions.safeClickWithoutScroll(findTestObject("Pages/FirstView/link_Home"), "Click on Home button in First View screen", [PageLoadTime]): NOT_RUN: utilities.SafeActions.safeClickWithoutScroll(findTestObject("Pages/FirstView/link_Home"), "Click on Home button in First View screen", [PageLoadTime])&#xD;
&#xD;
2019-11-01 02:20:00 - [MESSAGE][NOT_RUN] - NOT_RUN: utilities.SafeActions.safeClickWithoutScroll(findTestObject("Pages/FirstView/link_Home"), "Click on Home button in First View screen", [PageLoadTime])&#xD;
&#xD;
2019-11-01 02:20:00 - [TEST_STEP][PASSED] - delay(3): Delayed 3 second(s)&#xD;
&#xD;
2019-11-01 02:20:03 - [MESSAGE][PASSED] - Delayed 3 second(s)&#xD;
&#xD;
2019-11-01 02:20:03 - [TEST_STEP][PASSED] - utilities.SafeActions.javascriptclick(findTestObject("Pages/FirstView/link_Home"), delayForElement): utilities.SafeActions.javascriptclick is PASSED&#xD;
&#xD;
2019-11-01 02:20:04 - [MESSAGE][PASSED] - utilities.SafeActions.javascriptclick is PASSED&#xD;
&#xD;
2019-11-01 02:20:04 - [TEST_STEP][PASSED] - utilities.SafeActions.safeClickWithoutScroll(findTestObject("Pages/FirstView/link_VPOS"), "Click on VPOS button in First View screen", [PageLoadTime]): utilities.SafeActions.safeClickWithoutScroll is PASSED&#xD;
&#xD;
2019-11-01 02:20:04 - [MESSAGE][INFO] - Safe Click Without scroll&#xD;
&#xD;
2019-11-01 02:20:04 - [MESSAGE][INFO] - 1stPayVault.ts:waiting until Click on VPOS button in First View screen is Clickable&#xD;
&#xD;
2019-11-01 02:20:08 - [MESSAGE][PASSED] - Object 'Object Repository/Pages/FirstView/link_VPOS' is clickable&#xD;
&#xD;
2019-11-01 02:20:08 - [MESSAGE][PASSED] - Object 'Object Repository/Pages/FirstView/link_VPOS' is visible&#xD;
&#xD;
2019-11-01 02:20:09 - [MESSAGE][PASSED] - Object: 'Object Repository/Pages/FirstView/link_VPOS' is clicked on&#xD;
&#xD;
2019-11-01 02:20:09 - [MESSAGE][INFO] - 1stPayVault.ts: click on the Click on VPOS button in First View screen&#xD;
&#xD;
2019-11-01 02:20:09 - [MESSAGE][PASSED] - utilities.SafeActions.safeClickWithoutScroll is PASSED&#xD;
&#xD;
2019-11-01 02:20:09 - [MESSAGE][PASSED] - Call Test Case 'Test Cases/FirstView/Login/TC_FirstView' successfully&#xD;
&#xD;
2019-11-01 02:20:09 - [TEST_STEP][PASSED] - switchToWindowTitle("Transcenter - VPOS"): Switched to window with title: 'Transcenter - VPOS'&#xD;
&#xD;
2019-11-01 02:20:15 - [MESSAGE][PASSED] - Switched to window with title: 'Transcenter - VPOS'&#xD;
&#xD;
2019-11-01 02:20:15 - [TEST_STEP][PASSED] - focus(findTestObject("Pages/FirstPayVault/tab_FirstPayVault")): Object: 'Object Repository/Pages/FirstPayVault/tab_FirstPayVault' is focused&#xD;
&#xD;
2019-11-01 02:20:18 - [MESSAGE][PASSED] - Object: 'Object Repository/Pages/FirstPayVault/tab_FirstPayVault' is focused&#xD;
&#xD;
2019-11-01 02:20:18 - [TEST_STEP][PASSED] - utilities.SafeActions.javascriptclick(findTestObject("Pages/FirstPayVault/tab_FirstPayVault"), PageLoadTime): utilities.SafeActions.javascriptclick is PASSED&#xD;
&#xD;
2019-11-01 02:20:18 - [MESSAGE][PASSED] - utilities.SafeActions.javascriptclick is PASSED&#xD;
&#xD;
2019-11-01 02:20:18 - [TEST_STEP][PASSED] - delay(delayForElement): Delayed 6 second(s)&#xD;
&#xD;
2019-11-01 02:20:24 - [MESSAGE][PASSED] - Delayed 6 second(s)&#xD;
&#xD;
2019-11-01 02:20:24 - [TEST_STEP][PASSED] - utilities.SafeActions.safeClickWithoutScroll(findTestObject("Pages/FirstPayVault/tab_FirstPayVault"), "Click on FistPayVault tab", [delayForElement]): utilities.SafeActions.safeClickWithoutScroll is PASSED&#xD;
&#xD;
2019-11-01 02:20:24 - [MESSAGE][INFO] - Safe Click Without scroll&#xD;
&#xD;
2019-11-01 02:20:24 - [MESSAGE][INFO] - 1stPayVault.ts:waiting until Click on FistPayVault tab is Clickable&#xD;
&#xD;
2019-11-01 02:20:24 - [MESSAGE][PASSED] - Object 'Object Repository/Pages/FirstPayVault/tab_FirstPayVault' is clickable&#xD;
&#xD;
2019-11-01 02:20:25 - [MESSAGE][PASSED] - Object 'Object Repository/Pages/FirstPayVault/tab_FirstPayVault' is visible&#xD;
&#xD;
2019-11-01 02:20:26 - [MESSAGE][PASSED] - Object: 'Object Repository/Pages/FirstPayVault/tab_FirstPayVault' is clicked on&#xD;
&#xD;
2019-11-01 02:20:26 - [MESSAGE][INFO] - 1stPayVault.ts: click on the Click on FistPayVault tab&#xD;
&#xD;
2019-11-01 02:20:26 - [MESSAGE][PASSED] - utilities.SafeActions.safeClickWithoutScroll is PASSED&#xD;
&#xD;
2019-11-01 02:20:26 - [TEST_STEP][PASSED] - utilities.SafeActions.safeClickWithoutScroll(findTestObject("Pages/FirstPayVault/button_CreateVault"), "Click on CreateVault button", [PageLoadTime]): utilities.SafeActions.safeClickWithoutScroll is PASSED&#xD;
&#xD;
2019-11-01 02:20:26 - [MESSAGE][INFO] - Safe Click Without scroll&#xD;
&#xD;
2019-11-01 02:20:26 - [MESSAGE][INFO] - 1stPayVault.ts:waiting until Click on CreateVault button is Clickable&#xD;
&#xD;
2019-11-01 02:20:26 - [MESSAGE][PASSED] - Object 'Object Repository/Pages/FirstPayVault/button_CreateVault' is clickable&#xD;
&#xD;
2019-11-01 02:20:26 - [MESSAGE][PASSED] - Object 'Object Repository/Pages/FirstPayVault/button_CreateVault' is visible&#xD;
&#xD;
2019-11-01 02:20:27 - [MESSAGE][PASSED] - Object: 'Object Repository/Pages/FirstPayVault/button_CreateVault' is clicked on&#xD;
&#xD;
2019-11-01 02:20:27 - [MESSAGE][INFO] - 1stPayVault.ts: click on the Click on CreateVault button&#xD;
&#xD;
2019-11-01 02:20:27 - [MESSAGE][PASSED] - utilities.SafeActions.safeClickWithoutScroll is PASSED&#xD;
&#xD;
2019-11-01 02:20:27 - [TEST_STEP][PASSED] - scrollToElement(findTestObject("Pages/FirstPayVault/input_VaultReferenceNumber"), PageLoadTime): Scroll to object 'Object Repository/Pages/FirstPayVault/input_VaultReferenceNumber' successfully&#xD;
&#xD;
2019-11-01 02:20:27 - [MESSAGE][PASSED] - Scroll to object 'Object Repository/Pages/FirstPayVault/input_VaultReferenceNumber' successfully&#xD;
&#xD;
2019-11-01 02:20:27 - [TEST_STEP][PASSED] - vaultReference = utilities.SafeActions.timeWithMilliSeconds(): utilities.SafeActions.timeWithMilliSeconds is PASSED&#xD;
&#xD;
2019-11-01 02:20:27 - [MESSAGE][PASSED] - utilities.SafeActions.timeWithMilliSeconds is PASSED&#xD;
&#xD;
2019-11-01 02:20:27 - [TEST_STEP][PASSED] - utilities.SafeActions.safeType(findTestObject("Pages/FirstPayVault/input_VaultReferenceNumber"), vaultReference, "Entering Vault Reference Number", [PageLoadTime]): utilities.SafeActions.safeType is PASSED&#xD;
&#xD;
2019-11-01 02:20:27 - [MESSAGE][PASSED] - Object 'Object Repository/Pages/FirstPayVault/input_VaultReferenceNumber' is present&#xD;
&#xD;
2019-11-01 02:20:27 - [MESSAGE][PASSED] - Scroll to object 'Object Repository/Pages/FirstPayVault/input_VaultReferenceNumber' successfully&#xD;
&#xD;
2019-11-01 02:20:27 - [MESSAGE][PASSED] - Object 'Object Repository/Pages/FirstPayVault/input_VaultReferenceNumber' is present&#xD;
&#xD;
2019-11-01 02:20:28 - [MESSAGE][PASSED] - Object: 'Object Repository/Pages/FirstPayVault/input_VaultReferenceNumber' is clicked on&#xD;
&#xD;
2019-11-01 02:20:29 - [MESSAGE][PASSED] - Text '2019-11-01 02:20:27.659' is set on object 'Object Repository/Pages/FirstPayVault/input_VaultReferenceNumber'&#xD;
&#xD;
2019-11-01 02:20:29 - [MESSAGE][PASSED] - utilities.SafeActions.safeType is PASSED&#xD;
&#xD;
2019-11-01 02:20:29 - [TEST_STEP][PASSED] - utilities.SafeActions.safeType(findTestObject("Pages/FirstPayVault/input_CreditCardNumber"), visaCardNumber, "Entering Card Number", [PageLoadTime]): utilities.SafeActions.safeType is PASSED&#xD;
&#xD;
2019-11-01 02:20:29 - [MESSAGE][PASSED] - Object 'Object Repository/Pages/FirstPayVault/input_CreditCardNumber' is present&#xD;
&#xD;
2019-11-01 02:20:29 - [MESSAGE][PASSED] - Scroll to object 'Object Repository/Pages/FirstPayVault/input_CreditCardNumber' successfully&#xD;
&#xD;
2019-11-01 02:20:29 - [MESSAGE][PASSED] - Object 'Object Repository/Pages/FirstPayVault/input_CreditCardNumber' is present&#xD;
&#xD;
2019-11-01 02:20:30 - [MESSAGE][PASSED] - Object: 'Object Repository/Pages/FirstPayVault/input_CreditCardNumber' is clicked on&#xD;
&#xD;
2019-11-01 02:20:30 - [MESSAGE][PASSED] - Text '4111111111111111' is set on object 'Object Repository/Pages/FirstPayVault/input_CreditCardNumber'&#xD;
&#xD;
2019-11-01 02:20:30 - [MESSAGE][PASSED] - utilities.SafeActions.safeType is PASSED&#xD;
&#xD;
2019-11-01 02:20:30 - [TEST_STEP][PASSED] - utilities.SafeActions.safeSelectOptionInDropDownByVisibleText(findTestObject("Pages/FirstPayVault/dropDown_ExpirationMonth"), cardMonth, "Expiration Month", [PageLoadTime]): utilities.SafeActions.safeSelectOptionInDropDownByVisibleText is PASSED&#xD;
&#xD;
2019-11-01 02:20:30 - [MESSAGE][PASSED] - Object 'Object Repository/Pages/FirstPayVault/dropDown_ExpirationMonth' is visible&#xD;
&#xD;
2019-11-01 02:20:30 - [MESSAGE][PASSED] - Object 'Object Repository/Pages/FirstPayVault/dropDown_ExpirationMonth' is present&#xD;
&#xD;
2019-11-01 02:20:31 - [MESSAGE][PASSED] - Object: 'Object Repository/Pages/FirstPayVault/dropDown_ExpirationMonth' is clicked on&#xD;
&#xD;
2019-11-01 02:20:32 - [MESSAGE][PASSED] - All options with label 'September' are selected in object 'Object Repository/Pages/FirstPayVault/dropDown_ExpirationMonth' &#xD;
&#xD;
2019-11-01 02:20:32 - [MESSAGE][PASSED] - utilities.SafeActions.safeSelectOptionInDropDownByVisibleText is PASSED&#xD;
&#xD;
2019-11-01 02:20:32 - [TEST_STEP][PASSED] - utilities.SafeActions.safeSelectOptionInDropDownByVisibleText(findTestObject("Pages/FirstPayVault/dropDown_ExpirationYear"), cardYear, "year", [PageLoadTime]): utilities.SafeActions.safeSelectOptionInDropDownByVisibleText is PASSED&#xD;
&#xD;
2019-11-01 02:20:32 - [MESSAGE][PASSED] - Object 'Object Repository/Pages/FirstPayVault/dropDown_ExpirationYear' is visible&#xD;
&#xD;
2019-11-01 02:20:32 - [MESSAGE][PASSED] - Object 'Object Repository/Pages/FirstPayVault/dropDown_ExpirationYear' is present&#xD;
&#xD;
2019-11-01 02:20:33 - [MESSAGE][PASSED] - Object: 'Object Repository/Pages/FirstPayVault/dropDown_ExpirationYear' is clicked on&#xD;
&#xD;
2019-11-01 02:20:33 - [MESSAGE][PASSED] - All options with label '2023' are selected in object 'Object Repository/Pages/FirstPayVault/dropDown_ExpirationYear' &#xD;
&#xD;
2019-11-01 02:20:33 - [MESSAGE][PASSED] - utilities.SafeActions.safeSelectOptionInDropDownByVisibleText is PASSED&#xD;
&#xD;
2019-11-01 02:20:33 - [TEST_STEP][PASSED] - utilities.SafeActions.safeType(findTestObject("Pages/FirstPayVault/input_ContactName"), contactName, "Enter Contact Name", [PageLoadTime]): utilities.SafeActions.safeType is PASSED&#xD;
&#xD;
2019-11-01 02:20:33 - [MESSAGE][PASSED] - Object 'Object Repository/Pages/FirstPayVault/input_ContactName' is present&#xD;
&#xD;
2019-11-01 02:20:33 - [MESSAGE][PASSED] - Scroll to object 'Object Repository/Pages/FirstPayVault/input_ContactName' successfully&#xD;
&#xD;
2019-11-01 02:20:33 - [MESSAGE][PASSED] - Object 'Object Repository/Pages/FirstPayVault/input_ContactName' is present&#xD;
&#xD;
2019-11-01 02:20:34 - [MESSAGE][PASSED] - Object: 'Object Repository/Pages/FirstPayVault/input_ContactName' is clicked on&#xD;
&#xD;
2019-11-01 02:20:34 - [MESSAGE][PASSED] - Text 'Venkata Sai' is set on object 'Object Repository/Pages/FirstPayVault/input_ContactName'&#xD;
&#xD;
2019-11-01 02:20:34 - [MESSAGE][PASSED] - utilities.SafeActions.safeType is PASSED&#xD;
&#xD;
2019-11-01 02:20:34 - [TEST_STEP][PASSED] - utilities.SafeActions.safeType(findTestObject("Pages/FirstPayVault/input_PostalCode"), postalCode, "Enter Postal Code", [PageLoadTime]): utilities.SafeActions.safeType is PASSED&#xD;
&#xD;
2019-11-01 02:20:34 - [MESSAGE][PASSED] - Object 'Object Repository/Pages/FirstPayVault/input_PostalCode' is present&#xD;
&#xD;
2019-11-01 02:20:34 - [MESSAGE][PASSED] - Scroll to object 'Object Repository/Pages/FirstPayVault/input_PostalCode' successfully&#xD;
&#xD;
2019-11-01 02:20:34 - [MESSAGE][PASSED] - Object 'Object Repository/Pages/FirstPayVault/input_PostalCode' is present&#xD;
&#xD;
2019-11-01 02:20:35 - [MESSAGE][PASSED] - Object: 'Object Repository/Pages/FirstPayVault/input_PostalCode' is clicked on&#xD;
&#xD;
2019-11-01 02:20:35 - [MESSAGE][PASSED] - Text '76102' is set on object 'Object Repository/Pages/FirstPayVault/input_PostalCode'&#xD;
&#xD;
2019-11-01 02:20:35 - [MESSAGE][PASSED] - utilities.SafeActions.safeType is PASSED&#xD;
&#xD;
2019-11-01 02:20:35 - [TEST_STEP][PASSED] - utilities.SafeActions.safeType(findTestObject("Pages/FirstPayVault/input_Address"), address, "Enter ddress", [PageLoadTime]): utilities.SafeActions.safeType is PASSED&#xD;
&#xD;
2019-11-01 02:20:36 - [MESSAGE][PASSED] - Object 'Object Repository/Pages/FirstPayVault/input_Address' is present&#xD;
&#xD;
2019-11-01 02:20:36 - [MESSAGE][PASSED] - Scroll to object 'Object Repository/Pages/FirstPayVault/input_Address' successfully&#xD;
&#xD;
2019-11-01 02:20:36 - [MESSAGE][PASSED] - Object 'Object Repository/Pages/FirstPayVault/input_Address' is present&#xD;
&#xD;
2019-11-01 02:20:37 - [MESSAGE][PASSED] - Object: 'Object Repository/Pages/FirstPayVault/input_Address' is clicked on&#xD;
&#xD;
2019-11-01 02:20:37 - [MESSAGE][PASSED] - Text 'Street123' is set on object 'Object Repository/Pages/FirstPayVault/input_Address'&#xD;
&#xD;
2019-11-01 02:20:37 - [MESSAGE][PASSED] - utilities.SafeActions.safeType is PASSED&#xD;
&#xD;
2019-11-01 02:20:37 - [TEST_STEP][PASSED] - utilities.SafeActions.safeCheckForElement(findTestObject("Pages/FirstPayVault/chekBox_AddShippingInformation"), PageLoadTime): utilities.SafeActions.safeCheckForElement is PASSED&#xD;
&#xD;
2019-11-01 02:20:37 - [MESSAGE][PASSED] - Object 'Object Repository/Pages/FirstPayVault/chekBox_AddShippingInformation' is present&#xD;
&#xD;
2019-11-01 02:20:37 - [MESSAGE][PASSED] - Object 'Object Repository/Pages/FirstPayVault/chekBox_AddShippingInformation' is visible&#xD;
&#xD;
2019-11-01 02:20:37 - [MESSAGE][PASSED] - Object 'Object Repository/Pages/FirstPayVault/chekBox_AddShippingInformation' is present&#xD;
&#xD;
2019-11-01 02:20:38 - [MESSAGE][PASSED] - Object 'Object Repository/Pages/FirstPayVault/chekBox_AddShippingInformation' is checked&#xD;
&#xD;
2019-11-01 02:20:38 - [MESSAGE][PASSED] - utilities.SafeActions.safeCheckForElement is PASSED&#xD;
&#xD;
2019-11-01 02:20:38 - [TEST_STEP][PASSED] - utilities.SafeActions.safeType(findTestObject("Pages/FirstPayVault/input_ShippingMethod"), shippingMethod, "Enter Shipping Method", [PageLoadTime]): utilities.SafeActions.safeType is PASSED&#xD;
&#xD;
2019-11-01 02:20:38 - [MESSAGE][PASSED] - Object 'Object Repository/Pages/FirstPayVault/input_ShippingMethod' is present&#xD;
&#xD;
2019-11-01 02:20:38 - [MESSAGE][PASSED] - Scroll to object 'Object Repository/Pages/FirstPayVault/input_ShippingMethod' successfully&#xD;
&#xD;
2019-11-01 02:20:38 - [MESSAGE][PASSED] - Object 'Object Repository/Pages/FirstPayVault/input_ShippingMethod' is present&#xD;
&#xD;
2019-11-01 02:20:39 - [MESSAGE][PASSED] - Object: 'Object Repository/Pages/FirstPayVault/input_ShippingMethod' is clicked on&#xD;
&#xD;
2019-11-01 02:20:39 - [MESSAGE][PASSED] - Text 'DTDC' is set on object 'Object Repository/Pages/FirstPayVault/input_ShippingMethod'&#xD;
&#xD;
2019-11-01 02:20:39 - [MESSAGE][PASSED] - utilities.SafeActions.safeType is PASSED&#xD;
&#xD;
2019-11-01 02:20:39 - [TEST_STEP][PASSED] - utilities.SafeActions.safeCheckForElement(findTestObject("Pages/FirstPayVault/checkbox_SameAsBillingInformation"), PageLoadTime): utilities.SafeActions.safeCheckForElement is PASSED&#xD;
&#xD;
2019-11-01 02:20:39 - [MESSAGE][PASSED] - Object 'Object Repository/Pages/FirstPayVault/checkbox_SameAsBillingInformation' is present&#xD;
&#xD;
2019-11-01 02:20:39 - [MESSAGE][PASSED] - Object 'Object Repository/Pages/FirstPayVault/checkbox_SameAsBillingInformation' is visible&#xD;
&#xD;
2019-11-01 02:20:39 - [MESSAGE][PASSED] - Object 'Object Repository/Pages/FirstPayVault/checkbox_SameAsBillingInformation' is present&#xD;
&#xD;
2019-11-01 02:20:41 - [MESSAGE][PASSED] - Object 'Object Repository/Pages/FirstPayVault/checkbox_SameAsBillingInformation' is checked&#xD;
&#xD;
2019-11-01 02:20:41 - [MESSAGE][PASSED] - utilities.SafeActions.safeCheckForElement is PASSED&#xD;
&#xD;
2019-11-01 02:20:41 - [TEST_STEP][PASSED] - utilities.SafeActions.safeClickwithScroll(findTestObject("Pages/FirstPayVault/button_Create"), "Click on Create Button", [PageLoadTime]): utilities.SafeActions.safeClickwithScroll is PASSED&#xD;
&#xD;
2019-11-01 02:20:41 - [MESSAGE][PASSED] - Object 'Object Repository/Pages/FirstPayVault/button_Create' is present&#xD;
&#xD;
2019-11-01 02:20:41 - [MESSAGE][PASSED] - Object 'Object Repository/Pages/FirstPayVault/button_Create' is visible&#xD;
&#xD;
2019-11-01 02:20:41 - [MESSAGE][INFO] - 1stPayVault.ts:waiting until Click on Create Button is Clickable&#xD;
&#xD;
2019-11-01 02:20:41 - [MESSAGE][PASSED] - Object 'Object Repository/Pages/FirstPayVault/button_Create' is clickable&#xD;
&#xD;
2019-11-01 02:20:41 - [MESSAGE][PASSED] - Object 'Object Repository/Pages/FirstPayVault/button_Create' is visible&#xD;
&#xD;
2019-11-01 02:20:42 - [MESSAGE][PASSED] - Object: 'Object Repository/Pages/FirstPayVault/button_Create' is clicked on&#xD;
&#xD;
2019-11-01 02:20:42 - [MESSAGE][INFO] - 1stPayVault.ts: Clicked on the Click on Create Button&#xD;
&#xD;
2019-11-01 02:20:42 - [MESSAGE][PASSED] - utilities.SafeActions.safeClickwithScroll is PASSED&#xD;
&#xD;
2019-11-01 02:20:42 - [TEST_STEP][PASSED] - delay(2): Delayed 2 second(s)&#xD;
&#xD;
2019-11-01 02:20:44 - [MESSAGE][PASSED] - Delayed 2 second(s)&#xD;
&#xD;
2019-11-01 02:20:44 - [TEST_STEP][PASSED] - popupSavedToVaultMessage = utilities.SafeActions.safeGetText(findTestObject("Pages/FirstPayVault/popup_SavedToVaultMessage"), PageLoadTime): utilities.SafeActions.safeGetText is PASSED&#xD;
&#xD;
2019-11-01 02:20:44 - [MESSAGE][PASSED] - Object 'Object Repository/Pages/FirstPayVault/popup_SavedToVaultMessage' is present&#xD;
&#xD;
2019-11-01 02:20:44 - [MESSAGE][PASSED] - Scroll to object 'Object Repository/Pages/FirstPayVault/popup_SavedToVaultMessage' successfully&#xD;
&#xD;
2019-11-01 02:20:44 - [MESSAGE][PASSED] - Object 'Object Repository/Pages/FirstPayVault/popup_SavedToVaultMessage' is present&#xD;
&#xD;
2019-11-01 02:20:45 - [MESSAGE][PASSED] - Text of object 'Object Repository/Pages/FirstPayVault/popup_SavedToVaultMessage' is: 'Successfully Saved to Vault'&#xD;
&#xD;
2019-11-01 02:20:45 - [MESSAGE][PASSED] - utilities.SafeActions.safeGetText is PASSED&#xD;
&#xD;
2019-11-01 02:20:45 - [TEST_STEP][PASSED] - flag = utilities.SafeActions.verifyPopupMessage("Successfully Saved to Vault", popupSavedToVaultMessage): Popup Message : Successfully Saved to Vault matched with expected message : Successfully Saved to Vault&#xD;
&#xD;
2019-11-01 02:20:45 - [MESSAGE][PASSED] - Popup Message : Successfully Saved to Vault matched with expected message : Successfully Saved to Vault&#xD;
&#xD;
2019-11-01 02:20:45 - [TEST_STEP][PASSED] - utilities.SafeActions.safeClickWithoutScroll(findTestObject("Pages/FirstPayVault/button_RunASale_InPopup"), "Click on Run A Sale in Popup", [delayBetweenTestSteps]): utilities.SafeActions.safeClickWithoutScroll is PASSED&#xD;
&#xD;
2019-11-01 02:20:45 - [MESSAGE][INFO] - Safe Click Without scroll&#xD;
&#xD;
2019-11-01 02:20:45 - [MESSAGE][INFO] - 1stPayVault.ts:waiting until Click on Run A Sale in Popup is Clickable&#xD;
&#xD;
2019-11-01 02:20:45 - [MESSAGE][PASSED] - Object 'Object Repository/Pages/FirstPayVault/button_RunASale_InPopup' is clickable&#xD;
&#xD;
2019-11-01 02:20:45 - [MESSAGE][PASSED] - Object 'Object Repository/Pages/FirstPayVault/button_RunASale_InPopup' is visible&#xD;
&#xD;
2019-11-01 02:20:46 - [MESSAGE][PASSED] - Object: 'Object Repository/Pages/FirstPayVault/button_RunASale_InPopup' is clicked on&#xD;
&#xD;
2019-11-01 02:20:46 - [MESSAGE][INFO] - 1stPayVault.ts: click on the Click on Run A Sale in Popup&#xD;
&#xD;
2019-11-01 02:20:46 - [MESSAGE][PASSED] - utilities.SafeActions.safeClickWithoutScroll is PASSED&#xD;
&#xD;
2019-11-01 02:20:46 - [TEST_STEP][PASSED] - value = utilities.SafeActions.getAttributeValue(findTestObject("Pages/Sale/tab_Sale_Active"), "Sale"): The screen is Sale screen&#xD;
&#xD;
2019-11-01 02:20:47 - [MESSAGE][PASSED] - Attribute 'class' of object 'Object Repository/Pages/Sale/tab_Sale_Active' is: 'active_tab tabs__link'&#xD;
&#xD;
2019-11-01 02:20:47 - [MESSAGE][PASSED] - The screen is Sale screen&#xD;
&#xD;
2019-11-01 02:20:47 - [TEST_STEP][PASSED] - closeBrowser(): Browser is closed&#xD;
&#xD;
2019-11-01 02:20:55 - [MESSAGE][PASSED] - Browser is closed&#xD;
&#xD;
2019-11-01 02:20:55 - [TEST_STEP][PASSED] - Start listener action : sampleAfterTestCase: null&#xD;
&#xD;
2019-11-01 02:20:55 - [TEST_STEP][PASSED] - println(testCaseContext.getTestCaseId()): null&#xD;
&#xD;
2019-11-01 02:20:55 - [TEST_STEP][PASSED] - println(testCaseContext.getTestCaseStatus()): null&#xD;
&#xD;
2019-11-01 02:20:55 - [TEST_STEP][PASSED] - testCaseName = testCaseContext.getTestCaseId(): null&#xD;
&#xD;
2019-11-01 02:20:55 - [TEST_STEP][PASSED] - strCount = testCaseName.lastIndexOf("/"): null&#xD;
&#xD;
2019-11-01 02:20:55 - [TEST_STEP][PASSED] - testCaseName = testCaseName.substring(strCount): null&#xD;
&#xD;
2019-11-01 02:20:55 - [TEST_STEP][PASSED] - println(testCaseName): null&#xD;
&#xD;
2019-11-01 02:20:55 - [TEST_STEP][PASSED] - if (getTestCaseStatus().equalsIgnoreCase("Error")): null&#xD;
&#xD;
2019-11-01 02:20:55 - [TEST_STEP][PASSED] - Start listener action : sampleAfterTestCase: null</system-out>
            <system-err></system-err>
        </testcase>
        <testcase name="Test Cases/FirstView/FirstPayVault/TC_1st_Pay_Vault_003" classname="Test Cases/FirstView/FirstPayVault/TC_1st_Pay_Vault_003" status="PASSED">
            <system-out>2019-11-01 02:20:55 - [TEST_CASE][PASSED] - Test Cases/FirstView/FirstPayVault/TC_1st_Pay_Vault_003: Test Cases/FirstView/FirstPayVault/TC_1st_Pay_Vault_003&#xD;
&#xD;
2019-11-01 02:20:55 - [TEST_STEP][PASSED] - Start listener action : sampleBeforeTestCase: null&#xD;
&#xD;
2019-11-01 02:20:55 - [TEST_STEP][PASSED] - println(testCaseContext.getTestCaseId()): null&#xD;
&#xD;
2019-11-01 02:20:55 - [TEST_STEP][PASSED] - println(testCaseContext.getTestCaseVariables()): null&#xD;
&#xD;
2019-11-01 02:20:57 - [TEST_STEP][NOT_RUN] - utilities.SafeActions.openBrowser(Old_URL, [PageLoadTime]): NOT_RUN: utilities.SafeActions.openBrowser(Old_URL, [PageLoadTime])&#xD;
&#xD;
2019-11-01 02:20:57 - [MESSAGE][NOT_RUN] - NOT_RUN: utilities.SafeActions.openBrowser(Old_URL, [PageLoadTime])&#xD;
&#xD;
2019-11-01 02:20:57 - [TEST_STEP][NOT_RUN] - delay(6): NOT_RUN: delay(6)&#xD;
&#xD;
2019-11-01 02:20:57 - [MESSAGE][NOT_RUN] - NOT_RUN: delay(6)&#xD;
&#xD;
2019-11-01 02:20:57 - [TEST_STEP][NOT_RUN] - utilities.SafeActions.safeSelectOptionInDropDownByVisibleText(findTestObject("Pages/Sale/dropDown_AccountType"), "ranjanatest2 - 888814981372/001 Account Type: Retail", "Select by Value", [25]): NOT_RUN: utilities.SafeActions.safeSelectOptionInDropDownByVisibleText(findTestObject("Pages/Sale/dropDown_AccountType"), "ranjanatest2 - 888814981372/001 Account Type: Retail", "Select by Value", [25])&#xD;
&#xD;
2019-11-01 02:20:57 - [MESSAGE][NOT_RUN] - NOT_RUN: utilities.SafeActions.safeSelectOptionInDropDownByVisibleText(findTestObject("Pages/Sale/dropDown_AccountType"), "ranjanatest2 - 888814981372/001 Account Type: Retail", "Select by Value", [25])&#xD;
&#xD;
2019-11-01 02:20:57 - [TEST_STEP][PASSED] - utilities.SafeActions.openBrowser(URL, [PageLoadTime]): utilities.SafeActions.openBrowser is PASSED&#xD;
&#xD;
2019-11-01 02:20:57 - [MESSAGE][INFO] - Opening Browser&#xD;
&#xD;
2019-11-01 02:20:57 - [MESSAGE][INFO] - Starting 'Firefox' driver&#xD;
&#xD;
2019-11-01 02:21:24 - [MESSAGE][PASSED] - Browser is opened with url: 'https://q-www-firstview-net.faps.net/MVC/Account/Login'&#xD;
&#xD;
2019-11-01 02:21:24 - [MESSAGE][PASSED] - Current window maximized&#xD;
&#xD;
2019-11-01 02:21:24 - [MESSAGE][INFO] - Browser Launched Successfully&#xD;
&#xD;
2019-11-01 02:21:24 - [MESSAGE][PASSED] - utilities.SafeActions.openBrowser is PASSED&#xD;
&#xD;
2019-11-01 02:21:24 - [TEST_STEP][PASSED] - pages.Login.login(uName, password): pages.Login.login is PASSED&#xD;
&#xD;
2019-11-01 02:21:24 - [MESSAGE][PASSED] - Object 'Object Repository/Pages/Login/userName' is present&#xD;
&#xD;
2019-11-01 02:21:25 - [MESSAGE][PASSED] - Scroll to object 'Object Repository/Pages/Login/userName' successfully&#xD;
&#xD;
2019-11-01 02:21:25 - [MESSAGE][PASSED] - Object 'Object Repository/Pages/Login/userName' is present&#xD;
&#xD;
2019-11-01 02:21:25 - [MESSAGE][PASSED] - Object: 'Object Repository/Pages/Login/userName' is clicked on&#xD;
&#xD;
2019-11-01 02:21:26 - [MESSAGE][PASSED] - Text 'ZenQRetail' is set on object 'Object Repository/Pages/Login/userName'&#xD;
&#xD;
2019-11-01 02:21:26 - [MESSAGE][PASSED] - Object 'Object Repository/Pages/Login/password' is present&#xD;
&#xD;
2019-11-01 02:21:26 - [MESSAGE][PASSED] - Scroll to object 'Object Repository/Pages/Login/password' successfully&#xD;
&#xD;
2019-11-01 02:21:26 - [MESSAGE][PASSED] - Object 'Object Repository/Pages/Login/password' is present&#xD;
&#xD;
2019-11-01 02:21:27 - [MESSAGE][PASSED] - Object: 'Object Repository/Pages/Login/password' is clicked on&#xD;
&#xD;
2019-11-01 02:21:27 - [MESSAGE][PASSED] - Text 'P@ssword1' is set on object 'Object Repository/Pages/Login/password'&#xD;
&#xD;
2019-11-01 02:21:27 - [MESSAGE][INFO] - Safe Click Without scroll&#xD;
&#xD;
2019-11-01 02:21:27 - [MESSAGE][INFO] - 1stPayVault.ts:waiting until Click on Login is Clickable&#xD;
&#xD;
2019-11-01 02:21:27 - [MESSAGE][PASSED] - Object 'Object Repository/Pages/Login/login' is clickable&#xD;
&#xD;
2019-11-01 02:21:27 - [MESSAGE][PASSED] - Object 'Object Repository/Pages/Login/login' is visible&#xD;
&#xD;
2019-11-01 02:21:30 - [MESSAGE][PASSED] - Object: 'Object Repository/Pages/Login/login' is clicked on&#xD;
&#xD;
2019-11-01 02:21:30 - [MESSAGE][INFO] - 1stPayVault.ts: click on the Click on Login&#xD;
&#xD;
2019-11-01 02:21:30 - [MESSAGE][PASSED] - pages.Login.login is PASSED&#xD;
&#xD;
2019-11-01 02:21:30 - [TEST_STEP][PASSED] - callTestCase(findTestCase("FirstView/Login/TC_SendCode"), [:], STOP_ON_FAILURE): Call Test Case 'Test Cases/FirstView/Login/TC_SendCode' successfully&#xD;
&#xD;
2019-11-01 02:21:30 - [TEST_CASE][PASSED] - Test Cases/FirstView/Login/TC_SendCode: Test Cases/FirstView/Login/TC_SendCode&#xD;
&#xD;
2019-11-01 02:21:30 - [TEST_STEP][PASSED] - flag = pages.SendCode.verifyPage(): pages.SendCode.verifyPage is PASSED&#xD;
&#xD;
2019-11-01 02:21:31 - [MESSAGE][PASSED] - Object 'Object Repository/Pages/SendCodeToValidate/header_SendCodeToValidate' is present and visible in viewport&#xD;
&#xD;
2019-11-01 02:21:31 - [MESSAGE][PASSED] - pages.SendCode.verifyPage is PASSED&#xD;
&#xD;
2019-11-01 02:21:31 - [TEST_STEP][PASSED] - if (flag): pages.SendCode.clickonUserSettings is PASSED&#xD;
&#xD;
2019-11-01 02:21:31 - [TEST_STEP][PASSED] - pages.SendCode.clickonUserSettings(): pages.SendCode.clickonUserSettings is PASSED&#xD;
&#xD;
2019-11-01 02:21:31 - [MESSAGE][PASSED] - Object 'Object Repository/Pages/SendCodeToValidate/link_UserSettings' is present&#xD;
&#xD;
2019-11-01 02:21:31 - [MESSAGE][PASSED] - Object 'Object Repository/Pages/SendCodeToValidate/link_UserSettings' is visible&#xD;
&#xD;
2019-11-01 02:21:31 - [MESSAGE][INFO] - 1stPayVault.ts:waiting until Click on User Settings is Clickable&#xD;
&#xD;
2019-11-01 02:21:31 - [MESSAGE][PASSED] - Object 'Object Repository/Pages/SendCodeToValidate/link_UserSettings' is clickable&#xD;
&#xD;
2019-11-01 02:21:31 - [MESSAGE][PASSED] - Object 'Object Repository/Pages/SendCodeToValidate/link_UserSettings' is visible&#xD;
&#xD;
2019-11-01 02:21:35 - [MESSAGE][PASSED] - Object: 'Object Repository/Pages/SendCodeToValidate/link_UserSettings' is clicked on&#xD;
&#xD;
2019-11-01 02:21:35 - [MESSAGE][INFO] - 1stPayVault.ts: Clicked on the Click on User Settings&#xD;
&#xD;
2019-11-01 02:21:35 - [MESSAGE][PASSED] - pages.SendCode.clickonUserSettings is PASSED&#xD;
&#xD;
2019-11-01 02:21:35 - [MESSAGE][PASSED] - Call Test Case 'Test Cases/FirstView/Login/TC_SendCode' successfully&#xD;
&#xD;
2019-11-01 02:21:35 - [TEST_STEP][PASSED] - callTestCase(findTestCase("FirstView/Login/TC_FirstView"), [:], STOP_ON_FAILURE): Call Test Case 'Test Cases/FirstView/Login/TC_FirstView' successfully&#xD;
&#xD;
2019-11-01 02:21:35 - [TEST_CASE][PASSED] - Test Cases/FirstView/Login/TC_FirstView: Test Cases/FirstView/Login/TC_FirstView&#xD;
&#xD;
2019-11-01 02:21:35 - [TEST_STEP][NOT_RUN] - utilities.SafeActions.safeClickWithoutScroll(findTestObject("Pages/FirstView/link_Home"), "Click on Home button in First View screen", [PageLoadTime]): NOT_RUN: utilities.SafeActions.safeClickWithoutScroll(findTestObject("Pages/FirstView/link_Home"), "Click on Home button in First View screen", [PageLoadTime])&#xD;
&#xD;
2019-11-01 02:21:35 - [MESSAGE][NOT_RUN] - NOT_RUN: utilities.SafeActions.safeClickWithoutScroll(findTestObject("Pages/FirstView/link_Home"), "Click on Home button in First View screen", [PageLoadTime])&#xD;
&#xD;
2019-11-01 02:21:35 - [TEST_STEP][PASSED] - delay(3): Delayed 3 second(s)&#xD;
&#xD;
2019-11-01 02:21:38 - [MESSAGE][PASSED] - Delayed 3 second(s)&#xD;
&#xD;
2019-11-01 02:21:38 - [TEST_STEP][PASSED] - utilities.SafeActions.javascriptclick(findTestObject("Pages/FirstView/link_Home"), delayForElement): utilities.SafeActions.javascriptclick is PASSED&#xD;
&#xD;
2019-11-01 02:21:38 - [MESSAGE][PASSED] - utilities.SafeActions.javascriptclick is PASSED&#xD;
&#xD;
2019-11-01 02:21:38 - [TEST_STEP][PASSED] - utilities.SafeActions.safeClickWithoutScroll(findTestObject("Pages/FirstView/link_VPOS"), "Click on VPOS button in First View screen", [PageLoadTime]): utilities.SafeActions.safeClickWithoutScroll is PASSED&#xD;
&#xD;
2019-11-01 02:21:38 - [MESSAGE][INFO] - Safe Click Without scroll&#xD;
&#xD;
2019-11-01 02:21:38 - [MESSAGE][INFO] - 1stPayVault.ts:waiting until Click on VPOS button in First View screen is Clickable&#xD;
&#xD;
2019-11-01 02:21:41 - [MESSAGE][PASSED] - Object 'Object Repository/Pages/FirstView/link_VPOS' is clickable&#xD;
&#xD;
2019-11-01 02:21:41 - [MESSAGE][PASSED] - Object 'Object Repository/Pages/FirstView/link_VPOS' is visible&#xD;
&#xD;
2019-11-01 02:21:42 - [MESSAGE][PASSED] - Object: 'Object Repository/Pages/FirstView/link_VPOS' is clicked on&#xD;
&#xD;
2019-11-01 02:21:42 - [MESSAGE][INFO] - 1stPayVault.ts: click on the Click on VPOS button in First View screen&#xD;
&#xD;
2019-11-01 02:21:42 - [MESSAGE][PASSED] - utilities.SafeActions.safeClickWithoutScroll is PASSED&#xD;
&#xD;
2019-11-01 02:21:42 - [MESSAGE][PASSED] - Call Test Case 'Test Cases/FirstView/Login/TC_FirstView' successfully&#xD;
&#xD;
2019-11-01 02:21:42 - [TEST_STEP][PASSED] - switchToWindowTitle("Transcenter - VPOS"): Switched to window with title: 'Transcenter - VPOS'&#xD;
&#xD;
2019-11-01 02:21:47 - [MESSAGE][PASSED] - Switched to window with title: 'Transcenter - VPOS'&#xD;
&#xD;
2019-11-01 02:21:47 - [TEST_STEP][PASSED] - focus(findTestObject("Pages/FirstPayVault/tab_FirstPayVault")): Object: 'Object Repository/Pages/FirstPayVault/tab_FirstPayVault' is focused&#xD;
&#xD;
2019-11-01 02:21:51 - [MESSAGE][PASSED] - Object: 'Object Repository/Pages/FirstPayVault/tab_FirstPayVault' is focused&#xD;
&#xD;
2019-11-01 02:21:51 - [TEST_STEP][PASSED] - utilities.SafeActions.javascriptclick(findTestObject("Pages/FirstPayVault/tab_FirstPayVault"), PageLoadTime): utilities.SafeActions.javascriptclick is PASSED&#xD;
&#xD;
2019-11-01 02:21:51 - [MESSAGE][PASSED] - utilities.SafeActions.javascriptclick is PASSED&#xD;
&#xD;
2019-11-01 02:21:51 - [TEST_STEP][PASSED] - delay(delayForElement): Delayed 6 second(s)&#xD;
&#xD;
2019-11-01 02:21:57 - [MESSAGE][PASSED] - Delayed 6 second(s)&#xD;
&#xD;
2019-11-01 02:21:57 - [TEST_STEP][PASSED] - utilities.SafeActions.safeClickWithoutScroll(findTestObject("Pages/FirstPayVault/tab_FirstPayVault"), "Click on FistPayVault tab", [delayForElement]): utilities.SafeActions.safeClickWithoutScroll is PASSED&#xD;
&#xD;
2019-11-01 02:22:02 - [MESSAGE][INFO] - Safe Click Without scroll&#xD;
&#xD;
2019-11-01 02:22:02 - [MESSAGE][INFO] - 1stPayVault.ts:waiting until Click on FistPayVault tab is Clickable&#xD;
&#xD;
2019-11-01 02:22:02 - [MESSAGE][PASSED] - Object 'Object Repository/Pages/FirstPayVault/tab_FirstPayVault' is clickable&#xD;
&#xD;
2019-11-01 02:22:02 - [MESSAGE][PASSED] - Object 'Object Repository/Pages/FirstPayVault/tab_FirstPayVault' is visible&#xD;
&#xD;
2019-11-01 02:22:03 - [MESSAGE][PASSED] - Object: 'Object Repository/Pages/FirstPayVault/tab_FirstPayVault' is clicked on&#xD;
&#xD;
2019-11-01 02:22:03 - [MESSAGE][INFO] - 1stPayVault.ts: click on the Click on FistPayVault tab&#xD;
&#xD;
2019-11-01 02:22:03 - [MESSAGE][PASSED] - utilities.SafeActions.safeClickWithoutScroll is PASSED&#xD;
&#xD;
2019-11-01 02:22:03 - [TEST_STEP][PASSED] - utilities.SafeActions.safeClickWithoutScroll(findTestObject("Pages/FirstPayVault/button_CreateVault"), "Click on CreateVault button", [PageLoadTime]): utilities.SafeActions.safeClickWithoutScroll is PASSED&#xD;
&#xD;
2019-11-01 02:22:03 - [MESSAGE][INFO] - Safe Click Without scroll&#xD;
&#xD;
2019-11-01 02:22:03 - [MESSAGE][INFO] - 1stPayVault.ts:waiting until Click on CreateVault button is Clickable&#xD;
&#xD;
2019-11-01 02:22:03 - [MESSAGE][PASSED] - Object 'Object Repository/Pages/FirstPayVault/button_CreateVault' is clickable&#xD;
&#xD;
2019-11-01 02:22:03 - [MESSAGE][PASSED] - Object 'Object Repository/Pages/FirstPayVault/button_CreateVault' is visible&#xD;
&#xD;
2019-11-01 02:22:05 - [MESSAGE][PASSED] - Object: 'Object Repository/Pages/FirstPayVault/button_CreateVault' is clicked on&#xD;
&#xD;
2019-11-01 02:22:05 - [MESSAGE][INFO] - 1stPayVault.ts: click on the Click on CreateVault button&#xD;
&#xD;
2019-11-01 02:22:05 - [MESSAGE][PASSED] - utilities.SafeActions.safeClickWithoutScroll is PASSED&#xD;
&#xD;
2019-11-01 02:22:05 - [TEST_STEP][PASSED] - scrollToElement(findTestObject("Pages/FirstPayVault/input_VaultReferenceNumber"), PageLoadTime): Scroll to object 'Object Repository/Pages/FirstPayVault/input_VaultReferenceNumber' successfully&#xD;
&#xD;
2019-11-01 02:22:05 - [MESSAGE][PASSED] - Scroll to object 'Object Repository/Pages/FirstPayVault/input_VaultReferenceNumber' successfully&#xD;
&#xD;
2019-11-01 02:22:05 - [TEST_STEP][PASSED] - vaultReference = utilities.SafeActions.timeWithMilliSeconds(): utilities.SafeActions.timeWithMilliSeconds is PASSED&#xD;
&#xD;
2019-11-01 02:22:05 - [MESSAGE][PASSED] - utilities.SafeActions.timeWithMilliSeconds is PASSED&#xD;
&#xD;
2019-11-01 02:22:05 - [TEST_STEP][PASSED] - utilities.SafeActions.safeType(findTestObject("Pages/FirstPayVault/input_VaultReferenceNumber"), vaultReference, "Entering Vault Reference Number", [PageLoadTime]): utilities.SafeActions.safeType is PASSED&#xD;
&#xD;
2019-11-01 02:22:05 - [MESSAGE][PASSED] - Object 'Object Repository/Pages/FirstPayVault/input_VaultReferenceNumber' is present&#xD;
&#xD;
2019-11-01 02:22:05 - [MESSAGE][PASSED] - Scroll to object 'Object Repository/Pages/FirstPayVault/input_VaultReferenceNumber' successfully&#xD;
&#xD;
2019-11-01 02:22:05 - [MESSAGE][PASSED] - Object 'Object Repository/Pages/FirstPayVault/input_VaultReferenceNumber' is present&#xD;
&#xD;
2019-11-01 02:22:06 - [MESSAGE][PASSED] - Object: 'Object Repository/Pages/FirstPayVault/input_VaultReferenceNumber' is clicked on&#xD;
&#xD;
2019-11-01 02:22:07 - [MESSAGE][PASSED] - Text '2019-11-01 02:22:05.483' is set on object 'Object Repository/Pages/FirstPayVault/input_VaultReferenceNumber'&#xD;
&#xD;
2019-11-01 02:22:07 - [MESSAGE][PASSED] - utilities.SafeActions.safeType is PASSED&#xD;
&#xD;
2019-11-01 02:22:07 - [TEST_STEP][PASSED] - utilities.SafeActions.safeType(findTestObject("Pages/FirstPayVault/input_CreditCardNumber"), visaCardNumber, "Entering Card Number", [PageLoadTime]): utilities.SafeActions.safeType is PASSED&#xD;
&#xD;
2019-11-01 02:22:07 - [MESSAGE][PASSED] - Object 'Object Repository/Pages/FirstPayVault/input_CreditCardNumber' is present&#xD;
&#xD;
2019-11-01 02:22:07 - [MESSAGE][PASSED] - Scroll to object 'Object Repository/Pages/FirstPayVault/input_CreditCardNumber' successfully&#xD;
&#xD;
2019-11-01 02:22:07 - [MESSAGE][PASSED] - Object 'Object Repository/Pages/FirstPayVault/input_CreditCardNumber' is present&#xD;
&#xD;
2019-11-01 02:22:08 - [MESSAGE][PASSED] - Object: 'Object Repository/Pages/FirstPayVault/input_CreditCardNumber' is clicked on&#xD;
&#xD;
2019-11-01 02:22:08 - [MESSAGE][PASSED] - Text '4111111111111111' is set on object 'Object Repository/Pages/FirstPayVault/input_CreditCardNumber'&#xD;
&#xD;
2019-11-01 02:22:08 - [MESSAGE][PASSED] - utilities.SafeActions.safeType is PASSED&#xD;
&#xD;
2019-11-01 02:22:08 - [TEST_STEP][NOT_RUN] - delay(4): NOT_RUN: delay(4)&#xD;
&#xD;
2019-11-01 02:22:08 - [MESSAGE][NOT_RUN] - NOT_RUN: delay(4)&#xD;
&#xD;
2019-11-01 02:22:08 - [TEST_STEP][PASSED] - utilities.SafeActions.safeSelectOptionInDropDownByVisibleText(findTestObject("Pages/FirstPayVault/dropDown_ExpirationMonth"), cardMonth, "Expiration Month", [PageLoadTime]): utilities.SafeActions.safeSelectOptionInDropDownByVisibleText is PASSED&#xD;
&#xD;
2019-11-01 02:22:09 - [MESSAGE][PASSED] - Object 'Object Repository/Pages/FirstPayVault/dropDown_ExpirationMonth' is visible&#xD;
&#xD;
2019-11-01 02:22:09 - [MESSAGE][PASSED] - Object 'Object Repository/Pages/FirstPayVault/dropDown_ExpirationMonth' is present&#xD;
&#xD;
2019-11-01 02:22:11 - [MESSAGE][PASSED] - Object: 'Object Repository/Pages/FirstPayVault/dropDown_ExpirationMonth' is clicked on&#xD;
&#xD;
2019-11-01 02:22:14 - [MESSAGE][PASSED] - All options with label 'September' are selected in object 'Object Repository/Pages/FirstPayVault/dropDown_ExpirationMonth' &#xD;
&#xD;
2019-11-01 02:22:14 - [MESSAGE][PASSED] - utilities.SafeActions.safeSelectOptionInDropDownByVisibleText is PASSED&#xD;
&#xD;
2019-11-01 02:22:14 - [TEST_STEP][PASSED] - utilities.SafeActions.safeSelectOptionInDropDownByVisibleText(findTestObject("Pages/FirstPayVault/dropDown_ExpirationYear"), cardYear, "year", [PageLoadTime]): utilities.SafeActions.safeSelectOptionInDropDownByVisibleText is PASSED&#xD;
&#xD;
2019-11-01 02:22:14 - [MESSAGE][PASSED] - Object 'Object Repository/Pages/FirstPayVault/dropDown_ExpirationYear' is visible&#xD;
&#xD;
2019-11-01 02:22:14 - [MESSAGE][PASSED] - Object 'Object Repository/Pages/FirstPayVault/dropDown_ExpirationYear' is present&#xD;
&#xD;
2019-11-01 02:22:15 - [MESSAGE][PASSED] - Object: 'Object Repository/Pages/FirstPayVault/dropDown_ExpirationYear' is clicked on&#xD;
&#xD;
2019-11-01 02:22:15 - [MESSAGE][PASSED] - All options with label '2022' are selected in object 'Object Repository/Pages/FirstPayVault/dropDown_ExpirationYear' &#xD;
&#xD;
2019-11-01 02:22:15 - [MESSAGE][PASSED] - utilities.SafeActions.safeSelectOptionInDropDownByVisibleText is PASSED&#xD;
&#xD;
2019-11-01 02:22:15 - [TEST_STEP][NOT_RUN] - delay(2): NOT_RUN: delay(2)&#xD;
&#xD;
2019-11-01 02:22:15 - [MESSAGE][NOT_RUN] - NOT_RUN: delay(2)&#xD;
&#xD;
2019-11-01 02:22:15 - [TEST_STEP][PASSED] - utilities.SafeActions.safeType(findTestObject("Pages/FirstPayVault/input_ContactName"), customerName, "Enter Contact Name", [PageLoadTime]): utilities.SafeActions.safeType is PASSED&#xD;
&#xD;
2019-11-01 02:22:15 - [MESSAGE][PASSED] - Object 'Object Repository/Pages/FirstPayVault/input_ContactName' is present&#xD;
&#xD;
2019-11-01 02:22:15 - [MESSAGE][PASSED] - Scroll to object 'Object Repository/Pages/FirstPayVault/input_ContactName' successfully&#xD;
&#xD;
2019-11-01 02:22:15 - [MESSAGE][PASSED] - Object 'Object Repository/Pages/FirstPayVault/input_ContactName' is present&#xD;
&#xD;
2019-11-01 02:22:16 - [MESSAGE][PASSED] - Object: 'Object Repository/Pages/FirstPayVault/input_ContactName' is clicked on&#xD;
&#xD;
2019-11-01 02:22:16 - [MESSAGE][PASSED] - Text 'Venkat Sai' is set on object 'Object Repository/Pages/FirstPayVault/input_ContactName'&#xD;
&#xD;
2019-11-01 02:22:16 - [MESSAGE][PASSED] - utilities.SafeActions.safeType is PASSED&#xD;
&#xD;
2019-11-01 02:22:16 - [TEST_STEP][PASSED] - utilities.SafeActions.safeType(findTestObject("Pages/FirstPayVault/input_PostalCode"), postalCode, "Enter Postal Code", [PageLoadTime]): utilities.SafeActions.safeType is PASSED&#xD;
&#xD;
2019-11-01 02:22:16 - [MESSAGE][PASSED] - Object 'Object Repository/Pages/FirstPayVault/input_PostalCode' is present&#xD;
&#xD;
2019-11-01 02:22:16 - [MESSAGE][PASSED] - Scroll to object 'Object Repository/Pages/FirstPayVault/input_PostalCode' successfully&#xD;
&#xD;
2019-11-01 02:22:16 - [MESSAGE][PASSED] - Object 'Object Repository/Pages/FirstPayVault/input_PostalCode' is present&#xD;
&#xD;
2019-11-01 02:22:17 - [MESSAGE][PASSED] - Object: 'Object Repository/Pages/FirstPayVault/input_PostalCode' is clicked on&#xD;
&#xD;
2019-11-01 02:22:17 - [MESSAGE][PASSED] - Text '76102' is set on object 'Object Repository/Pages/FirstPayVault/input_PostalCode'&#xD;
&#xD;
2019-11-01 02:22:17 - [MESSAGE][PASSED] - utilities.SafeActions.safeType is PASSED&#xD;
&#xD;
2019-11-01 02:22:17 - [TEST_STEP][PASSED] - utilities.SafeActions.safeType(findTestObject("Pages/FirstPayVault/input_Address"), address, "Enter ddress", [PageLoadTime]): utilities.SafeActions.safeType is PASSED&#xD;
&#xD;
2019-11-01 02:22:18 - [MESSAGE][PASSED] - Object 'Object Repository/Pages/FirstPayVault/input_Address' is present&#xD;
&#xD;
2019-11-01 02:22:18 - [MESSAGE][PASSED] - Scroll to object 'Object Repository/Pages/FirstPayVault/input_Address' successfully&#xD;
&#xD;
2019-11-01 02:22:18 - [MESSAGE][PASSED] - Object 'Object Repository/Pages/FirstPayVault/input_Address' is present&#xD;
&#xD;
2019-11-01 02:22:18 - [MESSAGE][PASSED] - Object: 'Object Repository/Pages/FirstPayVault/input_Address' is clicked on&#xD;
&#xD;
2019-11-01 02:22:19 - [MESSAGE][PASSED] - Text 'Street123' is set on object 'Object Repository/Pages/FirstPayVault/input_Address'&#xD;
&#xD;
2019-11-01 02:22:19 - [MESSAGE][PASSED] - utilities.SafeActions.safeType is PASSED&#xD;
&#xD;
2019-11-01 02:22:19 - [TEST_STEP][PASSED] - utilities.SafeActions.safeCheckForElement(findTestObject("Pages/FirstPayVault/chekBox_AddShippingInformation"), PageLoadTime): utilities.SafeActions.safeCheckForElement is PASSED&#xD;
&#xD;
2019-11-01 02:22:19 - [MESSAGE][PASSED] - Object 'Object Repository/Pages/FirstPayVault/chekBox_AddShippingInformation' is present&#xD;
&#xD;
2019-11-01 02:22:19 - [MESSAGE][PASSED] - Object 'Object Repository/Pages/FirstPayVault/chekBox_AddShippingInformation' is visible&#xD;
&#xD;
2019-11-01 02:22:19 - [MESSAGE][PASSED] - Object 'Object Repository/Pages/FirstPayVault/chekBox_AddShippingInformation' is present&#xD;
&#xD;
2019-11-01 02:22:20 - [MESSAGE][PASSED] - Object 'Object Repository/Pages/FirstPayVault/chekBox_AddShippingInformation' is checked&#xD;
&#xD;
2019-11-01 02:22:20 - [MESSAGE][PASSED] - utilities.SafeActions.safeCheckForElement is PASSED&#xD;
&#xD;
2019-11-01 02:22:20 - [TEST_STEP][PASSED] - utilities.SafeActions.safeType(findTestObject("Pages/FirstPayVault/input_ShippingMethod"), shippingMethod, "Enter Shipping Method", [PageLoadTime]): utilities.SafeActions.safeType is PASSED&#xD;
&#xD;
2019-11-01 02:22:20 - [MESSAGE][PASSED] - Object 'Object Repository/Pages/FirstPayVault/input_ShippingMethod' is present&#xD;
&#xD;
2019-11-01 02:22:20 - [MESSAGE][PASSED] - Scroll to object 'Object Repository/Pages/FirstPayVault/input_ShippingMethod' successfully&#xD;
&#xD;
2019-11-01 02:22:20 - [MESSAGE][PASSED] - Object 'Object Repository/Pages/FirstPayVault/input_ShippingMethod' is present&#xD;
&#xD;
2019-11-01 02:22:21 - [MESSAGE][PASSED] - Object: 'Object Repository/Pages/FirstPayVault/input_ShippingMethod' is clicked on&#xD;
&#xD;
2019-11-01 02:22:21 - [MESSAGE][PASSED] - Text 'DTDC' is set on object 'Object Repository/Pages/FirstPayVault/input_ShippingMethod'&#xD;
&#xD;
2019-11-01 02:22:21 - [MESSAGE][PASSED] - utilities.SafeActions.safeType is PASSED&#xD;
&#xD;
2019-11-01 02:22:21 - [TEST_STEP][PASSED] - utilities.SafeActions.safeCheckForElement(findTestObject("Pages/FirstPayVault/checkbox_SameAsBillingInformation"), PageLoadTime): utilities.SafeActions.safeCheckForElement is PASSED&#xD;
&#xD;
2019-11-01 02:22:21 - [MESSAGE][PASSED] - Object 'Object Repository/Pages/FirstPayVault/checkbox_SameAsBillingInformation' is present&#xD;
&#xD;
2019-11-01 02:22:21 - [MESSAGE][PASSED] - Object 'Object Repository/Pages/FirstPayVault/checkbox_SameAsBillingInformation' is visible&#xD;
&#xD;
2019-11-01 02:22:21 - [MESSAGE][PASSED] - Object 'Object Repository/Pages/FirstPayVault/checkbox_SameAsBillingInformation' is present&#xD;
&#xD;
2019-11-01 02:22:22 - [MESSAGE][PASSED] - Object 'Object Repository/Pages/FirstPayVault/checkbox_SameAsBillingInformation' is checked&#xD;
&#xD;
2019-11-01 02:22:22 - [MESSAGE][PASSED] - utilities.SafeActions.safeCheckForElement is PASSED&#xD;
&#xD;
2019-11-01 02:22:22 - [TEST_STEP][PASSED] - utilities.SafeActions.safeClickwithScroll(findTestObject("Pages/FirstPayVault/button_Create"), "Click on Create Button", [PageLoadTime]): utilities.SafeActions.safeClickwithScroll is PASSED&#xD;
&#xD;
2019-11-01 02:22:22 - [MESSAGE][PASSED] - Object 'Object Repository/Pages/FirstPayVault/button_Create' is present&#xD;
&#xD;
2019-11-01 02:22:22 - [MESSAGE][PASSED] - Object 'Object Repository/Pages/FirstPayVault/button_Create' is visible&#xD;
&#xD;
2019-11-01 02:22:22 - [MESSAGE][INFO] - 1stPayVault.ts:waiting until Click on Create Button is Clickable&#xD;
&#xD;
2019-11-01 02:22:22 - [MESSAGE][PASSED] - Object 'Object Repository/Pages/FirstPayVault/button_Create' is clickable&#xD;
&#xD;
2019-11-01 02:22:22 - [MESSAGE][PASSED] - Object 'Object Repository/Pages/FirstPayVault/button_Create' is visible&#xD;
&#xD;
2019-11-01 02:22:23 - [MESSAGE][PASSED] - Object: 'Object Repository/Pages/FirstPayVault/button_Create' is clicked on&#xD;
&#xD;
2019-11-01 02:22:23 - [MESSAGE][INFO] - 1stPayVault.ts: Clicked on the Click on Create Button&#xD;
&#xD;
2019-11-01 02:22:23 - [MESSAGE][PASSED] - utilities.SafeActions.safeClickwithScroll is PASSED&#xD;
&#xD;
2019-11-01 02:22:23 - [TEST_STEP][PASSED] - popupSavedToVaultMessage = utilities.SafeActions.safeGetText(findTestObject("Pages/FirstPayVault/popup_SavedToVaultMessage"), PageLoadTime): utilities.SafeActions.safeGetText is PASSED&#xD;
&#xD;
2019-11-01 02:22:23 - [MESSAGE][PASSED] - Object 'Object Repository/Pages/FirstPayVault/popup_SavedToVaultMessage' is present&#xD;
&#xD;
2019-11-01 02:22:23 - [MESSAGE][PASSED] - Scroll to object 'Object Repository/Pages/FirstPayVault/popup_SavedToVaultMessage' successfully&#xD;
&#xD;
2019-11-01 02:22:23 - [MESSAGE][PASSED] - Object 'Object Repository/Pages/FirstPayVault/popup_SavedToVaultMessage' is present&#xD;
&#xD;
2019-11-01 02:22:24 - [MESSAGE][PASSED] - Text of object 'Object Repository/Pages/FirstPayVault/popup_SavedToVaultMessage' is: 'Successfully Saved to Vault'&#xD;
&#xD;
2019-11-01 02:22:24 - [MESSAGE][PASSED] - utilities.SafeActions.safeGetText is PASSED&#xD;
&#xD;
2019-11-01 02:22:24 - [TEST_STEP][PASSED] - flag = utilities.SafeActions.verifyPopupMessage("Successfully Saved to Vault", popupSavedToVaultMessage): Popup Message : Successfully Saved to Vault matched with expected message : Successfully Saved to Vault&#xD;
&#xD;
2019-11-01 02:22:24 - [MESSAGE][PASSED] - Popup Message : Successfully Saved to Vault matched with expected message : Successfully Saved to Vault&#xD;
&#xD;
2019-11-01 02:22:24 - [TEST_STEP][NOT_RUN] - delay(2): NOT_RUN: delay(2)&#xD;
&#xD;
2019-11-01 02:22:24 - [MESSAGE][NOT_RUN] - NOT_RUN: delay(2)&#xD;
&#xD;
2019-11-01 02:22:24 - [TEST_STEP][PASSED] - utilities.SafeActions.safeClickWithoutScroll(findTestObject("Pages/FirstPayVault/button_RunSaleWithThisVault_InPopup"), "Click on Run Sale With This Vault in Popup", [delayBetweenTestSteps]): utilities.SafeActions.safeClickWithoutScroll is PASSED&#xD;
&#xD;
2019-11-01 02:22:24 - [MESSAGE][INFO] - Safe Click Without scroll&#xD;
&#xD;
2019-11-01 02:22:24 - [MESSAGE][INFO] - 1stPayVault.ts:waiting until Click on Run Sale With This Vault in Popup is Clickable&#xD;
&#xD;
2019-11-01 02:22:24 - [MESSAGE][PASSED] - Object 'Object Repository/Pages/FirstPayVault/button_RunSaleWithThisVault_InPopup' is clickable&#xD;
&#xD;
2019-11-01 02:22:24 - [MESSAGE][PASSED] - Object 'Object Repository/Pages/FirstPayVault/button_RunSaleWithThisVault_InPopup' is visible&#xD;
&#xD;
2019-11-01 02:22:25 - [MESSAGE][PASSED] - Object: 'Object Repository/Pages/FirstPayVault/button_RunSaleWithThisVault_InPopup' is clicked on&#xD;
&#xD;
2019-11-01 02:22:25 - [MESSAGE][INFO] - 1stPayVault.ts: click on the Click on Run Sale With This Vault in Popup&#xD;
&#xD;
2019-11-01 02:22:25 - [MESSAGE][PASSED] - utilities.SafeActions.safeClickWithoutScroll is PASSED&#xD;
&#xD;
2019-11-01 02:22:25 - [TEST_STEP][NOT_RUN] - delay(1): NOT_RUN: delay(1)&#xD;
&#xD;
2019-11-01 02:22:25 - [MESSAGE][NOT_RUN] - NOT_RUN: delay(1)&#xD;
&#xD;
2019-11-01 02:22:25 - [TEST_STEP][PASSED] - value = utilities.SafeActions.getAttributeValue(findTestObject("Pages/FirstPayVault/tab_1stPayVault_Active"), "1st_PayVault"): The screen is 1st_PayVault screen&#xD;
&#xD;
2019-11-01 02:22:25 - [MESSAGE][PASSED] - Attribute 'class' of object 'Object Repository/Pages/FirstPayVault/tab_1stPayVault_Active' is: 'active_tab tabs__link'&#xD;
&#xD;
2019-11-01 02:22:25 - [MESSAGE][PASSED] - The screen is 1st_PayVault screen&#xD;
&#xD;
2019-11-01 02:22:25 - [TEST_STEP][PASSED] - scrollToElement(findTestObject("Pages/FirstPayVault/input_Amount"), PageLoadTime): Scroll to object 'Object Repository/Pages/FirstPayVault/input_Amount' successfully&#xD;
&#xD;
2019-11-01 02:22:25 - [MESSAGE][PASSED] - Scroll to object 'Object Repository/Pages/FirstPayVault/input_Amount' successfully&#xD;
&#xD;
2019-11-01 02:22:25 - [TEST_STEP][PASSED] - utilities.SafeActions.safeType(findTestObject("Pages/FirstPayVault/input_Amount"), amount, "Enter Amount", [PageLoadTime]): utilities.SafeActions.safeType is PASSED&#xD;
&#xD;
2019-11-01 02:22:25 - [MESSAGE][PASSED] - Object 'Object Repository/Pages/FirstPayVault/input_Amount' is present&#xD;
&#xD;
2019-11-01 02:22:25 - [MESSAGE][PASSED] - Scroll to object 'Object Repository/Pages/FirstPayVault/input_Amount' successfully&#xD;
&#xD;
2019-11-01 02:22:25 - [MESSAGE][PASSED] - Object 'Object Repository/Pages/FirstPayVault/input_Amount' is present&#xD;
&#xD;
2019-11-01 02:22:26 - [MESSAGE][PASSED] - Object: 'Object Repository/Pages/FirstPayVault/input_Amount' is clicked on&#xD;
&#xD;
2019-11-01 02:22:26 - [MESSAGE][PASSED] - Text '450' is set on object 'Object Repository/Pages/FirstPayVault/input_Amount'&#xD;
&#xD;
2019-11-01 02:22:26 - [MESSAGE][PASSED] - utilities.SafeActions.safeType is PASSED&#xD;
&#xD;
2019-11-01 02:22:26 - [TEST_STEP][PASSED] - salesTax = utilities.SafeActions.safeGetText(findTestObject("Pages/FirstPayVault/input_SalesTaxUnderAmount"), delayBetweenTestSteps): utilities.SafeActions.safeGetText is PASSED&#xD;
&#xD;
2019-11-01 02:22:26 - [MESSAGE][PASSED] - Object 'Object Repository/Pages/FirstPayVault/input_SalesTaxUnderAmount' is present&#xD;
&#xD;
2019-11-01 02:22:26 - [MESSAGE][PASSED] - Scroll to object 'Object Repository/Pages/FirstPayVault/input_SalesTaxUnderAmount' successfully&#xD;
&#xD;
2019-11-01 02:22:26 - [MESSAGE][PASSED] - Object 'Object Repository/Pages/FirstPayVault/input_SalesTaxUnderAmount' is present&#xD;
&#xD;
2019-11-01 02:22:27 - [MESSAGE][PASSED] - Text of object 'Object Repository/Pages/FirstPayVault/input_SalesTaxUnderAmount' is: '$37.13'&#xD;
&#xD;
2019-11-01 02:22:27 - [MESSAGE][PASSED] - utilities.SafeActions.safeGetText is PASSED&#xD;
&#xD;
2019-11-01 02:22:27 - [TEST_STEP][PASSED] - pages.FirstPayVault.verifyAmountIsNotZero(salesTax): pages.FirstPayVault.verifyAmountIsNotZero is PASSED&#xD;
&#xD;
2019-11-01 02:22:27 - [MESSAGE][PASSED] - pages.FirstPayVault.verifyAmountIsNotZero is PASSED&#xD;
&#xD;
2019-11-01 02:22:27 - [TEST_STEP][PASSED] - scrollToElement(findTestObject("Pages/FirstPayVault/input_CreditCardNumberForVerification"), delayBetweenTestSteps): Scroll to object 'Object Repository/Pages/FirstPayVault/input_CreditCardNumberForVerification' successfully&#xD;
&#xD;
2019-11-01 02:22:27 - [MESSAGE][PASSED] - Scroll to object 'Object Repository/Pages/FirstPayVault/input_CreditCardNumberForVerification' successfully&#xD;
&#xD;
2019-11-01 02:22:27 - [TEST_STEP][PASSED] - cardNumber = utilities.SafeActions.getAttribute(findTestObject("Pages/FirstPayVault/input_CreditCardNumberForVerification"), "1st Pay Vault"): utilities.SafeActions.getAttribute is PASSED&#xD;
&#xD;
2019-11-01 02:22:27 - [MESSAGE][PASSED] - Attribute 'value' of object 'Object Repository/Pages/FirstPayVault/input_CreditCardNumberForVerification' is: '411111******1111'&#xD;
&#xD;
2019-11-01 02:22:27 - [MESSAGE][PASSED] - utilities.SafeActions.getAttribute is PASSED&#xD;
&#xD;
2019-11-01 02:22:27 - [TEST_STEP][PASSED] - pages.FirstPayVault.verifyCardNumber(cardNumber, visaCardNumber): Actual String : 4111111111111111 matched with Expected message : 411111******1111&#xD;
&#xD;
2019-11-01 02:22:27 - [MESSAGE][PASSED] - Actual String : 4111111111111111 matched with Expected message : 411111******1111&#xD;
&#xD;
2019-11-01 02:22:27 - [TEST_STEP][PASSED] - expirationYear = utilities.SafeActions.getAttribute(findTestObject("Pages/FirstPayVault/dropDownExpirationYearForVerification"), "1st Pay Vault"): utilities.SafeActions.getAttribute is PASSED&#xD;
&#xD;
2019-11-01 02:22:28 - [MESSAGE][PASSED] - Attribute 'value' of object 'Object Repository/Pages/FirstPayVault/dropDownExpirationYearForVerification' is: '2022'&#xD;
&#xD;
2019-11-01 02:22:28 - [MESSAGE][PASSED] - utilities.SafeActions.getAttribute is PASSED&#xD;
&#xD;
2019-11-01 02:22:28 - [TEST_STEP][PASSED] - pages.FirstPayVault.verifyStrings(expirationYear, cardYear): Actual String : 2022 matched with Expected message : 2022&#xD;
&#xD;
2019-11-01 02:22:28 - [MESSAGE][PASSED] - Actual String : 2022 matched with Expected message : 2022&#xD;
&#xD;
2019-11-01 02:22:28 - [TEST_STEP][PASSED] - scrollToElement(findTestObject("Pages/FirstPayVault/input_VerifyCardHolderName"), PageLoadTime): Scroll to object 'Object Repository/Pages/FirstPayVault/input_VerifyCardHolderName' successfully&#xD;
&#xD;
2019-11-01 02:22:28 - [MESSAGE][PASSED] - Scroll to object 'Object Repository/Pages/FirstPayVault/input_VerifyCardHolderName' successfully&#xD;
&#xD;
2019-11-01 02:22:28 - [TEST_STEP][PASSED] - name = utilities.SafeActions.getAttribute(findTestObject("Pages/FirstPayVault/input_VerifyCardHolderName"), "1stPayVault"): utilities.SafeActions.getAttribute is PASSED&#xD;
&#xD;
2019-11-01 02:22:28 - [MESSAGE][PASSED] - Attribute 'value' of object 'Object Repository/Pages/FirstPayVault/input_VerifyCardHolderName' is: 'Venkat Sai'&#xD;
&#xD;
2019-11-01 02:22:28 - [MESSAGE][PASSED] - utilities.SafeActions.getAttribute is PASSED&#xD;
&#xD;
2019-11-01 02:22:28 - [TEST_STEP][PASSED] - pages.FirstPayVault.verifyStrings(name, customerName): Actual String : Venkat Sai matched with Expected message : Venkat Sai&#xD;
&#xD;
2019-11-01 02:22:28 - [MESSAGE][PASSED] - Actual String : Venkat Sai matched with Expected message : Venkat Sai&#xD;
&#xD;
2019-11-01 02:22:28 - [TEST_STEP][PASSED] - scrollToElement(findTestObject("Pages/FirstPayVault/checkbox_TaxExempt"), PageLoadTime): Scroll to object 'Object Repository/Pages/FirstPayVault/checkbox_TaxExempt' successfully&#xD;
&#xD;
2019-11-01 02:22:28 - [MESSAGE][PASSED] - Scroll to object 'Object Repository/Pages/FirstPayVault/checkbox_TaxExempt' successfully&#xD;
&#xD;
2019-11-01 02:22:28 - [TEST_STEP][NOT_RUN] - salesTax = utilities.SafeActions.safeGetText(findTestObject("Pages/FirstPayVault/amount_UnderPurchaseCardInformation"), delayBetweenTestSteps): NOT_RUN: salesTax = utilities.SafeActions.safeGetText(findTestObject("Pages/FirstPayVault/amount_UnderPurchaseCardInformation"), delayBetweenTestSteps)&#xD;
&#xD;
2019-11-01 02:22:28 - [MESSAGE][NOT_RUN] - NOT_RUN: salesTax = utilities.SafeActions.safeGetText(findTestObject("Pages/FirstPayVault/amount_UnderPurchaseCardInformation"), delayBetweenTestSteps)&#xD;
&#xD;
2019-11-01 02:22:28 - [TEST_STEP][PASSED] - pages.FirstPayVault.verifyAmountIsNotZero(salesTax): pages.FirstPayVault.verifyAmountIsNotZero is PASSED&#xD;
&#xD;
2019-11-01 02:22:28 - [MESSAGE][PASSED] - pages.FirstPayVault.verifyAmountIsNotZero is PASSED&#xD;
&#xD;
2019-11-01 02:22:28 - [TEST_STEP][PASSED] - utilities.SafeActions.safeCheckForElement(findTestObject("Pages/FirstPayVault/checkbox_TaxExempt"), PageLoadTime): utilities.SafeActions.safeCheckForElement is PASSED&#xD;
&#xD;
2019-11-01 02:22:28 - [MESSAGE][PASSED] - Object 'Object Repository/Pages/FirstPayVault/checkbox_TaxExempt' is present&#xD;
&#xD;
2019-11-01 02:22:28 - [MESSAGE][PASSED] - Object 'Object Repository/Pages/FirstPayVault/checkbox_TaxExempt' is visible&#xD;
&#xD;
2019-11-01 02:22:28 - [MESSAGE][PASSED] - Object 'Object Repository/Pages/FirstPayVault/checkbox_TaxExempt' is present&#xD;
&#xD;
2019-11-01 02:22:29 - [MESSAGE][PASSED] - Object 'Object Repository/Pages/FirstPayVault/checkbox_TaxExempt' is checked&#xD;
&#xD;
2019-11-01 02:22:29 - [MESSAGE][PASSED] - utilities.SafeActions.safeCheckForElement is PASSED&#xD;
&#xD;
2019-11-01 02:22:29 - [TEST_STEP][PASSED] - utilities.SafeActions.safeClickwithScroll(findTestObject("Pages/FirstPayVault/button_Checkout"), "Click on Checkout", [PageLoadTime]): utilities.SafeActions.safeClickwithScroll is PASSED&#xD;
&#xD;
2019-11-01 02:22:29 - [MESSAGE][PASSED] - Object 'Object Repository/Pages/FirstPayVault/button_Checkout' is present&#xD;
&#xD;
2019-11-01 02:22:29 - [MESSAGE][PASSED] - Object 'Object Repository/Pages/FirstPayVault/button_Checkout' is visible&#xD;
&#xD;
2019-11-01 02:22:29 - [MESSAGE][INFO] - 1stPayVault.ts:waiting until Click on Checkout is Clickable&#xD;
&#xD;
2019-11-01 02:22:29 - [MESSAGE][PASSED] - Object 'Object Repository/Pages/FirstPayVault/button_Checkout' is clickable&#xD;
&#xD;
2019-11-01 02:22:29 - [MESSAGE][PASSED] - Object 'Object Repository/Pages/FirstPayVault/button_Checkout' is visible&#xD;
&#xD;
2019-11-01 02:22:30 - [MESSAGE][PASSED] - Object: 'Object Repository/Pages/FirstPayVault/button_Checkout' is clicked on&#xD;
&#xD;
2019-11-01 02:22:30 - [MESSAGE][INFO] - 1stPayVault.ts: Clicked on the Click on Checkout&#xD;
&#xD;
2019-11-01 02:22:30 - [MESSAGE][PASSED] - utilities.SafeActions.safeClickwithScroll is PASSED&#xD;
&#xD;
2019-11-01 02:22:30 - [TEST_STEP][PASSED] - pages.Sale.verifyTransactionCompletePage(findTestObject("Pages/Sale/heading_TransactionComplete")): The screen is Transaction Complete screen&#xD;
&#xD;
2019-11-01 02:22:31 - [MESSAGE][PASSED] - Object 'Object Repository/Pages/Sale/heading_TransactionComplete' is present&#xD;
&#xD;
2019-11-01 02:22:31 - [MESSAGE][PASSED] - The screen is Transaction Complete screen&#xD;
&#xD;
2019-11-01 02:22:31 - [TEST_STEP][PASSED] - utilities.SafeActions.safeClickWithoutScroll(findTestObject("Pages/FirstPayVault/button_ReturnToSale_InTransactionComplete"), "Click On Return Button", [PageLoadTime]): utilities.SafeActions.safeClickWithoutScroll is PASSED&#xD;
&#xD;
2019-11-01 02:22:31 - [MESSAGE][INFO] - Safe Click Without scroll&#xD;
&#xD;
2019-11-01 02:22:31 - [MESSAGE][INFO] - 1stPayVault.ts:waiting until Click On Return Button is Clickable&#xD;
&#xD;
2019-11-01 02:22:31 - [MESSAGE][PASSED] - Object 'Object Repository/Pages/FirstPayVault/button_ReturnToSale_InTransactionComplete' is clickable&#xD;
&#xD;
2019-11-01 02:22:31 - [MESSAGE][PASSED] - Object 'Object Repository/Pages/FirstPayVault/button_ReturnToSale_InTransactionComplete' is visible&#xD;
&#xD;
2019-11-01 02:22:33 - [MESSAGE][PASSED] - Object: 'Object Repository/Pages/FirstPayVault/button_ReturnToSale_InTransactionComplete' is clicked on&#xD;
&#xD;
2019-11-01 02:22:33 - [MESSAGE][INFO] - 1stPayVault.ts: click on the Click On Return Button&#xD;
&#xD;
2019-11-01 02:22:33 - [MESSAGE][PASSED] - utilities.SafeActions.safeClickWithoutScroll is PASSED&#xD;
&#xD;
2019-11-01 02:22:33 - [TEST_STEP][PASSED] - delay(delayBetweenTestSteps): Delayed 3 second(s)&#xD;
&#xD;
2019-11-01 02:22:36 - [MESSAGE][PASSED] - Delayed 3 second(s)&#xD;
&#xD;
2019-11-01 02:22:36 - [TEST_STEP][PASSED] - closeBrowser(): Browser is closed&#xD;
&#xD;
2019-11-01 02:22:39 - [MESSAGE][PASSED] - Browser is closed&#xD;
&#xD;
2019-11-01 02:22:39 - [TEST_STEP][PASSED] - Start listener action : sampleAfterTestCase: null&#xD;
&#xD;
2019-11-01 02:22:39 - [TEST_STEP][PASSED] - println(testCaseContext.getTestCaseId()): null&#xD;
&#xD;
2019-11-01 02:22:39 - [TEST_STEP][PASSED] - println(testCaseContext.getTestCaseStatus()): null&#xD;
&#xD;
2019-11-01 02:22:39 - [TEST_STEP][PASSED] - testCaseName = testCaseContext.getTestCaseId(): null&#xD;
&#xD;
2019-11-01 02:22:39 - [TEST_STEP][PASSED] - strCount = testCaseName.lastIndexOf("/"): null&#xD;
&#xD;
2019-11-01 02:22:39 - [TEST_STEP][PASSED] - testCaseName = testCaseName.substring(strCount): null&#xD;
&#xD;
2019-11-01 02:22:39 - [TEST_STEP][PASSED] - println(testCaseName): null&#xD;
&#xD;
2019-11-01 02:22:39 - [TEST_STEP][PASSED] - if (getTestCaseStatus().equalsIgnoreCase("Error")): null&#xD;
&#xD;
2019-11-01 02:22:39 - [TEST_STEP][PASSED] - Start listener action : sampleAfterTestCase: null</system-out>
            <system-err></system-err>
        </testcase>
        <testcase name="Test Cases/FirstView/FirstPayVault/TC_1st_Pay_Vault_004" classname="Test Cases/FirstView/FirstPayVault/TC_1st_Pay_Vault_004" status="ERROR">
            <error type="ERROR" message="Test Cases/FirstView/FirstPayVault/TC_1st_Pay_Vault_004 FAILED.&#xA;Reason:&#xA;com.kms.katalon.core.exception.StepErrorException: 1stPayVault.ts:Click On Return Button is not clickable in time - 60seconds&#xD;&#xA;&#x9;at com.kms.katalon.core.util.KeywordUtil.markError(KeywordUtil.java:65)&#xD;&#xA;&#x9;at com.kms.katalon.core.util.KeywordUtil$markError$1.call(Unknown Source)&#xD;&#xA;&#x9;at utilities.SafeActions.safeClickWithoutScroll(SafeActions.groovy:146)&#xD;&#xA;&#x9;at utilities.SafeActions.invokeMethod(SafeActions.groovy)&#xD;&#xA;&#x9;at com.kms.katalon.core.main.CustomKeywordDelegatingMetaClass.invokeStaticMethod(CustomKeywordDelegatingMetaClass.java:50)&#xD;&#xA;&#x9;at TC_1st_Pay_Vault_004.run(TC_1st_Pay_Vault_004:155)&#xD;&#xA;&#x9;at com.kms.katalon.core.main.ScriptEngine.run(ScriptEngine.java:194)&#xD;&#xA;&#x9;at com.kms.katalon.core.main.ScriptEngine.runScriptAsRawText(ScriptEngine.java:119)&#xD;&#xA;&#x9;at com.kms.katalon.core.main.TestCaseExecutor.runScript(TestCaseExecutor.java:337)&#xD;&#xA;&#x9;at com.kms.katalon.core.main.TestCaseExecutor.doExecute(TestCaseExecutor.java:328)&#xD;&#xA;&#x9;at com.kms.katalon.core.main.TestCaseExecutor.processExecutionPhase(TestCaseExecutor.java:307)&#xD;&#xA;&#x9;at com.kms.katalon.core.main.TestCaseExecutor.accessMainPhase(TestCaseExecutor.java:299)&#xD;&#xA;&#x9;at com.kms.katalon.core.main.TestCaseExecutor.execute(TestCaseExecutor.java:233)&#xD;&#xA;&#x9;at com.kms.katalon.core.main.TestSuiteExecutor.accessTestCaseMainPhase(TestSuiteExecutor.java:169)&#xD;&#xA;&#x9;at com.kms.katalon.core.main.TestSuiteExecutor.accessTestSuiteMainPhase(TestSuiteExecutor.java:142)&#xD;&#xA;&#x9;at com.kms.katalon.core.main.TestSuiteExecutor.execute(TestSuiteExecutor.java:91)&#xD;&#xA;&#x9;at com.kms.katalon.core.main.TestCaseMain.startTestSuite(TestCaseMain.java:157)&#xD;&#xA;&#x9;at com.kms.katalon.core.main.TestCaseMain$startTestSuite$0.call(Unknown Source)&#xD;&#xA;&#x9;at TempTestSuite1572592574803.run(TempTestSuite1572592574803.groovy:35)&#xD;&#xA;"/>
            <system-out>2019-11-01 02:22:39 - [TEST_CASE][ERROR] - Test Cases/FirstView/FirstPayVault/TC_1st_Pay_Vault_004: Test Cases/FirstView/FirstPayVault/TC_1st_Pay_Vault_004 FAILED.
Reason:
com.kms.katalon.core.exception.StepErrorException: 1stPayVault.ts:Click On Return Button is not clickable in time - 60seconds&#xD;
	at com.kms.katalon.core.util.KeywordUtil.markError(KeywordUtil.java:65)&#xD;
	at com.kms.katalon.core.util.KeywordUtil$markError$1.call(Unknown Source)&#xD;
	at utilities.SafeActions.safeClickWithoutScroll(SafeActions.groovy:146)&#xD;
	at utilities.SafeActions.invokeMethod(SafeActions.groovy)&#xD;
	at com.kms.katalon.core.main.CustomKeywordDelegatingMetaClass.invokeStaticMethod(CustomKeywordDelegatingMetaClass.java:50)&#xD;
	at TC_1st_Pay_Vault_004.run(TC_1st_Pay_Vault_004:155)&#xD;
	at com.kms.katalon.core.main.ScriptEngine.run(ScriptEngine.java:194)&#xD;
	at com.kms.katalon.core.main.ScriptEngine.runScriptAsRawText(ScriptEngine.java:119)&#xD;
	at com.kms.katalon.core.main.TestCaseExecutor.runScript(TestCaseExecutor.java:337)&#xD;
	at com.kms.katalon.core.main.TestCaseExecutor.doExecute(TestCaseExecutor.java:328)&#xD;
	at com.kms.katalon.core.main.TestCaseExecutor.processExecutionPhase(TestCaseExecutor.java:307)&#xD;
	at com.kms.katalon.core.main.TestCaseExecutor.accessMainPhase(TestCaseExecutor.java:299)&#xD;
	at com.kms.katalon.core.main.TestCaseExecutor.execute(TestCaseExecutor.java:233)&#xD;
	at com.kms.katalon.core.main.TestSuiteExecutor.accessTestCaseMainPhase(TestSuiteExecutor.java:169)&#xD;
	at com.kms.katalon.core.main.TestSuiteExecutor.accessTestSuiteMainPhase(TestSuiteExecutor.java:142)&#xD;
	at com.kms.katalon.core.main.TestSuiteExecutor.execute(TestSuiteExecutor.java:91)&#xD;
	at com.kms.katalon.core.main.TestCaseMain.startTestSuite(TestCaseMain.java:157)&#xD;
	at com.kms.katalon.core.main.TestCaseMain$startTestSuite$0.call(Unknown Source)&#xD;
	at TempTestSuite1572592574803.run(TempTestSuite1572592574803.groovy:35)&#xD;
&#xD;
&#xD;
2019-11-01 02:22:39 - [TEST_STEP][PASSED] - Start listener action : sampleBeforeTestCase: null&#xD;
&#xD;
2019-11-01 02:22:39 - [TEST_STEP][PASSED] - println(testCaseContext.getTestCaseId()): null&#xD;
&#xD;
2019-11-01 02:22:39 - [TEST_STEP][PASSED] - println(testCaseContext.getTestCaseVariables()): null&#xD;
&#xD;
2019-11-01 02:22:40 - [TEST_STEP][NOT_RUN] - utilities.SafeActions.openBrowser(Old_URL, [PageLoadTime]): NOT_RUN: utilities.SafeActions.openBrowser(Old_URL, [PageLoadTime])&#xD;
&#xD;
2019-11-01 02:22:40 - [MESSAGE][NOT_RUN] - NOT_RUN: utilities.SafeActions.openBrowser(Old_URL, [PageLoadTime])&#xD;
&#xD;
2019-11-01 02:22:40 - [TEST_STEP][NOT_RUN] - delay(6): NOT_RUN: delay(6)&#xD;
&#xD;
2019-11-01 02:22:40 - [MESSAGE][NOT_RUN] - NOT_RUN: delay(6)&#xD;
&#xD;
2019-11-01 02:22:40 - [TEST_STEP][NOT_RUN] - utilities.SafeActions.safeSelectOptionInDropDownByVisibleText(findTestObject("Pages/Sale/dropDown_AccountType"), "ranjanatest2 - 888814981372/001 Account Type: Retail", "Select by Value", [25]): NOT_RUN: utilities.SafeActions.safeSelectOptionInDropDownByVisibleText(findTestObject("Pages/Sale/dropDown_AccountType"), "ranjanatest2 - 888814981372/001 Account Type: Retail", "Select by Value", [25])&#xD;
&#xD;
2019-11-01 02:22:40 - [MESSAGE][NOT_RUN] - NOT_RUN: utilities.SafeActions.safeSelectOptionInDropDownByVisibleText(findTestObject("Pages/Sale/dropDown_AccountType"), "ranjanatest2 - 888814981372/001 Account Type: Retail", "Select by Value", [25])&#xD;
&#xD;
2019-11-01 02:22:40 - [TEST_STEP][PASSED] - utilities.SafeActions.openBrowser(URL, [PageLoadTime]): utilities.SafeActions.openBrowser is PASSED&#xD;
&#xD;
2019-11-01 02:22:40 - [MESSAGE][INFO] - Opening Browser&#xD;
&#xD;
2019-11-01 02:22:40 - [MESSAGE][INFO] - Starting 'Firefox' driver&#xD;
&#xD;
2019-11-01 02:22:59 - [MESSAGE][PASSED] - Browser is opened with url: 'https://q-www-firstview-net.faps.net/MVC/Account/Login'&#xD;
&#xD;
2019-11-01 02:22:59 - [MESSAGE][PASSED] - Current window maximized&#xD;
&#xD;
2019-11-01 02:22:59 - [MESSAGE][INFO] - Browser Launched Successfully&#xD;
&#xD;
2019-11-01 02:22:59 - [MESSAGE][PASSED] - utilities.SafeActions.openBrowser is PASSED&#xD;
&#xD;
2019-11-01 02:22:59 - [TEST_STEP][PASSED] - pages.Login.login(uName, password): pages.Login.login is PASSED&#xD;
&#xD;
2019-11-01 02:22:59 - [MESSAGE][PASSED] - Object 'Object Repository/Pages/Login/userName' is present&#xD;
&#xD;
2019-11-01 02:22:59 - [MESSAGE][PASSED] - Scroll to object 'Object Repository/Pages/Login/userName' successfully&#xD;
&#xD;
2019-11-01 02:22:59 - [MESSAGE][PASSED] - Object 'Object Repository/Pages/Login/userName' is present&#xD;
&#xD;
2019-11-01 02:23:00 - [MESSAGE][PASSED] - Object: 'Object Repository/Pages/Login/userName' is clicked on&#xD;
&#xD;
2019-11-01 02:23:00 - [MESSAGE][PASSED] - Text 'ZenQRetail' is set on object 'Object Repository/Pages/Login/userName'&#xD;
&#xD;
2019-11-01 02:23:00 - [MESSAGE][PASSED] - Object 'Object Repository/Pages/Login/password' is present&#xD;
&#xD;
2019-11-01 02:23:00 - [MESSAGE][PASSED] - Scroll to object 'Object Repository/Pages/Login/password' successfully&#xD;
&#xD;
2019-11-01 02:23:00 - [MESSAGE][PASSED] - Object 'Object Repository/Pages/Login/password' is present&#xD;
&#xD;
2019-11-01 02:23:01 - [MESSAGE][PASSED] - Object: 'Object Repository/Pages/Login/password' is clicked on&#xD;
&#xD;
2019-11-01 02:23:01 - [MESSAGE][PASSED] - Text 'P@ssword1' is set on object 'Object Repository/Pages/Login/password'&#xD;
&#xD;
2019-11-01 02:23:01 - [MESSAGE][INFO] - Safe Click Without scroll&#xD;
&#xD;
2019-11-01 02:23:01 - [MESSAGE][INFO] - 1stPayVault.ts:waiting until Click on Login is Clickable&#xD;
&#xD;
2019-11-01 02:23:01 - [MESSAGE][PASSED] - Object 'Object Repository/Pages/Login/login' is clickable&#xD;
&#xD;
2019-11-01 02:23:01 - [MESSAGE][PASSED] - Object 'Object Repository/Pages/Login/login' is visible&#xD;
&#xD;
2019-11-01 02:23:04 - [MESSAGE][PASSED] - Object: 'Object Repository/Pages/Login/login' is clicked on&#xD;
&#xD;
2019-11-01 02:23:04 - [MESSAGE][INFO] - 1stPayVault.ts: click on the Click on Login&#xD;
&#xD;
2019-11-01 02:23:04 - [MESSAGE][PASSED] - pages.Login.login is PASSED&#xD;
&#xD;
2019-11-01 02:23:04 - [TEST_STEP][PASSED] - callTestCase(findTestCase("FirstView/Login/TC_SendCode"), [:], STOP_ON_FAILURE): Call Test Case 'Test Cases/FirstView/Login/TC_SendCode' successfully&#xD;
&#xD;
2019-11-01 02:23:04 - [TEST_CASE][PASSED] - Test Cases/FirstView/Login/TC_SendCode: Test Cases/FirstView/Login/TC_SendCode&#xD;
&#xD;
2019-11-01 02:23:04 - [TEST_STEP][PASSED] - flag = pages.SendCode.verifyPage(): pages.SendCode.verifyPage is PASSED&#xD;
&#xD;
2019-11-01 02:23:04 - [MESSAGE][PASSED] - Object 'Object Repository/Pages/SendCodeToValidate/header_SendCodeToValidate' is present and visible in viewport&#xD;
&#xD;
2019-11-01 02:23:04 - [MESSAGE][PASSED] - pages.SendCode.verifyPage is PASSED&#xD;
&#xD;
2019-11-01 02:23:04 - [TEST_STEP][PASSED] - if (flag): pages.SendCode.clickonUserSettings is PASSED&#xD;
&#xD;
2019-11-01 02:23:04 - [TEST_STEP][PASSED] - pages.SendCode.clickonUserSettings(): pages.SendCode.clickonUserSettings is PASSED&#xD;
&#xD;
2019-11-01 02:23:04 - [MESSAGE][PASSED] - Object 'Object Repository/Pages/SendCodeToValidate/link_UserSettings' is present&#xD;
&#xD;
2019-11-01 02:23:04 - [MESSAGE][PASSED] - Object 'Object Repository/Pages/SendCodeToValidate/link_UserSettings' is visible&#xD;
&#xD;
2019-11-01 02:23:04 - [MESSAGE][INFO] - 1stPayVault.ts:waiting until Click on User Settings is Clickable&#xD;
&#xD;
2019-11-01 02:23:04 - [MESSAGE][PASSED] - Object 'Object Repository/Pages/SendCodeToValidate/link_UserSettings' is clickable&#xD;
&#xD;
2019-11-01 02:23:04 - [MESSAGE][PASSED] - Object 'Object Repository/Pages/SendCodeToValidate/link_UserSettings' is visible&#xD;
&#xD;
2019-11-01 02:23:07 - [MESSAGE][PASSED] - Object: 'Object Repository/Pages/SendCodeToValidate/link_UserSettings' is clicked on&#xD;
&#xD;
2019-11-01 02:23:07 - [MESSAGE][INFO] - 1stPayVault.ts: Clicked on the Click on User Settings&#xD;
&#xD;
2019-11-01 02:23:07 - [MESSAGE][PASSED] - pages.SendCode.clickonUserSettings is PASSED&#xD;
&#xD;
2019-11-01 02:23:07 - [MESSAGE][PASSED] - Call Test Case 'Test Cases/FirstView/Login/TC_SendCode' successfully&#xD;
&#xD;
2019-11-01 02:23:07 - [TEST_STEP][PASSED] - callTestCase(findTestCase("FirstView/Login/TC_FirstView"), [:], STOP_ON_FAILURE): Call Test Case 'Test Cases/FirstView/Login/TC_FirstView' successfully&#xD;
&#xD;
2019-11-01 02:23:07 - [TEST_CASE][PASSED] - Test Cases/FirstView/Login/TC_FirstView: Test Cases/FirstView/Login/TC_FirstView&#xD;
&#xD;
2019-11-01 02:23:07 - [TEST_STEP][NOT_RUN] - utilities.SafeActions.safeClickWithoutScroll(findTestObject("Pages/FirstView/link_Home"), "Click on Home button in First View screen", [PageLoadTime]): NOT_RUN: utilities.SafeActions.safeClickWithoutScroll(findTestObject("Pages/FirstView/link_Home"), "Click on Home button in First View screen", [PageLoadTime])&#xD;
&#xD;
2019-11-01 02:23:07 - [MESSAGE][NOT_RUN] - NOT_RUN: utilities.SafeActions.safeClickWithoutScroll(findTestObject("Pages/FirstView/link_Home"), "Click on Home button in First View screen", [PageLoadTime])&#xD;
&#xD;
2019-11-01 02:23:07 - [TEST_STEP][PASSED] - delay(3): Delayed 3 second(s)&#xD;
&#xD;
2019-11-01 02:23:10 - [MESSAGE][PASSED] - Delayed 3 second(s)&#xD;
&#xD;
2019-11-01 02:23:10 - [TEST_STEP][PASSED] - utilities.SafeActions.javascriptclick(findTestObject("Pages/FirstView/link_Home"), delayForElement): utilities.SafeActions.javascriptclick is PASSED&#xD;
&#xD;
2019-11-01 02:23:10 - [MESSAGE][PASSED] - utilities.SafeActions.javascriptclick is PASSED&#xD;
&#xD;
2019-11-01 02:23:10 - [TEST_STEP][PASSED] - utilities.SafeActions.safeClickWithoutScroll(findTestObject("Pages/FirstView/link_VPOS"), "Click on VPOS button in First View screen", [PageLoadTime]): utilities.SafeActions.safeClickWithoutScroll is PASSED&#xD;
&#xD;
2019-11-01 02:23:10 - [MESSAGE][INFO] - Safe Click Without scroll&#xD;
&#xD;
2019-11-01 02:23:10 - [MESSAGE][INFO] - 1stPayVault.ts:waiting until Click on VPOS button in First View screen is Clickable&#xD;
&#xD;
2019-11-01 02:23:12 - [MESSAGE][PASSED] - Object 'Object Repository/Pages/FirstView/link_VPOS' is clickable&#xD;
&#xD;
2019-11-01 02:23:12 - [MESSAGE][PASSED] - Object 'Object Repository/Pages/FirstView/link_VPOS' is visible&#xD;
&#xD;
2019-11-01 02:23:13 - [MESSAGE][PASSED] - Object: 'Object Repository/Pages/FirstView/link_VPOS' is clicked on&#xD;
&#xD;
2019-11-01 02:23:13 - [MESSAGE][INFO] - 1stPayVault.ts: click on the Click on VPOS button in First View screen&#xD;
&#xD;
2019-11-01 02:23:13 - [MESSAGE][PASSED] - utilities.SafeActions.safeClickWithoutScroll is PASSED&#xD;
&#xD;
2019-11-01 02:23:13 - [MESSAGE][PASSED] - Call Test Case 'Test Cases/FirstView/Login/TC_FirstView' successfully&#xD;
&#xD;
2019-11-01 02:23:13 - [TEST_STEP][PASSED] - switchToWindowTitle("Transcenter - VPOS"): Switched to window with title: 'Transcenter - VPOS'&#xD;
&#xD;
2019-11-01 02:23:17 - [MESSAGE][PASSED] - Switched to window with title: 'Transcenter - VPOS'&#xD;
&#xD;
2019-11-01 02:23:17 - [TEST_STEP][PASSED] - focus(findTestObject("Pages/FirstPayVault/tab_FirstPayVault")): Object: 'Object Repository/Pages/FirstPayVault/tab_FirstPayVault' is focused&#xD;
&#xD;
2019-11-01 02:23:20 - [MESSAGE][PASSED] - Object: 'Object Repository/Pages/FirstPayVault/tab_FirstPayVault' is focused&#xD;
&#xD;
2019-11-01 02:23:20 - [TEST_STEP][PASSED] - utilities.SafeActions.javascriptclick(findTestObject("Pages/FirstPayVault/tab_FirstPayVault"), PageLoadTime): utilities.SafeActions.javascriptclick is PASSED&#xD;
&#xD;
2019-11-01 02:23:20 - [MESSAGE][PASSED] - utilities.SafeActions.javascriptclick is PASSED&#xD;
&#xD;
2019-11-01 02:23:20 - [TEST_STEP][PASSED] - delay(delayForElement): Delayed 6 second(s)&#xD;
&#xD;
2019-11-01 02:23:26 - [MESSAGE][PASSED] - Delayed 6 second(s)&#xD;
&#xD;
2019-11-01 02:23:26 - [TEST_STEP][PASSED] - utilities.SafeActions.safeClickWithoutScroll(findTestObject("Pages/FirstPayVault/tab_FirstPayVault"), "Click on FistPayVault tab", [delayForElement]): utilities.SafeActions.safeClickWithoutScroll is PASSED&#xD;
&#xD;
2019-11-01 02:23:26 - [MESSAGE][INFO] - Safe Click Without scroll&#xD;
&#xD;
2019-11-01 02:23:26 - [MESSAGE][INFO] - 1stPayVault.ts:waiting until Click on FistPayVault tab is Clickable&#xD;
&#xD;
2019-11-01 02:23:26 - [MESSAGE][PASSED] - Object 'Object Repository/Pages/FirstPayVault/tab_FirstPayVault' is clickable&#xD;
&#xD;
2019-11-01 02:23:26 - [MESSAGE][PASSED] - Object 'Object Repository/Pages/FirstPayVault/tab_FirstPayVault' is visible&#xD;
&#xD;
2019-11-01 02:23:27 - [MESSAGE][PASSED] - Object: 'Object Repository/Pages/FirstPayVault/tab_FirstPayVault' is clicked on&#xD;
&#xD;
2019-11-01 02:23:27 - [MESSAGE][INFO] - 1stPayVault.ts: click on the Click on FistPayVault tab&#xD;
&#xD;
2019-11-01 02:23:27 - [MESSAGE][PASSED] - utilities.SafeActions.safeClickWithoutScroll is PASSED&#xD;
&#xD;
2019-11-01 02:23:27 - [TEST_STEP][PASSED] - utilities.SafeActions.safeClickWithoutScroll(findTestObject("Pages/FirstPayVault/button_CreateVault"), "Click on CreateVault button", [PageLoadTime]): utilities.SafeActions.safeClickWithoutScroll is PASSED&#xD;
&#xD;
2019-11-01 02:23:27 - [MESSAGE][INFO] - Safe Click Without scroll&#xD;
&#xD;
2019-11-01 02:23:27 - [MESSAGE][INFO] - 1stPayVault.ts:waiting until Click on CreateVault button is Clickable&#xD;
&#xD;
2019-11-01 02:23:27 - [MESSAGE][PASSED] - Object 'Object Repository/Pages/FirstPayVault/button_CreateVault' is clickable&#xD;
&#xD;
2019-11-01 02:23:27 - [MESSAGE][PASSED] - Object 'Object Repository/Pages/FirstPayVault/button_CreateVault' is visible&#xD;
&#xD;
2019-11-01 02:23:29 - [MESSAGE][PASSED] - Object: 'Object Repository/Pages/FirstPayVault/button_CreateVault' is clicked on&#xD;
&#xD;
2019-11-01 02:23:29 - [MESSAGE][INFO] - 1stPayVault.ts: click on the Click on CreateVault button&#xD;
&#xD;
2019-11-01 02:23:29 - [MESSAGE][PASSED] - utilities.SafeActions.safeClickWithoutScroll is PASSED&#xD;
&#xD;
2019-11-01 02:23:29 - [TEST_STEP][PASSED] - scrollToElement(findTestObject("Pages/FirstPayVault/input_VaultReferenceNumber"), PageLoadTime): Scroll to object 'Object Repository/Pages/FirstPayVault/input_VaultReferenceNumber' successfully&#xD;
&#xD;
2019-11-01 02:23:29 - [MESSAGE][PASSED] - Scroll to object 'Object Repository/Pages/FirstPayVault/input_VaultReferenceNumber' successfully&#xD;
&#xD;
2019-11-01 02:23:29 - [TEST_STEP][PASSED] - vaultReference = utilities.SafeActions.timeWithMilliSeconds(): utilities.SafeActions.timeWithMilliSeconds is PASSED&#xD;
&#xD;
2019-11-01 02:23:29 - [MESSAGE][PASSED] - utilities.SafeActions.timeWithMilliSeconds is PASSED&#xD;
&#xD;
2019-11-01 02:23:29 - [TEST_STEP][PASSED] - utilities.SafeActions.safeType(findTestObject("Pages/FirstPayVault/input_VaultReferenceNumber"), vaultReference, "Entering Vault Reference Number", [PageLoadTime]): utilities.SafeActions.safeType is PASSED&#xD;
&#xD;
2019-11-01 02:23:29 - [MESSAGE][PASSED] - Object 'Object Repository/Pages/FirstPayVault/input_VaultReferenceNumber' is present&#xD;
&#xD;
2019-11-01 02:23:29 - [MESSAGE][PASSED] - Scroll to object 'Object Repository/Pages/FirstPayVault/input_VaultReferenceNumber' successfully&#xD;
&#xD;
2019-11-01 02:23:29 - [MESSAGE][PASSED] - Object 'Object Repository/Pages/FirstPayVault/input_VaultReferenceNumber' is present&#xD;
&#xD;
2019-11-01 02:23:30 - [MESSAGE][PASSED] - Object: 'Object Repository/Pages/FirstPayVault/input_VaultReferenceNumber' is clicked on&#xD;
&#xD;
2019-11-01 02:23:30 - [MESSAGE][PASSED] - Text '2019-11-01 02:23:29.106' is set on object 'Object Repository/Pages/FirstPayVault/input_VaultReferenceNumber'&#xD;
&#xD;
2019-11-01 02:23:30 - [MESSAGE][PASSED] - utilities.SafeActions.safeType is PASSED&#xD;
&#xD;
2019-11-01 02:23:30 - [TEST_STEP][PASSED] - utilities.SafeActions.safeType(findTestObject("Pages/FirstPayVault/input_CreditCardNumber"), visaCardNumber, "Entering Card Number", [PageLoadTime]): utilities.SafeActions.safeType is PASSED&#xD;
&#xD;
2019-11-01 02:23:30 - [MESSAGE][PASSED] - Object 'Object Repository/Pages/FirstPayVault/input_CreditCardNumber' is present&#xD;
&#xD;
2019-11-01 02:23:30 - [MESSAGE][PASSED] - Scroll to object 'Object Repository/Pages/FirstPayVault/input_CreditCardNumber' successfully&#xD;
&#xD;
2019-11-01 02:23:30 - [MESSAGE][PASSED] - Object 'Object Repository/Pages/FirstPayVault/input_CreditCardNumber' is present&#xD;
&#xD;
2019-11-01 02:23:31 - [MESSAGE][PASSED] - Object: 'Object Repository/Pages/FirstPayVault/input_CreditCardNumber' is clicked on&#xD;
&#xD;
2019-11-01 02:23:31 - [MESSAGE][PASSED] - Text '4111111111111111' is set on object 'Object Repository/Pages/FirstPayVault/input_CreditCardNumber'&#xD;
&#xD;
2019-11-01 02:23:31 - [MESSAGE][PASSED] - utilities.SafeActions.safeType is PASSED&#xD;
&#xD;
2019-11-01 02:23:31 - [TEST_STEP][NOT_RUN] - delay(4): NOT_RUN: delay(4)&#xD;
&#xD;
2019-11-01 02:23:31 - [MESSAGE][NOT_RUN] - NOT_RUN: delay(4)&#xD;
&#xD;
2019-11-01 02:23:31 - [TEST_STEP][PASSED] - utilities.SafeActions.safeSelectOptionInDropDownByVisibleText(findTestObject("Pages/FirstPayVault/dropDown_ExpirationMonth"), cardMonth, "Expiration Month", [PageLoadTime]): utilities.SafeActions.safeSelectOptionInDropDownByVisibleText is PASSED&#xD;
&#xD;
2019-11-01 02:23:31 - [MESSAGE][PASSED] - Object 'Object Repository/Pages/FirstPayVault/dropDown_ExpirationMonth' is visible&#xD;
&#xD;
2019-11-01 02:23:31 - [MESSAGE][PASSED] - Object 'Object Repository/Pages/FirstPayVault/dropDown_ExpirationMonth' is present&#xD;
&#xD;
2019-11-01 02:23:32 - [MESSAGE][PASSED] - Object: 'Object Repository/Pages/FirstPayVault/dropDown_ExpirationMonth' is clicked on&#xD;
&#xD;
2019-11-01 02:23:32 - [MESSAGE][PASSED] - All options with label 'September' are selected in object 'Object Repository/Pages/FirstPayVault/dropDown_ExpirationMonth' &#xD;
&#xD;
2019-11-01 02:23:32 - [MESSAGE][PASSED] - utilities.SafeActions.safeSelectOptionInDropDownByVisibleText is PASSED&#xD;
&#xD;
2019-11-01 02:23:32 - [TEST_STEP][PASSED] - utilities.SafeActions.safeSelectOptionInDropDownByVisibleText(findTestObject("Pages/FirstPayVault/dropDown_ExpirationYear"), cardYear, "year", [PageLoadTime]): utilities.SafeActions.safeSelectOptionInDropDownByVisibleText is PASSED&#xD;
&#xD;
2019-11-01 02:23:32 - [MESSAGE][PASSED] - Object 'Object Repository/Pages/FirstPayVault/dropDown_ExpirationYear' is visible&#xD;
&#xD;
2019-11-01 02:23:32 - [MESSAGE][PASSED] - Object 'Object Repository/Pages/FirstPayVault/dropDown_ExpirationYear' is present&#xD;
&#xD;
2019-11-01 02:23:33 - [MESSAGE][PASSED] - Object: 'Object Repository/Pages/FirstPayVault/dropDown_ExpirationYear' is clicked on&#xD;
&#xD;
2019-11-01 02:23:33 - [MESSAGE][PASSED] - All options with label '2022' are selected in object 'Object Repository/Pages/FirstPayVault/dropDown_ExpirationYear' &#xD;
&#xD;
2019-11-01 02:23:33 - [MESSAGE][PASSED] - utilities.SafeActions.safeSelectOptionInDropDownByVisibleText is PASSED&#xD;
&#xD;
2019-11-01 02:23:33 - [TEST_STEP][NOT_RUN] - delay(2): NOT_RUN: delay(2)&#xD;
&#xD;
2019-11-01 02:23:33 - [MESSAGE][NOT_RUN] - NOT_RUN: delay(2)&#xD;
&#xD;
2019-11-01 02:23:33 - [TEST_STEP][PASSED] - utilities.SafeActions.safeType(findTestObject("Pages/FirstPayVault/input_ContactName"), customerName, "Enter Contact Name", [PageLoadTime]): utilities.SafeActions.safeType is PASSED&#xD;
&#xD;
2019-11-01 02:23:33 - [MESSAGE][PASSED] - Object 'Object Repository/Pages/FirstPayVault/input_ContactName' is present&#xD;
&#xD;
2019-11-01 02:23:33 - [MESSAGE][PASSED] - Scroll to object 'Object Repository/Pages/FirstPayVault/input_ContactName' successfully&#xD;
&#xD;
2019-11-01 02:23:33 - [MESSAGE][PASSED] - Object 'Object Repository/Pages/FirstPayVault/input_ContactName' is present&#xD;
&#xD;
2019-11-01 02:23:34 - [MESSAGE][PASSED] - Object: 'Object Repository/Pages/FirstPayVault/input_ContactName' is clicked on&#xD;
&#xD;
2019-11-01 02:23:34 - [MESSAGE][PASSED] - Text 'Venkat Sai' is set on object 'Object Repository/Pages/FirstPayVault/input_ContactName'&#xD;
&#xD;
2019-11-01 02:23:34 - [MESSAGE][PASSED] - utilities.SafeActions.safeType is PASSED&#xD;
&#xD;
2019-11-01 02:23:34 - [TEST_STEP][PASSED] - utilities.SafeActions.safeType(findTestObject("Pages/FirstPayVault/input_PostalCode"), postalCode, "Enter Postal Code", [PageLoadTime]): utilities.SafeActions.safeType is PASSED&#xD;
&#xD;
2019-11-01 02:23:34 - [MESSAGE][PASSED] - Object 'Object Repository/Pages/FirstPayVault/input_PostalCode' is present&#xD;
&#xD;
2019-11-01 02:23:34 - [MESSAGE][PASSED] - Scroll to object 'Object Repository/Pages/FirstPayVault/input_PostalCode' successfully&#xD;
&#xD;
2019-11-01 02:23:34 - [MESSAGE][PASSED] - Object 'Object Repository/Pages/FirstPayVault/input_PostalCode' is present&#xD;
&#xD;
2019-11-01 02:23:35 - [MESSAGE][PASSED] - Object: 'Object Repository/Pages/FirstPayVault/input_PostalCode' is clicked on&#xD;
&#xD;
2019-11-01 02:23:35 - [MESSAGE][PASSED] - Text '76102' is set on object 'Object Repository/Pages/FirstPayVault/input_PostalCode'&#xD;
&#xD;
2019-11-01 02:23:35 - [MESSAGE][PASSED] - utilities.SafeActions.safeType is PASSED&#xD;
&#xD;
2019-11-01 02:23:35 - [TEST_STEP][PASSED] - utilities.SafeActions.safeType(findTestObject("Pages/FirstPayVault/input_Address"), address, "Enter ddress", [PageLoadTime]): utilities.SafeActions.safeType is PASSED&#xD;
&#xD;
2019-11-01 02:23:35 - [MESSAGE][PASSED] - Object 'Object Repository/Pages/FirstPayVault/input_Address' is present&#xD;
&#xD;
2019-11-01 02:23:35 - [MESSAGE][PASSED] - Scroll to object 'Object Repository/Pages/FirstPayVault/input_Address' successfully&#xD;
&#xD;
2019-11-01 02:23:35 - [MESSAGE][PASSED] - Object 'Object Repository/Pages/FirstPayVault/input_Address' is present&#xD;
&#xD;
2019-11-01 02:23:36 - [MESSAGE][PASSED] - Object: 'Object Repository/Pages/FirstPayVault/input_Address' is clicked on&#xD;
&#xD;
2019-11-01 02:23:36 - [MESSAGE][PASSED] - Text 'Street123' is set on object 'Object Repository/Pages/FirstPayVault/input_Address'&#xD;
&#xD;
2019-11-01 02:23:36 - [MESSAGE][PASSED] - utilities.SafeActions.safeType is PASSED&#xD;
&#xD;
2019-11-01 02:23:36 - [TEST_STEP][PASSED] - utilities.SafeActions.safeCheckForElement(findTestObject("Pages/FirstPayVault/chekBox_AddShippingInformation"), PageLoadTime): utilities.SafeActions.safeCheckForElement is PASSED&#xD;
&#xD;
2019-11-01 02:23:36 - [MESSAGE][PASSED] - Object 'Object Repository/Pages/FirstPayVault/chekBox_AddShippingInformation' is present&#xD;
&#xD;
2019-11-01 02:23:37 - [MESSAGE][PASSED] - Object 'Object Repository/Pages/FirstPayVault/chekBox_AddShippingInformation' is visible&#xD;
&#xD;
2019-11-01 02:23:37 - [MESSAGE][PASSED] - Object 'Object Repository/Pages/FirstPayVault/chekBox_AddShippingInformation' is present&#xD;
&#xD;
2019-11-01 02:23:37 - [MESSAGE][PASSED] - Object 'Object Repository/Pages/FirstPayVault/chekBox_AddShippingInformation' is checked&#xD;
&#xD;
2019-11-01 02:23:37 - [MESSAGE][PASSED] - utilities.SafeActions.safeCheckForElement is PASSED&#xD;
&#xD;
2019-11-01 02:23:37 - [TEST_STEP][PASSED] - utilities.SafeActions.safeType(findTestObject("Pages/FirstPayVault/input_ShippingMethod"), shippingMethod, "Enter Shipping Method", [PageLoadTime]): utilities.SafeActions.safeType is PASSED&#xD;
&#xD;
2019-11-01 02:23:38 - [MESSAGE][PASSED] - Object 'Object Repository/Pages/FirstPayVault/input_ShippingMethod' is present&#xD;
&#xD;
2019-11-01 02:23:38 - [MESSAGE][PASSED] - Scroll to object 'Object Repository/Pages/FirstPayVault/input_ShippingMethod' successfully&#xD;
&#xD;
2019-11-01 02:23:38 - [MESSAGE][PASSED] - Object 'Object Repository/Pages/FirstPayVault/input_ShippingMethod' is present&#xD;
&#xD;
2019-11-01 02:23:38 - [MESSAGE][PASSED] - Object: 'Object Repository/Pages/FirstPayVault/input_ShippingMethod' is clicked on&#xD;
&#xD;
2019-11-01 02:23:38 - [MESSAGE][PASSED] - Text 'DTDC' is set on object 'Object Repository/Pages/FirstPayVault/input_ShippingMethod'&#xD;
&#xD;
2019-11-01 02:23:38 - [MESSAGE][PASSED] - utilities.SafeActions.safeType is PASSED&#xD;
&#xD;
2019-11-01 02:23:38 - [TEST_STEP][PASSED] - utilities.SafeActions.safeCheckForElement(findTestObject("Pages/FirstPayVault/checkbox_SameAsBillingInformation"), PageLoadTime): utilities.SafeActions.safeCheckForElement is PASSED&#xD;
&#xD;
2019-11-01 02:23:39 - [MESSAGE][PASSED] - Object 'Object Repository/Pages/FirstPayVault/checkbox_SameAsBillingInformation' is present&#xD;
&#xD;
2019-11-01 02:23:39 - [MESSAGE][PASSED] - Object 'Object Repository/Pages/FirstPayVault/checkbox_SameAsBillingInformation' is visible&#xD;
&#xD;
2019-11-01 02:23:39 - [MESSAGE][PASSED] - Object 'Object Repository/Pages/FirstPayVault/checkbox_SameAsBillingInformation' is present&#xD;
&#xD;
2019-11-01 02:23:39 - [MESSAGE][PASSED] - Object 'Object Repository/Pages/FirstPayVault/checkbox_SameAsBillingInformation' is checked&#xD;
&#xD;
2019-11-01 02:23:39 - [MESSAGE][PASSED] - utilities.SafeActions.safeCheckForElement is PASSED&#xD;
&#xD;
2019-11-01 02:23:39 - [TEST_STEP][PASSED] - utilities.SafeActions.safeClickwithScroll(findTestObject("Pages/FirstPayVault/button_Create"), "Click on Create Button", [PageLoadTime]): utilities.SafeActions.safeClickwithScroll is PASSED&#xD;
&#xD;
2019-11-01 02:23:39 - [MESSAGE][PASSED] - Object 'Object Repository/Pages/FirstPayVault/button_Create' is present&#xD;
&#xD;
2019-11-01 02:23:40 - [MESSAGE][PASSED] - Object 'Object Repository/Pages/FirstPayVault/button_Create' is visible&#xD;
&#xD;
2019-11-01 02:23:40 - [MESSAGE][INFO] - 1stPayVault.ts:waiting until Click on Create Button is Clickable&#xD;
&#xD;
2019-11-01 02:23:40 - [MESSAGE][PASSED] - Object 'Object Repository/Pages/FirstPayVault/button_Create' is clickable&#xD;
&#xD;
2019-11-01 02:23:40 - [MESSAGE][PASSED] - Object 'Object Repository/Pages/FirstPayVault/button_Create' is visible&#xD;
&#xD;
2019-11-01 02:23:41 - [MESSAGE][PASSED] - Object: 'Object Repository/Pages/FirstPayVault/button_Create' is clicked on&#xD;
&#xD;
2019-11-01 02:23:41 - [MESSAGE][INFO] - 1stPayVault.ts: Clicked on the Click on Create Button&#xD;
&#xD;
2019-11-01 02:23:41 - [MESSAGE][PASSED] - utilities.SafeActions.safeClickwithScroll is PASSED&#xD;
&#xD;
2019-11-01 02:23:41 - [TEST_STEP][NOT_RUN] - delay(2): NOT_RUN: delay(2)&#xD;
&#xD;
2019-11-01 02:23:41 - [MESSAGE][NOT_RUN] - NOT_RUN: delay(2)&#xD;
&#xD;
2019-11-01 02:23:41 - [TEST_STEP][PASSED] - popupSavedToVaultMessage = utilities.SafeActions.safeGetText(findTestObject("Pages/FirstPayVault/popup_SavedToVaultMessage"), PageLoadTime): utilities.SafeActions.safeGetText is PASSED&#xD;
&#xD;
2019-11-01 02:23:41 - [MESSAGE][PASSED] - Object 'Object Repository/Pages/FirstPayVault/popup_SavedToVaultMessage' is present&#xD;
&#xD;
2019-11-01 02:23:41 - [MESSAGE][PASSED] - Scroll to object 'Object Repository/Pages/FirstPayVault/popup_SavedToVaultMessage' successfully&#xD;
&#xD;
2019-11-01 02:23:41 - [MESSAGE][PASSED] - Object 'Object Repository/Pages/FirstPayVault/popup_SavedToVaultMessage' is present&#xD;
&#xD;
2019-11-01 02:23:42 - [MESSAGE][PASSED] - Text of object 'Object Repository/Pages/FirstPayVault/popup_SavedToVaultMessage' is: 'Successfully Saved to Vault'&#xD;
&#xD;
2019-11-01 02:23:42 - [MESSAGE][PASSED] - utilities.SafeActions.safeGetText is PASSED&#xD;
&#xD;
2019-11-01 02:23:42 - [TEST_STEP][PASSED] - flag = utilities.SafeActions.verifyPopupMessage("Successfully Saved to Vault", popupSavedToVaultMessage): Popup Message : Successfully Saved to Vault matched with expected message : Successfully Saved to Vault&#xD;
&#xD;
2019-11-01 02:23:42 - [MESSAGE][PASSED] - Popup Message : Successfully Saved to Vault matched with expected message : Successfully Saved to Vault&#xD;
&#xD;
2019-11-01 02:23:42 - [TEST_STEP][NOT_RUN] - delay(2): NOT_RUN: delay(2)&#xD;
&#xD;
2019-11-01 02:23:42 - [MESSAGE][NOT_RUN] - NOT_RUN: delay(2)&#xD;
&#xD;
2019-11-01 02:23:42 - [TEST_STEP][PASSED] - utilities.SafeActions.safeClickWithoutScroll(findTestObject("Pages/FirstPayVault/button_RunSaleWithThisVault_InPopup"), "Click on Run Sale With This Vault in Popup", [delayBetweenTestSteps]): utilities.SafeActions.safeClickWithoutScroll is PASSED&#xD;
&#xD;
2019-11-01 02:23:42 - [MESSAGE][INFO] - Safe Click Without scroll&#xD;
&#xD;
2019-11-01 02:23:42 - [MESSAGE][INFO] - 1stPayVault.ts:waiting until Click on Run Sale With This Vault in Popup is Clickable&#xD;
&#xD;
2019-11-01 02:23:42 - [MESSAGE][PASSED] - Object 'Object Repository/Pages/FirstPayVault/button_RunSaleWithThisVault_InPopup' is clickable&#xD;
&#xD;
2019-11-01 02:23:42 - [MESSAGE][PASSED] - Object 'Object Repository/Pages/FirstPayVault/button_RunSaleWithThisVault_InPopup' is visible&#xD;
&#xD;
2019-11-01 02:23:43 - [MESSAGE][PASSED] - Object: 'Object Repository/Pages/FirstPayVault/button_RunSaleWithThisVault_InPopup' is clicked on&#xD;
&#xD;
2019-11-01 02:23:43 - [MESSAGE][INFO] - 1stPayVault.ts: click on the Click on Run Sale With This Vault in Popup&#xD;
&#xD;
2019-11-01 02:23:43 - [MESSAGE][PASSED] - utilities.SafeActions.safeClickWithoutScroll is PASSED&#xD;
&#xD;
2019-11-01 02:23:43 - [TEST_STEP][NOT_RUN] - delay(1): NOT_RUN: delay(1)&#xD;
&#xD;
2019-11-01 02:23:43 - [MESSAGE][NOT_RUN] - NOT_RUN: delay(1)&#xD;
&#xD;
2019-11-01 02:23:43 - [TEST_STEP][PASSED] - value = utilities.SafeActions.getAttributeValue(findTestObject("Pages/FirstPayVault/tab_1stPayVault_Active"), "1st_PayVault"): The screen is 1st_PayVault screen&#xD;
&#xD;
2019-11-01 02:23:43 - [MESSAGE][PASSED] - Attribute 'class' of object 'Object Repository/Pages/FirstPayVault/tab_1stPayVault_Active' is: 'active_tab tabs__link'&#xD;
&#xD;
2019-11-01 02:23:43 - [MESSAGE][PASSED] - The screen is 1st_PayVault screen&#xD;
&#xD;
2019-11-01 02:23:43 - [TEST_STEP][PASSED] - scrollToElement(findTestObject("Pages/FirstPayVault/input_Amount"), PageLoadTime): Scroll to object 'Object Repository/Pages/FirstPayVault/input_Amount' successfully&#xD;
&#xD;
2019-11-01 02:23:43 - [MESSAGE][PASSED] - Scroll to object 'Object Repository/Pages/FirstPayVault/input_Amount' successfully&#xD;
&#xD;
2019-11-01 02:23:43 - [TEST_STEP][PASSED] - utilities.SafeActions.safeType(findTestObject("Pages/FirstPayVault/input_Amount"), amount, "Enter Amount", [PageLoadTime]): utilities.SafeActions.safeType is PASSED&#xD;
&#xD;
2019-11-01 02:23:43 - [MESSAGE][PASSED] - Object 'Object Repository/Pages/FirstPayVault/input_Amount' is present&#xD;
&#xD;
2019-11-01 02:23:43 - [MESSAGE][PASSED] - Scroll to object 'Object Repository/Pages/FirstPayVault/input_Amount' successfully&#xD;
&#xD;
2019-11-01 02:23:43 - [MESSAGE][PASSED] - Object 'Object Repository/Pages/FirstPayVault/input_Amount' is present&#xD;
&#xD;
2019-11-01 02:23:44 - [MESSAGE][PASSED] - Object: 'Object Repository/Pages/FirstPayVault/input_Amount' is clicked on&#xD;
&#xD;
2019-11-01 02:23:44 - [MESSAGE][PASSED] - Text '450' is set on object 'Object Repository/Pages/FirstPayVault/input_Amount'&#xD;
&#xD;
2019-11-01 02:23:44 - [MESSAGE][PASSED] - utilities.SafeActions.safeType is PASSED&#xD;
&#xD;
2019-11-01 02:23:44 - [TEST_STEP][PASSED] - salesTax = utilities.SafeActions.safeGetText(findTestObject("Pages/FirstPayVault/input_SalesTaxUnderAmount"), delayBetweenTestSteps): utilities.SafeActions.safeGetText is PASSED&#xD;
&#xD;
2019-11-01 02:23:44 - [MESSAGE][PASSED] - Object 'Object Repository/Pages/FirstPayVault/input_SalesTaxUnderAmount' is present&#xD;
&#xD;
2019-11-01 02:23:44 - [MESSAGE][PASSED] - Scroll to object 'Object Repository/Pages/FirstPayVault/input_SalesTaxUnderAmount' successfully&#xD;
&#xD;
2019-11-01 02:23:44 - [MESSAGE][PASSED] - Object 'Object Repository/Pages/FirstPayVault/input_SalesTaxUnderAmount' is present&#xD;
&#xD;
2019-11-01 02:23:45 - [MESSAGE][PASSED] - Text of object 'Object Repository/Pages/FirstPayVault/input_SalesTaxUnderAmount' is: '$37.13'&#xD;
&#xD;
2019-11-01 02:23:45 - [MESSAGE][PASSED] - utilities.SafeActions.safeGetText is PASSED&#xD;
&#xD;
2019-11-01 02:23:45 - [TEST_STEP][PASSED] - pages.FirstPayVault.verifyAmountIsNotZero(salesTax): pages.FirstPayVault.verifyAmountIsNotZero is PASSED&#xD;
&#xD;
2019-11-01 02:23:45 - [MESSAGE][PASSED] - pages.FirstPayVault.verifyAmountIsNotZero is PASSED&#xD;
&#xD;
2019-11-01 02:23:45 - [TEST_STEP][PASSED] - scrollToElement(findTestObject("Pages/FirstPayVault/input_CreditCardNumberForVerification"), delayBetweenTestSteps): Scroll to object 'Object Repository/Pages/FirstPayVault/input_CreditCardNumberForVerification' successfully&#xD;
&#xD;
2019-11-01 02:23:45 - [MESSAGE][PASSED] - Scroll to object 'Object Repository/Pages/FirstPayVault/input_CreditCardNumberForVerification' successfully&#xD;
&#xD;
2019-11-01 02:23:45 - [TEST_STEP][PASSED] - cardNumber = utilities.SafeActions.getAttribute(findTestObject("Pages/FirstPayVault/input_CreditCardNumberForVerification"), "1st Pay Vault"): utilities.SafeActions.getAttribute is PASSED&#xD;
&#xD;
2019-11-01 02:23:45 - [MESSAGE][PASSED] - Attribute 'value' of object 'Object Repository/Pages/FirstPayVault/input_CreditCardNumberForVerification' is: '411111******1111'&#xD;
&#xD;
2019-11-01 02:23:45 - [MESSAGE][PASSED] - utilities.SafeActions.getAttribute is PASSED&#xD;
&#xD;
2019-11-01 02:23:45 - [TEST_STEP][PASSED] - pages.FirstPayVault.verifyCardNumber(cardNumber, visaCardNumber): Actual String : 4111111111111111 matched with Expected message : 411111******1111&#xD;
&#xD;
2019-11-01 02:23:45 - [MESSAGE][PASSED] - Actual String : 4111111111111111 matched with Expected message : 411111******1111&#xD;
&#xD;
2019-11-01 02:23:45 - [TEST_STEP][PASSED] - expirationYear = utilities.SafeActions.getAttribute(findTestObject("Pages/FirstPayVault/dropDownExpirationYearForVerification"), "1st Pay Vault"): utilities.SafeActions.getAttribute is PASSED&#xD;
&#xD;
2019-11-01 02:23:45 - [MESSAGE][PASSED] - Attribute 'value' of object 'Object Repository/Pages/FirstPayVault/dropDownExpirationYearForVerification' is: '2022'&#xD;
&#xD;
2019-11-01 02:23:45 - [MESSAGE][PASSED] - utilities.SafeActions.getAttribute is PASSED&#xD;
&#xD;
2019-11-01 02:23:45 - [TEST_STEP][PASSED] - pages.FirstPayVault.verifyStrings(expirationYear, cardYear): Actual String : 2022 matched with Expected message : 2022&#xD;
&#xD;
2019-11-01 02:23:45 - [MESSAGE][PASSED] - Actual String : 2022 matched with Expected message : 2022&#xD;
&#xD;
2019-11-01 02:23:45 - [TEST_STEP][PASSED] - scrollToElement(findTestObject("Pages/FirstPayVault/input_VerifyCardHolderName"), PageLoadTime): Scroll to object 'Object Repository/Pages/FirstPayVault/input_VerifyCardHolderName' successfully&#xD;
&#xD;
2019-11-01 02:23:45 - [MESSAGE][PASSED] - Scroll to object 'Object Repository/Pages/FirstPayVault/input_VerifyCardHolderName' successfully&#xD;
&#xD;
2019-11-01 02:23:45 - [TEST_STEP][PASSED] - name = utilities.SafeActions.getAttribute(findTestObject("Pages/FirstPayVault/input_VerifyCardHolderName"), "1stPayVault"): utilities.SafeActions.getAttribute is PASSED&#xD;
&#xD;
2019-11-01 02:23:45 - [MESSAGE][PASSED] - Attribute 'value' of object 'Object Repository/Pages/FirstPayVault/input_VerifyCardHolderName' is: 'Venkat Sai'&#xD;
&#xD;
2019-11-01 02:23:45 - [MESSAGE][PASSED] - utilities.SafeActions.getAttribute is PASSED&#xD;
&#xD;
2019-11-01 02:23:45 - [TEST_STEP][PASSED] - pages.FirstPayVault.verifyStrings(name, customerName): Actual String : Venkat Sai matched with Expected message : Venkat Sai&#xD;
&#xD;
2019-11-01 02:23:45 - [MESSAGE][PASSED] - Actual String : Venkat Sai matched with Expected message : Venkat Sai&#xD;
&#xD;
2019-11-01 02:23:45 - [TEST_STEP][PASSED] - scrollToElement(findTestObject("Pages/FirstPayVault/checkbox_TaxExempt"), PageLoadTime): Scroll to object 'Object Repository/Pages/FirstPayVault/checkbox_TaxExempt' successfully&#xD;
&#xD;
2019-11-01 02:23:45 - [MESSAGE][PASSED] - Scroll to object 'Object Repository/Pages/FirstPayVault/checkbox_TaxExempt' successfully&#xD;
&#xD;
2019-11-01 02:23:45 - [TEST_STEP][NOT_RUN] - salesTax = utilities.SafeActions.safeGetText(findTestObject("Pages/FirstPayVault/amount_UnderPurchaseCardInformation"), delayBetweenTestSteps): NOT_RUN: salesTax = utilities.SafeActions.safeGetText(findTestObject("Pages/FirstPayVault/amount_UnderPurchaseCardInformation"), delayBetweenTestSteps)&#xD;
&#xD;
2019-11-01 02:23:45 - [MESSAGE][NOT_RUN] - NOT_RUN: salesTax = utilities.SafeActions.safeGetText(findTestObject("Pages/FirstPayVault/amount_UnderPurchaseCardInformation"), delayBetweenTestSteps)&#xD;
&#xD;
2019-11-01 02:23:45 - [TEST_STEP][PASSED] - pages.FirstPayVault.verifyAmountIsNotZero(salesTax): pages.FirstPayVault.verifyAmountIsNotZero is PASSED&#xD;
&#xD;
2019-11-01 02:23:45 - [MESSAGE][PASSED] - pages.FirstPayVault.verifyAmountIsNotZero is PASSED&#xD;
&#xD;
2019-11-01 02:23:45 - [TEST_STEP][PASSED] - utilities.SafeActions.safeCheckForElement(findTestObject("Pages/FirstPayVault/checkbox_TaxExempt"), PageLoadTime): utilities.SafeActions.safeCheckForElement is PASSED&#xD;
&#xD;
2019-11-01 02:23:45 - [MESSAGE][PASSED] - Object 'Object Repository/Pages/FirstPayVault/checkbox_TaxExempt' is present&#xD;
&#xD;
2019-11-01 02:23:46 - [MESSAGE][PASSED] - Object 'Object Repository/Pages/FirstPayVault/checkbox_TaxExempt' is visible&#xD;
&#xD;
2019-11-01 02:23:46 - [MESSAGE][PASSED] - Object 'Object Repository/Pages/FirstPayVault/checkbox_TaxExempt' is present&#xD;
&#xD;
2019-11-01 02:23:46 - [MESSAGE][PASSED] - Object 'Object Repository/Pages/FirstPayVault/checkbox_TaxExempt' is checked&#xD;
&#xD;
2019-11-01 02:23:46 - [MESSAGE][PASSED] - utilities.SafeActions.safeCheckForElement is PASSED&#xD;
&#xD;
2019-11-01 02:23:46 - [TEST_STEP][PASSED] - utilities.SafeActions.safeClickwithScroll(findTestObject("Pages/FirstPayVault/button_Checkout"), "Click on Checkout", [PageLoadTime]): utilities.SafeActions.safeClickwithScroll is PASSED&#xD;
&#xD;
2019-11-01 02:23:46 - [MESSAGE][PASSED] - Object 'Object Repository/Pages/FirstPayVault/button_Checkout' is present&#xD;
&#xD;
2019-11-01 02:23:46 - [MESSAGE][PASSED] - Object 'Object Repository/Pages/FirstPayVault/button_Checkout' is visible&#xD;
&#xD;
2019-11-01 02:23:46 - [MESSAGE][INFO] - 1stPayVault.ts:waiting until Click on Checkout is Clickable&#xD;
&#xD;
2019-11-01 02:23:46 - [MESSAGE][PASSED] - Object 'Object Repository/Pages/FirstPayVault/button_Checkout' is clickable&#xD;
&#xD;
2019-11-01 02:23:47 - [MESSAGE][PASSED] - Object 'Object Repository/Pages/FirstPayVault/button_Checkout' is visible&#xD;
&#xD;
2019-11-01 02:23:47 - [MESSAGE][PASSED] - Object: 'Object Repository/Pages/FirstPayVault/button_Checkout' is clicked on&#xD;
&#xD;
2019-11-01 02:23:47 - [MESSAGE][INFO] - 1stPayVault.ts: Clicked on the Click on Checkout&#xD;
&#xD;
2019-11-01 02:23:47 - [MESSAGE][PASSED] - utilities.SafeActions.safeClickwithScroll is PASSED&#xD;
&#xD;
2019-11-01 02:23:47 - [TEST_STEP][PASSED] - pages.Sale.verifyTransactionCompletePage(findTestObject("Pages/Sale/heading_TransactionComplete")): The screen is Transaction Complete screen&#xD;
&#xD;
2019-11-01 02:23:48 - [MESSAGE][PASSED] - Object 'Object Repository/Pages/Sale/heading_TransactionComplete' is present&#xD;
&#xD;
2019-11-01 02:23:48 - [MESSAGE][PASSED] - The screen is Transaction Complete screen&#xD;
&#xD;
2019-11-01 02:23:48 - [TEST_STEP][NOT_RUN] - delay(delayBetweenTestSteps): NOT_RUN: delay(delayBetweenTestSteps)&#xD;
&#xD;
2019-11-01 02:23:48 - [MESSAGE][NOT_RUN] - NOT_RUN: delay(delayBetweenTestSteps)&#xD;
&#xD;
2019-11-01 02:23:48 - [TEST_STEP][ERROR] - utilities.SafeActions.safeClickWithoutScroll(findTestObject("Pages/FirstPayVault/button_ReturnToSale_InTransactionComplete"), "Click On Return Button", [PageLoadTime]): com.kms.katalon.core.exception.StepErrorException: 1stPayVault.ts:Click On Return Button is not clickable in time - 60seconds&#xD;
&#xD;
2019-11-01 02:23:48 - [MESSAGE][INFO] - Safe Click Without scroll&#xD;
&#xD;
2019-11-01 02:23:48 - [MESSAGE][INFO] - 1stPayVault.ts:waiting until Click On Return Button is Clickable&#xD;
&#xD;
2019-11-01 02:23:48 - [MESSAGE][PASSED] - Object 'Object Repository/Pages/FirstPayVault/button_ReturnToSale_InTransactionComplete' is clickable&#xD;
&#xD;
2019-11-01 02:23:48 - [MESSAGE][PASSED] - Object 'Object Repository/Pages/FirstPayVault/button_ReturnToSale_InTransactionComplete' is visible&#xD;
&#xD;
2019-11-01 02:23:49 - [MESSAGE][FAILED] - Unable to click on object 'Object Repository/Pages/FirstPayVault/button_ReturnToSale_InTransactionComplete' (Root cause: com.kms.katalon.core.exception.StepFailedException: Unable to click on object 'Object Repository/Pages/FirstPayVault/button_ReturnToSale_InTransactionComplete'&#xD;
	at com.kms.katalon.core.webui.keyword.internal.WebUIKeywordMain.stepFailed(WebUIKeywordMain.groovy:64)&#xD;
	at com.kms.katalon.core.webui.keyword.internal.WebUIKeywordMain.runKeyword(WebUIKeywordMain.groovy:26)&#xD;
	at com.kms.katalon.core.webui.keyword.builtin.ClickKeyword.click(ClickKeyword.groovy:86)&#xD;
	at com.kms.katalon.core.webui.keyword.builtin.ClickKeyword.execute(ClickKeyword.groovy:67)&#xD;
	at com.kms.katalon.core.keyword.internal.KeywordExecutor.executeKeywordForPlatform(KeywordExecutor.groovy:56)&#xD;
	at com.kms.katalon.core.webui.keyword.WebUiBuiltInKeywords.click(WebUiBuiltInKeywords.groovy:616)&#xD;
	at com.kms.katalon.core.webui.keyword.WebUiBuiltInKeywords$click$4.call(Unknown Source)&#xD;
	at utilities.SafeActions.safeClickWithoutScroll(SafeActions.groovy:138)&#xD;
	at utilities.SafeActions.invokeMethod(SafeActions.groovy)&#xD;
	at com.kms.katalon.core.main.CustomKeywordDelegatingMetaClass.invokeStaticMethod(CustomKeywordDelegatingMetaClass.java:50)&#xD;
	at TC_1st_Pay_Vault_004.run(TC_1st_Pay_Vault_004:155)&#xD;
	at com.kms.katalon.core.main.ScriptEngine.run(ScriptEngine.java:194)&#xD;
	at com.kms.katalon.core.main.ScriptEngine.runScriptAsRawText(ScriptEngine.java:119)&#xD;
	at com.kms.katalon.core.main.TestCaseExecutor.runScript(TestCaseExecutor.java:337)&#xD;
	at com.kms.katalon.core.main.TestCaseExecutor.doExecute(TestCaseExecutor.java:328)&#xD;
	at com.kms.katalon.core.main.TestCaseExecutor.processExecutionPhase(TestCaseExecutor.java:307)&#xD;
	at com.kms.katalon.core.main.TestCaseExecutor.accessMainPhase(TestCaseExecutor.java:299)&#xD;
	at com.kms.katalon.core.main.TestCaseExecutor.execute(TestCaseExecutor.java:233)&#xD;
	at com.kms.katalon.core.main.TestSuiteExecutor.accessTestCaseMainPhase(TestSuiteExecutor.java:169)&#xD;
	at com.kms.katalon.core.main.TestSuiteExecutor.accessTestSuiteMainPhase(TestSuiteExecutor.java:142)&#xD;
	at com.kms.katalon.core.main.TestSuiteExecutor.execute(TestSuiteExecutor.java:91)&#xD;
	at com.kms.katalon.core.main.TestCaseMain.startTestSuite(TestCaseMain.java:157)&#xD;
	at com.kms.katalon.core.main.TestCaseMain$startTestSuite$0.call(Unknown Source)&#xD;
	at TempTestSuite1572592574803.run(TempTestSuite1572592574803.groovy:35)&#xD;
Caused by: org.openqa.selenium.ElementClickInterceptedException: Element &lt;button id="button-refund-checkout" class="btn btn-primary btn-lg" type="button"&gt; is not clickable at point (631,457) because another element &lt;div class="modal-backdrop fade"&gt; obscures it
Build info: version: '3.141.59', revision: 'e82be7d358', time: '2018-11-14T08:25:53'
System info: host: 'FW1-D-DTA-ZENQ1', ip: '172.25.52.168', os.name: 'Windows 10', os.arch: 'amd64', os.version: '10.0', java.version: '1.8.0_181'
Driver info: com.kms.katalon.core.webui.driver.firefox.CGeckoDriver
Capabilities {acceptInsecureCerts: true, browserName: firefox, browserVersion: 68.0.2, javascriptEnabled: true, moz:accessibilityChecks: false, moz:buildID: 20190813150448, moz:geckodriverVersion: 0.23.0, moz:headless: false, moz:processID: 25356, moz:profile: C:\Users\venkata.annam\AppD..., moz:shutdownTimeout: 60000, moz:useNonSpecCompliantPointerOrigin: false, moz:webdriverClick: true, pageLoadStrategy: normal, platform: WINDOWS, platformName: WINDOWS, platformVersion: 10.0, proxy: Proxy(direct), rotatable: false, setWindowRect: true, strictFileInteractability: false, timeouts: {implicit: 0, pageLoad: 300000, script: 30000}, unhandledPromptBehavior: dismiss and notify}
Session ID: f7021dc5-3e17-43fd-bdc5-b47808a97261&#xD;
	at org.openqa.selenium.remote.http.W3CHttpResponseCodec.createException(W3CHttpResponseCodec.java:187)&#xD;
	at org.openqa.selenium.remote.http.W3CHttpResponseCodec.decode(W3CHttpResponseCodec.java:122)&#xD;
	at org.openqa.selenium.remote.http.W3CHttpResponseCodec.decode(W3CHttpResponseCodec.java:49)&#xD;
	at org.openqa.selenium.remote.HttpCommandExecutor.execute(HttpCommandExecutor.java:158)&#xD;
	at org.openqa.selenium.remote.service.DriverCommandExecutor.execute(DriverCommandExecutor.java:83)&#xD;
	at org.openqa.selenium.remote.RemoteWebDriver.execute(RemoteWebDriver.java:552)&#xD;
	at com.kms.katalon.selenium.driver.CFirefoxDriver.execute(CFirefoxDriver.java:28)&#xD;
	at org.openqa.selenium.remote.RemoteWebElement.execute(RemoteWebElement.java:285)&#xD;
	at org.openqa.selenium.remote.RemoteWebElement.click(RemoteWebElement.java:84)&#xD;
	at com.kms.katalon.core.webui.keyword.builtin.ClickKeyword$_click_closure1.doCall(ClickKeyword.groovy:79)&#xD;
	at com.kms.katalon.core.webui.keyword.builtin.ClickKeyword$_click_closure1.call(ClickKeyword.groovy)&#xD;
	at com.kms.katalon.core.webui.keyword.internal.WebUIKeywordMain.runKeyword(WebUIKeywordMain.groovy:20)&#xD;
	at com.kms.katalon.core.webui.keyword.builtin.ClickKeyword.click(ClickKeyword.groovy:86)&#xD;
	at com.kms.katalon.core.webui.keyword.builtin.ClickKeyword.execute(ClickKeyword.groovy:67)&#xD;
	at com.kms.katalon.core.keyword.internal.KeywordExecutor.executeKeywordForPlatform(KeywordExecutor.groovy:56)&#xD;
	at com.kms.katalon.core.webui.keyword.WebUiBuiltInKeywords.click(WebUiBuiltInKeywords.groovy:616)&#xD;
	at com.kms.katalon.core.webui.keyword.WebUiBuiltInKeywords$click$4.call(Unknown Source)&#xD;
	at utilities.SafeActions.safeClickWithoutScroll(SafeActions.groovy:138)&#xD;
	at utilities.SafeActions.invokeMethod(SafeActions.groovy)&#xD;
	at com.kms.katalon.core.main.CustomKeywordDelegatingMetaClass.invokeStaticMethod(CustomKeywordDelegatingMetaClass.java:50)&#xD;
	at Script1568795840843.run(Script1568795840843.groovy:155)&#xD;
	... 13 more&#xD;
)&#xD;
[[ATTACHMENT|C:\\VPOS_Git_31-10-2019\\VPOS_Internal\\Reports\\20191101_021613\\FirstView\\1stPayVault\\20191101_021614\\1572593029503.png]]&#xD;
&#xD;
2019-11-01 02:23:49 - [MESSAGE][ERROR] - com.kms.katalon.core.exception.StepErrorException: 1stPayVault.ts:Click On Return Button is not clickable in time - 60seconds&#xD;
&#xD;
2019-11-01 02:23:49 - [TEST_STEP][PASSED] - utilities.SafeActions.safeClickWithoutScroll(findTestObject("Pages/FirstPayVault/tab_FirstPayVault"), "Click on FirstPayVault tab", [PageLoadTime]): utilities.SafeActions.safeClickWithoutScroll is PASSED&#xD;
&#xD;
2019-11-01 02:23:49 - [MESSAGE][INFO] - Safe Click Without scroll&#xD;
&#xD;
2019-11-01 02:23:49 - [MESSAGE][INFO] - 1stPayVault.ts:waiting until Click on FirstPayVault tab is Clickable&#xD;
&#xD;
2019-11-01 02:23:49 - [MESSAGE][PASSED] - Object 'Object Repository/Pages/FirstPayVault/tab_FirstPayVault' is clickable&#xD;
&#xD;
2019-11-01 02:23:50 - [MESSAGE][PASSED] - Object 'Object Repository/Pages/FirstPayVault/tab_FirstPayVault' is visible&#xD;
&#xD;
2019-11-01 02:23:50 - [MESSAGE][PASSED] - Object: 'Object Repository/Pages/FirstPayVault/tab_FirstPayVault' is clicked on&#xD;
&#xD;
2019-11-01 02:23:50 - [MESSAGE][INFO] - 1stPayVault.ts: click on the Click on FirstPayVault tab&#xD;
&#xD;
2019-11-01 02:23:50 - [MESSAGE][PASSED] - utilities.SafeActions.safeClickWithoutScroll is PASSED&#xD;
&#xD;
2019-11-01 02:23:50 - [TEST_STEP][ERROR] - utilities.SafeActions.safeClickwithScroll(findTestObject("Pages/FirstPayVault/button_SearchVault"), "Click on Search Vault", [PageLoadTime]): com.kms.katalon.core.exception.StepErrorException: Click on Search Vault was not found on the webpage&#xD;
&#xD;
2019-11-01 02:24:53 - [MESSAGE][INFO] - Unable to find the element located by 'By.xpath: //button[text()='Create Vault']/following-sibling::button[text()='Search Vault']'. Please recheck the objects properties to make sure the desired element is located. &#xD;
&#xD;
2019-11-01 02:24:53 - [MESSAGE][WARNING] - Object 'Object Repository/Pages/FirstPayVault/button_SearchVault' is not present after 60 second(s)&#xD;
&#xD;
2019-11-01 02:25:23 - [MESSAGE][INFO] - Unable to find the element located by 'By.xpath: //button[text()='Create Vault']/following-sibling::button[text()='Search Vault']'. Please recheck the objects properties to make sure the desired element is located. &#xD;
&#xD;
2019-11-01 02:25:23 - [MESSAGE][FAILED] - Web element with id: 'Object Repository/Pages/FirstPayVault/button_SearchVault' located by 'By.xpath: //button[text()='Create Vault']/following-sibling::button[text()='Search Vault']' not found (Root cause: com.kms.katalon.core.exception.StepFailedException: Web element with id: 'Object Repository/Pages/FirstPayVault/button_SearchVault' located by 'By.xpath: //button[text()='Create Vault']/following-sibling::button[text()='Search Vault']' not found&#xD;
	at com.kms.katalon.core.webui.keyword.internal.WebUIKeywordMain.stepFailed(WebUIKeywordMain.groovy:64)&#xD;
	at com.kms.katalon.core.webui.keyword.builtin.VerifyElementVisibleKeyword$_verifyElementVisible_closure1.doCall(VerifyElementVisibleKeyword.groovy:89)&#xD;
	at com.kms.katalon.core.webui.keyword.builtin.VerifyElementVisibleKeyword$_verifyElementVisible_closure1.call(VerifyElementVisibleKeyword.groovy)&#xD;
	at com.kms.katalon.core.webui.keyword.internal.WebUIKeywordMain.runKeyword(WebUIKeywordMain.groovy:20)&#xD;
	at com.kms.katalon.core.webui.keyword.builtin.VerifyElementVisibleKeyword.verifyElementVisible(VerifyElementVisibleKeyword.groovy:97)&#xD;
	at com.kms.katalon.core.webui.keyword.builtin.VerifyElementVisibleKeyword.execute(VerifyElementVisibleKeyword.groovy:67)&#xD;
	at com.kms.katalon.core.keyword.internal.KeywordExecutor.executeKeywordForPlatform(KeywordExecutor.groovy:56)&#xD;
	at com.kms.katalon.core.webui.keyword.WebUiBuiltInKeywords.verifyElementVisible(WebUiBuiltInKeywords.groovy:372)&#xD;
	at com.kms.katalon.core.webui.keyword.WebUiBuiltInKeywords$verifyElementVisible$7.call(Unknown Source)&#xD;
	at utilities.SafeActions.safeClickwithScroll(SafeActions.groovy:192)&#xD;
	at utilities.SafeActions.invokeMethod(SafeActions.groovy)&#xD;
	at com.kms.katalon.core.main.CustomKeywordDelegatingMetaClass.invokeStaticMethod(CustomKeywordDelegatingMetaClass.java:50)&#xD;
	at TC_1st_Pay_Vault_004.run(TC_1st_Pay_Vault_004:161)&#xD;
	at com.kms.katalon.core.main.ScriptEngine.run(ScriptEngine.java:194)&#xD;
	at com.kms.katalon.core.main.ScriptEngine.runScriptAsRawText(ScriptEngine.java:119)&#xD;
	at com.kms.katalon.core.main.TestCaseExecutor.runScript(TestCaseExecutor.java:337)&#xD;
	at com.kms.katalon.core.main.TestCaseExecutor.doExecute(TestCaseExecutor.java:328)&#xD;
	at com.kms.katalon.core.main.TestCaseExecutor.processExecutionPhase(TestCaseExecutor.java:307)&#xD;
	at com.kms.katalon.core.main.TestCaseExecutor.accessMainPhase(TestCaseExecutor.java:299)&#xD;
	at com.kms.katalon.core.main.TestCaseExecutor.execute(TestCaseExecutor.java:233)&#xD;
	at com.kms.katalon.core.main.TestSuiteExecutor.accessTestCaseMainPhase(TestSuiteExecutor.java:169)&#xD;
	at com.kms.katalon.core.main.TestSuiteExecutor.accessTestSuiteMainPhase(TestSuiteExecutor.java:142)&#xD;
	at com.kms.katalon.core.main.TestSuiteExecutor.execute(TestSuiteExecutor.java:91)&#xD;
	at com.kms.katalon.core.main.TestCaseMain.startTestSuite(TestCaseMain.java:157)&#xD;
	at com.kms.katalon.core.main.TestCaseMain$startTestSuite$0.call(Unknown Source)&#xD;
	at TempTestSuite1572592574803.run(TempTestSuite1572592574803.groovy:35)&#xD;
)&#xD;
[[ATTACHMENT|C:\\VPOS_Git_31-10-2019\\VPOS_Internal\\Reports\\20191101_021613\\FirstView\\1stPayVault\\20191101_021614\\1572593123811.png]]&#xD;
&#xD;
2019-11-01 02:25:24 - [MESSAGE][FAILED] - Unable to verify object 'Object Repository/Pages/FirstPayVault/button_SearchVault' is visible (Root cause: com.kms.katalon.core.exception.StepFailedException: Unable to verify object 'Object Repository/Pages/FirstPayVault/button_SearchVault' is visible&#xD;
	at com.kms.katalon.core.webui.keyword.internal.WebUIKeywordMain.stepFailed(WebUIKeywordMain.groovy:64)&#xD;
	at com.kms.katalon.core.webui.keyword.internal.WebUIKeywordMain.runKeyword(WebUIKeywordMain.groovy:26)&#xD;
	at com.kms.katalon.core.webui.keyword.builtin.VerifyElementVisibleKeyword.verifyElementVisible(VerifyElementVisibleKeyword.groovy:97)&#xD;
	at com.kms.katalon.core.webui.keyword.builtin.VerifyElementVisibleKeyword.execute(VerifyElementVisibleKeyword.groovy:67)&#xD;
	at com.kms.katalon.core.keyword.internal.KeywordExecutor.executeKeywordForPlatform(KeywordExecutor.groovy:56)&#xD;
	at com.kms.katalon.core.webui.keyword.WebUiBuiltInKeywords.verifyElementVisible(WebUiBuiltInKeywords.groovy:372)&#xD;
	at com.kms.katalon.core.webui.keyword.WebUiBuiltInKeywords$verifyElementVisible$7.call(Unknown Source)&#xD;
	at utilities.SafeActions.safeClickwithScroll(SafeActions.groovy:192)&#xD;
	at utilities.SafeActions.invokeMethod(SafeActions.groovy)&#xD;
	at com.kms.katalon.core.main.CustomKeywordDelegatingMetaClass.invokeStaticMethod(CustomKeywordDelegatingMetaClass.java:50)&#xD;
	at TC_1st_Pay_Vault_004.run(TC_1st_Pay_Vault_004:161)&#xD;
	at com.kms.katalon.core.main.ScriptEngine.run(ScriptEngine.java:194)&#xD;
	at com.kms.katalon.core.main.ScriptEngine.runScriptAsRawText(ScriptEngine.java:119)&#xD;
	at com.kms.katalon.core.main.TestCaseExecutor.runScript(TestCaseExecutor.java:337)&#xD;
	at com.kms.katalon.core.main.TestCaseExecutor.doExecute(TestCaseExecutor.java:328)&#xD;
	at com.kms.katalon.core.main.TestCaseExecutor.processExecutionPhase(TestCaseExecutor.java:307)&#xD;
	at com.kms.katalon.core.main.TestCaseExecutor.accessMainPhase(TestCaseExecutor.java:299)&#xD;
	at com.kms.katalon.core.main.TestCaseExecutor.execute(TestCaseExecutor.java:233)&#xD;
	at com.kms.katalon.core.main.TestSuiteExecutor.accessTestCaseMainPhase(TestSuiteExecutor.java:169)&#xD;
	at com.kms.katalon.core.main.TestSuiteExecutor.accessTestSuiteMainPhase(TestSuiteExecutor.java:142)&#xD;
	at com.kms.katalon.core.main.TestSuiteExecutor.execute(TestSuiteExecutor.java:91)&#xD;
	at com.kms.katalon.core.main.TestCaseMain.startTestSuite(TestCaseMain.java:157)&#xD;
	at com.kms.katalon.core.main.TestCaseMain$startTestSuite$0.call(Unknown Source)&#xD;
	at TempTestSuite1572592574803.run(TempTestSuite1572592574803.groovy:35)&#xD;
Caused by: com.kms.katalon.core.exception.StepFailedException: Web element with id: 'Object Repository/Pages/FirstPayVault/button_SearchVault' located by 'By.xpath: //button[text()='Create Vault']/following-sibling::button[text()='Search Vault']' not found&#xD;
	at com.kms.katalon.core.webui.keyword.internal.WebUIKeywordMain.stepFailed(WebUIKeywordMain.groovy:64)&#xD;
	at com.kms.katalon.core.webui.keyword.builtin.VerifyElementVisibleKeyword$_verifyElementVisible_closure1.doCall(VerifyElementVisibleKeyword.groovy:89)&#xD;
	at com.kms.katalon.core.webui.keyword.builtin.VerifyElementVisibleKeyword$_verifyElementVisible_closure1.call(VerifyElementVisibleKeyword.groovy)&#xD;
	at com.kms.katalon.core.webui.keyword.internal.WebUIKeywordMain.runKeyword(WebUIKeywordMain.groovy:20)&#xD;
	... 22 more&#xD;
)&#xD;
[[ATTACHMENT|C:\\VPOS_Git_31-10-2019\\VPOS_Internal\\Reports\\20191101_021613\\FirstView\\1stPayVault\\20191101_021614\\1572593123981.png]]&#xD;
&#xD;
2019-11-01 02:25:24 - [MESSAGE][ERROR] - com.kms.katalon.core.exception.StepErrorException: Click on Search Vault was not found on the webpage&#xD;
&#xD;
2019-11-01 02:25:24 - [TEST_STEP][ERROR] - utilities.SafeActions.safeClickWithoutScroll(findTestObject("Pages/FirstPayVault/button_Search"), "Click On Search button", [PageLoadTime]): com.kms.katalon.core.exception.StepErrorException: 1stPayVault.ts:Click On Search button is not Clickable&#xD;
&#xD;
2019-11-01 02:25:24 - [MESSAGE][INFO] - Safe Click Without scroll&#xD;
&#xD;
2019-11-01 02:25:24 - [MESSAGE][INFO] - 1stPayVault.ts:waiting until Click On Search button is Clickable&#xD;
&#xD;
2019-11-01 02:26:26 - [MESSAGE][INFO] - Unable to find the element located by 'By.xpath: //section[@id='p-1stPayVault']//button[text()='Search']'. Please recheck the objects properties to make sure the desired element is located. &#xD;
&#xD;
2019-11-01 02:26:26 - [MESSAGE][WARNING] - Web element with id: 'Object Repository/Pages/FirstPayVault/button_Search' located by 'By.xpath: //section[@id='p-1stPayVault']//button[text()='Search']' not found&#xD;
&#xD;
2019-11-01 02:26:56 - [MESSAGE][INFO] - Unable to find the element located by 'By.xpath: //section[@id='p-1stPayVault']//button[text()='Search']'. Please recheck the objects properties to make sure the desired element is located. &#xD;
&#xD;
2019-11-01 02:26:57 - [MESSAGE][FAILED] - Web element with id: 'Object Repository/Pages/FirstPayVault/button_Search' located by 'By.xpath: //section[@id='p-1stPayVault']//button[text()='Search']' not found (Root cause: com.kms.katalon.core.exception.StepFailedException: Web element with id: 'Object Repository/Pages/FirstPayVault/button_Search' located by 'By.xpath: //section[@id='p-1stPayVault']//button[text()='Search']' not found&#xD;
	at com.kms.katalon.core.webui.keyword.internal.WebUIKeywordMain.stepFailed(WebUIKeywordMain.groovy:64)&#xD;
	at com.kms.katalon.core.webui.keyword.builtin.VerifyElementVisibleKeyword$_verifyElementVisible_closure1.doCall(VerifyElementVisibleKeyword.groovy:89)&#xD;
	at com.kms.katalon.core.webui.keyword.builtin.VerifyElementVisibleKeyword$_verifyElementVisible_closure1.call(VerifyElementVisibleKeyword.groovy)&#xD;
	at com.kms.katalon.core.webui.keyword.internal.WebUIKeywordMain.runKeyword(WebUIKeywordMain.groovy:20)&#xD;
	at com.kms.katalon.core.webui.keyword.builtin.VerifyElementVisibleKeyword.verifyElementVisible(VerifyElementVisibleKeyword.groovy:97)&#xD;
	at com.kms.katalon.core.webui.keyword.builtin.VerifyElementVisibleKeyword.execute(VerifyElementVisibleKeyword.groovy:67)&#xD;
	at com.kms.katalon.core.keyword.internal.KeywordExecutor.executeKeywordForPlatform(KeywordExecutor.groovy:56)&#xD;
	at com.kms.katalon.core.webui.keyword.WebUiBuiltInKeywords.verifyElementVisible(WebUiBuiltInKeywords.groovy:372)&#xD;
	at com.kms.katalon.core.webui.keyword.WebUiBuiltInKeywords$verifyElementVisible$7.call(Unknown Source)&#xD;
	at utilities.SafeActions.waitUntilClickable(SafeActions.groovy:173)&#xD;
	at utilities.SafeActions.safeClickWithoutScroll(SafeActions.groovy:136)&#xD;
	at utilities.SafeActions.invokeMethod(SafeActions.groovy)&#xD;
	at com.kms.katalon.core.main.CustomKeywordDelegatingMetaClass.invokeStaticMethod(CustomKeywordDelegatingMetaClass.java:50)&#xD;
	at TC_1st_Pay_Vault_004.run(TC_1st_Pay_Vault_004:164)&#xD;
	at com.kms.katalon.core.main.ScriptEngine.run(ScriptEngine.java:194)&#xD;
	at com.kms.katalon.core.main.ScriptEngine.runScriptAsRawText(ScriptEngine.java:119)&#xD;
	at com.kms.katalon.core.main.TestCaseExecutor.runScript(TestCaseExecutor.java:337)&#xD;
	at com.kms.katalon.core.main.TestCaseExecutor.doExecute(TestCaseExecutor.java:328)&#xD;
	at com.kms.katalon.core.main.TestCaseExecutor.processExecutionPhase(TestCaseExecutor.java:307)&#xD;
	at com.kms.katalon.core.main.TestCaseExecutor.accessMainPhase(TestCaseExecutor.java:299)&#xD;
	at com.kms.katalon.core.main.TestCaseExecutor.execute(TestCaseExecutor.java:233)&#xD;
	at com.kms.katalon.core.main.TestSuiteExecutor.accessTestCaseMainPhase(TestSuiteExecutor.java:169)&#xD;
	at com.kms.katalon.core.main.TestSuiteExecutor.accessTestSuiteMainPhase(TestSuiteExecutor.java:142)&#xD;
	at com.kms.katalon.core.main.TestSuiteExecutor.execute(TestSuiteExecutor.java:91)&#xD;
	at com.kms.katalon.core.main.TestCaseMain.startTestSuite(TestCaseMain.java:157)&#xD;
	at com.kms.katalon.core.main.TestCaseMain$startTestSuite$0.call(Unknown Source)&#xD;
	at TempTestSuite1572592574803.run(TempTestSuite1572592574803.groovy:35)&#xD;
)&#xD;
[[ATTACHMENT|C:\\VPOS_Git_31-10-2019\\VPOS_Internal\\Reports\\20191101_021613\\FirstView\\1stPayVault\\20191101_021614\\1572593216773.png]]&#xD;
&#xD;
2019-11-01 02:26:57 - [MESSAGE][FAILED] - Unable to verify object 'Object Repository/Pages/FirstPayVault/button_Search' is visible (Root cause: com.kms.katalon.core.exception.StepFailedException: Unable to verify object 'Object Repository/Pages/FirstPayVault/button_Search' is visible&#xD;
	at com.kms.katalon.core.webui.keyword.internal.WebUIKeywordMain.stepFailed(WebUIKeywordMain.groovy:64)&#xD;
	at com.kms.katalon.core.webui.keyword.internal.WebUIKeywordMain.runKeyword(WebUIKeywordMain.groovy:26)&#xD;
	at com.kms.katalon.core.webui.keyword.builtin.VerifyElementVisibleKeyword.verifyElementVisible(VerifyElementVisibleKeyword.groovy:97)&#xD;
	at com.kms.katalon.core.webui.keyword.builtin.VerifyElementVisibleKeyword.execute(VerifyElementVisibleKeyword.groovy:67)&#xD;
	at com.kms.katalon.core.keyword.internal.KeywordExecutor.executeKeywordForPlatform(KeywordExecutor.groovy:56)&#xD;
	at com.kms.katalon.core.webui.keyword.WebUiBuiltInKeywords.verifyElementVisible(WebUiBuiltInKeywords.groovy:372)&#xD;
	at com.kms.katalon.core.webui.keyword.WebUiBuiltInKeywords$verifyElementVisible$7.call(Unknown Source)&#xD;
	at utilities.SafeActions.waitUntilClickable(SafeActions.groovy:173)&#xD;
	at utilities.SafeActions.safeClickWithoutScroll(SafeActions.groovy:136)&#xD;
	at utilities.SafeActions.invokeMethod(SafeActions.groovy)&#xD;
	at com.kms.katalon.core.main.CustomKeywordDelegatingMetaClass.invokeStaticMethod(CustomKeywordDelegatingMetaClass.java:50)&#xD;
	at TC_1st_Pay_Vault_004.run(TC_1st_Pay_Vault_004:164)&#xD;
	at com.kms.katalon.core.main.ScriptEngine.run(ScriptEngine.java:194)&#xD;
	at com.kms.katalon.core.main.ScriptEngine.runScriptAsRawText(ScriptEngine.java:119)&#xD;
	at com.kms.katalon.core.main.TestCaseExecutor.runScript(TestCaseExecutor.java:337)&#xD;
	at com.kms.katalon.core.main.TestCaseExecutor.doExecute(TestCaseExecutor.java:328)&#xD;
	at com.kms.katalon.core.main.TestCaseExecutor.processExecutionPhase(TestCaseExecutor.java:307)&#xD;
	at com.kms.katalon.core.main.TestCaseExecutor.accessMainPhase(TestCaseExecutor.java:299)&#xD;
	at com.kms.katalon.core.main.TestCaseExecutor.execute(TestCaseExecutor.java:233)&#xD;
	at com.kms.katalon.core.main.TestSuiteExecutor.accessTestCaseMainPhase(TestSuiteExecutor.java:169)&#xD;
	at com.kms.katalon.core.main.TestSuiteExecutor.accessTestSuiteMainPhase(TestSuiteExecutor.java:142)&#xD;
	at com.kms.katalon.core.main.TestSuiteExecutor.execute(TestSuiteExecutor.java:91)&#xD;
	at com.kms.katalon.core.main.TestCaseMain.startTestSuite(TestCaseMain.java:157)&#xD;
	at com.kms.katalon.core.main.TestCaseMain$startTestSuite$0.call(Unknown Source)&#xD;
	at TempTestSuite1572592574803.run(TempTestSuite1572592574803.groovy:35)&#xD;
Caused by: com.kms.katalon.core.exception.StepFailedException: Web element with id: 'Object Repository/Pages/FirstPayVault/button_Search' located by 'By.xpath: //section[@id='p-1stPayVault']//button[text()='Search']' not found&#xD;
	at com.kms.katalon.core.webui.keyword.internal.WebUIKeywordMain.stepFailed(WebUIKeywordMain.groovy:64)&#xD;
	at com.kms.katalon.core.webui.keyword.builtin.VerifyElementVisibleKeyword$_verifyElementVisible_closure1.doCall(VerifyElementVisibleKeyword.groovy:89)&#xD;
	at com.kms.katalon.core.webui.keyword.builtin.VerifyElementVisibleKeyword$_verifyElementVisible_closure1.call(VerifyElementVisibleKeyword.groovy)&#xD;
	at com.kms.katalon.core.webui.keyword.internal.WebUIKeywordMain.runKeyword(WebUIKeywordMain.groovy:20)&#xD;
	... 23 more&#xD;
)&#xD;
[[ATTACHMENT|C:\\VPOS_Git_31-10-2019\\VPOS_Internal\\Reports\\20191101_021613\\FirstView\\1stPayVault\\20191101_021614\\1572593217047.png]]&#xD;
&#xD;
2019-11-01 02:26:57 - [MESSAGE][FAILED] - 1stPayVault.ts:Click On Search button is not clickable in time - 60seconds&#xD;
&#xD;
2019-11-01 02:26:57 - [MESSAGE][ERROR] - com.kms.katalon.core.exception.StepErrorException: 1stPayVault.ts:Click On Search button is not Clickable&#xD;
&#xD;
2019-11-01 02:26:57 - [TEST_STEP][FAILED] - scrollToElement(findTestObject("Pages/Transaction_Management/invoice_ForTransaction"), PageLoadTime): Unable to scroll to object 'Object Repository/Pages/Transaction_Management/invoice_ForTransaction' (Root cause: com.kms.katalon.core.exception.StepFailedException: Unable to scroll to object 'Object Repository/Pages/Transaction_Management/invoice_ForTransaction'&#xD;
	at com.kms.katalon.core.webui.keyword.internal.WebUIKeywordMain.stepFailed(WebUIKeywordMain.groovy:64)&#xD;
	at com.kms.katalon.core.webui.keyword.internal.WebUIKeywordMain.runKeyword(WebUIKeywordMain.groovy:26)&#xD;
	at com.kms.katalon.core.webui.keyword.builtin.ScrollToElementKeyword.scrollToElement(ScrollToElementKeyword.groovy:88)&#xD;
	at com.kms.katalon.core.webui.keyword.builtin.ScrollToElementKeyword.execute(ScrollToElementKeyword.groovy:68)&#xD;
	at com.kms.katalon.core.keyword.internal.KeywordExecutor.executeKeywordForPlatform(KeywordExecutor.groovy:56)&#xD;
	at com.kms.katalon.core.webui.keyword.WebUiBuiltInKeywords.scrollToElement(WebUiBuiltInKeywords.groovy:2975)&#xD;
	at com.kms.katalon.core.webui.keyword.WebUiBuiltInKeywords$scrollToElement$2.call(Unknown Source)&#xD;
	at TC_1st_Pay_Vault_004.run(TC_1st_Pay_Vault_004:166)&#xD;
	at com.kms.katalon.core.main.ScriptEngine.run(ScriptEngine.java:194)&#xD;
	at com.kms.katalon.core.main.ScriptEngine.runScriptAsRawText(ScriptEngine.java:119)&#xD;
	at com.kms.katalon.core.main.TestCaseExecutor.runScript(TestCaseExecutor.java:337)&#xD;
	at com.kms.katalon.core.main.TestCaseExecutor.doExecute(TestCaseExecutor.java:328)&#xD;
	at com.kms.katalon.core.main.TestCaseExecutor.processExecutionPhase(TestCaseExecutor.java:307)&#xD;
	at com.kms.katalon.core.main.TestCaseExecutor.accessMainPhase(TestCaseExecutor.java:299)&#xD;
	at com.kms.katalon.core.main.TestCaseExecutor.execute(TestCaseExecutor.java:233)&#xD;
	at com.kms.katalon.core.main.TestSuiteExecutor.accessTestCaseMainPhase(TestSuiteExecutor.java:169)&#xD;
	at com.kms.katalon.core.main.TestSuiteExecutor.accessTestSuiteMainPhase(TestSuiteExecutor.java:142)&#xD;
	at com.kms.katalon.core.main.TestSuiteExecutor.execute(TestSuiteExecutor.java:91)&#xD;
	at com.kms.katalon.core.main.TestCaseMain.startTestSuite(TestCaseMain.java:157)&#xD;
	at com.kms.katalon.core.main.TestCaseMain$startTestSuite$0.call(Unknown Source)&#xD;
	at TempTestSuite1572592574803.run(TempTestSuite1572592574803.groovy:35)&#xD;
Caused by: com.kms.katalon.core.webui.exception.WebElementNotFoundException: Web element with id: 'Object Repository/Pages/Transaction_Management/invoice_ForTransaction' located by 'By.xpath: //table[@id="transactionTable"]/tbody/tr[1]/td[7]' not found&#xD;
	at com.kms.katalon.core.webui.common.WebUiCommonHelper.findWebElement(WebUiCommonHelper.java:1097)&#xD;
	at com.kms.katalon.core.webui.keyword.internal.WebUIAbstractKeyword.findWebElement(WebUIAbstractKeyword.groovy:27)&#xD;
	at com.kms.katalon.core.webui.keyword.internal.WebUIAbstractKeyword.findWebElement(WebUIAbstractKeyword.groovy:26)&#xD;
	at com.kms.katalon.core.webui.keyword.builtin.ScrollToElementKeyword$_scrollToElement_closure1.doCall(ScrollToElementKeyword.groovy:79)&#xD;
	at com.kms.katalon.core.webui.keyword.builtin.ScrollToElementKeyword$_scrollToElement_closure1.call(ScrollToElementKeyword.groovy)&#xD;
	at com.kms.katalon.core.webui.keyword.internal.WebUIKeywordMain.runKeyword(WebUIKeywordMain.groovy:20)&#xD;
	at com.kms.katalon.core.webui.keyword.builtin.ScrollToElementKeyword.scrollToElement(ScrollToElementKeyword.groovy:88)&#xD;
	at com.kms.katalon.core.webui.keyword.builtin.ScrollToElementKeyword.execute(ScrollToElementKeyword.groovy:68)&#xD;
	at com.kms.katalon.core.keyword.internal.KeywordExecutor.executeKeywordForPlatform(KeywordExecutor.groovy:56)&#xD;
	at com.kms.katalon.core.webui.keyword.WebUiBuiltInKeywords.scrollToElement(WebUiBuiltInKeywords.groovy:2975)&#xD;
	at com.kms.katalon.core.webui.keyword.WebUiBuiltInKeywords$scrollToElement$2.call(Unknown Source)&#xD;
	at Script1568795840843.run(Script1568795840843.groovy:166)&#xD;
	... 13 more&#xD;
)&#xD;
&#xD;
2019-11-01 02:27:28 - [MESSAGE][INFO] - Unable to find the element located by 'By.xpath: //table[@id="transactionTable"]/tbody/tr[1]/td[7]'. Please recheck the objects properties to make sure the desired element is located. &#xD;
&#xD;
2019-11-01 02:27:28 - [MESSAGE][FAILED] - Unable to scroll to object 'Object Repository/Pages/Transaction_Management/invoice_ForTransaction' (Root cause: com.kms.katalon.core.exception.StepFailedException: Unable to scroll to object 'Object Repository/Pages/Transaction_Management/invoice_ForTransaction'&#xD;
	at com.kms.katalon.core.webui.keyword.internal.WebUIKeywordMain.stepFailed(WebUIKeywordMain.groovy:64)&#xD;
	at com.kms.katalon.core.webui.keyword.internal.WebUIKeywordMain.runKeyword(WebUIKeywordMain.groovy:26)&#xD;
	at com.kms.katalon.core.webui.keyword.builtin.ScrollToElementKeyword.scrollToElement(ScrollToElementKeyword.groovy:88)&#xD;
	at com.kms.katalon.core.webui.keyword.builtin.ScrollToElementKeyword.execute(ScrollToElementKeyword.groovy:68)&#xD;
	at com.kms.katalon.core.keyword.internal.KeywordExecutor.executeKeywordForPlatform(KeywordExecutor.groovy:56)&#xD;
	at com.kms.katalon.core.webui.keyword.WebUiBuiltInKeywords.scrollToElement(WebUiBuiltInKeywords.groovy:2975)&#xD;
	at com.kms.katalon.core.webui.keyword.WebUiBuiltInKeywords$scrollToElement$2.call(Unknown Source)&#xD;
	at TC_1st_Pay_Vault_004.run(TC_1st_Pay_Vault_004:166)&#xD;
	at com.kms.katalon.core.main.ScriptEngine.run(ScriptEngine.java:194)&#xD;
	at com.kms.katalon.core.main.ScriptEngine.runScriptAsRawText(ScriptEngine.java:119)&#xD;
	at com.kms.katalon.core.main.TestCaseExecutor.runScript(TestCaseExecutor.java:337)&#xD;
	at com.kms.katalon.core.main.TestCaseExecutor.doExecute(TestCaseExecutor.java:328)&#xD;
	at com.kms.katalon.core.main.TestCaseExecutor.processExecutionPhase(TestCaseExecutor.java:307)&#xD;
	at com.kms.katalon.core.main.TestCaseExecutor.accessMainPhase(TestCaseExecutor.java:299)&#xD;
	at com.kms.katalon.core.main.TestCaseExecutor.execute(TestCaseExecutor.java:233)&#xD;
	at com.kms.katalon.core.main.TestSuiteExecutor.accessTestCaseMainPhase(TestSuiteExecutor.java:169)&#xD;
	at com.kms.katalon.core.main.TestSuiteExecutor.accessTestSuiteMainPhase(TestSuiteExecutor.java:142)&#xD;
	at com.kms.katalon.core.main.TestSuiteExecutor.execute(TestSuiteExecutor.java:91)&#xD;
	at com.kms.katalon.core.main.TestCaseMain.startTestSuite(TestCaseMain.java:157)&#xD;
	at com.kms.katalon.core.main.TestCaseMain$startTestSuite$0.call(Unknown Source)&#xD;
	at TempTestSuite1572592574803.run(TempTestSuite1572592574803.groovy:35)&#xD;
Caused by: com.kms.katalon.core.webui.exception.WebElementNotFoundException: Web element with id: 'Object Repository/Pages/Transaction_Management/invoice_ForTransaction' located by 'By.xpath: //table[@id="transactionTable"]/tbody/tr[1]/td[7]' not found&#xD;
	at com.kms.katalon.core.webui.common.WebUiCommonHelper.findWebElement(WebUiCommonHelper.java:1097)&#xD;
	at com.kms.katalon.core.webui.keyword.internal.WebUIAbstractKeyword.findWebElement(WebUIAbstractKeyword.groovy:27)&#xD;
	at com.kms.katalon.core.webui.keyword.internal.WebUIAbstractKeyword.findWebElement(WebUIAbstractKeyword.groovy:26)&#xD;
	at com.kms.katalon.core.webui.keyword.builtin.ScrollToElementKeyword$_scrollToElement_closure1.doCall(ScrollToElementKeyword.groovy:79)&#xD;
	at com.kms.katalon.core.webui.keyword.builtin.ScrollToElementKeyword$_scrollToElement_closure1.call(ScrollToElementKeyword.groovy)&#xD;
	at com.kms.katalon.core.webui.keyword.internal.WebUIKeywordMain.runKeyword(WebUIKeywordMain.groovy:20)&#xD;
	at com.kms.katalon.core.webui.keyword.builtin.ScrollToElementKeyword.scrollToElement(ScrollToElementKeyword.groovy:88)&#xD;
	at com.kms.katalon.core.webui.keyword.builtin.ScrollToElementKeyword.execute(ScrollToElementKeyword.groovy:68)&#xD;
	at com.kms.katalon.core.keyword.internal.KeywordExecutor.executeKeywordForPlatform(KeywordExecutor.groovy:56)&#xD;
	at com.kms.katalon.core.webui.keyword.WebUiBuiltInKeywords.scrollToElement(WebUiBuiltInKeywords.groovy:2975)&#xD;
	at com.kms.katalon.core.webui.keyword.WebUiBuiltInKeywords$scrollToElement$2.call(Unknown Source)&#xD;
	at Script1568795840843.run(Script1568795840843.groovy:166)&#xD;
	... 13 more&#xD;
)&#xD;
[[ATTACHMENT|C:\\VPOS_Git_31-10-2019\\VPOS_Internal\\Reports\\20191101_021613\\FirstView\\1stPayVault\\20191101_021614\\1572593248267.png]]&#xD;
&#xD;
2019-11-01 02:27:28 - [TEST_STEP][PASSED] - Start listener action : sampleAfterTestCase: Taking screenshot successfully&#xD;
&#xD;
2019-11-01 02:27:28 - [TEST_STEP][PASSED] - println(testCaseContext.getTestCaseId()): null&#xD;
&#xD;
2019-11-01 02:27:28 - [TEST_STEP][PASSED] - println(testCaseContext.getTestCaseStatus()): null&#xD;
&#xD;
2019-11-01 02:27:28 - [TEST_STEP][PASSED] - testCaseName = testCaseContext.getTestCaseId(): null&#xD;
&#xD;
2019-11-01 02:27:28 - [TEST_STEP][PASSED] - strCount = testCaseName.lastIndexOf("/"): null&#xD;
&#xD;
2019-11-01 02:27:28 - [TEST_STEP][PASSED] - testCaseName = testCaseName.substring(strCount): null&#xD;
&#xD;
2019-11-01 02:27:28 - [TEST_STEP][PASSED] - println(testCaseName): null&#xD;
&#xD;
2019-11-01 02:27:28 - [TEST_STEP][PASSED] - if (getTestCaseStatus().equalsIgnoreCase("Error")): Taking screenshot successfully&#xD;
&#xD;
2019-11-01 02:27:28 - [TEST_STEP][PASSED] - takeScreenshot(getReportFolder() + "/Screenshots/" + testCaseName + ".png"): Taking screenshot successfully&#xD;
&#xD;
2019-11-01 02:27:28 - [MESSAGE][PASSED] - Taking screenshot successfully&#xD;
[[ATTACHMENT|C:\\VPOS_Git_31-10-2019\\VPOS_Internal\\Reports\\20191101_021613\\FirstView\\1stPayVault\\20191101_021614/Screenshots//TC_1st_Pay_Vault_004.png]]&#xD;
&#xD;
2019-11-01 02:27:28 - [TEST_STEP][PASSED] - Start listener action : sampleAfterTestCase: null</system-out>
            <system-err>2019-11-01 02:22:39 - [TEST_CASE][ERROR] - Test Cases/FirstView/FirstPayVault/TC_1st_Pay_Vault_004: Test Cases/FirstView/FirstPayVault/TC_1st_Pay_Vault_004 FAILED.
Reason:
com.kms.katalon.core.exception.StepErrorException: 1stPayVault.ts:Click On Return Button is not clickable in time - 60seconds&#xD;
	at com.kms.katalon.core.util.KeywordUtil.markError(KeywordUtil.java:65)&#xD;
	at com.kms.katalon.core.util.KeywordUtil$markError$1.call(Unknown Source)&#xD;
	at utilities.SafeActions.safeClickWithoutScroll(SafeActions.groovy:146)&#xD;
	at utilities.SafeActions.invokeMethod(SafeActions.groovy)&#xD;
	at com.kms.katalon.core.main.CustomKeywordDelegatingMetaClass.invokeStaticMethod(CustomKeywordDelegatingMetaClass.java:50)&#xD;
	at TC_1st_Pay_Vault_004.run(TC_1st_Pay_Vault_004:155)&#xD;
	at com.kms.katalon.core.main.ScriptEngine.run(ScriptEngine.java:194)&#xD;
	at com.kms.katalon.core.main.ScriptEngine.runScriptAsRawText(ScriptEngine.java:119)&#xD;
	at com.kms.katalon.core.main.TestCaseExecutor.runScript(TestCaseExecutor.java:337)&#xD;
	at com.kms.katalon.core.main.TestCaseExecutor.doExecute(TestCaseExecutor.java:328)&#xD;
	at com.kms.katalon.core.main.TestCaseExecutor.processExecutionPhase(TestCaseExecutor.java:307)&#xD;
	at com.kms.katalon.core.main.TestCaseExecutor.accessMainPhase(TestCaseExecutor.java:299)&#xD;
	at com.kms.katalon.core.main.TestCaseExecutor.execute(TestCaseExecutor.java:233)&#xD;
	at com.kms.katalon.core.main.TestSuiteExecutor.accessTestCaseMainPhase(TestSuiteExecutor.java:169)&#xD;
	at com.kms.katalon.core.main.TestSuiteExecutor.accessTestSuiteMainPhase(TestSuiteExecutor.java:142)&#xD;
	at com.kms.katalon.core.main.TestSuiteExecutor.execute(TestSuiteExecutor.java:91)&#xD;
	at com.kms.katalon.core.main.TestCaseMain.startTestSuite(TestCaseMain.java:157)&#xD;
	at com.kms.katalon.core.main.TestCaseMain$startTestSuite$0.call(Unknown Source)&#xD;
	at TempTestSuite1572592574803.run(TempTestSuite1572592574803.groovy:35)</system-err>
        </testcase>
        <testcase name="Test Cases/FirstView/FirstPayVault/TC_1st_Pay_Vault_005" classname="Test Cases/FirstView/FirstPayVault/TC_1st_Pay_Vault_005" status="PASSED">
            <system-out>2019-11-01 02:27:28 - [TEST_CASE][PASSED] - Test Cases/FirstView/FirstPayVault/TC_1st_Pay_Vault_005: Test Cases/FirstView/FirstPayVault/TC_1st_Pay_Vault_005&#xD;
&#xD;
2019-11-01 02:27:28 - [TEST_STEP][PASSED] - Start listener action : sampleBeforeTestCase: null&#xD;
&#xD;
2019-11-01 02:27:28 - [TEST_STEP][PASSED] - println(testCaseContext.getTestCaseId()): null&#xD;
&#xD;
2019-11-01 02:27:28 - [TEST_STEP][PASSED] - println(testCaseContext.getTestCaseVariables()): null&#xD;
&#xD;
2019-11-01 02:27:29 - [TEST_STEP][NOT_RUN] - utilities.SafeActions.safeClickWithoutScrollOnLabel(Old_URL, [PageLoadTime], []): NOT_RUN: utilities.SafeActions.safeClickWithoutScrollOnLabel(Old_URL, [PageLoadTime], [])&#xD;
&#xD;
2019-11-01 02:27:29 - [MESSAGE][NOT_RUN] - NOT_RUN: utilities.SafeActions.safeClickWithoutScrollOnLabel(Old_URL, [PageLoadTime], [])&#xD;
&#xD;
2019-11-01 02:27:29 - [TEST_STEP][NOT_RUN] - delay(6): NOT_RUN: delay(6)&#xD;
&#xD;
2019-11-01 02:27:29 - [MESSAGE][NOT_RUN] - NOT_RUN: delay(6)&#xD;
&#xD;
2019-11-01 02:27:29 - [TEST_STEP][NOT_RUN] - utilities.SafeActions.safeSelectOptionInDropDownByVisibleText(findTestObject("Pages/Sale/dropDown_AccountType"), "ranjanatest2 - 888814981372/001 Account Type: Retail", "Select by Value", [25]): NOT_RUN: utilities.SafeActions.safeSelectOptionInDropDownByVisibleText(findTestObject("Pages/Sale/dropDown_AccountType"), "ranjanatest2 - 888814981372/001 Account Type: Retail", "Select by Value", [25])&#xD;
&#xD;
2019-11-01 02:27:29 - [MESSAGE][NOT_RUN] - NOT_RUN: utilities.SafeActions.safeSelectOptionInDropDownByVisibleText(findTestObject("Pages/Sale/dropDown_AccountType"), "ranjanatest2 - 888814981372/001 Account Type: Retail", "Select by Value", [25])&#xD;
&#xD;
2019-11-01 02:27:29 - [TEST_STEP][PASSED] - utilities.SafeActions.openBrowser(URL, [PageLoadTime]): utilities.SafeActions.openBrowser is PASSED&#xD;
&#xD;
2019-11-01 02:27:29 - [MESSAGE][INFO] - Opening Browser&#xD;
&#xD;
2019-11-01 02:27:29 - [MESSAGE][WARNING] - A browser is already opened. Closing browser and opening a new one&#xD;
&#xD;
2019-11-01 02:27:30 - [MESSAGE][INFO] - Starting 'Firefox' driver&#xD;
&#xD;
2019-11-01 02:27:39 - [MESSAGE][PASSED] - Browser is opened with url: 'https://q-www-firstview-net.faps.net/MVC/Account/Login'&#xD;
&#xD;
2019-11-01 02:27:39 - [MESSAGE][PASSED] - Current window maximized&#xD;
&#xD;
2019-11-01 02:27:39 - [MESSAGE][INFO] - Browser Launched Successfully&#xD;
&#xD;
2019-11-01 02:27:39 - [MESSAGE][PASSED] - utilities.SafeActions.openBrowser is PASSED&#xD;
&#xD;
2019-11-01 02:27:39 - [TEST_STEP][PASSED] - pages.Login.login(uName, password): pages.Login.login is PASSED&#xD;
&#xD;
2019-11-01 02:27:39 - [MESSAGE][PASSED] - Object 'Object Repository/Pages/Login/userName' is present&#xD;
&#xD;
2019-11-01 02:27:39 - [MESSAGE][PASSED] - Scroll to object 'Object Repository/Pages/Login/userName' successfully&#xD;
&#xD;
2019-11-01 02:27:39 - [MESSAGE][PASSED] - Object 'Object Repository/Pages/Login/userName' is present&#xD;
&#xD;
2019-11-01 02:27:40 - [MESSAGE][PASSED] - Object: 'Object Repository/Pages/Login/userName' is clicked on&#xD;
&#xD;
2019-11-01 02:27:40 - [MESSAGE][PASSED] - Text 'ZenQRetail' is set on object 'Object Repository/Pages/Login/userName'&#xD;
&#xD;
2019-11-01 02:27:40 - [MESSAGE][PASSED] - Object 'Object Repository/Pages/Login/password' is present&#xD;
&#xD;
2019-11-01 02:27:40 - [MESSAGE][PASSED] - Scroll to object 'Object Repository/Pages/Login/password' successfully&#xD;
&#xD;
2019-11-01 02:27:40 - [MESSAGE][PASSED] - Object 'Object Repository/Pages/Login/password' is present&#xD;
&#xD;
2019-11-01 02:27:41 - [MESSAGE][PASSED] - Object: 'Object Repository/Pages/Login/password' is clicked on&#xD;
&#xD;
2019-11-01 02:27:41 - [MESSAGE][PASSED] - Text 'P@ssword1' is set on object 'Object Repository/Pages/Login/password'&#xD;
&#xD;
2019-11-01 02:27:41 - [MESSAGE][INFO] - Safe Click Without scroll&#xD;
&#xD;
2019-11-01 02:27:41 - [MESSAGE][INFO] - 1stPayVault.ts:waiting until Click on Login is Clickable&#xD;
&#xD;
2019-11-01 02:27:41 - [MESSAGE][PASSED] - Object 'Object Repository/Pages/Login/login' is clickable&#xD;
&#xD;
2019-11-01 02:27:41 - [MESSAGE][PASSED] - Object 'Object Repository/Pages/Login/login' is visible&#xD;
&#xD;
2019-11-01 02:27:44 - [MESSAGE][PASSED] - Object: 'Object Repository/Pages/Login/login' is clicked on&#xD;
&#xD;
2019-11-01 02:27:44 - [MESSAGE][INFO] - 1stPayVault.ts: click on the Click on Login&#xD;
&#xD;
2019-11-01 02:27:44 - [MESSAGE][PASSED] - pages.Login.login is PASSED&#xD;
&#xD;
2019-11-01 02:27:44 - [TEST_STEP][PASSED] - callTestCase(findTestCase("FirstView/Login/TC_SendCode"), [:], STOP_ON_FAILURE): Call Test Case 'Test Cases/FirstView/Login/TC_SendCode' successfully&#xD;
&#xD;
2019-11-01 02:27:44 - [TEST_CASE][PASSED] - Test Cases/FirstView/Login/TC_SendCode: Test Cases/FirstView/Login/TC_SendCode&#xD;
&#xD;
2019-11-01 02:27:44 - [TEST_STEP][PASSED] - flag = pages.SendCode.verifyPage(): pages.SendCode.verifyPage is PASSED&#xD;
&#xD;
2019-11-01 02:27:45 - [MESSAGE][PASSED] - Object 'Object Repository/Pages/SendCodeToValidate/header_SendCodeToValidate' is present and visible in viewport&#xD;
&#xD;
2019-11-01 02:27:45 - [MESSAGE][PASSED] - pages.SendCode.verifyPage is PASSED&#xD;
&#xD;
2019-11-01 02:27:45 - [TEST_STEP][PASSED] - if (flag): pages.SendCode.clickonUserSettings is PASSED&#xD;
&#xD;
2019-11-01 02:27:45 - [TEST_STEP][PASSED] - pages.SendCode.clickonUserSettings(): pages.SendCode.clickonUserSettings is PASSED&#xD;
&#xD;
2019-11-01 02:27:45 - [MESSAGE][PASSED] - Object 'Object Repository/Pages/SendCodeToValidate/link_UserSettings' is present&#xD;
&#xD;
2019-11-01 02:27:45 - [MESSAGE][PASSED] - Object 'Object Repository/Pages/SendCodeToValidate/link_UserSettings' is visible&#xD;
&#xD;
2019-11-01 02:27:45 - [MESSAGE][INFO] - 1stPayVault.ts:waiting until Click on User Settings is Clickable&#xD;
&#xD;
2019-11-01 02:27:45 - [MESSAGE][PASSED] - Object 'Object Repository/Pages/SendCodeToValidate/link_UserSettings' is clickable&#xD;
&#xD;
2019-11-01 02:27:45 - [MESSAGE][PASSED] - Object 'Object Repository/Pages/SendCodeToValidate/link_UserSettings' is visible&#xD;
&#xD;
2019-11-01 02:27:47 - [MESSAGE][PASSED] - Object: 'Object Repository/Pages/SendCodeToValidate/link_UserSettings' is clicked on&#xD;
&#xD;
2019-11-01 02:27:47 - [MESSAGE][INFO] - 1stPayVault.ts: Clicked on the Click on User Settings&#xD;
&#xD;
2019-11-01 02:27:47 - [MESSAGE][PASSED] - pages.SendCode.clickonUserSettings is PASSED&#xD;
&#xD;
2019-11-01 02:27:47 - [MESSAGE][PASSED] - Call Test Case 'Test Cases/FirstView/Login/TC_SendCode' successfully&#xD;
&#xD;
2019-11-01 02:27:47 - [TEST_STEP][PASSED] - callTestCase(findTestCase("FirstView/Login/TC_FirstView"), [:], STOP_ON_FAILURE): Call Test Case 'Test Cases/FirstView/Login/TC_FirstView' successfully&#xD;
&#xD;
2019-11-01 02:27:47 - [TEST_CASE][PASSED] - Test Cases/FirstView/Login/TC_FirstView: Test Cases/FirstView/Login/TC_FirstView&#xD;
&#xD;
2019-11-01 02:27:47 - [TEST_STEP][NOT_RUN] - utilities.SafeActions.safeClickWithoutScroll(findTestObject("Pages/FirstView/link_Home"), "Click on Home button in First View screen", [PageLoadTime]): NOT_RUN: utilities.SafeActions.safeClickWithoutScroll(findTestObject("Pages/FirstView/link_Home"), "Click on Home button in First View screen", [PageLoadTime])&#xD;
&#xD;
2019-11-01 02:27:47 - [MESSAGE][NOT_RUN] - NOT_RUN: utilities.SafeActions.safeClickWithoutScroll(findTestObject("Pages/FirstView/link_Home"), "Click on Home button in First View screen", [PageLoadTime])&#xD;
&#xD;
2019-11-01 02:27:47 - [TEST_STEP][PASSED] - delay(3): Delayed 3 second(s)&#xD;
&#xD;
2019-11-01 02:27:51 - [MESSAGE][PASSED] - Delayed 3 second(s)&#xD;
&#xD;
2019-11-01 02:27:51 - [TEST_STEP][PASSED] - utilities.SafeActions.javascriptclick(findTestObject("Pages/FirstView/link_Home"), delayForElement): utilities.SafeActions.javascriptclick is PASSED&#xD;
&#xD;
2019-11-01 02:27:51 - [MESSAGE][PASSED] - utilities.SafeActions.javascriptclick is PASSED&#xD;
&#xD;
2019-11-01 02:27:51 - [TEST_STEP][PASSED] - utilities.SafeActions.safeClickWithoutScroll(findTestObject("Pages/FirstView/link_VPOS"), "Click on VPOS button in First View screen", [PageLoadTime]): utilities.SafeActions.safeClickWithoutScroll is PASSED&#xD;
&#xD;
2019-11-01 02:27:51 - [MESSAGE][INFO] - Safe Click Without scroll&#xD;
&#xD;
2019-11-01 02:27:51 - [MESSAGE][INFO] - 1stPayVault.ts:waiting until Click on VPOS button in First View screen is Clickable&#xD;
&#xD;
2019-11-01 02:27:52 - [MESSAGE][PASSED] - Object 'Object Repository/Pages/FirstView/link_VPOS' is clickable&#xD;
&#xD;
2019-11-01 02:27:52 - [MESSAGE][PASSED] - Object 'Object Repository/Pages/FirstView/link_VPOS' is visible&#xD;
&#xD;
2019-11-01 02:27:54 - [MESSAGE][PASSED] - Object: 'Object Repository/Pages/FirstView/link_VPOS' is clicked on&#xD;
&#xD;
2019-11-01 02:27:54 - [MESSAGE][INFO] - 1stPayVault.ts: click on the Click on VPOS button in First View screen&#xD;
&#xD;
2019-11-01 02:27:54 - [MESSAGE][PASSED] - utilities.SafeActions.safeClickWithoutScroll is PASSED&#xD;
&#xD;
2019-11-01 02:27:54 - [MESSAGE][PASSED] - Call Test Case 'Test Cases/FirstView/Login/TC_FirstView' successfully&#xD;
&#xD;
2019-11-01 02:27:54 - [TEST_STEP][PASSED] - switchToWindowTitle("Transcenter - VPOS"): Switched to window with title: 'Transcenter - VPOS'&#xD;
&#xD;
2019-11-01 02:27:58 - [MESSAGE][PASSED] - Switched to window with title: 'Transcenter - VPOS'&#xD;
&#xD;
2019-11-01 02:27:58 - [TEST_STEP][PASSED] - focus(findTestObject("Pages/FirstPayVault/tab_FirstPayVault")): Object: 'Object Repository/Pages/FirstPayVault/tab_FirstPayVault' is focused&#xD;
&#xD;
2019-11-01 02:28:01 - [MESSAGE][PASSED] - Object: 'Object Repository/Pages/FirstPayVault/tab_FirstPayVault' is focused&#xD;
&#xD;
2019-11-01 02:28:01 - [TEST_STEP][PASSED] - utilities.SafeActions.javascriptclick(findTestObject("Pages/FirstPayVault/tab_FirstPayVault"), PageLoadTime): utilities.SafeActions.javascriptclick is PASSED&#xD;
&#xD;
2019-11-01 02:28:02 - [MESSAGE][PASSED] - utilities.SafeActions.javascriptclick is PASSED&#xD;
&#xD;
2019-11-01 02:28:02 - [TEST_STEP][PASSED] - delay(delayForElement): Delayed 6 second(s)&#xD;
&#xD;
2019-11-01 02:28:08 - [MESSAGE][PASSED] - Delayed 6 second(s)&#xD;
&#xD;
2019-11-01 02:28:08 - [TEST_STEP][PASSED] - utilities.SafeActions.safeClickWithoutScroll(findTestObject("Pages/FirstPayVault/tab_FirstPayVault"), "Click on FistPayVault tab", [delayForElement]): utilities.SafeActions.safeClickWithoutScroll is PASSED&#xD;
&#xD;
2019-11-01 02:28:08 - [MESSAGE][INFO] - Safe Click Without scroll&#xD;
&#xD;
2019-11-01 02:28:08 - [MESSAGE][INFO] - 1stPayVault.ts:waiting until Click on FistPayVault tab is Clickable&#xD;
&#xD;
2019-11-01 02:28:08 - [MESSAGE][PASSED] - Object 'Object Repository/Pages/FirstPayVault/tab_FirstPayVault' is clickable&#xD;
&#xD;
2019-11-01 02:28:08 - [MESSAGE][PASSED] - Object 'Object Repository/Pages/FirstPayVault/tab_FirstPayVault' is visible&#xD;
&#xD;
2019-11-01 02:28:09 - [MESSAGE][PASSED] - Object: 'Object Repository/Pages/FirstPayVault/tab_FirstPayVault' is clicked on&#xD;
&#xD;
2019-11-01 02:28:09 - [MESSAGE][INFO] - 1stPayVault.ts: click on the Click on FistPayVault tab&#xD;
&#xD;
2019-11-01 02:28:09 - [MESSAGE][PASSED] - utilities.SafeActions.safeClickWithoutScroll is PASSED&#xD;
&#xD;
2019-11-01 02:28:09 - [TEST_STEP][PASSED] - utilities.SafeActions.safeClickWithoutScroll(findTestObject("Pages/FirstPayVault/button_CreateVault"), "Click on CreateVault button", [PageLoadTime]): utilities.SafeActions.safeClickWithoutScroll is PASSED&#xD;
&#xD;
2019-11-01 02:28:09 - [MESSAGE][INFO] - Safe Click Without scroll&#xD;
&#xD;
2019-11-01 02:28:09 - [MESSAGE][INFO] - 1stPayVault.ts:waiting until Click on CreateVault button is Clickable&#xD;
&#xD;
2019-11-01 02:28:09 - [MESSAGE][PASSED] - Object 'Object Repository/Pages/FirstPayVault/button_CreateVault' is clickable&#xD;
&#xD;
2019-11-01 02:28:09 - [MESSAGE][PASSED] - Object 'Object Repository/Pages/FirstPayVault/button_CreateVault' is visible&#xD;
&#xD;
2019-11-01 02:28:10 - [MESSAGE][PASSED] - Object: 'Object Repository/Pages/FirstPayVault/button_CreateVault' is clicked on&#xD;
&#xD;
2019-11-01 02:28:10 - [MESSAGE][INFO] - 1stPayVault.ts: click on the Click on CreateVault button&#xD;
&#xD;
2019-11-01 02:28:10 - [MESSAGE][PASSED] - utilities.SafeActions.safeClickWithoutScroll is PASSED&#xD;
&#xD;
2019-11-01 02:28:10 - [TEST_STEP][PASSED] - scrollToElement(findTestObject("Pages/FirstPayVault/input_VaultReferenceNumber"), PageLoadTime): Scroll to object 'Object Repository/Pages/FirstPayVault/input_VaultReferenceNumber' successfully&#xD;
&#xD;
2019-11-01 02:28:10 - [MESSAGE][PASSED] - Scroll to object 'Object Repository/Pages/FirstPayVault/input_VaultReferenceNumber' successfully&#xD;
&#xD;
2019-11-01 02:28:10 - [TEST_STEP][PASSED] - vaultReference = utilities.SafeActions.timeWithMilliSeconds(): utilities.SafeActions.timeWithMilliSeconds is PASSED&#xD;
&#xD;
2019-11-01 02:28:10 - [MESSAGE][PASSED] - utilities.SafeActions.timeWithMilliSeconds is PASSED&#xD;
&#xD;
2019-11-01 02:28:10 - [TEST_STEP][PASSED] - utilities.SafeActions.safeType(findTestObject("Pages/FirstPayVault/input_VaultReferenceNumber"), vaultReference, "Entering Vault Reference Number", [PageLoadTime]): utilities.SafeActions.safeType is PASSED&#xD;
&#xD;
2019-11-01 02:28:10 - [MESSAGE][PASSED] - Object 'Object Repository/Pages/FirstPayVault/input_VaultReferenceNumber' is present&#xD;
&#xD;
2019-11-01 02:28:10 - [MESSAGE][PASSED] - Scroll to object 'Object Repository/Pages/FirstPayVault/input_VaultReferenceNumber' successfully&#xD;
&#xD;
2019-11-01 02:28:10 - [MESSAGE][PASSED] - Object 'Object Repository/Pages/FirstPayVault/input_VaultReferenceNumber' is present&#xD;
&#xD;
2019-11-01 02:28:11 - [MESSAGE][PASSED] - Object: 'Object Repository/Pages/FirstPayVault/input_VaultReferenceNumber' is clicked on&#xD;
&#xD;
2019-11-01 02:28:11 - [MESSAGE][PASSED] - Text '2019-11-01 02:28:10.513' is set on object 'Object Repository/Pages/FirstPayVault/input_VaultReferenceNumber'&#xD;
&#xD;
2019-11-01 02:28:11 - [MESSAGE][PASSED] - utilities.SafeActions.safeType is PASSED&#xD;
&#xD;
2019-11-01 02:28:11 - [TEST_STEP][PASSED] - utilities.SafeActions.safeType(findTestObject("Pages/FirstPayVault/input_CreditCardNumber"), visaCardNumber, "Entering Card Number", [PageLoadTime]): utilities.SafeActions.safeType is PASSED&#xD;
&#xD;
2019-11-01 02:28:11 - [MESSAGE][PASSED] - Object 'Object Repository/Pages/FirstPayVault/input_CreditCardNumber' is present&#xD;
&#xD;
2019-11-01 02:28:11 - [MESSAGE][PASSED] - Scroll to object 'Object Repository/Pages/FirstPayVault/input_CreditCardNumber' successfully&#xD;
&#xD;
2019-11-01 02:28:11 - [MESSAGE][PASSED] - Object 'Object Repository/Pages/FirstPayVault/input_CreditCardNumber' is present&#xD;
&#xD;
2019-11-01 02:28:12 - [MESSAGE][PASSED] - Object: 'Object Repository/Pages/FirstPayVault/input_CreditCardNumber' is clicked on&#xD;
&#xD;
2019-11-01 02:28:12 - [MESSAGE][PASSED] - Text '4111111111111111' is set on object 'Object Repository/Pages/FirstPayVault/input_CreditCardNumber'&#xD;
&#xD;
2019-11-01 02:28:12 - [MESSAGE][PASSED] - utilities.SafeActions.safeType is PASSED&#xD;
&#xD;
2019-11-01 02:28:12 - [TEST_STEP][NOT_RUN] - delay(4): NOT_RUN: delay(4)&#xD;
&#xD;
2019-11-01 02:28:12 - [MESSAGE][NOT_RUN] - NOT_RUN: delay(4)&#xD;
&#xD;
2019-11-01 02:28:12 - [TEST_STEP][PASSED] - utilities.SafeActions.safeSelectOptionInDropDownByVisibleText(findTestObject("Pages/FirstPayVault/dropDown_ExpirationMonth"), cardMonth, "Expiration Month", [PageLoadTime]): utilities.SafeActions.safeSelectOptionInDropDownByVisibleText is PASSED&#xD;
&#xD;
2019-11-01 02:28:12 - [MESSAGE][PASSED] - Object 'Object Repository/Pages/FirstPayVault/dropDown_ExpirationMonth' is visible&#xD;
&#xD;
2019-11-01 02:28:12 - [MESSAGE][PASSED] - Object 'Object Repository/Pages/FirstPayVault/dropDown_ExpirationMonth' is present&#xD;
&#xD;
2019-11-01 02:28:13 - [MESSAGE][PASSED] - Object: 'Object Repository/Pages/FirstPayVault/dropDown_ExpirationMonth' is clicked on&#xD;
&#xD;
2019-11-01 02:28:13 - [MESSAGE][PASSED] - All options with label 'September' are selected in object 'Object Repository/Pages/FirstPayVault/dropDown_ExpirationMonth' &#xD;
&#xD;
2019-11-01 02:28:13 - [MESSAGE][PASSED] - utilities.SafeActions.safeSelectOptionInDropDownByVisibleText is PASSED&#xD;
&#xD;
2019-11-01 02:28:13 - [TEST_STEP][PASSED] - utilities.SafeActions.safeSelectOptionInDropDownByVisibleText(findTestObject("Pages/FirstPayVault/dropDown_ExpirationYear"), cardYear, "year", [PageLoadTime]): utilities.SafeActions.safeSelectOptionInDropDownByVisibleText is PASSED&#xD;
&#xD;
2019-11-01 02:28:14 - [MESSAGE][PASSED] - Object 'Object Repository/Pages/FirstPayVault/dropDown_ExpirationYear' is visible&#xD;
&#xD;
2019-11-01 02:28:14 - [MESSAGE][PASSED] - Object 'Object Repository/Pages/FirstPayVault/dropDown_ExpirationYear' is present&#xD;
&#xD;
2019-11-01 02:28:14 - [MESSAGE][PASSED] - Object: 'Object Repository/Pages/FirstPayVault/dropDown_ExpirationYear' is clicked on&#xD;
&#xD;
2019-11-01 02:28:15 - [MESSAGE][PASSED] - All options with label '2032' are selected in object 'Object Repository/Pages/FirstPayVault/dropDown_ExpirationYear' &#xD;
&#xD;
2019-11-01 02:28:15 - [MESSAGE][PASSED] - utilities.SafeActions.safeSelectOptionInDropDownByVisibleText is PASSED&#xD;
&#xD;
2019-11-01 02:28:15 - [TEST_STEP][NOT_RUN] - delay(2): NOT_RUN: delay(2)&#xD;
&#xD;
2019-11-01 02:28:15 - [MESSAGE][NOT_RUN] - NOT_RUN: delay(2)&#xD;
&#xD;
2019-11-01 02:28:15 - [TEST_STEP][PASSED] - utilities.SafeActions.safeType(findTestObject("Pages/FirstPayVault/input_ContactName"), customerName, "Enter Contact Name", [PageLoadTime]): utilities.SafeActions.safeType is PASSED&#xD;
&#xD;
2019-11-01 02:28:15 - [MESSAGE][PASSED] - Object 'Object Repository/Pages/FirstPayVault/input_ContactName' is present&#xD;
&#xD;
2019-11-01 02:28:15 - [MESSAGE][PASSED] - Scroll to object 'Object Repository/Pages/FirstPayVault/input_ContactName' successfully&#xD;
&#xD;
2019-11-01 02:28:15 - [MESSAGE][PASSED] - Object 'Object Repository/Pages/FirstPayVault/input_ContactName' is present&#xD;
&#xD;
2019-11-01 02:28:16 - [MESSAGE][PASSED] - Object: 'Object Repository/Pages/FirstPayVault/input_ContactName' is clicked on&#xD;
&#xD;
2019-11-01 02:28:16 - [MESSAGE][PASSED] - Text 'Venkata Sai' is set on object 'Object Repository/Pages/FirstPayVault/input_ContactName'&#xD;
&#xD;
2019-11-01 02:28:16 - [MESSAGE][PASSED] - utilities.SafeActions.safeType is PASSED&#xD;
&#xD;
2019-11-01 02:28:16 - [TEST_STEP][PASSED] - utilities.SafeActions.safeType(findTestObject("Pages/FirstPayVault/input_PostalCode"), postalCode, "Enter Postal Code", [PageLoadTime]): utilities.SafeActions.safeType is PASSED&#xD;
&#xD;
2019-11-01 02:28:16 - [MESSAGE][PASSED] - Object 'Object Repository/Pages/FirstPayVault/input_PostalCode' is present&#xD;
&#xD;
2019-11-01 02:28:16 - [MESSAGE][PASSED] - Scroll to object 'Object Repository/Pages/FirstPayVault/input_PostalCode' successfully&#xD;
&#xD;
2019-11-01 02:28:16 - [MESSAGE][PASSED] - Object 'Object Repository/Pages/FirstPayVault/input_PostalCode' is present&#xD;
&#xD;
2019-11-01 02:28:17 - [MESSAGE][PASSED] - Object: 'Object Repository/Pages/FirstPayVault/input_PostalCode' is clicked on&#xD;
&#xD;
2019-11-01 02:28:17 - [MESSAGE][PASSED] - Text '76102' is set on object 'Object Repository/Pages/FirstPayVault/input_PostalCode'&#xD;
&#xD;
2019-11-01 02:28:17 - [MESSAGE][PASSED] - utilities.SafeActions.safeType is PASSED&#xD;
&#xD;
2019-11-01 02:28:17 - [TEST_STEP][PASSED] - utilities.SafeActions.safeType(findTestObject("Pages/FirstPayVault/input_Address"), address, "Enter ddress", [PageLoadTime]): utilities.SafeActions.safeType is PASSED&#xD;
&#xD;
2019-11-01 02:28:17 - [MESSAGE][PASSED] - Object 'Object Repository/Pages/FirstPayVault/input_Address' is present&#xD;
&#xD;
2019-11-01 02:28:17 - [MESSAGE][PASSED] - Scroll to object 'Object Repository/Pages/FirstPayVault/input_Address' successfully&#xD;
&#xD;
2019-11-01 02:28:17 - [MESSAGE][PASSED] - Object 'Object Repository/Pages/FirstPayVault/input_Address' is present&#xD;
&#xD;
2019-11-01 02:28:18 - [MESSAGE][PASSED] - Object: 'Object Repository/Pages/FirstPayVault/input_Address' is clicked on&#xD;
&#xD;
2019-11-01 02:28:18 - [MESSAGE][PASSED] - Text 'Street123' is set on object 'Object Repository/Pages/FirstPayVault/input_Address'&#xD;
&#xD;
2019-11-01 02:28:18 - [MESSAGE][PASSED] - utilities.SafeActions.safeType is PASSED&#xD;
&#xD;
2019-11-01 02:28:18 - [TEST_STEP][PASSED] - utilities.SafeActions.safeCheckForElement(findTestObject("Pages/FirstPayVault/chekBox_AddShippingInformation"), PageLoadTime): utilities.SafeActions.safeCheckForElement is PASSED&#xD;
&#xD;
2019-11-01 02:28:18 - [MESSAGE][PASSED] - Object 'Object Repository/Pages/FirstPayVault/chekBox_AddShippingInformation' is present&#xD;
&#xD;
2019-11-01 02:28:18 - [MESSAGE][PASSED] - Object 'Object Repository/Pages/FirstPayVault/chekBox_AddShippingInformation' is visible&#xD;
&#xD;
2019-11-01 02:28:18 - [MESSAGE][PASSED] - Object 'Object Repository/Pages/FirstPayVault/chekBox_AddShippingInformation' is present&#xD;
&#xD;
2019-11-01 02:28:19 - [MESSAGE][PASSED] - Object 'Object Repository/Pages/FirstPayVault/chekBox_AddShippingInformation' is checked&#xD;
&#xD;
2019-11-01 02:28:19 - [MESSAGE][PASSED] - utilities.SafeActions.safeCheckForElement is PASSED&#xD;
&#xD;
2019-11-01 02:28:19 - [TEST_STEP][PASSED] - utilities.SafeActions.safeType(findTestObject("Pages/FirstPayVault/input_ShippingMethod"), shippingMethod, "Enter Shipping Method", [PageLoadTime]): utilities.SafeActions.safeType is PASSED&#xD;
&#xD;
2019-11-01 02:28:19 - [MESSAGE][PASSED] - Object 'Object Repository/Pages/FirstPayVault/input_ShippingMethod' is present&#xD;
&#xD;
2019-11-01 02:28:19 - [MESSAGE][PASSED] - Scroll to object 'Object Repository/Pages/FirstPayVault/input_ShippingMethod' successfully&#xD;
&#xD;
2019-11-01 02:28:19 - [MESSAGE][PASSED] - Object 'Object Repository/Pages/FirstPayVault/input_ShippingMethod' is present&#xD;
&#xD;
2019-11-01 02:28:20 - [MESSAGE][PASSED] - Object: 'Object Repository/Pages/FirstPayVault/input_ShippingMethod' is clicked on&#xD;
&#xD;
2019-11-01 02:28:20 - [MESSAGE][PASSED] - Text 'DTDC' is set on object 'Object Repository/Pages/FirstPayVault/input_ShippingMethod'&#xD;
&#xD;
2019-11-01 02:28:20 - [MESSAGE][PASSED] - utilities.SafeActions.safeType is PASSED&#xD;
&#xD;
2019-11-01 02:28:20 - [TEST_STEP][PASSED] - utilities.SafeActions.safeCheckForElement(findTestObject("Pages/FirstPayVault/checkbox_SameAsBillingInformation"), PageLoadTime): utilities.SafeActions.safeCheckForElement is PASSED&#xD;
&#xD;
2019-11-01 02:28:20 - [MESSAGE][PASSED] - Object 'Object Repository/Pages/FirstPayVault/checkbox_SameAsBillingInformation' is present&#xD;
&#xD;
2019-11-01 02:28:20 - [MESSAGE][PASSED] - Object 'Object Repository/Pages/FirstPayVault/checkbox_SameAsBillingInformation' is visible&#xD;
&#xD;
2019-11-01 02:28:20 - [MESSAGE][PASSED] - Object 'Object Repository/Pages/FirstPayVault/checkbox_SameAsBillingInformation' is present&#xD;
&#xD;
2019-11-01 02:28:21 - [MESSAGE][PASSED] - Object 'Object Repository/Pages/FirstPayVault/checkbox_SameAsBillingInformation' is checked&#xD;
&#xD;
2019-11-01 02:28:21 - [MESSAGE][PASSED] - utilities.SafeActions.safeCheckForElement is PASSED&#xD;
&#xD;
2019-11-01 02:28:21 - [TEST_STEP][PASSED] - utilities.SafeActions.safeClickwithScroll(findTestObject("Pages/FirstPayVault/button_Create"), "Click on Create Button", [PageLoadTime]): utilities.SafeActions.safeClickwithScroll is PASSED&#xD;
&#xD;
2019-11-01 02:28:21 - [MESSAGE][PASSED] - Object 'Object Repository/Pages/FirstPayVault/button_Create' is present&#xD;
&#xD;
2019-11-01 02:28:21 - [MESSAGE][PASSED] - Object 'Object Repository/Pages/FirstPayVault/button_Create' is visible&#xD;
&#xD;
2019-11-01 02:28:21 - [MESSAGE][INFO] - 1stPayVault.ts:waiting until Click on Create Button is Clickable&#xD;
&#xD;
2019-11-01 02:28:21 - [MESSAGE][PASSED] - Object 'Object Repository/Pages/FirstPayVault/button_Create' is clickable&#xD;
&#xD;
2019-11-01 02:28:21 - [MESSAGE][PASSED] - Object 'Object Repository/Pages/FirstPayVault/button_Create' is visible&#xD;
&#xD;
2019-11-01 02:28:22 - [MESSAGE][PASSED] - Object: 'Object Repository/Pages/FirstPayVault/button_Create' is clicked on&#xD;
&#xD;
2019-11-01 02:28:22 - [MESSAGE][INFO] - 1stPayVault.ts: Clicked on the Click on Create Button&#xD;
&#xD;
2019-11-01 02:28:22 - [MESSAGE][PASSED] - utilities.SafeActions.safeClickwithScroll is PASSED&#xD;
&#xD;
2019-11-01 02:28:22 - [TEST_STEP][NOT_RUN] - delay(2): NOT_RUN: delay(2)&#xD;
&#xD;
2019-11-01 02:28:22 - [MESSAGE][NOT_RUN] - NOT_RUN: delay(2)&#xD;
&#xD;
2019-11-01 02:28:22 - [TEST_STEP][PASSED] - popupSavedToVaultMessage = utilities.SafeActions.safeGetText(findTestObject("Pages/FirstPayVault/popup_SavedToVaultMessage"), PageLoadTime): utilities.SafeActions.safeGetText is PASSED&#xD;
&#xD;
2019-11-01 02:28:22 - [MESSAGE][PASSED] - Object 'Object Repository/Pages/FirstPayVault/popup_SavedToVaultMessage' is present&#xD;
&#xD;
2019-11-01 02:28:22 - [MESSAGE][PASSED] - Scroll to object 'Object Repository/Pages/FirstPayVault/popup_SavedToVaultMessage' successfully&#xD;
&#xD;
2019-11-01 02:28:22 - [MESSAGE][PASSED] - Object 'Object Repository/Pages/FirstPayVault/popup_SavedToVaultMessage' is present&#xD;
&#xD;
2019-11-01 02:28:23 - [MESSAGE][PASSED] - Text of object 'Object Repository/Pages/FirstPayVault/popup_SavedToVaultMessage' is: 'Successfully Saved to Vault'&#xD;
&#xD;
2019-11-01 02:28:23 - [MESSAGE][PASSED] - utilities.SafeActions.safeGetText is PASSED&#xD;
&#xD;
2019-11-01 02:28:23 - [TEST_STEP][PASSED] - flag = utilities.SafeActions.verifyPopupMessage("Successfully Saved to Vault", popupSavedToVaultMessage): Popup Message : Successfully Saved to Vault matched with expected message : Successfully Saved to Vault&#xD;
&#xD;
2019-11-01 02:28:23 - [MESSAGE][PASSED] - Popup Message : Successfully Saved to Vault matched with expected message : Successfully Saved to Vault&#xD;
&#xD;
2019-11-01 02:28:23 - [TEST_STEP][NOT_RUN] - delay(2): NOT_RUN: delay(2)&#xD;
&#xD;
2019-11-01 02:28:23 - [MESSAGE][NOT_RUN] - NOT_RUN: delay(2)&#xD;
&#xD;
2019-11-01 02:28:23 - [TEST_STEP][PASSED] - utilities.SafeActions.safeClickWithoutScroll(findTestObject("Pages/FirstPayVault/button_RunSaleWithThisVault_InPopup"), "Click on Run Sale With This Vault in Popup", [delayBetweenTestSteps]): utilities.SafeActions.safeClickWithoutScroll is PASSED&#xD;
&#xD;
2019-11-01 02:28:23 - [MESSAGE][INFO] - Safe Click Without scroll&#xD;
&#xD;
2019-11-01 02:28:23 - [MESSAGE][INFO] - 1stPayVault.ts:waiting until Click on Run Sale With This Vault in Popup is Clickable&#xD;
&#xD;
2019-11-01 02:28:23 - [MESSAGE][PASSED] - Object 'Object Repository/Pages/FirstPayVault/button_RunSaleWithThisVault_InPopup' is clickable&#xD;
&#xD;
2019-11-01 02:28:23 - [MESSAGE][PASSED] - Object 'Object Repository/Pages/FirstPayVault/button_RunSaleWithThisVault_InPopup' is visible&#xD;
&#xD;
2019-11-01 02:28:24 - [MESSAGE][PASSED] - Object: 'Object Repository/Pages/FirstPayVault/button_RunSaleWithThisVault_InPopup' is clicked on&#xD;
&#xD;
2019-11-01 02:28:24 - [MESSAGE][INFO] - 1stPayVault.ts: click on the Click on Run Sale With This Vault in Popup&#xD;
&#xD;
2019-11-01 02:28:24 - [MESSAGE][PASSED] - utilities.SafeActions.safeClickWithoutScroll is PASSED&#xD;
&#xD;
2019-11-01 02:28:24 - [TEST_STEP][NOT_RUN] - delay(1): NOT_RUN: delay(1)&#xD;
&#xD;
2019-11-01 02:28:24 - [MESSAGE][NOT_RUN] - NOT_RUN: delay(1)&#xD;
&#xD;
2019-11-01 02:28:24 - [TEST_STEP][PASSED] - value = utilities.SafeActions.getAttributeValue(findTestObject("Pages/FirstPayVault/tab_1stPayVault_Active"), "1st_PayVault"): The screen is 1st_PayVault screen&#xD;
&#xD;
2019-11-01 02:28:24 - [MESSAGE][PASSED] - Attribute 'class' of object 'Object Repository/Pages/FirstPayVault/tab_1stPayVault_Active' is: 'active_tab tabs__link'&#xD;
&#xD;
2019-11-01 02:28:24 - [MESSAGE][PASSED] - The screen is 1st_PayVault screen&#xD;
&#xD;
2019-11-01 02:28:24 - [TEST_STEP][PASSED] - scrollToElement(findTestObject("Pages/FirstPayVault/input_Amount"), PageLoadTime): Scroll to object 'Object Repository/Pages/FirstPayVault/input_Amount' successfully&#xD;
&#xD;
2019-11-01 02:28:24 - [MESSAGE][PASSED] - Scroll to object 'Object Repository/Pages/FirstPayVault/input_Amount' successfully&#xD;
&#xD;
2019-11-01 02:28:24 - [TEST_STEP][PASSED] - utilities.SafeActions.safeType(findTestObject("Pages/FirstPayVault/input_Amount"), amount, "Enter Amount", [PageLoadTime]): utilities.SafeActions.safeType is PASSED&#xD;
&#xD;
2019-11-01 02:28:24 - [MESSAGE][PASSED] - Object 'Object Repository/Pages/FirstPayVault/input_Amount' is present&#xD;
&#xD;
2019-11-01 02:28:24 - [MESSAGE][PASSED] - Scroll to object 'Object Repository/Pages/FirstPayVault/input_Amount' successfully&#xD;
&#xD;
2019-11-01 02:28:25 - [MESSAGE][PASSED] - Object 'Object Repository/Pages/FirstPayVault/input_Amount' is present&#xD;
&#xD;
2019-11-01 02:28:25 - [MESSAGE][PASSED] - Object: 'Object Repository/Pages/FirstPayVault/input_Amount' is clicked on&#xD;
&#xD;
2019-11-01 02:28:25 - [MESSAGE][PASSED] - Text '450' is set on object 'Object Repository/Pages/FirstPayVault/input_Amount'&#xD;
&#xD;
2019-11-01 02:28:25 - [MESSAGE][PASSED] - utilities.SafeActions.safeType is PASSED&#xD;
&#xD;
2019-11-01 02:28:25 - [TEST_STEP][PASSED] - salesTax = utilities.SafeActions.safeGetText(findTestObject("Pages/FirstPayVault/input_SalesTaxUnderAmount"), delayBetweenTestSteps): utilities.SafeActions.safeGetText is PASSED&#xD;
&#xD;
2019-11-01 02:28:26 - [MESSAGE][PASSED] - Object 'Object Repository/Pages/FirstPayVault/input_SalesTaxUnderAmount' is present&#xD;
&#xD;
2019-11-01 02:28:26 - [MESSAGE][PASSED] - Scroll to object 'Object Repository/Pages/FirstPayVault/input_SalesTaxUnderAmount' successfully&#xD;
&#xD;
2019-11-01 02:28:26 - [MESSAGE][PASSED] - Object 'Object Repository/Pages/FirstPayVault/input_SalesTaxUnderAmount' is present&#xD;
&#xD;
2019-11-01 02:28:26 - [MESSAGE][PASSED] - Text of object 'Object Repository/Pages/FirstPayVault/input_SalesTaxUnderAmount' is: '$37.13'&#xD;
&#xD;
2019-11-01 02:28:26 - [MESSAGE][PASSED] - utilities.SafeActions.safeGetText is PASSED&#xD;
&#xD;
2019-11-01 02:28:26 - [TEST_STEP][PASSED] - pages.FirstPayVault.verifyAmountIsNotZero(salesTax): pages.FirstPayVault.verifyAmountIsNotZero is PASSED&#xD;
&#xD;
2019-11-01 02:28:26 - [MESSAGE][PASSED] - pages.FirstPayVault.verifyAmountIsNotZero is PASSED&#xD;
&#xD;
2019-11-01 02:28:26 - [TEST_STEP][PASSED] - scrollToElement(findTestObject("Pages/FirstPayVault/input_CreditCardNumberForVerification"), delayBetweenTestSteps): Scroll to object 'Object Repository/Pages/FirstPayVault/input_CreditCardNumberForVerification' successfully&#xD;
&#xD;
2019-11-01 02:28:26 - [MESSAGE][PASSED] - Scroll to object 'Object Repository/Pages/FirstPayVault/input_CreditCardNumberForVerification' successfully&#xD;
&#xD;
2019-11-01 02:28:26 - [TEST_STEP][PASSED] - cardNumber = utilities.SafeActions.getAttribute(findTestObject("Pages/FirstPayVault/input_CreditCardNumberForVerification"), "1st Pay Vault"): utilities.SafeActions.getAttribute is PASSED&#xD;
&#xD;
2019-11-01 02:28:26 - [MESSAGE][PASSED] - Attribute 'value' of object 'Object Repository/Pages/FirstPayVault/input_CreditCardNumberForVerification' is: '411111******1111'&#xD;
&#xD;
2019-11-01 02:28:26 - [MESSAGE][PASSED] - utilities.SafeActions.getAttribute is PASSED&#xD;
&#xD;
2019-11-01 02:28:26 - [TEST_STEP][PASSED] - pages.FirstPayVault.verifyCardNumber(cardNumber, visaCardNumber): Actual String : 4111111111111111 matched with Expected message : 411111******1111&#xD;
&#xD;
2019-11-01 02:28:26 - [MESSAGE][PASSED] - Actual String : 4111111111111111 matched with Expected message : 411111******1111&#xD;
&#xD;
2019-11-01 02:28:26 - [TEST_STEP][PASSED] - expirationYear = utilities.SafeActions.getAttribute(findTestObject("Pages/FirstPayVault/dropDownExpirationYearForVerification"), "1st Pay Vault"): utilities.SafeActions.getAttribute is PASSED&#xD;
&#xD;
2019-11-01 02:28:27 - [MESSAGE][PASSED] - Attribute 'value' of object 'Object Repository/Pages/FirstPayVault/dropDownExpirationYearForVerification' is: '2032'&#xD;
&#xD;
2019-11-01 02:28:27 - [MESSAGE][PASSED] - utilities.SafeActions.getAttribute is PASSED&#xD;
&#xD;
2019-11-01 02:28:27 - [TEST_STEP][PASSED] - pages.FirstPayVault.verifyStrings(expirationYear, cardYear): Actual String : 2032 matched with Expected message : 2032&#xD;
&#xD;
2019-11-01 02:28:27 - [MESSAGE][PASSED] - Actual String : 2032 matched with Expected message : 2032&#xD;
&#xD;
2019-11-01 02:28:27 - [TEST_STEP][PASSED] - scrollToElement(findTestObject("Pages/FirstPayVault/input_VerifyCardHolderName"), PageLoadTime): Scroll to object 'Object Repository/Pages/FirstPayVault/input_VerifyCardHolderName' successfully&#xD;
&#xD;
2019-11-01 02:28:27 - [MESSAGE][PASSED] - Scroll to object 'Object Repository/Pages/FirstPayVault/input_VerifyCardHolderName' successfully&#xD;
&#xD;
2019-11-01 02:28:27 - [TEST_STEP][PASSED] - name = utilities.SafeActions.getAttribute(findTestObject("Pages/FirstPayVault/input_VerifyCardHolderName"), "1stPayVault"): utilities.SafeActions.getAttribute is PASSED&#xD;
&#xD;
2019-11-01 02:28:27 - [MESSAGE][PASSED] - Attribute 'value' of object 'Object Repository/Pages/FirstPayVault/input_VerifyCardHolderName' is: 'Venkata Sai'&#xD;
&#xD;
2019-11-01 02:28:27 - [MESSAGE][PASSED] - utilities.SafeActions.getAttribute is PASSED&#xD;
&#xD;
2019-11-01 02:28:27 - [TEST_STEP][PASSED] - pages.FirstPayVault.verifyStrings(name, customerName): Actual String : Venkata Sai matched with Expected message : Venkata Sai&#xD;
&#xD;
2019-11-01 02:28:27 - [MESSAGE][PASSED] - Actual String : Venkata Sai matched with Expected message : Venkata Sai&#xD;
&#xD;
2019-11-01 02:28:27 - [TEST_STEP][PASSED] - scrollToElement(findTestObject("Pages/FirstPayVault/checkbox_TaxExempt"), PageLoadTime): Scroll to object 'Object Repository/Pages/FirstPayVault/checkbox_TaxExempt' successfully&#xD;
&#xD;
2019-11-01 02:28:27 - [MESSAGE][PASSED] - Scroll to object 'Object Repository/Pages/FirstPayVault/checkbox_TaxExempt' successfully&#xD;
&#xD;
2019-11-01 02:28:27 - [TEST_STEP][NOT_RUN] - salesTax = utilities.SafeActions.safeGetText(findTestObject("Pages/FirstPayVault/amount_UnderPurchaseCardInformation"), delayBetweenTestSteps): NOT_RUN: salesTax = utilities.SafeActions.safeGetText(findTestObject("Pages/FirstPayVault/amount_UnderPurchaseCardInformation"), delayBetweenTestSteps)&#xD;
&#xD;
2019-11-01 02:28:27 - [MESSAGE][NOT_RUN] - NOT_RUN: salesTax = utilities.SafeActions.safeGetText(findTestObject("Pages/FirstPayVault/amount_UnderPurchaseCardInformation"), delayBetweenTestSteps)&#xD;
&#xD;
2019-11-01 02:28:27 - [TEST_STEP][PASSED] - pages.FirstPayVault.verifyAmountIsNotZero(salesTax): pages.FirstPayVault.verifyAmountIsNotZero is PASSED&#xD;
&#xD;
2019-11-01 02:28:27 - [MESSAGE][PASSED] - pages.FirstPayVault.verifyAmountIsNotZero is PASSED&#xD;
&#xD;
2019-11-01 02:28:27 - [TEST_STEP][PASSED] - utilities.SafeActions.safeCheckForElement(findTestObject("Pages/FirstPayVault/checkbox_TaxExempt"), PageLoadTime): utilities.SafeActions.safeCheckForElement is PASSED&#xD;
&#xD;
2019-11-01 02:28:27 - [MESSAGE][PASSED] - Object 'Object Repository/Pages/FirstPayVault/checkbox_TaxExempt' is present&#xD;
&#xD;
2019-11-01 02:28:27 - [MESSAGE][PASSED] - Object 'Object Repository/Pages/FirstPayVault/checkbox_TaxExempt' is visible&#xD;
&#xD;
2019-11-01 02:28:27 - [MESSAGE][PASSED] - Object 'Object Repository/Pages/FirstPayVault/checkbox_TaxExempt' is present&#xD;
&#xD;
2019-11-01 02:28:28 - [MESSAGE][PASSED] - Object 'Object Repository/Pages/FirstPayVault/checkbox_TaxExempt' is checked&#xD;
&#xD;
2019-11-01 02:28:28 - [MESSAGE][PASSED] - utilities.SafeActions.safeCheckForElement is PASSED&#xD;
&#xD;
2019-11-01 02:28:28 - [TEST_STEP][PASSED] - utilities.SafeActions.safeClickwithScroll(findTestObject("Pages/FirstPayVault/button_Checkout"), "Click on Checkout", [PageLoadTime]): utilities.SafeActions.safeClickwithScroll is PASSED&#xD;
&#xD;
2019-11-01 02:28:28 - [MESSAGE][PASSED] - Object 'Object Repository/Pages/FirstPayVault/button_Checkout' is present&#xD;
&#xD;
2019-11-01 02:28:28 - [MESSAGE][PASSED] - Object 'Object Repository/Pages/FirstPayVault/button_Checkout' is visible&#xD;
&#xD;
2019-11-01 02:28:28 - [MESSAGE][INFO] - 1stPayVault.ts:waiting until Click on Checkout is Clickable&#xD;
&#xD;
2019-11-01 02:28:28 - [MESSAGE][PASSED] - Object 'Object Repository/Pages/FirstPayVault/button_Checkout' is clickable&#xD;
&#xD;
2019-11-01 02:28:28 - [MESSAGE][PASSED] - Object 'Object Repository/Pages/FirstPayVault/button_Checkout' is visible&#xD;
&#xD;
2019-11-01 02:28:29 - [MESSAGE][PASSED] - Object: 'Object Repository/Pages/FirstPayVault/button_Checkout' is clicked on&#xD;
&#xD;
2019-11-01 02:28:29 - [MESSAGE][INFO] - 1stPayVault.ts: Clicked on the Click on Checkout&#xD;
&#xD;
2019-11-01 02:28:29 - [MESSAGE][PASSED] - utilities.SafeActions.safeClickwithScroll is PASSED&#xD;
&#xD;
2019-11-01 02:28:29 - [TEST_STEP][PASSED] - pages.Sale.verifyTransactionCompletePage(findTestObject("Pages/Sale/heading_TransactionComplete")): The screen is Transaction Complete screen&#xD;
&#xD;
2019-11-01 02:28:30 - [MESSAGE][PASSED] - Object 'Object Repository/Pages/Sale/heading_TransactionComplete' is present&#xD;
&#xD;
2019-11-01 02:28:30 - [MESSAGE][PASSED] - The screen is Transaction Complete screen&#xD;
&#xD;
2019-11-01 02:28:30 - [TEST_STEP][NOT_RUN] - delay(delayBetweenTestSteps): NOT_RUN: delay(delayBetweenTestSteps)&#xD;
&#xD;
2019-11-01 02:28:30 - [MESSAGE][NOT_RUN] - NOT_RUN: delay(delayBetweenTestSteps)&#xD;
&#xD;
2019-11-01 02:28:30 - [TEST_STEP][PASSED] - utilities.SafeActions.safeClickWithoutScroll(findTestObject("Pages/FirstPayVault/button_ReturnToSale_InTransactionComplete"), "Click On Return Button", [PageLoadTime]): utilities.SafeActions.safeClickWithoutScroll is PASSED&#xD;
&#xD;
2019-11-01 02:28:30 - [MESSAGE][INFO] - Safe Click Without scroll&#xD;
&#xD;
2019-11-01 02:28:30 - [MESSAGE][INFO] - 1stPayVault.ts:waiting until Click On Return Button is Clickable&#xD;
&#xD;
2019-11-01 02:28:30 - [MESSAGE][PASSED] - Object 'Object Repository/Pages/FirstPayVault/button_ReturnToSale_InTransactionComplete' is clickable&#xD;
&#xD;
2019-11-01 02:28:30 - [MESSAGE][PASSED] - Object 'Object Repository/Pages/FirstPayVault/button_ReturnToSale_InTransactionComplete' is visible&#xD;
&#xD;
2019-11-01 02:28:31 - [MESSAGE][PASSED] - Object: 'Object Repository/Pages/FirstPayVault/button_ReturnToSale_InTransactionComplete' is clicked on&#xD;
&#xD;
2019-11-01 02:28:31 - [MESSAGE][INFO] - 1stPayVault.ts: click on the Click On Return Button&#xD;
&#xD;
2019-11-01 02:28:31 - [MESSAGE][PASSED] - utilities.SafeActions.safeClickWithoutScroll is PASSED&#xD;
&#xD;
2019-11-01 02:28:31 - [TEST_STEP][PASSED] - utilities.SafeActions.safeClickWithoutScroll(findTestObject("Pages/FirstPayVault/tab_FirstPayVault"), "Click on FirstPayVault tab", [PageLoadTime]): utilities.SafeActions.safeClickWithoutScroll is PASSED&#xD;
&#xD;
2019-11-01 02:28:31 - [MESSAGE][INFO] - Safe Click Without scroll&#xD;
&#xD;
2019-11-01 02:28:31 - [MESSAGE][INFO] - 1stPayVault.ts:waiting until Click on FirstPayVault tab is Clickable&#xD;
&#xD;
2019-11-01 02:28:31 - [MESSAGE][PASSED] - Object 'Object Repository/Pages/FirstPayVault/tab_FirstPayVault' is clickable&#xD;
&#xD;
2019-11-01 02:28:32 - [MESSAGE][PASSED] - Object 'Object Repository/Pages/FirstPayVault/tab_FirstPayVault' is visible&#xD;
&#xD;
2019-11-01 02:28:33 - [MESSAGE][PASSED] - Object: 'Object Repository/Pages/FirstPayVault/tab_FirstPayVault' is clicked on&#xD;
&#xD;
2019-11-01 02:28:33 - [MESSAGE][INFO] - 1stPayVault.ts: click on the Click on FirstPayVault tab&#xD;
&#xD;
2019-11-01 02:28:33 - [MESSAGE][PASSED] - utilities.SafeActions.safeClickWithoutScroll is PASSED&#xD;
&#xD;
2019-11-01 02:28:33 - [TEST_STEP][PASSED] - utilities.SafeActions.safeClickwithScroll(findTestObject("Pages/FirstPayVault/button_SearchVault"), "Click on Search Vault", [PageLoadTime]): utilities.SafeActions.safeClickwithScroll is PASSED&#xD;
&#xD;
2019-11-01 02:28:33 - [MESSAGE][PASSED] - Object 'Object Repository/Pages/FirstPayVault/button_SearchVault' is present&#xD;
&#xD;
2019-11-01 02:28:33 - [MESSAGE][PASSED] - Object 'Object Repository/Pages/FirstPayVault/button_SearchVault' is visible&#xD;
&#xD;
2019-11-01 02:28:33 - [MESSAGE][INFO] - 1stPayVault.ts:waiting until Click on Search Vault is Clickable&#xD;
&#xD;
2019-11-01 02:28:33 - [MESSAGE][PASSED] - Object 'Object Repository/Pages/FirstPayVault/button_SearchVault' is clickable&#xD;
&#xD;
2019-11-01 02:28:33 - [MESSAGE][PASSED] - Object 'Object Repository/Pages/FirstPayVault/button_SearchVault' is visible&#xD;
&#xD;
2019-11-01 02:28:34 - [MESSAGE][PASSED] - Object: 'Object Repository/Pages/FirstPayVault/button_SearchVault' is clicked on&#xD;
&#xD;
2019-11-01 02:28:34 - [MESSAGE][INFO] - 1stPayVault.ts: Clicked on the Click on Search Vault&#xD;
&#xD;
2019-11-01 02:28:34 - [MESSAGE][PASSED] - utilities.SafeActions.safeClickwithScroll is PASSED&#xD;
&#xD;
2019-11-01 02:28:34 - [TEST_STEP][PASSED] - utilities.SafeActions.safeClickWithoutScroll(findTestObject("Pages/FirstPayVault/button_Search"), "Click On Search button", [PageLoadTime]): utilities.SafeActions.safeClickWithoutScroll is PASSED&#xD;
&#xD;
2019-11-01 02:28:34 - [MESSAGE][INFO] - Safe Click Without scroll&#xD;
&#xD;
2019-11-01 02:28:34 - [MESSAGE][INFO] - 1stPayVault.ts:waiting until Click On Search button is Clickable&#xD;
&#xD;
2019-11-01 02:28:34 - [MESSAGE][PASSED] - Object 'Object Repository/Pages/FirstPayVault/button_Search' is clickable&#xD;
&#xD;
2019-11-01 02:28:34 - [MESSAGE][PASSED] - Object 'Object Repository/Pages/FirstPayVault/button_Search' is visible&#xD;
&#xD;
2019-11-01 02:28:35 - [MESSAGE][PASSED] - Object: 'Object Repository/Pages/FirstPayVault/button_Search' is clicked on&#xD;
&#xD;
2019-11-01 02:28:35 - [MESSAGE][INFO] - 1stPayVault.ts: click on the Click On Search button&#xD;
&#xD;
2019-11-01 02:28:35 - [MESSAGE][PASSED] - utilities.SafeActions.safeClickWithoutScroll is PASSED&#xD;
&#xD;
2019-11-01 02:28:35 - [TEST_STEP][PASSED] - scrollToElement(findTestObject("Pages/Transaction_Management/invoice_ForTransaction"), PageLoadTime): Scroll to object 'Object Repository/Pages/Transaction_Management/invoice_ForTransaction' successfully&#xD;
&#xD;
2019-11-01 02:28:37 - [MESSAGE][PASSED] - Scroll to object 'Object Repository/Pages/Transaction_Management/invoice_ForTransaction' successfully&#xD;
&#xD;
2019-11-01 02:28:37 - [TEST_STEP][PASSED] - pages.FirstPayVault.verifyInvoiceRecord(findTestObject("Pages/FirstPayVault/footer_NextButton"), findTestObject("Pages/FirstPayVault/page_Number"), vaultReference): The Vault is found in page 1&#xD;
&#xD;
2019-11-01 02:28:37 - [MESSAGE][PASSED] - Text of object 'Object Repository/Pages/FirstPayVault/page_Number' is: 'Page 1 of 33'&#xD;
&#xD;
2019-11-01 02:28:37 - [MESSAGE][PASSED] - The Vault is found in page 1&#xD;
&#xD;
2019-11-01 02:28:38 - [TEST_STEP][NOT_RUN] - delay(2): NOT_RUN: delay(2)&#xD;
&#xD;
2019-11-01 02:28:38 - [MESSAGE][NOT_RUN] - NOT_RUN: delay(2)&#xD;
&#xD;
2019-11-01 02:28:38 - [TEST_STEP][PASSED] - pages.FirstPayVault.clickOnEdit(findTestObject("Pages/FirstPayVault/footer_NextButton"), findTestObject("Pages/FirstPayVault/page_Number"), vaultReference): Delayed 6 second(s)&#xD;
&#xD;
2019-11-01 02:28:38 - [MESSAGE][PASSED] - Text of object 'Object Repository/Pages/FirstPayVault/page_Number' is: 'Page 1 of 33'&#xD;
&#xD;
2019-11-01 02:28:38 - [MESSAGE][PASSED] - The Vault is found in page 1&#xD;
&#xD;
2019-11-01 02:28:44 - [MESSAGE][PASSED] - Delayed 6 second(s)&#xD;
&#xD;
2019-11-01 02:28:45 - [TEST_STEP][PASSED] - scrollToElement(findTestObject("Pages/FirstPayVault/dropDownExpirationMonthForVerification"), delayBetweenTestSteps): Scroll to object 'Object Repository/Pages/FirstPayVault/dropDownExpirationMonthForVerification' successfully&#xD;
&#xD;
2019-11-01 02:28:45 - [MESSAGE][PASSED] - Scroll to object 'Object Repository/Pages/FirstPayVault/dropDownExpirationMonthForVerification' successfully&#xD;
&#xD;
2019-11-01 02:28:45 - [TEST_STEP][PASSED] - utilities.SafeActions.safeSelectOptionInDropDownByVisibleText(findTestObject("Pages/FirstPayVault/dropDownExpirationMonthForVerification"), cardMonthUpdate, "Update expiration Month", [PageLoadTime]): utilities.SafeActions.safeSelectOptionInDropDownByVisibleText is PASSED&#xD;
&#xD;
2019-11-01 02:28:45 - [MESSAGE][PASSED] - Object 'Object Repository/Pages/FirstPayVault/dropDownExpirationMonthForVerification' is visible&#xD;
&#xD;
2019-11-01 02:28:45 - [MESSAGE][PASSED] - Object 'Object Repository/Pages/FirstPayVault/dropDownExpirationMonthForVerification' is present&#xD;
&#xD;
2019-11-01 02:28:46 - [MESSAGE][PASSED] - Object: 'Object Repository/Pages/FirstPayVault/dropDownExpirationMonthForVerification' is clicked on&#xD;
&#xD;
2019-11-01 02:28:46 - [MESSAGE][PASSED] - All options with label 'October' are selected in object 'Object Repository/Pages/FirstPayVault/dropDownExpirationMonthForVerification' &#xD;
&#xD;
2019-11-01 02:28:46 - [MESSAGE][PASSED] - utilities.SafeActions.safeSelectOptionInDropDownByVisibleText is PASSED&#xD;
&#xD;
2019-11-01 02:28:46 - [TEST_STEP][PASSED] - utilities.SafeActions.safeCheckForElement(findTestObject("Pages/FirstPayVault/chekBox_AddShippingInformation"), PageLoadTime): utilities.SafeActions.safeCheckForElement is PASSED&#xD;
&#xD;
2019-11-01 02:28:46 - [MESSAGE][PASSED] - Object 'Object Repository/Pages/FirstPayVault/chekBox_AddShippingInformation' is present&#xD;
&#xD;
2019-11-01 02:28:46 - [MESSAGE][PASSED] - Object 'Object Repository/Pages/FirstPayVault/chekBox_AddShippingInformation' is visible&#xD;
&#xD;
2019-11-01 02:28:46 - [MESSAGE][PASSED] - Object 'Object Repository/Pages/FirstPayVault/chekBox_AddShippingInformation' is present&#xD;
&#xD;
2019-11-01 02:28:47 - [MESSAGE][PASSED] - Object 'Object Repository/Pages/FirstPayVault/chekBox_AddShippingInformation' is checked&#xD;
&#xD;
2019-11-01 02:28:47 - [MESSAGE][PASSED] - utilities.SafeActions.safeCheckForElement is PASSED&#xD;
&#xD;
2019-11-01 02:28:47 - [TEST_STEP][PASSED] - utilities.SafeActions.safeType(findTestObject("Pages/FirstPayVault/input_ShippingMethod"), shippingMethod, "Enter Shipping Method", [PageLoadTime]): utilities.SafeActions.safeType is PASSED&#xD;
&#xD;
2019-11-01 02:28:48 - [MESSAGE][PASSED] - Object 'Object Repository/Pages/FirstPayVault/input_ShippingMethod' is present&#xD;
&#xD;
2019-11-01 02:28:48 - [MESSAGE][PASSED] - Scroll to object 'Object Repository/Pages/FirstPayVault/input_ShippingMethod' successfully&#xD;
&#xD;
2019-11-01 02:28:48 - [MESSAGE][PASSED] - Object 'Object Repository/Pages/FirstPayVault/input_ShippingMethod' is present&#xD;
&#xD;
2019-11-01 02:28:49 - [MESSAGE][PASSED] - Object: 'Object Repository/Pages/FirstPayVault/input_ShippingMethod' is clicked on&#xD;
&#xD;
2019-11-01 02:28:49 - [MESSAGE][PASSED] - Text 'DTDC' is set on object 'Object Repository/Pages/FirstPayVault/input_ShippingMethod'&#xD;
&#xD;
2019-11-01 02:28:49 - [MESSAGE][PASSED] - utilities.SafeActions.safeType is PASSED&#xD;
&#xD;
2019-11-01 02:28:49 - [TEST_STEP][PASSED] - utilities.SafeActions.safeCheckForElement(findTestObject("Pages/FirstPayVault/checkbox_SameAsBillingInformation"), PageLoadTime): utilities.SafeActions.safeCheckForElement is PASSED&#xD;
&#xD;
2019-11-01 02:28:49 - [MESSAGE][PASSED] - Object 'Object Repository/Pages/FirstPayVault/checkbox_SameAsBillingInformation' is present&#xD;
&#xD;
2019-11-01 02:28:49 - [MESSAGE][PASSED] - Object 'Object Repository/Pages/FirstPayVault/checkbox_SameAsBillingInformation' is visible&#xD;
&#xD;
2019-11-01 02:28:49 - [MESSAGE][PASSED] - Object 'Object Repository/Pages/FirstPayVault/checkbox_SameAsBillingInformation' is present&#xD;
&#xD;
2019-11-01 02:28:50 - [MESSAGE][PASSED] - Object 'Object Repository/Pages/FirstPayVault/checkbox_SameAsBillingInformation' is checked&#xD;
&#xD;
2019-11-01 02:28:50 - [MESSAGE][PASSED] - utilities.SafeActions.safeCheckForElement is PASSED&#xD;
&#xD;
2019-11-01 02:28:50 - [TEST_STEP][PASSED] - scrollToElement(findTestObject("Pages/FirstPayVault/button_Update"), delayBetweenTestSteps): Scroll to object 'Object Repository/Pages/FirstPayVault/button_Update' successfully&#xD;
&#xD;
2019-11-01 02:28:50 - [MESSAGE][PASSED] - Scroll to object 'Object Repository/Pages/FirstPayVault/button_Update' successfully&#xD;
&#xD;
2019-11-01 02:28:50 - [TEST_STEP][PASSED] - utilities.SafeActions.safeClickwithScroll(findTestObject("Pages/FirstPayVault/button_Update"), "Click On Update", [delayBetweenTestSteps]): utilities.SafeActions.safeClickwithScroll is PASSED&#xD;
&#xD;
2019-11-01 02:28:50 - [MESSAGE][PASSED] - Object 'Object Repository/Pages/FirstPayVault/button_Update' is present&#xD;
&#xD;
2019-11-01 02:28:50 - [MESSAGE][PASSED] - Object 'Object Repository/Pages/FirstPayVault/button_Update' is visible&#xD;
&#xD;
2019-11-01 02:28:50 - [MESSAGE][INFO] - 1stPayVault.ts:waiting until Click On Update is Clickable&#xD;
&#xD;
2019-11-01 02:28:50 - [MESSAGE][PASSED] - Object 'Object Repository/Pages/FirstPayVault/button_Update' is clickable&#xD;
&#xD;
2019-11-01 02:28:50 - [MESSAGE][PASSED] - Object 'Object Repository/Pages/FirstPayVault/button_Update' is visible&#xD;
&#xD;
2019-11-01 02:28:51 - [MESSAGE][PASSED] - Object: 'Object Repository/Pages/FirstPayVault/button_Update' is clicked on&#xD;
&#xD;
2019-11-01 02:28:51 - [MESSAGE][INFO] - 1stPayVault.ts: Clicked on the Click On Update&#xD;
&#xD;
2019-11-01 02:28:51 - [MESSAGE][PASSED] - utilities.SafeActions.safeClickwithScroll is PASSED&#xD;
&#xD;
2019-11-01 02:28:51 - [TEST_STEP][PASSED] - delay(2): Delayed 2 second(s)&#xD;
&#xD;
2019-11-01 02:28:53 - [MESSAGE][PASSED] - Delayed 2 second(s)&#xD;
&#xD;
2019-11-01 02:28:53 - [TEST_STEP][PASSED] - popupUpdatedToVaultMessage = utilities.SafeActions.safeGetText(findTestObject("Pages/FirstPayVault/popup_SavedToVaultMessage"), PageLoadTime): utilities.SafeActions.safeGetText is PASSED&#xD;
&#xD;
2019-11-01 02:28:53 - [MESSAGE][PASSED] - Object 'Object Repository/Pages/FirstPayVault/popup_SavedToVaultMessage' is present&#xD;
&#xD;
2019-11-01 02:28:53 - [MESSAGE][PASSED] - Scroll to object 'Object Repository/Pages/FirstPayVault/popup_SavedToVaultMessage' successfully&#xD;
&#xD;
2019-11-01 02:28:53 - [MESSAGE][PASSED] - Object 'Object Repository/Pages/FirstPayVault/popup_SavedToVaultMessage' is present&#xD;
&#xD;
2019-11-01 02:28:54 - [MESSAGE][PASSED] - Text of object 'Object Repository/Pages/FirstPayVault/popup_SavedToVaultMessage' is: 'Successfully Saved to Vault'&#xD;
&#xD;
2019-11-01 02:28:54 - [MESSAGE][PASSED] - utilities.SafeActions.safeGetText is PASSED&#xD;
&#xD;
2019-11-01 02:28:54 - [TEST_STEP][PASSED] - flag = utilities.SafeActions.verifyPopupMessage("Successfully Saved to Vault", popupUpdatedToVaultMessage): Popup Message : Successfully Saved to Vault matched with expected message : Successfully Saved to Vault&#xD;
&#xD;
2019-11-01 02:28:54 - [MESSAGE][PASSED] - Popup Message : Successfully Saved to Vault matched with expected message : Successfully Saved to Vault&#xD;
&#xD;
2019-11-01 02:28:54 - [TEST_STEP][NOT_RUN] - delay(2): NOT_RUN: delay(2)&#xD;
&#xD;
2019-11-01 02:28:54 - [MESSAGE][NOT_RUN] - NOT_RUN: delay(2)&#xD;
&#xD;
2019-11-01 02:28:54 - [TEST_STEP][PASSED] - closeBrowser(): Browser is closed&#xD;
&#xD;
2019-11-01 02:28:56 - [MESSAGE][PASSED] - Browser is closed&#xD;
&#xD;
2019-11-01 02:28:56 - [TEST_STEP][PASSED] - Start listener action : sampleAfterTestCase: null&#xD;
&#xD;
2019-11-01 02:28:56 - [TEST_STEP][PASSED] - println(testCaseContext.getTestCaseId()): null&#xD;
&#xD;
2019-11-01 02:28:56 - [TEST_STEP][PASSED] - println(testCaseContext.getTestCaseStatus()): null&#xD;
&#xD;
2019-11-01 02:28:56 - [TEST_STEP][PASSED] - testCaseName = testCaseContext.getTestCaseId(): null&#xD;
&#xD;
2019-11-01 02:28:56 - [TEST_STEP][PASSED] - strCount = testCaseName.lastIndexOf("/"): null&#xD;
&#xD;
2019-11-01 02:28:56 - [TEST_STEP][PASSED] - testCaseName = testCaseName.substring(strCount): null&#xD;
&#xD;
2019-11-01 02:28:56 - [TEST_STEP][PASSED] - println(testCaseName): null&#xD;
&#xD;
2019-11-01 02:28:56 - [TEST_STEP][PASSED] - if (getTestCaseStatus().equalsIgnoreCase("Error")): null&#xD;
&#xD;
2019-11-01 02:28:56 - [TEST_STEP][PASSED] - Start listener action : sampleAfterTestCase: null</system-out>
            <system-err></system-err>
        </testcase>
        <testcase name="Test Cases/FirstView/FirstPayVault/TC_1st_Pay_Vault_006" classname="Test Cases/FirstView/FirstPayVault/TC_1st_Pay_Vault_006" status="PASSED">
            <system-out>2019-11-01 02:28:56 - [TEST_CASE][PASSED] - Test Cases/FirstView/FirstPayVault/TC_1st_Pay_Vault_006: Test Cases/FirstView/FirstPayVault/TC_1st_Pay_Vault_006&#xD;
&#xD;
2019-11-01 02:28:56 - [TEST_STEP][PASSED] - Start listener action : sampleBeforeTestCase: null&#xD;
&#xD;
2019-11-01 02:28:56 - [TEST_STEP][PASSED] - println(testCaseContext.getTestCaseId()): null&#xD;
&#xD;
2019-11-01 02:28:56 - [TEST_STEP][PASSED] - println(testCaseContext.getTestCaseVariables()): null&#xD;
&#xD;
2019-11-01 02:28:57 - [TEST_STEP][NOT_RUN] - utilities.SafeActions.openBrowser(Old_URL, [PageLoadTime]): NOT_RUN: utilities.SafeActions.openBrowser(Old_URL, [PageLoadTime])&#xD;
&#xD;
2019-11-01 02:28:57 - [MESSAGE][NOT_RUN] - NOT_RUN: utilities.SafeActions.openBrowser(Old_URL, [PageLoadTime])&#xD;
&#xD;
2019-11-01 02:28:57 - [TEST_STEP][NOT_RUN] - delay(6): NOT_RUN: delay(6)&#xD;
&#xD;
2019-11-01 02:28:57 - [MESSAGE][NOT_RUN] - NOT_RUN: delay(6)&#xD;
&#xD;
2019-11-01 02:28:57 - [TEST_STEP][NOT_RUN] - utilities.SafeActions.safeSelectOptionInDropDownByVisibleText(findTestObject("Pages/Sale/dropDown_AccountType"), "ranjanatest2 - 888814981372/001 Account Type: Retail", "Select by Value", [25]): NOT_RUN: utilities.SafeActions.safeSelectOptionInDropDownByVisibleText(findTestObject("Pages/Sale/dropDown_AccountType"), "ranjanatest2 - 888814981372/001 Account Type: Retail", "Select by Value", [25])&#xD;
&#xD;
2019-11-01 02:28:57 - [MESSAGE][NOT_RUN] - NOT_RUN: utilities.SafeActions.safeSelectOptionInDropDownByVisibleText(findTestObject("Pages/Sale/dropDown_AccountType"), "ranjanatest2 - 888814981372/001 Account Type: Retail", "Select by Value", [25])&#xD;
&#xD;
2019-11-01 02:28:57 - [TEST_STEP][PASSED] - utilities.SafeActions.openBrowser(URL, [PageLoadTime]): utilities.SafeActions.openBrowser is PASSED&#xD;
&#xD;
2019-11-01 02:28:57 - [MESSAGE][INFO] - Opening Browser&#xD;
&#xD;
2019-11-01 02:28:57 - [MESSAGE][INFO] - Starting 'Firefox' driver&#xD;
&#xD;
2019-11-01 02:29:09 - [MESSAGE][PASSED] - Browser is opened with url: 'https://q-www-firstview-net.faps.net/MVC/Account/Login'&#xD;
&#xD;
2019-11-01 02:29:09 - [MESSAGE][PASSED] - Current window maximized&#xD;
&#xD;
2019-11-01 02:29:09 - [MESSAGE][INFO] - Browser Launched Successfully&#xD;
&#xD;
2019-11-01 02:29:09 - [MESSAGE][PASSED] - utilities.SafeActions.openBrowser is PASSED&#xD;
&#xD;
2019-11-01 02:29:09 - [TEST_STEP][PASSED] - pages.Login.login(uName, password): pages.Login.login is PASSED&#xD;
&#xD;
2019-11-01 02:29:10 - [MESSAGE][PASSED] - Object 'Object Repository/Pages/Login/userName' is present&#xD;
&#xD;
2019-11-01 02:29:10 - [MESSAGE][PASSED] - Scroll to object 'Object Repository/Pages/Login/userName' successfully&#xD;
&#xD;
2019-11-01 02:29:10 - [MESSAGE][PASSED] - Object 'Object Repository/Pages/Login/userName' is present&#xD;
&#xD;
2019-11-01 02:29:11 - [MESSAGE][PASSED] - Object: 'Object Repository/Pages/Login/userName' is clicked on&#xD;
&#xD;
2019-11-01 02:29:11 - [MESSAGE][PASSED] - Text 'ZenQRetail' is set on object 'Object Repository/Pages/Login/userName'&#xD;
&#xD;
2019-11-01 02:29:11 - [MESSAGE][PASSED] - Object 'Object Repository/Pages/Login/password' is present&#xD;
&#xD;
2019-11-01 02:29:11 - [MESSAGE][PASSED] - Scroll to object 'Object Repository/Pages/Login/password' successfully&#xD;
&#xD;
2019-11-01 02:29:11 - [MESSAGE][PASSED] - Object 'Object Repository/Pages/Login/password' is present&#xD;
&#xD;
2019-11-01 02:29:12 - [MESSAGE][PASSED] - Object: 'Object Repository/Pages/Login/password' is clicked on&#xD;
&#xD;
2019-11-01 02:29:12 - [MESSAGE][PASSED] - Text 'P@ssword1' is set on object 'Object Repository/Pages/Login/password'&#xD;
&#xD;
2019-11-01 02:29:12 - [MESSAGE][INFO] - Safe Click Without scroll&#xD;
&#xD;
2019-11-01 02:29:12 - [MESSAGE][INFO] - 1stPayVault.ts:waiting until Click on Login is Clickable&#xD;
&#xD;
2019-11-01 02:29:12 - [MESSAGE][PASSED] - Object 'Object Repository/Pages/Login/login' is clickable&#xD;
&#xD;
2019-11-01 02:29:12 - [MESSAGE][PASSED] - Object 'Object Repository/Pages/Login/login' is visible&#xD;
&#xD;
2019-11-01 02:29:15 - [MESSAGE][PASSED] - Object: 'Object Repository/Pages/Login/login' is clicked on&#xD;
&#xD;
2019-11-01 02:29:15 - [MESSAGE][INFO] - 1stPayVault.ts: click on the Click on Login&#xD;
&#xD;
2019-11-01 02:29:15 - [MESSAGE][PASSED] - pages.Login.login is PASSED&#xD;
&#xD;
2019-11-01 02:29:15 - [TEST_STEP][PASSED] - callTestCase(findTestCase("FirstView/Login/TC_SendCode"), [:], STOP_ON_FAILURE): Call Test Case 'Test Cases/FirstView/Login/TC_SendCode' successfully&#xD;
&#xD;
2019-11-01 02:29:15 - [TEST_CASE][PASSED] - Test Cases/FirstView/Login/TC_SendCode: Test Cases/FirstView/Login/TC_SendCode&#xD;
&#xD;
2019-11-01 02:29:15 - [TEST_STEP][PASSED] - flag = pages.SendCode.verifyPage(): pages.SendCode.verifyPage is PASSED&#xD;
&#xD;
2019-11-01 02:29:15 - [MESSAGE][PASSED] - Object 'Object Repository/Pages/SendCodeToValidate/header_SendCodeToValidate' is present and visible in viewport&#xD;
&#xD;
2019-11-01 02:29:15 - [MESSAGE][PASSED] - pages.SendCode.verifyPage is PASSED&#xD;
&#xD;
2019-11-01 02:29:15 - [TEST_STEP][PASSED] - if (flag): pages.SendCode.clickonUserSettings is PASSED&#xD;
&#xD;
2019-11-01 02:29:15 - [TEST_STEP][PASSED] - pages.SendCode.clickonUserSettings(): pages.SendCode.clickonUserSettings is PASSED&#xD;
&#xD;
2019-11-01 02:29:15 - [MESSAGE][PASSED] - Object 'Object Repository/Pages/SendCodeToValidate/link_UserSettings' is present&#xD;
&#xD;
2019-11-01 02:29:15 - [MESSAGE][PASSED] - Object 'Object Repository/Pages/SendCodeToValidate/link_UserSettings' is visible&#xD;
&#xD;
2019-11-01 02:29:15 - [MESSAGE][INFO] - 1stPayVault.ts:waiting until Click on User Settings is Clickable&#xD;
&#xD;
2019-11-01 02:29:15 - [MESSAGE][PASSED] - Object 'Object Repository/Pages/SendCodeToValidate/link_UserSettings' is clickable&#xD;
&#xD;
2019-11-01 02:29:15 - [MESSAGE][PASSED] - Object 'Object Repository/Pages/SendCodeToValidate/link_UserSettings' is visible&#xD;
&#xD;
2019-11-01 02:29:17 - [MESSAGE][PASSED] - Object: 'Object Repository/Pages/SendCodeToValidate/link_UserSettings' is clicked on&#xD;
&#xD;
2019-11-01 02:29:17 - [MESSAGE][INFO] - 1stPayVault.ts: Clicked on the Click on User Settings&#xD;
&#xD;
2019-11-01 02:29:17 - [MESSAGE][PASSED] - pages.SendCode.clickonUserSettings is PASSED&#xD;
&#xD;
2019-11-01 02:29:17 - [MESSAGE][PASSED] - Call Test Case 'Test Cases/FirstView/Login/TC_SendCode' successfully&#xD;
&#xD;
2019-11-01 02:29:17 - [TEST_STEP][PASSED] - callTestCase(findTestCase("FirstView/Login/TC_FirstView"), [:], STOP_ON_FAILURE): Call Test Case 'Test Cases/FirstView/Login/TC_FirstView' successfully&#xD;
&#xD;
2019-11-01 02:29:17 - [TEST_CASE][PASSED] - Test Cases/FirstView/Login/TC_FirstView: Test Cases/FirstView/Login/TC_FirstView&#xD;
&#xD;
2019-11-01 02:29:17 - [TEST_STEP][NOT_RUN] - utilities.SafeActions.safeClickWithoutScroll(findTestObject("Pages/FirstView/link_Home"), "Click on Home button in First View screen", [PageLoadTime]): NOT_RUN: utilities.SafeActions.safeClickWithoutScroll(findTestObject("Pages/FirstView/link_Home"), "Click on Home button in First View screen", [PageLoadTime])&#xD;
&#xD;
2019-11-01 02:29:17 - [MESSAGE][NOT_RUN] - NOT_RUN: utilities.SafeActions.safeClickWithoutScroll(findTestObject("Pages/FirstView/link_Home"), "Click on Home button in First View screen", [PageLoadTime])&#xD;
&#xD;
2019-11-01 02:29:17 - [TEST_STEP][PASSED] - delay(3): Delayed 3 second(s)&#xD;
&#xD;
2019-11-01 02:29:20 - [MESSAGE][PASSED] - Delayed 3 second(s)&#xD;
&#xD;
2019-11-01 02:29:20 - [TEST_STEP][PASSED] - utilities.SafeActions.javascriptclick(findTestObject("Pages/FirstView/link_Home"), delayForElement): utilities.SafeActions.javascriptclick is PASSED&#xD;
&#xD;
2019-11-01 02:29:20 - [MESSAGE][PASSED] - utilities.SafeActions.javascriptclick is PASSED&#xD;
&#xD;
2019-11-01 02:29:20 - [TEST_STEP][PASSED] - utilities.SafeActions.safeClickWithoutScroll(findTestObject("Pages/FirstView/link_VPOS"), "Click on VPOS button in First View screen", [PageLoadTime]): utilities.SafeActions.safeClickWithoutScroll is PASSED&#xD;
&#xD;
2019-11-01 02:29:21 - [MESSAGE][INFO] - Safe Click Without scroll&#xD;
&#xD;
2019-11-01 02:29:21 - [MESSAGE][INFO] - 1stPayVault.ts:waiting until Click on VPOS button in First View screen is Clickable&#xD;
&#xD;
2019-11-01 02:29:22 - [MESSAGE][PASSED] - Object 'Object Repository/Pages/FirstView/link_VPOS' is clickable&#xD;
&#xD;
2019-11-01 02:29:22 - [MESSAGE][PASSED] - Object 'Object Repository/Pages/FirstView/link_VPOS' is visible&#xD;
&#xD;
2019-11-01 02:29:23 - [MESSAGE][PASSED] - Object: 'Object Repository/Pages/FirstView/link_VPOS' is clicked on&#xD;
&#xD;
2019-11-01 02:29:23 - [MESSAGE][INFO] - 1stPayVault.ts: click on the Click on VPOS button in First View screen&#xD;
&#xD;
2019-11-01 02:29:23 - [MESSAGE][PASSED] - utilities.SafeActions.safeClickWithoutScroll is PASSED&#xD;
&#xD;
2019-11-01 02:29:23 - [MESSAGE][PASSED] - Call Test Case 'Test Cases/FirstView/Login/TC_FirstView' successfully&#xD;
&#xD;
2019-11-01 02:29:23 - [TEST_STEP][PASSED] - switchToWindowTitle("Transcenter - VPOS"): Switched to window with title: 'Transcenter - VPOS'&#xD;
&#xD;
2019-11-01 02:29:27 - [MESSAGE][PASSED] - Switched to window with title: 'Transcenter - VPOS'&#xD;
&#xD;
2019-11-01 02:29:27 - [TEST_STEP][PASSED] - focus(findTestObject("Pages/FirstPayVault/tab_FirstPayVault")): Object: 'Object Repository/Pages/FirstPayVault/tab_FirstPayVault' is focused&#xD;
&#xD;
2019-11-01 02:29:30 - [MESSAGE][PASSED] - Object: 'Object Repository/Pages/FirstPayVault/tab_FirstPayVault' is focused&#xD;
&#xD;
2019-11-01 02:29:30 - [TEST_STEP][PASSED] - utilities.SafeActions.javascriptclick(findTestObject("Pages/FirstPayVault/tab_FirstPayVault"), PageLoadTime): utilities.SafeActions.javascriptclick is PASSED&#xD;
&#xD;
2019-11-01 02:29:30 - [MESSAGE][PASSED] - utilities.SafeActions.javascriptclick is PASSED&#xD;
&#xD;
2019-11-01 02:29:30 - [TEST_STEP][PASSED] - delay(delayForElement): Delayed 6 second(s)&#xD;
&#xD;
2019-11-01 02:29:36 - [MESSAGE][PASSED] - Delayed 6 second(s)&#xD;
&#xD;
2019-11-01 02:29:36 - [TEST_STEP][PASSED] - utilities.SafeActions.safeClickWithoutScroll(findTestObject("Pages/FirstPayVault/tab_FirstPayVault"), "Click on FistPayVault tab", [delayForElement]): utilities.SafeActions.safeClickWithoutScroll is PASSED&#xD;
&#xD;
2019-11-01 02:29:36 - [MESSAGE][INFO] - Safe Click Without scroll&#xD;
&#xD;
2019-11-01 02:29:36 - [MESSAGE][INFO] - 1stPayVault.ts:waiting until Click on FistPayVault tab is Clickable&#xD;
&#xD;
2019-11-01 02:29:36 - [MESSAGE][PASSED] - Object 'Object Repository/Pages/FirstPayVault/tab_FirstPayVault' is clickable&#xD;
&#xD;
2019-11-01 02:29:36 - [MESSAGE][PASSED] - Object 'Object Repository/Pages/FirstPayVault/tab_FirstPayVault' is visible&#xD;
&#xD;
2019-11-01 02:29:37 - [MESSAGE][PASSED] - Object: 'Object Repository/Pages/FirstPayVault/tab_FirstPayVault' is clicked on&#xD;
&#xD;
2019-11-01 02:29:37 - [MESSAGE][INFO] - 1stPayVault.ts: click on the Click on FistPayVault tab&#xD;
&#xD;
2019-11-01 02:29:37 - [MESSAGE][PASSED] - utilities.SafeActions.safeClickWithoutScroll is PASSED&#xD;
&#xD;
2019-11-01 02:29:37 - [TEST_STEP][PASSED] - utilities.SafeActions.safeClickWithoutScroll(findTestObject("Pages/FirstPayVault/button_CreateVault"), "Click on CreateVault button", [PageLoadTime]): utilities.SafeActions.safeClickWithoutScroll is PASSED&#xD;
&#xD;
2019-11-01 02:29:37 - [MESSAGE][INFO] - Safe Click Without scroll&#xD;
&#xD;
2019-11-01 02:29:37 - [MESSAGE][INFO] - 1stPayVault.ts:waiting until Click on CreateVault button is Clickable&#xD;
&#xD;
2019-11-01 02:29:37 - [MESSAGE][PASSED] - Object 'Object Repository/Pages/FirstPayVault/button_CreateVault' is clickable&#xD;
&#xD;
2019-11-01 02:29:37 - [MESSAGE][PASSED] - Object 'Object Repository/Pages/FirstPayVault/button_CreateVault' is visible&#xD;
&#xD;
2019-11-01 02:29:38 - [MESSAGE][PASSED] - Object: 'Object Repository/Pages/FirstPayVault/button_CreateVault' is clicked on&#xD;
&#xD;
2019-11-01 02:29:38 - [MESSAGE][INFO] - 1stPayVault.ts: click on the Click on CreateVault button&#xD;
&#xD;
2019-11-01 02:29:38 - [MESSAGE][PASSED] - utilities.SafeActions.safeClickWithoutScroll is PASSED&#xD;
&#xD;
2019-11-01 02:29:38 - [TEST_STEP][PASSED] - scrollToElement(findTestObject("Pages/FirstPayVault/input_VaultReferenceNumber"), PageLoadTime): Scroll to object 'Object Repository/Pages/FirstPayVault/input_VaultReferenceNumber' successfully&#xD;
&#xD;
2019-11-01 02:29:39 - [MESSAGE][PASSED] - Scroll to object 'Object Repository/Pages/FirstPayVault/input_VaultReferenceNumber' successfully&#xD;
&#xD;
2019-11-01 02:29:39 - [TEST_STEP][PASSED] - vaultReference = utilities.SafeActions.timeWithMilliSeconds(): utilities.SafeActions.timeWithMilliSeconds is PASSED&#xD;
&#xD;
2019-11-01 02:29:39 - [MESSAGE][PASSED] - utilities.SafeActions.timeWithMilliSeconds is PASSED&#xD;
&#xD;
2019-11-01 02:29:39 - [TEST_STEP][PASSED] - utilities.SafeActions.safeType(findTestObject("Pages/FirstPayVault/input_VaultReferenceNumber"), vaultReference, "Entering Vault Reference Number", [PageLoadTime]): utilities.SafeActions.safeType is PASSED&#xD;
&#xD;
2019-11-01 02:29:39 - [MESSAGE][PASSED] - Object 'Object Repository/Pages/FirstPayVault/input_VaultReferenceNumber' is present&#xD;
&#xD;
2019-11-01 02:29:39 - [MESSAGE][PASSED] - Scroll to object 'Object Repository/Pages/FirstPayVault/input_VaultReferenceNumber' successfully&#xD;
&#xD;
2019-11-01 02:29:39 - [MESSAGE][PASSED] - Object 'Object Repository/Pages/FirstPayVault/input_VaultReferenceNumber' is present&#xD;
&#xD;
2019-11-01 02:29:39 - [MESSAGE][PASSED] - Object: 'Object Repository/Pages/FirstPayVault/input_VaultReferenceNumber' is clicked on&#xD;
&#xD;
2019-11-01 02:29:40 - [MESSAGE][PASSED] - Text '2019-11-01 02:29:39.078' is set on object 'Object Repository/Pages/FirstPayVault/input_VaultReferenceNumber'&#xD;
&#xD;
2019-11-01 02:29:40 - [MESSAGE][PASSED] - utilities.SafeActions.safeType is PASSED&#xD;
&#xD;
2019-11-01 02:29:40 - [TEST_STEP][PASSED] - utilities.SafeActions.safeType(findTestObject("Pages/FirstPayVault/input_CreditCardNumber"), visaCardNumber, "Entering Card Number", [PageLoadTime]): utilities.SafeActions.safeType is PASSED&#xD;
&#xD;
2019-11-01 02:29:40 - [MESSAGE][PASSED] - Object 'Object Repository/Pages/FirstPayVault/input_CreditCardNumber' is present&#xD;
&#xD;
2019-11-01 02:29:40 - [MESSAGE][PASSED] - Scroll to object 'Object Repository/Pages/FirstPayVault/input_CreditCardNumber' successfully&#xD;
&#xD;
2019-11-01 02:29:40 - [MESSAGE][PASSED] - Object 'Object Repository/Pages/FirstPayVault/input_CreditCardNumber' is present&#xD;
&#xD;
2019-11-01 02:29:41 - [MESSAGE][PASSED] - Object: 'Object Repository/Pages/FirstPayVault/input_CreditCardNumber' is clicked on&#xD;
&#xD;
2019-11-01 02:29:41 - [MESSAGE][PASSED] - Text '4111111111111111' is set on object 'Object Repository/Pages/FirstPayVault/input_CreditCardNumber'&#xD;
&#xD;
2019-11-01 02:29:41 - [MESSAGE][PASSED] - utilities.SafeActions.safeType is PASSED&#xD;
&#xD;
2019-11-01 02:29:41 - [TEST_STEP][NOT_RUN] - delay(4): NOT_RUN: delay(4)&#xD;
&#xD;
2019-11-01 02:29:41 - [MESSAGE][NOT_RUN] - NOT_RUN: delay(4)&#xD;
&#xD;
2019-11-01 02:29:41 - [TEST_STEP][PASSED] - utilities.SafeActions.safeSelectOptionInDropDownByVisibleText(findTestObject("Pages/FirstPayVault/dropDown_ExpirationMonth"), cardMonth, "Expiration Month", [PageLoadTime]): utilities.SafeActions.safeSelectOptionInDropDownByVisibleText is PASSED&#xD;
&#xD;
2019-11-01 02:29:41 - [MESSAGE][PASSED] - Object 'Object Repository/Pages/FirstPayVault/dropDown_ExpirationMonth' is visible&#xD;
&#xD;
2019-11-01 02:29:41 - [MESSAGE][PASSED] - Object 'Object Repository/Pages/FirstPayVault/dropDown_ExpirationMonth' is present&#xD;
&#xD;
2019-11-01 02:29:42 - [MESSAGE][PASSED] - Object: 'Object Repository/Pages/FirstPayVault/dropDown_ExpirationMonth' is clicked on&#xD;
&#xD;
2019-11-01 02:29:42 - [MESSAGE][PASSED] - All options with label 'September' are selected in object 'Object Repository/Pages/FirstPayVault/dropDown_ExpirationMonth' &#xD;
&#xD;
2019-11-01 02:29:42 - [MESSAGE][PASSED] - utilities.SafeActions.safeSelectOptionInDropDownByVisibleText is PASSED&#xD;
&#xD;
2019-11-01 02:29:42 - [TEST_STEP][PASSED] - utilities.SafeActions.safeSelectOptionInDropDownByVisibleText(findTestObject("Pages/FirstPayVault/dropDown_ExpirationYear"), cardYear, "year", [PageLoadTime]): utilities.SafeActions.safeSelectOptionInDropDownByVisibleText is PASSED&#xD;
&#xD;
2019-11-01 02:29:42 - [MESSAGE][PASSED] - Object 'Object Repository/Pages/FirstPayVault/dropDown_ExpirationYear' is visible&#xD;
&#xD;
2019-11-01 02:29:42 - [MESSAGE][PASSED] - Object 'Object Repository/Pages/FirstPayVault/dropDown_ExpirationYear' is present&#xD;
&#xD;
2019-11-01 02:29:43 - [MESSAGE][PASSED] - Object: 'Object Repository/Pages/FirstPayVault/dropDown_ExpirationYear' is clicked on&#xD;
&#xD;
2019-11-01 02:29:43 - [MESSAGE][PASSED] - All options with label '2032' are selected in object 'Object Repository/Pages/FirstPayVault/dropDown_ExpirationYear' &#xD;
&#xD;
2019-11-01 02:29:43 - [MESSAGE][PASSED] - utilities.SafeActions.safeSelectOptionInDropDownByVisibleText is PASSED&#xD;
&#xD;
2019-11-01 02:29:43 - [TEST_STEP][NOT_RUN] - delay(2): NOT_RUN: delay(2)&#xD;
&#xD;
2019-11-01 02:29:43 - [MESSAGE][NOT_RUN] - NOT_RUN: delay(2)&#xD;
&#xD;
2019-11-01 02:29:43 - [TEST_STEP][PASSED] - utilities.SafeActions.safeType(findTestObject("Pages/FirstPayVault/input_ContactName"), customerName, "Enter Contact Name", [PageLoadTime]): utilities.SafeActions.safeType is PASSED&#xD;
&#xD;
2019-11-01 02:29:43 - [MESSAGE][PASSED] - Object 'Object Repository/Pages/FirstPayVault/input_ContactName' is present&#xD;
&#xD;
2019-11-01 02:29:43 - [MESSAGE][PASSED] - Scroll to object 'Object Repository/Pages/FirstPayVault/input_ContactName' successfully&#xD;
&#xD;
2019-11-01 02:29:43 - [MESSAGE][PASSED] - Object 'Object Repository/Pages/FirstPayVault/input_ContactName' is present&#xD;
&#xD;
2019-11-01 02:29:44 - [MESSAGE][PASSED] - Object: 'Object Repository/Pages/FirstPayVault/input_ContactName' is clicked on&#xD;
&#xD;
2019-11-01 02:29:44 - [MESSAGE][PASSED] - Text 'Venkata Sai' is set on object 'Object Repository/Pages/FirstPayVault/input_ContactName'&#xD;
&#xD;
2019-11-01 02:29:44 - [MESSAGE][PASSED] - utilities.SafeActions.safeType is PASSED&#xD;
&#xD;
2019-11-01 02:29:44 - [TEST_STEP][PASSED] - utilities.SafeActions.safeType(findTestObject("Pages/FirstPayVault/input_PostalCode"), postalCode, "Enter Postal Code", [PageLoadTime]): utilities.SafeActions.safeType is PASSED&#xD;
&#xD;
2019-11-01 02:29:44 - [MESSAGE][PASSED] - Object 'Object Repository/Pages/FirstPayVault/input_PostalCode' is present&#xD;
&#xD;
2019-11-01 02:29:44 - [MESSAGE][PASSED] - Scroll to object 'Object Repository/Pages/FirstPayVault/input_PostalCode' successfully&#xD;
&#xD;
2019-11-01 02:29:44 - [MESSAGE][PASSED] - Object 'Object Repository/Pages/FirstPayVault/input_PostalCode' is present&#xD;
&#xD;
2019-11-01 02:29:45 - [MESSAGE][PASSED] - Object: 'Object Repository/Pages/FirstPayVault/input_PostalCode' is clicked on&#xD;
&#xD;
2019-11-01 02:29:45 - [MESSAGE][PASSED] - Text '76102' is set on object 'Object Repository/Pages/FirstPayVault/input_PostalCode'&#xD;
&#xD;
2019-11-01 02:29:45 - [MESSAGE][PASSED] - utilities.SafeActions.safeType is PASSED&#xD;
&#xD;
2019-11-01 02:29:45 - [TEST_STEP][PASSED] - utilities.SafeActions.safeType(findTestObject("Pages/FirstPayVault/input_Address"), address, "Enter ddress", [PageLoadTime]): utilities.SafeActions.safeType is PASSED&#xD;
&#xD;
2019-11-01 02:29:46 - [MESSAGE][PASSED] - Object 'Object Repository/Pages/FirstPayVault/input_Address' is present&#xD;
&#xD;
2019-11-01 02:29:46 - [MESSAGE][PASSED] - Scroll to object 'Object Repository/Pages/FirstPayVault/input_Address' successfully&#xD;
&#xD;
2019-11-01 02:29:46 - [MESSAGE][PASSED] - Object 'Object Repository/Pages/FirstPayVault/input_Address' is present&#xD;
&#xD;
2019-11-01 02:29:47 - [MESSAGE][PASSED] - Object: 'Object Repository/Pages/FirstPayVault/input_Address' is clicked on&#xD;
&#xD;
2019-11-01 02:29:47 - [MESSAGE][PASSED] - Text 'Street123' is set on object 'Object Repository/Pages/FirstPayVault/input_Address'&#xD;
&#xD;
2019-11-01 02:29:47 - [MESSAGE][PASSED] - utilities.SafeActions.safeType is PASSED&#xD;
&#xD;
2019-11-01 02:29:47 - [TEST_STEP][PASSED] - utilities.SafeActions.safeCheckForElement(findTestObject("Pages/FirstPayVault/chekBox_AddShippingInformation"), PageLoadTime): utilities.SafeActions.safeCheckForElement is PASSED&#xD;
&#xD;
2019-11-01 02:29:47 - [MESSAGE][PASSED] - Object 'Object Repository/Pages/FirstPayVault/chekBox_AddShippingInformation' is present&#xD;
&#xD;
2019-11-01 02:29:47 - [MESSAGE][PASSED] - Object 'Object Repository/Pages/FirstPayVault/chekBox_AddShippingInformation' is visible&#xD;
&#xD;
2019-11-01 02:29:47 - [MESSAGE][PASSED] - Object 'Object Repository/Pages/FirstPayVault/chekBox_AddShippingInformation' is present&#xD;
&#xD;
2019-11-01 02:29:48 - [MESSAGE][PASSED] - Object 'Object Repository/Pages/FirstPayVault/chekBox_AddShippingInformation' is checked&#xD;
&#xD;
2019-11-01 02:29:48 - [MESSAGE][PASSED] - utilities.SafeActions.safeCheckForElement is PASSED&#xD;
&#xD;
2019-11-01 02:29:48 - [TEST_STEP][PASSED] - utilities.SafeActions.safeType(findTestObject("Pages/FirstPayVault/input_ShippingMethod"), shippingMethod, "Enter Shipping Method", [PageLoadTime]): utilities.SafeActions.safeType is PASSED&#xD;
&#xD;
2019-11-01 02:29:48 - [MESSAGE][PASSED] - Object 'Object Repository/Pages/FirstPayVault/input_ShippingMethod' is present&#xD;
&#xD;
2019-11-01 02:29:48 - [MESSAGE][PASSED] - Scroll to object 'Object Repository/Pages/FirstPayVault/input_ShippingMethod' successfully&#xD;
&#xD;
2019-11-01 02:29:48 - [MESSAGE][PASSED] - Object 'Object Repository/Pages/FirstPayVault/input_ShippingMethod' is present&#xD;
&#xD;
2019-11-01 02:29:49 - [MESSAGE][PASSED] - Object: 'Object Repository/Pages/FirstPayVault/input_ShippingMethod' is clicked on&#xD;
&#xD;
2019-11-01 02:29:49 - [MESSAGE][PASSED] - Text 'DTDC' is set on object 'Object Repository/Pages/FirstPayVault/input_ShippingMethod'&#xD;
&#xD;
2019-11-01 02:29:49 - [MESSAGE][PASSED] - utilities.SafeActions.safeType is PASSED&#xD;
&#xD;
2019-11-01 02:29:49 - [TEST_STEP][PASSED] - utilities.SafeActions.safeCheckForElement(findTestObject("Pages/FirstPayVault/checkbox_SameAsBillingInformation"), PageLoadTime): utilities.SafeActions.safeCheckForElement is PASSED&#xD;
&#xD;
2019-11-01 02:29:50 - [MESSAGE][PASSED] - Object 'Object Repository/Pages/FirstPayVault/checkbox_SameAsBillingInformation' is present&#xD;
&#xD;
2019-11-01 02:29:50 - [MESSAGE][PASSED] - Object 'Object Repository/Pages/FirstPayVault/checkbox_SameAsBillingInformation' is visible&#xD;
&#xD;
2019-11-01 02:29:50 - [MESSAGE][PASSED] - Object 'Object Repository/Pages/FirstPayVault/checkbox_SameAsBillingInformation' is present&#xD;
&#xD;
2019-11-01 02:29:51 - [MESSAGE][PASSED] - Object 'Object Repository/Pages/FirstPayVault/checkbox_SameAsBillingInformation' is checked&#xD;
&#xD;
2019-11-01 02:29:51 - [MESSAGE][PASSED] - utilities.SafeActions.safeCheckForElement is PASSED&#xD;
&#xD;
2019-11-01 02:29:51 - [TEST_STEP][PASSED] - utilities.SafeActions.safeClickwithScroll(findTestObject("Pages/FirstPayVault/button_Create"), "Click on Create Button", [PageLoadTime]): utilities.SafeActions.safeClickwithScroll is PASSED&#xD;
&#xD;
2019-11-01 02:29:51 - [MESSAGE][PASSED] - Object 'Object Repository/Pages/FirstPayVault/button_Create' is present&#xD;
&#xD;
2019-11-01 02:29:51 - [MESSAGE][PASSED] - Object 'Object Repository/Pages/FirstPayVault/button_Create' is visible&#xD;
&#xD;
2019-11-01 02:29:51 - [MESSAGE][INFO] - 1stPayVault.ts:waiting until Click on Create Button is Clickable&#xD;
&#xD;
2019-11-01 02:29:51 - [MESSAGE][PASSED] - Object 'Object Repository/Pages/FirstPayVault/button_Create' is clickable&#xD;
&#xD;
2019-11-01 02:29:51 - [MESSAGE][PASSED] - Object 'Object Repository/Pages/FirstPayVault/button_Create' is visible&#xD;
&#xD;
2019-11-01 02:29:52 - [MESSAGE][PASSED] - Object: 'Object Repository/Pages/FirstPayVault/button_Create' is clicked on&#xD;
&#xD;
2019-11-01 02:29:52 - [MESSAGE][INFO] - 1stPayVault.ts: Clicked on the Click on Create Button&#xD;
&#xD;
2019-11-01 02:29:52 - [MESSAGE][PASSED] - utilities.SafeActions.safeClickwithScroll is PASSED&#xD;
&#xD;
2019-11-01 02:29:52 - [TEST_STEP][NOT_RUN] - delay(2): NOT_RUN: delay(2)&#xD;
&#xD;
2019-11-01 02:29:52 - [MESSAGE][NOT_RUN] - NOT_RUN: delay(2)&#xD;
&#xD;
2019-11-01 02:29:52 - [TEST_STEP][PASSED] - popupSavedToVaultMessage = utilities.SafeActions.safeGetText(findTestObject("Pages/FirstPayVault/popup_SavedToVaultMessage"), PageLoadTime): utilities.SafeActions.safeGetText is PASSED&#xD;
&#xD;
2019-11-01 02:29:52 - [MESSAGE][PASSED] - Object 'Object Repository/Pages/FirstPayVault/popup_SavedToVaultMessage' is present&#xD;
&#xD;
2019-11-01 02:29:52 - [MESSAGE][PASSED] - Scroll to object 'Object Repository/Pages/FirstPayVault/popup_SavedToVaultMessage' successfully&#xD;
&#xD;
2019-11-01 02:29:52 - [MESSAGE][PASSED] - Object 'Object Repository/Pages/FirstPayVault/popup_SavedToVaultMessage' is present&#xD;
&#xD;
2019-11-01 02:29:53 - [MESSAGE][PASSED] - Text of object 'Object Repository/Pages/FirstPayVault/popup_SavedToVaultMessage' is: 'Successfully Saved to Vault'&#xD;
&#xD;
2019-11-01 02:29:53 - [MESSAGE][PASSED] - utilities.SafeActions.safeGetText is PASSED&#xD;
&#xD;
2019-11-01 02:29:53 - [TEST_STEP][PASSED] - flag = utilities.SafeActions.verifyPopupMessage("Successfully Saved to Vault", popupSavedToVaultMessage): Popup Message : Successfully Saved to Vault matched with expected message : Successfully Saved to Vault&#xD;
&#xD;
2019-11-01 02:29:53 - [MESSAGE][PASSED] - Popup Message : Successfully Saved to Vault matched with expected message : Successfully Saved to Vault&#xD;
&#xD;
2019-11-01 02:29:53 - [TEST_STEP][NOT_RUN] - delay(2): NOT_RUN: delay(2)&#xD;
&#xD;
2019-11-01 02:29:53 - [MESSAGE][NOT_RUN] - NOT_RUN: delay(2)&#xD;
&#xD;
2019-11-01 02:29:53 - [TEST_STEP][PASSED] - utilities.SafeActions.safeClickWithoutScroll(findTestObject("Pages/FirstPayVault/button_RunSaleWithThisVault_InPopup"), "Click on Run Sale With This Vault in Popup", [delayBetweenTestSteps]): utilities.SafeActions.safeClickWithoutScroll is PASSED&#xD;
&#xD;
2019-11-01 02:29:53 - [MESSAGE][INFO] - Safe Click Without scroll&#xD;
&#xD;
2019-11-01 02:29:53 - [MESSAGE][INFO] - 1stPayVault.ts:waiting until Click on Run Sale With This Vault in Popup is Clickable&#xD;
&#xD;
2019-11-01 02:29:53 - [MESSAGE][PASSED] - Object 'Object Repository/Pages/FirstPayVault/button_RunSaleWithThisVault_InPopup' is clickable&#xD;
&#xD;
2019-11-01 02:29:53 - [MESSAGE][PASSED] - Object 'Object Repository/Pages/FirstPayVault/button_RunSaleWithThisVault_InPopup' is visible&#xD;
&#xD;
2019-11-01 02:29:54 - [MESSAGE][PASSED] - Object: 'Object Repository/Pages/FirstPayVault/button_RunSaleWithThisVault_InPopup' is clicked on&#xD;
&#xD;
2019-11-01 02:29:54 - [MESSAGE][INFO] - 1stPayVault.ts: click on the Click on Run Sale With This Vault in Popup&#xD;
&#xD;
2019-11-01 02:29:54 - [MESSAGE][PASSED] - utilities.SafeActions.safeClickWithoutScroll is PASSED&#xD;
&#xD;
2019-11-01 02:29:54 - [TEST_STEP][NOT_RUN] - delay(1): NOT_RUN: delay(1)&#xD;
&#xD;
2019-11-01 02:29:54 - [MESSAGE][NOT_RUN] - NOT_RUN: delay(1)&#xD;
&#xD;
2019-11-01 02:29:54 - [TEST_STEP][PASSED] - value = utilities.SafeActions.getAttributeValue(findTestObject("Pages/FirstPayVault/tab_1stPayVault_Active"), "1st_PayVault"): The screen is 1st_PayVault screen&#xD;
&#xD;
2019-11-01 02:29:54 - [MESSAGE][PASSED] - Attribute 'class' of object 'Object Repository/Pages/FirstPayVault/tab_1stPayVault_Active' is: 'active_tab tabs__link'&#xD;
&#xD;
2019-11-01 02:29:54 - [MESSAGE][PASSED] - The screen is 1st_PayVault screen&#xD;
&#xD;
2019-11-01 02:29:54 - [TEST_STEP][PASSED] - scrollToElement(findTestObject("Pages/FirstPayVault/input_Amount"), PageLoadTime): Scroll to object 'Object Repository/Pages/FirstPayVault/input_Amount' successfully&#xD;
&#xD;
2019-11-01 02:29:55 - [MESSAGE][PASSED] - Scroll to object 'Object Repository/Pages/FirstPayVault/input_Amount' successfully&#xD;
&#xD;
2019-11-01 02:29:55 - [TEST_STEP][PASSED] - utilities.SafeActions.safeType(findTestObject("Pages/FirstPayVault/input_Amount"), amount, "Enter Amount", [PageLoadTime]): utilities.SafeActions.safeType is PASSED&#xD;
&#xD;
2019-11-01 02:29:55 - [MESSAGE][PASSED] - Object 'Object Repository/Pages/FirstPayVault/input_Amount' is present&#xD;
&#xD;
2019-11-01 02:29:55 - [MESSAGE][PASSED] - Scroll to object 'Object Repository/Pages/FirstPayVault/input_Amount' successfully&#xD;
&#xD;
2019-11-01 02:29:55 - [MESSAGE][PASSED] - Object 'Object Repository/Pages/FirstPayVault/input_Amount' is present&#xD;
&#xD;
2019-11-01 02:29:56 - [MESSAGE][PASSED] - Object: 'Object Repository/Pages/FirstPayVault/input_Amount' is clicked on&#xD;
&#xD;
2019-11-01 02:29:56 - [MESSAGE][PASSED] - Text '450' is set on object 'Object Repository/Pages/FirstPayVault/input_Amount'&#xD;
&#xD;
2019-11-01 02:29:56 - [MESSAGE][PASSED] - utilities.SafeActions.safeType is PASSED&#xD;
&#xD;
2019-11-01 02:29:56 - [TEST_STEP][PASSED] - salesTax = utilities.SafeActions.safeGetText(findTestObject("Pages/FirstPayVault/input_SalesTaxUnderAmount"), delayBetweenTestSteps): utilities.SafeActions.safeGetText is PASSED&#xD;
&#xD;
2019-11-01 02:29:56 - [MESSAGE][PASSED] - Object 'Object Repository/Pages/FirstPayVault/input_SalesTaxUnderAmount' is present&#xD;
&#xD;
2019-11-01 02:29:56 - [MESSAGE][PASSED] - Scroll to object 'Object Repository/Pages/FirstPayVault/input_SalesTaxUnderAmount' successfully&#xD;
&#xD;
2019-11-01 02:29:56 - [MESSAGE][PASSED] - Object 'Object Repository/Pages/FirstPayVault/input_SalesTaxUnderAmount' is present&#xD;
&#xD;
2019-11-01 02:29:56 - [MESSAGE][PASSED] - Text of object 'Object Repository/Pages/FirstPayVault/input_SalesTaxUnderAmount' is: '$37.13'&#xD;
&#xD;
2019-11-01 02:29:56 - [MESSAGE][PASSED] - utilities.SafeActions.safeGetText is PASSED&#xD;
&#xD;
2019-11-01 02:29:56 - [TEST_STEP][PASSED] - pages.FirstPayVault.verifyAmountIsNotZero(salesTax): pages.FirstPayVault.verifyAmountIsNotZero is PASSED&#xD;
&#xD;
2019-11-01 02:29:56 - [MESSAGE][PASSED] - pages.FirstPayVault.verifyAmountIsNotZero is PASSED&#xD;
&#xD;
2019-11-01 02:29:56 - [TEST_STEP][PASSED] - scrollToElement(findTestObject("Pages/FirstPayVault/input_CreditCardNumberForVerification"), delayBetweenTestSteps): Scroll to object 'Object Repository/Pages/FirstPayVault/input_CreditCardNumberForVerification' successfully&#xD;
&#xD;
2019-11-01 02:29:57 - [MESSAGE][PASSED] - Scroll to object 'Object Repository/Pages/FirstPayVault/input_CreditCardNumberForVerification' successfully&#xD;
&#xD;
2019-11-01 02:29:57 - [TEST_STEP][PASSED] - cardNumber = utilities.SafeActions.getAttribute(findTestObject("Pages/FirstPayVault/input_CreditCardNumberForVerification"), "1st Pay Vault"): utilities.SafeActions.getAttribute is PASSED&#xD;
&#xD;
2019-11-01 02:29:57 - [MESSAGE][PASSED] - Attribute 'value' of object 'Object Repository/Pages/FirstPayVault/input_CreditCardNumberForVerification' is: '411111******1111'&#xD;
&#xD;
2019-11-01 02:29:57 - [MESSAGE][PASSED] - utilities.SafeActions.getAttribute is PASSED&#xD;
&#xD;
2019-11-01 02:29:57 - [TEST_STEP][PASSED] - pages.FirstPayVault.verifyCardNumber(cardNumber, visaCardNumber): Actual String : 4111111111111111 matched with Expected message : 411111******1111&#xD;
&#xD;
2019-11-01 02:29:57 - [MESSAGE][PASSED] - Actual String : 4111111111111111 matched with Expected message : 411111******1111&#xD;
&#xD;
2019-11-01 02:29:57 - [TEST_STEP][PASSED] - expirationYear = utilities.SafeActions.getAttribute(findTestObject("Pages/FirstPayVault/dropDownExpirationYearForVerification"), "1st Pay Vault"): utilities.SafeActions.getAttribute is PASSED&#xD;
&#xD;
2019-11-01 02:29:57 - [MESSAGE][PASSED] - Attribute 'value' of object 'Object Repository/Pages/FirstPayVault/dropDownExpirationYearForVerification' is: '2032'&#xD;
&#xD;
2019-11-01 02:29:57 - [MESSAGE][PASSED] - utilities.SafeActions.getAttribute is PASSED&#xD;
&#xD;
2019-11-01 02:29:57 - [TEST_STEP][PASSED] - pages.FirstPayVault.verifyStrings(expirationYear, cardYear): Actual String : 2032 matched with Expected message : 2032&#xD;
&#xD;
2019-11-01 02:29:57 - [MESSAGE][PASSED] - Actual String : 2032 matched with Expected message : 2032&#xD;
&#xD;
2019-11-01 02:29:57 - [TEST_STEP][PASSED] - scrollToElement(findTestObject("Pages/FirstPayVault/input_VerifyCardHolderName"), PageLoadTime): Scroll to object 'Object Repository/Pages/FirstPayVault/input_VerifyCardHolderName' successfully&#xD;
&#xD;
2019-11-01 02:29:57 - [MESSAGE][PASSED] - Scroll to object 'Object Repository/Pages/FirstPayVault/input_VerifyCardHolderName' successfully&#xD;
&#xD;
2019-11-01 02:29:57 - [TEST_STEP][PASSED] - name = utilities.SafeActions.getAttribute(findTestObject("Pages/FirstPayVault/input_VerifyCardHolderName"), "1stPayVault"): utilities.SafeActions.getAttribute is PASSED&#xD;
&#xD;
2019-11-01 02:29:57 - [MESSAGE][PASSED] - Attribute 'value' of object 'Object Repository/Pages/FirstPayVault/input_VerifyCardHolderName' is: 'Venkata Sai'&#xD;
&#xD;
2019-11-01 02:29:57 - [MESSAGE][PASSED] - utilities.SafeActions.getAttribute is PASSED&#xD;
&#xD;
2019-11-01 02:29:57 - [TEST_STEP][PASSED] - pages.FirstPayVault.verifyStrings(name, customerName): Actual String : Venkata Sai matched with Expected message : Venkata Sai&#xD;
&#xD;
2019-11-01 02:29:57 - [MESSAGE][PASSED] - Actual String : Venkata Sai matched with Expected message : Venkata Sai&#xD;
&#xD;
2019-11-01 02:29:57 - [TEST_STEP][PASSED] - scrollToElement(findTestObject("Pages/FirstPayVault/checkbox_TaxExempt"), PageLoadTime): Scroll to object 'Object Repository/Pages/FirstPayVault/checkbox_TaxExempt' successfully&#xD;
&#xD;
2019-11-01 02:29:57 - [MESSAGE][PASSED] - Scroll to object 'Object Repository/Pages/FirstPayVault/checkbox_TaxExempt' successfully&#xD;
&#xD;
2019-11-01 02:29:57 - [TEST_STEP][NOT_RUN] - salesTax = utilities.SafeActions.safeGetText(findTestObject("Pages/FirstPayVault/amount_UnderPurchaseCardInformation"), delayBetweenTestSteps): NOT_RUN: salesTax = utilities.SafeActions.safeGetText(findTestObject("Pages/FirstPayVault/amount_UnderPurchaseCardInformation"), delayBetweenTestSteps)&#xD;
&#xD;
2019-11-01 02:29:57 - [MESSAGE][NOT_RUN] - NOT_RUN: salesTax = utilities.SafeActions.safeGetText(findTestObject("Pages/FirstPayVault/amount_UnderPurchaseCardInformation"), delayBetweenTestSteps)&#xD;
&#xD;
2019-11-01 02:29:57 - [TEST_STEP][PASSED] - pages.FirstPayVault.verifyAmountIsNotZero(salesTax): pages.FirstPayVault.verifyAmountIsNotZero is PASSED&#xD;
&#xD;
2019-11-01 02:29:57 - [MESSAGE][PASSED] - pages.FirstPayVault.verifyAmountIsNotZero is PASSED&#xD;
&#xD;
2019-11-01 02:29:57 - [TEST_STEP][PASSED] - utilities.SafeActions.safeCheckForElement(findTestObject("Pages/FirstPayVault/checkbox_TaxExempt"), PageLoadTime): utilities.SafeActions.safeCheckForElement is PASSED&#xD;
&#xD;
2019-11-01 02:29:58 - [MESSAGE][PASSED] - Object 'Object Repository/Pages/FirstPayVault/checkbox_TaxExempt' is present&#xD;
&#xD;
2019-11-01 02:29:58 - [MESSAGE][PASSED] - Object 'Object Repository/Pages/FirstPayVault/checkbox_TaxExempt' is visible&#xD;
&#xD;
2019-11-01 02:29:58 - [MESSAGE][PASSED] - Object 'Object Repository/Pages/FirstPayVault/checkbox_TaxExempt' is present&#xD;
&#xD;
2019-11-01 02:29:59 - [MESSAGE][PASSED] - Object 'Object Repository/Pages/FirstPayVault/checkbox_TaxExempt' is checked&#xD;
&#xD;
2019-11-01 02:29:59 - [MESSAGE][PASSED] - utilities.SafeActions.safeCheckForElement is PASSED&#xD;
&#xD;
2019-11-01 02:29:59 - [TEST_STEP][PASSED] - utilities.SafeActions.safeClickwithScroll(findTestObject("Pages/FirstPayVault/button_Checkout"), "Click on Checkout", [PageLoadTime]): utilities.SafeActions.safeClickwithScroll is PASSED&#xD;
&#xD;
2019-11-01 02:29:59 - [MESSAGE][PASSED] - Object 'Object Repository/Pages/FirstPayVault/button_Checkout' is present&#xD;
&#xD;
2019-11-01 02:29:59 - [MESSAGE][PASSED] - Object 'Object Repository/Pages/FirstPayVault/button_Checkout' is visible&#xD;
&#xD;
2019-11-01 02:29:59 - [MESSAGE][INFO] - 1stPayVault.ts:waiting until Click on Checkout is Clickable&#xD;
&#xD;
2019-11-01 02:29:59 - [MESSAGE][PASSED] - Object 'Object Repository/Pages/FirstPayVault/button_Checkout' is clickable&#xD;
&#xD;
2019-11-01 02:29:59 - [MESSAGE][PASSED] - Object 'Object Repository/Pages/FirstPayVault/button_Checkout' is visible&#xD;
&#xD;
2019-11-01 02:30:00 - [MESSAGE][PASSED] - Object: 'Object Repository/Pages/FirstPayVault/button_Checkout' is clicked on&#xD;
&#xD;
2019-11-01 02:30:00 - [MESSAGE][INFO] - 1stPayVault.ts: Clicked on the Click on Checkout&#xD;
&#xD;
2019-11-01 02:30:00 - [MESSAGE][PASSED] - utilities.SafeActions.safeClickwithScroll is PASSED&#xD;
&#xD;
2019-11-01 02:30:00 - [TEST_STEP][PASSED] - pages.Sale.verifyTransactionCompletePage(findTestObject("Pages/Sale/heading_TransactionComplete")): The screen is Transaction Complete screen&#xD;
&#xD;
2019-11-01 02:30:01 - [MESSAGE][PASSED] - Object 'Object Repository/Pages/Sale/heading_TransactionComplete' is present&#xD;
&#xD;
2019-11-01 02:30:01 - [MESSAGE][PASSED] - The screen is Transaction Complete screen&#xD;
&#xD;
2019-11-01 02:30:01 - [TEST_STEP][NOT_RUN] - delay(delayBetweenTestSteps): NOT_RUN: delay(delayBetweenTestSteps)&#xD;
&#xD;
2019-11-01 02:30:01 - [MESSAGE][NOT_RUN] - NOT_RUN: delay(delayBetweenTestSteps)&#xD;
&#xD;
2019-11-01 02:30:01 - [TEST_STEP][PASSED] - utilities.SafeActions.safeClickWithoutScroll(findTestObject("Pages/FirstPayVault/button_ReturnToSale_InTransactionComplete"), "Click On Return Button", [PageLoadTime]): utilities.SafeActions.safeClickWithoutScroll is PASSED&#xD;
&#xD;
2019-11-01 02:30:01 - [MESSAGE][INFO] - Safe Click Without scroll&#xD;
&#xD;
2019-11-01 02:30:01 - [MESSAGE][INFO] - 1stPayVault.ts:waiting until Click On Return Button is Clickable&#xD;
&#xD;
2019-11-01 02:30:01 - [MESSAGE][PASSED] - Object 'Object Repository/Pages/FirstPayVault/button_ReturnToSale_InTransactionComplete' is clickable&#xD;
&#xD;
2019-11-01 02:30:02 - [MESSAGE][PASSED] - Object 'Object Repository/Pages/FirstPayVault/button_ReturnToSale_InTransactionComplete' is visible&#xD;
&#xD;
2019-11-01 02:30:03 - [MESSAGE][PASSED] - Object: 'Object Repository/Pages/FirstPayVault/button_ReturnToSale_InTransactionComplete' is clicked on&#xD;
&#xD;
2019-11-01 02:30:03 - [MESSAGE][INFO] - 1stPayVault.ts: click on the Click On Return Button&#xD;
&#xD;
2019-11-01 02:30:03 - [MESSAGE][PASSED] - utilities.SafeActions.safeClickWithoutScroll is PASSED&#xD;
&#xD;
2019-11-01 02:30:03 - [TEST_STEP][PASSED] - utilities.SafeActions.safeClickWithoutScroll(findTestObject("Pages/FirstPayVault/tab_FirstPayVault"), "Click on FirstPayVault tab", [PageLoadTime]): utilities.SafeActions.safeClickWithoutScroll is PASSED&#xD;
&#xD;
2019-11-01 02:30:03 - [MESSAGE][INFO] - Safe Click Without scroll&#xD;
&#xD;
2019-11-01 02:30:03 - [MESSAGE][INFO] - 1stPayVault.ts:waiting until Click on FirstPayVault tab is Clickable&#xD;
&#xD;
2019-11-01 02:30:03 - [MESSAGE][PASSED] - Object 'Object Repository/Pages/FirstPayVault/tab_FirstPayVault' is clickable&#xD;
&#xD;
2019-11-01 02:30:03 - [MESSAGE][PASSED] - Object 'Object Repository/Pages/FirstPayVault/tab_FirstPayVault' is visible&#xD;
&#xD;
2019-11-01 02:30:05 - [MESSAGE][PASSED] - Object: 'Object Repository/Pages/FirstPayVault/tab_FirstPayVault' is clicked on&#xD;
&#xD;
2019-11-01 02:30:05 - [MESSAGE][INFO] - 1stPayVault.ts: click on the Click on FirstPayVault tab&#xD;
&#xD;
2019-11-01 02:30:05 - [MESSAGE][PASSED] - utilities.SafeActions.safeClickWithoutScroll is PASSED&#xD;
&#xD;
2019-11-01 02:30:05 - [TEST_STEP][PASSED] - utilities.SafeActions.safeClickwithScroll(findTestObject("Pages/FirstPayVault/button_SearchVault"), "Click on Search Vault", [PageLoadTime]): utilities.SafeActions.safeClickwithScroll is PASSED&#xD;
&#xD;
2019-11-01 02:30:05 - [MESSAGE][PASSED] - Object 'Object Repository/Pages/FirstPayVault/button_SearchVault' is present&#xD;
&#xD;
2019-11-01 02:30:05 - [MESSAGE][PASSED] - Object 'Object Repository/Pages/FirstPayVault/button_SearchVault' is visible&#xD;
&#xD;
2019-11-01 02:30:05 - [MESSAGE][INFO] - 1stPayVault.ts:waiting until Click on Search Vault is Clickable&#xD;
&#xD;
2019-11-01 02:30:05 - [MESSAGE][PASSED] - Object 'Object Repository/Pages/FirstPayVault/button_SearchVault' is clickable&#xD;
&#xD;
2019-11-01 02:30:05 - [MESSAGE][PASSED] - Object 'Object Repository/Pages/FirstPayVault/button_SearchVault' is visible&#xD;
&#xD;
2019-11-01 02:30:10 - [MESSAGE][PASSED] - Object: 'Object Repository/Pages/FirstPayVault/button_SearchVault' is clicked on&#xD;
&#xD;
2019-11-01 02:30:10 - [MESSAGE][INFO] - 1stPayVault.ts: Clicked on the Click on Search Vault&#xD;
&#xD;
2019-11-01 02:30:10 - [MESSAGE][PASSED] - utilities.SafeActions.safeClickwithScroll is PASSED&#xD;
&#xD;
2019-11-01 02:30:10 - [TEST_STEP][PASSED] - utilities.SafeActions.safeClickWithoutScroll(findTestObject("Pages/FirstPayVault/button_Search"), "Click On Search button", [PageLoadTime]): utilities.SafeActions.safeClickWithoutScroll is PASSED&#xD;
&#xD;
2019-11-01 02:30:11 - [MESSAGE][INFO] - Safe Click Without scroll&#xD;
&#xD;
2019-11-01 02:30:11 - [MESSAGE][INFO] - 1stPayVault.ts:waiting until Click On Search button is Clickable&#xD;
&#xD;
2019-11-01 02:30:11 - [MESSAGE][PASSED] - Object 'Object Repository/Pages/FirstPayVault/button_Search' is clickable&#xD;
&#xD;
2019-11-01 02:30:11 - [MESSAGE][PASSED] - Object 'Object Repository/Pages/FirstPayVault/button_Search' is visible&#xD;
&#xD;
2019-11-01 02:30:12 - [MESSAGE][PASSED] - Object: 'Object Repository/Pages/FirstPayVault/button_Search' is clicked on&#xD;
&#xD;
2019-11-01 02:30:12 - [MESSAGE][INFO] - 1stPayVault.ts: click on the Click On Search button&#xD;
&#xD;
2019-11-01 02:30:12 - [MESSAGE][PASSED] - utilities.SafeActions.safeClickWithoutScroll is PASSED&#xD;
&#xD;
2019-11-01 02:30:12 - [TEST_STEP][PASSED] - scrollToElement(findTestObject("Pages/Transaction_Management/invoice_ForTransaction"), PageLoadTime): Scroll to object 'Object Repository/Pages/Transaction_Management/invoice_ForTransaction' successfully&#xD;
&#xD;
2019-11-01 02:30:16 - [MESSAGE][PASSED] - Scroll to object 'Object Repository/Pages/Transaction_Management/invoice_ForTransaction' successfully&#xD;
&#xD;
2019-11-01 02:30:16 - [TEST_STEP][PASSED] - pages.FirstPayVault.verifyInvoiceRecord(findTestObject("Pages/FirstPayVault/footer_NextButton"), findTestObject("Pages/FirstPayVault/page_Number"), vaultReference): The Vault is found in page 1&#xD;
&#xD;
2019-11-01 02:30:17 - [MESSAGE][PASSED] - Text of object 'Object Repository/Pages/FirstPayVault/page_Number' is: 'Page 1 of 33'&#xD;
&#xD;
2019-11-01 02:30:17 - [MESSAGE][PASSED] - The Vault is found in page 1&#xD;
&#xD;
2019-11-01 02:30:18 - [TEST_STEP][NOT_RUN] - delay(2): NOT_RUN: delay(2)&#xD;
&#xD;
2019-11-01 02:30:18 - [MESSAGE][NOT_RUN] - NOT_RUN: delay(2)&#xD;
&#xD;
2019-11-01 02:30:18 - [TEST_STEP][PASSED] - pages.FirstPayVault.clickOnDelete(findTestObject("Pages/FirstPayVault/footer_NextButton"), findTestObject("Pages/FirstPayVault/page_Number"), findTestObject("Pages/FirstPayVault/button_deleteFromVault"), vaultReference): Object: 'Object Repository/Pages/FirstPayVault/button_deleteFromVault' is clicked on&#xD;
&#xD;
2019-11-01 02:30:25 - [MESSAGE][PASSED] - Text of object 'Object Repository/Pages/FirstPayVault/page_Number' is: 'Page 1 of 33'&#xD;
&#xD;
2019-11-01 02:30:25 - [MESSAGE][PASSED] - The Vault is found in page 1&#xD;
&#xD;
2019-11-01 02:30:31 - [MESSAGE][PASSED] - Delayed 6 second(s)&#xD;
&#xD;
2019-11-01 02:30:36 - [MESSAGE][PASSED] - Delayed 4 second(s)&#xD;
&#xD;
2019-11-01 02:30:37 - [MESSAGE][PASSED] - Object: 'Object Repository/Pages/FirstPayVault/button_deleteFromVault' is clicked on&#xD;
&#xD;
2019-11-01 02:30:37 - [TEST_STEP][PASSED] - delay(delayBetweenTestSteps): Delayed 3 second(s)&#xD;
&#xD;
2019-11-01 02:30:40 - [MESSAGE][PASSED] - Delayed 3 second(s)&#xD;
&#xD;
2019-11-01 02:30:40 - [TEST_STEP][PASSED] - deleteVaultPopupMessage = utilities.SafeActions.safeGetText(findTestObject("Pages/FirstPayVault/alertMessageAfterDeleteVault"), delayBetweenTestSteps): utilities.SafeActions.safeGetText is PASSED&#xD;
&#xD;
2019-11-01 02:30:41 - [MESSAGE][PASSED] - Object 'Object Repository/Pages/FirstPayVault/alertMessageAfterDeleteVault' is present&#xD;
&#xD;
2019-11-01 02:30:41 - [MESSAGE][PASSED] - Scroll to object 'Object Repository/Pages/FirstPayVault/alertMessageAfterDeleteVault' successfully&#xD;
&#xD;
2019-11-01 02:30:41 - [MESSAGE][PASSED] - Object 'Object Repository/Pages/FirstPayVault/alertMessageAfterDeleteVault' is present&#xD;
&#xD;
2019-11-01 02:30:41 - [MESSAGE][PASSED] - Text of object 'Object Repository/Pages/FirstPayVault/alertMessageAfterDeleteVault' is: 'Vault Deletion successfully completed'&#xD;
&#xD;
2019-11-01 02:30:41 - [MESSAGE][PASSED] - utilities.SafeActions.safeGetText is PASSED&#xD;
&#xD;
2019-11-01 02:30:41 - [TEST_STEP][PASSED] - utilities.SafeActions.verifyPopupMessage("Vault Deletion successfully completed", deleteVaultPopupMessage): Popup Message : Vault Deletion successfully completed matched with expected message : Vault Deletion successfully completed&#xD;
&#xD;
2019-11-01 02:30:41 - [MESSAGE][PASSED] - Popup Message : Vault Deletion successfully completed matched with expected message : Vault Deletion successfully completed&#xD;
&#xD;
2019-11-01 02:30:41 - [TEST_STEP][PASSED] - utilities.SafeActions.safeClickWithoutScroll(findTestObject("Pages/FirstPayVault/closeLocatorForDeletePopupMessage"), "Click on Close button", [PageLoadTime]): utilities.SafeActions.safeClickWithoutScroll is PASSED&#xD;
&#xD;
2019-11-01 02:30:41 - [MESSAGE][INFO] - Safe Click Without scroll&#xD;
&#xD;
2019-11-01 02:30:41 - [MESSAGE][INFO] - 1stPayVault.ts:waiting until Click on Close button is Clickable&#xD;
&#xD;
2019-11-01 02:30:41 - [MESSAGE][PASSED] - Object 'Object Repository/Pages/FirstPayVault/closeLocatorForDeletePopupMessage' is clickable&#xD;
&#xD;
2019-11-01 02:30:41 - [MESSAGE][PASSED] - Object 'Object Repository/Pages/FirstPayVault/closeLocatorForDeletePopupMessage' is visible&#xD;
&#xD;
2019-11-01 02:30:42 - [MESSAGE][PASSED] - Object: 'Object Repository/Pages/FirstPayVault/closeLocatorForDeletePopupMessage' is clicked on&#xD;
&#xD;
2019-11-01 02:30:42 - [MESSAGE][INFO] - 1stPayVault.ts: click on the Click on Close button&#xD;
&#xD;
2019-11-01 02:30:42 - [MESSAGE][PASSED] - utilities.SafeActions.safeClickWithoutScroll is PASSED&#xD;
&#xD;
2019-11-01 02:30:42 - [TEST_STEP][PASSED] - closeBrowser(): Browser is closed&#xD;
&#xD;
2019-11-01 02:30:53 - [MESSAGE][PASSED] - Browser is closed&#xD;
&#xD;
2019-11-01 02:30:53 - [TEST_STEP][PASSED] - Start listener action : sampleAfterTestCase: null&#xD;
&#xD;
2019-11-01 02:30:53 - [TEST_STEP][PASSED] - println(testCaseContext.getTestCaseId()): null&#xD;
&#xD;
2019-11-01 02:30:53 - [TEST_STEP][PASSED] - println(testCaseContext.getTestCaseStatus()): null&#xD;
&#xD;
2019-11-01 02:30:53 - [TEST_STEP][PASSED] - testCaseName = testCaseContext.getTestCaseId(): null&#xD;
&#xD;
2019-11-01 02:30:53 - [TEST_STEP][PASSED] - strCount = testCaseName.lastIndexOf("/"): null&#xD;
&#xD;
2019-11-01 02:30:53 - [TEST_STEP][PASSED] - testCaseName = testCaseName.substring(strCount): null&#xD;
&#xD;
2019-11-01 02:30:53 - [TEST_STEP][PASSED] - println(testCaseName): null&#xD;
&#xD;
2019-11-01 02:30:53 - [TEST_STEP][PASSED] - if (getTestCaseStatus().equalsIgnoreCase("Error")): null&#xD;
&#xD;
2019-11-01 02:30:53 - [TEST_STEP][PASSED] - Start listener action : sampleAfterTestCase: null</system-out>
            <system-err></system-err>
        </testcase>
        <testcase name="Test Cases/FirstView/FirstPayVault/TC_1st_Pay_Vault_009" classname="Test Cases/FirstView/FirstPayVault/TC_1st_Pay_Vault_009" status="FAILED">
            <failure type="FAILED" message="Test Cases/FirstView/FirstPayVault/TC_1st_Pay_Vault_009 FAILED.&#xA;Reason:&#xA;com.kms.katalon.core.exception.StepFailedException: unable to select the specified Month and Year&#xD;&#xA;&#x9;at com.kms.katalon.core.util.KeywordUtil.markFailed(KeywordUtil.java:19)&#xD;&#xA;&#x9;at com.kms.katalon.core.util.KeywordUtil$markFailed$2.call(Unknown Source)&#xD;&#xA;&#x9;at pages.Sale.selectMonthYear(Sale.groovy:145)&#xD;&#xA;&#x9;at pages.Sale.invokeMethod(Sale.groovy)&#xD;&#xA;&#x9;at com.kms.katalon.core.main.CustomKeywordDelegatingMetaClass.invokeStaticMethod(CustomKeywordDelegatingMetaClass.java:50)&#xD;&#xA;&#x9;at TC_1st_Pay_Vault_009.run(TC_1st_Pay_Vault_009:101)&#xD;&#xA;&#x9;at com.kms.katalon.core.main.ScriptEngine.run(ScriptEngine.java:194)&#xD;&#xA;&#x9;at com.kms.katalon.core.main.ScriptEngine.runScriptAsRawText(ScriptEngine.java:119)&#xD;&#xA;&#x9;at com.kms.katalon.core.main.TestCaseExecutor.runScript(TestCaseExecutor.java:337)&#xD;&#xA;&#x9;at com.kms.katalon.core.main.TestCaseExecutor.doExecute(TestCaseExecutor.java:328)&#xD;&#xA;&#x9;at com.kms.katalon.core.main.TestCaseExecutor.processExecutionPhase(TestCaseExecutor.java:307)&#xD;&#xA;&#x9;at com.kms.katalon.core.main.TestCaseExecutor.accessMainPhase(TestCaseExecutor.java:299)&#xD;&#xA;&#x9;at com.kms.katalon.core.main.TestCaseExecutor.execute(TestCaseExecutor.java:233)&#xD;&#xA;&#x9;at com.kms.katalon.core.main.TestSuiteExecutor.accessTestCaseMainPhase(TestSuiteExecutor.java:169)&#xD;&#xA;&#x9;at com.kms.katalon.core.main.TestSuiteExecutor.accessTestSuiteMainPhase(TestSuiteExecutor.java:142)&#xD;&#xA;&#x9;at com.kms.katalon.core.main.TestSuiteExecutor.execute(TestSuiteExecutor.java:91)&#xD;&#xA;&#x9;at com.kms.katalon.core.main.TestCaseMain.startTestSuite(TestCaseMain.java:157)&#xD;&#xA;&#x9;at com.kms.katalon.core.main.TestCaseMain$startTestSuite$0.call(Unknown Source)&#xD;&#xA;&#x9;at TempTestSuite1572592574803.run(TempTestSuite1572592574803.groovy:35)&#xD;&#xA;"/>
            <system-out>2019-11-01 02:30:53 - [TEST_CASE][FAILED] - Test Cases/FirstView/FirstPayVault/TC_1st_Pay_Vault_009: Test Cases/FirstView/FirstPayVault/TC_1st_Pay_Vault_009 FAILED.
Reason:
com.kms.katalon.core.exception.StepFailedException: unable to select the specified Month and Year&#xD;
	at com.kms.katalon.core.util.KeywordUtil.markFailed(KeywordUtil.java:19)&#xD;
	at com.kms.katalon.core.util.KeywordUtil$markFailed$2.call(Unknown Source)&#xD;
	at pages.Sale.selectMonthYear(Sale.groovy:145)&#xD;
	at pages.Sale.invokeMethod(Sale.groovy)&#xD;
	at com.kms.katalon.core.main.CustomKeywordDelegatingMetaClass.invokeStaticMethod(CustomKeywordDelegatingMetaClass.java:50)&#xD;
	at TC_1st_Pay_Vault_009.run(TC_1st_Pay_Vault_009:101)&#xD;
	at com.kms.katalon.core.main.ScriptEngine.run(ScriptEngine.java:194)&#xD;
	at com.kms.katalon.core.main.ScriptEngine.runScriptAsRawText(ScriptEngine.java:119)&#xD;
	at com.kms.katalon.core.main.TestCaseExecutor.runScript(TestCaseExecutor.java:337)&#xD;
	at com.kms.katalon.core.main.TestCaseExecutor.doExecute(TestCaseExecutor.java:328)&#xD;
	at com.kms.katalon.core.main.TestCaseExecutor.processExecutionPhase(TestCaseExecutor.java:307)&#xD;
	at com.kms.katalon.core.main.TestCaseExecutor.accessMainPhase(TestCaseExecutor.java:299)&#xD;
	at com.kms.katalon.core.main.TestCaseExecutor.execute(TestCaseExecutor.java:233)&#xD;
	at com.kms.katalon.core.main.TestSuiteExecutor.accessTestCaseMainPhase(TestSuiteExecutor.java:169)&#xD;
	at com.kms.katalon.core.main.TestSuiteExecutor.accessTestSuiteMainPhase(TestSuiteExecutor.java:142)&#xD;
	at com.kms.katalon.core.main.TestSuiteExecutor.execute(TestSuiteExecutor.java:91)&#xD;
	at com.kms.katalon.core.main.TestCaseMain.startTestSuite(TestCaseMain.java:157)&#xD;
	at com.kms.katalon.core.main.TestCaseMain$startTestSuite$0.call(Unknown Source)&#xD;
	at TempTestSuite1572592574803.run(TempTestSuite1572592574803.groovy:35)&#xD;
&#xD;
&#xD;
2019-11-01 02:30:53 - [TEST_STEP][PASSED] - Start listener action : sampleBeforeTestCase: null&#xD;
&#xD;
2019-11-01 02:30:53 - [TEST_STEP][PASSED] - println(testCaseContext.getTestCaseId()): null&#xD;
&#xD;
2019-11-01 02:30:53 - [TEST_STEP][PASSED] - println(testCaseContext.getTestCaseVariables()): null&#xD;
&#xD;
2019-11-01 02:30:54 - [TEST_STEP][NOT_RUN] - utilities.SafeActions.openBrowser(Old_URL, [PageLoadTime]): NOT_RUN: utilities.SafeActions.openBrowser(Old_URL, [PageLoadTime])&#xD;
&#xD;
2019-11-01 02:30:54 - [MESSAGE][NOT_RUN] - NOT_RUN: utilities.SafeActions.openBrowser(Old_URL, [PageLoadTime])&#xD;
&#xD;
2019-11-01 02:30:54 - [TEST_STEP][NOT_RUN] - delay(6): NOT_RUN: delay(6)&#xD;
&#xD;
2019-11-01 02:30:54 - [MESSAGE][NOT_RUN] - NOT_RUN: delay(6)&#xD;
&#xD;
2019-11-01 02:30:54 - [TEST_STEP][NOT_RUN] - utilities.SafeActions.safeSelectOptionInDropDownByVisibleText(findTestObject("Pages/Sale/dropDown_AccountType"), "ranjanatest2 - 888814981372/001 Account Type: Retail", "Select by Value", [25]): NOT_RUN: utilities.SafeActions.safeSelectOptionInDropDownByVisibleText(findTestObject("Pages/Sale/dropDown_AccountType"), "ranjanatest2 - 888814981372/001 Account Type: Retail", "Select by Value", [25])&#xD;
&#xD;
2019-11-01 02:30:54 - [MESSAGE][NOT_RUN] - NOT_RUN: utilities.SafeActions.safeSelectOptionInDropDownByVisibleText(findTestObject("Pages/Sale/dropDown_AccountType"), "ranjanatest2 - 888814981372/001 Account Type: Retail", "Select by Value", [25])&#xD;
&#xD;
2019-11-01 02:30:54 - [TEST_STEP][PASSED] - utilities.SafeActions.openBrowser(URL, [PageLoadTime]): utilities.SafeActions.openBrowser is PASSED&#xD;
&#xD;
2019-11-01 02:30:54 - [MESSAGE][INFO] - Opening Browser&#xD;
&#xD;
2019-11-01 02:30:54 - [MESSAGE][INFO] - Starting 'Firefox' driver&#xD;
&#xD;
2019-11-01 02:31:14 - [MESSAGE][PASSED] - Browser is opened with url: 'https://q-www-firstview-net.faps.net/MVC/Account/Login'&#xD;
&#xD;
2019-11-01 02:31:14 - [MESSAGE][PASSED] - Current window maximized&#xD;
&#xD;
2019-11-01 02:31:14 - [MESSAGE][INFO] - Browser Launched Successfully&#xD;
&#xD;
2019-11-01 02:31:14 - [MESSAGE][PASSED] - utilities.SafeActions.openBrowser is PASSED&#xD;
&#xD;
2019-11-01 02:31:14 - [TEST_STEP][PASSED] - pages.Login.login(uName, password): pages.Login.login is PASSED&#xD;
&#xD;
2019-11-01 02:31:14 - [MESSAGE][PASSED] - Object 'Object Repository/Pages/Login/userName' is present&#xD;
&#xD;
2019-11-01 02:31:14 - [MESSAGE][PASSED] - Scroll to object 'Object Repository/Pages/Login/userName' successfully&#xD;
&#xD;
2019-11-01 02:31:14 - [MESSAGE][PASSED] - Object 'Object Repository/Pages/Login/userName' is present&#xD;
&#xD;
2019-11-01 02:31:15 - [MESSAGE][PASSED] - Object: 'Object Repository/Pages/Login/userName' is clicked on&#xD;
&#xD;
2019-11-01 02:31:15 - [MESSAGE][PASSED] - Text 'ZenQRetail' is set on object 'Object Repository/Pages/Login/userName'&#xD;
&#xD;
2019-11-01 02:31:15 - [MESSAGE][PASSED] - Object 'Object Repository/Pages/Login/password' is present&#xD;
&#xD;
2019-11-01 02:31:15 - [MESSAGE][PASSED] - Scroll to object 'Object Repository/Pages/Login/password' successfully&#xD;
&#xD;
2019-11-01 02:31:15 - [MESSAGE][PASSED] - Object 'Object Repository/Pages/Login/password' is present&#xD;
&#xD;
2019-11-01 02:31:16 - [MESSAGE][PASSED] - Object: 'Object Repository/Pages/Login/password' is clicked on&#xD;
&#xD;
2019-11-01 02:31:16 - [MESSAGE][PASSED] - Text 'P@ssword1' is set on object 'Object Repository/Pages/Login/password'&#xD;
&#xD;
2019-11-01 02:31:16 - [MESSAGE][INFO] - Safe Click Without scroll&#xD;
&#xD;
2019-11-01 02:31:16 - [MESSAGE][INFO] - 1stPayVault.ts:waiting until Click on Login is Clickable&#xD;
&#xD;
2019-11-01 02:31:16 - [MESSAGE][PASSED] - Object 'Object Repository/Pages/Login/login' is clickable&#xD;
&#xD;
2019-11-01 02:31:16 - [MESSAGE][PASSED] - Object 'Object Repository/Pages/Login/login' is visible&#xD;
&#xD;
2019-11-01 02:31:19 - [MESSAGE][PASSED] - Object: 'Object Repository/Pages/Login/login' is clicked on&#xD;
&#xD;
2019-11-01 02:31:19 - [MESSAGE][INFO] - 1stPayVault.ts: click on the Click on Login&#xD;
&#xD;
2019-11-01 02:31:19 - [MESSAGE][PASSED] - pages.Login.login is PASSED&#xD;
&#xD;
2019-11-01 02:31:19 - [TEST_STEP][PASSED] - callTestCase(findTestCase("FirstView/Login/TC_SendCode"), [:], STOP_ON_FAILURE): Call Test Case 'Test Cases/FirstView/Login/TC_SendCode' successfully&#xD;
&#xD;
2019-11-01 02:31:19 - [TEST_CASE][PASSED] - Test Cases/FirstView/Login/TC_SendCode: Test Cases/FirstView/Login/TC_SendCode&#xD;
&#xD;
2019-11-01 02:31:19 - [TEST_STEP][PASSED] - flag = pages.SendCode.verifyPage(): pages.SendCode.verifyPage is PASSED&#xD;
&#xD;
2019-11-01 02:31:19 - [MESSAGE][PASSED] - Object 'Object Repository/Pages/SendCodeToValidate/header_SendCodeToValidate' is present and visible in viewport&#xD;
&#xD;
2019-11-01 02:31:19 - [MESSAGE][PASSED] - pages.SendCode.verifyPage is PASSED&#xD;
&#xD;
2019-11-01 02:31:19 - [TEST_STEP][PASSED] - if (flag): pages.SendCode.clickonUserSettings is PASSED&#xD;
&#xD;
2019-11-01 02:31:19 - [TEST_STEP][PASSED] - pages.SendCode.clickonUserSettings(): pages.SendCode.clickonUserSettings is PASSED&#xD;
&#xD;
2019-11-01 02:31:19 - [MESSAGE][PASSED] - Object 'Object Repository/Pages/SendCodeToValidate/link_UserSettings' is present&#xD;
&#xD;
2019-11-01 02:31:19 - [MESSAGE][PASSED] - Object 'Object Repository/Pages/SendCodeToValidate/link_UserSettings' is visible&#xD;
&#xD;
2019-11-01 02:31:19 - [MESSAGE][INFO] - 1stPayVault.ts:waiting until Click on User Settings is Clickable&#xD;
&#xD;
2019-11-01 02:31:19 - [MESSAGE][PASSED] - Object 'Object Repository/Pages/SendCodeToValidate/link_UserSettings' is clickable&#xD;
&#xD;
2019-11-01 02:31:20 - [MESSAGE][PASSED] - Object 'Object Repository/Pages/SendCodeToValidate/link_UserSettings' is visible&#xD;
&#xD;
2019-11-01 02:31:22 - [MESSAGE][PASSED] - Object: 'Object Repository/Pages/SendCodeToValidate/link_UserSettings' is clicked on&#xD;
&#xD;
2019-11-01 02:31:22 - [MESSAGE][INFO] - 1stPayVault.ts: Clicked on the Click on User Settings&#xD;
&#xD;
2019-11-01 02:31:22 - [MESSAGE][PASSED] - pages.SendCode.clickonUserSettings is PASSED&#xD;
&#xD;
2019-11-01 02:31:22 - [MESSAGE][PASSED] - Call Test Case 'Test Cases/FirstView/Login/TC_SendCode' successfully&#xD;
&#xD;
2019-11-01 02:31:22 - [TEST_STEP][PASSED] - callTestCase(findTestCase("FirstView/Login/TC_FirstView"), [:], STOP_ON_FAILURE): Call Test Case 'Test Cases/FirstView/Login/TC_FirstView' successfully&#xD;
&#xD;
2019-11-01 02:31:22 - [TEST_CASE][PASSED] - Test Cases/FirstView/Login/TC_FirstView: Test Cases/FirstView/Login/TC_FirstView&#xD;
&#xD;
2019-11-01 02:31:22 - [TEST_STEP][NOT_RUN] - utilities.SafeActions.safeClickWithoutScroll(findTestObject("Pages/FirstView/link_Home"), "Click on Home button in First View screen", [PageLoadTime]): NOT_RUN: utilities.SafeActions.safeClickWithoutScroll(findTestObject("Pages/FirstView/link_Home"), "Click on Home button in First View screen", [PageLoadTime])&#xD;
&#xD;
2019-11-01 02:31:22 - [MESSAGE][NOT_RUN] - NOT_RUN: utilities.SafeActions.safeClickWithoutScroll(findTestObject("Pages/FirstView/link_Home"), "Click on Home button in First View screen", [PageLoadTime])&#xD;
&#xD;
2019-11-01 02:31:22 - [TEST_STEP][PASSED] - delay(3): Delayed 3 second(s)&#xD;
&#xD;
2019-11-01 02:31:25 - [MESSAGE][PASSED] - Delayed 3 second(s)&#xD;
&#xD;
2019-11-01 02:31:25 - [TEST_STEP][PASSED] - utilities.SafeActions.javascriptclick(findTestObject("Pages/FirstView/link_Home"), delayForElement): utilities.SafeActions.javascriptclick is PASSED&#xD;
&#xD;
2019-11-01 02:31:25 - [MESSAGE][PASSED] - utilities.SafeActions.javascriptclick is PASSED&#xD;
&#xD;
2019-11-01 02:31:25 - [TEST_STEP][PASSED] - utilities.SafeActions.safeClickWithoutScroll(findTestObject("Pages/FirstView/link_VPOS"), "Click on VPOS button in First View screen", [PageLoadTime]): utilities.SafeActions.safeClickWithoutScroll is PASSED&#xD;
&#xD;
2019-11-01 02:31:26 - [MESSAGE][INFO] - Safe Click Without scroll&#xD;
&#xD;
2019-11-01 02:31:26 - [MESSAGE][INFO] - 1stPayVault.ts:waiting until Click on VPOS button in First View screen is Clickable&#xD;
&#xD;
2019-11-01 02:31:27 - [MESSAGE][PASSED] - Object 'Object Repository/Pages/FirstView/link_VPOS' is clickable&#xD;
&#xD;
2019-11-01 02:31:27 - [MESSAGE][PASSED] - Object 'Object Repository/Pages/FirstView/link_VPOS' is visible&#xD;
&#xD;
2019-11-01 02:31:28 - [MESSAGE][PASSED] - Object: 'Object Repository/Pages/FirstView/link_VPOS' is clicked on&#xD;
&#xD;
2019-11-01 02:31:28 - [MESSAGE][INFO] - 1stPayVault.ts: click on the Click on VPOS button in First View screen&#xD;
&#xD;
2019-11-01 02:31:28 - [MESSAGE][PASSED] - utilities.SafeActions.safeClickWithoutScroll is PASSED&#xD;
&#xD;
2019-11-01 02:31:28 - [MESSAGE][PASSED] - Call Test Case 'Test Cases/FirstView/Login/TC_FirstView' successfully&#xD;
&#xD;
2019-11-01 02:31:28 - [TEST_STEP][PASSED] - switchToWindowTitle("Transcenter - VPOS"): Switched to window with title: 'Transcenter - VPOS'&#xD;
&#xD;
2019-11-01 02:31:33 - [MESSAGE][PASSED] - Switched to window with title: 'Transcenter - VPOS'&#xD;
&#xD;
2019-11-01 02:31:33 - [TEST_STEP][PASSED] - focus(findTestObject("Pages/FirstPayVault/tab_FirstPayVault")): Object: 'Object Repository/Pages/FirstPayVault/tab_FirstPayVault' is focused&#xD;
&#xD;
2019-11-01 02:31:37 - [MESSAGE][PASSED] - Object: 'Object Repository/Pages/FirstPayVault/tab_FirstPayVault' is focused&#xD;
&#xD;
2019-11-01 02:31:37 - [TEST_STEP][PASSED] - utilities.SafeActions.javascriptclick(findTestObject("Pages/FirstPayVault/tab_FirstPayVault"), PageLoadTime): utilities.SafeActions.javascriptclick is PASSED&#xD;
&#xD;
2019-11-01 02:31:37 - [MESSAGE][PASSED] - utilities.SafeActions.javascriptclick is PASSED&#xD;
&#xD;
2019-11-01 02:31:37 - [TEST_STEP][PASSED] - delay(delayForElement): Delayed 6 second(s)&#xD;
&#xD;
2019-11-01 02:31:43 - [MESSAGE][PASSED] - Delayed 6 second(s)&#xD;
&#xD;
2019-11-01 02:31:43 - [TEST_STEP][PASSED] - utilities.SafeActions.safeClickWithoutScroll(findTestObject("Pages/FirstPayVault/tab_FirstPayVault"), "Click on FistPayVault tab", [delayForElement]): utilities.SafeActions.safeClickWithoutScroll is PASSED&#xD;
&#xD;
2019-11-01 02:31:43 - [MESSAGE][INFO] - Safe Click Without scroll&#xD;
&#xD;
2019-11-01 02:31:43 - [MESSAGE][INFO] - 1stPayVault.ts:waiting until Click on FistPayVault tab is Clickable&#xD;
&#xD;
2019-11-01 02:31:43 - [MESSAGE][PASSED] - Object 'Object Repository/Pages/FirstPayVault/tab_FirstPayVault' is clickable&#xD;
&#xD;
2019-11-01 02:31:43 - [MESSAGE][PASSED] - Object 'Object Repository/Pages/FirstPayVault/tab_FirstPayVault' is visible&#xD;
&#xD;
2019-11-01 02:31:44 - [MESSAGE][PASSED] - Object: 'Object Repository/Pages/FirstPayVault/tab_FirstPayVault' is clicked on&#xD;
&#xD;
2019-11-01 02:31:44 - [MESSAGE][INFO] - 1stPayVault.ts: click on the Click on FistPayVault tab&#xD;
&#xD;
2019-11-01 02:31:44 - [MESSAGE][PASSED] - utilities.SafeActions.safeClickWithoutScroll is PASSED&#xD;
&#xD;
2019-11-01 02:31:44 - [TEST_STEP][PASSED] - utilities.SafeActions.safeClickWithoutScroll(findTestObject("Pages/FirstPayVault/button_CreateVault"), "Click on CreateVault button", [PageLoadTime]): utilities.SafeActions.safeClickWithoutScroll is PASSED&#xD;
&#xD;
2019-11-01 02:31:44 - [MESSAGE][INFO] - Safe Click Without scroll&#xD;
&#xD;
2019-11-01 02:31:44 - [MESSAGE][INFO] - 1stPayVault.ts:waiting until Click on CreateVault button is Clickable&#xD;
&#xD;
2019-11-01 02:31:44 - [MESSAGE][PASSED] - Object 'Object Repository/Pages/FirstPayVault/button_CreateVault' is clickable&#xD;
&#xD;
2019-11-01 02:31:44 - [MESSAGE][PASSED] - Object 'Object Repository/Pages/FirstPayVault/button_CreateVault' is visible&#xD;
&#xD;
2019-11-01 02:31:45 - [MESSAGE][PASSED] - Object: 'Object Repository/Pages/FirstPayVault/button_CreateVault' is clicked on&#xD;
&#xD;
2019-11-01 02:31:45 - [MESSAGE][INFO] - 1stPayVault.ts: click on the Click on CreateVault button&#xD;
&#xD;
2019-11-01 02:31:45 - [MESSAGE][PASSED] - utilities.SafeActions.safeClickWithoutScroll is PASSED&#xD;
&#xD;
2019-11-01 02:31:45 - [TEST_STEP][PASSED] - scrollToElement(findTestObject("Pages/FirstPayVault/input_VaultReferenceNumber"), PageLoadTime): Scroll to object 'Object Repository/Pages/FirstPayVault/input_VaultReferenceNumber' successfully&#xD;
&#xD;
2019-11-01 02:31:45 - [MESSAGE][PASSED] - Scroll to object 'Object Repository/Pages/FirstPayVault/input_VaultReferenceNumber' successfully&#xD;
&#xD;
2019-11-01 02:31:45 - [TEST_STEP][PASSED] - vaultReference = utilities.SafeActions.timeWithMilliSeconds(): utilities.SafeActions.timeWithMilliSeconds is PASSED&#xD;
&#xD;
2019-11-01 02:31:45 - [MESSAGE][PASSED] - utilities.SafeActions.timeWithMilliSeconds is PASSED&#xD;
&#xD;
2019-11-01 02:31:45 - [TEST_STEP][PASSED] - utilities.SafeActions.safeType(findTestObject("Pages/FirstPayVault/input_VaultReferenceNumber"), vaultReference, "Entering Vault Reference Number", [PageLoadTime]): utilities.SafeActions.safeType is PASSED&#xD;
&#xD;
2019-11-01 02:31:45 - [MESSAGE][PASSED] - Object 'Object Repository/Pages/FirstPayVault/input_VaultReferenceNumber' is present&#xD;
&#xD;
2019-11-01 02:31:45 - [MESSAGE][PASSED] - Scroll to object 'Object Repository/Pages/FirstPayVault/input_VaultReferenceNumber' successfully&#xD;
&#xD;
2019-11-01 02:31:45 - [MESSAGE][PASSED] - Object 'Object Repository/Pages/FirstPayVault/input_VaultReferenceNumber' is present&#xD;
&#xD;
2019-11-01 02:31:46 - [MESSAGE][PASSED] - Object: 'Object Repository/Pages/FirstPayVault/input_VaultReferenceNumber' is clicked on&#xD;
&#xD;
2019-11-01 02:31:46 - [MESSAGE][PASSED] - Text '2019-11-01 02:31:45.768' is set on object 'Object Repository/Pages/FirstPayVault/input_VaultReferenceNumber'&#xD;
&#xD;
2019-11-01 02:31:46 - [MESSAGE][PASSED] - utilities.SafeActions.safeType is PASSED&#xD;
&#xD;
2019-11-01 02:31:46 - [TEST_STEP][PASSED] - utilities.SafeActions.safeType(findTestObject("Pages/FirstPayVault/input_CreditCardNumber"), visaCardNumber, "Entering Card Number", [PageLoadTime]): utilities.SafeActions.safeType is PASSED&#xD;
&#xD;
2019-11-01 02:31:47 - [MESSAGE][PASSED] - Object 'Object Repository/Pages/FirstPayVault/input_CreditCardNumber' is present&#xD;
&#xD;
2019-11-01 02:31:47 - [MESSAGE][PASSED] - Scroll to object 'Object Repository/Pages/FirstPayVault/input_CreditCardNumber' successfully&#xD;
&#xD;
2019-11-01 02:31:47 - [MESSAGE][PASSED] - Object 'Object Repository/Pages/FirstPayVault/input_CreditCardNumber' is present&#xD;
&#xD;
2019-11-01 02:31:47 - [MESSAGE][PASSED] - Object: 'Object Repository/Pages/FirstPayVault/input_CreditCardNumber' is clicked on&#xD;
&#xD;
2019-11-01 02:31:48 - [MESSAGE][PASSED] - Text '4111111111111111' is set on object 'Object Repository/Pages/FirstPayVault/input_CreditCardNumber'&#xD;
&#xD;
2019-11-01 02:31:48 - [MESSAGE][PASSED] - utilities.SafeActions.safeType is PASSED&#xD;
&#xD;
2019-11-01 02:31:48 - [TEST_STEP][NOT_RUN] - delay(4): NOT_RUN: delay(4)&#xD;
&#xD;
2019-11-01 02:31:48 - [MESSAGE][NOT_RUN] - NOT_RUN: delay(4)&#xD;
&#xD;
2019-11-01 02:31:48 - [TEST_STEP][PASSED] - utilities.SafeActions.safeSelectOptionInDropDownByVisibleText(findTestObject("Pages/FirstPayVault/dropDown_ExpirationYear"), cardYear, "year", [PageLoadTime]): utilities.SafeActions.safeSelectOptionInDropDownByVisibleText is PASSED&#xD;
&#xD;
2019-11-01 02:31:48 - [MESSAGE][PASSED] - Object 'Object Repository/Pages/FirstPayVault/dropDown_ExpirationYear' is visible&#xD;
&#xD;
2019-11-01 02:31:48 - [MESSAGE][PASSED] - Object 'Object Repository/Pages/FirstPayVault/dropDown_ExpirationYear' is present&#xD;
&#xD;
2019-11-01 02:31:49 - [MESSAGE][PASSED] - Object: 'Object Repository/Pages/FirstPayVault/dropDown_ExpirationYear' is clicked on&#xD;
&#xD;
2019-11-01 02:31:49 - [MESSAGE][PASSED] - All options with label '2032' are selected in object 'Object Repository/Pages/FirstPayVault/dropDown_ExpirationYear' &#xD;
&#xD;
2019-11-01 02:31:49 - [MESSAGE][PASSED] - utilities.SafeActions.safeSelectOptionInDropDownByVisibleText is PASSED&#xD;
&#xD;
2019-11-01 02:31:49 - [TEST_STEP][PASSED] - utilities.SafeActions.safeSelectOptionInDropDownByVisibleText(findTestObject("Pages/FirstPayVault/dropDown_ExpirationMonth"), cardMonth, "Expiration Month", [PageLoadTime]): utilities.SafeActions.safeSelectOptionInDropDownByVisibleText is PASSED&#xD;
&#xD;
2019-11-01 02:31:49 - [MESSAGE][PASSED] - Object 'Object Repository/Pages/FirstPayVault/dropDown_ExpirationMonth' is visible&#xD;
&#xD;
2019-11-01 02:31:49 - [MESSAGE][PASSED] - Object 'Object Repository/Pages/FirstPayVault/dropDown_ExpirationMonth' is present&#xD;
&#xD;
2019-11-01 02:31:50 - [MESSAGE][PASSED] - Object: 'Object Repository/Pages/FirstPayVault/dropDown_ExpirationMonth' is clicked on&#xD;
&#xD;
2019-11-01 02:31:50 - [MESSAGE][PASSED] - All options with label 'September' are selected in object 'Object Repository/Pages/FirstPayVault/dropDown_ExpirationMonth' &#xD;
&#xD;
2019-11-01 02:31:50 - [MESSAGE][PASSED] - utilities.SafeActions.safeSelectOptionInDropDownByVisibleText is PASSED&#xD;
&#xD;
2019-11-01 02:31:50 - [TEST_STEP][NOT_RUN] - delay(2): NOT_RUN: delay(2)&#xD;
&#xD;
2019-11-01 02:31:50 - [MESSAGE][NOT_RUN] - NOT_RUN: delay(2)&#xD;
&#xD;
2019-11-01 02:31:50 - [TEST_STEP][PASSED] - utilities.SafeActions.safeType(findTestObject("Pages/FirstPayVault/input_ContactName"), customerName, "Enter Contact Name", [PageLoadTime]): utilities.SafeActions.safeType is PASSED&#xD;
&#xD;
2019-11-01 02:31:50 - [MESSAGE][PASSED] - Object 'Object Repository/Pages/FirstPayVault/input_ContactName' is present&#xD;
&#xD;
2019-11-01 02:31:50 - [MESSAGE][PASSED] - Scroll to object 'Object Repository/Pages/FirstPayVault/input_ContactName' successfully&#xD;
&#xD;
2019-11-01 02:31:50 - [MESSAGE][PASSED] - Object 'Object Repository/Pages/FirstPayVault/input_ContactName' is present&#xD;
&#xD;
2019-11-01 02:31:51 - [MESSAGE][PASSED] - Object: 'Object Repository/Pages/FirstPayVault/input_ContactName' is clicked on&#xD;
&#xD;
2019-11-01 02:31:52 - [MESSAGE][PASSED] - Text 'Venkata Sai' is set on object 'Object Repository/Pages/FirstPayVault/input_ContactName'&#xD;
&#xD;
2019-11-01 02:31:52 - [MESSAGE][PASSED] - utilities.SafeActions.safeType is PASSED&#xD;
&#xD;
2019-11-01 02:31:52 - [TEST_STEP][PASSED] - utilities.SafeActions.safeType(findTestObject("Pages/FirstPayVault/input_PostalCode"), postalCode, "Enter Postal Code", [PageLoadTime]): utilities.SafeActions.safeType is PASSED&#xD;
&#xD;
2019-11-01 02:31:52 - [MESSAGE][PASSED] - Object 'Object Repository/Pages/FirstPayVault/input_PostalCode' is present&#xD;
&#xD;
2019-11-01 02:31:52 - [MESSAGE][PASSED] - Scroll to object 'Object Repository/Pages/FirstPayVault/input_PostalCode' successfully&#xD;
&#xD;
2019-11-01 02:31:52 - [MESSAGE][PASSED] - Object 'Object Repository/Pages/FirstPayVault/input_PostalCode' is present&#xD;
&#xD;
2019-11-01 02:31:52 - [MESSAGE][PASSED] - Object: 'Object Repository/Pages/FirstPayVault/input_PostalCode' is clicked on&#xD;
&#xD;
2019-11-01 02:31:53 - [MESSAGE][PASSED] - Text '76102' is set on object 'Object Repository/Pages/FirstPayVault/input_PostalCode'&#xD;
&#xD;
2019-11-01 02:31:53 - [MESSAGE][PASSED] - utilities.SafeActions.safeType is PASSED&#xD;
&#xD;
2019-11-01 02:31:53 - [TEST_STEP][PASSED] - utilities.SafeActions.safeType(findTestObject("Pages/FirstPayVault/input_Address"), address, "Enter ddress", [PageLoadTime]): utilities.SafeActions.safeType is PASSED&#xD;
&#xD;
2019-11-01 02:31:53 - [MESSAGE][PASSED] - Object 'Object Repository/Pages/FirstPayVault/input_Address' is present&#xD;
&#xD;
2019-11-01 02:31:53 - [MESSAGE][PASSED] - Scroll to object 'Object Repository/Pages/FirstPayVault/input_Address' successfully&#xD;
&#xD;
2019-11-01 02:31:53 - [MESSAGE][PASSED] - Object 'Object Repository/Pages/FirstPayVault/input_Address' is present&#xD;
&#xD;
2019-11-01 02:31:54 - [MESSAGE][PASSED] - Object: 'Object Repository/Pages/FirstPayVault/input_Address' is clicked on&#xD;
&#xD;
2019-11-01 02:31:54 - [MESSAGE][PASSED] - Text 'Street123' is set on object 'Object Repository/Pages/FirstPayVault/input_Address'&#xD;
&#xD;
2019-11-01 02:31:54 - [MESSAGE][PASSED] - utilities.SafeActions.safeType is PASSED&#xD;
&#xD;
2019-11-01 02:31:54 - [TEST_STEP][PASSED] - utilities.SafeActions.safeCheckForElement(findTestObject("Pages/FirstPayVault/chekBox_AddShippingInformation"), PageLoadTime): utilities.SafeActions.safeCheckForElement is PASSED&#xD;
&#xD;
2019-11-01 02:31:54 - [MESSAGE][PASSED] - Object 'Object Repository/Pages/FirstPayVault/chekBox_AddShippingInformation' is present&#xD;
&#xD;
2019-11-01 02:31:54 - [MESSAGE][PASSED] - Object 'Object Repository/Pages/FirstPayVault/chekBox_AddShippingInformation' is visible&#xD;
&#xD;
2019-11-01 02:31:54 - [MESSAGE][PASSED] - Object 'Object Repository/Pages/FirstPayVault/chekBox_AddShippingInformation' is present&#xD;
&#xD;
2019-11-01 02:31:55 - [MESSAGE][PASSED] - Object 'Object Repository/Pages/FirstPayVault/chekBox_AddShippingInformation' is checked&#xD;
&#xD;
2019-11-01 02:31:55 - [MESSAGE][PASSED] - utilities.SafeActions.safeCheckForElement is PASSED&#xD;
&#xD;
2019-11-01 02:31:55 - [TEST_STEP][PASSED] - utilities.SafeActions.safeType(findTestObject("Pages/FirstPayVault/input_ShippingMethod"), shippingMethod, "Enter Shipping Method", [PageLoadTime]): utilities.SafeActions.safeType is PASSED&#xD;
&#xD;
2019-11-01 02:31:55 - [MESSAGE][PASSED] - Object 'Object Repository/Pages/FirstPayVault/input_ShippingMethod' is present&#xD;
&#xD;
2019-11-01 02:31:55 - [MESSAGE][PASSED] - Scroll to object 'Object Repository/Pages/FirstPayVault/input_ShippingMethod' successfully&#xD;
&#xD;
2019-11-01 02:31:55 - [MESSAGE][PASSED] - Object 'Object Repository/Pages/FirstPayVault/input_ShippingMethod' is present&#xD;
&#xD;
2019-11-01 02:31:56 - [MESSAGE][PASSED] - Object: 'Object Repository/Pages/FirstPayVault/input_ShippingMethod' is clicked on&#xD;
&#xD;
2019-11-01 02:31:56 - [MESSAGE][PASSED] - Text 'DTDC' is set on object 'Object Repository/Pages/FirstPayVault/input_ShippingMethod'&#xD;
&#xD;
2019-11-01 02:31:56 - [MESSAGE][PASSED] - utilities.SafeActions.safeType is PASSED&#xD;
&#xD;
2019-11-01 02:31:56 - [TEST_STEP][PASSED] - utilities.SafeActions.safeCheckForElement(findTestObject("Pages/FirstPayVault/checkbox_SameAsBillingInformation"), PageLoadTime): utilities.SafeActions.safeCheckForElement is PASSED&#xD;
&#xD;
2019-11-01 02:31:56 - [MESSAGE][PASSED] - Object 'Object Repository/Pages/FirstPayVault/checkbox_SameAsBillingInformation' is present&#xD;
&#xD;
2019-11-01 02:31:56 - [MESSAGE][PASSED] - Object 'Object Repository/Pages/FirstPayVault/checkbox_SameAsBillingInformation' is visible&#xD;
&#xD;
2019-11-01 02:31:56 - [MESSAGE][PASSED] - Object 'Object Repository/Pages/FirstPayVault/checkbox_SameAsBillingInformation' is present&#xD;
&#xD;
2019-11-01 02:31:57 - [MESSAGE][PASSED] - Object 'Object Repository/Pages/FirstPayVault/checkbox_SameAsBillingInformation' is checked&#xD;
&#xD;
2019-11-01 02:31:57 - [MESSAGE][PASSED] - utilities.SafeActions.safeCheckForElement is PASSED&#xD;
&#xD;
2019-11-01 02:31:57 - [TEST_STEP][PASSED] - utilities.SafeActions.safeClickwithScroll(findTestObject("Pages/FirstPayVault/button_Create"), "Click on Create Button", [PageLoadTime]): utilities.SafeActions.safeClickwithScroll is PASSED&#xD;
&#xD;
2019-11-01 02:31:58 - [MESSAGE][PASSED] - Object 'Object Repository/Pages/FirstPayVault/button_Create' is present&#xD;
&#xD;
2019-11-01 02:31:58 - [MESSAGE][PASSED] - Object 'Object Repository/Pages/FirstPayVault/button_Create' is visible&#xD;
&#xD;
2019-11-01 02:31:58 - [MESSAGE][INFO] - 1stPayVault.ts:waiting until Click on Create Button is Clickable&#xD;
&#xD;
2019-11-01 02:31:58 - [MESSAGE][PASSED] - Object 'Object Repository/Pages/FirstPayVault/button_Create' is clickable&#xD;
&#xD;
2019-11-01 02:31:58 - [MESSAGE][PASSED] - Object 'Object Repository/Pages/FirstPayVault/button_Create' is visible&#xD;
&#xD;
2019-11-01 02:31:59 - [MESSAGE][PASSED] - Object: 'Object Repository/Pages/FirstPayVault/button_Create' is clicked on&#xD;
&#xD;
2019-11-01 02:31:59 - [MESSAGE][INFO] - 1stPayVault.ts: Clicked on the Click on Create Button&#xD;
&#xD;
2019-11-01 02:31:59 - [MESSAGE][PASSED] - utilities.SafeActions.safeClickwithScroll is PASSED&#xD;
&#xD;
2019-11-01 02:31:59 - [TEST_STEP][PASSED] - delay(2): Delayed 2 second(s)&#xD;
&#xD;
2019-11-01 02:32:01 - [MESSAGE][PASSED] - Delayed 2 second(s)&#xD;
&#xD;
2019-11-01 02:32:01 - [TEST_STEP][PASSED] - popupSavedToVaultMessage = utilities.SafeActions.safeGetText(findTestObject("Pages/FirstPayVault/popup_SavedToVaultMessage"), PageLoadTime): utilities.SafeActions.safeGetText is PASSED&#xD;
&#xD;
2019-11-01 02:32:01 - [MESSAGE][PASSED] - Object 'Object Repository/Pages/FirstPayVault/popup_SavedToVaultMessage' is present&#xD;
&#xD;
2019-11-01 02:32:01 - [MESSAGE][PASSED] - Scroll to object 'Object Repository/Pages/FirstPayVault/popup_SavedToVaultMessage' successfully&#xD;
&#xD;
2019-11-01 02:32:01 - [MESSAGE][PASSED] - Object 'Object Repository/Pages/FirstPayVault/popup_SavedToVaultMessage' is present&#xD;
&#xD;
2019-11-01 02:32:01 - [MESSAGE][PASSED] - Text of object 'Object Repository/Pages/FirstPayVault/popup_SavedToVaultMessage' is: 'Successfully Saved to Vault'&#xD;
&#xD;
2019-11-01 02:32:01 - [MESSAGE][PASSED] - utilities.SafeActions.safeGetText is PASSED&#xD;
&#xD;
2019-11-01 02:32:01 - [TEST_STEP][PASSED] - flag = utilities.SafeActions.verifyPopupMessage("Successfully Saved to Vault", popupSavedToVaultMessage): Popup Message : Successfully Saved to Vault matched with expected message : Successfully Saved to Vault&#xD;
&#xD;
2019-11-01 02:32:01 - [MESSAGE][PASSED] - Popup Message : Successfully Saved to Vault matched with expected message : Successfully Saved to Vault&#xD;
&#xD;
2019-11-01 02:32:01 - [TEST_STEP][PASSED] - utilities.SafeActions.safeClickWithoutScroll(findTestObject("Pages/FirstPayVault/button_SearchVault_InPopup"), "Search Vault in Popup", [delayBetweenTestSteps]): utilities.SafeActions.safeClickWithoutScroll is PASSED&#xD;
&#xD;
2019-11-01 02:32:01 - [MESSAGE][INFO] - Safe Click Without scroll&#xD;
&#xD;
2019-11-01 02:32:01 - [MESSAGE][INFO] - 1stPayVault.ts:waiting until Search Vault in Popup is Clickable&#xD;
&#xD;
2019-11-01 02:32:01 - [MESSAGE][PASSED] - Object 'Object Repository/Pages/FirstPayVault/button_SearchVault_InPopup' is clickable&#xD;
&#xD;
2019-11-01 02:32:01 - [MESSAGE][PASSED] - Object 'Object Repository/Pages/FirstPayVault/button_SearchVault_InPopup' is visible&#xD;
&#xD;
2019-11-01 02:32:03 - [MESSAGE][PASSED] - Object: 'Object Repository/Pages/FirstPayVault/button_SearchVault_InPopup' is clicked on&#xD;
&#xD;
2019-11-01 02:32:03 - [MESSAGE][INFO] - 1stPayVault.ts: click on the Search Vault in Popup&#xD;
&#xD;
2019-11-01 02:32:03 - [MESSAGE][PASSED] - utilities.SafeActions.safeClickWithoutScroll is PASSED&#xD;
&#xD;
2019-11-01 02:32:03 - [TEST_STEP][PASSED] - utilities.SafeActions.safeClickwithScroll(findTestObject("Pages/FirstPayVault/date_StartDate_1stPayVault"), "Click on Date Input", [PageLoadTime]): utilities.SafeActions.safeClickwithScroll is PASSED&#xD;
&#xD;
2019-11-01 02:32:03 - [MESSAGE][PASSED] - Object 'Object Repository/Pages/FirstPayVault/date_StartDate_1stPayVault' is present&#xD;
&#xD;
2019-11-01 02:32:03 - [MESSAGE][PASSED] - Object 'Object Repository/Pages/FirstPayVault/date_StartDate_1stPayVault' is visible&#xD;
&#xD;
2019-11-01 02:32:03 - [MESSAGE][INFO] - 1stPayVault.ts:waiting until Click on Date Input is Clickable&#xD;
&#xD;
2019-11-01 02:32:03 - [MESSAGE][PASSED] - Object 'Object Repository/Pages/FirstPayVault/date_StartDate_1stPayVault' is clickable&#xD;
&#xD;
2019-11-01 02:32:03 - [MESSAGE][PASSED] - Object 'Object Repository/Pages/FirstPayVault/date_StartDate_1stPayVault' is visible&#xD;
&#xD;
2019-11-01 02:32:04 - [MESSAGE][PASSED] - Object: 'Object Repository/Pages/FirstPayVault/date_StartDate_1stPayVault' is clicked on&#xD;
&#xD;
2019-11-01 02:32:04 - [MESSAGE][INFO] - 1stPayVault.ts: Clicked on the Click on Date Input&#xD;
&#xD;
2019-11-01 02:32:04 - [MESSAGE][PASSED] - utilities.SafeActions.safeClickwithScroll is PASSED&#xD;
&#xD;
2019-11-01 02:32:04 - [TEST_STEP][FAILED] - pages.Sale.selectMonthYear(findTestObject("Pages/Sale/link_MonthYear"), findTestObject("Pages/Sale/calender_NextButton"), cardThisMonth, cardThisYear): com.kms.katalon.core.exception.StepFailedException: unable to select the specified Month and Year&#xD;
&#xD;
2019-11-01 02:32:04 - [MESSAGE][PASSED] - Text of object 'Object Repository/Pages/Sale/link_MonthYear' is: 'November 2019'&#xD;
&#xD;
2019-11-01 02:32:04 - [MESSAGE][PASSED] - Object: 'Object Repository/Pages/Sale/calender_NextButton' is clicked on&#xD;
&#xD;
2019-11-01 02:32:04 - [MESSAGE][PASSED] - Text of object 'Object Repository/Pages/Sale/link_MonthYear' is: 'December 2019'&#xD;
&#xD;
2019-11-01 02:32:04 - [MESSAGE][PASSED] - Object: 'Object Repository/Pages/Sale/calender_NextButton' is clicked on&#xD;
&#xD;
2019-11-01 02:32:04 - [MESSAGE][PASSED] - Text of object 'Object Repository/Pages/Sale/link_MonthYear' is: 'January 2020'&#xD;
&#xD;
2019-11-01 02:32:05 - [MESSAGE][PASSED] - Object: 'Object Repository/Pages/Sale/calender_NextButton' is clicked on&#xD;
&#xD;
2019-11-01 02:32:05 - [MESSAGE][PASSED] - Text of object 'Object Repository/Pages/Sale/link_MonthYear' is: 'February 2020'&#xD;
&#xD;
2019-11-01 02:32:05 - [MESSAGE][PASSED] - Object: 'Object Repository/Pages/Sale/calender_NextButton' is clicked on&#xD;
&#xD;
2019-11-01 02:32:05 - [MESSAGE][PASSED] - Text of object 'Object Repository/Pages/Sale/link_MonthYear' is: 'March 2020'&#xD;
&#xD;
2019-11-01 02:32:05 - [MESSAGE][PASSED] - Object: 'Object Repository/Pages/Sale/calender_NextButton' is clicked on&#xD;
&#xD;
2019-11-01 02:32:05 - [MESSAGE][PASSED] - Text of object 'Object Repository/Pages/Sale/link_MonthYear' is: 'April 2020'&#xD;
&#xD;
2019-11-01 02:32:06 - [MESSAGE][PASSED] - Object: 'Object Repository/Pages/Sale/calender_NextButton' is clicked on&#xD;
&#xD;
2019-11-01 02:32:06 - [MESSAGE][PASSED] - Text of object 'Object Repository/Pages/Sale/link_MonthYear' is: 'May 2020'&#xD;
&#xD;
2019-11-01 02:32:06 - [MESSAGE][PASSED] - Object: 'Object Repository/Pages/Sale/calender_NextButton' is clicked on&#xD;
&#xD;
2019-11-01 02:32:06 - [MESSAGE][PASSED] - Text of object 'Object Repository/Pages/Sale/link_MonthYear' is: 'June 2020'&#xD;
&#xD;
2019-11-01 02:32:06 - [MESSAGE][PASSED] - Object: 'Object Repository/Pages/Sale/calender_NextButton' is clicked on&#xD;
&#xD;
2019-11-01 02:32:06 - [MESSAGE][PASSED] - Text of object 'Object Repository/Pages/Sale/link_MonthYear' is: 'July 2020'&#xD;
&#xD;
2019-11-01 02:32:07 - [MESSAGE][PASSED] - Object: 'Object Repository/Pages/Sale/calender_NextButton' is clicked on&#xD;
&#xD;
2019-11-01 02:32:07 - [MESSAGE][PASSED] - Text of object 'Object Repository/Pages/Sale/link_MonthYear' is: 'August 2020'&#xD;
&#xD;
2019-11-01 02:32:07 - [MESSAGE][PASSED] - Object: 'Object Repository/Pages/Sale/calender_NextButton' is clicked on&#xD;
&#xD;
2019-11-01 02:32:07 - [MESSAGE][PASSED] - Text of object 'Object Repository/Pages/Sale/link_MonthYear' is: 'September 2020'&#xD;
&#xD;
2019-11-01 02:32:07 - [MESSAGE][PASSED] - Object: 'Object Repository/Pages/Sale/calender_NextButton' is clicked on&#xD;
&#xD;
2019-11-01 02:32:07 - [MESSAGE][PASSED] - Text of object 'Object Repository/Pages/Sale/link_MonthYear' is: 'October 2020'&#xD;
&#xD;
2019-11-01 02:32:08 - [MESSAGE][PASSED] - Object: 'Object Repository/Pages/Sale/calender_NextButton' is clicked on&#xD;
&#xD;
2019-11-01 02:32:08 - [MESSAGE][PASSED] - Text of object 'Object Repository/Pages/Sale/link_MonthYear' is: 'November 2020'&#xD;
&#xD;
2019-11-01 02:32:08 - [MESSAGE][PASSED] - Object: 'Object Repository/Pages/Sale/calender_NextButton' is clicked on&#xD;
&#xD;
2019-11-01 02:32:08 - [MESSAGE][PASSED] - Text of object 'Object Repository/Pages/Sale/link_MonthYear' is: 'December 2020'&#xD;
&#xD;
2019-11-01 02:32:08 - [MESSAGE][PASSED] - Object: 'Object Repository/Pages/Sale/calender_NextButton' is clicked on&#xD;
&#xD;
2019-11-01 02:32:08 - [MESSAGE][PASSED] - Text of object 'Object Repository/Pages/Sale/link_MonthYear' is: 'January 2021'&#xD;
&#xD;
2019-11-01 02:32:09 - [MESSAGE][PASSED] - Object: 'Object Repository/Pages/Sale/calender_NextButton' is clicked on&#xD;
&#xD;
2019-11-01 02:32:09 - [MESSAGE][PASSED] - Text of object 'Object Repository/Pages/Sale/link_MonthYear' is: 'February 2021'&#xD;
&#xD;
2019-11-01 02:32:09 - [MESSAGE][PASSED] - Object: 'Object Repository/Pages/Sale/calender_NextButton' is clicked on&#xD;
&#xD;
2019-11-01 02:32:09 - [MESSAGE][PASSED] - Text of object 'Object Repository/Pages/Sale/link_MonthYear' is: 'March 2021'&#xD;
&#xD;
2019-11-01 02:32:09 - [MESSAGE][PASSED] - Object: 'Object Repository/Pages/Sale/calender_NextButton' is clicked on&#xD;
&#xD;
2019-11-01 02:32:09 - [MESSAGE][PASSED] - Text of object 'Object Repository/Pages/Sale/link_MonthYear' is: 'April 2021'&#xD;
&#xD;
2019-11-01 02:32:09 - [MESSAGE][PASSED] - Object: 'Object Repository/Pages/Sale/calender_NextButton' is clicked on&#xD;
&#xD;
2019-11-01 02:32:09 - [MESSAGE][PASSED] - Text of object 'Object Repository/Pages/Sale/link_MonthYear' is: 'May 2021'&#xD;
&#xD;
2019-11-01 02:32:10 - [MESSAGE][PASSED] - Object: 'Object Repository/Pages/Sale/calender_NextButton' is clicked on&#xD;
&#xD;
2019-11-01 02:32:10 - [MESSAGE][PASSED] - Text of object 'Object Repository/Pages/Sale/link_MonthYear' is: 'June 2021'&#xD;
&#xD;
2019-11-01 02:32:10 - [MESSAGE][PASSED] - Object: 'Object Repository/Pages/Sale/calender_NextButton' is clicked on&#xD;
&#xD;
2019-11-01 02:32:10 - [MESSAGE][PASSED] - Text of object 'Object Repository/Pages/Sale/link_MonthYear' is: 'July 2021'&#xD;
&#xD;
2019-11-01 02:32:10 - [MESSAGE][PASSED] - Object: 'Object Repository/Pages/Sale/calender_NextButton' is clicked on&#xD;
&#xD;
2019-11-01 02:32:10 - [MESSAGE][PASSED] - Text of object 'Object Repository/Pages/Sale/link_MonthYear' is: 'August 2021'&#xD;
&#xD;
2019-11-01 02:32:11 - [MESSAGE][PASSED] - Object: 'Object Repository/Pages/Sale/calender_NextButton' is clicked on&#xD;
&#xD;
2019-11-01 02:32:11 - [MESSAGE][PASSED] - Text of object 'Object Repository/Pages/Sale/link_MonthYear' is: 'September 2021'&#xD;
&#xD;
2019-11-01 02:32:11 - [MESSAGE][PASSED] - Object: 'Object Repository/Pages/Sale/calender_NextButton' is clicked on&#xD;
&#xD;
2019-11-01 02:32:11 - [MESSAGE][PASSED] - Text of object 'Object Repository/Pages/Sale/link_MonthYear' is: 'October 2021'&#xD;
&#xD;
2019-11-01 02:32:11 - [MESSAGE][PASSED] - Object: 'Object Repository/Pages/Sale/calender_NextButton' is clicked on&#xD;
&#xD;
2019-11-01 02:32:11 - [MESSAGE][PASSED] - Text of object 'Object Repository/Pages/Sale/link_MonthYear' is: 'November 2021'&#xD;
&#xD;
2019-11-01 02:32:12 - [MESSAGE][PASSED] - Object: 'Object Repository/Pages/Sale/calender_NextButton' is clicked on&#xD;
&#xD;
2019-11-01 02:32:12 - [MESSAGE][PASSED] - Text of object 'Object Repository/Pages/Sale/link_MonthYear' is: 'December 2021'&#xD;
&#xD;
2019-11-01 02:32:12 - [MESSAGE][PASSED] - Object: 'Object Repository/Pages/Sale/calender_NextButton' is clicked on&#xD;
&#xD;
2019-11-01 02:32:12 - [MESSAGE][PASSED] - Text of object 'Object Repository/Pages/Sale/link_MonthYear' is: 'January 2022'&#xD;
&#xD;
2019-11-01 02:32:12 - [MESSAGE][PASSED] - Object: 'Object Repository/Pages/Sale/calender_NextButton' is clicked on&#xD;
&#xD;
2019-11-01 02:32:12 - [MESSAGE][PASSED] - Text of object 'Object Repository/Pages/Sale/link_MonthYear' is: 'February 2022'&#xD;
&#xD;
2019-11-01 02:32:12 - [MESSAGE][PASSED] - Object: 'Object Repository/Pages/Sale/calender_NextButton' is clicked on&#xD;
&#xD;
2019-11-01 02:32:12 - [MESSAGE][PASSED] - Text of object 'Object Repository/Pages/Sale/link_MonthYear' is: 'March 2022'&#xD;
&#xD;
2019-11-01 02:32:13 - [MESSAGE][PASSED] - Object: 'Object Repository/Pages/Sale/calender_NextButton' is clicked on&#xD;
&#xD;
2019-11-01 02:32:13 - [MESSAGE][PASSED] - Text of object 'Object Repository/Pages/Sale/link_MonthYear' is: 'April 2022'&#xD;
&#xD;
2019-11-01 02:32:13 - [MESSAGE][PASSED] - Object: 'Object Repository/Pages/Sale/calender_NextButton' is clicked on&#xD;
&#xD;
2019-11-01 02:32:13 - [MESSAGE][PASSED] - Text of object 'Object Repository/Pages/Sale/link_MonthYear' is: 'May 2022'&#xD;
&#xD;
2019-11-01 02:32:13 - [MESSAGE][PASSED] - Object: 'Object Repository/Pages/Sale/calender_NextButton' is clicked on&#xD;
&#xD;
2019-11-01 02:32:13 - [MESSAGE][PASSED] - Text of object 'Object Repository/Pages/Sale/link_MonthYear' is: 'June 2022'&#xD;
&#xD;
2019-11-01 02:32:14 - [MESSAGE][PASSED] - Object: 'Object Repository/Pages/Sale/calender_NextButton' is clicked on&#xD;
&#xD;
2019-11-01 02:32:14 - [MESSAGE][PASSED] - Text of object 'Object Repository/Pages/Sale/link_MonthYear' is: 'July 2022'&#xD;
&#xD;
2019-11-01 02:32:14 - [MESSAGE][PASSED] - Object: 'Object Repository/Pages/Sale/calender_NextButton' is clicked on&#xD;
&#xD;
2019-11-01 02:32:14 - [MESSAGE][PASSED] - Text of object 'Object Repository/Pages/Sale/link_MonthYear' is: 'August 2022'&#xD;
&#xD;
2019-11-01 02:32:14 - [MESSAGE][PASSED] - Object: 'Object Repository/Pages/Sale/calender_NextButton' is clicked on&#xD;
&#xD;
2019-11-01 02:32:14 - [MESSAGE][PASSED] - Text of object 'Object Repository/Pages/Sale/link_MonthYear' is: 'September 2022'&#xD;
&#xD;
2019-11-01 02:32:14 - [MESSAGE][PASSED] - Object: 'Object Repository/Pages/Sale/calender_NextButton' is clicked on&#xD;
&#xD;
2019-11-01 02:32:14 - [MESSAGE][PASSED] - Text of object 'Object Repository/Pages/Sale/link_MonthYear' is: 'October 2022'&#xD;
&#xD;
2019-11-01 02:32:15 - [MESSAGE][PASSED] - Object: 'Object Repository/Pages/Sale/calender_NextButton' is clicked on&#xD;
&#xD;
2019-11-01 02:32:15 - [MESSAGE][PASSED] - Text of object 'Object Repository/Pages/Sale/link_MonthYear' is: 'November 2022'&#xD;
&#xD;
2019-11-01 02:32:15 - [MESSAGE][PASSED] - Object: 'Object Repository/Pages/Sale/calender_NextButton' is clicked on&#xD;
&#xD;
2019-11-01 02:32:15 - [MESSAGE][PASSED] - Text of object 'Object Repository/Pages/Sale/link_MonthYear' is: 'December 2022'&#xD;
&#xD;
2019-11-01 02:32:15 - [MESSAGE][PASSED] - Object: 'Object Repository/Pages/Sale/calender_NextButton' is clicked on&#xD;
&#xD;
2019-11-01 02:32:15 - [MESSAGE][PASSED] - Text of object 'Object Repository/Pages/Sale/link_MonthYear' is: 'January 2023'&#xD;
&#xD;
2019-11-01 02:32:16 - [MESSAGE][PASSED] - Object: 'Object Repository/Pages/Sale/calender_NextButton' is clicked on&#xD;
&#xD;
2019-11-01 02:32:16 - [MESSAGE][PASSED] - Text of object 'Object Repository/Pages/Sale/link_MonthYear' is: 'February 2023'&#xD;
&#xD;
2019-11-01 02:32:16 - [MESSAGE][PASSED] - Object: 'Object Repository/Pages/Sale/calender_NextButton' is clicked on&#xD;
&#xD;
2019-11-01 02:32:16 - [MESSAGE][PASSED] - Text of object 'Object Repository/Pages/Sale/link_MonthYear' is: 'March 2023'&#xD;
&#xD;
2019-11-01 02:32:16 - [MESSAGE][PASSED] - Object: 'Object Repository/Pages/Sale/calender_NextButton' is clicked on&#xD;
&#xD;
2019-11-01 02:32:16 - [MESSAGE][PASSED] - Text of object 'Object Repository/Pages/Sale/link_MonthYear' is: 'April 2023'&#xD;
&#xD;
2019-11-01 02:32:17 - [MESSAGE][PASSED] - Object: 'Object Repository/Pages/Sale/calender_NextButton' is clicked on&#xD;
&#xD;
2019-11-01 02:32:17 - [MESSAGE][PASSED] - Text of object 'Object Repository/Pages/Sale/link_MonthYear' is: 'May 2023'&#xD;
&#xD;
2019-11-01 02:32:17 - [MESSAGE][PASSED] - Object: 'Object Repository/Pages/Sale/calender_NextButton' is clicked on&#xD;
&#xD;
2019-11-01 02:32:17 - [MESSAGE][PASSED] - Text of object 'Object Repository/Pages/Sale/link_MonthYear' is: 'June 2023'&#xD;
&#xD;
2019-11-01 02:32:17 - [MESSAGE][PASSED] - Object: 'Object Repository/Pages/Sale/calender_NextButton' is clicked on&#xD;
&#xD;
2019-11-01 02:32:17 - [MESSAGE][PASSED] - Text of object 'Object Repository/Pages/Sale/link_MonthYear' is: 'July 2023'&#xD;
&#xD;
2019-11-01 02:32:17 - [MESSAGE][PASSED] - Object: 'Object Repository/Pages/Sale/calender_NextButton' is clicked on&#xD;
&#xD;
2019-11-01 02:32:17 - [MESSAGE][PASSED] - Text of object 'Object Repository/Pages/Sale/link_MonthYear' is: 'August 2023'&#xD;
&#xD;
2019-11-01 02:32:18 - [MESSAGE][PASSED] - Object: 'Object Repository/Pages/Sale/calender_NextButton' is clicked on&#xD;
&#xD;
2019-11-01 02:32:18 - [MESSAGE][PASSED] - Text of object 'Object Repository/Pages/Sale/link_MonthYear' is: 'September 2023'&#xD;
&#xD;
2019-11-01 02:32:18 - [MESSAGE][PASSED] - Object: 'Object Repository/Pages/Sale/calender_NextButton' is clicked on&#xD;
&#xD;
2019-11-01 02:32:18 - [MESSAGE][PASSED] - Text of object 'Object Repository/Pages/Sale/link_MonthYear' is: 'October 2023'&#xD;
&#xD;
2019-11-01 02:32:18 - [MESSAGE][PASSED] - Object: 'Object Repository/Pages/Sale/calender_NextButton' is clicked on&#xD;
&#xD;
2019-11-01 02:32:18 - [MESSAGE][PASSED] - Text of object 'Object Repository/Pages/Sale/link_MonthYear' is: 'November 2023'&#xD;
&#xD;
2019-11-01 02:32:19 - [MESSAGE][PASSED] - Object: 'Object Repository/Pages/Sale/calender_NextButton' is clicked on&#xD;
&#xD;
2019-11-01 02:32:19 - [MESSAGE][PASSED] - Text of object 'Object Repository/Pages/Sale/link_MonthYear' is: 'December 2023'&#xD;
&#xD;
2019-11-01 02:32:19 - [MESSAGE][PASSED] - Object: 'Object Repository/Pages/Sale/calender_NextButton' is clicked on&#xD;
&#xD;
2019-11-01 02:32:19 - [MESSAGE][PASSED] - Text of object 'Object Repository/Pages/Sale/link_MonthYear' is: 'January 2024'&#xD;
&#xD;
2019-11-01 02:32:19 - [MESSAGE][PASSED] - Object: 'Object Repository/Pages/Sale/calender_NextButton' is clicked on&#xD;
&#xD;
2019-11-01 02:32:19 - [MESSAGE][PASSED] - Text of object 'Object Repository/Pages/Sale/link_MonthYear' is: 'February 2024'&#xD;
&#xD;
2019-11-01 02:32:19 - [MESSAGE][PASSED] - Object: 'Object Repository/Pages/Sale/calender_NextButton' is clicked on&#xD;
&#xD;
2019-11-01 02:32:19 - [MESSAGE][PASSED] - Text of object 'Object Repository/Pages/Sale/link_MonthYear' is: 'March 2024'&#xD;
&#xD;
2019-11-01 02:32:20 - [MESSAGE][PASSED] - Object: 'Object Repository/Pages/Sale/calender_NextButton' is clicked on&#xD;
&#xD;
2019-11-01 02:32:20 - [MESSAGE][PASSED] - Text of object 'Object Repository/Pages/Sale/link_MonthYear' is: 'April 2024'&#xD;
&#xD;
2019-11-01 02:32:20 - [MESSAGE][PASSED] - Object: 'Object Repository/Pages/Sale/calender_NextButton' is clicked on&#xD;
&#xD;
2019-11-01 02:32:20 - [MESSAGE][PASSED] - Text of object 'Object Repository/Pages/Sale/link_MonthYear' is: 'May 2024'&#xD;
&#xD;
2019-11-01 02:32:20 - [MESSAGE][PASSED] - Object: 'Object Repository/Pages/Sale/calender_NextButton' is clicked on&#xD;
&#xD;
2019-11-01 02:32:20 - [MESSAGE][PASSED] - Text of object 'Object Repository/Pages/Sale/link_MonthYear' is: 'June 2024'&#xD;
&#xD;
2019-11-01 02:32:21 - [MESSAGE][PASSED] - Object: 'Object Repository/Pages/Sale/calender_NextButton' is clicked on&#xD;
&#xD;
2019-11-01 02:32:21 - [MESSAGE][PASSED] - Text of object 'Object Repository/Pages/Sale/link_MonthYear' is: 'July 2024'&#xD;
&#xD;
2019-11-01 02:32:21 - [MESSAGE][PASSED] - Object: 'Object Repository/Pages/Sale/calender_NextButton' is clicked on&#xD;
&#xD;
2019-11-01 02:32:21 - [MESSAGE][PASSED] - Text of object 'Object Repository/Pages/Sale/link_MonthYear' is: 'August 2024'&#xD;
&#xD;
2019-11-01 02:32:21 - [MESSAGE][PASSED] - Object: 'Object Repository/Pages/Sale/calender_NextButton' is clicked on&#xD;
&#xD;
2019-11-01 02:32:21 - [MESSAGE][PASSED] - Text of object 'Object Repository/Pages/Sale/link_MonthYear' is: 'September 2024'&#xD;
&#xD;
2019-11-01 02:32:21 - [MESSAGE][PASSED] - Object: 'Object Repository/Pages/Sale/calender_NextButton' is clicked on&#xD;
&#xD;
2019-11-01 02:32:22 - [MESSAGE][PASSED] - Text of object 'Object Repository/Pages/Sale/link_MonthYear' is: 'October 2024'&#xD;
&#xD;
2019-11-01 02:32:22 - [MESSAGE][PASSED] - Object: 'Object Repository/Pages/Sale/calender_NextButton' is clicked on&#xD;
&#xD;
2019-11-01 02:32:22 - [MESSAGE][PASSED] - Text of object 'Object Repository/Pages/Sale/link_MonthYear' is: 'November 2024'&#xD;
&#xD;
2019-11-01 02:32:22 - [MESSAGE][PASSED] - Object: 'Object Repository/Pages/Sale/calender_NextButton' is clicked on&#xD;
&#xD;
2019-11-01 02:32:22 - [MESSAGE][PASSED] - Text of object 'Object Repository/Pages/Sale/link_MonthYear' is: 'December 2024'&#xD;
&#xD;
2019-11-01 02:32:22 - [MESSAGE][PASSED] - Object: 'Object Repository/Pages/Sale/calender_NextButton' is clicked on&#xD;
&#xD;
2019-11-01 02:32:22 - [MESSAGE][PASSED] - Text of object 'Object Repository/Pages/Sale/link_MonthYear' is: 'January 2025'&#xD;
&#xD;
2019-11-01 02:32:23 - [MESSAGE][PASSED] - Object: 'Object Repository/Pages/Sale/calender_NextButton' is clicked on&#xD;
&#xD;
2019-11-01 02:32:23 - [MESSAGE][PASSED] - Text of object 'Object Repository/Pages/Sale/link_MonthYear' is: 'February 2025'&#xD;
&#xD;
2019-11-01 02:32:23 - [MESSAGE][PASSED] - Object: 'Object Repository/Pages/Sale/calender_NextButton' is clicked on&#xD;
&#xD;
2019-11-01 02:32:23 - [MESSAGE][PASSED] - Text of object 'Object Repository/Pages/Sale/link_MonthYear' is: 'March 2025'&#xD;
&#xD;
2019-11-01 02:32:23 - [MESSAGE][PASSED] - Object: 'Object Repository/Pages/Sale/calender_NextButton' is clicked on&#xD;
&#xD;
2019-11-01 02:32:23 - [MESSAGE][PASSED] - Text of object 'Object Repository/Pages/Sale/link_MonthYear' is: 'April 2025'&#xD;
&#xD;
2019-11-01 02:32:24 - [MESSAGE][PASSED] - Object: 'Object Repository/Pages/Sale/calender_NextButton' is clicked on&#xD;
&#xD;
2019-11-01 02:32:24 - [MESSAGE][PASSED] - Text of object 'Object Repository/Pages/Sale/link_MonthYear' is: 'May 2025'&#xD;
&#xD;
2019-11-01 02:32:24 - [MESSAGE][PASSED] - Object: 'Object Repository/Pages/Sale/calender_NextButton' is clicked on&#xD;
&#xD;
2019-11-01 02:32:24 - [MESSAGE][PASSED] - Text of object 'Object Repository/Pages/Sale/link_MonthYear' is: 'June 2025'&#xD;
&#xD;
2019-11-01 02:32:24 - [MESSAGE][PASSED] - Object: 'Object Repository/Pages/Sale/calender_NextButton' is clicked on&#xD;
&#xD;
2019-11-01 02:32:24 - [MESSAGE][PASSED] - Text of object 'Object Repository/Pages/Sale/link_MonthYear' is: 'July 2025'&#xD;
&#xD;
2019-11-01 02:32:24 - [MESSAGE][PASSED] - Object: 'Object Repository/Pages/Sale/calender_NextButton' is clicked on&#xD;
&#xD;
2019-11-01 02:32:24 - [MESSAGE][PASSED] - Text of object 'Object Repository/Pages/Sale/link_MonthYear' is: 'August 2025'&#xD;
&#xD;
2019-11-01 02:32:25 - [MESSAGE][PASSED] - Object: 'Object Repository/Pages/Sale/calender_NextButton' is clicked on&#xD;
&#xD;
2019-11-01 02:32:25 - [MESSAGE][PASSED] - Text of object 'Object Repository/Pages/Sale/link_MonthYear' is: 'September 2025'&#xD;
&#xD;
2019-11-01 02:32:25 - [MESSAGE][PASSED] - Object: 'Object Repository/Pages/Sale/calender_NextButton' is clicked on&#xD;
&#xD;
2019-11-01 02:32:25 - [MESSAGE][PASSED] - Text of object 'Object Repository/Pages/Sale/link_MonthYear' is: 'October 2025'&#xD;
&#xD;
2019-11-01 02:32:26 - [MESSAGE][PASSED] - Object: 'Object Repository/Pages/Sale/calender_NextButton' is clicked on&#xD;
&#xD;
2019-11-01 02:32:26 - [MESSAGE][PASSED] - Text of object 'Object Repository/Pages/Sale/link_MonthYear' is: 'November 2025'&#xD;
&#xD;
2019-11-01 02:32:26 - [MESSAGE][PASSED] - Object: 'Object Repository/Pages/Sale/calender_NextButton' is clicked on&#xD;
&#xD;
2019-11-01 02:32:26 - [MESSAGE][PASSED] - Text of object 'Object Repository/Pages/Sale/link_MonthYear' is: 'December 2025'&#xD;
&#xD;
2019-11-01 02:32:26 - [MESSAGE][PASSED] - Object: 'Object Repository/Pages/Sale/calender_NextButton' is clicked on&#xD;
&#xD;
2019-11-01 02:32:26 - [MESSAGE][PASSED] - Text of object 'Object Repository/Pages/Sale/link_MonthYear' is: 'January 2026'&#xD;
&#xD;
2019-11-01 02:32:27 - [MESSAGE][PASSED] - Object: 'Object Repository/Pages/Sale/calender_NextButton' is clicked on&#xD;
&#xD;
2019-11-01 02:32:27 - [MESSAGE][PASSED] - Text of object 'Object Repository/Pages/Sale/link_MonthYear' is: 'February 2026'&#xD;
&#xD;
2019-11-01 02:32:27 - [MESSAGE][PASSED] - Object: 'Object Repository/Pages/Sale/calender_NextButton' is clicked on&#xD;
&#xD;
2019-11-01 02:32:27 - [MESSAGE][PASSED] - Text of object 'Object Repository/Pages/Sale/link_MonthYear' is: 'March 2026'&#xD;
&#xD;
2019-11-01 02:32:27 - [MESSAGE][PASSED] - Object: 'Object Repository/Pages/Sale/calender_NextButton' is clicked on&#xD;
&#xD;
2019-11-01 02:32:27 - [MESSAGE][PASSED] - Text of object 'Object Repository/Pages/Sale/link_MonthYear' is: 'April 2026'&#xD;
&#xD;
2019-11-01 02:32:28 - [MESSAGE][PASSED] - Object: 'Object Repository/Pages/Sale/calender_NextButton' is clicked on&#xD;
&#xD;
2019-11-01 02:32:28 - [MESSAGE][PASSED] - Text of object 'Object Repository/Pages/Sale/link_MonthYear' is: 'May 2026'&#xD;
&#xD;
2019-11-01 02:32:28 - [MESSAGE][PASSED] - Object: 'Object Repository/Pages/Sale/calender_NextButton' is clicked on&#xD;
&#xD;
2019-11-01 02:32:28 - [MESSAGE][PASSED] - Text of object 'Object Repository/Pages/Sale/link_MonthYear' is: 'June 2026'&#xD;
&#xD;
2019-11-01 02:32:28 - [MESSAGE][PASSED] - Object: 'Object Repository/Pages/Sale/calender_NextButton' is clicked on&#xD;
&#xD;
2019-11-01 02:32:28 - [MESSAGE][PASSED] - Text of object 'Object Repository/Pages/Sale/link_MonthYear' is: 'July 2026'&#xD;
&#xD;
2019-11-01 02:32:28 - [MESSAGE][PASSED] - Object: 'Object Repository/Pages/Sale/calender_NextButton' is clicked on&#xD;
&#xD;
2019-11-01 02:32:29 - [MESSAGE][PASSED] - Text of object 'Object Repository/Pages/Sale/link_MonthYear' is: 'August 2026'&#xD;
&#xD;
2019-11-01 02:32:29 - [MESSAGE][PASSED] - Object: 'Object Repository/Pages/Sale/calender_NextButton' is clicked on&#xD;
&#xD;
2019-11-01 02:32:29 - [MESSAGE][PASSED] - Text of object 'Object Repository/Pages/Sale/link_MonthYear' is: 'September 2026'&#xD;
&#xD;
2019-11-01 02:32:29 - [MESSAGE][PASSED] - Object: 'Object Repository/Pages/Sale/calender_NextButton' is clicked on&#xD;
&#xD;
2019-11-01 02:32:29 - [MESSAGE][PASSED] - Text of object 'Object Repository/Pages/Sale/link_MonthYear' is: 'October 2026'&#xD;
&#xD;
2019-11-01 02:32:29 - [MESSAGE][PASSED] - Object: 'Object Repository/Pages/Sale/calender_NextButton' is clicked on&#xD;
&#xD;
2019-11-01 02:32:30 - [MESSAGE][PASSED] - Text of object 'Object Repository/Pages/Sale/link_MonthYear' is: 'November 2026'&#xD;
&#xD;
2019-11-01 02:32:30 - [MESSAGE][PASSED] - Object: 'Object Repository/Pages/Sale/calender_NextButton' is clicked on&#xD;
&#xD;
2019-11-01 02:32:30 - [MESSAGE][PASSED] - Text of object 'Object Repository/Pages/Sale/link_MonthYear' is: 'December 2026'&#xD;
&#xD;
2019-11-01 02:32:30 - [MESSAGE][PASSED] - Object: 'Object Repository/Pages/Sale/calender_NextButton' is clicked on&#xD;
&#xD;
2019-11-01 02:32:30 - [MESSAGE][PASSED] - Text of object 'Object Repository/Pages/Sale/link_MonthYear' is: 'January 2027'&#xD;
&#xD;
2019-11-01 02:32:30 - [MESSAGE][PASSED] - Object: 'Object Repository/Pages/Sale/calender_NextButton' is clicked on&#xD;
&#xD;
2019-11-01 02:32:30 - [MESSAGE][PASSED] - Text of object 'Object Repository/Pages/Sale/link_MonthYear' is: 'February 2027'&#xD;
&#xD;
2019-11-01 02:32:31 - [MESSAGE][PASSED] - Object: 'Object Repository/Pages/Sale/calender_NextButton' is clicked on&#xD;
&#xD;
2019-11-01 02:32:31 - [MESSAGE][PASSED] - Text of object 'Object Repository/Pages/Sale/link_MonthYear' is: 'March 2027'&#xD;
&#xD;
2019-11-01 02:32:31 - [MESSAGE][PASSED] - Object: 'Object Repository/Pages/Sale/calender_NextButton' is clicked on&#xD;
&#xD;
2019-11-01 02:32:31 - [MESSAGE][PASSED] - Text of object 'Object Repository/Pages/Sale/link_MonthYear' is: 'April 2027'&#xD;
&#xD;
2019-11-01 02:32:31 - [MESSAGE][PASSED] - Object: 'Object Repository/Pages/Sale/calender_NextButton' is clicked on&#xD;
&#xD;
2019-11-01 02:32:31 - [MESSAGE][PASSED] - Text of object 'Object Repository/Pages/Sale/link_MonthYear' is: 'May 2027'&#xD;
&#xD;
2019-11-01 02:32:32 - [MESSAGE][PASSED] - Object: 'Object Repository/Pages/Sale/calender_NextButton' is clicked on&#xD;
&#xD;
2019-11-01 02:32:32 - [MESSAGE][PASSED] - Text of object 'Object Repository/Pages/Sale/link_MonthYear' is: 'June 2027'&#xD;
&#xD;
2019-11-01 02:32:32 - [MESSAGE][PASSED] - Object: 'Object Repository/Pages/Sale/calender_NextButton' is clicked on&#xD;
&#xD;
2019-11-01 02:32:32 - [MESSAGE][PASSED] - Text of object 'Object Repository/Pages/Sale/link_MonthYear' is: 'July 2027'&#xD;
&#xD;
2019-11-01 02:32:32 - [MESSAGE][PASSED] - Object: 'Object Repository/Pages/Sale/calender_NextButton' is clicked on&#xD;
&#xD;
2019-11-01 02:32:32 - [MESSAGE][PASSED] - Text of object 'Object Repository/Pages/Sale/link_MonthYear' is: 'August 2027'&#xD;
&#xD;
2019-11-01 02:32:33 - [MESSAGE][PASSED] - Object: 'Object Repository/Pages/Sale/calender_NextButton' is clicked on&#xD;
&#xD;
2019-11-01 02:32:33 - [MESSAGE][PASSED] - Text of object 'Object Repository/Pages/Sale/link_MonthYear' is: 'September 2027'&#xD;
&#xD;
2019-11-01 02:32:33 - [MESSAGE][PASSED] - Object: 'Object Repository/Pages/Sale/calender_NextButton' is clicked on&#xD;
&#xD;
2019-11-01 02:32:33 - [MESSAGE][PASSED] - Text of object 'Object Repository/Pages/Sale/link_MonthYear' is: 'October 2027'&#xD;
&#xD;
2019-11-01 02:32:33 - [MESSAGE][PASSED] - Object: 'Object Repository/Pages/Sale/calender_NextButton' is clicked on&#xD;
&#xD;
2019-11-01 02:32:33 - [MESSAGE][PASSED] - Text of object 'Object Repository/Pages/Sale/link_MonthYear' is: 'November 2027'&#xD;
&#xD;
2019-11-01 02:32:33 - [MESSAGE][PASSED] - Object: 'Object Repository/Pages/Sale/calender_NextButton' is clicked on&#xD;
&#xD;
2019-11-01 02:32:33 - [MESSAGE][PASSED] - Text of object 'Object Repository/Pages/Sale/link_MonthYear' is: 'December 2027'&#xD;
&#xD;
2019-11-01 02:32:34 - [MESSAGE][PASSED] - Object: 'Object Repository/Pages/Sale/calender_NextButton' is clicked on&#xD;
&#xD;
2019-11-01 02:32:34 - [MESSAGE][PASSED] - Text of object 'Object Repository/Pages/Sale/link_MonthYear' is: 'January 2028'&#xD;
&#xD;
2019-11-01 02:32:34 - [MESSAGE][PASSED] - Object: 'Object Repository/Pages/Sale/calender_NextButton' is clicked on&#xD;
&#xD;
2019-11-01 02:32:34 - [MESSAGE][PASSED] - Text of object 'Object Repository/Pages/Sale/link_MonthYear' is: 'February 2028'&#xD;
&#xD;
2019-11-01 02:32:34 - [MESSAGE][PASSED] - Object: 'Object Repository/Pages/Sale/calender_NextButton' is clicked on&#xD;
&#xD;
2019-11-01 02:32:34 - [MESSAGE][PASSED] - Text of object 'Object Repository/Pages/Sale/link_MonthYear' is: 'March 2028'&#xD;
&#xD;
2019-11-01 02:32:35 - [MESSAGE][PASSED] - Object: 'Object Repository/Pages/Sale/calender_NextButton' is clicked on&#xD;
&#xD;
2019-11-01 02:32:35 - [MESSAGE][PASSED] - Text of object 'Object Repository/Pages/Sale/link_MonthYear' is: 'April 2028'&#xD;
&#xD;
2019-11-01 02:32:35 - [MESSAGE][PASSED] - Object: 'Object Repository/Pages/Sale/calender_NextButton' is clicked on&#xD;
&#xD;
2019-11-01 02:32:35 - [MESSAGE][PASSED] - Text of object 'Object Repository/Pages/Sale/link_MonthYear' is: 'May 2028'&#xD;
&#xD;
2019-11-01 02:32:35 - [MESSAGE][PASSED] - Object: 'Object Repository/Pages/Sale/calender_NextButton' is clicked on&#xD;
&#xD;
2019-11-01 02:32:35 - [MESSAGE][PASSED] - Text of object 'Object Repository/Pages/Sale/link_MonthYear' is: 'June 2028'&#xD;
&#xD;
2019-11-01 02:32:35 - [MESSAGE][PASSED] - Object: 'Object Repository/Pages/Sale/calender_NextButton' is clicked on&#xD;
&#xD;
2019-11-01 02:32:35 - [MESSAGE][PASSED] - Text of object 'Object Repository/Pages/Sale/link_MonthYear' is: 'July 2028'&#xD;
&#xD;
2019-11-01 02:32:36 - [MESSAGE][PASSED] - Object: 'Object Repository/Pages/Sale/calender_NextButton' is clicked on&#xD;
&#xD;
2019-11-01 02:32:36 - [MESSAGE][PASSED] - Text of object 'Object Repository/Pages/Sale/link_MonthYear' is: 'August 2028'&#xD;
&#xD;
2019-11-01 02:32:36 - [MESSAGE][PASSED] - Object: 'Object Repository/Pages/Sale/calender_NextButton' is clicked on&#xD;
&#xD;
2019-11-01 02:32:36 - [MESSAGE][PASSED] - Text of object 'Object Repository/Pages/Sale/link_MonthYear' is: 'September 2028'&#xD;
&#xD;
2019-11-01 02:32:36 - [MESSAGE][PASSED] - Object: 'Object Repository/Pages/Sale/calender_NextButton' is clicked on&#xD;
&#xD;
2019-11-01 02:32:36 - [MESSAGE][PASSED] - Text of object 'Object Repository/Pages/Sale/link_MonthYear' is: 'October 2028'&#xD;
&#xD;
2019-11-01 02:32:37 - [MESSAGE][PASSED] - Object: 'Object Repository/Pages/Sale/calender_NextButton' is clicked on&#xD;
&#xD;
2019-11-01 02:32:37 - [MESSAGE][PASSED] - Text of object 'Object Repository/Pages/Sale/link_MonthYear' is: 'November 2028'&#xD;
&#xD;
2019-11-01 02:32:37 - [MESSAGE][PASSED] - Object: 'Object Repository/Pages/Sale/calender_NextButton' is clicked on&#xD;
&#xD;
2019-11-01 02:32:37 - [MESSAGE][PASSED] - Text of object 'Object Repository/Pages/Sale/link_MonthYear' is: 'December 2028'&#xD;
&#xD;
2019-11-01 02:32:37 - [MESSAGE][PASSED] - Object: 'Object Repository/Pages/Sale/calender_NextButton' is clicked on&#xD;
&#xD;
2019-11-01 02:32:37 - [MESSAGE][PASSED] - Text of object 'Object Repository/Pages/Sale/link_MonthYear' is: 'January 2029'&#xD;
&#xD;
2019-11-01 02:32:37 - [MESSAGE][PASSED] - Object: 'Object Repository/Pages/Sale/calender_NextButton' is clicked on&#xD;
&#xD;
2019-11-01 02:32:37 - [MESSAGE][PASSED] - Text of object 'Object Repository/Pages/Sale/link_MonthYear' is: 'February 2029'&#xD;
&#xD;
2019-11-01 02:32:38 - [MESSAGE][PASSED] - Object: 'Object Repository/Pages/Sale/calender_NextButton' is clicked on&#xD;
&#xD;
2019-11-01 02:32:38 - [MESSAGE][PASSED] - Text of object 'Object Repository/Pages/Sale/link_MonthYear' is: 'March 2029'&#xD;
&#xD;
2019-11-01 02:32:38 - [MESSAGE][PASSED] - Object: 'Object Repository/Pages/Sale/calender_NextButton' is clicked on&#xD;
&#xD;
2019-11-01 02:32:38 - [MESSAGE][PASSED] - Text of object 'Object Repository/Pages/Sale/link_MonthYear' is: 'April 2029'&#xD;
&#xD;
2019-11-01 02:32:38 - [MESSAGE][PASSED] - Object: 'Object Repository/Pages/Sale/calender_NextButton' is clicked on&#xD;
&#xD;
2019-11-01 02:32:38 - [MESSAGE][PASSED] - Text of object 'Object Repository/Pages/Sale/link_MonthYear' is: 'May 2029'&#xD;
&#xD;
2019-11-01 02:32:39 - [MESSAGE][PASSED] - Object: 'Object Repository/Pages/Sale/calender_NextButton' is clicked on&#xD;
&#xD;
2019-11-01 02:32:39 - [MESSAGE][PASSED] - Text of object 'Object Repository/Pages/Sale/link_MonthYear' is: 'June 2029'&#xD;
&#xD;
2019-11-01 02:32:39 - [MESSAGE][PASSED] - Object: 'Object Repository/Pages/Sale/calender_NextButton' is clicked on&#xD;
&#xD;
2019-11-01 02:32:39 - [MESSAGE][PASSED] - Text of object 'Object Repository/Pages/Sale/link_MonthYear' is: 'July 2029'&#xD;
&#xD;
2019-11-01 02:32:39 - [MESSAGE][PASSED] - Object: 'Object Repository/Pages/Sale/calender_NextButton' is clicked on&#xD;
&#xD;
2019-11-01 02:32:39 - [MESSAGE][PASSED] - Text of object 'Object Repository/Pages/Sale/link_MonthYear' is: 'August 2029'&#xD;
&#xD;
2019-11-01 02:32:39 - [MESSAGE][PASSED] - Object: 'Object Repository/Pages/Sale/calender_NextButton' is clicked on&#xD;
&#xD;
2019-11-01 02:32:39 - [MESSAGE][PASSED] - Text of object 'Object Repository/Pages/Sale/link_MonthYear' is: 'September 2029'&#xD;
&#xD;
2019-11-01 02:32:40 - [MESSAGE][PASSED] - Object: 'Object Repository/Pages/Sale/calender_NextButton' is clicked on&#xD;
&#xD;
2019-11-01 02:32:40 - [MESSAGE][PASSED] - Text of object 'Object Repository/Pages/Sale/link_MonthYear' is: 'October 2029'&#xD;
&#xD;
2019-11-01 02:32:40 - [MESSAGE][PASSED] - Object: 'Object Repository/Pages/Sale/calender_NextButton' is clicked on&#xD;
&#xD;
2019-11-01 02:32:40 - [MESSAGE][PASSED] - Text of object 'Object Repository/Pages/Sale/link_MonthYear' is: 'November 2029'&#xD;
&#xD;
2019-11-01 02:32:40 - [MESSAGE][PASSED] - Object: 'Object Repository/Pages/Sale/calender_NextButton' is clicked on&#xD;
&#xD;
2019-11-01 02:32:40 - [MESSAGE][PASSED] - Text of object 'Object Repository/Pages/Sale/link_MonthYear' is: 'December 2029'&#xD;
&#xD;
2019-11-01 02:32:41 - [MESSAGE][PASSED] - Object: 'Object Repository/Pages/Sale/calender_NextButton' is clicked on&#xD;
&#xD;
2019-11-01 02:32:41 - [MESSAGE][PASSED] - Text of object 'Object Repository/Pages/Sale/link_MonthYear' is: 'January 2030'&#xD;
&#xD;
2019-11-01 02:32:41 - [MESSAGE][PASSED] - Object: 'Object Repository/Pages/Sale/calender_NextButton' is clicked on&#xD;
&#xD;
2019-11-01 02:32:41 - [MESSAGE][PASSED] - Text of object 'Object Repository/Pages/Sale/link_MonthYear' is: 'February 2030'&#xD;
&#xD;
2019-11-01 02:32:41 - [MESSAGE][PASSED] - Object: 'Object Repository/Pages/Sale/calender_NextButton' is clicked on&#xD;
&#xD;
2019-11-01 02:32:41 - [MESSAGE][PASSED] - Text of object 'Object Repository/Pages/Sale/link_MonthYear' is: 'March 2030'&#xD;
&#xD;
2019-11-01 02:32:41 - [MESSAGE][PASSED] - Object: 'Object Repository/Pages/Sale/calender_NextButton' is clicked on&#xD;
&#xD;
2019-11-01 02:32:41 - [MESSAGE][PASSED] - Text of object 'Object Repository/Pages/Sale/link_MonthYear' is: 'April 2030'&#xD;
&#xD;
2019-11-01 02:32:42 - [MESSAGE][PASSED] - Object: 'Object Repository/Pages/Sale/calender_NextButton' is clicked on&#xD;
&#xD;
2019-11-01 02:32:42 - [MESSAGE][PASSED] - Text of object 'Object Repository/Pages/Sale/link_MonthYear' is: 'May 2030'&#xD;
&#xD;
2019-11-01 02:32:42 - [MESSAGE][PASSED] - Object: 'Object Repository/Pages/Sale/calender_NextButton' is clicked on&#xD;
&#xD;
2019-11-01 02:32:42 - [MESSAGE][PASSED] - Text of object 'Object Repository/Pages/Sale/link_MonthYear' is: 'June 2030'&#xD;
&#xD;
2019-11-01 02:32:42 - [MESSAGE][PASSED] - Object: 'Object Repository/Pages/Sale/calender_NextButton' is clicked on&#xD;
&#xD;
2019-11-01 02:32:42 - [MESSAGE][PASSED] - Text of object 'Object Repository/Pages/Sale/link_MonthYear' is: 'July 2030'&#xD;
&#xD;
2019-11-01 02:32:42 - [MESSAGE][PASSED] - Object: 'Object Repository/Pages/Sale/calender_NextButton' is clicked on&#xD;
&#xD;
2019-11-01 02:32:42 - [MESSAGE][PASSED] - Text of object 'Object Repository/Pages/Sale/link_MonthYear' is: 'August 2030'&#xD;
&#xD;
2019-11-01 02:32:43 - [MESSAGE][PASSED] - Object: 'Object Repository/Pages/Sale/calender_NextButton' is clicked on&#xD;
&#xD;
2019-11-01 02:32:43 - [MESSAGE][PASSED] - Text of object 'Object Repository/Pages/Sale/link_MonthYear' is: 'September 2030'&#xD;
&#xD;
2019-11-01 02:32:43 - [MESSAGE][PASSED] - Object: 'Object Repository/Pages/Sale/calender_NextButton' is clicked on&#xD;
&#xD;
2019-11-01 02:32:43 - [MESSAGE][PASSED] - Text of object 'Object Repository/Pages/Sale/link_MonthYear' is: 'October 2030'&#xD;
&#xD;
2019-11-01 02:32:43 - [MESSAGE][PASSED] - Object: 'Object Repository/Pages/Sale/calender_NextButton' is clicked on&#xD;
&#xD;
2019-11-01 02:32:43 - [MESSAGE][PASSED] - Text of object 'Object Repository/Pages/Sale/link_MonthYear' is: 'November 2030'&#xD;
&#xD;
2019-11-01 02:32:44 - [MESSAGE][PASSED] - Object: 'Object Repository/Pages/Sale/calender_NextButton' is clicked on&#xD;
&#xD;
2019-11-01 02:32:44 - [MESSAGE][PASSED] - Text of object 'Object Repository/Pages/Sale/link_MonthYear' is: 'December 2030'&#xD;
&#xD;
2019-11-01 02:32:44 - [MESSAGE][PASSED] - Object: 'Object Repository/Pages/Sale/calender_NextButton' is clicked on&#xD;
&#xD;
2019-11-01 02:32:44 - [MESSAGE][PASSED] - Text of object 'Object Repository/Pages/Sale/link_MonthYear' is: 'January 2031'&#xD;
&#xD;
2019-11-01 02:32:44 - [MESSAGE][PASSED] - Object: 'Object Repository/Pages/Sale/calender_NextButton' is clicked on&#xD;
&#xD;
2019-11-01 02:32:44 - [MESSAGE][PASSED] - Text of object 'Object Repository/Pages/Sale/link_MonthYear' is: 'February 2031'&#xD;
&#xD;
2019-11-01 02:32:45 - [MESSAGE][PASSED] - Object: 'Object Repository/Pages/Sale/calender_NextButton' is clicked on&#xD;
&#xD;
2019-11-01 02:32:45 - [MESSAGE][PASSED] - Text of object 'Object Repository/Pages/Sale/link_MonthYear' is: 'March 2031'&#xD;
&#xD;
2019-11-01 02:32:45 - [MESSAGE][PASSED] - Object: 'Object Repository/Pages/Sale/calender_NextButton' is clicked on&#xD;
&#xD;
2019-11-01 02:32:45 - [MESSAGE][PASSED] - Text of object 'Object Repository/Pages/Sale/link_MonthYear' is: 'April 2031'&#xD;
&#xD;
2019-11-01 02:32:46 - [MESSAGE][PASSED] - Object: 'Object Repository/Pages/Sale/calender_NextButton' is clicked on&#xD;
&#xD;
2019-11-01 02:32:46 - [MESSAGE][PASSED] - Text of object 'Object Repository/Pages/Sale/link_MonthYear' is: 'May 2031'&#xD;
&#xD;
2019-11-01 02:32:46 - [MESSAGE][PASSED] - Object: 'Object Repository/Pages/Sale/calender_NextButton' is clicked on&#xD;
&#xD;
2019-11-01 02:32:46 - [MESSAGE][PASSED] - Text of object 'Object Repository/Pages/Sale/link_MonthYear' is: 'June 2031'&#xD;
&#xD;
2019-11-01 02:32:46 - [MESSAGE][PASSED] - Object: 'Object Repository/Pages/Sale/calender_NextButton' is clicked on&#xD;
&#xD;
2019-11-01 02:32:46 - [MESSAGE][PASSED] - Text of object 'Object Repository/Pages/Sale/link_MonthYear' is: 'July 2031'&#xD;
&#xD;
2019-11-01 02:32:46 - [MESSAGE][PASSED] - Object: 'Object Repository/Pages/Sale/calender_NextButton' is clicked on&#xD;
&#xD;
2019-11-01 02:32:46 - [MESSAGE][PASSED] - Text of object 'Object Repository/Pages/Sale/link_MonthYear' is: 'August 2031'&#xD;
&#xD;
2019-11-01 02:32:47 - [MESSAGE][PASSED] - Object: 'Object Repository/Pages/Sale/calender_NextButton' is clicked on&#xD;
&#xD;
2019-11-01 02:32:47 - [MESSAGE][PASSED] - Text of object 'Object Repository/Pages/Sale/link_MonthYear' is: 'September 2031'&#xD;
&#xD;
2019-11-01 02:32:47 - [MESSAGE][PASSED] - Object: 'Object Repository/Pages/Sale/calender_NextButton' is clicked on&#xD;
&#xD;
2019-11-01 02:32:47 - [MESSAGE][PASSED] - Text of object 'Object Repository/Pages/Sale/link_MonthYear' is: 'October 2031'&#xD;
&#xD;
2019-11-01 02:32:47 - [MESSAGE][PASSED] - Object: 'Object Repository/Pages/Sale/calender_NextButton' is clicked on&#xD;
&#xD;
2019-11-01 02:32:47 - [MESSAGE][PASSED] - Text of object 'Object Repository/Pages/Sale/link_MonthYear' is: 'November 2031'&#xD;
&#xD;
2019-11-01 02:32:47 - [MESSAGE][PASSED] - Object: 'Object Repository/Pages/Sale/calender_NextButton' is clicked on&#xD;
&#xD;
2019-11-01 02:32:48 - [MESSAGE][PASSED] - Text of object 'Object Repository/Pages/Sale/link_MonthYear' is: 'December 2031'&#xD;
&#xD;
2019-11-01 02:32:48 - [MESSAGE][PASSED] - Object: 'Object Repository/Pages/Sale/calender_NextButton' is clicked on&#xD;
&#xD;
2019-11-01 02:32:48 - [MESSAGE][PASSED] - Text of object 'Object Repository/Pages/Sale/link_MonthYear' is: 'January 2032'&#xD;
&#xD;
2019-11-01 02:32:48 - [MESSAGE][PASSED] - Object: 'Object Repository/Pages/Sale/calender_NextButton' is clicked on&#xD;
&#xD;
2019-11-01 02:32:48 - [MESSAGE][PASSED] - Text of object 'Object Repository/Pages/Sale/link_MonthYear' is: 'February 2032'&#xD;
&#xD;
2019-11-01 02:32:48 - [MESSAGE][PASSED] - Object: 'Object Repository/Pages/Sale/calender_NextButton' is clicked on&#xD;
&#xD;
2019-11-01 02:32:48 - [MESSAGE][PASSED] - Text of object 'Object Repository/Pages/Sale/link_MonthYear' is: 'March 2032'&#xD;
&#xD;
2019-11-01 02:32:49 - [MESSAGE][PASSED] - Object: 'Object Repository/Pages/Sale/calender_NextButton' is clicked on&#xD;
&#xD;
2019-11-01 02:32:49 - [MESSAGE][PASSED] - Text of object 'Object Repository/Pages/Sale/link_MonthYear' is: 'April 2032'&#xD;
&#xD;
2019-11-01 02:32:49 - [MESSAGE][PASSED] - Object: 'Object Repository/Pages/Sale/calender_NextButton' is clicked on&#xD;
&#xD;
2019-11-01 02:32:49 - [MESSAGE][PASSED] - Text of object 'Object Repository/Pages/Sale/link_MonthYear' is: 'May 2032'&#xD;
&#xD;
2019-11-01 02:32:49 - [MESSAGE][PASSED] - Object: 'Object Repository/Pages/Sale/calender_NextButton' is clicked on&#xD;
&#xD;
2019-11-01 02:32:49 - [MESSAGE][PASSED] - Text of object 'Object Repository/Pages/Sale/link_MonthYear' is: 'June 2032'&#xD;
&#xD;
2019-11-01 02:32:49 - [MESSAGE][PASSED] - Object: 'Object Repository/Pages/Sale/calender_NextButton' is clicked on&#xD;
&#xD;
2019-11-01 02:32:49 - [MESSAGE][PASSED] - Text of object 'Object Repository/Pages/Sale/link_MonthYear' is: 'July 2032'&#xD;
&#xD;
2019-11-01 02:32:50 - [MESSAGE][PASSED] - Object: 'Object Repository/Pages/Sale/calender_NextButton' is clicked on&#xD;
&#xD;
2019-11-01 02:32:50 - [MESSAGE][PASSED] - Text of object 'Object Repository/Pages/Sale/link_MonthYear' is: 'August 2032'&#xD;
&#xD;
2019-11-01 02:32:50 - [MESSAGE][PASSED] - Object: 'Object Repository/Pages/Sale/calender_NextButton' is clicked on&#xD;
&#xD;
2019-11-01 02:32:50 - [MESSAGE][PASSED] - Text of object 'Object Repository/Pages/Sale/link_MonthYear' is: 'September 2032'&#xD;
&#xD;
2019-11-01 02:32:50 - [MESSAGE][PASSED] - Object: 'Object Repository/Pages/Sale/calender_NextButton' is clicked on&#xD;
&#xD;
2019-11-01 02:32:50 - [MESSAGE][PASSED] - Text of object 'Object Repository/Pages/Sale/link_MonthYear' is: 'October 2032'&#xD;
&#xD;
2019-11-01 02:32:51 - [MESSAGE][PASSED] - Object: 'Object Repository/Pages/Sale/calender_NextButton' is clicked on&#xD;
&#xD;
2019-11-01 02:32:51 - [MESSAGE][PASSED] - Text of object 'Object Repository/Pages/Sale/link_MonthYear' is: 'November 2032'&#xD;
&#xD;
2019-11-01 02:32:51 - [MESSAGE][PASSED] - Object: 'Object Repository/Pages/Sale/calender_NextButton' is clicked on&#xD;
&#xD;
2019-11-01 02:32:51 - [MESSAGE][PASSED] - Text of object 'Object Repository/Pages/Sale/link_MonthYear' is: 'December 2032'&#xD;
&#xD;
2019-11-01 02:32:51 - [MESSAGE][PASSED] - Object: 'Object Repository/Pages/Sale/calender_NextButton' is clicked on&#xD;
&#xD;
2019-11-01 02:32:51 - [MESSAGE][PASSED] - Text of object 'Object Repository/Pages/Sale/link_MonthYear' is: 'January 2033'&#xD;
&#xD;
2019-11-01 02:32:51 - [MESSAGE][PASSED] - Object: 'Object Repository/Pages/Sale/calender_NextButton' is clicked on&#xD;
&#xD;
2019-11-01 02:32:51 - [MESSAGE][PASSED] - Text of object 'Object Repository/Pages/Sale/link_MonthYear' is: 'February 2033'&#xD;
&#xD;
2019-11-01 02:32:52 - [MESSAGE][PASSED] - Object: 'Object Repository/Pages/Sale/calender_NextButton' is clicked on&#xD;
&#xD;
2019-11-01 02:32:52 - [MESSAGE][PASSED] - Text of object 'Object Repository/Pages/Sale/link_MonthYear' is: 'March 2033'&#xD;
&#xD;
2019-11-01 02:32:52 - [MESSAGE][PASSED] - Object: 'Object Repository/Pages/Sale/calender_NextButton' is clicked on&#xD;
&#xD;
2019-11-01 02:32:52 - [MESSAGE][PASSED] - Text of object 'Object Repository/Pages/Sale/link_MonthYear' is: 'April 2033'&#xD;
&#xD;
2019-11-01 02:32:52 - [MESSAGE][PASSED] - Object: 'Object Repository/Pages/Sale/calender_NextButton' is clicked on&#xD;
&#xD;
2019-11-01 02:32:52 - [MESSAGE][PASSED] - Text of object 'Object Repository/Pages/Sale/link_MonthYear' is: 'May 2033'&#xD;
&#xD;
2019-11-01 02:32:53 - [MESSAGE][PASSED] - Object: 'Object Repository/Pages/Sale/calender_NextButton' is clicked on&#xD;
&#xD;
2019-11-01 02:32:53 - [MESSAGE][PASSED] - Text of object 'Object Repository/Pages/Sale/link_MonthYear' is: 'June 2033'&#xD;
&#xD;
2019-11-01 02:32:53 - [MESSAGE][PASSED] - Object: 'Object Repository/Pages/Sale/calender_NextButton' is clicked on&#xD;
&#xD;
2019-11-01 02:32:53 - [MESSAGE][PASSED] - Text of object 'Object Repository/Pages/Sale/link_MonthYear' is: 'July 2033'&#xD;
&#xD;
2019-11-01 02:32:53 - [MESSAGE][PASSED] - Object: 'Object Repository/Pages/Sale/calender_NextButton' is clicked on&#xD;
&#xD;
2019-11-01 02:32:53 - [MESSAGE][PASSED] - Text of object 'Object Repository/Pages/Sale/link_MonthYear' is: 'August 2033'&#xD;
&#xD;
2019-11-01 02:32:53 - [MESSAGE][PASSED] - Object: 'Object Repository/Pages/Sale/calender_NextButton' is clicked on&#xD;
&#xD;
2019-11-01 02:32:53 - [MESSAGE][PASSED] - Text of object 'Object Repository/Pages/Sale/link_MonthYear' is: 'September 2033'&#xD;
&#xD;
2019-11-01 02:32:54 - [MESSAGE][PASSED] - Object: 'Object Repository/Pages/Sale/calender_NextButton' is clicked on&#xD;
&#xD;
2019-11-01 02:32:54 - [MESSAGE][PASSED] - Text of object 'Object Repository/Pages/Sale/link_MonthYear' is: 'October 2033'&#xD;
&#xD;
2019-11-01 02:32:54 - [MESSAGE][PASSED] - Object: 'Object Repository/Pages/Sale/calender_NextButton' is clicked on&#xD;
&#xD;
2019-11-01 02:32:54 - [MESSAGE][PASSED] - Text of object 'Object Repository/Pages/Sale/link_MonthYear' is: 'November 2033'&#xD;
&#xD;
2019-11-01 02:32:54 - [MESSAGE][PASSED] - Object: 'Object Repository/Pages/Sale/calender_NextButton' is clicked on&#xD;
&#xD;
2019-11-01 02:32:54 - [MESSAGE][PASSED] - Text of object 'Object Repository/Pages/Sale/link_MonthYear' is: 'December 2033'&#xD;
&#xD;
2019-11-01 02:32:55 - [MESSAGE][PASSED] - Object: 'Object Repository/Pages/Sale/calender_NextButton' is clicked on&#xD;
&#xD;
2019-11-01 02:32:55 - [MESSAGE][PASSED] - Text of object 'Object Repository/Pages/Sale/link_MonthYear' is: 'January 2034'&#xD;
&#xD;
2019-11-01 02:32:55 - [MESSAGE][PASSED] - Object: 'Object Repository/Pages/Sale/calender_NextButton' is clicked on&#xD;
&#xD;
2019-11-01 02:32:55 - [MESSAGE][PASSED] - Text of object 'Object Repository/Pages/Sale/link_MonthYear' is: 'February 2034'&#xD;
&#xD;
2019-11-01 02:32:55 - [MESSAGE][PASSED] - Object: 'Object Repository/Pages/Sale/calender_NextButton' is clicked on&#xD;
&#xD;
2019-11-01 02:32:55 - [MESSAGE][PASSED] - Text of object 'Object Repository/Pages/Sale/link_MonthYear' is: 'March 2034'&#xD;
&#xD;
2019-11-01 02:32:55 - [MESSAGE][PASSED] - Object: 'Object Repository/Pages/Sale/calender_NextButton' is clicked on&#xD;
&#xD;
2019-11-01 02:32:55 - [MESSAGE][PASSED] - Text of object 'Object Repository/Pages/Sale/link_MonthYear' is: 'April 2034'&#xD;
&#xD;
2019-11-01 02:32:56 - [MESSAGE][PASSED] - Object: 'Object Repository/Pages/Sale/calender_NextButton' is clicked on&#xD;
&#xD;
2019-11-01 02:32:56 - [MESSAGE][PASSED] - Text of object 'Object Repository/Pages/Sale/link_MonthYear' is: 'May 2034'&#xD;
&#xD;
2019-11-01 02:32:56 - [MESSAGE][PASSED] - Object: 'Object Repository/Pages/Sale/calender_NextButton' is clicked on&#xD;
&#xD;
2019-11-01 02:32:56 - [MESSAGE][PASSED] - Text of object 'Object Repository/Pages/Sale/link_MonthYear' is: 'June 2034'&#xD;
&#xD;
2019-11-01 02:32:56 - [MESSAGE][PASSED] - Object: 'Object Repository/Pages/Sale/calender_NextButton' is clicked on&#xD;
&#xD;
2019-11-01 02:32:56 - [MESSAGE][PASSED] - Text of object 'Object Repository/Pages/Sale/link_MonthYear' is: 'July 2034'&#xD;
&#xD;
2019-11-01 02:32:57 - [MESSAGE][PASSED] - Object: 'Object Repository/Pages/Sale/calender_NextButton' is clicked on&#xD;
&#xD;
2019-11-01 02:32:57 - [MESSAGE][PASSED] - Text of object 'Object Repository/Pages/Sale/link_MonthYear' is: 'August 2034'&#xD;
&#xD;
2019-11-01 02:32:57 - [MESSAGE][PASSED] - Object: 'Object Repository/Pages/Sale/calender_NextButton' is clicked on&#xD;
&#xD;
2019-11-01 02:32:57 - [MESSAGE][PASSED] - Text of object 'Object Repository/Pages/Sale/link_MonthYear' is: 'September 2034'&#xD;
&#xD;
2019-11-01 02:32:57 - [MESSAGE][PASSED] - Object: 'Object Repository/Pages/Sale/calender_NextButton' is clicked on&#xD;
&#xD;
2019-11-01 02:32:57 - [MESSAGE][PASSED] - Text of object 'Object Repository/Pages/Sale/link_MonthYear' is: 'October 2034'&#xD;
&#xD;
2019-11-01 02:32:57 - [MESSAGE][PASSED] - Object: 'Object Repository/Pages/Sale/calender_NextButton' is clicked on&#xD;
&#xD;
2019-11-01 02:32:58 - [MESSAGE][PASSED] - Text of object 'Object Repository/Pages/Sale/link_MonthYear' is: 'November 2034'&#xD;
&#xD;
2019-11-01 02:32:58 - [MESSAGE][PASSED] - Object: 'Object Repository/Pages/Sale/calender_NextButton' is clicked on&#xD;
&#xD;
2019-11-01 02:32:58 - [MESSAGE][PASSED] - Text of object 'Object Repository/Pages/Sale/link_MonthYear' is: 'December 2034'&#xD;
&#xD;
2019-11-01 02:32:58 - [MESSAGE][PASSED] - Object: 'Object Repository/Pages/Sale/calender_NextButton' is clicked on&#xD;
&#xD;
2019-11-01 02:32:58 - [MESSAGE][PASSED] - Text of object 'Object Repository/Pages/Sale/link_MonthYear' is: 'January 2035'&#xD;
&#xD;
2019-11-01 02:32:58 - [MESSAGE][PASSED] - Object: 'Object Repository/Pages/Sale/calender_NextButton' is clicked on&#xD;
&#xD;
2019-11-01 02:32:58 - [MESSAGE][PASSED] - Text of object 'Object Repository/Pages/Sale/link_MonthYear' is: 'February 2035'&#xD;
&#xD;
2019-11-01 02:32:59 - [MESSAGE][PASSED] - Object: 'Object Repository/Pages/Sale/calender_NextButton' is clicked on&#xD;
&#xD;
2019-11-01 02:32:59 - [MESSAGE][PASSED] - Text of object 'Object Repository/Pages/Sale/link_MonthYear' is: 'March 2035'&#xD;
&#xD;
2019-11-01 02:32:59 - [MESSAGE][PASSED] - Object: 'Object Repository/Pages/Sale/calender_NextButton' is clicked on&#xD;
&#xD;
2019-11-01 02:32:59 - [MESSAGE][PASSED] - Text of object 'Object Repository/Pages/Sale/link_MonthYear' is: 'April 2035'&#xD;
&#xD;
2019-11-01 02:32:59 - [MESSAGE][PASSED] - Object: 'Object Repository/Pages/Sale/calender_NextButton' is clicked on&#xD;
&#xD;
2019-11-01 02:32:59 - [MESSAGE][PASSED] - Text of object 'Object Repository/Pages/Sale/link_MonthYear' is: 'May 2035'&#xD;
&#xD;
2019-11-01 02:33:00 - [MESSAGE][PASSED] - Object: 'Object Repository/Pages/Sale/calender_NextButton' is clicked on&#xD;
&#xD;
2019-11-01 02:33:00 - [MESSAGE][PASSED] - Text of object 'Object Repository/Pages/Sale/link_MonthYear' is: 'June 2035'&#xD;
&#xD;
2019-11-01 02:33:00 - [MESSAGE][PASSED] - Object: 'Object Repository/Pages/Sale/calender_NextButton' is clicked on&#xD;
&#xD;
2019-11-01 02:33:00 - [MESSAGE][PASSED] - Text of object 'Object Repository/Pages/Sale/link_MonthYear' is: 'July 2035'&#xD;
&#xD;
2019-11-01 02:33:01 - [MESSAGE][PASSED] - Object: 'Object Repository/Pages/Sale/calender_NextButton' is clicked on&#xD;
&#xD;
2019-11-01 02:33:01 - [MESSAGE][PASSED] - Text of object 'Object Repository/Pages/Sale/link_MonthYear' is: 'August 2035'&#xD;
&#xD;
2019-11-01 02:33:01 - [MESSAGE][PASSED] - Object: 'Object Repository/Pages/Sale/calender_NextButton' is clicked on&#xD;
&#xD;
2019-11-01 02:33:01 - [MESSAGE][PASSED] - Text of object 'Object Repository/Pages/Sale/link_MonthYear' is: 'September 2035'&#xD;
&#xD;
2019-11-01 02:33:01 - [MESSAGE][PASSED] - Object: 'Object Repository/Pages/Sale/calender_NextButton' is clicked on&#xD;
&#xD;
2019-11-01 02:33:01 - [MESSAGE][PASSED] - Text of object 'Object Repository/Pages/Sale/link_MonthYear' is: 'October 2035'&#xD;
&#xD;
2019-11-01 02:33:01 - [MESSAGE][PASSED] - Object: 'Object Repository/Pages/Sale/calender_NextButton' is clicked on&#xD;
&#xD;
2019-11-01 02:33:02 - [MESSAGE][PASSED] - Text of object 'Object Repository/Pages/Sale/link_MonthYear' is: 'November 2035'&#xD;
&#xD;
2019-11-01 02:33:02 - [MESSAGE][PASSED] - Object: 'Object Repository/Pages/Sale/calender_NextButton' is clicked on&#xD;
&#xD;
2019-11-01 02:33:02 - [MESSAGE][PASSED] - Text of object 'Object Repository/Pages/Sale/link_MonthYear' is: 'December 2035'&#xD;
&#xD;
2019-11-01 02:33:02 - [MESSAGE][PASSED] - Object: 'Object Repository/Pages/Sale/calender_NextButton' is clicked on&#xD;
&#xD;
2019-11-01 02:33:02 - [MESSAGE][PASSED] - Text of object 'Object Repository/Pages/Sale/link_MonthYear' is: 'January 2036'&#xD;
&#xD;
2019-11-01 02:33:02 - [MESSAGE][PASSED] - Object: 'Object Repository/Pages/Sale/calender_NextButton' is clicked on&#xD;
&#xD;
2019-11-01 02:33:02 - [MESSAGE][PASSED] - Text of object 'Object Repository/Pages/Sale/link_MonthYear' is: 'February 2036'&#xD;
&#xD;
2019-11-01 02:33:03 - [MESSAGE][PASSED] - Object: 'Object Repository/Pages/Sale/calender_NextButton' is clicked on&#xD;
&#xD;
2019-11-01 02:33:03 - [MESSAGE][PASSED] - Text of object 'Object Repository/Pages/Sale/link_MonthYear' is: 'March 2036'&#xD;
&#xD;
2019-11-01 02:33:03 - [MESSAGE][PASSED] - Object: 'Object Repository/Pages/Sale/calender_NextButton' is clicked on&#xD;
&#xD;
2019-11-01 02:33:03 - [MESSAGE][PASSED] - Text of object 'Object Repository/Pages/Sale/link_MonthYear' is: 'April 2036'&#xD;
&#xD;
2019-11-01 02:33:03 - [MESSAGE][PASSED] - Object: 'Object Repository/Pages/Sale/calender_NextButton' is clicked on&#xD;
&#xD;
2019-11-01 02:33:03 - [MESSAGE][PASSED] - Text of object 'Object Repository/Pages/Sale/link_MonthYear' is: 'May 2036'&#xD;
&#xD;
2019-11-01 02:33:04 - [MESSAGE][PASSED] - Object: 'Object Repository/Pages/Sale/calender_NextButton' is clicked on&#xD;
&#xD;
2019-11-01 02:33:04 - [MESSAGE][PASSED] - Text of object 'Object Repository/Pages/Sale/link_MonthYear' is: 'June 2036'&#xD;
&#xD;
2019-11-01 02:33:04 - [MESSAGE][PASSED] - Object: 'Object Repository/Pages/Sale/calender_NextButton' is clicked on&#xD;
&#xD;
2019-11-01 02:33:04 - [MESSAGE][PASSED] - Text of object 'Object Repository/Pages/Sale/link_MonthYear' is: 'July 2036'&#xD;
&#xD;
2019-11-01 02:33:04 - [MESSAGE][PASSED] - Object: 'Object Repository/Pages/Sale/calender_NextButton' is clicked on&#xD;
&#xD;
2019-11-01 02:33:04 - [MESSAGE][PASSED] - Text of object 'Object Repository/Pages/Sale/link_MonthYear' is: 'August 2036'&#xD;
&#xD;
2019-11-01 02:33:05 - [MESSAGE][PASSED] - Object: 'Object Repository/Pages/Sale/calender_NextButton' is clicked on&#xD;
&#xD;
2019-11-01 02:33:05 - [MESSAGE][PASSED] - Text of object 'Object Repository/Pages/Sale/link_MonthYear' is: 'September 2036'&#xD;
&#xD;
2019-11-01 02:33:05 - [MESSAGE][PASSED] - Object: 'Object Repository/Pages/Sale/calender_NextButton' is clicked on&#xD;
&#xD;
2019-11-01 02:33:05 - [MESSAGE][PASSED] - Text of object 'Object Repository/Pages/Sale/link_MonthYear' is: 'October 2036'&#xD;
&#xD;
2019-11-01 02:33:05 - [MESSAGE][PASSED] - Object: 'Object Repository/Pages/Sale/calender_NextButton' is clicked on&#xD;
&#xD;
2019-11-01 02:33:05 - [MESSAGE][PASSED] - Text of object 'Object Repository/Pages/Sale/link_MonthYear' is: 'November 2036'&#xD;
&#xD;
2019-11-01 02:33:06 - [MESSAGE][PASSED] - Object: 'Object Repository/Pages/Sale/calender_NextButton' is clicked on&#xD;
&#xD;
2019-11-01 02:33:06 - [MESSAGE][PASSED] - Text of object 'Object Repository/Pages/Sale/link_MonthYear' is: 'December 2036'&#xD;
&#xD;
2019-11-01 02:33:06 - [MESSAGE][PASSED] - Object: 'Object Repository/Pages/Sale/calender_NextButton' is clicked on&#xD;
&#xD;
2019-11-01 02:33:06 - [MESSAGE][PASSED] - Text of object 'Object Repository/Pages/Sale/link_MonthYear' is: 'January 2037'&#xD;
&#xD;
2019-11-01 02:33:06 - [MESSAGE][PASSED] - Object: 'Object Repository/Pages/Sale/calender_NextButton' is clicked on&#xD;
&#xD;
2019-11-01 02:33:06 - [MESSAGE][PASSED] - Text of object 'Object Repository/Pages/Sale/link_MonthYear' is: 'February 2037'&#xD;
&#xD;
2019-11-01 02:33:06 - [MESSAGE][PASSED] - Object: 'Object Repository/Pages/Sale/calender_NextButton' is clicked on&#xD;
&#xD;
2019-11-01 02:33:06 - [MESSAGE][PASSED] - Text of object 'Object Repository/Pages/Sale/link_MonthYear' is: 'March 2037'&#xD;
&#xD;
2019-11-01 02:33:07 - [MESSAGE][PASSED] - Object: 'Object Repository/Pages/Sale/calender_NextButton' is clicked on&#xD;
&#xD;
2019-11-01 02:33:07 - [MESSAGE][PASSED] - Text of object 'Object Repository/Pages/Sale/link_MonthYear' is: 'April 2037'&#xD;
&#xD;
2019-11-01 02:33:07 - [MESSAGE][PASSED] - Object: 'Object Repository/Pages/Sale/calender_NextButton' is clicked on&#xD;
&#xD;
2019-11-01 02:33:07 - [MESSAGE][PASSED] - Text of object 'Object Repository/Pages/Sale/link_MonthYear' is: 'May 2037'&#xD;
&#xD;
2019-11-01 02:33:07 - [MESSAGE][PASSED] - Object: 'Object Repository/Pages/Sale/calender_NextButton' is clicked on&#xD;
&#xD;
2019-11-01 02:33:07 - [MESSAGE][PASSED] - Text of object 'Object Repository/Pages/Sale/link_MonthYear' is: 'June 2037'&#xD;
&#xD;
2019-11-01 02:33:08 - [MESSAGE][PASSED] - Object: 'Object Repository/Pages/Sale/calender_NextButton' is clicked on&#xD;
&#xD;
2019-11-01 02:33:08 - [MESSAGE][PASSED] - Text of object 'Object Repository/Pages/Sale/link_MonthYear' is: 'July 2037'&#xD;
&#xD;
2019-11-01 02:33:08 - [MESSAGE][PASSED] - Object: 'Object Repository/Pages/Sale/calender_NextButton' is clicked on&#xD;
&#xD;
2019-11-01 02:33:08 - [MESSAGE][PASSED] - Text of object 'Object Repository/Pages/Sale/link_MonthYear' is: 'August 2037'&#xD;
&#xD;
2019-11-01 02:33:08 - [MESSAGE][PASSED] - Object: 'Object Repository/Pages/Sale/calender_NextButton' is clicked on&#xD;
&#xD;
2019-11-01 02:33:08 - [MESSAGE][PASSED] - Text of object 'Object Repository/Pages/Sale/link_MonthYear' is: 'September 2037'&#xD;
&#xD;
2019-11-01 02:33:09 - [MESSAGE][PASSED] - Object: 'Object Repository/Pages/Sale/calender_NextButton' is clicked on&#xD;
&#xD;
2019-11-01 02:33:09 - [MESSAGE][PASSED] - Text of object 'Object Repository/Pages/Sale/link_MonthYear' is: 'October 2037'&#xD;
&#xD;
2019-11-01 02:33:09 - [MESSAGE][PASSED] - Object: 'Object Repository/Pages/Sale/calender_NextButton' is clicked on&#xD;
&#xD;
2019-11-01 02:33:09 - [MESSAGE][PASSED] - Text of object 'Object Repository/Pages/Sale/link_MonthYear' is: 'November 2037'&#xD;
&#xD;
2019-11-01 02:33:09 - [MESSAGE][PASSED] - Object: 'Object Repository/Pages/Sale/calender_NextButton' is clicked on&#xD;
&#xD;
2019-11-01 02:33:09 - [MESSAGE][PASSED] - Text of object 'Object Repository/Pages/Sale/link_MonthYear' is: 'December 2037'&#xD;
&#xD;
2019-11-01 02:33:09 - [MESSAGE][PASSED] - Object: 'Object Repository/Pages/Sale/calender_NextButton' is clicked on&#xD;
&#xD;
2019-11-01 02:33:09 - [MESSAGE][PASSED] - Text of object 'Object Repository/Pages/Sale/link_MonthYear' is: 'January 2038'&#xD;
&#xD;
2019-11-01 02:33:10 - [MESSAGE][PASSED] - Object: 'Object Repository/Pages/Sale/calender_NextButton' is clicked on&#xD;
&#xD;
2019-11-01 02:33:10 - [MESSAGE][PASSED] - Text of object 'Object Repository/Pages/Sale/link_MonthYear' is: 'February 2038'&#xD;
&#xD;
2019-11-01 02:33:10 - [MESSAGE][PASSED] - Object: 'Object Repository/Pages/Sale/calender_NextButton' is clicked on&#xD;
&#xD;
2019-11-01 02:33:10 - [MESSAGE][PASSED] - Text of object 'Object Repository/Pages/Sale/link_MonthYear' is: 'March 2038'&#xD;
&#xD;
2019-11-01 02:33:10 - [MESSAGE][PASSED] - Object: 'Object Repository/Pages/Sale/calender_NextButton' is clicked on&#xD;
&#xD;
2019-11-01 02:33:10 - [MESSAGE][PASSED] - Text of object 'Object Repository/Pages/Sale/link_MonthYear' is: 'April 2038'&#xD;
&#xD;
2019-11-01 02:33:10 - [MESSAGE][PASSED] - Object: 'Object Repository/Pages/Sale/calender_NextButton' is clicked on&#xD;
&#xD;
2019-11-01 02:33:11 - [MESSAGE][PASSED] - Text of object 'Object Repository/Pages/Sale/link_MonthYear' is: 'May 2038'&#xD;
&#xD;
2019-11-01 02:33:11 - [MESSAGE][PASSED] - Object: 'Object Repository/Pages/Sale/calender_NextButton' is clicked on&#xD;
&#xD;
2019-11-01 02:33:11 - [MESSAGE][PASSED] - Text of object 'Object Repository/Pages/Sale/link_MonthYear' is: 'June 2038'&#xD;
&#xD;
2019-11-01 02:33:11 - [MESSAGE][PASSED] - Object: 'Object Repository/Pages/Sale/calender_NextButton' is clicked on&#xD;
&#xD;
2019-11-01 02:33:11 - [MESSAGE][PASSED] - Text of object 'Object Repository/Pages/Sale/link_MonthYear' is: 'July 2038'&#xD;
&#xD;
2019-11-01 02:33:11 - [MESSAGE][PASSED] - Object: 'Object Repository/Pages/Sale/calender_NextButton' is clicked on&#xD;
&#xD;
2019-11-01 02:33:11 - [MESSAGE][PASSED] - Text of object 'Object Repository/Pages/Sale/link_MonthYear' is: 'August 2038'&#xD;
&#xD;
2019-11-01 02:33:12 - [MESSAGE][PASSED] - Object: 'Object Repository/Pages/Sale/calender_NextButton' is clicked on&#xD;
&#xD;
2019-11-01 02:33:12 - [MESSAGE][PASSED] - Text of object 'Object Repository/Pages/Sale/link_MonthYear' is: 'September 2038'&#xD;
&#xD;
2019-11-01 02:33:12 - [MESSAGE][PASSED] - Object: 'Object Repository/Pages/Sale/calender_NextButton' is clicked on&#xD;
&#xD;
2019-11-01 02:33:12 - [MESSAGE][PASSED] - Text of object 'Object Repository/Pages/Sale/link_MonthYear' is: 'October 2038'&#xD;
&#xD;
2019-11-01 02:33:12 - [MESSAGE][PASSED] - Object: 'Object Repository/Pages/Sale/calender_NextButton' is clicked on&#xD;
&#xD;
2019-11-01 02:33:12 - [MESSAGE][PASSED] - Text of object 'Object Repository/Pages/Sale/link_MonthYear' is: 'November 2038'&#xD;
&#xD;
2019-11-01 02:33:12 - [MESSAGE][PASSED] - Object: 'Object Repository/Pages/Sale/calender_NextButton' is clicked on&#xD;
&#xD;
2019-11-01 02:33:12 - [MESSAGE][PASSED] - Text of object 'Object Repository/Pages/Sale/link_MonthYear' is: 'December 2038'&#xD;
&#xD;
2019-11-01 02:33:13 - [MESSAGE][PASSED] - Object: 'Object Repository/Pages/Sale/calender_NextButton' is clicked on&#xD;
&#xD;
2019-11-01 02:33:13 - [MESSAGE][PASSED] - Text of object 'Object Repository/Pages/Sale/link_MonthYear' is: 'January 2039'&#xD;
&#xD;
2019-11-01 02:33:13 - [MESSAGE][PASSED] - Object: 'Object Repository/Pages/Sale/calender_NextButton' is clicked on&#xD;
&#xD;
2019-11-01 02:33:13 - [MESSAGE][PASSED] - Text of object 'Object Repository/Pages/Sale/link_MonthYear' is: 'February 2039'&#xD;
&#xD;
2019-11-01 02:33:13 - [MESSAGE][PASSED] - Object: 'Object Repository/Pages/Sale/calender_NextButton' is clicked on&#xD;
&#xD;
2019-11-01 02:33:13 - [MESSAGE][PASSED] - Text of object 'Object Repository/Pages/Sale/link_MonthYear' is: 'March 2039'&#xD;
&#xD;
2019-11-01 02:33:13 - [MESSAGE][PASSED] - Object: 'Object Repository/Pages/Sale/calender_NextButton' is clicked on&#xD;
&#xD;
2019-11-01 02:33:14 - [MESSAGE][PASSED] - Text of object 'Object Repository/Pages/Sale/link_MonthYear' is: 'April 2039'&#xD;
&#xD;
2019-11-01 02:33:14 - [MESSAGE][PASSED] - Object: 'Object Repository/Pages/Sale/calender_NextButton' is clicked on&#xD;
&#xD;
2019-11-01 02:33:14 - [MESSAGE][PASSED] - Text of object 'Object Repository/Pages/Sale/link_MonthYear' is: 'May 2039'&#xD;
&#xD;
2019-11-01 02:33:14 - [MESSAGE][PASSED] - Object: 'Object Repository/Pages/Sale/calender_NextButton' is clicked on&#xD;
&#xD;
2019-11-01 02:33:14 - [MESSAGE][PASSED] - Text of object 'Object Repository/Pages/Sale/link_MonthYear' is: 'June 2039'&#xD;
&#xD;
2019-11-01 02:33:14 - [MESSAGE][PASSED] - Object: 'Object Repository/Pages/Sale/calender_NextButton' is clicked on&#xD;
&#xD;
2019-11-01 02:33:14 - [MESSAGE][PASSED] - Text of object 'Object Repository/Pages/Sale/link_MonthYear' is: 'July 2039'&#xD;
&#xD;
2019-11-01 02:33:15 - [MESSAGE][PASSED] - Object: 'Object Repository/Pages/Sale/calender_NextButton' is clicked on&#xD;
&#xD;
2019-11-01 02:33:15 - [MESSAGE][PASSED] - Text of object 'Object Repository/Pages/Sale/link_MonthYear' is: 'August 2039'&#xD;
&#xD;
2019-11-01 02:33:15 - [MESSAGE][PASSED] - Object: 'Object Repository/Pages/Sale/calender_NextButton' is clicked on&#xD;
&#xD;
2019-11-01 02:33:15 - [MESSAGE][PASSED] - Text of object 'Object Repository/Pages/Sale/link_MonthYear' is: 'September 2039'&#xD;
&#xD;
2019-11-01 02:33:15 - [MESSAGE][PASSED] - Object: 'Object Repository/Pages/Sale/calender_NextButton' is clicked on&#xD;
&#xD;
2019-11-01 02:33:15 - [MESSAGE][PASSED] - Text of object 'Object Repository/Pages/Sale/link_MonthYear' is: 'October 2039'&#xD;
&#xD;
2019-11-01 02:33:15 - [MESSAGE][PASSED] - Object: 'Object Repository/Pages/Sale/calender_NextButton' is clicked on&#xD;
&#xD;
2019-11-01 02:33:15 - [MESSAGE][PASSED] - Text of object 'Object Repository/Pages/Sale/link_MonthYear' is: 'November 2039'&#xD;
&#xD;
2019-11-01 02:33:16 - [MESSAGE][PASSED] - Object: 'Object Repository/Pages/Sale/calender_NextButton' is clicked on&#xD;
&#xD;
2019-11-01 02:33:16 - [MESSAGE][PASSED] - Text of object 'Object Repository/Pages/Sale/link_MonthYear' is: 'December 2039'&#xD;
&#xD;
2019-11-01 02:33:16 - [MESSAGE][PASSED] - Object: 'Object Repository/Pages/Sale/calender_NextButton' is clicked on&#xD;
&#xD;
2019-11-01 02:33:16 - [MESSAGE][PASSED] - Text of object 'Object Repository/Pages/Sale/link_MonthYear' is: 'January 2040'&#xD;
&#xD;
2019-11-01 02:33:16 - [MESSAGE][PASSED] - Object: 'Object Repository/Pages/Sale/calender_NextButton' is clicked on&#xD;
&#xD;
2019-11-01 02:33:16 - [MESSAGE][PASSED] - Text of object 'Object Repository/Pages/Sale/link_MonthYear' is: 'February 2040'&#xD;
&#xD;
2019-11-01 02:33:16 - [MESSAGE][PASSED] - Object: 'Object Repository/Pages/Sale/calender_NextButton' is clicked on&#xD;
&#xD;
2019-11-01 02:33:16 - [MESSAGE][PASSED] - Text of object 'Object Repository/Pages/Sale/link_MonthYear' is: 'March 2040'&#xD;
&#xD;
2019-11-01 02:33:17 - [MESSAGE][PASSED] - Object: 'Object Repository/Pages/Sale/calender_NextButton' is clicked on&#xD;
&#xD;
2019-11-01 02:33:17 - [MESSAGE][PASSED] - Text of object 'Object Repository/Pages/Sale/link_MonthYear' is: 'April 2040'&#xD;
&#xD;
2019-11-01 02:33:17 - [MESSAGE][PASSED] - Object: 'Object Repository/Pages/Sale/calender_NextButton' is clicked on&#xD;
&#xD;
2019-11-01 02:33:17 - [MESSAGE][PASSED] - Text of object 'Object Repository/Pages/Sale/link_MonthYear' is: 'May 2040'&#xD;
&#xD;
2019-11-01 02:33:17 - [MESSAGE][PASSED] - Object: 'Object Repository/Pages/Sale/calender_NextButton' is clicked on&#xD;
&#xD;
2019-11-01 02:33:17 - [MESSAGE][PASSED] - Text of object 'Object Repository/Pages/Sale/link_MonthYear' is: 'June 2040'&#xD;
&#xD;
2019-11-01 02:33:18 - [MESSAGE][PASSED] - Object: 'Object Repository/Pages/Sale/calender_NextButton' is clicked on&#xD;
&#xD;
2019-11-01 02:33:18 - [MESSAGE][PASSED] - Text of object 'Object Repository/Pages/Sale/link_MonthYear' is: 'July 2040'&#xD;
&#xD;
2019-11-01 02:33:18 - [MESSAGE][PASSED] - Object: 'Object Repository/Pages/Sale/calender_NextButton' is clicked on&#xD;
&#xD;
2019-11-01 02:33:18 - [MESSAGE][PASSED] - Text of object 'Object Repository/Pages/Sale/link_MonthYear' is: 'August 2040'&#xD;
&#xD;
2019-11-01 02:33:18 - [MESSAGE][PASSED] - Object: 'Object Repository/Pages/Sale/calender_NextButton' is clicked on&#xD;
&#xD;
2019-11-01 02:33:18 - [MESSAGE][PASSED] - Text of object 'Object Repository/Pages/Sale/link_MonthYear' is: 'September 2040'&#xD;
&#xD;
2019-11-01 02:33:18 - [MESSAGE][PASSED] - Object: 'Object Repository/Pages/Sale/calender_NextButton' is clicked on&#xD;
&#xD;
2019-11-01 02:33:18 - [MESSAGE][PASSED] - Text of object 'Object Repository/Pages/Sale/link_MonthYear' is: 'October 2040'&#xD;
&#xD;
2019-11-01 02:33:19 - [MESSAGE][PASSED] - Object: 'Object Repository/Pages/Sale/calender_NextButton' is clicked on&#xD;
&#xD;
2019-11-01 02:33:19 - [MESSAGE][PASSED] - Text of object 'Object Repository/Pages/Sale/link_MonthYear' is: 'November 2040'&#xD;
&#xD;
2019-11-01 02:33:19 - [MESSAGE][PASSED] - Object: 'Object Repository/Pages/Sale/calender_NextButton' is clicked on&#xD;
&#xD;
2019-11-01 02:33:19 - [MESSAGE][PASSED] - Text of object 'Object Repository/Pages/Sale/link_MonthYear' is: 'December 2040'&#xD;
&#xD;
2019-11-01 02:33:19 - [MESSAGE][PASSED] - Object: 'Object Repository/Pages/Sale/calender_NextButton' is clicked on&#xD;
&#xD;
2019-11-01 02:33:19 - [MESSAGE][PASSED] - Text of object 'Object Repository/Pages/Sale/link_MonthYear' is: 'January 2041'&#xD;
&#xD;
2019-11-01 02:33:19 - [MESSAGE][PASSED] - Object: 'Object Repository/Pages/Sale/calender_NextButton' is clicked on&#xD;
&#xD;
2019-11-01 02:33:19 - [MESSAGE][PASSED] - Text of object 'Object Repository/Pages/Sale/link_MonthYear' is: 'February 2041'&#xD;
&#xD;
2019-11-01 02:33:20 - [MESSAGE][PASSED] - Object: 'Object Repository/Pages/Sale/calender_NextButton' is clicked on&#xD;
&#xD;
2019-11-01 02:33:20 - [MESSAGE][PASSED] - Text of object 'Object Repository/Pages/Sale/link_MonthYear' is: 'March 2041'&#xD;
&#xD;
2019-11-01 02:33:20 - [MESSAGE][PASSED] - Object: 'Object Repository/Pages/Sale/calender_NextButton' is clicked on&#xD;
&#xD;
2019-11-01 02:33:20 - [MESSAGE][PASSED] - Text of object 'Object Repository/Pages/Sale/link_MonthYear' is: 'April 2041'&#xD;
&#xD;
2019-11-01 02:33:20 - [MESSAGE][PASSED] - Object: 'Object Repository/Pages/Sale/calender_NextButton' is clicked on&#xD;
&#xD;
2019-11-01 02:33:20 - [MESSAGE][PASSED] - Text of object 'Object Repository/Pages/Sale/link_MonthYear' is: 'May 2041'&#xD;
&#xD;
2019-11-01 02:33:21 - [MESSAGE][PASSED] - Object: 'Object Repository/Pages/Sale/calender_NextButton' is clicked on&#xD;
&#xD;
2019-11-01 02:33:21 - [MESSAGE][PASSED] - Text of object 'Object Repository/Pages/Sale/link_MonthYear' is: 'June 2041'&#xD;
&#xD;
2019-11-01 02:33:21 - [MESSAGE][PASSED] - Object: 'Object Repository/Pages/Sale/calender_NextButton' is clicked on&#xD;
&#xD;
2019-11-01 02:33:21 - [MESSAGE][PASSED] - Text of object 'Object Repository/Pages/Sale/link_MonthYear' is: 'July 2041'&#xD;
&#xD;
2019-11-01 02:33:21 - [MESSAGE][PASSED] - Object: 'Object Repository/Pages/Sale/calender_NextButton' is clicked on&#xD;
&#xD;
2019-11-01 02:33:21 - [MESSAGE][PASSED] - Text of object 'Object Repository/Pages/Sale/link_MonthYear' is: 'August 2041'&#xD;
&#xD;
2019-11-01 02:33:21 - [MESSAGE][PASSED] - Object: 'Object Repository/Pages/Sale/calender_NextButton' is clicked on&#xD;
&#xD;
2019-11-01 02:33:21 - [MESSAGE][PASSED] - Text of object 'Object Repository/Pages/Sale/link_MonthYear' is: 'September 2041'&#xD;
&#xD;
2019-11-01 02:33:22 - [MESSAGE][PASSED] - Object: 'Object Repository/Pages/Sale/calender_NextButton' is clicked on&#xD;
&#xD;
2019-11-01 02:33:22 - [MESSAGE][PASSED] - Text of object 'Object Repository/Pages/Sale/link_MonthYear' is: 'October 2041'&#xD;
&#xD;
2019-11-01 02:33:22 - [MESSAGE][PASSED] - Object: 'Object Repository/Pages/Sale/calender_NextButton' is clicked on&#xD;
&#xD;
2019-11-01 02:33:22 - [MESSAGE][PASSED] - Text of object 'Object Repository/Pages/Sale/link_MonthYear' is: 'November 2041'&#xD;
&#xD;
2019-11-01 02:33:22 - [MESSAGE][PASSED] - Object: 'Object Repository/Pages/Sale/calender_NextButton' is clicked on&#xD;
&#xD;
2019-11-01 02:33:22 - [MESSAGE][PASSED] - Text of object 'Object Repository/Pages/Sale/link_MonthYear' is: 'December 2041'&#xD;
&#xD;
2019-11-01 02:33:23 - [MESSAGE][PASSED] - Object: 'Object Repository/Pages/Sale/calender_NextButton' is clicked on&#xD;
&#xD;
2019-11-01 02:33:23 - [MESSAGE][PASSED] - Text of object 'Object Repository/Pages/Sale/link_MonthYear' is: 'January 2042'&#xD;
&#xD;
2019-11-01 02:33:23 - [MESSAGE][PASSED] - Object: 'Object Repository/Pages/Sale/calender_NextButton' is clicked on&#xD;
&#xD;
2019-11-01 02:33:23 - [MESSAGE][PASSED] - Text of object 'Object Repository/Pages/Sale/link_MonthYear' is: 'February 2042'&#xD;
&#xD;
2019-11-01 02:33:23 - [MESSAGE][PASSED] - Object: 'Object Repository/Pages/Sale/calender_NextButton' is clicked on&#xD;
&#xD;
2019-11-01 02:33:23 - [MESSAGE][PASSED] - Text of object 'Object Repository/Pages/Sale/link_MonthYear' is: 'March 2042'&#xD;
&#xD;
2019-11-01 02:33:23 - [MESSAGE][PASSED] - Object: 'Object Repository/Pages/Sale/calender_NextButton' is clicked on&#xD;
&#xD;
2019-11-01 02:33:23 - [MESSAGE][PASSED] - Text of object 'Object Repository/Pages/Sale/link_MonthYear' is: 'April 2042'&#xD;
&#xD;
2019-11-01 02:33:24 - [MESSAGE][PASSED] - Object: 'Object Repository/Pages/Sale/calender_NextButton' is clicked on&#xD;
&#xD;
2019-11-01 02:33:24 - [MESSAGE][PASSED] - Text of object 'Object Repository/Pages/Sale/link_MonthYear' is: 'May 2042'&#xD;
&#xD;
2019-11-01 02:33:24 - [MESSAGE][PASSED] - Object: 'Object Repository/Pages/Sale/calender_NextButton' is clicked on&#xD;
&#xD;
2019-11-01 02:33:24 - [MESSAGE][PASSED] - Text of object 'Object Repository/Pages/Sale/link_MonthYear' is: 'June 2042'&#xD;
&#xD;
2019-11-01 02:33:24 - [MESSAGE][PASSED] - Object: 'Object Repository/Pages/Sale/calender_NextButton' is clicked on&#xD;
&#xD;
2019-11-01 02:33:24 - [MESSAGE][PASSED] - Text of object 'Object Repository/Pages/Sale/link_MonthYear' is: 'July 2042'&#xD;
&#xD;
2019-11-01 02:33:24 - [MESSAGE][PASSED] - Object: 'Object Repository/Pages/Sale/calender_NextButton' is clicked on&#xD;
&#xD;
2019-11-01 02:33:24 - [MESSAGE][PASSED] - Text of object 'Object Repository/Pages/Sale/link_MonthYear' is: 'August 2042'&#xD;
&#xD;
2019-11-01 02:33:25 - [MESSAGE][PASSED] - Object: 'Object Repository/Pages/Sale/calender_NextButton' is clicked on&#xD;
&#xD;
2019-11-01 02:33:25 - [MESSAGE][PASSED] - Text of object 'Object Repository/Pages/Sale/link_MonthYear' is: 'September 2042'&#xD;
&#xD;
2019-11-01 02:33:25 - [MESSAGE][PASSED] - Object: 'Object Repository/Pages/Sale/calender_NextButton' is clicked on&#xD;
&#xD;
2019-11-01 02:33:25 - [MESSAGE][PASSED] - Text of object 'Object Repository/Pages/Sale/link_MonthYear' is: 'October 2042'&#xD;
&#xD;
2019-11-01 02:33:25 - [MESSAGE][PASSED] - Object: 'Object Repository/Pages/Sale/calender_NextButton' is clicked on&#xD;
&#xD;
2019-11-01 02:33:25 - [MESSAGE][PASSED] - Text of object 'Object Repository/Pages/Sale/link_MonthYear' is: 'November 2042'&#xD;
&#xD;
2019-11-01 02:33:25 - [MESSAGE][PASSED] - Object: 'Object Repository/Pages/Sale/calender_NextButton' is clicked on&#xD;
&#xD;
2019-11-01 02:33:25 - [MESSAGE][PASSED] - Text of object 'Object Repository/Pages/Sale/link_MonthYear' is: 'December 2042'&#xD;
&#xD;
2019-11-01 02:33:26 - [MESSAGE][PASSED] - Object: 'Object Repository/Pages/Sale/calender_NextButton' is clicked on&#xD;
&#xD;
2019-11-01 02:33:26 - [MESSAGE][PASSED] - Text of object 'Object Repository/Pages/Sale/link_MonthYear' is: 'January 2043'&#xD;
&#xD;
2019-11-01 02:33:26 - [MESSAGE][PASSED] - Object: 'Object Repository/Pages/Sale/calender_NextButton' is clicked on&#xD;
&#xD;
2019-11-01 02:33:26 - [MESSAGE][PASSED] - Text of object 'Object Repository/Pages/Sale/link_MonthYear' is: 'February 2043'&#xD;
&#xD;
2019-11-01 02:33:26 - [MESSAGE][PASSED] - Object: 'Object Repository/Pages/Sale/calender_NextButton' is clicked on&#xD;
&#xD;
2019-11-01 02:33:26 - [MESSAGE][PASSED] - Text of object 'Object Repository/Pages/Sale/link_MonthYear' is: 'March 2043'&#xD;
&#xD;
2019-11-01 02:33:26 - [MESSAGE][PASSED] - Object: 'Object Repository/Pages/Sale/calender_NextButton' is clicked on&#xD;
&#xD;
2019-11-01 02:33:26 - [MESSAGE][PASSED] - Text of object 'Object Repository/Pages/Sale/link_MonthYear' is: 'April 2043'&#xD;
&#xD;
2019-11-01 02:33:27 - [MESSAGE][PASSED] - Object: 'Object Repository/Pages/Sale/calender_NextButton' is clicked on&#xD;
&#xD;
2019-11-01 02:33:27 - [MESSAGE][PASSED] - Text of object 'Object Repository/Pages/Sale/link_MonthYear' is: 'May 2043'&#xD;
&#xD;
2019-11-01 02:33:27 - [MESSAGE][PASSED] - Object: 'Object Repository/Pages/Sale/calender_NextButton' is clicked on&#xD;
&#xD;
2019-11-01 02:33:27 - [MESSAGE][PASSED] - Text of object 'Object Repository/Pages/Sale/link_MonthYear' is: 'June 2043'&#xD;
&#xD;
2019-11-01 02:33:27 - [MESSAGE][PASSED] - Object: 'Object Repository/Pages/Sale/calender_NextButton' is clicked on&#xD;
&#xD;
2019-11-01 02:33:27 - [MESSAGE][PASSED] - Text of object 'Object Repository/Pages/Sale/link_MonthYear' is: 'July 2043'&#xD;
&#xD;
2019-11-01 02:33:28 - [MESSAGE][PASSED] - Object: 'Object Repository/Pages/Sale/calender_NextButton' is clicked on&#xD;
&#xD;
2019-11-01 02:33:28 - [MESSAGE][PASSED] - Text of object 'Object Repository/Pages/Sale/link_MonthYear' is: 'August 2043'&#xD;
&#xD;
2019-11-01 02:33:28 - [MESSAGE][PASSED] - Object: 'Object Repository/Pages/Sale/calender_NextButton' is clicked on&#xD;
&#xD;
2019-11-01 02:33:28 - [MESSAGE][PASSED] - Text of object 'Object Repository/Pages/Sale/link_MonthYear' is: 'September 2043'&#xD;
&#xD;
2019-11-01 02:33:28 - [MESSAGE][PASSED] - Object: 'Object Repository/Pages/Sale/calender_NextButton' is clicked on&#xD;
&#xD;
2019-11-01 02:33:28 - [MESSAGE][PASSED] - Text of object 'Object Repository/Pages/Sale/link_MonthYear' is: 'October 2043'&#xD;
&#xD;
2019-11-01 02:33:28 - [MESSAGE][PASSED] - Object: 'Object Repository/Pages/Sale/calender_NextButton' is clicked on&#xD;
&#xD;
2019-11-01 02:33:28 - [MESSAGE][PASSED] - Text of object 'Object Repository/Pages/Sale/link_MonthYear' is: 'November 2043'&#xD;
&#xD;
2019-11-01 02:33:29 - [MESSAGE][PASSED] - Object: 'Object Repository/Pages/Sale/calender_NextButton' is clicked on&#xD;
&#xD;
2019-11-01 02:33:29 - [MESSAGE][PASSED] - Text of object 'Object Repository/Pages/Sale/link_MonthYear' is: 'December 2043'&#xD;
&#xD;
2019-11-01 02:33:29 - [MESSAGE][PASSED] - Object: 'Object Repository/Pages/Sale/calender_NextButton' is clicked on&#xD;
&#xD;
2019-11-01 02:33:29 - [MESSAGE][PASSED] - Text of object 'Object Repository/Pages/Sale/link_MonthYear' is: 'January 2044'&#xD;
&#xD;
2019-11-01 02:33:29 - [MESSAGE][PASSED] - Object: 'Object Repository/Pages/Sale/calender_NextButton' is clicked on&#xD;
&#xD;
2019-11-01 02:33:29 - [MESSAGE][PASSED] - Text of object 'Object Repository/Pages/Sale/link_MonthYear' is: 'February 2044'&#xD;
&#xD;
2019-11-01 02:33:29 - [MESSAGE][PASSED] - Object: 'Object Repository/Pages/Sale/calender_NextButton' is clicked on&#xD;
&#xD;
2019-11-01 02:33:29 - [MESSAGE][PASSED] - Text of object 'Object Repository/Pages/Sale/link_MonthYear' is: 'March 2044'&#xD;
&#xD;
2019-11-01 02:33:30 - [MESSAGE][PASSED] - Object: 'Object Repository/Pages/Sale/calender_NextButton' is clicked on&#xD;
&#xD;
2019-11-01 02:33:30 - [MESSAGE][PASSED] - Text of object 'Object Repository/Pages/Sale/link_MonthYear' is: 'April 2044'&#xD;
&#xD;
2019-11-01 02:33:30 - [MESSAGE][PASSED] - Object: 'Object Repository/Pages/Sale/calender_NextButton' is clicked on&#xD;
&#xD;
2019-11-01 02:33:30 - [MESSAGE][PASSED] - Text of object 'Object Repository/Pages/Sale/link_MonthYear' is: 'May 2044'&#xD;
&#xD;
2019-11-01 02:33:30 - [MESSAGE][PASSED] - Object: 'Object Repository/Pages/Sale/calender_NextButton' is clicked on&#xD;
&#xD;
2019-11-01 02:33:30 - [MESSAGE][PASSED] - Text of object 'Object Repository/Pages/Sale/link_MonthYear' is: 'June 2044'&#xD;
&#xD;
2019-11-01 02:33:31 - [MESSAGE][PASSED] - Object: 'Object Repository/Pages/Sale/calender_NextButton' is clicked on&#xD;
&#xD;
2019-11-01 02:33:31 - [MESSAGE][PASSED] - Text of object 'Object Repository/Pages/Sale/link_MonthYear' is: 'July 2044'&#xD;
&#xD;
2019-11-01 02:33:31 - [MESSAGE][PASSED] - Object: 'Object Repository/Pages/Sale/calender_NextButton' is clicked on&#xD;
&#xD;
2019-11-01 02:33:31 - [MESSAGE][PASSED] - Text of object 'Object Repository/Pages/Sale/link_MonthYear' is: 'August 2044'&#xD;
&#xD;
2019-11-01 02:33:31 - [MESSAGE][PASSED] - Object: 'Object Repository/Pages/Sale/calender_NextButton' is clicked on&#xD;
&#xD;
2019-11-01 02:33:31 - [MESSAGE][PASSED] - Text of object 'Object Repository/Pages/Sale/link_MonthYear' is: 'September 2044'&#xD;
&#xD;
2019-11-01 02:33:32 - [MESSAGE][PASSED] - Object: 'Object Repository/Pages/Sale/calender_NextButton' is clicked on&#xD;
&#xD;
2019-11-01 02:33:32 - [MESSAGE][PASSED] - Text of object 'Object Repository/Pages/Sale/link_MonthYear' is: 'October 2044'&#xD;
&#xD;
2019-11-01 02:33:32 - [MESSAGE][PASSED] - Object: 'Object Repository/Pages/Sale/calender_NextButton' is clicked on&#xD;
&#xD;
2019-11-01 02:33:32 - [MESSAGE][PASSED] - Text of object 'Object Repository/Pages/Sale/link_MonthYear' is: 'November 2044'&#xD;
&#xD;
2019-11-01 02:33:32 - [MESSAGE][PASSED] - Object: 'Object Repository/Pages/Sale/calender_NextButton' is clicked on&#xD;
&#xD;
2019-11-01 02:33:32 - [MESSAGE][PASSED] - Text of object 'Object Repository/Pages/Sale/link_MonthYear' is: 'December 2044'&#xD;
&#xD;
2019-11-01 02:33:32 - [MESSAGE][PASSED] - Object: 'Object Repository/Pages/Sale/calender_NextButton' is clicked on&#xD;
&#xD;
2019-11-01 02:33:32 - [MESSAGE][PASSED] - Text of object 'Object Repository/Pages/Sale/link_MonthYear' is: 'January 2045'&#xD;
&#xD;
2019-11-01 02:33:33 - [MESSAGE][PASSED] - Object: 'Object Repository/Pages/Sale/calender_NextButton' is clicked on&#xD;
&#xD;
2019-11-01 02:33:33 - [MESSAGE][PASSED] - Text of object 'Object Repository/Pages/Sale/link_MonthYear' is: 'February 2045'&#xD;
&#xD;
2019-11-01 02:33:33 - [MESSAGE][PASSED] - Object: 'Object Repository/Pages/Sale/calender_NextButton' is clicked on&#xD;
&#xD;
2019-11-01 02:33:33 - [MESSAGE][PASSED] - Text of object 'Object Repository/Pages/Sale/link_MonthYear' is: 'March 2045'&#xD;
&#xD;
2019-11-01 02:33:33 - [MESSAGE][PASSED] - Object: 'Object Repository/Pages/Sale/calender_NextButton' is clicked on&#xD;
&#xD;
2019-11-01 02:33:33 - [MESSAGE][PASSED] - Text of object 'Object Repository/Pages/Sale/link_MonthYear' is: 'April 2045'&#xD;
&#xD;
2019-11-01 02:33:33 - [MESSAGE][PASSED] - Object: 'Object Repository/Pages/Sale/calender_NextButton' is clicked on&#xD;
&#xD;
2019-11-01 02:33:33 - [MESSAGE][PASSED] - Text of object 'Object Repository/Pages/Sale/link_MonthYear' is: 'May 2045'&#xD;
&#xD;
2019-11-01 02:33:34 - [MESSAGE][PASSED] - Object: 'Object Repository/Pages/Sale/calender_NextButton' is clicked on&#xD;
&#xD;
2019-11-01 02:33:34 - [MESSAGE][PASSED] - Text of object 'Object Repository/Pages/Sale/link_MonthYear' is: 'June 2045'&#xD;
&#xD;
2019-11-01 02:33:34 - [MESSAGE][PASSED] - Object: 'Object Repository/Pages/Sale/calender_NextButton' is clicked on&#xD;
&#xD;
2019-11-01 02:33:34 - [MESSAGE][PASSED] - Text of object 'Object Repository/Pages/Sale/link_MonthYear' is: 'July 2045'&#xD;
&#xD;
2019-11-01 02:33:34 - [MESSAGE][PASSED] - Object: 'Object Repository/Pages/Sale/calender_NextButton' is clicked on&#xD;
&#xD;
2019-11-01 02:33:34 - [MESSAGE][PASSED] - Text of object 'Object Repository/Pages/Sale/link_MonthYear' is: 'August 2045'&#xD;
&#xD;
2019-11-01 02:33:35 - [MESSAGE][PASSED] - Object: 'Object Repository/Pages/Sale/calender_NextButton' is clicked on&#xD;
&#xD;
2019-11-01 02:33:35 - [MESSAGE][PASSED] - Text of object 'Object Repository/Pages/Sale/link_MonthYear' is: 'September 2045'&#xD;
&#xD;
2019-11-01 02:33:35 - [MESSAGE][PASSED] - Object: 'Object Repository/Pages/Sale/calender_NextButton' is clicked on&#xD;
&#xD;
2019-11-01 02:33:35 - [MESSAGE][PASSED] - Text of object 'Object Repository/Pages/Sale/link_MonthYear' is: 'October 2045'&#xD;
&#xD;
2019-11-01 02:33:35 - [MESSAGE][PASSED] - Object: 'Object Repository/Pages/Sale/calender_NextButton' is clicked on&#xD;
&#xD;
2019-11-01 02:33:35 - [MESSAGE][PASSED] - Text of object 'Object Repository/Pages/Sale/link_MonthYear' is: 'November 2045'&#xD;
&#xD;
2019-11-01 02:33:35 - [MESSAGE][PASSED] - Object: 'Object Repository/Pages/Sale/calender_NextButton' is clicked on&#xD;
&#xD;
2019-11-01 02:33:35 - [MESSAGE][PASSED] - Text of object 'Object Repository/Pages/Sale/link_MonthYear' is: 'December 2045'&#xD;
&#xD;
2019-11-01 02:33:36 - [MESSAGE][PASSED] - Object: 'Object Repository/Pages/Sale/calender_NextButton' is clicked on&#xD;
&#xD;
2019-11-01 02:33:36 - [MESSAGE][PASSED] - Text of object 'Object Repository/Pages/Sale/link_MonthYear' is: 'January 2046'&#xD;
&#xD;
2019-11-01 02:33:36 - [MESSAGE][PASSED] - Object: 'Object Repository/Pages/Sale/calender_NextButton' is clicked on&#xD;
&#xD;
2019-11-01 02:33:36 - [MESSAGE][PASSED] - Text of object 'Object Repository/Pages/Sale/link_MonthYear' is: 'February 2046'&#xD;
&#xD;
2019-11-01 02:33:36 - [MESSAGE][PASSED] - Object: 'Object Repository/Pages/Sale/calender_NextButton' is clicked on&#xD;
&#xD;
2019-11-01 02:33:36 - [MESSAGE][PASSED] - Text of object 'Object Repository/Pages/Sale/link_MonthYear' is: 'March 2046'&#xD;
&#xD;
2019-11-01 02:33:36 - [MESSAGE][PASSED] - Object: 'Object Repository/Pages/Sale/calender_NextButton' is clicked on&#xD;
&#xD;
2019-11-01 02:33:36 - [MESSAGE][PASSED] - Text of object 'Object Repository/Pages/Sale/link_MonthYear' is: 'April 2046'&#xD;
&#xD;
2019-11-01 02:33:37 - [MESSAGE][PASSED] - Object: 'Object Repository/Pages/Sale/calender_NextButton' is clicked on&#xD;
&#xD;
2019-11-01 02:33:37 - [MESSAGE][PASSED] - Text of object 'Object Repository/Pages/Sale/link_MonthYear' is: 'May 2046'&#xD;
&#xD;
2019-11-01 02:33:37 - [MESSAGE][PASSED] - Object: 'Object Repository/Pages/Sale/calender_NextButton' is clicked on&#xD;
&#xD;
2019-11-01 02:33:37 - [MESSAGE][PASSED] - Text of object 'Object Repository/Pages/Sale/link_MonthYear' is: 'June 2046'&#xD;
&#xD;
2019-11-01 02:33:37 - [MESSAGE][PASSED] - Object: 'Object Repository/Pages/Sale/calender_NextButton' is clicked on&#xD;
&#xD;
2019-11-01 02:33:37 - [MESSAGE][PASSED] - Text of object 'Object Repository/Pages/Sale/link_MonthYear' is: 'July 2046'&#xD;
&#xD;
2019-11-01 02:33:38 - [MESSAGE][PASSED] - Object: 'Object Repository/Pages/Sale/calender_NextButton' is clicked on&#xD;
&#xD;
2019-11-01 02:33:38 - [MESSAGE][PASSED] - Text of object 'Object Repository/Pages/Sale/link_MonthYear' is: 'August 2046'&#xD;
&#xD;
2019-11-01 02:33:38 - [MESSAGE][PASSED] - Object: 'Object Repository/Pages/Sale/calender_NextButton' is clicked on&#xD;
&#xD;
2019-11-01 02:33:38 - [MESSAGE][PASSED] - Text of object 'Object Repository/Pages/Sale/link_MonthYear' is: 'September 2046'&#xD;
&#xD;
2019-11-01 02:33:38 - [MESSAGE][PASSED] - Object: 'Object Repository/Pages/Sale/calender_NextButton' is clicked on&#xD;
&#xD;
2019-11-01 02:33:38 - [MESSAGE][PASSED] - Text of object 'Object Repository/Pages/Sale/link_MonthYear' is: 'October 2046'&#xD;
&#xD;
2019-11-01 02:33:38 - [MESSAGE][PASSED] - Object: 'Object Repository/Pages/Sale/calender_NextButton' is clicked on&#xD;
&#xD;
2019-11-01 02:33:38 - [MESSAGE][PASSED] - Text of object 'Object Repository/Pages/Sale/link_MonthYear' is: 'November 2046'&#xD;
&#xD;
2019-11-01 02:33:39 - [MESSAGE][PASSED] - Object: 'Object Repository/Pages/Sale/calender_NextButton' is clicked on&#xD;
&#xD;
2019-11-01 02:33:39 - [MESSAGE][PASSED] - Text of object 'Object Repository/Pages/Sale/link_MonthYear' is: 'December 2046'&#xD;
&#xD;
2019-11-01 02:33:39 - [MESSAGE][PASSED] - Object: 'Object Repository/Pages/Sale/calender_NextButton' is clicked on&#xD;
&#xD;
2019-11-01 02:33:39 - [MESSAGE][PASSED] - Text of object 'Object Repository/Pages/Sale/link_MonthYear' is: 'January 2047'&#xD;
&#xD;
2019-11-01 02:33:39 - [MESSAGE][PASSED] - Object: 'Object Repository/Pages/Sale/calender_NextButton' is clicked on&#xD;
&#xD;
2019-11-01 02:33:39 - [MESSAGE][PASSED] - Text of object 'Object Repository/Pages/Sale/link_MonthYear' is: 'February 2047'&#xD;
&#xD;
2019-11-01 02:33:39 - [MESSAGE][PASSED] - Object: 'Object Repository/Pages/Sale/calender_NextButton' is clicked on&#xD;
&#xD;
2019-11-01 02:33:39 - [MESSAGE][PASSED] - Text of object 'Object Repository/Pages/Sale/link_MonthYear' is: 'March 2047'&#xD;
&#xD;
2019-11-01 02:33:40 - [MESSAGE][PASSED] - Object: 'Object Repository/Pages/Sale/calender_NextButton' is clicked on&#xD;
&#xD;
2019-11-01 02:33:40 - [MESSAGE][PASSED] - Text of object 'Object Repository/Pages/Sale/link_MonthYear' is: 'April 2047'&#xD;
&#xD;
2019-11-01 02:33:40 - [MESSAGE][PASSED] - Object: 'Object Repository/Pages/Sale/calender_NextButton' is clicked on&#xD;
&#xD;
2019-11-01 02:33:40 - [MESSAGE][PASSED] - Text of object 'Object Repository/Pages/Sale/link_MonthYear' is: 'May 2047'&#xD;
&#xD;
2019-11-01 02:33:40 - [MESSAGE][PASSED] - Object: 'Object Repository/Pages/Sale/calender_NextButton' is clicked on&#xD;
&#xD;
2019-11-01 02:33:40 - [MESSAGE][PASSED] - Text of object 'Object Repository/Pages/Sale/link_MonthYear' is: 'June 2047'&#xD;
&#xD;
2019-11-01 02:33:40 - [MESSAGE][PASSED] - Object: 'Object Repository/Pages/Sale/calender_NextButton' is clicked on&#xD;
&#xD;
2019-11-01 02:33:40 - [MESSAGE][PASSED] - Text of object 'Object Repository/Pages/Sale/link_MonthYear' is: 'July 2047'&#xD;
&#xD;
2019-11-01 02:33:41 - [MESSAGE][PASSED] - Object: 'Object Repository/Pages/Sale/calender_NextButton' is clicked on&#xD;
&#xD;
2019-11-01 02:33:41 - [MESSAGE][PASSED] - Text of object 'Object Repository/Pages/Sale/link_MonthYear' is: 'August 2047'&#xD;
&#xD;
2019-11-01 02:33:41 - [MESSAGE][PASSED] - Object: 'Object Repository/Pages/Sale/calender_NextButton' is clicked on&#xD;
&#xD;
2019-11-01 02:33:41 - [MESSAGE][PASSED] - Text of object 'Object Repository/Pages/Sale/link_MonthYear' is: 'September 2047'&#xD;
&#xD;
2019-11-01 02:33:41 - [MESSAGE][PASSED] - Object: 'Object Repository/Pages/Sale/calender_NextButton' is clicked on&#xD;
&#xD;
2019-11-01 02:33:41 - [MESSAGE][PASSED] - Text of object 'Object Repository/Pages/Sale/link_MonthYear' is: 'October 2047'&#xD;
&#xD;
2019-11-01 02:33:41 - [MESSAGE][PASSED] - Object: 'Object Repository/Pages/Sale/calender_NextButton' is clicked on&#xD;
&#xD;
2019-11-01 02:33:42 - [MESSAGE][PASSED] - Text of object 'Object Repository/Pages/Sale/link_MonthYear' is: 'November 2047'&#xD;
&#xD;
2019-11-01 02:33:42 - [MESSAGE][PASSED] - Object: 'Object Repository/Pages/Sale/calender_NextButton' is clicked on&#xD;
&#xD;
2019-11-01 02:33:42 - [MESSAGE][PASSED] - Text of object 'Object Repository/Pages/Sale/link_MonthYear' is: 'December 2047'&#xD;
&#xD;
2019-11-01 02:33:42 - [MESSAGE][PASSED] - Object: 'Object Repository/Pages/Sale/calender_NextButton' is clicked on&#xD;
&#xD;
2019-11-01 02:33:42 - [MESSAGE][PASSED] - Text of object 'Object Repository/Pages/Sale/link_MonthYear' is: 'January 2048'&#xD;
&#xD;
2019-11-01 02:33:42 - [MESSAGE][PASSED] - Object: 'Object Repository/Pages/Sale/calender_NextButton' is clicked on&#xD;
&#xD;
2019-11-01 02:33:42 - [MESSAGE][PASSED] - Text of object 'Object Repository/Pages/Sale/link_MonthYear' is: 'February 2048'&#xD;
&#xD;
2019-11-01 02:33:43 - [MESSAGE][PASSED] - Object: 'Object Repository/Pages/Sale/calender_NextButton' is clicked on&#xD;
&#xD;
2019-11-01 02:33:43 - [MESSAGE][PASSED] - Text of object 'Object Repository/Pages/Sale/link_MonthYear' is: 'March 2048'&#xD;
&#xD;
2019-11-01 02:33:43 - [MESSAGE][PASSED] - Object: 'Object Repository/Pages/Sale/calender_NextButton' is clicked on&#xD;
&#xD;
2019-11-01 02:33:43 - [MESSAGE][PASSED] - Text of object 'Object Repository/Pages/Sale/link_MonthYear' is: 'April 2048'&#xD;
&#xD;
2019-11-01 02:33:43 - [MESSAGE][PASSED] - Object: 'Object Repository/Pages/Sale/calender_NextButton' is clicked on&#xD;
&#xD;
2019-11-01 02:33:43 - [MESSAGE][PASSED] - Text of object 'Object Repository/Pages/Sale/link_MonthYear' is: 'May 2048'&#xD;
&#xD;
2019-11-01 02:33:43 - [MESSAGE][PASSED] - Object: 'Object Repository/Pages/Sale/calender_NextButton' is clicked on&#xD;
&#xD;
2019-11-01 02:33:43 - [MESSAGE][PASSED] - Text of object 'Object Repository/Pages/Sale/link_MonthYear' is: 'June 2048'&#xD;
&#xD;
2019-11-01 02:33:44 - [MESSAGE][PASSED] - Object: 'Object Repository/Pages/Sale/calender_NextButton' is clicked on&#xD;
&#xD;
2019-11-01 02:33:44 - [MESSAGE][PASSED] - Text of object 'Object Repository/Pages/Sale/link_MonthYear' is: 'July 2048'&#xD;
&#xD;
2019-11-01 02:33:44 - [MESSAGE][PASSED] - Object: 'Object Repository/Pages/Sale/calender_NextButton' is clicked on&#xD;
&#xD;
2019-11-01 02:33:44 - [MESSAGE][PASSED] - Text of object 'Object Repository/Pages/Sale/link_MonthYear' is: 'August 2048'&#xD;
&#xD;
2019-11-01 02:33:44 - [MESSAGE][PASSED] - Object: 'Object Repository/Pages/Sale/calender_NextButton' is clicked on&#xD;
&#xD;
2019-11-01 02:33:44 - [MESSAGE][PASSED] - Text of object 'Object Repository/Pages/Sale/link_MonthYear' is: 'September 2048'&#xD;
&#xD;
2019-11-01 02:33:44 - [MESSAGE][PASSED] - Object: 'Object Repository/Pages/Sale/calender_NextButton' is clicked on&#xD;
&#xD;
2019-11-01 02:33:44 - [MESSAGE][PASSED] - Text of object 'Object Repository/Pages/Sale/link_MonthYear' is: 'October 2048'&#xD;
&#xD;
2019-11-01 02:33:45 - [MESSAGE][PASSED] - Object: 'Object Repository/Pages/Sale/calender_NextButton' is clicked on&#xD;
&#xD;
2019-11-01 02:33:45 - [MESSAGE][PASSED] - Text of object 'Object Repository/Pages/Sale/link_MonthYear' is: 'November 2048'&#xD;
&#xD;
2019-11-01 02:33:45 - [MESSAGE][PASSED] - Object: 'Object Repository/Pages/Sale/calender_NextButton' is clicked on&#xD;
&#xD;
2019-11-01 02:33:45 - [MESSAGE][PASSED] - Text of object 'Object Repository/Pages/Sale/link_MonthYear' is: 'December 2048'&#xD;
&#xD;
2019-11-01 02:33:45 - [MESSAGE][PASSED] - Object: 'Object Repository/Pages/Sale/calender_NextButton' is clicked on&#xD;
&#xD;
2019-11-01 02:33:45 - [MESSAGE][PASSED] - Text of object 'Object Repository/Pages/Sale/link_MonthYear' is: 'January 2049'&#xD;
&#xD;
2019-11-01 02:33:45 - [MESSAGE][PASSED] - Object: 'Object Repository/Pages/Sale/calender_NextButton' is clicked on&#xD;
&#xD;
2019-11-01 02:33:45 - [MESSAGE][PASSED] - Text of object 'Object Repository/Pages/Sale/link_MonthYear' is: 'February 2049'&#xD;
&#xD;
2019-11-01 02:33:46 - [MESSAGE][PASSED] - Object: 'Object Repository/Pages/Sale/calender_NextButton' is clicked on&#xD;
&#xD;
2019-11-01 02:33:46 - [MESSAGE][PASSED] - Text of object 'Object Repository/Pages/Sale/link_MonthYear' is: 'March 2049'&#xD;
&#xD;
2019-11-01 02:33:46 - [MESSAGE][PASSED] - Object: 'Object Repository/Pages/Sale/calender_NextButton' is clicked on&#xD;
&#xD;
2019-11-01 02:33:46 - [MESSAGE][PASSED] - Text of object 'Object Repository/Pages/Sale/link_MonthYear' is: 'April 2049'&#xD;
&#xD;
2019-11-01 02:33:46 - [MESSAGE][PASSED] - Object: 'Object Repository/Pages/Sale/calender_NextButton' is clicked on&#xD;
&#xD;
2019-11-01 02:33:46 - [MESSAGE][PASSED] - Text of object 'Object Repository/Pages/Sale/link_MonthYear' is: 'May 2049'&#xD;
&#xD;
2019-11-01 02:33:46 - [MESSAGE][PASSED] - Object: 'Object Repository/Pages/Sale/calender_NextButton' is clicked on&#xD;
&#xD;
2019-11-01 02:33:47 - [MESSAGE][PASSED] - Text of object 'Object Repository/Pages/Sale/link_MonthYear' is: 'June 2049'&#xD;
&#xD;
2019-11-01 02:33:47 - [MESSAGE][PASSED] - Object: 'Object Repository/Pages/Sale/calender_NextButton' is clicked on&#xD;
&#xD;
2019-11-01 02:33:47 - [MESSAGE][PASSED] - Text of object 'Object Repository/Pages/Sale/link_MonthYear' is: 'July 2049'&#xD;
&#xD;
2019-11-01 02:33:47 - [MESSAGE][PASSED] - Object: 'Object Repository/Pages/Sale/calender_NextButton' is clicked on&#xD;
&#xD;
2019-11-01 02:33:47 - [MESSAGE][PASSED] - Text of object 'Object Repository/Pages/Sale/link_MonthYear' is: 'August 2049'&#xD;
&#xD;
2019-11-01 02:33:47 - [MESSAGE][PASSED] - Object: 'Object Repository/Pages/Sale/calender_NextButton' is clicked on&#xD;
&#xD;
2019-11-01 02:33:47 - [MESSAGE][PASSED] - Text of object 'Object Repository/Pages/Sale/link_MonthYear' is: 'September 2049'&#xD;
&#xD;
2019-11-01 02:33:48 - [MESSAGE][PASSED] - Object: 'Object Repository/Pages/Sale/calender_NextButton' is clicked on&#xD;
&#xD;
2019-11-01 02:33:48 - [MESSAGE][PASSED] - Text of object 'Object Repository/Pages/Sale/link_MonthYear' is: 'October 2049'&#xD;
&#xD;
2019-11-01 02:33:48 - [MESSAGE][PASSED] - Object: 'Object Repository/Pages/Sale/calender_NextButton' is clicked on&#xD;
&#xD;
2019-11-01 02:33:48 - [MESSAGE][PASSED] - Text of object 'Object Repository/Pages/Sale/link_MonthYear' is: 'November 2049'&#xD;
&#xD;
2019-11-01 02:33:48 - [MESSAGE][PASSED] - Object: 'Object Repository/Pages/Sale/calender_NextButton' is clicked on&#xD;
&#xD;
2019-11-01 02:33:48 - [MESSAGE][PASSED] - Text of object 'Object Repository/Pages/Sale/link_MonthYear' is: 'December 2049'&#xD;
&#xD;
2019-11-01 02:33:48 - [MESSAGE][PASSED] - Object: 'Object Repository/Pages/Sale/calender_NextButton' is clicked on&#xD;
&#xD;
2019-11-01 02:33:48 - [MESSAGE][PASSED] - Text of object 'Object Repository/Pages/Sale/link_MonthYear' is: 'January 2050'&#xD;
&#xD;
2019-11-01 02:33:49 - [MESSAGE][PASSED] - Object: 'Object Repository/Pages/Sale/calender_NextButton' is clicked on&#xD;
&#xD;
2019-11-01 02:33:49 - [MESSAGE][PASSED] - Text of object 'Object Repository/Pages/Sale/link_MonthYear' is: 'February 2050'&#xD;
&#xD;
2019-11-01 02:33:49 - [MESSAGE][PASSED] - Object: 'Object Repository/Pages/Sale/calender_NextButton' is clicked on&#xD;
&#xD;
2019-11-01 02:33:49 - [MESSAGE][PASSED] - Text of object 'Object Repository/Pages/Sale/link_MonthYear' is: 'March 2050'&#xD;
&#xD;
2019-11-01 02:33:49 - [MESSAGE][PASSED] - Object: 'Object Repository/Pages/Sale/calender_NextButton' is clicked on&#xD;
&#xD;
2019-11-01 02:33:49 - [MESSAGE][PASSED] - Text of object 'Object Repository/Pages/Sale/link_MonthYear' is: 'April 2050'&#xD;
&#xD;
2019-11-01 02:33:49 - [MESSAGE][PASSED] - Object: 'Object Repository/Pages/Sale/calender_NextButton' is clicked on&#xD;
&#xD;
2019-11-01 02:33:50 - [MESSAGE][PASSED] - Text of object 'Object Repository/Pages/Sale/link_MonthYear' is: 'May 2050'&#xD;
&#xD;
2019-11-01 02:33:50 - [MESSAGE][PASSED] - Object: 'Object Repository/Pages/Sale/calender_NextButton' is clicked on&#xD;
&#xD;
2019-11-01 02:33:50 - [MESSAGE][PASSED] - Text of object 'Object Repository/Pages/Sale/link_MonthYear' is: 'June 2050'&#xD;
&#xD;
2019-11-01 02:33:50 - [MESSAGE][PASSED] - Object: 'Object Repository/Pages/Sale/calender_NextButton' is clicked on&#xD;
&#xD;
2019-11-01 02:33:50 - [MESSAGE][PASSED] - Text of object 'Object Repository/Pages/Sale/link_MonthYear' is: 'July 2050'&#xD;
&#xD;
2019-11-01 02:33:50 - [MESSAGE][PASSED] - Object: 'Object Repository/Pages/Sale/calender_NextButton' is clicked on&#xD;
&#xD;
2019-11-01 02:33:50 - [MESSAGE][PASSED] - Text of object 'Object Repository/Pages/Sale/link_MonthYear' is: 'August 2050'&#xD;
&#xD;
2019-11-01 02:33:51 - [MESSAGE][PASSED] - Object: 'Object Repository/Pages/Sale/calender_NextButton' is clicked on&#xD;
&#xD;
2019-11-01 02:33:51 - [MESSAGE][PASSED] - Text of object 'Object Repository/Pages/Sale/link_MonthYear' is: 'September 2050'&#xD;
&#xD;
2019-11-01 02:33:51 - [MESSAGE][PASSED] - Object: 'Object Repository/Pages/Sale/calender_NextButton' is clicked on&#xD;
&#xD;
2019-11-01 02:33:51 - [MESSAGE][PASSED] - Text of object 'Object Repository/Pages/Sale/link_MonthYear' is: 'October 2050'&#xD;
&#xD;
2019-11-01 02:33:51 - [MESSAGE][PASSED] - Object: 'Object Repository/Pages/Sale/calender_NextButton' is clicked on&#xD;
&#xD;
2019-11-01 02:33:51 - [MESSAGE][PASSED] - Text of object 'Object Repository/Pages/Sale/link_MonthYear' is: 'November 2050'&#xD;
&#xD;
2019-11-01 02:33:51 - [MESSAGE][PASSED] - Object: 'Object Repository/Pages/Sale/calender_NextButton' is clicked on&#xD;
&#xD;
2019-11-01 02:33:51 - [MESSAGE][PASSED] - Text of object 'Object Repository/Pages/Sale/link_MonthYear' is: 'December 2050'&#xD;
&#xD;
2019-11-01 02:33:52 - [MESSAGE][PASSED] - Object: 'Object Repository/Pages/Sale/calender_NextButton' is clicked on&#xD;
&#xD;
2019-11-01 02:33:52 - [MESSAGE][PASSED] - Text of object 'Object Repository/Pages/Sale/link_MonthYear' is: 'January 2051'&#xD;
&#xD;
2019-11-01 02:33:52 - [MESSAGE][PASSED] - Object: 'Object Repository/Pages/Sale/calender_NextButton' is clicked on&#xD;
&#xD;
2019-11-01 02:33:52 - [MESSAGE][PASSED] - Text of object 'Object Repository/Pages/Sale/link_MonthYear' is: 'February 2051'&#xD;
&#xD;
2019-11-01 02:33:52 - [MESSAGE][PASSED] - Object: 'Object Repository/Pages/Sale/calender_NextButton' is clicked on&#xD;
&#xD;
2019-11-01 02:33:52 - [MESSAGE][PASSED] - Text of object 'Object Repository/Pages/Sale/link_MonthYear' is: 'March 2051'&#xD;
&#xD;
2019-11-01 02:33:53 - [MESSAGE][PASSED] - Object: 'Object Repository/Pages/Sale/calender_NextButton' is clicked on&#xD;
&#xD;
2019-11-01 02:33:53 - [MESSAGE][PASSED] - Text of object 'Object Repository/Pages/Sale/link_MonthYear' is: 'April 2051'&#xD;
&#xD;
2019-11-01 02:33:53 - [MESSAGE][PASSED] - Object: 'Object Repository/Pages/Sale/calender_NextButton' is clicked on&#xD;
&#xD;
2019-11-01 02:33:53 - [MESSAGE][PASSED] - Text of object 'Object Repository/Pages/Sale/link_MonthYear' is: 'May 2051'&#xD;
&#xD;
2019-11-01 02:33:53 - [MESSAGE][PASSED] - Object: 'Object Repository/Pages/Sale/calender_NextButton' is clicked on&#xD;
&#xD;
2019-11-01 02:33:53 - [MESSAGE][PASSED] - Text of object 'Object Repository/Pages/Sale/link_MonthYear' is: 'June 2051'&#xD;
&#xD;
2019-11-01 02:33:53 - [MESSAGE][PASSED] - Object: 'Object Repository/Pages/Sale/calender_NextButton' is clicked on&#xD;
&#xD;
2019-11-01 02:33:53 - [MESSAGE][PASSED] - Text of object 'Object Repository/Pages/Sale/link_MonthYear' is: 'July 2051'&#xD;
&#xD;
2019-11-01 02:33:54 - [MESSAGE][PASSED] - Object: 'Object Repository/Pages/Sale/calender_NextButton' is clicked on&#xD;
&#xD;
2019-11-01 02:33:54 - [MESSAGE][PASSED] - Text of object 'Object Repository/Pages/Sale/link_MonthYear' is: 'August 2051'&#xD;
&#xD;
2019-11-01 02:33:54 - [MESSAGE][PASSED] - Object: 'Object Repository/Pages/Sale/calender_NextButton' is clicked on&#xD;
&#xD;
2019-11-01 02:33:54 - [MESSAGE][PASSED] - Text of object 'Object Repository/Pages/Sale/link_MonthYear' is: 'September 2051'&#xD;
&#xD;
2019-11-01 02:33:54 - [MESSAGE][PASSED] - Object: 'Object Repository/Pages/Sale/calender_NextButton' is clicked on&#xD;
&#xD;
2019-11-01 02:33:54 - [MESSAGE][PASSED] - Text of object 'Object Repository/Pages/Sale/link_MonthYear' is: 'October 2051'&#xD;
&#xD;
2019-11-01 02:33:54 - [MESSAGE][PASSED] - Object: 'Object Repository/Pages/Sale/calender_NextButton' is clicked on&#xD;
&#xD;
2019-11-01 02:33:54 - [MESSAGE][PASSED] - Text of object 'Object Repository/Pages/Sale/link_MonthYear' is: 'November 2051'&#xD;
&#xD;
2019-11-01 02:33:55 - [MESSAGE][PASSED] - Object: 'Object Repository/Pages/Sale/calender_NextButton' is clicked on&#xD;
&#xD;
2019-11-01 02:33:55 - [MESSAGE][PASSED] - Text of object 'Object Repository/Pages/Sale/link_MonthYear' is: 'December 2051'&#xD;
&#xD;
2019-11-01 02:33:55 - [MESSAGE][PASSED] - Object: 'Object Repository/Pages/Sale/calender_NextButton' is clicked on&#xD;
&#xD;
2019-11-01 02:33:55 - [MESSAGE][PASSED] - Text of object 'Object Repository/Pages/Sale/link_MonthYear' is: 'January 2052'&#xD;
&#xD;
2019-11-01 02:33:55 - [MESSAGE][PASSED] - Object: 'Object Repository/Pages/Sale/calender_NextButton' is clicked on&#xD;
&#xD;
2019-11-01 02:33:55 - [MESSAGE][PASSED] - Text of object 'Object Repository/Pages/Sale/link_MonthYear' is: 'February 2052'&#xD;
&#xD;
2019-11-01 02:33:56 - [MESSAGE][PASSED] - Object: 'Object Repository/Pages/Sale/calender_NextButton' is clicked on&#xD;
&#xD;
2019-11-01 02:33:56 - [MESSAGE][PASSED] - Text of object 'Object Repository/Pages/Sale/link_MonthYear' is: 'March 2052'&#xD;
&#xD;
2019-11-01 02:33:56 - [MESSAGE][PASSED] - Object: 'Object Repository/Pages/Sale/calender_NextButton' is clicked on&#xD;
&#xD;
2019-11-01 02:33:56 - [MESSAGE][PASSED] - Text of object 'Object Repository/Pages/Sale/link_MonthYear' is: 'April 2052'&#xD;
&#xD;
2019-11-01 02:33:56 - [MESSAGE][PASSED] - Object: 'Object Repository/Pages/Sale/calender_NextButton' is clicked on&#xD;
&#xD;
2019-11-01 02:33:56 - [MESSAGE][PASSED] - Text of object 'Object Repository/Pages/Sale/link_MonthYear' is: 'May 2052'&#xD;
&#xD;
2019-11-01 02:33:56 - [MESSAGE][PASSED] - Object: 'Object Repository/Pages/Sale/calender_NextButton' is clicked on&#xD;
&#xD;
2019-11-01 02:33:56 - [MESSAGE][PASSED] - Text of object 'Object Repository/Pages/Sale/link_MonthYear' is: 'June 2052'&#xD;
&#xD;
2019-11-01 02:33:57 - [MESSAGE][PASSED] - Object: 'Object Repository/Pages/Sale/calender_NextButton' is clicked on&#xD;
&#xD;
2019-11-01 02:33:57 - [MESSAGE][PASSED] - Text of object 'Object Repository/Pages/Sale/link_MonthYear' is: 'July 2052'&#xD;
&#xD;
2019-11-01 02:33:57 - [MESSAGE][PASSED] - Object: 'Object Repository/Pages/Sale/calender_NextButton' is clicked on&#xD;
&#xD;
2019-11-01 02:33:57 - [MESSAGE][PASSED] - Text of object 'Object Repository/Pages/Sale/link_MonthYear' is: 'August 2052'&#xD;
&#xD;
2019-11-01 02:33:57 - [MESSAGE][PASSED] - Object: 'Object Repository/Pages/Sale/calender_NextButton' is clicked on&#xD;
&#xD;
2019-11-01 02:33:57 - [MESSAGE][PASSED] - Text of object 'Object Repository/Pages/Sale/link_MonthYear' is: 'September 2052'&#xD;
&#xD;
2019-11-01 02:33:57 - [MESSAGE][PASSED] - Object: 'Object Repository/Pages/Sale/calender_NextButton' is clicked on&#xD;
&#xD;
2019-11-01 02:33:57 - [MESSAGE][PASSED] - Text of object 'Object Repository/Pages/Sale/link_MonthYear' is: 'October 2052'&#xD;
&#xD;
2019-11-01 02:33:58 - [MESSAGE][PASSED] - Object: 'Object Repository/Pages/Sale/calender_NextButton' is clicked on&#xD;
&#xD;
2019-11-01 02:33:58 - [MESSAGE][PASSED] - Text of object 'Object Repository/Pages/Sale/link_MonthYear' is: 'November 2052'&#xD;
&#xD;
2019-11-01 02:33:58 - [MESSAGE][PASSED] - Object: 'Object Repository/Pages/Sale/calender_NextButton' is clicked on&#xD;
&#xD;
2019-11-01 02:33:58 - [MESSAGE][PASSED] - Text of object 'Object Repository/Pages/Sale/link_MonthYear' is: 'December 2052'&#xD;
&#xD;
2019-11-01 02:33:58 - [MESSAGE][PASSED] - Object: 'Object Repository/Pages/Sale/calender_NextButton' is clicked on&#xD;
&#xD;
2019-11-01 02:33:58 - [MESSAGE][PASSED] - Text of object 'Object Repository/Pages/Sale/link_MonthYear' is: 'January 2053'&#xD;
&#xD;
2019-11-01 02:33:59 - [MESSAGE][PASSED] - Object: 'Object Repository/Pages/Sale/calender_NextButton' is clicked on&#xD;
&#xD;
2019-11-01 02:33:59 - [MESSAGE][PASSED] - Text of object 'Object Repository/Pages/Sale/link_MonthYear' is: 'February 2053'&#xD;
&#xD;
2019-11-01 02:33:59 - [MESSAGE][PASSED] - Object: 'Object Repository/Pages/Sale/calender_NextButton' is clicked on&#xD;
&#xD;
2019-11-01 02:33:59 - [MESSAGE][PASSED] - Text of object 'Object Repository/Pages/Sale/link_MonthYear' is: 'March 2053'&#xD;
&#xD;
2019-11-01 02:33:59 - [MESSAGE][PASSED] - Object: 'Object Repository/Pages/Sale/calender_NextButton' is clicked on&#xD;
&#xD;
2019-11-01 02:33:59 - [MESSAGE][PASSED] - Text of object 'Object Repository/Pages/Sale/link_MonthYear' is: 'April 2053'&#xD;
&#xD;
2019-11-01 02:33:59 - [MESSAGE][PASSED] - Object: 'Object Repository/Pages/Sale/calender_NextButton' is clicked on&#xD;
&#xD;
2019-11-01 02:33:59 - [MESSAGE][PASSED] - Text of object 'Object Repository/Pages/Sale/link_MonthYear' is: 'May 2053'&#xD;
&#xD;
2019-11-01 02:34:00 - [MESSAGE][PASSED] - Object: 'Object Repository/Pages/Sale/calender_NextButton' is clicked on&#xD;
&#xD;
2019-11-01 02:34:00 - [MESSAGE][PASSED] - Text of object 'Object Repository/Pages/Sale/link_MonthYear' is: 'June 2053'&#xD;
&#xD;
2019-11-01 02:34:00 - [MESSAGE][PASSED] - Object: 'Object Repository/Pages/Sale/calender_NextButton' is clicked on&#xD;
&#xD;
2019-11-01 02:34:00 - [MESSAGE][PASSED] - Text of object 'Object Repository/Pages/Sale/link_MonthYear' is: 'July 2053'&#xD;
&#xD;
2019-11-01 02:34:00 - [MESSAGE][PASSED] - Object: 'Object Repository/Pages/Sale/calender_NextButton' is clicked on&#xD;
&#xD;
2019-11-01 02:34:00 - [MESSAGE][PASSED] - Text of object 'Object Repository/Pages/Sale/link_MonthYear' is: 'August 2053'&#xD;
&#xD;
2019-11-01 02:34:00 - [MESSAGE][PASSED] - Object: 'Object Repository/Pages/Sale/calender_NextButton' is clicked on&#xD;
&#xD;
2019-11-01 02:34:01 - [MESSAGE][PASSED] - Text of object 'Object Repository/Pages/Sale/link_MonthYear' is: 'September 2053'&#xD;
&#xD;
2019-11-01 02:34:01 - [MESSAGE][PASSED] - Object: 'Object Repository/Pages/Sale/calender_NextButton' is clicked on&#xD;
&#xD;
2019-11-01 02:34:01 - [MESSAGE][PASSED] - Text of object 'Object Repository/Pages/Sale/link_MonthYear' is: 'October 2053'&#xD;
&#xD;
2019-11-01 02:34:01 - [MESSAGE][PASSED] - Object: 'Object Repository/Pages/Sale/calender_NextButton' is clicked on&#xD;
&#xD;
2019-11-01 02:34:01 - [MESSAGE][PASSED] - Text of object 'Object Repository/Pages/Sale/link_MonthYear' is: 'November 2053'&#xD;
&#xD;
2019-11-01 02:34:01 - [MESSAGE][PASSED] - Object: 'Object Repository/Pages/Sale/calender_NextButton' is clicked on&#xD;
&#xD;
2019-11-01 02:34:01 - [MESSAGE][PASSED] - Text of object 'Object Repository/Pages/Sale/link_MonthYear' is: 'December 2053'&#xD;
&#xD;
2019-11-01 02:34:02 - [MESSAGE][PASSED] - Object: 'Object Repository/Pages/Sale/calender_NextButton' is clicked on&#xD;
&#xD;
2019-11-01 02:34:02 - [MESSAGE][PASSED] - Text of object 'Object Repository/Pages/Sale/link_MonthYear' is: 'January 2054'&#xD;
&#xD;
2019-11-01 02:34:02 - [MESSAGE][PASSED] - Object: 'Object Repository/Pages/Sale/calender_NextButton' is clicked on&#xD;
&#xD;
2019-11-01 02:34:02 - [MESSAGE][PASSED] - Text of object 'Object Repository/Pages/Sale/link_MonthYear' is: 'February 2054'&#xD;
&#xD;
2019-11-01 02:34:02 - [MESSAGE][PASSED] - Object: 'Object Repository/Pages/Sale/calender_NextButton' is clicked on&#xD;
&#xD;
2019-11-01 02:34:02 - [MESSAGE][PASSED] - Text of object 'Object Repository/Pages/Sale/link_MonthYear' is: 'March 2054'&#xD;
&#xD;
2019-11-01 02:34:02 - [MESSAGE][PASSED] - Object: 'Object Repository/Pages/Sale/calender_NextButton' is clicked on&#xD;
&#xD;
2019-11-01 02:34:02 - [MESSAGE][PASSED] - Text of object 'Object Repository/Pages/Sale/link_MonthYear' is: 'April 2054'&#xD;
&#xD;
2019-11-01 02:34:03 - [MESSAGE][PASSED] - Object: 'Object Repository/Pages/Sale/calender_NextButton' is clicked on&#xD;
&#xD;
2019-11-01 02:34:03 - [MESSAGE][PASSED] - Text of object 'Object Repository/Pages/Sale/link_MonthYear' is: 'May 2054'&#xD;
&#xD;
2019-11-01 02:34:03 - [MESSAGE][PASSED] - Object: 'Object Repository/Pages/Sale/calender_NextButton' is clicked on&#xD;
&#xD;
2019-11-01 02:34:03 - [MESSAGE][PASSED] - Text of object 'Object Repository/Pages/Sale/link_MonthYear' is: 'June 2054'&#xD;
&#xD;
2019-11-01 02:34:03 - [MESSAGE][PASSED] - Object: 'Object Repository/Pages/Sale/calender_NextButton' is clicked on&#xD;
&#xD;
2019-11-01 02:34:03 - [MESSAGE][PASSED] - Text of object 'Object Repository/Pages/Sale/link_MonthYear' is: 'July 2054'&#xD;
&#xD;
2019-11-01 02:34:04 - [MESSAGE][PASSED] - Object: 'Object Repository/Pages/Sale/calender_NextButton' is clicked on&#xD;
&#xD;
2019-11-01 02:34:04 - [MESSAGE][PASSED] - Text of object 'Object Repository/Pages/Sale/link_MonthYear' is: 'August 2054'&#xD;
&#xD;
2019-11-01 02:34:04 - [MESSAGE][PASSED] - Object: 'Object Repository/Pages/Sale/calender_NextButton' is clicked on&#xD;
&#xD;
2019-11-01 02:34:04 - [MESSAGE][PASSED] - Text of object 'Object Repository/Pages/Sale/link_MonthYear' is: 'September 2054'&#xD;
&#xD;
2019-11-01 02:34:04 - [MESSAGE][PASSED] - Object: 'Object Repository/Pages/Sale/calender_NextButton' is clicked on&#xD;
&#xD;
2019-11-01 02:34:04 - [MESSAGE][PASSED] - Text of object 'Object Repository/Pages/Sale/link_MonthYear' is: 'October 2054'&#xD;
&#xD;
2019-11-01 02:34:04 - [MESSAGE][PASSED] - Object: 'Object Repository/Pages/Sale/calender_NextButton' is clicked on&#xD;
&#xD;
2019-11-01 02:34:04 - [MESSAGE][PASSED] - Text of object 'Object Repository/Pages/Sale/link_MonthYear' is: 'November 2054'&#xD;
&#xD;
2019-11-01 02:34:05 - [MESSAGE][PASSED] - Object: 'Object Repository/Pages/Sale/calender_NextButton' is clicked on&#xD;
&#xD;
2019-11-01 02:34:05 - [MESSAGE][PASSED] - Text of object 'Object Repository/Pages/Sale/link_MonthYear' is: 'December 2054'&#xD;
&#xD;
2019-11-01 02:34:05 - [MESSAGE][PASSED] - Object: 'Object Repository/Pages/Sale/calender_NextButton' is clicked on&#xD;
&#xD;
2019-11-01 02:34:05 - [MESSAGE][PASSED] - Text of object 'Object Repository/Pages/Sale/link_MonthYear' is: 'January 2055'&#xD;
&#xD;
2019-11-01 02:34:05 - [MESSAGE][PASSED] - Object: 'Object Repository/Pages/Sale/calender_NextButton' is clicked on&#xD;
&#xD;
2019-11-01 02:34:05 - [MESSAGE][PASSED] - Text of object 'Object Repository/Pages/Sale/link_MonthYear' is: 'February 2055'&#xD;
&#xD;
2019-11-01 02:34:06 - [MESSAGE][PASSED] - Object: 'Object Repository/Pages/Sale/calender_NextButton' is clicked on&#xD;
&#xD;
2019-11-01 02:34:06 - [MESSAGE][PASSED] - Text of object 'Object Repository/Pages/Sale/link_MonthYear' is: 'March 2055'&#xD;
&#xD;
2019-11-01 02:34:06 - [MESSAGE][PASSED] - Object: 'Object Repository/Pages/Sale/calender_NextButton' is clicked on&#xD;
&#xD;
2019-11-01 02:34:06 - [MESSAGE][PASSED] - Text of object 'Object Repository/Pages/Sale/link_MonthYear' is: 'April 2055'&#xD;
&#xD;
2019-11-01 02:34:06 - [MESSAGE][PASSED] - Object: 'Object Repository/Pages/Sale/calender_NextButton' is clicked on&#xD;
&#xD;
2019-11-01 02:34:06 - [MESSAGE][PASSED] - Text of object 'Object Repository/Pages/Sale/link_MonthYear' is: 'May 2055'&#xD;
&#xD;
2019-11-01 02:34:06 - [MESSAGE][PASSED] - Object: 'Object Repository/Pages/Sale/calender_NextButton' is clicked on&#xD;
&#xD;
2019-11-01 02:34:06 - [MESSAGE][PASSED] - Text of object 'Object Repository/Pages/Sale/link_MonthYear' is: 'June 2055'&#xD;
&#xD;
2019-11-01 02:34:07 - [MESSAGE][PASSED] - Object: 'Object Repository/Pages/Sale/calender_NextButton' is clicked on&#xD;
&#xD;
2019-11-01 02:34:07 - [MESSAGE][PASSED] - Text of object 'Object Repository/Pages/Sale/link_MonthYear' is: 'July 2055'&#xD;
&#xD;
2019-11-01 02:34:07 - [MESSAGE][PASSED] - Object: 'Object Repository/Pages/Sale/calender_NextButton' is clicked on&#xD;
&#xD;
2019-11-01 02:34:07 - [MESSAGE][PASSED] - Text of object 'Object Repository/Pages/Sale/link_MonthYear' is: 'August 2055'&#xD;
&#xD;
2019-11-01 02:34:07 - [MESSAGE][PASSED] - Object: 'Object Repository/Pages/Sale/calender_NextButton' is clicked on&#xD;
&#xD;
2019-11-01 02:34:07 - [MESSAGE][PASSED] - Text of object 'Object Repository/Pages/Sale/link_MonthYear' is: 'September 2055'&#xD;
&#xD;
2019-11-01 02:34:08 - [MESSAGE][PASSED] - Object: 'Object Repository/Pages/Sale/calender_NextButton' is clicked on&#xD;
&#xD;
2019-11-01 02:34:08 - [MESSAGE][PASSED] - Text of object 'Object Repository/Pages/Sale/link_MonthYear' is: 'October 2055'&#xD;
&#xD;
2019-11-01 02:34:08 - [MESSAGE][PASSED] - Object: 'Object Repository/Pages/Sale/calender_NextButton' is clicked on&#xD;
&#xD;
2019-11-01 02:34:08 - [MESSAGE][PASSED] - Text of object 'Object Repository/Pages/Sale/link_MonthYear' is: 'November 2055'&#xD;
&#xD;
2019-11-01 02:34:08 - [MESSAGE][PASSED] - Object: 'Object Repository/Pages/Sale/calender_NextButton' is clicked on&#xD;
&#xD;
2019-11-01 02:34:08 - [MESSAGE][PASSED] - Text of object 'Object Repository/Pages/Sale/link_MonthYear' is: 'December 2055'&#xD;
&#xD;
2019-11-01 02:34:08 - [MESSAGE][PASSED] - Object: 'Object Repository/Pages/Sale/calender_NextButton' is clicked on&#xD;
&#xD;
2019-11-01 02:34:08 - [MESSAGE][PASSED] - Text of object 'Object Repository/Pages/Sale/link_MonthYear' is: 'January 2056'&#xD;
&#xD;
2019-11-01 02:34:09 - [MESSAGE][PASSED] - Object: 'Object Repository/Pages/Sale/calender_NextButton' is clicked on&#xD;
&#xD;
2019-11-01 02:34:09 - [MESSAGE][PASSED] - Text of object 'Object Repository/Pages/Sale/link_MonthYear' is: 'February 2056'&#xD;
&#xD;
2019-11-01 02:34:09 - [MESSAGE][PASSED] - Object: 'Object Repository/Pages/Sale/calender_NextButton' is clicked on&#xD;
&#xD;
2019-11-01 02:34:09 - [MESSAGE][PASSED] - Text of object 'Object Repository/Pages/Sale/link_MonthYear' is: 'March 2056'&#xD;
&#xD;
2019-11-01 02:34:09 - [MESSAGE][PASSED] - Object: 'Object Repository/Pages/Sale/calender_NextButton' is clicked on&#xD;
&#xD;
2019-11-01 02:34:09 - [MESSAGE][PASSED] - Text of object 'Object Repository/Pages/Sale/link_MonthYear' is: 'April 2056'&#xD;
&#xD;
2019-11-01 02:34:09 - [MESSAGE][PASSED] - Object: 'Object Repository/Pages/Sale/calender_NextButton' is clicked on&#xD;
&#xD;
2019-11-01 02:34:09 - [MESSAGE][PASSED] - Text of object 'Object Repository/Pages/Sale/link_MonthYear' is: 'May 2056'&#xD;
&#xD;
2019-11-01 02:34:10 - [MESSAGE][PASSED] - Object: 'Object Repository/Pages/Sale/calender_NextButton' is clicked on&#xD;
&#xD;
2019-11-01 02:34:10 - [MESSAGE][PASSED] - Text of object 'Object Repository/Pages/Sale/link_MonthYear' is: 'June 2056'&#xD;
&#xD;
2019-11-01 02:34:10 - [MESSAGE][PASSED] - Object: 'Object Repository/Pages/Sale/calender_NextButton' is clicked on&#xD;
&#xD;
2019-11-01 02:34:10 - [MESSAGE][PASSED] - Text of object 'Object Repository/Pages/Sale/link_MonthYear' is: 'July 2056'&#xD;
&#xD;
2019-11-01 02:34:10 - [MESSAGE][PASSED] - Object: 'Object Repository/Pages/Sale/calender_NextButton' is clicked on&#xD;
&#xD;
2019-11-01 02:34:10 - [MESSAGE][PASSED] - Text of object 'Object Repository/Pages/Sale/link_MonthYear' is: 'August 2056'&#xD;
&#xD;
2019-11-01 02:34:10 - [MESSAGE][PASSED] - Object: 'Object Repository/Pages/Sale/calender_NextButton' is clicked on&#xD;
&#xD;
2019-11-01 02:34:10 - [MESSAGE][PASSED] - Text of object 'Object Repository/Pages/Sale/link_MonthYear' is: 'September 2056'&#xD;
&#xD;
2019-11-01 02:34:11 - [MESSAGE][PASSED] - Object: 'Object Repository/Pages/Sale/calender_NextButton' is clicked on&#xD;
&#xD;
2019-11-01 02:34:11 - [MESSAGE][PASSED] - Text of object 'Object Repository/Pages/Sale/link_MonthYear' is: 'October 2056'&#xD;
&#xD;
2019-11-01 02:34:11 - [MESSAGE][PASSED] - Object: 'Object Repository/Pages/Sale/calender_NextButton' is clicked on&#xD;
&#xD;
2019-11-01 02:34:11 - [MESSAGE][PASSED] - Text of object 'Object Repository/Pages/Sale/link_MonthYear' is: 'November 2056'&#xD;
&#xD;
2019-11-01 02:34:11 - [MESSAGE][PASSED] - Object: 'Object Repository/Pages/Sale/calender_NextButton' is clicked on&#xD;
&#xD;
2019-11-01 02:34:11 - [MESSAGE][PASSED] - Text of object 'Object Repository/Pages/Sale/link_MonthYear' is: 'December 2056'&#xD;
&#xD;
2019-11-01 02:34:12 - [MESSAGE][PASSED] - Object: 'Object Repository/Pages/Sale/calender_NextButton' is clicked on&#xD;
&#xD;
2019-11-01 02:34:12 - [MESSAGE][PASSED] - Text of object 'Object Repository/Pages/Sale/link_MonthYear' is: 'January 2057'&#xD;
&#xD;
2019-11-01 02:34:12 - [MESSAGE][PASSED] - Object: 'Object Repository/Pages/Sale/calender_NextButton' is clicked on&#xD;
&#xD;
2019-11-01 02:34:12 - [MESSAGE][PASSED] - Text of object 'Object Repository/Pages/Sale/link_MonthYear' is: 'February 2057'&#xD;
&#xD;
2019-11-01 02:34:12 - [MESSAGE][PASSED] - Object: 'Object Repository/Pages/Sale/calender_NextButton' is clicked on&#xD;
&#xD;
2019-11-01 02:34:12 - [MESSAGE][PASSED] - Text of object 'Object Repository/Pages/Sale/link_MonthYear' is: 'March 2057'&#xD;
&#xD;
2019-11-01 02:34:12 - [MESSAGE][PASSED] - Object: 'Object Repository/Pages/Sale/calender_NextButton' is clicked on&#xD;
&#xD;
2019-11-01 02:34:12 - [MESSAGE][PASSED] - Text of object 'Object Repository/Pages/Sale/link_MonthYear' is: 'April 2057'&#xD;
&#xD;
2019-11-01 02:34:13 - [MESSAGE][PASSED] - Object: 'Object Repository/Pages/Sale/calender_NextButton' is clicked on&#xD;
&#xD;
2019-11-01 02:34:13 - [MESSAGE][PASSED] - Text of object 'Object Repository/Pages/Sale/link_MonthYear' is: 'May 2057'&#xD;
&#xD;
2019-11-01 02:34:13 - [MESSAGE][PASSED] - Object: 'Object Repository/Pages/Sale/calender_NextButton' is clicked on&#xD;
&#xD;
2019-11-01 02:34:13 - [MESSAGE][PASSED] - Text of object 'Object Repository/Pages/Sale/link_MonthYear' is: 'June 2057'&#xD;
&#xD;
2019-11-01 02:34:13 - [MESSAGE][PASSED] - Object: 'Object Repository/Pages/Sale/calender_NextButton' is clicked on&#xD;
&#xD;
2019-11-01 02:34:13 - [MESSAGE][PASSED] - Text of object 'Object Repository/Pages/Sale/link_MonthYear' is: 'July 2057'&#xD;
&#xD;
2019-11-01 02:34:14 - [MESSAGE][PASSED] - Object: 'Object Repository/Pages/Sale/calender_NextButton' is clicked on&#xD;
&#xD;
2019-11-01 02:34:14 - [MESSAGE][PASSED] - Text of object 'Object Repository/Pages/Sale/link_MonthYear' is: 'August 2057'&#xD;
&#xD;
2019-11-01 02:34:14 - [MESSAGE][PASSED] - Object: 'Object Repository/Pages/Sale/calender_NextButton' is clicked on&#xD;
&#xD;
2019-11-01 02:34:14 - [MESSAGE][PASSED] - Text of object 'Object Repository/Pages/Sale/link_MonthYear' is: 'September 2057'&#xD;
&#xD;
2019-11-01 02:34:14 - [MESSAGE][PASSED] - Object: 'Object Repository/Pages/Sale/calender_NextButton' is clicked on&#xD;
&#xD;
2019-11-01 02:34:14 - [MESSAGE][PASSED] - Text of object 'Object Repository/Pages/Sale/link_MonthYear' is: 'October 2057'&#xD;
&#xD;
2019-11-01 02:34:14 - [MESSAGE][PASSED] - Object: 'Object Repository/Pages/Sale/calender_NextButton' is clicked on&#xD;
&#xD;
2019-11-01 02:34:14 - [MESSAGE][PASSED] - Text of object 'Object Repository/Pages/Sale/link_MonthYear' is: 'November 2057'&#xD;
&#xD;
2019-11-01 02:34:15 - [MESSAGE][PASSED] - Object: 'Object Repository/Pages/Sale/calender_NextButton' is clicked on&#xD;
&#xD;
2019-11-01 02:34:15 - [MESSAGE][PASSED] - Text of object 'Object Repository/Pages/Sale/link_MonthYear' is: 'December 2057'&#xD;
&#xD;
2019-11-01 02:34:15 - [MESSAGE][PASSED] - Object: 'Object Repository/Pages/Sale/calender_NextButton' is clicked on&#xD;
&#xD;
2019-11-01 02:34:15 - [MESSAGE][PASSED] - Text of object 'Object Repository/Pages/Sale/link_MonthYear' is: 'January 2058'&#xD;
&#xD;
2019-11-01 02:34:15 - [MESSAGE][PASSED] - Object: 'Object Repository/Pages/Sale/calender_NextButton' is clicked on&#xD;
&#xD;
2019-11-01 02:34:15 - [MESSAGE][PASSED] - Text of object 'Object Repository/Pages/Sale/link_MonthYear' is: 'February 2058'&#xD;
&#xD;
2019-11-01 02:34:15 - [MESSAGE][PASSED] - Object: 'Object Repository/Pages/Sale/calender_NextButton' is clicked on&#xD;
&#xD;
2019-11-01 02:34:15 - [MESSAGE][PASSED] - Text of object 'Object Repository/Pages/Sale/link_MonthYear' is: 'March 2058'&#xD;
&#xD;
2019-11-01 02:34:16 - [MESSAGE][PASSED] - Object: 'Object Repository/Pages/Sale/calender_NextButton' is clicked on&#xD;
&#xD;
2019-11-01 02:34:16 - [MESSAGE][PASSED] - Text of object 'Object Repository/Pages/Sale/link_MonthYear' is: 'April 2058'&#xD;
&#xD;
2019-11-01 02:34:16 - [MESSAGE][PASSED] - Object: 'Object Repository/Pages/Sale/calender_NextButton' is clicked on&#xD;
&#xD;
2019-11-01 02:34:16 - [MESSAGE][PASSED] - Text of object 'Object Repository/Pages/Sale/link_MonthYear' is: 'May 2058'&#xD;
&#xD;
2019-11-01 02:34:16 - [MESSAGE][PASSED] - Object: 'Object Repository/Pages/Sale/calender_NextButton' is clicked on&#xD;
&#xD;
2019-11-01 02:34:16 - [MESSAGE][PASSED] - Text of object 'Object Repository/Pages/Sale/link_MonthYear' is: 'June 2058'&#xD;
&#xD;
2019-11-01 02:34:16 - [MESSAGE][PASSED] - Object: 'Object Repository/Pages/Sale/calender_NextButton' is clicked on&#xD;
&#xD;
2019-11-01 02:34:16 - [MESSAGE][PASSED] - Text of object 'Object Repository/Pages/Sale/link_MonthYear' is: 'July 2058'&#xD;
&#xD;
2019-11-01 02:34:17 - [MESSAGE][PASSED] - Object: 'Object Repository/Pages/Sale/calender_NextButton' is clicked on&#xD;
&#xD;
2019-11-01 02:34:17 - [MESSAGE][PASSED] - Text of object 'Object Repository/Pages/Sale/link_MonthYear' is: 'August 2058'&#xD;
&#xD;
2019-11-01 02:34:17 - [MESSAGE][PASSED] - Object: 'Object Repository/Pages/Sale/calender_NextButton' is clicked on&#xD;
&#xD;
2019-11-01 02:34:17 - [MESSAGE][PASSED] - Text of object 'Object Repository/Pages/Sale/link_MonthYear' is: 'September 2058'&#xD;
&#xD;
2019-11-01 02:34:17 - [MESSAGE][PASSED] - Object: 'Object Repository/Pages/Sale/calender_NextButton' is clicked on&#xD;
&#xD;
2019-11-01 02:34:17 - [MESSAGE][PASSED] - Text of object 'Object Repository/Pages/Sale/link_MonthYear' is: 'October 2058'&#xD;
&#xD;
2019-11-01 02:34:18 - [MESSAGE][PASSED] - Object: 'Object Repository/Pages/Sale/calender_NextButton' is clicked on&#xD;
&#xD;
2019-11-01 02:34:18 - [MESSAGE][PASSED] - Text of object 'Object Repository/Pages/Sale/link_MonthYear' is: 'November 2058'&#xD;
&#xD;
2019-11-01 02:34:18 - [MESSAGE][PASSED] - Object: 'Object Repository/Pages/Sale/calender_NextButton' is clicked on&#xD;
&#xD;
2019-11-01 02:34:18 - [MESSAGE][PASSED] - Text of object 'Object Repository/Pages/Sale/link_MonthYear' is: 'December 2058'&#xD;
&#xD;
2019-11-01 02:34:18 - [MESSAGE][PASSED] - Object: 'Object Repository/Pages/Sale/calender_NextButton' is clicked on&#xD;
&#xD;
2019-11-01 02:34:18 - [MESSAGE][PASSED] - Text of object 'Object Repository/Pages/Sale/link_MonthYear' is: 'January 2059'&#xD;
&#xD;
2019-11-01 02:34:18 - [MESSAGE][PASSED] - Object: 'Object Repository/Pages/Sale/calender_NextButton' is clicked on&#xD;
&#xD;
2019-11-01 02:34:18 - [MESSAGE][PASSED] - Text of object 'Object Repository/Pages/Sale/link_MonthYear' is: 'February 2059'&#xD;
&#xD;
2019-11-01 02:34:19 - [MESSAGE][PASSED] - Object: 'Object Repository/Pages/Sale/calender_NextButton' is clicked on&#xD;
&#xD;
2019-11-01 02:34:19 - [MESSAGE][PASSED] - Text of object 'Object Repository/Pages/Sale/link_MonthYear' is: 'March 2059'&#xD;
&#xD;
2019-11-01 02:34:19 - [MESSAGE][PASSED] - Object: 'Object Repository/Pages/Sale/calender_NextButton' is clicked on&#xD;
&#xD;
2019-11-01 02:34:19 - [MESSAGE][PASSED] - Text of object 'Object Repository/Pages/Sale/link_MonthYear' is: 'April 2059'&#xD;
&#xD;
2019-11-01 02:34:19 - [MESSAGE][PASSED] - Object: 'Object Repository/Pages/Sale/calender_NextButton' is clicked on&#xD;
&#xD;
2019-11-01 02:34:19 - [MESSAGE][PASSED] - Text of object 'Object Repository/Pages/Sale/link_MonthYear' is: 'May 2059'&#xD;
&#xD;
2019-11-01 02:34:19 - [MESSAGE][PASSED] - Object: 'Object Repository/Pages/Sale/calender_NextButton' is clicked on&#xD;
&#xD;
2019-11-01 02:34:19 - [MESSAGE][PASSED] - Text of object 'Object Repository/Pages/Sale/link_MonthYear' is: 'June 2059'&#xD;
&#xD;
2019-11-01 02:34:20 - [MESSAGE][PASSED] - Object: 'Object Repository/Pages/Sale/calender_NextButton' is clicked on&#xD;
&#xD;
2019-11-01 02:34:20 - [MESSAGE][PASSED] - Text of object 'Object Repository/Pages/Sale/link_MonthYear' is: 'July 2059'&#xD;
&#xD;
2019-11-01 02:34:20 - [MESSAGE][PASSED] - Object: 'Object Repository/Pages/Sale/calender_NextButton' is clicked on&#xD;
&#xD;
2019-11-01 02:34:20 - [MESSAGE][PASSED] - Text of object 'Object Repository/Pages/Sale/link_MonthYear' is: 'August 2059'&#xD;
&#xD;
2019-11-01 02:34:20 - [MESSAGE][PASSED] - Object: 'Object Repository/Pages/Sale/calender_NextButton' is clicked on&#xD;
&#xD;
2019-11-01 02:34:20 - [MESSAGE][PASSED] - Text of object 'Object Repository/Pages/Sale/link_MonthYear' is: 'September 2059'&#xD;
&#xD;
2019-11-01 02:34:20 - [MESSAGE][PASSED] - Object: 'Object Repository/Pages/Sale/calender_NextButton' is clicked on&#xD;
&#xD;
2019-11-01 02:34:20 - [MESSAGE][PASSED] - Text of object 'Object Repository/Pages/Sale/link_MonthYear' is: 'October 2059'&#xD;
&#xD;
2019-11-01 02:34:21 - [MESSAGE][PASSED] - Object: 'Object Repository/Pages/Sale/calender_NextButton' is clicked on&#xD;
&#xD;
2019-11-01 02:34:21 - [MESSAGE][PASSED] - Text of object 'Object Repository/Pages/Sale/link_MonthYear' is: 'November 2059'&#xD;
&#xD;
2019-11-01 02:34:21 - [MESSAGE][PASSED] - Object: 'Object Repository/Pages/Sale/calender_NextButton' is clicked on&#xD;
&#xD;
2019-11-01 02:34:21 - [MESSAGE][PASSED] - Text of object 'Object Repository/Pages/Sale/link_MonthYear' is: 'December 2059'&#xD;
&#xD;
2019-11-01 02:34:21 - [MESSAGE][PASSED] - Object: 'Object Repository/Pages/Sale/calender_NextButton' is clicked on&#xD;
&#xD;
2019-11-01 02:34:21 - [MESSAGE][PASSED] - Text of object 'Object Repository/Pages/Sale/link_MonthYear' is: 'January 2060'&#xD;
&#xD;
2019-11-01 02:34:22 - [MESSAGE][PASSED] - Object: 'Object Repository/Pages/Sale/calender_NextButton' is clicked on&#xD;
&#xD;
2019-11-01 02:34:22 - [MESSAGE][PASSED] - Text of object 'Object Repository/Pages/Sale/link_MonthYear' is: 'February 2060'&#xD;
&#xD;
2019-11-01 02:34:22 - [MESSAGE][PASSED] - Object: 'Object Repository/Pages/Sale/calender_NextButton' is clicked on&#xD;
&#xD;
2019-11-01 02:34:22 - [MESSAGE][PASSED] - Text of object 'Object Repository/Pages/Sale/link_MonthYear' is: 'March 2060'&#xD;
&#xD;
2019-11-01 02:34:22 - [MESSAGE][PASSED] - Object: 'Object Repository/Pages/Sale/calender_NextButton' is clicked on&#xD;
&#xD;
2019-11-01 02:34:22 - [MESSAGE][PASSED] - Text of object 'Object Repository/Pages/Sale/link_MonthYear' is: 'April 2060'&#xD;
&#xD;
2019-11-01 02:34:22 - [MESSAGE][PASSED] - Object: 'Object Repository/Pages/Sale/calender_NextButton' is clicked on&#xD;
&#xD;
2019-11-01 02:34:22 - [MESSAGE][PASSED] - Text of object 'Object Repository/Pages/Sale/link_MonthYear' is: 'May 2060'&#xD;
&#xD;
2019-11-01 02:34:23 - [MESSAGE][PASSED] - Object: 'Object Repository/Pages/Sale/calender_NextButton' is clicked on&#xD;
&#xD;
2019-11-01 02:34:23 - [MESSAGE][PASSED] - Text of object 'Object Repository/Pages/Sale/link_MonthYear' is: 'June 2060'&#xD;
&#xD;
2019-11-01 02:34:23 - [MESSAGE][PASSED] - Object: 'Object Repository/Pages/Sale/calender_NextButton' is clicked on&#xD;
&#xD;
2019-11-01 02:34:23 - [MESSAGE][PASSED] - Text of object 'Object Repository/Pages/Sale/link_MonthYear' is: 'July 2060'&#xD;
&#xD;
2019-11-01 02:34:23 - [MESSAGE][PASSED] - Object: 'Object Repository/Pages/Sale/calender_NextButton' is clicked on&#xD;
&#xD;
2019-11-01 02:34:23 - [MESSAGE][PASSED] - Text of object 'Object Repository/Pages/Sale/link_MonthYear' is: 'August 2060'&#xD;
&#xD;
2019-11-01 02:34:24 - [MESSAGE][PASSED] - Object: 'Object Repository/Pages/Sale/calender_NextButton' is clicked on&#xD;
&#xD;
2019-11-01 02:34:24 - [MESSAGE][PASSED] - Text of object 'Object Repository/Pages/Sale/link_MonthYear' is: 'September 2060'&#xD;
&#xD;
2019-11-01 02:34:24 - [MESSAGE][PASSED] - Object: 'Object Repository/Pages/Sale/calender_NextButton' is clicked on&#xD;
&#xD;
2019-11-01 02:34:24 - [MESSAGE][PASSED] - Text of object 'Object Repository/Pages/Sale/link_MonthYear' is: 'October 2060'&#xD;
&#xD;
2019-11-01 02:34:24 - [MESSAGE][PASSED] - Object: 'Object Repository/Pages/Sale/calender_NextButton' is clicked on&#xD;
&#xD;
2019-11-01 02:34:24 - [MESSAGE][PASSED] - Text of object 'Object Repository/Pages/Sale/link_MonthYear' is: 'November 2060'&#xD;
&#xD;
2019-11-01 02:34:24 - [MESSAGE][PASSED] - Object: 'Object Repository/Pages/Sale/calender_NextButton' is clicked on&#xD;
&#xD;
2019-11-01 02:34:24 - [MESSAGE][PASSED] - Text of object 'Object Repository/Pages/Sale/link_MonthYear' is: 'December 2060'&#xD;
&#xD;
2019-11-01 02:34:25 - [MESSAGE][PASSED] - Object: 'Object Repository/Pages/Sale/calender_NextButton' is clicked on&#xD;
&#xD;
2019-11-01 02:34:25 - [MESSAGE][PASSED] - Text of object 'Object Repository/Pages/Sale/link_MonthYear' is: 'January 2061'&#xD;
&#xD;
2019-11-01 02:34:25 - [MESSAGE][PASSED] - Object: 'Object Repository/Pages/Sale/calender_NextButton' is clicked on&#xD;
&#xD;
2019-11-01 02:34:25 - [MESSAGE][PASSED] - Text of object 'Object Repository/Pages/Sale/link_MonthYear' is: 'February 2061'&#xD;
&#xD;
2019-11-01 02:34:25 - [MESSAGE][PASSED] - Object: 'Object Repository/Pages/Sale/calender_NextButton' is clicked on&#xD;
&#xD;
2019-11-01 02:34:25 - [MESSAGE][PASSED] - Text of object 'Object Repository/Pages/Sale/link_MonthYear' is: 'March 2061'&#xD;
&#xD;
2019-11-01 02:34:25 - [MESSAGE][PASSED] - Object: 'Object Repository/Pages/Sale/calender_NextButton' is clicked on&#xD;
&#xD;
2019-11-01 02:34:25 - [MESSAGE][PASSED] - Text of object 'Object Repository/Pages/Sale/link_MonthYear' is: 'April 2061'&#xD;
&#xD;
2019-11-01 02:34:26 - [MESSAGE][PASSED] - Object: 'Object Repository/Pages/Sale/calender_NextButton' is clicked on&#xD;
&#xD;
2019-11-01 02:34:26 - [MESSAGE][PASSED] - Text of object 'Object Repository/Pages/Sale/link_MonthYear' is: 'May 2061'&#xD;
&#xD;
2019-11-01 02:34:26 - [MESSAGE][PASSED] - Object: 'Object Repository/Pages/Sale/calender_NextButton' is clicked on&#xD;
&#xD;
2019-11-01 02:34:26 - [MESSAGE][PASSED] - Text of object 'Object Repository/Pages/Sale/link_MonthYear' is: 'June 2061'&#xD;
&#xD;
2019-11-01 02:34:26 - [MESSAGE][PASSED] - Object: 'Object Repository/Pages/Sale/calender_NextButton' is clicked on&#xD;
&#xD;
2019-11-01 02:34:26 - [MESSAGE][PASSED] - Text of object 'Object Repository/Pages/Sale/link_MonthYear' is: 'July 2061'&#xD;
&#xD;
2019-11-01 02:34:27 - [MESSAGE][PASSED] - Object: 'Object Repository/Pages/Sale/calender_NextButton' is clicked on&#xD;
&#xD;
2019-11-01 02:34:27 - [MESSAGE][PASSED] - Text of object 'Object Repository/Pages/Sale/link_MonthYear' is: 'August 2061'&#xD;
&#xD;
2019-11-01 02:34:27 - [MESSAGE][PASSED] - Object: 'Object Repository/Pages/Sale/calender_NextButton' is clicked on&#xD;
&#xD;
2019-11-01 02:34:27 - [MESSAGE][PASSED] - Text of object 'Object Repository/Pages/Sale/link_MonthYear' is: 'September 2061'&#xD;
&#xD;
2019-11-01 02:34:27 - [MESSAGE][PASSED] - Object: 'Object Repository/Pages/Sale/calender_NextButton' is clicked on&#xD;
&#xD;
2019-11-01 02:34:27 - [MESSAGE][PASSED] - Text of object 'Object Repository/Pages/Sale/link_MonthYear' is: 'October 2061'&#xD;
&#xD;
2019-11-01 02:34:27 - [MESSAGE][PASSED] - Object: 'Object Repository/Pages/Sale/calender_NextButton' is clicked on&#xD;
&#xD;
2019-11-01 02:34:28 - [MESSAGE][PASSED] - Text of object 'Object Repository/Pages/Sale/link_MonthYear' is: 'November 2061'&#xD;
&#xD;
2019-11-01 02:34:28 - [MESSAGE][PASSED] - Object: 'Object Repository/Pages/Sale/calender_NextButton' is clicked on&#xD;
&#xD;
2019-11-01 02:34:28 - [MESSAGE][PASSED] - Text of object 'Object Repository/Pages/Sale/link_MonthYear' is: 'December 2061'&#xD;
&#xD;
2019-11-01 02:34:28 - [MESSAGE][PASSED] - Object: 'Object Repository/Pages/Sale/calender_NextButton' is clicked on&#xD;
&#xD;
2019-11-01 02:34:28 - [MESSAGE][PASSED] - Text of object 'Object Repository/Pages/Sale/link_MonthYear' is: 'January 2062'&#xD;
&#xD;
2019-11-01 02:34:29 - [MESSAGE][PASSED] - Object: 'Object Repository/Pages/Sale/calender_NextButton' is clicked on&#xD;
&#xD;
2019-11-01 02:34:29 - [MESSAGE][PASSED] - Text of object 'Object Repository/Pages/Sale/link_MonthYear' is: 'February 2062'&#xD;
&#xD;
2019-11-01 02:34:29 - [MESSAGE][PASSED] - Object: 'Object Repository/Pages/Sale/calender_NextButton' is clicked on&#xD;
&#xD;
2019-11-01 02:34:29 - [MESSAGE][PASSED] - Text of object 'Object Repository/Pages/Sale/link_MonthYear' is: 'March 2062'&#xD;
&#xD;
2019-11-01 02:34:29 - [MESSAGE][PASSED] - Object: 'Object Repository/Pages/Sale/calender_NextButton' is clicked on&#xD;
&#xD;
2019-11-01 02:34:29 - [MESSAGE][PASSED] - Text of object 'Object Repository/Pages/Sale/link_MonthYear' is: 'April 2062'&#xD;
&#xD;
2019-11-01 02:34:29 - [MESSAGE][PASSED] - Object: 'Object Repository/Pages/Sale/calender_NextButton' is clicked on&#xD;
&#xD;
2019-11-01 02:34:29 - [MESSAGE][PASSED] - Text of object 'Object Repository/Pages/Sale/link_MonthYear' is: 'May 2062'&#xD;
&#xD;
2019-11-01 02:34:30 - [MESSAGE][PASSED] - Object: 'Object Repository/Pages/Sale/calender_NextButton' is clicked on&#xD;
&#xD;
2019-11-01 02:34:30 - [MESSAGE][PASSED] - Text of object 'Object Repository/Pages/Sale/link_MonthYear' is: 'June 2062'&#xD;
&#xD;
2019-11-01 02:34:30 - [MESSAGE][PASSED] - Object: 'Object Repository/Pages/Sale/calender_NextButton' is clicked on&#xD;
&#xD;
2019-11-01 02:34:30 - [MESSAGE][PASSED] - Text of object 'Object Repository/Pages/Sale/link_MonthYear' is: 'July 2062'&#xD;
&#xD;
2019-11-01 02:34:30 - [MESSAGE][PASSED] - Object: 'Object Repository/Pages/Sale/calender_NextButton' is clicked on&#xD;
&#xD;
2019-11-01 02:34:30 - [MESSAGE][PASSED] - Text of object 'Object Repository/Pages/Sale/link_MonthYear' is: 'August 2062'&#xD;
&#xD;
2019-11-01 02:34:31 - [MESSAGE][PASSED] - Object: 'Object Repository/Pages/Sale/calender_NextButton' is clicked on&#xD;
&#xD;
2019-11-01 02:34:31 - [MESSAGE][PASSED] - Text of object 'Object Repository/Pages/Sale/link_MonthYear' is: 'September 2062'&#xD;
&#xD;
2019-11-01 02:34:31 - [MESSAGE][PASSED] - Object: 'Object Repository/Pages/Sale/calender_NextButton' is clicked on&#xD;
&#xD;
2019-11-01 02:34:31 - [MESSAGE][PASSED] - Text of object 'Object Repository/Pages/Sale/link_MonthYear' is: 'October 2062'&#xD;
&#xD;
2019-11-01 02:34:31 - [MESSAGE][PASSED] - Object: 'Object Repository/Pages/Sale/calender_NextButton' is clicked on&#xD;
&#xD;
2019-11-01 02:34:31 - [MESSAGE][PASSED] - Text of object 'Object Repository/Pages/Sale/link_MonthYear' is: 'November 2062'&#xD;
&#xD;
2019-11-01 02:34:32 - [MESSAGE][PASSED] - Object: 'Object Repository/Pages/Sale/calender_NextButton' is clicked on&#xD;
&#xD;
2019-11-01 02:34:32 - [MESSAGE][PASSED] - Text of object 'Object Repository/Pages/Sale/link_MonthYear' is: 'December 2062'&#xD;
&#xD;
2019-11-01 02:34:32 - [MESSAGE][PASSED] - Object: 'Object Repository/Pages/Sale/calender_NextButton' is clicked on&#xD;
&#xD;
2019-11-01 02:34:32 - [MESSAGE][PASSED] - Text of object 'Object Repository/Pages/Sale/link_MonthYear' is: 'January 2063'&#xD;
&#xD;
2019-11-01 02:34:32 - [MESSAGE][PASSED] - Object: 'Object Repository/Pages/Sale/calender_NextButton' is clicked on&#xD;
&#xD;
2019-11-01 02:34:33 - [MESSAGE][PASSED] - Text of object 'Object Repository/Pages/Sale/link_MonthYear' is: 'February 2063'&#xD;
&#xD;
2019-11-01 02:34:33 - [MESSAGE][PASSED] - Object: 'Object Repository/Pages/Sale/calender_NextButton' is clicked on&#xD;
&#xD;
2019-11-01 02:34:33 - [MESSAGE][PASSED] - Text of object 'Object Repository/Pages/Sale/link_MonthYear' is: 'March 2063'&#xD;
&#xD;
2019-11-01 02:34:33 - [MESSAGE][PASSED] - Object: 'Object Repository/Pages/Sale/calender_NextButton' is clicked on&#xD;
&#xD;
2019-11-01 02:34:33 - [MESSAGE][PASSED] - Text of object 'Object Repository/Pages/Sale/link_MonthYear' is: 'April 2063'&#xD;
&#xD;
2019-11-01 02:34:34 - [MESSAGE][PASSED] - Object: 'Object Repository/Pages/Sale/calender_NextButton' is clicked on&#xD;
&#xD;
2019-11-01 02:34:34 - [MESSAGE][PASSED] - Text of object 'Object Repository/Pages/Sale/link_MonthYear' is: 'May 2063'&#xD;
&#xD;
2019-11-01 02:34:34 - [MESSAGE][PASSED] - Object: 'Object Repository/Pages/Sale/calender_NextButton' is clicked on&#xD;
&#xD;
2019-11-01 02:34:34 - [MESSAGE][PASSED] - Text of object 'Object Repository/Pages/Sale/link_MonthYear' is: 'June 2063'&#xD;
&#xD;
2019-11-01 02:34:34 - [MESSAGE][PASSED] - Object: 'Object Repository/Pages/Sale/calender_NextButton' is clicked on&#xD;
&#xD;
2019-11-01 02:34:34 - [MESSAGE][PASSED] - Text of object 'Object Repository/Pages/Sale/link_MonthYear' is: 'July 2063'&#xD;
&#xD;
2019-11-01 02:34:34 - [MESSAGE][PASSED] - Object: 'Object Repository/Pages/Sale/calender_NextButton' is clicked on&#xD;
&#xD;
2019-11-01 02:34:34 - [MESSAGE][PASSED] - Text of object 'Object Repository/Pages/Sale/link_MonthYear' is: 'August 2063'&#xD;
&#xD;
2019-11-01 02:34:35 - [MESSAGE][PASSED] - Object: 'Object Repository/Pages/Sale/calender_NextButton' is clicked on&#xD;
&#xD;
2019-11-01 02:34:35 - [MESSAGE][PASSED] - Text of object 'Object Repository/Pages/Sale/link_MonthYear' is: 'September 2063'&#xD;
&#xD;
2019-11-01 02:34:35 - [MESSAGE][PASSED] - Object: 'Object Repository/Pages/Sale/calender_NextButton' is clicked on&#xD;
&#xD;
2019-11-01 02:34:35 - [MESSAGE][PASSED] - Text of object 'Object Repository/Pages/Sale/link_MonthYear' is: 'October 2063'&#xD;
&#xD;
2019-11-01 02:34:35 - [MESSAGE][PASSED] - Object: 'Object Repository/Pages/Sale/calender_NextButton' is clicked on&#xD;
&#xD;
2019-11-01 02:34:35 - [MESSAGE][PASSED] - Text of object 'Object Repository/Pages/Sale/link_MonthYear' is: 'November 2063'&#xD;
&#xD;
2019-11-01 02:34:36 - [MESSAGE][PASSED] - Object: 'Object Repository/Pages/Sale/calender_NextButton' is clicked on&#xD;
&#xD;
2019-11-01 02:34:36 - [MESSAGE][PASSED] - Text of object 'Object Repository/Pages/Sale/link_MonthYear' is: 'December 2063'&#xD;
&#xD;
2019-11-01 02:34:36 - [MESSAGE][PASSED] - Object: 'Object Repository/Pages/Sale/calender_NextButton' is clicked on&#xD;
&#xD;
2019-11-01 02:34:36 - [MESSAGE][PASSED] - Text of object 'Object Repository/Pages/Sale/link_MonthYear' is: 'January 2064'&#xD;
&#xD;
2019-11-01 02:34:36 - [MESSAGE][PASSED] - Object: 'Object Repository/Pages/Sale/calender_NextButton' is clicked on&#xD;
&#xD;
2019-11-01 02:34:36 - [MESSAGE][PASSED] - Text of object 'Object Repository/Pages/Sale/link_MonthYear' is: 'February 2064'&#xD;
&#xD;
2019-11-01 02:34:36 - [MESSAGE][PASSED] - Object: 'Object Repository/Pages/Sale/calender_NextButton' is clicked on&#xD;
&#xD;
2019-11-01 02:34:36 - [MESSAGE][PASSED] - Text of object 'Object Repository/Pages/Sale/link_MonthYear' is: 'March 2064'&#xD;
&#xD;
2019-11-01 02:34:37 - [MESSAGE][PASSED] - Object: 'Object Repository/Pages/Sale/calender_NextButton' is clicked on&#xD;
&#xD;
2019-11-01 02:34:37 - [MESSAGE][PASSED] - Text of object 'Object Repository/Pages/Sale/link_MonthYear' is: 'April 2064'&#xD;
&#xD;
2019-11-01 02:34:37 - [MESSAGE][PASSED] - Object: 'Object Repository/Pages/Sale/calender_NextButton' is clicked on&#xD;
&#xD;
2019-11-01 02:34:37 - [MESSAGE][PASSED] - Text of object 'Object Repository/Pages/Sale/link_MonthYear' is: 'May 2064'&#xD;
&#xD;
2019-11-01 02:34:37 - [MESSAGE][PASSED] - Object: 'Object Repository/Pages/Sale/calender_NextButton' is clicked on&#xD;
&#xD;
2019-11-01 02:34:37 - [MESSAGE][PASSED] - Text of object 'Object Repository/Pages/Sale/link_MonthYear' is: 'June 2064'&#xD;
&#xD;
2019-11-01 02:34:37 - [MESSAGE][PASSED] - Object: 'Object Repository/Pages/Sale/calender_NextButton' is clicked on&#xD;
&#xD;
2019-11-01 02:34:37 - [MESSAGE][PASSED] - Text of object 'Object Repository/Pages/Sale/link_MonthYear' is: 'July 2064'&#xD;
&#xD;
2019-11-01 02:34:38 - [MESSAGE][PASSED] - Object: 'Object Repository/Pages/Sale/calender_NextButton' is clicked on&#xD;
&#xD;
2019-11-01 02:34:38 - [MESSAGE][PASSED] - Text of object 'Object Repository/Pages/Sale/link_MonthYear' is: 'August 2064'&#xD;
&#xD;
2019-11-01 02:34:38 - [MESSAGE][PASSED] - Object: 'Object Repository/Pages/Sale/calender_NextButton' is clicked on&#xD;
&#xD;
2019-11-01 02:34:38 - [MESSAGE][PASSED] - Text of object 'Object Repository/Pages/Sale/link_MonthYear' is: 'September 2064'&#xD;
&#xD;
2019-11-01 02:34:38 - [MESSAGE][PASSED] - Object: 'Object Repository/Pages/Sale/calender_NextButton' is clicked on&#xD;
&#xD;
2019-11-01 02:34:38 - [MESSAGE][PASSED] - Text of object 'Object Repository/Pages/Sale/link_MonthYear' is: 'October 2064'&#xD;
&#xD;
2019-11-01 02:34:39 - [MESSAGE][PASSED] - Object: 'Object Repository/Pages/Sale/calender_NextButton' is clicked on&#xD;
&#xD;
2019-11-01 02:34:39 - [MESSAGE][PASSED] - Text of object 'Object Repository/Pages/Sale/link_MonthYear' is: 'November 2064'&#xD;
&#xD;
2019-11-01 02:34:39 - [MESSAGE][PASSED] - Object: 'Object Repository/Pages/Sale/calender_NextButton' is clicked on&#xD;
&#xD;
2019-11-01 02:34:39 - [MESSAGE][PASSED] - Text of object 'Object Repository/Pages/Sale/link_MonthYear' is: 'December 2064'&#xD;
&#xD;
2019-11-01 02:34:39 - [MESSAGE][PASSED] - Object: 'Object Repository/Pages/Sale/calender_NextButton' is clicked on&#xD;
&#xD;
2019-11-01 02:34:39 - [MESSAGE][PASSED] - Text of object 'Object Repository/Pages/Sale/link_MonthYear' is: 'January 2065'&#xD;
&#xD;
2019-11-01 02:34:39 - [MESSAGE][PASSED] - Object: 'Object Repository/Pages/Sale/calender_NextButton' is clicked on&#xD;
&#xD;
2019-11-01 02:34:39 - [MESSAGE][PASSED] - Text of object 'Object Repository/Pages/Sale/link_MonthYear' is: 'February 2065'&#xD;
&#xD;
2019-11-01 02:34:40 - [MESSAGE][PASSED] - Object: 'Object Repository/Pages/Sale/calender_NextButton' is clicked on&#xD;
&#xD;
2019-11-01 02:34:40 - [MESSAGE][PASSED] - Text of object 'Object Repository/Pages/Sale/link_MonthYear' is: 'March 2065'&#xD;
&#xD;
2019-11-01 02:34:40 - [MESSAGE][PASSED] - Object: 'Object Repository/Pages/Sale/calender_NextButton' is clicked on&#xD;
&#xD;
2019-11-01 02:34:40 - [MESSAGE][PASSED] - Text of object 'Object Repository/Pages/Sale/link_MonthYear' is: 'April 2065'&#xD;
&#xD;
2019-11-01 02:34:40 - [MESSAGE][PASSED] - Object: 'Object Repository/Pages/Sale/calender_NextButton' is clicked on&#xD;
&#xD;
2019-11-01 02:34:40 - [MESSAGE][PASSED] - Text of object 'Object Repository/Pages/Sale/link_MonthYear' is: 'May 2065'&#xD;
&#xD;
2019-11-01 02:34:41 - [MESSAGE][PASSED] - Object: 'Object Repository/Pages/Sale/calender_NextButton' is clicked on&#xD;
&#xD;
2019-11-01 02:34:41 - [MESSAGE][PASSED] - Text of object 'Object Repository/Pages/Sale/link_MonthYear' is: 'June 2065'&#xD;
&#xD;
2019-11-01 02:34:41 - [MESSAGE][PASSED] - Object: 'Object Repository/Pages/Sale/calender_NextButton' is clicked on&#xD;
&#xD;
2019-11-01 02:34:41 - [MESSAGE][PASSED] - Text of object 'Object Repository/Pages/Sale/link_MonthYear' is: 'July 2065'&#xD;
&#xD;
2019-11-01 02:34:41 - [MESSAGE][PASSED] - Object: 'Object Repository/Pages/Sale/calender_NextButton' is clicked on&#xD;
&#xD;
2019-11-01 02:34:41 - [MESSAGE][PASSED] - Text of object 'Object Repository/Pages/Sale/link_MonthYear' is: 'August 2065'&#xD;
&#xD;
2019-11-01 02:34:41 - [MESSAGE][PASSED] - Object: 'Object Repository/Pages/Sale/calender_NextButton' is clicked on&#xD;
&#xD;
2019-11-01 02:34:41 - [MESSAGE][PASSED] - Text of object 'Object Repository/Pages/Sale/link_MonthYear' is: 'September 2065'&#xD;
&#xD;
2019-11-01 02:34:42 - [MESSAGE][PASSED] - Object: 'Object Repository/Pages/Sale/calender_NextButton' is clicked on&#xD;
&#xD;
2019-11-01 02:34:42 - [MESSAGE][PASSED] - Text of object 'Object Repository/Pages/Sale/link_MonthYear' is: 'October 2065'&#xD;
&#xD;
2019-11-01 02:34:42 - [MESSAGE][PASSED] - Object: 'Object Repository/Pages/Sale/calender_NextButton' is clicked on&#xD;
&#xD;
2019-11-01 02:34:42 - [MESSAGE][PASSED] - Text of object 'Object Repository/Pages/Sale/link_MonthYear' is: 'November 2065'&#xD;
&#xD;
2019-11-01 02:34:42 - [MESSAGE][PASSED] - Object: 'Object Repository/Pages/Sale/calender_NextButton' is clicked on&#xD;
&#xD;
2019-11-01 02:34:42 - [MESSAGE][PASSED] - Text of object 'Object Repository/Pages/Sale/link_MonthYear' is: 'December 2065'&#xD;
&#xD;
2019-11-01 02:34:43 - [MESSAGE][PASSED] - Object: 'Object Repository/Pages/Sale/calender_NextButton' is clicked on&#xD;
&#xD;
2019-11-01 02:34:43 - [MESSAGE][PASSED] - Text of object 'Object Repository/Pages/Sale/link_MonthYear' is: 'January 2066'&#xD;
&#xD;
2019-11-01 02:34:43 - [MESSAGE][PASSED] - Object: 'Object Repository/Pages/Sale/calender_NextButton' is clicked on&#xD;
&#xD;
2019-11-01 02:34:43 - [MESSAGE][PASSED] - Text of object 'Object Repository/Pages/Sale/link_MonthYear' is: 'February 2066'&#xD;
&#xD;
2019-11-01 02:34:43 - [MESSAGE][PASSED] - Object: 'Object Repository/Pages/Sale/calender_NextButton' is clicked on&#xD;
&#xD;
2019-11-01 02:34:43 - [MESSAGE][PASSED] - Text of object 'Object Repository/Pages/Sale/link_MonthYear' is: 'March 2066'&#xD;
&#xD;
2019-11-01 02:34:44 - [MESSAGE][PASSED] - Object: 'Object Repository/Pages/Sale/calender_NextButton' is clicked on&#xD;
&#xD;
2019-11-01 02:34:44 - [MESSAGE][PASSED] - Text of object 'Object Repository/Pages/Sale/link_MonthYear' is: 'April 2066'&#xD;
&#xD;
2019-11-01 02:34:44 - [MESSAGE][PASSED] - Object: 'Object Repository/Pages/Sale/calender_NextButton' is clicked on&#xD;
&#xD;
2019-11-01 02:34:44 - [MESSAGE][PASSED] - Text of object 'Object Repository/Pages/Sale/link_MonthYear' is: 'May 2066'&#xD;
&#xD;
2019-11-01 02:34:44 - [MESSAGE][PASSED] - Object: 'Object Repository/Pages/Sale/calender_NextButton' is clicked on&#xD;
&#xD;
2019-11-01 02:34:44 - [MESSAGE][PASSED] - Text of object 'Object Repository/Pages/Sale/link_MonthYear' is: 'June 2066'&#xD;
&#xD;
2019-11-01 02:34:45 - [MESSAGE][PASSED] - Object: 'Object Repository/Pages/Sale/calender_NextButton' is clicked on&#xD;
&#xD;
2019-11-01 02:34:45 - [MESSAGE][PASSED] - Text of object 'Object Repository/Pages/Sale/link_MonthYear' is: 'July 2066'&#xD;
&#xD;
2019-11-01 02:34:45 - [MESSAGE][PASSED] - Object: 'Object Repository/Pages/Sale/calender_NextButton' is clicked on&#xD;
&#xD;
2019-11-01 02:34:45 - [MESSAGE][PASSED] - Text of object 'Object Repository/Pages/Sale/link_MonthYear' is: 'August 2066'&#xD;
&#xD;
2019-11-01 02:34:45 - [MESSAGE][PASSED] - Object: 'Object Repository/Pages/Sale/calender_NextButton' is clicked on&#xD;
&#xD;
2019-11-01 02:34:45 - [MESSAGE][PASSED] - Text of object 'Object Repository/Pages/Sale/link_MonthYear' is: 'September 2066'&#xD;
&#xD;
2019-11-01 02:34:46 - [MESSAGE][PASSED] - Object: 'Object Repository/Pages/Sale/calender_NextButton' is clicked on&#xD;
&#xD;
2019-11-01 02:34:46 - [MESSAGE][PASSED] - Text of object 'Object Repository/Pages/Sale/link_MonthYear' is: 'October 2066'&#xD;
&#xD;
2019-11-01 02:34:46 - [MESSAGE][PASSED] - Object: 'Object Repository/Pages/Sale/calender_NextButton' is clicked on&#xD;
&#xD;
2019-11-01 02:34:46 - [MESSAGE][PASSED] - Text of object 'Object Repository/Pages/Sale/link_MonthYear' is: 'November 2066'&#xD;
&#xD;
2019-11-01 02:34:47 - [MESSAGE][PASSED] - Object: 'Object Repository/Pages/Sale/calender_NextButton' is clicked on&#xD;
&#xD;
2019-11-01 02:34:47 - [MESSAGE][PASSED] - Text of object 'Object Repository/Pages/Sale/link_MonthYear' is: 'December 2066'&#xD;
&#xD;
2019-11-01 02:34:47 - [MESSAGE][PASSED] - Object: 'Object Repository/Pages/Sale/calender_NextButton' is clicked on&#xD;
&#xD;
2019-11-01 02:34:47 - [MESSAGE][PASSED] - Text of object 'Object Repository/Pages/Sale/link_MonthYear' is: 'January 2067'&#xD;
&#xD;
2019-11-01 02:34:48 - [MESSAGE][PASSED] - Object: 'Object Repository/Pages/Sale/calender_NextButton' is clicked on&#xD;
&#xD;
2019-11-01 02:34:48 - [MESSAGE][PASSED] - Text of object 'Object Repository/Pages/Sale/link_MonthYear' is: 'February 2067'&#xD;
&#xD;
2019-11-01 02:34:48 - [MESSAGE][PASSED] - Object: 'Object Repository/Pages/Sale/calender_NextButton' is clicked on&#xD;
&#xD;
2019-11-01 02:34:48 - [MESSAGE][PASSED] - Text of object 'Object Repository/Pages/Sale/link_MonthYear' is: 'March 2067'&#xD;
&#xD;
2019-11-01 02:34:48 - [MESSAGE][PASSED] - Object: 'Object Repository/Pages/Sale/calender_NextButton' is clicked on&#xD;
&#xD;
2019-11-01 02:34:49 - [MESSAGE][PASSED] - Text of object 'Object Repository/Pages/Sale/link_MonthYear' is: 'April 2067'&#xD;
&#xD;
2019-11-01 02:34:49 - [MESSAGE][PASSED] - Object: 'Object Repository/Pages/Sale/calender_NextButton' is clicked on&#xD;
&#xD;
2019-11-01 02:34:49 - [MESSAGE][PASSED] - Text of object 'Object Repository/Pages/Sale/link_MonthYear' is: 'May 2067'&#xD;
&#xD;
2019-11-01 02:34:50 - [MESSAGE][PASSED] - Object: 'Object Repository/Pages/Sale/calender_NextButton' is clicked on&#xD;
&#xD;
2019-11-01 02:34:50 - [MESSAGE][PASSED] - Text of object 'Object Repository/Pages/Sale/link_MonthYear' is: 'June 2067'&#xD;
&#xD;
2019-11-01 02:34:50 - [MESSAGE][PASSED] - Object: 'Object Repository/Pages/Sale/calender_NextButton' is clicked on&#xD;
&#xD;
2019-11-01 02:34:50 - [MESSAGE][PASSED] - Text of object 'Object Repository/Pages/Sale/link_MonthYear' is: 'July 2067'&#xD;
&#xD;
2019-11-01 02:34:50 - [MESSAGE][PASSED] - Object: 'Object Repository/Pages/Sale/calender_NextButton' is clicked on&#xD;
&#xD;
2019-11-01 02:34:51 - [MESSAGE][PASSED] - Text of object 'Object Repository/Pages/Sale/link_MonthYear' is: 'August 2067'&#xD;
&#xD;
2019-11-01 02:34:52 - [MESSAGE][PASSED] - Object: 'Object Repository/Pages/Sale/calender_NextButton' is clicked on&#xD;
&#xD;
2019-11-01 02:34:52 - [MESSAGE][PASSED] - Text of object 'Object Repository/Pages/Sale/link_MonthYear' is: 'September 2067'&#xD;
&#xD;
2019-11-01 02:34:52 - [MESSAGE][PASSED] - Object: 'Object Repository/Pages/Sale/calender_NextButton' is clicked on&#xD;
&#xD;
2019-11-01 02:34:52 - [MESSAGE][PASSED] - Text of object 'Object Repository/Pages/Sale/link_MonthYear' is: 'October 2067'&#xD;
&#xD;
2019-11-01 02:34:52 - [MESSAGE][PASSED] - Object: 'Object Repository/Pages/Sale/calender_NextButton' is clicked on&#xD;
&#xD;
2019-11-01 02:34:52 - [MESSAGE][PASSED] - Text of object 'Object Repository/Pages/Sale/link_MonthYear' is: 'November 2067'&#xD;
&#xD;
2019-11-01 02:34:52 - [MESSAGE][PASSED] - Object: 'Object Repository/Pages/Sale/calender_NextButton' is clicked on&#xD;
&#xD;
2019-11-01 02:34:52 - [MESSAGE][PASSED] - Text of object 'Object Repository/Pages/Sale/link_MonthYear' is: 'December 2067'&#xD;
&#xD;
2019-11-01 02:34:53 - [MESSAGE][PASSED] - Object: 'Object Repository/Pages/Sale/calender_NextButton' is clicked on&#xD;
&#xD;
2019-11-01 02:34:53 - [MESSAGE][PASSED] - Text of object 'Object Repository/Pages/Sale/link_MonthYear' is: 'January 2068'&#xD;
&#xD;
2019-11-01 02:34:53 - [MESSAGE][PASSED] - Object: 'Object Repository/Pages/Sale/calender_NextButton' is clicked on&#xD;
&#xD;
2019-11-01 02:34:53 - [MESSAGE][PASSED] - Text of object 'Object Repository/Pages/Sale/link_MonthYear' is: 'February 2068'&#xD;
&#xD;
2019-11-01 02:34:53 - [MESSAGE][PASSED] - Object: 'Object Repository/Pages/Sale/calender_NextButton' is clicked on&#xD;
&#xD;
2019-11-01 02:34:53 - [MESSAGE][PASSED] - Text of object 'Object Repository/Pages/Sale/link_MonthYear' is: 'March 2068'&#xD;
&#xD;
2019-11-01 02:34:54 - [MESSAGE][PASSED] - Object: 'Object Repository/Pages/Sale/calender_NextButton' is clicked on&#xD;
&#xD;
2019-11-01 02:34:54 - [MESSAGE][PASSED] - Text of object 'Object Repository/Pages/Sale/link_MonthYear' is: 'April 2068'&#xD;
&#xD;
2019-11-01 02:34:54 - [MESSAGE][PASSED] - Object: 'Object Repository/Pages/Sale/calender_NextButton' is clicked on&#xD;
&#xD;
2019-11-01 02:34:54 - [MESSAGE][PASSED] - Text of object 'Object Repository/Pages/Sale/link_MonthYear' is: 'May 2068'&#xD;
&#xD;
2019-11-01 02:34:54 - [MESSAGE][PASSED] - Object: 'Object Repository/Pages/Sale/calender_NextButton' is clicked on&#xD;
&#xD;
2019-11-01 02:34:54 - [MESSAGE][PASSED] - Text of object 'Object Repository/Pages/Sale/link_MonthYear' is: 'June 2068'&#xD;
&#xD;
2019-11-01 02:34:55 - [MESSAGE][PASSED] - Object: 'Object Repository/Pages/Sale/calender_NextButton' is clicked on&#xD;
&#xD;
2019-11-01 02:34:55 - [MESSAGE][PASSED] - Text of object 'Object Repository/Pages/Sale/link_MonthYear' is: 'July 2068'&#xD;
&#xD;
2019-11-01 02:34:55 - [MESSAGE][PASSED] - Object: 'Object Repository/Pages/Sale/calender_NextButton' is clicked on&#xD;
&#xD;
2019-11-01 02:34:55 - [MESSAGE][PASSED] - Text of object 'Object Repository/Pages/Sale/link_MonthYear' is: 'August 2068'&#xD;
&#xD;
2019-11-01 02:34:55 - [MESSAGE][PASSED] - Object: 'Object Repository/Pages/Sale/calender_NextButton' is clicked on&#xD;
&#xD;
2019-11-01 02:34:55 - [MESSAGE][PASSED] - Text of object 'Object Repository/Pages/Sale/link_MonthYear' is: 'September 2068'&#xD;
&#xD;
2019-11-01 02:34:56 - [MESSAGE][PASSED] - Object: 'Object Repository/Pages/Sale/calender_NextButton' is clicked on&#xD;
&#xD;
2019-11-01 02:34:56 - [MESSAGE][PASSED] - Text of object 'Object Repository/Pages/Sale/link_MonthYear' is: 'October 2068'&#xD;
&#xD;
2019-11-01 02:34:56 - [MESSAGE][PASSED] - Object: 'Object Repository/Pages/Sale/calender_NextButton' is clicked on&#xD;
&#xD;
2019-11-01 02:34:56 - [MESSAGE][PASSED] - Text of object 'Object Repository/Pages/Sale/link_MonthYear' is: 'November 2068'&#xD;
&#xD;
2019-11-01 02:34:56 - [MESSAGE][PASSED] - Object: 'Object Repository/Pages/Sale/calender_NextButton' is clicked on&#xD;
&#xD;
2019-11-01 02:34:56 - [MESSAGE][PASSED] - Text of object 'Object Repository/Pages/Sale/link_MonthYear' is: 'December 2068'&#xD;
&#xD;
2019-11-01 02:34:57 - [MESSAGE][PASSED] - Object: 'Object Repository/Pages/Sale/calender_NextButton' is clicked on&#xD;
&#xD;
2019-11-01 02:34:57 - [MESSAGE][PASSED] - Text of object 'Object Repository/Pages/Sale/link_MonthYear' is: 'January 2069'&#xD;
&#xD;
2019-11-01 02:34:57 - [MESSAGE][PASSED] - Object: 'Object Repository/Pages/Sale/calender_NextButton' is clicked on&#xD;
&#xD;
2019-11-01 02:34:57 - [MESSAGE][PASSED] - Text of object 'Object Repository/Pages/Sale/link_MonthYear' is: 'February 2069'&#xD;
&#xD;
2019-11-01 02:34:57 - [MESSAGE][PASSED] - Object: 'Object Repository/Pages/Sale/calender_NextButton' is clicked on&#xD;
&#xD;
2019-11-01 02:34:57 - [MESSAGE][PASSED] - Text of object 'Object Repository/Pages/Sale/link_MonthYear' is: 'March 2069'&#xD;
&#xD;
2019-11-01 02:34:58 - [MESSAGE][PASSED] - Object: 'Object Repository/Pages/Sale/calender_NextButton' is clicked on&#xD;
&#xD;
2019-11-01 02:34:58 - [MESSAGE][PASSED] - Text of object 'Object Repository/Pages/Sale/link_MonthYear' is: 'April 2069'&#xD;
&#xD;
2019-11-01 02:34:58 - [MESSAGE][PASSED] - Object: 'Object Repository/Pages/Sale/calender_NextButton' is clicked on&#xD;
&#xD;
2019-11-01 02:34:58 - [MESSAGE][PASSED] - Text of object 'Object Repository/Pages/Sale/link_MonthYear' is: 'May 2069'&#xD;
&#xD;
2019-11-01 02:34:58 - [MESSAGE][PASSED] - Object: 'Object Repository/Pages/Sale/calender_NextButton' is clicked on&#xD;
&#xD;
2019-11-01 02:34:58 - [MESSAGE][PASSED] - Text of object 'Object Repository/Pages/Sale/link_MonthYear' is: 'June 2069'&#xD;
&#xD;
2019-11-01 02:34:59 - [MESSAGE][PASSED] - Object: 'Object Repository/Pages/Sale/calender_NextButton' is clicked on&#xD;
&#xD;
2019-11-01 02:34:59 - [MESSAGE][PASSED] - Text of object 'Object Repository/Pages/Sale/link_MonthYear' is: 'July 2069'&#xD;
&#xD;
2019-11-01 02:34:59 - [MESSAGE][PASSED] - Object: 'Object Repository/Pages/Sale/calender_NextButton' is clicked on&#xD;
&#xD;
2019-11-01 02:34:59 - [MESSAGE][PASSED] - Text of object 'Object Repository/Pages/Sale/link_MonthYear' is: 'August 2069'&#xD;
&#xD;
2019-11-01 02:34:59 - [MESSAGE][PASSED] - Object: 'Object Repository/Pages/Sale/calender_NextButton' is clicked on&#xD;
&#xD;
2019-11-01 02:34:59 - [MESSAGE][PASSED] - Text of object 'Object Repository/Pages/Sale/link_MonthYear' is: 'September 2069'&#xD;
&#xD;
2019-11-01 02:35:00 - [MESSAGE][PASSED] - Object: 'Object Repository/Pages/Sale/calender_NextButton' is clicked on&#xD;
&#xD;
2019-11-01 02:35:00 - [MESSAGE][PASSED] - Text of object 'Object Repository/Pages/Sale/link_MonthYear' is: 'October 2069'&#xD;
&#xD;
2019-11-01 02:35:00 - [MESSAGE][PASSED] - Object: 'Object Repository/Pages/Sale/calender_NextButton' is clicked on&#xD;
&#xD;
2019-11-01 02:35:00 - [MESSAGE][PASSED] - Text of object 'Object Repository/Pages/Sale/link_MonthYear' is: 'November 2069'&#xD;
&#xD;
2019-11-01 02:35:00 - [MESSAGE][PASSED] - Object: 'Object Repository/Pages/Sale/calender_NextButton' is clicked on&#xD;
&#xD;
2019-11-01 02:35:00 - [MESSAGE][PASSED] - Text of object 'Object Repository/Pages/Sale/link_MonthYear' is: 'December 2069'&#xD;
&#xD;
2019-11-01 02:35:01 - [MESSAGE][PASSED] - Object: 'Object Repository/Pages/Sale/calender_NextButton' is clicked on&#xD;
&#xD;
2019-11-01 02:35:01 - [MESSAGE][PASSED] - Text of object 'Object Repository/Pages/Sale/link_MonthYear' is: 'January 2070'&#xD;
&#xD;
2019-11-01 02:35:01 - [MESSAGE][PASSED] - Object: 'Object Repository/Pages/Sale/calender_NextButton' is clicked on&#xD;
&#xD;
2019-11-01 02:35:01 - [MESSAGE][PASSED] - Text of object 'Object Repository/Pages/Sale/link_MonthYear' is: 'February 2070'&#xD;
&#xD;
2019-11-01 02:35:02 - [MESSAGE][PASSED] - Object: 'Object Repository/Pages/Sale/calender_NextButton' is clicked on&#xD;
&#xD;
2019-11-01 02:35:02 - [MESSAGE][PASSED] - Text of object 'Object Repository/Pages/Sale/link_MonthYear' is: 'March 2070'&#xD;
&#xD;
2019-11-01 02:35:02 - [MESSAGE][PASSED] - Object: 'Object Repository/Pages/Sale/calender_NextButton' is clicked on&#xD;
&#xD;
2019-11-01 02:35:02 - [MESSAGE][PASSED] - Text of object 'Object Repository/Pages/Sale/link_MonthYear' is: 'April 2070'&#xD;
&#xD;
2019-11-01 02:35:02 - [MESSAGE][PASSED] - Object: 'Object Repository/Pages/Sale/calender_NextButton' is clicked on&#xD;
&#xD;
2019-11-01 02:35:02 - [MESSAGE][PASSED] - Text of object 'Object Repository/Pages/Sale/link_MonthYear' is: 'May 2070'&#xD;
&#xD;
2019-11-01 02:35:03 - [MESSAGE][PASSED] - Object: 'Object Repository/Pages/Sale/calender_NextButton' is clicked on&#xD;
&#xD;
2019-11-01 02:35:03 - [MESSAGE][PASSED] - Text of object 'Object Repository/Pages/Sale/link_MonthYear' is: 'June 2070'&#xD;
&#xD;
2019-11-01 02:35:03 - [MESSAGE][PASSED] - Object: 'Object Repository/Pages/Sale/calender_NextButton' is clicked on&#xD;
&#xD;
2019-11-01 02:35:03 - [MESSAGE][PASSED] - Text of object 'Object Repository/Pages/Sale/link_MonthYear' is: 'July 2070'&#xD;
&#xD;
2019-11-01 02:35:04 - [MESSAGE][PASSED] - Object: 'Object Repository/Pages/Sale/calender_NextButton' is clicked on&#xD;
&#xD;
2019-11-01 02:35:04 - [MESSAGE][PASSED] - Text of object 'Object Repository/Pages/Sale/link_MonthYear' is: 'August 2070'&#xD;
&#xD;
2019-11-01 02:35:04 - [MESSAGE][PASSED] - Object: 'Object Repository/Pages/Sale/calender_NextButton' is clicked on&#xD;
&#xD;
2019-11-01 02:35:04 - [MESSAGE][PASSED] - Text of object 'Object Repository/Pages/Sale/link_MonthYear' is: 'September 2070'&#xD;
&#xD;
2019-11-01 02:35:04 - [MESSAGE][PASSED] - Object: 'Object Repository/Pages/Sale/calender_NextButton' is clicked on&#xD;
&#xD;
2019-11-01 02:35:04 - [MESSAGE][PASSED] - Text of object 'Object Repository/Pages/Sale/link_MonthYear' is: 'October 2070'&#xD;
&#xD;
2019-11-01 02:35:05 - [MESSAGE][PASSED] - Object: 'Object Repository/Pages/Sale/calender_NextButton' is clicked on&#xD;
&#xD;
2019-11-01 02:35:05 - [MESSAGE][PASSED] - Text of object 'Object Repository/Pages/Sale/link_MonthYear' is: 'November 2070'&#xD;
&#xD;
2019-11-01 02:35:05 - [MESSAGE][PASSED] - Object: 'Object Repository/Pages/Sale/calender_NextButton' is clicked on&#xD;
&#xD;
2019-11-01 02:35:05 - [MESSAGE][PASSED] - Text of object 'Object Repository/Pages/Sale/link_MonthYear' is: 'December 2070'&#xD;
&#xD;
2019-11-01 02:35:05 - [MESSAGE][PASSED] - Object: 'Object Repository/Pages/Sale/calender_NextButton' is clicked on&#xD;
&#xD;
2019-11-01 02:35:05 - [MESSAGE][PASSED] - Text of object 'Object Repository/Pages/Sale/link_MonthYear' is: 'January 2071'&#xD;
&#xD;
2019-11-01 02:35:05 - [MESSAGE][PASSED] - Object: 'Object Repository/Pages/Sale/calender_NextButton' is clicked on&#xD;
&#xD;
2019-11-01 02:35:05 - [MESSAGE][PASSED] - Text of object 'Object Repository/Pages/Sale/link_MonthYear' is: 'February 2071'&#xD;
&#xD;
2019-11-01 02:35:06 - [MESSAGE][PASSED] - Object: 'Object Repository/Pages/Sale/calender_NextButton' is clicked on&#xD;
&#xD;
2019-11-01 02:35:06 - [MESSAGE][PASSED] - Text of object 'Object Repository/Pages/Sale/link_MonthYear' is: 'March 2071'&#xD;
&#xD;
2019-11-01 02:35:06 - [MESSAGE][PASSED] - Object: 'Object Repository/Pages/Sale/calender_NextButton' is clicked on&#xD;
&#xD;
2019-11-01 02:35:06 - [MESSAGE][PASSED] - Text of object 'Object Repository/Pages/Sale/link_MonthYear' is: 'April 2071'&#xD;
&#xD;
2019-11-01 02:35:06 - [MESSAGE][PASSED] - Object: 'Object Repository/Pages/Sale/calender_NextButton' is clicked on&#xD;
&#xD;
2019-11-01 02:35:06 - [MESSAGE][PASSED] - Text of object 'Object Repository/Pages/Sale/link_MonthYear' is: 'May 2071'&#xD;
&#xD;
2019-11-01 02:35:07 - [MESSAGE][PASSED] - Object: 'Object Repository/Pages/Sale/calender_NextButton' is clicked on&#xD;
&#xD;
2019-11-01 02:35:07 - [MESSAGE][PASSED] - Text of object 'Object Repository/Pages/Sale/link_MonthYear' is: 'June 2071'&#xD;
&#xD;
2019-11-01 02:35:07 - [MESSAGE][PASSED] - Object: 'Object Repository/Pages/Sale/calender_NextButton' is clicked on&#xD;
&#xD;
2019-11-01 02:35:07 - [MESSAGE][PASSED] - Text of object 'Object Repository/Pages/Sale/link_MonthYear' is: 'July 2071'&#xD;
&#xD;
2019-11-01 02:35:07 - [MESSAGE][PASSED] - Object: 'Object Repository/Pages/Sale/calender_NextButton' is clicked on&#xD;
&#xD;
2019-11-01 02:35:07 - [MESSAGE][PASSED] - Text of object 'Object Repository/Pages/Sale/link_MonthYear' is: 'August 2071'&#xD;
&#xD;
2019-11-01 02:35:07 - [MESSAGE][PASSED] - Object: 'Object Repository/Pages/Sale/calender_NextButton' is clicked on&#xD;
&#xD;
2019-11-01 02:35:07 - [MESSAGE][PASSED] - Text of object 'Object Repository/Pages/Sale/link_MonthYear' is: 'September 2071'&#xD;
&#xD;
2019-11-01 02:35:08 - [MESSAGE][PASSED] - Object: 'Object Repository/Pages/Sale/calender_NextButton' is clicked on&#xD;
&#xD;
2019-11-01 02:35:08 - [MESSAGE][PASSED] - Text of object 'Object Repository/Pages/Sale/link_MonthYear' is: 'October 2071'&#xD;
&#xD;
2019-11-01 02:35:08 - [MESSAGE][PASSED] - Object: 'Object Repository/Pages/Sale/calender_NextButton' is clicked on&#xD;
&#xD;
2019-11-01 02:35:08 - [MESSAGE][PASSED] - Text of object 'Object Repository/Pages/Sale/link_MonthYear' is: 'November 2071'&#xD;
&#xD;
2019-11-01 02:35:08 - [MESSAGE][PASSED] - Object: 'Object Repository/Pages/Sale/calender_NextButton' is clicked on&#xD;
&#xD;
2019-11-01 02:35:08 - [MESSAGE][PASSED] - Text of object 'Object Repository/Pages/Sale/link_MonthYear' is: 'December 2071'&#xD;
&#xD;
2019-11-01 02:35:09 - [MESSAGE][PASSED] - Object: 'Object Repository/Pages/Sale/calender_NextButton' is clicked on&#xD;
&#xD;
2019-11-01 02:35:09 - [MESSAGE][PASSED] - Text of object 'Object Repository/Pages/Sale/link_MonthYear' is: 'January 2072'&#xD;
&#xD;
2019-11-01 02:35:09 - [MESSAGE][PASSED] - Object: 'Object Repository/Pages/Sale/calender_NextButton' is clicked on&#xD;
&#xD;
2019-11-01 02:35:09 - [MESSAGE][PASSED] - Text of object 'Object Repository/Pages/Sale/link_MonthYear' is: 'February 2072'&#xD;
&#xD;
2019-11-01 02:35:09 - [MESSAGE][PASSED] - Object: 'Object Repository/Pages/Sale/calender_NextButton' is clicked on&#xD;
&#xD;
2019-11-01 02:35:09 - [MESSAGE][PASSED] - Text of object 'Object Repository/Pages/Sale/link_MonthYear' is: 'March 2072'&#xD;
&#xD;
2019-11-01 02:35:09 - [MESSAGE][PASSED] - Object: 'Object Repository/Pages/Sale/calender_NextButton' is clicked on&#xD;
&#xD;
2019-11-01 02:35:09 - [MESSAGE][PASSED] - Text of object 'Object Repository/Pages/Sale/link_MonthYear' is: 'April 2072'&#xD;
&#xD;
2019-11-01 02:35:10 - [MESSAGE][PASSED] - Object: 'Object Repository/Pages/Sale/calender_NextButton' is clicked on&#xD;
&#xD;
2019-11-01 02:35:10 - [MESSAGE][PASSED] - Text of object 'Object Repository/Pages/Sale/link_MonthYear' is: 'May 2072'&#xD;
&#xD;
2019-11-01 02:35:10 - [MESSAGE][PASSED] - Object: 'Object Repository/Pages/Sale/calender_NextButton' is clicked on&#xD;
&#xD;
2019-11-01 02:35:10 - [MESSAGE][PASSED] - Text of object 'Object Repository/Pages/Sale/link_MonthYear' is: 'June 2072'&#xD;
&#xD;
2019-11-01 02:35:10 - [MESSAGE][PASSED] - Object: 'Object Repository/Pages/Sale/calender_NextButton' is clicked on&#xD;
&#xD;
2019-11-01 02:35:10 - [MESSAGE][PASSED] - Text of object 'Object Repository/Pages/Sale/link_MonthYear' is: 'July 2072'&#xD;
&#xD;
2019-11-01 02:35:10 - [MESSAGE][PASSED] - Object: 'Object Repository/Pages/Sale/calender_NextButton' is clicked on&#xD;
&#xD;
2019-11-01 02:35:11 - [MESSAGE][PASSED] - Text of object 'Object Repository/Pages/Sale/link_MonthYear' is: 'August 2072'&#xD;
&#xD;
2019-11-01 02:35:11 - [MESSAGE][PASSED] - Object: 'Object Repository/Pages/Sale/calender_NextButton' is clicked on&#xD;
&#xD;
2019-11-01 02:35:11 - [MESSAGE][PASSED] - Text of object 'Object Repository/Pages/Sale/link_MonthYear' is: 'September 2072'&#xD;
&#xD;
2019-11-01 02:35:11 - [MESSAGE][PASSED] - Object: 'Object Repository/Pages/Sale/calender_NextButton' is clicked on&#xD;
&#xD;
2019-11-01 02:35:11 - [MESSAGE][PASSED] - Text of object 'Object Repository/Pages/Sale/link_MonthYear' is: 'October 2072'&#xD;
&#xD;
2019-11-01 02:35:11 - [MESSAGE][PASSED] - Object: 'Object Repository/Pages/Sale/calender_NextButton' is clicked on&#xD;
&#xD;
2019-11-01 02:35:11 - [MESSAGE][PASSED] - Text of object 'Object Repository/Pages/Sale/link_MonthYear' is: 'November 2072'&#xD;
&#xD;
2019-11-01 02:35:12 - [MESSAGE][PASSED] - Object: 'Object Repository/Pages/Sale/calender_NextButton' is clicked on&#xD;
&#xD;
2019-11-01 02:35:12 - [MESSAGE][PASSED] - Text of object 'Object Repository/Pages/Sale/link_MonthYear' is: 'December 2072'&#xD;
&#xD;
2019-11-01 02:35:12 - [MESSAGE][PASSED] - Object: 'Object Repository/Pages/Sale/calender_NextButton' is clicked on&#xD;
&#xD;
2019-11-01 02:35:12 - [MESSAGE][PASSED] - Text of object 'Object Repository/Pages/Sale/link_MonthYear' is: 'January 2073'&#xD;
&#xD;
2019-11-01 02:35:12 - [MESSAGE][PASSED] - Object: 'Object Repository/Pages/Sale/calender_NextButton' is clicked on&#xD;
&#xD;
2019-11-01 02:35:12 - [MESSAGE][PASSED] - Text of object 'Object Repository/Pages/Sale/link_MonthYear' is: 'February 2073'&#xD;
&#xD;
2019-11-01 02:35:12 - [MESSAGE][PASSED] - Object: 'Object Repository/Pages/Sale/calender_NextButton' is clicked on&#xD;
&#xD;
2019-11-01 02:35:12 - [MESSAGE][PASSED] - Text of object 'Object Repository/Pages/Sale/link_MonthYear' is: 'March 2073'&#xD;
&#xD;
2019-11-01 02:35:13 - [MESSAGE][PASSED] - Object: 'Object Repository/Pages/Sale/calender_NextButton' is clicked on&#xD;
&#xD;
2019-11-01 02:35:13 - [MESSAGE][PASSED] - Text of object 'Object Repository/Pages/Sale/link_MonthYear' is: 'April 2073'&#xD;
&#xD;
2019-11-01 02:35:13 - [MESSAGE][PASSED] - Object: 'Object Repository/Pages/Sale/calender_NextButton' is clicked on&#xD;
&#xD;
2019-11-01 02:35:13 - [MESSAGE][PASSED] - Text of object 'Object Repository/Pages/Sale/link_MonthYear' is: 'May 2073'&#xD;
&#xD;
2019-11-01 02:35:13 - [MESSAGE][PASSED] - Object: 'Object Repository/Pages/Sale/calender_NextButton' is clicked on&#xD;
&#xD;
2019-11-01 02:35:13 - [MESSAGE][PASSED] - Text of object 'Object Repository/Pages/Sale/link_MonthYear' is: 'June 2073'&#xD;
&#xD;
2019-11-01 02:35:13 - [MESSAGE][PASSED] - Object: 'Object Repository/Pages/Sale/calender_NextButton' is clicked on&#xD;
&#xD;
2019-11-01 02:35:13 - [MESSAGE][PASSED] - Text of object 'Object Repository/Pages/Sale/link_MonthYear' is: 'July 2073'&#xD;
&#xD;
2019-11-01 02:35:14 - [MESSAGE][PASSED] - Object: 'Object Repository/Pages/Sale/calender_NextButton' is clicked on&#xD;
&#xD;
2019-11-01 02:35:14 - [MESSAGE][PASSED] - Text of object 'Object Repository/Pages/Sale/link_MonthYear' is: 'August 2073'&#xD;
&#xD;
2019-11-01 02:35:14 - [MESSAGE][PASSED] - Object: 'Object Repository/Pages/Sale/calender_NextButton' is clicked on&#xD;
&#xD;
2019-11-01 02:35:14 - [MESSAGE][PASSED] - Text of object 'Object Repository/Pages/Sale/link_MonthYear' is: 'September 2073'&#xD;
&#xD;
2019-11-01 02:35:14 - [MESSAGE][PASSED] - Object: 'Object Repository/Pages/Sale/calender_NextButton' is clicked on&#xD;
&#xD;
2019-11-01 02:35:14 - [MESSAGE][PASSED] - Text of object 'Object Repository/Pages/Sale/link_MonthYear' is: 'October 2073'&#xD;
&#xD;
2019-11-01 02:35:15 - [MESSAGE][PASSED] - Object: 'Object Repository/Pages/Sale/calender_NextButton' is clicked on&#xD;
&#xD;
2019-11-01 02:35:15 - [MESSAGE][PASSED] - Text of object 'Object Repository/Pages/Sale/link_MonthYear' is: 'November 2073'&#xD;
&#xD;
2019-11-01 02:35:15 - [MESSAGE][PASSED] - Object: 'Object Repository/Pages/Sale/calender_NextButton' is clicked on&#xD;
&#xD;
2019-11-01 02:35:15 - [MESSAGE][PASSED] - Text of object 'Object Repository/Pages/Sale/link_MonthYear' is: 'December 2073'&#xD;
&#xD;
2019-11-01 02:35:15 - [MESSAGE][PASSED] - Object: 'Object Repository/Pages/Sale/calender_NextButton' is clicked on&#xD;
&#xD;
2019-11-01 02:35:15 - [MESSAGE][PASSED] - Text of object 'Object Repository/Pages/Sale/link_MonthYear' is: 'January 2074'&#xD;
&#xD;
2019-11-01 02:35:15 - [MESSAGE][PASSED] - Object: 'Object Repository/Pages/Sale/calender_NextButton' is clicked on&#xD;
&#xD;
2019-11-01 02:35:15 - [MESSAGE][PASSED] - Text of object 'Object Repository/Pages/Sale/link_MonthYear' is: 'February 2074'&#xD;
&#xD;
2019-11-01 02:35:16 - [MESSAGE][PASSED] - Object: 'Object Repository/Pages/Sale/calender_NextButton' is clicked on&#xD;
&#xD;
2019-11-01 02:35:16 - [MESSAGE][PASSED] - Text of object 'Object Repository/Pages/Sale/link_MonthYear' is: 'March 2074'&#xD;
&#xD;
2019-11-01 02:35:16 - [MESSAGE][PASSED] - Object: 'Object Repository/Pages/Sale/calender_NextButton' is clicked on&#xD;
&#xD;
2019-11-01 02:35:16 - [MESSAGE][PASSED] - Text of object 'Object Repository/Pages/Sale/link_MonthYear' is: 'April 2074'&#xD;
&#xD;
2019-11-01 02:35:16 - [MESSAGE][PASSED] - Object: 'Object Repository/Pages/Sale/calender_NextButton' is clicked on&#xD;
&#xD;
2019-11-01 02:35:16 - [MESSAGE][PASSED] - Text of object 'Object Repository/Pages/Sale/link_MonthYear' is: 'May 2074'&#xD;
&#xD;
2019-11-01 02:35:16 - [MESSAGE][PASSED] - Object: 'Object Repository/Pages/Sale/calender_NextButton' is clicked on&#xD;
&#xD;
2019-11-01 02:35:16 - [MESSAGE][PASSED] - Text of object 'Object Repository/Pages/Sale/link_MonthYear' is: 'June 2074'&#xD;
&#xD;
2019-11-01 02:35:17 - [MESSAGE][PASSED] - Object: 'Object Repository/Pages/Sale/calender_NextButton' is clicked on&#xD;
&#xD;
2019-11-01 02:35:17 - [MESSAGE][PASSED] - Text of object 'Object Repository/Pages/Sale/link_MonthYear' is: 'July 2074'&#xD;
&#xD;
2019-11-01 02:35:17 - [MESSAGE][PASSED] - Object: 'Object Repository/Pages/Sale/calender_NextButton' is clicked on&#xD;
&#xD;
2019-11-01 02:35:17 - [MESSAGE][PASSED] - Text of object 'Object Repository/Pages/Sale/link_MonthYear' is: 'August 2074'&#xD;
&#xD;
2019-11-01 02:35:17 - [MESSAGE][PASSED] - Object: 'Object Repository/Pages/Sale/calender_NextButton' is clicked on&#xD;
&#xD;
2019-11-01 02:35:17 - [MESSAGE][PASSED] - Text of object 'Object Repository/Pages/Sale/link_MonthYear' is: 'September 2074'&#xD;
&#xD;
2019-11-01 02:35:18 - [MESSAGE][PASSED] - Object: 'Object Repository/Pages/Sale/calender_NextButton' is clicked on&#xD;
&#xD;
2019-11-01 02:35:18 - [MESSAGE][PASSED] - Text of object 'Object Repository/Pages/Sale/link_MonthYear' is: 'October 2074'&#xD;
&#xD;
2019-11-01 02:35:18 - [MESSAGE][PASSED] - Object: 'Object Repository/Pages/Sale/calender_NextButton' is clicked on&#xD;
&#xD;
2019-11-01 02:35:18 - [MESSAGE][PASSED] - Text of object 'Object Repository/Pages/Sale/link_MonthYear' is: 'November 2074'&#xD;
&#xD;
2019-11-01 02:35:18 - [MESSAGE][PASSED] - Object: 'Object Repository/Pages/Sale/calender_NextButton' is clicked on&#xD;
&#xD;
2019-11-01 02:35:18 - [MESSAGE][PASSED] - Text of object 'Object Repository/Pages/Sale/link_MonthYear' is: 'December 2074'&#xD;
&#xD;
2019-11-01 02:35:19 - [MESSAGE][PASSED] - Object: 'Object Repository/Pages/Sale/calender_NextButton' is clicked on&#xD;
&#xD;
2019-11-01 02:35:19 - [MESSAGE][PASSED] - Text of object 'Object Repository/Pages/Sale/link_MonthYear' is: 'January 2075'&#xD;
&#xD;
2019-11-01 02:35:19 - [MESSAGE][PASSED] - Object: 'Object Repository/Pages/Sale/calender_NextButton' is clicked on&#xD;
&#xD;
2019-11-01 02:35:19 - [MESSAGE][PASSED] - Text of object 'Object Repository/Pages/Sale/link_MonthYear' is: 'February 2075'&#xD;
&#xD;
2019-11-01 02:35:19 - [MESSAGE][PASSED] - Object: 'Object Repository/Pages/Sale/calender_NextButton' is clicked on&#xD;
&#xD;
2019-11-01 02:35:19 - [MESSAGE][PASSED] - Text of object 'Object Repository/Pages/Sale/link_MonthYear' is: 'March 2075'&#xD;
&#xD;
2019-11-01 02:35:19 - [MESSAGE][PASSED] - Object: 'Object Repository/Pages/Sale/calender_NextButton' is clicked on&#xD;
&#xD;
2019-11-01 02:35:19 - [MESSAGE][PASSED] - Text of object 'Object Repository/Pages/Sale/link_MonthYear' is: 'April 2075'&#xD;
&#xD;
2019-11-01 02:35:20 - [MESSAGE][PASSED] - Object: 'Object Repository/Pages/Sale/calender_NextButton' is clicked on&#xD;
&#xD;
2019-11-01 02:35:20 - [MESSAGE][PASSED] - Text of object 'Object Repository/Pages/Sale/link_MonthYear' is: 'May 2075'&#xD;
&#xD;
2019-11-01 02:35:20 - [MESSAGE][PASSED] - Object: 'Object Repository/Pages/Sale/calender_NextButton' is clicked on&#xD;
&#xD;
2019-11-01 02:35:20 - [MESSAGE][PASSED] - Text of object 'Object Repository/Pages/Sale/link_MonthYear' is: 'June 2075'&#xD;
&#xD;
2019-11-01 02:35:20 - [MESSAGE][PASSED] - Object: 'Object Repository/Pages/Sale/calender_NextButton' is clicked on&#xD;
&#xD;
2019-11-01 02:35:20 - [MESSAGE][PASSED] - Text of object 'Object Repository/Pages/Sale/link_MonthYear' is: 'July 2075'&#xD;
&#xD;
2019-11-01 02:35:20 - [MESSAGE][PASSED] - Object: 'Object Repository/Pages/Sale/calender_NextButton' is clicked on&#xD;
&#xD;
2019-11-01 02:35:20 - [MESSAGE][PASSED] - Text of object 'Object Repository/Pages/Sale/link_MonthYear' is: 'August 2075'&#xD;
&#xD;
2019-11-01 02:35:21 - [MESSAGE][PASSED] - Object: 'Object Repository/Pages/Sale/calender_NextButton' is clicked on&#xD;
&#xD;
2019-11-01 02:35:21 - [MESSAGE][PASSED] - Text of object 'Object Repository/Pages/Sale/link_MonthYear' is: 'September 2075'&#xD;
&#xD;
2019-11-01 02:35:21 - [MESSAGE][PASSED] - Object: 'Object Repository/Pages/Sale/calender_NextButton' is clicked on&#xD;
&#xD;
2019-11-01 02:35:21 - [MESSAGE][PASSED] - Text of object 'Object Repository/Pages/Sale/link_MonthYear' is: 'October 2075'&#xD;
&#xD;
2019-11-01 02:35:21 - [MESSAGE][PASSED] - Object: 'Object Repository/Pages/Sale/calender_NextButton' is clicked on&#xD;
&#xD;
2019-11-01 02:35:21 - [MESSAGE][PASSED] - Text of object 'Object Repository/Pages/Sale/link_MonthYear' is: 'November 2075'&#xD;
&#xD;
2019-11-01 02:35:22 - [MESSAGE][PASSED] - Object: 'Object Repository/Pages/Sale/calender_NextButton' is clicked on&#xD;
&#xD;
2019-11-01 02:35:22 - [MESSAGE][PASSED] - Text of object 'Object Repository/Pages/Sale/link_MonthYear' is: 'December 2075'&#xD;
&#xD;
2019-11-01 02:35:22 - [MESSAGE][PASSED] - Object: 'Object Repository/Pages/Sale/calender_NextButton' is clicked on&#xD;
&#xD;
2019-11-01 02:35:22 - [MESSAGE][PASSED] - Text of object 'Object Repository/Pages/Sale/link_MonthYear' is: 'January 2076'&#xD;
&#xD;
2019-11-01 02:35:22 - [MESSAGE][PASSED] - Object: 'Object Repository/Pages/Sale/calender_NextButton' is clicked on&#xD;
&#xD;
2019-11-01 02:35:22 - [MESSAGE][PASSED] - Text of object 'Object Repository/Pages/Sale/link_MonthYear' is: 'February 2076'&#xD;
&#xD;
2019-11-01 02:35:22 - [MESSAGE][PASSED] - Object: 'Object Repository/Pages/Sale/calender_NextButton' is clicked on&#xD;
&#xD;
2019-11-01 02:35:22 - [MESSAGE][PASSED] - Text of object 'Object Repository/Pages/Sale/link_MonthYear' is: 'March 2076'&#xD;
&#xD;
2019-11-01 02:35:23 - [MESSAGE][PASSED] - Object: 'Object Repository/Pages/Sale/calender_NextButton' is clicked on&#xD;
&#xD;
2019-11-01 02:35:23 - [MESSAGE][PASSED] - Text of object 'Object Repository/Pages/Sale/link_MonthYear' is: 'April 2076'&#xD;
&#xD;
2019-11-01 02:35:23 - [MESSAGE][PASSED] - Object: 'Object Repository/Pages/Sale/calender_NextButton' is clicked on&#xD;
&#xD;
2019-11-01 02:35:23 - [MESSAGE][PASSED] - Text of object 'Object Repository/Pages/Sale/link_MonthYear' is: 'May 2076'&#xD;
&#xD;
2019-11-01 02:35:23 - [MESSAGE][PASSED] - Object: 'Object Repository/Pages/Sale/calender_NextButton' is clicked on&#xD;
&#xD;
2019-11-01 02:35:23 - [MESSAGE][PASSED] - Text of object 'Object Repository/Pages/Sale/link_MonthYear' is: 'June 2076'&#xD;
&#xD;
2019-11-01 02:35:23 - [MESSAGE][PASSED] - Object: 'Object Repository/Pages/Sale/calender_NextButton' is clicked on&#xD;
&#xD;
2019-11-01 02:35:23 - [MESSAGE][PASSED] - Text of object 'Object Repository/Pages/Sale/link_MonthYear' is: 'July 2076'&#xD;
&#xD;
2019-11-01 02:35:24 - [MESSAGE][PASSED] - Object: 'Object Repository/Pages/Sale/calender_NextButton' is clicked on&#xD;
&#xD;
2019-11-01 02:35:24 - [MESSAGE][PASSED] - Text of object 'Object Repository/Pages/Sale/link_MonthYear' is: 'August 2076'&#xD;
&#xD;
2019-11-01 02:35:24 - [MESSAGE][PASSED] - Object: 'Object Repository/Pages/Sale/calender_NextButton' is clicked on&#xD;
&#xD;
2019-11-01 02:35:24 - [MESSAGE][PASSED] - Text of object 'Object Repository/Pages/Sale/link_MonthYear' is: 'September 2076'&#xD;
&#xD;
2019-11-01 02:35:24 - [MESSAGE][PASSED] - Object: 'Object Repository/Pages/Sale/calender_NextButton' is clicked on&#xD;
&#xD;
2019-11-01 02:35:24 - [MESSAGE][PASSED] - Text of object 'Object Repository/Pages/Sale/link_MonthYear' is: 'October 2076'&#xD;
&#xD;
2019-11-01 02:35:25 - [MESSAGE][PASSED] - Object: 'Object Repository/Pages/Sale/calender_NextButton' is clicked on&#xD;
&#xD;
2019-11-01 02:35:25 - [MESSAGE][PASSED] - Text of object 'Object Repository/Pages/Sale/link_MonthYear' is: 'November 2076'&#xD;
&#xD;
2019-11-01 02:35:25 - [MESSAGE][PASSED] - Object: 'Object Repository/Pages/Sale/calender_NextButton' is clicked on&#xD;
&#xD;
2019-11-01 02:35:25 - [MESSAGE][PASSED] - Text of object 'Object Repository/Pages/Sale/link_MonthYear' is: 'December 2076'&#xD;
&#xD;
2019-11-01 02:35:25 - [MESSAGE][PASSED] - Object: 'Object Repository/Pages/Sale/calender_NextButton' is clicked on&#xD;
&#xD;
2019-11-01 02:35:25 - [MESSAGE][PASSED] - Text of object 'Object Repository/Pages/Sale/link_MonthYear' is: 'January 2077'&#xD;
&#xD;
2019-11-01 02:35:25 - [MESSAGE][PASSED] - Object: 'Object Repository/Pages/Sale/calender_NextButton' is clicked on&#xD;
&#xD;
2019-11-01 02:35:25 - [MESSAGE][PASSED] - Text of object 'Object Repository/Pages/Sale/link_MonthYear' is: 'February 2077'&#xD;
&#xD;
2019-11-01 02:35:26 - [MESSAGE][PASSED] - Object: 'Object Repository/Pages/Sale/calender_NextButton' is clicked on&#xD;
&#xD;
2019-11-01 02:35:26 - [MESSAGE][PASSED] - Text of object 'Object Repository/Pages/Sale/link_MonthYear' is: 'March 2077'&#xD;
&#xD;
2019-11-01 02:35:26 - [MESSAGE][PASSED] - Object: 'Object Repository/Pages/Sale/calender_NextButton' is clicked on&#xD;
&#xD;
2019-11-01 02:35:26 - [MESSAGE][PASSED] - Text of object 'Object Repository/Pages/Sale/link_MonthYear' is: 'April 2077'&#xD;
&#xD;
2019-11-01 02:35:26 - [MESSAGE][PASSED] - Object: 'Object Repository/Pages/Sale/calender_NextButton' is clicked on&#xD;
&#xD;
2019-11-01 02:35:26 - [MESSAGE][PASSED] - Text of object 'Object Repository/Pages/Sale/link_MonthYear' is: 'May 2077'&#xD;
&#xD;
2019-11-01 02:35:26 - [MESSAGE][PASSED] - Object: 'Object Repository/Pages/Sale/calender_NextButton' is clicked on&#xD;
&#xD;
2019-11-01 02:35:26 - [MESSAGE][PASSED] - Text of object 'Object Repository/Pages/Sale/link_MonthYear' is: 'June 2077'&#xD;
&#xD;
2019-11-01 02:35:27 - [MESSAGE][PASSED] - Object: 'Object Repository/Pages/Sale/calender_NextButton' is clicked on&#xD;
&#xD;
2019-11-01 02:35:27 - [MESSAGE][PASSED] - Text of object 'Object Repository/Pages/Sale/link_MonthYear' is: 'July 2077'&#xD;
&#xD;
2019-11-01 02:35:27 - [MESSAGE][PASSED] - Object: 'Object Repository/Pages/Sale/calender_NextButton' is clicked on&#xD;
&#xD;
2019-11-01 02:35:27 - [MESSAGE][PASSED] - Text of object 'Object Repository/Pages/Sale/link_MonthYear' is: 'August 2077'&#xD;
&#xD;
2019-11-01 02:35:27 - [MESSAGE][PASSED] - Object: 'Object Repository/Pages/Sale/calender_NextButton' is clicked on&#xD;
&#xD;
2019-11-01 02:35:27 - [MESSAGE][PASSED] - Text of object 'Object Repository/Pages/Sale/link_MonthYear' is: 'September 2077'&#xD;
&#xD;
2019-11-01 02:35:28 - [MESSAGE][PASSED] - Object: 'Object Repository/Pages/Sale/calender_NextButton' is clicked on&#xD;
&#xD;
2019-11-01 02:35:28 - [MESSAGE][PASSED] - Text of object 'Object Repository/Pages/Sale/link_MonthYear' is: 'October 2077'&#xD;
&#xD;
2019-11-01 02:35:28 - [MESSAGE][PASSED] - Object: 'Object Repository/Pages/Sale/calender_NextButton' is clicked on&#xD;
&#xD;
2019-11-01 02:35:28 - [MESSAGE][PASSED] - Text of object 'Object Repository/Pages/Sale/link_MonthYear' is: 'November 2077'&#xD;
&#xD;
2019-11-01 02:35:28 - [MESSAGE][PASSED] - Object: 'Object Repository/Pages/Sale/calender_NextButton' is clicked on&#xD;
&#xD;
2019-11-01 02:35:28 - [MESSAGE][PASSED] - Text of object 'Object Repository/Pages/Sale/link_MonthYear' is: 'December 2077'&#xD;
&#xD;
2019-11-01 02:35:28 - [MESSAGE][PASSED] - Object: 'Object Repository/Pages/Sale/calender_NextButton' is clicked on&#xD;
&#xD;
2019-11-01 02:35:28 - [MESSAGE][PASSED] - Text of object 'Object Repository/Pages/Sale/link_MonthYear' is: 'January 2078'&#xD;
&#xD;
2019-11-01 02:35:29 - [MESSAGE][PASSED] - Object: 'Object Repository/Pages/Sale/calender_NextButton' is clicked on&#xD;
&#xD;
2019-11-01 02:35:29 - [MESSAGE][PASSED] - Text of object 'Object Repository/Pages/Sale/link_MonthYear' is: 'February 2078'&#xD;
&#xD;
2019-11-01 02:35:29 - [MESSAGE][PASSED] - Object: 'Object Repository/Pages/Sale/calender_NextButton' is clicked on&#xD;
&#xD;
2019-11-01 02:35:29 - [MESSAGE][PASSED] - Text of object 'Object Repository/Pages/Sale/link_MonthYear' is: 'March 2078'&#xD;
&#xD;
2019-11-01 02:35:29 - [MESSAGE][PASSED] - Object: 'Object Repository/Pages/Sale/calender_NextButton' is clicked on&#xD;
&#xD;
2019-11-01 02:35:29 - [MESSAGE][PASSED] - Text of object 'Object Repository/Pages/Sale/link_MonthYear' is: 'April 2078'&#xD;
&#xD;
2019-11-01 02:35:29 - [MESSAGE][PASSED] - Object: 'Object Repository/Pages/Sale/calender_NextButton' is clicked on&#xD;
&#xD;
2019-11-01 02:35:29 - [MESSAGE][PASSED] - Text of object 'Object Repository/Pages/Sale/link_MonthYear' is: 'May 2078'&#xD;
&#xD;
2019-11-01 02:35:30 - [MESSAGE][PASSED] - Object: 'Object Repository/Pages/Sale/calender_NextButton' is clicked on&#xD;
&#xD;
2019-11-01 02:35:30 - [MESSAGE][PASSED] - Text of object 'Object Repository/Pages/Sale/link_MonthYear' is: 'June 2078'&#xD;
&#xD;
2019-11-01 02:35:30 - [MESSAGE][PASSED] - Object: 'Object Repository/Pages/Sale/calender_NextButton' is clicked on&#xD;
&#xD;
2019-11-01 02:35:30 - [MESSAGE][PASSED] - Text of object 'Object Repository/Pages/Sale/link_MonthYear' is: 'July 2078'&#xD;
&#xD;
2019-11-01 02:35:30 - [MESSAGE][PASSED] - Object: 'Object Repository/Pages/Sale/calender_NextButton' is clicked on&#xD;
&#xD;
2019-11-01 02:35:31 - [MESSAGE][PASSED] - Text of object 'Object Repository/Pages/Sale/link_MonthYear' is: 'August 2078'&#xD;
&#xD;
2019-11-01 02:35:31 - [MESSAGE][PASSED] - Object: 'Object Repository/Pages/Sale/calender_NextButton' is clicked on&#xD;
&#xD;
2019-11-01 02:35:31 - [MESSAGE][PASSED] - Text of object 'Object Repository/Pages/Sale/link_MonthYear' is: 'September 2078'&#xD;
&#xD;
2019-11-01 02:35:31 - [MESSAGE][PASSED] - Object: 'Object Repository/Pages/Sale/calender_NextButton' is clicked on&#xD;
&#xD;
2019-11-01 02:35:31 - [MESSAGE][PASSED] - Text of object 'Object Repository/Pages/Sale/link_MonthYear' is: 'October 2078'&#xD;
&#xD;
2019-11-01 02:35:31 - [MESSAGE][PASSED] - Object: 'Object Repository/Pages/Sale/calender_NextButton' is clicked on&#xD;
&#xD;
2019-11-01 02:35:31 - [MESSAGE][PASSED] - Text of object 'Object Repository/Pages/Sale/link_MonthYear' is: 'November 2078'&#xD;
&#xD;
2019-11-01 02:35:32 - [MESSAGE][PASSED] - Object: 'Object Repository/Pages/Sale/calender_NextButton' is clicked on&#xD;
&#xD;
2019-11-01 02:35:32 - [MESSAGE][PASSED] - Text of object 'Object Repository/Pages/Sale/link_MonthYear' is: 'December 2078'&#xD;
&#xD;
2019-11-01 02:35:32 - [MESSAGE][PASSED] - Object: 'Object Repository/Pages/Sale/calender_NextButton' is clicked on&#xD;
&#xD;
2019-11-01 02:35:32 - [MESSAGE][PASSED] - Text of object 'Object Repository/Pages/Sale/link_MonthYear' is: 'January 2079'&#xD;
&#xD;
2019-11-01 02:35:32 - [MESSAGE][PASSED] - Object: 'Object Repository/Pages/Sale/calender_NextButton' is clicked on&#xD;
&#xD;
2019-11-01 02:35:32 - [MESSAGE][PASSED] - Text of object 'Object Repository/Pages/Sale/link_MonthYear' is: 'February 2079'&#xD;
&#xD;
2019-11-01 02:35:33 - [MESSAGE][PASSED] - Object: 'Object Repository/Pages/Sale/calender_NextButton' is clicked on&#xD;
&#xD;
2019-11-01 02:35:33 - [MESSAGE][PASSED] - Text of object 'Object Repository/Pages/Sale/link_MonthYear' is: 'March 2079'&#xD;
&#xD;
2019-11-01 02:35:33 - [MESSAGE][PASSED] - Object: 'Object Repository/Pages/Sale/calender_NextButton' is clicked on&#xD;
&#xD;
2019-11-01 02:35:33 - [MESSAGE][PASSED] - Text of object 'Object Repository/Pages/Sale/link_MonthYear' is: 'April 2079'&#xD;
&#xD;
2019-11-01 02:35:33 - [MESSAGE][PASSED] - Object: 'Object Repository/Pages/Sale/calender_NextButton' is clicked on&#xD;
&#xD;
2019-11-01 02:35:33 - [MESSAGE][PASSED] - Text of object 'Object Repository/Pages/Sale/link_MonthYear' is: 'May 2079'&#xD;
&#xD;
2019-11-01 02:35:33 - [MESSAGE][PASSED] - Object: 'Object Repository/Pages/Sale/calender_NextButton' is clicked on&#xD;
&#xD;
2019-11-01 02:35:33 - [MESSAGE][PASSED] - Text of object 'Object Repository/Pages/Sale/link_MonthYear' is: 'June 2079'&#xD;
&#xD;
2019-11-01 02:35:34 - [MESSAGE][PASSED] - Object: 'Object Repository/Pages/Sale/calender_NextButton' is clicked on&#xD;
&#xD;
2019-11-01 02:35:34 - [MESSAGE][PASSED] - Text of object 'Object Repository/Pages/Sale/link_MonthYear' is: 'July 2079'&#xD;
&#xD;
2019-11-01 02:35:34 - [MESSAGE][PASSED] - Object: 'Object Repository/Pages/Sale/calender_NextButton' is clicked on&#xD;
&#xD;
2019-11-01 02:35:34 - [MESSAGE][PASSED] - Text of object 'Object Repository/Pages/Sale/link_MonthYear' is: 'August 2079'&#xD;
&#xD;
2019-11-01 02:35:34 - [MESSAGE][PASSED] - Object: 'Object Repository/Pages/Sale/calender_NextButton' is clicked on&#xD;
&#xD;
2019-11-01 02:35:34 - [MESSAGE][PASSED] - Text of object 'Object Repository/Pages/Sale/link_MonthYear' is: 'September 2079'&#xD;
&#xD;
2019-11-01 02:35:35 - [MESSAGE][PASSED] - Object: 'Object Repository/Pages/Sale/calender_NextButton' is clicked on&#xD;
&#xD;
2019-11-01 02:35:35 - [MESSAGE][PASSED] - Text of object 'Object Repository/Pages/Sale/link_MonthYear' is: 'October 2079'&#xD;
&#xD;
2019-11-01 02:35:35 - [MESSAGE][PASSED] - Object: 'Object Repository/Pages/Sale/calender_NextButton' is clicked on&#xD;
&#xD;
2019-11-01 02:35:35 - [MESSAGE][PASSED] - Text of object 'Object Repository/Pages/Sale/link_MonthYear' is: 'November 2079'&#xD;
&#xD;
2019-11-01 02:35:35 - [MESSAGE][PASSED] - Object: 'Object Repository/Pages/Sale/calender_NextButton' is clicked on&#xD;
&#xD;
2019-11-01 02:35:35 - [MESSAGE][PASSED] - Text of object 'Object Repository/Pages/Sale/link_MonthYear' is: 'December 2079'&#xD;
&#xD;
2019-11-01 02:35:35 - [MESSAGE][PASSED] - Object: 'Object Repository/Pages/Sale/calender_NextButton' is clicked on&#xD;
&#xD;
2019-11-01 02:35:35 - [MESSAGE][PASSED] - Text of object 'Object Repository/Pages/Sale/link_MonthYear' is: 'January 2080'&#xD;
&#xD;
2019-11-01 02:35:36 - [MESSAGE][PASSED] - Object: 'Object Repository/Pages/Sale/calender_NextButton' is clicked on&#xD;
&#xD;
2019-11-01 02:35:36 - [MESSAGE][PASSED] - Text of object 'Object Repository/Pages/Sale/link_MonthYear' is: 'February 2080'&#xD;
&#xD;
2019-11-01 02:35:36 - [MESSAGE][PASSED] - Object: 'Object Repository/Pages/Sale/calender_NextButton' is clicked on&#xD;
&#xD;
2019-11-01 02:35:36 - [MESSAGE][PASSED] - Text of object 'Object Repository/Pages/Sale/link_MonthYear' is: 'March 2080'&#xD;
&#xD;
2019-11-01 02:35:36 - [MESSAGE][PASSED] - Object: 'Object Repository/Pages/Sale/calender_NextButton' is clicked on&#xD;
&#xD;
2019-11-01 02:35:36 - [MESSAGE][PASSED] - Text of object 'Object Repository/Pages/Sale/link_MonthYear' is: 'April 2080'&#xD;
&#xD;
2019-11-01 02:35:37 - [MESSAGE][PASSED] - Object: 'Object Repository/Pages/Sale/calender_NextButton' is clicked on&#xD;
&#xD;
2019-11-01 02:35:37 - [MESSAGE][PASSED] - Text of object 'Object Repository/Pages/Sale/link_MonthYear' is: 'May 2080'&#xD;
&#xD;
2019-11-01 02:35:37 - [MESSAGE][PASSED] - Object: 'Object Repository/Pages/Sale/calender_NextButton' is clicked on&#xD;
&#xD;
2019-11-01 02:35:37 - [MESSAGE][PASSED] - Text of object 'Object Repository/Pages/Sale/link_MonthYear' is: 'June 2080'&#xD;
&#xD;
2019-11-01 02:35:37 - [MESSAGE][PASSED] - Object: 'Object Repository/Pages/Sale/calender_NextButton' is clicked on&#xD;
&#xD;
2019-11-01 02:35:37 - [MESSAGE][PASSED] - Text of object 'Object Repository/Pages/Sale/link_MonthYear' is: 'July 2080'&#xD;
&#xD;
2019-11-01 02:35:37 - [MESSAGE][PASSED] - Object: 'Object Repository/Pages/Sale/calender_NextButton' is clicked on&#xD;
&#xD;
2019-11-01 02:35:37 - [MESSAGE][PASSED] - Text of object 'Object Repository/Pages/Sale/link_MonthYear' is: 'August 2080'&#xD;
&#xD;
2019-11-01 02:35:38 - [MESSAGE][PASSED] - Object: 'Object Repository/Pages/Sale/calender_NextButton' is clicked on&#xD;
&#xD;
2019-11-01 02:35:38 - [MESSAGE][PASSED] - Text of object 'Object Repository/Pages/Sale/link_MonthYear' is: 'September 2080'&#xD;
&#xD;
2019-11-01 02:35:38 - [MESSAGE][PASSED] - Object: 'Object Repository/Pages/Sale/calender_NextButton' is clicked on&#xD;
&#xD;
2019-11-01 02:35:38 - [MESSAGE][PASSED] - Text of object 'Object Repository/Pages/Sale/link_MonthYear' is: 'October 2080'&#xD;
&#xD;
2019-11-01 02:35:38 - [MESSAGE][PASSED] - Object: 'Object Repository/Pages/Sale/calender_NextButton' is clicked on&#xD;
&#xD;
2019-11-01 02:35:38 - [MESSAGE][PASSED] - Text of object 'Object Repository/Pages/Sale/link_MonthYear' is: 'November 2080'&#xD;
&#xD;
2019-11-01 02:35:39 - [MESSAGE][PASSED] - Object: 'Object Repository/Pages/Sale/calender_NextButton' is clicked on&#xD;
&#xD;
2019-11-01 02:35:39 - [MESSAGE][PASSED] - Text of object 'Object Repository/Pages/Sale/link_MonthYear' is: 'December 2080'&#xD;
&#xD;
2019-11-01 02:35:39 - [MESSAGE][PASSED] - Object: 'Object Repository/Pages/Sale/calender_NextButton' is clicked on&#xD;
&#xD;
2019-11-01 02:35:39 - [MESSAGE][PASSED] - Text of object 'Object Repository/Pages/Sale/link_MonthYear' is: 'January 2081'&#xD;
&#xD;
2019-11-01 02:35:39 - [MESSAGE][PASSED] - Object: 'Object Repository/Pages/Sale/calender_NextButton' is clicked on&#xD;
&#xD;
2019-11-01 02:35:39 - [MESSAGE][PASSED] - Text of object 'Object Repository/Pages/Sale/link_MonthYear' is: 'February 2081'&#xD;
&#xD;
2019-11-01 02:35:39 - [MESSAGE][PASSED] - Object: 'Object Repository/Pages/Sale/calender_NextButton' is clicked on&#xD;
&#xD;
2019-11-01 02:35:39 - [MESSAGE][PASSED] - Text of object 'Object Repository/Pages/Sale/link_MonthYear' is: 'March 2081'&#xD;
&#xD;
2019-11-01 02:35:40 - [MESSAGE][PASSED] - Object: 'Object Repository/Pages/Sale/calender_NextButton' is clicked on&#xD;
&#xD;
2019-11-01 02:35:40 - [MESSAGE][PASSED] - Text of object 'Object Repository/Pages/Sale/link_MonthYear' is: 'April 2081'&#xD;
&#xD;
2019-11-01 02:35:40 - [MESSAGE][PASSED] - Object: 'Object Repository/Pages/Sale/calender_NextButton' is clicked on&#xD;
&#xD;
2019-11-01 02:35:40 - [MESSAGE][PASSED] - Text of object 'Object Repository/Pages/Sale/link_MonthYear' is: 'May 2081'&#xD;
&#xD;
2019-11-01 02:35:40 - [MESSAGE][PASSED] - Object: 'Object Repository/Pages/Sale/calender_NextButton' is clicked on&#xD;
&#xD;
2019-11-01 02:35:40 - [MESSAGE][PASSED] - Text of object 'Object Repository/Pages/Sale/link_MonthYear' is: 'June 2081'&#xD;
&#xD;
2019-11-01 02:35:41 - [MESSAGE][PASSED] - Object: 'Object Repository/Pages/Sale/calender_NextButton' is clicked on&#xD;
&#xD;
2019-11-01 02:35:41 - [MESSAGE][PASSED] - Text of object 'Object Repository/Pages/Sale/link_MonthYear' is: 'July 2081'&#xD;
&#xD;
2019-11-01 02:35:41 - [MESSAGE][PASSED] - Object: 'Object Repository/Pages/Sale/calender_NextButton' is clicked on&#xD;
&#xD;
2019-11-01 02:35:41 - [MESSAGE][PASSED] - Text of object 'Object Repository/Pages/Sale/link_MonthYear' is: 'August 2081'&#xD;
&#xD;
2019-11-01 02:35:41 - [MESSAGE][PASSED] - Object: 'Object Repository/Pages/Sale/calender_NextButton' is clicked on&#xD;
&#xD;
2019-11-01 02:35:41 - [MESSAGE][PASSED] - Text of object 'Object Repository/Pages/Sale/link_MonthYear' is: 'September 2081'&#xD;
&#xD;
2019-11-01 02:35:41 - [MESSAGE][PASSED] - Object: 'Object Repository/Pages/Sale/calender_NextButton' is clicked on&#xD;
&#xD;
2019-11-01 02:35:41 - [MESSAGE][PASSED] - Text of object 'Object Repository/Pages/Sale/link_MonthYear' is: 'October 2081'&#xD;
&#xD;
2019-11-01 02:35:42 - [MESSAGE][PASSED] - Object: 'Object Repository/Pages/Sale/calender_NextButton' is clicked on&#xD;
&#xD;
2019-11-01 02:35:42 - [MESSAGE][PASSED] - Text of object 'Object Repository/Pages/Sale/link_MonthYear' is: 'November 2081'&#xD;
&#xD;
2019-11-01 02:35:42 - [MESSAGE][PASSED] - Object: 'Object Repository/Pages/Sale/calender_NextButton' is clicked on&#xD;
&#xD;
2019-11-01 02:35:42 - [MESSAGE][PASSED] - Text of object 'Object Repository/Pages/Sale/link_MonthYear' is: 'December 2081'&#xD;
&#xD;
2019-11-01 02:35:42 - [MESSAGE][PASSED] - Object: 'Object Repository/Pages/Sale/calender_NextButton' is clicked on&#xD;
&#xD;
2019-11-01 02:35:42 - [MESSAGE][PASSED] - Text of object 'Object Repository/Pages/Sale/link_MonthYear' is: 'January 2082'&#xD;
&#xD;
2019-11-01 02:35:42 - [MESSAGE][PASSED] - Object: 'Object Repository/Pages/Sale/calender_NextButton' is clicked on&#xD;
&#xD;
2019-11-01 02:35:42 - [MESSAGE][PASSED] - Text of object 'Object Repository/Pages/Sale/link_MonthYear' is: 'February 2082'&#xD;
&#xD;
2019-11-01 02:35:43 - [MESSAGE][PASSED] - Object: 'Object Repository/Pages/Sale/calender_NextButton' is clicked on&#xD;
&#xD;
2019-11-01 02:35:43 - [MESSAGE][PASSED] - Text of object 'Object Repository/Pages/Sale/link_MonthYear' is: 'March 2082'&#xD;
&#xD;
2019-11-01 02:35:43 - [MESSAGE][PASSED] - Object: 'Object Repository/Pages/Sale/calender_NextButton' is clicked on&#xD;
&#xD;
2019-11-01 02:35:43 - [MESSAGE][PASSED] - Text of object 'Object Repository/Pages/Sale/link_MonthYear' is: 'April 2082'&#xD;
&#xD;
2019-11-01 02:35:43 - [MESSAGE][PASSED] - Object: 'Object Repository/Pages/Sale/calender_NextButton' is clicked on&#xD;
&#xD;
2019-11-01 02:35:43 - [MESSAGE][PASSED] - Text of object 'Object Repository/Pages/Sale/link_MonthYear' is: 'May 2082'&#xD;
&#xD;
2019-11-01 02:35:43 - [MESSAGE][PASSED] - Object: 'Object Repository/Pages/Sale/calender_NextButton' is clicked on&#xD;
&#xD;
2019-11-01 02:35:43 - [MESSAGE][PASSED] - Text of object 'Object Repository/Pages/Sale/link_MonthYear' is: 'June 2082'&#xD;
&#xD;
2019-11-01 02:35:44 - [MESSAGE][PASSED] - Object: 'Object Repository/Pages/Sale/calender_NextButton' is clicked on&#xD;
&#xD;
2019-11-01 02:35:44 - [MESSAGE][PASSED] - Text of object 'Object Repository/Pages/Sale/link_MonthYear' is: 'July 2082'&#xD;
&#xD;
2019-11-01 02:35:44 - [MESSAGE][PASSED] - Object: 'Object Repository/Pages/Sale/calender_NextButton' is clicked on&#xD;
&#xD;
2019-11-01 02:35:44 - [MESSAGE][PASSED] - Text of object 'Object Repository/Pages/Sale/link_MonthYear' is: 'August 2082'&#xD;
&#xD;
2019-11-01 02:35:44 - [MESSAGE][PASSED] - Object: 'Object Repository/Pages/Sale/calender_NextButton' is clicked on&#xD;
&#xD;
2019-11-01 02:35:44 - [MESSAGE][PASSED] - Text of object 'Object Repository/Pages/Sale/link_MonthYear' is: 'September 2082'&#xD;
&#xD;
2019-11-01 02:35:45 - [MESSAGE][PASSED] - Object: 'Object Repository/Pages/Sale/calender_NextButton' is clicked on&#xD;
&#xD;
2019-11-01 02:35:45 - [MESSAGE][PASSED] - Text of object 'Object Repository/Pages/Sale/link_MonthYear' is: 'October 2082'&#xD;
&#xD;
2019-11-01 02:35:45 - [MESSAGE][PASSED] - Object: 'Object Repository/Pages/Sale/calender_NextButton' is clicked on&#xD;
&#xD;
2019-11-01 02:35:45 - [MESSAGE][PASSED] - Text of object 'Object Repository/Pages/Sale/link_MonthYear' is: 'November 2082'&#xD;
&#xD;
2019-11-01 02:35:45 - [MESSAGE][PASSED] - Object: 'Object Repository/Pages/Sale/calender_NextButton' is clicked on&#xD;
&#xD;
2019-11-01 02:35:45 - [MESSAGE][PASSED] - Text of object 'Object Repository/Pages/Sale/link_MonthYear' is: 'December 2082'&#xD;
&#xD;
2019-11-01 02:35:45 - [MESSAGE][PASSED] - Object: 'Object Repository/Pages/Sale/calender_NextButton' is clicked on&#xD;
&#xD;
2019-11-01 02:35:45 - [MESSAGE][PASSED] - Text of object 'Object Repository/Pages/Sale/link_MonthYear' is: 'January 2083'&#xD;
&#xD;
2019-11-01 02:35:46 - [MESSAGE][PASSED] - Object: 'Object Repository/Pages/Sale/calender_NextButton' is clicked on&#xD;
&#xD;
2019-11-01 02:35:46 - [MESSAGE][PASSED] - Text of object 'Object Repository/Pages/Sale/link_MonthYear' is: 'February 2083'&#xD;
&#xD;
2019-11-01 02:35:46 - [MESSAGE][PASSED] - Object: 'Object Repository/Pages/Sale/calender_NextButton' is clicked on&#xD;
&#xD;
2019-11-01 02:35:46 - [MESSAGE][PASSED] - Text of object 'Object Repository/Pages/Sale/link_MonthYear' is: 'March 2083'&#xD;
&#xD;
2019-11-01 02:35:46 - [MESSAGE][PASSED] - Object: 'Object Repository/Pages/Sale/calender_NextButton' is clicked on&#xD;
&#xD;
2019-11-01 02:35:46 - [MESSAGE][PASSED] - Text of object 'Object Repository/Pages/Sale/link_MonthYear' is: 'April 2083'&#xD;
&#xD;
2019-11-01 02:35:46 - [MESSAGE][PASSED] - Object: 'Object Repository/Pages/Sale/calender_NextButton' is clicked on&#xD;
&#xD;
2019-11-01 02:35:46 - [MESSAGE][PASSED] - Text of object 'Object Repository/Pages/Sale/link_MonthYear' is: 'May 2083'&#xD;
&#xD;
2019-11-01 02:35:47 - [MESSAGE][PASSED] - Object: 'Object Repository/Pages/Sale/calender_NextButton' is clicked on&#xD;
&#xD;
2019-11-01 02:35:47 - [MESSAGE][PASSED] - Text of object 'Object Repository/Pages/Sale/link_MonthYear' is: 'June 2083'&#xD;
&#xD;
2019-11-01 02:35:47 - [MESSAGE][PASSED] - Object: 'Object Repository/Pages/Sale/calender_NextButton' is clicked on&#xD;
&#xD;
2019-11-01 02:35:47 - [MESSAGE][PASSED] - Text of object 'Object Repository/Pages/Sale/link_MonthYear' is: 'July 2083'&#xD;
&#xD;
2019-11-01 02:35:47 - [MESSAGE][PASSED] - Object: 'Object Repository/Pages/Sale/calender_NextButton' is clicked on&#xD;
&#xD;
2019-11-01 02:35:47 - [MESSAGE][PASSED] - Text of object 'Object Repository/Pages/Sale/link_MonthYear' is: 'August 2083'&#xD;
&#xD;
2019-11-01 02:35:48 - [MESSAGE][PASSED] - Object: 'Object Repository/Pages/Sale/calender_NextButton' is clicked on&#xD;
&#xD;
2019-11-01 02:35:48 - [MESSAGE][PASSED] - Text of object 'Object Repository/Pages/Sale/link_MonthYear' is: 'September 2083'&#xD;
&#xD;
2019-11-01 02:35:48 - [MESSAGE][PASSED] - Object: 'Object Repository/Pages/Sale/calender_NextButton' is clicked on&#xD;
&#xD;
2019-11-01 02:35:48 - [MESSAGE][PASSED] - Text of object 'Object Repository/Pages/Sale/link_MonthYear' is: 'October 2083'&#xD;
&#xD;
2019-11-01 02:35:48 - [MESSAGE][PASSED] - Object: 'Object Repository/Pages/Sale/calender_NextButton' is clicked on&#xD;
&#xD;
2019-11-01 02:35:48 - [MESSAGE][PASSED] - Text of object 'Object Repository/Pages/Sale/link_MonthYear' is: 'November 2083'&#xD;
&#xD;
2019-11-01 02:35:48 - [MESSAGE][PASSED] - Object: 'Object Repository/Pages/Sale/calender_NextButton' is clicked on&#xD;
&#xD;
2019-11-01 02:35:49 - [MESSAGE][PASSED] - Text of object 'Object Repository/Pages/Sale/link_MonthYear' is: 'December 2083'&#xD;
&#xD;
2019-11-01 02:35:49 - [MESSAGE][PASSED] - Object: 'Object Repository/Pages/Sale/calender_NextButton' is clicked on&#xD;
&#xD;
2019-11-01 02:35:49 - [MESSAGE][PASSED] - Text of object 'Object Repository/Pages/Sale/link_MonthYear' is: 'January 2084'&#xD;
&#xD;
2019-11-01 02:35:49 - [MESSAGE][PASSED] - Object: 'Object Repository/Pages/Sale/calender_NextButton' is clicked on&#xD;
&#xD;
2019-11-01 02:35:49 - [MESSAGE][PASSED] - Text of object 'Object Repository/Pages/Sale/link_MonthYear' is: 'February 2084'&#xD;
&#xD;
2019-11-01 02:35:49 - [MESSAGE][PASSED] - Object: 'Object Repository/Pages/Sale/calender_NextButton' is clicked on&#xD;
&#xD;
2019-11-01 02:35:49 - [MESSAGE][PASSED] - Text of object 'Object Repository/Pages/Sale/link_MonthYear' is: 'March 2084'&#xD;
&#xD;
2019-11-01 02:35:50 - [MESSAGE][PASSED] - Object: 'Object Repository/Pages/Sale/calender_NextButton' is clicked on&#xD;
&#xD;
2019-11-01 02:35:50 - [MESSAGE][PASSED] - Text of object 'Object Repository/Pages/Sale/link_MonthYear' is: 'April 2084'&#xD;
&#xD;
2019-11-01 02:35:50 - [MESSAGE][PASSED] - Object: 'Object Repository/Pages/Sale/calender_NextButton' is clicked on&#xD;
&#xD;
2019-11-01 02:35:50 - [MESSAGE][PASSED] - Text of object 'Object Repository/Pages/Sale/link_MonthYear' is: 'May 2084'&#xD;
&#xD;
2019-11-01 02:35:50 - [MESSAGE][PASSED] - Object: 'Object Repository/Pages/Sale/calender_NextButton' is clicked on&#xD;
&#xD;
2019-11-01 02:35:50 - [MESSAGE][PASSED] - Text of object 'Object Repository/Pages/Sale/link_MonthYear' is: 'June 2084'&#xD;
&#xD;
2019-11-01 02:35:50 - [MESSAGE][PASSED] - Object: 'Object Repository/Pages/Sale/calender_NextButton' is clicked on&#xD;
&#xD;
2019-11-01 02:35:50 - [MESSAGE][PASSED] - Text of object 'Object Repository/Pages/Sale/link_MonthYear' is: 'July 2084'&#xD;
&#xD;
2019-11-01 02:35:51 - [MESSAGE][PASSED] - Object: 'Object Repository/Pages/Sale/calender_NextButton' is clicked on&#xD;
&#xD;
2019-11-01 02:35:51 - [MESSAGE][PASSED] - Text of object 'Object Repository/Pages/Sale/link_MonthYear' is: 'August 2084'&#xD;
&#xD;
2019-11-01 02:35:51 - [MESSAGE][PASSED] - Object: 'Object Repository/Pages/Sale/calender_NextButton' is clicked on&#xD;
&#xD;
2019-11-01 02:35:51 - [MESSAGE][PASSED] - Text of object 'Object Repository/Pages/Sale/link_MonthYear' is: 'September 2084'&#xD;
&#xD;
2019-11-01 02:35:51 - [MESSAGE][PASSED] - Object: 'Object Repository/Pages/Sale/calender_NextButton' is clicked on&#xD;
&#xD;
2019-11-01 02:35:51 - [MESSAGE][PASSED] - Text of object 'Object Repository/Pages/Sale/link_MonthYear' is: 'October 2084'&#xD;
&#xD;
2019-11-01 02:35:51 - [MESSAGE][PASSED] - Object: 'Object Repository/Pages/Sale/calender_NextButton' is clicked on&#xD;
&#xD;
2019-11-01 02:35:51 - [MESSAGE][PASSED] - Text of object 'Object Repository/Pages/Sale/link_MonthYear' is: 'November 2084'&#xD;
&#xD;
2019-11-01 02:35:52 - [MESSAGE][PASSED] - Object: 'Object Repository/Pages/Sale/calender_NextButton' is clicked on&#xD;
&#xD;
2019-11-01 02:35:52 - [MESSAGE][PASSED] - Text of object 'Object Repository/Pages/Sale/link_MonthYear' is: 'December 2084'&#xD;
&#xD;
2019-11-01 02:35:52 - [MESSAGE][PASSED] - Object: 'Object Repository/Pages/Sale/calender_NextButton' is clicked on&#xD;
&#xD;
2019-11-01 02:35:52 - [MESSAGE][PASSED] - Text of object 'Object Repository/Pages/Sale/link_MonthYear' is: 'January 2085'&#xD;
&#xD;
2019-11-01 02:35:52 - [MESSAGE][PASSED] - Object: 'Object Repository/Pages/Sale/calender_NextButton' is clicked on&#xD;
&#xD;
2019-11-01 02:35:52 - [MESSAGE][PASSED] - Text of object 'Object Repository/Pages/Sale/link_MonthYear' is: 'February 2085'&#xD;
&#xD;
2019-11-01 02:35:53 - [MESSAGE][PASSED] - Object: 'Object Repository/Pages/Sale/calender_NextButton' is clicked on&#xD;
&#xD;
2019-11-01 02:35:53 - [MESSAGE][PASSED] - Text of object 'Object Repository/Pages/Sale/link_MonthYear' is: 'March 2085'&#xD;
&#xD;
2019-11-01 02:35:53 - [MESSAGE][PASSED] - Object: 'Object Repository/Pages/Sale/calender_NextButton' is clicked on&#xD;
&#xD;
2019-11-01 02:35:53 - [MESSAGE][PASSED] - Text of object 'Object Repository/Pages/Sale/link_MonthYear' is: 'April 2085'&#xD;
&#xD;
2019-11-01 02:35:53 - [MESSAGE][PASSED] - Object: 'Object Repository/Pages/Sale/calender_NextButton' is clicked on&#xD;
&#xD;
2019-11-01 02:35:53 - [MESSAGE][PASSED] - Text of object 'Object Repository/Pages/Sale/link_MonthYear' is: 'May 2085'&#xD;
&#xD;
2019-11-01 02:35:53 - [MESSAGE][PASSED] - Object: 'Object Repository/Pages/Sale/calender_NextButton' is clicked on&#xD;
&#xD;
2019-11-01 02:35:53 - [MESSAGE][PASSED] - Text of object 'Object Repository/Pages/Sale/link_MonthYear' is: 'June 2085'&#xD;
&#xD;
2019-11-01 02:35:54 - [MESSAGE][PASSED] - Object: 'Object Repository/Pages/Sale/calender_NextButton' is clicked on&#xD;
&#xD;
2019-11-01 02:35:54 - [MESSAGE][PASSED] - Text of object 'Object Repository/Pages/Sale/link_MonthYear' is: 'July 2085'&#xD;
&#xD;
2019-11-01 02:35:54 - [MESSAGE][PASSED] - Object: 'Object Repository/Pages/Sale/calender_NextButton' is clicked on&#xD;
&#xD;
2019-11-01 02:35:54 - [MESSAGE][PASSED] - Text of object 'Object Repository/Pages/Sale/link_MonthYear' is: 'August 2085'&#xD;
&#xD;
2019-11-01 02:35:54 - [MESSAGE][PASSED] - Object: 'Object Repository/Pages/Sale/calender_NextButton' is clicked on&#xD;
&#xD;
2019-11-01 02:35:54 - [MESSAGE][PASSED] - Text of object 'Object Repository/Pages/Sale/link_MonthYear' is: 'September 2085'&#xD;
&#xD;
2019-11-01 02:35:54 - [MESSAGE][PASSED] - Object: 'Object Repository/Pages/Sale/calender_NextButton' is clicked on&#xD;
&#xD;
2019-11-01 02:35:54 - [MESSAGE][PASSED] - Text of object 'Object Repository/Pages/Sale/link_MonthYear' is: 'October 2085'&#xD;
&#xD;
2019-11-01 02:35:55 - [MESSAGE][PASSED] - Object: 'Object Repository/Pages/Sale/calender_NextButton' is clicked on&#xD;
&#xD;
2019-11-01 02:35:55 - [MESSAGE][PASSED] - Text of object 'Object Repository/Pages/Sale/link_MonthYear' is: 'November 2085'&#xD;
&#xD;
2019-11-01 02:35:55 - [MESSAGE][PASSED] - Object: 'Object Repository/Pages/Sale/calender_NextButton' is clicked on&#xD;
&#xD;
2019-11-01 02:35:55 - [MESSAGE][PASSED] - Text of object 'Object Repository/Pages/Sale/link_MonthYear' is: 'December 2085'&#xD;
&#xD;
2019-11-01 02:35:55 - [MESSAGE][PASSED] - Object: 'Object Repository/Pages/Sale/calender_NextButton' is clicked on&#xD;
&#xD;
2019-11-01 02:35:55 - [MESSAGE][PASSED] - Text of object 'Object Repository/Pages/Sale/link_MonthYear' is: 'January 2086'&#xD;
&#xD;
2019-11-01 02:35:55 - [MESSAGE][PASSED] - Object: 'Object Repository/Pages/Sale/calender_NextButton' is clicked on&#xD;
&#xD;
2019-11-01 02:35:56 - [MESSAGE][PASSED] - Text of object 'Object Repository/Pages/Sale/link_MonthYear' is: 'February 2086'&#xD;
&#xD;
2019-11-01 02:35:56 - [MESSAGE][PASSED] - Object: 'Object Repository/Pages/Sale/calender_NextButton' is clicked on&#xD;
&#xD;
2019-11-01 02:35:56 - [MESSAGE][PASSED] - Text of object 'Object Repository/Pages/Sale/link_MonthYear' is: 'March 2086'&#xD;
&#xD;
2019-11-01 02:35:56 - [MESSAGE][PASSED] - Object: 'Object Repository/Pages/Sale/calender_NextButton' is clicked on&#xD;
&#xD;
2019-11-01 02:35:56 - [MESSAGE][PASSED] - Text of object 'Object Repository/Pages/Sale/link_MonthYear' is: 'April 2086'&#xD;
&#xD;
2019-11-01 02:35:56 - [MESSAGE][PASSED] - Object: 'Object Repository/Pages/Sale/calender_NextButton' is clicked on&#xD;
&#xD;
2019-11-01 02:35:56 - [MESSAGE][PASSED] - Text of object 'Object Repository/Pages/Sale/link_MonthYear' is: 'May 2086'&#xD;
&#xD;
2019-11-01 02:35:57 - [MESSAGE][PASSED] - Object: 'Object Repository/Pages/Sale/calender_NextButton' is clicked on&#xD;
&#xD;
2019-11-01 02:35:57 - [MESSAGE][PASSED] - Text of object 'Object Repository/Pages/Sale/link_MonthYear' is: 'June 2086'&#xD;
&#xD;
2019-11-01 02:35:57 - [MESSAGE][PASSED] - Object: 'Object Repository/Pages/Sale/calender_NextButton' is clicked on&#xD;
&#xD;
2019-11-01 02:35:57 - [MESSAGE][PASSED] - Text of object 'Object Repository/Pages/Sale/link_MonthYear' is: 'July 2086'&#xD;
&#xD;
2019-11-01 02:35:57 - [MESSAGE][PASSED] - Object: 'Object Repository/Pages/Sale/calender_NextButton' is clicked on&#xD;
&#xD;
2019-11-01 02:35:57 - [MESSAGE][PASSED] - Text of object 'Object Repository/Pages/Sale/link_MonthYear' is: 'August 2086'&#xD;
&#xD;
2019-11-01 02:35:57 - [MESSAGE][PASSED] - Object: 'Object Repository/Pages/Sale/calender_NextButton' is clicked on&#xD;
&#xD;
2019-11-01 02:35:57 - [MESSAGE][PASSED] - Text of object 'Object Repository/Pages/Sale/link_MonthYear' is: 'September 2086'&#xD;
&#xD;
2019-11-01 02:35:58 - [MESSAGE][PASSED] - Object: 'Object Repository/Pages/Sale/calender_NextButton' is clicked on&#xD;
&#xD;
2019-11-01 02:35:58 - [MESSAGE][PASSED] - Text of object 'Object Repository/Pages/Sale/link_MonthYear' is: 'October 2086'&#xD;
&#xD;
2019-11-01 02:35:58 - [MESSAGE][PASSED] - Object: 'Object Repository/Pages/Sale/calender_NextButton' is clicked on&#xD;
&#xD;
2019-11-01 02:35:58 - [MESSAGE][PASSED] - Text of object 'Object Repository/Pages/Sale/link_MonthYear' is: 'November 2086'&#xD;
&#xD;
2019-11-01 02:35:58 - [MESSAGE][PASSED] - Object: 'Object Repository/Pages/Sale/calender_NextButton' is clicked on&#xD;
&#xD;
2019-11-01 02:35:58 - [MESSAGE][PASSED] - Text of object 'Object Repository/Pages/Sale/link_MonthYear' is: 'December 2086'&#xD;
&#xD;
2019-11-01 02:35:58 - [MESSAGE][PASSED] - Object: 'Object Repository/Pages/Sale/calender_NextButton' is clicked on&#xD;
&#xD;
2019-11-01 02:35:58 - [MESSAGE][PASSED] - Text of object 'Object Repository/Pages/Sale/link_MonthYear' is: 'January 2087'&#xD;
&#xD;
2019-11-01 02:35:59 - [MESSAGE][PASSED] - Object: 'Object Repository/Pages/Sale/calender_NextButton' is clicked on&#xD;
&#xD;
2019-11-01 02:35:59 - [MESSAGE][PASSED] - Text of object 'Object Repository/Pages/Sale/link_MonthYear' is: 'February 2087'&#xD;
&#xD;
2019-11-01 02:35:59 - [MESSAGE][PASSED] - Object: 'Object Repository/Pages/Sale/calender_NextButton' is clicked on&#xD;
&#xD;
2019-11-01 02:35:59 - [MESSAGE][PASSED] - Text of object 'Object Repository/Pages/Sale/link_MonthYear' is: 'March 2087'&#xD;
&#xD;
2019-11-01 02:36:00 - [MESSAGE][PASSED] - Object: 'Object Repository/Pages/Sale/calender_NextButton' is clicked on&#xD;
&#xD;
2019-11-01 02:36:00 - [MESSAGE][PASSED] - Text of object 'Object Repository/Pages/Sale/link_MonthYear' is: 'April 2087'&#xD;
&#xD;
2019-11-01 02:36:00 - [MESSAGE][PASSED] - Object: 'Object Repository/Pages/Sale/calender_NextButton' is clicked on&#xD;
&#xD;
2019-11-01 02:36:00 - [MESSAGE][PASSED] - Text of object 'Object Repository/Pages/Sale/link_MonthYear' is: 'May 2087'&#xD;
&#xD;
2019-11-01 02:36:00 - [MESSAGE][PASSED] - Object: 'Object Repository/Pages/Sale/calender_NextButton' is clicked on&#xD;
&#xD;
2019-11-01 02:36:00 - [MESSAGE][PASSED] - Text of object 'Object Repository/Pages/Sale/link_MonthYear' is: 'June 2087'&#xD;
&#xD;
2019-11-01 02:36:01 - [MESSAGE][PASSED] - Object: 'Object Repository/Pages/Sale/calender_NextButton' is clicked on&#xD;
&#xD;
2019-11-01 02:36:01 - [MESSAGE][PASSED] - Text of object 'Object Repository/Pages/Sale/link_MonthYear' is: 'July 2087'&#xD;
&#xD;
2019-11-01 02:36:01 - [MESSAGE][PASSED] - Object: 'Object Repository/Pages/Sale/calender_NextButton' is clicked on&#xD;
&#xD;
2019-11-01 02:36:01 - [MESSAGE][PASSED] - Text of object 'Object Repository/Pages/Sale/link_MonthYear' is: 'August 2087'&#xD;
&#xD;
2019-11-01 02:36:01 - [MESSAGE][PASSED] - Object: 'Object Repository/Pages/Sale/calender_NextButton' is clicked on&#xD;
&#xD;
2019-11-01 02:36:01 - [MESSAGE][PASSED] - Text of object 'Object Repository/Pages/Sale/link_MonthYear' is: 'September 2087'&#xD;
&#xD;
2019-11-01 02:36:01 - [MESSAGE][PASSED] - Object: 'Object Repository/Pages/Sale/calender_NextButton' is clicked on&#xD;
&#xD;
2019-11-01 02:36:01 - [MESSAGE][PASSED] - Text of object 'Object Repository/Pages/Sale/link_MonthYear' is: 'October 2087'&#xD;
&#xD;
2019-11-01 02:36:02 - [MESSAGE][PASSED] - Object: 'Object Repository/Pages/Sale/calender_NextButton' is clicked on&#xD;
&#xD;
2019-11-01 02:36:02 - [MESSAGE][PASSED] - Text of object 'Object Repository/Pages/Sale/link_MonthYear' is: 'November 2087'&#xD;
&#xD;
2019-11-01 02:36:02 - [MESSAGE][PASSED] - Object: 'Object Repository/Pages/Sale/calender_NextButton' is clicked on&#xD;
&#xD;
2019-11-01 02:36:02 - [MESSAGE][PASSED] - Text of object 'Object Repository/Pages/Sale/link_MonthYear' is: 'December 2087'&#xD;
&#xD;
2019-11-01 02:36:02 - [MESSAGE][PASSED] - Object: 'Object Repository/Pages/Sale/calender_NextButton' is clicked on&#xD;
&#xD;
2019-11-01 02:36:02 - [MESSAGE][PASSED] - Text of object 'Object Repository/Pages/Sale/link_MonthYear' is: 'January 2088'&#xD;
&#xD;
2019-11-01 02:36:02 - [MESSAGE][PASSED] - Object: 'Object Repository/Pages/Sale/calender_NextButton' is clicked on&#xD;
&#xD;
2019-11-01 02:36:02 - [MESSAGE][PASSED] - Text of object 'Object Repository/Pages/Sale/link_MonthYear' is: 'February 2088'&#xD;
&#xD;
2019-11-01 02:36:03 - [MESSAGE][PASSED] - Object: 'Object Repository/Pages/Sale/calender_NextButton' is clicked on&#xD;
&#xD;
2019-11-01 02:36:03 - [MESSAGE][PASSED] - Text of object 'Object Repository/Pages/Sale/link_MonthYear' is: 'March 2088'&#xD;
&#xD;
2019-11-01 02:36:03 - [MESSAGE][PASSED] - Object: 'Object Repository/Pages/Sale/calender_NextButton' is clicked on&#xD;
&#xD;
2019-11-01 02:36:03 - [MESSAGE][PASSED] - Text of object 'Object Repository/Pages/Sale/link_MonthYear' is: 'April 2088'&#xD;
&#xD;
2019-11-01 02:36:03 - [MESSAGE][PASSED] - Object: 'Object Repository/Pages/Sale/calender_NextButton' is clicked on&#xD;
&#xD;
2019-11-01 02:36:03 - [MESSAGE][PASSED] - Text of object 'Object Repository/Pages/Sale/link_MonthYear' is: 'May 2088'&#xD;
&#xD;
2019-11-01 02:36:04 - [MESSAGE][PASSED] - Object: 'Object Repository/Pages/Sale/calender_NextButton' is clicked on&#xD;
&#xD;
2019-11-01 02:36:04 - [MESSAGE][PASSED] - Text of object 'Object Repository/Pages/Sale/link_MonthYear' is: 'June 2088'&#xD;
&#xD;
2019-11-01 02:36:04 - [MESSAGE][PASSED] - Object: 'Object Repository/Pages/Sale/calender_NextButton' is clicked on&#xD;
&#xD;
2019-11-01 02:36:04 - [MESSAGE][PASSED] - Text of object 'Object Repository/Pages/Sale/link_MonthYear' is: 'July 2088'&#xD;
&#xD;
2019-11-01 02:36:04 - [MESSAGE][PASSED] - Object: 'Object Repository/Pages/Sale/calender_NextButton' is clicked on&#xD;
&#xD;
2019-11-01 02:36:04 - [MESSAGE][PASSED] - Text of object 'Object Repository/Pages/Sale/link_MonthYear' is: 'August 2088'&#xD;
&#xD;
2019-11-01 02:36:04 - [MESSAGE][PASSED] - Object: 'Object Repository/Pages/Sale/calender_NextButton' is clicked on&#xD;
&#xD;
2019-11-01 02:36:04 - [MESSAGE][PASSED] - Text of object 'Object Repository/Pages/Sale/link_MonthYear' is: 'September 2088'&#xD;
&#xD;
2019-11-01 02:36:05 - [MESSAGE][PASSED] - Object: 'Object Repository/Pages/Sale/calender_NextButton' is clicked on&#xD;
&#xD;
2019-11-01 02:36:05 - [MESSAGE][PASSED] - Text of object 'Object Repository/Pages/Sale/link_MonthYear' is: 'October 2088'&#xD;
&#xD;
2019-11-01 02:36:05 - [MESSAGE][PASSED] - Object: 'Object Repository/Pages/Sale/calender_NextButton' is clicked on&#xD;
&#xD;
2019-11-01 02:36:05 - [MESSAGE][PASSED] - Text of object 'Object Repository/Pages/Sale/link_MonthYear' is: 'November 2088'&#xD;
&#xD;
2019-11-01 02:36:05 - [MESSAGE][PASSED] - Object: 'Object Repository/Pages/Sale/calender_NextButton' is clicked on&#xD;
&#xD;
2019-11-01 02:36:05 - [MESSAGE][PASSED] - Text of object 'Object Repository/Pages/Sale/link_MonthYear' is: 'December 2088'&#xD;
&#xD;
2019-11-01 02:36:05 - [MESSAGE][PASSED] - Object: 'Object Repository/Pages/Sale/calender_NextButton' is clicked on&#xD;
&#xD;
2019-11-01 02:36:06 - [MESSAGE][PASSED] - Text of object 'Object Repository/Pages/Sale/link_MonthYear' is: 'January 2089'&#xD;
&#xD;
2019-11-01 02:36:06 - [MESSAGE][PASSED] - Object: 'Object Repository/Pages/Sale/calender_NextButton' is clicked on&#xD;
&#xD;
2019-11-01 02:36:06 - [MESSAGE][PASSED] - Text of object 'Object Repository/Pages/Sale/link_MonthYear' is: 'February 2089'&#xD;
&#xD;
2019-11-01 02:36:06 - [MESSAGE][PASSED] - Object: 'Object Repository/Pages/Sale/calender_NextButton' is clicked on&#xD;
&#xD;
2019-11-01 02:36:06 - [MESSAGE][PASSED] - Text of object 'Object Repository/Pages/Sale/link_MonthYear' is: 'March 2089'&#xD;
&#xD;
2019-11-01 02:36:06 - [MESSAGE][PASSED] - Object: 'Object Repository/Pages/Sale/calender_NextButton' is clicked on&#xD;
&#xD;
2019-11-01 02:36:06 - [MESSAGE][PASSED] - Text of object 'Object Repository/Pages/Sale/link_MonthYear' is: 'April 2089'&#xD;
&#xD;
2019-11-01 02:36:07 - [MESSAGE][PASSED] - Object: 'Object Repository/Pages/Sale/calender_NextButton' is clicked on&#xD;
&#xD;
2019-11-01 02:36:07 - [MESSAGE][PASSED] - Text of object 'Object Repository/Pages/Sale/link_MonthYear' is: 'May 2089'&#xD;
&#xD;
2019-11-01 02:36:07 - [MESSAGE][PASSED] - Object: 'Object Repository/Pages/Sale/calender_NextButton' is clicked on&#xD;
&#xD;
2019-11-01 02:36:07 - [MESSAGE][PASSED] - Text of object 'Object Repository/Pages/Sale/link_MonthYear' is: 'June 2089'&#xD;
&#xD;
2019-11-01 02:36:07 - [MESSAGE][PASSED] - Object: 'Object Repository/Pages/Sale/calender_NextButton' is clicked on&#xD;
&#xD;
2019-11-01 02:36:07 - [MESSAGE][PASSED] - Text of object 'Object Repository/Pages/Sale/link_MonthYear' is: 'July 2089'&#xD;
&#xD;
2019-11-01 02:36:07 - [MESSAGE][PASSED] - Object: 'Object Repository/Pages/Sale/calender_NextButton' is clicked on&#xD;
&#xD;
2019-11-01 02:36:07 - [MESSAGE][PASSED] - Text of object 'Object Repository/Pages/Sale/link_MonthYear' is: 'August 2089'&#xD;
&#xD;
2019-11-01 02:36:08 - [MESSAGE][PASSED] - Object: 'Object Repository/Pages/Sale/calender_NextButton' is clicked on&#xD;
&#xD;
2019-11-01 02:36:08 - [MESSAGE][PASSED] - Text of object 'Object Repository/Pages/Sale/link_MonthYear' is: 'September 2089'&#xD;
&#xD;
2019-11-01 02:36:08 - [MESSAGE][PASSED] - Object: 'Object Repository/Pages/Sale/calender_NextButton' is clicked on&#xD;
&#xD;
2019-11-01 02:36:08 - [MESSAGE][PASSED] - Text of object 'Object Repository/Pages/Sale/link_MonthYear' is: 'October 2089'&#xD;
&#xD;
2019-11-01 02:36:08 - [MESSAGE][PASSED] - Object: 'Object Repository/Pages/Sale/calender_NextButton' is clicked on&#xD;
&#xD;
2019-11-01 02:36:08 - [MESSAGE][PASSED] - Text of object 'Object Repository/Pages/Sale/link_MonthYear' is: 'November 2089'&#xD;
&#xD;
2019-11-01 02:36:08 - [MESSAGE][PASSED] - Object: 'Object Repository/Pages/Sale/calender_NextButton' is clicked on&#xD;
&#xD;
2019-11-01 02:36:08 - [MESSAGE][PASSED] - Text of object 'Object Repository/Pages/Sale/link_MonthYear' is: 'December 2089'&#xD;
&#xD;
2019-11-01 02:36:09 - [MESSAGE][PASSED] - Object: 'Object Repository/Pages/Sale/calender_NextButton' is clicked on&#xD;
&#xD;
2019-11-01 02:36:09 - [MESSAGE][PASSED] - Text of object 'Object Repository/Pages/Sale/link_MonthYear' is: 'January 2090'&#xD;
&#xD;
2019-11-01 02:36:09 - [MESSAGE][PASSED] - Object: 'Object Repository/Pages/Sale/calender_NextButton' is clicked on&#xD;
&#xD;
2019-11-01 02:36:09 - [MESSAGE][PASSED] - Text of object 'Object Repository/Pages/Sale/link_MonthYear' is: 'February 2090'&#xD;
&#xD;
2019-11-01 02:36:09 - [MESSAGE][PASSED] - Object: 'Object Repository/Pages/Sale/calender_NextButton' is clicked on&#xD;
&#xD;
2019-11-01 02:36:09 - [MESSAGE][PASSED] - Text of object 'Object Repository/Pages/Sale/link_MonthYear' is: 'March 2090'&#xD;
&#xD;
2019-11-01 02:36:09 - [MESSAGE][PASSED] - Object: 'Object Repository/Pages/Sale/calender_NextButton' is clicked on&#xD;
&#xD;
2019-11-01 02:36:09 - [MESSAGE][PASSED] - Text of object 'Object Repository/Pages/Sale/link_MonthYear' is: 'April 2090'&#xD;
&#xD;
2019-11-01 02:36:10 - [MESSAGE][PASSED] - Object: 'Object Repository/Pages/Sale/calender_NextButton' is clicked on&#xD;
&#xD;
2019-11-01 02:36:10 - [MESSAGE][PASSED] - Text of object 'Object Repository/Pages/Sale/link_MonthYear' is: 'May 2090'&#xD;
&#xD;
2019-11-01 02:36:10 - [MESSAGE][PASSED] - Object: 'Object Repository/Pages/Sale/calender_NextButton' is clicked on&#xD;
&#xD;
2019-11-01 02:36:10 - [MESSAGE][PASSED] - Text of object 'Object Repository/Pages/Sale/link_MonthYear' is: 'June 2090'&#xD;
&#xD;
2019-11-01 02:36:10 - [MESSAGE][PASSED] - Object: 'Object Repository/Pages/Sale/calender_NextButton' is clicked on&#xD;
&#xD;
2019-11-01 02:36:10 - [MESSAGE][PASSED] - Text of object 'Object Repository/Pages/Sale/link_MonthYear' is: 'July 2090'&#xD;
&#xD;
2019-11-01 02:36:10 - [MESSAGE][PASSED] - Object: 'Object Repository/Pages/Sale/calender_NextButton' is clicked on&#xD;
&#xD;
2019-11-01 02:36:11 - [MESSAGE][PASSED] - Text of object 'Object Repository/Pages/Sale/link_MonthYear' is: 'August 2090'&#xD;
&#xD;
2019-11-01 02:36:11 - [MESSAGE][PASSED] - Object: 'Object Repository/Pages/Sale/calender_NextButton' is clicked on&#xD;
&#xD;
2019-11-01 02:36:11 - [MESSAGE][PASSED] - Text of object 'Object Repository/Pages/Sale/link_MonthYear' is: 'September 2090'&#xD;
&#xD;
2019-11-01 02:36:11 - [MESSAGE][PASSED] - Object: 'Object Repository/Pages/Sale/calender_NextButton' is clicked on&#xD;
&#xD;
2019-11-01 02:36:11 - [MESSAGE][PASSED] - Text of object 'Object Repository/Pages/Sale/link_MonthYear' is: 'October 2090'&#xD;
&#xD;
2019-11-01 02:36:11 - [MESSAGE][PASSED] - Object: 'Object Repository/Pages/Sale/calender_NextButton' is clicked on&#xD;
&#xD;
2019-11-01 02:36:11 - [MESSAGE][PASSED] - Text of object 'Object Repository/Pages/Sale/link_MonthYear' is: 'November 2090'&#xD;
&#xD;
2019-11-01 02:36:12 - [MESSAGE][PASSED] - Object: 'Object Repository/Pages/Sale/calender_NextButton' is clicked on&#xD;
&#xD;
2019-11-01 02:36:12 - [MESSAGE][PASSED] - Text of object 'Object Repository/Pages/Sale/link_MonthYear' is: 'December 2090'&#xD;
&#xD;
2019-11-01 02:36:12 - [MESSAGE][PASSED] - Object: 'Object Repository/Pages/Sale/calender_NextButton' is clicked on&#xD;
&#xD;
2019-11-01 02:36:12 - [MESSAGE][PASSED] - Text of object 'Object Repository/Pages/Sale/link_MonthYear' is: 'January 2091'&#xD;
&#xD;
2019-11-01 02:36:12 - [MESSAGE][PASSED] - Object: 'Object Repository/Pages/Sale/calender_NextButton' is clicked on&#xD;
&#xD;
2019-11-01 02:36:12 - [MESSAGE][PASSED] - Text of object 'Object Repository/Pages/Sale/link_MonthYear' is: 'February 2091'&#xD;
&#xD;
2019-11-01 02:36:12 - [MESSAGE][PASSED] - Object: 'Object Repository/Pages/Sale/calender_NextButton' is clicked on&#xD;
&#xD;
2019-11-01 02:36:12 - [MESSAGE][PASSED] - Text of object 'Object Repository/Pages/Sale/link_MonthYear' is: 'March 2091'&#xD;
&#xD;
2019-11-01 02:36:13 - [MESSAGE][PASSED] - Object: 'Object Repository/Pages/Sale/calender_NextButton' is clicked on&#xD;
&#xD;
2019-11-01 02:36:13 - [MESSAGE][PASSED] - Text of object 'Object Repository/Pages/Sale/link_MonthYear' is: 'April 2091'&#xD;
&#xD;
2019-11-01 02:36:13 - [MESSAGE][PASSED] - Object: 'Object Repository/Pages/Sale/calender_NextButton' is clicked on&#xD;
&#xD;
2019-11-01 02:36:13 - [MESSAGE][PASSED] - Text of object 'Object Repository/Pages/Sale/link_MonthYear' is: 'May 2091'&#xD;
&#xD;
2019-11-01 02:36:13 - [MESSAGE][PASSED] - Object: 'Object Repository/Pages/Sale/calender_NextButton' is clicked on&#xD;
&#xD;
2019-11-01 02:36:13 - [MESSAGE][PASSED] - Text of object 'Object Repository/Pages/Sale/link_MonthYear' is: 'June 2091'&#xD;
&#xD;
2019-11-01 02:36:13 - [MESSAGE][PASSED] - Object: 'Object Repository/Pages/Sale/calender_NextButton' is clicked on&#xD;
&#xD;
2019-11-01 02:36:13 - [MESSAGE][PASSED] - Text of object 'Object Repository/Pages/Sale/link_MonthYear' is: 'July 2091'&#xD;
&#xD;
2019-11-01 02:36:14 - [MESSAGE][PASSED] - Object: 'Object Repository/Pages/Sale/calender_NextButton' is clicked on&#xD;
&#xD;
2019-11-01 02:36:14 - [MESSAGE][PASSED] - Text of object 'Object Repository/Pages/Sale/link_MonthYear' is: 'August 2091'&#xD;
&#xD;
2019-11-01 02:36:14 - [MESSAGE][PASSED] - Object: 'Object Repository/Pages/Sale/calender_NextButton' is clicked on&#xD;
&#xD;
2019-11-01 02:36:14 - [MESSAGE][PASSED] - Text of object 'Object Repository/Pages/Sale/link_MonthYear' is: 'September 2091'&#xD;
&#xD;
2019-11-01 02:36:14 - [MESSAGE][PASSED] - Object: 'Object Repository/Pages/Sale/calender_NextButton' is clicked on&#xD;
&#xD;
2019-11-01 02:36:14 - [MESSAGE][PASSED] - Text of object 'Object Repository/Pages/Sale/link_MonthYear' is: 'October 2091'&#xD;
&#xD;
2019-11-01 02:36:14 - [MESSAGE][PASSED] - Object: 'Object Repository/Pages/Sale/calender_NextButton' is clicked on&#xD;
&#xD;
2019-11-01 02:36:14 - [MESSAGE][PASSED] - Text of object 'Object Repository/Pages/Sale/link_MonthYear' is: 'November 2091'&#xD;
&#xD;
2019-11-01 02:36:15 - [MESSAGE][PASSED] - Object: 'Object Repository/Pages/Sale/calender_NextButton' is clicked on&#xD;
&#xD;
2019-11-01 02:36:15 - [MESSAGE][PASSED] - Text of object 'Object Repository/Pages/Sale/link_MonthYear' is: 'December 2091'&#xD;
&#xD;
2019-11-01 02:36:15 - [MESSAGE][PASSED] - Object: 'Object Repository/Pages/Sale/calender_NextButton' is clicked on&#xD;
&#xD;
2019-11-01 02:36:15 - [MESSAGE][PASSED] - Text of object 'Object Repository/Pages/Sale/link_MonthYear' is: 'January 2092'&#xD;
&#xD;
2019-11-01 02:36:15 - [MESSAGE][PASSED] - Object: 'Object Repository/Pages/Sale/calender_NextButton' is clicked on&#xD;
&#xD;
2019-11-01 02:36:15 - [MESSAGE][PASSED] - Text of object 'Object Repository/Pages/Sale/link_MonthYear' is: 'February 2092'&#xD;
&#xD;
2019-11-01 02:36:16 - [MESSAGE][PASSED] - Object: 'Object Repository/Pages/Sale/calender_NextButton' is clicked on&#xD;
&#xD;
2019-11-01 02:36:16 - [MESSAGE][PASSED] - Text of object 'Object Repository/Pages/Sale/link_MonthYear' is: 'March 2092'&#xD;
&#xD;
2019-11-01 02:36:16 - [MESSAGE][PASSED] - Object: 'Object Repository/Pages/Sale/calender_NextButton' is clicked on&#xD;
&#xD;
2019-11-01 02:36:16 - [MESSAGE][PASSED] - Text of object 'Object Repository/Pages/Sale/link_MonthYear' is: 'April 2092'&#xD;
&#xD;
2019-11-01 02:36:16 - [MESSAGE][PASSED] - Object: 'Object Repository/Pages/Sale/calender_NextButton' is clicked on&#xD;
&#xD;
2019-11-01 02:36:16 - [MESSAGE][PASSED] - Text of object 'Object Repository/Pages/Sale/link_MonthYear' is: 'May 2092'&#xD;
&#xD;
2019-11-01 02:36:16 - [MESSAGE][PASSED] - Object: 'Object Repository/Pages/Sale/calender_NextButton' is clicked on&#xD;
&#xD;
2019-11-01 02:36:16 - [MESSAGE][PASSED] - Text of object 'Object Repository/Pages/Sale/link_MonthYear' is: 'June 2092'&#xD;
&#xD;
2019-11-01 02:36:17 - [MESSAGE][PASSED] - Object: 'Object Repository/Pages/Sale/calender_NextButton' is clicked on&#xD;
&#xD;
2019-11-01 02:36:17 - [MESSAGE][PASSED] - Text of object 'Object Repository/Pages/Sale/link_MonthYear' is: 'July 2092'&#xD;
&#xD;
2019-11-01 02:36:17 - [MESSAGE][PASSED] - Object: 'Object Repository/Pages/Sale/calender_NextButton' is clicked on&#xD;
&#xD;
2019-11-01 02:36:17 - [MESSAGE][PASSED] - Text of object 'Object Repository/Pages/Sale/link_MonthYear' is: 'August 2092'&#xD;
&#xD;
2019-11-01 02:36:17 - [MESSAGE][PASSED] - Object: 'Object Repository/Pages/Sale/calender_NextButton' is clicked on&#xD;
&#xD;
2019-11-01 02:36:17 - [MESSAGE][PASSED] - Text of object 'Object Repository/Pages/Sale/link_MonthYear' is: 'September 2092'&#xD;
&#xD;
2019-11-01 02:36:17 - [MESSAGE][PASSED] - Object: 'Object Repository/Pages/Sale/calender_NextButton' is clicked on&#xD;
&#xD;
2019-11-01 02:36:17 - [MESSAGE][PASSED] - Text of object 'Object Repository/Pages/Sale/link_MonthYear' is: 'October 2092'&#xD;
&#xD;
2019-11-01 02:36:18 - [MESSAGE][PASSED] - Object: 'Object Repository/Pages/Sale/calender_NextButton' is clicked on&#xD;
&#xD;
2019-11-01 02:36:18 - [MESSAGE][PASSED] - Text of object 'Object Repository/Pages/Sale/link_MonthYear' is: 'November 2092'&#xD;
&#xD;
2019-11-01 02:36:18 - [MESSAGE][PASSED] - Object: 'Object Repository/Pages/Sale/calender_NextButton' is clicked on&#xD;
&#xD;
2019-11-01 02:36:18 - [MESSAGE][PASSED] - Text of object 'Object Repository/Pages/Sale/link_MonthYear' is: 'December 2092'&#xD;
&#xD;
2019-11-01 02:36:18 - [MESSAGE][PASSED] - Object: 'Object Repository/Pages/Sale/calender_NextButton' is clicked on&#xD;
&#xD;
2019-11-01 02:36:18 - [MESSAGE][PASSED] - Text of object 'Object Repository/Pages/Sale/link_MonthYear' is: 'January 2093'&#xD;
&#xD;
2019-11-01 02:36:18 - [MESSAGE][PASSED] - Object: 'Object Repository/Pages/Sale/calender_NextButton' is clicked on&#xD;
&#xD;
2019-11-01 02:36:19 - [MESSAGE][PASSED] - Text of object 'Object Repository/Pages/Sale/link_MonthYear' is: 'February 2093'&#xD;
&#xD;
2019-11-01 02:36:19 - [MESSAGE][PASSED] - Object: 'Object Repository/Pages/Sale/calender_NextButton' is clicked on&#xD;
&#xD;
2019-11-01 02:36:19 - [MESSAGE][PASSED] - Text of object 'Object Repository/Pages/Sale/link_MonthYear' is: 'March 2093'&#xD;
&#xD;
2019-11-01 02:36:19 - [MESSAGE][PASSED] - Object: 'Object Repository/Pages/Sale/calender_NextButton' is clicked on&#xD;
&#xD;
2019-11-01 02:36:19 - [MESSAGE][PASSED] - Text of object 'Object Repository/Pages/Sale/link_MonthYear' is: 'April 2093'&#xD;
&#xD;
2019-11-01 02:36:19 - [MESSAGE][PASSED] - Object: 'Object Repository/Pages/Sale/calender_NextButton' is clicked on&#xD;
&#xD;
2019-11-01 02:36:19 - [MESSAGE][PASSED] - Text of object 'Object Repository/Pages/Sale/link_MonthYear' is: 'May 2093'&#xD;
&#xD;
2019-11-01 02:36:20 - [MESSAGE][PASSED] - Object: 'Object Repository/Pages/Sale/calender_NextButton' is clicked on&#xD;
&#xD;
2019-11-01 02:36:20 - [MESSAGE][PASSED] - Text of object 'Object Repository/Pages/Sale/link_MonthYear' is: 'June 2093'&#xD;
&#xD;
2019-11-01 02:36:20 - [MESSAGE][PASSED] - Object: 'Object Repository/Pages/Sale/calender_NextButton' is clicked on&#xD;
&#xD;
2019-11-01 02:36:20 - [MESSAGE][PASSED] - Text of object 'Object Repository/Pages/Sale/link_MonthYear' is: 'July 2093'&#xD;
&#xD;
2019-11-01 02:36:20 - [MESSAGE][PASSED] - Object: 'Object Repository/Pages/Sale/calender_NextButton' is clicked on&#xD;
&#xD;
2019-11-01 02:36:20 - [MESSAGE][PASSED] - Text of object 'Object Repository/Pages/Sale/link_MonthYear' is: 'August 2093'&#xD;
&#xD;
2019-11-01 02:36:20 - [MESSAGE][PASSED] - Object: 'Object Repository/Pages/Sale/calender_NextButton' is clicked on&#xD;
&#xD;
2019-11-01 02:36:20 - [MESSAGE][PASSED] - Text of object 'Object Repository/Pages/Sale/link_MonthYear' is: 'September 2093'&#xD;
&#xD;
2019-11-01 02:36:21 - [MESSAGE][PASSED] - Object: 'Object Repository/Pages/Sale/calender_NextButton' is clicked on&#xD;
&#xD;
2019-11-01 02:36:21 - [MESSAGE][PASSED] - Text of object 'Object Repository/Pages/Sale/link_MonthYear' is: 'October 2093'&#xD;
&#xD;
2019-11-01 02:36:21 - [MESSAGE][PASSED] - Object: 'Object Repository/Pages/Sale/calender_NextButton' is clicked on&#xD;
&#xD;
2019-11-01 02:36:21 - [MESSAGE][PASSED] - Text of object 'Object Repository/Pages/Sale/link_MonthYear' is: 'November 2093'&#xD;
&#xD;
2019-11-01 02:36:21 - [MESSAGE][PASSED] - Object: 'Object Repository/Pages/Sale/calender_NextButton' is clicked on&#xD;
&#xD;
2019-11-01 02:36:21 - [MESSAGE][PASSED] - Text of object 'Object Repository/Pages/Sale/link_MonthYear' is: 'December 2093'&#xD;
&#xD;
2019-11-01 02:36:21 - [MESSAGE][PASSED] - Object: 'Object Repository/Pages/Sale/calender_NextButton' is clicked on&#xD;
&#xD;
2019-11-01 02:36:21 - [MESSAGE][PASSED] - Text of object 'Object Repository/Pages/Sale/link_MonthYear' is: 'January 2094'&#xD;
&#xD;
2019-11-01 02:36:22 - [MESSAGE][PASSED] - Object: 'Object Repository/Pages/Sale/calender_NextButton' is clicked on&#xD;
&#xD;
2019-11-01 02:36:22 - [MESSAGE][PASSED] - Text of object 'Object Repository/Pages/Sale/link_MonthYear' is: 'February 2094'&#xD;
&#xD;
2019-11-01 02:36:22 - [MESSAGE][PASSED] - Object: 'Object Repository/Pages/Sale/calender_NextButton' is clicked on&#xD;
&#xD;
2019-11-01 02:36:22 - [MESSAGE][PASSED] - Text of object 'Object Repository/Pages/Sale/link_MonthYear' is: 'March 2094'&#xD;
&#xD;
2019-11-01 02:36:22 - [MESSAGE][PASSED] - Object: 'Object Repository/Pages/Sale/calender_NextButton' is clicked on&#xD;
&#xD;
2019-11-01 02:36:22 - [MESSAGE][PASSED] - Text of object 'Object Repository/Pages/Sale/link_MonthYear' is: 'April 2094'&#xD;
&#xD;
2019-11-01 02:36:23 - [MESSAGE][PASSED] - Object: 'Object Repository/Pages/Sale/calender_NextButton' is clicked on&#xD;
&#xD;
2019-11-01 02:36:23 - [MESSAGE][PASSED] - Text of object 'Object Repository/Pages/Sale/link_MonthYear' is: 'May 2094'&#xD;
&#xD;
2019-11-01 02:36:23 - [MESSAGE][PASSED] - Object: 'Object Repository/Pages/Sale/calender_NextButton' is clicked on&#xD;
&#xD;
2019-11-01 02:36:23 - [MESSAGE][PASSED] - Text of object 'Object Repository/Pages/Sale/link_MonthYear' is: 'June 2094'&#xD;
&#xD;
2019-11-01 02:36:23 - [MESSAGE][PASSED] - Object: 'Object Repository/Pages/Sale/calender_NextButton' is clicked on&#xD;
&#xD;
2019-11-01 02:36:23 - [MESSAGE][PASSED] - Text of object 'Object Repository/Pages/Sale/link_MonthYear' is: 'July 2094'&#xD;
&#xD;
2019-11-01 02:36:24 - [MESSAGE][PASSED] - Object: 'Object Repository/Pages/Sale/calender_NextButton' is clicked on&#xD;
&#xD;
2019-11-01 02:36:24 - [MESSAGE][PASSED] - Text of object 'Object Repository/Pages/Sale/link_MonthYear' is: 'August 2094'&#xD;
&#xD;
2019-11-01 02:36:24 - [MESSAGE][PASSED] - Object: 'Object Repository/Pages/Sale/calender_NextButton' is clicked on&#xD;
&#xD;
2019-11-01 02:36:24 - [MESSAGE][PASSED] - Text of object 'Object Repository/Pages/Sale/link_MonthYear' is: 'September 2094'&#xD;
&#xD;
2019-11-01 02:36:24 - [MESSAGE][PASSED] - Object: 'Object Repository/Pages/Sale/calender_NextButton' is clicked on&#xD;
&#xD;
2019-11-01 02:36:24 - [MESSAGE][PASSED] - Text of object 'Object Repository/Pages/Sale/link_MonthYear' is: 'October 2094'&#xD;
&#xD;
2019-11-01 02:36:24 - [MESSAGE][PASSED] - Object: 'Object Repository/Pages/Sale/calender_NextButton' is clicked on&#xD;
&#xD;
2019-11-01 02:36:24 - [MESSAGE][PASSED] - Text of object 'Object Repository/Pages/Sale/link_MonthYear' is: 'November 2094'&#xD;
&#xD;
2019-11-01 02:36:25 - [MESSAGE][PASSED] - Object: 'Object Repository/Pages/Sale/calender_NextButton' is clicked on&#xD;
&#xD;
2019-11-01 02:36:25 - [MESSAGE][PASSED] - Text of object 'Object Repository/Pages/Sale/link_MonthYear' is: 'December 2094'&#xD;
&#xD;
2019-11-01 02:36:25 - [MESSAGE][PASSED] - Object: 'Object Repository/Pages/Sale/calender_NextButton' is clicked on&#xD;
&#xD;
2019-11-01 02:36:25 - [MESSAGE][PASSED] - Text of object 'Object Repository/Pages/Sale/link_MonthYear' is: 'January 2095'&#xD;
&#xD;
2019-11-01 02:36:25 - [MESSAGE][PASSED] - Object: 'Object Repository/Pages/Sale/calender_NextButton' is clicked on&#xD;
&#xD;
2019-11-01 02:36:25 - [MESSAGE][PASSED] - Text of object 'Object Repository/Pages/Sale/link_MonthYear' is: 'February 2095'&#xD;
&#xD;
2019-11-01 02:36:26 - [MESSAGE][PASSED] - Object: 'Object Repository/Pages/Sale/calender_NextButton' is clicked on&#xD;
&#xD;
2019-11-01 02:36:26 - [MESSAGE][PASSED] - Text of object 'Object Repository/Pages/Sale/link_MonthYear' is: 'March 2095'&#xD;
&#xD;
2019-11-01 02:36:26 - [MESSAGE][PASSED] - Object: 'Object Repository/Pages/Sale/calender_NextButton' is clicked on&#xD;
&#xD;
2019-11-01 02:36:26 - [MESSAGE][PASSED] - Text of object 'Object Repository/Pages/Sale/link_MonthYear' is: 'April 2095'&#xD;
&#xD;
2019-11-01 02:36:26 - [MESSAGE][PASSED] - Object: 'Object Repository/Pages/Sale/calender_NextButton' is clicked on&#xD;
&#xD;
2019-11-01 02:36:26 - [MESSAGE][PASSED] - Text of object 'Object Repository/Pages/Sale/link_MonthYear' is: 'May 2095'&#xD;
&#xD;
2019-11-01 02:36:26 - [MESSAGE][PASSED] - Object: 'Object Repository/Pages/Sale/calender_NextButton' is clicked on&#xD;
&#xD;
2019-11-01 02:36:26 - [MESSAGE][PASSED] - Text of object 'Object Repository/Pages/Sale/link_MonthYear' is: 'June 2095'&#xD;
&#xD;
2019-11-01 02:36:27 - [MESSAGE][PASSED] - Object: 'Object Repository/Pages/Sale/calender_NextButton' is clicked on&#xD;
&#xD;
2019-11-01 02:36:27 - [MESSAGE][PASSED] - Text of object 'Object Repository/Pages/Sale/link_MonthYear' is: 'July 2095'&#xD;
&#xD;
2019-11-01 02:36:27 - [MESSAGE][PASSED] - Object: 'Object Repository/Pages/Sale/calender_NextButton' is clicked on&#xD;
&#xD;
2019-11-01 02:36:27 - [MESSAGE][PASSED] - Text of object 'Object Repository/Pages/Sale/link_MonthYear' is: 'August 2095'&#xD;
&#xD;
2019-11-01 02:36:27 - [MESSAGE][PASSED] - Object: 'Object Repository/Pages/Sale/calender_NextButton' is clicked on&#xD;
&#xD;
2019-11-01 02:36:27 - [MESSAGE][PASSED] - Text of object 'Object Repository/Pages/Sale/link_MonthYear' is: 'September 2095'&#xD;
&#xD;
2019-11-01 02:36:27 - [MESSAGE][PASSED] - Object: 'Object Repository/Pages/Sale/calender_NextButton' is clicked on&#xD;
&#xD;
2019-11-01 02:36:27 - [MESSAGE][PASSED] - Text of object 'Object Repository/Pages/Sale/link_MonthYear' is: 'October 2095'&#xD;
&#xD;
2019-11-01 02:36:28 - [MESSAGE][PASSED] - Object: 'Object Repository/Pages/Sale/calender_NextButton' is clicked on&#xD;
&#xD;
2019-11-01 02:36:28 - [MESSAGE][PASSED] - Text of object 'Object Repository/Pages/Sale/link_MonthYear' is: 'November 2095'&#xD;
&#xD;
2019-11-01 02:36:28 - [MESSAGE][PASSED] - Object: 'Object Repository/Pages/Sale/calender_NextButton' is clicked on&#xD;
&#xD;
2019-11-01 02:36:28 - [MESSAGE][PASSED] - Text of object 'Object Repository/Pages/Sale/link_MonthYear' is: 'December 2095'&#xD;
&#xD;
2019-11-01 02:36:28 - [MESSAGE][PASSED] - Object: 'Object Repository/Pages/Sale/calender_NextButton' is clicked on&#xD;
&#xD;
2019-11-01 02:36:28 - [MESSAGE][PASSED] - Text of object 'Object Repository/Pages/Sale/link_MonthYear' is: 'January 2096'&#xD;
&#xD;
2019-11-01 02:36:29 - [MESSAGE][PASSED] - Object: 'Object Repository/Pages/Sale/calender_NextButton' is clicked on&#xD;
&#xD;
2019-11-01 02:36:29 - [MESSAGE][PASSED] - Text of object 'Object Repository/Pages/Sale/link_MonthYear' is: 'February 2096'&#xD;
&#xD;
2019-11-01 02:36:29 - [MESSAGE][PASSED] - Object: 'Object Repository/Pages/Sale/calender_NextButton' is clicked on&#xD;
&#xD;
2019-11-01 02:36:29 - [MESSAGE][PASSED] - Text of object 'Object Repository/Pages/Sale/link_MonthYear' is: 'March 2096'&#xD;
&#xD;
2019-11-01 02:36:29 - [MESSAGE][PASSED] - Object: 'Object Repository/Pages/Sale/calender_NextButton' is clicked on&#xD;
&#xD;
2019-11-01 02:36:29 - [MESSAGE][PASSED] - Text of object 'Object Repository/Pages/Sale/link_MonthYear' is: 'April 2096'&#xD;
&#xD;
2019-11-01 02:36:29 - [MESSAGE][PASSED] - Object: 'Object Repository/Pages/Sale/calender_NextButton' is clicked on&#xD;
&#xD;
2019-11-01 02:36:29 - [MESSAGE][PASSED] - Text of object 'Object Repository/Pages/Sale/link_MonthYear' is: 'May 2096'&#xD;
&#xD;
2019-11-01 02:36:30 - [MESSAGE][PASSED] - Object: 'Object Repository/Pages/Sale/calender_NextButton' is clicked on&#xD;
&#xD;
2019-11-01 02:36:30 - [MESSAGE][PASSED] - Text of object 'Object Repository/Pages/Sale/link_MonthYear' is: 'June 2096'&#xD;
&#xD;
2019-11-01 02:36:30 - [MESSAGE][PASSED] - Object: 'Object Repository/Pages/Sale/calender_NextButton' is clicked on&#xD;
&#xD;
2019-11-01 02:36:30 - [MESSAGE][PASSED] - Text of object 'Object Repository/Pages/Sale/link_MonthYear' is: 'July 2096'&#xD;
&#xD;
2019-11-01 02:36:30 - [MESSAGE][PASSED] - Object: 'Object Repository/Pages/Sale/calender_NextButton' is clicked on&#xD;
&#xD;
2019-11-01 02:36:30 - [MESSAGE][PASSED] - Text of object 'Object Repository/Pages/Sale/link_MonthYear' is: 'August 2096'&#xD;
&#xD;
2019-11-01 02:36:30 - [MESSAGE][PASSED] - Object: 'Object Repository/Pages/Sale/calender_NextButton' is clicked on&#xD;
&#xD;
2019-11-01 02:36:30 - [MESSAGE][PASSED] - Text of object 'Object Repository/Pages/Sale/link_MonthYear' is: 'September 2096'&#xD;
&#xD;
2019-11-01 02:36:31 - [MESSAGE][PASSED] - Object: 'Object Repository/Pages/Sale/calender_NextButton' is clicked on&#xD;
&#xD;
2019-11-01 02:36:31 - [MESSAGE][PASSED] - Text of object 'Object Repository/Pages/Sale/link_MonthYear' is: 'October 2096'&#xD;
&#xD;
2019-11-01 02:36:31 - [MESSAGE][PASSED] - Object: 'Object Repository/Pages/Sale/calender_NextButton' is clicked on&#xD;
&#xD;
2019-11-01 02:36:31 - [MESSAGE][PASSED] - Text of object 'Object Repository/Pages/Sale/link_MonthYear' is: 'November 2096'&#xD;
&#xD;
2019-11-01 02:36:31 - [MESSAGE][PASSED] - Object: 'Object Repository/Pages/Sale/calender_NextButton' is clicked on&#xD;
&#xD;
2019-11-01 02:36:31 - [MESSAGE][PASSED] - Text of object 'Object Repository/Pages/Sale/link_MonthYear' is: 'December 2096'&#xD;
&#xD;
2019-11-01 02:36:31 - [MESSAGE][PASSED] - Object: 'Object Repository/Pages/Sale/calender_NextButton' is clicked on&#xD;
&#xD;
2019-11-01 02:36:32 - [MESSAGE][PASSED] - Text of object 'Object Repository/Pages/Sale/link_MonthYear' is: 'January 2097'&#xD;
&#xD;
2019-11-01 02:36:32 - [MESSAGE][PASSED] - Object: 'Object Repository/Pages/Sale/calender_NextButton' is clicked on&#xD;
&#xD;
2019-11-01 02:36:32 - [MESSAGE][PASSED] - Text of object 'Object Repository/Pages/Sale/link_MonthYear' is: 'February 2097'&#xD;
&#xD;
2019-11-01 02:36:32 - [MESSAGE][PASSED] - Object: 'Object Repository/Pages/Sale/calender_NextButton' is clicked on&#xD;
&#xD;
2019-11-01 02:36:32 - [MESSAGE][PASSED] - Text of object 'Object Repository/Pages/Sale/link_MonthYear' is: 'March 2097'&#xD;
&#xD;
2019-11-01 02:36:32 - [MESSAGE][PASSED] - Object: 'Object Repository/Pages/Sale/calender_NextButton' is clicked on&#xD;
&#xD;
2019-11-01 02:36:32 - [MESSAGE][PASSED] - Text of object 'Object Repository/Pages/Sale/link_MonthYear' is: 'April 2097'&#xD;
&#xD;
2019-11-01 02:36:33 - [MESSAGE][PASSED] - Object: 'Object Repository/Pages/Sale/calender_NextButton' is clicked on&#xD;
&#xD;
2019-11-01 02:36:33 - [MESSAGE][PASSED] - Text of object 'Object Repository/Pages/Sale/link_MonthYear' is: 'May 2097'&#xD;
&#xD;
2019-11-01 02:36:33 - [MESSAGE][PASSED] - Object: 'Object Repository/Pages/Sale/calender_NextButton' is clicked on&#xD;
&#xD;
2019-11-01 02:36:33 - [MESSAGE][PASSED] - Text of object 'Object Repository/Pages/Sale/link_MonthYear' is: 'June 2097'&#xD;
&#xD;
2019-11-01 02:36:33 - [MESSAGE][PASSED] - Object: 'Object Repository/Pages/Sale/calender_NextButton' is clicked on&#xD;
&#xD;
2019-11-01 02:36:33 - [MESSAGE][PASSED] - Text of object 'Object Repository/Pages/Sale/link_MonthYear' is: 'July 2097'&#xD;
&#xD;
2019-11-01 02:36:33 - [MESSAGE][PASSED] - Object: 'Object Repository/Pages/Sale/calender_NextButton' is clicked on&#xD;
&#xD;
2019-11-01 02:36:33 - [MESSAGE][PASSED] - Text of object 'Object Repository/Pages/Sale/link_MonthYear' is: 'August 2097'&#xD;
&#xD;
2019-11-01 02:36:34 - [MESSAGE][PASSED] - Object: 'Object Repository/Pages/Sale/calender_NextButton' is clicked on&#xD;
&#xD;
2019-11-01 02:36:34 - [MESSAGE][PASSED] - Text of object 'Object Repository/Pages/Sale/link_MonthYear' is: 'September 2097'&#xD;
&#xD;
2019-11-01 02:36:34 - [MESSAGE][PASSED] - Object: 'Object Repository/Pages/Sale/calender_NextButton' is clicked on&#xD;
&#xD;
2019-11-01 02:36:34 - [MESSAGE][PASSED] - Text of object 'Object Repository/Pages/Sale/link_MonthYear' is: 'October 2097'&#xD;
&#xD;
2019-11-01 02:36:35 - [MESSAGE][PASSED] - Object: 'Object Repository/Pages/Sale/calender_NextButton' is clicked on&#xD;
&#xD;
2019-11-01 02:36:35 - [MESSAGE][PASSED] - Text of object 'Object Repository/Pages/Sale/link_MonthYear' is: 'November 2097'&#xD;
&#xD;
2019-11-01 02:36:35 - [MESSAGE][PASSED] - Object: 'Object Repository/Pages/Sale/calender_NextButton' is clicked on&#xD;
&#xD;
2019-11-01 02:36:35 - [MESSAGE][PASSED] - Text of object 'Object Repository/Pages/Sale/link_MonthYear' is: 'December 2097'&#xD;
&#xD;
2019-11-01 02:36:35 - [MESSAGE][PASSED] - Object: 'Object Repository/Pages/Sale/calender_NextButton' is clicked on&#xD;
&#xD;
2019-11-01 02:36:35 - [MESSAGE][PASSED] - Text of object 'Object Repository/Pages/Sale/link_MonthYear' is: 'January 2098'&#xD;
&#xD;
2019-11-01 02:36:35 - [MESSAGE][PASSED] - Object: 'Object Repository/Pages/Sale/calender_NextButton' is clicked on&#xD;
&#xD;
2019-11-01 02:36:35 - [MESSAGE][PASSED] - Text of object 'Object Repository/Pages/Sale/link_MonthYear' is: 'February 2098'&#xD;
&#xD;
2019-11-01 02:36:36 - [MESSAGE][PASSED] - Object: 'Object Repository/Pages/Sale/calender_NextButton' is clicked on&#xD;
&#xD;
2019-11-01 02:36:36 - [MESSAGE][PASSED] - Text of object 'Object Repository/Pages/Sale/link_MonthYear' is: 'March 2098'&#xD;
&#xD;
2019-11-01 02:36:36 - [MESSAGE][PASSED] - Object: 'Object Repository/Pages/Sale/calender_NextButton' is clicked on&#xD;
&#xD;
2019-11-01 02:36:36 - [MESSAGE][PASSED] - Text of object 'Object Repository/Pages/Sale/link_MonthYear' is: 'April 2098'&#xD;
&#xD;
2019-11-01 02:36:36 - [MESSAGE][PASSED] - Object: 'Object Repository/Pages/Sale/calender_NextButton' is clicked on&#xD;
&#xD;
2019-11-01 02:36:36 - [MESSAGE][PASSED] - Text of object 'Object Repository/Pages/Sale/link_MonthYear' is: 'May 2098'&#xD;
&#xD;
2019-11-01 02:36:37 - [MESSAGE][PASSED] - Object: 'Object Repository/Pages/Sale/calender_NextButton' is clicked on&#xD;
&#xD;
2019-11-01 02:36:37 - [MESSAGE][PASSED] - Text of object 'Object Repository/Pages/Sale/link_MonthYear' is: 'June 2098'&#xD;
&#xD;
2019-11-01 02:36:37 - [MESSAGE][PASSED] - Object: 'Object Repository/Pages/Sale/calender_NextButton' is clicked on&#xD;
&#xD;
2019-11-01 02:36:37 - [MESSAGE][PASSED] - Text of object 'Object Repository/Pages/Sale/link_MonthYear' is: 'July 2098'&#xD;
&#xD;
2019-11-01 02:36:37 - [MESSAGE][PASSED] - Object: 'Object Repository/Pages/Sale/calender_NextButton' is clicked on&#xD;
&#xD;
2019-11-01 02:36:37 - [MESSAGE][PASSED] - Text of object 'Object Repository/Pages/Sale/link_MonthYear' is: 'August 2098'&#xD;
&#xD;
2019-11-01 02:36:37 - [MESSAGE][PASSED] - Object: 'Object Repository/Pages/Sale/calender_NextButton' is clicked on&#xD;
&#xD;
2019-11-01 02:36:37 - [MESSAGE][PASSED] - Text of object 'Object Repository/Pages/Sale/link_MonthYear' is: 'September 2098'&#xD;
&#xD;
2019-11-01 02:36:38 - [MESSAGE][PASSED] - Object: 'Object Repository/Pages/Sale/calender_NextButton' is clicked on&#xD;
&#xD;
2019-11-01 02:36:38 - [MESSAGE][PASSED] - Text of object 'Object Repository/Pages/Sale/link_MonthYear' is: 'October 2098'&#xD;
&#xD;
2019-11-01 02:36:38 - [MESSAGE][PASSED] - Object: 'Object Repository/Pages/Sale/calender_NextButton' is clicked on&#xD;
&#xD;
2019-11-01 02:36:38 - [MESSAGE][PASSED] - Text of object 'Object Repository/Pages/Sale/link_MonthYear' is: 'November 2098'&#xD;
&#xD;
2019-11-01 02:36:38 - [MESSAGE][PASSED] - Object: 'Object Repository/Pages/Sale/calender_NextButton' is clicked on&#xD;
&#xD;
2019-11-01 02:36:38 - [MESSAGE][PASSED] - Text of object 'Object Repository/Pages/Sale/link_MonthYear' is: 'December 2098'&#xD;
&#xD;
2019-11-01 02:36:39 - [MESSAGE][PASSED] - Object: 'Object Repository/Pages/Sale/calender_NextButton' is clicked on&#xD;
&#xD;
2019-11-01 02:36:39 - [MESSAGE][PASSED] - Text of object 'Object Repository/Pages/Sale/link_MonthYear' is: 'January 2099'&#xD;
&#xD;
2019-11-01 02:36:39 - [MESSAGE][PASSED] - Object: 'Object Repository/Pages/Sale/calender_NextButton' is clicked on&#xD;
&#xD;
2019-11-01 02:36:39 - [MESSAGE][PASSED] - Text of object 'Object Repository/Pages/Sale/link_MonthYear' is: 'February 2099'&#xD;
&#xD;
2019-11-01 02:36:39 - [MESSAGE][PASSED] - Object: 'Object Repository/Pages/Sale/calender_NextButton' is clicked on&#xD;
&#xD;
2019-11-01 02:36:39 - [MESSAGE][PASSED] - Text of object 'Object Repository/Pages/Sale/link_MonthYear' is: 'March 2099'&#xD;
&#xD;
2019-11-01 02:36:39 - [MESSAGE][PASSED] - Object: 'Object Repository/Pages/Sale/calender_NextButton' is clicked on&#xD;
&#xD;
2019-11-01 02:36:39 - [MESSAGE][PASSED] - Text of object 'Object Repository/Pages/Sale/link_MonthYear' is: 'April 2099'&#xD;
&#xD;
2019-11-01 02:36:40 - [MESSAGE][PASSED] - Object: 'Object Repository/Pages/Sale/calender_NextButton' is clicked on&#xD;
&#xD;
2019-11-01 02:36:40 - [MESSAGE][PASSED] - Text of object 'Object Repository/Pages/Sale/link_MonthYear' is: 'May 2099'&#xD;
&#xD;
2019-11-01 02:36:40 - [MESSAGE][PASSED] - Object: 'Object Repository/Pages/Sale/calender_NextButton' is clicked on&#xD;
&#xD;
2019-11-01 02:36:40 - [MESSAGE][PASSED] - Text of object 'Object Repository/Pages/Sale/link_MonthYear' is: 'June 2099'&#xD;
&#xD;
2019-11-01 02:36:40 - [MESSAGE][PASSED] - Object: 'Object Repository/Pages/Sale/calender_NextButton' is clicked on&#xD;
&#xD;
2019-11-01 02:36:40 - [MESSAGE][PASSED] - Text of object 'Object Repository/Pages/Sale/link_MonthYear' is: 'July 2099'&#xD;
&#xD;
2019-11-01 02:36:41 - [MESSAGE][PASSED] - Object: 'Object Repository/Pages/Sale/calender_NextButton' is clicked on&#xD;
&#xD;
2019-11-01 02:36:41 - [MESSAGE][PASSED] - Text of object 'Object Repository/Pages/Sale/link_MonthYear' is: 'August 2099'&#xD;
&#xD;
2019-11-01 02:36:41 - [MESSAGE][PASSED] - Object: 'Object Repository/Pages/Sale/calender_NextButton' is clicked on&#xD;
&#xD;
2019-11-01 02:36:41 - [MESSAGE][PASSED] - Text of object 'Object Repository/Pages/Sale/link_MonthYear' is: 'September 2099'&#xD;
&#xD;
2019-11-01 02:36:41 - [MESSAGE][PASSED] - Object: 'Object Repository/Pages/Sale/calender_NextButton' is clicked on&#xD;
&#xD;
2019-11-01 02:36:41 - [MESSAGE][PASSED] - Text of object 'Object Repository/Pages/Sale/link_MonthYear' is: 'October 2099'&#xD;
&#xD;
2019-11-01 02:36:41 - [MESSAGE][PASSED] - Object: 'Object Repository/Pages/Sale/calender_NextButton' is clicked on&#xD;
&#xD;
2019-11-01 02:36:41 - [MESSAGE][PASSED] - Text of object 'Object Repository/Pages/Sale/link_MonthYear' is: 'November 2099'&#xD;
&#xD;
2019-11-01 02:36:42 - [MESSAGE][PASSED] - Object: 'Object Repository/Pages/Sale/calender_NextButton' is clicked on&#xD;
&#xD;
2019-11-01 02:36:42 - [MESSAGE][PASSED] - Text of object 'Object Repository/Pages/Sale/link_MonthYear' is: 'December 2099'&#xD;
&#xD;
2019-11-01 02:36:42 - [MESSAGE][PASSED] - Object: 'Object Repository/Pages/Sale/calender_NextButton' is clicked on&#xD;
&#xD;
2019-11-01 02:36:42 - [MESSAGE][PASSED] - Text of object 'Object Repository/Pages/Sale/link_MonthYear' is: 'January 2100'&#xD;
&#xD;
2019-11-01 02:36:42 - [MESSAGE][PASSED] - Object: 'Object Repository/Pages/Sale/calender_NextButton' is clicked on&#xD;
&#xD;
2019-11-01 02:36:42 - [MESSAGE][PASSED] - Text of object 'Object Repository/Pages/Sale/link_MonthYear' is: 'February 2100'&#xD;
&#xD;
2019-11-01 02:36:43 - [MESSAGE][PASSED] - Object: 'Object Repository/Pages/Sale/calender_NextButton' is clicked on&#xD;
&#xD;
2019-11-01 02:36:43 - [MESSAGE][PASSED] - Text of object 'Object Repository/Pages/Sale/link_MonthYear' is: 'March 2100'&#xD;
&#xD;
2019-11-01 02:36:43 - [MESSAGE][PASSED] - Object: 'Object Repository/Pages/Sale/calender_NextButton' is clicked on&#xD;
&#xD;
2019-11-01 02:36:43 - [MESSAGE][PASSED] - Text of object 'Object Repository/Pages/Sale/link_MonthYear' is: 'April 2100'&#xD;
&#xD;
2019-11-01 02:36:43 - [MESSAGE][PASSED] - Object: 'Object Repository/Pages/Sale/calender_NextButton' is clicked on&#xD;
&#xD;
2019-11-01 02:36:43 - [MESSAGE][PASSED] - Text of object 'Object Repository/Pages/Sale/link_MonthYear' is: 'May 2100'&#xD;
&#xD;
2019-11-01 02:36:43 - [MESSAGE][PASSED] - Object: 'Object Repository/Pages/Sale/calender_NextButton' is clicked on&#xD;
&#xD;
2019-11-01 02:36:43 - [MESSAGE][PASSED] - Text of object 'Object Repository/Pages/Sale/link_MonthYear' is: 'June 2100'&#xD;
&#xD;
2019-11-01 02:36:44 - [MESSAGE][PASSED] - Object: 'Object Repository/Pages/Sale/calender_NextButton' is clicked on&#xD;
&#xD;
2019-11-01 02:36:44 - [MESSAGE][PASSED] - Text of object 'Object Repository/Pages/Sale/link_MonthYear' is: 'July 2100'&#xD;
&#xD;
2019-11-01 02:36:44 - [MESSAGE][PASSED] - Object: 'Object Repository/Pages/Sale/calender_NextButton' is clicked on&#xD;
&#xD;
2019-11-01 02:36:44 - [MESSAGE][PASSED] - Text of object 'Object Repository/Pages/Sale/link_MonthYear' is: 'August 2100'&#xD;
&#xD;
2019-11-01 02:36:44 - [MESSAGE][PASSED] - Object: 'Object Repository/Pages/Sale/calender_NextButton' is clicked on&#xD;
&#xD;
2019-11-01 02:36:44 - [MESSAGE][PASSED] - Text of object 'Object Repository/Pages/Sale/link_MonthYear' is: 'September 2100'&#xD;
&#xD;
2019-11-01 02:36:44 - [MESSAGE][PASSED] - Object: 'Object Repository/Pages/Sale/calender_NextButton' is clicked on&#xD;
&#xD;
2019-11-01 02:36:44 - [MESSAGE][PASSED] - Text of object 'Object Repository/Pages/Sale/link_MonthYear' is: 'October 2100'&#xD;
&#xD;
2019-11-01 02:36:45 - [MESSAGE][PASSED] - Object: 'Object Repository/Pages/Sale/calender_NextButton' is clicked on&#xD;
&#xD;
2019-11-01 02:36:45 - [MESSAGE][PASSED] - Text of object 'Object Repository/Pages/Sale/link_MonthYear' is: 'November 2100'&#xD;
&#xD;
2019-11-01 02:36:45 - [MESSAGE][PASSED] - Object: 'Object Repository/Pages/Sale/calender_NextButton' is clicked on&#xD;
&#xD;
2019-11-01 02:36:45 - [MESSAGE][PASSED] - Text of object 'Object Repository/Pages/Sale/link_MonthYear' is: 'December 2100'&#xD;
&#xD;
2019-11-01 02:36:45 - [MESSAGE][PASSED] - Object: 'Object Repository/Pages/Sale/calender_NextButton' is clicked on&#xD;
&#xD;
2019-11-01 02:36:45 - [MESSAGE][PASSED] - Text of object 'Object Repository/Pages/Sale/link_MonthYear' is: 'January 2101'&#xD;
&#xD;
2019-11-01 02:36:45 - [MESSAGE][PASSED] - Object: 'Object Repository/Pages/Sale/calender_NextButton' is clicked on&#xD;
&#xD;
2019-11-01 02:36:46 - [MESSAGE][PASSED] - Text of object 'Object Repository/Pages/Sale/link_MonthYear' is: 'February 2101'&#xD;
&#xD;
2019-11-01 02:36:46 - [MESSAGE][PASSED] - Object: 'Object Repository/Pages/Sale/calender_NextButton' is clicked on&#xD;
&#xD;
2019-11-01 02:36:46 - [MESSAGE][PASSED] - Text of object 'Object Repository/Pages/Sale/link_MonthYear' is: 'March 2101'&#xD;
&#xD;
2019-11-01 02:36:46 - [MESSAGE][PASSED] - Object: 'Object Repository/Pages/Sale/calender_NextButton' is clicked on&#xD;
&#xD;
2019-11-01 02:36:46 - [MESSAGE][PASSED] - Text of object 'Object Repository/Pages/Sale/link_MonthYear' is: 'April 2101'&#xD;
&#xD;
2019-11-01 02:36:46 - [MESSAGE][PASSED] - Object: 'Object Repository/Pages/Sale/calender_NextButton' is clicked on&#xD;
&#xD;
2019-11-01 02:36:46 - [MESSAGE][PASSED] - Text of object 'Object Repository/Pages/Sale/link_MonthYear' is: 'May 2101'&#xD;
&#xD;
2019-11-01 02:36:47 - [MESSAGE][PASSED] - Object: 'Object Repository/Pages/Sale/calender_NextButton' is clicked on&#xD;
&#xD;
2019-11-01 02:36:47 - [MESSAGE][PASSED] - Text of object 'Object Repository/Pages/Sale/link_MonthYear' is: 'June 2101'&#xD;
&#xD;
2019-11-01 02:36:47 - [MESSAGE][PASSED] - Object: 'Object Repository/Pages/Sale/calender_NextButton' is clicked on&#xD;
&#xD;
2019-11-01 02:36:47 - [MESSAGE][PASSED] - Text of object 'Object Repository/Pages/Sale/link_MonthYear' is: 'July 2101'&#xD;
&#xD;
2019-11-01 02:36:47 - [MESSAGE][PASSED] - Object: 'Object Repository/Pages/Sale/calender_NextButton' is clicked on&#xD;
&#xD;
2019-11-01 02:36:47 - [MESSAGE][PASSED] - Text of object 'Object Repository/Pages/Sale/link_MonthYear' is: 'August 2101'&#xD;
&#xD;
2019-11-01 02:36:48 - [MESSAGE][PASSED] - Object: 'Object Repository/Pages/Sale/calender_NextButton' is clicked on&#xD;
&#xD;
2019-11-01 02:36:48 - [MESSAGE][PASSED] - Text of object 'Object Repository/Pages/Sale/link_MonthYear' is: 'September 2101'&#xD;
&#xD;
2019-11-01 02:36:48 - [MESSAGE][PASSED] - Object: 'Object Repository/Pages/Sale/calender_NextButton' is clicked on&#xD;
&#xD;
2019-11-01 02:36:48 - [MESSAGE][PASSED] - Text of object 'Object Repository/Pages/Sale/link_MonthYear' is: 'October 2101'&#xD;
&#xD;
2019-11-01 02:36:48 - [MESSAGE][PASSED] - Object: 'Object Repository/Pages/Sale/calender_NextButton' is clicked on&#xD;
&#xD;
2019-11-01 02:36:48 - [MESSAGE][PASSED] - Text of object 'Object Repository/Pages/Sale/link_MonthYear' is: 'November 2101'&#xD;
&#xD;
2019-11-01 02:36:48 - [MESSAGE][PASSED] - Object: 'Object Repository/Pages/Sale/calender_NextButton' is clicked on&#xD;
&#xD;
2019-11-01 02:36:48 - [MESSAGE][PASSED] - Text of object 'Object Repository/Pages/Sale/link_MonthYear' is: 'December 2101'&#xD;
&#xD;
2019-11-01 02:36:49 - [MESSAGE][PASSED] - Object: 'Object Repository/Pages/Sale/calender_NextButton' is clicked on&#xD;
&#xD;
2019-11-01 02:36:49 - [MESSAGE][PASSED] - Text of object 'Object Repository/Pages/Sale/link_MonthYear' is: 'January 2102'&#xD;
&#xD;
2019-11-01 02:36:49 - [MESSAGE][PASSED] - Object: 'Object Repository/Pages/Sale/calender_NextButton' is clicked on&#xD;
&#xD;
2019-11-01 02:36:49 - [MESSAGE][PASSED] - Text of object 'Object Repository/Pages/Sale/link_MonthYear' is: 'February 2102'&#xD;
&#xD;
2019-11-01 02:36:49 - [MESSAGE][PASSED] - Object: 'Object Repository/Pages/Sale/calender_NextButton' is clicked on&#xD;
&#xD;
2019-11-01 02:36:49 - [MESSAGE][PASSED] - Text of object 'Object Repository/Pages/Sale/link_MonthYear' is: 'March 2102'&#xD;
&#xD;
2019-11-01 02:36:50 - [MESSAGE][PASSED] - Object: 'Object Repository/Pages/Sale/calender_NextButton' is clicked on&#xD;
&#xD;
2019-11-01 02:36:50 - [MESSAGE][PASSED] - Text of object 'Object Repository/Pages/Sale/link_MonthYear' is: 'April 2102'&#xD;
&#xD;
2019-11-01 02:36:50 - [MESSAGE][PASSED] - Object: 'Object Repository/Pages/Sale/calender_NextButton' is clicked on&#xD;
&#xD;
2019-11-01 02:36:50 - [MESSAGE][PASSED] - Text of object 'Object Repository/Pages/Sale/link_MonthYear' is: 'May 2102'&#xD;
&#xD;
2019-11-01 02:36:50 - [MESSAGE][PASSED] - Object: 'Object Repository/Pages/Sale/calender_NextButton' is clicked on&#xD;
&#xD;
2019-11-01 02:36:50 - [MESSAGE][PASSED] - Text of object 'Object Repository/Pages/Sale/link_MonthYear' is: 'June 2102'&#xD;
&#xD;
2019-11-01 02:36:50 - [MESSAGE][PASSED] - Object: 'Object Repository/Pages/Sale/calender_NextButton' is clicked on&#xD;
&#xD;
2019-11-01 02:36:50 - [MESSAGE][PASSED] - Text of object 'Object Repository/Pages/Sale/link_MonthYear' is: 'July 2102'&#xD;
&#xD;
2019-11-01 02:36:51 - [MESSAGE][PASSED] - Object: 'Object Repository/Pages/Sale/calender_NextButton' is clicked on&#xD;
&#xD;
2019-11-01 02:36:51 - [MESSAGE][PASSED] - Text of object 'Object Repository/Pages/Sale/link_MonthYear' is: 'August 2102'&#xD;
&#xD;
2019-11-01 02:36:51 - [MESSAGE][PASSED] - Object: 'Object Repository/Pages/Sale/calender_NextButton' is clicked on&#xD;
&#xD;
2019-11-01 02:36:51 - [MESSAGE][PASSED] - Text of object 'Object Repository/Pages/Sale/link_MonthYear' is: 'September 2102'&#xD;
&#xD;
2019-11-01 02:36:51 - [MESSAGE][PASSED] - Object: 'Object Repository/Pages/Sale/calender_NextButton' is clicked on&#xD;
&#xD;
2019-11-01 02:36:51 - [MESSAGE][PASSED] - Text of object 'Object Repository/Pages/Sale/link_MonthYear' is: 'October 2102'&#xD;
&#xD;
2019-11-01 02:36:52 - [MESSAGE][PASSED] - Object: 'Object Repository/Pages/Sale/calender_NextButton' is clicked on&#xD;
&#xD;
2019-11-01 02:36:52 - [MESSAGE][PASSED] - Text of object 'Object Repository/Pages/Sale/link_MonthYear' is: 'November 2102'&#xD;
&#xD;
2019-11-01 02:36:52 - [MESSAGE][PASSED] - Object: 'Object Repository/Pages/Sale/calender_NextButton' is clicked on&#xD;
&#xD;
2019-11-01 02:36:52 - [MESSAGE][PASSED] - Text of object 'Object Repository/Pages/Sale/link_MonthYear' is: 'December 2102'&#xD;
&#xD;
2019-11-01 02:36:52 - [MESSAGE][PASSED] - Object: 'Object Repository/Pages/Sale/calender_NextButton' is clicked on&#xD;
&#xD;
2019-11-01 02:36:52 - [MESSAGE][PASSED] - Text of object 'Object Repository/Pages/Sale/link_MonthYear' is: 'January 2103'&#xD;
&#xD;
2019-11-01 02:36:52 - [MESSAGE][PASSED] - Object: 'Object Repository/Pages/Sale/calender_NextButton' is clicked on&#xD;
&#xD;
2019-11-01 02:36:52 - [MESSAGE][PASSED] - Text of object 'Object Repository/Pages/Sale/link_MonthYear' is: 'February 2103'&#xD;
&#xD;
2019-11-01 02:36:53 - [MESSAGE][PASSED] - Object: 'Object Repository/Pages/Sale/calender_NextButton' is clicked on&#xD;
&#xD;
2019-11-01 02:36:53 - [MESSAGE][PASSED] - Text of object 'Object Repository/Pages/Sale/link_MonthYear' is: 'March 2103'&#xD;
&#xD;
2019-11-01 02:36:53 - [MESSAGE][PASSED] - Object: 'Object Repository/Pages/Sale/calender_NextButton' is clicked on&#xD;
&#xD;
2019-11-01 02:36:53 - [MESSAGE][PASSED] - Text of object 'Object Repository/Pages/Sale/link_MonthYear' is: 'April 2103'&#xD;
&#xD;
2019-11-01 02:36:53 - [MESSAGE][PASSED] - Object: 'Object Repository/Pages/Sale/calender_NextButton' is clicked on&#xD;
&#xD;
2019-11-01 02:36:53 - [MESSAGE][PASSED] - Text of object 'Object Repository/Pages/Sale/link_MonthYear' is: 'May 2103'&#xD;
&#xD;
2019-11-01 02:36:53 - [MESSAGE][PASSED] - Object: 'Object Repository/Pages/Sale/calender_NextButton' is clicked on&#xD;
&#xD;
2019-11-01 02:36:54 - [MESSAGE][PASSED] - Text of object 'Object Repository/Pages/Sale/link_MonthYear' is: 'June 2103'&#xD;
&#xD;
2019-11-01 02:36:54 - [MESSAGE][PASSED] - Object: 'Object Repository/Pages/Sale/calender_NextButton' is clicked on&#xD;
&#xD;
2019-11-01 02:36:54 - [MESSAGE][PASSED] - Text of object 'Object Repository/Pages/Sale/link_MonthYear' is: 'July 2103'&#xD;
&#xD;
2019-11-01 02:36:54 - [MESSAGE][PASSED] - Object: 'Object Repository/Pages/Sale/calender_NextButton' is clicked on&#xD;
&#xD;
2019-11-01 02:36:54 - [MESSAGE][PASSED] - Text of object 'Object Repository/Pages/Sale/link_MonthYear' is: 'August 2103'&#xD;
&#xD;
2019-11-01 02:36:54 - [MESSAGE][PASSED] - Object: 'Object Repository/Pages/Sale/calender_NextButton' is clicked on&#xD;
&#xD;
2019-11-01 02:36:54 - [MESSAGE][PASSED] - Text of object 'Object Repository/Pages/Sale/link_MonthYear' is: 'September 2103'&#xD;
&#xD;
2019-11-01 02:36:55 - [MESSAGE][PASSED] - Object: 'Object Repository/Pages/Sale/calender_NextButton' is clicked on&#xD;
&#xD;
2019-11-01 02:36:55 - [MESSAGE][PASSED] - Text of object 'Object Repository/Pages/Sale/link_MonthYear' is: 'October 2103'&#xD;
&#xD;
2019-11-01 02:36:55 - [MESSAGE][PASSED] - Object: 'Object Repository/Pages/Sale/calender_NextButton' is clicked on&#xD;
&#xD;
2019-11-01 02:36:55 - [MESSAGE][PASSED] - Text of object 'Object Repository/Pages/Sale/link_MonthYear' is: 'November 2103'&#xD;
&#xD;
2019-11-01 02:36:55 - [MESSAGE][PASSED] - Object: 'Object Repository/Pages/Sale/calender_NextButton' is clicked on&#xD;
&#xD;
2019-11-01 02:36:55 - [MESSAGE][PASSED] - Text of object 'Object Repository/Pages/Sale/link_MonthYear' is: 'December 2103'&#xD;
&#xD;
2019-11-01 02:36:55 - [MESSAGE][PASSED] - Object: 'Object Repository/Pages/Sale/calender_NextButton' is clicked on&#xD;
&#xD;
2019-11-01 02:36:55 - [MESSAGE][PASSED] - Text of object 'Object Repository/Pages/Sale/link_MonthYear' is: 'January 2104'&#xD;
&#xD;
2019-11-01 02:36:56 - [MESSAGE][PASSED] - Object: 'Object Repository/Pages/Sale/calender_NextButton' is clicked on&#xD;
&#xD;
2019-11-01 02:36:56 - [MESSAGE][PASSED] - Text of object 'Object Repository/Pages/Sale/link_MonthYear' is: 'February 2104'&#xD;
&#xD;
2019-11-01 02:36:56 - [MESSAGE][PASSED] - Object: 'Object Repository/Pages/Sale/calender_NextButton' is clicked on&#xD;
&#xD;
2019-11-01 02:36:56 - [MESSAGE][PASSED] - Text of object 'Object Repository/Pages/Sale/link_MonthYear' is: 'March 2104'&#xD;
&#xD;
2019-11-01 02:36:56 - [MESSAGE][PASSED] - Object: 'Object Repository/Pages/Sale/calender_NextButton' is clicked on&#xD;
&#xD;
2019-11-01 02:36:56 - [MESSAGE][PASSED] - Text of object 'Object Repository/Pages/Sale/link_MonthYear' is: 'April 2104'&#xD;
&#xD;
2019-11-01 02:36:57 - [MESSAGE][PASSED] - Object: 'Object Repository/Pages/Sale/calender_NextButton' is clicked on&#xD;
&#xD;
2019-11-01 02:36:57 - [MESSAGE][PASSED] - Text of object 'Object Repository/Pages/Sale/link_MonthYear' is: 'May 2104'&#xD;
&#xD;
2019-11-01 02:36:57 - [MESSAGE][PASSED] - Object: 'Object Repository/Pages/Sale/calender_NextButton' is clicked on&#xD;
&#xD;
2019-11-01 02:36:57 - [MESSAGE][PASSED] - Text of object 'Object Repository/Pages/Sale/link_MonthYear' is: 'June 2104'&#xD;
&#xD;
2019-11-01 02:36:57 - [MESSAGE][PASSED] - Object: 'Object Repository/Pages/Sale/calender_NextButton' is clicked on&#xD;
&#xD;
2019-11-01 02:36:57 - [MESSAGE][PASSED] - Text of object 'Object Repository/Pages/Sale/link_MonthYear' is: 'July 2104'&#xD;
&#xD;
2019-11-01 02:36:57 - [MESSAGE][PASSED] - Object: 'Object Repository/Pages/Sale/calender_NextButton' is clicked on&#xD;
&#xD;
2019-11-01 02:36:57 - [MESSAGE][PASSED] - Text of object 'Object Repository/Pages/Sale/link_MonthYear' is: 'August 2104'&#xD;
&#xD;
2019-11-01 02:36:58 - [MESSAGE][PASSED] - Object: 'Object Repository/Pages/Sale/calender_NextButton' is clicked on&#xD;
&#xD;
2019-11-01 02:36:58 - [MESSAGE][PASSED] - Text of object 'Object Repository/Pages/Sale/link_MonthYear' is: 'September 2104'&#xD;
&#xD;
2019-11-01 02:36:58 - [MESSAGE][PASSED] - Object: 'Object Repository/Pages/Sale/calender_NextButton' is clicked on&#xD;
&#xD;
2019-11-01 02:36:58 - [MESSAGE][PASSED] - Text of object 'Object Repository/Pages/Sale/link_MonthYear' is: 'October 2104'&#xD;
&#xD;
2019-11-01 02:36:58 - [MESSAGE][PASSED] - Object: 'Object Repository/Pages/Sale/calender_NextButton' is clicked on&#xD;
&#xD;
2019-11-01 02:36:58 - [MESSAGE][PASSED] - Text of object 'Object Repository/Pages/Sale/link_MonthYear' is: 'November 2104'&#xD;
&#xD;
2019-11-01 02:36:58 - [MESSAGE][PASSED] - Object: 'Object Repository/Pages/Sale/calender_NextButton' is clicked on&#xD;
&#xD;
2019-11-01 02:36:58 - [MESSAGE][PASSED] - Text of object 'Object Repository/Pages/Sale/link_MonthYear' is: 'December 2104'&#xD;
&#xD;
2019-11-01 02:36:59 - [MESSAGE][PASSED] - Object: 'Object Repository/Pages/Sale/calender_NextButton' is clicked on&#xD;
&#xD;
2019-11-01 02:36:59 - [MESSAGE][PASSED] - Text of object 'Object Repository/Pages/Sale/link_MonthYear' is: 'January 2105'&#xD;
&#xD;
2019-11-01 02:36:59 - [MESSAGE][PASSED] - Object: 'Object Repository/Pages/Sale/calender_NextButton' is clicked on&#xD;
&#xD;
2019-11-01 02:36:59 - [MESSAGE][PASSED] - Text of object 'Object Repository/Pages/Sale/link_MonthYear' is: 'February 2105'&#xD;
&#xD;
2019-11-01 02:36:59 - [MESSAGE][PASSED] - Object: 'Object Repository/Pages/Sale/calender_NextButton' is clicked on&#xD;
&#xD;
2019-11-01 02:36:59 - [MESSAGE][PASSED] - Text of object 'Object Repository/Pages/Sale/link_MonthYear' is: 'March 2105'&#xD;
&#xD;
2019-11-01 02:37:00 - [MESSAGE][PASSED] - Object: 'Object Repository/Pages/Sale/calender_NextButton' is clicked on&#xD;
&#xD;
2019-11-01 02:37:00 - [MESSAGE][PASSED] - Text of object 'Object Repository/Pages/Sale/link_MonthYear' is: 'April 2105'&#xD;
&#xD;
2019-11-01 02:37:00 - [MESSAGE][PASSED] - Object: 'Object Repository/Pages/Sale/calender_NextButton' is clicked on&#xD;
&#xD;
2019-11-01 02:37:00 - [MESSAGE][PASSED] - Text of object 'Object Repository/Pages/Sale/link_MonthYear' is: 'May 2105'&#xD;
&#xD;
2019-11-01 02:37:00 - [MESSAGE][PASSED] - Object: 'Object Repository/Pages/Sale/calender_NextButton' is clicked on&#xD;
&#xD;
2019-11-01 02:37:00 - [MESSAGE][PASSED] - Text of object 'Object Repository/Pages/Sale/link_MonthYear' is: 'June 2105'&#xD;
&#xD;
2019-11-01 02:37:01 - [MESSAGE][PASSED] - Object: 'Object Repository/Pages/Sale/calender_NextButton' is clicked on&#xD;
&#xD;
2019-11-01 02:37:01 - [MESSAGE][PASSED] - Text of object 'Object Repository/Pages/Sale/link_MonthYear' is: 'July 2105'&#xD;
&#xD;
2019-11-01 02:37:01 - [MESSAGE][PASSED] - Object: 'Object Repository/Pages/Sale/calender_NextButton' is clicked on&#xD;
&#xD;
2019-11-01 02:37:01 - [MESSAGE][PASSED] - Text of object 'Object Repository/Pages/Sale/link_MonthYear' is: 'August 2105'&#xD;
&#xD;
2019-11-01 02:37:01 - [MESSAGE][PASSED] - Object: 'Object Repository/Pages/Sale/calender_NextButton' is clicked on&#xD;
&#xD;
2019-11-01 02:37:01 - [MESSAGE][PASSED] - Text of object 'Object Repository/Pages/Sale/link_MonthYear' is: 'September 2105'&#xD;
&#xD;
2019-11-01 02:37:01 - [MESSAGE][PASSED] - Object: 'Object Repository/Pages/Sale/calender_NextButton' is clicked on&#xD;
&#xD;
2019-11-01 02:37:01 - [MESSAGE][PASSED] - Text of object 'Object Repository/Pages/Sale/link_MonthYear' is: 'October 2105'&#xD;
&#xD;
2019-11-01 02:37:02 - [MESSAGE][PASSED] - Object: 'Object Repository/Pages/Sale/calender_NextButton' is clicked on&#xD;
&#xD;
2019-11-01 02:37:02 - [MESSAGE][PASSED] - Text of object 'Object Repository/Pages/Sale/link_MonthYear' is: 'November 2105'&#xD;
&#xD;
2019-11-01 02:37:02 - [MESSAGE][PASSED] - Object: 'Object Repository/Pages/Sale/calender_NextButton' is clicked on&#xD;
&#xD;
2019-11-01 02:37:02 - [MESSAGE][PASSED] - Text of object 'Object Repository/Pages/Sale/link_MonthYear' is: 'December 2105'&#xD;
&#xD;
2019-11-01 02:37:02 - [MESSAGE][PASSED] - Object: 'Object Repository/Pages/Sale/calender_NextButton' is clicked on&#xD;
&#xD;
2019-11-01 02:37:02 - [MESSAGE][PASSED] - Text of object 'Object Repository/Pages/Sale/link_MonthYear' is: 'January 2106'&#xD;
&#xD;
2019-11-01 02:37:02 - [MESSAGE][PASSED] - Object: 'Object Repository/Pages/Sale/calender_NextButton' is clicked on&#xD;
&#xD;
2019-11-01 02:37:02 - [MESSAGE][PASSED] - Text of object 'Object Repository/Pages/Sale/link_MonthYear' is: 'February 2106'&#xD;
&#xD;
2019-11-01 02:37:03 - [MESSAGE][PASSED] - Object: 'Object Repository/Pages/Sale/calender_NextButton' is clicked on&#xD;
&#xD;
2019-11-01 02:37:03 - [MESSAGE][PASSED] - Text of object 'Object Repository/Pages/Sale/link_MonthYear' is: 'March 2106'&#xD;
&#xD;
2019-11-01 02:37:03 - [MESSAGE][PASSED] - Object: 'Object Repository/Pages/Sale/calender_NextButton' is clicked on&#xD;
&#xD;
2019-11-01 02:37:03 - [MESSAGE][PASSED] - Text of object 'Object Repository/Pages/Sale/link_MonthYear' is: 'April 2106'&#xD;
&#xD;
2019-11-01 02:37:03 - [MESSAGE][PASSED] - Object: 'Object Repository/Pages/Sale/calender_NextButton' is clicked on&#xD;
&#xD;
2019-11-01 02:37:03 - [MESSAGE][PASSED] - Text of object 'Object Repository/Pages/Sale/link_MonthYear' is: 'May 2106'&#xD;
&#xD;
2019-11-01 02:37:04 - [MESSAGE][PASSED] - Object: 'Object Repository/Pages/Sale/calender_NextButton' is clicked on&#xD;
&#xD;
2019-11-01 02:37:04 - [MESSAGE][PASSED] - Text of object 'Object Repository/Pages/Sale/link_MonthYear' is: 'June 2106'&#xD;
&#xD;
2019-11-01 02:37:04 - [MESSAGE][PASSED] - Object: 'Object Repository/Pages/Sale/calender_NextButton' is clicked on&#xD;
&#xD;
2019-11-01 02:37:04 - [MESSAGE][PASSED] - Text of object 'Object Repository/Pages/Sale/link_MonthYear' is: 'July 2106'&#xD;
&#xD;
2019-11-01 02:37:04 - [MESSAGE][PASSED] - Object: 'Object Repository/Pages/Sale/calender_NextButton' is clicked on&#xD;
&#xD;
2019-11-01 02:37:04 - [MESSAGE][PASSED] - Text of object 'Object Repository/Pages/Sale/link_MonthYear' is: 'August 2106'&#xD;
&#xD;
2019-11-01 02:37:04 - [MESSAGE][PASSED] - Object: 'Object Repository/Pages/Sale/calender_NextButton' is clicked on&#xD;
&#xD;
2019-11-01 02:37:04 - [MESSAGE][PASSED] - Text of object 'Object Repository/Pages/Sale/link_MonthYear' is: 'September 2106'&#xD;
&#xD;
2019-11-01 02:37:05 - [MESSAGE][PASSED] - Object: 'Object Repository/Pages/Sale/calender_NextButton' is clicked on&#xD;
&#xD;
2019-11-01 02:37:05 - [MESSAGE][PASSED] - Text of object 'Object Repository/Pages/Sale/link_MonthYear' is: 'October 2106'&#xD;
&#xD;
2019-11-01 02:37:05 - [MESSAGE][PASSED] - Object: 'Object Repository/Pages/Sale/calender_NextButton' is clicked on&#xD;
&#xD;
2019-11-01 02:37:05 - [MESSAGE][PASSED] - Text of object 'Object Repository/Pages/Sale/link_MonthYear' is: 'November 2106'&#xD;
&#xD;
2019-11-01 02:37:05 - [MESSAGE][PASSED] - Object: 'Object Repository/Pages/Sale/calender_NextButton' is clicked on&#xD;
&#xD;
2019-11-01 02:37:05 - [MESSAGE][PASSED] - Text of object 'Object Repository/Pages/Sale/link_MonthYear' is: 'December 2106'&#xD;
&#xD;
2019-11-01 02:37:06 - [MESSAGE][PASSED] - Object: 'Object Repository/Pages/Sale/calender_NextButton' is clicked on&#xD;
&#xD;
2019-11-01 02:37:06 - [MESSAGE][PASSED] - Text of object 'Object Repository/Pages/Sale/link_MonthYear' is: 'January 2107'&#xD;
&#xD;
2019-11-01 02:37:06 - [MESSAGE][PASSED] - Object: 'Object Repository/Pages/Sale/calender_NextButton' is clicked on&#xD;
&#xD;
2019-11-01 02:37:06 - [MESSAGE][PASSED] - Text of object 'Object Repository/Pages/Sale/link_MonthYear' is: 'February 2107'&#xD;
&#xD;
2019-11-01 02:37:06 - [MESSAGE][PASSED] - Object: 'Object Repository/Pages/Sale/calender_NextButton' is clicked on&#xD;
&#xD;
2019-11-01 02:37:06 - [MESSAGE][PASSED] - Text of object 'Object Repository/Pages/Sale/link_MonthYear' is: 'March 2107'&#xD;
&#xD;
2019-11-01 02:37:06 - [MESSAGE][PASSED] - Object: 'Object Repository/Pages/Sale/calender_NextButton' is clicked on&#xD;
&#xD;
2019-11-01 02:37:06 - [MESSAGE][PASSED] - Text of object 'Object Repository/Pages/Sale/link_MonthYear' is: 'April 2107'&#xD;
&#xD;
2019-11-01 02:37:07 - [MESSAGE][PASSED] - Object: 'Object Repository/Pages/Sale/calender_NextButton' is clicked on&#xD;
&#xD;
2019-11-01 02:37:07 - [MESSAGE][PASSED] - Text of object 'Object Repository/Pages/Sale/link_MonthYear' is: 'May 2107'&#xD;
&#xD;
2019-11-01 02:37:07 - [MESSAGE][PASSED] - Object: 'Object Repository/Pages/Sale/calender_NextButton' is clicked on&#xD;
&#xD;
2019-11-01 02:37:07 - [MESSAGE][PASSED] - Text of object 'Object Repository/Pages/Sale/link_MonthYear' is: 'June 2107'&#xD;
&#xD;
2019-11-01 02:37:07 - [MESSAGE][PASSED] - Object: 'Object Repository/Pages/Sale/calender_NextButton' is clicked on&#xD;
&#xD;
2019-11-01 02:37:07 - [MESSAGE][PASSED] - Text of object 'Object Repository/Pages/Sale/link_MonthYear' is: 'July 2107'&#xD;
&#xD;
2019-11-01 02:37:08 - [MESSAGE][PASSED] - Object: 'Object Repository/Pages/Sale/calender_NextButton' is clicked on&#xD;
&#xD;
2019-11-01 02:37:08 - [MESSAGE][PASSED] - Text of object 'Object Repository/Pages/Sale/link_MonthYear' is: 'August 2107'&#xD;
&#xD;
2019-11-01 02:37:08 - [MESSAGE][PASSED] - Object: 'Object Repository/Pages/Sale/calender_NextButton' is clicked on&#xD;
&#xD;
2019-11-01 02:37:08 - [MESSAGE][PASSED] - Text of object 'Object Repository/Pages/Sale/link_MonthYear' is: 'September 2107'&#xD;
&#xD;
2019-11-01 02:37:08 - [MESSAGE][PASSED] - Object: 'Object Repository/Pages/Sale/calender_NextButton' is clicked on&#xD;
&#xD;
2019-11-01 02:37:08 - [MESSAGE][PASSED] - Text of object 'Object Repository/Pages/Sale/link_MonthYear' is: 'October 2107'&#xD;
&#xD;
2019-11-01 02:37:08 - [MESSAGE][PASSED] - Object: 'Object Repository/Pages/Sale/calender_NextButton' is clicked on&#xD;
&#xD;
2019-11-01 02:37:09 - [MESSAGE][PASSED] - Text of object 'Object Repository/Pages/Sale/link_MonthYear' is: 'November 2107'&#xD;
&#xD;
2019-11-01 02:37:09 - [MESSAGE][PASSED] - Object: 'Object Repository/Pages/Sale/calender_NextButton' is clicked on&#xD;
&#xD;
2019-11-01 02:37:09 - [MESSAGE][PASSED] - Text of object 'Object Repository/Pages/Sale/link_MonthYear' is: 'December 2107'&#xD;
&#xD;
2019-11-01 02:37:09 - [MESSAGE][PASSED] - Object: 'Object Repository/Pages/Sale/calender_NextButton' is clicked on&#xD;
&#xD;
2019-11-01 02:37:09 - [MESSAGE][PASSED] - Text of object 'Object Repository/Pages/Sale/link_MonthYear' is: 'January 2108'&#xD;
&#xD;
2019-11-01 02:37:09 - [MESSAGE][PASSED] - Object: 'Object Repository/Pages/Sale/calender_NextButton' is clicked on&#xD;
&#xD;
2019-11-01 02:37:09 - [MESSAGE][PASSED] - Text of object 'Object Repository/Pages/Sale/link_MonthYear' is: 'February 2108'&#xD;
&#xD;
2019-11-01 02:37:10 - [MESSAGE][PASSED] - Object: 'Object Repository/Pages/Sale/calender_NextButton' is clicked on&#xD;
&#xD;
2019-11-01 02:37:10 - [MESSAGE][PASSED] - Text of object 'Object Repository/Pages/Sale/link_MonthYear' is: 'March 2108'&#xD;
&#xD;
2019-11-01 02:37:10 - [MESSAGE][PASSED] - Object: 'Object Repository/Pages/Sale/calender_NextButton' is clicked on&#xD;
&#xD;
2019-11-01 02:37:10 - [MESSAGE][PASSED] - Text of object 'Object Repository/Pages/Sale/link_MonthYear' is: 'April 2108'&#xD;
&#xD;
2019-11-01 02:37:10 - [MESSAGE][PASSED] - Object: 'Object Repository/Pages/Sale/calender_NextButton' is clicked on&#xD;
&#xD;
2019-11-01 02:37:10 - [MESSAGE][PASSED] - Text of object 'Object Repository/Pages/Sale/link_MonthYear' is: 'May 2108'&#xD;
&#xD;
2019-11-01 02:37:11 - [MESSAGE][PASSED] - Object: 'Object Repository/Pages/Sale/calender_NextButton' is clicked on&#xD;
&#xD;
2019-11-01 02:37:11 - [MESSAGE][PASSED] - Text of object 'Object Repository/Pages/Sale/link_MonthYear' is: 'June 2108'&#xD;
&#xD;
2019-11-01 02:37:11 - [MESSAGE][PASSED] - Object: 'Object Repository/Pages/Sale/calender_NextButton' is clicked on&#xD;
&#xD;
2019-11-01 02:37:11 - [MESSAGE][PASSED] - Text of object 'Object Repository/Pages/Sale/link_MonthYear' is: 'July 2108'&#xD;
&#xD;
2019-11-01 02:37:11 - [MESSAGE][PASSED] - Object: 'Object Repository/Pages/Sale/calender_NextButton' is clicked on&#xD;
&#xD;
2019-11-01 02:37:11 - [MESSAGE][PASSED] - Text of object 'Object Repository/Pages/Sale/link_MonthYear' is: 'August 2108'&#xD;
&#xD;
2019-11-01 02:37:11 - [MESSAGE][PASSED] - Object: 'Object Repository/Pages/Sale/calender_NextButton' is clicked on&#xD;
&#xD;
2019-11-01 02:37:11 - [MESSAGE][PASSED] - Text of object 'Object Repository/Pages/Sale/link_MonthYear' is: 'September 2108'&#xD;
&#xD;
2019-11-01 02:37:12 - [MESSAGE][PASSED] - Object: 'Object Repository/Pages/Sale/calender_NextButton' is clicked on&#xD;
&#xD;
2019-11-01 02:37:12 - [MESSAGE][PASSED] - Text of object 'Object Repository/Pages/Sale/link_MonthYear' is: 'October 2108'&#xD;
&#xD;
2019-11-01 02:37:12 - [MESSAGE][PASSED] - Object: 'Object Repository/Pages/Sale/calender_NextButton' is clicked on&#xD;
&#xD;
2019-11-01 02:37:12 - [MESSAGE][PASSED] - Text of object 'Object Repository/Pages/Sale/link_MonthYear' is: 'November 2108'&#xD;
&#xD;
2019-11-01 02:37:12 - [MESSAGE][PASSED] - Object: 'Object Repository/Pages/Sale/calender_NextButton' is clicked on&#xD;
&#xD;
2019-11-01 02:37:12 - [MESSAGE][PASSED] - Text of object 'Object Repository/Pages/Sale/link_MonthYear' is: 'December 2108'&#xD;
&#xD;
2019-11-01 02:37:13 - [MESSAGE][PASSED] - Object: 'Object Repository/Pages/Sale/calender_NextButton' is clicked on&#xD;
&#xD;
2019-11-01 02:37:13 - [MESSAGE][PASSED] - Text of object 'Object Repository/Pages/Sale/link_MonthYear' is: 'January 2109'&#xD;
&#xD;
2019-11-01 02:37:13 - [MESSAGE][PASSED] - Object: 'Object Repository/Pages/Sale/calender_NextButton' is clicked on&#xD;
&#xD;
2019-11-01 02:37:13 - [MESSAGE][PASSED] - Text of object 'Object Repository/Pages/Sale/link_MonthYear' is: 'February 2109'&#xD;
&#xD;
2019-11-01 02:37:13 - [MESSAGE][PASSED] - Object: 'Object Repository/Pages/Sale/calender_NextButton' is clicked on&#xD;
&#xD;
2019-11-01 02:37:13 - [MESSAGE][PASSED] - Text of object 'Object Repository/Pages/Sale/link_MonthYear' is: 'March 2109'&#xD;
&#xD;
2019-11-01 02:37:13 - [MESSAGE][PASSED] - Object: 'Object Repository/Pages/Sale/calender_NextButton' is clicked on&#xD;
&#xD;
2019-11-01 02:37:13 - [MESSAGE][PASSED] - Text of object 'Object Repository/Pages/Sale/link_MonthYear' is: 'April 2109'&#xD;
&#xD;
2019-11-01 02:37:14 - [MESSAGE][PASSED] - Object: 'Object Repository/Pages/Sale/calender_NextButton' is clicked on&#xD;
&#xD;
2019-11-01 02:37:14 - [MESSAGE][PASSED] - Text of object 'Object Repository/Pages/Sale/link_MonthYear' is: 'May 2109'&#xD;
&#xD;
2019-11-01 02:37:14 - [MESSAGE][PASSED] - Object: 'Object Repository/Pages/Sale/calender_NextButton' is clicked on&#xD;
&#xD;
2019-11-01 02:37:14 - [MESSAGE][PASSED] - Text of object 'Object Repository/Pages/Sale/link_MonthYear' is: 'June 2109'&#xD;
&#xD;
2019-11-01 02:37:14 - [MESSAGE][PASSED] - Object: 'Object Repository/Pages/Sale/calender_NextButton' is clicked on&#xD;
&#xD;
2019-11-01 02:37:14 - [MESSAGE][PASSED] - Text of object 'Object Repository/Pages/Sale/link_MonthYear' is: 'July 2109'&#xD;
&#xD;
2019-11-01 02:37:15 - [MESSAGE][PASSED] - Object: 'Object Repository/Pages/Sale/calender_NextButton' is clicked on&#xD;
&#xD;
2019-11-01 02:37:15 - [MESSAGE][PASSED] - Text of object 'Object Repository/Pages/Sale/link_MonthYear' is: 'August 2109'&#xD;
&#xD;
2019-11-01 02:37:15 - [MESSAGE][PASSED] - Object: 'Object Repository/Pages/Sale/calender_NextButton' is clicked on&#xD;
&#xD;
2019-11-01 02:37:15 - [MESSAGE][PASSED] - Text of object 'Object Repository/Pages/Sale/link_MonthYear' is: 'September 2109'&#xD;
&#xD;
2019-11-01 02:37:15 - [MESSAGE][PASSED] - Object: 'Object Repository/Pages/Sale/calender_NextButton' is clicked on&#xD;
&#xD;
2019-11-01 02:37:15 - [MESSAGE][PASSED] - Text of object 'Object Repository/Pages/Sale/link_MonthYear' is: 'October 2109'&#xD;
&#xD;
2019-11-01 02:37:15 - [MESSAGE][PASSED] - Object: 'Object Repository/Pages/Sale/calender_NextButton' is clicked on&#xD;
&#xD;
2019-11-01 02:37:15 - [MESSAGE][PASSED] - Text of object 'Object Repository/Pages/Sale/link_MonthYear' is: 'November 2109'&#xD;
&#xD;
2019-11-01 02:37:16 - [MESSAGE][PASSED] - Object: 'Object Repository/Pages/Sale/calender_NextButton' is clicked on&#xD;
&#xD;
2019-11-01 02:37:16 - [MESSAGE][PASSED] - Text of object 'Object Repository/Pages/Sale/link_MonthYear' is: 'December 2109'&#xD;
&#xD;
2019-11-01 02:37:16 - [MESSAGE][PASSED] - Object: 'Object Repository/Pages/Sale/calender_NextButton' is clicked on&#xD;
&#xD;
2019-11-01 02:37:16 - [MESSAGE][PASSED] - Text of object 'Object Repository/Pages/Sale/link_MonthYear' is: 'January 2110'&#xD;
&#xD;
2019-11-01 02:37:16 - [MESSAGE][PASSED] - Object: 'Object Repository/Pages/Sale/calender_NextButton' is clicked on&#xD;
&#xD;
2019-11-01 02:37:16 - [MESSAGE][PASSED] - Text of object 'Object Repository/Pages/Sale/link_MonthYear' is: 'February 2110'&#xD;
&#xD;
2019-11-01 02:37:17 - [MESSAGE][PASSED] - Object: 'Object Repository/Pages/Sale/calender_NextButton' is clicked on&#xD;
&#xD;
2019-11-01 02:37:17 - [MESSAGE][PASSED] - Text of object 'Object Repository/Pages/Sale/link_MonthYear' is: 'March 2110'&#xD;
&#xD;
2019-11-01 02:37:17 - [MESSAGE][PASSED] - Object: 'Object Repository/Pages/Sale/calender_NextButton' is clicked on&#xD;
&#xD;
2019-11-01 02:37:17 - [MESSAGE][PASSED] - Text of object 'Object Repository/Pages/Sale/link_MonthYear' is: 'April 2110'&#xD;
&#xD;
2019-11-01 02:37:17 - [MESSAGE][PASSED] - Object: 'Object Repository/Pages/Sale/calender_NextButton' is clicked on&#xD;
&#xD;
2019-11-01 02:37:17 - [MESSAGE][PASSED] - Text of object 'Object Repository/Pages/Sale/link_MonthYear' is: 'May 2110'&#xD;
&#xD;
2019-11-01 02:37:18 - [MESSAGE][PASSED] - Object: 'Object Repository/Pages/Sale/calender_NextButton' is clicked on&#xD;
&#xD;
2019-11-01 02:37:18 - [MESSAGE][PASSED] - Text of object 'Object Repository/Pages/Sale/link_MonthYear' is: 'June 2110'&#xD;
&#xD;
2019-11-01 02:37:18 - [MESSAGE][PASSED] - Object: 'Object Repository/Pages/Sale/calender_NextButton' is clicked on&#xD;
&#xD;
2019-11-01 02:37:18 - [MESSAGE][PASSED] - Text of object 'Object Repository/Pages/Sale/link_MonthYear' is: 'July 2110'&#xD;
&#xD;
2019-11-01 02:37:18 - [MESSAGE][PASSED] - Object: 'Object Repository/Pages/Sale/calender_NextButton' is clicked on&#xD;
&#xD;
2019-11-01 02:37:18 - [MESSAGE][PASSED] - Text of object 'Object Repository/Pages/Sale/link_MonthYear' is: 'August 2110'&#xD;
&#xD;
2019-11-01 02:37:18 - [MESSAGE][PASSED] - Object: 'Object Repository/Pages/Sale/calender_NextButton' is clicked on&#xD;
&#xD;
2019-11-01 02:37:18 - [MESSAGE][PASSED] - Text of object 'Object Repository/Pages/Sale/link_MonthYear' is: 'September 2110'&#xD;
&#xD;
2019-11-01 02:37:19 - [MESSAGE][PASSED] - Object: 'Object Repository/Pages/Sale/calender_NextButton' is clicked on&#xD;
&#xD;
2019-11-01 02:37:19 - [MESSAGE][PASSED] - Text of object 'Object Repository/Pages/Sale/link_MonthYear' is: 'October 2110'&#xD;
&#xD;
2019-11-01 02:37:19 - [MESSAGE][PASSED] - Object: 'Object Repository/Pages/Sale/calender_NextButton' is clicked on&#xD;
&#xD;
2019-11-01 02:37:19 - [MESSAGE][PASSED] - Text of object 'Object Repository/Pages/Sale/link_MonthYear' is: 'November 2110'&#xD;
&#xD;
2019-11-01 02:37:19 - [MESSAGE][PASSED] - Object: 'Object Repository/Pages/Sale/calender_NextButton' is clicked on&#xD;
&#xD;
2019-11-01 02:37:19 - [MESSAGE][PASSED] - Text of object 'Object Repository/Pages/Sale/link_MonthYear' is: 'December 2110'&#xD;
&#xD;
2019-11-01 02:37:20 - [MESSAGE][PASSED] - Object: 'Object Repository/Pages/Sale/calender_NextButton' is clicked on&#xD;
&#xD;
2019-11-01 02:37:20 - [MESSAGE][PASSED] - Text of object 'Object Repository/Pages/Sale/link_MonthYear' is: 'January 2111'&#xD;
&#xD;
2019-11-01 02:37:20 - [MESSAGE][PASSED] - Object: 'Object Repository/Pages/Sale/calender_NextButton' is clicked on&#xD;
&#xD;
2019-11-01 02:37:20 - [MESSAGE][PASSED] - Text of object 'Object Repository/Pages/Sale/link_MonthYear' is: 'February 2111'&#xD;
&#xD;
2019-11-01 02:37:20 - [MESSAGE][PASSED] - Object: 'Object Repository/Pages/Sale/calender_NextButton' is clicked on&#xD;
&#xD;
2019-11-01 02:37:20 - [MESSAGE][PASSED] - Text of object 'Object Repository/Pages/Sale/link_MonthYear' is: 'March 2111'&#xD;
&#xD;
2019-11-01 02:37:21 - [MESSAGE][PASSED] - Object: 'Object Repository/Pages/Sale/calender_NextButton' is clicked on&#xD;
&#xD;
2019-11-01 02:37:21 - [MESSAGE][PASSED] - Text of object 'Object Repository/Pages/Sale/link_MonthYear' is: 'April 2111'&#xD;
&#xD;
2019-11-01 02:37:21 - [MESSAGE][PASSED] - Object: 'Object Repository/Pages/Sale/calender_NextButton' is clicked on&#xD;
&#xD;
2019-11-01 02:37:21 - [MESSAGE][PASSED] - Text of object 'Object Repository/Pages/Sale/link_MonthYear' is: 'May 2111'&#xD;
&#xD;
2019-11-01 02:37:21 - [MESSAGE][PASSED] - Object: 'Object Repository/Pages/Sale/calender_NextButton' is clicked on&#xD;
&#xD;
2019-11-01 02:37:21 - [MESSAGE][PASSED] - Text of object 'Object Repository/Pages/Sale/link_MonthYear' is: 'June 2111'&#xD;
&#xD;
2019-11-01 02:37:21 - [MESSAGE][PASSED] - Object: 'Object Repository/Pages/Sale/calender_NextButton' is clicked on&#xD;
&#xD;
2019-11-01 02:37:21 - [MESSAGE][PASSED] - Text of object 'Object Repository/Pages/Sale/link_MonthYear' is: 'July 2111'&#xD;
&#xD;
2019-11-01 02:37:22 - [MESSAGE][PASSED] - Object: 'Object Repository/Pages/Sale/calender_NextButton' is clicked on&#xD;
&#xD;
2019-11-01 02:37:22 - [MESSAGE][PASSED] - Text of object 'Object Repository/Pages/Sale/link_MonthYear' is: 'August 2111'&#xD;
&#xD;
2019-11-01 02:37:22 - [MESSAGE][PASSED] - Object: 'Object Repository/Pages/Sale/calender_NextButton' is clicked on&#xD;
&#xD;
2019-11-01 02:37:22 - [MESSAGE][PASSED] - Text of object 'Object Repository/Pages/Sale/link_MonthYear' is: 'September 2111'&#xD;
&#xD;
2019-11-01 02:37:22 - [MESSAGE][PASSED] - Object: 'Object Repository/Pages/Sale/calender_NextButton' is clicked on&#xD;
&#xD;
2019-11-01 02:37:22 - [MESSAGE][PASSED] - Text of object 'Object Repository/Pages/Sale/link_MonthYear' is: 'October 2111'&#xD;
&#xD;
2019-11-01 02:37:23 - [MESSAGE][PASSED] - Object: 'Object Repository/Pages/Sale/calender_NextButton' is clicked on&#xD;
&#xD;
2019-11-01 02:37:23 - [MESSAGE][PASSED] - Text of object 'Object Repository/Pages/Sale/link_MonthYear' is: 'November 2111'&#xD;
&#xD;
2019-11-01 02:37:23 - [MESSAGE][PASSED] - Object: 'Object Repository/Pages/Sale/calender_NextButton' is clicked on&#xD;
&#xD;
2019-11-01 02:37:23 - [MESSAGE][PASSED] - Text of object 'Object Repository/Pages/Sale/link_MonthYear' is: 'December 2111'&#xD;
&#xD;
2019-11-01 02:37:23 - [MESSAGE][PASSED] - Object: 'Object Repository/Pages/Sale/calender_NextButton' is clicked on&#xD;
&#xD;
2019-11-01 02:37:23 - [MESSAGE][PASSED] - Text of object 'Object Repository/Pages/Sale/link_MonthYear' is: 'January 2112'&#xD;
&#xD;
2019-11-01 02:37:23 - [MESSAGE][PASSED] - Object: 'Object Repository/Pages/Sale/calender_NextButton' is clicked on&#xD;
&#xD;
2019-11-01 02:37:23 - [MESSAGE][PASSED] - Text of object 'Object Repository/Pages/Sale/link_MonthYear' is: 'February 2112'&#xD;
&#xD;
2019-11-01 02:37:24 - [MESSAGE][PASSED] - Object: 'Object Repository/Pages/Sale/calender_NextButton' is clicked on&#xD;
&#xD;
2019-11-01 02:37:24 - [MESSAGE][PASSED] - Text of object 'Object Repository/Pages/Sale/link_MonthYear' is: 'March 2112'&#xD;
&#xD;
2019-11-01 02:37:24 - [MESSAGE][PASSED] - Object: 'Object Repository/Pages/Sale/calender_NextButton' is clicked on&#xD;
&#xD;
2019-11-01 02:37:24 - [MESSAGE][PASSED] - Text of object 'Object Repository/Pages/Sale/link_MonthYear' is: 'April 2112'&#xD;
&#xD;
2019-11-01 02:37:24 - [MESSAGE][PASSED] - Object: 'Object Repository/Pages/Sale/calender_NextButton' is clicked on&#xD;
&#xD;
2019-11-01 02:37:24 - [MESSAGE][PASSED] - Text of object 'Object Repository/Pages/Sale/link_MonthYear' is: 'May 2112'&#xD;
&#xD;
2019-11-01 02:37:25 - [MESSAGE][PASSED] - Object: 'Object Repository/Pages/Sale/calender_NextButton' is clicked on&#xD;
&#xD;
2019-11-01 02:37:25 - [MESSAGE][PASSED] - Text of object 'Object Repository/Pages/Sale/link_MonthYear' is: 'June 2112'&#xD;
&#xD;
2019-11-01 02:37:25 - [MESSAGE][PASSED] - Object: 'Object Repository/Pages/Sale/calender_NextButton' is clicked on&#xD;
&#xD;
2019-11-01 02:37:25 - [MESSAGE][PASSED] - Text of object 'Object Repository/Pages/Sale/link_MonthYear' is: 'July 2112'&#xD;
&#xD;
2019-11-01 02:37:25 - [MESSAGE][PASSED] - Object: 'Object Repository/Pages/Sale/calender_NextButton' is clicked on&#xD;
&#xD;
2019-11-01 02:37:25 - [MESSAGE][PASSED] - Text of object 'Object Repository/Pages/Sale/link_MonthYear' is: 'August 2112'&#xD;
&#xD;
2019-11-01 02:37:25 - [MESSAGE][PASSED] - Object: 'Object Repository/Pages/Sale/calender_NextButton' is clicked on&#xD;
&#xD;
2019-11-01 02:37:26 - [MESSAGE][PASSED] - Text of object 'Object Repository/Pages/Sale/link_MonthYear' is: 'September 2112'&#xD;
&#xD;
2019-11-01 02:37:26 - [MESSAGE][PASSED] - Object: 'Object Repository/Pages/Sale/calender_NextButton' is clicked on&#xD;
&#xD;
2019-11-01 02:37:26 - [MESSAGE][PASSED] - Text of object 'Object Repository/Pages/Sale/link_MonthYear' is: 'October 2112'&#xD;
&#xD;
2019-11-01 02:37:26 - [MESSAGE][PASSED] - Object: 'Object Repository/Pages/Sale/calender_NextButton' is clicked on&#xD;
&#xD;
2019-11-01 02:37:26 - [MESSAGE][PASSED] - Text of object 'Object Repository/Pages/Sale/link_MonthYear' is: 'November 2112'&#xD;
&#xD;
2019-11-01 02:37:26 - [MESSAGE][PASSED] - Object: 'Object Repository/Pages/Sale/calender_NextButton' is clicked on&#xD;
&#xD;
2019-11-01 02:37:26 - [MESSAGE][PASSED] - Text of object 'Object Repository/Pages/Sale/link_MonthYear' is: 'December 2112'&#xD;
&#xD;
2019-11-01 02:37:27 - [MESSAGE][PASSED] - Object: 'Object Repository/Pages/Sale/calender_NextButton' is clicked on&#xD;
&#xD;
2019-11-01 02:37:27 - [MESSAGE][PASSED] - Text of object 'Object Repository/Pages/Sale/link_MonthYear' is: 'January 2113'&#xD;
&#xD;
2019-11-01 02:37:27 - [MESSAGE][PASSED] - Object: 'Object Repository/Pages/Sale/calender_NextButton' is clicked on&#xD;
&#xD;
2019-11-01 02:37:27 - [MESSAGE][PASSED] - Text of object 'Object Repository/Pages/Sale/link_MonthYear' is: 'February 2113'&#xD;
&#xD;
2019-11-01 02:37:27 - [MESSAGE][PASSED] - Object: 'Object Repository/Pages/Sale/calender_NextButton' is clicked on&#xD;
&#xD;
2019-11-01 02:37:27 - [MESSAGE][PASSED] - Text of object 'Object Repository/Pages/Sale/link_MonthYear' is: 'March 2113'&#xD;
&#xD;
2019-11-01 02:37:28 - [MESSAGE][PASSED] - Object: 'Object Repository/Pages/Sale/calender_NextButton' is clicked on&#xD;
&#xD;
2019-11-01 02:37:28 - [MESSAGE][PASSED] - Text of object 'Object Repository/Pages/Sale/link_MonthYear' is: 'April 2113'&#xD;
&#xD;
2019-11-01 02:37:28 - [MESSAGE][PASSED] - Object: 'Object Repository/Pages/Sale/calender_NextButton' is clicked on&#xD;
&#xD;
2019-11-01 02:37:28 - [MESSAGE][PASSED] - Text of object 'Object Repository/Pages/Sale/link_MonthYear' is: 'May 2113'&#xD;
&#xD;
2019-11-01 02:37:28 - [MESSAGE][PASSED] - Object: 'Object Repository/Pages/Sale/calender_NextButton' is clicked on&#xD;
&#xD;
2019-11-01 02:37:28 - [MESSAGE][PASSED] - Text of object 'Object Repository/Pages/Sale/link_MonthYear' is: 'June 2113'&#xD;
&#xD;
2019-11-01 02:37:28 - [MESSAGE][PASSED] - Object: 'Object Repository/Pages/Sale/calender_NextButton' is clicked on&#xD;
&#xD;
2019-11-01 02:37:28 - [MESSAGE][PASSED] - Text of object 'Object Repository/Pages/Sale/link_MonthYear' is: 'July 2113'&#xD;
&#xD;
2019-11-01 02:37:29 - [MESSAGE][PASSED] - Object: 'Object Repository/Pages/Sale/calender_NextButton' is clicked on&#xD;
&#xD;
2019-11-01 02:37:29 - [MESSAGE][PASSED] - Text of object 'Object Repository/Pages/Sale/link_MonthYear' is: 'August 2113'&#xD;
&#xD;
2019-11-01 02:37:29 - [MESSAGE][PASSED] - Object: 'Object Repository/Pages/Sale/calender_NextButton' is clicked on&#xD;
&#xD;
2019-11-01 02:37:29 - [MESSAGE][PASSED] - Text of object 'Object Repository/Pages/Sale/link_MonthYear' is: 'September 2113'&#xD;
&#xD;
2019-11-01 02:37:29 - [MESSAGE][PASSED] - Object: 'Object Repository/Pages/Sale/calender_NextButton' is clicked on&#xD;
&#xD;
2019-11-01 02:37:29 - [MESSAGE][PASSED] - Text of object 'Object Repository/Pages/Sale/link_MonthYear' is: 'October 2113'&#xD;
&#xD;
2019-11-01 02:37:30 - [MESSAGE][PASSED] - Object: 'Object Repository/Pages/Sale/calender_NextButton' is clicked on&#xD;
&#xD;
2019-11-01 02:37:30 - [MESSAGE][PASSED] - Text of object 'Object Repository/Pages/Sale/link_MonthYear' is: 'November 2113'&#xD;
&#xD;
2019-11-01 02:37:30 - [MESSAGE][PASSED] - Object: 'Object Repository/Pages/Sale/calender_NextButton' is clicked on&#xD;
&#xD;
2019-11-01 02:37:30 - [MESSAGE][PASSED] - Text of object 'Object Repository/Pages/Sale/link_MonthYear' is: 'December 2113'&#xD;
&#xD;
2019-11-01 02:37:30 - [MESSAGE][PASSED] - Object: 'Object Repository/Pages/Sale/calender_NextButton' is clicked on&#xD;
&#xD;
2019-11-01 02:37:30 - [MESSAGE][PASSED] - Text of object 'Object Repository/Pages/Sale/link_MonthYear' is: 'January 2114'&#xD;
&#xD;
2019-11-01 02:37:31 - [MESSAGE][PASSED] - Object: 'Object Repository/Pages/Sale/calender_NextButton' is clicked on&#xD;
&#xD;
2019-11-01 02:37:31 - [MESSAGE][PASSED] - Text of object 'Object Repository/Pages/Sale/link_MonthYear' is: 'February 2114'&#xD;
&#xD;
2019-11-01 02:37:31 - [MESSAGE][PASSED] - Object: 'Object Repository/Pages/Sale/calender_NextButton' is clicked on&#xD;
&#xD;
2019-11-01 02:37:31 - [MESSAGE][PASSED] - Text of object 'Object Repository/Pages/Sale/link_MonthYear' is: 'March 2114'&#xD;
&#xD;
2019-11-01 02:37:31 - [MESSAGE][PASSED] - Object: 'Object Repository/Pages/Sale/calender_NextButton' is clicked on&#xD;
&#xD;
2019-11-01 02:37:31 - [MESSAGE][PASSED] - Text of object 'Object Repository/Pages/Sale/link_MonthYear' is: 'April 2114'&#xD;
&#xD;
2019-11-01 02:37:31 - [MESSAGE][PASSED] - Object: 'Object Repository/Pages/Sale/calender_NextButton' is clicked on&#xD;
&#xD;
2019-11-01 02:37:31 - [MESSAGE][PASSED] - Text of object 'Object Repository/Pages/Sale/link_MonthYear' is: 'May 2114'&#xD;
&#xD;
2019-11-01 02:37:32 - [MESSAGE][PASSED] - Object: 'Object Repository/Pages/Sale/calender_NextButton' is clicked on&#xD;
&#xD;
2019-11-01 02:37:32 - [MESSAGE][PASSED] - Text of object 'Object Repository/Pages/Sale/link_MonthYear' is: 'June 2114'&#xD;
&#xD;
2019-11-01 02:37:32 - [MESSAGE][PASSED] - Object: 'Object Repository/Pages/Sale/calender_NextButton' is clicked on&#xD;
&#xD;
2019-11-01 02:37:32 - [MESSAGE][PASSED] - Text of object 'Object Repository/Pages/Sale/link_MonthYear' is: 'July 2114'&#xD;
&#xD;
2019-11-01 02:37:32 - [MESSAGE][PASSED] - Object: 'Object Repository/Pages/Sale/calender_NextButton' is clicked on&#xD;
&#xD;
2019-11-01 02:37:32 - [MESSAGE][PASSED] - Text of object 'Object Repository/Pages/Sale/link_MonthYear' is: 'August 2114'&#xD;
&#xD;
2019-11-01 02:37:33 - [MESSAGE][PASSED] - Object: 'Object Repository/Pages/Sale/calender_NextButton' is clicked on&#xD;
&#xD;
2019-11-01 02:37:33 - [MESSAGE][PASSED] - Text of object 'Object Repository/Pages/Sale/link_MonthYear' is: 'September 2114'&#xD;
&#xD;
2019-11-01 02:37:33 - [MESSAGE][PASSED] - Object: 'Object Repository/Pages/Sale/calender_NextButton' is clicked on&#xD;
&#xD;
2019-11-01 02:37:33 - [MESSAGE][PASSED] - Text of object 'Object Repository/Pages/Sale/link_MonthYear' is: 'October 2114'&#xD;
&#xD;
2019-11-01 02:37:33 - [MESSAGE][PASSED] - Object: 'Object Repository/Pages/Sale/calender_NextButton' is clicked on&#xD;
&#xD;
2019-11-01 02:37:33 - [MESSAGE][PASSED] - Text of object 'Object Repository/Pages/Sale/link_MonthYear' is: 'November 2114'&#xD;
&#xD;
2019-11-01 02:37:34 - [MESSAGE][PASSED] - Object: 'Object Repository/Pages/Sale/calender_NextButton' is clicked on&#xD;
&#xD;
2019-11-01 02:37:34 - [MESSAGE][PASSED] - Text of object 'Object Repository/Pages/Sale/link_MonthYear' is: 'December 2114'&#xD;
&#xD;
2019-11-01 02:37:34 - [MESSAGE][PASSED] - Object: 'Object Repository/Pages/Sale/calender_NextButton' is clicked on&#xD;
&#xD;
2019-11-01 02:37:34 - [MESSAGE][PASSED] - Text of object 'Object Repository/Pages/Sale/link_MonthYear' is: 'January 2115'&#xD;
&#xD;
2019-11-01 02:37:34 - [MESSAGE][PASSED] - Object: 'Object Repository/Pages/Sale/calender_NextButton' is clicked on&#xD;
&#xD;
2019-11-01 02:37:34 - [MESSAGE][PASSED] - Text of object 'Object Repository/Pages/Sale/link_MonthYear' is: 'February 2115'&#xD;
&#xD;
2019-11-01 02:37:34 - [MESSAGE][PASSED] - Object: 'Object Repository/Pages/Sale/calender_NextButton' is clicked on&#xD;
&#xD;
2019-11-01 02:37:34 - [MESSAGE][PASSED] - Text of object 'Object Repository/Pages/Sale/link_MonthYear' is: 'March 2115'&#xD;
&#xD;
2019-11-01 02:37:35 - [MESSAGE][PASSED] - Object: 'Object Repository/Pages/Sale/calender_NextButton' is clicked on&#xD;
&#xD;
2019-11-01 02:37:35 - [MESSAGE][PASSED] - Text of object 'Object Repository/Pages/Sale/link_MonthYear' is: 'April 2115'&#xD;
&#xD;
2019-11-01 02:37:35 - [MESSAGE][PASSED] - Object: 'Object Repository/Pages/Sale/calender_NextButton' is clicked on&#xD;
&#xD;
2019-11-01 02:37:35 - [MESSAGE][PASSED] - Text of object 'Object Repository/Pages/Sale/link_MonthYear' is: 'May 2115'&#xD;
&#xD;
2019-11-01 02:37:35 - [MESSAGE][PASSED] - Object: 'Object Repository/Pages/Sale/calender_NextButton' is clicked on&#xD;
&#xD;
2019-11-01 02:37:35 - [MESSAGE][PASSED] - Text of object 'Object Repository/Pages/Sale/link_MonthYear' is: 'June 2115'&#xD;
&#xD;
2019-11-01 02:37:36 - [MESSAGE][PASSED] - Object: 'Object Repository/Pages/Sale/calender_NextButton' is clicked on&#xD;
&#xD;
2019-11-01 02:37:36 - [MESSAGE][PASSED] - Text of object 'Object Repository/Pages/Sale/link_MonthYear' is: 'July 2115'&#xD;
&#xD;
2019-11-01 02:37:36 - [MESSAGE][PASSED] - Object: 'Object Repository/Pages/Sale/calender_NextButton' is clicked on&#xD;
&#xD;
2019-11-01 02:37:36 - [MESSAGE][PASSED] - Text of object 'Object Repository/Pages/Sale/link_MonthYear' is: 'August 2115'&#xD;
&#xD;
2019-11-01 02:37:36 - [MESSAGE][PASSED] - Object: 'Object Repository/Pages/Sale/calender_NextButton' is clicked on&#xD;
&#xD;
2019-11-01 02:37:36 - [MESSAGE][PASSED] - Text of object 'Object Repository/Pages/Sale/link_MonthYear' is: 'September 2115'&#xD;
&#xD;
2019-11-01 02:37:37 - [MESSAGE][PASSED] - Object: 'Object Repository/Pages/Sale/calender_NextButton' is clicked on&#xD;
&#xD;
2019-11-01 02:37:37 - [MESSAGE][PASSED] - Text of object 'Object Repository/Pages/Sale/link_MonthYear' is: 'October 2115'&#xD;
&#xD;
2019-11-01 02:37:37 - [MESSAGE][PASSED] - Object: 'Object Repository/Pages/Sale/calender_NextButton' is clicked on&#xD;
&#xD;
2019-11-01 02:37:37 - [MESSAGE][PASSED] - Text of object 'Object Repository/Pages/Sale/link_MonthYear' is: 'November 2115'&#xD;
&#xD;
2019-11-01 02:37:37 - [MESSAGE][PASSED] - Object: 'Object Repository/Pages/Sale/calender_NextButton' is clicked on&#xD;
&#xD;
2019-11-01 02:37:37 - [MESSAGE][PASSED] - Text of object 'Object Repository/Pages/Sale/link_MonthYear' is: 'December 2115'&#xD;
&#xD;
2019-11-01 02:37:37 - [MESSAGE][PASSED] - Object: 'Object Repository/Pages/Sale/calender_NextButton' is clicked on&#xD;
&#xD;
2019-11-01 02:37:37 - [MESSAGE][PASSED] - Text of object 'Object Repository/Pages/Sale/link_MonthYear' is: 'January 2116'&#xD;
&#xD;
2019-11-01 02:37:38 - [MESSAGE][PASSED] - Object: 'Object Repository/Pages/Sale/calender_NextButton' is clicked on&#xD;
&#xD;
2019-11-01 02:37:38 - [MESSAGE][PASSED] - Text of object 'Object Repository/Pages/Sale/link_MonthYear' is: 'February 2116'&#xD;
&#xD;
2019-11-01 02:37:38 - [MESSAGE][PASSED] - Object: 'Object Repository/Pages/Sale/calender_NextButton' is clicked on&#xD;
&#xD;
2019-11-01 02:37:38 - [MESSAGE][PASSED] - Text of object 'Object Repository/Pages/Sale/link_MonthYear' is: 'March 2116'&#xD;
&#xD;
2019-11-01 02:37:38 - [MESSAGE][PASSED] - Object: 'Object Repository/Pages/Sale/calender_NextButton' is clicked on&#xD;
&#xD;
2019-11-01 02:37:38 - [MESSAGE][PASSED] - Text of object 'Object Repository/Pages/Sale/link_MonthYear' is: 'April 2116'&#xD;
&#xD;
2019-11-01 02:37:39 - [MESSAGE][PASSED] - Object: 'Object Repository/Pages/Sale/calender_NextButton' is clicked on&#xD;
&#xD;
2019-11-01 02:37:39 - [MESSAGE][PASSED] - Text of object 'Object Repository/Pages/Sale/link_MonthYear' is: 'May 2116'&#xD;
&#xD;
2019-11-01 02:37:39 - [MESSAGE][PASSED] - Object: 'Object Repository/Pages/Sale/calender_NextButton' is clicked on&#xD;
&#xD;
2019-11-01 02:37:39 - [MESSAGE][PASSED] - Text of object 'Object Repository/Pages/Sale/link_MonthYear' is: 'June 2116'&#xD;
&#xD;
2019-11-01 02:37:39 - [MESSAGE][PASSED] - Object: 'Object Repository/Pages/Sale/calender_NextButton' is clicked on&#xD;
&#xD;
2019-11-01 02:37:39 - [MESSAGE][PASSED] - Text of object 'Object Repository/Pages/Sale/link_MonthYear' is: 'July 2116'&#xD;
&#xD;
2019-11-01 02:37:39 - [MESSAGE][PASSED] - Object: 'Object Repository/Pages/Sale/calender_NextButton' is clicked on&#xD;
&#xD;
2019-11-01 02:37:39 - [MESSAGE][PASSED] - Text of object 'Object Repository/Pages/Sale/link_MonthYear' is: 'August 2116'&#xD;
&#xD;
2019-11-01 02:37:40 - [MESSAGE][PASSED] - Object: 'Object Repository/Pages/Sale/calender_NextButton' is clicked on&#xD;
&#xD;
2019-11-01 02:37:40 - [MESSAGE][PASSED] - Text of object 'Object Repository/Pages/Sale/link_MonthYear' is: 'September 2116'&#xD;
&#xD;
2019-11-01 02:37:40 - [MESSAGE][PASSED] - Object: 'Object Repository/Pages/Sale/calender_NextButton' is clicked on&#xD;
&#xD;
2019-11-01 02:37:40 - [MESSAGE][PASSED] - Text of object 'Object Repository/Pages/Sale/link_MonthYear' is: 'October 2116'&#xD;
&#xD;
2019-11-01 02:37:40 - [MESSAGE][PASSED] - Object: 'Object Repository/Pages/Sale/calender_NextButton' is clicked on&#xD;
&#xD;
2019-11-01 02:37:40 - [MESSAGE][PASSED] - Text of object 'Object Repository/Pages/Sale/link_MonthYear' is: 'November 2116'&#xD;
&#xD;
2019-11-01 02:37:41 - [MESSAGE][PASSED] - Object: 'Object Repository/Pages/Sale/calender_NextButton' is clicked on&#xD;
&#xD;
2019-11-01 02:37:41 - [MESSAGE][PASSED] - Text of object 'Object Repository/Pages/Sale/link_MonthYear' is: 'December 2116'&#xD;
&#xD;
2019-11-01 02:37:41 - [MESSAGE][PASSED] - Object: 'Object Repository/Pages/Sale/calender_NextButton' is clicked on&#xD;
&#xD;
2019-11-01 02:37:41 - [MESSAGE][PASSED] - Text of object 'Object Repository/Pages/Sale/link_MonthYear' is: 'January 2117'&#xD;
&#xD;
2019-11-01 02:37:41 - [MESSAGE][PASSED] - Object: 'Object Repository/Pages/Sale/calender_NextButton' is clicked on&#xD;
&#xD;
2019-11-01 02:37:41 - [MESSAGE][PASSED] - Text of object 'Object Repository/Pages/Sale/link_MonthYear' is: 'February 2117'&#xD;
&#xD;
2019-11-01 02:37:41 - [MESSAGE][PASSED] - Object: 'Object Repository/Pages/Sale/calender_NextButton' is clicked on&#xD;
&#xD;
2019-11-01 02:37:41 - [MESSAGE][PASSED] - Text of object 'Object Repository/Pages/Sale/link_MonthYear' is: 'March 2117'&#xD;
&#xD;
2019-11-01 02:37:42 - [MESSAGE][PASSED] - Object: 'Object Repository/Pages/Sale/calender_NextButton' is clicked on&#xD;
&#xD;
2019-11-01 02:37:42 - [MESSAGE][PASSED] - Text of object 'Object Repository/Pages/Sale/link_MonthYear' is: 'April 2117'&#xD;
&#xD;
2019-11-01 02:37:42 - [MESSAGE][PASSED] - Object: 'Object Repository/Pages/Sale/calender_NextButton' is clicked on&#xD;
&#xD;
2019-11-01 02:37:42 - [MESSAGE][PASSED] - Text of object 'Object Repository/Pages/Sale/link_MonthYear' is: 'May 2117'&#xD;
&#xD;
2019-11-01 02:37:42 - [MESSAGE][PASSED] - Object: 'Object Repository/Pages/Sale/calender_NextButton' is clicked on&#xD;
&#xD;
2019-11-01 02:37:42 - [MESSAGE][PASSED] - Text of object 'Object Repository/Pages/Sale/link_MonthYear' is: 'June 2117'&#xD;
&#xD;
2019-11-01 02:37:43 - [MESSAGE][PASSED] - Object: 'Object Repository/Pages/Sale/calender_NextButton' is clicked on&#xD;
&#xD;
2019-11-01 02:37:43 - [MESSAGE][PASSED] - Text of object 'Object Repository/Pages/Sale/link_MonthYear' is: 'July 2117'&#xD;
&#xD;
2019-11-01 02:37:43 - [MESSAGE][PASSED] - Object: 'Object Repository/Pages/Sale/calender_NextButton' is clicked on&#xD;
&#xD;
2019-11-01 02:37:43 - [MESSAGE][PASSED] - Text of object 'Object Repository/Pages/Sale/link_MonthYear' is: 'August 2117'&#xD;
&#xD;
2019-11-01 02:37:43 - [MESSAGE][PASSED] - Object: 'Object Repository/Pages/Sale/calender_NextButton' is clicked on&#xD;
&#xD;
2019-11-01 02:37:43 - [MESSAGE][PASSED] - Text of object 'Object Repository/Pages/Sale/link_MonthYear' is: 'September 2117'&#xD;
&#xD;
2019-11-01 02:37:43 - [MESSAGE][PASSED] - Object: 'Object Repository/Pages/Sale/calender_NextButton' is clicked on&#xD;
&#xD;
2019-11-01 02:37:44 - [MESSAGE][PASSED] - Text of object 'Object Repository/Pages/Sale/link_MonthYear' is: 'October 2117'&#xD;
&#xD;
2019-11-01 02:37:44 - [MESSAGE][PASSED] - Object: 'Object Repository/Pages/Sale/calender_NextButton' is clicked on&#xD;
&#xD;
2019-11-01 02:37:44 - [MESSAGE][PASSED] - Text of object 'Object Repository/Pages/Sale/link_MonthYear' is: 'November 2117'&#xD;
&#xD;
2019-11-01 02:37:44 - [MESSAGE][PASSED] - Object: 'Object Repository/Pages/Sale/calender_NextButton' is clicked on&#xD;
&#xD;
2019-11-01 02:37:44 - [MESSAGE][PASSED] - Text of object 'Object Repository/Pages/Sale/link_MonthYear' is: 'December 2117'&#xD;
&#xD;
2019-11-01 02:37:44 - [MESSAGE][PASSED] - Object: 'Object Repository/Pages/Sale/calender_NextButton' is clicked on&#xD;
&#xD;
2019-11-01 02:37:44 - [MESSAGE][PASSED] - Text of object 'Object Repository/Pages/Sale/link_MonthYear' is: 'January 2118'&#xD;
&#xD;
2019-11-01 02:37:45 - [MESSAGE][PASSED] - Object: 'Object Repository/Pages/Sale/calender_NextButton' is clicked on&#xD;
&#xD;
2019-11-01 02:37:45 - [MESSAGE][PASSED] - Text of object 'Object Repository/Pages/Sale/link_MonthYear' is: 'February 2118'&#xD;
&#xD;
2019-11-01 02:37:45 - [MESSAGE][PASSED] - Object: 'Object Repository/Pages/Sale/calender_NextButton' is clicked on&#xD;
&#xD;
2019-11-01 02:37:45 - [MESSAGE][PASSED] - Text of object 'Object Repository/Pages/Sale/link_MonthYear' is: 'March 2118'&#xD;
&#xD;
2019-11-01 02:37:45 - [MESSAGE][PASSED] - Object: 'Object Repository/Pages/Sale/calender_NextButton' is clicked on&#xD;
&#xD;
2019-11-01 02:37:45 - [MESSAGE][PASSED] - Text of object 'Object Repository/Pages/Sale/link_MonthYear' is: 'April 2118'&#xD;
&#xD;
2019-11-01 02:37:46 - [MESSAGE][PASSED] - Object: 'Object Repository/Pages/Sale/calender_NextButton' is clicked on&#xD;
&#xD;
2019-11-01 02:37:46 - [MESSAGE][PASSED] - Text of object 'Object Repository/Pages/Sale/link_MonthYear' is: 'May 2118'&#xD;
&#xD;
2019-11-01 02:37:46 - [MESSAGE][PASSED] - Object: 'Object Repository/Pages/Sale/calender_NextButton' is clicked on&#xD;
&#xD;
2019-11-01 02:37:46 - [MESSAGE][PASSED] - Text of object 'Object Repository/Pages/Sale/link_MonthYear' is: 'June 2118'&#xD;
&#xD;
2019-11-01 02:37:46 - [MESSAGE][PASSED] - Object: 'Object Repository/Pages/Sale/calender_NextButton' is clicked on&#xD;
&#xD;
2019-11-01 02:37:46 - [MESSAGE][PASSED] - Text of object 'Object Repository/Pages/Sale/link_MonthYear' is: 'July 2118'&#xD;
&#xD;
2019-11-01 02:37:46 - [MESSAGE][PASSED] - Object: 'Object Repository/Pages/Sale/calender_NextButton' is clicked on&#xD;
&#xD;
2019-11-01 02:37:46 - [MESSAGE][PASSED] - Text of object 'Object Repository/Pages/Sale/link_MonthYear' is: 'August 2118'&#xD;
&#xD;
2019-11-01 02:37:47 - [MESSAGE][PASSED] - Object: 'Object Repository/Pages/Sale/calender_NextButton' is clicked on&#xD;
&#xD;
2019-11-01 02:37:47 - [MESSAGE][PASSED] - Text of object 'Object Repository/Pages/Sale/link_MonthYear' is: 'September 2118'&#xD;
&#xD;
2019-11-01 02:37:47 - [MESSAGE][PASSED] - Object: 'Object Repository/Pages/Sale/calender_NextButton' is clicked on&#xD;
&#xD;
2019-11-01 02:37:47 - [MESSAGE][PASSED] - Text of object 'Object Repository/Pages/Sale/link_MonthYear' is: 'October 2118'&#xD;
&#xD;
2019-11-01 02:37:47 - [MESSAGE][PASSED] - Object: 'Object Repository/Pages/Sale/calender_NextButton' is clicked on&#xD;
&#xD;
2019-11-01 02:37:47 - [MESSAGE][PASSED] - Text of object 'Object Repository/Pages/Sale/link_MonthYear' is: 'November 2118'&#xD;
&#xD;
2019-11-01 02:37:47 - [MESSAGE][PASSED] - Object: 'Object Repository/Pages/Sale/calender_NextButton' is clicked on&#xD;
&#xD;
2019-11-01 02:37:47 - [MESSAGE][PASSED] - Text of object 'Object Repository/Pages/Sale/link_MonthYear' is: 'December 2118'&#xD;
&#xD;
2019-11-01 02:37:48 - [MESSAGE][PASSED] - Object: 'Object Repository/Pages/Sale/calender_NextButton' is clicked on&#xD;
&#xD;
2019-11-01 02:37:48 - [MESSAGE][PASSED] - Text of object 'Object Repository/Pages/Sale/link_MonthYear' is: 'January 2119'&#xD;
&#xD;
2019-11-01 02:37:48 - [MESSAGE][PASSED] - Object: 'Object Repository/Pages/Sale/calender_NextButton' is clicked on&#xD;
&#xD;
2019-11-01 02:37:48 - [MESSAGE][PASSED] - Text of object 'Object Repository/Pages/Sale/link_MonthYear' is: 'February 2119'&#xD;
&#xD;
2019-11-01 02:37:48 - [MESSAGE][PASSED] - Object: 'Object Repository/Pages/Sale/calender_NextButton' is clicked on&#xD;
&#xD;
2019-11-01 02:37:48 - [MESSAGE][PASSED] - Text of object 'Object Repository/Pages/Sale/link_MonthYear' is: 'March 2119'&#xD;
&#xD;
2019-11-01 02:37:49 - [MESSAGE][PASSED] - Object: 'Object Repository/Pages/Sale/calender_NextButton' is clicked on&#xD;
&#xD;
2019-11-01 02:37:49 - [MESSAGE][PASSED] - Text of object 'Object Repository/Pages/Sale/link_MonthYear' is: 'April 2119'&#xD;
&#xD;
2019-11-01 02:37:49 - [MESSAGE][PASSED] - Object: 'Object Repository/Pages/Sale/calender_NextButton' is clicked on&#xD;
&#xD;
2019-11-01 02:37:49 - [MESSAGE][PASSED] - Text of object 'Object Repository/Pages/Sale/link_MonthYear' is: 'May 2119'&#xD;
&#xD;
2019-11-01 02:37:50 - [MESSAGE][PASSED] - Object: 'Object Repository/Pages/Sale/calender_NextButton' is clicked on&#xD;
&#xD;
2019-11-01 02:37:50 - [MESSAGE][PASSED] - Text of object 'Object Repository/Pages/Sale/link_MonthYear' is: 'June 2119'&#xD;
&#xD;
2019-11-01 02:37:50 - [MESSAGE][PASSED] - Object: 'Object Repository/Pages/Sale/calender_NextButton' is clicked on&#xD;
&#xD;
2019-11-01 02:37:50 - [MESSAGE][PASSED] - Text of object 'Object Repository/Pages/Sale/link_MonthYear' is: 'July 2119'&#xD;
&#xD;
2019-11-01 02:37:50 - [MESSAGE][PASSED] - Object: 'Object Repository/Pages/Sale/calender_NextButton' is clicked on&#xD;
&#xD;
2019-11-01 02:37:50 - [MESSAGE][PASSED] - Text of object 'Object Repository/Pages/Sale/link_MonthYear' is: 'August 2119'&#xD;
&#xD;
2019-11-01 02:37:50 - [MESSAGE][PASSED] - Object: 'Object Repository/Pages/Sale/calender_NextButton' is clicked on&#xD;
&#xD;
2019-11-01 02:37:50 - [MESSAGE][PASSED] - Text of object 'Object Repository/Pages/Sale/link_MonthYear' is: 'September 2119'&#xD;
&#xD;
2019-11-01 02:37:51 - [MESSAGE][PASSED] - Object: 'Object Repository/Pages/Sale/calender_NextButton' is clicked on&#xD;
&#xD;
2019-11-01 02:37:51 - [MESSAGE][PASSED] - Text of object 'Object Repository/Pages/Sale/link_MonthYear' is: 'October 2119'&#xD;
&#xD;
2019-11-01 02:37:51 - [MESSAGE][PASSED] - Object: 'Object Repository/Pages/Sale/calender_NextButton' is clicked on&#xD;
&#xD;
2019-11-01 02:37:51 - [MESSAGE][PASSED] - Text of object 'Object Repository/Pages/Sale/link_MonthYear' is: 'November 2119'&#xD;
&#xD;
2019-11-01 02:37:51 - [MESSAGE][PASSED] - Object: 'Object Repository/Pages/Sale/calender_NextButton' is clicked on&#xD;
&#xD;
2019-11-01 02:37:51 - [MESSAGE][PASSED] - Text of object 'Object Repository/Pages/Sale/link_MonthYear' is: 'December 2119'&#xD;
&#xD;
2019-11-01 02:37:51 - [MESSAGE][PASSED] - Object: 'Object Repository/Pages/Sale/calender_NextButton' is clicked on&#xD;
&#xD;
2019-11-01 02:37:52 - [MESSAGE][PASSED] - Text of object 'Object Repository/Pages/Sale/link_MonthYear' is: 'January 2120'&#xD;
&#xD;
2019-11-01 02:37:52 - [MESSAGE][PASSED] - Object: 'Object Repository/Pages/Sale/calender_NextButton' is clicked on&#xD;
&#xD;
2019-11-01 02:37:52 - [MESSAGE][PASSED] - Text of object 'Object Repository/Pages/Sale/link_MonthYear' is: 'February 2120'&#xD;
&#xD;
2019-11-01 02:37:52 - [MESSAGE][PASSED] - Object: 'Object Repository/Pages/Sale/calender_NextButton' is clicked on&#xD;
&#xD;
2019-11-01 02:37:52 - [MESSAGE][PASSED] - Text of object 'Object Repository/Pages/Sale/link_MonthYear' is: 'March 2120'&#xD;
&#xD;
2019-11-01 02:37:52 - [MESSAGE][PASSED] - Object: 'Object Repository/Pages/Sale/calender_NextButton' is clicked on&#xD;
&#xD;
2019-11-01 02:37:52 - [MESSAGE][PASSED] - Text of object 'Object Repository/Pages/Sale/link_MonthYear' is: 'April 2120'&#xD;
&#xD;
2019-11-01 02:37:53 - [MESSAGE][PASSED] - Object: 'Object Repository/Pages/Sale/calender_NextButton' is clicked on&#xD;
&#xD;
2019-11-01 02:37:53 - [MESSAGE][PASSED] - Text of object 'Object Repository/Pages/Sale/link_MonthYear' is: 'May 2120'&#xD;
&#xD;
2019-11-01 02:37:53 - [MESSAGE][PASSED] - Object: 'Object Repository/Pages/Sale/calender_NextButton' is clicked on&#xD;
&#xD;
2019-11-01 02:37:53 - [MESSAGE][PASSED] - Text of object 'Object Repository/Pages/Sale/link_MonthYear' is: 'June 2120'&#xD;
&#xD;
2019-11-01 02:37:53 - [MESSAGE][PASSED] - Object: 'Object Repository/Pages/Sale/calender_NextButton' is clicked on&#xD;
&#xD;
2019-11-01 02:37:53 - [MESSAGE][PASSED] - Text of object 'Object Repository/Pages/Sale/link_MonthYear' is: 'July 2120'&#xD;
&#xD;
2019-11-01 02:37:53 - [MESSAGE][PASSED] - Object: 'Object Repository/Pages/Sale/calender_NextButton' is clicked on&#xD;
&#xD;
2019-11-01 02:37:53 - [MESSAGE][PASSED] - Text of object 'Object Repository/Pages/Sale/link_MonthYear' is: 'August 2120'&#xD;
&#xD;
2019-11-01 02:37:54 - [MESSAGE][PASSED] - Object: 'Object Repository/Pages/Sale/calender_NextButton' is clicked on&#xD;
&#xD;
2019-11-01 02:37:54 - [MESSAGE][PASSED] - Text of object 'Object Repository/Pages/Sale/link_MonthYear' is: 'September 2120'&#xD;
&#xD;
2019-11-01 02:37:54 - [MESSAGE][PASSED] - Object: 'Object Repository/Pages/Sale/calender_NextButton' is clicked on&#xD;
&#xD;
2019-11-01 02:37:54 - [MESSAGE][PASSED] - Text of object 'Object Repository/Pages/Sale/link_MonthYear' is: 'October 2120'&#xD;
&#xD;
2019-11-01 02:37:54 - [MESSAGE][PASSED] - Object: 'Object Repository/Pages/Sale/calender_NextButton' is clicked on&#xD;
&#xD;
2019-11-01 02:37:54 - [MESSAGE][PASSED] - Text of object 'Object Repository/Pages/Sale/link_MonthYear' is: 'November 2120'&#xD;
&#xD;
2019-11-01 02:37:55 - [MESSAGE][PASSED] - Object: 'Object Repository/Pages/Sale/calender_NextButton' is clicked on&#xD;
&#xD;
2019-11-01 02:37:55 - [MESSAGE][PASSED] - Text of object 'Object Repository/Pages/Sale/link_MonthYear' is: 'December 2120'&#xD;
&#xD;
2019-11-01 02:37:55 - [MESSAGE][PASSED] - Object: 'Object Repository/Pages/Sale/calender_NextButton' is clicked on&#xD;
&#xD;
2019-11-01 02:37:55 - [MESSAGE][PASSED] - Text of object 'Object Repository/Pages/Sale/link_MonthYear' is: 'January 2121'&#xD;
&#xD;
2019-11-01 02:37:55 - [MESSAGE][PASSED] - Object: 'Object Repository/Pages/Sale/calender_NextButton' is clicked on&#xD;
&#xD;
2019-11-01 02:37:55 - [MESSAGE][PASSED] - Text of object 'Object Repository/Pages/Sale/link_MonthYear' is: 'February 2121'&#xD;
&#xD;
2019-11-01 02:37:55 - [MESSAGE][PASSED] - Object: 'Object Repository/Pages/Sale/calender_NextButton' is clicked on&#xD;
&#xD;
2019-11-01 02:37:55 - [MESSAGE][PASSED] - Text of object 'Object Repository/Pages/Sale/link_MonthYear' is: 'March 2121'&#xD;
&#xD;
2019-11-01 02:37:56 - [MESSAGE][PASSED] - Object: 'Object Repository/Pages/Sale/calender_NextButton' is clicked on&#xD;
&#xD;
2019-11-01 02:37:56 - [MESSAGE][PASSED] - Text of object 'Object Repository/Pages/Sale/link_MonthYear' is: 'April 2121'&#xD;
&#xD;
2019-11-01 02:37:56 - [MESSAGE][PASSED] - Object: 'Object Repository/Pages/Sale/calender_NextButton' is clicked on&#xD;
&#xD;
2019-11-01 02:37:56 - [MESSAGE][PASSED] - Text of object 'Object Repository/Pages/Sale/link_MonthYear' is: 'May 2121'&#xD;
&#xD;
2019-11-01 02:37:56 - [MESSAGE][PASSED] - Object: 'Object Repository/Pages/Sale/calender_NextButton' is clicked on&#xD;
&#xD;
2019-11-01 02:37:56 - [MESSAGE][PASSED] - Text of object 'Object Repository/Pages/Sale/link_MonthYear' is: 'June 2121'&#xD;
&#xD;
2019-11-01 02:37:57 - [MESSAGE][PASSED] - Object: 'Object Repository/Pages/Sale/calender_NextButton' is clicked on&#xD;
&#xD;
2019-11-01 02:37:57 - [MESSAGE][PASSED] - Text of object 'Object Repository/Pages/Sale/link_MonthYear' is: 'July 2121'&#xD;
&#xD;
2019-11-01 02:37:57 - [MESSAGE][PASSED] - Object: 'Object Repository/Pages/Sale/calender_NextButton' is clicked on&#xD;
&#xD;
2019-11-01 02:37:57 - [MESSAGE][PASSED] - Text of object 'Object Repository/Pages/Sale/link_MonthYear' is: 'August 2121'&#xD;
&#xD;
2019-11-01 02:37:57 - [MESSAGE][PASSED] - Object: 'Object Repository/Pages/Sale/calender_NextButton' is clicked on&#xD;
&#xD;
2019-11-01 02:37:57 - [MESSAGE][PASSED] - Text of object 'Object Repository/Pages/Sale/link_MonthYear' is: 'September 2121'&#xD;
&#xD;
2019-11-01 02:37:57 - [MESSAGE][PASSED] - Object: 'Object Repository/Pages/Sale/calender_NextButton' is clicked on&#xD;
&#xD;
2019-11-01 02:37:57 - [MESSAGE][PASSED] - Text of object 'Object Repository/Pages/Sale/link_MonthYear' is: 'October 2121'&#xD;
&#xD;
2019-11-01 02:37:58 - [MESSAGE][PASSED] - Object: 'Object Repository/Pages/Sale/calender_NextButton' is clicked on&#xD;
&#xD;
2019-11-01 02:37:58 - [MESSAGE][PASSED] - Text of object 'Object Repository/Pages/Sale/link_MonthYear' is: 'November 2121'&#xD;
&#xD;
2019-11-01 02:37:58 - [MESSAGE][PASSED] - Object: 'Object Repository/Pages/Sale/calender_NextButton' is clicked on&#xD;
&#xD;
2019-11-01 02:37:58 - [MESSAGE][PASSED] - Text of object 'Object Repository/Pages/Sale/link_MonthYear' is: 'December 2121'&#xD;
&#xD;
2019-11-01 02:37:58 - [MESSAGE][PASSED] - Object: 'Object Repository/Pages/Sale/calender_NextButton' is clicked on&#xD;
&#xD;
2019-11-01 02:37:58 - [MESSAGE][PASSED] - Text of object 'Object Repository/Pages/Sale/link_MonthYear' is: 'January 2122'&#xD;
&#xD;
2019-11-01 02:37:58 - [MESSAGE][PASSED] - Object: 'Object Repository/Pages/Sale/calender_NextButton' is clicked on&#xD;
&#xD;
2019-11-01 02:37:58 - [MESSAGE][PASSED] - Text of object 'Object Repository/Pages/Sale/link_MonthYear' is: 'February 2122'&#xD;
&#xD;
2019-11-01 02:37:59 - [MESSAGE][PASSED] - Object: 'Object Repository/Pages/Sale/calender_NextButton' is clicked on&#xD;
&#xD;
2019-11-01 02:37:59 - [MESSAGE][PASSED] - Text of object 'Object Repository/Pages/Sale/link_MonthYear' is: 'March 2122'&#xD;
&#xD;
2019-11-01 02:37:59 - [MESSAGE][PASSED] - Object: 'Object Repository/Pages/Sale/calender_NextButton' is clicked on&#xD;
&#xD;
2019-11-01 02:37:59 - [MESSAGE][PASSED] - Text of object 'Object Repository/Pages/Sale/link_MonthYear' is: 'April 2122'&#xD;
&#xD;
2019-11-01 02:37:59 - [MESSAGE][PASSED] - Object: 'Object Repository/Pages/Sale/calender_NextButton' is clicked on&#xD;
&#xD;
2019-11-01 02:37:59 - [MESSAGE][PASSED] - Text of object 'Object Repository/Pages/Sale/link_MonthYear' is: 'May 2122'&#xD;
&#xD;
2019-11-01 02:38:00 - [MESSAGE][PASSED] - Object: 'Object Repository/Pages/Sale/calender_NextButton' is clicked on&#xD;
&#xD;
2019-11-01 02:38:00 - [MESSAGE][PASSED] - Text of object 'Object Repository/Pages/Sale/link_MonthYear' is: 'June 2122'&#xD;
&#xD;
2019-11-01 02:38:00 - [MESSAGE][PASSED] - Object: 'Object Repository/Pages/Sale/calender_NextButton' is clicked on&#xD;
&#xD;
2019-11-01 02:38:00 - [MESSAGE][PASSED] - Text of object 'Object Repository/Pages/Sale/link_MonthYear' is: 'July 2122'&#xD;
&#xD;
2019-11-01 02:38:00 - [MESSAGE][PASSED] - Object: 'Object Repository/Pages/Sale/calender_NextButton' is clicked on&#xD;
&#xD;
2019-11-01 02:38:00 - [MESSAGE][PASSED] - Text of object 'Object Repository/Pages/Sale/link_MonthYear' is: 'August 2122'&#xD;
&#xD;
2019-11-01 02:38:00 - [MESSAGE][PASSED] - Object: 'Object Repository/Pages/Sale/calender_NextButton' is clicked on&#xD;
&#xD;
2019-11-01 02:38:00 - [MESSAGE][PASSED] - Text of object 'Object Repository/Pages/Sale/link_MonthYear' is: 'September 2122'&#xD;
&#xD;
2019-11-01 02:38:01 - [MESSAGE][PASSED] - Object: 'Object Repository/Pages/Sale/calender_NextButton' is clicked on&#xD;
&#xD;
2019-11-01 02:38:01 - [MESSAGE][PASSED] - Text of object 'Object Repository/Pages/Sale/link_MonthYear' is: 'October 2122'&#xD;
&#xD;
2019-11-01 02:38:01 - [MESSAGE][PASSED] - Object: 'Object Repository/Pages/Sale/calender_NextButton' is clicked on&#xD;
&#xD;
2019-11-01 02:38:01 - [MESSAGE][PASSED] - Text of object 'Object Repository/Pages/Sale/link_MonthYear' is: 'November 2122'&#xD;
&#xD;
2019-11-01 02:38:01 - [MESSAGE][PASSED] - Object: 'Object Repository/Pages/Sale/calender_NextButton' is clicked on&#xD;
&#xD;
2019-11-01 02:38:01 - [MESSAGE][PASSED] - Text of object 'Object Repository/Pages/Sale/link_MonthYear' is: 'December 2122'&#xD;
&#xD;
2019-11-01 02:38:02 - [MESSAGE][PASSED] - Object: 'Object Repository/Pages/Sale/calender_NextButton' is clicked on&#xD;
&#xD;
2019-11-01 02:38:02 - [MESSAGE][PASSED] - Text of object 'Object Repository/Pages/Sale/link_MonthYear' is: 'January 2123'&#xD;
&#xD;
2019-11-01 02:38:02 - [MESSAGE][PASSED] - Object: 'Object Repository/Pages/Sale/calender_NextButton' is clicked on&#xD;
&#xD;
2019-11-01 02:38:02 - [MESSAGE][PASSED] - Text of object 'Object Repository/Pages/Sale/link_MonthYear' is: 'February 2123'&#xD;
&#xD;
2019-11-01 02:38:02 - [MESSAGE][PASSED] - Object: 'Object Repository/Pages/Sale/calender_NextButton' is clicked on&#xD;
&#xD;
2019-11-01 02:38:02 - [MESSAGE][PASSED] - Text of object 'Object Repository/Pages/Sale/link_MonthYear' is: 'March 2123'&#xD;
&#xD;
2019-11-01 02:38:02 - [MESSAGE][PASSED] - Object: 'Object Repository/Pages/Sale/calender_NextButton' is clicked on&#xD;
&#xD;
2019-11-01 02:38:03 - [MESSAGE][PASSED] - Text of object 'Object Repository/Pages/Sale/link_MonthYear' is: 'April 2123'&#xD;
&#xD;
2019-11-01 02:38:03 - [MESSAGE][PASSED] - Object: 'Object Repository/Pages/Sale/calender_NextButton' is clicked on&#xD;
&#xD;
2019-11-01 02:38:03 - [MESSAGE][PASSED] - Text of object 'Object Repository/Pages/Sale/link_MonthYear' is: 'May 2123'&#xD;
&#xD;
2019-11-01 02:38:03 - [MESSAGE][PASSED] - Object: 'Object Repository/Pages/Sale/calender_NextButton' is clicked on&#xD;
&#xD;
2019-11-01 02:38:03 - [MESSAGE][PASSED] - Text of object 'Object Repository/Pages/Sale/link_MonthYear' is: 'June 2123'&#xD;
&#xD;
2019-11-01 02:38:03 - [MESSAGE][PASSED] - Object: 'Object Repository/Pages/Sale/calender_NextButton' is clicked on&#xD;
&#xD;
2019-11-01 02:38:03 - [MESSAGE][PASSED] - Text of object 'Object Repository/Pages/Sale/link_MonthYear' is: 'July 2123'&#xD;
&#xD;
2019-11-01 02:38:04 - [MESSAGE][PASSED] - Object: 'Object Repository/Pages/Sale/calender_NextButton' is clicked on&#xD;
&#xD;
2019-11-01 02:38:04 - [MESSAGE][PASSED] - Text of object 'Object Repository/Pages/Sale/link_MonthYear' is: 'August 2123'&#xD;
&#xD;
2019-11-01 02:38:04 - [MESSAGE][PASSED] - Object: 'Object Repository/Pages/Sale/calender_NextButton' is clicked on&#xD;
&#xD;
2019-11-01 02:38:04 - [MESSAGE][PASSED] - Text of object 'Object Repository/Pages/Sale/link_MonthYear' is: 'September 2123'&#xD;
&#xD;
2019-11-01 02:38:04 - [MESSAGE][PASSED] - Object: 'Object Repository/Pages/Sale/calender_NextButton' is clicked on&#xD;
&#xD;
2019-11-01 02:38:04 - [MESSAGE][PASSED] - Text of object 'Object Repository/Pages/Sale/link_MonthYear' is: 'October 2123'&#xD;
&#xD;
2019-11-01 02:38:05 - [MESSAGE][PASSED] - Object: 'Object Repository/Pages/Sale/calender_NextButton' is clicked on&#xD;
&#xD;
2019-11-01 02:38:05 - [MESSAGE][PASSED] - Text of object 'Object Repository/Pages/Sale/link_MonthYear' is: 'November 2123'&#xD;
&#xD;
2019-11-01 02:38:05 - [MESSAGE][PASSED] - Object: 'Object Repository/Pages/Sale/calender_NextButton' is clicked on&#xD;
&#xD;
2019-11-01 02:38:05 - [MESSAGE][PASSED] - Text of object 'Object Repository/Pages/Sale/link_MonthYear' is: 'December 2123'&#xD;
&#xD;
2019-11-01 02:38:05 - [MESSAGE][PASSED] - Object: 'Object Repository/Pages/Sale/calender_NextButton' is clicked on&#xD;
&#xD;
2019-11-01 02:38:05 - [MESSAGE][PASSED] - Text of object 'Object Repository/Pages/Sale/link_MonthYear' is: 'January 2124'&#xD;
&#xD;
2019-11-01 02:38:06 - [MESSAGE][PASSED] - Object: 'Object Repository/Pages/Sale/calender_NextButton' is clicked on&#xD;
&#xD;
2019-11-01 02:38:06 - [MESSAGE][PASSED] - Text of object 'Object Repository/Pages/Sale/link_MonthYear' is: 'February 2124'&#xD;
&#xD;
2019-11-01 02:38:06 - [MESSAGE][PASSED] - Object: 'Object Repository/Pages/Sale/calender_NextButton' is clicked on&#xD;
&#xD;
2019-11-01 02:38:06 - [MESSAGE][PASSED] - Text of object 'Object Repository/Pages/Sale/link_MonthYear' is: 'March 2124'&#xD;
&#xD;
2019-11-01 02:38:06 - [MESSAGE][PASSED] - Object: 'Object Repository/Pages/Sale/calender_NextButton' is clicked on&#xD;
&#xD;
2019-11-01 02:38:06 - [MESSAGE][PASSED] - Text of object 'Object Repository/Pages/Sale/link_MonthYear' is: 'April 2124'&#xD;
&#xD;
2019-11-01 02:38:07 - [MESSAGE][PASSED] - Object: 'Object Repository/Pages/Sale/calender_NextButton' is clicked on&#xD;
&#xD;
2019-11-01 02:38:07 - [MESSAGE][PASSED] - Text of object 'Object Repository/Pages/Sale/link_MonthYear' is: 'May 2124'&#xD;
&#xD;
2019-11-01 02:38:07 - [MESSAGE][PASSED] - Object: 'Object Repository/Pages/Sale/calender_NextButton' is clicked on&#xD;
&#xD;
2019-11-01 02:38:07 - [MESSAGE][PASSED] - Text of object 'Object Repository/Pages/Sale/link_MonthYear' is: 'June 2124'&#xD;
&#xD;
2019-11-01 02:38:07 - [MESSAGE][PASSED] - Object: 'Object Repository/Pages/Sale/calender_NextButton' is clicked on&#xD;
&#xD;
2019-11-01 02:38:07 - [MESSAGE][PASSED] - Text of object 'Object Repository/Pages/Sale/link_MonthYear' is: 'July 2124'&#xD;
&#xD;
2019-11-01 02:38:08 - [MESSAGE][PASSED] - Object: 'Object Repository/Pages/Sale/calender_NextButton' is clicked on&#xD;
&#xD;
2019-11-01 02:38:08 - [MESSAGE][PASSED] - Text of object 'Object Repository/Pages/Sale/link_MonthYear' is: 'August 2124'&#xD;
&#xD;
2019-11-01 02:38:08 - [MESSAGE][PASSED] - Object: 'Object Repository/Pages/Sale/calender_NextButton' is clicked on&#xD;
&#xD;
2019-11-01 02:38:08 - [MESSAGE][PASSED] - Text of object 'Object Repository/Pages/Sale/link_MonthYear' is: 'September 2124'&#xD;
&#xD;
2019-11-01 02:38:09 - [MESSAGE][PASSED] - Object: 'Object Repository/Pages/Sale/calender_NextButton' is clicked on&#xD;
&#xD;
2019-11-01 02:38:09 - [MESSAGE][PASSED] - Text of object 'Object Repository/Pages/Sale/link_MonthYear' is: 'October 2124'&#xD;
&#xD;
2019-11-01 02:38:09 - [MESSAGE][PASSED] - Object: 'Object Repository/Pages/Sale/calender_NextButton' is clicked on&#xD;
&#xD;
2019-11-01 02:38:09 - [MESSAGE][PASSED] - Text of object 'Object Repository/Pages/Sale/link_MonthYear' is: 'November 2124'&#xD;
&#xD;
2019-11-01 02:38:09 - [MESSAGE][PASSED] - Object: 'Object Repository/Pages/Sale/calender_NextButton' is clicked on&#xD;
&#xD;
2019-11-01 02:38:09 - [MESSAGE][PASSED] - Text of object 'Object Repository/Pages/Sale/link_MonthYear' is: 'December 2124'&#xD;
&#xD;
2019-11-01 02:38:10 - [MESSAGE][PASSED] - Object: 'Object Repository/Pages/Sale/calender_NextButton' is clicked on&#xD;
&#xD;
2019-11-01 02:38:10 - [MESSAGE][PASSED] - Text of object 'Object Repository/Pages/Sale/link_MonthYear' is: 'January 2125'&#xD;
&#xD;
2019-11-01 02:38:10 - [MESSAGE][PASSED] - Object: 'Object Repository/Pages/Sale/calender_NextButton' is clicked on&#xD;
&#xD;
2019-11-01 02:38:10 - [MESSAGE][PASSED] - Text of object 'Object Repository/Pages/Sale/link_MonthYear' is: 'February 2125'&#xD;
&#xD;
2019-11-01 02:38:10 - [MESSAGE][PASSED] - Object: 'Object Repository/Pages/Sale/calender_NextButton' is clicked on&#xD;
&#xD;
2019-11-01 02:38:10 - [MESSAGE][PASSED] - Text of object 'Object Repository/Pages/Sale/link_MonthYear' is: 'March 2125'&#xD;
&#xD;
2019-11-01 02:38:11 - [MESSAGE][PASSED] - Object: 'Object Repository/Pages/Sale/calender_NextButton' is clicked on&#xD;
&#xD;
2019-11-01 02:38:11 - [MESSAGE][PASSED] - Text of object 'Object Repository/Pages/Sale/link_MonthYear' is: 'April 2125'&#xD;
&#xD;
2019-11-01 02:38:11 - [MESSAGE][PASSED] - Object: 'Object Repository/Pages/Sale/calender_NextButton' is clicked on&#xD;
&#xD;
2019-11-01 02:38:11 - [MESSAGE][PASSED] - Text of object 'Object Repository/Pages/Sale/link_MonthYear' is: 'May 2125'&#xD;
&#xD;
2019-11-01 02:38:11 - [MESSAGE][PASSED] - Object: 'Object Repository/Pages/Sale/calender_NextButton' is clicked on&#xD;
&#xD;
2019-11-01 02:38:11 - [MESSAGE][PASSED] - Text of object 'Object Repository/Pages/Sale/link_MonthYear' is: 'June 2125'&#xD;
&#xD;
2019-11-01 02:38:11 - [MESSAGE][PASSED] - Object: 'Object Repository/Pages/Sale/calender_NextButton' is clicked on&#xD;
&#xD;
2019-11-01 02:38:11 - [MESSAGE][PASSED] - Text of object 'Object Repository/Pages/Sale/link_MonthYear' is: 'July 2125'&#xD;
&#xD;
2019-11-01 02:38:12 - [MESSAGE][PASSED] - Object: 'Object Repository/Pages/Sale/calender_NextButton' is clicked on&#xD;
&#xD;
2019-11-01 02:38:12 - [MESSAGE][PASSED] - Text of object 'Object Repository/Pages/Sale/link_MonthYear' is: 'August 2125'&#xD;
&#xD;
2019-11-01 02:38:12 - [MESSAGE][PASSED] - Object: 'Object Repository/Pages/Sale/calender_NextButton' is clicked on&#xD;
&#xD;
2019-11-01 02:38:12 - [MESSAGE][PASSED] - Text of object 'Object Repository/Pages/Sale/link_MonthYear' is: 'September 2125'&#xD;
&#xD;
2019-11-01 02:38:12 - [MESSAGE][PASSED] - Object: 'Object Repository/Pages/Sale/calender_NextButton' is clicked on&#xD;
&#xD;
2019-11-01 02:38:12 - [MESSAGE][PASSED] - Text of object 'Object Repository/Pages/Sale/link_MonthYear' is: 'October 2125'&#xD;
&#xD;
2019-11-01 02:38:12 - [MESSAGE][PASSED] - Object: 'Object Repository/Pages/Sale/calender_NextButton' is clicked on&#xD;
&#xD;
2019-11-01 02:38:12 - [MESSAGE][PASSED] - Text of object 'Object Repository/Pages/Sale/link_MonthYear' is: 'November 2125'&#xD;
&#xD;
2019-11-01 02:38:13 - [MESSAGE][PASSED] - Object: 'Object Repository/Pages/Sale/calender_NextButton' is clicked on&#xD;
&#xD;
2019-11-01 02:38:13 - [MESSAGE][PASSED] - Text of object 'Object Repository/Pages/Sale/link_MonthYear' is: 'December 2125'&#xD;
&#xD;
2019-11-01 02:38:13 - [MESSAGE][PASSED] - Object: 'Object Repository/Pages/Sale/calender_NextButton' is clicked on&#xD;
&#xD;
2019-11-01 02:38:13 - [MESSAGE][PASSED] - Text of object 'Object Repository/Pages/Sale/link_MonthYear' is: 'January 2126'&#xD;
&#xD;
2019-11-01 02:38:13 - [MESSAGE][PASSED] - Object: 'Object Repository/Pages/Sale/calender_NextButton' is clicked on&#xD;
&#xD;
2019-11-01 02:38:13 - [MESSAGE][PASSED] - Text of object 'Object Repository/Pages/Sale/link_MonthYear' is: 'February 2126'&#xD;
&#xD;
2019-11-01 02:38:14 - [MESSAGE][PASSED] - Object: 'Object Repository/Pages/Sale/calender_NextButton' is clicked on&#xD;
&#xD;
2019-11-01 02:38:14 - [MESSAGE][PASSED] - Text of object 'Object Repository/Pages/Sale/link_MonthYear' is: 'March 2126'&#xD;
&#xD;
2019-11-01 02:38:14 - [MESSAGE][PASSED] - Object: 'Object Repository/Pages/Sale/calender_NextButton' is clicked on&#xD;
&#xD;
2019-11-01 02:38:14 - [MESSAGE][PASSED] - Text of object 'Object Repository/Pages/Sale/link_MonthYear' is: 'April 2126'&#xD;
&#xD;
2019-11-01 02:38:14 - [MESSAGE][PASSED] - Object: 'Object Repository/Pages/Sale/calender_NextButton' is clicked on&#xD;
&#xD;
2019-11-01 02:38:14 - [MESSAGE][PASSED] - Text of object 'Object Repository/Pages/Sale/link_MonthYear' is: 'May 2126'&#xD;
&#xD;
2019-11-01 02:38:15 - [MESSAGE][PASSED] - Object: 'Object Repository/Pages/Sale/calender_NextButton' is clicked on&#xD;
&#xD;
2019-11-01 02:38:15 - [MESSAGE][PASSED] - Text of object 'Object Repository/Pages/Sale/link_MonthYear' is: 'June 2126'&#xD;
&#xD;
2019-11-01 02:38:15 - [MESSAGE][PASSED] - Object: 'Object Repository/Pages/Sale/calender_NextButton' is clicked on&#xD;
&#xD;
2019-11-01 02:38:15 - [MESSAGE][PASSED] - Text of object 'Object Repository/Pages/Sale/link_MonthYear' is: 'July 2126'&#xD;
&#xD;
2019-11-01 02:38:15 - [MESSAGE][PASSED] - Object: 'Object Repository/Pages/Sale/calender_NextButton' is clicked on&#xD;
&#xD;
2019-11-01 02:38:15 - [MESSAGE][PASSED] - Text of object 'Object Repository/Pages/Sale/link_MonthYear' is: 'August 2126'&#xD;
&#xD;
2019-11-01 02:38:16 - [MESSAGE][PASSED] - Object: 'Object Repository/Pages/Sale/calender_NextButton' is clicked on&#xD;
&#xD;
2019-11-01 02:38:16 - [MESSAGE][PASSED] - Text of object 'Object Repository/Pages/Sale/link_MonthYear' is: 'September 2126'&#xD;
&#xD;
2019-11-01 02:38:16 - [MESSAGE][PASSED] - Object: 'Object Repository/Pages/Sale/calender_NextButton' is clicked on&#xD;
&#xD;
2019-11-01 02:38:16 - [MESSAGE][PASSED] - Text of object 'Object Repository/Pages/Sale/link_MonthYear' is: 'October 2126'&#xD;
&#xD;
2019-11-01 02:38:16 - [MESSAGE][PASSED] - Object: 'Object Repository/Pages/Sale/calender_NextButton' is clicked on&#xD;
&#xD;
2019-11-01 02:38:16 - [MESSAGE][PASSED] - Text of object 'Object Repository/Pages/Sale/link_MonthYear' is: 'November 2126'&#xD;
&#xD;
2019-11-01 02:38:16 - [MESSAGE][PASSED] - Object: 'Object Repository/Pages/Sale/calender_NextButton' is clicked on&#xD;
&#xD;
2019-11-01 02:38:16 - [MESSAGE][PASSED] - Text of object 'Object Repository/Pages/Sale/link_MonthYear' is: 'December 2126'&#xD;
&#xD;
2019-11-01 02:38:17 - [MESSAGE][PASSED] - Object: 'Object Repository/Pages/Sale/calender_NextButton' is clicked on&#xD;
&#xD;
2019-11-01 02:38:17 - [MESSAGE][PASSED] - Text of object 'Object Repository/Pages/Sale/link_MonthYear' is: 'January 2127'&#xD;
&#xD;
2019-11-01 02:38:17 - [MESSAGE][PASSED] - Object: 'Object Repository/Pages/Sale/calender_NextButton' is clicked on&#xD;
&#xD;
2019-11-01 02:38:17 - [MESSAGE][PASSED] - Text of object 'Object Repository/Pages/Sale/link_MonthYear' is: 'February 2127'&#xD;
&#xD;
2019-11-01 02:38:17 - [MESSAGE][PASSED] - Object: 'Object Repository/Pages/Sale/calender_NextButton' is clicked on&#xD;
&#xD;
2019-11-01 02:38:17 - [MESSAGE][PASSED] - Text of object 'Object Repository/Pages/Sale/link_MonthYear' is: 'March 2127'&#xD;
&#xD;
2019-11-01 02:38:18 - [MESSAGE][PASSED] - Object: 'Object Repository/Pages/Sale/calender_NextButton' is clicked on&#xD;
&#xD;
2019-11-01 02:38:18 - [MESSAGE][PASSED] - Text of object 'Object Repository/Pages/Sale/link_MonthYear' is: 'April 2127'&#xD;
&#xD;
2019-11-01 02:38:18 - [MESSAGE][PASSED] - Object: 'Object Repository/Pages/Sale/calender_NextButton' is clicked on&#xD;
&#xD;
2019-11-01 02:38:18 - [MESSAGE][PASSED] - Text of object 'Object Repository/Pages/Sale/link_MonthYear' is: 'May 2127'&#xD;
&#xD;
2019-11-01 02:38:18 - [MESSAGE][PASSED] - Object: 'Object Repository/Pages/Sale/calender_NextButton' is clicked on&#xD;
&#xD;
2019-11-01 02:38:18 - [MESSAGE][PASSED] - Text of object 'Object Repository/Pages/Sale/link_MonthYear' is: 'June 2127'&#xD;
&#xD;
2019-11-01 02:38:19 - [MESSAGE][PASSED] - Object: 'Object Repository/Pages/Sale/calender_NextButton' is clicked on&#xD;
&#xD;
2019-11-01 02:38:19 - [MESSAGE][PASSED] - Text of object 'Object Repository/Pages/Sale/link_MonthYear' is: 'July 2127'&#xD;
&#xD;
2019-11-01 02:38:19 - [MESSAGE][PASSED] - Object: 'Object Repository/Pages/Sale/calender_NextButton' is clicked on&#xD;
&#xD;
2019-11-01 02:38:19 - [MESSAGE][PASSED] - Text of object 'Object Repository/Pages/Sale/link_MonthYear' is: 'August 2127'&#xD;
&#xD;
2019-11-01 02:38:19 - [MESSAGE][PASSED] - Object: 'Object Repository/Pages/Sale/calender_NextButton' is clicked on&#xD;
&#xD;
2019-11-01 02:38:19 - [MESSAGE][PASSED] - Text of object 'Object Repository/Pages/Sale/link_MonthYear' is: 'September 2127'&#xD;
&#xD;
2019-11-01 02:38:20 - [MESSAGE][PASSED] - Object: 'Object Repository/Pages/Sale/calender_NextButton' is clicked on&#xD;
&#xD;
2019-11-01 02:38:20 - [MESSAGE][PASSED] - Text of object 'Object Repository/Pages/Sale/link_MonthYear' is: 'October 2127'&#xD;
&#xD;
2019-11-01 02:38:20 - [MESSAGE][PASSED] - Object: 'Object Repository/Pages/Sale/calender_NextButton' is clicked on&#xD;
&#xD;
2019-11-01 02:38:20 - [MESSAGE][PASSED] - Text of object 'Object Repository/Pages/Sale/link_MonthYear' is: 'November 2127'&#xD;
&#xD;
2019-11-01 02:38:20 - [MESSAGE][PASSED] - Object: 'Object Repository/Pages/Sale/calender_NextButton' is clicked on&#xD;
&#xD;
2019-11-01 02:38:20 - [MESSAGE][PASSED] - Text of object 'Object Repository/Pages/Sale/link_MonthYear' is: 'December 2127'&#xD;
&#xD;
2019-11-01 02:38:21 - [MESSAGE][PASSED] - Object: 'Object Repository/Pages/Sale/calender_NextButton' is clicked on&#xD;
&#xD;
2019-11-01 02:38:21 - [MESSAGE][PASSED] - Text of object 'Object Repository/Pages/Sale/link_MonthYear' is: 'January 2128'&#xD;
&#xD;
2019-11-01 02:38:21 - [MESSAGE][PASSED] - Object: 'Object Repository/Pages/Sale/calender_NextButton' is clicked on&#xD;
&#xD;
2019-11-01 02:38:21 - [MESSAGE][PASSED] - Text of object 'Object Repository/Pages/Sale/link_MonthYear' is: 'February 2128'&#xD;
&#xD;
2019-11-01 02:38:21 - [MESSAGE][PASSED] - Object: 'Object Repository/Pages/Sale/calender_NextButton' is clicked on&#xD;
&#xD;
2019-11-01 02:38:21 - [MESSAGE][PASSED] - Text of object 'Object Repository/Pages/Sale/link_MonthYear' is: 'March 2128'&#xD;
&#xD;
2019-11-01 02:38:21 - [MESSAGE][PASSED] - Object: 'Object Repository/Pages/Sale/calender_NextButton' is clicked on&#xD;
&#xD;
2019-11-01 02:38:22 - [MESSAGE][PASSED] - Text of object 'Object Repository/Pages/Sale/link_MonthYear' is: 'April 2128'&#xD;
&#xD;
2019-11-01 02:38:22 - [MESSAGE][PASSED] - Object: 'Object Repository/Pages/Sale/calender_NextButton' is clicked on&#xD;
&#xD;
2019-11-01 02:38:22 - [MESSAGE][PASSED] - Text of object 'Object Repository/Pages/Sale/link_MonthYear' is: 'May 2128'&#xD;
&#xD;
2019-11-01 02:38:22 - [MESSAGE][PASSED] - Object: 'Object Repository/Pages/Sale/calender_NextButton' is clicked on&#xD;
&#xD;
2019-11-01 02:38:22 - [MESSAGE][PASSED] - Text of object 'Object Repository/Pages/Sale/link_MonthYear' is: 'June 2128'&#xD;
&#xD;
2019-11-01 02:38:22 - [MESSAGE][PASSED] - Object: 'Object Repository/Pages/Sale/calender_NextButton' is clicked on&#xD;
&#xD;
2019-11-01 02:38:22 - [MESSAGE][PASSED] - Text of object 'Object Repository/Pages/Sale/link_MonthYear' is: 'July 2128'&#xD;
&#xD;
2019-11-01 02:38:23 - [MESSAGE][PASSED] - Object: 'Object Repository/Pages/Sale/calender_NextButton' is clicked on&#xD;
&#xD;
2019-11-01 02:38:23 - [MESSAGE][PASSED] - Text of object 'Object Repository/Pages/Sale/link_MonthYear' is: 'August 2128'&#xD;
&#xD;
2019-11-01 02:38:23 - [MESSAGE][PASSED] - Object: 'Object Repository/Pages/Sale/calender_NextButton' is clicked on&#xD;
&#xD;
2019-11-01 02:38:23 - [MESSAGE][PASSED] - Text of object 'Object Repository/Pages/Sale/link_MonthYear' is: 'September 2128'&#xD;
&#xD;
2019-11-01 02:38:23 - [MESSAGE][PASSED] - Object: 'Object Repository/Pages/Sale/calender_NextButton' is clicked on&#xD;
&#xD;
2019-11-01 02:38:23 - [MESSAGE][PASSED] - Text of object 'Object Repository/Pages/Sale/link_MonthYear' is: 'October 2128'&#xD;
&#xD;
2019-11-01 02:38:24 - [MESSAGE][PASSED] - Object: 'Object Repository/Pages/Sale/calender_NextButton' is clicked on&#xD;
&#xD;
2019-11-01 02:38:24 - [MESSAGE][PASSED] - Text of object 'Object Repository/Pages/Sale/link_MonthYear' is: 'November 2128'&#xD;
&#xD;
2019-11-01 02:38:24 - [MESSAGE][PASSED] - Object: 'Object Repository/Pages/Sale/calender_NextButton' is clicked on&#xD;
&#xD;
2019-11-01 02:38:24 - [MESSAGE][PASSED] - Text of object 'Object Repository/Pages/Sale/link_MonthYear' is: 'December 2128'&#xD;
&#xD;
2019-11-01 02:38:24 - [MESSAGE][PASSED] - Object: 'Object Repository/Pages/Sale/calender_NextButton' is clicked on&#xD;
&#xD;
2019-11-01 02:38:24 - [MESSAGE][PASSED] - Text of object 'Object Repository/Pages/Sale/link_MonthYear' is: 'January 2129'&#xD;
&#xD;
2019-11-01 02:38:25 - [MESSAGE][PASSED] - Object: 'Object Repository/Pages/Sale/calender_NextButton' is clicked on&#xD;
&#xD;
2019-11-01 02:38:25 - [MESSAGE][PASSED] - Text of object 'Object Repository/Pages/Sale/link_MonthYear' is: 'February 2129'&#xD;
&#xD;
2019-11-01 02:38:25 - [MESSAGE][PASSED] - Object: 'Object Repository/Pages/Sale/calender_NextButton' is clicked on&#xD;
&#xD;
2019-11-01 02:38:25 - [MESSAGE][PASSED] - Text of object 'Object Repository/Pages/Sale/link_MonthYear' is: 'March 2129'&#xD;
&#xD;
2019-11-01 02:38:25 - [MESSAGE][PASSED] - Object: 'Object Repository/Pages/Sale/calender_NextButton' is clicked on&#xD;
&#xD;
2019-11-01 02:38:25 - [MESSAGE][PASSED] - Text of object 'Object Repository/Pages/Sale/link_MonthYear' is: 'April 2129'&#xD;
&#xD;
2019-11-01 02:38:26 - [MESSAGE][PASSED] - Object: 'Object Repository/Pages/Sale/calender_NextButton' is clicked on&#xD;
&#xD;
2019-11-01 02:38:26 - [MESSAGE][PASSED] - Text of object 'Object Repository/Pages/Sale/link_MonthYear' is: 'May 2129'&#xD;
&#xD;
2019-11-01 02:38:26 - [MESSAGE][PASSED] - Object: 'Object Repository/Pages/Sale/calender_NextButton' is clicked on&#xD;
&#xD;
2019-11-01 02:38:26 - [MESSAGE][PASSED] - Text of object 'Object Repository/Pages/Sale/link_MonthYear' is: 'June 2129'&#xD;
&#xD;
2019-11-01 02:38:26 - [MESSAGE][PASSED] - Object: 'Object Repository/Pages/Sale/calender_NextButton' is clicked on&#xD;
&#xD;
2019-11-01 02:38:26 - [MESSAGE][PASSED] - Text of object 'Object Repository/Pages/Sale/link_MonthYear' is: 'July 2129'&#xD;
&#xD;
2019-11-01 02:38:26 - [MESSAGE][PASSED] - Object: 'Object Repository/Pages/Sale/calender_NextButton' is clicked on&#xD;
&#xD;
2019-11-01 02:38:26 - [MESSAGE][PASSED] - Text of object 'Object Repository/Pages/Sale/link_MonthYear' is: 'August 2129'&#xD;
&#xD;
2019-11-01 02:38:27 - [MESSAGE][PASSED] - Object: 'Object Repository/Pages/Sale/calender_NextButton' is clicked on&#xD;
&#xD;
2019-11-01 02:38:27 - [MESSAGE][PASSED] - Text of object 'Object Repository/Pages/Sale/link_MonthYear' is: 'September 2129'&#xD;
&#xD;
2019-11-01 02:38:27 - [MESSAGE][PASSED] - Object: 'Object Repository/Pages/Sale/calender_NextButton' is clicked on&#xD;
&#xD;
2019-11-01 02:38:27 - [MESSAGE][PASSED] - Text of object 'Object Repository/Pages/Sale/link_MonthYear' is: 'October 2129'&#xD;
&#xD;
2019-11-01 02:38:27 - [MESSAGE][PASSED] - Object: 'Object Repository/Pages/Sale/calender_NextButton' is clicked on&#xD;
&#xD;
2019-11-01 02:38:27 - [MESSAGE][PASSED] - Text of object 'Object Repository/Pages/Sale/link_MonthYear' is: 'November 2129'&#xD;
&#xD;
2019-11-01 02:38:28 - [MESSAGE][PASSED] - Object: 'Object Repository/Pages/Sale/calender_NextButton' is clicked on&#xD;
&#xD;
2019-11-01 02:38:28 - [MESSAGE][PASSED] - Text of object 'Object Repository/Pages/Sale/link_MonthYear' is: 'December 2129'&#xD;
&#xD;
2019-11-01 02:38:28 - [MESSAGE][PASSED] - Object: 'Object Repository/Pages/Sale/calender_NextButton' is clicked on&#xD;
&#xD;
2019-11-01 02:38:28 - [MESSAGE][PASSED] - Text of object 'Object Repository/Pages/Sale/link_MonthYear' is: 'January 2130'&#xD;
&#xD;
2019-11-01 02:38:29 - [MESSAGE][PASSED] - Object: 'Object Repository/Pages/Sale/calender_NextButton' is clicked on&#xD;
&#xD;
2019-11-01 02:38:29 - [MESSAGE][PASSED] - Text of object 'Object Repository/Pages/Sale/link_MonthYear' is: 'February 2130'&#xD;
&#xD;
2019-11-01 02:38:29 - [MESSAGE][PASSED] - Object: 'Object Repository/Pages/Sale/calender_NextButton' is clicked on&#xD;
&#xD;
2019-11-01 02:38:29 - [MESSAGE][PASSED] - Text of object 'Object Repository/Pages/Sale/link_MonthYear' is: 'March 2130'&#xD;
&#xD;
2019-11-01 02:38:29 - [MESSAGE][PASSED] - Object: 'Object Repository/Pages/Sale/calender_NextButton' is clicked on&#xD;
&#xD;
2019-11-01 02:38:29 - [MESSAGE][PASSED] - Text of object 'Object Repository/Pages/Sale/link_MonthYear' is: 'April 2130'&#xD;
&#xD;
2019-11-01 02:38:30 - [MESSAGE][PASSED] - Object: 'Object Repository/Pages/Sale/calender_NextButton' is clicked on&#xD;
&#xD;
2019-11-01 02:38:30 - [MESSAGE][PASSED] - Text of object 'Object Repository/Pages/Sale/link_MonthYear' is: 'May 2130'&#xD;
&#xD;
2019-11-01 02:38:30 - [MESSAGE][PASSED] - Object: 'Object Repository/Pages/Sale/calender_NextButton' is clicked on&#xD;
&#xD;
2019-11-01 02:38:30 - [MESSAGE][PASSED] - Text of object 'Object Repository/Pages/Sale/link_MonthYear' is: 'June 2130'&#xD;
&#xD;
2019-11-01 02:38:30 - [MESSAGE][PASSED] - Object: 'Object Repository/Pages/Sale/calender_NextButton' is clicked on&#xD;
&#xD;
2019-11-01 02:38:30 - [MESSAGE][PASSED] - Text of object 'Object Repository/Pages/Sale/link_MonthYear' is: 'July 2130'&#xD;
&#xD;
2019-11-01 02:38:31 - [MESSAGE][PASSED] - Object: 'Object Repository/Pages/Sale/calender_NextButton' is clicked on&#xD;
&#xD;
2019-11-01 02:38:31 - [MESSAGE][PASSED] - Text of object 'Object Repository/Pages/Sale/link_MonthYear' is: 'August 2130'&#xD;
&#xD;
2019-11-01 02:38:31 - [MESSAGE][PASSED] - Object: 'Object Repository/Pages/Sale/calender_NextButton' is clicked on&#xD;
&#xD;
2019-11-01 02:38:31 - [MESSAGE][PASSED] - Text of object 'Object Repository/Pages/Sale/link_MonthYear' is: 'September 2130'&#xD;
&#xD;
2019-11-01 02:38:31 - [MESSAGE][PASSED] - Object: 'Object Repository/Pages/Sale/calender_NextButton' is clicked on&#xD;
&#xD;
2019-11-01 02:38:31 - [MESSAGE][PASSED] - Text of object 'Object Repository/Pages/Sale/link_MonthYear' is: 'October 2130'&#xD;
&#xD;
2019-11-01 02:38:31 - [MESSAGE][PASSED] - Object: 'Object Repository/Pages/Sale/calender_NextButton' is clicked on&#xD;
&#xD;
2019-11-01 02:38:32 - [MESSAGE][PASSED] - Text of object 'Object Repository/Pages/Sale/link_MonthYear' is: 'November 2130'&#xD;
&#xD;
2019-11-01 02:38:32 - [MESSAGE][PASSED] - Object: 'Object Repository/Pages/Sale/calender_NextButton' is clicked on&#xD;
&#xD;
2019-11-01 02:38:32 - [MESSAGE][PASSED] - Text of object 'Object Repository/Pages/Sale/link_MonthYear' is: 'December 2130'&#xD;
&#xD;
2019-11-01 02:38:32 - [MESSAGE][PASSED] - Object: 'Object Repository/Pages/Sale/calender_NextButton' is clicked on&#xD;
&#xD;
2019-11-01 02:38:32 - [MESSAGE][PASSED] - Text of object 'Object Repository/Pages/Sale/link_MonthYear' is: 'January 2131'&#xD;
&#xD;
2019-11-01 02:38:33 - [MESSAGE][PASSED] - Object: 'Object Repository/Pages/Sale/calender_NextButton' is clicked on&#xD;
&#xD;
2019-11-01 02:38:33 - [MESSAGE][PASSED] - Text of object 'Object Repository/Pages/Sale/link_MonthYear' is: 'February 2131'&#xD;
&#xD;
2019-11-01 02:38:33 - [MESSAGE][PASSED] - Object: 'Object Repository/Pages/Sale/calender_NextButton' is clicked on&#xD;
&#xD;
2019-11-01 02:38:33 - [MESSAGE][PASSED] - Text of object 'Object Repository/Pages/Sale/link_MonthYear' is: 'March 2131'&#xD;
&#xD;
2019-11-01 02:38:33 - [MESSAGE][PASSED] - Object: 'Object Repository/Pages/Sale/calender_NextButton' is clicked on&#xD;
&#xD;
2019-11-01 02:38:33 - [MESSAGE][PASSED] - Text of object 'Object Repository/Pages/Sale/link_MonthYear' is: 'April 2131'&#xD;
&#xD;
2019-11-01 02:38:33 - [MESSAGE][PASSED] - Object: 'Object Repository/Pages/Sale/calender_NextButton' is clicked on&#xD;
&#xD;
2019-11-01 02:38:33 - [MESSAGE][PASSED] - Text of object 'Object Repository/Pages/Sale/link_MonthYear' is: 'May 2131'&#xD;
&#xD;
2019-11-01 02:38:34 - [MESSAGE][PASSED] - Object: 'Object Repository/Pages/Sale/calender_NextButton' is clicked on&#xD;
&#xD;
2019-11-01 02:38:34 - [MESSAGE][PASSED] - Text of object 'Object Repository/Pages/Sale/link_MonthYear' is: 'June 2131'&#xD;
&#xD;
2019-11-01 02:38:34 - [MESSAGE][PASSED] - Object: 'Object Repository/Pages/Sale/calender_NextButton' is clicked on&#xD;
&#xD;
2019-11-01 02:38:34 - [MESSAGE][PASSED] - Text of object 'Object Repository/Pages/Sale/link_MonthYear' is: 'July 2131'&#xD;
&#xD;
2019-11-01 02:38:34 - [MESSAGE][PASSED] - Object: 'Object Repository/Pages/Sale/calender_NextButton' is clicked on&#xD;
&#xD;
2019-11-01 02:38:34 - [MESSAGE][PASSED] - Text of object 'Object Repository/Pages/Sale/link_MonthYear' is: 'August 2131'&#xD;
&#xD;
2019-11-01 02:38:35 - [MESSAGE][PASSED] - Object: 'Object Repository/Pages/Sale/calender_NextButton' is clicked on&#xD;
&#xD;
2019-11-01 02:38:35 - [MESSAGE][PASSED] - Text of object 'Object Repository/Pages/Sale/link_MonthYear' is: 'September 2131'&#xD;
&#xD;
2019-11-01 02:38:35 - [MESSAGE][PASSED] - Object: 'Object Repository/Pages/Sale/calender_NextButton' is clicked on&#xD;
&#xD;
2019-11-01 02:38:35 - [MESSAGE][PASSED] - Text of object 'Object Repository/Pages/Sale/link_MonthYear' is: 'October 2131'&#xD;
&#xD;
2019-11-01 02:38:35 - [MESSAGE][PASSED] - Object: 'Object Repository/Pages/Sale/calender_NextButton' is clicked on&#xD;
&#xD;
2019-11-01 02:38:35 - [MESSAGE][PASSED] - Text of object 'Object Repository/Pages/Sale/link_MonthYear' is: 'November 2131'&#xD;
&#xD;
2019-11-01 02:38:35 - [MESSAGE][PASSED] - Object: 'Object Repository/Pages/Sale/calender_NextButton' is clicked on&#xD;
&#xD;
2019-11-01 02:38:36 - [MESSAGE][PASSED] - Text of object 'Object Repository/Pages/Sale/link_MonthYear' is: 'December 2131'&#xD;
&#xD;
2019-11-01 02:38:36 - [MESSAGE][PASSED] - Object: 'Object Repository/Pages/Sale/calender_NextButton' is clicked on&#xD;
&#xD;
2019-11-01 02:38:36 - [MESSAGE][PASSED] - Text of object 'Object Repository/Pages/Sale/link_MonthYear' is: 'January 2132'&#xD;
&#xD;
2019-11-01 02:38:36 - [MESSAGE][PASSED] - Object: 'Object Repository/Pages/Sale/calender_NextButton' is clicked on&#xD;
&#xD;
2019-11-01 02:38:36 - [MESSAGE][PASSED] - Text of object 'Object Repository/Pages/Sale/link_MonthYear' is: 'February 2132'&#xD;
&#xD;
2019-11-01 02:38:36 - [MESSAGE][PASSED] - Object: 'Object Repository/Pages/Sale/calender_NextButton' is clicked on&#xD;
&#xD;
2019-11-01 02:38:36 - [MESSAGE][PASSED] - Text of object 'Object Repository/Pages/Sale/link_MonthYear' is: 'March 2132'&#xD;
&#xD;
2019-11-01 02:38:37 - [MESSAGE][PASSED] - Object: 'Object Repository/Pages/Sale/calender_NextButton' is clicked on&#xD;
&#xD;
2019-11-01 02:38:37 - [MESSAGE][PASSED] - Text of object 'Object Repository/Pages/Sale/link_MonthYear' is: 'April 2132'&#xD;
&#xD;
2019-11-01 02:38:37 - [MESSAGE][PASSED] - Object: 'Object Repository/Pages/Sale/calender_NextButton' is clicked on&#xD;
&#xD;
2019-11-01 02:38:37 - [MESSAGE][PASSED] - Text of object 'Object Repository/Pages/Sale/link_MonthYear' is: 'May 2132'&#xD;
&#xD;
2019-11-01 02:38:37 - [MESSAGE][PASSED] - Object: 'Object Repository/Pages/Sale/calender_NextButton' is clicked on&#xD;
&#xD;
2019-11-01 02:38:37 - [MESSAGE][PASSED] - Text of object 'Object Repository/Pages/Sale/link_MonthYear' is: 'June 2132'&#xD;
&#xD;
2019-11-01 02:38:38 - [MESSAGE][PASSED] - Object: 'Object Repository/Pages/Sale/calender_NextButton' is clicked on&#xD;
&#xD;
2019-11-01 02:38:38 - [MESSAGE][PASSED] - Text of object 'Object Repository/Pages/Sale/link_MonthYear' is: 'July 2132'&#xD;
&#xD;
2019-11-01 02:38:38 - [MESSAGE][PASSED] - Object: 'Object Repository/Pages/Sale/calender_NextButton' is clicked on&#xD;
&#xD;
2019-11-01 02:38:38 - [MESSAGE][PASSED] - Text of object 'Object Repository/Pages/Sale/link_MonthYear' is: 'August 2132'&#xD;
&#xD;
2019-11-01 02:38:38 - [MESSAGE][PASSED] - Object: 'Object Repository/Pages/Sale/calender_NextButton' is clicked on&#xD;
&#xD;
2019-11-01 02:38:38 - [MESSAGE][PASSED] - Text of object 'Object Repository/Pages/Sale/link_MonthYear' is: 'September 2132'&#xD;
&#xD;
2019-11-01 02:38:38 - [MESSAGE][PASSED] - Object: 'Object Repository/Pages/Sale/calender_NextButton' is clicked on&#xD;
&#xD;
2019-11-01 02:38:38 - [MESSAGE][PASSED] - Text of object 'Object Repository/Pages/Sale/link_MonthYear' is: 'October 2132'&#xD;
&#xD;
2019-11-01 02:38:39 - [MESSAGE][PASSED] - Object: 'Object Repository/Pages/Sale/calender_NextButton' is clicked on&#xD;
&#xD;
2019-11-01 02:38:39 - [MESSAGE][PASSED] - Text of object 'Object Repository/Pages/Sale/link_MonthYear' is: 'November 2132'&#xD;
&#xD;
2019-11-01 02:38:39 - [MESSAGE][PASSED] - Object: 'Object Repository/Pages/Sale/calender_NextButton' is clicked on&#xD;
&#xD;
2019-11-01 02:38:39 - [MESSAGE][PASSED] - Text of object 'Object Repository/Pages/Sale/link_MonthYear' is: 'December 2132'&#xD;
&#xD;
2019-11-01 02:38:39 - [MESSAGE][PASSED] - Object: 'Object Repository/Pages/Sale/calender_NextButton' is clicked on&#xD;
&#xD;
2019-11-01 02:38:39 - [MESSAGE][PASSED] - Text of object 'Object Repository/Pages/Sale/link_MonthYear' is: 'January 2133'&#xD;
&#xD;
2019-11-01 02:38:40 - [MESSAGE][PASSED] - Object: 'Object Repository/Pages/Sale/calender_NextButton' is clicked on&#xD;
&#xD;
2019-11-01 02:38:40 - [MESSAGE][PASSED] - Text of object 'Object Repository/Pages/Sale/link_MonthYear' is: 'February 2133'&#xD;
&#xD;
2019-11-01 02:38:40 - [MESSAGE][PASSED] - Object: 'Object Repository/Pages/Sale/calender_NextButton' is clicked on&#xD;
&#xD;
2019-11-01 02:38:40 - [MESSAGE][PASSED] - Text of object 'Object Repository/Pages/Sale/link_MonthYear' is: 'March 2133'&#xD;
&#xD;
2019-11-01 02:38:40 - [MESSAGE][PASSED] - Object: 'Object Repository/Pages/Sale/calender_NextButton' is clicked on&#xD;
&#xD;
2019-11-01 02:38:40 - [MESSAGE][PASSED] - Text of object 'Object Repository/Pages/Sale/link_MonthYear' is: 'April 2133'&#xD;
&#xD;
2019-11-01 02:38:40 - [MESSAGE][PASSED] - Object: 'Object Repository/Pages/Sale/calender_NextButton' is clicked on&#xD;
&#xD;
2019-11-01 02:38:40 - [MESSAGE][PASSED] - Text of object 'Object Repository/Pages/Sale/link_MonthYear' is: 'May 2133'&#xD;
&#xD;
2019-11-01 02:38:41 - [MESSAGE][PASSED] - Object: 'Object Repository/Pages/Sale/calender_NextButton' is clicked on&#xD;
&#xD;
2019-11-01 02:38:41 - [MESSAGE][PASSED] - Text of object 'Object Repository/Pages/Sale/link_MonthYear' is: 'June 2133'&#xD;
&#xD;
2019-11-01 02:38:41 - [MESSAGE][PASSED] - Object: 'Object Repository/Pages/Sale/calender_NextButton' is clicked on&#xD;
&#xD;
2019-11-01 02:38:41 - [MESSAGE][PASSED] - Text of object 'Object Repository/Pages/Sale/link_MonthYear' is: 'July 2133'&#xD;
&#xD;
2019-11-01 02:38:41 - [MESSAGE][PASSED] - Object: 'Object Repository/Pages/Sale/calender_NextButton' is clicked on&#xD;
&#xD;
2019-11-01 02:38:41 - [MESSAGE][PASSED] - Text of object 'Object Repository/Pages/Sale/link_MonthYear' is: 'August 2133'&#xD;
&#xD;
2019-11-01 02:38:42 - [MESSAGE][PASSED] - Object: 'Object Repository/Pages/Sale/calender_NextButton' is clicked on&#xD;
&#xD;
2019-11-01 02:38:42 - [MESSAGE][PASSED] - Text of object 'Object Repository/Pages/Sale/link_MonthYear' is: 'September 2133'&#xD;
&#xD;
2019-11-01 02:38:42 - [MESSAGE][PASSED] - Object: 'Object Repository/Pages/Sale/calender_NextButton' is clicked on&#xD;
&#xD;
2019-11-01 02:38:42 - [MESSAGE][PASSED] - Text of object 'Object Repository/Pages/Sale/link_MonthYear' is: 'October 2133'&#xD;
&#xD;
2019-11-01 02:38:42 - [MESSAGE][PASSED] - Object: 'Object Repository/Pages/Sale/calender_NextButton' is clicked on&#xD;
&#xD;
2019-11-01 02:38:42 - [MESSAGE][PASSED] - Text of object 'Object Repository/Pages/Sale/link_MonthYear' is: 'November 2133'&#xD;
&#xD;
2019-11-01 02:38:43 - [MESSAGE][PASSED] - Object: 'Object Repository/Pages/Sale/calender_NextButton' is clicked on&#xD;
&#xD;
2019-11-01 02:38:43 - [MESSAGE][PASSED] - Text of object 'Object Repository/Pages/Sale/link_MonthYear' is: 'December 2133'&#xD;
&#xD;
2019-11-01 02:38:43 - [MESSAGE][PASSED] - Object: 'Object Repository/Pages/Sale/calender_NextButton' is clicked on&#xD;
&#xD;
2019-11-01 02:38:43 - [MESSAGE][PASSED] - Text of object 'Object Repository/Pages/Sale/link_MonthYear' is: 'January 2134'&#xD;
&#xD;
2019-11-01 02:38:43 - [MESSAGE][PASSED] - Object: 'Object Repository/Pages/Sale/calender_NextButton' is clicked on&#xD;
&#xD;
2019-11-01 02:38:43 - [MESSAGE][PASSED] - Text of object 'Object Repository/Pages/Sale/link_MonthYear' is: 'February 2134'&#xD;
&#xD;
2019-11-01 02:38:43 - [MESSAGE][PASSED] - Object: 'Object Repository/Pages/Sale/calender_NextButton' is clicked on&#xD;
&#xD;
2019-11-01 02:38:43 - [MESSAGE][PASSED] - Text of object 'Object Repository/Pages/Sale/link_MonthYear' is: 'March 2134'&#xD;
&#xD;
2019-11-01 02:38:44 - [MESSAGE][PASSED] - Object: 'Object Repository/Pages/Sale/calender_NextButton' is clicked on&#xD;
&#xD;
2019-11-01 02:38:44 - [MESSAGE][PASSED] - Text of object 'Object Repository/Pages/Sale/link_MonthYear' is: 'April 2134'&#xD;
&#xD;
2019-11-01 02:38:44 - [MESSAGE][PASSED] - Object: 'Object Repository/Pages/Sale/calender_NextButton' is clicked on&#xD;
&#xD;
2019-11-01 02:38:44 - [MESSAGE][PASSED] - Text of object 'Object Repository/Pages/Sale/link_MonthYear' is: 'May 2134'&#xD;
&#xD;
2019-11-01 02:38:44 - [MESSAGE][PASSED] - Object: 'Object Repository/Pages/Sale/calender_NextButton' is clicked on&#xD;
&#xD;
2019-11-01 02:38:44 - [MESSAGE][PASSED] - Text of object 'Object Repository/Pages/Sale/link_MonthYear' is: 'June 2134'&#xD;
&#xD;
2019-11-01 02:38:45 - [MESSAGE][PASSED] - Object: 'Object Repository/Pages/Sale/calender_NextButton' is clicked on&#xD;
&#xD;
2019-11-01 02:38:45 - [MESSAGE][PASSED] - Text of object 'Object Repository/Pages/Sale/link_MonthYear' is: 'July 2134'&#xD;
&#xD;
2019-11-01 02:38:45 - [MESSAGE][PASSED] - Object: 'Object Repository/Pages/Sale/calender_NextButton' is clicked on&#xD;
&#xD;
2019-11-01 02:38:45 - [MESSAGE][PASSED] - Text of object 'Object Repository/Pages/Sale/link_MonthYear' is: 'August 2134'&#xD;
&#xD;
2019-11-01 02:38:45 - [MESSAGE][PASSED] - Object: 'Object Repository/Pages/Sale/calender_NextButton' is clicked on&#xD;
&#xD;
2019-11-01 02:38:45 - [MESSAGE][PASSED] - Text of object 'Object Repository/Pages/Sale/link_MonthYear' is: 'September 2134'&#xD;
&#xD;
2019-11-01 02:38:46 - [MESSAGE][PASSED] - Object: 'Object Repository/Pages/Sale/calender_NextButton' is clicked on&#xD;
&#xD;
2019-11-01 02:38:46 - [MESSAGE][PASSED] - Text of object 'Object Repository/Pages/Sale/link_MonthYear' is: 'October 2134'&#xD;
&#xD;
2019-11-01 02:38:46 - [MESSAGE][PASSED] - Object: 'Object Repository/Pages/Sale/calender_NextButton' is clicked on&#xD;
&#xD;
2019-11-01 02:38:46 - [MESSAGE][PASSED] - Text of object 'Object Repository/Pages/Sale/link_MonthYear' is: 'November 2134'&#xD;
&#xD;
2019-11-01 02:38:46 - [MESSAGE][PASSED] - Object: 'Object Repository/Pages/Sale/calender_NextButton' is clicked on&#xD;
&#xD;
2019-11-01 02:38:46 - [MESSAGE][PASSED] - Text of object 'Object Repository/Pages/Sale/link_MonthYear' is: 'December 2134'&#xD;
&#xD;
2019-11-01 02:38:46 - [MESSAGE][PASSED] - Object: 'Object Repository/Pages/Sale/calender_NextButton' is clicked on&#xD;
&#xD;
2019-11-01 02:38:46 - [MESSAGE][PASSED] - Text of object 'Object Repository/Pages/Sale/link_MonthYear' is: 'January 2135'&#xD;
&#xD;
2019-11-01 02:38:47 - [MESSAGE][PASSED] - Object: 'Object Repository/Pages/Sale/calender_NextButton' is clicked on&#xD;
&#xD;
2019-11-01 02:38:47 - [MESSAGE][PASSED] - Text of object 'Object Repository/Pages/Sale/link_MonthYear' is: 'February 2135'&#xD;
&#xD;
2019-11-01 02:38:47 - [MESSAGE][PASSED] - Object: 'Object Repository/Pages/Sale/calender_NextButton' is clicked on&#xD;
&#xD;
2019-11-01 02:38:47 - [MESSAGE][PASSED] - Text of object 'Object Repository/Pages/Sale/link_MonthYear' is: 'March 2135'&#xD;
&#xD;
2019-11-01 02:38:47 - [MESSAGE][PASSED] - Object: 'Object Repository/Pages/Sale/calender_NextButton' is clicked on&#xD;
&#xD;
2019-11-01 02:38:47 - [MESSAGE][PASSED] - Text of object 'Object Repository/Pages/Sale/link_MonthYear' is: 'April 2135'&#xD;
&#xD;
2019-11-01 02:38:48 - [MESSAGE][PASSED] - Object: 'Object Repository/Pages/Sale/calender_NextButton' is clicked on&#xD;
&#xD;
2019-11-01 02:38:48 - [MESSAGE][PASSED] - Text of object 'Object Repository/Pages/Sale/link_MonthYear' is: 'May 2135'&#xD;
&#xD;
2019-11-01 02:38:48 - [MESSAGE][PASSED] - Object: 'Object Repository/Pages/Sale/calender_NextButton' is clicked on&#xD;
&#xD;
2019-11-01 02:38:48 - [MESSAGE][PASSED] - Text of object 'Object Repository/Pages/Sale/link_MonthYear' is: 'June 2135'&#xD;
&#xD;
2019-11-01 02:38:48 - [MESSAGE][PASSED] - Object: 'Object Repository/Pages/Sale/calender_NextButton' is clicked on&#xD;
&#xD;
2019-11-01 02:38:48 - [MESSAGE][PASSED] - Text of object 'Object Repository/Pages/Sale/link_MonthYear' is: 'July 2135'&#xD;
&#xD;
2019-11-01 02:38:48 - [MESSAGE][PASSED] - Object: 'Object Repository/Pages/Sale/calender_NextButton' is clicked on&#xD;
&#xD;
2019-11-01 02:38:48 - [MESSAGE][PASSED] - Text of object 'Object Repository/Pages/Sale/link_MonthYear' is: 'August 2135'&#xD;
&#xD;
2019-11-01 02:38:49 - [MESSAGE][PASSED] - Object: 'Object Repository/Pages/Sale/calender_NextButton' is clicked on&#xD;
&#xD;
2019-11-01 02:38:49 - [MESSAGE][PASSED] - Text of object 'Object Repository/Pages/Sale/link_MonthYear' is: 'September 2135'&#xD;
&#xD;
2019-11-01 02:38:49 - [MESSAGE][PASSED] - Object: 'Object Repository/Pages/Sale/calender_NextButton' is clicked on&#xD;
&#xD;
2019-11-01 02:38:49 - [MESSAGE][PASSED] - Text of object 'Object Repository/Pages/Sale/link_MonthYear' is: 'October 2135'&#xD;
&#xD;
2019-11-01 02:38:49 - [MESSAGE][PASSED] - Object: 'Object Repository/Pages/Sale/calender_NextButton' is clicked on&#xD;
&#xD;
2019-11-01 02:38:49 - [MESSAGE][PASSED] - Text of object 'Object Repository/Pages/Sale/link_MonthYear' is: 'November 2135'&#xD;
&#xD;
2019-11-01 02:38:50 - [MESSAGE][PASSED] - Object: 'Object Repository/Pages/Sale/calender_NextButton' is clicked on&#xD;
&#xD;
2019-11-01 02:38:50 - [MESSAGE][PASSED] - Text of object 'Object Repository/Pages/Sale/link_MonthYear' is: 'December 2135'&#xD;
&#xD;
2019-11-01 02:38:50 - [MESSAGE][PASSED] - Object: 'Object Repository/Pages/Sale/calender_NextButton' is clicked on&#xD;
&#xD;
2019-11-01 02:38:50 - [MESSAGE][PASSED] - Text of object 'Object Repository/Pages/Sale/link_MonthYear' is: 'January 2136'&#xD;
&#xD;
2019-11-01 02:38:50 - [MESSAGE][PASSED] - Object: 'Object Repository/Pages/Sale/calender_NextButton' is clicked on&#xD;
&#xD;
2019-11-01 02:38:50 - [MESSAGE][PASSED] - Text of object 'Object Repository/Pages/Sale/link_MonthYear' is: 'February 2136'&#xD;
&#xD;
2019-11-01 02:38:51 - [MESSAGE][PASSED] - Object: 'Object Repository/Pages/Sale/calender_NextButton' is clicked on&#xD;
&#xD;
2019-11-01 02:38:51 - [MESSAGE][PASSED] - Text of object 'Object Repository/Pages/Sale/link_MonthYear' is: 'March 2136'&#xD;
&#xD;
2019-11-01 02:38:51 - [MESSAGE][PASSED] - Object: 'Object Repository/Pages/Sale/calender_NextButton' is clicked on&#xD;
&#xD;
2019-11-01 02:38:51 - [MESSAGE][PASSED] - Text of object 'Object Repository/Pages/Sale/link_MonthYear' is: 'April 2136'&#xD;
&#xD;
2019-11-01 02:38:51 - [MESSAGE][PASSED] - Object: 'Object Repository/Pages/Sale/calender_NextButton' is clicked on&#xD;
&#xD;
2019-11-01 02:38:51 - [MESSAGE][PASSED] - Text of object 'Object Repository/Pages/Sale/link_MonthYear' is: 'May 2136'&#xD;
&#xD;
2019-11-01 02:38:52 - [MESSAGE][PASSED] - Object: 'Object Repository/Pages/Sale/calender_NextButton' is clicked on&#xD;
&#xD;
2019-11-01 02:38:52 - [MESSAGE][PASSED] - Text of object 'Object Repository/Pages/Sale/link_MonthYear' is: 'June 2136'&#xD;
&#xD;
2019-11-01 02:38:52 - [MESSAGE][PASSED] - Object: 'Object Repository/Pages/Sale/calender_NextButton' is clicked on&#xD;
&#xD;
2019-11-01 02:38:52 - [MESSAGE][PASSED] - Text of object 'Object Repository/Pages/Sale/link_MonthYear' is: 'July 2136'&#xD;
&#xD;
2019-11-01 02:38:52 - [MESSAGE][PASSED] - Object: 'Object Repository/Pages/Sale/calender_NextButton' is clicked on&#xD;
&#xD;
2019-11-01 02:38:52 - [MESSAGE][PASSED] - Text of object 'Object Repository/Pages/Sale/link_MonthYear' is: 'August 2136'&#xD;
&#xD;
2019-11-01 02:38:53 - [MESSAGE][PASSED] - Object: 'Object Repository/Pages/Sale/calender_NextButton' is clicked on&#xD;
&#xD;
2019-11-01 02:38:53 - [MESSAGE][PASSED] - Text of object 'Object Repository/Pages/Sale/link_MonthYear' is: 'September 2136'&#xD;
&#xD;
2019-11-01 02:38:53 - [MESSAGE][PASSED] - Object: 'Object Repository/Pages/Sale/calender_NextButton' is clicked on&#xD;
&#xD;
2019-11-01 02:38:53 - [MESSAGE][PASSED] - Text of object 'Object Repository/Pages/Sale/link_MonthYear' is: 'October 2136'&#xD;
&#xD;
2019-11-01 02:38:53 - [MESSAGE][PASSED] - Object: 'Object Repository/Pages/Sale/calender_NextButton' is clicked on&#xD;
&#xD;
2019-11-01 02:38:53 - [MESSAGE][PASSED] - Text of object 'Object Repository/Pages/Sale/link_MonthYear' is: 'November 2136'&#xD;
&#xD;
2019-11-01 02:38:53 - [MESSAGE][PASSED] - Object: 'Object Repository/Pages/Sale/calender_NextButton' is clicked on&#xD;
&#xD;
2019-11-01 02:38:53 - [MESSAGE][PASSED] - Text of object 'Object Repository/Pages/Sale/link_MonthYear' is: 'December 2136'&#xD;
&#xD;
2019-11-01 02:38:54 - [MESSAGE][PASSED] - Object: 'Object Repository/Pages/Sale/calender_NextButton' is clicked on&#xD;
&#xD;
2019-11-01 02:38:54 - [MESSAGE][PASSED] - Text of object 'Object Repository/Pages/Sale/link_MonthYear' is: 'January 2137'&#xD;
&#xD;
2019-11-01 02:38:54 - [MESSAGE][PASSED] - Object: 'Object Repository/Pages/Sale/calender_NextButton' is clicked on&#xD;
&#xD;
2019-11-01 02:38:54 - [MESSAGE][PASSED] - Text of object 'Object Repository/Pages/Sale/link_MonthYear' is: 'February 2137'&#xD;
&#xD;
2019-11-01 02:38:54 - [MESSAGE][PASSED] - Object: 'Object Repository/Pages/Sale/calender_NextButton' is clicked on&#xD;
&#xD;
2019-11-01 02:38:54 - [MESSAGE][PASSED] - Text of object 'Object Repository/Pages/Sale/link_MonthYear' is: 'March 2137'&#xD;
&#xD;
2019-11-01 02:38:55 - [MESSAGE][PASSED] - Object: 'Object Repository/Pages/Sale/calender_NextButton' is clicked on&#xD;
&#xD;
2019-11-01 02:38:55 - [MESSAGE][PASSED] - Text of object 'Object Repository/Pages/Sale/link_MonthYear' is: 'April 2137'&#xD;
&#xD;
2019-11-01 02:38:55 - [MESSAGE][PASSED] - Object: 'Object Repository/Pages/Sale/calender_NextButton' is clicked on&#xD;
&#xD;
2019-11-01 02:38:55 - [MESSAGE][PASSED] - Text of object 'Object Repository/Pages/Sale/link_MonthYear' is: 'May 2137'&#xD;
&#xD;
2019-11-01 02:38:55 - [MESSAGE][PASSED] - Object: 'Object Repository/Pages/Sale/calender_NextButton' is clicked on&#xD;
&#xD;
2019-11-01 02:38:55 - [MESSAGE][PASSED] - Text of object 'Object Repository/Pages/Sale/link_MonthYear' is: 'June 2137'&#xD;
&#xD;
2019-11-01 02:38:55 - [MESSAGE][PASSED] - Object: 'Object Repository/Pages/Sale/calender_NextButton' is clicked on&#xD;
&#xD;
2019-11-01 02:38:55 - [MESSAGE][PASSED] - Text of object 'Object Repository/Pages/Sale/link_MonthYear' is: 'July 2137'&#xD;
&#xD;
2019-11-01 02:38:56 - [MESSAGE][PASSED] - Object: 'Object Repository/Pages/Sale/calender_NextButton' is clicked on&#xD;
&#xD;
2019-11-01 02:38:56 - [MESSAGE][PASSED] - Text of object 'Object Repository/Pages/Sale/link_MonthYear' is: 'August 2137'&#xD;
&#xD;
2019-11-01 02:38:56 - [MESSAGE][PASSED] - Object: 'Object Repository/Pages/Sale/calender_NextButton' is clicked on&#xD;
&#xD;
2019-11-01 02:38:56 - [MESSAGE][PASSED] - Text of object 'Object Repository/Pages/Sale/link_MonthYear' is: 'September 2137'&#xD;
&#xD;
2019-11-01 02:38:56 - [MESSAGE][PASSED] - Object: 'Object Repository/Pages/Sale/calender_NextButton' is clicked on&#xD;
&#xD;
2019-11-01 02:38:56 - [MESSAGE][PASSED] - Text of object 'Object Repository/Pages/Sale/link_MonthYear' is: 'October 2137'&#xD;
&#xD;
2019-11-01 02:38:57 - [MESSAGE][PASSED] - Object: 'Object Repository/Pages/Sale/calender_NextButton' is clicked on&#xD;
&#xD;
2019-11-01 02:38:57 - [MESSAGE][PASSED] - Text of object 'Object Repository/Pages/Sale/link_MonthYear' is: 'November 2137'&#xD;
&#xD;
2019-11-01 02:38:57 - [MESSAGE][PASSED] - Object: 'Object Repository/Pages/Sale/calender_NextButton' is clicked on&#xD;
&#xD;
2019-11-01 02:38:57 - [MESSAGE][PASSED] - Text of object 'Object Repository/Pages/Sale/link_MonthYear' is: 'December 2137'&#xD;
&#xD;
2019-11-01 02:38:57 - [MESSAGE][PASSED] - Object: 'Object Repository/Pages/Sale/calender_NextButton' is clicked on&#xD;
&#xD;
2019-11-01 02:38:57 - [MESSAGE][PASSED] - Text of object 'Object Repository/Pages/Sale/link_MonthYear' is: 'January 2138'&#xD;
&#xD;
2019-11-01 02:38:58 - [MESSAGE][PASSED] - Object: 'Object Repository/Pages/Sale/calender_NextButton' is clicked on&#xD;
&#xD;
2019-11-01 02:38:58 - [MESSAGE][PASSED] - Text of object 'Object Repository/Pages/Sale/link_MonthYear' is: 'February 2138'&#xD;
&#xD;
2019-11-01 02:38:58 - [MESSAGE][PASSED] - Object: 'Object Repository/Pages/Sale/calender_NextButton' is clicked on&#xD;
&#xD;
2019-11-01 02:38:58 - [MESSAGE][PASSED] - Text of object 'Object Repository/Pages/Sale/link_MonthYear' is: 'March 2138'&#xD;
&#xD;
2019-11-01 02:38:58 - [MESSAGE][PASSED] - Object: 'Object Repository/Pages/Sale/calender_NextButton' is clicked on&#xD;
&#xD;
2019-11-01 02:38:58 - [MESSAGE][PASSED] - Text of object 'Object Repository/Pages/Sale/link_MonthYear' is: 'April 2138'&#xD;
&#xD;
2019-11-01 02:38:58 - [MESSAGE][PASSED] - Object: 'Object Repository/Pages/Sale/calender_NextButton' is clicked on&#xD;
&#xD;
2019-11-01 02:38:58 - [MESSAGE][PASSED] - Text of object 'Object Repository/Pages/Sale/link_MonthYear' is: 'May 2138'&#xD;
&#xD;
2019-11-01 02:38:59 - [MESSAGE][PASSED] - Object: 'Object Repository/Pages/Sale/calender_NextButton' is clicked on&#xD;
&#xD;
2019-11-01 02:38:59 - [MESSAGE][PASSED] - Text of object 'Object Repository/Pages/Sale/link_MonthYear' is: 'June 2138'&#xD;
&#xD;
2019-11-01 02:38:59 - [MESSAGE][PASSED] - Object: 'Object Repository/Pages/Sale/calender_NextButton' is clicked on&#xD;
&#xD;
2019-11-01 02:38:59 - [MESSAGE][PASSED] - Text of object 'Object Repository/Pages/Sale/link_MonthYear' is: 'July 2138'&#xD;
&#xD;
2019-11-01 02:38:59 - [MESSAGE][PASSED] - Object: 'Object Repository/Pages/Sale/calender_NextButton' is clicked on&#xD;
&#xD;
2019-11-01 02:38:59 - [MESSAGE][PASSED] - Text of object 'Object Repository/Pages/Sale/link_MonthYear' is: 'August 2138'&#xD;
&#xD;
2019-11-01 02:39:00 - [MESSAGE][PASSED] - Object: 'Object Repository/Pages/Sale/calender_NextButton' is clicked on&#xD;
&#xD;
2019-11-01 02:39:00 - [MESSAGE][PASSED] - Text of object 'Object Repository/Pages/Sale/link_MonthYear' is: 'September 2138'&#xD;
&#xD;
2019-11-01 02:39:00 - [MESSAGE][PASSED] - Object: 'Object Repository/Pages/Sale/calender_NextButton' is clicked on&#xD;
&#xD;
2019-11-01 02:39:00 - [MESSAGE][PASSED] - Text of object 'Object Repository/Pages/Sale/link_MonthYear' is: 'October 2138'&#xD;
&#xD;
2019-11-01 02:39:00 - [MESSAGE][PASSED] - Object: 'Object Repository/Pages/Sale/calender_NextButton' is clicked on&#xD;
&#xD;
2019-11-01 02:39:00 - [MESSAGE][PASSED] - Text of object 'Object Repository/Pages/Sale/link_MonthYear' is: 'November 2138'&#xD;
&#xD;
2019-11-01 02:39:01 - [MESSAGE][PASSED] - Object: 'Object Repository/Pages/Sale/calender_NextButton' is clicked on&#xD;
&#xD;
2019-11-01 02:39:01 - [MESSAGE][PASSED] - Text of object 'Object Repository/Pages/Sale/link_MonthYear' is: 'December 2138'&#xD;
&#xD;
2019-11-01 02:39:01 - [MESSAGE][PASSED] - Object: 'Object Repository/Pages/Sale/calender_NextButton' is clicked on&#xD;
&#xD;
2019-11-01 02:39:01 - [MESSAGE][PASSED] - Text of object 'Object Repository/Pages/Sale/link_MonthYear' is: 'January 2139'&#xD;
&#xD;
2019-11-01 02:39:01 - [MESSAGE][PASSED] - Object: 'Object Repository/Pages/Sale/calender_NextButton' is clicked on&#xD;
&#xD;
2019-11-01 02:39:01 - [MESSAGE][PASSED] - Text of object 'Object Repository/Pages/Sale/link_MonthYear' is: 'February 2139'&#xD;
&#xD;
2019-11-01 02:39:01 - [MESSAGE][PASSED] - Object: 'Object Repository/Pages/Sale/calender_NextButton' is clicked on&#xD;
&#xD;
2019-11-01 02:39:01 - [MESSAGE][PASSED] - Text of object 'Object Repository/Pages/Sale/link_MonthYear' is: 'March 2139'&#xD;
&#xD;
2019-11-01 02:39:02 - [MESSAGE][PASSED] - Object: 'Object Repository/Pages/Sale/calender_NextButton' is clicked on&#xD;
&#xD;
2019-11-01 02:39:02 - [MESSAGE][PASSED] - Text of object 'Object Repository/Pages/Sale/link_MonthYear' is: 'April 2139'&#xD;
&#xD;
2019-11-01 02:39:02 - [MESSAGE][PASSED] - Object: 'Object Repository/Pages/Sale/calender_NextButton' is clicked on&#xD;
&#xD;
2019-11-01 02:39:02 - [MESSAGE][PASSED] - Text of object 'Object Repository/Pages/Sale/link_MonthYear' is: 'May 2139'&#xD;
&#xD;
2019-11-01 02:39:02 - [MESSAGE][PASSED] - Object: 'Object Repository/Pages/Sale/calender_NextButton' is clicked on&#xD;
&#xD;
2019-11-01 02:39:02 - [MESSAGE][PASSED] - Text of object 'Object Repository/Pages/Sale/link_MonthYear' is: 'June 2139'&#xD;
&#xD;
2019-11-01 02:39:03 - [MESSAGE][PASSED] - Object: 'Object Repository/Pages/Sale/calender_NextButton' is clicked on&#xD;
&#xD;
2019-11-01 02:39:03 - [MESSAGE][PASSED] - Text of object 'Object Repository/Pages/Sale/link_MonthYear' is: 'July 2139'&#xD;
&#xD;
2019-11-01 02:39:03 - [MESSAGE][PASSED] - Object: 'Object Repository/Pages/Sale/calender_NextButton' is clicked on&#xD;
&#xD;
2019-11-01 02:39:03 - [MESSAGE][PASSED] - Text of object 'Object Repository/Pages/Sale/link_MonthYear' is: 'August 2139'&#xD;
&#xD;
2019-11-01 02:39:03 - [MESSAGE][PASSED] - Object: 'Object Repository/Pages/Sale/calender_NextButton' is clicked on&#xD;
&#xD;
2019-11-01 02:39:03 - [MESSAGE][PASSED] - Text of object 'Object Repository/Pages/Sale/link_MonthYear' is: 'September 2139'&#xD;
&#xD;
2019-11-01 02:39:04 - [MESSAGE][PASSED] - Object: 'Object Repository/Pages/Sale/calender_NextButton' is clicked on&#xD;
&#xD;
2019-11-01 02:39:04 - [MESSAGE][PASSED] - Text of object 'Object Repository/Pages/Sale/link_MonthYear' is: 'October 2139'&#xD;
&#xD;
2019-11-01 02:39:04 - [MESSAGE][PASSED] - Object: 'Object Repository/Pages/Sale/calender_NextButton' is clicked on&#xD;
&#xD;
2019-11-01 02:39:04 - [MESSAGE][PASSED] - Text of object 'Object Repository/Pages/Sale/link_MonthYear' is: 'November 2139'&#xD;
&#xD;
2019-11-01 02:39:04 - [MESSAGE][PASSED] - Object: 'Object Repository/Pages/Sale/calender_NextButton' is clicked on&#xD;
&#xD;
2019-11-01 02:39:04 - [MESSAGE][PASSED] - Text of object 'Object Repository/Pages/Sale/link_MonthYear' is: 'December 2139'&#xD;
&#xD;
2019-11-01 02:39:05 - [MESSAGE][PASSED] - Object: 'Object Repository/Pages/Sale/calender_NextButton' is clicked on&#xD;
&#xD;
2019-11-01 02:39:05 - [MESSAGE][PASSED] - Text of object 'Object Repository/Pages/Sale/link_MonthYear' is: 'January 2140'&#xD;
&#xD;
2019-11-01 02:39:05 - [MESSAGE][PASSED] - Object: 'Object Repository/Pages/Sale/calender_NextButton' is clicked on&#xD;
&#xD;
2019-11-01 02:39:05 - [MESSAGE][PASSED] - Text of object 'Object Repository/Pages/Sale/link_MonthYear' is: 'February 2140'&#xD;
&#xD;
2019-11-01 02:39:05 - [MESSAGE][PASSED] - Object: 'Object Repository/Pages/Sale/calender_NextButton' is clicked on&#xD;
&#xD;
2019-11-01 02:39:05 - [MESSAGE][PASSED] - Text of object 'Object Repository/Pages/Sale/link_MonthYear' is: 'March 2140'&#xD;
&#xD;
2019-11-01 02:39:05 - [MESSAGE][PASSED] - Object: 'Object Repository/Pages/Sale/calender_NextButton' is clicked on&#xD;
&#xD;
2019-11-01 02:39:05 - [MESSAGE][PASSED] - Text of object 'Object Repository/Pages/Sale/link_MonthYear' is: 'April 2140'&#xD;
&#xD;
2019-11-01 02:39:06 - [MESSAGE][PASSED] - Object: 'Object Repository/Pages/Sale/calender_NextButton' is clicked on&#xD;
&#xD;
2019-11-01 02:39:06 - [MESSAGE][PASSED] - Text of object 'Object Repository/Pages/Sale/link_MonthYear' is: 'May 2140'&#xD;
&#xD;
2019-11-01 02:39:06 - [MESSAGE][PASSED] - Object: 'Object Repository/Pages/Sale/calender_NextButton' is clicked on&#xD;
&#xD;
2019-11-01 02:39:06 - [MESSAGE][PASSED] - Text of object 'Object Repository/Pages/Sale/link_MonthYear' is: 'June 2140'&#xD;
&#xD;
2019-11-01 02:39:06 - [MESSAGE][PASSED] - Object: 'Object Repository/Pages/Sale/calender_NextButton' is clicked on&#xD;
&#xD;
2019-11-01 02:39:06 - [MESSAGE][PASSED] - Text of object 'Object Repository/Pages/Sale/link_MonthYear' is: 'July 2140'&#xD;
&#xD;
2019-11-01 02:39:07 - [MESSAGE][PASSED] - Object: 'Object Repository/Pages/Sale/calender_NextButton' is clicked on&#xD;
&#xD;
2019-11-01 02:39:07 - [MESSAGE][PASSED] - Text of object 'Object Repository/Pages/Sale/link_MonthYear' is: 'August 2140'&#xD;
&#xD;
2019-11-01 02:39:07 - [MESSAGE][PASSED] - Object: 'Object Repository/Pages/Sale/calender_NextButton' is clicked on&#xD;
&#xD;
2019-11-01 02:39:07 - [MESSAGE][PASSED] - Text of object 'Object Repository/Pages/Sale/link_MonthYear' is: 'September 2140'&#xD;
&#xD;
2019-11-01 02:39:07 - [MESSAGE][PASSED] - Object: 'Object Repository/Pages/Sale/calender_NextButton' is clicked on&#xD;
&#xD;
2019-11-01 02:39:07 - [MESSAGE][PASSED] - Text of object 'Object Repository/Pages/Sale/link_MonthYear' is: 'October 2140'&#xD;
&#xD;
2019-11-01 02:39:07 - [MESSAGE][PASSED] - Object: 'Object Repository/Pages/Sale/calender_NextButton' is clicked on&#xD;
&#xD;
2019-11-01 02:39:07 - [MESSAGE][PASSED] - Text of object 'Object Repository/Pages/Sale/link_MonthYear' is: 'November 2140'&#xD;
&#xD;
2019-11-01 02:39:08 - [MESSAGE][PASSED] - Object: 'Object Repository/Pages/Sale/calender_NextButton' is clicked on&#xD;
&#xD;
2019-11-01 02:39:08 - [MESSAGE][PASSED] - Text of object 'Object Repository/Pages/Sale/link_MonthYear' is: 'December 2140'&#xD;
&#xD;
2019-11-01 02:39:08 - [MESSAGE][PASSED] - Object: 'Object Repository/Pages/Sale/calender_NextButton' is clicked on&#xD;
&#xD;
2019-11-01 02:39:08 - [MESSAGE][PASSED] - Text of object 'Object Repository/Pages/Sale/link_MonthYear' is: 'January 2141'&#xD;
&#xD;
2019-11-01 02:39:08 - [MESSAGE][PASSED] - Object: 'Object Repository/Pages/Sale/calender_NextButton' is clicked on&#xD;
&#xD;
2019-11-01 02:39:08 - [MESSAGE][PASSED] - Text of object 'Object Repository/Pages/Sale/link_MonthYear' is: 'February 2141'&#xD;
&#xD;
2019-11-01 02:39:09 - [MESSAGE][PASSED] - Object: 'Object Repository/Pages/Sale/calender_NextButton' is clicked on&#xD;
&#xD;
2019-11-01 02:39:09 - [MESSAGE][PASSED] - Text of object 'Object Repository/Pages/Sale/link_MonthYear' is: 'March 2141'&#xD;
&#xD;
2019-11-01 02:39:09 - [MESSAGE][PASSED] - Object: 'Object Repository/Pages/Sale/calender_NextButton' is clicked on&#xD;
&#xD;
2019-11-01 02:39:09 - [MESSAGE][PASSED] - Text of object 'Object Repository/Pages/Sale/link_MonthYear' is: 'April 2141'&#xD;
&#xD;
2019-11-01 02:39:09 - [MESSAGE][PASSED] - Object: 'Object Repository/Pages/Sale/calender_NextButton' is clicked on&#xD;
&#xD;
2019-11-01 02:39:09 - [MESSAGE][PASSED] - Text of object 'Object Repository/Pages/Sale/link_MonthYear' is: 'May 2141'&#xD;
&#xD;
2019-11-01 02:39:09 - [MESSAGE][PASSED] - Object: 'Object Repository/Pages/Sale/calender_NextButton' is clicked on&#xD;
&#xD;
2019-11-01 02:39:09 - [MESSAGE][PASSED] - Text of object 'Object Repository/Pages/Sale/link_MonthYear' is: 'June 2141'&#xD;
&#xD;
2019-11-01 02:39:10 - [MESSAGE][PASSED] - Object: 'Object Repository/Pages/Sale/calender_NextButton' is clicked on&#xD;
&#xD;
2019-11-01 02:39:10 - [MESSAGE][PASSED] - Text of object 'Object Repository/Pages/Sale/link_MonthYear' is: 'July 2141'&#xD;
&#xD;
2019-11-01 02:39:10 - [MESSAGE][PASSED] - Object: 'Object Repository/Pages/Sale/calender_NextButton' is clicked on&#xD;
&#xD;
2019-11-01 02:39:10 - [MESSAGE][PASSED] - Text of object 'Object Repository/Pages/Sale/link_MonthYear' is: 'August 2141'&#xD;
&#xD;
2019-11-01 02:39:10 - [MESSAGE][PASSED] - Object: 'Object Repository/Pages/Sale/calender_NextButton' is clicked on&#xD;
&#xD;
2019-11-01 02:39:10 - [MESSAGE][PASSED] - Text of object 'Object Repository/Pages/Sale/link_MonthYear' is: 'September 2141'&#xD;
&#xD;
2019-11-01 02:39:11 - [MESSAGE][PASSED] - Object: 'Object Repository/Pages/Sale/calender_NextButton' is clicked on&#xD;
&#xD;
2019-11-01 02:39:11 - [MESSAGE][PASSED] - Text of object 'Object Repository/Pages/Sale/link_MonthYear' is: 'October 2141'&#xD;
&#xD;
2019-11-01 02:39:11 - [MESSAGE][PASSED] - Object: 'Object Repository/Pages/Sale/calender_NextButton' is clicked on&#xD;
&#xD;
2019-11-01 02:39:11 - [MESSAGE][PASSED] - Text of object 'Object Repository/Pages/Sale/link_MonthYear' is: 'November 2141'&#xD;
&#xD;
2019-11-01 02:39:11 - [MESSAGE][PASSED] - Object: 'Object Repository/Pages/Sale/calender_NextButton' is clicked on&#xD;
&#xD;
2019-11-01 02:39:11 - [MESSAGE][PASSED] - Text of object 'Object Repository/Pages/Sale/link_MonthYear' is: 'December 2141'&#xD;
&#xD;
2019-11-01 02:39:11 - [MESSAGE][PASSED] - Object: 'Object Repository/Pages/Sale/calender_NextButton' is clicked on&#xD;
&#xD;
2019-11-01 02:39:12 - [MESSAGE][PASSED] - Text of object 'Object Repository/Pages/Sale/link_MonthYear' is: 'January 2142'&#xD;
&#xD;
2019-11-01 02:39:12 - [MESSAGE][PASSED] - Object: 'Object Repository/Pages/Sale/calender_NextButton' is clicked on&#xD;
&#xD;
2019-11-01 02:39:12 - [MESSAGE][PASSED] - Text of object 'Object Repository/Pages/Sale/link_MonthYear' is: 'February 2142'&#xD;
&#xD;
2019-11-01 02:39:12 - [MESSAGE][PASSED] - Object: 'Object Repository/Pages/Sale/calender_NextButton' is clicked on&#xD;
&#xD;
2019-11-01 02:39:12 - [MESSAGE][PASSED] - Text of object 'Object Repository/Pages/Sale/link_MonthYear' is: 'March 2142'&#xD;
&#xD;
2019-11-01 02:39:12 - [MESSAGE][PASSED] - Object: 'Object Repository/Pages/Sale/calender_NextButton' is clicked on&#xD;
&#xD;
2019-11-01 02:39:12 - [MESSAGE][PASSED] - Text of object 'Object Repository/Pages/Sale/link_MonthYear' is: 'April 2142'&#xD;
&#xD;
2019-11-01 02:39:13 - [MESSAGE][PASSED] - Object: 'Object Repository/Pages/Sale/calender_NextButton' is clicked on&#xD;
&#xD;
2019-11-01 02:39:13 - [MESSAGE][PASSED] - Text of object 'Object Repository/Pages/Sale/link_MonthYear' is: 'May 2142'&#xD;
&#xD;
2019-11-01 02:39:13 - [MESSAGE][PASSED] - Object: 'Object Repository/Pages/Sale/calender_NextButton' is clicked on&#xD;
&#xD;
2019-11-01 02:39:13 - [MESSAGE][PASSED] - Text of object 'Object Repository/Pages/Sale/link_MonthYear' is: 'June 2142'&#xD;
&#xD;
2019-11-01 02:39:13 - [MESSAGE][PASSED] - Object: 'Object Repository/Pages/Sale/calender_NextButton' is clicked on&#xD;
&#xD;
2019-11-01 02:39:13 - [MESSAGE][PASSED] - Text of object 'Object Repository/Pages/Sale/link_MonthYear' is: 'July 2142'&#xD;
&#xD;
2019-11-01 02:39:14 - [MESSAGE][PASSED] - Object: 'Object Repository/Pages/Sale/calender_NextButton' is clicked on&#xD;
&#xD;
2019-11-01 02:39:14 - [MESSAGE][PASSED] - Text of object 'Object Repository/Pages/Sale/link_MonthYear' is: 'August 2142'&#xD;
&#xD;
2019-11-01 02:39:14 - [MESSAGE][PASSED] - Object: 'Object Repository/Pages/Sale/calender_NextButton' is clicked on&#xD;
&#xD;
2019-11-01 02:39:14 - [MESSAGE][PASSED] - Text of object 'Object Repository/Pages/Sale/link_MonthYear' is: 'September 2142'&#xD;
&#xD;
2019-11-01 02:39:14 - [MESSAGE][PASSED] - Object: 'Object Repository/Pages/Sale/calender_NextButton' is clicked on&#xD;
&#xD;
2019-11-01 02:39:14 - [MESSAGE][PASSED] - Text of object 'Object Repository/Pages/Sale/link_MonthYear' is: 'October 2142'&#xD;
&#xD;
2019-11-01 02:39:15 - [MESSAGE][PASSED] - Object: 'Object Repository/Pages/Sale/calender_NextButton' is clicked on&#xD;
&#xD;
2019-11-01 02:39:15 - [MESSAGE][PASSED] - Text of object 'Object Repository/Pages/Sale/link_MonthYear' is: 'November 2142'&#xD;
&#xD;
2019-11-01 02:39:15 - [MESSAGE][PASSED] - Object: 'Object Repository/Pages/Sale/calender_NextButton' is clicked on&#xD;
&#xD;
2019-11-01 02:39:15 - [MESSAGE][PASSED] - Text of object 'Object Repository/Pages/Sale/link_MonthYear' is: 'December 2142'&#xD;
&#xD;
2019-11-01 02:39:15 - [MESSAGE][PASSED] - Object: 'Object Repository/Pages/Sale/calender_NextButton' is clicked on&#xD;
&#xD;
2019-11-01 02:39:15 - [MESSAGE][PASSED] - Text of object 'Object Repository/Pages/Sale/link_MonthYear' is: 'January 2143'&#xD;
&#xD;
2019-11-01 02:39:15 - [MESSAGE][PASSED] - Object: 'Object Repository/Pages/Sale/calender_NextButton' is clicked on&#xD;
&#xD;
2019-11-01 02:39:15 - [MESSAGE][PASSED] - Text of object 'Object Repository/Pages/Sale/link_MonthYear' is: 'February 2143'&#xD;
&#xD;
2019-11-01 02:39:16 - [MESSAGE][PASSED] - Object: 'Object Repository/Pages/Sale/calender_NextButton' is clicked on&#xD;
&#xD;
2019-11-01 02:39:16 - [MESSAGE][PASSED] - Text of object 'Object Repository/Pages/Sale/link_MonthYear' is: 'March 2143'&#xD;
&#xD;
2019-11-01 02:39:16 - [MESSAGE][PASSED] - Object: 'Object Repository/Pages/Sale/calender_NextButton' is clicked on&#xD;
&#xD;
2019-11-01 02:39:16 - [MESSAGE][PASSED] - Text of object 'Object Repository/Pages/Sale/link_MonthYear' is: 'April 2143'&#xD;
&#xD;
2019-11-01 02:39:16 - [MESSAGE][PASSED] - Object: 'Object Repository/Pages/Sale/calender_NextButton' is clicked on&#xD;
&#xD;
2019-11-01 02:39:16 - [MESSAGE][PASSED] - Text of object 'Object Repository/Pages/Sale/link_MonthYear' is: 'May 2143'&#xD;
&#xD;
2019-11-01 02:39:17 - [MESSAGE][PASSED] - Object: 'Object Repository/Pages/Sale/calender_NextButton' is clicked on&#xD;
&#xD;
2019-11-01 02:39:17 - [MESSAGE][PASSED] - Text of object 'Object Repository/Pages/Sale/link_MonthYear' is: 'June 2143'&#xD;
&#xD;
2019-11-01 02:39:17 - [MESSAGE][PASSED] - Object: 'Object Repository/Pages/Sale/calender_NextButton' is clicked on&#xD;
&#xD;
2019-11-01 02:39:17 - [MESSAGE][PASSED] - Text of object 'Object Repository/Pages/Sale/link_MonthYear' is: 'July 2143'&#xD;
&#xD;
2019-11-01 02:39:17 - [MESSAGE][PASSED] - Object: 'Object Repository/Pages/Sale/calender_NextButton' is clicked on&#xD;
&#xD;
2019-11-01 02:39:17 - [MESSAGE][PASSED] - Text of object 'Object Repository/Pages/Sale/link_MonthYear' is: 'August 2143'&#xD;
&#xD;
2019-11-01 02:39:17 - [MESSAGE][PASSED] - Object: 'Object Repository/Pages/Sale/calender_NextButton' is clicked on&#xD;
&#xD;
2019-11-01 02:39:17 - [MESSAGE][PASSED] - Text of object 'Object Repository/Pages/Sale/link_MonthYear' is: 'September 2143'&#xD;
&#xD;
2019-11-01 02:39:18 - [MESSAGE][PASSED] - Object: 'Object Repository/Pages/Sale/calender_NextButton' is clicked on&#xD;
&#xD;
2019-11-01 02:39:18 - [MESSAGE][PASSED] - Text of object 'Object Repository/Pages/Sale/link_MonthYear' is: 'October 2143'&#xD;
&#xD;
2019-11-01 02:39:18 - [MESSAGE][PASSED] - Object: 'Object Repository/Pages/Sale/calender_NextButton' is clicked on&#xD;
&#xD;
2019-11-01 02:39:18 - [MESSAGE][PASSED] - Text of object 'Object Repository/Pages/Sale/link_MonthYear' is: 'November 2143'&#xD;
&#xD;
2019-11-01 02:39:18 - [MESSAGE][PASSED] - Object: 'Object Repository/Pages/Sale/calender_NextButton' is clicked on&#xD;
&#xD;
2019-11-01 02:39:18 - [MESSAGE][PASSED] - Text of object 'Object Repository/Pages/Sale/link_MonthYear' is: 'December 2143'&#xD;
&#xD;
2019-11-01 02:39:19 - [MESSAGE][PASSED] - Object: 'Object Repository/Pages/Sale/calender_NextButton' is clicked on&#xD;
&#xD;
2019-11-01 02:39:19 - [MESSAGE][PASSED] - Text of object 'Object Repository/Pages/Sale/link_MonthYear' is: 'January 2144'&#xD;
&#xD;
2019-11-01 02:39:19 - [MESSAGE][PASSED] - Object: 'Object Repository/Pages/Sale/calender_NextButton' is clicked on&#xD;
&#xD;
2019-11-01 02:39:19 - [MESSAGE][PASSED] - Text of object 'Object Repository/Pages/Sale/link_MonthYear' is: 'February 2144'&#xD;
&#xD;
2019-11-01 02:39:19 - [MESSAGE][PASSED] - Object: 'Object Repository/Pages/Sale/calender_NextButton' is clicked on&#xD;
&#xD;
2019-11-01 02:39:19 - [MESSAGE][PASSED] - Text of object 'Object Repository/Pages/Sale/link_MonthYear' is: 'March 2144'&#xD;
&#xD;
2019-11-01 02:39:19 - [MESSAGE][PASSED] - Object: 'Object Repository/Pages/Sale/calender_NextButton' is clicked on&#xD;
&#xD;
2019-11-01 02:39:19 - [MESSAGE][PASSED] - Text of object 'Object Repository/Pages/Sale/link_MonthYear' is: 'April 2144'&#xD;
&#xD;
2019-11-01 02:39:20 - [MESSAGE][PASSED] - Object: 'Object Repository/Pages/Sale/calender_NextButton' is clicked on&#xD;
&#xD;
2019-11-01 02:39:20 - [MESSAGE][PASSED] - Text of object 'Object Repository/Pages/Sale/link_MonthYear' is: 'May 2144'&#xD;
&#xD;
2019-11-01 02:39:20 - [MESSAGE][PASSED] - Object: 'Object Repository/Pages/Sale/calender_NextButton' is clicked on&#xD;
&#xD;
2019-11-01 02:39:20 - [MESSAGE][PASSED] - Text of object 'Object Repository/Pages/Sale/link_MonthYear' is: 'June 2144'&#xD;
&#xD;
2019-11-01 02:39:20 - [MESSAGE][PASSED] - Object: 'Object Repository/Pages/Sale/calender_NextButton' is clicked on&#xD;
&#xD;
2019-11-01 02:39:20 - [MESSAGE][PASSED] - Text of object 'Object Repository/Pages/Sale/link_MonthYear' is: 'July 2144'&#xD;
&#xD;
2019-11-01 02:39:21 - [MESSAGE][PASSED] - Object: 'Object Repository/Pages/Sale/calender_NextButton' is clicked on&#xD;
&#xD;
2019-11-01 02:39:21 - [MESSAGE][PASSED] - Text of object 'Object Repository/Pages/Sale/link_MonthYear' is: 'August 2144'&#xD;
&#xD;
2019-11-01 02:39:21 - [MESSAGE][PASSED] - Object: 'Object Repository/Pages/Sale/calender_NextButton' is clicked on&#xD;
&#xD;
2019-11-01 02:39:21 - [MESSAGE][PASSED] - Text of object 'Object Repository/Pages/Sale/link_MonthYear' is: 'September 2144'&#xD;
&#xD;
2019-11-01 02:39:21 - [MESSAGE][PASSED] - Object: 'Object Repository/Pages/Sale/calender_NextButton' is clicked on&#xD;
&#xD;
2019-11-01 02:39:21 - [MESSAGE][PASSED] - Text of object 'Object Repository/Pages/Sale/link_MonthYear' is: 'October 2144'&#xD;
&#xD;
2019-11-01 02:39:22 - [MESSAGE][PASSED] - Object: 'Object Repository/Pages/Sale/calender_NextButton' is clicked on&#xD;
&#xD;
2019-11-01 02:39:22 - [MESSAGE][PASSED] - Text of object 'Object Repository/Pages/Sale/link_MonthYear' is: 'November 2144'&#xD;
&#xD;
2019-11-01 02:39:22 - [MESSAGE][PASSED] - Object: 'Object Repository/Pages/Sale/calender_NextButton' is clicked on&#xD;
&#xD;
2019-11-01 02:39:22 - [MESSAGE][PASSED] - Text of object 'Object Repository/Pages/Sale/link_MonthYear' is: 'December 2144'&#xD;
&#xD;
2019-11-01 02:39:22 - [MESSAGE][PASSED] - Object: 'Object Repository/Pages/Sale/calender_NextButton' is clicked on&#xD;
&#xD;
2019-11-01 02:39:22 - [MESSAGE][PASSED] - Text of object 'Object Repository/Pages/Sale/link_MonthYear' is: 'January 2145'&#xD;
&#xD;
2019-11-01 02:39:22 - [MESSAGE][PASSED] - Object: 'Object Repository/Pages/Sale/calender_NextButton' is clicked on&#xD;
&#xD;
2019-11-01 02:39:22 - [MESSAGE][PASSED] - Text of object 'Object Repository/Pages/Sale/link_MonthYear' is: 'February 2145'&#xD;
&#xD;
2019-11-01 02:39:23 - [MESSAGE][PASSED] - Object: 'Object Repository/Pages/Sale/calender_NextButton' is clicked on&#xD;
&#xD;
2019-11-01 02:39:23 - [MESSAGE][PASSED] - Text of object 'Object Repository/Pages/Sale/link_MonthYear' is: 'March 2145'&#xD;
&#xD;
2019-11-01 02:39:23 - [MESSAGE][PASSED] - Object: 'Object Repository/Pages/Sale/calender_NextButton' is clicked on&#xD;
&#xD;
2019-11-01 02:39:23 - [MESSAGE][PASSED] - Text of object 'Object Repository/Pages/Sale/link_MonthYear' is: 'April 2145'&#xD;
&#xD;
2019-11-01 02:39:23 - [MESSAGE][PASSED] - Object: 'Object Repository/Pages/Sale/calender_NextButton' is clicked on&#xD;
&#xD;
2019-11-01 02:39:23 - [MESSAGE][PASSED] - Text of object 'Object Repository/Pages/Sale/link_MonthYear' is: 'May 2145'&#xD;
&#xD;
2019-11-01 02:39:24 - [MESSAGE][PASSED] - Object: 'Object Repository/Pages/Sale/calender_NextButton' is clicked on&#xD;
&#xD;
2019-11-01 02:39:24 - [MESSAGE][PASSED] - Text of object 'Object Repository/Pages/Sale/link_MonthYear' is: 'June 2145'&#xD;
&#xD;
2019-11-01 02:39:24 - [MESSAGE][PASSED] - Object: 'Object Repository/Pages/Sale/calender_NextButton' is clicked on&#xD;
&#xD;
2019-11-01 02:39:24 - [MESSAGE][PASSED] - Text of object 'Object Repository/Pages/Sale/link_MonthYear' is: 'July 2145'&#xD;
&#xD;
2019-11-01 02:39:24 - [MESSAGE][PASSED] - Object: 'Object Repository/Pages/Sale/calender_NextButton' is clicked on&#xD;
&#xD;
2019-11-01 02:39:24 - [MESSAGE][PASSED] - Text of object 'Object Repository/Pages/Sale/link_MonthYear' is: 'August 2145'&#xD;
&#xD;
2019-11-01 02:39:24 - [MESSAGE][PASSED] - Object: 'Object Repository/Pages/Sale/calender_NextButton' is clicked on&#xD;
&#xD;
2019-11-01 02:39:24 - [MESSAGE][PASSED] - Text of object 'Object Repository/Pages/Sale/link_MonthYear' is: 'September 2145'&#xD;
&#xD;
2019-11-01 02:39:25 - [MESSAGE][PASSED] - Object: 'Object Repository/Pages/Sale/calender_NextButton' is clicked on&#xD;
&#xD;
2019-11-01 02:39:25 - [MESSAGE][PASSED] - Text of object 'Object Repository/Pages/Sale/link_MonthYear' is: 'October 2145'&#xD;
&#xD;
2019-11-01 02:39:25 - [MESSAGE][PASSED] - Object: 'Object Repository/Pages/Sale/calender_NextButton' is clicked on&#xD;
&#xD;
2019-11-01 02:39:25 - [MESSAGE][PASSED] - Text of object 'Object Repository/Pages/Sale/link_MonthYear' is: 'November 2145'&#xD;
&#xD;
2019-11-01 02:39:25 - [MESSAGE][PASSED] - Object: 'Object Repository/Pages/Sale/calender_NextButton' is clicked on&#xD;
&#xD;
2019-11-01 02:39:25 - [MESSAGE][PASSED] - Text of object 'Object Repository/Pages/Sale/link_MonthYear' is: 'December 2145'&#xD;
&#xD;
2019-11-01 02:39:26 - [MESSAGE][PASSED] - Object: 'Object Repository/Pages/Sale/calender_NextButton' is clicked on&#xD;
&#xD;
2019-11-01 02:39:26 - [MESSAGE][PASSED] - Text of object 'Object Repository/Pages/Sale/link_MonthYear' is: 'January 2146'&#xD;
&#xD;
2019-11-01 02:39:26 - [MESSAGE][PASSED] - Object: 'Object Repository/Pages/Sale/calender_NextButton' is clicked on&#xD;
&#xD;
2019-11-01 02:39:26 - [MESSAGE][PASSED] - Text of object 'Object Repository/Pages/Sale/link_MonthYear' is: 'February 2146'&#xD;
&#xD;
2019-11-01 02:39:26 - [MESSAGE][PASSED] - Object: 'Object Repository/Pages/Sale/calender_NextButton' is clicked on&#xD;
&#xD;
2019-11-01 02:39:26 - [MESSAGE][PASSED] - Text of object 'Object Repository/Pages/Sale/link_MonthYear' is: 'March 2146'&#xD;
&#xD;
2019-11-01 02:39:26 - [MESSAGE][PASSED] - Object: 'Object Repository/Pages/Sale/calender_NextButton' is clicked on&#xD;
&#xD;
2019-11-01 02:39:26 - [MESSAGE][PASSED] - Text of object 'Object Repository/Pages/Sale/link_MonthYear' is: 'April 2146'&#xD;
&#xD;
2019-11-01 02:39:27 - [MESSAGE][PASSED] - Object: 'Object Repository/Pages/Sale/calender_NextButton' is clicked on&#xD;
&#xD;
2019-11-01 02:39:27 - [MESSAGE][PASSED] - Text of object 'Object Repository/Pages/Sale/link_MonthYear' is: 'May 2146'&#xD;
&#xD;
2019-11-01 02:39:27 - [MESSAGE][PASSED] - Object: 'Object Repository/Pages/Sale/calender_NextButton' is clicked on&#xD;
&#xD;
2019-11-01 02:39:27 - [MESSAGE][PASSED] - Text of object 'Object Repository/Pages/Sale/link_MonthYear' is: 'June 2146'&#xD;
&#xD;
2019-11-01 02:39:27 - [MESSAGE][PASSED] - Object: 'Object Repository/Pages/Sale/calender_NextButton' is clicked on&#xD;
&#xD;
2019-11-01 02:39:27 - [MESSAGE][PASSED] - Text of object 'Object Repository/Pages/Sale/link_MonthYear' is: 'July 2146'&#xD;
&#xD;
2019-11-01 02:39:27 - [MESSAGE][PASSED] - Object: 'Object Repository/Pages/Sale/calender_NextButton' is clicked on&#xD;
&#xD;
2019-11-01 02:39:27 - [MESSAGE][PASSED] - Text of object 'Object Repository/Pages/Sale/link_MonthYear' is: 'August 2146'&#xD;
&#xD;
2019-11-01 02:39:28 - [MESSAGE][PASSED] - Object: 'Object Repository/Pages/Sale/calender_NextButton' is clicked on&#xD;
&#xD;
2019-11-01 02:39:28 - [MESSAGE][PASSED] - Text of object 'Object Repository/Pages/Sale/link_MonthYear' is: 'September 2146'&#xD;
&#xD;
2019-11-01 02:39:28 - [MESSAGE][PASSED] - Object: 'Object Repository/Pages/Sale/calender_NextButton' is clicked on&#xD;
&#xD;
2019-11-01 02:39:28 - [MESSAGE][PASSED] - Text of object 'Object Repository/Pages/Sale/link_MonthYear' is: 'October 2146'&#xD;
&#xD;
2019-11-01 02:39:28 - [MESSAGE][PASSED] - Object: 'Object Repository/Pages/Sale/calender_NextButton' is clicked on&#xD;
&#xD;
2019-11-01 02:39:28 - [MESSAGE][PASSED] - Text of object 'Object Repository/Pages/Sale/link_MonthYear' is: 'November 2146'&#xD;
&#xD;
2019-11-01 02:39:29 - [MESSAGE][PASSED] - Object: 'Object Repository/Pages/Sale/calender_NextButton' is clicked on&#xD;
&#xD;
2019-11-01 02:39:29 - [MESSAGE][PASSED] - Text of object 'Object Repository/Pages/Sale/link_MonthYear' is: 'December 2146'&#xD;
&#xD;
2019-11-01 02:39:29 - [MESSAGE][PASSED] - Object: 'Object Repository/Pages/Sale/calender_NextButton' is clicked on&#xD;
&#xD;
2019-11-01 02:39:29 - [MESSAGE][PASSED] - Text of object 'Object Repository/Pages/Sale/link_MonthYear' is: 'January 2147'&#xD;
&#xD;
2019-11-01 02:39:29 - [MESSAGE][PASSED] - Object: 'Object Repository/Pages/Sale/calender_NextButton' is clicked on&#xD;
&#xD;
2019-11-01 02:39:29 - [MESSAGE][PASSED] - Text of object 'Object Repository/Pages/Sale/link_MonthYear' is: 'February 2147'&#xD;
&#xD;
2019-11-01 02:39:29 - [MESSAGE][PASSED] - Object: 'Object Repository/Pages/Sale/calender_NextButton' is clicked on&#xD;
&#xD;
2019-11-01 02:39:29 - [MESSAGE][PASSED] - Text of object 'Object Repository/Pages/Sale/link_MonthYear' is: 'March 2147'&#xD;
&#xD;
2019-11-01 02:39:30 - [MESSAGE][PASSED] - Object: 'Object Repository/Pages/Sale/calender_NextButton' is clicked on&#xD;
&#xD;
2019-11-01 02:39:30 - [MESSAGE][PASSED] - Text of object 'Object Repository/Pages/Sale/link_MonthYear' is: 'April 2147'&#xD;
&#xD;
2019-11-01 02:39:30 - [MESSAGE][PASSED] - Object: 'Object Repository/Pages/Sale/calender_NextButton' is clicked on&#xD;
&#xD;
2019-11-01 02:39:30 - [MESSAGE][PASSED] - Text of object 'Object Repository/Pages/Sale/link_MonthYear' is: 'May 2147'&#xD;
&#xD;
2019-11-01 02:39:30 - [MESSAGE][PASSED] - Object: 'Object Repository/Pages/Sale/calender_NextButton' is clicked on&#xD;
&#xD;
2019-11-01 02:39:30 - [MESSAGE][PASSED] - Text of object 'Object Repository/Pages/Sale/link_MonthYear' is: 'June 2147'&#xD;
&#xD;
2019-11-01 02:39:30 - [MESSAGE][PASSED] - Object: 'Object Repository/Pages/Sale/calender_NextButton' is clicked on&#xD;
&#xD;
2019-11-01 02:39:30 - [MESSAGE][PASSED] - Text of object 'Object Repository/Pages/Sale/link_MonthYear' is: 'July 2147'&#xD;
&#xD;
2019-11-01 02:39:31 - [MESSAGE][PASSED] - Object: 'Object Repository/Pages/Sale/calender_NextButton' is clicked on&#xD;
&#xD;
2019-11-01 02:39:31 - [MESSAGE][PASSED] - Text of object 'Object Repository/Pages/Sale/link_MonthYear' is: 'August 2147'&#xD;
&#xD;
2019-11-01 02:39:31 - [MESSAGE][PASSED] - Object: 'Object Repository/Pages/Sale/calender_NextButton' is clicked on&#xD;
&#xD;
2019-11-01 02:39:31 - [MESSAGE][PASSED] - Text of object 'Object Repository/Pages/Sale/link_MonthYear' is: 'September 2147'&#xD;
&#xD;
2019-11-01 02:39:31 - [MESSAGE][PASSED] - Object: 'Object Repository/Pages/Sale/calender_NextButton' is clicked on&#xD;
&#xD;
2019-11-01 02:39:31 - [MESSAGE][PASSED] - Text of object 'Object Repository/Pages/Sale/link_MonthYear' is: 'October 2147'&#xD;
&#xD;
2019-11-01 02:39:32 - [MESSAGE][PASSED] - Object: 'Object Repository/Pages/Sale/calender_NextButton' is clicked on&#xD;
&#xD;
2019-11-01 02:39:32 - [MESSAGE][PASSED] - Text of object 'Object Repository/Pages/Sale/link_MonthYear' is: 'November 2147'&#xD;
&#xD;
2019-11-01 02:39:32 - [MESSAGE][PASSED] - Object: 'Object Repository/Pages/Sale/calender_NextButton' is clicked on&#xD;
&#xD;
2019-11-01 02:39:32 - [MESSAGE][PASSED] - Text of object 'Object Repository/Pages/Sale/link_MonthYear' is: 'December 2147'&#xD;
&#xD;
2019-11-01 02:39:32 - [MESSAGE][PASSED] - Object: 'Object Repository/Pages/Sale/calender_NextButton' is clicked on&#xD;
&#xD;
2019-11-01 02:39:32 - [MESSAGE][PASSED] - Text of object 'Object Repository/Pages/Sale/link_MonthYear' is: 'January 2148'&#xD;
&#xD;
2019-11-01 02:39:32 - [MESSAGE][PASSED] - Object: 'Object Repository/Pages/Sale/calender_NextButton' is clicked on&#xD;
&#xD;
2019-11-01 02:39:32 - [MESSAGE][PASSED] - Text of object 'Object Repository/Pages/Sale/link_MonthYear' is: 'February 2148'&#xD;
&#xD;
2019-11-01 02:39:33 - [MESSAGE][PASSED] - Object: 'Object Repository/Pages/Sale/calender_NextButton' is clicked on&#xD;
&#xD;
2019-11-01 02:39:33 - [MESSAGE][PASSED] - Text of object 'Object Repository/Pages/Sale/link_MonthYear' is: 'March 2148'&#xD;
&#xD;
2019-11-01 02:39:33 - [MESSAGE][PASSED] - Object: 'Object Repository/Pages/Sale/calender_NextButton' is clicked on&#xD;
&#xD;
2019-11-01 02:39:33 - [MESSAGE][PASSED] - Text of object 'Object Repository/Pages/Sale/link_MonthYear' is: 'April 2148'&#xD;
&#xD;
2019-11-01 02:39:33 - [MESSAGE][PASSED] - Object: 'Object Repository/Pages/Sale/calender_NextButton' is clicked on&#xD;
&#xD;
2019-11-01 02:39:33 - [MESSAGE][PASSED] - Text of object 'Object Repository/Pages/Sale/link_MonthYear' is: 'May 2148'&#xD;
&#xD;
2019-11-01 02:39:33 - [MESSAGE][PASSED] - Object: 'Object Repository/Pages/Sale/calender_NextButton' is clicked on&#xD;
&#xD;
2019-11-01 02:39:33 - [MESSAGE][PASSED] - Text of object 'Object Repository/Pages/Sale/link_MonthYear' is: 'June 2148'&#xD;
&#xD;
2019-11-01 02:39:34 - [MESSAGE][PASSED] - Object: 'Object Repository/Pages/Sale/calender_NextButton' is clicked on&#xD;
&#xD;
2019-11-01 02:39:34 - [MESSAGE][PASSED] - Text of object 'Object Repository/Pages/Sale/link_MonthYear' is: 'July 2148'&#xD;
&#xD;
2019-11-01 02:39:34 - [MESSAGE][PASSED] - Object: 'Object Repository/Pages/Sale/calender_NextButton' is clicked on&#xD;
&#xD;
2019-11-01 02:39:34 - [MESSAGE][PASSED] - Text of object 'Object Repository/Pages/Sale/link_MonthYear' is: 'August 2148'&#xD;
&#xD;
2019-11-01 02:39:34 - [MESSAGE][PASSED] - Object: 'Object Repository/Pages/Sale/calender_NextButton' is clicked on&#xD;
&#xD;
2019-11-01 02:39:34 - [MESSAGE][PASSED] - Text of object 'Object Repository/Pages/Sale/link_MonthYear' is: 'September 2148'&#xD;
&#xD;
2019-11-01 02:39:35 - [MESSAGE][PASSED] - Object: 'Object Repository/Pages/Sale/calender_NextButton' is clicked on&#xD;
&#xD;
2019-11-01 02:39:35 - [MESSAGE][PASSED] - Text of object 'Object Repository/Pages/Sale/link_MonthYear' is: 'October 2148'&#xD;
&#xD;
2019-11-01 02:39:35 - [MESSAGE][PASSED] - Object: 'Object Repository/Pages/Sale/calender_NextButton' is clicked on&#xD;
&#xD;
2019-11-01 02:39:35 - [MESSAGE][PASSED] - Text of object 'Object Repository/Pages/Sale/link_MonthYear' is: 'November 2148'&#xD;
&#xD;
2019-11-01 02:39:35 - [MESSAGE][PASSED] - Object: 'Object Repository/Pages/Sale/calender_NextButton' is clicked on&#xD;
&#xD;
2019-11-01 02:39:35 - [MESSAGE][PASSED] - Text of object 'Object Repository/Pages/Sale/link_MonthYear' is: 'December 2148'&#xD;
&#xD;
2019-11-01 02:39:36 - [MESSAGE][PASSED] - Object: 'Object Repository/Pages/Sale/calender_NextButton' is clicked on&#xD;
&#xD;
2019-11-01 02:39:36 - [MESSAGE][PASSED] - Text of object 'Object Repository/Pages/Sale/link_MonthYear' is: 'January 2149'&#xD;
&#xD;
2019-11-01 02:39:36 - [MESSAGE][PASSED] - Object: 'Object Repository/Pages/Sale/calender_NextButton' is clicked on&#xD;
&#xD;
2019-11-01 02:39:36 - [MESSAGE][PASSED] - Text of object 'Object Repository/Pages/Sale/link_MonthYear' is: 'February 2149'&#xD;
&#xD;
2019-11-01 02:39:36 - [MESSAGE][PASSED] - Object: 'Object Repository/Pages/Sale/calender_NextButton' is clicked on&#xD;
&#xD;
2019-11-01 02:39:36 - [MESSAGE][PASSED] - Text of object 'Object Repository/Pages/Sale/link_MonthYear' is: 'March 2149'&#xD;
&#xD;
2019-11-01 02:39:37 - [MESSAGE][PASSED] - Object: 'Object Repository/Pages/Sale/calender_NextButton' is clicked on&#xD;
&#xD;
2019-11-01 02:39:37 - [MESSAGE][PASSED] - Text of object 'Object Repository/Pages/Sale/link_MonthYear' is: 'April 2149'&#xD;
&#xD;
2019-11-01 02:39:37 - [MESSAGE][PASSED] - Object: 'Object Repository/Pages/Sale/calender_NextButton' is clicked on&#xD;
&#xD;
2019-11-01 02:39:37 - [MESSAGE][PASSED] - Text of object 'Object Repository/Pages/Sale/link_MonthYear' is: 'May 2149'&#xD;
&#xD;
2019-11-01 02:39:37 - [MESSAGE][PASSED] - Object: 'Object Repository/Pages/Sale/calender_NextButton' is clicked on&#xD;
&#xD;
2019-11-01 02:39:37 - [MESSAGE][PASSED] - Text of object 'Object Repository/Pages/Sale/link_MonthYear' is: 'June 2149'&#xD;
&#xD;
2019-11-01 02:39:37 - [MESSAGE][PASSED] - Object: 'Object Repository/Pages/Sale/calender_NextButton' is clicked on&#xD;
&#xD;
2019-11-01 02:39:37 - [MESSAGE][PASSED] - Text of object 'Object Repository/Pages/Sale/link_MonthYear' is: 'July 2149'&#xD;
&#xD;
2019-11-01 02:39:38 - [MESSAGE][PASSED] - Object: 'Object Repository/Pages/Sale/calender_NextButton' is clicked on&#xD;
&#xD;
2019-11-01 02:39:38 - [MESSAGE][PASSED] - Text of object 'Object Repository/Pages/Sale/link_MonthYear' is: 'August 2149'&#xD;
&#xD;
2019-11-01 02:39:38 - [MESSAGE][PASSED] - Object: 'Object Repository/Pages/Sale/calender_NextButton' is clicked on&#xD;
&#xD;
2019-11-01 02:39:38 - [MESSAGE][PASSED] - Text of object 'Object Repository/Pages/Sale/link_MonthYear' is: 'September 2149'&#xD;
&#xD;
2019-11-01 02:39:38 - [MESSAGE][PASSED] - Object: 'Object Repository/Pages/Sale/calender_NextButton' is clicked on&#xD;
&#xD;
2019-11-01 02:39:38 - [MESSAGE][PASSED] - Text of object 'Object Repository/Pages/Sale/link_MonthYear' is: 'October 2149'&#xD;
&#xD;
2019-11-01 02:39:39 - [MESSAGE][PASSED] - Object: 'Object Repository/Pages/Sale/calender_NextButton' is clicked on&#xD;
&#xD;
2019-11-01 02:39:39 - [MESSAGE][PASSED] - Text of object 'Object Repository/Pages/Sale/link_MonthYear' is: 'November 2149'&#xD;
&#xD;
2019-11-01 02:39:39 - [MESSAGE][PASSED] - Object: 'Object Repository/Pages/Sale/calender_NextButton' is clicked on&#xD;
&#xD;
2019-11-01 02:39:39 - [MESSAGE][PASSED] - Text of object 'Object Repository/Pages/Sale/link_MonthYear' is: 'December 2149'&#xD;
&#xD;
2019-11-01 02:39:39 - [MESSAGE][PASSED] - Object: 'Object Repository/Pages/Sale/calender_NextButton' is clicked on&#xD;
&#xD;
2019-11-01 02:39:39 - [MESSAGE][PASSED] - Text of object 'Object Repository/Pages/Sale/link_MonthYear' is: 'January 2150'&#xD;
&#xD;
2019-11-01 02:39:40 - [MESSAGE][PASSED] - Object: 'Object Repository/Pages/Sale/calender_NextButton' is clicked on&#xD;
&#xD;
2019-11-01 02:39:40 - [MESSAGE][PASSED] - Text of object 'Object Repository/Pages/Sale/link_MonthYear' is: 'February 2150'&#xD;
&#xD;
2019-11-01 02:39:40 - [MESSAGE][PASSED] - Object: 'Object Repository/Pages/Sale/calender_NextButton' is clicked on&#xD;
&#xD;
2019-11-01 02:39:40 - [MESSAGE][PASSED] - Text of object 'Object Repository/Pages/Sale/link_MonthYear' is: 'March 2150'&#xD;
&#xD;
2019-11-01 02:39:40 - [MESSAGE][PASSED] - Object: 'Object Repository/Pages/Sale/calender_NextButton' is clicked on&#xD;
&#xD;
2019-11-01 02:39:40 - [MESSAGE][PASSED] - Text of object 'Object Repository/Pages/Sale/link_MonthYear' is: 'April 2150'&#xD;
&#xD;
2019-11-01 02:39:40 - [MESSAGE][PASSED] - Object: 'Object Repository/Pages/Sale/calender_NextButton' is clicked on&#xD;
&#xD;
2019-11-01 02:39:40 - [MESSAGE][PASSED] - Text of object 'Object Repository/Pages/Sale/link_MonthYear' is: 'May 2150'&#xD;
&#xD;
2019-11-01 02:39:41 - [MESSAGE][PASSED] - Object: 'Object Repository/Pages/Sale/calender_NextButton' is clicked on&#xD;
&#xD;
2019-11-01 02:39:41 - [MESSAGE][PASSED] - Text of object 'Object Repository/Pages/Sale/link_MonthYear' is: 'June 2150'&#xD;
&#xD;
2019-11-01 02:39:41 - [MESSAGE][PASSED] - Object: 'Object Repository/Pages/Sale/calender_NextButton' is clicked on&#xD;
&#xD;
2019-11-01 02:39:41 - [MESSAGE][PASSED] - Text of object 'Object Repository/Pages/Sale/link_MonthYear' is: 'July 2150'&#xD;
&#xD;
2019-11-01 02:39:41 - [MESSAGE][PASSED] - Object: 'Object Repository/Pages/Sale/calender_NextButton' is clicked on&#xD;
&#xD;
2019-11-01 02:39:41 - [MESSAGE][PASSED] - Text of object 'Object Repository/Pages/Sale/link_MonthYear' is: 'August 2150'&#xD;
&#xD;
2019-11-01 02:39:42 - [MESSAGE][PASSED] - Object: 'Object Repository/Pages/Sale/calender_NextButton' is clicked on&#xD;
&#xD;
2019-11-01 02:39:42 - [MESSAGE][PASSED] - Text of object 'Object Repository/Pages/Sale/link_MonthYear' is: 'September 2150'&#xD;
&#xD;
2019-11-01 02:39:42 - [MESSAGE][PASSED] - Object: 'Object Repository/Pages/Sale/calender_NextButton' is clicked on&#xD;
&#xD;
2019-11-01 02:39:42 - [MESSAGE][PASSED] - Text of object 'Object Repository/Pages/Sale/link_MonthYear' is: 'October 2150'&#xD;
&#xD;
2019-11-01 02:39:42 - [MESSAGE][PASSED] - Object: 'Object Repository/Pages/Sale/calender_NextButton' is clicked on&#xD;
&#xD;
2019-11-01 02:39:42 - [MESSAGE][PASSED] - Text of object 'Object Repository/Pages/Sale/link_MonthYear' is: 'November 2150'&#xD;
&#xD;
2019-11-01 02:39:43 - [MESSAGE][PASSED] - Object: 'Object Repository/Pages/Sale/calender_NextButton' is clicked on&#xD;
&#xD;
2019-11-01 02:39:43 - [MESSAGE][PASSED] - Text of object 'Object Repository/Pages/Sale/link_MonthYear' is: 'December 2150'&#xD;
&#xD;
2019-11-01 02:39:43 - [MESSAGE][PASSED] - Object: 'Object Repository/Pages/Sale/calender_NextButton' is clicked on&#xD;
&#xD;
2019-11-01 02:39:43 - [MESSAGE][PASSED] - Text of object 'Object Repository/Pages/Sale/link_MonthYear' is: 'January 2151'&#xD;
&#xD;
2019-11-01 02:39:43 - [MESSAGE][PASSED] - Object: 'Object Repository/Pages/Sale/calender_NextButton' is clicked on&#xD;
&#xD;
2019-11-01 02:39:43 - [MESSAGE][PASSED] - Text of object 'Object Repository/Pages/Sale/link_MonthYear' is: 'February 2151'&#xD;
&#xD;
2019-11-01 02:39:44 - [MESSAGE][PASSED] - Object: 'Object Repository/Pages/Sale/calender_NextButton' is clicked on&#xD;
&#xD;
2019-11-01 02:39:44 - [MESSAGE][PASSED] - Text of object 'Object Repository/Pages/Sale/link_MonthYear' is: 'March 2151'&#xD;
&#xD;
2019-11-01 02:39:44 - [MESSAGE][PASSED] - Object: 'Object Repository/Pages/Sale/calender_NextButton' is clicked on&#xD;
&#xD;
2019-11-01 02:39:44 - [MESSAGE][PASSED] - Text of object 'Object Repository/Pages/Sale/link_MonthYear' is: 'April 2151'&#xD;
&#xD;
2019-11-01 02:39:44 - [MESSAGE][PASSED] - Object: 'Object Repository/Pages/Sale/calender_NextButton' is clicked on&#xD;
&#xD;
2019-11-01 02:39:44 - [MESSAGE][PASSED] - Text of object 'Object Repository/Pages/Sale/link_MonthYear' is: 'May 2151'&#xD;
&#xD;
2019-11-01 02:39:44 - [MESSAGE][PASSED] - Object: 'Object Repository/Pages/Sale/calender_NextButton' is clicked on&#xD;
&#xD;
2019-11-01 02:39:44 - [MESSAGE][PASSED] - Text of object 'Object Repository/Pages/Sale/link_MonthYear' is: 'June 2151'&#xD;
&#xD;
2019-11-01 02:39:45 - [MESSAGE][PASSED] - Object: 'Object Repository/Pages/Sale/calender_NextButton' is clicked on&#xD;
&#xD;
2019-11-01 02:39:45 - [MESSAGE][PASSED] - Text of object 'Object Repository/Pages/Sale/link_MonthYear' is: 'July 2151'&#xD;
&#xD;
2019-11-01 02:39:45 - [MESSAGE][PASSED] - Object: 'Object Repository/Pages/Sale/calender_NextButton' is clicked on&#xD;
&#xD;
2019-11-01 02:39:45 - [MESSAGE][PASSED] - Text of object 'Object Repository/Pages/Sale/link_MonthYear' is: 'August 2151'&#xD;
&#xD;
2019-11-01 02:39:45 - [MESSAGE][PASSED] - Object: 'Object Repository/Pages/Sale/calender_NextButton' is clicked on&#xD;
&#xD;
2019-11-01 02:39:45 - [MESSAGE][PASSED] - Text of object 'Object Repository/Pages/Sale/link_MonthYear' is: 'September 2151'&#xD;
&#xD;
2019-11-01 02:39:46 - [MESSAGE][PASSED] - Object: 'Object Repository/Pages/Sale/calender_NextButton' is clicked on&#xD;
&#xD;
2019-11-01 02:39:46 - [MESSAGE][PASSED] - Text of object 'Object Repository/Pages/Sale/link_MonthYear' is: 'October 2151'&#xD;
&#xD;
2019-11-01 02:39:46 - [MESSAGE][PASSED] - Object: 'Object Repository/Pages/Sale/calender_NextButton' is clicked on&#xD;
&#xD;
2019-11-01 02:39:46 - [MESSAGE][PASSED] - Text of object 'Object Repository/Pages/Sale/link_MonthYear' is: 'November 2151'&#xD;
&#xD;
2019-11-01 02:39:46 - [MESSAGE][PASSED] - Object: 'Object Repository/Pages/Sale/calender_NextButton' is clicked on&#xD;
&#xD;
2019-11-01 02:39:46 - [MESSAGE][PASSED] - Text of object 'Object Repository/Pages/Sale/link_MonthYear' is: 'December 2151'&#xD;
&#xD;
2019-11-01 02:39:46 - [MESSAGE][PASSED] - Object: 'Object Repository/Pages/Sale/calender_NextButton' is clicked on&#xD;
&#xD;
2019-11-01 02:39:46 - [MESSAGE][PASSED] - Text of object 'Object Repository/Pages/Sale/link_MonthYear' is: 'January 2152'&#xD;
&#xD;
2019-11-01 02:39:47 - [MESSAGE][PASSED] - Object: 'Object Repository/Pages/Sale/calender_NextButton' is clicked on&#xD;
&#xD;
2019-11-01 02:39:47 - [MESSAGE][PASSED] - Text of object 'Object Repository/Pages/Sale/link_MonthYear' is: 'February 2152'&#xD;
&#xD;
2019-11-01 02:39:47 - [MESSAGE][PASSED] - Object: 'Object Repository/Pages/Sale/calender_NextButton' is clicked on&#xD;
&#xD;
2019-11-01 02:39:47 - [MESSAGE][PASSED] - Text of object 'Object Repository/Pages/Sale/link_MonthYear' is: 'March 2152'&#xD;
&#xD;
2019-11-01 02:39:47 - [MESSAGE][PASSED] - Object: 'Object Repository/Pages/Sale/calender_NextButton' is clicked on&#xD;
&#xD;
2019-11-01 02:39:47 - [MESSAGE][PASSED] - Text of object 'Object Repository/Pages/Sale/link_MonthYear' is: 'April 2152'&#xD;
&#xD;
2019-11-01 02:39:48 - [MESSAGE][PASSED] - Object: 'Object Repository/Pages/Sale/calender_NextButton' is clicked on&#xD;
&#xD;
2019-11-01 02:39:48 - [MESSAGE][PASSED] - Text of object 'Object Repository/Pages/Sale/link_MonthYear' is: 'May 2152'&#xD;
&#xD;
2019-11-01 02:39:48 - [MESSAGE][PASSED] - Object: 'Object Repository/Pages/Sale/calender_NextButton' is clicked on&#xD;
&#xD;
2019-11-01 02:39:48 - [MESSAGE][PASSED] - Text of object 'Object Repository/Pages/Sale/link_MonthYear' is: 'June 2152'&#xD;
&#xD;
2019-11-01 02:39:48 - [MESSAGE][PASSED] - Object: 'Object Repository/Pages/Sale/calender_NextButton' is clicked on&#xD;
&#xD;
2019-11-01 02:39:48 - [MESSAGE][PASSED] - Text of object 'Object Repository/Pages/Sale/link_MonthYear' is: 'July 2152'&#xD;
&#xD;
2019-11-01 02:39:49 - [MESSAGE][PASSED] - Object: 'Object Repository/Pages/Sale/calender_NextButton' is clicked on&#xD;
&#xD;
2019-11-01 02:39:49 - [MESSAGE][PASSED] - Text of object 'Object Repository/Pages/Sale/link_MonthYear' is: 'August 2152'&#xD;
&#xD;
2019-11-01 02:39:49 - [MESSAGE][PASSED] - Object: 'Object Repository/Pages/Sale/calender_NextButton' is clicked on&#xD;
&#xD;
2019-11-01 02:39:49 - [MESSAGE][PASSED] - Text of object 'Object Repository/Pages/Sale/link_MonthYear' is: 'September 2152'&#xD;
&#xD;
2019-11-01 02:39:49 - [MESSAGE][PASSED] - Object: 'Object Repository/Pages/Sale/calender_NextButton' is clicked on&#xD;
&#xD;
2019-11-01 02:39:49 - [MESSAGE][PASSED] - Text of object 'Object Repository/Pages/Sale/link_MonthYear' is: 'October 2152'&#xD;
&#xD;
2019-11-01 02:39:49 - [MESSAGE][PASSED] - Object: 'Object Repository/Pages/Sale/calender_NextButton' is clicked on&#xD;
&#xD;
2019-11-01 02:39:49 - [MESSAGE][PASSED] - Text of object 'Object Repository/Pages/Sale/link_MonthYear' is: 'November 2152'&#xD;
&#xD;
2019-11-01 02:39:50 - [MESSAGE][PASSED] - Object: 'Object Repository/Pages/Sale/calender_NextButton' is clicked on&#xD;
&#xD;
2019-11-01 02:39:50 - [MESSAGE][PASSED] - Text of object 'Object Repository/Pages/Sale/link_MonthYear' is: 'December 2152'&#xD;
&#xD;
2019-11-01 02:39:50 - [MESSAGE][PASSED] - Object: 'Object Repository/Pages/Sale/calender_NextButton' is clicked on&#xD;
&#xD;
2019-11-01 02:39:50 - [MESSAGE][PASSED] - Text of object 'Object Repository/Pages/Sale/link_MonthYear' is: 'January 2153'&#xD;
&#xD;
2019-11-01 02:39:50 - [MESSAGE][PASSED] - Object: 'Object Repository/Pages/Sale/calender_NextButton' is clicked on&#xD;
&#xD;
2019-11-01 02:39:50 - [MESSAGE][PASSED] - Text of object 'Object Repository/Pages/Sale/link_MonthYear' is: 'February 2153'&#xD;
&#xD;
2019-11-01 02:39:51 - [MESSAGE][PASSED] - Object: 'Object Repository/Pages/Sale/calender_NextButton' is clicked on&#xD;
&#xD;
2019-11-01 02:39:51 - [MESSAGE][PASSED] - Text of object 'Object Repository/Pages/Sale/link_MonthYear' is: 'March 2153'&#xD;
&#xD;
2019-11-01 02:39:51 - [MESSAGE][PASSED] - Object: 'Object Repository/Pages/Sale/calender_NextButton' is clicked on&#xD;
&#xD;
2019-11-01 02:39:51 - [MESSAGE][PASSED] - Text of object 'Object Repository/Pages/Sale/link_MonthYear' is: 'April 2153'&#xD;
&#xD;
2019-11-01 02:39:51 - [MESSAGE][PASSED] - Object: 'Object Repository/Pages/Sale/calender_NextButton' is clicked on&#xD;
&#xD;
2019-11-01 02:39:51 - [MESSAGE][PASSED] - Text of object 'Object Repository/Pages/Sale/link_MonthYear' is: 'May 2153'&#xD;
&#xD;
2019-11-01 02:39:52 - [MESSAGE][PASSED] - Object: 'Object Repository/Pages/Sale/calender_NextButton' is clicked on&#xD;
&#xD;
2019-11-01 02:39:52 - [MESSAGE][PASSED] - Text of object 'Object Repository/Pages/Sale/link_MonthYear' is: 'June 2153'&#xD;
&#xD;
2019-11-01 02:39:52 - [MESSAGE][PASSED] - Object: 'Object Repository/Pages/Sale/calender_NextButton' is clicked on&#xD;
&#xD;
2019-11-01 02:39:52 - [MESSAGE][PASSED] - Text of object 'Object Repository/Pages/Sale/link_MonthYear' is: 'July 2153'&#xD;
&#xD;
2019-11-01 02:39:52 - [MESSAGE][PASSED] - Object: 'Object Repository/Pages/Sale/calender_NextButton' is clicked on&#xD;
&#xD;
2019-11-01 02:39:52 - [MESSAGE][PASSED] - Text of object 'Object Repository/Pages/Sale/link_MonthYear' is: 'August 2153'&#xD;
&#xD;
2019-11-01 02:39:53 - [MESSAGE][PASSED] - Object: 'Object Repository/Pages/Sale/calender_NextButton' is clicked on&#xD;
&#xD;
2019-11-01 02:39:53 - [MESSAGE][PASSED] - Text of object 'Object Repository/Pages/Sale/link_MonthYear' is: 'September 2153'&#xD;
&#xD;
2019-11-01 02:39:53 - [MESSAGE][PASSED] - Object: 'Object Repository/Pages/Sale/calender_NextButton' is clicked on&#xD;
&#xD;
2019-11-01 02:39:53 - [MESSAGE][PASSED] - Text of object 'Object Repository/Pages/Sale/link_MonthYear' is: 'October 2153'&#xD;
&#xD;
2019-11-01 02:39:53 - [MESSAGE][PASSED] - Object: 'Object Repository/Pages/Sale/calender_NextButton' is clicked on&#xD;
&#xD;
2019-11-01 02:39:53 - [MESSAGE][PASSED] - Text of object 'Object Repository/Pages/Sale/link_MonthYear' is: 'November 2153'&#xD;
&#xD;
2019-11-01 02:39:54 - [MESSAGE][PASSED] - Object: 'Object Repository/Pages/Sale/calender_NextButton' is clicked on&#xD;
&#xD;
2019-11-01 02:39:54 - [MESSAGE][PASSED] - Text of object 'Object Repository/Pages/Sale/link_MonthYear' is: 'December 2153'&#xD;
&#xD;
2019-11-01 02:39:54 - [MESSAGE][PASSED] - Object: 'Object Repository/Pages/Sale/calender_NextButton' is clicked on&#xD;
&#xD;
2019-11-01 02:39:54 - [MESSAGE][PASSED] - Text of object 'Object Repository/Pages/Sale/link_MonthYear' is: 'January 2154'&#xD;
&#xD;
2019-11-01 02:39:54 - [MESSAGE][PASSED] - Object: 'Object Repository/Pages/Sale/calender_NextButton' is clicked on&#xD;
&#xD;
2019-11-01 02:39:54 - [MESSAGE][PASSED] - Text of object 'Object Repository/Pages/Sale/link_MonthYear' is: 'February 2154'&#xD;
&#xD;
2019-11-01 02:39:54 - [MESSAGE][PASSED] - Object: 'Object Repository/Pages/Sale/calender_NextButton' is clicked on&#xD;
&#xD;
2019-11-01 02:39:55 - [MESSAGE][PASSED] - Text of object 'Object Repository/Pages/Sale/link_MonthYear' is: 'March 2154'&#xD;
&#xD;
2019-11-01 02:39:55 - [MESSAGE][PASSED] - Object: 'Object Repository/Pages/Sale/calender_NextButton' is clicked on&#xD;
&#xD;
2019-11-01 02:39:55 - [MESSAGE][PASSED] - Text of object 'Object Repository/Pages/Sale/link_MonthYear' is: 'April 2154'&#xD;
&#xD;
2019-11-01 02:39:55 - [MESSAGE][PASSED] - Object: 'Object Repository/Pages/Sale/calender_NextButton' is clicked on&#xD;
&#xD;
2019-11-01 02:39:55 - [MESSAGE][PASSED] - Text of object 'Object Repository/Pages/Sale/link_MonthYear' is: 'May 2154'&#xD;
&#xD;
2019-11-01 02:39:55 - [MESSAGE][PASSED] - Object: 'Object Repository/Pages/Sale/calender_NextButton' is clicked on&#xD;
&#xD;
2019-11-01 02:39:55 - [MESSAGE][PASSED] - Text of object 'Object Repository/Pages/Sale/link_MonthYear' is: 'June 2154'&#xD;
&#xD;
2019-11-01 02:39:56 - [MESSAGE][PASSED] - Object: 'Object Repository/Pages/Sale/calender_NextButton' is clicked on&#xD;
&#xD;
2019-11-01 02:39:56 - [MESSAGE][PASSED] - Text of object 'Object Repository/Pages/Sale/link_MonthYear' is: 'July 2154'&#xD;
&#xD;
2019-11-01 02:39:56 - [MESSAGE][PASSED] - Object: 'Object Repository/Pages/Sale/calender_NextButton' is clicked on&#xD;
&#xD;
2019-11-01 02:39:56 - [MESSAGE][PASSED] - Text of object 'Object Repository/Pages/Sale/link_MonthYear' is: 'August 2154'&#xD;
&#xD;
2019-11-01 02:39:56 - [MESSAGE][PASSED] - Object: 'Object Repository/Pages/Sale/calender_NextButton' is clicked on&#xD;
&#xD;
2019-11-01 02:39:56 - [MESSAGE][PASSED] - Text of object 'Object Repository/Pages/Sale/link_MonthYear' is: 'September 2154'&#xD;
&#xD;
2019-11-01 02:39:57 - [MESSAGE][PASSED] - Object: 'Object Repository/Pages/Sale/calender_NextButton' is clicked on&#xD;
&#xD;
2019-11-01 02:39:57 - [MESSAGE][PASSED] - Text of object 'Object Repository/Pages/Sale/link_MonthYear' is: 'October 2154'&#xD;
&#xD;
2019-11-01 02:39:57 - [MESSAGE][PASSED] - Object: 'Object Repository/Pages/Sale/calender_NextButton' is clicked on&#xD;
&#xD;
2019-11-01 02:39:57 - [MESSAGE][PASSED] - Text of object 'Object Repository/Pages/Sale/link_MonthYear' is: 'November 2154'&#xD;
&#xD;
2019-11-01 02:39:57 - [MESSAGE][PASSED] - Object: 'Object Repository/Pages/Sale/calender_NextButton' is clicked on&#xD;
&#xD;
2019-11-01 02:39:57 - [MESSAGE][PASSED] - Text of object 'Object Repository/Pages/Sale/link_MonthYear' is: 'December 2154'&#xD;
&#xD;
2019-11-01 02:39:57 - [MESSAGE][PASSED] - Object: 'Object Repository/Pages/Sale/calender_NextButton' is clicked on&#xD;
&#xD;
2019-11-01 02:39:58 - [MESSAGE][PASSED] - Text of object 'Object Repository/Pages/Sale/link_MonthYear' is: 'January 2155'&#xD;
&#xD;
2019-11-01 02:39:58 - [MESSAGE][PASSED] - Object: 'Object Repository/Pages/Sale/calender_NextButton' is clicked on&#xD;
&#xD;
2019-11-01 02:39:58 - [MESSAGE][PASSED] - Text of object 'Object Repository/Pages/Sale/link_MonthYear' is: 'February 2155'&#xD;
&#xD;
2019-11-01 02:39:58 - [MESSAGE][PASSED] - Object: 'Object Repository/Pages/Sale/calender_NextButton' is clicked on&#xD;
&#xD;
2019-11-01 02:39:58 - [MESSAGE][PASSED] - Text of object 'Object Repository/Pages/Sale/link_MonthYear' is: 'March 2155'&#xD;
&#xD;
2019-11-01 02:39:58 - [MESSAGE][PASSED] - Object: 'Object Repository/Pages/Sale/calender_NextButton' is clicked on&#xD;
&#xD;
2019-11-01 02:39:58 - [MESSAGE][PASSED] - Text of object 'Object Repository/Pages/Sale/link_MonthYear' is: 'April 2155'&#xD;
&#xD;
2019-11-01 02:39:59 - [MESSAGE][PASSED] - Object: 'Object Repository/Pages/Sale/calender_NextButton' is clicked on&#xD;
&#xD;
2019-11-01 02:39:59 - [MESSAGE][PASSED] - Text of object 'Object Repository/Pages/Sale/link_MonthYear' is: 'May 2155'&#xD;
&#xD;
2019-11-01 02:39:59 - [MESSAGE][PASSED] - Object: 'Object Repository/Pages/Sale/calender_NextButton' is clicked on&#xD;
&#xD;
2019-11-01 02:39:59 - [MESSAGE][PASSED] - Text of object 'Object Repository/Pages/Sale/link_MonthYear' is: 'June 2155'&#xD;
&#xD;
2019-11-01 02:39:59 - [MESSAGE][PASSED] - Object: 'Object Repository/Pages/Sale/calender_NextButton' is clicked on&#xD;
&#xD;
2019-11-01 02:39:59 - [MESSAGE][PASSED] - Text of object 'Object Repository/Pages/Sale/link_MonthYear' is: 'July 2155'&#xD;
&#xD;
2019-11-01 02:40:00 - [MESSAGE][PASSED] - Object: 'Object Repository/Pages/Sale/calender_NextButton' is clicked on&#xD;
&#xD;
2019-11-01 02:40:00 - [MESSAGE][PASSED] - Text of object 'Object Repository/Pages/Sale/link_MonthYear' is: 'August 2155'&#xD;
&#xD;
2019-11-01 02:40:00 - [MESSAGE][PASSED] - Object: 'Object Repository/Pages/Sale/calender_NextButton' is clicked on&#xD;
&#xD;
2019-11-01 02:40:00 - [MESSAGE][PASSED] - Text of object 'Object Repository/Pages/Sale/link_MonthYear' is: 'September 2155'&#xD;
&#xD;
2019-11-01 02:40:00 - [MESSAGE][PASSED] - Object: 'Object Repository/Pages/Sale/calender_NextButton' is clicked on&#xD;
&#xD;
2019-11-01 02:40:00 - [MESSAGE][PASSED] - Text of object 'Object Repository/Pages/Sale/link_MonthYear' is: 'October 2155'&#xD;
&#xD;
2019-11-01 02:40:00 - [MESSAGE][PASSED] - Object: 'Object Repository/Pages/Sale/calender_NextButton' is clicked on&#xD;
&#xD;
2019-11-01 02:40:01 - [MESSAGE][PASSED] - Text of object 'Object Repository/Pages/Sale/link_MonthYear' is: 'November 2155'&#xD;
&#xD;
2019-11-01 02:40:01 - [MESSAGE][PASSED] - Object: 'Object Repository/Pages/Sale/calender_NextButton' is clicked on&#xD;
&#xD;
2019-11-01 02:40:01 - [MESSAGE][PASSED] - Text of object 'Object Repository/Pages/Sale/link_MonthYear' is: 'December 2155'&#xD;
&#xD;
2019-11-01 02:40:01 - [MESSAGE][PASSED] - Object: 'Object Repository/Pages/Sale/calender_NextButton' is clicked on&#xD;
&#xD;
2019-11-01 02:40:01 - [MESSAGE][PASSED] - Text of object 'Object Repository/Pages/Sale/link_MonthYear' is: 'January 2156'&#xD;
&#xD;
2019-11-01 02:40:01 - [MESSAGE][PASSED] - Object: 'Object Repository/Pages/Sale/calender_NextButton' is clicked on&#xD;
&#xD;
2019-11-01 02:40:01 - [MESSAGE][PASSED] - Text of object 'Object Repository/Pages/Sale/link_MonthYear' is: 'February 2156'&#xD;
&#xD;
2019-11-01 02:40:02 - [MESSAGE][PASSED] - Object: 'Object Repository/Pages/Sale/calender_NextButton' is clicked on&#xD;
&#xD;
2019-11-01 02:40:02 - [MESSAGE][PASSED] - Text of object 'Object Repository/Pages/Sale/link_MonthYear' is: 'March 2156'&#xD;
&#xD;
2019-11-01 02:40:02 - [MESSAGE][PASSED] - Object: 'Object Repository/Pages/Sale/calender_NextButton' is clicked on&#xD;
&#xD;
2019-11-01 02:40:02 - [MESSAGE][PASSED] - Text of object 'Object Repository/Pages/Sale/link_MonthYear' is: 'April 2156'&#xD;
&#xD;
2019-11-01 02:40:02 - [MESSAGE][PASSED] - Object: 'Object Repository/Pages/Sale/calender_NextButton' is clicked on&#xD;
&#xD;
2019-11-01 02:40:02 - [MESSAGE][PASSED] - Text of object 'Object Repository/Pages/Sale/link_MonthYear' is: 'May 2156'&#xD;
&#xD;
2019-11-01 02:40:03 - [MESSAGE][PASSED] - Object: 'Object Repository/Pages/Sale/calender_NextButton' is clicked on&#xD;
&#xD;
2019-11-01 02:40:03 - [MESSAGE][PASSED] - Text of object 'Object Repository/Pages/Sale/link_MonthYear' is: 'June 2156'&#xD;
&#xD;
2019-11-01 02:40:03 - [MESSAGE][PASSED] - Object: 'Object Repository/Pages/Sale/calender_NextButton' is clicked on&#xD;
&#xD;
2019-11-01 02:40:03 - [MESSAGE][PASSED] - Text of object 'Object Repository/Pages/Sale/link_MonthYear' is: 'July 2156'&#xD;
&#xD;
2019-11-01 02:40:03 - [MESSAGE][PASSED] - Object: 'Object Repository/Pages/Sale/calender_NextButton' is clicked on&#xD;
&#xD;
2019-11-01 02:40:03 - [MESSAGE][PASSED] - Text of object 'Object Repository/Pages/Sale/link_MonthYear' is: 'August 2156'&#xD;
&#xD;
2019-11-01 02:40:03 - [MESSAGE][PASSED] - Object: 'Object Repository/Pages/Sale/calender_NextButton' is clicked on&#xD;
&#xD;
2019-11-01 02:40:04 - [MESSAGE][PASSED] - Text of object 'Object Repository/Pages/Sale/link_MonthYear' is: 'September 2156'&#xD;
&#xD;
2019-11-01 02:40:04 - [MESSAGE][PASSED] - Object: 'Object Repository/Pages/Sale/calender_NextButton' is clicked on&#xD;
&#xD;
2019-11-01 02:40:04 - [MESSAGE][PASSED] - Text of object 'Object Repository/Pages/Sale/link_MonthYear' is: 'October 2156'&#xD;
&#xD;
2019-11-01 02:40:04 - [MESSAGE][PASSED] - Object: 'Object Repository/Pages/Sale/calender_NextButton' is clicked on&#xD;
&#xD;
2019-11-01 02:40:04 - [MESSAGE][PASSED] - Text of object 'Object Repository/Pages/Sale/link_MonthYear' is: 'November 2156'&#xD;
&#xD;
2019-11-01 02:40:05 - [MESSAGE][PASSED] - Object: 'Object Repository/Pages/Sale/calender_NextButton' is clicked on&#xD;
&#xD;
2019-11-01 02:40:05 - [MESSAGE][PASSED] - Text of object 'Object Repository/Pages/Sale/link_MonthYear' is: 'December 2156'&#xD;
&#xD;
2019-11-01 02:40:05 - [MESSAGE][PASSED] - Object: 'Object Repository/Pages/Sale/calender_NextButton' is clicked on&#xD;
&#xD;
2019-11-01 02:40:05 - [MESSAGE][PASSED] - Text of object 'Object Repository/Pages/Sale/link_MonthYear' is: 'January 2157'&#xD;
&#xD;
2019-11-01 02:40:05 - [MESSAGE][PASSED] - Object: 'Object Repository/Pages/Sale/calender_NextButton' is clicked on&#xD;
&#xD;
2019-11-01 02:40:05 - [MESSAGE][PASSED] - Text of object 'Object Repository/Pages/Sale/link_MonthYear' is: 'February 2157'&#xD;
&#xD;
2019-11-01 02:40:06 - [MESSAGE][PASSED] - Object: 'Object Repository/Pages/Sale/calender_NextButton' is clicked on&#xD;
&#xD;
2019-11-01 02:40:06 - [MESSAGE][PASSED] - Text of object 'Object Repository/Pages/Sale/link_MonthYear' is: 'March 2157'&#xD;
&#xD;
2019-11-01 02:40:06 - [MESSAGE][PASSED] - Object: 'Object Repository/Pages/Sale/calender_NextButton' is clicked on&#xD;
&#xD;
2019-11-01 02:40:06 - [MESSAGE][PASSED] - Text of object 'Object Repository/Pages/Sale/link_MonthYear' is: 'April 2157'&#xD;
&#xD;
2019-11-01 02:40:06 - [MESSAGE][PASSED] - Object: 'Object Repository/Pages/Sale/calender_NextButton' is clicked on&#xD;
&#xD;
2019-11-01 02:40:07 - [MESSAGE][PASSED] - Text of object 'Object Repository/Pages/Sale/link_MonthYear' is: 'May 2157'&#xD;
&#xD;
2019-11-01 02:40:07 - [MESSAGE][PASSED] - Object: 'Object Repository/Pages/Sale/calender_NextButton' is clicked on&#xD;
&#xD;
2019-11-01 02:40:07 - [MESSAGE][PASSED] - Text of object 'Object Repository/Pages/Sale/link_MonthYear' is: 'June 2157'&#xD;
&#xD;
2019-11-01 02:40:07 - [MESSAGE][PASSED] - Object: 'Object Repository/Pages/Sale/calender_NextButton' is clicked on&#xD;
&#xD;
2019-11-01 02:40:07 - [MESSAGE][PASSED] - Text of object 'Object Repository/Pages/Sale/link_MonthYear' is: 'July 2157'&#xD;
&#xD;
2019-11-01 02:40:07 - [MESSAGE][PASSED] - Object: 'Object Repository/Pages/Sale/calender_NextButton' is clicked on&#xD;
&#xD;
2019-11-01 02:40:07 - [MESSAGE][PASSED] - Text of object 'Object Repository/Pages/Sale/link_MonthYear' is: 'August 2157'&#xD;
&#xD;
2019-11-01 02:40:08 - [MESSAGE][PASSED] - Object: 'Object Repository/Pages/Sale/calender_NextButton' is clicked on&#xD;
&#xD;
2019-11-01 02:40:08 - [MESSAGE][PASSED] - Text of object 'Object Repository/Pages/Sale/link_MonthYear' is: 'September 2157'&#xD;
&#xD;
2019-11-01 02:40:08 - [MESSAGE][PASSED] - Object: 'Object Repository/Pages/Sale/calender_NextButton' is clicked on&#xD;
&#xD;
2019-11-01 02:40:08 - [MESSAGE][PASSED] - Text of object 'Object Repository/Pages/Sale/link_MonthYear' is: 'October 2157'&#xD;
&#xD;
2019-11-01 02:40:08 - [MESSAGE][PASSED] - Object: 'Object Repository/Pages/Sale/calender_NextButton' is clicked on&#xD;
&#xD;
2019-11-01 02:40:08 - [MESSAGE][PASSED] - Text of object 'Object Repository/Pages/Sale/link_MonthYear' is: 'November 2157'&#xD;
&#xD;
2019-11-01 02:40:09 - [MESSAGE][PASSED] - Object: 'Object Repository/Pages/Sale/calender_NextButton' is clicked on&#xD;
&#xD;
2019-11-01 02:40:09 - [MESSAGE][PASSED] - Text of object 'Object Repository/Pages/Sale/link_MonthYear' is: 'December 2157'&#xD;
&#xD;
2019-11-01 02:40:09 - [MESSAGE][PASSED] - Object: 'Object Repository/Pages/Sale/calender_NextButton' is clicked on&#xD;
&#xD;
2019-11-01 02:40:09 - [MESSAGE][PASSED] - Text of object 'Object Repository/Pages/Sale/link_MonthYear' is: 'January 2158'&#xD;
&#xD;
2019-11-01 02:40:09 - [MESSAGE][PASSED] - Object: 'Object Repository/Pages/Sale/calender_NextButton' is clicked on&#xD;
&#xD;
2019-11-01 02:40:09 - [MESSAGE][PASSED] - Text of object 'Object Repository/Pages/Sale/link_MonthYear' is: 'February 2158'&#xD;
&#xD;
2019-11-01 02:40:10 - [MESSAGE][PASSED] - Object: 'Object Repository/Pages/Sale/calender_NextButton' is clicked on&#xD;
&#xD;
2019-11-01 02:40:10 - [MESSAGE][PASSED] - Text of object 'Object Repository/Pages/Sale/link_MonthYear' is: 'March 2158'&#xD;
&#xD;
2019-11-01 02:40:10 - [MESSAGE][PASSED] - Object: 'Object Repository/Pages/Sale/calender_NextButton' is clicked on&#xD;
&#xD;
2019-11-01 02:40:10 - [MESSAGE][PASSED] - Text of object 'Object Repository/Pages/Sale/link_MonthYear' is: 'April 2158'&#xD;
&#xD;
2019-11-01 02:40:10 - [MESSAGE][PASSED] - Object: 'Object Repository/Pages/Sale/calender_NextButton' is clicked on&#xD;
&#xD;
2019-11-01 02:40:10 - [MESSAGE][PASSED] - Text of object 'Object Repository/Pages/Sale/link_MonthYear' is: 'May 2158'&#xD;
&#xD;
2019-11-01 02:40:11 - [MESSAGE][PASSED] - Object: 'Object Repository/Pages/Sale/calender_NextButton' is clicked on&#xD;
&#xD;
2019-11-01 02:40:11 - [MESSAGE][PASSED] - Text of object 'Object Repository/Pages/Sale/link_MonthYear' is: 'June 2158'&#xD;
&#xD;
2019-11-01 02:40:11 - [MESSAGE][PASSED] - Object: 'Object Repository/Pages/Sale/calender_NextButton' is clicked on&#xD;
&#xD;
2019-11-01 02:40:11 - [MESSAGE][PASSED] - Text of object 'Object Repository/Pages/Sale/link_MonthYear' is: 'July 2158'&#xD;
&#xD;
2019-11-01 02:40:11 - [MESSAGE][PASSED] - Object: 'Object Repository/Pages/Sale/calender_NextButton' is clicked on&#xD;
&#xD;
2019-11-01 02:40:11 - [MESSAGE][PASSED] - Text of object 'Object Repository/Pages/Sale/link_MonthYear' is: 'August 2158'&#xD;
&#xD;
2019-11-01 02:40:12 - [MESSAGE][PASSED] - Object: 'Object Repository/Pages/Sale/calender_NextButton' is clicked on&#xD;
&#xD;
2019-11-01 02:40:12 - [MESSAGE][PASSED] - Text of object 'Object Repository/Pages/Sale/link_MonthYear' is: 'September 2158'&#xD;
&#xD;
2019-11-01 02:40:12 - [MESSAGE][PASSED] - Object: 'Object Repository/Pages/Sale/calender_NextButton' is clicked on&#xD;
&#xD;
2019-11-01 02:40:12 - [MESSAGE][PASSED] - Text of object 'Object Repository/Pages/Sale/link_MonthYear' is: 'October 2158'&#xD;
&#xD;
2019-11-01 02:40:12 - [MESSAGE][PASSED] - Object: 'Object Repository/Pages/Sale/calender_NextButton' is clicked on&#xD;
&#xD;
2019-11-01 02:40:12 - [MESSAGE][PASSED] - Text of object 'Object Repository/Pages/Sale/link_MonthYear' is: 'November 2158'&#xD;
&#xD;
2019-11-01 02:40:12 - [MESSAGE][PASSED] - Object: 'Object Repository/Pages/Sale/calender_NextButton' is clicked on&#xD;
&#xD;
2019-11-01 02:40:13 - [MESSAGE][PASSED] - Text of object 'Object Repository/Pages/Sale/link_MonthYear' is: 'December 2158'&#xD;
&#xD;
2019-11-01 02:40:13 - [MESSAGE][PASSED] - Object: 'Object Repository/Pages/Sale/calender_NextButton' is clicked on&#xD;
&#xD;
2019-11-01 02:40:13 - [MESSAGE][PASSED] - Text of object 'Object Repository/Pages/Sale/link_MonthYear' is: 'January 2159'&#xD;
&#xD;
2019-11-01 02:40:13 - [MESSAGE][PASSED] - Object: 'Object Repository/Pages/Sale/calender_NextButton' is clicked on&#xD;
&#xD;
2019-11-01 02:40:13 - [MESSAGE][PASSED] - Text of object 'Object Repository/Pages/Sale/link_MonthYear' is: 'February 2159'&#xD;
&#xD;
2019-11-01 02:40:13 - [MESSAGE][PASSED] - Object: 'Object Repository/Pages/Sale/calender_NextButton' is clicked on&#xD;
&#xD;
2019-11-01 02:40:13 - [MESSAGE][PASSED] - Text of object 'Object Repository/Pages/Sale/link_MonthYear' is: 'March 2159'&#xD;
&#xD;
2019-11-01 02:40:14 - [MESSAGE][PASSED] - Object: 'Object Repository/Pages/Sale/calender_NextButton' is clicked on&#xD;
&#xD;
2019-11-01 02:40:14 - [MESSAGE][PASSED] - Text of object 'Object Repository/Pages/Sale/link_MonthYear' is: 'April 2159'&#xD;
&#xD;
2019-11-01 02:40:14 - [MESSAGE][PASSED] - Object: 'Object Repository/Pages/Sale/calender_NextButton' is clicked on&#xD;
&#xD;
2019-11-01 02:40:14 - [MESSAGE][PASSED] - Text of object 'Object Repository/Pages/Sale/link_MonthYear' is: 'May 2159'&#xD;
&#xD;
2019-11-01 02:40:15 - [MESSAGE][PASSED] - Object: 'Object Repository/Pages/Sale/calender_NextButton' is clicked on&#xD;
&#xD;
2019-11-01 02:40:15 - [MESSAGE][PASSED] - Text of object 'Object Repository/Pages/Sale/link_MonthYear' is: 'June 2159'&#xD;
&#xD;
2019-11-01 02:40:15 - [MESSAGE][PASSED] - Object: 'Object Repository/Pages/Sale/calender_NextButton' is clicked on&#xD;
&#xD;
2019-11-01 02:40:15 - [MESSAGE][PASSED] - Text of object 'Object Repository/Pages/Sale/link_MonthYear' is: 'July 2159'&#xD;
&#xD;
2019-11-01 02:40:15 - [MESSAGE][PASSED] - Object: 'Object Repository/Pages/Sale/calender_NextButton' is clicked on&#xD;
&#xD;
2019-11-01 02:40:15 - [MESSAGE][PASSED] - Text of object 'Object Repository/Pages/Sale/link_MonthYear' is: 'August 2159'&#xD;
&#xD;
2019-11-01 02:40:16 - [MESSAGE][PASSED] - Object: 'Object Repository/Pages/Sale/calender_NextButton' is clicked on&#xD;
&#xD;
2019-11-01 02:40:16 - [MESSAGE][PASSED] - Text of object 'Object Repository/Pages/Sale/link_MonthYear' is: 'September 2159'&#xD;
&#xD;
2019-11-01 02:40:16 - [MESSAGE][PASSED] - Object: 'Object Repository/Pages/Sale/calender_NextButton' is clicked on&#xD;
&#xD;
2019-11-01 02:40:16 - [MESSAGE][PASSED] - Text of object 'Object Repository/Pages/Sale/link_MonthYear' is: 'October 2159'&#xD;
&#xD;
2019-11-01 02:40:16 - [MESSAGE][PASSED] - Object: 'Object Repository/Pages/Sale/calender_NextButton' is clicked on&#xD;
&#xD;
2019-11-01 02:40:16 - [MESSAGE][PASSED] - Text of object 'Object Repository/Pages/Sale/link_MonthYear' is: 'November 2159'&#xD;
&#xD;
2019-11-01 02:40:16 - [MESSAGE][PASSED] - Object: 'Object Repository/Pages/Sale/calender_NextButton' is clicked on&#xD;
&#xD;
2019-11-01 02:40:16 - [MESSAGE][PASSED] - Text of object 'Object Repository/Pages/Sale/link_MonthYear' is: 'December 2159'&#xD;
&#xD;
2019-11-01 02:40:17 - [MESSAGE][PASSED] - Object: 'Object Repository/Pages/Sale/calender_NextButton' is clicked on&#xD;
&#xD;
2019-11-01 02:40:17 - [MESSAGE][PASSED] - Text of object 'Object Repository/Pages/Sale/link_MonthYear' is: 'January 2160'&#xD;
&#xD;
2019-11-01 02:40:17 - [MESSAGE][PASSED] - Object: 'Object Repository/Pages/Sale/calender_NextButton' is clicked on&#xD;
&#xD;
2019-11-01 02:40:17 - [MESSAGE][PASSED] - Text of object 'Object Repository/Pages/Sale/link_MonthYear' is: 'February 2160'&#xD;
&#xD;
2019-11-01 02:40:17 - [MESSAGE][PASSED] - Object: 'Object Repository/Pages/Sale/calender_NextButton' is clicked on&#xD;
&#xD;
2019-11-01 02:40:17 - [MESSAGE][PASSED] - Text of object 'Object Repository/Pages/Sale/link_MonthYear' is: 'March 2160'&#xD;
&#xD;
2019-11-01 02:40:18 - [MESSAGE][PASSED] - Object: 'Object Repository/Pages/Sale/calender_NextButton' is clicked on&#xD;
&#xD;
2019-11-01 02:40:18 - [MESSAGE][PASSED] - Text of object 'Object Repository/Pages/Sale/link_MonthYear' is: 'April 2160'&#xD;
&#xD;
2019-11-01 02:40:18 - [MESSAGE][PASSED] - Object: 'Object Repository/Pages/Sale/calender_NextButton' is clicked on&#xD;
&#xD;
2019-11-01 02:40:18 - [MESSAGE][PASSED] - Text of object 'Object Repository/Pages/Sale/link_MonthYear' is: 'May 2160'&#xD;
&#xD;
2019-11-01 02:40:18 - [MESSAGE][PASSED] - Object: 'Object Repository/Pages/Sale/calender_NextButton' is clicked on&#xD;
&#xD;
2019-11-01 02:40:18 - [MESSAGE][PASSED] - Text of object 'Object Repository/Pages/Sale/link_MonthYear' is: 'June 2160'&#xD;
&#xD;
2019-11-01 02:40:19 - [MESSAGE][PASSED] - Object: 'Object Repository/Pages/Sale/calender_NextButton' is clicked on&#xD;
&#xD;
2019-11-01 02:40:19 - [MESSAGE][PASSED] - Text of object 'Object Repository/Pages/Sale/link_MonthYear' is: 'July 2160'&#xD;
&#xD;
2019-11-01 02:40:19 - [MESSAGE][PASSED] - Object: 'Object Repository/Pages/Sale/calender_NextButton' is clicked on&#xD;
&#xD;
2019-11-01 02:40:19 - [MESSAGE][PASSED] - Text of object 'Object Repository/Pages/Sale/link_MonthYear' is: 'August 2160'&#xD;
&#xD;
2019-11-01 02:40:19 - [MESSAGE][PASSED] - Object: 'Object Repository/Pages/Sale/calender_NextButton' is clicked on&#xD;
&#xD;
2019-11-01 02:40:19 - [MESSAGE][PASSED] - Text of object 'Object Repository/Pages/Sale/link_MonthYear' is: 'September 2160'&#xD;
&#xD;
2019-11-01 02:40:20 - [MESSAGE][PASSED] - Object: 'Object Repository/Pages/Sale/calender_NextButton' is clicked on&#xD;
&#xD;
2019-11-01 02:40:20 - [MESSAGE][PASSED] - Text of object 'Object Repository/Pages/Sale/link_MonthYear' is: 'October 2160'&#xD;
&#xD;
2019-11-01 02:40:20 - [MESSAGE][PASSED] - Object: 'Object Repository/Pages/Sale/calender_NextButton' is clicked on&#xD;
&#xD;
2019-11-01 02:40:20 - [MESSAGE][PASSED] - Text of object 'Object Repository/Pages/Sale/link_MonthYear' is: 'November 2160'&#xD;
&#xD;
2019-11-01 02:40:20 - [MESSAGE][PASSED] - Object: 'Object Repository/Pages/Sale/calender_NextButton' is clicked on&#xD;
&#xD;
2019-11-01 02:40:20 - [MESSAGE][PASSED] - Text of object 'Object Repository/Pages/Sale/link_MonthYear' is: 'December 2160'&#xD;
&#xD;
2019-11-01 02:40:20 - [MESSAGE][PASSED] - Object: 'Object Repository/Pages/Sale/calender_NextButton' is clicked on&#xD;
&#xD;
2019-11-01 02:40:20 - [MESSAGE][PASSED] - Text of object 'Object Repository/Pages/Sale/link_MonthYear' is: 'January 2161'&#xD;
&#xD;
2019-11-01 02:40:21 - [MESSAGE][PASSED] - Object: 'Object Repository/Pages/Sale/calender_NextButton' is clicked on&#xD;
&#xD;
2019-11-01 02:40:21 - [MESSAGE][PASSED] - Text of object 'Object Repository/Pages/Sale/link_MonthYear' is: 'February 2161'&#xD;
&#xD;
2019-11-01 02:40:21 - [MESSAGE][PASSED] - Object: 'Object Repository/Pages/Sale/calender_NextButton' is clicked on&#xD;
&#xD;
2019-11-01 02:40:21 - [MESSAGE][PASSED] - Text of object 'Object Repository/Pages/Sale/link_MonthYear' is: 'March 2161'&#xD;
&#xD;
2019-11-01 02:40:21 - [MESSAGE][PASSED] - Object: 'Object Repository/Pages/Sale/calender_NextButton' is clicked on&#xD;
&#xD;
2019-11-01 02:40:21 - [MESSAGE][PASSED] - Text of object 'Object Repository/Pages/Sale/link_MonthYear' is: 'April 2161'&#xD;
&#xD;
2019-11-01 02:40:22 - [MESSAGE][PASSED] - Object: 'Object Repository/Pages/Sale/calender_NextButton' is clicked on&#xD;
&#xD;
2019-11-01 02:40:22 - [MESSAGE][PASSED] - Text of object 'Object Repository/Pages/Sale/link_MonthYear' is: 'May 2161'&#xD;
&#xD;
2019-11-01 02:40:22 - [MESSAGE][PASSED] - Object: 'Object Repository/Pages/Sale/calender_NextButton' is clicked on&#xD;
&#xD;
2019-11-01 02:40:22 - [MESSAGE][PASSED] - Text of object 'Object Repository/Pages/Sale/link_MonthYear' is: 'June 2161'&#xD;
&#xD;
2019-11-01 02:40:22 - [MESSAGE][PASSED] - Object: 'Object Repository/Pages/Sale/calender_NextButton' is clicked on&#xD;
&#xD;
2019-11-01 02:40:22 - [MESSAGE][PASSED] - Text of object 'Object Repository/Pages/Sale/link_MonthYear' is: 'July 2161'&#xD;
&#xD;
2019-11-01 02:40:22 - [MESSAGE][PASSED] - Object: 'Object Repository/Pages/Sale/calender_NextButton' is clicked on&#xD;
&#xD;
2019-11-01 02:40:22 - [MESSAGE][PASSED] - Text of object 'Object Repository/Pages/Sale/link_MonthYear' is: 'August 2161'&#xD;
&#xD;
2019-11-01 02:40:23 - [MESSAGE][PASSED] - Object: 'Object Repository/Pages/Sale/calender_NextButton' is clicked on&#xD;
&#xD;
2019-11-01 02:40:23 - [MESSAGE][PASSED] - Text of object 'Object Repository/Pages/Sale/link_MonthYear' is: 'September 2161'&#xD;
&#xD;
2019-11-01 02:40:23 - [MESSAGE][PASSED] - Object: 'Object Repository/Pages/Sale/calender_NextButton' is clicked on&#xD;
&#xD;
2019-11-01 02:40:23 - [MESSAGE][PASSED] - Text of object 'Object Repository/Pages/Sale/link_MonthYear' is: 'October 2161'&#xD;
&#xD;
2019-11-01 02:40:23 - [MESSAGE][PASSED] - Object: 'Object Repository/Pages/Sale/calender_NextButton' is clicked on&#xD;
&#xD;
2019-11-01 02:40:23 - [MESSAGE][PASSED] - Text of object 'Object Repository/Pages/Sale/link_MonthYear' is: 'November 2161'&#xD;
&#xD;
2019-11-01 02:40:24 - [MESSAGE][PASSED] - Object: 'Object Repository/Pages/Sale/calender_NextButton' is clicked on&#xD;
&#xD;
2019-11-01 02:40:24 - [MESSAGE][PASSED] - Text of object 'Object Repository/Pages/Sale/link_MonthYear' is: 'December 2161'&#xD;
&#xD;
2019-11-01 02:40:24 - [MESSAGE][PASSED] - Object: 'Object Repository/Pages/Sale/calender_NextButton' is clicked on&#xD;
&#xD;
2019-11-01 02:40:24 - [MESSAGE][PASSED] - Text of object 'Object Repository/Pages/Sale/link_MonthYear' is: 'January 2162'&#xD;
&#xD;
2019-11-01 02:40:24 - [MESSAGE][PASSED] - Object: 'Object Repository/Pages/Sale/calender_NextButton' is clicked on&#xD;
&#xD;
2019-11-01 02:40:24 - [MESSAGE][PASSED] - Text of object 'Object Repository/Pages/Sale/link_MonthYear' is: 'February 2162'&#xD;
&#xD;
2019-11-01 02:40:25 - [MESSAGE][PASSED] - Object: 'Object Repository/Pages/Sale/calender_NextButton' is clicked on&#xD;
&#xD;
2019-11-01 02:40:25 - [MESSAGE][PASSED] - Text of object 'Object Repository/Pages/Sale/link_MonthYear' is: 'March 2162'&#xD;
&#xD;
2019-11-01 02:40:25 - [MESSAGE][PASSED] - Object: 'Object Repository/Pages/Sale/calender_NextButton' is clicked on&#xD;
&#xD;
2019-11-01 02:40:25 - [MESSAGE][PASSED] - Text of object 'Object Repository/Pages/Sale/link_MonthYear' is: 'April 2162'&#xD;
&#xD;
2019-11-01 02:40:25 - [MESSAGE][PASSED] - Object: 'Object Repository/Pages/Sale/calender_NextButton' is clicked on&#xD;
&#xD;
2019-11-01 02:40:25 - [MESSAGE][PASSED] - Text of object 'Object Repository/Pages/Sale/link_MonthYear' is: 'May 2162'&#xD;
&#xD;
2019-11-01 02:40:25 - [MESSAGE][PASSED] - Object: 'Object Repository/Pages/Sale/calender_NextButton' is clicked on&#xD;
&#xD;
2019-11-01 02:40:25 - [MESSAGE][PASSED] - Text of object 'Object Repository/Pages/Sale/link_MonthYear' is: 'June 2162'&#xD;
&#xD;
2019-11-01 02:40:26 - [MESSAGE][PASSED] - Object: 'Object Repository/Pages/Sale/calender_NextButton' is clicked on&#xD;
&#xD;
2019-11-01 02:40:26 - [MESSAGE][PASSED] - Text of object 'Object Repository/Pages/Sale/link_MonthYear' is: 'July 2162'&#xD;
&#xD;
2019-11-01 02:40:26 - [MESSAGE][PASSED] - Object: 'Object Repository/Pages/Sale/calender_NextButton' is clicked on&#xD;
&#xD;
2019-11-01 02:40:26 - [MESSAGE][PASSED] - Text of object 'Object Repository/Pages/Sale/link_MonthYear' is: 'August 2162'&#xD;
&#xD;
2019-11-01 02:40:26 - [MESSAGE][PASSED] - Object: 'Object Repository/Pages/Sale/calender_NextButton' is clicked on&#xD;
&#xD;
2019-11-01 02:40:26 - [MESSAGE][PASSED] - Text of object 'Object Repository/Pages/Sale/link_MonthYear' is: 'September 2162'&#xD;
&#xD;
2019-11-01 02:40:27 - [MESSAGE][PASSED] - Object: 'Object Repository/Pages/Sale/calender_NextButton' is clicked on&#xD;
&#xD;
2019-11-01 02:40:27 - [MESSAGE][PASSED] - Text of object 'Object Repository/Pages/Sale/link_MonthYear' is: 'October 2162'&#xD;
&#xD;
2019-11-01 02:40:27 - [MESSAGE][PASSED] - Object: 'Object Repository/Pages/Sale/calender_NextButton' is clicked on&#xD;
&#xD;
2019-11-01 02:40:27 - [MESSAGE][PASSED] - Text of object 'Object Repository/Pages/Sale/link_MonthYear' is: 'November 2162'&#xD;
&#xD;
2019-11-01 02:40:27 - [MESSAGE][PASSED] - Object: 'Object Repository/Pages/Sale/calender_NextButton' is clicked on&#xD;
&#xD;
2019-11-01 02:40:27 - [MESSAGE][PASSED] - Text of object 'Object Repository/Pages/Sale/link_MonthYear' is: 'December 2162'&#xD;
&#xD;
2019-11-01 02:40:28 - [MESSAGE][PASSED] - Object: 'Object Repository/Pages/Sale/calender_NextButton' is clicked on&#xD;
&#xD;
2019-11-01 02:40:28 - [MESSAGE][PASSED] - Text of object 'Object Repository/Pages/Sale/link_MonthYear' is: 'January 2163'&#xD;
&#xD;
2019-11-01 02:40:28 - [MESSAGE][PASSED] - Object: 'Object Repository/Pages/Sale/calender_NextButton' is clicked on&#xD;
&#xD;
2019-11-01 02:40:28 - [MESSAGE][PASSED] - Text of object 'Object Repository/Pages/Sale/link_MonthYear' is: 'February 2163'&#xD;
&#xD;
2019-11-01 02:40:28 - [MESSAGE][PASSED] - Object: 'Object Repository/Pages/Sale/calender_NextButton' is clicked on&#xD;
&#xD;
2019-11-01 02:40:28 - [MESSAGE][PASSED] - Text of object 'Object Repository/Pages/Sale/link_MonthYear' is: 'March 2163'&#xD;
&#xD;
2019-11-01 02:40:29 - [MESSAGE][PASSED] - Object: 'Object Repository/Pages/Sale/calender_NextButton' is clicked on&#xD;
&#xD;
2019-11-01 02:40:29 - [MESSAGE][PASSED] - Text of object 'Object Repository/Pages/Sale/link_MonthYear' is: 'April 2163'&#xD;
&#xD;
2019-11-01 02:40:29 - [MESSAGE][PASSED] - Object: 'Object Repository/Pages/Sale/calender_NextButton' is clicked on&#xD;
&#xD;
2019-11-01 02:40:29 - [MESSAGE][PASSED] - Text of object 'Object Repository/Pages/Sale/link_MonthYear' is: 'May 2163'&#xD;
&#xD;
2019-11-01 02:40:29 - [MESSAGE][PASSED] - Object: 'Object Repository/Pages/Sale/calender_NextButton' is clicked on&#xD;
&#xD;
2019-11-01 02:40:29 - [MESSAGE][PASSED] - Text of object 'Object Repository/Pages/Sale/link_MonthYear' is: 'June 2163'&#xD;
&#xD;
2019-11-01 02:40:30 - [MESSAGE][PASSED] - Object: 'Object Repository/Pages/Sale/calender_NextButton' is clicked on&#xD;
&#xD;
2019-11-01 02:40:30 - [MESSAGE][PASSED] - Text of object 'Object Repository/Pages/Sale/link_MonthYear' is: 'July 2163'&#xD;
&#xD;
2019-11-01 02:40:30 - [MESSAGE][PASSED] - Object: 'Object Repository/Pages/Sale/calender_NextButton' is clicked on&#xD;
&#xD;
2019-11-01 02:40:30 - [MESSAGE][PASSED] - Text of object 'Object Repository/Pages/Sale/link_MonthYear' is: 'August 2163'&#xD;
&#xD;
2019-11-01 02:40:30 - [MESSAGE][PASSED] - Object: 'Object Repository/Pages/Sale/calender_NextButton' is clicked on&#xD;
&#xD;
2019-11-01 02:40:30 - [MESSAGE][PASSED] - Text of object 'Object Repository/Pages/Sale/link_MonthYear' is: 'September 2163'&#xD;
&#xD;
2019-11-01 02:40:31 - [MESSAGE][PASSED] - Object: 'Object Repository/Pages/Sale/calender_NextButton' is clicked on&#xD;
&#xD;
2019-11-01 02:40:31 - [MESSAGE][PASSED] - Text of object 'Object Repository/Pages/Sale/link_MonthYear' is: 'October 2163'&#xD;
&#xD;
2019-11-01 02:40:31 - [MESSAGE][PASSED] - Object: 'Object Repository/Pages/Sale/calender_NextButton' is clicked on&#xD;
&#xD;
2019-11-01 02:40:31 - [MESSAGE][PASSED] - Text of object 'Object Repository/Pages/Sale/link_MonthYear' is: 'November 2163'&#xD;
&#xD;
2019-11-01 02:40:31 - [MESSAGE][PASSED] - Object: 'Object Repository/Pages/Sale/calender_NextButton' is clicked on&#xD;
&#xD;
2019-11-01 02:40:31 - [MESSAGE][PASSED] - Text of object 'Object Repository/Pages/Sale/link_MonthYear' is: 'December 2163'&#xD;
&#xD;
2019-11-01 02:40:32 - [MESSAGE][PASSED] - Object: 'Object Repository/Pages/Sale/calender_NextButton' is clicked on&#xD;
&#xD;
2019-11-01 02:40:32 - [MESSAGE][PASSED] - Text of object 'Object Repository/Pages/Sale/link_MonthYear' is: 'January 2164'&#xD;
&#xD;
2019-11-01 02:40:32 - [MESSAGE][PASSED] - Object: 'Object Repository/Pages/Sale/calender_NextButton' is clicked on&#xD;
&#xD;
2019-11-01 02:40:32 - [MESSAGE][PASSED] - Text of object 'Object Repository/Pages/Sale/link_MonthYear' is: 'February 2164'&#xD;
&#xD;
2019-11-01 02:40:32 - [MESSAGE][PASSED] - Object: 'Object Repository/Pages/Sale/calender_NextButton' is clicked on&#xD;
&#xD;
2019-11-01 02:40:32 - [MESSAGE][PASSED] - Text of object 'Object Repository/Pages/Sale/link_MonthYear' is: 'March 2164'&#xD;
&#xD;
2019-11-01 02:40:32 - [MESSAGE][PASSED] - Object: 'Object Repository/Pages/Sale/calender_NextButton' is clicked on&#xD;
&#xD;
2019-11-01 02:40:33 - [MESSAGE][PASSED] - Text of object 'Object Repository/Pages/Sale/link_MonthYear' is: 'April 2164'&#xD;
&#xD;
2019-11-01 02:40:33 - [MESSAGE][PASSED] - Object: 'Object Repository/Pages/Sale/calender_NextButton' is clicked on&#xD;
&#xD;
2019-11-01 02:40:33 - [MESSAGE][PASSED] - Text of object 'Object Repository/Pages/Sale/link_MonthYear' is: 'May 2164'&#xD;
&#xD;
2019-11-01 02:40:33 - [MESSAGE][PASSED] - Object: 'Object Repository/Pages/Sale/calender_NextButton' is clicked on&#xD;
&#xD;
2019-11-01 02:40:33 - [MESSAGE][PASSED] - Text of object 'Object Repository/Pages/Sale/link_MonthYear' is: 'June 2164'&#xD;
&#xD;
2019-11-01 02:40:33 - [MESSAGE][PASSED] - Object: 'Object Repository/Pages/Sale/calender_NextButton' is clicked on&#xD;
&#xD;
2019-11-01 02:40:33 - [MESSAGE][PASSED] - Text of object 'Object Repository/Pages/Sale/link_MonthYear' is: 'July 2164'&#xD;
&#xD;
2019-11-01 02:40:34 - [MESSAGE][PASSED] - Object: 'Object Repository/Pages/Sale/calender_NextButton' is clicked on&#xD;
&#xD;
2019-11-01 02:40:34 - [MESSAGE][PASSED] - Text of object 'Object Repository/Pages/Sale/link_MonthYear' is: 'August 2164'&#xD;
&#xD;
2019-11-01 02:40:34 - [MESSAGE][PASSED] - Object: 'Object Repository/Pages/Sale/calender_NextButton' is clicked on&#xD;
&#xD;
2019-11-01 02:40:34 - [MESSAGE][PASSED] - Text of object 'Object Repository/Pages/Sale/link_MonthYear' is: 'September 2164'&#xD;
&#xD;
2019-11-01 02:40:34 - [MESSAGE][PASSED] - Object: 'Object Repository/Pages/Sale/calender_NextButton' is clicked on&#xD;
&#xD;
2019-11-01 02:40:34 - [MESSAGE][PASSED] - Text of object 'Object Repository/Pages/Sale/link_MonthYear' is: 'October 2164'&#xD;
&#xD;
2019-11-01 02:40:35 - [MESSAGE][PASSED] - Object: 'Object Repository/Pages/Sale/calender_NextButton' is clicked on&#xD;
&#xD;
2019-11-01 02:40:35 - [MESSAGE][PASSED] - Text of object 'Object Repository/Pages/Sale/link_MonthYear' is: 'November 2164'&#xD;
&#xD;
2019-11-01 02:40:35 - [MESSAGE][PASSED] - Object: 'Object Repository/Pages/Sale/calender_NextButton' is clicked on&#xD;
&#xD;
2019-11-01 02:40:35 - [MESSAGE][PASSED] - Text of object 'Object Repository/Pages/Sale/link_MonthYear' is: 'December 2164'&#xD;
&#xD;
2019-11-01 02:40:35 - [MESSAGE][PASSED] - Object: 'Object Repository/Pages/Sale/calender_NextButton' is clicked on&#xD;
&#xD;
2019-11-01 02:40:35 - [MESSAGE][PASSED] - Text of object 'Object Repository/Pages/Sale/link_MonthYear' is: 'January 2165'&#xD;
&#xD;
2019-11-01 02:40:36 - [MESSAGE][PASSED] - Object: 'Object Repository/Pages/Sale/calender_NextButton' is clicked on&#xD;
&#xD;
2019-11-01 02:40:36 - [MESSAGE][PASSED] - Text of object 'Object Repository/Pages/Sale/link_MonthYear' is: 'February 2165'&#xD;
&#xD;
2019-11-01 02:40:36 - [MESSAGE][PASSED] - Object: 'Object Repository/Pages/Sale/calender_NextButton' is clicked on&#xD;
&#xD;
2019-11-01 02:40:36 - [MESSAGE][PASSED] - Text of object 'Object Repository/Pages/Sale/link_MonthYear' is: 'March 2165'&#xD;
&#xD;
2019-11-01 02:40:36 - [MESSAGE][PASSED] - Object: 'Object Repository/Pages/Sale/calender_NextButton' is clicked on&#xD;
&#xD;
2019-11-01 02:40:36 - [MESSAGE][PASSED] - Text of object 'Object Repository/Pages/Sale/link_MonthYear' is: 'April 2165'&#xD;
&#xD;
2019-11-01 02:40:37 - [MESSAGE][PASSED] - Object: 'Object Repository/Pages/Sale/calender_NextButton' is clicked on&#xD;
&#xD;
2019-11-01 02:40:37 - [MESSAGE][PASSED] - Text of object 'Object Repository/Pages/Sale/link_MonthYear' is: 'May 2165'&#xD;
&#xD;
2019-11-01 02:40:37 - [MESSAGE][PASSED] - Object: 'Object Repository/Pages/Sale/calender_NextButton' is clicked on&#xD;
&#xD;
2019-11-01 02:40:37 - [MESSAGE][PASSED] - Text of object 'Object Repository/Pages/Sale/link_MonthYear' is: 'June 2165'&#xD;
&#xD;
2019-11-01 02:40:37 - [MESSAGE][PASSED] - Object: 'Object Repository/Pages/Sale/calender_NextButton' is clicked on&#xD;
&#xD;
2019-11-01 02:40:37 - [MESSAGE][PASSED] - Text of object 'Object Repository/Pages/Sale/link_MonthYear' is: 'July 2165'&#xD;
&#xD;
2019-11-01 02:40:37 - [MESSAGE][PASSED] - Object: 'Object Repository/Pages/Sale/calender_NextButton' is clicked on&#xD;
&#xD;
2019-11-01 02:40:38 - [MESSAGE][PASSED] - Text of object 'Object Repository/Pages/Sale/link_MonthYear' is: 'August 2165'&#xD;
&#xD;
2019-11-01 02:40:38 - [MESSAGE][PASSED] - Object: 'Object Repository/Pages/Sale/calender_NextButton' is clicked on&#xD;
&#xD;
2019-11-01 02:40:38 - [MESSAGE][PASSED] - Text of object 'Object Repository/Pages/Sale/link_MonthYear' is: 'September 2165'&#xD;
&#xD;
2019-11-01 02:40:38 - [MESSAGE][PASSED] - Object: 'Object Repository/Pages/Sale/calender_NextButton' is clicked on&#xD;
&#xD;
2019-11-01 02:40:38 - [MESSAGE][PASSED] - Text of object 'Object Repository/Pages/Sale/link_MonthYear' is: 'October 2165'&#xD;
&#xD;
2019-11-01 02:40:38 - [MESSAGE][PASSED] - Object: 'Object Repository/Pages/Sale/calender_NextButton' is clicked on&#xD;
&#xD;
2019-11-01 02:40:38 - [MESSAGE][PASSED] - Text of object 'Object Repository/Pages/Sale/link_MonthYear' is: 'November 2165'&#xD;
&#xD;
2019-11-01 02:40:39 - [MESSAGE][PASSED] - Object: 'Object Repository/Pages/Sale/calender_NextButton' is clicked on&#xD;
&#xD;
2019-11-01 02:40:39 - [MESSAGE][PASSED] - Text of object 'Object Repository/Pages/Sale/link_MonthYear' is: 'December 2165'&#xD;
&#xD;
2019-11-01 02:40:39 - [MESSAGE][PASSED] - Object: 'Object Repository/Pages/Sale/calender_NextButton' is clicked on&#xD;
&#xD;
2019-11-01 02:40:39 - [MESSAGE][PASSED] - Text of object 'Object Repository/Pages/Sale/link_MonthYear' is: 'January 2166'&#xD;
&#xD;
2019-11-01 02:40:39 - [MESSAGE][PASSED] - Object: 'Object Repository/Pages/Sale/calender_NextButton' is clicked on&#xD;
&#xD;
2019-11-01 02:40:39 - [MESSAGE][PASSED] - Text of object 'Object Repository/Pages/Sale/link_MonthYear' is: 'February 2166'&#xD;
&#xD;
2019-11-01 02:40:40 - [MESSAGE][PASSED] - Object: 'Object Repository/Pages/Sale/calender_NextButton' is clicked on&#xD;
&#xD;
2019-11-01 02:40:40 - [MESSAGE][PASSED] - Text of object 'Object Repository/Pages/Sale/link_MonthYear' is: 'March 2166'&#xD;
&#xD;
2019-11-01 02:40:40 - [MESSAGE][PASSED] - Object: 'Object Repository/Pages/Sale/calender_NextButton' is clicked on&#xD;
&#xD;
2019-11-01 02:40:40 - [MESSAGE][PASSED] - Text of object 'Object Repository/Pages/Sale/link_MonthYear' is: 'April 2166'&#xD;
&#xD;
2019-11-01 02:40:40 - [MESSAGE][PASSED] - Object: 'Object Repository/Pages/Sale/calender_NextButton' is clicked on&#xD;
&#xD;
2019-11-01 02:40:40 - [MESSAGE][PASSED] - Text of object 'Object Repository/Pages/Sale/link_MonthYear' is: 'May 2166'&#xD;
&#xD;
2019-11-01 02:40:41 - [MESSAGE][PASSED] - Object: 'Object Repository/Pages/Sale/calender_NextButton' is clicked on&#xD;
&#xD;
2019-11-01 02:40:41 - [MESSAGE][PASSED] - Text of object 'Object Repository/Pages/Sale/link_MonthYear' is: 'June 2166'&#xD;
&#xD;
2019-11-01 02:40:41 - [MESSAGE][PASSED] - Object: 'Object Repository/Pages/Sale/calender_NextButton' is clicked on&#xD;
&#xD;
2019-11-01 02:40:41 - [MESSAGE][PASSED] - Text of object 'Object Repository/Pages/Sale/link_MonthYear' is: 'July 2166'&#xD;
&#xD;
2019-11-01 02:40:41 - [MESSAGE][PASSED] - Object: 'Object Repository/Pages/Sale/calender_NextButton' is clicked on&#xD;
&#xD;
2019-11-01 02:40:41 - [MESSAGE][PASSED] - Text of object 'Object Repository/Pages/Sale/link_MonthYear' is: 'August 2166'&#xD;
&#xD;
2019-11-01 02:40:42 - [MESSAGE][PASSED] - Object: 'Object Repository/Pages/Sale/calender_NextButton' is clicked on&#xD;
&#xD;
2019-11-01 02:40:42 - [MESSAGE][PASSED] - Text of object 'Object Repository/Pages/Sale/link_MonthYear' is: 'September 2166'&#xD;
&#xD;
2019-11-01 02:40:42 - [MESSAGE][PASSED] - Object: 'Object Repository/Pages/Sale/calender_NextButton' is clicked on&#xD;
&#xD;
2019-11-01 02:40:42 - [MESSAGE][PASSED] - Text of object 'Object Repository/Pages/Sale/link_MonthYear' is: 'October 2166'&#xD;
&#xD;
2019-11-01 02:40:42 - [MESSAGE][PASSED] - Object: 'Object Repository/Pages/Sale/calender_NextButton' is clicked on&#xD;
&#xD;
2019-11-01 02:40:42 - [MESSAGE][PASSED] - Text of object 'Object Repository/Pages/Sale/link_MonthYear' is: 'November 2166'&#xD;
&#xD;
2019-11-01 02:40:43 - [MESSAGE][PASSED] - Object: 'Object Repository/Pages/Sale/calender_NextButton' is clicked on&#xD;
&#xD;
2019-11-01 02:40:43 - [MESSAGE][PASSED] - Text of object 'Object Repository/Pages/Sale/link_MonthYear' is: 'December 2166'&#xD;
&#xD;
2019-11-01 02:40:43 - [MESSAGE][PASSED] - Object: 'Object Repository/Pages/Sale/calender_NextButton' is clicked on&#xD;
&#xD;
2019-11-01 02:40:43 - [MESSAGE][PASSED] - Text of object 'Object Repository/Pages/Sale/link_MonthYear' is: 'January 2167'&#xD;
&#xD;
2019-11-01 02:40:43 - [MESSAGE][PASSED] - Object: 'Object Repository/Pages/Sale/calender_NextButton' is clicked on&#xD;
&#xD;
2019-11-01 02:40:43 - [MESSAGE][PASSED] - Text of object 'Object Repository/Pages/Sale/link_MonthYear' is: 'February 2167'&#xD;
&#xD;
2019-11-01 02:40:43 - [MESSAGE][PASSED] - Object: 'Object Repository/Pages/Sale/calender_NextButton' is clicked on&#xD;
&#xD;
2019-11-01 02:40:43 - [MESSAGE][PASSED] - Text of object 'Object Repository/Pages/Sale/link_MonthYear' is: 'March 2167'&#xD;
&#xD;
2019-11-01 02:40:44 - [MESSAGE][PASSED] - Object: 'Object Repository/Pages/Sale/calender_NextButton' is clicked on&#xD;
&#xD;
2019-11-01 02:40:44 - [MESSAGE][PASSED] - Text of object 'Object Repository/Pages/Sale/link_MonthYear' is: 'April 2167'&#xD;
&#xD;
2019-11-01 02:40:44 - [MESSAGE][PASSED] - Object: 'Object Repository/Pages/Sale/calender_NextButton' is clicked on&#xD;
&#xD;
2019-11-01 02:40:44 - [MESSAGE][PASSED] - Text of object 'Object Repository/Pages/Sale/link_MonthYear' is: 'May 2167'&#xD;
&#xD;
2019-11-01 02:40:44 - [MESSAGE][PASSED] - Object: 'Object Repository/Pages/Sale/calender_NextButton' is clicked on&#xD;
&#xD;
2019-11-01 02:40:44 - [MESSAGE][PASSED] - Text of object 'Object Repository/Pages/Sale/link_MonthYear' is: 'June 2167'&#xD;
&#xD;
2019-11-01 02:40:45 - [MESSAGE][PASSED] - Object: 'Object Repository/Pages/Sale/calender_NextButton' is clicked on&#xD;
&#xD;
2019-11-01 02:40:45 - [MESSAGE][PASSED] - Text of object 'Object Repository/Pages/Sale/link_MonthYear' is: 'July 2167'&#xD;
&#xD;
2019-11-01 02:40:45 - [MESSAGE][PASSED] - Object: 'Object Repository/Pages/Sale/calender_NextButton' is clicked on&#xD;
&#xD;
2019-11-01 02:40:45 - [MESSAGE][PASSED] - Text of object 'Object Repository/Pages/Sale/link_MonthYear' is: 'August 2167'&#xD;
&#xD;
2019-11-01 02:40:45 - [MESSAGE][PASSED] - Object: 'Object Repository/Pages/Sale/calender_NextButton' is clicked on&#xD;
&#xD;
2019-11-01 02:40:45 - [MESSAGE][PASSED] - Text of object 'Object Repository/Pages/Sale/link_MonthYear' is: 'September 2167'&#xD;
&#xD;
2019-11-01 02:40:46 - [MESSAGE][PASSED] - Object: 'Object Repository/Pages/Sale/calender_NextButton' is clicked on&#xD;
&#xD;
2019-11-01 02:40:46 - [MESSAGE][PASSED] - Text of object 'Object Repository/Pages/Sale/link_MonthYear' is: 'October 2167'&#xD;
&#xD;
2019-11-01 02:40:46 - [MESSAGE][PASSED] - Object: 'Object Repository/Pages/Sale/calender_NextButton' is clicked on&#xD;
&#xD;
2019-11-01 02:40:46 - [MESSAGE][PASSED] - Text of object 'Object Repository/Pages/Sale/link_MonthYear' is: 'November 2167'&#xD;
&#xD;
2019-11-01 02:40:46 - [MESSAGE][PASSED] - Object: 'Object Repository/Pages/Sale/calender_NextButton' is clicked on&#xD;
&#xD;
2019-11-01 02:40:46 - [MESSAGE][PASSED] - Text of object 'Object Repository/Pages/Sale/link_MonthYear' is: 'December 2167'&#xD;
&#xD;
2019-11-01 02:40:46 - [MESSAGE][PASSED] - Object: 'Object Repository/Pages/Sale/calender_NextButton' is clicked on&#xD;
&#xD;
2019-11-01 02:40:46 - [MESSAGE][PASSED] - Text of object 'Object Repository/Pages/Sale/link_MonthYear' is: 'January 2168'&#xD;
&#xD;
2019-11-01 02:40:47 - [MESSAGE][PASSED] - Object: 'Object Repository/Pages/Sale/calender_NextButton' is clicked on&#xD;
&#xD;
2019-11-01 02:40:47 - [MESSAGE][PASSED] - Text of object 'Object Repository/Pages/Sale/link_MonthYear' is: 'February 2168'&#xD;
&#xD;
2019-11-01 02:40:47 - [MESSAGE][PASSED] - Object: 'Object Repository/Pages/Sale/calender_NextButton' is clicked on&#xD;
&#xD;
2019-11-01 02:40:47 - [MESSAGE][PASSED] - Text of object 'Object Repository/Pages/Sale/link_MonthYear' is: 'March 2168'&#xD;
&#xD;
2019-11-01 02:40:47 - [MESSAGE][PASSED] - Object: 'Object Repository/Pages/Sale/calender_NextButton' is clicked on&#xD;
&#xD;
2019-11-01 02:40:47 - [MESSAGE][PASSED] - Text of object 'Object Repository/Pages/Sale/link_MonthYear' is: 'April 2168'&#xD;
&#xD;
2019-11-01 02:40:48 - [MESSAGE][PASSED] - Object: 'Object Repository/Pages/Sale/calender_NextButton' is clicked on&#xD;
&#xD;
2019-11-01 02:40:48 - [MESSAGE][PASSED] - Text of object 'Object Repository/Pages/Sale/link_MonthYear' is: 'May 2168'&#xD;
&#xD;
2019-11-01 02:40:48 - [MESSAGE][PASSED] - Object: 'Object Repository/Pages/Sale/calender_NextButton' is clicked on&#xD;
&#xD;
2019-11-01 02:40:48 - [MESSAGE][PASSED] - Text of object 'Object Repository/Pages/Sale/link_MonthYear' is: 'June 2168'&#xD;
&#xD;
2019-11-01 02:40:48 - [MESSAGE][PASSED] - Object: 'Object Repository/Pages/Sale/calender_NextButton' is clicked on&#xD;
&#xD;
2019-11-01 02:40:48 - [MESSAGE][PASSED] - Text of object 'Object Repository/Pages/Sale/link_MonthYear' is: 'July 2168'&#xD;
&#xD;
2019-11-01 02:40:48 - [MESSAGE][PASSED] - Object: 'Object Repository/Pages/Sale/calender_NextButton' is clicked on&#xD;
&#xD;
2019-11-01 02:40:48 - [MESSAGE][PASSED] - Text of object 'Object Repository/Pages/Sale/link_MonthYear' is: 'August 2168'&#xD;
&#xD;
2019-11-01 02:40:49 - [MESSAGE][PASSED] - Object: 'Object Repository/Pages/Sale/calender_NextButton' is clicked on&#xD;
&#xD;
2019-11-01 02:40:49 - [MESSAGE][PASSED] - Text of object 'Object Repository/Pages/Sale/link_MonthYear' is: 'September 2168'&#xD;
&#xD;
2019-11-01 02:40:49 - [MESSAGE][PASSED] - Object: 'Object Repository/Pages/Sale/calender_NextButton' is clicked on&#xD;
&#xD;
2019-11-01 02:40:49 - [MESSAGE][PASSED] - Text of object 'Object Repository/Pages/Sale/link_MonthYear' is: 'October 2168'&#xD;
&#xD;
2019-11-01 02:40:49 - [MESSAGE][PASSED] - Object: 'Object Repository/Pages/Sale/calender_NextButton' is clicked on&#xD;
&#xD;
2019-11-01 02:40:49 - [MESSAGE][PASSED] - Text of object 'Object Repository/Pages/Sale/link_MonthYear' is: 'November 2168'&#xD;
&#xD;
2019-11-01 02:40:50 - [MESSAGE][PASSED] - Object: 'Object Repository/Pages/Sale/calender_NextButton' is clicked on&#xD;
&#xD;
2019-11-01 02:40:50 - [MESSAGE][PASSED] - Text of object 'Object Repository/Pages/Sale/link_MonthYear' is: 'December 2168'&#xD;
&#xD;
2019-11-01 02:40:50 - [MESSAGE][PASSED] - Object: 'Object Repository/Pages/Sale/calender_NextButton' is clicked on&#xD;
&#xD;
2019-11-01 02:40:50 - [MESSAGE][PASSED] - Text of object 'Object Repository/Pages/Sale/link_MonthYear' is: 'January 2169'&#xD;
&#xD;
2019-11-01 02:40:50 - [MESSAGE][PASSED] - Object: 'Object Repository/Pages/Sale/calender_NextButton' is clicked on&#xD;
&#xD;
2019-11-01 02:40:50 - [MESSAGE][PASSED] - Text of object 'Object Repository/Pages/Sale/link_MonthYear' is: 'February 2169'&#xD;
&#xD;
2019-11-01 02:40:51 - [MESSAGE][PASSED] - Object: 'Object Repository/Pages/Sale/calender_NextButton' is clicked on&#xD;
&#xD;
2019-11-01 02:40:51 - [MESSAGE][PASSED] - Text of object 'Object Repository/Pages/Sale/link_MonthYear' is: 'March 2169'&#xD;
&#xD;
2019-11-01 02:40:51 - [MESSAGE][PASSED] - Object: 'Object Repository/Pages/Sale/calender_NextButton' is clicked on&#xD;
&#xD;
2019-11-01 02:40:51 - [MESSAGE][PASSED] - Text of object 'Object Repository/Pages/Sale/link_MonthYear' is: 'April 2169'&#xD;
&#xD;
2019-11-01 02:40:51 - [MESSAGE][PASSED] - Object: 'Object Repository/Pages/Sale/calender_NextButton' is clicked on&#xD;
&#xD;
2019-11-01 02:40:51 - [MESSAGE][PASSED] - Text of object 'Object Repository/Pages/Sale/link_MonthYear' is: 'May 2169'&#xD;
&#xD;
2019-11-01 02:40:52 - [MESSAGE][PASSED] - Object: 'Object Repository/Pages/Sale/calender_NextButton' is clicked on&#xD;
&#xD;
2019-11-01 02:40:52 - [MESSAGE][PASSED] - Text of object 'Object Repository/Pages/Sale/link_MonthYear' is: 'June 2169'&#xD;
&#xD;
2019-11-01 02:40:52 - [MESSAGE][PASSED] - Object: 'Object Repository/Pages/Sale/calender_NextButton' is clicked on&#xD;
&#xD;
2019-11-01 02:40:52 - [MESSAGE][PASSED] - Text of object 'Object Repository/Pages/Sale/link_MonthYear' is: 'July 2169'&#xD;
&#xD;
2019-11-01 02:40:52 - [MESSAGE][PASSED] - Object: 'Object Repository/Pages/Sale/calender_NextButton' is clicked on&#xD;
&#xD;
2019-11-01 02:40:52 - [MESSAGE][PASSED] - Text of object 'Object Repository/Pages/Sale/link_MonthYear' is: 'August 2169'&#xD;
&#xD;
2019-11-01 02:40:52 - [MESSAGE][PASSED] - Object: 'Object Repository/Pages/Sale/calender_NextButton' is clicked on&#xD;
&#xD;
2019-11-01 02:40:52 - [MESSAGE][PASSED] - Text of object 'Object Repository/Pages/Sale/link_MonthYear' is: 'September 2169'&#xD;
&#xD;
2019-11-01 02:40:53 - [MESSAGE][PASSED] - Object: 'Object Repository/Pages/Sale/calender_NextButton' is clicked on&#xD;
&#xD;
2019-11-01 02:40:53 - [MESSAGE][PASSED] - Text of object 'Object Repository/Pages/Sale/link_MonthYear' is: 'October 2169'&#xD;
&#xD;
2019-11-01 02:40:53 - [MESSAGE][PASSED] - Object: 'Object Repository/Pages/Sale/calender_NextButton' is clicked on&#xD;
&#xD;
2019-11-01 02:40:53 - [MESSAGE][PASSED] - Text of object 'Object Repository/Pages/Sale/link_MonthYear' is: 'November 2169'&#xD;
&#xD;
2019-11-01 02:40:53 - [MESSAGE][PASSED] - Object: 'Object Repository/Pages/Sale/calender_NextButton' is clicked on&#xD;
&#xD;
2019-11-01 02:40:53 - [MESSAGE][PASSED] - Text of object 'Object Repository/Pages/Sale/link_MonthYear' is: 'December 2169'&#xD;
&#xD;
2019-11-01 02:40:54 - [MESSAGE][PASSED] - Object: 'Object Repository/Pages/Sale/calender_NextButton' is clicked on&#xD;
&#xD;
2019-11-01 02:40:54 - [MESSAGE][PASSED] - Text of object 'Object Repository/Pages/Sale/link_MonthYear' is: 'January 2170'&#xD;
&#xD;
2019-11-01 02:40:54 - [MESSAGE][PASSED] - Object: 'Object Repository/Pages/Sale/calender_NextButton' is clicked on&#xD;
&#xD;
2019-11-01 02:40:54 - [MESSAGE][PASSED] - Text of object 'Object Repository/Pages/Sale/link_MonthYear' is: 'February 2170'&#xD;
&#xD;
2019-11-01 02:40:54 - [MESSAGE][PASSED] - Object: 'Object Repository/Pages/Sale/calender_NextButton' is clicked on&#xD;
&#xD;
2019-11-01 02:40:54 - [MESSAGE][PASSED] - Text of object 'Object Repository/Pages/Sale/link_MonthYear' is: 'March 2170'&#xD;
&#xD;
2019-11-01 02:40:54 - [MESSAGE][PASSED] - Object: 'Object Repository/Pages/Sale/calender_NextButton' is clicked on&#xD;
&#xD;
2019-11-01 02:40:55 - [MESSAGE][PASSED] - Text of object 'Object Repository/Pages/Sale/link_MonthYear' is: 'April 2170'&#xD;
&#xD;
2019-11-01 02:40:55 - [MESSAGE][PASSED] - Object: 'Object Repository/Pages/Sale/calender_NextButton' is clicked on&#xD;
&#xD;
2019-11-01 02:40:55 - [MESSAGE][PASSED] - Text of object 'Object Repository/Pages/Sale/link_MonthYear' is: 'May 2170'&#xD;
&#xD;
2019-11-01 02:40:55 - [MESSAGE][PASSED] - Object: 'Object Repository/Pages/Sale/calender_NextButton' is clicked on&#xD;
&#xD;
2019-11-01 02:40:55 - [MESSAGE][PASSED] - Text of object 'Object Repository/Pages/Sale/link_MonthYear' is: 'June 2170'&#xD;
&#xD;
2019-11-01 02:40:55 - [MESSAGE][PASSED] - Object: 'Object Repository/Pages/Sale/calender_NextButton' is clicked on&#xD;
&#xD;
2019-11-01 02:40:55 - [MESSAGE][PASSED] - Text of object 'Object Repository/Pages/Sale/link_MonthYear' is: 'July 2170'&#xD;
&#xD;
2019-11-01 02:40:56 - [MESSAGE][PASSED] - Object: 'Object Repository/Pages/Sale/calender_NextButton' is clicked on&#xD;
&#xD;
2019-11-01 02:40:56 - [MESSAGE][PASSED] - Text of object 'Object Repository/Pages/Sale/link_MonthYear' is: 'August 2170'&#xD;
&#xD;
2019-11-01 02:40:56 - [MESSAGE][PASSED] - Object: 'Object Repository/Pages/Sale/calender_NextButton' is clicked on&#xD;
&#xD;
2019-11-01 02:40:56 - [MESSAGE][PASSED] - Text of object 'Object Repository/Pages/Sale/link_MonthYear' is: 'September 2170'&#xD;
&#xD;
2019-11-01 02:40:56 - [MESSAGE][PASSED] - Object: 'Object Repository/Pages/Sale/calender_NextButton' is clicked on&#xD;
&#xD;
2019-11-01 02:40:56 - [MESSAGE][PASSED] - Text of object 'Object Repository/Pages/Sale/link_MonthYear' is: 'October 2170'&#xD;
&#xD;
2019-11-01 02:40:57 - [MESSAGE][PASSED] - Object: 'Object Repository/Pages/Sale/calender_NextButton' is clicked on&#xD;
&#xD;
2019-11-01 02:40:57 - [MESSAGE][PASSED] - Text of object 'Object Repository/Pages/Sale/link_MonthYear' is: 'November 2170'&#xD;
&#xD;
2019-11-01 02:40:57 - [MESSAGE][PASSED] - Object: 'Object Repository/Pages/Sale/calender_NextButton' is clicked on&#xD;
&#xD;
2019-11-01 02:40:57 - [MESSAGE][PASSED] - Text of object 'Object Repository/Pages/Sale/link_MonthYear' is: 'December 2170'&#xD;
&#xD;
2019-11-01 02:40:57 - [MESSAGE][PASSED] - Object: 'Object Repository/Pages/Sale/calender_NextButton' is clicked on&#xD;
&#xD;
2019-11-01 02:40:57 - [MESSAGE][PASSED] - Text of object 'Object Repository/Pages/Sale/link_MonthYear' is: 'January 2171'&#xD;
&#xD;
2019-11-01 02:40:58 - [MESSAGE][PASSED] - Object: 'Object Repository/Pages/Sale/calender_NextButton' is clicked on&#xD;
&#xD;
2019-11-01 02:40:58 - [MESSAGE][PASSED] - Text of object 'Object Repository/Pages/Sale/link_MonthYear' is: 'February 2171'&#xD;
&#xD;
2019-11-01 02:40:58 - [MESSAGE][PASSED] - Object: 'Object Repository/Pages/Sale/calender_NextButton' is clicked on&#xD;
&#xD;
2019-11-01 02:40:58 - [MESSAGE][PASSED] - Text of object 'Object Repository/Pages/Sale/link_MonthYear' is: 'March 2171'&#xD;
&#xD;
2019-11-01 02:40:58 - [MESSAGE][PASSED] - Object: 'Object Repository/Pages/Sale/calender_NextButton' is clicked on&#xD;
&#xD;
2019-11-01 02:40:58 - [MESSAGE][PASSED] - Text of object 'Object Repository/Pages/Sale/link_MonthYear' is: 'April 2171'&#xD;
&#xD;
2019-11-01 02:40:59 - [MESSAGE][PASSED] - Object: 'Object Repository/Pages/Sale/calender_NextButton' is clicked on&#xD;
&#xD;
2019-11-01 02:40:59 - [MESSAGE][PASSED] - Text of object 'Object Repository/Pages/Sale/link_MonthYear' is: 'May 2171'&#xD;
&#xD;
2019-11-01 02:40:59 - [MESSAGE][PASSED] - Object: 'Object Repository/Pages/Sale/calender_NextButton' is clicked on&#xD;
&#xD;
2019-11-01 02:40:59 - [MESSAGE][PASSED] - Text of object 'Object Repository/Pages/Sale/link_MonthYear' is: 'June 2171'&#xD;
&#xD;
2019-11-01 02:40:59 - [MESSAGE][PASSED] - Object: 'Object Repository/Pages/Sale/calender_NextButton' is clicked on&#xD;
&#xD;
2019-11-01 02:40:59 - [MESSAGE][PASSED] - Text of object 'Object Repository/Pages/Sale/link_MonthYear' is: 'July 2171'&#xD;
&#xD;
2019-11-01 02:40:59 - [MESSAGE][PASSED] - Object: 'Object Repository/Pages/Sale/calender_NextButton' is clicked on&#xD;
&#xD;
2019-11-01 02:40:59 - [MESSAGE][PASSED] - Text of object 'Object Repository/Pages/Sale/link_MonthYear' is: 'August 2171'&#xD;
&#xD;
2019-11-01 02:41:00 - [MESSAGE][PASSED] - Object: 'Object Repository/Pages/Sale/calender_NextButton' is clicked on&#xD;
&#xD;
2019-11-01 02:41:00 - [MESSAGE][PASSED] - Text of object 'Object Repository/Pages/Sale/link_MonthYear' is: 'September 2171'&#xD;
&#xD;
2019-11-01 02:41:00 - [MESSAGE][PASSED] - Object: 'Object Repository/Pages/Sale/calender_NextButton' is clicked on&#xD;
&#xD;
2019-11-01 02:41:00 - [MESSAGE][PASSED] - Text of object 'Object Repository/Pages/Sale/link_MonthYear' is: 'October 2171'&#xD;
&#xD;
2019-11-01 02:41:00 - [MESSAGE][PASSED] - Object: 'Object Repository/Pages/Sale/calender_NextButton' is clicked on&#xD;
&#xD;
2019-11-01 02:41:00 - [MESSAGE][PASSED] - Text of object 'Object Repository/Pages/Sale/link_MonthYear' is: 'November 2171'&#xD;
&#xD;
2019-11-01 02:41:01 - [MESSAGE][PASSED] - Object: 'Object Repository/Pages/Sale/calender_NextButton' is clicked on&#xD;
&#xD;
2019-11-01 02:41:01 - [MESSAGE][PASSED] - Text of object 'Object Repository/Pages/Sale/link_MonthYear' is: 'December 2171'&#xD;
&#xD;
2019-11-01 02:41:01 - [MESSAGE][PASSED] - Object: 'Object Repository/Pages/Sale/calender_NextButton' is clicked on&#xD;
&#xD;
2019-11-01 02:41:01 - [MESSAGE][PASSED] - Text of object 'Object Repository/Pages/Sale/link_MonthYear' is: 'January 2172'&#xD;
&#xD;
2019-11-01 02:41:01 - [MESSAGE][PASSED] - Object: 'Object Repository/Pages/Sale/calender_NextButton' is clicked on&#xD;
&#xD;
2019-11-01 02:41:01 - [MESSAGE][PASSED] - Text of object 'Object Repository/Pages/Sale/link_MonthYear' is: 'February 2172'&#xD;
&#xD;
2019-11-01 02:41:02 - [MESSAGE][PASSED] - Object: 'Object Repository/Pages/Sale/calender_NextButton' is clicked on&#xD;
&#xD;
2019-11-01 02:41:02 - [MESSAGE][PASSED] - Text of object 'Object Repository/Pages/Sale/link_MonthYear' is: 'March 2172'&#xD;
&#xD;
2019-11-01 02:41:02 - [MESSAGE][PASSED] - Object: 'Object Repository/Pages/Sale/calender_NextButton' is clicked on&#xD;
&#xD;
2019-11-01 02:41:02 - [MESSAGE][PASSED] - Text of object 'Object Repository/Pages/Sale/link_MonthYear' is: 'April 2172'&#xD;
&#xD;
2019-11-01 02:41:02 - [MESSAGE][PASSED] - Object: 'Object Repository/Pages/Sale/calender_NextButton' is clicked on&#xD;
&#xD;
2019-11-01 02:41:02 - [MESSAGE][PASSED] - Text of object 'Object Repository/Pages/Sale/link_MonthYear' is: 'May 2172'&#xD;
&#xD;
2019-11-01 02:41:03 - [MESSAGE][PASSED] - Object: 'Object Repository/Pages/Sale/calender_NextButton' is clicked on&#xD;
&#xD;
2019-11-01 02:41:03 - [MESSAGE][PASSED] - Text of object 'Object Repository/Pages/Sale/link_MonthYear' is: 'June 2172'&#xD;
&#xD;
2019-11-01 02:41:03 - [MESSAGE][PASSED] - Object: 'Object Repository/Pages/Sale/calender_NextButton' is clicked on&#xD;
&#xD;
2019-11-01 02:41:03 - [MESSAGE][PASSED] - Text of object 'Object Repository/Pages/Sale/link_MonthYear' is: 'July 2172'&#xD;
&#xD;
2019-11-01 02:41:03 - [MESSAGE][PASSED] - Object: 'Object Repository/Pages/Sale/calender_NextButton' is clicked on&#xD;
&#xD;
2019-11-01 02:41:03 - [MESSAGE][PASSED] - Text of object 'Object Repository/Pages/Sale/link_MonthYear' is: 'August 2172'&#xD;
&#xD;
2019-11-01 02:41:03 - [MESSAGE][PASSED] - Object: 'Object Repository/Pages/Sale/calender_NextButton' is clicked on&#xD;
&#xD;
2019-11-01 02:41:03 - [MESSAGE][PASSED] - Text of object 'Object Repository/Pages/Sale/link_MonthYear' is: 'September 2172'&#xD;
&#xD;
2019-11-01 02:41:04 - [MESSAGE][PASSED] - Object: 'Object Repository/Pages/Sale/calender_NextButton' is clicked on&#xD;
&#xD;
2019-11-01 02:41:04 - [MESSAGE][PASSED] - Text of object 'Object Repository/Pages/Sale/link_MonthYear' is: 'October 2172'&#xD;
&#xD;
2019-11-01 02:41:04 - [MESSAGE][PASSED] - Object: 'Object Repository/Pages/Sale/calender_NextButton' is clicked on&#xD;
&#xD;
2019-11-01 02:41:04 - [MESSAGE][PASSED] - Text of object 'Object Repository/Pages/Sale/link_MonthYear' is: 'November 2172'&#xD;
&#xD;
2019-11-01 02:41:04 - [MESSAGE][PASSED] - Object: 'Object Repository/Pages/Sale/calender_NextButton' is clicked on&#xD;
&#xD;
2019-11-01 02:41:05 - [MESSAGE][PASSED] - Text of object 'Object Repository/Pages/Sale/link_MonthYear' is: 'December 2172'&#xD;
&#xD;
2019-11-01 02:41:05 - [MESSAGE][PASSED] - Object: 'Object Repository/Pages/Sale/calender_NextButton' is clicked on&#xD;
&#xD;
2019-11-01 02:41:05 - [MESSAGE][PASSED] - Text of object 'Object Repository/Pages/Sale/link_MonthYear' is: 'January 2173'&#xD;
&#xD;
2019-11-01 02:41:05 - [MESSAGE][PASSED] - Object: 'Object Repository/Pages/Sale/calender_NextButton' is clicked on&#xD;
&#xD;
2019-11-01 02:41:05 - [MESSAGE][PASSED] - Text of object 'Object Repository/Pages/Sale/link_MonthYear' is: 'February 2173'&#xD;
&#xD;
2019-11-01 02:41:05 - [MESSAGE][PASSED] - Object: 'Object Repository/Pages/Sale/calender_NextButton' is clicked on&#xD;
&#xD;
2019-11-01 02:41:05 - [MESSAGE][PASSED] - Text of object 'Object Repository/Pages/Sale/link_MonthYear' is: 'March 2173'&#xD;
&#xD;
2019-11-01 02:41:06 - [MESSAGE][PASSED] - Object: 'Object Repository/Pages/Sale/calender_NextButton' is clicked on&#xD;
&#xD;
2019-11-01 02:41:06 - [MESSAGE][PASSED] - Text of object 'Object Repository/Pages/Sale/link_MonthYear' is: 'April 2173'&#xD;
&#xD;
2019-11-01 02:41:06 - [MESSAGE][PASSED] - Object: 'Object Repository/Pages/Sale/calender_NextButton' is clicked on&#xD;
&#xD;
2019-11-01 02:41:06 - [MESSAGE][PASSED] - Text of object 'Object Repository/Pages/Sale/link_MonthYear' is: 'May 2173'&#xD;
&#xD;
2019-11-01 02:41:06 - [MESSAGE][PASSED] - Object: 'Object Repository/Pages/Sale/calender_NextButton' is clicked on&#xD;
&#xD;
2019-11-01 02:41:06 - [MESSAGE][PASSED] - Text of object 'Object Repository/Pages/Sale/link_MonthYear' is: 'June 2173'&#xD;
&#xD;
2019-11-01 02:41:07 - [MESSAGE][PASSED] - Object: 'Object Repository/Pages/Sale/calender_NextButton' is clicked on&#xD;
&#xD;
2019-11-01 02:41:07 - [MESSAGE][PASSED] - Text of object 'Object Repository/Pages/Sale/link_MonthYear' is: 'July 2173'&#xD;
&#xD;
2019-11-01 02:41:07 - [MESSAGE][PASSED] - Object: 'Object Repository/Pages/Sale/calender_NextButton' is clicked on&#xD;
&#xD;
2019-11-01 02:41:07 - [MESSAGE][PASSED] - Text of object 'Object Repository/Pages/Sale/link_MonthYear' is: 'August 2173'&#xD;
&#xD;
2019-11-01 02:41:07 - [MESSAGE][PASSED] - Object: 'Object Repository/Pages/Sale/calender_NextButton' is clicked on&#xD;
&#xD;
2019-11-01 02:41:07 - [MESSAGE][PASSED] - Text of object 'Object Repository/Pages/Sale/link_MonthYear' is: 'September 2173'&#xD;
&#xD;
2019-11-01 02:41:08 - [MESSAGE][PASSED] - Object: 'Object Repository/Pages/Sale/calender_NextButton' is clicked on&#xD;
&#xD;
2019-11-01 02:41:08 - [MESSAGE][PASSED] - Text of object 'Object Repository/Pages/Sale/link_MonthYear' is: 'October 2173'&#xD;
&#xD;
2019-11-01 02:41:08 - [MESSAGE][PASSED] - Object: 'Object Repository/Pages/Sale/calender_NextButton' is clicked on&#xD;
&#xD;
2019-11-01 02:41:08 - [MESSAGE][PASSED] - Text of object 'Object Repository/Pages/Sale/link_MonthYear' is: 'November 2173'&#xD;
&#xD;
2019-11-01 02:41:08 - [MESSAGE][PASSED] - Object: 'Object Repository/Pages/Sale/calender_NextButton' is clicked on&#xD;
&#xD;
2019-11-01 02:41:08 - [MESSAGE][PASSED] - Text of object 'Object Repository/Pages/Sale/link_MonthYear' is: 'December 2173'&#xD;
&#xD;
2019-11-01 02:41:08 - [MESSAGE][PASSED] - Object: 'Object Repository/Pages/Sale/calender_NextButton' is clicked on&#xD;
&#xD;
2019-11-01 02:41:08 - [MESSAGE][PASSED] - Text of object 'Object Repository/Pages/Sale/link_MonthYear' is: 'January 2174'&#xD;
&#xD;
2019-11-01 02:41:09 - [MESSAGE][PASSED] - Object: 'Object Repository/Pages/Sale/calender_NextButton' is clicked on&#xD;
&#xD;
2019-11-01 02:41:09 - [MESSAGE][PASSED] - Text of object 'Object Repository/Pages/Sale/link_MonthYear' is: 'February 2174'&#xD;
&#xD;
2019-11-01 02:41:09 - [MESSAGE][PASSED] - Object: 'Object Repository/Pages/Sale/calender_NextButton' is clicked on&#xD;
&#xD;
2019-11-01 02:41:09 - [MESSAGE][PASSED] - Text of object 'Object Repository/Pages/Sale/link_MonthYear' is: 'March 2174'&#xD;
&#xD;
2019-11-01 02:41:09 - [MESSAGE][PASSED] - Object: 'Object Repository/Pages/Sale/calender_NextButton' is clicked on&#xD;
&#xD;
2019-11-01 02:41:09 - [MESSAGE][PASSED] - Text of object 'Object Repository/Pages/Sale/link_MonthYear' is: 'April 2174'&#xD;
&#xD;
2019-11-01 02:41:10 - [MESSAGE][PASSED] - Object: 'Object Repository/Pages/Sale/calender_NextButton' is clicked on&#xD;
&#xD;
2019-11-01 02:41:10 - [MESSAGE][PASSED] - Text of object 'Object Repository/Pages/Sale/link_MonthYear' is: 'May 2174'&#xD;
&#xD;
2019-11-01 02:41:10 - [MESSAGE][PASSED] - Object: 'Object Repository/Pages/Sale/calender_NextButton' is clicked on&#xD;
&#xD;
2019-11-01 02:41:10 - [MESSAGE][PASSED] - Text of object 'Object Repository/Pages/Sale/link_MonthYear' is: 'June 2174'&#xD;
&#xD;
2019-11-01 02:41:10 - [MESSAGE][PASSED] - Object: 'Object Repository/Pages/Sale/calender_NextButton' is clicked on&#xD;
&#xD;
2019-11-01 02:41:10 - [MESSAGE][PASSED] - Text of object 'Object Repository/Pages/Sale/link_MonthYear' is: 'July 2174'&#xD;
&#xD;
2019-11-01 02:41:11 - [MESSAGE][PASSED] - Object: 'Object Repository/Pages/Sale/calender_NextButton' is clicked on&#xD;
&#xD;
2019-11-01 02:41:11 - [MESSAGE][PASSED] - Text of object 'Object Repository/Pages/Sale/link_MonthYear' is: 'August 2174'&#xD;
&#xD;
2019-11-01 02:41:11 - [MESSAGE][PASSED] - Object: 'Object Repository/Pages/Sale/calender_NextButton' is clicked on&#xD;
&#xD;
2019-11-01 02:41:11 - [MESSAGE][PASSED] - Text of object 'Object Repository/Pages/Sale/link_MonthYear' is: 'September 2174'&#xD;
&#xD;
2019-11-01 02:41:11 - [MESSAGE][PASSED] - Object: 'Object Repository/Pages/Sale/calender_NextButton' is clicked on&#xD;
&#xD;
2019-11-01 02:41:11 - [MESSAGE][PASSED] - Text of object 'Object Repository/Pages/Sale/link_MonthYear' is: 'October 2174'&#xD;
&#xD;
2019-11-01 02:41:12 - [MESSAGE][PASSED] - Object: 'Object Repository/Pages/Sale/calender_NextButton' is clicked on&#xD;
&#xD;
2019-11-01 02:41:12 - [MESSAGE][PASSED] - Text of object 'Object Repository/Pages/Sale/link_MonthYear' is: 'November 2174'&#xD;
&#xD;
2019-11-01 02:41:12 - [MESSAGE][PASSED] - Object: 'Object Repository/Pages/Sale/calender_NextButton' is clicked on&#xD;
&#xD;
2019-11-01 02:41:12 - [MESSAGE][PASSED] - Text of object 'Object Repository/Pages/Sale/link_MonthYear' is: 'December 2174'&#xD;
&#xD;
2019-11-01 02:41:12 - [MESSAGE][PASSED] - Object: 'Object Repository/Pages/Sale/calender_NextButton' is clicked on&#xD;
&#xD;
2019-11-01 02:41:12 - [MESSAGE][PASSED] - Text of object 'Object Repository/Pages/Sale/link_MonthYear' is: 'January 2175'&#xD;
&#xD;
2019-11-01 02:41:13 - [MESSAGE][PASSED] - Object: 'Object Repository/Pages/Sale/calender_NextButton' is clicked on&#xD;
&#xD;
2019-11-01 02:41:13 - [MESSAGE][PASSED] - Text of object 'Object Repository/Pages/Sale/link_MonthYear' is: 'February 2175'&#xD;
&#xD;
2019-11-01 02:41:13 - [MESSAGE][PASSED] - Object: 'Object Repository/Pages/Sale/calender_NextButton' is clicked on&#xD;
&#xD;
2019-11-01 02:41:13 - [MESSAGE][PASSED] - Text of object 'Object Repository/Pages/Sale/link_MonthYear' is: 'March 2175'&#xD;
&#xD;
2019-11-01 02:41:13 - [MESSAGE][PASSED] - Object: 'Object Repository/Pages/Sale/calender_NextButton' is clicked on&#xD;
&#xD;
2019-11-01 02:41:13 - [MESSAGE][PASSED] - Text of object 'Object Repository/Pages/Sale/link_MonthYear' is: 'April 2175'&#xD;
&#xD;
2019-11-01 02:41:13 - [MESSAGE][PASSED] - Object: 'Object Repository/Pages/Sale/calender_NextButton' is clicked on&#xD;
&#xD;
2019-11-01 02:41:13 - [MESSAGE][PASSED] - Text of object 'Object Repository/Pages/Sale/link_MonthYear' is: 'May 2175'&#xD;
&#xD;
2019-11-01 02:41:14 - [MESSAGE][PASSED] - Object: 'Object Repository/Pages/Sale/calender_NextButton' is clicked on&#xD;
&#xD;
2019-11-01 02:41:14 - [MESSAGE][PASSED] - Text of object 'Object Repository/Pages/Sale/link_MonthYear' is: 'June 2175'&#xD;
&#xD;
2019-11-01 02:41:14 - [MESSAGE][PASSED] - Object: 'Object Repository/Pages/Sale/calender_NextButton' is clicked on&#xD;
&#xD;
2019-11-01 02:41:14 - [MESSAGE][PASSED] - Text of object 'Object Repository/Pages/Sale/link_MonthYear' is: 'July 2175'&#xD;
&#xD;
2019-11-01 02:41:14 - [MESSAGE][PASSED] - Object: 'Object Repository/Pages/Sale/calender_NextButton' is clicked on&#xD;
&#xD;
2019-11-01 02:41:14 - [MESSAGE][PASSED] - Text of object 'Object Repository/Pages/Sale/link_MonthYear' is: 'August 2175'&#xD;
&#xD;
2019-11-01 02:41:15 - [MESSAGE][PASSED] - Object: 'Object Repository/Pages/Sale/calender_NextButton' is clicked on&#xD;
&#xD;
2019-11-01 02:41:15 - [MESSAGE][PASSED] - Text of object 'Object Repository/Pages/Sale/link_MonthYear' is: 'September 2175'&#xD;
&#xD;
2019-11-01 02:41:15 - [MESSAGE][PASSED] - Object: 'Object Repository/Pages/Sale/calender_NextButton' is clicked on&#xD;
&#xD;
2019-11-01 02:41:15 - [MESSAGE][PASSED] - Text of object 'Object Repository/Pages/Sale/link_MonthYear' is: 'October 2175'&#xD;
&#xD;
2019-11-01 02:41:15 - [MESSAGE][PASSED] - Object: 'Object Repository/Pages/Sale/calender_NextButton' is clicked on&#xD;
&#xD;
2019-11-01 02:41:15 - [MESSAGE][PASSED] - Text of object 'Object Repository/Pages/Sale/link_MonthYear' is: 'November 2175'&#xD;
&#xD;
2019-11-01 02:41:16 - [MESSAGE][PASSED] - Object: 'Object Repository/Pages/Sale/calender_NextButton' is clicked on&#xD;
&#xD;
2019-11-01 02:41:16 - [MESSAGE][PASSED] - Text of object 'Object Repository/Pages/Sale/link_MonthYear' is: 'December 2175'&#xD;
&#xD;
2019-11-01 02:41:16 - [MESSAGE][PASSED] - Object: 'Object Repository/Pages/Sale/calender_NextButton' is clicked on&#xD;
&#xD;
2019-11-01 02:41:16 - [MESSAGE][PASSED] - Text of object 'Object Repository/Pages/Sale/link_MonthYear' is: 'January 2176'&#xD;
&#xD;
2019-11-01 02:41:16 - [MESSAGE][PASSED] - Object: 'Object Repository/Pages/Sale/calender_NextButton' is clicked on&#xD;
&#xD;
2019-11-01 02:41:16 - [MESSAGE][PASSED] - Text of object 'Object Repository/Pages/Sale/link_MonthYear' is: 'February 2176'&#xD;
&#xD;
2019-11-01 02:41:17 - [MESSAGE][PASSED] - Object: 'Object Repository/Pages/Sale/calender_NextButton' is clicked on&#xD;
&#xD;
2019-11-01 02:41:17 - [MESSAGE][PASSED] - Text of object 'Object Repository/Pages/Sale/link_MonthYear' is: 'March 2176'&#xD;
&#xD;
2019-11-01 02:41:17 - [MESSAGE][PASSED] - Object: 'Object Repository/Pages/Sale/calender_NextButton' is clicked on&#xD;
&#xD;
2019-11-01 02:41:17 - [MESSAGE][PASSED] - Text of object 'Object Repository/Pages/Sale/link_MonthYear' is: 'April 2176'&#xD;
&#xD;
2019-11-01 02:41:17 - [MESSAGE][PASSED] - Object: 'Object Repository/Pages/Sale/calender_NextButton' is clicked on&#xD;
&#xD;
2019-11-01 02:41:17 - [MESSAGE][PASSED] - Text of object 'Object Repository/Pages/Sale/link_MonthYear' is: 'May 2176'&#xD;
&#xD;
2019-11-01 02:41:17 - [MESSAGE][PASSED] - Object: 'Object Repository/Pages/Sale/calender_NextButton' is clicked on&#xD;
&#xD;
2019-11-01 02:41:17 - [MESSAGE][PASSED] - Text of object 'Object Repository/Pages/Sale/link_MonthYear' is: 'June 2176'&#xD;
&#xD;
2019-11-01 02:41:18 - [MESSAGE][PASSED] - Object: 'Object Repository/Pages/Sale/calender_NextButton' is clicked on&#xD;
&#xD;
2019-11-01 02:41:18 - [MESSAGE][PASSED] - Text of object 'Object Repository/Pages/Sale/link_MonthYear' is: 'July 2176'&#xD;
&#xD;
2019-11-01 02:41:18 - [MESSAGE][PASSED] - Object: 'Object Repository/Pages/Sale/calender_NextButton' is clicked on&#xD;
&#xD;
2019-11-01 02:41:18 - [MESSAGE][PASSED] - Text of object 'Object Repository/Pages/Sale/link_MonthYear' is: 'August 2176'&#xD;
&#xD;
2019-11-01 02:41:18 - [MESSAGE][PASSED] - Object: 'Object Repository/Pages/Sale/calender_NextButton' is clicked on&#xD;
&#xD;
2019-11-01 02:41:18 - [MESSAGE][PASSED] - Text of object 'Object Repository/Pages/Sale/link_MonthYear' is: 'September 2176'&#xD;
&#xD;
2019-11-01 02:41:19 - [MESSAGE][PASSED] - Object: 'Object Repository/Pages/Sale/calender_NextButton' is clicked on&#xD;
&#xD;
2019-11-01 02:41:19 - [MESSAGE][PASSED] - Text of object 'Object Repository/Pages/Sale/link_MonthYear' is: 'October 2176'&#xD;
&#xD;
2019-11-01 02:41:19 - [MESSAGE][PASSED] - Object: 'Object Repository/Pages/Sale/calender_NextButton' is clicked on&#xD;
&#xD;
2019-11-01 02:41:19 - [MESSAGE][PASSED] - Text of object 'Object Repository/Pages/Sale/link_MonthYear' is: 'November 2176'&#xD;
&#xD;
2019-11-01 02:41:19 - [MESSAGE][PASSED] - Object: 'Object Repository/Pages/Sale/calender_NextButton' is clicked on&#xD;
&#xD;
2019-11-01 02:41:19 - [MESSAGE][PASSED] - Text of object 'Object Repository/Pages/Sale/link_MonthYear' is: 'December 2176'&#xD;
&#xD;
2019-11-01 02:41:20 - [MESSAGE][PASSED] - Object: 'Object Repository/Pages/Sale/calender_NextButton' is clicked on&#xD;
&#xD;
2019-11-01 02:41:20 - [MESSAGE][PASSED] - Text of object 'Object Repository/Pages/Sale/link_MonthYear' is: 'January 2177'&#xD;
&#xD;
2019-11-01 02:41:20 - [MESSAGE][PASSED] - Object: 'Object Repository/Pages/Sale/calender_NextButton' is clicked on&#xD;
&#xD;
2019-11-01 02:41:20 - [MESSAGE][PASSED] - Text of object 'Object Repository/Pages/Sale/link_MonthYear' is: 'February 2177'&#xD;
&#xD;
2019-11-01 02:41:20 - [MESSAGE][PASSED] - Object: 'Object Repository/Pages/Sale/calender_NextButton' is clicked on&#xD;
&#xD;
2019-11-01 02:41:20 - [MESSAGE][PASSED] - Text of object 'Object Repository/Pages/Sale/link_MonthYear' is: 'March 2177'&#xD;
&#xD;
2019-11-01 02:41:21 - [MESSAGE][PASSED] - Object: 'Object Repository/Pages/Sale/calender_NextButton' is clicked on&#xD;
&#xD;
2019-11-01 02:41:21 - [MESSAGE][PASSED] - Text of object 'Object Repository/Pages/Sale/link_MonthYear' is: 'April 2177'&#xD;
&#xD;
2019-11-01 02:41:21 - [MESSAGE][PASSED] - Object: 'Object Repository/Pages/Sale/calender_NextButton' is clicked on&#xD;
&#xD;
2019-11-01 02:41:21 - [MESSAGE][PASSED] - Text of object 'Object Repository/Pages/Sale/link_MonthYear' is: 'May 2177'&#xD;
&#xD;
2019-11-01 02:41:21 - [MESSAGE][PASSED] - Object: 'Object Repository/Pages/Sale/calender_NextButton' is clicked on&#xD;
&#xD;
2019-11-01 02:41:21 - [MESSAGE][PASSED] - Text of object 'Object Repository/Pages/Sale/link_MonthYear' is: 'June 2177'&#xD;
&#xD;
2019-11-01 02:41:21 - [MESSAGE][PASSED] - Object: 'Object Repository/Pages/Sale/calender_NextButton' is clicked on&#xD;
&#xD;
2019-11-01 02:41:21 - [MESSAGE][PASSED] - Text of object 'Object Repository/Pages/Sale/link_MonthYear' is: 'July 2177'&#xD;
&#xD;
2019-11-01 02:41:22 - [MESSAGE][PASSED] - Object: 'Object Repository/Pages/Sale/calender_NextButton' is clicked on&#xD;
&#xD;
2019-11-01 02:41:22 - [MESSAGE][PASSED] - Text of object 'Object Repository/Pages/Sale/link_MonthYear' is: 'August 2177'&#xD;
&#xD;
2019-11-01 02:41:22 - [MESSAGE][PASSED] - Object: 'Object Repository/Pages/Sale/calender_NextButton' is clicked on&#xD;
&#xD;
2019-11-01 02:41:22 - [MESSAGE][PASSED] - Text of object 'Object Repository/Pages/Sale/link_MonthYear' is: 'September 2177'&#xD;
&#xD;
2019-11-01 02:41:22 - [MESSAGE][PASSED] - Object: 'Object Repository/Pages/Sale/calender_NextButton' is clicked on&#xD;
&#xD;
2019-11-01 02:41:22 - [MESSAGE][PASSED] - Text of object 'Object Repository/Pages/Sale/link_MonthYear' is: 'October 2177'&#xD;
&#xD;
2019-11-01 02:41:23 - [MESSAGE][PASSED] - Object: 'Object Repository/Pages/Sale/calender_NextButton' is clicked on&#xD;
&#xD;
2019-11-01 02:41:23 - [MESSAGE][PASSED] - Text of object 'Object Repository/Pages/Sale/link_MonthYear' is: 'November 2177'&#xD;
&#xD;
2019-11-01 02:41:23 - [MESSAGE][PASSED] - Object: 'Object Repository/Pages/Sale/calender_NextButton' is clicked on&#xD;
&#xD;
2019-11-01 02:41:23 - [MESSAGE][PASSED] - Text of object 'Object Repository/Pages/Sale/link_MonthYear' is: 'December 2177'&#xD;
&#xD;
2019-11-01 02:41:23 - [MESSAGE][PASSED] - Object: 'Object Repository/Pages/Sale/calender_NextButton' is clicked on&#xD;
&#xD;
2019-11-01 02:41:23 - [MESSAGE][PASSED] - Text of object 'Object Repository/Pages/Sale/link_MonthYear' is: 'January 2178'&#xD;
&#xD;
2019-11-01 02:41:24 - [MESSAGE][PASSED] - Object: 'Object Repository/Pages/Sale/calender_NextButton' is clicked on&#xD;
&#xD;
2019-11-01 02:41:24 - [MESSAGE][PASSED] - Text of object 'Object Repository/Pages/Sale/link_MonthYear' is: 'February 2178'&#xD;
&#xD;
2019-11-01 02:41:24 - [MESSAGE][PASSED] - Object: 'Object Repository/Pages/Sale/calender_NextButton' is clicked on&#xD;
&#xD;
2019-11-01 02:41:24 - [MESSAGE][PASSED] - Text of object 'Object Repository/Pages/Sale/link_MonthYear' is: 'March 2178'&#xD;
&#xD;
2019-11-01 02:41:24 - [MESSAGE][PASSED] - Object: 'Object Repository/Pages/Sale/calender_NextButton' is clicked on&#xD;
&#xD;
2019-11-01 02:41:24 - [MESSAGE][PASSED] - Text of object 'Object Repository/Pages/Sale/link_MonthYear' is: 'April 2178'&#xD;
&#xD;
2019-11-01 02:41:25 - [MESSAGE][PASSED] - Object: 'Object Repository/Pages/Sale/calender_NextButton' is clicked on&#xD;
&#xD;
2019-11-01 02:41:25 - [MESSAGE][PASSED] - Text of object 'Object Repository/Pages/Sale/link_MonthYear' is: 'May 2178'&#xD;
&#xD;
2019-11-01 02:41:25 - [MESSAGE][PASSED] - Object: 'Object Repository/Pages/Sale/calender_NextButton' is clicked on&#xD;
&#xD;
2019-11-01 02:41:25 - [MESSAGE][PASSED] - Text of object 'Object Repository/Pages/Sale/link_MonthYear' is: 'June 2178'&#xD;
&#xD;
2019-11-01 02:41:25 - [MESSAGE][PASSED] - Object: 'Object Repository/Pages/Sale/calender_NextButton' is clicked on&#xD;
&#xD;
2019-11-01 02:41:25 - [MESSAGE][PASSED] - Text of object 'Object Repository/Pages/Sale/link_MonthYear' is: 'July 2178'&#xD;
&#xD;
2019-11-01 02:41:26 - [MESSAGE][PASSED] - Object: 'Object Repository/Pages/Sale/calender_NextButton' is clicked on&#xD;
&#xD;
2019-11-01 02:41:26 - [MESSAGE][PASSED] - Text of object 'Object Repository/Pages/Sale/link_MonthYear' is: 'August 2178'&#xD;
&#xD;
2019-11-01 02:41:26 - [MESSAGE][PASSED] - Object: 'Object Repository/Pages/Sale/calender_NextButton' is clicked on&#xD;
&#xD;
2019-11-01 02:41:26 - [MESSAGE][PASSED] - Text of object 'Object Repository/Pages/Sale/link_MonthYear' is: 'September 2178'&#xD;
&#xD;
2019-11-01 02:41:26 - [MESSAGE][PASSED] - Object: 'Object Repository/Pages/Sale/calender_NextButton' is clicked on&#xD;
&#xD;
2019-11-01 02:41:26 - [MESSAGE][PASSED] - Text of object 'Object Repository/Pages/Sale/link_MonthYear' is: 'October 2178'&#xD;
&#xD;
2019-11-01 02:41:26 - [MESSAGE][PASSED] - Object: 'Object Repository/Pages/Sale/calender_NextButton' is clicked on&#xD;
&#xD;
2019-11-01 02:41:26 - [MESSAGE][PASSED] - Text of object 'Object Repository/Pages/Sale/link_MonthYear' is: 'November 2178'&#xD;
&#xD;
2019-11-01 02:41:27 - [MESSAGE][PASSED] - Object: 'Object Repository/Pages/Sale/calender_NextButton' is clicked on&#xD;
&#xD;
2019-11-01 02:41:27 - [MESSAGE][PASSED] - Text of object 'Object Repository/Pages/Sale/link_MonthYear' is: 'December 2178'&#xD;
&#xD;
2019-11-01 02:41:27 - [MESSAGE][PASSED] - Object: 'Object Repository/Pages/Sale/calender_NextButton' is clicked on&#xD;
&#xD;
2019-11-01 02:41:27 - [MESSAGE][PASSED] - Text of object 'Object Repository/Pages/Sale/link_MonthYear' is: 'January 2179'&#xD;
&#xD;
2019-11-01 02:41:27 - [MESSAGE][PASSED] - Object: 'Object Repository/Pages/Sale/calender_NextButton' is clicked on&#xD;
&#xD;
2019-11-01 02:41:27 - [MESSAGE][PASSED] - Text of object 'Object Repository/Pages/Sale/link_MonthYear' is: 'February 2179'&#xD;
&#xD;
2019-11-01 02:41:28 - [MESSAGE][PASSED] - Object: 'Object Repository/Pages/Sale/calender_NextButton' is clicked on&#xD;
&#xD;
2019-11-01 02:41:28 - [MESSAGE][PASSED] - Text of object 'Object Repository/Pages/Sale/link_MonthYear' is: 'March 2179'&#xD;
&#xD;
2019-11-01 02:41:28 - [MESSAGE][PASSED] - Object: 'Object Repository/Pages/Sale/calender_NextButton' is clicked on&#xD;
&#xD;
2019-11-01 02:41:28 - [MESSAGE][PASSED] - Text of object 'Object Repository/Pages/Sale/link_MonthYear' is: 'April 2179'&#xD;
&#xD;
2019-11-01 02:41:28 - [MESSAGE][PASSED] - Object: 'Object Repository/Pages/Sale/calender_NextButton' is clicked on&#xD;
&#xD;
2019-11-01 02:41:28 - [MESSAGE][PASSED] - Text of object 'Object Repository/Pages/Sale/link_MonthYear' is: 'May 2179'&#xD;
&#xD;
2019-11-01 02:41:28 - [MESSAGE][PASSED] - Object: 'Object Repository/Pages/Sale/calender_NextButton' is clicked on&#xD;
&#xD;
2019-11-01 02:41:29 - [MESSAGE][PASSED] - Text of object 'Object Repository/Pages/Sale/link_MonthYear' is: 'June 2179'&#xD;
&#xD;
2019-11-01 02:41:29 - [MESSAGE][PASSED] - Object: 'Object Repository/Pages/Sale/calender_NextButton' is clicked on&#xD;
&#xD;
2019-11-01 02:41:29 - [MESSAGE][PASSED] - Text of object 'Object Repository/Pages/Sale/link_MonthYear' is: 'July 2179'&#xD;
&#xD;
2019-11-01 02:41:29 - [MESSAGE][PASSED] - Object: 'Object Repository/Pages/Sale/calender_NextButton' is clicked on&#xD;
&#xD;
2019-11-01 02:41:29 - [MESSAGE][PASSED] - Text of object 'Object Repository/Pages/Sale/link_MonthYear' is: 'August 2179'&#xD;
&#xD;
2019-11-01 02:41:29 - [MESSAGE][PASSED] - Object: 'Object Repository/Pages/Sale/calender_NextButton' is clicked on&#xD;
&#xD;
2019-11-01 02:41:29 - [MESSAGE][PASSED] - Text of object 'Object Repository/Pages/Sale/link_MonthYear' is: 'September 2179'&#xD;
&#xD;
2019-11-01 02:41:30 - [MESSAGE][PASSED] - Object: 'Object Repository/Pages/Sale/calender_NextButton' is clicked on&#xD;
&#xD;
2019-11-01 02:41:30 - [MESSAGE][PASSED] - Text of object 'Object Repository/Pages/Sale/link_MonthYear' is: 'October 2179'&#xD;
&#xD;
2019-11-01 02:41:30 - [MESSAGE][PASSED] - Object: 'Object Repository/Pages/Sale/calender_NextButton' is clicked on&#xD;
&#xD;
2019-11-01 02:41:30 - [MESSAGE][PASSED] - Text of object 'Object Repository/Pages/Sale/link_MonthYear' is: 'November 2179'&#xD;
&#xD;
2019-11-01 02:41:30 - [MESSAGE][PASSED] - Object: 'Object Repository/Pages/Sale/calender_NextButton' is clicked on&#xD;
&#xD;
2019-11-01 02:41:30 - [MESSAGE][PASSED] - Text of object 'Object Repository/Pages/Sale/link_MonthYear' is: 'December 2179'&#xD;
&#xD;
2019-11-01 02:41:31 - [MESSAGE][PASSED] - Object: 'Object Repository/Pages/Sale/calender_NextButton' is clicked on&#xD;
&#xD;
2019-11-01 02:41:31 - [MESSAGE][PASSED] - Text of object 'Object Repository/Pages/Sale/link_MonthYear' is: 'January 2180'&#xD;
&#xD;
2019-11-01 02:41:31 - [MESSAGE][PASSED] - Object: 'Object Repository/Pages/Sale/calender_NextButton' is clicked on&#xD;
&#xD;
2019-11-01 02:41:31 - [MESSAGE][PASSED] - Text of object 'Object Repository/Pages/Sale/link_MonthYear' is: 'February 2180'&#xD;
&#xD;
2019-11-01 02:41:31 - [MESSAGE][PASSED] - Object: 'Object Repository/Pages/Sale/calender_NextButton' is clicked on&#xD;
&#xD;
2019-11-01 02:41:31 - [MESSAGE][PASSED] - Text of object 'Object Repository/Pages/Sale/link_MonthYear' is: 'March 2180'&#xD;
&#xD;
2019-11-01 02:41:32 - [MESSAGE][PASSED] - Object: 'Object Repository/Pages/Sale/calender_NextButton' is clicked on&#xD;
&#xD;
2019-11-01 02:41:32 - [MESSAGE][PASSED] - Text of object 'Object Repository/Pages/Sale/link_MonthYear' is: 'April 2180'&#xD;
&#xD;
2019-11-01 02:41:32 - [MESSAGE][PASSED] - Object: 'Object Repository/Pages/Sale/calender_NextButton' is clicked on&#xD;
&#xD;
2019-11-01 02:41:32 - [MESSAGE][PASSED] - Text of object 'Object Repository/Pages/Sale/link_MonthYear' is: 'May 2180'&#xD;
&#xD;
2019-11-01 02:41:32 - [MESSAGE][PASSED] - Object: 'Object Repository/Pages/Sale/calender_NextButton' is clicked on&#xD;
&#xD;
2019-11-01 02:41:32 - [MESSAGE][PASSED] - Text of object 'Object Repository/Pages/Sale/link_MonthYear' is: 'June 2180'&#xD;
&#xD;
2019-11-01 02:41:32 - [MESSAGE][PASSED] - Object: 'Object Repository/Pages/Sale/calender_NextButton' is clicked on&#xD;
&#xD;
2019-11-01 02:41:32 - [MESSAGE][PASSED] - Text of object 'Object Repository/Pages/Sale/link_MonthYear' is: 'July 2180'&#xD;
&#xD;
2019-11-01 02:41:33 - [MESSAGE][PASSED] - Object: 'Object Repository/Pages/Sale/calender_NextButton' is clicked on&#xD;
&#xD;
2019-11-01 02:41:33 - [MESSAGE][PASSED] - Text of object 'Object Repository/Pages/Sale/link_MonthYear' is: 'August 2180'&#xD;
&#xD;
2019-11-01 02:41:33 - [MESSAGE][PASSED] - Object: 'Object Repository/Pages/Sale/calender_NextButton' is clicked on&#xD;
&#xD;
2019-11-01 02:41:33 - [MESSAGE][PASSED] - Text of object 'Object Repository/Pages/Sale/link_MonthYear' is: 'September 2180'&#xD;
&#xD;
2019-11-01 02:41:33 - [MESSAGE][PASSED] - Object: 'Object Repository/Pages/Sale/calender_NextButton' is clicked on&#xD;
&#xD;
2019-11-01 02:41:33 - [MESSAGE][PASSED] - Text of object 'Object Repository/Pages/Sale/link_MonthYear' is: 'October 2180'&#xD;
&#xD;
2019-11-01 02:41:34 - [MESSAGE][PASSED] - Object: 'Object Repository/Pages/Sale/calender_NextButton' is clicked on&#xD;
&#xD;
2019-11-01 02:41:34 - [MESSAGE][PASSED] - Text of object 'Object Repository/Pages/Sale/link_MonthYear' is: 'November 2180'&#xD;
&#xD;
2019-11-01 02:41:34 - [MESSAGE][PASSED] - Object: 'Object Repository/Pages/Sale/calender_NextButton' is clicked on&#xD;
&#xD;
2019-11-01 02:41:34 - [MESSAGE][PASSED] - Text of object 'Object Repository/Pages/Sale/link_MonthYear' is: 'December 2180'&#xD;
&#xD;
2019-11-01 02:41:34 - [MESSAGE][PASSED] - Object: 'Object Repository/Pages/Sale/calender_NextButton' is clicked on&#xD;
&#xD;
2019-11-01 02:41:34 - [MESSAGE][PASSED] - Text of object 'Object Repository/Pages/Sale/link_MonthYear' is: 'January 2181'&#xD;
&#xD;
2019-11-01 02:41:35 - [MESSAGE][PASSED] - Object: 'Object Repository/Pages/Sale/calender_NextButton' is clicked on&#xD;
&#xD;
2019-11-01 02:41:35 - [MESSAGE][PASSED] - Text of object 'Object Repository/Pages/Sale/link_MonthYear' is: 'February 2181'&#xD;
&#xD;
2019-11-01 02:41:35 - [MESSAGE][PASSED] - Object: 'Object Repository/Pages/Sale/calender_NextButton' is clicked on&#xD;
&#xD;
2019-11-01 02:41:35 - [MESSAGE][PASSED] - Text of object 'Object Repository/Pages/Sale/link_MonthYear' is: 'March 2181'&#xD;
&#xD;
2019-11-01 02:41:35 - [MESSAGE][PASSED] - Object: 'Object Repository/Pages/Sale/calender_NextButton' is clicked on&#xD;
&#xD;
2019-11-01 02:41:35 - [MESSAGE][PASSED] - Text of object 'Object Repository/Pages/Sale/link_MonthYear' is: 'April 2181'&#xD;
&#xD;
2019-11-01 02:41:35 - [MESSAGE][PASSED] - Object: 'Object Repository/Pages/Sale/calender_NextButton' is clicked on&#xD;
&#xD;
2019-11-01 02:41:35 - [MESSAGE][PASSED] - Text of object 'Object Repository/Pages/Sale/link_MonthYear' is: 'May 2181'&#xD;
&#xD;
2019-11-01 02:41:36 - [MESSAGE][PASSED] - Object: 'Object Repository/Pages/Sale/calender_NextButton' is clicked on&#xD;
&#xD;
2019-11-01 02:41:36 - [MESSAGE][PASSED] - Text of object 'Object Repository/Pages/Sale/link_MonthYear' is: 'June 2181'&#xD;
&#xD;
2019-11-01 02:41:36 - [MESSAGE][PASSED] - Object: 'Object Repository/Pages/Sale/calender_NextButton' is clicked on&#xD;
&#xD;
2019-11-01 02:41:36 - [MESSAGE][PASSED] - Text of object 'Object Repository/Pages/Sale/link_MonthYear' is: 'July 2181'&#xD;
&#xD;
2019-11-01 02:41:36 - [MESSAGE][PASSED] - Object: 'Object Repository/Pages/Sale/calender_NextButton' is clicked on&#xD;
&#xD;
2019-11-01 02:41:36 - [MESSAGE][PASSED] - Text of object 'Object Repository/Pages/Sale/link_MonthYear' is: 'August 2181'&#xD;
&#xD;
2019-11-01 02:41:37 - [MESSAGE][PASSED] - Object: 'Object Repository/Pages/Sale/calender_NextButton' is clicked on&#xD;
&#xD;
2019-11-01 02:41:37 - [MESSAGE][PASSED] - Text of object 'Object Repository/Pages/Sale/link_MonthYear' is: 'September 2181'&#xD;
&#xD;
2019-11-01 02:41:37 - [MESSAGE][PASSED] - Object: 'Object Repository/Pages/Sale/calender_NextButton' is clicked on&#xD;
&#xD;
2019-11-01 02:41:37 - [MESSAGE][PASSED] - Text of object 'Object Repository/Pages/Sale/link_MonthYear' is: 'October 2181'&#xD;
&#xD;
2019-11-01 02:41:37 - [MESSAGE][PASSED] - Object: 'Object Repository/Pages/Sale/calender_NextButton' is clicked on&#xD;
&#xD;
2019-11-01 02:41:37 - [MESSAGE][PASSED] - Text of object 'Object Repository/Pages/Sale/link_MonthYear' is: 'November 2181'&#xD;
&#xD;
2019-11-01 02:41:38 - [MESSAGE][PASSED] - Object: 'Object Repository/Pages/Sale/calender_NextButton' is clicked on&#xD;
&#xD;
2019-11-01 02:41:38 - [MESSAGE][PASSED] - Text of object 'Object Repository/Pages/Sale/link_MonthYear' is: 'December 2181'&#xD;
&#xD;
2019-11-01 02:41:38 - [MESSAGE][PASSED] - Object: 'Object Repository/Pages/Sale/calender_NextButton' is clicked on&#xD;
&#xD;
2019-11-01 02:41:38 - [MESSAGE][PASSED] - Text of object 'Object Repository/Pages/Sale/link_MonthYear' is: 'January 2182'&#xD;
&#xD;
2019-11-01 02:41:38 - [MESSAGE][PASSED] - Object: 'Object Repository/Pages/Sale/calender_NextButton' is clicked on&#xD;
&#xD;
2019-11-01 02:41:38 - [MESSAGE][PASSED] - Text of object 'Object Repository/Pages/Sale/link_MonthYear' is: 'February 2182'&#xD;
&#xD;
2019-11-01 02:41:38 - [MESSAGE][PASSED] - Object: 'Object Repository/Pages/Sale/calender_NextButton' is clicked on&#xD;
&#xD;
2019-11-01 02:41:38 - [MESSAGE][PASSED] - Text of object 'Object Repository/Pages/Sale/link_MonthYear' is: 'March 2182'&#xD;
&#xD;
2019-11-01 02:41:39 - [MESSAGE][PASSED] - Object: 'Object Repository/Pages/Sale/calender_NextButton' is clicked on&#xD;
&#xD;
2019-11-01 02:41:39 - [MESSAGE][PASSED] - Text of object 'Object Repository/Pages/Sale/link_MonthYear' is: 'April 2182'&#xD;
&#xD;
2019-11-01 02:41:39 - [MESSAGE][PASSED] - Object: 'Object Repository/Pages/Sale/calender_NextButton' is clicked on&#xD;
&#xD;
2019-11-01 02:41:39 - [MESSAGE][PASSED] - Text of object 'Object Repository/Pages/Sale/link_MonthYear' is: 'May 2182'&#xD;
&#xD;
2019-11-01 02:41:39 - [MESSAGE][PASSED] - Object: 'Object Repository/Pages/Sale/calender_NextButton' is clicked on&#xD;
&#xD;
2019-11-01 02:41:39 - [MESSAGE][PASSED] - Text of object 'Object Repository/Pages/Sale/link_MonthYear' is: 'June 2182'&#xD;
&#xD;
2019-11-01 02:41:40 - [MESSAGE][PASSED] - Object: 'Object Repository/Pages/Sale/calender_NextButton' is clicked on&#xD;
&#xD;
2019-11-01 02:41:40 - [MESSAGE][PASSED] - Text of object 'Object Repository/Pages/Sale/link_MonthYear' is: 'July 2182'&#xD;
&#xD;
2019-11-01 02:41:40 - [MESSAGE][PASSED] - Object: 'Object Repository/Pages/Sale/calender_NextButton' is clicked on&#xD;
&#xD;
2019-11-01 02:41:40 - [MESSAGE][PASSED] - Text of object 'Object Repository/Pages/Sale/link_MonthYear' is: 'August 2182'&#xD;
&#xD;
2019-11-01 02:41:40 - [MESSAGE][PASSED] - Object: 'Object Repository/Pages/Sale/calender_NextButton' is clicked on&#xD;
&#xD;
2019-11-01 02:41:40 - [MESSAGE][PASSED] - Text of object 'Object Repository/Pages/Sale/link_MonthYear' is: 'September 2182'&#xD;
&#xD;
2019-11-01 02:41:41 - [MESSAGE][PASSED] - Object: 'Object Repository/Pages/Sale/calender_NextButton' is clicked on&#xD;
&#xD;
2019-11-01 02:41:41 - [MESSAGE][PASSED] - Text of object 'Object Repository/Pages/Sale/link_MonthYear' is: 'October 2182'&#xD;
&#xD;
2019-11-01 02:41:41 - [MESSAGE][PASSED] - Object: 'Object Repository/Pages/Sale/calender_NextButton' is clicked on&#xD;
&#xD;
2019-11-01 02:41:41 - [MESSAGE][PASSED] - Text of object 'Object Repository/Pages/Sale/link_MonthYear' is: 'November 2182'&#xD;
&#xD;
2019-11-01 02:41:41 - [MESSAGE][PASSED] - Object: 'Object Repository/Pages/Sale/calender_NextButton' is clicked on&#xD;
&#xD;
2019-11-01 02:41:41 - [MESSAGE][PASSED] - Text of object 'Object Repository/Pages/Sale/link_MonthYear' is: 'December 2182'&#xD;
&#xD;
2019-11-01 02:41:41 - [MESSAGE][PASSED] - Object: 'Object Repository/Pages/Sale/calender_NextButton' is clicked on&#xD;
&#xD;
2019-11-01 02:41:41 - [MESSAGE][PASSED] - Text of object 'Object Repository/Pages/Sale/link_MonthYear' is: 'January 2183'&#xD;
&#xD;
2019-11-01 02:41:42 - [MESSAGE][PASSED] - Object: 'Object Repository/Pages/Sale/calender_NextButton' is clicked on&#xD;
&#xD;
2019-11-01 02:41:42 - [MESSAGE][PASSED] - Text of object 'Object Repository/Pages/Sale/link_MonthYear' is: 'February 2183'&#xD;
&#xD;
2019-11-01 02:41:42 - [MESSAGE][PASSED] - Object: 'Object Repository/Pages/Sale/calender_NextButton' is clicked on&#xD;
&#xD;
2019-11-01 02:41:42 - [MESSAGE][PASSED] - Text of object 'Object Repository/Pages/Sale/link_MonthYear' is: 'March 2183'&#xD;
&#xD;
2019-11-01 02:41:42 - [MESSAGE][PASSED] - Object: 'Object Repository/Pages/Sale/calender_NextButton' is clicked on&#xD;
&#xD;
2019-11-01 02:41:42 - [MESSAGE][PASSED] - Text of object 'Object Repository/Pages/Sale/link_MonthYear' is: 'April 2183'&#xD;
&#xD;
2019-11-01 02:41:43 - [MESSAGE][PASSED] - Object: 'Object Repository/Pages/Sale/calender_NextButton' is clicked on&#xD;
&#xD;
2019-11-01 02:41:43 - [MESSAGE][PASSED] - Text of object 'Object Repository/Pages/Sale/link_MonthYear' is: 'May 2183'&#xD;
&#xD;
2019-11-01 02:41:43 - [MESSAGE][PASSED] - Object: 'Object Repository/Pages/Sale/calender_NextButton' is clicked on&#xD;
&#xD;
2019-11-01 02:41:43 - [MESSAGE][PASSED] - Text of object 'Object Repository/Pages/Sale/link_MonthYear' is: 'June 2183'&#xD;
&#xD;
2019-11-01 02:41:43 - [MESSAGE][PASSED] - Object: 'Object Repository/Pages/Sale/calender_NextButton' is clicked on&#xD;
&#xD;
2019-11-01 02:41:43 - [MESSAGE][PASSED] - Text of object 'Object Repository/Pages/Sale/link_MonthYear' is: 'July 2183'&#xD;
&#xD;
2019-11-01 02:41:43 - [MESSAGE][PASSED] - Object: 'Object Repository/Pages/Sale/calender_NextButton' is clicked on&#xD;
&#xD;
2019-11-01 02:41:44 - [MESSAGE][PASSED] - Text of object 'Object Repository/Pages/Sale/link_MonthYear' is: 'August 2183'&#xD;
&#xD;
2019-11-01 02:41:44 - [MESSAGE][PASSED] - Object: 'Object Repository/Pages/Sale/calender_NextButton' is clicked on&#xD;
&#xD;
2019-11-01 02:41:44 - [MESSAGE][PASSED] - Text of object 'Object Repository/Pages/Sale/link_MonthYear' is: 'September 2183'&#xD;
&#xD;
2019-11-01 02:41:44 - [MESSAGE][PASSED] - Object: 'Object Repository/Pages/Sale/calender_NextButton' is clicked on&#xD;
&#xD;
2019-11-01 02:41:44 - [MESSAGE][PASSED] - Text of object 'Object Repository/Pages/Sale/link_MonthYear' is: 'October 2183'&#xD;
&#xD;
2019-11-01 02:41:44 - [MESSAGE][PASSED] - Object: 'Object Repository/Pages/Sale/calender_NextButton' is clicked on&#xD;
&#xD;
2019-11-01 02:41:45 - [MESSAGE][PASSED] - Text of object 'Object Repository/Pages/Sale/link_MonthYear' is: 'November 2183'&#xD;
&#xD;
2019-11-01 02:41:45 - [MESSAGE][PASSED] - Object: 'Object Repository/Pages/Sale/calender_NextButton' is clicked on&#xD;
&#xD;
2019-11-01 02:41:45 - [MESSAGE][PASSED] - Text of object 'Object Repository/Pages/Sale/link_MonthYear' is: 'December 2183'&#xD;
&#xD;
2019-11-01 02:41:45 - [MESSAGE][PASSED] - Object: 'Object Repository/Pages/Sale/calender_NextButton' is clicked on&#xD;
&#xD;
2019-11-01 02:41:45 - [MESSAGE][PASSED] - Text of object 'Object Repository/Pages/Sale/link_MonthYear' is: 'January 2184'&#xD;
&#xD;
2019-11-01 02:41:45 - [MESSAGE][PASSED] - Object: 'Object Repository/Pages/Sale/calender_NextButton' is clicked on&#xD;
&#xD;
2019-11-01 02:41:45 - [MESSAGE][PASSED] - Text of object 'Object Repository/Pages/Sale/link_MonthYear' is: 'February 2184'&#xD;
&#xD;
2019-11-01 02:41:46 - [MESSAGE][PASSED] - Object: 'Object Repository/Pages/Sale/calender_NextButton' is clicked on&#xD;
&#xD;
2019-11-01 02:41:46 - [MESSAGE][PASSED] - Text of object 'Object Repository/Pages/Sale/link_MonthYear' is: 'March 2184'&#xD;
&#xD;
2019-11-01 02:41:46 - [MESSAGE][PASSED] - Object: 'Object Repository/Pages/Sale/calender_NextButton' is clicked on&#xD;
&#xD;
2019-11-01 02:41:46 - [MESSAGE][PASSED] - Text of object 'Object Repository/Pages/Sale/link_MonthYear' is: 'April 2184'&#xD;
&#xD;
2019-11-01 02:41:46 - [MESSAGE][PASSED] - Object: 'Object Repository/Pages/Sale/calender_NextButton' is clicked on&#xD;
&#xD;
2019-11-01 02:41:46 - [MESSAGE][PASSED] - Text of object 'Object Repository/Pages/Sale/link_MonthYear' is: 'May 2184'&#xD;
&#xD;
2019-11-01 02:41:47 - [MESSAGE][PASSED] - Object: 'Object Repository/Pages/Sale/calender_NextButton' is clicked on&#xD;
&#xD;
2019-11-01 02:41:47 - [MESSAGE][PASSED] - Text of object 'Object Repository/Pages/Sale/link_MonthYear' is: 'June 2184'&#xD;
&#xD;
2019-11-01 02:41:47 - [MESSAGE][PASSED] - Object: 'Object Repository/Pages/Sale/calender_NextButton' is clicked on&#xD;
&#xD;
2019-11-01 02:41:47 - [MESSAGE][PASSED] - Text of object 'Object Repository/Pages/Sale/link_MonthYear' is: 'July 2184'&#xD;
&#xD;
2019-11-01 02:41:47 - [MESSAGE][PASSED] - Object: 'Object Repository/Pages/Sale/calender_NextButton' is clicked on&#xD;
&#xD;
2019-11-01 02:41:47 - [MESSAGE][PASSED] - Text of object 'Object Repository/Pages/Sale/link_MonthYear' is: 'August 2184'&#xD;
&#xD;
2019-11-01 02:41:48 - [MESSAGE][PASSED] - Object: 'Object Repository/Pages/Sale/calender_NextButton' is clicked on&#xD;
&#xD;
2019-11-01 02:41:48 - [MESSAGE][PASSED] - Text of object 'Object Repository/Pages/Sale/link_MonthYear' is: 'September 2184'&#xD;
&#xD;
2019-11-01 02:41:48 - [MESSAGE][PASSED] - Object: 'Object Repository/Pages/Sale/calender_NextButton' is clicked on&#xD;
&#xD;
2019-11-01 02:41:48 - [MESSAGE][PASSED] - Text of object 'Object Repository/Pages/Sale/link_MonthYear' is: 'October 2184'&#xD;
&#xD;
2019-11-01 02:41:48 - [MESSAGE][PASSED] - Object: 'Object Repository/Pages/Sale/calender_NextButton' is clicked on&#xD;
&#xD;
2019-11-01 02:41:48 - [MESSAGE][PASSED] - Text of object 'Object Repository/Pages/Sale/link_MonthYear' is: 'November 2184'&#xD;
&#xD;
2019-11-01 02:41:48 - [MESSAGE][PASSED] - Object: 'Object Repository/Pages/Sale/calender_NextButton' is clicked on&#xD;
&#xD;
2019-11-01 02:41:48 - [MESSAGE][PASSED] - Text of object 'Object Repository/Pages/Sale/link_MonthYear' is: 'December 2184'&#xD;
&#xD;
2019-11-01 02:41:49 - [MESSAGE][PASSED] - Object: 'Object Repository/Pages/Sale/calender_NextButton' is clicked on&#xD;
&#xD;
2019-11-01 02:41:49 - [MESSAGE][PASSED] - Text of object 'Object Repository/Pages/Sale/link_MonthYear' is: 'January 2185'&#xD;
&#xD;
2019-11-01 02:41:49 - [MESSAGE][PASSED] - Object: 'Object Repository/Pages/Sale/calender_NextButton' is clicked on&#xD;
&#xD;
2019-11-01 02:41:49 - [MESSAGE][PASSED] - Text of object 'Object Repository/Pages/Sale/link_MonthYear' is: 'February 2185'&#xD;
&#xD;
2019-11-01 02:41:49 - [MESSAGE][PASSED] - Object: 'Object Repository/Pages/Sale/calender_NextButton' is clicked on&#xD;
&#xD;
2019-11-01 02:41:49 - [MESSAGE][PASSED] - Text of object 'Object Repository/Pages/Sale/link_MonthYear' is: 'March 2185'&#xD;
&#xD;
2019-11-01 02:41:50 - [MESSAGE][PASSED] - Object: 'Object Repository/Pages/Sale/calender_NextButton' is clicked on&#xD;
&#xD;
2019-11-01 02:41:50 - [MESSAGE][PASSED] - Text of object 'Object Repository/Pages/Sale/link_MonthYear' is: 'April 2185'&#xD;
&#xD;
2019-11-01 02:41:50 - [MESSAGE][PASSED] - Object: 'Object Repository/Pages/Sale/calender_NextButton' is clicked on&#xD;
&#xD;
2019-11-01 02:41:50 - [MESSAGE][PASSED] - Text of object 'Object Repository/Pages/Sale/link_MonthYear' is: 'May 2185'&#xD;
&#xD;
2019-11-01 02:41:50 - [MESSAGE][PASSED] - Object: 'Object Repository/Pages/Sale/calender_NextButton' is clicked on&#xD;
&#xD;
2019-11-01 02:41:50 - [MESSAGE][PASSED] - Text of object 'Object Repository/Pages/Sale/link_MonthYear' is: 'June 2185'&#xD;
&#xD;
2019-11-01 02:41:51 - [MESSAGE][PASSED] - Object: 'Object Repository/Pages/Sale/calender_NextButton' is clicked on&#xD;
&#xD;
2019-11-01 02:41:51 - [MESSAGE][PASSED] - Text of object 'Object Repository/Pages/Sale/link_MonthYear' is: 'July 2185'&#xD;
&#xD;
2019-11-01 02:41:51 - [MESSAGE][PASSED] - Object: 'Object Repository/Pages/Sale/calender_NextButton' is clicked on&#xD;
&#xD;
2019-11-01 02:41:51 - [MESSAGE][PASSED] - Text of object 'Object Repository/Pages/Sale/link_MonthYear' is: 'August 2185'&#xD;
&#xD;
2019-11-01 02:41:51 - [MESSAGE][PASSED] - Object: 'Object Repository/Pages/Sale/calender_NextButton' is clicked on&#xD;
&#xD;
2019-11-01 02:41:51 - [MESSAGE][PASSED] - Text of object 'Object Repository/Pages/Sale/link_MonthYear' is: 'September 2185'&#xD;
&#xD;
2019-11-01 02:41:52 - [MESSAGE][PASSED] - Object: 'Object Repository/Pages/Sale/calender_NextButton' is clicked on&#xD;
&#xD;
2019-11-01 02:41:52 - [MESSAGE][PASSED] - Text of object 'Object Repository/Pages/Sale/link_MonthYear' is: 'October 2185'&#xD;
&#xD;
2019-11-01 02:41:52 - [MESSAGE][PASSED] - Object: 'Object Repository/Pages/Sale/calender_NextButton' is clicked on&#xD;
&#xD;
2019-11-01 02:41:52 - [MESSAGE][PASSED] - Text of object 'Object Repository/Pages/Sale/link_MonthYear' is: 'November 2185'&#xD;
&#xD;
2019-11-01 02:41:52 - [MESSAGE][PASSED] - Object: 'Object Repository/Pages/Sale/calender_NextButton' is clicked on&#xD;
&#xD;
2019-11-01 02:41:52 - [MESSAGE][PASSED] - Text of object 'Object Repository/Pages/Sale/link_MonthYear' is: 'December 2185'&#xD;
&#xD;
2019-11-01 02:41:52 - [MESSAGE][PASSED] - Object: 'Object Repository/Pages/Sale/calender_NextButton' is clicked on&#xD;
&#xD;
2019-11-01 02:41:52 - [MESSAGE][PASSED] - Text of object 'Object Repository/Pages/Sale/link_MonthYear' is: 'January 2186'&#xD;
&#xD;
2019-11-01 02:41:53 - [MESSAGE][PASSED] - Object: 'Object Repository/Pages/Sale/calender_NextButton' is clicked on&#xD;
&#xD;
2019-11-01 02:41:53 - [MESSAGE][PASSED] - Text of object 'Object Repository/Pages/Sale/link_MonthYear' is: 'February 2186'&#xD;
&#xD;
2019-11-01 02:41:53 - [MESSAGE][PASSED] - Object: 'Object Repository/Pages/Sale/calender_NextButton' is clicked on&#xD;
&#xD;
2019-11-01 02:41:53 - [MESSAGE][PASSED] - Text of object 'Object Repository/Pages/Sale/link_MonthYear' is: 'March 2186'&#xD;
&#xD;
2019-11-01 02:41:53 - [MESSAGE][PASSED] - Object: 'Object Repository/Pages/Sale/calender_NextButton' is clicked on&#xD;
&#xD;
2019-11-01 02:41:53 - [MESSAGE][PASSED] - Text of object 'Object Repository/Pages/Sale/link_MonthYear' is: 'April 2186'&#xD;
&#xD;
2019-11-01 02:41:54 - [MESSAGE][PASSED] - Object: 'Object Repository/Pages/Sale/calender_NextButton' is clicked on&#xD;
&#xD;
2019-11-01 02:41:54 - [MESSAGE][PASSED] - Text of object 'Object Repository/Pages/Sale/link_MonthYear' is: 'May 2186'&#xD;
&#xD;
2019-11-01 02:41:54 - [MESSAGE][PASSED] - Object: 'Object Repository/Pages/Sale/calender_NextButton' is clicked on&#xD;
&#xD;
2019-11-01 02:41:54 - [MESSAGE][PASSED] - Text of object 'Object Repository/Pages/Sale/link_MonthYear' is: 'June 2186'&#xD;
&#xD;
2019-11-01 02:41:54 - [MESSAGE][PASSED] - Object: 'Object Repository/Pages/Sale/calender_NextButton' is clicked on&#xD;
&#xD;
2019-11-01 02:41:54 - [MESSAGE][PASSED] - Text of object 'Object Repository/Pages/Sale/link_MonthYear' is: 'July 2186'&#xD;
&#xD;
2019-11-01 02:41:54 - [MESSAGE][PASSED] - Object: 'Object Repository/Pages/Sale/calender_NextButton' is clicked on&#xD;
&#xD;
2019-11-01 02:41:54 - [MESSAGE][PASSED] - Text of object 'Object Repository/Pages/Sale/link_MonthYear' is: 'August 2186'&#xD;
&#xD;
2019-11-01 02:41:55 - [MESSAGE][PASSED] - Object: 'Object Repository/Pages/Sale/calender_NextButton' is clicked on&#xD;
&#xD;
2019-11-01 02:41:55 - [MESSAGE][PASSED] - Text of object 'Object Repository/Pages/Sale/link_MonthYear' is: 'September 2186'&#xD;
&#xD;
2019-11-01 02:41:55 - [MESSAGE][PASSED] - Object: 'Object Repository/Pages/Sale/calender_NextButton' is clicked on&#xD;
&#xD;
2019-11-01 02:41:55 - [MESSAGE][PASSED] - Text of object 'Object Repository/Pages/Sale/link_MonthYear' is: 'October 2186'&#xD;
&#xD;
2019-11-01 02:41:55 - [MESSAGE][PASSED] - Object: 'Object Repository/Pages/Sale/calender_NextButton' is clicked on&#xD;
&#xD;
2019-11-01 02:41:55 - [MESSAGE][PASSED] - Text of object 'Object Repository/Pages/Sale/link_MonthYear' is: 'November 2186'&#xD;
&#xD;
2019-11-01 02:41:56 - [MESSAGE][PASSED] - Object: 'Object Repository/Pages/Sale/calender_NextButton' is clicked on&#xD;
&#xD;
2019-11-01 02:41:56 - [MESSAGE][PASSED] - Text of object 'Object Repository/Pages/Sale/link_MonthYear' is: 'December 2186'&#xD;
&#xD;
2019-11-01 02:41:56 - [MESSAGE][PASSED] - Object: 'Object Repository/Pages/Sale/calender_NextButton' is clicked on&#xD;
&#xD;
2019-11-01 02:41:56 - [MESSAGE][PASSED] - Text of object 'Object Repository/Pages/Sale/link_MonthYear' is: 'January 2187'&#xD;
&#xD;
2019-11-01 02:41:56 - [MESSAGE][PASSED] - Object: 'Object Repository/Pages/Sale/calender_NextButton' is clicked on&#xD;
&#xD;
2019-11-01 02:41:56 - [MESSAGE][PASSED] - Text of object 'Object Repository/Pages/Sale/link_MonthYear' is: 'February 2187'&#xD;
&#xD;
2019-11-01 02:41:56 - [MESSAGE][PASSED] - Object: 'Object Repository/Pages/Sale/calender_NextButton' is clicked on&#xD;
&#xD;
2019-11-01 02:41:56 - [MESSAGE][PASSED] - Text of object 'Object Repository/Pages/Sale/link_MonthYear' is: 'March 2187'&#xD;
&#xD;
2019-11-01 02:41:57 - [MESSAGE][PASSED] - Object: 'Object Repository/Pages/Sale/calender_NextButton' is clicked on&#xD;
&#xD;
2019-11-01 02:41:57 - [MESSAGE][PASSED] - Text of object 'Object Repository/Pages/Sale/link_MonthYear' is: 'April 2187'&#xD;
&#xD;
2019-11-01 02:41:57 - [MESSAGE][PASSED] - Object: 'Object Repository/Pages/Sale/calender_NextButton' is clicked on&#xD;
&#xD;
2019-11-01 02:41:57 - [MESSAGE][PASSED] - Text of object 'Object Repository/Pages/Sale/link_MonthYear' is: 'May 2187'&#xD;
&#xD;
2019-11-01 02:41:57 - [MESSAGE][PASSED] - Object: 'Object Repository/Pages/Sale/calender_NextButton' is clicked on&#xD;
&#xD;
2019-11-01 02:41:57 - [MESSAGE][PASSED] - Text of object 'Object Repository/Pages/Sale/link_MonthYear' is: 'June 2187'&#xD;
&#xD;
2019-11-01 02:41:58 - [MESSAGE][PASSED] - Object: 'Object Repository/Pages/Sale/calender_NextButton' is clicked on&#xD;
&#xD;
2019-11-01 02:41:58 - [MESSAGE][PASSED] - Text of object 'Object Repository/Pages/Sale/link_MonthYear' is: 'July 2187'&#xD;
&#xD;
2019-11-01 02:41:58 - [MESSAGE][PASSED] - Object: 'Object Repository/Pages/Sale/calender_NextButton' is clicked on&#xD;
&#xD;
2019-11-01 02:41:58 - [MESSAGE][PASSED] - Text of object 'Object Repository/Pages/Sale/link_MonthYear' is: 'August 2187'&#xD;
&#xD;
2019-11-01 02:41:58 - [MESSAGE][PASSED] - Object: 'Object Repository/Pages/Sale/calender_NextButton' is clicked on&#xD;
&#xD;
2019-11-01 02:41:58 - [MESSAGE][PASSED] - Text of object 'Object Repository/Pages/Sale/link_MonthYear' is: 'September 2187'&#xD;
&#xD;
2019-11-01 02:41:58 - [MESSAGE][PASSED] - Object: 'Object Repository/Pages/Sale/calender_NextButton' is clicked on&#xD;
&#xD;
2019-11-01 02:41:58 - [MESSAGE][PASSED] - Text of object 'Object Repository/Pages/Sale/link_MonthYear' is: 'October 2187'&#xD;
&#xD;
2019-11-01 02:41:59 - [MESSAGE][PASSED] - Object: 'Object Repository/Pages/Sale/calender_NextButton' is clicked on&#xD;
&#xD;
2019-11-01 02:41:59 - [MESSAGE][PASSED] - Text of object 'Object Repository/Pages/Sale/link_MonthYear' is: 'November 2187'&#xD;
&#xD;
2019-11-01 02:41:59 - [MESSAGE][PASSED] - Object: 'Object Repository/Pages/Sale/calender_NextButton' is clicked on&#xD;
&#xD;
2019-11-01 02:41:59 - [MESSAGE][PASSED] - Text of object 'Object Repository/Pages/Sale/link_MonthYear' is: 'December 2187'&#xD;
&#xD;
2019-11-01 02:41:59 - [MESSAGE][PASSED] - Object: 'Object Repository/Pages/Sale/calender_NextButton' is clicked on&#xD;
&#xD;
2019-11-01 02:41:59 - [MESSAGE][PASSED] - Text of object 'Object Repository/Pages/Sale/link_MonthYear' is: 'January 2188'&#xD;
&#xD;
2019-11-01 02:41:59 - [MESSAGE][PASSED] - Object: 'Object Repository/Pages/Sale/calender_NextButton' is clicked on&#xD;
&#xD;
2019-11-01 02:42:00 - [MESSAGE][PASSED] - Text of object 'Object Repository/Pages/Sale/link_MonthYear' is: 'February 2188'&#xD;
&#xD;
2019-11-01 02:42:00 - [MESSAGE][PASSED] - Object: 'Object Repository/Pages/Sale/calender_NextButton' is clicked on&#xD;
&#xD;
2019-11-01 02:42:00 - [MESSAGE][PASSED] - Text of object 'Object Repository/Pages/Sale/link_MonthYear' is: 'March 2188'&#xD;
&#xD;
2019-11-01 02:42:00 - [MESSAGE][PASSED] - Object: 'Object Repository/Pages/Sale/calender_NextButton' is clicked on&#xD;
&#xD;
2019-11-01 02:42:00 - [MESSAGE][PASSED] - Text of object 'Object Repository/Pages/Sale/link_MonthYear' is: 'April 2188'&#xD;
&#xD;
2019-11-01 02:42:00 - [MESSAGE][PASSED] - Object: 'Object Repository/Pages/Sale/calender_NextButton' is clicked on&#xD;
&#xD;
2019-11-01 02:42:00 - [MESSAGE][PASSED] - Text of object 'Object Repository/Pages/Sale/link_MonthYear' is: 'May 2188'&#xD;
&#xD;
2019-11-01 02:42:01 - [MESSAGE][PASSED] - Object: 'Object Repository/Pages/Sale/calender_NextButton' is clicked on&#xD;
&#xD;
2019-11-01 02:42:01 - [MESSAGE][PASSED] - Text of object 'Object Repository/Pages/Sale/link_MonthYear' is: 'June 2188'&#xD;
&#xD;
2019-11-01 02:42:01 - [MESSAGE][PASSED] - Object: 'Object Repository/Pages/Sale/calender_NextButton' is clicked on&#xD;
&#xD;
2019-11-01 02:42:01 - [MESSAGE][PASSED] - Text of object 'Object Repository/Pages/Sale/link_MonthYear' is: 'July 2188'&#xD;
&#xD;
2019-11-01 02:42:01 - [MESSAGE][PASSED] - Object: 'Object Repository/Pages/Sale/calender_NextButton' is clicked on&#xD;
&#xD;
2019-11-01 02:42:01 - [MESSAGE][PASSED] - Text of object 'Object Repository/Pages/Sale/link_MonthYear' is: 'August 2188'&#xD;
&#xD;
2019-11-01 02:42:01 - [MESSAGE][PASSED] - Object: 'Object Repository/Pages/Sale/calender_NextButton' is clicked on&#xD;
&#xD;
2019-11-01 02:42:01 - [MESSAGE][PASSED] - Text of object 'Object Repository/Pages/Sale/link_MonthYear' is: 'September 2188'&#xD;
&#xD;
2019-11-01 02:42:02 - [MESSAGE][PASSED] - Object: 'Object Repository/Pages/Sale/calender_NextButton' is clicked on&#xD;
&#xD;
2019-11-01 02:42:02 - [MESSAGE][PASSED] - Text of object 'Object Repository/Pages/Sale/link_MonthYear' is: 'October 2188'&#xD;
&#xD;
2019-11-01 02:42:02 - [MESSAGE][PASSED] - Object: 'Object Repository/Pages/Sale/calender_NextButton' is clicked on&#xD;
&#xD;
2019-11-01 02:42:02 - [MESSAGE][PASSED] - Text of object 'Object Repository/Pages/Sale/link_MonthYear' is: 'November 2188'&#xD;
&#xD;
2019-11-01 02:42:02 - [MESSAGE][PASSED] - Object: 'Object Repository/Pages/Sale/calender_NextButton' is clicked on&#xD;
&#xD;
2019-11-01 02:42:02 - [MESSAGE][PASSED] - Text of object 'Object Repository/Pages/Sale/link_MonthYear' is: 'December 2188'&#xD;
&#xD;
2019-11-01 02:42:03 - [MESSAGE][PASSED] - Object: 'Object Repository/Pages/Sale/calender_NextButton' is clicked on&#xD;
&#xD;
2019-11-01 02:42:03 - [MESSAGE][PASSED] - Text of object 'Object Repository/Pages/Sale/link_MonthYear' is: 'January 2189'&#xD;
&#xD;
2019-11-01 02:42:03 - [MESSAGE][PASSED] - Object: 'Object Repository/Pages/Sale/calender_NextButton' is clicked on&#xD;
&#xD;
2019-11-01 02:42:03 - [MESSAGE][PASSED] - Text of object 'Object Repository/Pages/Sale/link_MonthYear' is: 'February 2189'&#xD;
&#xD;
2019-11-01 02:42:03 - [MESSAGE][PASSED] - Object: 'Object Repository/Pages/Sale/calender_NextButton' is clicked on&#xD;
&#xD;
2019-11-01 02:42:03 - [MESSAGE][PASSED] - Text of object 'Object Repository/Pages/Sale/link_MonthYear' is: 'March 2189'&#xD;
&#xD;
2019-11-01 02:42:04 - [MESSAGE][PASSED] - Object: 'Object Repository/Pages/Sale/calender_NextButton' is clicked on&#xD;
&#xD;
2019-11-01 02:42:04 - [MESSAGE][PASSED] - Text of object 'Object Repository/Pages/Sale/link_MonthYear' is: 'April 2189'&#xD;
&#xD;
2019-11-01 02:42:04 - [MESSAGE][PASSED] - Object: 'Object Repository/Pages/Sale/calender_NextButton' is clicked on&#xD;
&#xD;
2019-11-01 02:42:04 - [MESSAGE][PASSED] - Text of object 'Object Repository/Pages/Sale/link_MonthYear' is: 'May 2189'&#xD;
&#xD;
2019-11-01 02:42:04 - [MESSAGE][PASSED] - Object: 'Object Repository/Pages/Sale/calender_NextButton' is clicked on&#xD;
&#xD;
2019-11-01 02:42:04 - [MESSAGE][PASSED] - Text of object 'Object Repository/Pages/Sale/link_MonthYear' is: 'June 2189'&#xD;
&#xD;
2019-11-01 02:42:05 - [MESSAGE][PASSED] - Object: 'Object Repository/Pages/Sale/calender_NextButton' is clicked on&#xD;
&#xD;
2019-11-01 02:42:05 - [MESSAGE][PASSED] - Text of object 'Object Repository/Pages/Sale/link_MonthYear' is: 'July 2189'&#xD;
&#xD;
2019-11-01 02:42:05 - [MESSAGE][PASSED] - Object: 'Object Repository/Pages/Sale/calender_NextButton' is clicked on&#xD;
&#xD;
2019-11-01 02:42:05 - [MESSAGE][PASSED] - Text of object 'Object Repository/Pages/Sale/link_MonthYear' is: 'August 2189'&#xD;
&#xD;
2019-11-01 02:42:05 - [MESSAGE][PASSED] - Object: 'Object Repository/Pages/Sale/calender_NextButton' is clicked on&#xD;
&#xD;
2019-11-01 02:42:05 - [MESSAGE][PASSED] - Text of object 'Object Repository/Pages/Sale/link_MonthYear' is: 'September 2189'&#xD;
&#xD;
2019-11-01 02:42:05 - [MESSAGE][PASSED] - Object: 'Object Repository/Pages/Sale/calender_NextButton' is clicked on&#xD;
&#xD;
2019-11-01 02:42:06 - [MESSAGE][PASSED] - Text of object 'Object Repository/Pages/Sale/link_MonthYear' is: 'October 2189'&#xD;
&#xD;
2019-11-01 02:42:06 - [MESSAGE][PASSED] - Object: 'Object Repository/Pages/Sale/calender_NextButton' is clicked on&#xD;
&#xD;
2019-11-01 02:42:06 - [MESSAGE][PASSED] - Text of object 'Object Repository/Pages/Sale/link_MonthYear' is: 'November 2189'&#xD;
&#xD;
2019-11-01 02:42:06 - [MESSAGE][PASSED] - Object: 'Object Repository/Pages/Sale/calender_NextButton' is clicked on&#xD;
&#xD;
2019-11-01 02:42:06 - [MESSAGE][PASSED] - Text of object 'Object Repository/Pages/Sale/link_MonthYear' is: 'December 2189'&#xD;
&#xD;
2019-11-01 02:42:07 - [MESSAGE][PASSED] - Object: 'Object Repository/Pages/Sale/calender_NextButton' is clicked on&#xD;
&#xD;
2019-11-01 02:42:07 - [MESSAGE][PASSED] - Text of object 'Object Repository/Pages/Sale/link_MonthYear' is: 'January 2190'&#xD;
&#xD;
2019-11-01 02:42:07 - [MESSAGE][PASSED] - Object: 'Object Repository/Pages/Sale/calender_NextButton' is clicked on&#xD;
&#xD;
2019-11-01 02:42:07 - [MESSAGE][PASSED] - Text of object 'Object Repository/Pages/Sale/link_MonthYear' is: 'February 2190'&#xD;
&#xD;
2019-11-01 02:42:08 - [MESSAGE][PASSED] - Object: 'Object Repository/Pages/Sale/calender_NextButton' is clicked on&#xD;
&#xD;
2019-11-01 02:42:08 - [MESSAGE][PASSED] - Text of object 'Object Repository/Pages/Sale/link_MonthYear' is: 'March 2190'&#xD;
&#xD;
2019-11-01 02:42:08 - [MESSAGE][PASSED] - Object: 'Object Repository/Pages/Sale/calender_NextButton' is clicked on&#xD;
&#xD;
2019-11-01 02:42:08 - [MESSAGE][PASSED] - Text of object 'Object Repository/Pages/Sale/link_MonthYear' is: 'April 2190'&#xD;
&#xD;
2019-11-01 02:42:08 - [MESSAGE][PASSED] - Object: 'Object Repository/Pages/Sale/calender_NextButton' is clicked on&#xD;
&#xD;
2019-11-01 02:42:08 - [MESSAGE][PASSED] - Text of object 'Object Repository/Pages/Sale/link_MonthYear' is: 'May 2190'&#xD;
&#xD;
2019-11-01 02:42:09 - [MESSAGE][PASSED] - Object: 'Object Repository/Pages/Sale/calender_NextButton' is clicked on&#xD;
&#xD;
2019-11-01 02:42:09 - [MESSAGE][PASSED] - Text of object 'Object Repository/Pages/Sale/link_MonthYear' is: 'June 2190'&#xD;
&#xD;
2019-11-01 02:42:09 - [MESSAGE][PASSED] - Object: 'Object Repository/Pages/Sale/calender_NextButton' is clicked on&#xD;
&#xD;
2019-11-01 02:42:09 - [MESSAGE][PASSED] - Text of object 'Object Repository/Pages/Sale/link_MonthYear' is: 'July 2190'&#xD;
&#xD;
2019-11-01 02:42:09 - [MESSAGE][PASSED] - Object: 'Object Repository/Pages/Sale/calender_NextButton' is clicked on&#xD;
&#xD;
2019-11-01 02:42:09 - [MESSAGE][PASSED] - Text of object 'Object Repository/Pages/Sale/link_MonthYear' is: 'August 2190'&#xD;
&#xD;
2019-11-01 02:42:09 - [MESSAGE][PASSED] - Object: 'Object Repository/Pages/Sale/calender_NextButton' is clicked on&#xD;
&#xD;
2019-11-01 02:42:09 - [MESSAGE][PASSED] - Text of object 'Object Repository/Pages/Sale/link_MonthYear' is: 'September 2190'&#xD;
&#xD;
2019-11-01 02:42:10 - [MESSAGE][PASSED] - Object: 'Object Repository/Pages/Sale/calender_NextButton' is clicked on&#xD;
&#xD;
2019-11-01 02:42:10 - [MESSAGE][PASSED] - Text of object 'Object Repository/Pages/Sale/link_MonthYear' is: 'October 2190'&#xD;
&#xD;
2019-11-01 02:42:10 - [MESSAGE][PASSED] - Object: 'Object Repository/Pages/Sale/calender_NextButton' is clicked on&#xD;
&#xD;
2019-11-01 02:42:10 - [MESSAGE][PASSED] - Text of object 'Object Repository/Pages/Sale/link_MonthYear' is: 'November 2190'&#xD;
&#xD;
2019-11-01 02:42:11 - [MESSAGE][PASSED] - Object: 'Object Repository/Pages/Sale/calender_NextButton' is clicked on&#xD;
&#xD;
2019-11-01 02:42:11 - [MESSAGE][PASSED] - Text of object 'Object Repository/Pages/Sale/link_MonthYear' is: 'December 2190'&#xD;
&#xD;
2019-11-01 02:42:11 - [MESSAGE][PASSED] - Object: 'Object Repository/Pages/Sale/calender_NextButton' is clicked on&#xD;
&#xD;
2019-11-01 02:42:11 - [MESSAGE][PASSED] - Text of object 'Object Repository/Pages/Sale/link_MonthYear' is: 'January 2191'&#xD;
&#xD;
2019-11-01 02:42:11 - [MESSAGE][PASSED] - Object: 'Object Repository/Pages/Sale/calender_NextButton' is clicked on&#xD;
&#xD;
2019-11-01 02:42:11 - [MESSAGE][PASSED] - Text of object 'Object Repository/Pages/Sale/link_MonthYear' is: 'February 2191'&#xD;
&#xD;
2019-11-01 02:42:12 - [MESSAGE][PASSED] - Object: 'Object Repository/Pages/Sale/calender_NextButton' is clicked on&#xD;
&#xD;
2019-11-01 02:42:12 - [MESSAGE][PASSED] - Text of object 'Object Repository/Pages/Sale/link_MonthYear' is: 'March 2191'&#xD;
&#xD;
2019-11-01 02:42:12 - [MESSAGE][PASSED] - Object: 'Object Repository/Pages/Sale/calender_NextButton' is clicked on&#xD;
&#xD;
2019-11-01 02:42:12 - [MESSAGE][PASSED] - Text of object 'Object Repository/Pages/Sale/link_MonthYear' is: 'April 2191'&#xD;
&#xD;
2019-11-01 02:42:12 - [MESSAGE][PASSED] - Object: 'Object Repository/Pages/Sale/calender_NextButton' is clicked on&#xD;
&#xD;
2019-11-01 02:42:12 - [MESSAGE][PASSED] - Text of object 'Object Repository/Pages/Sale/link_MonthYear' is: 'May 2191'&#xD;
&#xD;
2019-11-01 02:42:12 - [MESSAGE][PASSED] - Object: 'Object Repository/Pages/Sale/calender_NextButton' is clicked on&#xD;
&#xD;
2019-11-01 02:42:12 - [MESSAGE][PASSED] - Text of object 'Object Repository/Pages/Sale/link_MonthYear' is: 'June 2191'&#xD;
&#xD;
2019-11-01 02:42:13 - [MESSAGE][PASSED] - Object: 'Object Repository/Pages/Sale/calender_NextButton' is clicked on&#xD;
&#xD;
2019-11-01 02:42:13 - [MESSAGE][PASSED] - Text of object 'Object Repository/Pages/Sale/link_MonthYear' is: 'July 2191'&#xD;
&#xD;
2019-11-01 02:42:13 - [MESSAGE][PASSED] - Object: 'Object Repository/Pages/Sale/calender_NextButton' is clicked on&#xD;
&#xD;
2019-11-01 02:42:13 - [MESSAGE][PASSED] - Text of object 'Object Repository/Pages/Sale/link_MonthYear' is: 'August 2191'&#xD;
&#xD;
2019-11-01 02:42:13 - [MESSAGE][PASSED] - Object: 'Object Repository/Pages/Sale/calender_NextButton' is clicked on&#xD;
&#xD;
2019-11-01 02:42:13 - [MESSAGE][PASSED] - Text of object 'Object Repository/Pages/Sale/link_MonthYear' is: 'September 2191'&#xD;
&#xD;
2019-11-01 02:42:14 - [MESSAGE][PASSED] - Object: 'Object Repository/Pages/Sale/calender_NextButton' is clicked on&#xD;
&#xD;
2019-11-01 02:42:14 - [MESSAGE][PASSED] - Text of object 'Object Repository/Pages/Sale/link_MonthYear' is: 'October 2191'&#xD;
&#xD;
2019-11-01 02:42:14 - [MESSAGE][PASSED] - Object: 'Object Repository/Pages/Sale/calender_NextButton' is clicked on&#xD;
&#xD;
2019-11-01 02:42:14 - [MESSAGE][PASSED] - Text of object 'Object Repository/Pages/Sale/link_MonthYear' is: 'November 2191'&#xD;
&#xD;
2019-11-01 02:42:15 - [MESSAGE][PASSED] - Object: 'Object Repository/Pages/Sale/calender_NextButton' is clicked on&#xD;
&#xD;
2019-11-01 02:42:15 - [MESSAGE][PASSED] - Text of object 'Object Repository/Pages/Sale/link_MonthYear' is: 'December 2191'&#xD;
&#xD;
2019-11-01 02:42:15 - [MESSAGE][PASSED] - Object: 'Object Repository/Pages/Sale/calender_NextButton' is clicked on&#xD;
&#xD;
2019-11-01 02:42:15 - [MESSAGE][PASSED] - Text of object 'Object Repository/Pages/Sale/link_MonthYear' is: 'January 2192'&#xD;
&#xD;
2019-11-01 02:42:15 - [MESSAGE][PASSED] - Object: 'Object Repository/Pages/Sale/calender_NextButton' is clicked on&#xD;
&#xD;
2019-11-01 02:42:15 - [MESSAGE][PASSED] - Text of object 'Object Repository/Pages/Sale/link_MonthYear' is: 'February 2192'&#xD;
&#xD;
2019-11-01 02:42:16 - [MESSAGE][PASSED] - Object: 'Object Repository/Pages/Sale/calender_NextButton' is clicked on&#xD;
&#xD;
2019-11-01 02:42:16 - [MESSAGE][PASSED] - Text of object 'Object Repository/Pages/Sale/link_MonthYear' is: 'March 2192'&#xD;
&#xD;
2019-11-01 02:42:16 - [MESSAGE][PASSED] - Object: 'Object Repository/Pages/Sale/calender_NextButton' is clicked on&#xD;
&#xD;
2019-11-01 02:42:16 - [MESSAGE][PASSED] - Text of object 'Object Repository/Pages/Sale/link_MonthYear' is: 'April 2192'&#xD;
&#xD;
2019-11-01 02:42:16 - [MESSAGE][PASSED] - Object: 'Object Repository/Pages/Sale/calender_NextButton' is clicked on&#xD;
&#xD;
2019-11-01 02:42:16 - [MESSAGE][PASSED] - Text of object 'Object Repository/Pages/Sale/link_MonthYear' is: 'May 2192'&#xD;
&#xD;
2019-11-01 02:42:17 - [MESSAGE][PASSED] - Object: 'Object Repository/Pages/Sale/calender_NextButton' is clicked on&#xD;
&#xD;
2019-11-01 02:42:17 - [MESSAGE][PASSED] - Text of object 'Object Repository/Pages/Sale/link_MonthYear' is: 'June 2192'&#xD;
&#xD;
2019-11-01 02:42:17 - [MESSAGE][PASSED] - Object: 'Object Repository/Pages/Sale/calender_NextButton' is clicked on&#xD;
&#xD;
2019-11-01 02:42:17 - [MESSAGE][PASSED] - Text of object 'Object Repository/Pages/Sale/link_MonthYear' is: 'July 2192'&#xD;
&#xD;
2019-11-01 02:42:17 - [MESSAGE][PASSED] - Object: 'Object Repository/Pages/Sale/calender_NextButton' is clicked on&#xD;
&#xD;
2019-11-01 02:42:17 - [MESSAGE][PASSED] - Text of object 'Object Repository/Pages/Sale/link_MonthYear' is: 'August 2192'&#xD;
&#xD;
2019-11-01 02:42:18 - [MESSAGE][PASSED] - Object: 'Object Repository/Pages/Sale/calender_NextButton' is clicked on&#xD;
&#xD;
2019-11-01 02:42:18 - [MESSAGE][PASSED] - Text of object 'Object Repository/Pages/Sale/link_MonthYear' is: 'September 2192'&#xD;
&#xD;
2019-11-01 02:42:18 - [MESSAGE][PASSED] - Object: 'Object Repository/Pages/Sale/calender_NextButton' is clicked on&#xD;
&#xD;
2019-11-01 02:42:18 - [MESSAGE][PASSED] - Text of object 'Object Repository/Pages/Sale/link_MonthYear' is: 'October 2192'&#xD;
&#xD;
2019-11-01 02:42:18 - [MESSAGE][PASSED] - Object: 'Object Repository/Pages/Sale/calender_NextButton' is clicked on&#xD;
&#xD;
2019-11-01 02:42:18 - [MESSAGE][PASSED] - Text of object 'Object Repository/Pages/Sale/link_MonthYear' is: 'November 2192'&#xD;
&#xD;
2019-11-01 02:42:19 - [MESSAGE][PASSED] - Object: 'Object Repository/Pages/Sale/calender_NextButton' is clicked on&#xD;
&#xD;
2019-11-01 02:42:19 - [MESSAGE][PASSED] - Text of object 'Object Repository/Pages/Sale/link_MonthYear' is: 'December 2192'&#xD;
&#xD;
2019-11-01 02:42:19 - [MESSAGE][PASSED] - Object: 'Object Repository/Pages/Sale/calender_NextButton' is clicked on&#xD;
&#xD;
2019-11-01 02:42:19 - [MESSAGE][PASSED] - Text of object 'Object Repository/Pages/Sale/link_MonthYear' is: 'January 2193'&#xD;
&#xD;
2019-11-01 02:42:19 - [MESSAGE][PASSED] - Object: 'Object Repository/Pages/Sale/calender_NextButton' is clicked on&#xD;
&#xD;
2019-11-01 02:42:19 - [MESSAGE][PASSED] - Text of object 'Object Repository/Pages/Sale/link_MonthYear' is: 'February 2193'&#xD;
&#xD;
2019-11-01 02:42:20 - [MESSAGE][PASSED] - Object: 'Object Repository/Pages/Sale/calender_NextButton' is clicked on&#xD;
&#xD;
2019-11-01 02:42:20 - [MESSAGE][PASSED] - Text of object 'Object Repository/Pages/Sale/link_MonthYear' is: 'March 2193'&#xD;
&#xD;
2019-11-01 02:42:20 - [MESSAGE][PASSED] - Object: 'Object Repository/Pages/Sale/calender_NextButton' is clicked on&#xD;
&#xD;
2019-11-01 02:42:20 - [MESSAGE][PASSED] - Text of object 'Object Repository/Pages/Sale/link_MonthYear' is: 'April 2193'&#xD;
&#xD;
2019-11-01 02:42:20 - [MESSAGE][PASSED] - Object: 'Object Repository/Pages/Sale/calender_NextButton' is clicked on&#xD;
&#xD;
2019-11-01 02:42:20 - [MESSAGE][PASSED] - Text of object 'Object Repository/Pages/Sale/link_MonthYear' is: 'May 2193'&#xD;
&#xD;
2019-11-01 02:42:20 - [MESSAGE][PASSED] - Object: 'Object Repository/Pages/Sale/calender_NextButton' is clicked on&#xD;
&#xD;
2019-11-01 02:42:20 - [MESSAGE][PASSED] - Text of object 'Object Repository/Pages/Sale/link_MonthYear' is: 'June 2193'&#xD;
&#xD;
2019-11-01 02:42:21 - [MESSAGE][PASSED] - Object: 'Object Repository/Pages/Sale/calender_NextButton' is clicked on&#xD;
&#xD;
2019-11-01 02:42:21 - [MESSAGE][PASSED] - Text of object 'Object Repository/Pages/Sale/link_MonthYear' is: 'July 2193'&#xD;
&#xD;
2019-11-01 02:42:21 - [MESSAGE][PASSED] - Object: 'Object Repository/Pages/Sale/calender_NextButton' is clicked on&#xD;
&#xD;
2019-11-01 02:42:21 - [MESSAGE][PASSED] - Text of object 'Object Repository/Pages/Sale/link_MonthYear' is: 'August 2193'&#xD;
&#xD;
2019-11-01 02:42:21 - [MESSAGE][PASSED] - Object: 'Object Repository/Pages/Sale/calender_NextButton' is clicked on&#xD;
&#xD;
2019-11-01 02:42:21 - [MESSAGE][PASSED] - Text of object 'Object Repository/Pages/Sale/link_MonthYear' is: 'September 2193'&#xD;
&#xD;
2019-11-01 02:42:22 - [MESSAGE][PASSED] - Object: 'Object Repository/Pages/Sale/calender_NextButton' is clicked on&#xD;
&#xD;
2019-11-01 02:42:22 - [MESSAGE][PASSED] - Text of object 'Object Repository/Pages/Sale/link_MonthYear' is: 'October 2193'&#xD;
&#xD;
2019-11-01 02:42:22 - [MESSAGE][PASSED] - Object: 'Object Repository/Pages/Sale/calender_NextButton' is clicked on&#xD;
&#xD;
2019-11-01 02:42:22 - [MESSAGE][PASSED] - Text of object 'Object Repository/Pages/Sale/link_MonthYear' is: 'November 2193'&#xD;
&#xD;
2019-11-01 02:42:22 - [MESSAGE][PASSED] - Object: 'Object Repository/Pages/Sale/calender_NextButton' is clicked on&#xD;
&#xD;
2019-11-01 02:42:22 - [MESSAGE][PASSED] - Text of object 'Object Repository/Pages/Sale/link_MonthYear' is: 'December 2193'&#xD;
&#xD;
2019-11-01 02:42:22 - [MESSAGE][PASSED] - Object: 'Object Repository/Pages/Sale/calender_NextButton' is clicked on&#xD;
&#xD;
2019-11-01 02:42:22 - [MESSAGE][PASSED] - Text of object 'Object Repository/Pages/Sale/link_MonthYear' is: 'January 2194'&#xD;
&#xD;
2019-11-01 02:42:23 - [MESSAGE][PASSED] - Object: 'Object Repository/Pages/Sale/calender_NextButton' is clicked on&#xD;
&#xD;
2019-11-01 02:42:23 - [MESSAGE][PASSED] - Text of object 'Object Repository/Pages/Sale/link_MonthYear' is: 'February 2194'&#xD;
&#xD;
2019-11-01 02:42:23 - [MESSAGE][PASSED] - Object: 'Object Repository/Pages/Sale/calender_NextButton' is clicked on&#xD;
&#xD;
2019-11-01 02:42:23 - [MESSAGE][PASSED] - Text of object 'Object Repository/Pages/Sale/link_MonthYear' is: 'March 2194'&#xD;
&#xD;
2019-11-01 02:42:23 - [MESSAGE][PASSED] - Object: 'Object Repository/Pages/Sale/calender_NextButton' is clicked on&#xD;
&#xD;
2019-11-01 02:42:23 - [MESSAGE][PASSED] - Text of object 'Object Repository/Pages/Sale/link_MonthYear' is: 'April 2194'&#xD;
&#xD;
2019-11-01 02:42:24 - [MESSAGE][PASSED] - Object: 'Object Repository/Pages/Sale/calender_NextButton' is clicked on&#xD;
&#xD;
2019-11-01 02:42:24 - [MESSAGE][PASSED] - Text of object 'Object Repository/Pages/Sale/link_MonthYear' is: 'May 2194'&#xD;
&#xD;
2019-11-01 02:42:24 - [MESSAGE][PASSED] - Object: 'Object Repository/Pages/Sale/calender_NextButton' is clicked on&#xD;
&#xD;
2019-11-01 02:42:24 - [MESSAGE][PASSED] - Text of object 'Object Repository/Pages/Sale/link_MonthYear' is: 'June 2194'&#xD;
&#xD;
2019-11-01 02:42:25 - [MESSAGE][PASSED] - Object: 'Object Repository/Pages/Sale/calender_NextButton' is clicked on&#xD;
&#xD;
2019-11-01 02:42:25 - [MESSAGE][PASSED] - Text of object 'Object Repository/Pages/Sale/link_MonthYear' is: 'July 2194'&#xD;
&#xD;
2019-11-01 02:42:25 - [MESSAGE][PASSED] - Object: 'Object Repository/Pages/Sale/calender_NextButton' is clicked on&#xD;
&#xD;
2019-11-01 02:42:25 - [MESSAGE][PASSED] - Text of object 'Object Repository/Pages/Sale/link_MonthYear' is: 'August 2194'&#xD;
&#xD;
2019-11-01 02:42:25 - [MESSAGE][PASSED] - Object: 'Object Repository/Pages/Sale/calender_NextButton' is clicked on&#xD;
&#xD;
2019-11-01 02:42:25 - [MESSAGE][PASSED] - Text of object 'Object Repository/Pages/Sale/link_MonthYear' is: 'September 2194'&#xD;
&#xD;
2019-11-01 02:42:26 - [MESSAGE][PASSED] - Object: 'Object Repository/Pages/Sale/calender_NextButton' is clicked on&#xD;
&#xD;
2019-11-01 02:42:26 - [MESSAGE][PASSED] - Text of object 'Object Repository/Pages/Sale/link_MonthYear' is: 'October 2194'&#xD;
&#xD;
2019-11-01 02:42:26 - [MESSAGE][PASSED] - Object: 'Object Repository/Pages/Sale/calender_NextButton' is clicked on&#xD;
&#xD;
2019-11-01 02:42:26 - [MESSAGE][PASSED] - Text of object 'Object Repository/Pages/Sale/link_MonthYear' is: 'November 2194'&#xD;
&#xD;
2019-11-01 02:42:26 - [MESSAGE][PASSED] - Object: 'Object Repository/Pages/Sale/calender_NextButton' is clicked on&#xD;
&#xD;
2019-11-01 02:42:26 - [MESSAGE][PASSED] - Text of object 'Object Repository/Pages/Sale/link_MonthYear' is: 'December 2194'&#xD;
&#xD;
2019-11-01 02:42:27 - [MESSAGE][PASSED] - Object: 'Object Repository/Pages/Sale/calender_NextButton' is clicked on&#xD;
&#xD;
2019-11-01 02:42:27 - [MESSAGE][PASSED] - Text of object 'Object Repository/Pages/Sale/link_MonthYear' is: 'January 2195'&#xD;
&#xD;
2019-11-01 02:42:27 - [MESSAGE][PASSED] - Object: 'Object Repository/Pages/Sale/calender_NextButton' is clicked on&#xD;
&#xD;
2019-11-01 02:42:27 - [MESSAGE][PASSED] - Text of object 'Object Repository/Pages/Sale/link_MonthYear' is: 'February 2195'&#xD;
&#xD;
2019-11-01 02:42:27 - [MESSAGE][PASSED] - Object: 'Object Repository/Pages/Sale/calender_NextButton' is clicked on&#xD;
&#xD;
2019-11-01 02:42:28 - [MESSAGE][PASSED] - Text of object 'Object Repository/Pages/Sale/link_MonthYear' is: 'March 2195'&#xD;
&#xD;
2019-11-01 02:42:28 - [MESSAGE][PASSED] - Object: 'Object Repository/Pages/Sale/calender_NextButton' is clicked on&#xD;
&#xD;
2019-11-01 02:42:28 - [MESSAGE][PASSED] - Text of object 'Object Repository/Pages/Sale/link_MonthYear' is: 'April 2195'&#xD;
&#xD;
2019-11-01 02:42:28 - [MESSAGE][PASSED] - Object: 'Object Repository/Pages/Sale/calender_NextButton' is clicked on&#xD;
&#xD;
2019-11-01 02:42:28 - [MESSAGE][PASSED] - Text of object 'Object Repository/Pages/Sale/link_MonthYear' is: 'May 2195'&#xD;
&#xD;
2019-11-01 02:42:29 - [MESSAGE][PASSED] - Object: 'Object Repository/Pages/Sale/calender_NextButton' is clicked on&#xD;
&#xD;
2019-11-01 02:42:29 - [MESSAGE][PASSED] - Text of object 'Object Repository/Pages/Sale/link_MonthYear' is: 'June 2195'&#xD;
&#xD;
2019-11-01 02:42:29 - [MESSAGE][PASSED] - Object: 'Object Repository/Pages/Sale/calender_NextButton' is clicked on&#xD;
&#xD;
2019-11-01 02:42:29 - [MESSAGE][PASSED] - Text of object 'Object Repository/Pages/Sale/link_MonthYear' is: 'July 2195'&#xD;
&#xD;
2019-11-01 02:42:29 - [MESSAGE][PASSED] - Object: 'Object Repository/Pages/Sale/calender_NextButton' is clicked on&#xD;
&#xD;
2019-11-01 02:42:29 - [MESSAGE][PASSED] - Text of object 'Object Repository/Pages/Sale/link_MonthYear' is: 'August 2195'&#xD;
&#xD;
2019-11-01 02:42:29 - [MESSAGE][PASSED] - Object: 'Object Repository/Pages/Sale/calender_NextButton' is clicked on&#xD;
&#xD;
2019-11-01 02:42:29 - [MESSAGE][PASSED] - Text of object 'Object Repository/Pages/Sale/link_MonthYear' is: 'September 2195'&#xD;
&#xD;
2019-11-01 02:42:30 - [MESSAGE][PASSED] - Object: 'Object Repository/Pages/Sale/calender_NextButton' is clicked on&#xD;
&#xD;
2019-11-01 02:42:30 - [MESSAGE][PASSED] - Text of object 'Object Repository/Pages/Sale/link_MonthYear' is: 'October 2195'&#xD;
&#xD;
2019-11-01 02:42:30 - [MESSAGE][PASSED] - Object: 'Object Repository/Pages/Sale/calender_NextButton' is clicked on&#xD;
&#xD;
2019-11-01 02:42:30 - [MESSAGE][PASSED] - Text of object 'Object Repository/Pages/Sale/link_MonthYear' is: 'November 2195'&#xD;
&#xD;
2019-11-01 02:42:30 - [MESSAGE][PASSED] - Object: 'Object Repository/Pages/Sale/calender_NextButton' is clicked on&#xD;
&#xD;
2019-11-01 02:42:30 - [MESSAGE][PASSED] - Text of object 'Object Repository/Pages/Sale/link_MonthYear' is: 'December 2195'&#xD;
&#xD;
2019-11-01 02:42:31 - [MESSAGE][PASSED] - Object: 'Object Repository/Pages/Sale/calender_NextButton' is clicked on&#xD;
&#xD;
2019-11-01 02:42:31 - [MESSAGE][PASSED] - Text of object 'Object Repository/Pages/Sale/link_MonthYear' is: 'January 2196'&#xD;
&#xD;
2019-11-01 02:42:31 - [MESSAGE][PASSED] - Object: 'Object Repository/Pages/Sale/calender_NextButton' is clicked on&#xD;
&#xD;
2019-11-01 02:42:31 - [MESSAGE][PASSED] - Text of object 'Object Repository/Pages/Sale/link_MonthYear' is: 'February 2196'&#xD;
&#xD;
2019-11-01 02:42:31 - [MESSAGE][PASSED] - Object: 'Object Repository/Pages/Sale/calender_NextButton' is clicked on&#xD;
&#xD;
2019-11-01 02:42:31 - [MESSAGE][PASSED] - Text of object 'Object Repository/Pages/Sale/link_MonthYear' is: 'March 2196'&#xD;
&#xD;
2019-11-01 02:42:32 - [MESSAGE][PASSED] - Object: 'Object Repository/Pages/Sale/calender_NextButton' is clicked on&#xD;
&#xD;
2019-11-01 02:42:32 - [MESSAGE][PASSED] - Text of object 'Object Repository/Pages/Sale/link_MonthYear' is: 'April 2196'&#xD;
&#xD;
2019-11-01 02:42:32 - [MESSAGE][PASSED] - Object: 'Object Repository/Pages/Sale/calender_NextButton' is clicked on&#xD;
&#xD;
2019-11-01 02:42:32 - [MESSAGE][PASSED] - Text of object 'Object Repository/Pages/Sale/link_MonthYear' is: 'May 2196'&#xD;
&#xD;
2019-11-01 02:42:32 - [MESSAGE][PASSED] - Object: 'Object Repository/Pages/Sale/calender_NextButton' is clicked on&#xD;
&#xD;
2019-11-01 02:42:32 - [MESSAGE][PASSED] - Text of object 'Object Repository/Pages/Sale/link_MonthYear' is: 'June 2196'&#xD;
&#xD;
2019-11-01 02:42:33 - [MESSAGE][PASSED] - Object: 'Object Repository/Pages/Sale/calender_NextButton' is clicked on&#xD;
&#xD;
2019-11-01 02:42:33 - [MESSAGE][PASSED] - Text of object 'Object Repository/Pages/Sale/link_MonthYear' is: 'July 2196'&#xD;
&#xD;
2019-11-01 02:42:33 - [MESSAGE][PASSED] - Object: 'Object Repository/Pages/Sale/calender_NextButton' is clicked on&#xD;
&#xD;
2019-11-01 02:42:33 - [MESSAGE][PASSED] - Text of object 'Object Repository/Pages/Sale/link_MonthYear' is: 'August 2196'&#xD;
&#xD;
2019-11-01 02:42:33 - [MESSAGE][PASSED] - Object: 'Object Repository/Pages/Sale/calender_NextButton' is clicked on&#xD;
&#xD;
2019-11-01 02:42:33 - [MESSAGE][PASSED] - Text of object 'Object Repository/Pages/Sale/link_MonthYear' is: 'September 2196'&#xD;
&#xD;
2019-11-01 02:42:33 - [MESSAGE][PASSED] - Object: 'Object Repository/Pages/Sale/calender_NextButton' is clicked on&#xD;
&#xD;
2019-11-01 02:42:34 - [MESSAGE][PASSED] - Text of object 'Object Repository/Pages/Sale/link_MonthYear' is: 'October 2196'&#xD;
&#xD;
2019-11-01 02:42:34 - [MESSAGE][PASSED] - Object: 'Object Repository/Pages/Sale/calender_NextButton' is clicked on&#xD;
&#xD;
2019-11-01 02:42:34 - [MESSAGE][PASSED] - Text of object 'Object Repository/Pages/Sale/link_MonthYear' is: 'November 2196'&#xD;
&#xD;
2019-11-01 02:42:34 - [MESSAGE][PASSED] - Object: 'Object Repository/Pages/Sale/calender_NextButton' is clicked on&#xD;
&#xD;
2019-11-01 02:42:34 - [MESSAGE][PASSED] - Text of object 'Object Repository/Pages/Sale/link_MonthYear' is: 'December 2196'&#xD;
&#xD;
2019-11-01 02:42:34 - [MESSAGE][PASSED] - Object: 'Object Repository/Pages/Sale/calender_NextButton' is clicked on&#xD;
&#xD;
2019-11-01 02:42:34 - [MESSAGE][PASSED] - Text of object 'Object Repository/Pages/Sale/link_MonthYear' is: 'January 2197'&#xD;
&#xD;
2019-11-01 02:42:35 - [MESSAGE][PASSED] - Object: 'Object Repository/Pages/Sale/calender_NextButton' is clicked on&#xD;
&#xD;
2019-11-01 02:42:35 - [MESSAGE][PASSED] - Text of object 'Object Repository/Pages/Sale/link_MonthYear' is: 'February 2197'&#xD;
&#xD;
2019-11-01 02:42:35 - [MESSAGE][PASSED] - Object: 'Object Repository/Pages/Sale/calender_NextButton' is clicked on&#xD;
&#xD;
2019-11-01 02:42:35 - [MESSAGE][PASSED] - Text of object 'Object Repository/Pages/Sale/link_MonthYear' is: 'March 2197'&#xD;
&#xD;
2019-11-01 02:42:35 - [MESSAGE][PASSED] - Object: 'Object Repository/Pages/Sale/calender_NextButton' is clicked on&#xD;
&#xD;
2019-11-01 02:42:35 - [MESSAGE][PASSED] - Text of object 'Object Repository/Pages/Sale/link_MonthYear' is: 'April 2197'&#xD;
&#xD;
2019-11-01 02:42:36 - [MESSAGE][PASSED] - Object: 'Object Repository/Pages/Sale/calender_NextButton' is clicked on&#xD;
&#xD;
2019-11-01 02:42:36 - [MESSAGE][PASSED] - Text of object 'Object Repository/Pages/Sale/link_MonthYear' is: 'May 2197'&#xD;
&#xD;
2019-11-01 02:42:36 - [MESSAGE][PASSED] - Object: 'Object Repository/Pages/Sale/calender_NextButton' is clicked on&#xD;
&#xD;
2019-11-01 02:42:36 - [MESSAGE][PASSED] - Text of object 'Object Repository/Pages/Sale/link_MonthYear' is: 'June 2197'&#xD;
&#xD;
2019-11-01 02:42:36 - [MESSAGE][PASSED] - Object: 'Object Repository/Pages/Sale/calender_NextButton' is clicked on&#xD;
&#xD;
2019-11-01 02:42:36 - [MESSAGE][PASSED] - Text of object 'Object Repository/Pages/Sale/link_MonthYear' is: 'July 2197'&#xD;
&#xD;
2019-11-01 02:42:37 - [MESSAGE][PASSED] - Object: 'Object Repository/Pages/Sale/calender_NextButton' is clicked on&#xD;
&#xD;
2019-11-01 02:42:37 - [MESSAGE][PASSED] - Text of object 'Object Repository/Pages/Sale/link_MonthYear' is: 'August 2197'&#xD;
&#xD;
2019-11-01 02:42:37 - [MESSAGE][PASSED] - Object: 'Object Repository/Pages/Sale/calender_NextButton' is clicked on&#xD;
&#xD;
2019-11-01 02:42:37 - [MESSAGE][PASSED] - Text of object 'Object Repository/Pages/Sale/link_MonthYear' is: 'September 2197'&#xD;
&#xD;
2019-11-01 02:42:37 - [MESSAGE][PASSED] - Object: 'Object Repository/Pages/Sale/calender_NextButton' is clicked on&#xD;
&#xD;
2019-11-01 02:42:37 - [MESSAGE][PASSED] - Text of object 'Object Repository/Pages/Sale/link_MonthYear' is: 'October 2197'&#xD;
&#xD;
2019-11-01 02:42:38 - [MESSAGE][PASSED] - Object: 'Object Repository/Pages/Sale/calender_NextButton' is clicked on&#xD;
&#xD;
2019-11-01 02:42:38 - [MESSAGE][PASSED] - Text of object 'Object Repository/Pages/Sale/link_MonthYear' is: 'November 2197'&#xD;
&#xD;
2019-11-01 02:42:38 - [MESSAGE][PASSED] - Object: 'Object Repository/Pages/Sale/calender_NextButton' is clicked on&#xD;
&#xD;
2019-11-01 02:42:38 - [MESSAGE][PASSED] - Text of object 'Object Repository/Pages/Sale/link_MonthYear' is: 'December 2197'&#xD;
&#xD;
2019-11-01 02:42:38 - [MESSAGE][PASSED] - Object: 'Object Repository/Pages/Sale/calender_NextButton' is clicked on&#xD;
&#xD;
2019-11-01 02:42:38 - [MESSAGE][PASSED] - Text of object 'Object Repository/Pages/Sale/link_MonthYear' is: 'January 2198'&#xD;
&#xD;
2019-11-01 02:42:39 - [MESSAGE][PASSED] - Object: 'Object Repository/Pages/Sale/calender_NextButton' is clicked on&#xD;
&#xD;
2019-11-01 02:42:39 - [MESSAGE][PASSED] - Text of object 'Object Repository/Pages/Sale/link_MonthYear' is: 'February 2198'&#xD;
&#xD;
2019-11-01 02:42:39 - [MESSAGE][PASSED] - Object: 'Object Repository/Pages/Sale/calender_NextButton' is clicked on&#xD;
&#xD;
2019-11-01 02:42:39 - [MESSAGE][PASSED] - Text of object 'Object Repository/Pages/Sale/link_MonthYear' is: 'March 2198'&#xD;
&#xD;
2019-11-01 02:42:40 - [MESSAGE][PASSED] - Object: 'Object Repository/Pages/Sale/calender_NextButton' is clicked on&#xD;
&#xD;
2019-11-01 02:42:40 - [MESSAGE][PASSED] - Text of object 'Object Repository/Pages/Sale/link_MonthYear' is: 'April 2198'&#xD;
&#xD;
2019-11-01 02:42:40 - [MESSAGE][PASSED] - Object: 'Object Repository/Pages/Sale/calender_NextButton' is clicked on&#xD;
&#xD;
2019-11-01 02:42:40 - [MESSAGE][PASSED] - Text of object 'Object Repository/Pages/Sale/link_MonthYear' is: 'May 2198'&#xD;
&#xD;
2019-11-01 02:42:40 - [MESSAGE][PASSED] - Object: 'Object Repository/Pages/Sale/calender_NextButton' is clicked on&#xD;
&#xD;
2019-11-01 02:42:40 - [MESSAGE][PASSED] - Text of object 'Object Repository/Pages/Sale/link_MonthYear' is: 'June 2198'&#xD;
&#xD;
2019-11-01 02:42:40 - [MESSAGE][PASSED] - Object: 'Object Repository/Pages/Sale/calender_NextButton' is clicked on&#xD;
&#xD;
2019-11-01 02:42:40 - [MESSAGE][PASSED] - Text of object 'Object Repository/Pages/Sale/link_MonthYear' is: 'July 2198'&#xD;
&#xD;
2019-11-01 02:42:41 - [MESSAGE][PASSED] - Object: 'Object Repository/Pages/Sale/calender_NextButton' is clicked on&#xD;
&#xD;
2019-11-01 02:42:41 - [MESSAGE][PASSED] - Text of object 'Object Repository/Pages/Sale/link_MonthYear' is: 'August 2198'&#xD;
&#xD;
2019-11-01 02:42:41 - [MESSAGE][PASSED] - Object: 'Object Repository/Pages/Sale/calender_NextButton' is clicked on&#xD;
&#xD;
2019-11-01 02:42:41 - [MESSAGE][PASSED] - Text of object 'Object Repository/Pages/Sale/link_MonthYear' is: 'September 2198'&#xD;
&#xD;
2019-11-01 02:42:41 - [MESSAGE][PASSED] - Object: 'Object Repository/Pages/Sale/calender_NextButton' is clicked on&#xD;
&#xD;
2019-11-01 02:42:41 - [MESSAGE][PASSED] - Text of object 'Object Repository/Pages/Sale/link_MonthYear' is: 'October 2198'&#xD;
&#xD;
2019-11-01 02:42:42 - [MESSAGE][PASSED] - Object: 'Object Repository/Pages/Sale/calender_NextButton' is clicked on&#xD;
&#xD;
2019-11-01 02:42:42 - [MESSAGE][PASSED] - Text of object 'Object Repository/Pages/Sale/link_MonthYear' is: 'November 2198'&#xD;
&#xD;
2019-11-01 02:42:42 - [MESSAGE][PASSED] - Object: 'Object Repository/Pages/Sale/calender_NextButton' is clicked on&#xD;
&#xD;
2019-11-01 02:42:42 - [MESSAGE][PASSED] - Text of object 'Object Repository/Pages/Sale/link_MonthYear' is: 'December 2198'&#xD;
&#xD;
2019-11-01 02:42:42 - [MESSAGE][PASSED] - Object: 'Object Repository/Pages/Sale/calender_NextButton' is clicked on&#xD;
&#xD;
2019-11-01 02:42:42 - [MESSAGE][PASSED] - Text of object 'Object Repository/Pages/Sale/link_MonthYear' is: 'January 2199'&#xD;
&#xD;
2019-11-01 02:42:43 - [MESSAGE][PASSED] - Object: 'Object Repository/Pages/Sale/calender_NextButton' is clicked on&#xD;
&#xD;
2019-11-01 02:42:43 - [MESSAGE][PASSED] - Text of object 'Object Repository/Pages/Sale/link_MonthYear' is: 'February 2199'&#xD;
&#xD;
2019-11-01 02:42:43 - [MESSAGE][PASSED] - Object: 'Object Repository/Pages/Sale/calender_NextButton' is clicked on&#xD;
&#xD;
2019-11-01 02:42:43 - [MESSAGE][PASSED] - Text of object 'Object Repository/Pages/Sale/link_MonthYear' is: 'March 2199'&#xD;
&#xD;
2019-11-01 02:42:43 - [MESSAGE][PASSED] - Object: 'Object Repository/Pages/Sale/calender_NextButton' is clicked on&#xD;
&#xD;
2019-11-01 02:42:43 - [MESSAGE][PASSED] - Text of object 'Object Repository/Pages/Sale/link_MonthYear' is: 'April 2199'&#xD;
&#xD;
2019-11-01 02:42:44 - [MESSAGE][PASSED] - Object: 'Object Repository/Pages/Sale/calender_NextButton' is clicked on&#xD;
&#xD;
2019-11-01 02:42:44 - [MESSAGE][PASSED] - Text of object 'Object Repository/Pages/Sale/link_MonthYear' is: 'May 2199'&#xD;
&#xD;
2019-11-01 02:42:44 - [MESSAGE][PASSED] - Object: 'Object Repository/Pages/Sale/calender_NextButton' is clicked on&#xD;
&#xD;
2019-11-01 02:42:44 - [MESSAGE][PASSED] - Text of object 'Object Repository/Pages/Sale/link_MonthYear' is: 'June 2199'&#xD;
&#xD;
2019-11-01 02:42:44 - [MESSAGE][PASSED] - Object: 'Object Repository/Pages/Sale/calender_NextButton' is clicked on&#xD;
&#xD;
2019-11-01 02:42:44 - [MESSAGE][PASSED] - Text of object 'Object Repository/Pages/Sale/link_MonthYear' is: 'July 2199'&#xD;
&#xD;
2019-11-01 02:42:45 - [MESSAGE][PASSED] - Object: 'Object Repository/Pages/Sale/calender_NextButton' is clicked on&#xD;
&#xD;
2019-11-01 02:42:45 - [MESSAGE][PASSED] - Text of object 'Object Repository/Pages/Sale/link_MonthYear' is: 'August 2199'&#xD;
&#xD;
2019-11-01 02:42:45 - [MESSAGE][PASSED] - Object: 'Object Repository/Pages/Sale/calender_NextButton' is clicked on&#xD;
&#xD;
2019-11-01 02:42:45 - [MESSAGE][PASSED] - Text of object 'Object Repository/Pages/Sale/link_MonthYear' is: 'September 2199'&#xD;
&#xD;
2019-11-01 02:42:45 - [MESSAGE][PASSED] - Object: 'Object Repository/Pages/Sale/calender_NextButton' is clicked on&#xD;
&#xD;
2019-11-01 02:42:45 - [MESSAGE][PASSED] - Text of object 'Object Repository/Pages/Sale/link_MonthYear' is: 'October 2199'&#xD;
&#xD;
2019-11-01 02:42:46 - [MESSAGE][PASSED] - Object: 'Object Repository/Pages/Sale/calender_NextButton' is clicked on&#xD;
&#xD;
2019-11-01 02:42:46 - [MESSAGE][PASSED] - Text of object 'Object Repository/Pages/Sale/link_MonthYear' is: 'November 2199'&#xD;
&#xD;
2019-11-01 02:42:46 - [MESSAGE][PASSED] - Object: 'Object Repository/Pages/Sale/calender_NextButton' is clicked on&#xD;
&#xD;
2019-11-01 02:42:46 - [MESSAGE][PASSED] - Text of object 'Object Repository/Pages/Sale/link_MonthYear' is: 'December 2199'&#xD;
&#xD;
2019-11-01 02:42:46 - [MESSAGE][PASSED] - Object: 'Object Repository/Pages/Sale/calender_NextButton' is clicked on&#xD;
&#xD;
2019-11-01 02:42:46 - [MESSAGE][PASSED] - Text of object 'Object Repository/Pages/Sale/link_MonthYear' is: 'January 2200'&#xD;
&#xD;
2019-11-01 02:42:47 - [MESSAGE][PASSED] - Object: 'Object Repository/Pages/Sale/calender_NextButton' is clicked on&#xD;
&#xD;
2019-11-01 02:42:47 - [MESSAGE][PASSED] - Text of object 'Object Repository/Pages/Sale/link_MonthYear' is: 'February 2200'&#xD;
&#xD;
2019-11-01 02:42:47 - [MESSAGE][PASSED] - Object: 'Object Repository/Pages/Sale/calender_NextButton' is clicked on&#xD;
&#xD;
2019-11-01 02:42:47 - [MESSAGE][PASSED] - Text of object 'Object Repository/Pages/Sale/link_MonthYear' is: 'March 2200'&#xD;
&#xD;
2019-11-01 02:42:47 - [MESSAGE][PASSED] - Object: 'Object Repository/Pages/Sale/calender_NextButton' is clicked on&#xD;
&#xD;
2019-11-01 02:42:47 - [MESSAGE][PASSED] - Text of object 'Object Repository/Pages/Sale/link_MonthYear' is: 'April 2200'&#xD;
&#xD;
2019-11-01 02:42:48 - [MESSAGE][PASSED] - Object: 'Object Repository/Pages/Sale/calender_NextButton' is clicked on&#xD;
&#xD;
2019-11-01 02:42:48 - [MESSAGE][PASSED] - Text of object 'Object Repository/Pages/Sale/link_MonthYear' is: 'May 2200'&#xD;
&#xD;
2019-11-01 02:42:48 - [MESSAGE][PASSED] - Object: 'Object Repository/Pages/Sale/calender_NextButton' is clicked on&#xD;
&#xD;
2019-11-01 02:42:48 - [MESSAGE][PASSED] - Text of object 'Object Repository/Pages/Sale/link_MonthYear' is: 'June 2200'&#xD;
&#xD;
2019-11-01 02:42:48 - [MESSAGE][PASSED] - Object: 'Object Repository/Pages/Sale/calender_NextButton' is clicked on&#xD;
&#xD;
2019-11-01 02:42:48 - [MESSAGE][PASSED] - Text of object 'Object Repository/Pages/Sale/link_MonthYear' is: 'July 2200'&#xD;
&#xD;
2019-11-01 02:42:48 - [MESSAGE][PASSED] - Object: 'Object Repository/Pages/Sale/calender_NextButton' is clicked on&#xD;
&#xD;
2019-11-01 02:42:48 - [MESSAGE][PASSED] - Text of object 'Object Repository/Pages/Sale/link_MonthYear' is: 'August 2200'&#xD;
&#xD;
2019-11-01 02:42:49 - [MESSAGE][PASSED] - Object: 'Object Repository/Pages/Sale/calender_NextButton' is clicked on&#xD;
&#xD;
2019-11-01 02:42:49 - [MESSAGE][PASSED] - Text of object 'Object Repository/Pages/Sale/link_MonthYear' is: 'September 2200'&#xD;
&#xD;
2019-11-01 02:42:49 - [MESSAGE][PASSED] - Object: 'Object Repository/Pages/Sale/calender_NextButton' is clicked on&#xD;
&#xD;
2019-11-01 02:42:49 - [MESSAGE][PASSED] - Text of object 'Object Repository/Pages/Sale/link_MonthYear' is: 'October 2200'&#xD;
&#xD;
2019-11-01 02:42:49 - [MESSAGE][PASSED] - Object: 'Object Repository/Pages/Sale/calender_NextButton' is clicked on&#xD;
&#xD;
2019-11-01 02:42:49 - [MESSAGE][PASSED] - Text of object 'Object Repository/Pages/Sale/link_MonthYear' is: 'November 2200'&#xD;
&#xD;
2019-11-01 02:42:50 - [MESSAGE][PASSED] - Object: 'Object Repository/Pages/Sale/calender_NextButton' is clicked on&#xD;
&#xD;
2019-11-01 02:42:50 - [MESSAGE][PASSED] - Text of object 'Object Repository/Pages/Sale/link_MonthYear' is: 'December 2200'&#xD;
&#xD;
2019-11-01 02:42:50 - [MESSAGE][PASSED] - Object: 'Object Repository/Pages/Sale/calender_NextButton' is clicked on&#xD;
&#xD;
2019-11-01 02:42:50 - [MESSAGE][PASSED] - Text of object 'Object Repository/Pages/Sale/link_MonthYear' is: 'January 2201'&#xD;
&#xD;
2019-11-01 02:42:50 - [MESSAGE][PASSED] - Object: 'Object Repository/Pages/Sale/calender_NextButton' is clicked on&#xD;
&#xD;
2019-11-01 02:42:50 - [MESSAGE][PASSED] - Text of object 'Object Repository/Pages/Sale/link_MonthYear' is: 'February 2201'&#xD;
&#xD;
2019-11-01 02:42:51 - [MESSAGE][PASSED] - Object: 'Object Repository/Pages/Sale/calender_NextButton' is clicked on&#xD;
&#xD;
2019-11-01 02:42:51 - [MESSAGE][PASSED] - Text of object 'Object Repository/Pages/Sale/link_MonthYear' is: 'March 2201'&#xD;
&#xD;
2019-11-01 02:42:51 - [MESSAGE][PASSED] - Object: 'Object Repository/Pages/Sale/calender_NextButton' is clicked on&#xD;
&#xD;
2019-11-01 02:42:51 - [MESSAGE][PASSED] - Text of object 'Object Repository/Pages/Sale/link_MonthYear' is: 'April 2201'&#xD;
&#xD;
2019-11-01 02:42:51 - [MESSAGE][PASSED] - Object: 'Object Repository/Pages/Sale/calender_NextButton' is clicked on&#xD;
&#xD;
2019-11-01 02:42:51 - [MESSAGE][PASSED] - Text of object 'Object Repository/Pages/Sale/link_MonthYear' is: 'May 2201'&#xD;
&#xD;
2019-11-01 02:42:51 - [MESSAGE][PASSED] - Object: 'Object Repository/Pages/Sale/calender_NextButton' is clicked on&#xD;
&#xD;
2019-11-01 02:42:51 - [MESSAGE][PASSED] - Text of object 'Object Repository/Pages/Sale/link_MonthYear' is: 'June 2201'&#xD;
&#xD;
2019-11-01 02:42:52 - [MESSAGE][PASSED] - Object: 'Object Repository/Pages/Sale/calender_NextButton' is clicked on&#xD;
&#xD;
2019-11-01 02:42:52 - [MESSAGE][PASSED] - Text of object 'Object Repository/Pages/Sale/link_MonthYear' is: 'July 2201'&#xD;
&#xD;
2019-11-01 02:42:52 - [MESSAGE][PASSED] - Object: 'Object Repository/Pages/Sale/calender_NextButton' is clicked on&#xD;
&#xD;
2019-11-01 02:42:52 - [MESSAGE][PASSED] - Text of object 'Object Repository/Pages/Sale/link_MonthYear' is: 'August 2201'&#xD;
&#xD;
2019-11-01 02:42:53 - [MESSAGE][PASSED] - Object: 'Object Repository/Pages/Sale/calender_NextButton' is clicked on&#xD;
&#xD;
2019-11-01 02:42:53 - [MESSAGE][PASSED] - Text of object 'Object Repository/Pages/Sale/link_MonthYear' is: 'September 2201'&#xD;
&#xD;
2019-11-01 02:42:53 - [MESSAGE][PASSED] - Object: 'Object Repository/Pages/Sale/calender_NextButton' is clicked on&#xD;
&#xD;
2019-11-01 02:42:53 - [MESSAGE][PASSED] - Text of object 'Object Repository/Pages/Sale/link_MonthYear' is: 'October 2201'&#xD;
&#xD;
2019-11-01 02:42:53 - [MESSAGE][PASSED] - Object: 'Object Repository/Pages/Sale/calender_NextButton' is clicked on&#xD;
&#xD;
2019-11-01 02:42:53 - [MESSAGE][PASSED] - Text of object 'Object Repository/Pages/Sale/link_MonthYear' is: 'November 2201'&#xD;
&#xD;
2019-11-01 02:42:54 - [MESSAGE][PASSED] - Object: 'Object Repository/Pages/Sale/calender_NextButton' is clicked on&#xD;
&#xD;
2019-11-01 02:42:54 - [MESSAGE][PASSED] - Text of object 'Object Repository/Pages/Sale/link_MonthYear' is: 'December 2201'&#xD;
&#xD;
2019-11-01 02:42:54 - [MESSAGE][PASSED] - Object: 'Object Repository/Pages/Sale/calender_NextButton' is clicked on&#xD;
&#xD;
2019-11-01 02:42:54 - [MESSAGE][PASSED] - Text of object 'Object Repository/Pages/Sale/link_MonthYear' is: 'January 2202'&#xD;
&#xD;
2019-11-01 02:42:54 - [MESSAGE][PASSED] - Object: 'Object Repository/Pages/Sale/calender_NextButton' is clicked on&#xD;
&#xD;
2019-11-01 02:42:54 - [MESSAGE][PASSED] - Text of object 'Object Repository/Pages/Sale/link_MonthYear' is: 'February 2202'&#xD;
&#xD;
2019-11-01 02:42:54 - [MESSAGE][PASSED] - Object: 'Object Repository/Pages/Sale/calender_NextButton' is clicked on&#xD;
&#xD;
2019-11-01 02:42:54 - [MESSAGE][PASSED] - Text of object 'Object Repository/Pages/Sale/link_MonthYear' is: 'March 2202'&#xD;
&#xD;
2019-11-01 02:42:55 - [MESSAGE][PASSED] - Object: 'Object Repository/Pages/Sale/calender_NextButton' is clicked on&#xD;
&#xD;
2019-11-01 02:42:55 - [MESSAGE][PASSED] - Text of object 'Object Repository/Pages/Sale/link_MonthYear' is: 'April 2202'&#xD;
&#xD;
2019-11-01 02:42:55 - [MESSAGE][PASSED] - Object: 'Object Repository/Pages/Sale/calender_NextButton' is clicked on&#xD;
&#xD;
2019-11-01 02:42:55 - [MESSAGE][PASSED] - Text of object 'Object Repository/Pages/Sale/link_MonthYear' is: 'May 2202'&#xD;
&#xD;
2019-11-01 02:42:55 - [MESSAGE][PASSED] - Object: 'Object Repository/Pages/Sale/calender_NextButton' is clicked on&#xD;
&#xD;
2019-11-01 02:42:55 - [MESSAGE][PASSED] - Text of object 'Object Repository/Pages/Sale/link_MonthYear' is: 'June 2202'&#xD;
&#xD;
2019-11-01 02:42:56 - [MESSAGE][PASSED] - Object: 'Object Repository/Pages/Sale/calender_NextButton' is clicked on&#xD;
&#xD;
2019-11-01 02:42:56 - [MESSAGE][PASSED] - Text of object 'Object Repository/Pages/Sale/link_MonthYear' is: 'July 2202'&#xD;
&#xD;
2019-11-01 02:42:56 - [MESSAGE][PASSED] - Object: 'Object Repository/Pages/Sale/calender_NextButton' is clicked on&#xD;
&#xD;
2019-11-01 02:42:56 - [MESSAGE][PASSED] - Text of object 'Object Repository/Pages/Sale/link_MonthYear' is: 'August 2202'&#xD;
&#xD;
2019-11-01 02:42:56 - [MESSAGE][PASSED] - Object: 'Object Repository/Pages/Sale/calender_NextButton' is clicked on&#xD;
&#xD;
2019-11-01 02:42:56 - [MESSAGE][PASSED] - Text of object 'Object Repository/Pages/Sale/link_MonthYear' is: 'September 2202'&#xD;
&#xD;
2019-11-01 02:42:57 - [MESSAGE][PASSED] - Object: 'Object Repository/Pages/Sale/calender_NextButton' is clicked on&#xD;
&#xD;
2019-11-01 02:42:57 - [MESSAGE][PASSED] - Text of object 'Object Repository/Pages/Sale/link_MonthYear' is: 'October 2202'&#xD;
&#xD;
2019-11-01 02:42:57 - [MESSAGE][PASSED] - Object: 'Object Repository/Pages/Sale/calender_NextButton' is clicked on&#xD;
&#xD;
2019-11-01 02:42:57 - [MESSAGE][PASSED] - Text of object 'Object Repository/Pages/Sale/link_MonthYear' is: 'November 2202'&#xD;
&#xD;
2019-11-01 02:42:57 - [MESSAGE][PASSED] - Object: 'Object Repository/Pages/Sale/calender_NextButton' is clicked on&#xD;
&#xD;
2019-11-01 02:42:57 - [MESSAGE][PASSED] - Text of object 'Object Repository/Pages/Sale/link_MonthYear' is: 'December 2202'&#xD;
&#xD;
2019-11-01 02:42:58 - [MESSAGE][PASSED] - Object: 'Object Repository/Pages/Sale/calender_NextButton' is clicked on&#xD;
&#xD;
2019-11-01 02:42:58 - [MESSAGE][PASSED] - Text of object 'Object Repository/Pages/Sale/link_MonthYear' is: 'January 2203'&#xD;
&#xD;
2019-11-01 02:42:58 - [MESSAGE][PASSED] - Object: 'Object Repository/Pages/Sale/calender_NextButton' is clicked on&#xD;
&#xD;
2019-11-01 02:42:58 - [MESSAGE][PASSED] - Text of object 'Object Repository/Pages/Sale/link_MonthYear' is: 'February 2203'&#xD;
&#xD;
2019-11-01 02:42:58 - [MESSAGE][PASSED] - Object: 'Object Repository/Pages/Sale/calender_NextButton' is clicked on&#xD;
&#xD;
2019-11-01 02:42:58 - [MESSAGE][PASSED] - Text of object 'Object Repository/Pages/Sale/link_MonthYear' is: 'March 2203'&#xD;
&#xD;
2019-11-01 02:42:59 - [MESSAGE][PASSED] - Object: 'Object Repository/Pages/Sale/calender_NextButton' is clicked on&#xD;
&#xD;
2019-11-01 02:42:59 - [MESSAGE][PASSED] - Text of object 'Object Repository/Pages/Sale/link_MonthYear' is: 'April 2203'&#xD;
&#xD;
2019-11-01 02:42:59 - [MESSAGE][PASSED] - Object: 'Object Repository/Pages/Sale/calender_NextButton' is clicked on&#xD;
&#xD;
2019-11-01 02:42:59 - [MESSAGE][PASSED] - Text of object 'Object Repository/Pages/Sale/link_MonthYear' is: 'May 2203'&#xD;
&#xD;
2019-11-01 02:42:59 - [MESSAGE][PASSED] - Object: 'Object Repository/Pages/Sale/calender_NextButton' is clicked on&#xD;
&#xD;
2019-11-01 02:42:59 - [MESSAGE][PASSED] - Text of object 'Object Repository/Pages/Sale/link_MonthYear' is: 'June 2203'&#xD;
&#xD;
2019-11-01 02:42:59 - [MESSAGE][PASSED] - Object: 'Object Repository/Pages/Sale/calender_NextButton' is clicked on&#xD;
&#xD;
2019-11-01 02:42:59 - [MESSAGE][PASSED] - Text of object 'Object Repository/Pages/Sale/link_MonthYear' is: 'July 2203'&#xD;
&#xD;
2019-11-01 02:43:00 - [MESSAGE][PASSED] - Object: 'Object Repository/Pages/Sale/calender_NextButton' is clicked on&#xD;
&#xD;
2019-11-01 02:43:00 - [MESSAGE][PASSED] - Text of object 'Object Repository/Pages/Sale/link_MonthYear' is: 'August 2203'&#xD;
&#xD;
2019-11-01 02:43:00 - [MESSAGE][PASSED] - Object: 'Object Repository/Pages/Sale/calender_NextButton' is clicked on&#xD;
&#xD;
2019-11-01 02:43:00 - [MESSAGE][PASSED] - Text of object 'Object Repository/Pages/Sale/link_MonthYear' is: 'September 2203'&#xD;
&#xD;
2019-11-01 02:43:01 - [MESSAGE][PASSED] - Object: 'Object Repository/Pages/Sale/calender_NextButton' is clicked on&#xD;
&#xD;
2019-11-01 02:43:01 - [MESSAGE][PASSED] - Text of object 'Object Repository/Pages/Sale/link_MonthYear' is: 'October 2203'&#xD;
&#xD;
2019-11-01 02:43:01 - [MESSAGE][PASSED] - Object: 'Object Repository/Pages/Sale/calender_NextButton' is clicked on&#xD;
&#xD;
2019-11-01 02:43:01 - [MESSAGE][PASSED] - Text of object 'Object Repository/Pages/Sale/link_MonthYear' is: 'November 2203'&#xD;
&#xD;
2019-11-01 02:43:01 - [MESSAGE][PASSED] - Object: 'Object Repository/Pages/Sale/calender_NextButton' is clicked on&#xD;
&#xD;
2019-11-01 02:43:01 - [MESSAGE][PASSED] - Text of object 'Object Repository/Pages/Sale/link_MonthYear' is: 'December 2203'&#xD;
&#xD;
2019-11-01 02:43:02 - [MESSAGE][PASSED] - Object: 'Object Repository/Pages/Sale/calender_NextButton' is clicked on&#xD;
&#xD;
2019-11-01 02:43:02 - [MESSAGE][PASSED] - Text of object 'Object Repository/Pages/Sale/link_MonthYear' is: 'January 2204'&#xD;
&#xD;
2019-11-01 02:43:02 - [MESSAGE][PASSED] - Object: 'Object Repository/Pages/Sale/calender_NextButton' is clicked on&#xD;
&#xD;
2019-11-01 02:43:02 - [MESSAGE][PASSED] - Text of object 'Object Repository/Pages/Sale/link_MonthYear' is: 'February 2204'&#xD;
&#xD;
2019-11-01 02:43:02 - [MESSAGE][PASSED] - Object: 'Object Repository/Pages/Sale/calender_NextButton' is clicked on&#xD;
&#xD;
2019-11-01 02:43:02 - [MESSAGE][PASSED] - Text of object 'Object Repository/Pages/Sale/link_MonthYear' is: 'March 2204'&#xD;
&#xD;
2019-11-01 02:43:02 - [MESSAGE][PASSED] - Object: 'Object Repository/Pages/Sale/calender_NextButton' is clicked on&#xD;
&#xD;
2019-11-01 02:43:02 - [MESSAGE][PASSED] - Text of object 'Object Repository/Pages/Sale/link_MonthYear' is: 'April 2204'&#xD;
&#xD;
2019-11-01 02:43:03 - [MESSAGE][PASSED] - Object: 'Object Repository/Pages/Sale/calender_NextButton' is clicked on&#xD;
&#xD;
2019-11-01 02:43:03 - [MESSAGE][PASSED] - Text of object 'Object Repository/Pages/Sale/link_MonthYear' is: 'May 2204'&#xD;
&#xD;
2019-11-01 02:43:03 - [MESSAGE][PASSED] - Object: 'Object Repository/Pages/Sale/calender_NextButton' is clicked on&#xD;
&#xD;
2019-11-01 02:43:03 - [MESSAGE][PASSED] - Text of object 'Object Repository/Pages/Sale/link_MonthYear' is: 'June 2204'&#xD;
&#xD;
2019-11-01 02:43:03 - [MESSAGE][PASSED] - Object: 'Object Repository/Pages/Sale/calender_NextButton' is clicked on&#xD;
&#xD;
2019-11-01 02:43:03 - [MESSAGE][PASSED] - Text of object 'Object Repository/Pages/Sale/link_MonthYear' is: 'July 2204'&#xD;
&#xD;
2019-11-01 02:43:03 - [MESSAGE][PASSED] - Object: 'Object Repository/Pages/Sale/calender_NextButton' is clicked on&#xD;
&#xD;
2019-11-01 02:43:04 - [MESSAGE][PASSED] - Text of object 'Object Repository/Pages/Sale/link_MonthYear' is: 'August 2204'&#xD;
&#xD;
2019-11-01 02:43:04 - [MESSAGE][PASSED] - Object: 'Object Repository/Pages/Sale/calender_NextButton' is clicked on&#xD;
&#xD;
2019-11-01 02:43:04 - [MESSAGE][PASSED] - Text of object 'Object Repository/Pages/Sale/link_MonthYear' is: 'September 2204'&#xD;
&#xD;
2019-11-01 02:43:04 - [MESSAGE][PASSED] - Object: 'Object Repository/Pages/Sale/calender_NextButton' is clicked on&#xD;
&#xD;
2019-11-01 02:43:04 - [MESSAGE][PASSED] - Text of object 'Object Repository/Pages/Sale/link_MonthYear' is: 'October 2204'&#xD;
&#xD;
2019-11-01 02:43:04 - [MESSAGE][PASSED] - Object: 'Object Repository/Pages/Sale/calender_NextButton' is clicked on&#xD;
&#xD;
2019-11-01 02:43:04 - [MESSAGE][PASSED] - Text of object 'Object Repository/Pages/Sale/link_MonthYear' is: 'November 2204'&#xD;
&#xD;
2019-11-01 02:43:05 - [MESSAGE][PASSED] - Object: 'Object Repository/Pages/Sale/calender_NextButton' is clicked on&#xD;
&#xD;
2019-11-01 02:43:05 - [MESSAGE][PASSED] - Text of object 'Object Repository/Pages/Sale/link_MonthYear' is: 'December 2204'&#xD;
&#xD;
2019-11-01 02:43:05 - [MESSAGE][PASSED] - Object: 'Object Repository/Pages/Sale/calender_NextButton' is clicked on&#xD;
&#xD;
2019-11-01 02:43:05 - [MESSAGE][PASSED] - Text of object 'Object Repository/Pages/Sale/link_MonthYear' is: 'January 2205'&#xD;
&#xD;
2019-11-01 02:43:05 - [MESSAGE][PASSED] - Object: 'Object Repository/Pages/Sale/calender_NextButton' is clicked on&#xD;
&#xD;
2019-11-01 02:43:05 - [MESSAGE][PASSED] - Text of object 'Object Repository/Pages/Sale/link_MonthYear' is: 'February 2205'&#xD;
&#xD;
2019-11-01 02:43:05 - [MESSAGE][PASSED] - Object: 'Object Repository/Pages/Sale/calender_NextButton' is clicked on&#xD;
&#xD;
2019-11-01 02:43:06 - [MESSAGE][PASSED] - Text of object 'Object Repository/Pages/Sale/link_MonthYear' is: 'March 2205'&#xD;
&#xD;
2019-11-01 02:43:06 - [MESSAGE][PASSED] - Object: 'Object Repository/Pages/Sale/calender_NextButton' is clicked on&#xD;
&#xD;
2019-11-01 02:43:06 - [MESSAGE][PASSED] - Text of object 'Object Repository/Pages/Sale/link_MonthYear' is: 'April 2205'&#xD;
&#xD;
2019-11-01 02:43:06 - [MESSAGE][PASSED] - Object: 'Object Repository/Pages/Sale/calender_NextButton' is clicked on&#xD;
&#xD;
2019-11-01 02:43:06 - [MESSAGE][PASSED] - Text of object 'Object Repository/Pages/Sale/link_MonthYear' is: 'May 2205'&#xD;
&#xD;
2019-11-01 02:43:06 - [MESSAGE][PASSED] - Object: 'Object Repository/Pages/Sale/calender_NextButton' is clicked on&#xD;
&#xD;
2019-11-01 02:43:06 - [MESSAGE][PASSED] - Text of object 'Object Repository/Pages/Sale/link_MonthYear' is: 'June 2205'&#xD;
&#xD;
2019-11-01 02:43:07 - [MESSAGE][PASSED] - Object: 'Object Repository/Pages/Sale/calender_NextButton' is clicked on&#xD;
&#xD;
2019-11-01 02:43:07 - [MESSAGE][PASSED] - Text of object 'Object Repository/Pages/Sale/link_MonthYear' is: 'July 2205'&#xD;
&#xD;
2019-11-01 02:43:07 - [MESSAGE][PASSED] - Object: 'Object Repository/Pages/Sale/calender_NextButton' is clicked on&#xD;
&#xD;
2019-11-01 02:43:07 - [MESSAGE][PASSED] - Text of object 'Object Repository/Pages/Sale/link_MonthYear' is: 'August 2205'&#xD;
&#xD;
2019-11-01 02:43:07 - [MESSAGE][PASSED] - Object: 'Object Repository/Pages/Sale/calender_NextButton' is clicked on&#xD;
&#xD;
2019-11-01 02:43:08 - [MESSAGE][PASSED] - Text of object 'Object Repository/Pages/Sale/link_MonthYear' is: 'September 2205'&#xD;
&#xD;
2019-11-01 02:43:08 - [MESSAGE][PASSED] - Object: 'Object Repository/Pages/Sale/calender_NextButton' is clicked on&#xD;
&#xD;
2019-11-01 02:43:08 - [MESSAGE][PASSED] - Text of object 'Object Repository/Pages/Sale/link_MonthYear' is: 'October 2205'&#xD;
&#xD;
2019-11-01 02:43:08 - [MESSAGE][PASSED] - Object: 'Object Repository/Pages/Sale/calender_NextButton' is clicked on&#xD;
&#xD;
2019-11-01 02:43:08 - [MESSAGE][PASSED] - Text of object 'Object Repository/Pages/Sale/link_MonthYear' is: 'November 2205'&#xD;
&#xD;
2019-11-01 02:43:09 - [MESSAGE][PASSED] - Object: 'Object Repository/Pages/Sale/calender_NextButton' is clicked on&#xD;
&#xD;
2019-11-01 02:43:09 - [MESSAGE][PASSED] - Text of object 'Object Repository/Pages/Sale/link_MonthYear' is: 'December 2205'&#xD;
&#xD;
2019-11-01 02:43:09 - [MESSAGE][PASSED] - Object: 'Object Repository/Pages/Sale/calender_NextButton' is clicked on&#xD;
&#xD;
2019-11-01 02:43:09 - [MESSAGE][PASSED] - Text of object 'Object Repository/Pages/Sale/link_MonthYear' is: 'January 2206'&#xD;
&#xD;
2019-11-01 02:43:09 - [MESSAGE][PASSED] - Object: 'Object Repository/Pages/Sale/calender_NextButton' is clicked on&#xD;
&#xD;
2019-11-01 02:43:09 - [MESSAGE][PASSED] - Text of object 'Object Repository/Pages/Sale/link_MonthYear' is: 'February 2206'&#xD;
&#xD;
2019-11-01 02:43:09 - [MESSAGE][PASSED] - Object: 'Object Repository/Pages/Sale/calender_NextButton' is clicked on&#xD;
&#xD;
2019-11-01 02:43:09 - [MESSAGE][PASSED] - Text of object 'Object Repository/Pages/Sale/link_MonthYear' is: 'March 2206'&#xD;
&#xD;
2019-11-01 02:43:10 - [MESSAGE][PASSED] - Object: 'Object Repository/Pages/Sale/calender_NextButton' is clicked on&#xD;
&#xD;
2019-11-01 02:43:10 - [MESSAGE][PASSED] - Text of object 'Object Repository/Pages/Sale/link_MonthYear' is: 'April 2206'&#xD;
&#xD;
2019-11-01 02:43:10 - [MESSAGE][PASSED] - Object: 'Object Repository/Pages/Sale/calender_NextButton' is clicked on&#xD;
&#xD;
2019-11-01 02:43:10 - [MESSAGE][PASSED] - Text of object 'Object Repository/Pages/Sale/link_MonthYear' is: 'May 2206'&#xD;
&#xD;
2019-11-01 02:43:10 - [MESSAGE][PASSED] - Object: 'Object Repository/Pages/Sale/calender_NextButton' is clicked on&#xD;
&#xD;
2019-11-01 02:43:10 - [MESSAGE][PASSED] - Text of object 'Object Repository/Pages/Sale/link_MonthYear' is: 'June 2206'&#xD;
&#xD;
2019-11-01 02:43:11 - [MESSAGE][PASSED] - Object: 'Object Repository/Pages/Sale/calender_NextButton' is clicked on&#xD;
&#xD;
2019-11-01 02:43:11 - [MESSAGE][PASSED] - Text of object 'Object Repository/Pages/Sale/link_MonthYear' is: 'July 2206'&#xD;
&#xD;
2019-11-01 02:43:11 - [MESSAGE][PASSED] - Object: 'Object Repository/Pages/Sale/calender_NextButton' is clicked on&#xD;
&#xD;
2019-11-01 02:43:11 - [MESSAGE][PASSED] - Text of object 'Object Repository/Pages/Sale/link_MonthYear' is: 'August 2206'&#xD;
&#xD;
2019-11-01 02:43:11 - [MESSAGE][PASSED] - Object: 'Object Repository/Pages/Sale/calender_NextButton' is clicked on&#xD;
&#xD;
2019-11-01 02:43:11 - [MESSAGE][PASSED] - Text of object 'Object Repository/Pages/Sale/link_MonthYear' is: 'September 2206'&#xD;
&#xD;
2019-11-01 02:43:12 - [MESSAGE][PASSED] - Object: 'Object Repository/Pages/Sale/calender_NextButton' is clicked on&#xD;
&#xD;
2019-11-01 02:43:12 - [MESSAGE][PASSED] - Text of object 'Object Repository/Pages/Sale/link_MonthYear' is: 'October 2206'&#xD;
&#xD;
2019-11-01 02:43:12 - [MESSAGE][PASSED] - Object: 'Object Repository/Pages/Sale/calender_NextButton' is clicked on&#xD;
&#xD;
2019-11-01 02:43:12 - [MESSAGE][PASSED] - Text of object 'Object Repository/Pages/Sale/link_MonthYear' is: 'November 2206'&#xD;
&#xD;
2019-11-01 02:43:12 - [MESSAGE][PASSED] - Object: 'Object Repository/Pages/Sale/calender_NextButton' is clicked on&#xD;
&#xD;
2019-11-01 02:43:12 - [MESSAGE][PASSED] - Text of object 'Object Repository/Pages/Sale/link_MonthYear' is: 'December 2206'&#xD;
&#xD;
2019-11-01 02:43:13 - [MESSAGE][PASSED] - Object: 'Object Repository/Pages/Sale/calender_NextButton' is clicked on&#xD;
&#xD;
2019-11-01 02:43:13 - [MESSAGE][PASSED] - Text of object 'Object Repository/Pages/Sale/link_MonthYear' is: 'January 2207'&#xD;
&#xD;
2019-11-01 02:43:13 - [MESSAGE][PASSED] - Object: 'Object Repository/Pages/Sale/calender_NextButton' is clicked on&#xD;
&#xD;
2019-11-01 02:43:13 - [MESSAGE][PASSED] - Text of object 'Object Repository/Pages/Sale/link_MonthYear' is: 'February 2207'&#xD;
&#xD;
2019-11-01 02:43:13 - [MESSAGE][PASSED] - Object: 'Object Repository/Pages/Sale/calender_NextButton' is clicked on&#xD;
&#xD;
2019-11-01 02:43:13 - [MESSAGE][PASSED] - Text of object 'Object Repository/Pages/Sale/link_MonthYear' is: 'March 2207'&#xD;
&#xD;
2019-11-01 02:43:13 - [MESSAGE][PASSED] - Object: 'Object Repository/Pages/Sale/calender_NextButton' is clicked on&#xD;
&#xD;
2019-11-01 02:43:13 - [MESSAGE][PASSED] - Text of object 'Object Repository/Pages/Sale/link_MonthYear' is: 'April 2207'&#xD;
&#xD;
2019-11-01 02:43:14 - [MESSAGE][PASSED] - Object: 'Object Repository/Pages/Sale/calender_NextButton' is clicked on&#xD;
&#xD;
2019-11-01 02:43:14 - [MESSAGE][PASSED] - Text of object 'Object Repository/Pages/Sale/link_MonthYear' is: 'May 2207'&#xD;
&#xD;
2019-11-01 02:43:14 - [MESSAGE][PASSED] - Object: 'Object Repository/Pages/Sale/calender_NextButton' is clicked on&#xD;
&#xD;
2019-11-01 02:43:14 - [MESSAGE][PASSED] - Text of object 'Object Repository/Pages/Sale/link_MonthYear' is: 'June 2207'&#xD;
&#xD;
2019-11-01 02:43:14 - [MESSAGE][PASSED] - Object: 'Object Repository/Pages/Sale/calender_NextButton' is clicked on&#xD;
&#xD;
2019-11-01 02:43:14 - [MESSAGE][PASSED] - Text of object 'Object Repository/Pages/Sale/link_MonthYear' is: 'July 2207'&#xD;
&#xD;
2019-11-01 02:43:15 - [MESSAGE][PASSED] - Object: 'Object Repository/Pages/Sale/calender_NextButton' is clicked on&#xD;
&#xD;
2019-11-01 02:43:15 - [MESSAGE][PASSED] - Text of object 'Object Repository/Pages/Sale/link_MonthYear' is: 'August 2207'&#xD;
&#xD;
2019-11-01 02:43:15 - [MESSAGE][PASSED] - Object: 'Object Repository/Pages/Sale/calender_NextButton' is clicked on&#xD;
&#xD;
2019-11-01 02:43:15 - [MESSAGE][PASSED] - Text of object 'Object Repository/Pages/Sale/link_MonthYear' is: 'September 2207'&#xD;
&#xD;
2019-11-01 02:43:15 - [MESSAGE][PASSED] - Object: 'Object Repository/Pages/Sale/calender_NextButton' is clicked on&#xD;
&#xD;
2019-11-01 02:43:15 - [MESSAGE][PASSED] - Text of object 'Object Repository/Pages/Sale/link_MonthYear' is: 'October 2207'&#xD;
&#xD;
2019-11-01 02:43:16 - [MESSAGE][PASSED] - Object: 'Object Repository/Pages/Sale/calender_NextButton' is clicked on&#xD;
&#xD;
2019-11-01 02:43:16 - [MESSAGE][PASSED] - Text of object 'Object Repository/Pages/Sale/link_MonthYear' is: 'November 2207'&#xD;
&#xD;
2019-11-01 02:43:16 - [MESSAGE][PASSED] - Object: 'Object Repository/Pages/Sale/calender_NextButton' is clicked on&#xD;
&#xD;
2019-11-01 02:43:16 - [MESSAGE][PASSED] - Text of object 'Object Repository/Pages/Sale/link_MonthYear' is: 'December 2207'&#xD;
&#xD;
2019-11-01 02:43:16 - [MESSAGE][PASSED] - Object: 'Object Repository/Pages/Sale/calender_NextButton' is clicked on&#xD;
&#xD;
2019-11-01 02:43:17 - [MESSAGE][PASSED] - Text of object 'Object Repository/Pages/Sale/link_MonthYear' is: 'January 2208'&#xD;
&#xD;
2019-11-01 02:43:17 - [MESSAGE][PASSED] - Object: 'Object Repository/Pages/Sale/calender_NextButton' is clicked on&#xD;
&#xD;
2019-11-01 02:43:17 - [MESSAGE][PASSED] - Text of object 'Object Repository/Pages/Sale/link_MonthYear' is: 'February 2208'&#xD;
&#xD;
2019-11-01 02:43:17 - [MESSAGE][PASSED] - Object: 'Object Repository/Pages/Sale/calender_NextButton' is clicked on&#xD;
&#xD;
2019-11-01 02:43:17 - [MESSAGE][PASSED] - Text of object 'Object Repository/Pages/Sale/link_MonthYear' is: 'March 2208'&#xD;
&#xD;
2019-11-01 02:43:17 - [MESSAGE][PASSED] - Object: 'Object Repository/Pages/Sale/calender_NextButton' is clicked on&#xD;
&#xD;
2019-11-01 02:43:17 - [MESSAGE][PASSED] - Text of object 'Object Repository/Pages/Sale/link_MonthYear' is: 'April 2208'&#xD;
&#xD;
2019-11-01 02:43:18 - [MESSAGE][PASSED] - Object: 'Object Repository/Pages/Sale/calender_NextButton' is clicked on&#xD;
&#xD;
2019-11-01 02:43:18 - [MESSAGE][PASSED] - Text of object 'Object Repository/Pages/Sale/link_MonthYear' is: 'May 2208'&#xD;
&#xD;
2019-11-01 02:43:18 - [MESSAGE][PASSED] - Object: 'Object Repository/Pages/Sale/calender_NextButton' is clicked on&#xD;
&#xD;
2019-11-01 02:43:18 - [MESSAGE][PASSED] - Text of object 'Object Repository/Pages/Sale/link_MonthYear' is: 'June 2208'&#xD;
&#xD;
2019-11-01 02:43:18 - [MESSAGE][PASSED] - Object: 'Object Repository/Pages/Sale/calender_NextButton' is clicked on&#xD;
&#xD;
2019-11-01 02:43:18 - [MESSAGE][PASSED] - Text of object 'Object Repository/Pages/Sale/link_MonthYear' is: 'July 2208'&#xD;
&#xD;
2019-11-01 02:43:19 - [MESSAGE][PASSED] - Object: 'Object Repository/Pages/Sale/calender_NextButton' is clicked on&#xD;
&#xD;
2019-11-01 02:43:19 - [MESSAGE][PASSED] - Text of object 'Object Repository/Pages/Sale/link_MonthYear' is: 'August 2208'&#xD;
&#xD;
2019-11-01 02:43:19 - [MESSAGE][PASSED] - Object: 'Object Repository/Pages/Sale/calender_NextButton' is clicked on&#xD;
&#xD;
2019-11-01 02:43:19 - [MESSAGE][PASSED] - Text of object 'Object Repository/Pages/Sale/link_MonthYear' is: 'September 2208'&#xD;
&#xD;
2019-11-01 02:43:20 - [MESSAGE][PASSED] - Object: 'Object Repository/Pages/Sale/calender_NextButton' is clicked on&#xD;
&#xD;
2019-11-01 02:43:20 - [MESSAGE][PASSED] - Text of object 'Object Repository/Pages/Sale/link_MonthYear' is: 'October 2208'&#xD;
&#xD;
2019-11-01 02:43:20 - [MESSAGE][PASSED] - Object: 'Object Repository/Pages/Sale/calender_NextButton' is clicked on&#xD;
&#xD;
2019-11-01 02:43:20 - [MESSAGE][PASSED] - Text of object 'Object Repository/Pages/Sale/link_MonthYear' is: 'November 2208'&#xD;
&#xD;
2019-11-01 02:43:20 - [MESSAGE][PASSED] - Object: 'Object Repository/Pages/Sale/calender_NextButton' is clicked on&#xD;
&#xD;
2019-11-01 02:43:20 - [MESSAGE][PASSED] - Text of object 'Object Repository/Pages/Sale/link_MonthYear' is: 'December 2208'&#xD;
&#xD;
2019-11-01 02:43:21 - [MESSAGE][PASSED] - Object: 'Object Repository/Pages/Sale/calender_NextButton' is clicked on&#xD;
&#xD;
2019-11-01 02:43:21 - [MESSAGE][PASSED] - Text of object 'Object Repository/Pages/Sale/link_MonthYear' is: 'January 2209'&#xD;
&#xD;
2019-11-01 02:43:21 - [MESSAGE][PASSED] - Object: 'Object Repository/Pages/Sale/calender_NextButton' is clicked on&#xD;
&#xD;
2019-11-01 02:43:21 - [MESSAGE][PASSED] - Text of object 'Object Repository/Pages/Sale/link_MonthYear' is: 'February 2209'&#xD;
&#xD;
2019-11-01 02:43:22 - [MESSAGE][PASSED] - Object: 'Object Repository/Pages/Sale/calender_NextButton' is clicked on&#xD;
&#xD;
2019-11-01 02:43:22 - [MESSAGE][PASSED] - Text of object 'Object Repository/Pages/Sale/link_MonthYear' is: 'March 2209'&#xD;
&#xD;
2019-11-01 02:43:22 - [MESSAGE][PASSED] - Object: 'Object Repository/Pages/Sale/calender_NextButton' is clicked on&#xD;
&#xD;
2019-11-01 02:43:22 - [MESSAGE][PASSED] - Text of object 'Object Repository/Pages/Sale/link_MonthYear' is: 'April 2209'&#xD;
&#xD;
2019-11-01 02:43:23 - [MESSAGE][PASSED] - Object: 'Object Repository/Pages/Sale/calender_NextButton' is clicked on&#xD;
&#xD;
2019-11-01 02:43:23 - [MESSAGE][PASSED] - Text of object 'Object Repository/Pages/Sale/link_MonthYear' is: 'May 2209'&#xD;
&#xD;
2019-11-01 02:43:23 - [MESSAGE][PASSED] - Object: 'Object Repository/Pages/Sale/calender_NextButton' is clicked on&#xD;
&#xD;
2019-11-01 02:43:23 - [MESSAGE][PASSED] - Text of object 'Object Repository/Pages/Sale/link_MonthYear' is: 'June 2209'&#xD;
&#xD;
2019-11-01 02:43:23 - [MESSAGE][PASSED] - Object: 'Object Repository/Pages/Sale/calender_NextButton' is clicked on&#xD;
&#xD;
2019-11-01 02:43:23 - [MESSAGE][PASSED] - Text of object 'Object Repository/Pages/Sale/link_MonthYear' is: 'July 2209'&#xD;
&#xD;
2019-11-01 02:43:23 - [MESSAGE][PASSED] - Object: 'Object Repository/Pages/Sale/calender_NextButton' is clicked on&#xD;
&#xD;
2019-11-01 02:43:23 - [MESSAGE][PASSED] - Text of object 'Object Repository/Pages/Sale/link_MonthYear' is: 'August 2209'&#xD;
&#xD;
2019-11-01 02:43:24 - [MESSAGE][PASSED] - Object: 'Object Repository/Pages/Sale/calender_NextButton' is clicked on&#xD;
&#xD;
2019-11-01 02:43:24 - [MESSAGE][PASSED] - Text of object 'Object Repository/Pages/Sale/link_MonthYear' is: 'September 2209'&#xD;
&#xD;
2019-11-01 02:43:24 - [MESSAGE][PASSED] - Object: 'Object Repository/Pages/Sale/calender_NextButton' is clicked on&#xD;
&#xD;
2019-11-01 02:43:24 - [MESSAGE][PASSED] - Text of object 'Object Repository/Pages/Sale/link_MonthYear' is: 'October 2209'&#xD;
&#xD;
2019-11-01 02:43:24 - [MESSAGE][PASSED] - Object: 'Object Repository/Pages/Sale/calender_NextButton' is clicked on&#xD;
&#xD;
2019-11-01 02:43:25 - [MESSAGE][PASSED] - Text of object 'Object Repository/Pages/Sale/link_MonthYear' is: 'November 2209'&#xD;
&#xD;
2019-11-01 02:43:25 - [MESSAGE][PASSED] - Object: 'Object Repository/Pages/Sale/calender_NextButton' is clicked on&#xD;
&#xD;
2019-11-01 02:43:25 - [MESSAGE][PASSED] - Text of object 'Object Repository/Pages/Sale/link_MonthYear' is: 'December 2209'&#xD;
&#xD;
2019-11-01 02:43:25 - [MESSAGE][PASSED] - Object: 'Object Repository/Pages/Sale/calender_NextButton' is clicked on&#xD;
&#xD;
2019-11-01 02:43:25 - [MESSAGE][PASSED] - Text of object 'Object Repository/Pages/Sale/link_MonthYear' is: 'January 2210'&#xD;
&#xD;
2019-11-01 02:43:25 - [MESSAGE][PASSED] - Object: 'Object Repository/Pages/Sale/calender_NextButton' is clicked on&#xD;
&#xD;
2019-11-01 02:43:25 - [MESSAGE][PASSED] - Text of object 'Object Repository/Pages/Sale/link_MonthYear' is: 'February 2210'&#xD;
&#xD;
2019-11-01 02:43:26 - [MESSAGE][PASSED] - Object: 'Object Repository/Pages/Sale/calender_NextButton' is clicked on&#xD;
&#xD;
2019-11-01 02:43:26 - [MESSAGE][PASSED] - Text of object 'Object Repository/Pages/Sale/link_MonthYear' is: 'March 2210'&#xD;
&#xD;
2019-11-01 02:43:26 - [MESSAGE][PASSED] - Object: 'Object Repository/Pages/Sale/calender_NextButton' is clicked on&#xD;
&#xD;
2019-11-01 02:43:26 - [MESSAGE][PASSED] - Text of object 'Object Repository/Pages/Sale/link_MonthYear' is: 'April 2210'&#xD;
&#xD;
2019-11-01 02:43:26 - [MESSAGE][PASSED] - Object: 'Object Repository/Pages/Sale/calender_NextButton' is clicked on&#xD;
&#xD;
2019-11-01 02:43:26 - [MESSAGE][PASSED] - Text of object 'Object Repository/Pages/Sale/link_MonthYear' is: 'May 2210'&#xD;
&#xD;
2019-11-01 02:43:27 - [MESSAGE][PASSED] - Object: 'Object Repository/Pages/Sale/calender_NextButton' is clicked on&#xD;
&#xD;
2019-11-01 02:43:27 - [MESSAGE][PASSED] - Text of object 'Object Repository/Pages/Sale/link_MonthYear' is: 'June 2210'&#xD;
&#xD;
2019-11-01 02:43:27 - [MESSAGE][PASSED] - Object: 'Object Repository/Pages/Sale/calender_NextButton' is clicked on&#xD;
&#xD;
2019-11-01 02:43:27 - [MESSAGE][PASSED] - Text of object 'Object Repository/Pages/Sale/link_MonthYear' is: 'July 2210'&#xD;
&#xD;
2019-11-01 02:43:27 - [MESSAGE][PASSED] - Object: 'Object Repository/Pages/Sale/calender_NextButton' is clicked on&#xD;
&#xD;
2019-11-01 02:43:27 - [MESSAGE][PASSED] - Text of object 'Object Repository/Pages/Sale/link_MonthYear' is: 'August 2210'&#xD;
&#xD;
2019-11-01 02:43:28 - [MESSAGE][PASSED] - Object: 'Object Repository/Pages/Sale/calender_NextButton' is clicked on&#xD;
&#xD;
2019-11-01 02:43:28 - [MESSAGE][PASSED] - Text of object 'Object Repository/Pages/Sale/link_MonthYear' is: 'September 2210'&#xD;
&#xD;
2019-11-01 02:43:29 - [MESSAGE][PASSED] - Object: 'Object Repository/Pages/Sale/calender_NextButton' is clicked on&#xD;
&#xD;
2019-11-01 02:43:29 - [MESSAGE][PASSED] - Text of object 'Object Repository/Pages/Sale/link_MonthYear' is: 'October 2210'&#xD;
&#xD;
2019-11-01 02:43:29 - [MESSAGE][PASSED] - Object: 'Object Repository/Pages/Sale/calender_NextButton' is clicked on&#xD;
&#xD;
2019-11-01 02:43:29 - [MESSAGE][PASSED] - Text of object 'Object Repository/Pages/Sale/link_MonthYear' is: 'November 2210'&#xD;
&#xD;
2019-11-01 02:43:29 - [MESSAGE][PASSED] - Object: 'Object Repository/Pages/Sale/calender_NextButton' is clicked on&#xD;
&#xD;
2019-11-01 02:43:29 - [MESSAGE][PASSED] - Text of object 'Object Repository/Pages/Sale/link_MonthYear' is: 'December 2210'&#xD;
&#xD;
2019-11-01 02:43:30 - [MESSAGE][PASSED] - Object: 'Object Repository/Pages/Sale/calender_NextButton' is clicked on&#xD;
&#xD;
2019-11-01 02:43:30 - [MESSAGE][PASSED] - Text of object 'Object Repository/Pages/Sale/link_MonthYear' is: 'January 2211'&#xD;
&#xD;
2019-11-01 02:43:30 - [MESSAGE][PASSED] - Object: 'Object Repository/Pages/Sale/calender_NextButton' is clicked on&#xD;
&#xD;
2019-11-01 02:43:30 - [MESSAGE][PASSED] - Text of object 'Object Repository/Pages/Sale/link_MonthYear' is: 'February 2211'&#xD;
&#xD;
2019-11-01 02:43:31 - [MESSAGE][PASSED] - Object: 'Object Repository/Pages/Sale/calender_NextButton' is clicked on&#xD;
&#xD;
2019-11-01 02:43:31 - [MESSAGE][PASSED] - Text of object 'Object Repository/Pages/Sale/link_MonthYear' is: 'March 2211'&#xD;
&#xD;
2019-11-01 02:43:31 - [MESSAGE][PASSED] - Object: 'Object Repository/Pages/Sale/calender_NextButton' is clicked on&#xD;
&#xD;
2019-11-01 02:43:31 - [MESSAGE][PASSED] - Text of object 'Object Repository/Pages/Sale/link_MonthYear' is: 'April 2211'&#xD;
&#xD;
2019-11-01 02:43:31 - [MESSAGE][PASSED] - Object: 'Object Repository/Pages/Sale/calender_NextButton' is clicked on&#xD;
&#xD;
2019-11-01 02:43:31 - [MESSAGE][PASSED] - Text of object 'Object Repository/Pages/Sale/link_MonthYear' is: 'May 2211'&#xD;
&#xD;
2019-11-01 02:43:32 - [MESSAGE][PASSED] - Object: 'Object Repository/Pages/Sale/calender_NextButton' is clicked on&#xD;
&#xD;
2019-11-01 02:43:32 - [MESSAGE][PASSED] - Text of object 'Object Repository/Pages/Sale/link_MonthYear' is: 'June 2211'&#xD;
&#xD;
2019-11-01 02:43:32 - [MESSAGE][PASSED] - Object: 'Object Repository/Pages/Sale/calender_NextButton' is clicked on&#xD;
&#xD;
2019-11-01 02:43:32 - [MESSAGE][PASSED] - Text of object 'Object Repository/Pages/Sale/link_MonthYear' is: 'July 2211'&#xD;
&#xD;
2019-11-01 02:43:33 - [MESSAGE][PASSED] - Object: 'Object Repository/Pages/Sale/calender_NextButton' is clicked on&#xD;
&#xD;
2019-11-01 02:43:33 - [MESSAGE][PASSED] - Text of object 'Object Repository/Pages/Sale/link_MonthYear' is: 'August 2211'&#xD;
&#xD;
2019-11-01 02:43:33 - [MESSAGE][PASSED] - Object: 'Object Repository/Pages/Sale/calender_NextButton' is clicked on&#xD;
&#xD;
2019-11-01 02:43:33 - [MESSAGE][PASSED] - Text of object 'Object Repository/Pages/Sale/link_MonthYear' is: 'September 2211'&#xD;
&#xD;
2019-11-01 02:43:33 - [MESSAGE][PASSED] - Object: 'Object Repository/Pages/Sale/calender_NextButton' is clicked on&#xD;
&#xD;
2019-11-01 02:43:33 - [MESSAGE][PASSED] - Text of object 'Object Repository/Pages/Sale/link_MonthYear' is: 'October 2211'&#xD;
&#xD;
2019-11-01 02:43:34 - [MESSAGE][PASSED] - Object: 'Object Repository/Pages/Sale/calender_NextButton' is clicked on&#xD;
&#xD;
2019-11-01 02:43:34 - [MESSAGE][PASSED] - Text of object 'Object Repository/Pages/Sale/link_MonthYear' is: 'November 2211'&#xD;
&#xD;
2019-11-01 02:43:34 - [MESSAGE][PASSED] - Object: 'Object Repository/Pages/Sale/calender_NextButton' is clicked on&#xD;
&#xD;
2019-11-01 02:43:34 - [MESSAGE][PASSED] - Text of object 'Object Repository/Pages/Sale/link_MonthYear' is: 'December 2211'&#xD;
&#xD;
2019-11-01 02:43:34 - [MESSAGE][PASSED] - Object: 'Object Repository/Pages/Sale/calender_NextButton' is clicked on&#xD;
&#xD;
2019-11-01 02:43:34 - [MESSAGE][PASSED] - Text of object 'Object Repository/Pages/Sale/link_MonthYear' is: 'January 2212'&#xD;
&#xD;
2019-11-01 02:43:35 - [MESSAGE][PASSED] - Object: 'Object Repository/Pages/Sale/calender_NextButton' is clicked on&#xD;
&#xD;
2019-11-01 02:43:35 - [MESSAGE][PASSED] - Text of object 'Object Repository/Pages/Sale/link_MonthYear' is: 'February 2212'&#xD;
&#xD;
2019-11-01 02:43:35 - [MESSAGE][PASSED] - Object: 'Object Repository/Pages/Sale/calender_NextButton' is clicked on&#xD;
&#xD;
2019-11-01 02:43:35 - [MESSAGE][PASSED] - Text of object 'Object Repository/Pages/Sale/link_MonthYear' is: 'March 2212'&#xD;
&#xD;
2019-11-01 02:43:36 - [MESSAGE][PASSED] - Object: 'Object Repository/Pages/Sale/calender_NextButton' is clicked on&#xD;
&#xD;
2019-11-01 02:43:36 - [MESSAGE][PASSED] - Text of object 'Object Repository/Pages/Sale/link_MonthYear' is: 'April 2212'&#xD;
&#xD;
2019-11-01 02:43:36 - [MESSAGE][PASSED] - Object: 'Object Repository/Pages/Sale/calender_NextButton' is clicked on&#xD;
&#xD;
2019-11-01 02:43:36 - [MESSAGE][PASSED] - Text of object 'Object Repository/Pages/Sale/link_MonthYear' is: 'May 2212'&#xD;
&#xD;
2019-11-01 02:43:36 - [MESSAGE][PASSED] - Object: 'Object Repository/Pages/Sale/calender_NextButton' is clicked on&#xD;
&#xD;
2019-11-01 02:43:36 - [MESSAGE][PASSED] - Text of object 'Object Repository/Pages/Sale/link_MonthYear' is: 'June 2212'&#xD;
&#xD;
2019-11-01 02:43:36 - [MESSAGE][PASSED] - Object: 'Object Repository/Pages/Sale/calender_NextButton' is clicked on&#xD;
&#xD;
2019-11-01 02:43:36 - [MESSAGE][PASSED] - Text of object 'Object Repository/Pages/Sale/link_MonthYear' is: 'July 2212'&#xD;
&#xD;
2019-11-01 02:43:37 - [MESSAGE][PASSED] - Object: 'Object Repository/Pages/Sale/calender_NextButton' is clicked on&#xD;
&#xD;
2019-11-01 02:43:37 - [MESSAGE][PASSED] - Text of object 'Object Repository/Pages/Sale/link_MonthYear' is: 'August 2212'&#xD;
&#xD;
2019-11-01 02:43:37 - [MESSAGE][PASSED] - Object: 'Object Repository/Pages/Sale/calender_NextButton' is clicked on&#xD;
&#xD;
2019-11-01 02:43:37 - [MESSAGE][PASSED] - Text of object 'Object Repository/Pages/Sale/link_MonthYear' is: 'September 2212'&#xD;
&#xD;
2019-11-01 02:43:37 - [MESSAGE][PASSED] - Object: 'Object Repository/Pages/Sale/calender_NextButton' is clicked on&#xD;
&#xD;
2019-11-01 02:43:37 - [MESSAGE][PASSED] - Text of object 'Object Repository/Pages/Sale/link_MonthYear' is: 'October 2212'&#xD;
&#xD;
2019-11-01 02:43:38 - [MESSAGE][PASSED] - Object: 'Object Repository/Pages/Sale/calender_NextButton' is clicked on&#xD;
&#xD;
2019-11-01 02:43:38 - [MESSAGE][PASSED] - Text of object 'Object Repository/Pages/Sale/link_MonthYear' is: 'November 2212'&#xD;
&#xD;
2019-11-01 02:43:38 - [MESSAGE][PASSED] - Object: 'Object Repository/Pages/Sale/calender_NextButton' is clicked on&#xD;
&#xD;
2019-11-01 02:43:38 - [MESSAGE][PASSED] - Text of object 'Object Repository/Pages/Sale/link_MonthYear' is: 'December 2212'&#xD;
&#xD;
2019-11-01 02:43:38 - [MESSAGE][PASSED] - Object: 'Object Repository/Pages/Sale/calender_NextButton' is clicked on&#xD;
&#xD;
2019-11-01 02:43:38 - [MESSAGE][PASSED] - Text of object 'Object Repository/Pages/Sale/link_MonthYear' is: 'January 2213'&#xD;
&#xD;
2019-11-01 02:43:39 - [MESSAGE][PASSED] - Object: 'Object Repository/Pages/Sale/calender_NextButton' is clicked on&#xD;
&#xD;
2019-11-01 02:43:39 - [MESSAGE][PASSED] - Text of object 'Object Repository/Pages/Sale/link_MonthYear' is: 'February 2213'&#xD;
&#xD;
2019-11-01 02:43:39 - [MESSAGE][PASSED] - Object: 'Object Repository/Pages/Sale/calender_NextButton' is clicked on&#xD;
&#xD;
2019-11-01 02:43:39 - [MESSAGE][PASSED] - Text of object 'Object Repository/Pages/Sale/link_MonthYear' is: 'March 2213'&#xD;
&#xD;
2019-11-01 02:43:39 - [MESSAGE][PASSED] - Object: 'Object Repository/Pages/Sale/calender_NextButton' is clicked on&#xD;
&#xD;
2019-11-01 02:43:39 - [MESSAGE][PASSED] - Text of object 'Object Repository/Pages/Sale/link_MonthYear' is: 'April 2213'&#xD;
&#xD;
2019-11-01 02:43:40 - [MESSAGE][PASSED] - Object: 'Object Repository/Pages/Sale/calender_NextButton' is clicked on&#xD;
&#xD;
2019-11-01 02:43:40 - [MESSAGE][PASSED] - Text of object 'Object Repository/Pages/Sale/link_MonthYear' is: 'May 2213'&#xD;
&#xD;
2019-11-01 02:43:40 - [MESSAGE][PASSED] - Object: 'Object Repository/Pages/Sale/calender_NextButton' is clicked on&#xD;
&#xD;
2019-11-01 02:43:40 - [MESSAGE][PASSED] - Text of object 'Object Repository/Pages/Sale/link_MonthYear' is: 'June 2213'&#xD;
&#xD;
2019-11-01 02:43:40 - [MESSAGE][PASSED] - Object: 'Object Repository/Pages/Sale/calender_NextButton' is clicked on&#xD;
&#xD;
2019-11-01 02:43:40 - [MESSAGE][PASSED] - Text of object 'Object Repository/Pages/Sale/link_MonthYear' is: 'July 2213'&#xD;
&#xD;
2019-11-01 02:43:41 - [MESSAGE][PASSED] - Object: 'Object Repository/Pages/Sale/calender_NextButton' is clicked on&#xD;
&#xD;
2019-11-01 02:43:41 - [MESSAGE][PASSED] - Text of object 'Object Repository/Pages/Sale/link_MonthYear' is: 'August 2213'&#xD;
&#xD;
2019-11-01 02:43:41 - [MESSAGE][PASSED] - Object: 'Object Repository/Pages/Sale/calender_NextButton' is clicked on&#xD;
&#xD;
2019-11-01 02:43:41 - [MESSAGE][PASSED] - Text of object 'Object Repository/Pages/Sale/link_MonthYear' is: 'September 2213'&#xD;
&#xD;
2019-11-01 02:43:41 - [MESSAGE][PASSED] - Object: 'Object Repository/Pages/Sale/calender_NextButton' is clicked on&#xD;
&#xD;
2019-11-01 02:43:41 - [MESSAGE][PASSED] - Text of object 'Object Repository/Pages/Sale/link_MonthYear' is: 'October 2213'&#xD;
&#xD;
2019-11-01 02:43:42 - [MESSAGE][PASSED] - Object: 'Object Repository/Pages/Sale/calender_NextButton' is clicked on&#xD;
&#xD;
2019-11-01 02:43:42 - [MESSAGE][PASSED] - Text of object 'Object Repository/Pages/Sale/link_MonthYear' is: 'November 2213'&#xD;
&#xD;
2019-11-01 02:43:42 - [MESSAGE][PASSED] - Object: 'Object Repository/Pages/Sale/calender_NextButton' is clicked on&#xD;
&#xD;
2019-11-01 02:43:42 - [MESSAGE][PASSED] - Text of object 'Object Repository/Pages/Sale/link_MonthYear' is: 'December 2213'&#xD;
&#xD;
2019-11-01 02:43:42 - [MESSAGE][PASSED] - Object: 'Object Repository/Pages/Sale/calender_NextButton' is clicked on&#xD;
&#xD;
2019-11-01 02:43:42 - [MESSAGE][PASSED] - Text of object 'Object Repository/Pages/Sale/link_MonthYear' is: 'January 2214'&#xD;
&#xD;
2019-11-01 02:43:43 - [MESSAGE][PASSED] - Object: 'Object Repository/Pages/Sale/calender_NextButton' is clicked on&#xD;
&#xD;
2019-11-01 02:43:43 - [MESSAGE][PASSED] - Text of object 'Object Repository/Pages/Sale/link_MonthYear' is: 'February 2214'&#xD;
&#xD;
2019-11-01 02:43:43 - [MESSAGE][PASSED] - Object: 'Object Repository/Pages/Sale/calender_NextButton' is clicked on&#xD;
&#xD;
2019-11-01 02:43:43 - [MESSAGE][PASSED] - Text of object 'Object Repository/Pages/Sale/link_MonthYear' is: 'March 2214'&#xD;
&#xD;
2019-11-01 02:43:43 - [MESSAGE][PASSED] - Object: 'Object Repository/Pages/Sale/calender_NextButton' is clicked on&#xD;
&#xD;
2019-11-01 02:43:43 - [MESSAGE][PASSED] - Text of object 'Object Repository/Pages/Sale/link_MonthYear' is: 'April 2214'&#xD;
&#xD;
2019-11-01 02:43:44 - [MESSAGE][PASSED] - Object: 'Object Repository/Pages/Sale/calender_NextButton' is clicked on&#xD;
&#xD;
2019-11-01 02:43:44 - [MESSAGE][PASSED] - Text of object 'Object Repository/Pages/Sale/link_MonthYear' is: 'May 2214'&#xD;
&#xD;
2019-11-01 02:43:44 - [MESSAGE][PASSED] - Object: 'Object Repository/Pages/Sale/calender_NextButton' is clicked on&#xD;
&#xD;
2019-11-01 02:43:44 - [MESSAGE][PASSED] - Text of object 'Object Repository/Pages/Sale/link_MonthYear' is: 'June 2214'&#xD;
&#xD;
2019-11-01 02:43:44 - [MESSAGE][PASSED] - Object: 'Object Repository/Pages/Sale/calender_NextButton' is clicked on&#xD;
&#xD;
2019-11-01 02:43:44 - [MESSAGE][PASSED] - Text of object 'Object Repository/Pages/Sale/link_MonthYear' is: 'July 2214'&#xD;
&#xD;
2019-11-01 02:43:45 - [MESSAGE][PASSED] - Object: 'Object Repository/Pages/Sale/calender_NextButton' is clicked on&#xD;
&#xD;
2019-11-01 02:43:45 - [MESSAGE][PASSED] - Text of object 'Object Repository/Pages/Sale/link_MonthYear' is: 'August 2214'&#xD;
&#xD;
2019-11-01 02:43:45 - [MESSAGE][PASSED] - Object: 'Object Repository/Pages/Sale/calender_NextButton' is clicked on&#xD;
&#xD;
2019-11-01 02:43:45 - [MESSAGE][PASSED] - Text of object 'Object Repository/Pages/Sale/link_MonthYear' is: 'September 2214'&#xD;
&#xD;
2019-11-01 02:43:45 - [MESSAGE][PASSED] - Object: 'Object Repository/Pages/Sale/calender_NextButton' is clicked on&#xD;
&#xD;
2019-11-01 02:43:45 - [MESSAGE][PASSED] - Text of object 'Object Repository/Pages/Sale/link_MonthYear' is: 'October 2214'&#xD;
&#xD;
2019-11-01 02:43:46 - [MESSAGE][PASSED] - Object: 'Object Repository/Pages/Sale/calender_NextButton' is clicked on&#xD;
&#xD;
2019-11-01 02:43:46 - [MESSAGE][PASSED] - Text of object 'Object Repository/Pages/Sale/link_MonthYear' is: 'November 2214'&#xD;
&#xD;
2019-11-01 02:43:46 - [MESSAGE][PASSED] - Object: 'Object Repository/Pages/Sale/calender_NextButton' is clicked on&#xD;
&#xD;
2019-11-01 02:43:46 - [MESSAGE][PASSED] - Text of object 'Object Repository/Pages/Sale/link_MonthYear' is: 'December 2214'&#xD;
&#xD;
2019-11-01 02:43:46 - [MESSAGE][PASSED] - Object: 'Object Repository/Pages/Sale/calender_NextButton' is clicked on&#xD;
&#xD;
2019-11-01 02:43:46 - [MESSAGE][PASSED] - Text of object 'Object Repository/Pages/Sale/link_MonthYear' is: 'January 2215'&#xD;
&#xD;
2019-11-01 02:43:47 - [MESSAGE][PASSED] - Object: 'Object Repository/Pages/Sale/calender_NextButton' is clicked on&#xD;
&#xD;
2019-11-01 02:43:47 - [MESSAGE][PASSED] - Text of object 'Object Repository/Pages/Sale/link_MonthYear' is: 'February 2215'&#xD;
&#xD;
2019-11-01 02:43:47 - [MESSAGE][PASSED] - Object: 'Object Repository/Pages/Sale/calender_NextButton' is clicked on&#xD;
&#xD;
2019-11-01 02:43:47 - [MESSAGE][PASSED] - Text of object 'Object Repository/Pages/Sale/link_MonthYear' is: 'March 2215'&#xD;
&#xD;
2019-11-01 02:43:47 - [MESSAGE][PASSED] - Object: 'Object Repository/Pages/Sale/calender_NextButton' is clicked on&#xD;
&#xD;
2019-11-01 02:43:48 - [MESSAGE][PASSED] - Text of object 'Object Repository/Pages/Sale/link_MonthYear' is: 'April 2215'&#xD;
&#xD;
2019-11-01 02:43:48 - [MESSAGE][PASSED] - Object: 'Object Repository/Pages/Sale/calender_NextButton' is clicked on&#xD;
&#xD;
2019-11-01 02:43:48 - [MESSAGE][PASSED] - Text of object 'Object Repository/Pages/Sale/link_MonthYear' is: 'May 2215'&#xD;
&#xD;
2019-11-01 02:43:49 - [MESSAGE][PASSED] - Object: 'Object Repository/Pages/Sale/calender_NextButton' is clicked on&#xD;
&#xD;
2019-11-01 02:43:49 - [MESSAGE][PASSED] - Text of object 'Object Repository/Pages/Sale/link_MonthYear' is: 'June 2215'&#xD;
&#xD;
2019-11-01 02:43:49 - [MESSAGE][PASSED] - Object: 'Object Repository/Pages/Sale/calender_NextButton' is clicked on&#xD;
&#xD;
2019-11-01 02:43:49 - [MESSAGE][PASSED] - Text of object 'Object Repository/Pages/Sale/link_MonthYear' is: 'July 2215'&#xD;
&#xD;
2019-11-01 02:43:49 - [MESSAGE][PASSED] - Object: 'Object Repository/Pages/Sale/calender_NextButton' is clicked on&#xD;
&#xD;
2019-11-01 02:43:49 - [MESSAGE][PASSED] - Text of object 'Object Repository/Pages/Sale/link_MonthYear' is: 'August 2215'&#xD;
&#xD;
2019-11-01 02:43:49 - [MESSAGE][PASSED] - Object: 'Object Repository/Pages/Sale/calender_NextButton' is clicked on&#xD;
&#xD;
2019-11-01 02:43:49 - [MESSAGE][PASSED] - Text of object 'Object Repository/Pages/Sale/link_MonthYear' is: 'September 2215'&#xD;
&#xD;
2019-11-01 02:43:50 - [MESSAGE][PASSED] - Object: 'Object Repository/Pages/Sale/calender_NextButton' is clicked on&#xD;
&#xD;
2019-11-01 02:43:50 - [MESSAGE][PASSED] - Text of object 'Object Repository/Pages/Sale/link_MonthYear' is: 'October 2215'&#xD;
&#xD;
2019-11-01 02:43:50 - [MESSAGE][PASSED] - Object: 'Object Repository/Pages/Sale/calender_NextButton' is clicked on&#xD;
&#xD;
2019-11-01 02:43:50 - [MESSAGE][PASSED] - Text of object 'Object Repository/Pages/Sale/link_MonthYear' is: 'November 2215'&#xD;
&#xD;
2019-11-01 02:43:50 - [MESSAGE][PASSED] - Object: 'Object Repository/Pages/Sale/calender_NextButton' is clicked on&#xD;
&#xD;
2019-11-01 02:43:50 - [MESSAGE][PASSED] - Text of object 'Object Repository/Pages/Sale/link_MonthYear' is: 'December 2215'&#xD;
&#xD;
2019-11-01 02:43:51 - [MESSAGE][PASSED] - Object: 'Object Repository/Pages/Sale/calender_NextButton' is clicked on&#xD;
&#xD;
2019-11-01 02:43:51 - [MESSAGE][PASSED] - Text of object 'Object Repository/Pages/Sale/link_MonthYear' is: 'January 2216'&#xD;
&#xD;
2019-11-01 02:43:51 - [MESSAGE][PASSED] - Object: 'Object Repository/Pages/Sale/calender_NextButton' is clicked on&#xD;
&#xD;
2019-11-01 02:43:51 - [MESSAGE][PASSED] - Text of object 'Object Repository/Pages/Sale/link_MonthYear' is: 'February 2216'&#xD;
&#xD;
2019-11-01 02:43:52 - [MESSAGE][PASSED] - Object: 'Object Repository/Pages/Sale/calender_NextButton' is clicked on&#xD;
&#xD;
2019-11-01 02:43:52 - [MESSAGE][PASSED] - Text of object 'Object Repository/Pages/Sale/link_MonthYear' is: 'March 2216'&#xD;
&#xD;
2019-11-01 02:43:52 - [MESSAGE][PASSED] - Object: 'Object Repository/Pages/Sale/calender_NextButton' is clicked on&#xD;
&#xD;
2019-11-01 02:43:52 - [MESSAGE][PASSED] - Text of object 'Object Repository/Pages/Sale/link_MonthYear' is: 'April 2216'&#xD;
&#xD;
2019-11-01 02:43:52 - [MESSAGE][PASSED] - Object: 'Object Repository/Pages/Sale/calender_NextButton' is clicked on&#xD;
&#xD;
2019-11-01 02:43:52 - [MESSAGE][PASSED] - Text of object 'Object Repository/Pages/Sale/link_MonthYear' is: 'May 2216'&#xD;
&#xD;
2019-11-01 02:43:52 - [MESSAGE][PASSED] - Object: 'Object Repository/Pages/Sale/calender_NextButton' is clicked on&#xD;
&#xD;
2019-11-01 02:43:52 - [MESSAGE][PASSED] - Text of object 'Object Repository/Pages/Sale/link_MonthYear' is: 'June 2216'&#xD;
&#xD;
2019-11-01 02:43:53 - [MESSAGE][PASSED] - Object: 'Object Repository/Pages/Sale/calender_NextButton' is clicked on&#xD;
&#xD;
2019-11-01 02:43:53 - [MESSAGE][PASSED] - Text of object 'Object Repository/Pages/Sale/link_MonthYear' is: 'July 2216'&#xD;
&#xD;
2019-11-01 02:43:53 - [MESSAGE][PASSED] - Object: 'Object Repository/Pages/Sale/calender_NextButton' is clicked on&#xD;
&#xD;
2019-11-01 02:43:53 - [MESSAGE][PASSED] - Text of object 'Object Repository/Pages/Sale/link_MonthYear' is: 'August 2216'&#xD;
&#xD;
2019-11-01 02:43:53 - [MESSAGE][PASSED] - Object: 'Object Repository/Pages/Sale/calender_NextButton' is clicked on&#xD;
&#xD;
2019-11-01 02:43:53 - [MESSAGE][PASSED] - Text of object 'Object Repository/Pages/Sale/link_MonthYear' is: 'September 2216'&#xD;
&#xD;
2019-11-01 02:43:54 - [MESSAGE][PASSED] - Object: 'Object Repository/Pages/Sale/calender_NextButton' is clicked on&#xD;
&#xD;
2019-11-01 02:43:54 - [MESSAGE][PASSED] - Text of object 'Object Repository/Pages/Sale/link_MonthYear' is: 'October 2216'&#xD;
&#xD;
2019-11-01 02:43:54 - [MESSAGE][PASSED] - Object: 'Object Repository/Pages/Sale/calender_NextButton' is clicked on&#xD;
&#xD;
2019-11-01 02:43:54 - [MESSAGE][PASSED] - Text of object 'Object Repository/Pages/Sale/link_MonthYear' is: 'November 2216'&#xD;
&#xD;
2019-11-01 02:43:55 - [MESSAGE][PASSED] - Object: 'Object Repository/Pages/Sale/calender_NextButton' is clicked on&#xD;
&#xD;
2019-11-01 02:43:55 - [MESSAGE][PASSED] - Text of object 'Object Repository/Pages/Sale/link_MonthYear' is: 'December 2216'&#xD;
&#xD;
2019-11-01 02:43:55 - [MESSAGE][PASSED] - Object: 'Object Repository/Pages/Sale/calender_NextButton' is clicked on&#xD;
&#xD;
2019-11-01 02:43:55 - [MESSAGE][PASSED] - Text of object 'Object Repository/Pages/Sale/link_MonthYear' is: 'January 2217'&#xD;
&#xD;
2019-11-01 02:43:55 - [MESSAGE][PASSED] - Object: 'Object Repository/Pages/Sale/calender_NextButton' is clicked on&#xD;
&#xD;
2019-11-01 02:43:55 - [MESSAGE][PASSED] - Text of object 'Object Repository/Pages/Sale/link_MonthYear' is: 'February 2217'&#xD;
&#xD;
2019-11-01 02:43:56 - [MESSAGE][PASSED] - Object: 'Object Repository/Pages/Sale/calender_NextButton' is clicked on&#xD;
&#xD;
2019-11-01 02:43:56 - [MESSAGE][PASSED] - Text of object 'Object Repository/Pages/Sale/link_MonthYear' is: 'March 2217'&#xD;
&#xD;
2019-11-01 02:43:56 - [MESSAGE][PASSED] - Object: 'Object Repository/Pages/Sale/calender_NextButton' is clicked on&#xD;
&#xD;
2019-11-01 02:43:56 - [MESSAGE][PASSED] - Text of object 'Object Repository/Pages/Sale/link_MonthYear' is: 'April 2217'&#xD;
&#xD;
2019-11-01 02:43:56 - [MESSAGE][PASSED] - Object: 'Object Repository/Pages/Sale/calender_NextButton' is clicked on&#xD;
&#xD;
2019-11-01 02:43:56 - [MESSAGE][PASSED] - Text of object 'Object Repository/Pages/Sale/link_MonthYear' is: 'May 2217'&#xD;
&#xD;
2019-11-01 02:43:57 - [MESSAGE][PASSED] - Object: 'Object Repository/Pages/Sale/calender_NextButton' is clicked on&#xD;
&#xD;
2019-11-01 02:43:57 - [MESSAGE][PASSED] - Text of object 'Object Repository/Pages/Sale/link_MonthYear' is: 'June 2217'&#xD;
&#xD;
2019-11-01 02:43:57 - [MESSAGE][PASSED] - Object: 'Object Repository/Pages/Sale/calender_NextButton' is clicked on&#xD;
&#xD;
2019-11-01 02:43:57 - [MESSAGE][PASSED] - Text of object 'Object Repository/Pages/Sale/link_MonthYear' is: 'July 2217'&#xD;
&#xD;
2019-11-01 02:43:57 - [MESSAGE][PASSED] - Object: 'Object Repository/Pages/Sale/calender_NextButton' is clicked on&#xD;
&#xD;
2019-11-01 02:43:57 - [MESSAGE][PASSED] - Text of object 'Object Repository/Pages/Sale/link_MonthYear' is: 'August 2217'&#xD;
&#xD;
2019-11-01 02:43:58 - [MESSAGE][PASSED] - Object: 'Object Repository/Pages/Sale/calender_NextButton' is clicked on&#xD;
&#xD;
2019-11-01 02:43:58 - [MESSAGE][PASSED] - Text of object 'Object Repository/Pages/Sale/link_MonthYear' is: 'September 2217'&#xD;
&#xD;
2019-11-01 02:43:58 - [MESSAGE][PASSED] - Object: 'Object Repository/Pages/Sale/calender_NextButton' is clicked on&#xD;
&#xD;
2019-11-01 02:43:58 - [MESSAGE][PASSED] - Text of object 'Object Repository/Pages/Sale/link_MonthYear' is: 'October 2217'&#xD;
&#xD;
2019-11-01 02:43:58 - [MESSAGE][PASSED] - Object: 'Object Repository/Pages/Sale/calender_NextButton' is clicked on&#xD;
&#xD;
2019-11-01 02:43:58 - [MESSAGE][PASSED] - Text of object 'Object Repository/Pages/Sale/link_MonthYear' is: 'November 2217'&#xD;
&#xD;
2019-11-01 02:43:59 - [MESSAGE][PASSED] - Object: 'Object Repository/Pages/Sale/calender_NextButton' is clicked on&#xD;
&#xD;
2019-11-01 02:43:59 - [MESSAGE][PASSED] - Text of object 'Object Repository/Pages/Sale/link_MonthYear' is: 'December 2217'&#xD;
&#xD;
2019-11-01 02:43:59 - [MESSAGE][PASSED] - Object: 'Object Repository/Pages/Sale/calender_NextButton' is clicked on&#xD;
&#xD;
2019-11-01 02:43:59 - [MESSAGE][PASSED] - Text of object 'Object Repository/Pages/Sale/link_MonthYear' is: 'January 2218'&#xD;
&#xD;
2019-11-01 02:43:59 - [MESSAGE][PASSED] - Object: 'Object Repository/Pages/Sale/calender_NextButton' is clicked on&#xD;
&#xD;
2019-11-01 02:43:59 - [MESSAGE][PASSED] - Text of object 'Object Repository/Pages/Sale/link_MonthYear' is: 'February 2218'&#xD;
&#xD;
2019-11-01 02:44:00 - [MESSAGE][PASSED] - Object: 'Object Repository/Pages/Sale/calender_NextButton' is clicked on&#xD;
&#xD;
2019-11-01 02:44:00 - [MESSAGE][PASSED] - Text of object 'Object Repository/Pages/Sale/link_MonthYear' is: 'March 2218'&#xD;
&#xD;
2019-11-01 02:44:00 - [MESSAGE][PASSED] - Object: 'Object Repository/Pages/Sale/calender_NextButton' is clicked on&#xD;
&#xD;
2019-11-01 02:44:00 - [MESSAGE][PASSED] - Text of object 'Object Repository/Pages/Sale/link_MonthYear' is: 'April 2218'&#xD;
&#xD;
2019-11-01 02:44:01 - [MESSAGE][PASSED] - Object: 'Object Repository/Pages/Sale/calender_NextButton' is clicked on&#xD;
&#xD;
2019-11-01 02:44:01 - [MESSAGE][PASSED] - Text of object 'Object Repository/Pages/Sale/link_MonthYear' is: 'May 2218'&#xD;
&#xD;
2019-11-01 02:44:01 - [MESSAGE][PASSED] - Object: 'Object Repository/Pages/Sale/calender_NextButton' is clicked on&#xD;
&#xD;
2019-11-01 02:44:01 - [MESSAGE][PASSED] - Text of object 'Object Repository/Pages/Sale/link_MonthYear' is: 'June 2218'&#xD;
&#xD;
2019-11-01 02:44:01 - [MESSAGE][PASSED] - Object: 'Object Repository/Pages/Sale/calender_NextButton' is clicked on&#xD;
&#xD;
2019-11-01 02:44:01 - [MESSAGE][PASSED] - Text of object 'Object Repository/Pages/Sale/link_MonthYear' is: 'July 2218'&#xD;
&#xD;
2019-11-01 02:44:02 - [MESSAGE][PASSED] - Object: 'Object Repository/Pages/Sale/calender_NextButton' is clicked on&#xD;
&#xD;
2019-11-01 02:44:02 - [MESSAGE][PASSED] - Text of object 'Object Repository/Pages/Sale/link_MonthYear' is: 'August 2218'&#xD;
&#xD;
2019-11-01 02:44:02 - [MESSAGE][PASSED] - Object: 'Object Repository/Pages/Sale/calender_NextButton' is clicked on&#xD;
&#xD;
2019-11-01 02:44:02 - [MESSAGE][PASSED] - Text of object 'Object Repository/Pages/Sale/link_MonthYear' is: 'September 2218'&#xD;
&#xD;
2019-11-01 02:44:02 - [MESSAGE][PASSED] - Object: 'Object Repository/Pages/Sale/calender_NextButton' is clicked on&#xD;
&#xD;
2019-11-01 02:44:02 - [MESSAGE][PASSED] - Text of object 'Object Repository/Pages/Sale/link_MonthYear' is: 'October 2218'&#xD;
&#xD;
2019-11-01 02:44:03 - [MESSAGE][PASSED] - Object: 'Object Repository/Pages/Sale/calender_NextButton' is clicked on&#xD;
&#xD;
2019-11-01 02:44:03 - [MESSAGE][PASSED] - Text of object 'Object Repository/Pages/Sale/link_MonthYear' is: 'November 2218'&#xD;
&#xD;
2019-11-01 02:44:03 - [MESSAGE][PASSED] - Object: 'Object Repository/Pages/Sale/calender_NextButton' is clicked on&#xD;
&#xD;
2019-11-01 02:44:03 - [MESSAGE][PASSED] - Text of object 'Object Repository/Pages/Sale/link_MonthYear' is: 'December 2218'&#xD;
&#xD;
2019-11-01 02:44:03 - [MESSAGE][PASSED] - Object: 'Object Repository/Pages/Sale/calender_NextButton' is clicked on&#xD;
&#xD;
2019-11-01 02:44:03 - [MESSAGE][PASSED] - Text of object 'Object Repository/Pages/Sale/link_MonthYear' is: 'January 2219'&#xD;
&#xD;
2019-11-01 02:44:04 - [MESSAGE][PASSED] - Object: 'Object Repository/Pages/Sale/calender_NextButton' is clicked on&#xD;
&#xD;
2019-11-01 02:44:04 - [MESSAGE][PASSED] - Text of object 'Object Repository/Pages/Sale/link_MonthYear' is: 'February 2219'&#xD;
&#xD;
2019-11-01 02:44:04 - [MESSAGE][PASSED] - Object: 'Object Repository/Pages/Sale/calender_NextButton' is clicked on&#xD;
&#xD;
2019-11-01 02:44:04 - [MESSAGE][PASSED] - Text of object 'Object Repository/Pages/Sale/link_MonthYear' is: 'March 2219'&#xD;
&#xD;
2019-11-01 02:44:04 - [MESSAGE][PASSED] - Object: 'Object Repository/Pages/Sale/calender_NextButton' is clicked on&#xD;
&#xD;
2019-11-01 02:44:04 - [MESSAGE][PASSED] - Text of object 'Object Repository/Pages/Sale/link_MonthYear' is: 'April 2219'&#xD;
&#xD;
2019-11-01 02:44:05 - [MESSAGE][PASSED] - Object: 'Object Repository/Pages/Sale/calender_NextButton' is clicked on&#xD;
&#xD;
2019-11-01 02:44:05 - [MESSAGE][PASSED] - Text of object 'Object Repository/Pages/Sale/link_MonthYear' is: 'May 2219'&#xD;
&#xD;
2019-11-01 02:44:05 - [MESSAGE][PASSED] - Object: 'Object Repository/Pages/Sale/calender_NextButton' is clicked on&#xD;
&#xD;
2019-11-01 02:44:05 - [MESSAGE][PASSED] - Text of object 'Object Repository/Pages/Sale/link_MonthYear' is: 'June 2219'&#xD;
&#xD;
2019-11-01 02:44:05 - [MESSAGE][PASSED] - Object: 'Object Repository/Pages/Sale/calender_NextButton' is clicked on&#xD;
&#xD;
2019-11-01 02:44:05 - [MESSAGE][PASSED] - Text of object 'Object Repository/Pages/Sale/link_MonthYear' is: 'July 2219'&#xD;
&#xD;
2019-11-01 02:44:06 - [MESSAGE][PASSED] - Object: 'Object Repository/Pages/Sale/calender_NextButton' is clicked on&#xD;
&#xD;
2019-11-01 02:44:06 - [MESSAGE][PASSED] - Text of object 'Object Repository/Pages/Sale/link_MonthYear' is: 'August 2219'&#xD;
&#xD;
2019-11-01 02:44:06 - [MESSAGE][PASSED] - Object: 'Object Repository/Pages/Sale/calender_NextButton' is clicked on&#xD;
&#xD;
2019-11-01 02:44:06 - [MESSAGE][PASSED] - Text of object 'Object Repository/Pages/Sale/link_MonthYear' is: 'September 2219'&#xD;
&#xD;
2019-11-01 02:44:06 - [MESSAGE][PASSED] - Object: 'Object Repository/Pages/Sale/calender_NextButton' is clicked on&#xD;
&#xD;
2019-11-01 02:44:06 - [MESSAGE][PASSED] - Text of object 'Object Repository/Pages/Sale/link_MonthYear' is: 'October 2219'&#xD;
&#xD;
2019-11-01 02:44:07 - [MESSAGE][PASSED] - Object: 'Object Repository/Pages/Sale/calender_NextButton' is clicked on&#xD;
&#xD;
2019-11-01 02:44:07 - [MESSAGE][PASSED] - Text of object 'Object Repository/Pages/Sale/link_MonthYear' is: 'November 2219'&#xD;
&#xD;
2019-11-01 02:44:07 - [MESSAGE][PASSED] - Object: 'Object Repository/Pages/Sale/calender_NextButton' is clicked on&#xD;
&#xD;
2019-11-01 02:44:07 - [MESSAGE][PASSED] - Text of object 'Object Repository/Pages/Sale/link_MonthYear' is: 'December 2219'&#xD;
&#xD;
2019-11-01 02:44:07 - [MESSAGE][PASSED] - Object: 'Object Repository/Pages/Sale/calender_NextButton' is clicked on&#xD;
&#xD;
2019-11-01 02:44:07 - [MESSAGE][PASSED] - Text of object 'Object Repository/Pages/Sale/link_MonthYear' is: 'January 2220'&#xD;
&#xD;
2019-11-01 02:44:08 - [MESSAGE][PASSED] - Object: 'Object Repository/Pages/Sale/calender_NextButton' is clicked on&#xD;
&#xD;
2019-11-01 02:44:08 - [MESSAGE][PASSED] - Text of object 'Object Repository/Pages/Sale/link_MonthYear' is: 'February 2220'&#xD;
&#xD;
2019-11-01 02:44:08 - [MESSAGE][PASSED] - Object: 'Object Repository/Pages/Sale/calender_NextButton' is clicked on&#xD;
&#xD;
2019-11-01 02:44:08 - [MESSAGE][PASSED] - Text of object 'Object Repository/Pages/Sale/link_MonthYear' is: 'March 2220'&#xD;
&#xD;
2019-11-01 02:44:08 - [MESSAGE][PASSED] - Object: 'Object Repository/Pages/Sale/calender_NextButton' is clicked on&#xD;
&#xD;
2019-11-01 02:44:08 - [MESSAGE][PASSED] - Text of object 'Object Repository/Pages/Sale/link_MonthYear' is: 'April 2220'&#xD;
&#xD;
2019-11-01 02:44:09 - [MESSAGE][PASSED] - Object: 'Object Repository/Pages/Sale/calender_NextButton' is clicked on&#xD;
&#xD;
2019-11-01 02:44:09 - [MESSAGE][PASSED] - Text of object 'Object Repository/Pages/Sale/link_MonthYear' is: 'May 2220'&#xD;
&#xD;
2019-11-01 02:44:09 - [MESSAGE][PASSED] - Object: 'Object Repository/Pages/Sale/calender_NextButton' is clicked on&#xD;
&#xD;
2019-11-01 02:44:09 - [MESSAGE][PASSED] - Text of object 'Object Repository/Pages/Sale/link_MonthYear' is: 'June 2220'&#xD;
&#xD;
2019-11-01 02:44:09 - [MESSAGE][PASSED] - Object: 'Object Repository/Pages/Sale/calender_NextButton' is clicked on&#xD;
&#xD;
2019-11-01 02:44:09 - [MESSAGE][PASSED] - Text of object 'Object Repository/Pages/Sale/link_MonthYear' is: 'July 2220'&#xD;
&#xD;
2019-11-01 02:44:09 - [MESSAGE][PASSED] - Object: 'Object Repository/Pages/Sale/calender_NextButton' is clicked on&#xD;
&#xD;
2019-11-01 02:44:09 - [MESSAGE][PASSED] - Text of object 'Object Repository/Pages/Sale/link_MonthYear' is: 'August 2220'&#xD;
&#xD;
2019-11-01 02:44:10 - [MESSAGE][PASSED] - Object: 'Object Repository/Pages/Sale/calender_NextButton' is clicked on&#xD;
&#xD;
2019-11-01 02:44:10 - [MESSAGE][PASSED] - Text of object 'Object Repository/Pages/Sale/link_MonthYear' is: 'September 2220'&#xD;
&#xD;
2019-11-01 02:44:10 - [MESSAGE][PASSED] - Object: 'Object Repository/Pages/Sale/calender_NextButton' is clicked on&#xD;
&#xD;
2019-11-01 02:44:10 - [MESSAGE][PASSED] - Text of object 'Object Repository/Pages/Sale/link_MonthYear' is: 'October 2220'&#xD;
&#xD;
2019-11-01 02:44:10 - [MESSAGE][PASSED] - Object: 'Object Repository/Pages/Sale/calender_NextButton' is clicked on&#xD;
&#xD;
2019-11-01 02:44:10 - [MESSAGE][PASSED] - Text of object 'Object Repository/Pages/Sale/link_MonthYear' is: 'November 2220'&#xD;
&#xD;
2019-11-01 02:44:11 - [MESSAGE][PASSED] - Object: 'Object Repository/Pages/Sale/calender_NextButton' is clicked on&#xD;
&#xD;
2019-11-01 02:44:11 - [MESSAGE][PASSED] - Text of object 'Object Repository/Pages/Sale/link_MonthYear' is: 'December 2220'&#xD;
&#xD;
2019-11-01 02:44:11 - [MESSAGE][PASSED] - Object: 'Object Repository/Pages/Sale/calender_NextButton' is clicked on&#xD;
&#xD;
2019-11-01 02:44:11 - [MESSAGE][PASSED] - Text of object 'Object Repository/Pages/Sale/link_MonthYear' is: 'January 2221'&#xD;
&#xD;
2019-11-01 02:44:11 - [MESSAGE][PASSED] - Object: 'Object Repository/Pages/Sale/calender_NextButton' is clicked on&#xD;
&#xD;
2019-11-01 02:44:11 - [MESSAGE][PASSED] - Text of object 'Object Repository/Pages/Sale/link_MonthYear' is: 'February 2221'&#xD;
&#xD;
2019-11-01 02:44:11 - [MESSAGE][PASSED] - Object: 'Object Repository/Pages/Sale/calender_NextButton' is clicked on&#xD;
&#xD;
2019-11-01 02:44:11 - [MESSAGE][PASSED] - Text of object 'Object Repository/Pages/Sale/link_MonthYear' is: 'March 2221'&#xD;
&#xD;
2019-11-01 02:44:12 - [MESSAGE][PASSED] - Object: 'Object Repository/Pages/Sale/calender_NextButton' is clicked on&#xD;
&#xD;
2019-11-01 02:44:12 - [MESSAGE][PASSED] - Text of object 'Object Repository/Pages/Sale/link_MonthYear' is: 'April 2221'&#xD;
&#xD;
2019-11-01 02:44:12 - [MESSAGE][PASSED] - Object: 'Object Repository/Pages/Sale/calender_NextButton' is clicked on&#xD;
&#xD;
2019-11-01 02:44:12 - [MESSAGE][PASSED] - Text of object 'Object Repository/Pages/Sale/link_MonthYear' is: 'May 2221'&#xD;
&#xD;
2019-11-01 02:44:12 - [MESSAGE][PASSED] - Object: 'Object Repository/Pages/Sale/calender_NextButton' is clicked on&#xD;
&#xD;
2019-11-01 02:44:12 - [MESSAGE][PASSED] - Text of object 'Object Repository/Pages/Sale/link_MonthYear' is: 'June 2221'&#xD;
&#xD;
2019-11-01 02:44:13 - [MESSAGE][PASSED] - Object: 'Object Repository/Pages/Sale/calender_NextButton' is clicked on&#xD;
&#xD;
2019-11-01 02:44:13 - [MESSAGE][PASSED] - Text of object 'Object Repository/Pages/Sale/link_MonthYear' is: 'July 2221'&#xD;
&#xD;
2019-11-01 02:44:13 - [MESSAGE][PASSED] - Object: 'Object Repository/Pages/Sale/calender_NextButton' is clicked on&#xD;
&#xD;
2019-11-01 02:44:13 - [MESSAGE][PASSED] - Text of object 'Object Repository/Pages/Sale/link_MonthYear' is: 'August 2221'&#xD;
&#xD;
2019-11-01 02:44:13 - [MESSAGE][PASSED] - Object: 'Object Repository/Pages/Sale/calender_NextButton' is clicked on&#xD;
&#xD;
2019-11-01 02:44:13 - [MESSAGE][PASSED] - Text of object 'Object Repository/Pages/Sale/link_MonthYear' is: 'September 2221'&#xD;
&#xD;
2019-11-01 02:44:13 - [MESSAGE][PASSED] - Object: 'Object Repository/Pages/Sale/calender_NextButton' is clicked on&#xD;
&#xD;
2019-11-01 02:44:13 - [MESSAGE][PASSED] - Text of object 'Object Repository/Pages/Sale/link_MonthYear' is: 'October 2221'&#xD;
&#xD;
2019-11-01 02:44:14 - [MESSAGE][PASSED] - Object: 'Object Repository/Pages/Sale/calender_NextButton' is clicked on&#xD;
&#xD;
2019-11-01 02:44:14 - [MESSAGE][PASSED] - Text of object 'Object Repository/Pages/Sale/link_MonthYear' is: 'November 2221'&#xD;
&#xD;
2019-11-01 02:44:14 - [MESSAGE][PASSED] - Object: 'Object Repository/Pages/Sale/calender_NextButton' is clicked on&#xD;
&#xD;
2019-11-01 02:44:14 - [MESSAGE][PASSED] - Text of object 'Object Repository/Pages/Sale/link_MonthYear' is: 'December 2221'&#xD;
&#xD;
2019-11-01 02:44:14 - [MESSAGE][PASSED] - Object: 'Object Repository/Pages/Sale/calender_NextButton' is clicked on&#xD;
&#xD;
2019-11-01 02:44:14 - [MESSAGE][PASSED] - Text of object 'Object Repository/Pages/Sale/link_MonthYear' is: 'January 2222'&#xD;
&#xD;
2019-11-01 02:44:15 - [MESSAGE][PASSED] - Object: 'Object Repository/Pages/Sale/calender_NextButton' is clicked on&#xD;
&#xD;
2019-11-01 02:44:15 - [MESSAGE][PASSED] - Text of object 'Object Repository/Pages/Sale/link_MonthYear' is: 'February 2222'&#xD;
&#xD;
2019-11-01 02:44:15 - [MESSAGE][PASSED] - Object: 'Object Repository/Pages/Sale/calender_NextButton' is clicked on&#xD;
&#xD;
2019-11-01 02:44:15 - [MESSAGE][PASSED] - Text of object 'Object Repository/Pages/Sale/link_MonthYear' is: 'March 2222'&#xD;
&#xD;
2019-11-01 02:44:15 - [MESSAGE][PASSED] - Object: 'Object Repository/Pages/Sale/calender_NextButton' is clicked on&#xD;
&#xD;
2019-11-01 02:44:15 - [MESSAGE][PASSED] - Text of object 'Object Repository/Pages/Sale/link_MonthYear' is: 'April 2222'&#xD;
&#xD;
2019-11-01 02:44:15 - [MESSAGE][PASSED] - Object: 'Object Repository/Pages/Sale/calender_NextButton' is clicked on&#xD;
&#xD;
2019-11-01 02:44:16 - [MESSAGE][PASSED] - Text of object 'Object Repository/Pages/Sale/link_MonthYear' is: 'May 2222'&#xD;
&#xD;
2019-11-01 02:44:16 - [MESSAGE][PASSED] - Object: 'Object Repository/Pages/Sale/calender_NextButton' is clicked on&#xD;
&#xD;
2019-11-01 02:44:16 - [MESSAGE][PASSED] - Text of object 'Object Repository/Pages/Sale/link_MonthYear' is: 'June 2222'&#xD;
&#xD;
2019-11-01 02:44:16 - [MESSAGE][PASSED] - Object: 'Object Repository/Pages/Sale/calender_NextButton' is clicked on&#xD;
&#xD;
2019-11-01 02:44:16 - [MESSAGE][PASSED] - Text of object 'Object Repository/Pages/Sale/link_MonthYear' is: 'July 2222'&#xD;
&#xD;
2019-11-01 02:44:16 - [MESSAGE][PASSED] - Object: 'Object Repository/Pages/Sale/calender_NextButton' is clicked on&#xD;
&#xD;
2019-11-01 02:44:16 - [MESSAGE][PASSED] - Text of object 'Object Repository/Pages/Sale/link_MonthYear' is: 'August 2222'&#xD;
&#xD;
2019-11-01 02:44:17 - [MESSAGE][PASSED] - Object: 'Object Repository/Pages/Sale/calender_NextButton' is clicked on&#xD;
&#xD;
2019-11-01 02:44:17 - [MESSAGE][PASSED] - Text of object 'Object Repository/Pages/Sale/link_MonthYear' is: 'September 2222'&#xD;
&#xD;
2019-11-01 02:44:17 - [MESSAGE][PASSED] - Object: 'Object Repository/Pages/Sale/calender_NextButton' is clicked on&#xD;
&#xD;
2019-11-01 02:44:17 - [MESSAGE][PASSED] - Text of object 'Object Repository/Pages/Sale/link_MonthYear' is: 'October 2222'&#xD;
&#xD;
2019-11-01 02:44:17 - [MESSAGE][PASSED] - Object: 'Object Repository/Pages/Sale/calender_NextButton' is clicked on&#xD;
&#xD;
2019-11-01 02:44:17 - [MESSAGE][PASSED] - Text of object 'Object Repository/Pages/Sale/link_MonthYear' is: 'November 2222'&#xD;
&#xD;
2019-11-01 02:44:18 - [MESSAGE][PASSED] - Object: 'Object Repository/Pages/Sale/calender_NextButton' is clicked on&#xD;
&#xD;
2019-11-01 02:44:18 - [MESSAGE][PASSED] - Text of object 'Object Repository/Pages/Sale/link_MonthYear' is: 'December 2222'&#xD;
&#xD;
2019-11-01 02:44:18 - [MESSAGE][PASSED] - Object: 'Object Repository/Pages/Sale/calender_NextButton' is clicked on&#xD;
&#xD;
2019-11-01 02:44:18 - [MESSAGE][PASSED] - Text of object 'Object Repository/Pages/Sale/link_MonthYear' is: 'January 2223'&#xD;
&#xD;
2019-11-01 02:44:18 - [MESSAGE][PASSED] - Object: 'Object Repository/Pages/Sale/calender_NextButton' is clicked on&#xD;
&#xD;
2019-11-01 02:44:18 - [MESSAGE][PASSED] - Text of object 'Object Repository/Pages/Sale/link_MonthYear' is: 'February 2223'&#xD;
&#xD;
2019-11-01 02:44:19 - [MESSAGE][PASSED] - Object: 'Object Repository/Pages/Sale/calender_NextButton' is clicked on&#xD;
&#xD;
2019-11-01 02:44:19 - [MESSAGE][PASSED] - Text of object 'Object Repository/Pages/Sale/link_MonthYear' is: 'March 2223'&#xD;
&#xD;
2019-11-01 02:44:19 - [MESSAGE][PASSED] - Object: 'Object Repository/Pages/Sale/calender_NextButton' is clicked on&#xD;
&#xD;
2019-11-01 02:44:19 - [MESSAGE][PASSED] - Text of object 'Object Repository/Pages/Sale/link_MonthYear' is: 'April 2223'&#xD;
&#xD;
2019-11-01 02:44:19 - [MESSAGE][PASSED] - Object: 'Object Repository/Pages/Sale/calender_NextButton' is clicked on&#xD;
&#xD;
2019-11-01 02:44:19 - [MESSAGE][PASSED] - Text of object 'Object Repository/Pages/Sale/link_MonthYear' is: 'May 2223'&#xD;
&#xD;
2019-11-01 02:44:19 - [MESSAGE][PASSED] - Object: 'Object Repository/Pages/Sale/calender_NextButton' is clicked on&#xD;
&#xD;
2019-11-01 02:44:19 - [MESSAGE][PASSED] - Text of object 'Object Repository/Pages/Sale/link_MonthYear' is: 'June 2223'&#xD;
&#xD;
2019-11-01 02:44:20 - [MESSAGE][PASSED] - Object: 'Object Repository/Pages/Sale/calender_NextButton' is clicked on&#xD;
&#xD;
2019-11-01 02:44:20 - [MESSAGE][PASSED] - Text of object 'Object Repository/Pages/Sale/link_MonthYear' is: 'July 2223'&#xD;
&#xD;
2019-11-01 02:44:20 - [MESSAGE][PASSED] - Object: 'Object Repository/Pages/Sale/calender_NextButton' is clicked on&#xD;
&#xD;
2019-11-01 02:44:20 - [MESSAGE][PASSED] - Text of object 'Object Repository/Pages/Sale/link_MonthYear' is: 'August 2223'&#xD;
&#xD;
2019-11-01 02:44:20 - [MESSAGE][PASSED] - Object: 'Object Repository/Pages/Sale/calender_NextButton' is clicked on&#xD;
&#xD;
2019-11-01 02:44:20 - [MESSAGE][PASSED] - Text of object 'Object Repository/Pages/Sale/link_MonthYear' is: 'September 2223'&#xD;
&#xD;
2019-11-01 02:44:21 - [MESSAGE][PASSED] - Object: 'Object Repository/Pages/Sale/calender_NextButton' is clicked on&#xD;
&#xD;
2019-11-01 02:44:21 - [MESSAGE][PASSED] - Text of object 'Object Repository/Pages/Sale/link_MonthYear' is: 'October 2223'&#xD;
&#xD;
2019-11-01 02:44:21 - [MESSAGE][PASSED] - Object: 'Object Repository/Pages/Sale/calender_NextButton' is clicked on&#xD;
&#xD;
2019-11-01 02:44:21 - [MESSAGE][PASSED] - Text of object 'Object Repository/Pages/Sale/link_MonthYear' is: 'November 2223'&#xD;
&#xD;
2019-11-01 02:44:21 - [MESSAGE][PASSED] - Object: 'Object Repository/Pages/Sale/calender_NextButton' is clicked on&#xD;
&#xD;
2019-11-01 02:44:21 - [MESSAGE][PASSED] - Text of object 'Object Repository/Pages/Sale/link_MonthYear' is: 'December 2223'&#xD;
&#xD;
2019-11-01 02:44:22 - [MESSAGE][PASSED] - Object: 'Object Repository/Pages/Sale/calender_NextButton' is clicked on&#xD;
&#xD;
2019-11-01 02:44:22 - [MESSAGE][PASSED] - Text of object 'Object Repository/Pages/Sale/link_MonthYear' is: 'January 2224'&#xD;
&#xD;
2019-11-01 02:44:22 - [MESSAGE][PASSED] - Object: 'Object Repository/Pages/Sale/calender_NextButton' is clicked on&#xD;
&#xD;
2019-11-01 02:44:22 - [MESSAGE][PASSED] - Text of object 'Object Repository/Pages/Sale/link_MonthYear' is: 'February 2224'&#xD;
&#xD;
2019-11-01 02:44:22 - [MESSAGE][PASSED] - Object: 'Object Repository/Pages/Sale/calender_NextButton' is clicked on&#xD;
&#xD;
2019-11-01 02:44:22 - [MESSAGE][PASSED] - Text of object 'Object Repository/Pages/Sale/link_MonthYear' is: 'March 2224'&#xD;
&#xD;
2019-11-01 02:44:23 - [MESSAGE][PASSED] - Object: 'Object Repository/Pages/Sale/calender_NextButton' is clicked on&#xD;
&#xD;
2019-11-01 02:44:23 - [MESSAGE][PASSED] - Text of object 'Object Repository/Pages/Sale/link_MonthYear' is: 'April 2224'&#xD;
&#xD;
2019-11-01 02:44:23 - [MESSAGE][PASSED] - Object: 'Object Repository/Pages/Sale/calender_NextButton' is clicked on&#xD;
&#xD;
2019-11-01 02:44:23 - [MESSAGE][PASSED] - Text of object 'Object Repository/Pages/Sale/link_MonthYear' is: 'May 2224'&#xD;
&#xD;
2019-11-01 02:44:23 - [MESSAGE][PASSED] - Object: 'Object Repository/Pages/Sale/calender_NextButton' is clicked on&#xD;
&#xD;
2019-11-01 02:44:23 - [MESSAGE][PASSED] - Text of object 'Object Repository/Pages/Sale/link_MonthYear' is: 'June 2224'&#xD;
&#xD;
2019-11-01 02:44:23 - [MESSAGE][PASSED] - Object: 'Object Repository/Pages/Sale/calender_NextButton' is clicked on&#xD;
&#xD;
2019-11-01 02:44:23 - [MESSAGE][PASSED] - Text of object 'Object Repository/Pages/Sale/link_MonthYear' is: 'July 2224'&#xD;
&#xD;
2019-11-01 02:44:24 - [MESSAGE][PASSED] - Object: 'Object Repository/Pages/Sale/calender_NextButton' is clicked on&#xD;
&#xD;
2019-11-01 02:44:24 - [MESSAGE][PASSED] - Text of object 'Object Repository/Pages/Sale/link_MonthYear' is: 'August 2224'&#xD;
&#xD;
2019-11-01 02:44:24 - [MESSAGE][PASSED] - Object: 'Object Repository/Pages/Sale/calender_NextButton' is clicked on&#xD;
&#xD;
2019-11-01 02:44:24 - [MESSAGE][PASSED] - Text of object 'Object Repository/Pages/Sale/link_MonthYear' is: 'September 2224'&#xD;
&#xD;
2019-11-01 02:44:24 - [MESSAGE][PASSED] - Object: 'Object Repository/Pages/Sale/calender_NextButton' is clicked on&#xD;
&#xD;
2019-11-01 02:44:24 - [MESSAGE][PASSED] - Text of object 'Object Repository/Pages/Sale/link_MonthYear' is: 'October 2224'&#xD;
&#xD;
2019-11-01 02:44:25 - [MESSAGE][PASSED] - Object: 'Object Repository/Pages/Sale/calender_NextButton' is clicked on&#xD;
&#xD;
2019-11-01 02:44:25 - [MESSAGE][PASSED] - Text of object 'Object Repository/Pages/Sale/link_MonthYear' is: 'November 2224'&#xD;
&#xD;
2019-11-01 02:44:25 - [MESSAGE][PASSED] - Object: 'Object Repository/Pages/Sale/calender_NextButton' is clicked on&#xD;
&#xD;
2019-11-01 02:44:25 - [MESSAGE][PASSED] - Text of object 'Object Repository/Pages/Sale/link_MonthYear' is: 'December 2224'&#xD;
&#xD;
2019-11-01 02:44:25 - [MESSAGE][PASSED] - Object: 'Object Repository/Pages/Sale/calender_NextButton' is clicked on&#xD;
&#xD;
2019-11-01 02:44:25 - [MESSAGE][PASSED] - Text of object 'Object Repository/Pages/Sale/link_MonthYear' is: 'January 2225'&#xD;
&#xD;
2019-11-01 02:44:26 - [MESSAGE][PASSED] - Object: 'Object Repository/Pages/Sale/calender_NextButton' is clicked on&#xD;
&#xD;
2019-11-01 02:44:26 - [MESSAGE][PASSED] - Text of object 'Object Repository/Pages/Sale/link_MonthYear' is: 'February 2225'&#xD;
&#xD;
2019-11-01 02:44:26 - [MESSAGE][PASSED] - Object: 'Object Repository/Pages/Sale/calender_NextButton' is clicked on&#xD;
&#xD;
2019-11-01 02:44:26 - [MESSAGE][PASSED] - Text of object 'Object Repository/Pages/Sale/link_MonthYear' is: 'March 2225'&#xD;
&#xD;
2019-11-01 02:44:26 - [MESSAGE][PASSED] - Object: 'Object Repository/Pages/Sale/calender_NextButton' is clicked on&#xD;
&#xD;
2019-11-01 02:44:26 - [MESSAGE][PASSED] - Text of object 'Object Repository/Pages/Sale/link_MonthYear' is: 'April 2225'&#xD;
&#xD;
2019-11-01 02:44:26 - [MESSAGE][PASSED] - Object: 'Object Repository/Pages/Sale/calender_NextButton' is clicked on&#xD;
&#xD;
2019-11-01 02:44:26 - [MESSAGE][PASSED] - Text of object 'Object Repository/Pages/Sale/link_MonthYear' is: 'May 2225'&#xD;
&#xD;
2019-11-01 02:44:27 - [MESSAGE][PASSED] - Object: 'Object Repository/Pages/Sale/calender_NextButton' is clicked on&#xD;
&#xD;
2019-11-01 02:44:27 - [MESSAGE][PASSED] - Text of object 'Object Repository/Pages/Sale/link_MonthYear' is: 'June 2225'&#xD;
&#xD;
2019-11-01 02:44:27 - [MESSAGE][PASSED] - Object: 'Object Repository/Pages/Sale/calender_NextButton' is clicked on&#xD;
&#xD;
2019-11-01 02:44:27 - [MESSAGE][PASSED] - Text of object 'Object Repository/Pages/Sale/link_MonthYear' is: 'July 2225'&#xD;
&#xD;
2019-11-01 02:44:27 - [MESSAGE][PASSED] - Object: 'Object Repository/Pages/Sale/calender_NextButton' is clicked on&#xD;
&#xD;
2019-11-01 02:44:27 - [MESSAGE][PASSED] - Text of object 'Object Repository/Pages/Sale/link_MonthYear' is: 'August 2225'&#xD;
&#xD;
2019-11-01 02:44:28 - [MESSAGE][PASSED] - Object: 'Object Repository/Pages/Sale/calender_NextButton' is clicked on&#xD;
&#xD;
2019-11-01 02:44:28 - [MESSAGE][PASSED] - Text of object 'Object Repository/Pages/Sale/link_MonthYear' is: 'September 2225'&#xD;
&#xD;
2019-11-01 02:44:28 - [MESSAGE][PASSED] - Object: 'Object Repository/Pages/Sale/calender_NextButton' is clicked on&#xD;
&#xD;
2019-11-01 02:44:28 - [MESSAGE][PASSED] - Text of object 'Object Repository/Pages/Sale/link_MonthYear' is: 'October 2225'&#xD;
&#xD;
2019-11-01 02:44:28 - [MESSAGE][PASSED] - Object: 'Object Repository/Pages/Sale/calender_NextButton' is clicked on&#xD;
&#xD;
2019-11-01 02:44:28 - [MESSAGE][PASSED] - Text of object 'Object Repository/Pages/Sale/link_MonthYear' is: 'November 2225'&#xD;
&#xD;
2019-11-01 02:44:29 - [MESSAGE][PASSED] - Object: 'Object Repository/Pages/Sale/calender_NextButton' is clicked on&#xD;
&#xD;
2019-11-01 02:44:29 - [MESSAGE][PASSED] - Text of object 'Object Repository/Pages/Sale/link_MonthYear' is: 'December 2225'&#xD;
&#xD;
2019-11-01 02:44:29 - [MESSAGE][PASSED] - Object: 'Object Repository/Pages/Sale/calender_NextButton' is clicked on&#xD;
&#xD;
2019-11-01 02:44:29 - [MESSAGE][PASSED] - Text of object 'Object Repository/Pages/Sale/link_MonthYear' is: 'January 2226'&#xD;
&#xD;
2019-11-01 02:44:30 - [MESSAGE][PASSED] - Object: 'Object Repository/Pages/Sale/calender_NextButton' is clicked on&#xD;
&#xD;
2019-11-01 02:44:30 - [MESSAGE][PASSED] - Text of object 'Object Repository/Pages/Sale/link_MonthYear' is: 'February 2226'&#xD;
&#xD;
2019-11-01 02:44:30 - [MESSAGE][PASSED] - Object: 'Object Repository/Pages/Sale/calender_NextButton' is clicked on&#xD;
&#xD;
2019-11-01 02:44:30 - [MESSAGE][PASSED] - Text of object 'Object Repository/Pages/Sale/link_MonthYear' is: 'March 2226'&#xD;
&#xD;
2019-11-01 02:44:30 - [MESSAGE][PASSED] - Object: 'Object Repository/Pages/Sale/calender_NextButton' is clicked on&#xD;
&#xD;
2019-11-01 02:44:30 - [MESSAGE][PASSED] - Text of object 'Object Repository/Pages/Sale/link_MonthYear' is: 'April 2226'&#xD;
&#xD;
2019-11-01 02:44:31 - [MESSAGE][PASSED] - Object: 'Object Repository/Pages/Sale/calender_NextButton' is clicked on&#xD;
&#xD;
2019-11-01 02:44:31 - [MESSAGE][PASSED] - Text of object 'Object Repository/Pages/Sale/link_MonthYear' is: 'May 2226'&#xD;
&#xD;
2019-11-01 02:44:31 - [MESSAGE][PASSED] - Object: 'Object Repository/Pages/Sale/calender_NextButton' is clicked on&#xD;
&#xD;
2019-11-01 02:44:31 - [MESSAGE][PASSED] - Text of object 'Object Repository/Pages/Sale/link_MonthYear' is: 'June 2226'&#xD;
&#xD;
2019-11-01 02:44:31 - [MESSAGE][PASSED] - Object: 'Object Repository/Pages/Sale/calender_NextButton' is clicked on&#xD;
&#xD;
2019-11-01 02:44:31 - [MESSAGE][PASSED] - Text of object 'Object Repository/Pages/Sale/link_MonthYear' is: 'July 2226'&#xD;
&#xD;
2019-11-01 02:44:32 - [MESSAGE][PASSED] - Object: 'Object Repository/Pages/Sale/calender_NextButton' is clicked on&#xD;
&#xD;
2019-11-01 02:44:32 - [MESSAGE][PASSED] - Text of object 'Object Repository/Pages/Sale/link_MonthYear' is: 'August 2226'&#xD;
&#xD;
2019-11-01 02:44:32 - [MESSAGE][PASSED] - Object: 'Object Repository/Pages/Sale/calender_NextButton' is clicked on&#xD;
&#xD;
2019-11-01 02:44:32 - [MESSAGE][PASSED] - Text of object 'Object Repository/Pages/Sale/link_MonthYear' is: 'September 2226'&#xD;
&#xD;
2019-11-01 02:44:32 - [MESSAGE][PASSED] - Object: 'Object Repository/Pages/Sale/calender_NextButton' is clicked on&#xD;
&#xD;
2019-11-01 02:44:32 - [MESSAGE][PASSED] - Text of object 'Object Repository/Pages/Sale/link_MonthYear' is: 'October 2226'&#xD;
&#xD;
2019-11-01 02:44:33 - [MESSAGE][PASSED] - Object: 'Object Repository/Pages/Sale/calender_NextButton' is clicked on&#xD;
&#xD;
2019-11-01 02:44:33 - [MESSAGE][PASSED] - Text of object 'Object Repository/Pages/Sale/link_MonthYear' is: 'November 2226'&#xD;
&#xD;
2019-11-01 02:44:33 - [MESSAGE][PASSED] - Object: 'Object Repository/Pages/Sale/calender_NextButton' is clicked on&#xD;
&#xD;
2019-11-01 02:44:33 - [MESSAGE][PASSED] - Text of object 'Object Repository/Pages/Sale/link_MonthYear' is: 'December 2226'&#xD;
&#xD;
2019-11-01 02:44:33 - [MESSAGE][PASSED] - Object: 'Object Repository/Pages/Sale/calender_NextButton' is clicked on&#xD;
&#xD;
2019-11-01 02:44:33 - [MESSAGE][PASSED] - Text of object 'Object Repository/Pages/Sale/link_MonthYear' is: 'January 2227'&#xD;
&#xD;
2019-11-01 02:44:33 - [MESSAGE][PASSED] - Object: 'Object Repository/Pages/Sale/calender_NextButton' is clicked on&#xD;
&#xD;
2019-11-01 02:44:33 - [MESSAGE][PASSED] - Text of object 'Object Repository/Pages/Sale/link_MonthYear' is: 'February 2227'&#xD;
&#xD;
2019-11-01 02:44:34 - [MESSAGE][PASSED] - Object: 'Object Repository/Pages/Sale/calender_NextButton' is clicked on&#xD;
&#xD;
2019-11-01 02:44:34 - [MESSAGE][PASSED] - Text of object 'Object Repository/Pages/Sale/link_MonthYear' is: 'March 2227'&#xD;
&#xD;
2019-11-01 02:44:34 - [MESSAGE][PASSED] - Object: 'Object Repository/Pages/Sale/calender_NextButton' is clicked on&#xD;
&#xD;
2019-11-01 02:44:34 - [MESSAGE][PASSED] - Text of object 'Object Repository/Pages/Sale/link_MonthYear' is: 'April 2227'&#xD;
&#xD;
2019-11-01 02:44:34 - [MESSAGE][PASSED] - Object: 'Object Repository/Pages/Sale/calender_NextButton' is clicked on&#xD;
&#xD;
2019-11-01 02:44:34 - [MESSAGE][PASSED] - Text of object 'Object Repository/Pages/Sale/link_MonthYear' is: 'May 2227'&#xD;
&#xD;
2019-11-01 02:44:35 - [MESSAGE][PASSED] - Object: 'Object Repository/Pages/Sale/calender_NextButton' is clicked on&#xD;
&#xD;
2019-11-01 02:44:35 - [MESSAGE][PASSED] - Text of object 'Object Repository/Pages/Sale/link_MonthYear' is: 'June 2227'&#xD;
&#xD;
2019-11-01 02:44:35 - [MESSAGE][PASSED] - Object: 'Object Repository/Pages/Sale/calender_NextButton' is clicked on&#xD;
&#xD;
2019-11-01 02:44:35 - [MESSAGE][PASSED] - Text of object 'Object Repository/Pages/Sale/link_MonthYear' is: 'July 2227'&#xD;
&#xD;
2019-11-01 02:44:35 - [MESSAGE][PASSED] - Object: 'Object Repository/Pages/Sale/calender_NextButton' is clicked on&#xD;
&#xD;
2019-11-01 02:44:35 - [MESSAGE][PASSED] - Text of object 'Object Repository/Pages/Sale/link_MonthYear' is: 'August 2227'&#xD;
&#xD;
2019-11-01 02:44:36 - [MESSAGE][PASSED] - Object: 'Object Repository/Pages/Sale/calender_NextButton' is clicked on&#xD;
&#xD;
2019-11-01 02:44:36 - [MESSAGE][PASSED] - Text of object 'Object Repository/Pages/Sale/link_MonthYear' is: 'September 2227'&#xD;
&#xD;
2019-11-01 02:44:36 - [MESSAGE][PASSED] - Object: 'Object Repository/Pages/Sale/calender_NextButton' is clicked on&#xD;
&#xD;
2019-11-01 02:44:36 - [MESSAGE][PASSED] - Text of object 'Object Repository/Pages/Sale/link_MonthYear' is: 'October 2227'&#xD;
&#xD;
2019-11-01 02:44:36 - [MESSAGE][PASSED] - Object: 'Object Repository/Pages/Sale/calender_NextButton' is clicked on&#xD;
&#xD;
2019-11-01 02:44:36 - [MESSAGE][PASSED] - Text of object 'Object Repository/Pages/Sale/link_MonthYear' is: 'November 2227'&#xD;
&#xD;
2019-11-01 02:44:37 - [MESSAGE][PASSED] - Object: 'Object Repository/Pages/Sale/calender_NextButton' is clicked on&#xD;
&#xD;
2019-11-01 02:44:37 - [MESSAGE][PASSED] - Text of object 'Object Repository/Pages/Sale/link_MonthYear' is: 'December 2227'&#xD;
&#xD;
2019-11-01 02:44:37 - [MESSAGE][PASSED] - Object: 'Object Repository/Pages/Sale/calender_NextButton' is clicked on&#xD;
&#xD;
2019-11-01 02:44:37 - [MESSAGE][PASSED] - Text of object 'Object Repository/Pages/Sale/link_MonthYear' is: 'January 2228'&#xD;
&#xD;
2019-11-01 02:44:37 - [MESSAGE][PASSED] - Object: 'Object Repository/Pages/Sale/calender_NextButton' is clicked on&#xD;
&#xD;
2019-11-01 02:44:37 - [MESSAGE][PASSED] - Text of object 'Object Repository/Pages/Sale/link_MonthYear' is: 'February 2228'&#xD;
&#xD;
2019-11-01 02:44:38 - [MESSAGE][PASSED] - Object: 'Object Repository/Pages/Sale/calender_NextButton' is clicked on&#xD;
&#xD;
2019-11-01 02:44:38 - [MESSAGE][PASSED] - Text of object 'Object Repository/Pages/Sale/link_MonthYear' is: 'March 2228'&#xD;
&#xD;
2019-11-01 02:44:38 - [MESSAGE][PASSED] - Object: 'Object Repository/Pages/Sale/calender_NextButton' is clicked on&#xD;
&#xD;
2019-11-01 02:44:38 - [MESSAGE][PASSED] - Text of object 'Object Repository/Pages/Sale/link_MonthYear' is: 'April 2228'&#xD;
&#xD;
2019-11-01 02:44:38 - [MESSAGE][PASSED] - Object: 'Object Repository/Pages/Sale/calender_NextButton' is clicked on&#xD;
&#xD;
2019-11-01 02:44:38 - [MESSAGE][PASSED] - Text of object 'Object Repository/Pages/Sale/link_MonthYear' is: 'May 2228'&#xD;
&#xD;
2019-11-01 02:44:39 - [MESSAGE][PASSED] - Object: 'Object Repository/Pages/Sale/calender_NextButton' is clicked on&#xD;
&#xD;
2019-11-01 02:44:39 - [MESSAGE][PASSED] - Text of object 'Object Repository/Pages/Sale/link_MonthYear' is: 'June 2228'&#xD;
&#xD;
2019-11-01 02:44:39 - [MESSAGE][PASSED] - Object: 'Object Repository/Pages/Sale/calender_NextButton' is clicked on&#xD;
&#xD;
2019-11-01 02:44:39 - [MESSAGE][PASSED] - Text of object 'Object Repository/Pages/Sale/link_MonthYear' is: 'July 2228'&#xD;
&#xD;
2019-11-01 02:44:39 - [MESSAGE][PASSED] - Object: 'Object Repository/Pages/Sale/calender_NextButton' is clicked on&#xD;
&#xD;
2019-11-01 02:44:39 - [MESSAGE][PASSED] - Text of object 'Object Repository/Pages/Sale/link_MonthYear' is: 'August 2228'&#xD;
&#xD;
2019-11-01 02:44:40 - [MESSAGE][PASSED] - Object: 'Object Repository/Pages/Sale/calender_NextButton' is clicked on&#xD;
&#xD;
2019-11-01 02:44:40 - [MESSAGE][PASSED] - Text of object 'Object Repository/Pages/Sale/link_MonthYear' is: 'September 2228'&#xD;
&#xD;
2019-11-01 02:44:40 - [MESSAGE][PASSED] - Object: 'Object Repository/Pages/Sale/calender_NextButton' is clicked on&#xD;
&#xD;
2019-11-01 02:44:40 - [MESSAGE][PASSED] - Text of object 'Object Repository/Pages/Sale/link_MonthYear' is: 'October 2228'&#xD;
&#xD;
2019-11-01 02:44:40 - [MESSAGE][PASSED] - Object: 'Object Repository/Pages/Sale/calender_NextButton' is clicked on&#xD;
&#xD;
2019-11-01 02:44:40 - [MESSAGE][PASSED] - Text of object 'Object Repository/Pages/Sale/link_MonthYear' is: 'November 2228'&#xD;
&#xD;
2019-11-01 02:44:41 - [MESSAGE][PASSED] - Object: 'Object Repository/Pages/Sale/calender_NextButton' is clicked on&#xD;
&#xD;
2019-11-01 02:44:41 - [MESSAGE][PASSED] - Text of object 'Object Repository/Pages/Sale/link_MonthYear' is: 'December 2228'&#xD;
&#xD;
2019-11-01 02:44:41 - [MESSAGE][PASSED] - Object: 'Object Repository/Pages/Sale/calender_NextButton' is clicked on&#xD;
&#xD;
2019-11-01 02:44:41 - [MESSAGE][PASSED] - Text of object 'Object Repository/Pages/Sale/link_MonthYear' is: 'January 2229'&#xD;
&#xD;
2019-11-01 02:44:41 - [MESSAGE][PASSED] - Object: 'Object Repository/Pages/Sale/calender_NextButton' is clicked on&#xD;
&#xD;
2019-11-01 02:44:41 - [MESSAGE][PASSED] - Text of object 'Object Repository/Pages/Sale/link_MonthYear' is: 'February 2229'&#xD;
&#xD;
2019-11-01 02:44:42 - [MESSAGE][PASSED] - Object: 'Object Repository/Pages/Sale/calender_NextButton' is clicked on&#xD;
&#xD;
2019-11-01 02:44:42 - [MESSAGE][PASSED] - Text of object 'Object Repository/Pages/Sale/link_MonthYear' is: 'March 2229'&#xD;
&#xD;
2019-11-01 02:44:42 - [MESSAGE][PASSED] - Object: 'Object Repository/Pages/Sale/calender_NextButton' is clicked on&#xD;
&#xD;
2019-11-01 02:44:42 - [MESSAGE][PASSED] - Text of object 'Object Repository/Pages/Sale/link_MonthYear' is: 'April 2229'&#xD;
&#xD;
2019-11-01 02:44:42 - [MESSAGE][PASSED] - Object: 'Object Repository/Pages/Sale/calender_NextButton' is clicked on&#xD;
&#xD;
2019-11-01 02:44:42 - [MESSAGE][PASSED] - Text of object 'Object Repository/Pages/Sale/link_MonthYear' is: 'May 2229'&#xD;
&#xD;
2019-11-01 02:44:43 - [MESSAGE][PASSED] - Object: 'Object Repository/Pages/Sale/calender_NextButton' is clicked on&#xD;
&#xD;
2019-11-01 02:44:43 - [MESSAGE][PASSED] - Text of object 'Object Repository/Pages/Sale/link_MonthYear' is: 'June 2229'&#xD;
&#xD;
2019-11-01 02:44:43 - [MESSAGE][PASSED] - Object: 'Object Repository/Pages/Sale/calender_NextButton' is clicked on&#xD;
&#xD;
2019-11-01 02:44:43 - [MESSAGE][PASSED] - Text of object 'Object Repository/Pages/Sale/link_MonthYear' is: 'July 2229'&#xD;
&#xD;
2019-11-01 02:44:43 - [MESSAGE][PASSED] - Object: 'Object Repository/Pages/Sale/calender_NextButton' is clicked on&#xD;
&#xD;
2019-11-01 02:44:43 - [MESSAGE][PASSED] - Text of object 'Object Repository/Pages/Sale/link_MonthYear' is: 'August 2229'&#xD;
&#xD;
2019-11-01 02:44:44 - [MESSAGE][PASSED] - Object: 'Object Repository/Pages/Sale/calender_NextButton' is clicked on&#xD;
&#xD;
2019-11-01 02:44:44 - [MESSAGE][PASSED] - Text of object 'Object Repository/Pages/Sale/link_MonthYear' is: 'September 2229'&#xD;
&#xD;
2019-11-01 02:44:44 - [MESSAGE][PASSED] - Object: 'Object Repository/Pages/Sale/calender_NextButton' is clicked on&#xD;
&#xD;
2019-11-01 02:44:44 - [MESSAGE][PASSED] - Text of object 'Object Repository/Pages/Sale/link_MonthYear' is: 'October 2229'&#xD;
&#xD;
2019-11-01 02:44:44 - [MESSAGE][PASSED] - Object: 'Object Repository/Pages/Sale/calender_NextButton' is clicked on&#xD;
&#xD;
2019-11-01 02:44:44 - [MESSAGE][PASSED] - Text of object 'Object Repository/Pages/Sale/link_MonthYear' is: 'November 2229'&#xD;
&#xD;
2019-11-01 02:44:45 - [MESSAGE][PASSED] - Object: 'Object Repository/Pages/Sale/calender_NextButton' is clicked on&#xD;
&#xD;
2019-11-01 02:44:45 - [MESSAGE][PASSED] - Text of object 'Object Repository/Pages/Sale/link_MonthYear' is: 'December 2229'&#xD;
&#xD;
2019-11-01 02:44:45 - [MESSAGE][PASSED] - Object: 'Object Repository/Pages/Sale/calender_NextButton' is clicked on&#xD;
&#xD;
2019-11-01 02:44:45 - [MESSAGE][PASSED] - Text of object 'Object Repository/Pages/Sale/link_MonthYear' is: 'January 2230'&#xD;
&#xD;
2019-11-01 02:44:45 - [MESSAGE][PASSED] - Object: 'Object Repository/Pages/Sale/calender_NextButton' is clicked on&#xD;
&#xD;
2019-11-01 02:44:45 - [MESSAGE][PASSED] - Text of object 'Object Repository/Pages/Sale/link_MonthYear' is: 'February 2230'&#xD;
&#xD;
2019-11-01 02:44:46 - [MESSAGE][PASSED] - Object: 'Object Repository/Pages/Sale/calender_NextButton' is clicked on&#xD;
&#xD;
2019-11-01 02:44:46 - [MESSAGE][PASSED] - Text of object 'Object Repository/Pages/Sale/link_MonthYear' is: 'March 2230'&#xD;
&#xD;
2019-11-01 02:44:46 - [MESSAGE][PASSED] - Object: 'Object Repository/Pages/Sale/calender_NextButton' is clicked on&#xD;
&#xD;
2019-11-01 02:44:46 - [MESSAGE][PASSED] - Text of object 'Object Repository/Pages/Sale/link_MonthYear' is: 'April 2230'&#xD;
&#xD;
2019-11-01 02:44:46 - [MESSAGE][PASSED] - Object: 'Object Repository/Pages/Sale/calender_NextButton' is clicked on&#xD;
&#xD;
2019-11-01 02:44:46 - [MESSAGE][PASSED] - Text of object 'Object Repository/Pages/Sale/link_MonthYear' is: 'May 2230'&#xD;
&#xD;
2019-11-01 02:44:46 - [MESSAGE][PASSED] - Object: 'Object Repository/Pages/Sale/calender_NextButton' is clicked on&#xD;
&#xD;
2019-11-01 02:44:47 - [MESSAGE][PASSED] - Text of object 'Object Repository/Pages/Sale/link_MonthYear' is: 'June 2230'&#xD;
&#xD;
2019-11-01 02:44:47 - [MESSAGE][PASSED] - Object: 'Object Repository/Pages/Sale/calender_NextButton' is clicked on&#xD;
&#xD;
2019-11-01 02:44:47 - [MESSAGE][PASSED] - Text of object 'Object Repository/Pages/Sale/link_MonthYear' is: 'July 2230'&#xD;
&#xD;
2019-11-01 02:44:47 - [MESSAGE][PASSED] - Object: 'Object Repository/Pages/Sale/calender_NextButton' is clicked on&#xD;
&#xD;
2019-11-01 02:44:47 - [MESSAGE][PASSED] - Text of object 'Object Repository/Pages/Sale/link_MonthYear' is: 'August 2230'&#xD;
&#xD;
2019-11-01 02:44:47 - [MESSAGE][PASSED] - Object: 'Object Repository/Pages/Sale/calender_NextButton' is clicked on&#xD;
&#xD;
2019-11-01 02:44:47 - [MESSAGE][PASSED] - Text of object 'Object Repository/Pages/Sale/link_MonthYear' is: 'September 2230'&#xD;
&#xD;
2019-11-01 02:44:48 - [MESSAGE][PASSED] - Object: 'Object Repository/Pages/Sale/calender_NextButton' is clicked on&#xD;
&#xD;
2019-11-01 02:44:48 - [MESSAGE][PASSED] - Text of object 'Object Repository/Pages/Sale/link_MonthYear' is: 'October 2230'&#xD;
&#xD;
2019-11-01 02:44:48 - [MESSAGE][PASSED] - Object: 'Object Repository/Pages/Sale/calender_NextButton' is clicked on&#xD;
&#xD;
2019-11-01 02:44:48 - [MESSAGE][PASSED] - Text of object 'Object Repository/Pages/Sale/link_MonthYear' is: 'November 2230'&#xD;
&#xD;
2019-11-01 02:44:48 - [MESSAGE][PASSED] - Object: 'Object Repository/Pages/Sale/calender_NextButton' is clicked on&#xD;
&#xD;
2019-11-01 02:44:48 - [MESSAGE][PASSED] - Text of object 'Object Repository/Pages/Sale/link_MonthYear' is: 'December 2230'&#xD;
&#xD;
2019-11-01 02:44:49 - [MESSAGE][PASSED] - Object: 'Object Repository/Pages/Sale/calender_NextButton' is clicked on&#xD;
&#xD;
2019-11-01 02:44:49 - [MESSAGE][PASSED] - Text of object 'Object Repository/Pages/Sale/link_MonthYear' is: 'January 2231'&#xD;
&#xD;
2019-11-01 02:44:49 - [MESSAGE][PASSED] - Object: 'Object Repository/Pages/Sale/calender_NextButton' is clicked on&#xD;
&#xD;
2019-11-01 02:44:49 - [MESSAGE][PASSED] - Text of object 'Object Repository/Pages/Sale/link_MonthYear' is: 'February 2231'&#xD;
&#xD;
2019-11-01 02:44:49 - [MESSAGE][PASSED] - Object: 'Object Repository/Pages/Sale/calender_NextButton' is clicked on&#xD;
&#xD;
2019-11-01 02:44:49 - [MESSAGE][PASSED] - Text of object 'Object Repository/Pages/Sale/link_MonthYear' is: 'March 2231'&#xD;
&#xD;
2019-11-01 02:44:50 - [MESSAGE][PASSED] - Object: 'Object Repository/Pages/Sale/calender_NextButton' is clicked on&#xD;
&#xD;
2019-11-01 02:44:50 - [MESSAGE][PASSED] - Text of object 'Object Repository/Pages/Sale/link_MonthYear' is: 'April 2231'&#xD;
&#xD;
2019-11-01 02:44:50 - [MESSAGE][PASSED] - Object: 'Object Repository/Pages/Sale/calender_NextButton' is clicked on&#xD;
&#xD;
2019-11-01 02:44:50 - [MESSAGE][PASSED] - Text of object 'Object Repository/Pages/Sale/link_MonthYear' is: 'May 2231'&#xD;
&#xD;
2019-11-01 02:44:50 - [MESSAGE][PASSED] - Object: 'Object Repository/Pages/Sale/calender_NextButton' is clicked on&#xD;
&#xD;
2019-11-01 02:44:50 - [MESSAGE][PASSED] - Text of object 'Object Repository/Pages/Sale/link_MonthYear' is: 'June 2231'&#xD;
&#xD;
2019-11-01 02:44:51 - [MESSAGE][PASSED] - Object: 'Object Repository/Pages/Sale/calender_NextButton' is clicked on&#xD;
&#xD;
2019-11-01 02:44:51 - [MESSAGE][PASSED] - Text of object 'Object Repository/Pages/Sale/link_MonthYear' is: 'July 2231'&#xD;
&#xD;
2019-11-01 02:44:51 - [MESSAGE][PASSED] - Object: 'Object Repository/Pages/Sale/calender_NextButton' is clicked on&#xD;
&#xD;
2019-11-01 02:44:51 - [MESSAGE][PASSED] - Text of object 'Object Repository/Pages/Sale/link_MonthYear' is: 'August 2231'&#xD;
&#xD;
2019-11-01 02:44:51 - [MESSAGE][PASSED] - Object: 'Object Repository/Pages/Sale/calender_NextButton' is clicked on&#xD;
&#xD;
2019-11-01 02:44:51 - [MESSAGE][PASSED] - Text of object 'Object Repository/Pages/Sale/link_MonthYear' is: 'September 2231'&#xD;
&#xD;
2019-11-01 02:44:52 - [MESSAGE][PASSED] - Object: 'Object Repository/Pages/Sale/calender_NextButton' is clicked on&#xD;
&#xD;
2019-11-01 02:44:52 - [MESSAGE][PASSED] - Text of object 'Object Repository/Pages/Sale/link_MonthYear' is: 'October 2231'&#xD;
&#xD;
2019-11-01 02:44:52 - [MESSAGE][PASSED] - Object: 'Object Repository/Pages/Sale/calender_NextButton' is clicked on&#xD;
&#xD;
2019-11-01 02:44:52 - [MESSAGE][PASSED] - Text of object 'Object Repository/Pages/Sale/link_MonthYear' is: 'November 2231'&#xD;
&#xD;
2019-11-01 02:44:52 - [MESSAGE][PASSED] - Object: 'Object Repository/Pages/Sale/calender_NextButton' is clicked on&#xD;
&#xD;
2019-11-01 02:44:52 - [MESSAGE][PASSED] - Text of object 'Object Repository/Pages/Sale/link_MonthYear' is: 'December 2231'&#xD;
&#xD;
2019-11-01 02:44:53 - [MESSAGE][PASSED] - Object: 'Object Repository/Pages/Sale/calender_NextButton' is clicked on&#xD;
&#xD;
2019-11-01 02:44:53 - [MESSAGE][PASSED] - Text of object 'Object Repository/Pages/Sale/link_MonthYear' is: 'January 2232'&#xD;
&#xD;
2019-11-01 02:44:53 - [MESSAGE][PASSED] - Object: 'Object Repository/Pages/Sale/calender_NextButton' is clicked on&#xD;
&#xD;
2019-11-01 02:44:53 - [MESSAGE][PASSED] - Text of object 'Object Repository/Pages/Sale/link_MonthYear' is: 'February 2232'&#xD;
&#xD;
2019-11-01 02:44:53 - [MESSAGE][PASSED] - Object: 'Object Repository/Pages/Sale/calender_NextButton' is clicked on&#xD;
&#xD;
2019-11-01 02:44:53 - [MESSAGE][PASSED] - Text of object 'Object Repository/Pages/Sale/link_MonthYear' is: 'March 2232'&#xD;
&#xD;
2019-11-01 02:44:54 - [MESSAGE][PASSED] - Object: 'Object Repository/Pages/Sale/calender_NextButton' is clicked on&#xD;
&#xD;
2019-11-01 02:44:54 - [MESSAGE][PASSED] - Text of object 'Object Repository/Pages/Sale/link_MonthYear' is: 'April 2232'&#xD;
&#xD;
2019-11-01 02:44:54 - [MESSAGE][PASSED] - Object: 'Object Repository/Pages/Sale/calender_NextButton' is clicked on&#xD;
&#xD;
2019-11-01 02:44:54 - [MESSAGE][PASSED] - Text of object 'Object Repository/Pages/Sale/link_MonthYear' is: 'May 2232'&#xD;
&#xD;
2019-11-01 02:44:54 - [MESSAGE][PASSED] - Object: 'Object Repository/Pages/Sale/calender_NextButton' is clicked on&#xD;
&#xD;
2019-11-01 02:44:54 - [MESSAGE][PASSED] - Text of object 'Object Repository/Pages/Sale/link_MonthYear' is: 'June 2232'&#xD;
&#xD;
2019-11-01 02:44:54 - [MESSAGE][PASSED] - Object: 'Object Repository/Pages/Sale/calender_NextButton' is clicked on&#xD;
&#xD;
2019-11-01 02:44:54 - [MESSAGE][PASSED] - Text of object 'Object Repository/Pages/Sale/link_MonthYear' is: 'July 2232'&#xD;
&#xD;
2019-11-01 02:44:55 - [MESSAGE][PASSED] - Object: 'Object Repository/Pages/Sale/calender_NextButton' is clicked on&#xD;
&#xD;
2019-11-01 02:44:55 - [MESSAGE][PASSED] - Text of object 'Object Repository/Pages/Sale/link_MonthYear' is: 'August 2232'&#xD;
&#xD;
2019-11-01 02:44:55 - [MESSAGE][PASSED] - Object: 'Object Repository/Pages/Sale/calender_NextButton' is clicked on&#xD;
&#xD;
2019-11-01 02:44:55 - [MESSAGE][PASSED] - Text of object 'Object Repository/Pages/Sale/link_MonthYear' is: 'September 2232'&#xD;
&#xD;
2019-11-01 02:44:55 - [MESSAGE][PASSED] - Object: 'Object Repository/Pages/Sale/calender_NextButton' is clicked on&#xD;
&#xD;
2019-11-01 02:44:55 - [MESSAGE][PASSED] - Text of object 'Object Repository/Pages/Sale/link_MonthYear' is: 'October 2232'&#xD;
&#xD;
2019-11-01 02:44:56 - [MESSAGE][PASSED] - Object: 'Object Repository/Pages/Sale/calender_NextButton' is clicked on&#xD;
&#xD;
2019-11-01 02:44:56 - [MESSAGE][PASSED] - Text of object 'Object Repository/Pages/Sale/link_MonthYear' is: 'November 2232'&#xD;
&#xD;
2019-11-01 02:44:56 - [MESSAGE][PASSED] - Object: 'Object Repository/Pages/Sale/calender_NextButton' is clicked on&#xD;
&#xD;
2019-11-01 02:44:56 - [MESSAGE][PASSED] - Text of object 'Object Repository/Pages/Sale/link_MonthYear' is: 'December 2232'&#xD;
&#xD;
2019-11-01 02:44:56 - [MESSAGE][PASSED] - Object: 'Object Repository/Pages/Sale/calender_NextButton' is clicked on&#xD;
&#xD;
2019-11-01 02:44:56 - [MESSAGE][PASSED] - Text of object 'Object Repository/Pages/Sale/link_MonthYear' is: 'January 2233'&#xD;
&#xD;
2019-11-01 02:44:57 - [MESSAGE][PASSED] - Object: 'Object Repository/Pages/Sale/calender_NextButton' is clicked on&#xD;
&#xD;
2019-11-01 02:44:57 - [MESSAGE][PASSED] - Text of object 'Object Repository/Pages/Sale/link_MonthYear' is: 'February 2233'&#xD;
&#xD;
2019-11-01 02:44:57 - [MESSAGE][PASSED] - Object: 'Object Repository/Pages/Sale/calender_NextButton' is clicked on&#xD;
&#xD;
2019-11-01 02:44:57 - [MESSAGE][PASSED] - Text of object 'Object Repository/Pages/Sale/link_MonthYear' is: 'March 2233'&#xD;
&#xD;
2019-11-01 02:44:57 - [MESSAGE][PASSED] - Object: 'Object Repository/Pages/Sale/calender_NextButton' is clicked on&#xD;
&#xD;
2019-11-01 02:44:57 - [MESSAGE][PASSED] - Text of object 'Object Repository/Pages/Sale/link_MonthYear' is: 'April 2233'&#xD;
&#xD;
2019-11-01 02:44:58 - [MESSAGE][PASSED] - Object: 'Object Repository/Pages/Sale/calender_NextButton' is clicked on&#xD;
&#xD;
2019-11-01 02:44:58 - [MESSAGE][PASSED] - Text of object 'Object Repository/Pages/Sale/link_MonthYear' is: 'May 2233'&#xD;
&#xD;
2019-11-01 02:44:58 - [MESSAGE][PASSED] - Object: 'Object Repository/Pages/Sale/calender_NextButton' is clicked on&#xD;
&#xD;
2019-11-01 02:44:58 - [MESSAGE][PASSED] - Text of object 'Object Repository/Pages/Sale/link_MonthYear' is: 'June 2233'&#xD;
&#xD;
2019-11-01 02:44:58 - [MESSAGE][PASSED] - Object: 'Object Repository/Pages/Sale/calender_NextButton' is clicked on&#xD;
&#xD;
2019-11-01 02:44:58 - [MESSAGE][PASSED] - Text of object 'Object Repository/Pages/Sale/link_MonthYear' is: 'July 2233'&#xD;
&#xD;
2019-11-01 02:44:59 - [MESSAGE][PASSED] - Object: 'Object Repository/Pages/Sale/calender_NextButton' is clicked on&#xD;
&#xD;
2019-11-01 02:44:59 - [MESSAGE][PASSED] - Text of object 'Object Repository/Pages/Sale/link_MonthYear' is: 'August 2233'&#xD;
&#xD;
2019-11-01 02:44:59 - [MESSAGE][PASSED] - Object: 'Object Repository/Pages/Sale/calender_NextButton' is clicked on&#xD;
&#xD;
2019-11-01 02:44:59 - [MESSAGE][PASSED] - Text of object 'Object Repository/Pages/Sale/link_MonthYear' is: 'September 2233'&#xD;
&#xD;
2019-11-01 02:44:59 - [MESSAGE][PASSED] - Object: 'Object Repository/Pages/Sale/calender_NextButton' is clicked on&#xD;
&#xD;
2019-11-01 02:44:59 - [MESSAGE][PASSED] - Text of object 'Object Repository/Pages/Sale/link_MonthYear' is: 'October 2233'&#xD;
&#xD;
2019-11-01 02:45:00 - [MESSAGE][PASSED] - Object: 'Object Repository/Pages/Sale/calender_NextButton' is clicked on&#xD;
&#xD;
2019-11-01 02:45:00 - [MESSAGE][PASSED] - Text of object 'Object Repository/Pages/Sale/link_MonthYear' is: 'November 2233'&#xD;
&#xD;
2019-11-01 02:45:00 - [MESSAGE][PASSED] - Object: 'Object Repository/Pages/Sale/calender_NextButton' is clicked on&#xD;
&#xD;
2019-11-01 02:45:00 - [MESSAGE][PASSED] - Text of object 'Object Repository/Pages/Sale/link_MonthYear' is: 'December 2233'&#xD;
&#xD;
2019-11-01 02:45:00 - [MESSAGE][PASSED] - Object: 'Object Repository/Pages/Sale/calender_NextButton' is clicked on&#xD;
&#xD;
2019-11-01 02:45:00 - [MESSAGE][PASSED] - Text of object 'Object Repository/Pages/Sale/link_MonthYear' is: 'January 2234'&#xD;
&#xD;
2019-11-01 02:45:01 - [MESSAGE][PASSED] - Object: 'Object Repository/Pages/Sale/calender_NextButton' is clicked on&#xD;
&#xD;
2019-11-01 02:45:01 - [MESSAGE][PASSED] - Text of object 'Object Repository/Pages/Sale/link_MonthYear' is: 'February 2234'&#xD;
&#xD;
2019-11-01 02:45:01 - [MESSAGE][PASSED] - Object: 'Object Repository/Pages/Sale/calender_NextButton' is clicked on&#xD;
&#xD;
2019-11-01 02:45:01 - [MESSAGE][PASSED] - Text of object 'Object Repository/Pages/Sale/link_MonthYear' is: 'March 2234'&#xD;
&#xD;
2019-11-01 02:45:01 - [MESSAGE][PASSED] - Object: 'Object Repository/Pages/Sale/calender_NextButton' is clicked on&#xD;
&#xD;
2019-11-01 02:45:01 - [MESSAGE][PASSED] - Text of object 'Object Repository/Pages/Sale/link_MonthYear' is: 'April 2234'&#xD;
&#xD;
2019-11-01 02:45:02 - [MESSAGE][PASSED] - Object: 'Object Repository/Pages/Sale/calender_NextButton' is clicked on&#xD;
&#xD;
2019-11-01 02:45:02 - [MESSAGE][PASSED] - Text of object 'Object Repository/Pages/Sale/link_MonthYear' is: 'May 2234'&#xD;
&#xD;
2019-11-01 02:45:02 - [MESSAGE][PASSED] - Object: 'Object Repository/Pages/Sale/calender_NextButton' is clicked on&#xD;
&#xD;
2019-11-01 02:45:02 - [MESSAGE][PASSED] - Text of object 'Object Repository/Pages/Sale/link_MonthYear' is: 'June 2234'&#xD;
&#xD;
2019-11-01 02:45:02 - [MESSAGE][PASSED] - Object: 'Object Repository/Pages/Sale/calender_NextButton' is clicked on&#xD;
&#xD;
2019-11-01 02:45:02 - [MESSAGE][PASSED] - Text of object 'Object Repository/Pages/Sale/link_MonthYear' is: 'July 2234'&#xD;
&#xD;
2019-11-01 02:45:02 - [MESSAGE][PASSED] - Object: 'Object Repository/Pages/Sale/calender_NextButton' is clicked on&#xD;
&#xD;
2019-11-01 02:45:02 - [MESSAGE][PASSED] - Text of object 'Object Repository/Pages/Sale/link_MonthYear' is: 'August 2234'&#xD;
&#xD;
2019-11-01 02:45:03 - [MESSAGE][PASSED] - Object: 'Object Repository/Pages/Sale/calender_NextButton' is clicked on&#xD;
&#xD;
2019-11-01 02:45:03 - [MESSAGE][PASSED] - Text of object 'Object Repository/Pages/Sale/link_MonthYear' is: 'September 2234'&#xD;
&#xD;
2019-11-01 02:45:03 - [MESSAGE][PASSED] - Object: 'Object Repository/Pages/Sale/calender_NextButton' is clicked on&#xD;
&#xD;
2019-11-01 02:45:03 - [MESSAGE][PASSED] - Text of object 'Object Repository/Pages/Sale/link_MonthYear' is: 'October 2234'&#xD;
&#xD;
2019-11-01 02:45:04 - [MESSAGE][PASSED] - Object: 'Object Repository/Pages/Sale/calender_NextButton' is clicked on&#xD;
&#xD;
2019-11-01 02:45:04 - [MESSAGE][PASSED] - Text of object 'Object Repository/Pages/Sale/link_MonthYear' is: 'November 2234'&#xD;
&#xD;
2019-11-01 02:45:04 - [MESSAGE][PASSED] - Object: 'Object Repository/Pages/Sale/calender_NextButton' is clicked on&#xD;
&#xD;
2019-11-01 02:45:04 - [MESSAGE][PASSED] - Text of object 'Object Repository/Pages/Sale/link_MonthYear' is: 'December 2234'&#xD;
&#xD;
2019-11-01 02:45:04 - [MESSAGE][PASSED] - Object: 'Object Repository/Pages/Sale/calender_NextButton' is clicked on&#xD;
&#xD;
2019-11-01 02:45:04 - [MESSAGE][PASSED] - Text of object 'Object Repository/Pages/Sale/link_MonthYear' is: 'January 2235'&#xD;
&#xD;
2019-11-01 02:45:05 - [MESSAGE][PASSED] - Object: 'Object Repository/Pages/Sale/calender_NextButton' is clicked on&#xD;
&#xD;
2019-11-01 02:45:05 - [MESSAGE][PASSED] - Text of object 'Object Repository/Pages/Sale/link_MonthYear' is: 'February 2235'&#xD;
&#xD;
2019-11-01 02:45:05 - [MESSAGE][PASSED] - Object: 'Object Repository/Pages/Sale/calender_NextButton' is clicked on&#xD;
&#xD;
2019-11-01 02:45:05 - [MESSAGE][PASSED] - Text of object 'Object Repository/Pages/Sale/link_MonthYear' is: 'March 2235'&#xD;
&#xD;
2019-11-01 02:45:05 - [MESSAGE][PASSED] - Object: 'Object Repository/Pages/Sale/calender_NextButton' is clicked on&#xD;
&#xD;
2019-11-01 02:45:05 - [MESSAGE][PASSED] - Text of object 'Object Repository/Pages/Sale/link_MonthYear' is: 'April 2235'&#xD;
&#xD;
2019-11-01 02:45:05 - [MESSAGE][PASSED] - Object: 'Object Repository/Pages/Sale/calender_NextButton' is clicked on&#xD;
&#xD;
2019-11-01 02:45:05 - [MESSAGE][PASSED] - Text of object 'Object Repository/Pages/Sale/link_MonthYear' is: 'May 2235'&#xD;
&#xD;
2019-11-01 02:45:06 - [MESSAGE][PASSED] - Object: 'Object Repository/Pages/Sale/calender_NextButton' is clicked on&#xD;
&#xD;
2019-11-01 02:45:06 - [MESSAGE][PASSED] - Text of object 'Object Repository/Pages/Sale/link_MonthYear' is: 'June 2235'&#xD;
&#xD;
2019-11-01 02:45:06 - [MESSAGE][PASSED] - Object: 'Object Repository/Pages/Sale/calender_NextButton' is clicked on&#xD;
&#xD;
2019-11-01 02:45:06 - [MESSAGE][PASSED] - Text of object 'Object Repository/Pages/Sale/link_MonthYear' is: 'July 2235'&#xD;
&#xD;
2019-11-01 02:45:06 - [MESSAGE][PASSED] - Object: 'Object Repository/Pages/Sale/calender_NextButton' is clicked on&#xD;
&#xD;
2019-11-01 02:45:06 - [MESSAGE][PASSED] - Text of object 'Object Repository/Pages/Sale/link_MonthYear' is: 'August 2235'&#xD;
&#xD;
2019-11-01 02:45:07 - [MESSAGE][PASSED] - Object: 'Object Repository/Pages/Sale/calender_NextButton' is clicked on&#xD;
&#xD;
2019-11-01 02:45:07 - [MESSAGE][PASSED] - Text of object 'Object Repository/Pages/Sale/link_MonthYear' is: 'September 2235'&#xD;
&#xD;
2019-11-01 02:45:07 - [MESSAGE][PASSED] - Object: 'Object Repository/Pages/Sale/calender_NextButton' is clicked on&#xD;
&#xD;
2019-11-01 02:45:07 - [MESSAGE][PASSED] - Text of object 'Object Repository/Pages/Sale/link_MonthYear' is: 'October 2235'&#xD;
&#xD;
2019-11-01 02:45:07 - [MESSAGE][PASSED] - Object: 'Object Repository/Pages/Sale/calender_NextButton' is clicked on&#xD;
&#xD;
2019-11-01 02:45:07 - [MESSAGE][PASSED] - Text of object 'Object Repository/Pages/Sale/link_MonthYear' is: 'November 2235'&#xD;
&#xD;
2019-11-01 02:45:07 - [MESSAGE][PASSED] - Object: 'Object Repository/Pages/Sale/calender_NextButton' is clicked on&#xD;
&#xD;
2019-11-01 02:45:07 - [MESSAGE][PASSED] - Text of object 'Object Repository/Pages/Sale/link_MonthYear' is: 'December 2235'&#xD;
&#xD;
2019-11-01 02:45:08 - [MESSAGE][PASSED] - Object: 'Object Repository/Pages/Sale/calender_NextButton' is clicked on&#xD;
&#xD;
2019-11-01 02:45:08 - [MESSAGE][PASSED] - Text of object 'Object Repository/Pages/Sale/link_MonthYear' is: 'January 2236'&#xD;
&#xD;
2019-11-01 02:45:08 - [MESSAGE][PASSED] - Object: 'Object Repository/Pages/Sale/calender_NextButton' is clicked on&#xD;
&#xD;
2019-11-01 02:45:08 - [MESSAGE][PASSED] - Text of object 'Object Repository/Pages/Sale/link_MonthYear' is: 'February 2236'&#xD;
&#xD;
2019-11-01 02:45:08 - [MESSAGE][PASSED] - Object: 'Object Repository/Pages/Sale/calender_NextButton' is clicked on&#xD;
&#xD;
2019-11-01 02:45:08 - [MESSAGE][PASSED] - Text of object 'Object Repository/Pages/Sale/link_MonthYear' is: 'March 2236'&#xD;
&#xD;
2019-11-01 02:45:09 - [MESSAGE][PASSED] - Object: 'Object Repository/Pages/Sale/calender_NextButton' is clicked on&#xD;
&#xD;
2019-11-01 02:45:09 - [MESSAGE][PASSED] - Text of object 'Object Repository/Pages/Sale/link_MonthYear' is: 'April 2236'&#xD;
&#xD;
2019-11-01 02:45:09 - [MESSAGE][PASSED] - Object: 'Object Repository/Pages/Sale/calender_NextButton' is clicked on&#xD;
&#xD;
2019-11-01 02:45:09 - [MESSAGE][PASSED] - Text of object 'Object Repository/Pages/Sale/link_MonthYear' is: 'May 2236'&#xD;
&#xD;
2019-11-01 02:45:09 - [MESSAGE][PASSED] - Object: 'Object Repository/Pages/Sale/calender_NextButton' is clicked on&#xD;
&#xD;
2019-11-01 02:45:09 - [MESSAGE][PASSED] - Text of object 'Object Repository/Pages/Sale/link_MonthYear' is: 'June 2236'&#xD;
&#xD;
2019-11-01 02:45:10 - [MESSAGE][PASSED] - Object: 'Object Repository/Pages/Sale/calender_NextButton' is clicked on&#xD;
&#xD;
2019-11-01 02:45:10 - [MESSAGE][PASSED] - Text of object 'Object Repository/Pages/Sale/link_MonthYear' is: 'July 2236'&#xD;
&#xD;
2019-11-01 02:45:10 - [MESSAGE][PASSED] - Object: 'Object Repository/Pages/Sale/calender_NextButton' is clicked on&#xD;
&#xD;
2019-11-01 02:45:10 - [MESSAGE][PASSED] - Text of object 'Object Repository/Pages/Sale/link_MonthYear' is: 'August 2236'&#xD;
&#xD;
2019-11-01 02:45:10 - [MESSAGE][PASSED] - Object: 'Object Repository/Pages/Sale/calender_NextButton' is clicked on&#xD;
&#xD;
2019-11-01 02:45:10 - [MESSAGE][PASSED] - Text of object 'Object Repository/Pages/Sale/link_MonthYear' is: 'September 2236'&#xD;
&#xD;
2019-11-01 02:45:10 - [MESSAGE][PASSED] - Object: 'Object Repository/Pages/Sale/calender_NextButton' is clicked on&#xD;
&#xD;
2019-11-01 02:45:10 - [MESSAGE][PASSED] - Text of object 'Object Repository/Pages/Sale/link_MonthYear' is: 'October 2236'&#xD;
&#xD;
2019-11-01 02:45:11 - [MESSAGE][PASSED] - Object: 'Object Repository/Pages/Sale/calender_NextButton' is clicked on&#xD;
&#xD;
2019-11-01 02:45:11 - [MESSAGE][PASSED] - Text of object 'Object Repository/Pages/Sale/link_MonthYear' is: 'November 2236'&#xD;
&#xD;
2019-11-01 02:45:11 - [MESSAGE][PASSED] - Object: 'Object Repository/Pages/Sale/calender_NextButton' is clicked on&#xD;
&#xD;
2019-11-01 02:45:11 - [MESSAGE][PASSED] - Text of object 'Object Repository/Pages/Sale/link_MonthYear' is: 'December 2236'&#xD;
&#xD;
2019-11-01 02:45:11 - [MESSAGE][PASSED] - Object: 'Object Repository/Pages/Sale/calender_NextButton' is clicked on&#xD;
&#xD;
2019-11-01 02:45:11 - [MESSAGE][PASSED] - Text of object 'Object Repository/Pages/Sale/link_MonthYear' is: 'January 2237'&#xD;
&#xD;
2019-11-01 02:45:12 - [MESSAGE][PASSED] - Object: 'Object Repository/Pages/Sale/calender_NextButton' is clicked on&#xD;
&#xD;
2019-11-01 02:45:12 - [MESSAGE][PASSED] - Text of object 'Object Repository/Pages/Sale/link_MonthYear' is: 'February 2237'&#xD;
&#xD;
2019-11-01 02:45:12 - [MESSAGE][PASSED] - Object: 'Object Repository/Pages/Sale/calender_NextButton' is clicked on&#xD;
&#xD;
2019-11-01 02:45:12 - [MESSAGE][PASSED] - Text of object 'Object Repository/Pages/Sale/link_MonthYear' is: 'March 2237'&#xD;
&#xD;
2019-11-01 02:45:12 - [MESSAGE][PASSED] - Object: 'Object Repository/Pages/Sale/calender_NextButton' is clicked on&#xD;
&#xD;
2019-11-01 02:45:12 - [MESSAGE][PASSED] - Text of object 'Object Repository/Pages/Sale/link_MonthYear' is: 'April 2237'&#xD;
&#xD;
2019-11-01 02:45:12 - [MESSAGE][PASSED] - Object: 'Object Repository/Pages/Sale/calender_NextButton' is clicked on&#xD;
&#xD;
2019-11-01 02:45:12 - [MESSAGE][PASSED] - Text of object 'Object Repository/Pages/Sale/link_MonthYear' is: 'May 2237'&#xD;
&#xD;
2019-11-01 02:45:13 - [MESSAGE][PASSED] - Object: 'Object Repository/Pages/Sale/calender_NextButton' is clicked on&#xD;
&#xD;
2019-11-01 02:45:13 - [MESSAGE][PASSED] - Text of object 'Object Repository/Pages/Sale/link_MonthYear' is: 'June 2237'&#xD;
&#xD;
2019-11-01 02:45:13 - [MESSAGE][PASSED] - Object: 'Object Repository/Pages/Sale/calender_NextButton' is clicked on&#xD;
&#xD;
2019-11-01 02:45:13 - [MESSAGE][PASSED] - Text of object 'Object Repository/Pages/Sale/link_MonthYear' is: 'July 2237'&#xD;
&#xD;
2019-11-01 02:45:13 - [MESSAGE][PASSED] - Object: 'Object Repository/Pages/Sale/calender_NextButton' is clicked on&#xD;
&#xD;
2019-11-01 02:45:13 - [MESSAGE][PASSED] - Text of object 'Object Repository/Pages/Sale/link_MonthYear' is: 'August 2237'&#xD;
&#xD;
2019-11-01 02:45:14 - [MESSAGE][PASSED] - Object: 'Object Repository/Pages/Sale/calender_NextButton' is clicked on&#xD;
&#xD;
2019-11-01 02:45:14 - [MESSAGE][PASSED] - Text of object 'Object Repository/Pages/Sale/link_MonthYear' is: 'September 2237'&#xD;
&#xD;
2019-11-01 02:45:14 - [MESSAGE][PASSED] - Object: 'Object Repository/Pages/Sale/calender_NextButton' is clicked on&#xD;
&#xD;
2019-11-01 02:45:14 - [MESSAGE][PASSED] - Text of object 'Object Repository/Pages/Sale/link_MonthYear' is: 'October 2237'&#xD;
&#xD;
2019-11-01 02:45:14 - [MESSAGE][PASSED] - Object: 'Object Repository/Pages/Sale/calender_NextButton' is clicked on&#xD;
&#xD;
2019-11-01 02:45:14 - [MESSAGE][PASSED] - Text of object 'Object Repository/Pages/Sale/link_MonthYear' is: 'November 2237'&#xD;
&#xD;
2019-11-01 02:45:15 - [MESSAGE][PASSED] - Object: 'Object Repository/Pages/Sale/calender_NextButton' is clicked on&#xD;
&#xD;
2019-11-01 02:45:15 - [MESSAGE][PASSED] - Text of object 'Object Repository/Pages/Sale/link_MonthYear' is: 'December 2237'&#xD;
&#xD;
2019-11-01 02:45:15 - [MESSAGE][PASSED] - Object: 'Object Repository/Pages/Sale/calender_NextButton' is clicked on&#xD;
&#xD;
2019-11-01 02:45:15 - [MESSAGE][PASSED] - Text of object 'Object Repository/Pages/Sale/link_MonthYear' is: 'January 2238'&#xD;
&#xD;
2019-11-01 02:45:15 - [MESSAGE][PASSED] - Object: 'Object Repository/Pages/Sale/calender_NextButton' is clicked on&#xD;
&#xD;
2019-11-01 02:45:15 - [MESSAGE][PASSED] - Text of object 'Object Repository/Pages/Sale/link_MonthYear' is: 'February 2238'&#xD;
&#xD;
2019-11-01 02:45:15 - [MESSAGE][PASSED] - Object: 'Object Repository/Pages/Sale/calender_NextButton' is clicked on&#xD;
&#xD;
2019-11-01 02:45:15 - [MESSAGE][PASSED] - Text of object 'Object Repository/Pages/Sale/link_MonthYear' is: 'March 2238'&#xD;
&#xD;
2019-11-01 02:45:16 - [MESSAGE][PASSED] - Object: 'Object Repository/Pages/Sale/calender_NextButton' is clicked on&#xD;
&#xD;
2019-11-01 02:45:16 - [MESSAGE][PASSED] - Text of object 'Object Repository/Pages/Sale/link_MonthYear' is: 'April 2238'&#xD;
&#xD;
2019-11-01 02:45:16 - [MESSAGE][PASSED] - Object: 'Object Repository/Pages/Sale/calender_NextButton' is clicked on&#xD;
&#xD;
2019-11-01 02:45:16 - [MESSAGE][PASSED] - Text of object 'Object Repository/Pages/Sale/link_MonthYear' is: 'May 2238'&#xD;
&#xD;
2019-11-01 02:45:16 - [MESSAGE][PASSED] - Object: 'Object Repository/Pages/Sale/calender_NextButton' is clicked on&#xD;
&#xD;
2019-11-01 02:45:16 - [MESSAGE][PASSED] - Text of object 'Object Repository/Pages/Sale/link_MonthYear' is: 'June 2238'&#xD;
&#xD;
2019-11-01 02:45:17 - [MESSAGE][PASSED] - Object: 'Object Repository/Pages/Sale/calender_NextButton' is clicked on&#xD;
&#xD;
2019-11-01 02:45:17 - [MESSAGE][PASSED] - Text of object 'Object Repository/Pages/Sale/link_MonthYear' is: 'July 2238'&#xD;
&#xD;
2019-11-01 02:45:17 - [MESSAGE][PASSED] - Object: 'Object Repository/Pages/Sale/calender_NextButton' is clicked on&#xD;
&#xD;
2019-11-01 02:45:17 - [MESSAGE][PASSED] - Text of object 'Object Repository/Pages/Sale/link_MonthYear' is: 'August 2238'&#xD;
&#xD;
2019-11-01 02:45:17 - [MESSAGE][PASSED] - Object: 'Object Repository/Pages/Sale/calender_NextButton' is clicked on&#xD;
&#xD;
2019-11-01 02:45:17 - [MESSAGE][PASSED] - Text of object 'Object Repository/Pages/Sale/link_MonthYear' is: 'September 2238'&#xD;
&#xD;
2019-11-01 02:45:18 - [MESSAGE][PASSED] - Object: 'Object Repository/Pages/Sale/calender_NextButton' is clicked on&#xD;
&#xD;
2019-11-01 02:45:18 - [MESSAGE][PASSED] - Text of object 'Object Repository/Pages/Sale/link_MonthYear' is: 'October 2238'&#xD;
&#xD;
2019-11-01 02:45:18 - [MESSAGE][PASSED] - Object: 'Object Repository/Pages/Sale/calender_NextButton' is clicked on&#xD;
&#xD;
2019-11-01 02:45:18 - [MESSAGE][PASSED] - Text of object 'Object Repository/Pages/Sale/link_MonthYear' is: 'November 2238'&#xD;
&#xD;
2019-11-01 02:45:18 - [MESSAGE][PASSED] - Object: 'Object Repository/Pages/Sale/calender_NextButton' is clicked on&#xD;
&#xD;
2019-11-01 02:45:18 - [MESSAGE][PASSED] - Text of object 'Object Repository/Pages/Sale/link_MonthYear' is: 'December 2238'&#xD;
&#xD;
2019-11-01 02:45:19 - [MESSAGE][PASSED] - Object: 'Object Repository/Pages/Sale/calender_NextButton' is clicked on&#xD;
&#xD;
2019-11-01 02:45:19 - [MESSAGE][PASSED] - Text of object 'Object Repository/Pages/Sale/link_MonthYear' is: 'January 2239'&#xD;
&#xD;
2019-11-01 02:45:19 - [MESSAGE][PASSED] - Object: 'Object Repository/Pages/Sale/calender_NextButton' is clicked on&#xD;
&#xD;
2019-11-01 02:45:19 - [MESSAGE][PASSED] - Text of object 'Object Repository/Pages/Sale/link_MonthYear' is: 'February 2239'&#xD;
&#xD;
2019-11-01 02:45:19 - [MESSAGE][PASSED] - Object: 'Object Repository/Pages/Sale/calender_NextButton' is clicked on&#xD;
&#xD;
2019-11-01 02:45:19 - [MESSAGE][PASSED] - Text of object 'Object Repository/Pages/Sale/link_MonthYear' is: 'March 2239'&#xD;
&#xD;
2019-11-01 02:45:20 - [MESSAGE][PASSED] - Object: 'Object Repository/Pages/Sale/calender_NextButton' is clicked on&#xD;
&#xD;
2019-11-01 02:45:20 - [MESSAGE][PASSED] - Text of object 'Object Repository/Pages/Sale/link_MonthYear' is: 'April 2239'&#xD;
&#xD;
2019-11-01 02:45:20 - [MESSAGE][PASSED] - Object: 'Object Repository/Pages/Sale/calender_NextButton' is clicked on&#xD;
&#xD;
2019-11-01 02:45:20 - [MESSAGE][PASSED] - Text of object 'Object Repository/Pages/Sale/link_MonthYear' is: 'May 2239'&#xD;
&#xD;
2019-11-01 02:45:20 - [MESSAGE][PASSED] - Object: 'Object Repository/Pages/Sale/calender_NextButton' is clicked on&#xD;
&#xD;
2019-11-01 02:45:20 - [MESSAGE][PASSED] - Text of object 'Object Repository/Pages/Sale/link_MonthYear' is: 'June 2239'&#xD;
&#xD;
2019-11-01 02:45:21 - [MESSAGE][PASSED] - Object: 'Object Repository/Pages/Sale/calender_NextButton' is clicked on&#xD;
&#xD;
2019-11-01 02:45:21 - [MESSAGE][PASSED] - Text of object 'Object Repository/Pages/Sale/link_MonthYear' is: 'July 2239'&#xD;
&#xD;
2019-11-01 02:45:21 - [MESSAGE][PASSED] - Object: 'Object Repository/Pages/Sale/calender_NextButton' is clicked on&#xD;
&#xD;
2019-11-01 02:45:21 - [MESSAGE][PASSED] - Text of object 'Object Repository/Pages/Sale/link_MonthYear' is: 'August 2239'&#xD;
&#xD;
2019-11-01 02:45:21 - [MESSAGE][PASSED] - Object: 'Object Repository/Pages/Sale/calender_NextButton' is clicked on&#xD;
&#xD;
2019-11-01 02:45:21 - [MESSAGE][PASSED] - Text of object 'Object Repository/Pages/Sale/link_MonthYear' is: 'September 2239'&#xD;
&#xD;
2019-11-01 02:45:22 - [MESSAGE][PASSED] - Object: 'Object Repository/Pages/Sale/calender_NextButton' is clicked on&#xD;
&#xD;
2019-11-01 02:45:22 - [MESSAGE][PASSED] - Text of object 'Object Repository/Pages/Sale/link_MonthYear' is: 'October 2239'&#xD;
&#xD;
2019-11-01 02:45:22 - [MESSAGE][PASSED] - Object: 'Object Repository/Pages/Sale/calender_NextButton' is clicked on&#xD;
&#xD;
2019-11-01 02:45:22 - [MESSAGE][PASSED] - Text of object 'Object Repository/Pages/Sale/link_MonthYear' is: 'November 2239'&#xD;
&#xD;
2019-11-01 02:45:22 - [MESSAGE][PASSED] - Object: 'Object Repository/Pages/Sale/calender_NextButton' is clicked on&#xD;
&#xD;
2019-11-01 02:45:22 - [MESSAGE][PASSED] - Text of object 'Object Repository/Pages/Sale/link_MonthYear' is: 'December 2239'&#xD;
&#xD;
2019-11-01 02:45:22 - [MESSAGE][PASSED] - Object: 'Object Repository/Pages/Sale/calender_NextButton' is clicked on&#xD;
&#xD;
2019-11-01 02:45:22 - [MESSAGE][PASSED] - Text of object 'Object Repository/Pages/Sale/link_MonthYear' is: 'January 2240'&#xD;
&#xD;
2019-11-01 02:45:23 - [MESSAGE][PASSED] - Object: 'Object Repository/Pages/Sale/calender_NextButton' is clicked on&#xD;
&#xD;
2019-11-01 02:45:23 - [MESSAGE][PASSED] - Text of object 'Object Repository/Pages/Sale/link_MonthYear' is: 'February 2240'&#xD;
&#xD;
2019-11-01 02:45:23 - [MESSAGE][PASSED] - Object: 'Object Repository/Pages/Sale/calender_NextButton' is clicked on&#xD;
&#xD;
2019-11-01 02:45:23 - [MESSAGE][PASSED] - Text of object 'Object Repository/Pages/Sale/link_MonthYear' is: 'March 2240'&#xD;
&#xD;
2019-11-01 02:45:23 - [MESSAGE][PASSED] - Object: 'Object Repository/Pages/Sale/calender_NextButton' is clicked on&#xD;
&#xD;
2019-11-01 02:45:23 - [MESSAGE][PASSED] - Text of object 'Object Repository/Pages/Sale/link_MonthYear' is: 'April 2240'&#xD;
&#xD;
2019-11-01 02:45:24 - [MESSAGE][PASSED] - Object: 'Object Repository/Pages/Sale/calender_NextButton' is clicked on&#xD;
&#xD;
2019-11-01 02:45:24 - [MESSAGE][PASSED] - Text of object 'Object Repository/Pages/Sale/link_MonthYear' is: 'May 2240'&#xD;
&#xD;
2019-11-01 02:45:24 - [MESSAGE][PASSED] - Object: 'Object Repository/Pages/Sale/calender_NextButton' is clicked on&#xD;
&#xD;
2019-11-01 02:45:24 - [MESSAGE][PASSED] - Text of object 'Object Repository/Pages/Sale/link_MonthYear' is: 'June 2240'&#xD;
&#xD;
2019-11-01 02:45:24 - [MESSAGE][PASSED] - Object: 'Object Repository/Pages/Sale/calender_NextButton' is clicked on&#xD;
&#xD;
2019-11-01 02:45:24 - [MESSAGE][PASSED] - Text of object 'Object Repository/Pages/Sale/link_MonthYear' is: 'July 2240'&#xD;
&#xD;
2019-11-01 02:45:24 - [MESSAGE][PASSED] - Object: 'Object Repository/Pages/Sale/calender_NextButton' is clicked on&#xD;
&#xD;
2019-11-01 02:45:24 - [MESSAGE][PASSED] - Text of object 'Object Repository/Pages/Sale/link_MonthYear' is: 'August 2240'&#xD;
&#xD;
2019-11-01 02:45:25 - [MESSAGE][PASSED] - Object: 'Object Repository/Pages/Sale/calender_NextButton' is clicked on&#xD;
&#xD;
2019-11-01 02:45:25 - [MESSAGE][PASSED] - Text of object 'Object Repository/Pages/Sale/link_MonthYear' is: 'September 2240'&#xD;
&#xD;
2019-11-01 02:45:25 - [MESSAGE][PASSED] - Object: 'Object Repository/Pages/Sale/calender_NextButton' is clicked on&#xD;
&#xD;
2019-11-01 02:45:25 - [MESSAGE][PASSED] - Text of object 'Object Repository/Pages/Sale/link_MonthYear' is: 'October 2240'&#xD;
&#xD;
2019-11-01 02:45:25 - [MESSAGE][PASSED] - Object: 'Object Repository/Pages/Sale/calender_NextButton' is clicked on&#xD;
&#xD;
2019-11-01 02:45:25 - [MESSAGE][PASSED] - Text of object 'Object Repository/Pages/Sale/link_MonthYear' is: 'November 2240'&#xD;
&#xD;
2019-11-01 02:45:26 - [MESSAGE][PASSED] - Object: 'Object Repository/Pages/Sale/calender_NextButton' is clicked on&#xD;
&#xD;
2019-11-01 02:45:26 - [MESSAGE][PASSED] - Text of object 'Object Repository/Pages/Sale/link_MonthYear' is: 'December 2240'&#xD;
&#xD;
2019-11-01 02:45:27 - [MESSAGE][PASSED] - Object: 'Object Repository/Pages/Sale/calender_NextButton' is clicked on&#xD;
&#xD;
2019-11-01 02:45:27 - [MESSAGE][PASSED] - Text of object 'Object Repository/Pages/Sale/link_MonthYear' is: 'January 2241'&#xD;
&#xD;
2019-11-01 02:45:27 - [MESSAGE][PASSED] - Object: 'Object Repository/Pages/Sale/calender_NextButton' is clicked on&#xD;
&#xD;
2019-11-01 02:45:27 - [MESSAGE][PASSED] - Text of object 'Object Repository/Pages/Sale/link_MonthYear' is: 'February 2241'&#xD;
&#xD;
2019-11-01 02:45:27 - [MESSAGE][PASSED] - Object: 'Object Repository/Pages/Sale/calender_NextButton' is clicked on&#xD;
&#xD;
2019-11-01 02:45:27 - [MESSAGE][PASSED] - Text of object 'Object Repository/Pages/Sale/link_MonthYear' is: 'March 2241'&#xD;
&#xD;
2019-11-01 02:45:28 - [MESSAGE][PASSED] - Object: 'Object Repository/Pages/Sale/calender_NextButton' is clicked on&#xD;
&#xD;
2019-11-01 02:45:28 - [MESSAGE][PASSED] - Text of object 'Object Repository/Pages/Sale/link_MonthYear' is: 'April 2241'&#xD;
&#xD;
2019-11-01 02:45:28 - [MESSAGE][PASSED] - Object: 'Object Repository/Pages/Sale/calender_NextButton' is clicked on&#xD;
&#xD;
2019-11-01 02:45:28 - [MESSAGE][PASSED] - Text of object 'Object Repository/Pages/Sale/link_MonthYear' is: 'May 2241'&#xD;
&#xD;
2019-11-01 02:45:28 - [MESSAGE][PASSED] - Object: 'Object Repository/Pages/Sale/calender_NextButton' is clicked on&#xD;
&#xD;
2019-11-01 02:45:28 - [MESSAGE][PASSED] - Text of object 'Object Repository/Pages/Sale/link_MonthYear' is: 'June 2241'&#xD;
&#xD;
2019-11-01 02:45:29 - [MESSAGE][PASSED] - Object: 'Object Repository/Pages/Sale/calender_NextButton' is clicked on&#xD;
&#xD;
2019-11-01 02:45:29 - [MESSAGE][PASSED] - Text of object 'Object Repository/Pages/Sale/link_MonthYear' is: 'July 2241'&#xD;
&#xD;
2019-11-01 02:45:29 - [MESSAGE][PASSED] - Object: 'Object Repository/Pages/Sale/calender_NextButton' is clicked on&#xD;
&#xD;
2019-11-01 02:45:29 - [MESSAGE][PASSED] - Text of object 'Object Repository/Pages/Sale/link_MonthYear' is: 'August 2241'&#xD;
&#xD;
2019-11-01 02:45:30 - [MESSAGE][PASSED] - Object: 'Object Repository/Pages/Sale/calender_NextButton' is clicked on&#xD;
&#xD;
2019-11-01 02:45:30 - [MESSAGE][PASSED] - Text of object 'Object Repository/Pages/Sale/link_MonthYear' is: 'September 2241'&#xD;
&#xD;
2019-11-01 02:45:30 - [MESSAGE][PASSED] - Object: 'Object Repository/Pages/Sale/calender_NextButton' is clicked on&#xD;
&#xD;
2019-11-01 02:45:30 - [MESSAGE][PASSED] - Text of object 'Object Repository/Pages/Sale/link_MonthYear' is: 'October 2241'&#xD;
&#xD;
2019-11-01 02:45:30 - [MESSAGE][PASSED] - Object: 'Object Repository/Pages/Sale/calender_NextButton' is clicked on&#xD;
&#xD;
2019-11-01 02:45:30 - [MESSAGE][PASSED] - Text of object 'Object Repository/Pages/Sale/link_MonthYear' is: 'November 2241'&#xD;
&#xD;
2019-11-01 02:45:31 - [MESSAGE][PASSED] - Object: 'Object Repository/Pages/Sale/calender_NextButton' is clicked on&#xD;
&#xD;
2019-11-01 02:45:31 - [MESSAGE][PASSED] - Text of object 'Object Repository/Pages/Sale/link_MonthYear' is: 'December 2241'&#xD;
&#xD;
2019-11-01 02:45:31 - [MESSAGE][PASSED] - Object: 'Object Repository/Pages/Sale/calender_NextButton' is clicked on&#xD;
&#xD;
2019-11-01 02:45:31 - [MESSAGE][PASSED] - Text of object 'Object Repository/Pages/Sale/link_MonthYear' is: 'January 2242'&#xD;
&#xD;
2019-11-01 02:45:31 - [MESSAGE][PASSED] - Object: 'Object Repository/Pages/Sale/calender_NextButton' is clicked on&#xD;
&#xD;
2019-11-01 02:45:31 - [MESSAGE][PASSED] - Text of object 'Object Repository/Pages/Sale/link_MonthYear' is: 'February 2242'&#xD;
&#xD;
2019-11-01 02:45:32 - [MESSAGE][PASSED] - Object: 'Object Repository/Pages/Sale/calender_NextButton' is clicked on&#xD;
&#xD;
2019-11-01 02:45:32 - [MESSAGE][PASSED] - Text of object 'Object Repository/Pages/Sale/link_MonthYear' is: 'March 2242'&#xD;
&#xD;
2019-11-01 02:45:32 - [MESSAGE][PASSED] - Object: 'Object Repository/Pages/Sale/calender_NextButton' is clicked on&#xD;
&#xD;
2019-11-01 02:45:32 - [MESSAGE][PASSED] - Text of object 'Object Repository/Pages/Sale/link_MonthYear' is: 'April 2242'&#xD;
&#xD;
2019-11-01 02:45:32 - [MESSAGE][PASSED] - Object: 'Object Repository/Pages/Sale/calender_NextButton' is clicked on&#xD;
&#xD;
2019-11-01 02:45:32 - [MESSAGE][PASSED] - Text of object 'Object Repository/Pages/Sale/link_MonthYear' is: 'May 2242'&#xD;
&#xD;
2019-11-01 02:45:33 - [MESSAGE][PASSED] - Object: 'Object Repository/Pages/Sale/calender_NextButton' is clicked on&#xD;
&#xD;
2019-11-01 02:45:33 - [MESSAGE][PASSED] - Text of object 'Object Repository/Pages/Sale/link_MonthYear' is: 'June 2242'&#xD;
&#xD;
2019-11-01 02:45:33 - [MESSAGE][PASSED] - Object: 'Object Repository/Pages/Sale/calender_NextButton' is clicked on&#xD;
&#xD;
2019-11-01 02:45:33 - [MESSAGE][PASSED] - Text of object 'Object Repository/Pages/Sale/link_MonthYear' is: 'July 2242'&#xD;
&#xD;
2019-11-01 02:45:33 - [MESSAGE][PASSED] - Object: 'Object Repository/Pages/Sale/calender_NextButton' is clicked on&#xD;
&#xD;
2019-11-01 02:45:33 - [MESSAGE][PASSED] - Text of object 'Object Repository/Pages/Sale/link_MonthYear' is: 'August 2242'&#xD;
&#xD;
2019-11-01 02:45:34 - [MESSAGE][PASSED] - Object: 'Object Repository/Pages/Sale/calender_NextButton' is clicked on&#xD;
&#xD;
2019-11-01 02:45:34 - [MESSAGE][PASSED] - Text of object 'Object Repository/Pages/Sale/link_MonthYear' is: 'September 2242'&#xD;
&#xD;
2019-11-01 02:45:34 - [MESSAGE][PASSED] - Object: 'Object Repository/Pages/Sale/calender_NextButton' is clicked on&#xD;
&#xD;
2019-11-01 02:45:34 - [MESSAGE][PASSED] - Text of object 'Object Repository/Pages/Sale/link_MonthYear' is: 'October 2242'&#xD;
&#xD;
2019-11-01 02:45:34 - [MESSAGE][PASSED] - Object: 'Object Repository/Pages/Sale/calender_NextButton' is clicked on&#xD;
&#xD;
2019-11-01 02:45:34 - [MESSAGE][PASSED] - Text of object 'Object Repository/Pages/Sale/link_MonthYear' is: 'November 2242'&#xD;
&#xD;
2019-11-01 02:45:35 - [MESSAGE][PASSED] - Object: 'Object Repository/Pages/Sale/calender_NextButton' is clicked on&#xD;
&#xD;
2019-11-01 02:45:35 - [MESSAGE][PASSED] - Text of object 'Object Repository/Pages/Sale/link_MonthYear' is: 'December 2242'&#xD;
&#xD;
2019-11-01 02:45:35 - [MESSAGE][PASSED] - Object: 'Object Repository/Pages/Sale/calender_NextButton' is clicked on&#xD;
&#xD;
2019-11-01 02:45:35 - [MESSAGE][PASSED] - Text of object 'Object Repository/Pages/Sale/link_MonthYear' is: 'January 2243'&#xD;
&#xD;
2019-11-01 02:45:35 - [MESSAGE][PASSED] - Object: 'Object Repository/Pages/Sale/calender_NextButton' is clicked on&#xD;
&#xD;
2019-11-01 02:45:35 - [MESSAGE][PASSED] - Text of object 'Object Repository/Pages/Sale/link_MonthYear' is: 'February 2243'&#xD;
&#xD;
2019-11-01 02:45:36 - [MESSAGE][PASSED] - Object: 'Object Repository/Pages/Sale/calender_NextButton' is clicked on&#xD;
&#xD;
2019-11-01 02:45:36 - [MESSAGE][PASSED] - Text of object 'Object Repository/Pages/Sale/link_MonthYear' is: 'March 2243'&#xD;
&#xD;
2019-11-01 02:45:36 - [MESSAGE][PASSED] - Object: 'Object Repository/Pages/Sale/calender_NextButton' is clicked on&#xD;
&#xD;
2019-11-01 02:45:36 - [MESSAGE][PASSED] - Text of object 'Object Repository/Pages/Sale/link_MonthYear' is: 'April 2243'&#xD;
&#xD;
2019-11-01 02:45:36 - [MESSAGE][PASSED] - Object: 'Object Repository/Pages/Sale/calender_NextButton' is clicked on&#xD;
&#xD;
2019-11-01 02:45:36 - [MESSAGE][PASSED] - Text of object 'Object Repository/Pages/Sale/link_MonthYear' is: 'May 2243'&#xD;
&#xD;
2019-11-01 02:45:37 - [MESSAGE][PASSED] - Object: 'Object Repository/Pages/Sale/calender_NextButton' is clicked on&#xD;
&#xD;
2019-11-01 02:45:37 - [MESSAGE][PASSED] - Text of object 'Object Repository/Pages/Sale/link_MonthYear' is: 'June 2243'&#xD;
&#xD;
2019-11-01 02:45:37 - [MESSAGE][PASSED] - Object: 'Object Repository/Pages/Sale/calender_NextButton' is clicked on&#xD;
&#xD;
2019-11-01 02:45:37 - [MESSAGE][PASSED] - Text of object 'Object Repository/Pages/Sale/link_MonthYear' is: 'July 2243'&#xD;
&#xD;
2019-11-01 02:45:37 - [MESSAGE][PASSED] - Object: 'Object Repository/Pages/Sale/calender_NextButton' is clicked on&#xD;
&#xD;
2019-11-01 02:45:37 - [MESSAGE][PASSED] - Text of object 'Object Repository/Pages/Sale/link_MonthYear' is: 'August 2243'&#xD;
&#xD;
2019-11-01 02:45:38 - [MESSAGE][PASSED] - Object: 'Object Repository/Pages/Sale/calender_NextButton' is clicked on&#xD;
&#xD;
2019-11-01 02:45:38 - [MESSAGE][PASSED] - Text of object 'Object Repository/Pages/Sale/link_MonthYear' is: 'September 2243'&#xD;
&#xD;
2019-11-01 02:45:38 - [MESSAGE][PASSED] - Object: 'Object Repository/Pages/Sale/calender_NextButton' is clicked on&#xD;
&#xD;
2019-11-01 02:45:38 - [MESSAGE][PASSED] - Text of object 'Object Repository/Pages/Sale/link_MonthYear' is: 'October 2243'&#xD;
&#xD;
2019-11-01 02:45:38 - [MESSAGE][PASSED] - Object: 'Object Repository/Pages/Sale/calender_NextButton' is clicked on&#xD;
&#xD;
2019-11-01 02:45:38 - [MESSAGE][PASSED] - Text of object 'Object Repository/Pages/Sale/link_MonthYear' is: 'November 2243'&#xD;
&#xD;
2019-11-01 02:45:39 - [MESSAGE][PASSED] - Object: 'Object Repository/Pages/Sale/calender_NextButton' is clicked on&#xD;
&#xD;
2019-11-01 02:45:39 - [MESSAGE][PASSED] - Text of object 'Object Repository/Pages/Sale/link_MonthYear' is: 'December 2243'&#xD;
&#xD;
2019-11-01 02:45:39 - [MESSAGE][PASSED] - Object: 'Object Repository/Pages/Sale/calender_NextButton' is clicked on&#xD;
&#xD;
2019-11-01 02:45:39 - [MESSAGE][PASSED] - Text of object 'Object Repository/Pages/Sale/link_MonthYear' is: 'January 2244'&#xD;
&#xD;
2019-11-01 02:45:39 - [MESSAGE][PASSED] - Object: 'Object Repository/Pages/Sale/calender_NextButton' is clicked on&#xD;
&#xD;
2019-11-01 02:45:39 - [MESSAGE][PASSED] - Text of object 'Object Repository/Pages/Sale/link_MonthYear' is: 'February 2244'&#xD;
&#xD;
2019-11-01 02:45:40 - [MESSAGE][PASSED] - Object: 'Object Repository/Pages/Sale/calender_NextButton' is clicked on&#xD;
&#xD;
2019-11-01 02:45:40 - [MESSAGE][PASSED] - Text of object 'Object Repository/Pages/Sale/link_MonthYear' is: 'March 2244'&#xD;
&#xD;
2019-11-01 02:45:40 - [MESSAGE][PASSED] - Object: 'Object Repository/Pages/Sale/calender_NextButton' is clicked on&#xD;
&#xD;
2019-11-01 02:45:40 - [MESSAGE][PASSED] - Text of object 'Object Repository/Pages/Sale/link_MonthYear' is: 'April 2244'&#xD;
&#xD;
2019-11-01 02:45:40 - [MESSAGE][PASSED] - Object: 'Object Repository/Pages/Sale/calender_NextButton' is clicked on&#xD;
&#xD;
2019-11-01 02:45:40 - [MESSAGE][PASSED] - Text of object 'Object Repository/Pages/Sale/link_MonthYear' is: 'May 2244'&#xD;
&#xD;
2019-11-01 02:45:41 - [MESSAGE][PASSED] - Object: 'Object Repository/Pages/Sale/calender_NextButton' is clicked on&#xD;
&#xD;
2019-11-01 02:45:41 - [MESSAGE][PASSED] - Text of object 'Object Repository/Pages/Sale/link_MonthYear' is: 'June 2244'&#xD;
&#xD;
2019-11-01 02:45:41 - [MESSAGE][PASSED] - Object: 'Object Repository/Pages/Sale/calender_NextButton' is clicked on&#xD;
&#xD;
2019-11-01 02:45:41 - [MESSAGE][PASSED] - Text of object 'Object Repository/Pages/Sale/link_MonthYear' is: 'July 2244'&#xD;
&#xD;
2019-11-01 02:45:42 - [MESSAGE][PASSED] - Object: 'Object Repository/Pages/Sale/calender_NextButton' is clicked on&#xD;
&#xD;
2019-11-01 02:45:42 - [MESSAGE][PASSED] - Text of object 'Object Repository/Pages/Sale/link_MonthYear' is: 'August 2244'&#xD;
&#xD;
2019-11-01 02:45:42 - [MESSAGE][PASSED] - Object: 'Object Repository/Pages/Sale/calender_NextButton' is clicked on&#xD;
&#xD;
2019-11-01 02:45:42 - [MESSAGE][PASSED] - Text of object 'Object Repository/Pages/Sale/link_MonthYear' is: 'September 2244'&#xD;
&#xD;
2019-11-01 02:45:42 - [MESSAGE][PASSED] - Object: 'Object Repository/Pages/Sale/calender_NextButton' is clicked on&#xD;
&#xD;
2019-11-01 02:45:42 - [MESSAGE][PASSED] - Text of object 'Object Repository/Pages/Sale/link_MonthYear' is: 'October 2244'&#xD;
&#xD;
2019-11-01 02:45:43 - [MESSAGE][PASSED] - Object: 'Object Repository/Pages/Sale/calender_NextButton' is clicked on&#xD;
&#xD;
2019-11-01 02:45:43 - [MESSAGE][PASSED] - Text of object 'Object Repository/Pages/Sale/link_MonthYear' is: 'November 2244'&#xD;
&#xD;
2019-11-01 02:45:43 - [MESSAGE][PASSED] - Object: 'Object Repository/Pages/Sale/calender_NextButton' is clicked on&#xD;
&#xD;
2019-11-01 02:45:43 - [MESSAGE][PASSED] - Text of object 'Object Repository/Pages/Sale/link_MonthYear' is: 'December 2244'&#xD;
&#xD;
2019-11-01 02:45:43 - [MESSAGE][PASSED] - Object: 'Object Repository/Pages/Sale/calender_NextButton' is clicked on&#xD;
&#xD;
2019-11-01 02:45:43 - [MESSAGE][PASSED] - Text of object 'Object Repository/Pages/Sale/link_MonthYear' is: 'January 2245'&#xD;
&#xD;
2019-11-01 02:45:44 - [MESSAGE][PASSED] - Object: 'Object Repository/Pages/Sale/calender_NextButton' is clicked on&#xD;
&#xD;
2019-11-01 02:45:44 - [MESSAGE][PASSED] - Text of object 'Object Repository/Pages/Sale/link_MonthYear' is: 'February 2245'&#xD;
&#xD;
2019-11-01 02:45:44 - [MESSAGE][PASSED] - Object: 'Object Repository/Pages/Sale/calender_NextButton' is clicked on&#xD;
&#xD;
2019-11-01 02:45:44 - [MESSAGE][PASSED] - Text of object 'Object Repository/Pages/Sale/link_MonthYear' is: 'March 2245'&#xD;
&#xD;
2019-11-01 02:45:44 - [MESSAGE][PASSED] - Object: 'Object Repository/Pages/Sale/calender_NextButton' is clicked on&#xD;
&#xD;
2019-11-01 02:45:44 - [MESSAGE][PASSED] - Text of object 'Object Repository/Pages/Sale/link_MonthYear' is: 'April 2245'&#xD;
&#xD;
2019-11-01 02:45:45 - [MESSAGE][PASSED] - Object: 'Object Repository/Pages/Sale/calender_NextButton' is clicked on&#xD;
&#xD;
2019-11-01 02:45:45 - [MESSAGE][PASSED] - Text of object 'Object Repository/Pages/Sale/link_MonthYear' is: 'May 2245'&#xD;
&#xD;
2019-11-01 02:45:45 - [MESSAGE][PASSED] - Object: 'Object Repository/Pages/Sale/calender_NextButton' is clicked on&#xD;
&#xD;
2019-11-01 02:45:45 - [MESSAGE][PASSED] - Text of object 'Object Repository/Pages/Sale/link_MonthYear' is: 'June 2245'&#xD;
&#xD;
2019-11-01 02:45:45 - [MESSAGE][PASSED] - Object: 'Object Repository/Pages/Sale/calender_NextButton' is clicked on&#xD;
&#xD;
2019-11-01 02:45:45 - [MESSAGE][PASSED] - Text of object 'Object Repository/Pages/Sale/link_MonthYear' is: 'July 2245'&#xD;
&#xD;
2019-11-01 02:45:45 - [MESSAGE][PASSED] - Object: 'Object Repository/Pages/Sale/calender_NextButton' is clicked on&#xD;
&#xD;
2019-11-01 02:45:45 - [MESSAGE][PASSED] - Text of object 'Object Repository/Pages/Sale/link_MonthYear' is: 'August 2245'&#xD;
&#xD;
2019-11-01 02:45:46 - [MESSAGE][PASSED] - Object: 'Object Repository/Pages/Sale/calender_NextButton' is clicked on&#xD;
&#xD;
2019-11-01 02:45:46 - [MESSAGE][PASSED] - Text of object 'Object Repository/Pages/Sale/link_MonthYear' is: 'September 2245'&#xD;
&#xD;
2019-11-01 02:45:46 - [MESSAGE][PASSED] - Object: 'Object Repository/Pages/Sale/calender_NextButton' is clicked on&#xD;
&#xD;
2019-11-01 02:45:46 - [MESSAGE][PASSED] - Text of object 'Object Repository/Pages/Sale/link_MonthYear' is: 'October 2245'&#xD;
&#xD;
2019-11-01 02:45:46 - [MESSAGE][PASSED] - Object: 'Object Repository/Pages/Sale/calender_NextButton' is clicked on&#xD;
&#xD;
2019-11-01 02:45:46 - [MESSAGE][PASSED] - Text of object 'Object Repository/Pages/Sale/link_MonthYear' is: 'November 2245'&#xD;
&#xD;
2019-11-01 02:45:47 - [MESSAGE][PASSED] - Object: 'Object Repository/Pages/Sale/calender_NextButton' is clicked on&#xD;
&#xD;
2019-11-01 02:45:47 - [MESSAGE][PASSED] - Text of object 'Object Repository/Pages/Sale/link_MonthYear' is: 'December 2245'&#xD;
&#xD;
2019-11-01 02:45:47 - [MESSAGE][PASSED] - Object: 'Object Repository/Pages/Sale/calender_NextButton' is clicked on&#xD;
&#xD;
2019-11-01 02:45:47 - [MESSAGE][PASSED] - Text of object 'Object Repository/Pages/Sale/link_MonthYear' is: 'January 2246'&#xD;
&#xD;
2019-11-01 02:45:47 - [MESSAGE][PASSED] - Object: 'Object Repository/Pages/Sale/calender_NextButton' is clicked on&#xD;
&#xD;
2019-11-01 02:45:47 - [MESSAGE][PASSED] - Text of object 'Object Repository/Pages/Sale/link_MonthYear' is: 'February 2246'&#xD;
&#xD;
2019-11-01 02:45:48 - [MESSAGE][PASSED] - Object: 'Object Repository/Pages/Sale/calender_NextButton' is clicked on&#xD;
&#xD;
2019-11-01 02:45:48 - [MESSAGE][PASSED] - Text of object 'Object Repository/Pages/Sale/link_MonthYear' is: 'March 2246'&#xD;
&#xD;
2019-11-01 02:45:48 - [MESSAGE][PASSED] - Object: 'Object Repository/Pages/Sale/calender_NextButton' is clicked on&#xD;
&#xD;
2019-11-01 02:45:48 - [MESSAGE][PASSED] - Text of object 'Object Repository/Pages/Sale/link_MonthYear' is: 'April 2246'&#xD;
&#xD;
2019-11-01 02:45:48 - [MESSAGE][PASSED] - Object: 'Object Repository/Pages/Sale/calender_NextButton' is clicked on&#xD;
&#xD;
2019-11-01 02:45:48 - [MESSAGE][PASSED] - Text of object 'Object Repository/Pages/Sale/link_MonthYear' is: 'May 2246'&#xD;
&#xD;
2019-11-01 02:45:49 - [MESSAGE][PASSED] - Object: 'Object Repository/Pages/Sale/calender_NextButton' is clicked on&#xD;
&#xD;
2019-11-01 02:45:49 - [MESSAGE][PASSED] - Text of object 'Object Repository/Pages/Sale/link_MonthYear' is: 'June 2246'&#xD;
&#xD;
2019-11-01 02:45:49 - [MESSAGE][PASSED] - Object: 'Object Repository/Pages/Sale/calender_NextButton' is clicked on&#xD;
&#xD;
2019-11-01 02:45:49 - [MESSAGE][PASSED] - Text of object 'Object Repository/Pages/Sale/link_MonthYear' is: 'July 2246'&#xD;
&#xD;
2019-11-01 02:45:49 - [MESSAGE][PASSED] - Object: 'Object Repository/Pages/Sale/calender_NextButton' is clicked on&#xD;
&#xD;
2019-11-01 02:45:49 - [MESSAGE][PASSED] - Text of object 'Object Repository/Pages/Sale/link_MonthYear' is: 'August 2246'&#xD;
&#xD;
2019-11-01 02:45:50 - [MESSAGE][PASSED] - Object: 'Object Repository/Pages/Sale/calender_NextButton' is clicked on&#xD;
&#xD;
2019-11-01 02:45:50 - [MESSAGE][PASSED] - Text of object 'Object Repository/Pages/Sale/link_MonthYear' is: 'September 2246'&#xD;
&#xD;
2019-11-01 02:45:50 - [MESSAGE][PASSED] - Object: 'Object Repository/Pages/Sale/calender_NextButton' is clicked on&#xD;
&#xD;
2019-11-01 02:45:50 - [MESSAGE][PASSED] - Text of object 'Object Repository/Pages/Sale/link_MonthYear' is: 'October 2246'&#xD;
&#xD;
2019-11-01 02:45:51 - [MESSAGE][PASSED] - Object: 'Object Repository/Pages/Sale/calender_NextButton' is clicked on&#xD;
&#xD;
2019-11-01 02:45:51 - [MESSAGE][PASSED] - Text of object 'Object Repository/Pages/Sale/link_MonthYear' is: 'November 2246'&#xD;
&#xD;
2019-11-01 02:45:51 - [MESSAGE][PASSED] - Object: 'Object Repository/Pages/Sale/calender_NextButton' is clicked on&#xD;
&#xD;
2019-11-01 02:45:51 - [MESSAGE][PASSED] - Text of object 'Object Repository/Pages/Sale/link_MonthYear' is: 'December 2246'&#xD;
&#xD;
2019-11-01 02:45:51 - [MESSAGE][PASSED] - Object: 'Object Repository/Pages/Sale/calender_NextButton' is clicked on&#xD;
&#xD;
2019-11-01 02:45:51 - [MESSAGE][PASSED] - Text of object 'Object Repository/Pages/Sale/link_MonthYear' is: 'January 2247'&#xD;
&#xD;
2019-11-01 02:45:52 - [MESSAGE][PASSED] - Object: 'Object Repository/Pages/Sale/calender_NextButton' is clicked on&#xD;
&#xD;
2019-11-01 02:45:52 - [MESSAGE][PASSED] - Text of object 'Object Repository/Pages/Sale/link_MonthYear' is: 'February 2247'&#xD;
&#xD;
2019-11-01 02:45:52 - [MESSAGE][PASSED] - Object: 'Object Repository/Pages/Sale/calender_NextButton' is clicked on&#xD;
&#xD;
2019-11-01 02:45:52 - [MESSAGE][PASSED] - Text of object 'Object Repository/Pages/Sale/link_MonthYear' is: 'March 2247'&#xD;
&#xD;
2019-11-01 02:45:52 - [MESSAGE][PASSED] - Object: 'Object Repository/Pages/Sale/calender_NextButton' is clicked on&#xD;
&#xD;
2019-11-01 02:45:52 - [MESSAGE][PASSED] - Text of object 'Object Repository/Pages/Sale/link_MonthYear' is: 'April 2247'&#xD;
&#xD;
2019-11-01 02:45:53 - [MESSAGE][PASSED] - Object: 'Object Repository/Pages/Sale/calender_NextButton' is clicked on&#xD;
&#xD;
2019-11-01 02:45:53 - [MESSAGE][PASSED] - Text of object 'Object Repository/Pages/Sale/link_MonthYear' is: 'May 2247'&#xD;
&#xD;
2019-11-01 02:45:53 - [MESSAGE][PASSED] - Object: 'Object Repository/Pages/Sale/calender_NextButton' is clicked on&#xD;
&#xD;
2019-11-01 02:45:53 - [MESSAGE][PASSED] - Text of object 'Object Repository/Pages/Sale/link_MonthYear' is: 'June 2247'&#xD;
&#xD;
2019-11-01 02:45:53 - [MESSAGE][PASSED] - Object: 'Object Repository/Pages/Sale/calender_NextButton' is clicked on&#xD;
&#xD;
2019-11-01 02:45:53 - [MESSAGE][PASSED] - Text of object 'Object Repository/Pages/Sale/link_MonthYear' is: 'July 2247'&#xD;
&#xD;
2019-11-01 02:45:54 - [MESSAGE][PASSED] - Object: 'Object Repository/Pages/Sale/calender_NextButton' is clicked on&#xD;
&#xD;
2019-11-01 02:45:54 - [MESSAGE][PASSED] - Text of object 'Object Repository/Pages/Sale/link_MonthYear' is: 'August 2247'&#xD;
&#xD;
2019-11-01 02:45:54 - [MESSAGE][PASSED] - Object: 'Object Repository/Pages/Sale/calender_NextButton' is clicked on&#xD;
&#xD;
2019-11-01 02:45:54 - [MESSAGE][PASSED] - Text of object 'Object Repository/Pages/Sale/link_MonthYear' is: 'September 2247'&#xD;
&#xD;
2019-11-01 02:45:54 - [MESSAGE][PASSED] - Object: 'Object Repository/Pages/Sale/calender_NextButton' is clicked on&#xD;
&#xD;
2019-11-01 02:45:54 - [MESSAGE][PASSED] - Text of object 'Object Repository/Pages/Sale/link_MonthYear' is: 'October 2247'&#xD;
&#xD;
2019-11-01 02:45:55 - [MESSAGE][PASSED] - Object: 'Object Repository/Pages/Sale/calender_NextButton' is clicked on&#xD;
&#xD;
2019-11-01 02:45:55 - [MESSAGE][PASSED] - Text of object 'Object Repository/Pages/Sale/link_MonthYear' is: 'November 2247'&#xD;
&#xD;
2019-11-01 02:45:55 - [MESSAGE][PASSED] - Object: 'Object Repository/Pages/Sale/calender_NextButton' is clicked on&#xD;
&#xD;
2019-11-01 02:45:55 - [MESSAGE][PASSED] - Text of object 'Object Repository/Pages/Sale/link_MonthYear' is: 'December 2247'&#xD;
&#xD;
2019-11-01 02:45:55 - [MESSAGE][PASSED] - Object: 'Object Repository/Pages/Sale/calender_NextButton' is clicked on&#xD;
&#xD;
2019-11-01 02:45:55 - [MESSAGE][PASSED] - Text of object 'Object Repository/Pages/Sale/link_MonthYear' is: 'January 2248'&#xD;
&#xD;
2019-11-01 02:45:56 - [MESSAGE][PASSED] - Object: 'Object Repository/Pages/Sale/calender_NextButton' is clicked on&#xD;
&#xD;
2019-11-01 02:45:56 - [MESSAGE][PASSED] - Text of object 'Object Repository/Pages/Sale/link_MonthYear' is: 'February 2248'&#xD;
&#xD;
2019-11-01 02:45:56 - [MESSAGE][PASSED] - Object: 'Object Repository/Pages/Sale/calender_NextButton' is clicked on&#xD;
&#xD;
2019-11-01 02:45:56 - [MESSAGE][PASSED] - Text of object 'Object Repository/Pages/Sale/link_MonthYear' is: 'March 2248'&#xD;
&#xD;
2019-11-01 02:45:57 - [MESSAGE][PASSED] - Object: 'Object Repository/Pages/Sale/calender_NextButton' is clicked on&#xD;
&#xD;
2019-11-01 02:45:57 - [MESSAGE][PASSED] - Text of object 'Object Repository/Pages/Sale/link_MonthYear' is: 'April 2248'&#xD;
&#xD;
2019-11-01 02:45:57 - [MESSAGE][PASSED] - Object: 'Object Repository/Pages/Sale/calender_NextButton' is clicked on&#xD;
&#xD;
2019-11-01 02:45:57 - [MESSAGE][PASSED] - Text of object 'Object Repository/Pages/Sale/link_MonthYear' is: 'May 2248'&#xD;
&#xD;
2019-11-01 02:45:57 - [MESSAGE][PASSED] - Object: 'Object Repository/Pages/Sale/calender_NextButton' is clicked on&#xD;
&#xD;
2019-11-01 02:45:57 - [MESSAGE][PASSED] - Text of object 'Object Repository/Pages/Sale/link_MonthYear' is: 'June 2248'&#xD;
&#xD;
2019-11-01 02:45:58 - [MESSAGE][PASSED] - Object: 'Object Repository/Pages/Sale/calender_NextButton' is clicked on&#xD;
&#xD;
2019-11-01 02:45:58 - [MESSAGE][PASSED] - Text of object 'Object Repository/Pages/Sale/link_MonthYear' is: 'July 2248'&#xD;
&#xD;
2019-11-01 02:45:58 - [MESSAGE][PASSED] - Object: 'Object Repository/Pages/Sale/calender_NextButton' is clicked on&#xD;
&#xD;
2019-11-01 02:45:58 - [MESSAGE][PASSED] - Text of object 'Object Repository/Pages/Sale/link_MonthYear' is: 'August 2248'&#xD;
&#xD;
2019-11-01 02:45:58 - [MESSAGE][PASSED] - Object: 'Object Repository/Pages/Sale/calender_NextButton' is clicked on&#xD;
&#xD;
2019-11-01 02:45:58 - [MESSAGE][PASSED] - Text of object 'Object Repository/Pages/Sale/link_MonthYear' is: 'September 2248'&#xD;
&#xD;
2019-11-01 02:45:58 - [MESSAGE][PASSED] - Object: 'Object Repository/Pages/Sale/calender_NextButton' is clicked on&#xD;
&#xD;
2019-11-01 02:45:59 - [MESSAGE][PASSED] - Text of object 'Object Repository/Pages/Sale/link_MonthYear' is: 'October 2248'&#xD;
&#xD;
2019-11-01 02:45:59 - [MESSAGE][PASSED] - Object: 'Object Repository/Pages/Sale/calender_NextButton' is clicked on&#xD;
&#xD;
2019-11-01 02:45:59 - [MESSAGE][PASSED] - Text of object 'Object Repository/Pages/Sale/link_MonthYear' is: 'November 2248'&#xD;
&#xD;
2019-11-01 02:45:59 - [MESSAGE][PASSED] - Object: 'Object Repository/Pages/Sale/calender_NextButton' is clicked on&#xD;
&#xD;
2019-11-01 02:45:59 - [MESSAGE][PASSED] - Text of object 'Object Repository/Pages/Sale/link_MonthYear' is: 'December 2248'&#xD;
&#xD;
2019-11-01 02:45:59 - [MESSAGE][PASSED] - Object: 'Object Repository/Pages/Sale/calender_NextButton' is clicked on&#xD;
&#xD;
2019-11-01 02:46:00 - [MESSAGE][PASSED] - Text of object 'Object Repository/Pages/Sale/link_MonthYear' is: 'January 2249'&#xD;
&#xD;
2019-11-01 02:46:00 - [MESSAGE][PASSED] - Object: 'Object Repository/Pages/Sale/calender_NextButton' is clicked on&#xD;
&#xD;
2019-11-01 02:46:00 - [MESSAGE][PASSED] - Text of object 'Object Repository/Pages/Sale/link_MonthYear' is: 'February 2249'&#xD;
&#xD;
2019-11-01 02:46:00 - [MESSAGE][PASSED] - Object: 'Object Repository/Pages/Sale/calender_NextButton' is clicked on&#xD;
&#xD;
2019-11-01 02:46:00 - [MESSAGE][PASSED] - Text of object 'Object Repository/Pages/Sale/link_MonthYear' is: 'March 2249'&#xD;
&#xD;
2019-11-01 02:46:01 - [MESSAGE][PASSED] - Object: 'Object Repository/Pages/Sale/calender_NextButton' is clicked on&#xD;
&#xD;
2019-11-01 02:46:01 - [MESSAGE][PASSED] - Text of object 'Object Repository/Pages/Sale/link_MonthYear' is: 'April 2249'&#xD;
&#xD;
2019-11-01 02:46:01 - [MESSAGE][PASSED] - Object: 'Object Repository/Pages/Sale/calender_NextButton' is clicked on&#xD;
&#xD;
2019-11-01 02:46:01 - [MESSAGE][PASSED] - Text of object 'Object Repository/Pages/Sale/link_MonthYear' is: 'May 2249'&#xD;
&#xD;
2019-11-01 02:46:01 - [MESSAGE][PASSED] - Object: 'Object Repository/Pages/Sale/calender_NextButton' is clicked on&#xD;
&#xD;
2019-11-01 02:46:01 - [MESSAGE][PASSED] - Text of object 'Object Repository/Pages/Sale/link_MonthYear' is: 'June 2249'&#xD;
&#xD;
2019-11-01 02:46:02 - [MESSAGE][PASSED] - Object: 'Object Repository/Pages/Sale/calender_NextButton' is clicked on&#xD;
&#xD;
2019-11-01 02:46:02 - [MESSAGE][PASSED] - Text of object 'Object Repository/Pages/Sale/link_MonthYear' is: 'July 2249'&#xD;
&#xD;
2019-11-01 02:46:02 - [MESSAGE][PASSED] - Object: 'Object Repository/Pages/Sale/calender_NextButton' is clicked on&#xD;
&#xD;
2019-11-01 02:46:02 - [MESSAGE][PASSED] - Text of object 'Object Repository/Pages/Sale/link_MonthYear' is: 'August 2249'&#xD;
&#xD;
2019-11-01 02:46:03 - [MESSAGE][PASSED] - Object: 'Object Repository/Pages/Sale/calender_NextButton' is clicked on&#xD;
&#xD;
2019-11-01 02:46:03 - [MESSAGE][PASSED] - Text of object 'Object Repository/Pages/Sale/link_MonthYear' is: 'September 2249'&#xD;
&#xD;
2019-11-01 02:46:03 - [MESSAGE][PASSED] - Object: 'Object Repository/Pages/Sale/calender_NextButton' is clicked on&#xD;
&#xD;
2019-11-01 02:46:03 - [MESSAGE][PASSED] - Text of object 'Object Repository/Pages/Sale/link_MonthYear' is: 'October 2249'&#xD;
&#xD;
2019-11-01 02:46:03 - [MESSAGE][PASSED] - Object: 'Object Repository/Pages/Sale/calender_NextButton' is clicked on&#xD;
&#xD;
2019-11-01 02:46:03 - [MESSAGE][PASSED] - Text of object 'Object Repository/Pages/Sale/link_MonthYear' is: 'November 2249'&#xD;
&#xD;
2019-11-01 02:46:04 - [MESSAGE][PASSED] - Object: 'Object Repository/Pages/Sale/calender_NextButton' is clicked on&#xD;
&#xD;
2019-11-01 02:46:04 - [MESSAGE][PASSED] - Text of object 'Object Repository/Pages/Sale/link_MonthYear' is: 'December 2249'&#xD;
&#xD;
2019-11-01 02:46:04 - [MESSAGE][PASSED] - Object: 'Object Repository/Pages/Sale/calender_NextButton' is clicked on&#xD;
&#xD;
2019-11-01 02:46:04 - [MESSAGE][PASSED] - Text of object 'Object Repository/Pages/Sale/link_MonthYear' is: 'January 2250'&#xD;
&#xD;
2019-11-01 02:46:04 - [MESSAGE][PASSED] - Object: 'Object Repository/Pages/Sale/calender_NextButton' is clicked on&#xD;
&#xD;
2019-11-01 02:46:04 - [MESSAGE][PASSED] - Text of object 'Object Repository/Pages/Sale/link_MonthYear' is: 'February 2250'&#xD;
&#xD;
2019-11-01 02:46:05 - [MESSAGE][PASSED] - Object: 'Object Repository/Pages/Sale/calender_NextButton' is clicked on&#xD;
&#xD;
2019-11-01 02:46:05 - [MESSAGE][PASSED] - Text of object 'Object Repository/Pages/Sale/link_MonthYear' is: 'March 2250'&#xD;
&#xD;
2019-11-01 02:46:05 - [MESSAGE][PASSED] - Object: 'Object Repository/Pages/Sale/calender_NextButton' is clicked on&#xD;
&#xD;
2019-11-01 02:46:05 - [MESSAGE][PASSED] - Text of object 'Object Repository/Pages/Sale/link_MonthYear' is: 'April 2250'&#xD;
&#xD;
2019-11-01 02:46:05 - [MESSAGE][PASSED] - Object: 'Object Repository/Pages/Sale/calender_NextButton' is clicked on&#xD;
&#xD;
2019-11-01 02:46:05 - [MESSAGE][PASSED] - Text of object 'Object Repository/Pages/Sale/link_MonthYear' is: 'May 2250'&#xD;
&#xD;
2019-11-01 02:46:06 - [MESSAGE][PASSED] - Object: 'Object Repository/Pages/Sale/calender_NextButton' is clicked on&#xD;
&#xD;
2019-11-01 02:46:06 - [MESSAGE][PASSED] - Text of object 'Object Repository/Pages/Sale/link_MonthYear' is: 'June 2250'&#xD;
&#xD;
2019-11-01 02:46:06 - [MESSAGE][PASSED] - Object: 'Object Repository/Pages/Sale/calender_NextButton' is clicked on&#xD;
&#xD;
2019-11-01 02:46:06 - [MESSAGE][PASSED] - Text of object 'Object Repository/Pages/Sale/link_MonthYear' is: 'July 2250'&#xD;
&#xD;
2019-11-01 02:46:06 - [MESSAGE][PASSED] - Object: 'Object Repository/Pages/Sale/calender_NextButton' is clicked on&#xD;
&#xD;
2019-11-01 02:46:06 - [MESSAGE][PASSED] - Text of object 'Object Repository/Pages/Sale/link_MonthYear' is: 'August 2250'&#xD;
&#xD;
2019-11-01 02:46:06 - [MESSAGE][PASSED] - Object: 'Object Repository/Pages/Sale/calender_NextButton' is clicked on&#xD;
&#xD;
2019-11-01 02:46:06 - [MESSAGE][PASSED] - Text of object 'Object Repository/Pages/Sale/link_MonthYear' is: 'September 2250'&#xD;
&#xD;
2019-11-01 02:46:07 - [MESSAGE][PASSED] - Object: 'Object Repository/Pages/Sale/calender_NextButton' is clicked on&#xD;
&#xD;
2019-11-01 02:46:07 - [MESSAGE][PASSED] - Text of object 'Object Repository/Pages/Sale/link_MonthYear' is: 'October 2250'&#xD;
&#xD;
2019-11-01 02:46:07 - [MESSAGE][PASSED] - Object: 'Object Repository/Pages/Sale/calender_NextButton' is clicked on&#xD;
&#xD;
2019-11-01 02:46:07 - [MESSAGE][PASSED] - Text of object 'Object Repository/Pages/Sale/link_MonthYear' is: 'November 2250'&#xD;
&#xD;
2019-11-01 02:46:07 - [MESSAGE][PASSED] - Object: 'Object Repository/Pages/Sale/calender_NextButton' is clicked on&#xD;
&#xD;
2019-11-01 02:46:07 - [MESSAGE][PASSED] - Text of object 'Object Repository/Pages/Sale/link_MonthYear' is: 'December 2250'&#xD;
&#xD;
2019-11-01 02:46:08 - [MESSAGE][PASSED] - Object: 'Object Repository/Pages/Sale/calender_NextButton' is clicked on&#xD;
&#xD;
2019-11-01 02:46:08 - [MESSAGE][PASSED] - Text of object 'Object Repository/Pages/Sale/link_MonthYear' is: 'January 2251'&#xD;
&#xD;
2019-11-01 02:46:08 - [MESSAGE][PASSED] - Object: 'Object Repository/Pages/Sale/calender_NextButton' is clicked on&#xD;
&#xD;
2019-11-01 02:46:08 - [MESSAGE][PASSED] - Text of object 'Object Repository/Pages/Sale/link_MonthYear' is: 'February 2251'&#xD;
&#xD;
2019-11-01 02:46:08 - [MESSAGE][PASSED] - Object: 'Object Repository/Pages/Sale/calender_NextButton' is clicked on&#xD;
&#xD;
2019-11-01 02:46:08 - [MESSAGE][PASSED] - Text of object 'Object Repository/Pages/Sale/link_MonthYear' is: 'March 2251'&#xD;
&#xD;
2019-11-01 02:46:09 - [MESSAGE][PASSED] - Object: 'Object Repository/Pages/Sale/calender_NextButton' is clicked on&#xD;
&#xD;
2019-11-01 02:46:09 - [MESSAGE][PASSED] - Text of object 'Object Repository/Pages/Sale/link_MonthYear' is: 'April 2251'&#xD;
&#xD;
2019-11-01 02:46:09 - [MESSAGE][PASSED] - Object: 'Object Repository/Pages/Sale/calender_NextButton' is clicked on&#xD;
&#xD;
2019-11-01 02:46:09 - [MESSAGE][PASSED] - Text of object 'Object Repository/Pages/Sale/link_MonthYear' is: 'May 2251'&#xD;
&#xD;
2019-11-01 02:46:09 - [MESSAGE][PASSED] - Object: 'Object Repository/Pages/Sale/calender_NextButton' is clicked on&#xD;
&#xD;
2019-11-01 02:46:09 - [MESSAGE][PASSED] - Text of object 'Object Repository/Pages/Sale/link_MonthYear' is: 'June 2251'&#xD;
&#xD;
2019-11-01 02:46:10 - [MESSAGE][PASSED] - Object: 'Object Repository/Pages/Sale/calender_NextButton' is clicked on&#xD;
&#xD;
2019-11-01 02:46:10 - [MESSAGE][PASSED] - Text of object 'Object Repository/Pages/Sale/link_MonthYear' is: 'July 2251'&#xD;
&#xD;
2019-11-01 02:46:10 - [MESSAGE][PASSED] - Object: 'Object Repository/Pages/Sale/calender_NextButton' is clicked on&#xD;
&#xD;
2019-11-01 02:46:10 - [MESSAGE][PASSED] - Text of object 'Object Repository/Pages/Sale/link_MonthYear' is: 'August 2251'&#xD;
&#xD;
2019-11-01 02:46:10 - [MESSAGE][PASSED] - Object: 'Object Repository/Pages/Sale/calender_NextButton' is clicked on&#xD;
&#xD;
2019-11-01 02:46:10 - [MESSAGE][PASSED] - Text of object 'Object Repository/Pages/Sale/link_MonthYear' is: 'September 2251'&#xD;
&#xD;
2019-11-01 02:46:11 - [MESSAGE][PASSED] - Object: 'Object Repository/Pages/Sale/calender_NextButton' is clicked on&#xD;
&#xD;
2019-11-01 02:46:11 - [MESSAGE][PASSED] - Text of object 'Object Repository/Pages/Sale/link_MonthYear' is: 'October 2251'&#xD;
&#xD;
2019-11-01 02:46:11 - [MESSAGE][PASSED] - Object: 'Object Repository/Pages/Sale/calender_NextButton' is clicked on&#xD;
&#xD;
2019-11-01 02:46:11 - [MESSAGE][PASSED] - Text of object 'Object Repository/Pages/Sale/link_MonthYear' is: 'November 2251'&#xD;
&#xD;
2019-11-01 02:46:11 - [MESSAGE][PASSED] - Object: 'Object Repository/Pages/Sale/calender_NextButton' is clicked on&#xD;
&#xD;
2019-11-01 02:46:11 - [MESSAGE][PASSED] - Text of object 'Object Repository/Pages/Sale/link_MonthYear' is: 'December 2251'&#xD;
&#xD;
2019-11-01 02:46:12 - [MESSAGE][PASSED] - Object: 'Object Repository/Pages/Sale/calender_NextButton' is clicked on&#xD;
&#xD;
2019-11-01 02:46:12 - [MESSAGE][PASSED] - Text of object 'Object Repository/Pages/Sale/link_MonthYear' is: 'January 2252'&#xD;
&#xD;
2019-11-01 02:46:12 - [MESSAGE][PASSED] - Object: 'Object Repository/Pages/Sale/calender_NextButton' is clicked on&#xD;
&#xD;
2019-11-01 02:46:12 - [MESSAGE][PASSED] - Text of object 'Object Repository/Pages/Sale/link_MonthYear' is: 'February 2252'&#xD;
&#xD;
2019-11-01 02:46:12 - [MESSAGE][PASSED] - Object: 'Object Repository/Pages/Sale/calender_NextButton' is clicked on&#xD;
&#xD;
2019-11-01 02:46:12 - [MESSAGE][PASSED] - Text of object 'Object Repository/Pages/Sale/link_MonthYear' is: 'March 2252'&#xD;
&#xD;
2019-11-01 02:46:13 - [MESSAGE][PASSED] - Object: 'Object Repository/Pages/Sale/calender_NextButton' is clicked on&#xD;
&#xD;
2019-11-01 02:46:13 - [MESSAGE][PASSED] - Text of object 'Object Repository/Pages/Sale/link_MonthYear' is: 'April 2252'&#xD;
&#xD;
2019-11-01 02:46:13 - [MESSAGE][PASSED] - Object: 'Object Repository/Pages/Sale/calender_NextButton' is clicked on&#xD;
&#xD;
2019-11-01 02:46:13 - [MESSAGE][PASSED] - Text of object 'Object Repository/Pages/Sale/link_MonthYear' is: 'May 2252'&#xD;
&#xD;
2019-11-01 02:46:13 - [MESSAGE][PASSED] - Object: 'Object Repository/Pages/Sale/calender_NextButton' is clicked on&#xD;
&#xD;
2019-11-01 02:46:13 - [MESSAGE][PASSED] - Text of object 'Object Repository/Pages/Sale/link_MonthYear' is: 'June 2252'&#xD;
&#xD;
2019-11-01 02:46:13 - [MESSAGE][PASSED] - Object: 'Object Repository/Pages/Sale/calender_NextButton' is clicked on&#xD;
&#xD;
2019-11-01 02:46:13 - [MESSAGE][PASSED] - Text of object 'Object Repository/Pages/Sale/link_MonthYear' is: 'July 2252'&#xD;
&#xD;
2019-11-01 02:46:14 - [MESSAGE][PASSED] - Object: 'Object Repository/Pages/Sale/calender_NextButton' is clicked on&#xD;
&#xD;
2019-11-01 02:46:14 - [MESSAGE][PASSED] - Text of object 'Object Repository/Pages/Sale/link_MonthYear' is: 'August 2252'&#xD;
&#xD;
2019-11-01 02:46:14 - [MESSAGE][PASSED] - Object: 'Object Repository/Pages/Sale/calender_NextButton' is clicked on&#xD;
&#xD;
2019-11-01 02:46:14 - [MESSAGE][PASSED] - Text of object 'Object Repository/Pages/Sale/link_MonthYear' is: 'September 2252'&#xD;
&#xD;
2019-11-01 02:46:14 - [MESSAGE][PASSED] - Object: 'Object Repository/Pages/Sale/calender_NextButton' is clicked on&#xD;
&#xD;
2019-11-01 02:46:14 - [MESSAGE][PASSED] - Text of object 'Object Repository/Pages/Sale/link_MonthYear' is: 'October 2252'&#xD;
&#xD;
2019-11-01 02:46:15 - [MESSAGE][PASSED] - Object: 'Object Repository/Pages/Sale/calender_NextButton' is clicked on&#xD;
&#xD;
2019-11-01 02:46:15 - [MESSAGE][PASSED] - Text of object 'Object Repository/Pages/Sale/link_MonthYear' is: 'November 2252'&#xD;
&#xD;
2019-11-01 02:46:15 - [MESSAGE][PASSED] - Object: 'Object Repository/Pages/Sale/calender_NextButton' is clicked on&#xD;
&#xD;
2019-11-01 02:46:15 - [MESSAGE][PASSED] - Text of object 'Object Repository/Pages/Sale/link_MonthYear' is: 'December 2252'&#xD;
&#xD;
2019-11-01 02:46:15 - [MESSAGE][PASSED] - Object: 'Object Repository/Pages/Sale/calender_NextButton' is clicked on&#xD;
&#xD;
2019-11-01 02:46:15 - [MESSAGE][PASSED] - Text of object 'Object Repository/Pages/Sale/link_MonthYear' is: 'January 2253'&#xD;
&#xD;
2019-11-01 02:46:16 - [MESSAGE][PASSED] - Object: 'Object Repository/Pages/Sale/calender_NextButton' is clicked on&#xD;
&#xD;
2019-11-01 02:46:16 - [MESSAGE][PASSED] - Text of object 'Object Repository/Pages/Sale/link_MonthYear' is: 'February 2253'&#xD;
&#xD;
2019-11-01 02:46:16 - [MESSAGE][PASSED] - Object: 'Object Repository/Pages/Sale/calender_NextButton' is clicked on&#xD;
&#xD;
2019-11-01 02:46:16 - [MESSAGE][PASSED] - Text of object 'Object Repository/Pages/Sale/link_MonthYear' is: 'March 2253'&#xD;
&#xD;
2019-11-01 02:46:16 - [MESSAGE][PASSED] - Object: 'Object Repository/Pages/Sale/calender_NextButton' is clicked on&#xD;
&#xD;
2019-11-01 02:46:16 - [MESSAGE][PASSED] - Text of object 'Object Repository/Pages/Sale/link_MonthYear' is: 'April 2253'&#xD;
&#xD;
2019-11-01 02:46:17 - [MESSAGE][PASSED] - Object: 'Object Repository/Pages/Sale/calender_NextButton' is clicked on&#xD;
&#xD;
2019-11-01 02:46:17 - [MESSAGE][PASSED] - Text of object 'Object Repository/Pages/Sale/link_MonthYear' is: 'May 2253'&#xD;
&#xD;
2019-11-01 02:46:17 - [MESSAGE][PASSED] - Object: 'Object Repository/Pages/Sale/calender_NextButton' is clicked on&#xD;
&#xD;
2019-11-01 02:46:17 - [MESSAGE][PASSED] - Text of object 'Object Repository/Pages/Sale/link_MonthYear' is: 'June 2253'&#xD;
&#xD;
2019-11-01 02:46:17 - [MESSAGE][PASSED] - Object: 'Object Repository/Pages/Sale/calender_NextButton' is clicked on&#xD;
&#xD;
2019-11-01 02:46:17 - [MESSAGE][PASSED] - Text of object 'Object Repository/Pages/Sale/link_MonthYear' is: 'July 2253'&#xD;
&#xD;
2019-11-01 02:46:18 - [MESSAGE][PASSED] - Object: 'Object Repository/Pages/Sale/calender_NextButton' is clicked on&#xD;
&#xD;
2019-11-01 02:46:18 - [MESSAGE][PASSED] - Text of object 'Object Repository/Pages/Sale/link_MonthYear' is: 'August 2253'&#xD;
&#xD;
2019-11-01 02:46:18 - [MESSAGE][PASSED] - Object: 'Object Repository/Pages/Sale/calender_NextButton' is clicked on&#xD;
&#xD;
2019-11-01 02:46:18 - [MESSAGE][PASSED] - Text of object 'Object Repository/Pages/Sale/link_MonthYear' is: 'September 2253'&#xD;
&#xD;
2019-11-01 02:46:18 - [MESSAGE][PASSED] - Object: 'Object Repository/Pages/Sale/calender_NextButton' is clicked on&#xD;
&#xD;
2019-11-01 02:46:18 - [MESSAGE][PASSED] - Text of object 'Object Repository/Pages/Sale/link_MonthYear' is: 'October 2253'&#xD;
&#xD;
2019-11-01 02:46:19 - [MESSAGE][PASSED] - Object: 'Object Repository/Pages/Sale/calender_NextButton' is clicked on&#xD;
&#xD;
2019-11-01 02:46:19 - [MESSAGE][PASSED] - Text of object 'Object Repository/Pages/Sale/link_MonthYear' is: 'November 2253'&#xD;
&#xD;
2019-11-01 02:46:19 - [MESSAGE][PASSED] - Object: 'Object Repository/Pages/Sale/calender_NextButton' is clicked on&#xD;
&#xD;
2019-11-01 02:46:19 - [MESSAGE][PASSED] - Text of object 'Object Repository/Pages/Sale/link_MonthYear' is: 'December 2253'&#xD;
&#xD;
2019-11-01 02:46:19 - [MESSAGE][PASSED] - Object: 'Object Repository/Pages/Sale/calender_NextButton' is clicked on&#xD;
&#xD;
2019-11-01 02:46:19 - [MESSAGE][PASSED] - Text of object 'Object Repository/Pages/Sale/link_MonthYear' is: 'January 2254'&#xD;
&#xD;
2019-11-01 02:46:20 - [MESSAGE][PASSED] - Object: 'Object Repository/Pages/Sale/calender_NextButton' is clicked on&#xD;
&#xD;
2019-11-01 02:46:20 - [MESSAGE][PASSED] - Text of object 'Object Repository/Pages/Sale/link_MonthYear' is: 'February 2254'&#xD;
&#xD;
2019-11-01 02:46:20 - [MESSAGE][PASSED] - Object: 'Object Repository/Pages/Sale/calender_NextButton' is clicked on&#xD;
&#xD;
2019-11-01 02:46:20 - [MESSAGE][PASSED] - Text of object 'Object Repository/Pages/Sale/link_MonthYear' is: 'March 2254'&#xD;
&#xD;
2019-11-01 02:46:20 - [MESSAGE][PASSED] - Object: 'Object Repository/Pages/Sale/calender_NextButton' is clicked on&#xD;
&#xD;
2019-11-01 02:46:20 - [MESSAGE][PASSED] - Text of object 'Object Repository/Pages/Sale/link_MonthYear' is: 'April 2254'&#xD;
&#xD;
2019-11-01 02:46:21 - [MESSAGE][PASSED] - Object: 'Object Repository/Pages/Sale/calender_NextButton' is clicked on&#xD;
&#xD;
2019-11-01 02:46:21 - [MESSAGE][PASSED] - Text of object 'Object Repository/Pages/Sale/link_MonthYear' is: 'May 2254'&#xD;
&#xD;
2019-11-01 02:46:21 - [MESSAGE][PASSED] - Object: 'Object Repository/Pages/Sale/calender_NextButton' is clicked on&#xD;
&#xD;
2019-11-01 02:46:21 - [MESSAGE][PASSED] - Text of object 'Object Repository/Pages/Sale/link_MonthYear' is: 'June 2254'&#xD;
&#xD;
2019-11-01 02:46:21 - [MESSAGE][PASSED] - Object: 'Object Repository/Pages/Sale/calender_NextButton' is clicked on&#xD;
&#xD;
2019-11-01 02:46:21 - [MESSAGE][PASSED] - Text of object 'Object Repository/Pages/Sale/link_MonthYear' is: 'July 2254'&#xD;
&#xD;
2019-11-01 02:46:22 - [MESSAGE][PASSED] - Object: 'Object Repository/Pages/Sale/calender_NextButton' is clicked on&#xD;
&#xD;
2019-11-01 02:46:22 - [MESSAGE][PASSED] - Text of object 'Object Repository/Pages/Sale/link_MonthYear' is: 'August 2254'&#xD;
&#xD;
2019-11-01 02:46:22 - [MESSAGE][PASSED] - Object: 'Object Repository/Pages/Sale/calender_NextButton' is clicked on&#xD;
&#xD;
2019-11-01 02:46:22 - [MESSAGE][PASSED] - Text of object 'Object Repository/Pages/Sale/link_MonthYear' is: 'September 2254'&#xD;
&#xD;
2019-11-01 02:46:22 - [MESSAGE][PASSED] - Object: 'Object Repository/Pages/Sale/calender_NextButton' is clicked on&#xD;
&#xD;
2019-11-01 02:46:22 - [MESSAGE][PASSED] - Text of object 'Object Repository/Pages/Sale/link_MonthYear' is: 'October 2254'&#xD;
&#xD;
2019-11-01 02:46:22 - [MESSAGE][PASSED] - Object: 'Object Repository/Pages/Sale/calender_NextButton' is clicked on&#xD;
&#xD;
2019-11-01 02:46:22 - [MESSAGE][PASSED] - Text of object 'Object Repository/Pages/Sale/link_MonthYear' is: 'November 2254'&#xD;
&#xD;
2019-11-01 02:46:23 - [MESSAGE][PASSED] - Object: 'Object Repository/Pages/Sale/calender_NextButton' is clicked on&#xD;
&#xD;
2019-11-01 02:46:23 - [MESSAGE][PASSED] - Text of object 'Object Repository/Pages/Sale/link_MonthYear' is: 'December 2254'&#xD;
&#xD;
2019-11-01 02:46:23 - [MESSAGE][PASSED] - Object: 'Object Repository/Pages/Sale/calender_NextButton' is clicked on&#xD;
&#xD;
2019-11-01 02:46:23 - [MESSAGE][PASSED] - Text of object 'Object Repository/Pages/Sale/link_MonthYear' is: 'January 2255'&#xD;
&#xD;
2019-11-01 02:46:23 - [MESSAGE][PASSED] - Object: 'Object Repository/Pages/Sale/calender_NextButton' is clicked on&#xD;
&#xD;
2019-11-01 02:46:23 - [MESSAGE][PASSED] - Text of object 'Object Repository/Pages/Sale/link_MonthYear' is: 'February 2255'&#xD;
&#xD;
2019-11-01 02:46:24 - [MESSAGE][PASSED] - Object: 'Object Repository/Pages/Sale/calender_NextButton' is clicked on&#xD;
&#xD;
2019-11-01 02:46:24 - [MESSAGE][PASSED] - Text of object 'Object Repository/Pages/Sale/link_MonthYear' is: 'March 2255'&#xD;
&#xD;
2019-11-01 02:46:24 - [MESSAGE][PASSED] - Object: 'Object Repository/Pages/Sale/calender_NextButton' is clicked on&#xD;
&#xD;
2019-11-01 02:46:24 - [MESSAGE][PASSED] - Text of object 'Object Repository/Pages/Sale/link_MonthYear' is: 'April 2255'&#xD;
&#xD;
2019-11-01 02:46:25 - [MESSAGE][PASSED] - Object: 'Object Repository/Pages/Sale/calender_NextButton' is clicked on&#xD;
&#xD;
2019-11-01 02:46:25 - [MESSAGE][PASSED] - Text of object 'Object Repository/Pages/Sale/link_MonthYear' is: 'May 2255'&#xD;
&#xD;
2019-11-01 02:46:25 - [MESSAGE][PASSED] - Object: 'Object Repository/Pages/Sale/calender_NextButton' is clicked on&#xD;
&#xD;
2019-11-01 02:46:25 - [MESSAGE][PASSED] - Text of object 'Object Repository/Pages/Sale/link_MonthYear' is: 'June 2255'&#xD;
&#xD;
2019-11-01 02:46:25 - [MESSAGE][PASSED] - Object: 'Object Repository/Pages/Sale/calender_NextButton' is clicked on&#xD;
&#xD;
2019-11-01 02:46:25 - [MESSAGE][PASSED] - Text of object 'Object Repository/Pages/Sale/link_MonthYear' is: 'July 2255'&#xD;
&#xD;
2019-11-01 02:46:26 - [MESSAGE][PASSED] - Object: 'Object Repository/Pages/Sale/calender_NextButton' is clicked on&#xD;
&#xD;
2019-11-01 02:46:26 - [MESSAGE][PASSED] - Text of object 'Object Repository/Pages/Sale/link_MonthYear' is: 'August 2255'&#xD;
&#xD;
2019-11-01 02:46:26 - [MESSAGE][PASSED] - Object: 'Object Repository/Pages/Sale/calender_NextButton' is clicked on&#xD;
&#xD;
2019-11-01 02:46:26 - [MESSAGE][PASSED] - Text of object 'Object Repository/Pages/Sale/link_MonthYear' is: 'September 2255'&#xD;
&#xD;
2019-11-01 02:46:27 - [MESSAGE][PASSED] - Object: 'Object Repository/Pages/Sale/calender_NextButton' is clicked on&#xD;
&#xD;
2019-11-01 02:46:27 - [MESSAGE][PASSED] - Text of object 'Object Repository/Pages/Sale/link_MonthYear' is: 'October 2255'&#xD;
&#xD;
2019-11-01 02:46:27 - [MESSAGE][PASSED] - Object: 'Object Repository/Pages/Sale/calender_NextButton' is clicked on&#xD;
&#xD;
2019-11-01 02:46:27 - [MESSAGE][PASSED] - Text of object 'Object Repository/Pages/Sale/link_MonthYear' is: 'November 2255'&#xD;
&#xD;
2019-11-01 02:46:28 - [MESSAGE][PASSED] - Object: 'Object Repository/Pages/Sale/calender_NextButton' is clicked on&#xD;
&#xD;
2019-11-01 02:46:28 - [MESSAGE][PASSED] - Text of object 'Object Repository/Pages/Sale/link_MonthYear' is: 'December 2255'&#xD;
&#xD;
2019-11-01 02:46:28 - [MESSAGE][PASSED] - Object: 'Object Repository/Pages/Sale/calender_NextButton' is clicked on&#xD;
&#xD;
2019-11-01 02:46:28 - [MESSAGE][PASSED] - Text of object 'Object Repository/Pages/Sale/link_MonthYear' is: 'January 2256'&#xD;
&#xD;
2019-11-01 02:46:29 - [MESSAGE][PASSED] - Object: 'Object Repository/Pages/Sale/calender_NextButton' is clicked on&#xD;
&#xD;
2019-11-01 02:46:29 - [MESSAGE][PASSED] - Text of object 'Object Repository/Pages/Sale/link_MonthYear' is: 'February 2256'&#xD;
&#xD;
2019-11-01 02:46:29 - [MESSAGE][PASSED] - Object: 'Object Repository/Pages/Sale/calender_NextButton' is clicked on&#xD;
&#xD;
2019-11-01 02:46:29 - [MESSAGE][PASSED] - Text of object 'Object Repository/Pages/Sale/link_MonthYear' is: 'March 2256'&#xD;
&#xD;
2019-11-01 02:46:29 - [MESSAGE][PASSED] - Object: 'Object Repository/Pages/Sale/calender_NextButton' is clicked on&#xD;
&#xD;
2019-11-01 02:46:29 - [MESSAGE][PASSED] - Text of object 'Object Repository/Pages/Sale/link_MonthYear' is: 'April 2256'&#xD;
&#xD;
2019-11-01 02:46:30 - [MESSAGE][PASSED] - Object: 'Object Repository/Pages/Sale/calender_NextButton' is clicked on&#xD;
&#xD;
2019-11-01 02:46:30 - [MESSAGE][PASSED] - Text of object 'Object Repository/Pages/Sale/link_MonthYear' is: 'May 2256'&#xD;
&#xD;
2019-11-01 02:46:30 - [MESSAGE][PASSED] - Object: 'Object Repository/Pages/Sale/calender_NextButton' is clicked on&#xD;
&#xD;
2019-11-01 02:46:30 - [MESSAGE][PASSED] - Text of object 'Object Repository/Pages/Sale/link_MonthYear' is: 'June 2256'&#xD;
&#xD;
2019-11-01 02:46:31 - [MESSAGE][PASSED] - Object: 'Object Repository/Pages/Sale/calender_NextButton' is clicked on&#xD;
&#xD;
2019-11-01 02:46:31 - [MESSAGE][PASSED] - Text of object 'Object Repository/Pages/Sale/link_MonthYear' is: 'July 2256'&#xD;
&#xD;
2019-11-01 02:46:31 - [MESSAGE][PASSED] - Object: 'Object Repository/Pages/Sale/calender_NextButton' is clicked on&#xD;
&#xD;
2019-11-01 02:46:31 - [MESSAGE][PASSED] - Text of object 'Object Repository/Pages/Sale/link_MonthYear' is: 'August 2256'&#xD;
&#xD;
2019-11-01 02:46:31 - [MESSAGE][PASSED] - Object: 'Object Repository/Pages/Sale/calender_NextButton' is clicked on&#xD;
&#xD;
2019-11-01 02:46:31 - [MESSAGE][PASSED] - Text of object 'Object Repository/Pages/Sale/link_MonthYear' is: 'September 2256'&#xD;
&#xD;
2019-11-01 02:46:31 - [MESSAGE][PASSED] - Object: 'Object Repository/Pages/Sale/calender_NextButton' is clicked on&#xD;
&#xD;
2019-11-01 02:46:31 - [MESSAGE][PASSED] - Text of object 'Object Repository/Pages/Sale/link_MonthYear' is: 'October 2256'&#xD;
&#xD;
2019-11-01 02:46:32 - [MESSAGE][PASSED] - Object: 'Object Repository/Pages/Sale/calender_NextButton' is clicked on&#xD;
&#xD;
2019-11-01 02:46:32 - [MESSAGE][PASSED] - Text of object 'Object Repository/Pages/Sale/link_MonthYear' is: 'November 2256'&#xD;
&#xD;
2019-11-01 02:46:32 - [MESSAGE][PASSED] - Object: 'Object Repository/Pages/Sale/calender_NextButton' is clicked on&#xD;
&#xD;
2019-11-01 02:46:32 - [MESSAGE][PASSED] - Text of object 'Object Repository/Pages/Sale/link_MonthYear' is: 'December 2256'&#xD;
&#xD;
2019-11-01 02:46:33 - [MESSAGE][PASSED] - Object: 'Object Repository/Pages/Sale/calender_NextButton' is clicked on&#xD;
&#xD;
2019-11-01 02:46:33 - [MESSAGE][PASSED] - Text of object 'Object Repository/Pages/Sale/link_MonthYear' is: 'January 2257'&#xD;
&#xD;
2019-11-01 02:46:33 - [MESSAGE][PASSED] - Object: 'Object Repository/Pages/Sale/calender_NextButton' is clicked on&#xD;
&#xD;
2019-11-01 02:46:33 - [MESSAGE][PASSED] - Text of object 'Object Repository/Pages/Sale/link_MonthYear' is: 'February 2257'&#xD;
&#xD;
2019-11-01 02:46:33 - [MESSAGE][PASSED] - Object: 'Object Repository/Pages/Sale/calender_NextButton' is clicked on&#xD;
&#xD;
2019-11-01 02:46:33 - [MESSAGE][PASSED] - Text of object 'Object Repository/Pages/Sale/link_MonthYear' is: 'March 2257'&#xD;
&#xD;
2019-11-01 02:46:34 - [MESSAGE][PASSED] - Object: 'Object Repository/Pages/Sale/calender_NextButton' is clicked on&#xD;
&#xD;
2019-11-01 02:46:34 - [MESSAGE][PASSED] - Text of object 'Object Repository/Pages/Sale/link_MonthYear' is: 'April 2257'&#xD;
&#xD;
2019-11-01 02:46:34 - [MESSAGE][PASSED] - Object: 'Object Repository/Pages/Sale/calender_NextButton' is clicked on&#xD;
&#xD;
2019-11-01 02:46:34 - [MESSAGE][PASSED] - Text of object 'Object Repository/Pages/Sale/link_MonthYear' is: 'May 2257'&#xD;
&#xD;
2019-11-01 02:46:34 - [MESSAGE][PASSED] - Object: 'Object Repository/Pages/Sale/calender_NextButton' is clicked on&#xD;
&#xD;
2019-11-01 02:46:34 - [MESSAGE][PASSED] - Text of object 'Object Repository/Pages/Sale/link_MonthYear' is: 'June 2257'&#xD;
&#xD;
2019-11-01 02:46:35 - [MESSAGE][PASSED] - Object: 'Object Repository/Pages/Sale/calender_NextButton' is clicked on&#xD;
&#xD;
2019-11-01 02:46:35 - [MESSAGE][PASSED] - Text of object 'Object Repository/Pages/Sale/link_MonthYear' is: 'July 2257'&#xD;
&#xD;
2019-11-01 02:46:35 - [MESSAGE][PASSED] - Object: 'Object Repository/Pages/Sale/calender_NextButton' is clicked on&#xD;
&#xD;
2019-11-01 02:46:35 - [MESSAGE][PASSED] - Text of object 'Object Repository/Pages/Sale/link_MonthYear' is: 'August 2257'&#xD;
&#xD;
2019-11-01 02:46:35 - [MESSAGE][PASSED] - Object: 'Object Repository/Pages/Sale/calender_NextButton' is clicked on&#xD;
&#xD;
2019-11-01 02:46:35 - [MESSAGE][PASSED] - Text of object 'Object Repository/Pages/Sale/link_MonthYear' is: 'September 2257'&#xD;
&#xD;
2019-11-01 02:46:36 - [MESSAGE][PASSED] - Object: 'Object Repository/Pages/Sale/calender_NextButton' is clicked on&#xD;
&#xD;
2019-11-01 02:46:36 - [MESSAGE][PASSED] - Text of object 'Object Repository/Pages/Sale/link_MonthYear' is: 'October 2257'&#xD;
&#xD;
2019-11-01 02:46:36 - [MESSAGE][PASSED] - Object: 'Object Repository/Pages/Sale/calender_NextButton' is clicked on&#xD;
&#xD;
2019-11-01 02:46:36 - [MESSAGE][PASSED] - Text of object 'Object Repository/Pages/Sale/link_MonthYear' is: 'November 2257'&#xD;
&#xD;
2019-11-01 02:46:36 - [MESSAGE][PASSED] - Object: 'Object Repository/Pages/Sale/calender_NextButton' is clicked on&#xD;
&#xD;
2019-11-01 02:46:36 - [MESSAGE][PASSED] - Text of object 'Object Repository/Pages/Sale/link_MonthYear' is: 'December 2257'&#xD;
&#xD;
2019-11-01 02:46:37 - [MESSAGE][FAILED] - Unable to click on object 'Object Repository/Pages/Sale/calender_NextButton' (Root cause: com.kms.katalon.core.exception.StepFailedException: Unable to click on object 'Object Repository/Pages/Sale/calender_NextButton'&#xD;
	at com.kms.katalon.core.webui.keyword.internal.WebUIKeywordMain.stepFailed(WebUIKeywordMain.groovy:64)&#xD;
	at com.kms.katalon.core.webui.keyword.internal.WebUIKeywordMain.runKeyword(WebUIKeywordMain.groovy:26)&#xD;
	at com.kms.katalon.core.webui.keyword.builtin.ClickKeyword.click(ClickKeyword.groovy:86)&#xD;
	at com.kms.katalon.core.webui.keyword.builtin.ClickKeyword.execute(ClickKeyword.groovy:67)&#xD;
	at com.kms.katalon.core.keyword.internal.KeywordExecutor.executeKeywordForPlatform(KeywordExecutor.groovy:56)&#xD;
	at com.kms.katalon.core.webui.keyword.WebUiBuiltInKeywords.click(WebUiBuiltInKeywords.groovy:616)&#xD;
	at com.kms.katalon.core.webui.keyword.WebUiBuiltInKeywords$click$4.call(Unknown Source)&#xD;
	at pages.Sale.selectMonthYear(Sale.groovy:136)&#xD;
	at pages.Sale.invokeMethod(Sale.groovy)&#xD;
	at com.kms.katalon.core.main.CustomKeywordDelegatingMetaClass.invokeStaticMethod(CustomKeywordDelegatingMetaClass.java:50)&#xD;
	at TC_1st_Pay_Vault_009.run(TC_1st_Pay_Vault_009:101)&#xD;
	at com.kms.katalon.core.main.ScriptEngine.run(ScriptEngine.java:194)&#xD;
	at com.kms.katalon.core.main.ScriptEngine.runScriptAsRawText(ScriptEngine.java:119)&#xD;
	at com.kms.katalon.core.main.TestCaseExecutor.runScript(TestCaseExecutor.java:337)&#xD;
	at com.kms.katalon.core.main.TestCaseExecutor.doExecute(TestCaseExecutor.java:328)&#xD;
	at com.kms.katalon.core.main.TestCaseExecutor.processExecutionPhase(TestCaseExecutor.java:307)&#xD;
	at com.kms.katalon.core.main.TestCaseExecutor.accessMainPhase(TestCaseExecutor.java:299)&#xD;
	at com.kms.katalon.core.main.TestCaseExecutor.execute(TestCaseExecutor.java:233)&#xD;
	at com.kms.katalon.core.main.TestSuiteExecutor.accessTestCaseMainPhase(TestSuiteExecutor.java:169)&#xD;
	at com.kms.katalon.core.main.TestSuiteExecutor.accessTestSuiteMainPhase(TestSuiteExecutor.java:142)&#xD;
	at com.kms.katalon.core.main.TestSuiteExecutor.execute(TestSuiteExecutor.java:91)&#xD;
	at com.kms.katalon.core.main.TestCaseMain.startTestSuite(TestCaseMain.java:157)&#xD;
	at com.kms.katalon.core.main.TestCaseMain$startTestSuite$0.call(Unknown Source)&#xD;
	at TempTestSuite1572592574803.run(TempTestSuite1572592574803.groovy:35)&#xD;
Caused by: org.openqa.selenium.WebDriverException: Reached error page: about:neterror?e=nssFailure2&amp;u=https%3A//www.firstview.net/MVC/Account/Login&amp;c=UTF-8&amp;f=regular&amp;d=The%20connection%20to%20the%20server%20was%20reset%20while%20the%20page%20was%20loading.
Build info: version: '3.141.59', revision: 'e82be7d358', time: '2018-11-14T08:25:53'
System info: host: 'FW1-D-DTA-ZENQ1', ip: '172.25.52.168', os.name: 'Windows 10', os.arch: 'amd64', os.version: '10.0', java.version: '1.8.0_181'
Driver info: com.kms.katalon.core.webui.driver.firefox.CGeckoDriver
Capabilities {acceptInsecureCerts: true, browserName: firefox, browserVersion: 68.0.2, javascriptEnabled: true, moz:accessibilityChecks: false, moz:buildID: 20190813150448, moz:geckodriverVersion: 0.23.0, moz:headless: false, moz:processID: 473984, moz:profile: C:\Users\venkata.annam\AppD..., moz:shutdownTimeout: 60000, moz:useNonSpecCompliantPointerOrigin: false, moz:webdriverClick: true, pageLoadStrategy: normal, platform: WINDOWS, platformName: WINDOWS, platformVersion: 10.0, proxy: Proxy(direct), rotatable: false, setWindowRect: true, strictFileInteractability: false, timeouts: {implicit: 0, pageLoad: 300000, script: 30000}, unhandledPromptBehavior: dismiss and notify}
Session ID: 17e2f6d8-47c0-4682-8611-35d28b583017&#xD;
	at org.openqa.selenium.remote.http.W3CHttpResponseCodec.createException(W3CHttpResponseCodec.java:187)&#xD;
	at org.openqa.selenium.remote.http.W3CHttpResponseCodec.decode(W3CHttpResponseCodec.java:122)&#xD;
	at org.openqa.selenium.remote.http.W3CHttpResponseCodec.decode(W3CHttpResponseCodec.java:49)&#xD;
	at org.openqa.selenium.remote.HttpCommandExecutor.execute(HttpCommandExecutor.java:158)&#xD;
	at org.openqa.selenium.remote.service.DriverCommandExecutor.execute(DriverCommandExecutor.java:83)&#xD;
	at org.openqa.selenium.remote.RemoteWebDriver.execute(RemoteWebDriver.java:552)&#xD;
	at com.kms.katalon.selenium.driver.CFirefoxDriver.execute(CFirefoxDriver.java:28)&#xD;
	at org.openqa.selenium.remote.RemoteWebElement.execute(RemoteWebElement.java:285)&#xD;
	at org.openqa.selenium.remote.RemoteWebElement.click(RemoteWebElement.java:84)&#xD;
	at com.kms.katalon.core.webui.keyword.builtin.ClickKeyword$_click_closure1.doCall(ClickKeyword.groovy:79)&#xD;
	at com.kms.katalon.core.webui.keyword.builtin.ClickKeyword$_click_closure1.call(ClickKeyword.groovy)&#xD;
	at com.kms.katalon.core.webui.keyword.internal.WebUIKeywordMain.runKeyword(WebUIKeywordMain.groovy:20)&#xD;
	at com.kms.katalon.core.webui.keyword.builtin.ClickKeyword.click(ClickKeyword.groovy:86)&#xD;
	at com.kms.katalon.core.webui.keyword.builtin.ClickKeyword.execute(ClickKeyword.groovy:67)&#xD;
	at com.kms.katalon.core.keyword.internal.KeywordExecutor.executeKeywordForPlatform(KeywordExecutor.groovy:56)&#xD;
	at com.kms.katalon.core.webui.keyword.WebUiBuiltInKeywords.click(WebUiBuiltInKeywords.groovy:616)&#xD;
	at com.kms.katalon.core.webui.keyword.WebUiBuiltInKeywords$click$4.call(Unknown Source)&#xD;
	at pages.Sale.selectMonthYear(Sale.groovy:136)&#xD;
	at pages.Sale.invokeMethod(Sale.groovy)&#xD;
	at com.kms.katalon.core.main.CustomKeywordDelegatingMetaClass.invokeStaticMethod(CustomKeywordDelegatingMetaClass.java:50)&#xD;
	at Script1568973226735.run(Script1568973226735.groovy:101)&#xD;
	... 13 more&#xD;
)&#xD;
[[ATTACHMENT|C:\\VPOS_Git_31-10-2019\\VPOS_Internal\\Reports\\20191101_021613\\FirstView\\1stPayVault\\20191101_021614\\1572594397674.png]]&#xD;
&#xD;
2019-11-01 02:46:37 - [MESSAGE][FAILED] - unable to select the specified Month and Year&#xD;
&#xD;
2019-11-01 02:46:37 - [MESSAGE][FAILED] - com.kms.katalon.core.exception.StepFailedException: unable to select the specified Month and Year&#xD;
&#xD;
2019-11-01 02:46:37 - [TEST_STEP][FAILED] - pages.Sale.selectDate(start_date_Value): com.kms.katalon.core.exception.StepFailedException: unable to select the Date&#xD;
&#xD;
2019-11-01 02:47:08 - [MESSAGE][INFO] - Unable to find the element located by 'By.xpath: //td[text()="30" and @class="day"]'. Please recheck the objects properties to make sure the desired element is located. &#xD;
&#xD;
2019-11-01 02:47:08 - [MESSAGE][FAILED] - Unable to click on object '' (Root cause: com.kms.katalon.core.exception.StepFailedException: Unable to click on object ''&#xD;
	at com.kms.katalon.core.webui.keyword.internal.WebUIKeywordMain.stepFailed(WebUIKeywordMain.groovy:64)&#xD;
	at com.kms.katalon.core.webui.keyword.internal.WebUIKeywordMain.runKeyword(WebUIKeywordMain.groovy:26)&#xD;
	at com.kms.katalon.core.webui.keyword.builtin.ClickKeyword.click(ClickKeyword.groovy:86)&#xD;
	at com.kms.katalon.core.webui.keyword.builtin.ClickKeyword.execute(ClickKeyword.groovy:67)&#xD;
	at com.kms.katalon.core.keyword.internal.KeywordExecutor.executeKeywordForPlatform(KeywordExecutor.groovy:56)&#xD;
	at com.kms.katalon.core.webui.keyword.WebUiBuiltInKeywords.click(WebUiBuiltInKeywords.groovy:616)&#xD;
	at com.kms.katalon.core.webui.keyword.WebUiBuiltInKeywords$click$4.call(Unknown Source)&#xD;
	at pages.Sale.selectDate(Sale.groovy:162)&#xD;
	at pages.Sale.invokeMethod(Sale.groovy)&#xD;
	at com.kms.katalon.core.main.CustomKeywordDelegatingMetaClass.invokeStaticMethod(CustomKeywordDelegatingMetaClass.java:50)&#xD;
	at TC_1st_Pay_Vault_009.run(TC_1st_Pay_Vault_009:104)&#xD;
	at com.kms.katalon.core.main.ScriptEngine.run(ScriptEngine.java:194)&#xD;
	at com.kms.katalon.core.main.ScriptEngine.runScriptAsRawText(ScriptEngine.java:119)&#xD;
	at com.kms.katalon.core.main.TestCaseExecutor.runScript(TestCaseExecutor.java:337)&#xD;
	at com.kms.katalon.core.main.TestCaseExecutor.doExecute(TestCaseExecutor.java:328)&#xD;
	at com.kms.katalon.core.main.TestCaseExecutor.processExecutionPhase(TestCaseExecutor.java:307)&#xD;
	at com.kms.katalon.core.main.TestCaseExecutor.accessMainPhase(TestCaseExecutor.java:299)&#xD;
	at com.kms.katalon.core.main.TestCaseExecutor.execute(TestCaseExecutor.java:233)&#xD;
	at com.kms.katalon.core.main.TestSuiteExecutor.accessTestCaseMainPhase(TestSuiteExecutor.java:169)&#xD;
	at com.kms.katalon.core.main.TestSuiteExecutor.accessTestSuiteMainPhase(TestSuiteExecutor.java:142)&#xD;
	at com.kms.katalon.core.main.TestSuiteExecutor.execute(TestSuiteExecutor.java:91)&#xD;
	at com.kms.katalon.core.main.TestCaseMain.startTestSuite(TestCaseMain.java:157)&#xD;
	at com.kms.katalon.core.main.TestCaseMain$startTestSuite$0.call(Unknown Source)&#xD;
	at TempTestSuite1572592574803.run(TempTestSuite1572592574803.groovy:35)&#xD;
Caused by: com.kms.katalon.core.webui.exception.WebElementNotFoundException: Web element with id: '' located by 'By.xpath: //td[text()="30" and @class="day"]' not found&#xD;
	at com.kms.katalon.core.webui.common.WebUiCommonHelper.findWebElement(WebUiCommonHelper.java:1097)&#xD;
	at com.kms.katalon.core.webui.keyword.internal.WebUIAbstractKeyword.findWebElement(WebUIAbstractKeyword.groovy:27)&#xD;
	at com.kms.katalon.core.webui.keyword.internal.WebUIAbstractKeyword.findWebElement(WebUIAbstractKeyword.groovy:26)&#xD;
	at com.kms.katalon.core.webui.keyword.builtin.ClickKeyword$_click_closure1.doCall(ClickKeyword.groovy:77)&#xD;
	at com.kms.katalon.core.webui.keyword.builtin.ClickKeyword$_click_closure1.call(ClickKeyword.groovy)&#xD;
	at com.kms.katalon.core.webui.keyword.internal.WebUIKeywordMain.runKeyword(WebUIKeywordMain.groovy:20)&#xD;
	at com.kms.katalon.core.webui.keyword.builtin.ClickKeyword.click(ClickKeyword.groovy:86)&#xD;
	at com.kms.katalon.core.webui.keyword.builtin.ClickKeyword.execute(ClickKeyword.groovy:67)&#xD;
	at com.kms.katalon.core.keyword.internal.KeywordExecutor.executeKeywordForPlatform(KeywordExecutor.groovy:56)&#xD;
	at com.kms.katalon.core.webui.keyword.WebUiBuiltInKeywords.click(WebUiBuiltInKeywords.groovy:616)&#xD;
	at com.kms.katalon.core.webui.keyword.WebUiBuiltInKeywords$click$4.call(Unknown Source)&#xD;
	at pages.Sale.selectDate(Sale.groovy:162)&#xD;
	at pages.Sale.invokeMethod(Sale.groovy)&#xD;
	at com.kms.katalon.core.main.CustomKeywordDelegatingMetaClass.invokeStaticMethod(CustomKeywordDelegatingMetaClass.java:50)&#xD;
	at Script1568973226735.run(Script1568973226735.groovy:104)&#xD;
	... 13 more&#xD;
)&#xD;
[[ATTACHMENT|C:\\VPOS_Git_31-10-2019\\VPOS_Internal\\Reports\\20191101_021613\\FirstView\\1stPayVault\\20191101_021614\\1572594428534.png]]&#xD;
&#xD;
2019-11-01 02:47:08 - [MESSAGE][FAILED] - unable to select the Date&#xD;
&#xD;
2019-11-01 02:47:08 - [MESSAGE][FAILED] - com.kms.katalon.core.exception.StepFailedException: unable to select the Date&#xD;
&#xD;
2019-11-01 02:47:08 - [TEST_STEP][ERROR] - utilities.SafeActions.safeClickWithoutScroll(findTestObject("Pages/FirstPayVault/date_EndDate_1stPayVault"), "Click on Date Input", [PageLoadTime]): com.kms.katalon.core.exception.StepErrorException: 1stPayVault.ts:Click on Date Input is not Clickable&#xD;
&#xD;
2019-11-01 02:47:08 - [MESSAGE][INFO] - Safe Click Without scroll&#xD;
&#xD;
2019-11-01 02:47:08 - [MESSAGE][INFO] - 1stPayVault.ts:waiting until Click on Date Input is Clickable&#xD;
&#xD;
2019-11-01 02:48:09 - [MESSAGE][INFO] - Unable to find the element located by 'By.xpath: //input[contains(@id,'text-vault-end-date')]'. Please recheck the objects properties to make sure the desired element is located. &#xD;
&#xD;
2019-11-01 02:48:09 - [MESSAGE][WARNING] - Web element with id: 'Object Repository/Pages/FirstPayVault/date_EndDate_1stPayVault' located by 'By.xpath: //input[contains(@id,'text-vault-end-date')]' not found&#xD;
&#xD;
2019-11-01 02:48:40 - [MESSAGE][INFO] - Unable to find the element located by 'By.xpath: //input[contains(@id,'text-vault-end-date')]'. Please recheck the objects properties to make sure the desired element is located. &#xD;
&#xD;
2019-11-01 02:48:40 - [MESSAGE][FAILED] - Web element with id: 'Object Repository/Pages/FirstPayVault/date_EndDate_1stPayVault' located by 'By.xpath: //input[contains(@id,'text-vault-end-date')]' not found (Root cause: com.kms.katalon.core.exception.StepFailedException: Web element with id: 'Object Repository/Pages/FirstPayVault/date_EndDate_1stPayVault' located by 'By.xpath: //input[contains(@id,'text-vault-end-date')]' not found&#xD;
	at com.kms.katalon.core.webui.keyword.internal.WebUIKeywordMain.stepFailed(WebUIKeywordMain.groovy:64)&#xD;
	at com.kms.katalon.core.webui.keyword.builtin.VerifyElementVisibleKeyword$_verifyElementVisible_closure1.doCall(VerifyElementVisibleKeyword.groovy:89)&#xD;
	at com.kms.katalon.core.webui.keyword.builtin.VerifyElementVisibleKeyword$_verifyElementVisible_closure1.call(VerifyElementVisibleKeyword.groovy)&#xD;
	at com.kms.katalon.core.webui.keyword.internal.WebUIKeywordMain.runKeyword(WebUIKeywordMain.groovy:20)&#xD;
	at com.kms.katalon.core.webui.keyword.builtin.VerifyElementVisibleKeyword.verifyElementVisible(VerifyElementVisibleKeyword.groovy:97)&#xD;
	at com.kms.katalon.core.webui.keyword.builtin.VerifyElementVisibleKeyword.execute(VerifyElementVisibleKeyword.groovy:67)&#xD;
	at com.kms.katalon.core.keyword.internal.KeywordExecutor.executeKeywordForPlatform(KeywordExecutor.groovy:56)&#xD;
	at com.kms.katalon.core.webui.keyword.WebUiBuiltInKeywords.verifyElementVisible(WebUiBuiltInKeywords.groovy:372)&#xD;
	at com.kms.katalon.core.webui.keyword.WebUiBuiltInKeywords$verifyElementVisible$7.call(Unknown Source)&#xD;
	at utilities.SafeActions.waitUntilClickable(SafeActions.groovy:173)&#xD;
	at utilities.SafeActions.safeClickWithoutScroll(SafeActions.groovy:136)&#xD;
	at utilities.SafeActions.invokeMethod(SafeActions.groovy)&#xD;
	at com.kms.katalon.core.main.CustomKeywordDelegatingMetaClass.invokeStaticMethod(CustomKeywordDelegatingMetaClass.java:50)&#xD;
	at TC_1st_Pay_Vault_009.run(TC_1st_Pay_Vault_009:107)&#xD;
	at com.kms.katalon.core.main.ScriptEngine.run(ScriptEngine.java:194)&#xD;
	at com.kms.katalon.core.main.ScriptEngine.runScriptAsRawText(ScriptEngine.java:119)&#xD;
	at com.kms.katalon.core.main.TestCaseExecutor.runScript(TestCaseExecutor.java:337)&#xD;
	at com.kms.katalon.core.main.TestCaseExecutor.doExecute(TestCaseExecutor.java:328)&#xD;
	at com.kms.katalon.core.main.TestCaseExecutor.processExecutionPhase(TestCaseExecutor.java:307)&#xD;
	at com.kms.katalon.core.main.TestCaseExecutor.accessMainPhase(TestCaseExecutor.java:299)&#xD;
	at com.kms.katalon.core.main.TestCaseExecutor.execute(TestCaseExecutor.java:233)&#xD;
	at com.kms.katalon.core.main.TestSuiteExecutor.accessTestCaseMainPhase(TestSuiteExecutor.java:169)&#xD;
	at com.kms.katalon.core.main.TestSuiteExecutor.accessTestSuiteMainPhase(TestSuiteExecutor.java:142)&#xD;
	at com.kms.katalon.core.main.TestSuiteExecutor.execute(TestSuiteExecutor.java:91)&#xD;
	at com.kms.katalon.core.main.TestCaseMain.startTestSuite(TestCaseMain.java:157)&#xD;
	at com.kms.katalon.core.main.TestCaseMain$startTestSuite$0.call(Unknown Source)&#xD;
	at TempTestSuite1572592574803.run(TempTestSuite1572592574803.groovy:35)&#xD;
)&#xD;
[[ATTACHMENT|C:\\VPOS_Git_31-10-2019\\VPOS_Internal\\Reports\\20191101_021613\\FirstView\\1stPayVault\\20191101_021614\\1572594520704.png]]&#xD;
&#xD;
2019-11-01 02:48:40 - [MESSAGE][FAILED] - Unable to verify object 'Object Repository/Pages/FirstPayVault/date_EndDate_1stPayVault' is visible (Root cause: com.kms.katalon.core.exception.StepFailedException: Unable to verify object 'Object Repository/Pages/FirstPayVault/date_EndDate_1stPayVault' is visible&#xD;
	at com.kms.katalon.core.webui.keyword.internal.WebUIKeywordMain.stepFailed(WebUIKeywordMain.groovy:64)&#xD;
	at com.kms.katalon.core.webui.keyword.internal.WebUIKeywordMain.runKeyword(WebUIKeywordMain.groovy:26)&#xD;
	at com.kms.katalon.core.webui.keyword.builtin.VerifyElementVisibleKeyword.verifyElementVisible(VerifyElementVisibleKeyword.groovy:97)&#xD;
	at com.kms.katalon.core.webui.keyword.builtin.VerifyElementVisibleKeyword.execute(VerifyElementVisibleKeyword.groovy:67)&#xD;
	at com.kms.katalon.core.keyword.internal.KeywordExecutor.executeKeywordForPlatform(KeywordExecutor.groovy:56)&#xD;
	at com.kms.katalon.core.webui.keyword.WebUiBuiltInKeywords.verifyElementVisible(WebUiBuiltInKeywords.groovy:372)&#xD;
	at com.kms.katalon.core.webui.keyword.WebUiBuiltInKeywords$verifyElementVisible$7.call(Unknown Source)&#xD;
	at utilities.SafeActions.waitUntilClickable(SafeActions.groovy:173)&#xD;
	at utilities.SafeActions.safeClickWithoutScroll(SafeActions.groovy:136)&#xD;
	at utilities.SafeActions.invokeMethod(SafeActions.groovy)&#xD;
	at com.kms.katalon.core.main.CustomKeywordDelegatingMetaClass.invokeStaticMethod(CustomKeywordDelegatingMetaClass.java:50)&#xD;
	at TC_1st_Pay_Vault_009.run(TC_1st_Pay_Vault_009:107)&#xD;
	at com.kms.katalon.core.main.ScriptEngine.run(ScriptEngine.java:194)&#xD;
	at com.kms.katalon.core.main.ScriptEngine.runScriptAsRawText(ScriptEngine.java:119)&#xD;
	at com.kms.katalon.core.main.TestCaseExecutor.runScript(TestCaseExecutor.java:337)&#xD;
	at com.kms.katalon.core.main.TestCaseExecutor.doExecute(TestCaseExecutor.java:328)&#xD;
	at com.kms.katalon.core.main.TestCaseExecutor.processExecutionPhase(TestCaseExecutor.java:307)&#xD;
	at com.kms.katalon.core.main.TestCaseExecutor.accessMainPhase(TestCaseExecutor.java:299)&#xD;
	at com.kms.katalon.core.main.TestCaseExecutor.execute(TestCaseExecutor.java:233)&#xD;
	at com.kms.katalon.core.main.TestSuiteExecutor.accessTestCaseMainPhase(TestSuiteExecutor.java:169)&#xD;
	at com.kms.katalon.core.main.TestSuiteExecutor.accessTestSuiteMainPhase(TestSuiteExecutor.java:142)&#xD;
	at com.kms.katalon.core.main.TestSuiteExecutor.execute(TestSuiteExecutor.java:91)&#xD;
	at com.kms.katalon.core.main.TestCaseMain.startTestSuite(TestCaseMain.java:157)&#xD;
	at com.kms.katalon.core.main.TestCaseMain$startTestSuite$0.call(Unknown Source)&#xD;
	at TempTestSuite1572592574803.run(TempTestSuite1572592574803.groovy:35)&#xD;
Caused by: com.kms.katalon.core.exception.StepFailedException: Web element with id: 'Object Repository/Pages/FirstPayVault/date_EndDate_1stPayVault' located by 'By.xpath: //input[contains(@id,'text-vault-end-date')]' not found&#xD;
	at com.kms.katalon.core.webui.keyword.internal.WebUIKeywordMain.stepFailed(WebUIKeywordMain.groovy:64)&#xD;
	at com.kms.katalon.core.webui.keyword.builtin.VerifyElementVisibleKeyword$_verifyElementVisible_closure1.doCall(VerifyElementVisibleKeyword.groovy:89)&#xD;
	at com.kms.katalon.core.webui.keyword.builtin.VerifyElementVisibleKeyword$_verifyElementVisible_closure1.call(VerifyElementVisibleKeyword.groovy)&#xD;
	at com.kms.katalon.core.webui.keyword.internal.WebUIKeywordMain.runKeyword(WebUIKeywordMain.groovy:20)&#xD;
	... 23 more&#xD;
)&#xD;
[[ATTACHMENT|C:\\VPOS_Git_31-10-2019\\VPOS_Internal\\Reports\\20191101_021613\\FirstView\\1stPayVault\\20191101_021614\\1572594520805.png]]&#xD;
&#xD;
2019-11-01 02:48:40 - [MESSAGE][FAILED] - 1stPayVault.ts:Click on Date Input is not clickable in time - 60seconds&#xD;
&#xD;
2019-11-01 02:48:40 - [MESSAGE][ERROR] - com.kms.katalon.core.exception.StepErrorException: 1stPayVault.ts:Click on Date Input is not Clickable&#xD;
&#xD;
2019-11-01 02:48:40 - [TEST_STEP][FAILED] - pages.Sale.selectMonthYear(findTestObject("Pages/Sale/link_MonthYear"), findTestObject("Pages/Sale/calender_NextButton"), cardThisMonth, cardThisYear): Unable to get text of object 'Object Repository/Pages/Sale/link_MonthYear'&#xD;
&#xD;
2019-11-01 02:49:11 - [MESSAGE][INFO] - Unable to find the element located by 'By.xpath: //div[@class='datepicker-days']//th[@class='datepicker-switch']'. Please recheck the objects properties to make sure the desired element is located. &#xD;
&#xD;
2019-11-01 02:49:11 - [MESSAGE][FAILED] - Unable to get text of object 'Object Repository/Pages/Sale/link_MonthYear' (Root cause: com.kms.katalon.core.exception.StepFailedException: Unable to get text of object 'Object Repository/Pages/Sale/link_MonthYear'&#xD;
	at com.kms.katalon.core.webui.keyword.internal.WebUIKeywordMain.stepFailed(WebUIKeywordMain.groovy:64)&#xD;
	at com.kms.katalon.core.webui.keyword.internal.WebUIKeywordMain.runKeyword(WebUIKeywordMain.groovy:26)&#xD;
	at com.kms.katalon.core.webui.keyword.builtin.GetTextKeyword.getText(GetTextKeyword.groovy:88)&#xD;
	at com.kms.katalon.core.webui.keyword.builtin.GetTextKeyword.execute(GetTextKeyword.groovy:67)&#xD;
	at com.kms.katalon.core.keyword.internal.KeywordExecutor.executeKeywordForPlatform(KeywordExecutor.groovy:56)&#xD;
	at com.kms.katalon.core.webui.keyword.WebUiBuiltInKeywords.getText(WebUiBuiltInKeywords.groovy:888)&#xD;
	at com.kms.katalon.core.webui.keyword.WebUiBuiltInKeywords$getText$14.call(Unknown Source)&#xD;
	at pages.Sale.selectMonthYear(Sale.groovy:124)&#xD;
	at pages.Sale.invokeMethod(Sale.groovy)&#xD;
	at com.kms.katalon.core.main.CustomKeywordDelegatingMetaClass.invokeStaticMethod(CustomKeywordDelegatingMetaClass.java:50)&#xD;
	at TC_1st_Pay_Vault_009.run(TC_1st_Pay_Vault_009:109)&#xD;
	at com.kms.katalon.core.main.ScriptEngine.run(ScriptEngine.java:194)&#xD;
	at com.kms.katalon.core.main.ScriptEngine.runScriptAsRawText(ScriptEngine.java:119)&#xD;
	at com.kms.katalon.core.main.TestCaseExecutor.runScript(TestCaseExecutor.java:337)&#xD;
	at com.kms.katalon.core.main.TestCaseExecutor.doExecute(TestCaseExecutor.java:328)&#xD;
	at com.kms.katalon.core.main.TestCaseExecutor.processExecutionPhase(TestCaseExecutor.java:307)&#xD;
	at com.kms.katalon.core.main.TestCaseExecutor.accessMainPhase(TestCaseExecutor.java:299)&#xD;
	at com.kms.katalon.core.main.TestCaseExecutor.execute(TestCaseExecutor.java:233)&#xD;
	at com.kms.katalon.core.main.TestSuiteExecutor.accessTestCaseMainPhase(TestSuiteExecutor.java:169)&#xD;
	at com.kms.katalon.core.main.TestSuiteExecutor.accessTestSuiteMainPhase(TestSuiteExecutor.java:142)&#xD;
	at com.kms.katalon.core.main.TestSuiteExecutor.execute(TestSuiteExecutor.java:91)&#xD;
	at com.kms.katalon.core.main.TestCaseMain.startTestSuite(TestCaseMain.java:157)&#xD;
	at com.kms.katalon.core.main.TestCaseMain$startTestSuite$0.call(Unknown Source)&#xD;
	at TempTestSuite1572592574803.run(TempTestSuite1572592574803.groovy:35)&#xD;
Caused by: com.kms.katalon.core.webui.exception.WebElementNotFoundException: Web element with id: 'Object Repository/Pages/Sale/link_MonthYear' located by 'By.xpath: //div[@class='datepicker-days']//th[@class='datepicker-switch']' not found&#xD;
	at com.kms.katalon.core.webui.common.WebUiCommonHelper.findWebElement(WebUiCommonHelper.java:1097)&#xD;
	at com.kms.katalon.core.webui.keyword.internal.WebUIAbstractKeyword.findWebElement(WebUIAbstractKeyword.groovy:27)&#xD;
	at com.kms.katalon.core.webui.keyword.internal.WebUIAbstractKeyword.findWebElement(WebUIAbstractKeyword.groovy:26)&#xD;
	at com.kms.katalon.core.webui.keyword.builtin.GetTextKeyword$_getText_closure1.doCall(GetTextKeyword.groovy:78)&#xD;
	at com.kms.katalon.core.webui.keyword.builtin.GetTextKeyword$_getText_closure1.call(GetTextKeyword.groovy)&#xD;
	at com.kms.katalon.core.webui.keyword.internal.WebUIKeywordMain.runKeyword(WebUIKeywordMain.groovy:20)&#xD;
	at com.kms.katalon.core.webui.keyword.builtin.GetTextKeyword.getText(GetTextKeyword.groovy:88)&#xD;
	at com.kms.katalon.core.webui.keyword.builtin.GetTextKeyword.execute(GetTextKeyword.groovy:67)&#xD;
	at com.kms.katalon.core.keyword.internal.KeywordExecutor.executeKeywordForPlatform(KeywordExecutor.groovy:56)&#xD;
	at com.kms.katalon.core.webui.keyword.WebUiBuiltInKeywords.getText(WebUiBuiltInKeywords.groovy:888)&#xD;
	at com.kms.katalon.core.webui.keyword.WebUiBuiltInKeywords$getText$14.call(Unknown Source)&#xD;
	at pages.Sale.selectMonthYear(Sale.groovy:124)&#xD;
	at pages.Sale.invokeMethod(Sale.groovy)&#xD;
	at com.kms.katalon.core.main.CustomKeywordDelegatingMetaClass.invokeStaticMethod(CustomKeywordDelegatingMetaClass.java:50)&#xD;
	at Script1568973226735.run(Script1568973226735.groovy:109)&#xD;
	... 13 more&#xD;
)&#xD;
[[ATTACHMENT|C:\\VPOS_Git_31-10-2019\\VPOS_Internal\\Reports\\20191101_021613\\FirstView\\1stPayVault\\20191101_021614\\1572594551791.png]]&#xD;
&#xD;
2019-11-01 02:49:11 - [MESSAGE][FAILED] - Unable to get text of object 'Object Repository/Pages/Sale/link_MonthYear'&#xD;
&#xD;
2019-11-01 02:49:11 - [TEST_STEP][PASSED] - Start listener action : sampleAfterTestCase: null&#xD;
&#xD;
2019-11-01 02:49:11 - [TEST_STEP][PASSED] - println(testCaseContext.getTestCaseId()): null&#xD;
&#xD;
2019-11-01 02:49:11 - [TEST_STEP][PASSED] - println(testCaseContext.getTestCaseStatus()): null&#xD;
&#xD;
2019-11-01 02:49:11 - [TEST_STEP][PASSED] - testCaseName = testCaseContext.getTestCaseId(): null&#xD;
&#xD;
2019-11-01 02:49:11 - [TEST_STEP][PASSED] - strCount = testCaseName.lastIndexOf("/"): null&#xD;
&#xD;
2019-11-01 02:49:11 - [TEST_STEP][PASSED] - testCaseName = testCaseName.substring(strCount): null&#xD;
&#xD;
2019-11-01 02:49:11 - [TEST_STEP][PASSED] - println(testCaseName): null&#xD;
&#xD;
2019-11-01 02:49:11 - [TEST_STEP][PASSED] - if (getTestCaseStatus().equalsIgnoreCase("Error")): null&#xD;
&#xD;
2019-11-01 02:49:11 - [TEST_STEP][PASSED] - Start listener action : sampleAfterTestCase: null</system-out>
            <system-err>2019-11-01 02:30:53 - [TEST_CASE][FAILED] - Test Cases/FirstView/FirstPayVault/TC_1st_Pay_Vault_009: Test Cases/FirstView/FirstPayVault/TC_1st_Pay_Vault_009 FAILED.
Reason:
com.kms.katalon.core.exception.StepFailedException: unable to select the specified Month and Year&#xD;
	at com.kms.katalon.core.util.KeywordUtil.markFailed(KeywordUtil.java:19)&#xD;
	at com.kms.katalon.core.util.KeywordUtil$markFailed$2.call(Unknown Source)&#xD;
	at pages.Sale.selectMonthYear(Sale.groovy:145)&#xD;
	at pages.Sale.invokeMethod(Sale.groovy)&#xD;
	at com.kms.katalon.core.main.CustomKeywordDelegatingMetaClass.invokeStaticMethod(CustomKeywordDelegatingMetaClass.java:50)&#xD;
	at TC_1st_Pay_Vault_009.run(TC_1st_Pay_Vault_009:101)&#xD;
	at com.kms.katalon.core.main.ScriptEngine.run(ScriptEngine.java:194)&#xD;
	at com.kms.katalon.core.main.ScriptEngine.runScriptAsRawText(ScriptEngine.java:119)&#xD;
	at com.kms.katalon.core.main.TestCaseExecutor.runScript(TestCaseExecutor.java:337)&#xD;
	at com.kms.katalon.core.main.TestCaseExecutor.doExecute(TestCaseExecutor.java:328)&#xD;
	at com.kms.katalon.core.main.TestCaseExecutor.processExecutionPhase(TestCaseExecutor.java:307)&#xD;
	at com.kms.katalon.core.main.TestCaseExecutor.accessMainPhase(TestCaseExecutor.java:299)&#xD;
	at com.kms.katalon.core.main.TestCaseExecutor.execute(TestCaseExecutor.java:233)&#xD;
	at com.kms.katalon.core.main.TestSuiteExecutor.accessTestCaseMainPhase(TestSuiteExecutor.java:169)&#xD;
	at com.kms.katalon.core.main.TestSuiteExecutor.accessTestSuiteMainPhase(TestSuiteExecutor.java:142)&#xD;
	at com.kms.katalon.core.main.TestSuiteExecutor.execute(TestSuiteExecutor.java:91)&#xD;
	at com.kms.katalon.core.main.TestCaseMain.startTestSuite(TestCaseMain.java:157)&#xD;
	at com.kms.katalon.core.main.TestCaseMain$startTestSuite$0.call(Unknown Source)&#xD;
	at TempTestSuite1572592574803.run(TempTestSuite1572592574803.groovy:35)</system-err>
        </testcase>
        <testcase name="Test Cases/FirstView/FirstPayVault/TC_1st_Pay_Vault_010" classname="Test Cases/FirstView/FirstPayVault/TC_1st_Pay_Vault_010" status="PASSED">
            <system-out>2019-11-01 02:49:11 - [TEST_CASE][PASSED] - Test Cases/FirstView/FirstPayVault/TC_1st_Pay_Vault_010: Test Cases/FirstView/FirstPayVault/TC_1st_Pay_Vault_010&#xD;
&#xD;
2019-11-01 02:49:12 - [TEST_STEP][PASSED] - Start listener action : sampleBeforeTestCase: null&#xD;
&#xD;
2019-11-01 02:49:12 - [TEST_STEP][PASSED] - println(testCaseContext.getTestCaseId()): null&#xD;
&#xD;
2019-11-01 02:49:12 - [TEST_STEP][PASSED] - println(testCaseContext.getTestCaseVariables()): null&#xD;
&#xD;
2019-11-01 02:49:12 - [TEST_STEP][NOT_RUN] - utilities.SafeActions.openBrowser(Old_URL, [PageLoadTime]): NOT_RUN: utilities.SafeActions.openBrowser(Old_URL, [PageLoadTime])&#xD;
&#xD;
2019-11-01 02:49:12 - [MESSAGE][NOT_RUN] - NOT_RUN: utilities.SafeActions.openBrowser(Old_URL, [PageLoadTime])&#xD;
&#xD;
2019-11-01 02:49:12 - [TEST_STEP][NOT_RUN] - delay(6): NOT_RUN: delay(6)&#xD;
&#xD;
2019-11-01 02:49:12 - [MESSAGE][NOT_RUN] - NOT_RUN: delay(6)&#xD;
&#xD;
2019-11-01 02:49:12 - [TEST_STEP][NOT_RUN] - utilities.SafeActions.safeSelectOptionInDropDownByVisibleText(findTestObject("Pages/Sale/dropDown_AccountType"), "ranjanatest2 - 888814981372/001 Account Type: Retail", "Select by Value", [25]): NOT_RUN: utilities.SafeActions.safeSelectOptionInDropDownByVisibleText(findTestObject("Pages/Sale/dropDown_AccountType"), "ranjanatest2 - 888814981372/001 Account Type: Retail", "Select by Value", [25])&#xD;
&#xD;
2019-11-01 02:49:12 - [MESSAGE][NOT_RUN] - NOT_RUN: utilities.SafeActions.safeSelectOptionInDropDownByVisibleText(findTestObject("Pages/Sale/dropDown_AccountType"), "ranjanatest2 - 888814981372/001 Account Type: Retail", "Select by Value", [25])&#xD;
&#xD;
2019-11-01 02:49:12 - [TEST_STEP][PASSED] - utilities.SafeActions.openBrowser(URL, [PageLoadTime]): utilities.SafeActions.openBrowser is PASSED&#xD;
&#xD;
2019-11-01 02:49:12 - [MESSAGE][INFO] - Opening Browser&#xD;
&#xD;
2019-11-01 02:49:12 - [MESSAGE][WARNING] - A browser is already opened. Closing browser and opening a new one&#xD;
&#xD;
2019-11-01 02:49:15 - [MESSAGE][INFO] - Starting 'Firefox' driver&#xD;
&#xD;
2019-11-01 02:49:23 - [MESSAGE][PASSED] - Browser is opened with url: 'https://q-www-firstview-net.faps.net/MVC/Account/Login'&#xD;
&#xD;
2019-11-01 02:49:23 - [MESSAGE][PASSED] - Current window maximized&#xD;
&#xD;
2019-11-01 02:49:23 - [MESSAGE][INFO] - Browser Launched Successfully&#xD;
&#xD;
2019-11-01 02:49:23 - [MESSAGE][PASSED] - utilities.SafeActions.openBrowser is PASSED&#xD;
&#xD;
2019-11-01 02:49:23 - [TEST_STEP][PASSED] - pages.Login.login(uName, password): pages.Login.login is PASSED&#xD;
&#xD;
2019-11-01 02:49:23 - [MESSAGE][PASSED] - Object 'Object Repository/Pages/Login/userName' is present&#xD;
&#xD;
2019-11-01 02:49:23 - [MESSAGE][PASSED] - Scroll to object 'Object Repository/Pages/Login/userName' successfully&#xD;
&#xD;
2019-11-01 02:49:23 - [MESSAGE][PASSED] - Object 'Object Repository/Pages/Login/userName' is present&#xD;
&#xD;
2019-11-01 02:49:24 - [MESSAGE][PASSED] - Object: 'Object Repository/Pages/Login/userName' is clicked on&#xD;
&#xD;
2019-11-01 02:49:24 - [MESSAGE][PASSED] - Text 'ZenQRetail' is set on object 'Object Repository/Pages/Login/userName'&#xD;
&#xD;
2019-11-01 02:49:24 - [MESSAGE][PASSED] - Object 'Object Repository/Pages/Login/password' is present&#xD;
&#xD;
2019-11-01 02:49:24 - [MESSAGE][PASSED] - Scroll to object 'Object Repository/Pages/Login/password' successfully&#xD;
&#xD;
2019-11-01 02:49:24 - [MESSAGE][PASSED] - Object 'Object Repository/Pages/Login/password' is present&#xD;
&#xD;
2019-11-01 02:49:25 - [MESSAGE][PASSED] - Object: 'Object Repository/Pages/Login/password' is clicked on&#xD;
&#xD;
2019-11-01 02:49:25 - [MESSAGE][PASSED] - Text 'P@ssword1' is set on object 'Object Repository/Pages/Login/password'&#xD;
&#xD;
2019-11-01 02:49:25 - [MESSAGE][INFO] - Safe Click Without scroll&#xD;
&#xD;
2019-11-01 02:49:25 - [MESSAGE][INFO] - 1stPayVault.ts:waiting until Click on Login is Clickable&#xD;
&#xD;
2019-11-01 02:49:26 - [MESSAGE][PASSED] - Object 'Object Repository/Pages/Login/login' is clickable&#xD;
&#xD;
2019-11-01 02:49:26 - [MESSAGE][PASSED] - Object 'Object Repository/Pages/Login/login' is visible&#xD;
&#xD;
2019-11-01 02:49:28 - [MESSAGE][PASSED] - Object: 'Object Repository/Pages/Login/login' is clicked on&#xD;
&#xD;
2019-11-01 02:49:28 - [MESSAGE][INFO] - 1stPayVault.ts: click on the Click on Login&#xD;
&#xD;
2019-11-01 02:49:28 - [MESSAGE][PASSED] - pages.Login.login is PASSED&#xD;
&#xD;
2019-11-01 02:49:28 - [TEST_STEP][PASSED] - callTestCase(findTestCase("FirstView/Login/TC_SendCode"), [:], STOP_ON_FAILURE): Call Test Case 'Test Cases/FirstView/Login/TC_SendCode' successfully&#xD;
&#xD;
2019-11-01 02:49:28 - [TEST_CASE][PASSED] - Test Cases/FirstView/Login/TC_SendCode: Test Cases/FirstView/Login/TC_SendCode&#xD;
&#xD;
2019-11-01 02:49:28 - [TEST_STEP][PASSED] - flag = pages.SendCode.verifyPage(): pages.SendCode.verifyPage is PASSED&#xD;
&#xD;
2019-11-01 02:49:28 - [MESSAGE][PASSED] - Object 'Object Repository/Pages/SendCodeToValidate/header_SendCodeToValidate' is present and visible in viewport&#xD;
&#xD;
2019-11-01 02:49:28 - [MESSAGE][PASSED] - pages.SendCode.verifyPage is PASSED&#xD;
&#xD;
2019-11-01 02:49:28 - [TEST_STEP][PASSED] - if (flag): pages.SendCode.clickonUserSettings is PASSED&#xD;
&#xD;
2019-11-01 02:49:28 - [TEST_STEP][PASSED] - pages.SendCode.clickonUserSettings(): pages.SendCode.clickonUserSettings is PASSED&#xD;
&#xD;
2019-11-01 02:49:29 - [MESSAGE][PASSED] - Object 'Object Repository/Pages/SendCodeToValidate/link_UserSettings' is present&#xD;
&#xD;
2019-11-01 02:49:29 - [MESSAGE][PASSED] - Object 'Object Repository/Pages/SendCodeToValidate/link_UserSettings' is visible&#xD;
&#xD;
2019-11-01 02:49:29 - [MESSAGE][INFO] - 1stPayVault.ts:waiting until Click on User Settings is Clickable&#xD;
&#xD;
2019-11-01 02:49:29 - [MESSAGE][PASSED] - Object 'Object Repository/Pages/SendCodeToValidate/link_UserSettings' is clickable&#xD;
&#xD;
2019-11-01 02:49:29 - [MESSAGE][PASSED] - Object 'Object Repository/Pages/SendCodeToValidate/link_UserSettings' is visible&#xD;
&#xD;
2019-11-01 02:49:31 - [MESSAGE][PASSED] - Object: 'Object Repository/Pages/SendCodeToValidate/link_UserSettings' is clicked on&#xD;
&#xD;
2019-11-01 02:49:31 - [MESSAGE][INFO] - 1stPayVault.ts: Clicked on the Click on User Settings&#xD;
&#xD;
2019-11-01 02:49:31 - [MESSAGE][PASSED] - pages.SendCode.clickonUserSettings is PASSED&#xD;
&#xD;
2019-11-01 02:49:31 - [MESSAGE][PASSED] - Call Test Case 'Test Cases/FirstView/Login/TC_SendCode' successfully&#xD;
&#xD;
2019-11-01 02:49:31 - [TEST_STEP][PASSED] - callTestCase(findTestCase("FirstView/Login/TC_FirstView"), [:], STOP_ON_FAILURE): Call Test Case 'Test Cases/FirstView/Login/TC_FirstView' successfully&#xD;
&#xD;
2019-11-01 02:49:31 - [TEST_CASE][PASSED] - Test Cases/FirstView/Login/TC_FirstView: Test Cases/FirstView/Login/TC_FirstView&#xD;
&#xD;
2019-11-01 02:49:31 - [TEST_STEP][NOT_RUN] - utilities.SafeActions.safeClickWithoutScroll(findTestObject("Pages/FirstView/link_Home"), "Click on Home button in First View screen", [PageLoadTime]): NOT_RUN: utilities.SafeActions.safeClickWithoutScroll(findTestObject("Pages/FirstView/link_Home"), "Click on Home button in First View screen", [PageLoadTime])&#xD;
&#xD;
2019-11-01 02:49:31 - [MESSAGE][NOT_RUN] - NOT_RUN: utilities.SafeActions.safeClickWithoutScroll(findTestObject("Pages/FirstView/link_Home"), "Click on Home button in First View screen", [PageLoadTime])&#xD;
&#xD;
2019-11-01 02:49:31 - [TEST_STEP][PASSED] - delay(3): Delayed 3 second(s)&#xD;
&#xD;
2019-11-01 02:49:34 - [MESSAGE][PASSED] - Delayed 3 second(s)&#xD;
&#xD;
2019-11-01 02:49:34 - [TEST_STEP][PASSED] - utilities.SafeActions.javascriptclick(findTestObject("Pages/FirstView/link_Home"), delayForElement): utilities.SafeActions.javascriptclick is PASSED&#xD;
&#xD;
2019-11-01 02:49:34 - [MESSAGE][PASSED] - utilities.SafeActions.javascriptclick is PASSED&#xD;
&#xD;
2019-11-01 02:49:34 - [TEST_STEP][PASSED] - utilities.SafeActions.safeClickWithoutScroll(findTestObject("Pages/FirstView/link_VPOS"), "Click on VPOS button in First View screen", [PageLoadTime]): utilities.SafeActions.safeClickWithoutScroll is PASSED&#xD;
&#xD;
2019-11-01 02:49:35 - [MESSAGE][INFO] - Safe Click Without scroll&#xD;
&#xD;
2019-11-01 02:49:35 - [MESSAGE][INFO] - 1stPayVault.ts:waiting until Click on VPOS button in First View screen is Clickable&#xD;
&#xD;
2019-11-01 02:49:36 - [MESSAGE][PASSED] - Object 'Object Repository/Pages/FirstView/link_VPOS' is clickable&#xD;
&#xD;
2019-11-01 02:49:36 - [MESSAGE][PASSED] - Object 'Object Repository/Pages/FirstView/link_VPOS' is visible&#xD;
&#xD;
2019-11-01 02:49:37 - [MESSAGE][PASSED] - Object: 'Object Repository/Pages/FirstView/link_VPOS' is clicked on&#xD;
&#xD;
2019-11-01 02:49:37 - [MESSAGE][INFO] - 1stPayVault.ts: click on the Click on VPOS button in First View screen&#xD;
&#xD;
2019-11-01 02:49:37 - [MESSAGE][PASSED] - utilities.SafeActions.safeClickWithoutScroll is PASSED&#xD;
&#xD;
2019-11-01 02:49:37 - [MESSAGE][PASSED] - Call Test Case 'Test Cases/FirstView/Login/TC_FirstView' successfully&#xD;
&#xD;
2019-11-01 02:49:37 - [TEST_STEP][PASSED] - switchToWindowTitle("Transcenter - VPOS"): Switched to window with title: 'Transcenter - VPOS'&#xD;
&#xD;
2019-11-01 02:49:42 - [MESSAGE][PASSED] - Switched to window with title: 'Transcenter - VPOS'&#xD;
&#xD;
2019-11-01 02:49:42 - [TEST_STEP][PASSED] - focus(findTestObject("Pages/FirstPayVault/tab_FirstPayVault")): Object: 'Object Repository/Pages/FirstPayVault/tab_FirstPayVault' is focused&#xD;
&#xD;
2019-11-01 02:49:45 - [MESSAGE][PASSED] - Object: 'Object Repository/Pages/FirstPayVault/tab_FirstPayVault' is focused&#xD;
&#xD;
2019-11-01 02:49:45 - [TEST_STEP][PASSED] - utilities.SafeActions.javascriptclick(findTestObject("Pages/FirstPayVault/tab_FirstPayVault"), PageLoadTime): utilities.SafeActions.javascriptclick is PASSED&#xD;
&#xD;
2019-11-01 02:49:45 - [MESSAGE][PASSED] - utilities.SafeActions.javascriptclick is PASSED&#xD;
&#xD;
2019-11-01 02:49:46 - [TEST_STEP][PASSED] - delay(delayForElement): Delayed 6 second(s)&#xD;
&#xD;
2019-11-01 02:49:52 - [MESSAGE][PASSED] - Delayed 6 second(s)&#xD;
&#xD;
2019-11-01 02:49:52 - [TEST_STEP][PASSED] - utilities.SafeActions.safeClickWithoutScroll(findTestObject("Pages/FirstPayVault/tab_FirstPayVault"), "Click on FistPayVault tab", [delayForElement]): utilities.SafeActions.safeClickWithoutScroll is PASSED&#xD;
&#xD;
2019-11-01 02:49:52 - [MESSAGE][INFO] - Safe Click Without scroll&#xD;
&#xD;
2019-11-01 02:49:52 - [MESSAGE][INFO] - 1stPayVault.ts:waiting until Click on FistPayVault tab is Clickable&#xD;
&#xD;
2019-11-01 02:49:52 - [MESSAGE][PASSED] - Object 'Object Repository/Pages/FirstPayVault/tab_FirstPayVault' is clickable&#xD;
&#xD;
2019-11-01 02:49:52 - [MESSAGE][PASSED] - Object 'Object Repository/Pages/FirstPayVault/tab_FirstPayVault' is visible&#xD;
&#xD;
2019-11-01 02:49:53 - [MESSAGE][PASSED] - Object: 'Object Repository/Pages/FirstPayVault/tab_FirstPayVault' is clicked on&#xD;
&#xD;
2019-11-01 02:49:53 - [MESSAGE][INFO] - 1stPayVault.ts: click on the Click on FistPayVault tab&#xD;
&#xD;
2019-11-01 02:49:53 - [MESSAGE][PASSED] - utilities.SafeActions.safeClickWithoutScroll is PASSED&#xD;
&#xD;
2019-11-01 02:49:53 - [TEST_STEP][PASSED] - utilities.SafeActions.safeClickWithoutScroll(findTestObject("Pages/FirstPayVault/button_CreateVault"), "Click on CreateVault button", [PageLoadTime]): utilities.SafeActions.safeClickWithoutScroll is PASSED&#xD;
&#xD;
2019-11-01 02:49:53 - [MESSAGE][INFO] - Safe Click Without scroll&#xD;
&#xD;
2019-11-01 02:49:53 - [MESSAGE][INFO] - 1stPayVault.ts:waiting until Click on CreateVault button is Clickable&#xD;
&#xD;
2019-11-01 02:49:53 - [MESSAGE][PASSED] - Object 'Object Repository/Pages/FirstPayVault/button_CreateVault' is clickable&#xD;
&#xD;
2019-11-01 02:49:53 - [MESSAGE][PASSED] - Object 'Object Repository/Pages/FirstPayVault/button_CreateVault' is visible&#xD;
&#xD;
2019-11-01 02:49:54 - [MESSAGE][PASSED] - Object: 'Object Repository/Pages/FirstPayVault/button_CreateVault' is clicked on&#xD;
&#xD;
2019-11-01 02:49:54 - [MESSAGE][INFO] - 1stPayVault.ts: click on the Click on CreateVault button&#xD;
&#xD;
2019-11-01 02:49:54 - [MESSAGE][PASSED] - utilities.SafeActions.safeClickWithoutScroll is PASSED&#xD;
&#xD;
2019-11-01 02:49:54 - [TEST_STEP][PASSED] - scrollToElement(findTestObject("Pages/FirstPayVault/input_VaultReferenceNumber"), PageLoadTime): Scroll to object 'Object Repository/Pages/FirstPayVault/input_VaultReferenceNumber' successfully&#xD;
&#xD;
2019-11-01 02:49:54 - [MESSAGE][PASSED] - Scroll to object 'Object Repository/Pages/FirstPayVault/input_VaultReferenceNumber' successfully&#xD;
&#xD;
2019-11-01 02:49:54 - [TEST_STEP][PASSED] - vaultReference = utilities.SafeActions.timeWithMilliSeconds(): utilities.SafeActions.timeWithMilliSeconds is PASSED&#xD;
&#xD;
2019-11-01 02:49:54 - [MESSAGE][PASSED] - utilities.SafeActions.timeWithMilliSeconds is PASSED&#xD;
&#xD;
2019-11-01 02:49:54 - [TEST_STEP][PASSED] - utilities.SafeActions.safeType(findTestObject("Pages/FirstPayVault/input_VaultReferenceNumber"), vaultReference, "Entering Vault Reference Number", [PageLoadTime]): utilities.SafeActions.safeType is PASSED&#xD;
&#xD;
2019-11-01 02:49:54 - [MESSAGE][PASSED] - Object 'Object Repository/Pages/FirstPayVault/input_VaultReferenceNumber' is present&#xD;
&#xD;
2019-11-01 02:49:54 - [MESSAGE][PASSED] - Scroll to object 'Object Repository/Pages/FirstPayVault/input_VaultReferenceNumber' successfully&#xD;
&#xD;
2019-11-01 02:49:54 - [MESSAGE][PASSED] - Object 'Object Repository/Pages/FirstPayVault/input_VaultReferenceNumber' is present&#xD;
&#xD;
2019-11-01 02:49:55 - [MESSAGE][PASSED] - Object: 'Object Repository/Pages/FirstPayVault/input_VaultReferenceNumber' is clicked on&#xD;
&#xD;
2019-11-01 02:49:55 - [MESSAGE][PASSED] - Text '2019-11-01 02:49:54.526' is set on object 'Object Repository/Pages/FirstPayVault/input_VaultReferenceNumber'&#xD;
&#xD;
2019-11-01 02:49:55 - [MESSAGE][PASSED] - utilities.SafeActions.safeType is PASSED&#xD;
&#xD;
2019-11-01 02:49:55 - [TEST_STEP][PASSED] - utilities.SafeActions.safeType(findTestObject("Pages/FirstPayVault/input_CreditCardNumber"), visaCardNumber, "Entering Card Number", [PageLoadTime]): utilities.SafeActions.safeType is PASSED&#xD;
&#xD;
2019-11-01 02:49:55 - [MESSAGE][PASSED] - Object 'Object Repository/Pages/FirstPayVault/input_CreditCardNumber' is present&#xD;
&#xD;
2019-11-01 02:49:55 - [MESSAGE][PASSED] - Scroll to object 'Object Repository/Pages/FirstPayVault/input_CreditCardNumber' successfully&#xD;
&#xD;
2019-11-01 02:49:55 - [MESSAGE][PASSED] - Object 'Object Repository/Pages/FirstPayVault/input_CreditCardNumber' is present&#xD;
&#xD;
2019-11-01 02:49:56 - [MESSAGE][PASSED] - Object: 'Object Repository/Pages/FirstPayVault/input_CreditCardNumber' is clicked on&#xD;
&#xD;
2019-11-01 02:49:56 - [MESSAGE][PASSED] - Text '4111111111111111' is set on object 'Object Repository/Pages/FirstPayVault/input_CreditCardNumber'&#xD;
&#xD;
2019-11-01 02:49:56 - [MESSAGE][PASSED] - utilities.SafeActions.safeType is PASSED&#xD;
&#xD;
2019-11-01 02:49:56 - [TEST_STEP][NOT_RUN] - delay(4): NOT_RUN: delay(4)&#xD;
&#xD;
2019-11-01 02:49:56 - [MESSAGE][NOT_RUN] - NOT_RUN: delay(4)&#xD;
&#xD;
2019-11-01 02:49:56 - [TEST_STEP][PASSED] - utilities.SafeActions.safeSelectOptionInDropDownByVisibleText(findTestObject("Pages/FirstPayVault/dropDown_ExpirationMonth"), cardMonth, "Expiration Month", [PageLoadTime]): utilities.SafeActions.safeSelectOptionInDropDownByVisibleText is PASSED&#xD;
&#xD;
2019-11-01 02:49:56 - [MESSAGE][PASSED] - Object 'Object Repository/Pages/FirstPayVault/dropDown_ExpirationMonth' is visible&#xD;
&#xD;
2019-11-01 02:49:56 - [MESSAGE][PASSED] - Object 'Object Repository/Pages/FirstPayVault/dropDown_ExpirationMonth' is present&#xD;
&#xD;
2019-11-01 02:49:57 - [MESSAGE][PASSED] - Object: 'Object Repository/Pages/FirstPayVault/dropDown_ExpirationMonth' is clicked on&#xD;
&#xD;
2019-11-01 02:49:57 - [MESSAGE][PASSED] - All options with label 'September' are selected in object 'Object Repository/Pages/FirstPayVault/dropDown_ExpirationMonth' &#xD;
&#xD;
2019-11-01 02:49:57 - [MESSAGE][PASSED] - utilities.SafeActions.safeSelectOptionInDropDownByVisibleText is PASSED&#xD;
&#xD;
2019-11-01 02:49:57 - [TEST_STEP][PASSED] - utilities.SafeActions.safeSelectOptionInDropDownByVisibleText(findTestObject("Pages/FirstPayVault/dropDown_ExpirationYear"), cardYear, "year", [PageLoadTime]): utilities.SafeActions.safeSelectOptionInDropDownByVisibleText is PASSED&#xD;
&#xD;
2019-11-01 02:49:58 - [MESSAGE][PASSED] - Object 'Object Repository/Pages/FirstPayVault/dropDown_ExpirationYear' is visible&#xD;
&#xD;
2019-11-01 02:49:58 - [MESSAGE][PASSED] - Object 'Object Repository/Pages/FirstPayVault/dropDown_ExpirationYear' is present&#xD;
&#xD;
2019-11-01 02:49:58 - [MESSAGE][PASSED] - Object: 'Object Repository/Pages/FirstPayVault/dropDown_ExpirationYear' is clicked on&#xD;
&#xD;
2019-11-01 02:49:59 - [MESSAGE][PASSED] - All options with label '2032' are selected in object 'Object Repository/Pages/FirstPayVault/dropDown_ExpirationYear' &#xD;
&#xD;
2019-11-01 02:49:59 - [MESSAGE][PASSED] - utilities.SafeActions.safeSelectOptionInDropDownByVisibleText is PASSED&#xD;
&#xD;
2019-11-01 02:49:59 - [TEST_STEP][NOT_RUN] - delay(2): NOT_RUN: delay(2)&#xD;
&#xD;
2019-11-01 02:49:59 - [MESSAGE][NOT_RUN] - NOT_RUN: delay(2)&#xD;
&#xD;
2019-11-01 02:49:59 - [TEST_STEP][PASSED] - utilities.SafeActions.safeType(findTestObject("Pages/FirstPayVault/input_ContactName"), customerName, "Enter Contact Name", [PageLoadTime]): utilities.SafeActions.safeType is PASSED&#xD;
&#xD;
2019-11-01 02:49:59 - [MESSAGE][PASSED] - Object 'Object Repository/Pages/FirstPayVault/input_ContactName' is present&#xD;
&#xD;
2019-11-01 02:49:59 - [MESSAGE][PASSED] - Scroll to object 'Object Repository/Pages/FirstPayVault/input_ContactName' successfully&#xD;
&#xD;
2019-11-01 02:49:59 - [MESSAGE][PASSED] - Object 'Object Repository/Pages/FirstPayVault/input_ContactName' is present&#xD;
&#xD;
2019-11-01 02:50:00 - [MESSAGE][PASSED] - Object: 'Object Repository/Pages/FirstPayVault/input_ContactName' is clicked on&#xD;
&#xD;
2019-11-01 02:50:00 - [MESSAGE][PASSED] - Text 'Venkata Sai' is set on object 'Object Repository/Pages/FirstPayVault/input_ContactName'&#xD;
&#xD;
2019-11-01 02:50:00 - [MESSAGE][PASSED] - utilities.SafeActions.safeType is PASSED&#xD;
&#xD;
2019-11-01 02:50:00 - [TEST_STEP][PASSED] - utilities.SafeActions.safeType(findTestObject("Pages/FirstPayVault/input_PostalCode"), postalCode, "Enter Postal Code", [PageLoadTime]): utilities.SafeActions.safeType is PASSED&#xD;
&#xD;
2019-11-01 02:50:00 - [MESSAGE][PASSED] - Object 'Object Repository/Pages/FirstPayVault/input_PostalCode' is present&#xD;
&#xD;
2019-11-01 02:50:00 - [MESSAGE][PASSED] - Scroll to object 'Object Repository/Pages/FirstPayVault/input_PostalCode' successfully&#xD;
&#xD;
2019-11-01 02:50:00 - [MESSAGE][PASSED] - Object 'Object Repository/Pages/FirstPayVault/input_PostalCode' is present&#xD;
&#xD;
2019-11-01 02:50:01 - [MESSAGE][PASSED] - Object: 'Object Repository/Pages/FirstPayVault/input_PostalCode' is clicked on&#xD;
&#xD;
2019-11-01 02:50:01 - [MESSAGE][PASSED] - Text '76102' is set on object 'Object Repository/Pages/FirstPayVault/input_PostalCode'&#xD;
&#xD;
2019-11-01 02:50:01 - [MESSAGE][PASSED] - utilities.SafeActions.safeType is PASSED&#xD;
&#xD;
2019-11-01 02:50:01 - [TEST_STEP][PASSED] - utilities.SafeActions.safeType(findTestObject("Pages/FirstPayVault/input_Address"), address, "Enter ddress", [PageLoadTime]): utilities.SafeActions.safeType is PASSED&#xD;
&#xD;
2019-11-01 02:50:01 - [MESSAGE][PASSED] - Object 'Object Repository/Pages/FirstPayVault/input_Address' is present&#xD;
&#xD;
2019-11-01 02:50:01 - [MESSAGE][PASSED] - Scroll to object 'Object Repository/Pages/FirstPayVault/input_Address' successfully&#xD;
&#xD;
2019-11-01 02:50:01 - [MESSAGE][PASSED] - Object 'Object Repository/Pages/FirstPayVault/input_Address' is present&#xD;
&#xD;
2019-11-01 02:50:02 - [MESSAGE][PASSED] - Object: 'Object Repository/Pages/FirstPayVault/input_Address' is clicked on&#xD;
&#xD;
2019-11-01 02:50:02 - [MESSAGE][PASSED] - Text 'Street123' is set on object 'Object Repository/Pages/FirstPayVault/input_Address'&#xD;
&#xD;
2019-11-01 02:50:02 - [MESSAGE][PASSED] - utilities.SafeActions.safeType is PASSED&#xD;
&#xD;
2019-11-01 02:50:02 - [TEST_STEP][PASSED] - utilities.SafeActions.safeCheckForElement(findTestObject("Pages/FirstPayVault/chekBox_AddShippingInformation"), PageLoadTime): utilities.SafeActions.safeCheckForElement is PASSED&#xD;
&#xD;
2019-11-01 02:50:02 - [MESSAGE][PASSED] - Object 'Object Repository/Pages/FirstPayVault/chekBox_AddShippingInformation' is present&#xD;
&#xD;
2019-11-01 02:50:02 - [MESSAGE][PASSED] - Object 'Object Repository/Pages/FirstPayVault/chekBox_AddShippingInformation' is visible&#xD;
&#xD;
2019-11-01 02:50:02 - [MESSAGE][PASSED] - Object 'Object Repository/Pages/FirstPayVault/chekBox_AddShippingInformation' is present&#xD;
&#xD;
2019-11-01 02:50:03 - [MESSAGE][PASSED] - Object 'Object Repository/Pages/FirstPayVault/chekBox_AddShippingInformation' is checked&#xD;
&#xD;
2019-11-01 02:50:03 - [MESSAGE][PASSED] - utilities.SafeActions.safeCheckForElement is PASSED&#xD;
&#xD;
2019-11-01 02:50:03 - [TEST_STEP][PASSED] - utilities.SafeActions.safeType(findTestObject("Pages/FirstPayVault/input_ShippingMethod"), shippingMethod, "Enter Shipping Method", [PageLoadTime]): utilities.SafeActions.safeType is PASSED&#xD;
&#xD;
2019-11-01 02:50:03 - [MESSAGE][PASSED] - Object 'Object Repository/Pages/FirstPayVault/input_ShippingMethod' is present&#xD;
&#xD;
2019-11-01 02:50:03 - [MESSAGE][PASSED] - Scroll to object 'Object Repository/Pages/FirstPayVault/input_ShippingMethod' successfully&#xD;
&#xD;
2019-11-01 02:50:03 - [MESSAGE][PASSED] - Object 'Object Repository/Pages/FirstPayVault/input_ShippingMethod' is present&#xD;
&#xD;
2019-11-01 02:50:04 - [MESSAGE][PASSED] - Object: 'Object Repository/Pages/FirstPayVault/input_ShippingMethod' is clicked on&#xD;
&#xD;
2019-11-01 02:50:04 - [MESSAGE][PASSED] - Text 'DTDC' is set on object 'Object Repository/Pages/FirstPayVault/input_ShippingMethod'&#xD;
&#xD;
2019-11-01 02:50:04 - [MESSAGE][PASSED] - utilities.SafeActions.safeType is PASSED&#xD;
&#xD;
2019-11-01 02:50:04 - [TEST_STEP][PASSED] - utilities.SafeActions.safeCheckForElement(findTestObject("Pages/FirstPayVault/checkbox_SameAsBillingInformation"), PageLoadTime): utilities.SafeActions.safeCheckForElement is PASSED&#xD;
&#xD;
2019-11-01 02:50:04 - [MESSAGE][PASSED] - Object 'Object Repository/Pages/FirstPayVault/checkbox_SameAsBillingInformation' is present&#xD;
&#xD;
2019-11-01 02:50:04 - [MESSAGE][PASSED] - Object 'Object Repository/Pages/FirstPayVault/checkbox_SameAsBillingInformation' is visible&#xD;
&#xD;
2019-11-01 02:50:04 - [MESSAGE][PASSED] - Object 'Object Repository/Pages/FirstPayVault/checkbox_SameAsBillingInformation' is present&#xD;
&#xD;
2019-11-01 02:50:05 - [MESSAGE][PASSED] - Object 'Object Repository/Pages/FirstPayVault/checkbox_SameAsBillingInformation' is checked&#xD;
&#xD;
2019-11-01 02:50:05 - [MESSAGE][PASSED] - utilities.SafeActions.safeCheckForElement is PASSED&#xD;
&#xD;
2019-11-01 02:50:05 - [TEST_STEP][PASSED] - utilities.SafeActions.safeClickwithScroll(findTestObject("Pages/FirstPayVault/button_Create"), "Click on Create Button", [PageLoadTime]): utilities.SafeActions.safeClickwithScroll is PASSED&#xD;
&#xD;
2019-11-01 02:50:05 - [MESSAGE][PASSED] - Object 'Object Repository/Pages/FirstPayVault/button_Create' is present&#xD;
&#xD;
2019-11-01 02:50:05 - [MESSAGE][PASSED] - Object 'Object Repository/Pages/FirstPayVault/button_Create' is visible&#xD;
&#xD;
2019-11-01 02:50:05 - [MESSAGE][INFO] - 1stPayVault.ts:waiting until Click on Create Button is Clickable&#xD;
&#xD;
2019-11-01 02:50:05 - [MESSAGE][PASSED] - Object 'Object Repository/Pages/FirstPayVault/button_Create' is clickable&#xD;
&#xD;
2019-11-01 02:50:06 - [MESSAGE][PASSED] - Object 'Object Repository/Pages/FirstPayVault/button_Create' is visible&#xD;
&#xD;
2019-11-01 02:50:07 - [MESSAGE][PASSED] - Object: 'Object Repository/Pages/FirstPayVault/button_Create' is clicked on&#xD;
&#xD;
2019-11-01 02:50:07 - [MESSAGE][INFO] - 1stPayVault.ts: Clicked on the Click on Create Button&#xD;
&#xD;
2019-11-01 02:50:07 - [MESSAGE][PASSED] - utilities.SafeActions.safeClickwithScroll is PASSED&#xD;
&#xD;
2019-11-01 02:50:07 - [TEST_STEP][PASSED] - delay(2): Delayed 2 second(s)&#xD;
&#xD;
2019-11-01 02:50:09 - [MESSAGE][PASSED] - Delayed 2 second(s)&#xD;
&#xD;
2019-11-01 02:50:09 - [TEST_STEP][PASSED] - popupSavedToVaultMessage = utilities.SafeActions.safeGetText(findTestObject("Pages/FirstPayVault/popup_SavedToVaultMessage"), PageLoadTime): utilities.SafeActions.safeGetText is PASSED&#xD;
&#xD;
2019-11-01 02:50:09 - [MESSAGE][PASSED] - Object 'Object Repository/Pages/FirstPayVault/popup_SavedToVaultMessage' is present&#xD;
&#xD;
2019-11-01 02:50:09 - [MESSAGE][PASSED] - Scroll to object 'Object Repository/Pages/FirstPayVault/popup_SavedToVaultMessage' successfully&#xD;
&#xD;
2019-11-01 02:50:09 - [MESSAGE][PASSED] - Object 'Object Repository/Pages/FirstPayVault/popup_SavedToVaultMessage' is present&#xD;
&#xD;
2019-11-01 02:50:09 - [MESSAGE][PASSED] - Text of object 'Object Repository/Pages/FirstPayVault/popup_SavedToVaultMessage' is: 'Successfully Saved to Vault'&#xD;
&#xD;
2019-11-01 02:50:09 - [MESSAGE][PASSED] - utilities.SafeActions.safeGetText is PASSED&#xD;
&#xD;
2019-11-01 02:50:09 - [TEST_STEP][PASSED] - flag = utilities.SafeActions.verifyPopupMessage("Successfully Saved to Vault", popupSavedToVaultMessage): Popup Message : Successfully Saved to Vault matched with expected message : Successfully Saved to Vault&#xD;
&#xD;
2019-11-01 02:50:09 - [MESSAGE][PASSED] - Popup Message : Successfully Saved to Vault matched with expected message : Successfully Saved to Vault&#xD;
&#xD;
2019-11-01 02:50:09 - [TEST_STEP][PASSED] - utilities.SafeActions.safeClickWithoutScroll(findTestObject("Pages/FirstPayVault/button_SearchVault_InPopup"), "Search Vault in Popup", [delayBetweenTestSteps]): utilities.SafeActions.safeClickWithoutScroll is PASSED&#xD;
&#xD;
2019-11-01 02:50:09 - [MESSAGE][INFO] - Safe Click Without scroll&#xD;
&#xD;
2019-11-01 02:50:09 - [MESSAGE][INFO] - 1stPayVault.ts:waiting until Search Vault in Popup is Clickable&#xD;
&#xD;
2019-11-01 02:50:09 - [MESSAGE][PASSED] - Object 'Object Repository/Pages/FirstPayVault/button_SearchVault_InPopup' is clickable&#xD;
&#xD;
2019-11-01 02:50:09 - [MESSAGE][PASSED] - Object 'Object Repository/Pages/FirstPayVault/button_SearchVault_InPopup' is visible&#xD;
&#xD;
2019-11-01 02:50:10 - [MESSAGE][PASSED] - Object: 'Object Repository/Pages/FirstPayVault/button_SearchVault_InPopup' is clicked on&#xD;
&#xD;
2019-11-01 02:50:10 - [MESSAGE][INFO] - 1stPayVault.ts: click on the Search Vault in Popup&#xD;
&#xD;
2019-11-01 02:50:10 - [MESSAGE][PASSED] - utilities.SafeActions.safeClickWithoutScroll is PASSED&#xD;
&#xD;
2019-11-01 02:50:10 - [TEST_STEP][PASSED] - scrollToElement(findTestObject("Pages/FirstPayVault/filter_FullCreditCardNumber"), delayBetweenTestSteps): Scroll to object 'Object Repository/Pages/FirstPayVault/filter_FullCreditCardNumber' successfully&#xD;
&#xD;
2019-11-01 02:50:10 - [MESSAGE][PASSED] - Scroll to object 'Object Repository/Pages/FirstPayVault/filter_FullCreditCardNumber' successfully&#xD;
&#xD;
2019-11-01 02:50:10 - [TEST_STEP][PASSED] - utilities.SafeActions.safeType(findTestObject("Pages/FirstPayVault/filter_FullCreditCardNumber"), visaCardNumber, "Enter full Credit Card Number", [delayBetweenTestSteps]): utilities.SafeActions.safeType is PASSED&#xD;
&#xD;
2019-11-01 02:50:10 - [MESSAGE][PASSED] - Object 'Object Repository/Pages/FirstPayVault/filter_FullCreditCardNumber' is present&#xD;
&#xD;
2019-11-01 02:50:10 - [MESSAGE][PASSED] - Scroll to object 'Object Repository/Pages/FirstPayVault/filter_FullCreditCardNumber' successfully&#xD;
&#xD;
2019-11-01 02:50:10 - [MESSAGE][PASSED] - Object 'Object Repository/Pages/FirstPayVault/filter_FullCreditCardNumber' is present&#xD;
&#xD;
2019-11-01 02:50:11 - [MESSAGE][PASSED] - Object: 'Object Repository/Pages/FirstPayVault/filter_FullCreditCardNumber' is clicked on&#xD;
&#xD;
2019-11-01 02:50:11 - [MESSAGE][PASSED] - Text '4111111111111111' is set on object 'Object Repository/Pages/FirstPayVault/filter_FullCreditCardNumber'&#xD;
&#xD;
2019-11-01 02:50:11 - [MESSAGE][PASSED] - utilities.SafeActions.safeType is PASSED&#xD;
&#xD;
2019-11-01 02:50:11 - [TEST_STEP][PASSED] - utilities.SafeActions.safeClickWithoutScroll(findTestObject("Pages/FirstPayVault/button_Search"), "Click On Search button", [PageLoadTime]): utilities.SafeActions.safeClickWithoutScroll is PASSED&#xD;
&#xD;
2019-11-01 02:50:11 - [MESSAGE][INFO] - Safe Click Without scroll&#xD;
&#xD;
2019-11-01 02:50:11 - [MESSAGE][INFO] - 1stPayVault.ts:waiting until Click On Search button is Clickable&#xD;
&#xD;
2019-11-01 02:50:11 - [MESSAGE][PASSED] - Object 'Object Repository/Pages/FirstPayVault/button_Search' is clickable&#xD;
&#xD;
2019-11-01 02:50:11 - [MESSAGE][PASSED] - Object 'Object Repository/Pages/FirstPayVault/button_Search' is visible&#xD;
&#xD;
2019-11-01 02:50:12 - [MESSAGE][PASSED] - Object: 'Object Repository/Pages/FirstPayVault/button_Search' is clicked on&#xD;
&#xD;
2019-11-01 02:50:12 - [MESSAGE][INFO] - 1stPayVault.ts: click on the Click On Search button&#xD;
&#xD;
2019-11-01 02:50:12 - [MESSAGE][PASSED] - utilities.SafeActions.safeClickWithoutScroll is PASSED&#xD;
&#xD;
2019-11-01 02:50:12 - [TEST_STEP][PASSED] - scrollToElement(findTestObject("Pages/Transaction_Management/invoice_ForTransaction"), PageLoadTime): Scroll to object 'Object Repository/Pages/Transaction_Management/invoice_ForTransaction' successfully&#xD;
&#xD;
2019-11-01 02:50:15 - [MESSAGE][PASSED] - Scroll to object 'Object Repository/Pages/Transaction_Management/invoice_ForTransaction' successfully&#xD;
&#xD;
2019-11-01 02:50:15 - [TEST_STEP][PASSED] - pages.FirstPayVault.verifyAllRecordsFilteredByCardNumber(findTestObject("Pages/FirstPayVault/footer_NextButton"), findTestObject("Pages/FirstPayVault/page_Number"), visaCardNumber): All filtered Records have expected card Number&#xD;
&#xD;
2019-11-01 02:50:15 - [MESSAGE][PASSED] - Text of object 'Object Repository/Pages/FirstPayVault/page_Number' is: 'Page 1 of 32'&#xD;
&#xD;
2019-11-01 02:50:17 - [MESSAGE][PASSED] - Delayed 1 second(s)&#xD;
&#xD;
2019-11-01 02:50:17 - [MESSAGE][PASSED] - Object: 'Object Repository/Pages/FirstPayVault/footer_NextButton' is clicked on&#xD;
&#xD;
2019-11-01 02:50:19 - [MESSAGE][PASSED] - Delayed 2 second(s)&#xD;
&#xD;
2019-11-01 02:50:20 - [MESSAGE][PASSED] - Delayed 1 second(s)&#xD;
&#xD;
2019-11-01 02:50:20 - [MESSAGE][PASSED] - Object: 'Object Repository/Pages/FirstPayVault/footer_NextButton' is clicked on&#xD;
&#xD;
2019-11-01 02:50:22 - [MESSAGE][PASSED] - Delayed 2 second(s)&#xD;
&#xD;
2019-11-01 02:50:24 - [MESSAGE][PASSED] - Delayed 1 second(s)&#xD;
&#xD;
2019-11-01 02:50:24 - [MESSAGE][PASSED] - Object: 'Object Repository/Pages/FirstPayVault/footer_NextButton' is clicked on&#xD;
&#xD;
2019-11-01 02:50:26 - [MESSAGE][PASSED] - Delayed 2 second(s)&#xD;
&#xD;
2019-11-01 02:50:27 - [MESSAGE][PASSED] - Delayed 1 second(s)&#xD;
&#xD;
2019-11-01 02:50:27 - [MESSAGE][PASSED] - Object: 'Object Repository/Pages/FirstPayVault/footer_NextButton' is clicked on&#xD;
&#xD;
2019-11-01 02:50:29 - [MESSAGE][PASSED] - Delayed 2 second(s)&#xD;
&#xD;
2019-11-01 02:50:31 - [MESSAGE][PASSED] - Delayed 1 second(s)&#xD;
&#xD;
2019-11-01 02:50:31 - [MESSAGE][PASSED] - Object: 'Object Repository/Pages/FirstPayVault/footer_NextButton' is clicked on&#xD;
&#xD;
2019-11-01 02:50:33 - [MESSAGE][PASSED] - Delayed 2 second(s)&#xD;
&#xD;
2019-11-01 02:50:34 - [MESSAGE][PASSED] - Delayed 1 second(s)&#xD;
&#xD;
2019-11-01 02:50:34 - [MESSAGE][PASSED] - Object: 'Object Repository/Pages/FirstPayVault/footer_NextButton' is clicked on&#xD;
&#xD;
2019-11-01 02:50:36 - [MESSAGE][PASSED] - Delayed 2 second(s)&#xD;
&#xD;
2019-11-01 02:50:38 - [MESSAGE][PASSED] - Delayed 1 second(s)&#xD;
&#xD;
2019-11-01 02:50:38 - [MESSAGE][PASSED] - Object: 'Object Repository/Pages/FirstPayVault/footer_NextButton' is clicked on&#xD;
&#xD;
2019-11-01 02:50:40 - [MESSAGE][PASSED] - Delayed 2 second(s)&#xD;
&#xD;
2019-11-01 02:50:41 - [MESSAGE][PASSED] - Delayed 1 second(s)&#xD;
&#xD;
2019-11-01 02:50:42 - [MESSAGE][PASSED] - Object: 'Object Repository/Pages/FirstPayVault/footer_NextButton' is clicked on&#xD;
&#xD;
2019-11-01 02:50:44 - [MESSAGE][PASSED] - Delayed 2 second(s)&#xD;
&#xD;
2019-11-01 02:50:45 - [MESSAGE][PASSED] - Delayed 1 second(s)&#xD;
&#xD;
2019-11-01 02:50:45 - [MESSAGE][PASSED] - Object: 'Object Repository/Pages/FirstPayVault/footer_NextButton' is clicked on&#xD;
&#xD;
2019-11-01 02:50:47 - [MESSAGE][PASSED] - Delayed 2 second(s)&#xD;
&#xD;
2019-11-01 02:50:48 - [MESSAGE][PASSED] - Delayed 1 second(s)&#xD;
&#xD;
2019-11-01 02:50:49 - [MESSAGE][PASSED] - Object: 'Object Repository/Pages/FirstPayVault/footer_NextButton' is clicked on&#xD;
&#xD;
2019-11-01 02:50:51 - [MESSAGE][PASSED] - Delayed 2 second(s)&#xD;
&#xD;
2019-11-01 02:50:52 - [MESSAGE][PASSED] - Delayed 1 second(s)&#xD;
&#xD;
2019-11-01 02:50:52 - [MESSAGE][PASSED] - Object: 'Object Repository/Pages/FirstPayVault/footer_NextButton' is clicked on&#xD;
&#xD;
2019-11-01 02:50:54 - [MESSAGE][PASSED] - Delayed 2 second(s)&#xD;
&#xD;
2019-11-01 02:50:56 - [MESSAGE][PASSED] - Delayed 1 second(s)&#xD;
&#xD;
2019-11-01 02:50:56 - [MESSAGE][PASSED] - Object: 'Object Repository/Pages/FirstPayVault/footer_NextButton' is clicked on&#xD;
&#xD;
2019-11-01 02:50:58 - [MESSAGE][PASSED] - Delayed 2 second(s)&#xD;
&#xD;
2019-11-01 02:50:59 - [MESSAGE][PASSED] - Delayed 1 second(s)&#xD;
&#xD;
2019-11-01 02:50:59 - [MESSAGE][PASSED] - Object: 'Object Repository/Pages/FirstPayVault/footer_NextButton' is clicked on&#xD;
&#xD;
2019-11-01 02:51:01 - [MESSAGE][PASSED] - Delayed 2 second(s)&#xD;
&#xD;
2019-11-01 02:51:03 - [MESSAGE][PASSED] - Delayed 1 second(s)&#xD;
&#xD;
2019-11-01 02:51:03 - [MESSAGE][PASSED] - Object: 'Object Repository/Pages/FirstPayVault/footer_NextButton' is clicked on&#xD;
&#xD;
2019-11-01 02:51:05 - [MESSAGE][PASSED] - Delayed 2 second(s)&#xD;
&#xD;
2019-11-01 02:51:06 - [MESSAGE][PASSED] - Delayed 1 second(s)&#xD;
&#xD;
2019-11-01 02:51:06 - [MESSAGE][PASSED] - Object: 'Object Repository/Pages/FirstPayVault/footer_NextButton' is clicked on&#xD;
&#xD;
2019-11-01 02:51:08 - [MESSAGE][PASSED] - Delayed 2 second(s)&#xD;
&#xD;
2019-11-01 02:51:10 - [MESSAGE][PASSED] - Delayed 1 second(s)&#xD;
&#xD;
2019-11-01 02:51:10 - [MESSAGE][PASSED] - Object: 'Object Repository/Pages/FirstPayVault/footer_NextButton' is clicked on&#xD;
&#xD;
2019-11-01 02:51:12 - [MESSAGE][PASSED] - Delayed 2 second(s)&#xD;
&#xD;
2019-11-01 02:51:13 - [MESSAGE][PASSED] - Delayed 1 second(s)&#xD;
&#xD;
2019-11-01 02:51:13 - [MESSAGE][PASSED] - Object: 'Object Repository/Pages/FirstPayVault/footer_NextButton' is clicked on&#xD;
&#xD;
2019-11-01 02:51:15 - [MESSAGE][PASSED] - Delayed 2 second(s)&#xD;
&#xD;
2019-11-01 02:51:17 - [MESSAGE][PASSED] - Delayed 1 second(s)&#xD;
&#xD;
2019-11-01 02:51:17 - [MESSAGE][PASSED] - Object: 'Object Repository/Pages/FirstPayVault/footer_NextButton' is clicked on&#xD;
&#xD;
2019-11-01 02:51:19 - [MESSAGE][PASSED] - Delayed 2 second(s)&#xD;
&#xD;
2019-11-01 02:51:20 - [MESSAGE][PASSED] - Delayed 1 second(s)&#xD;
&#xD;
2019-11-01 02:51:20 - [MESSAGE][PASSED] - Object: 'Object Repository/Pages/FirstPayVault/footer_NextButton' is clicked on&#xD;
&#xD;
2019-11-01 02:51:22 - [MESSAGE][PASSED] - Delayed 2 second(s)&#xD;
&#xD;
2019-11-01 02:51:24 - [MESSAGE][PASSED] - Delayed 1 second(s)&#xD;
&#xD;
2019-11-01 02:51:24 - [MESSAGE][PASSED] - Object: 'Object Repository/Pages/FirstPayVault/footer_NextButton' is clicked on&#xD;
&#xD;
2019-11-01 02:51:26 - [MESSAGE][PASSED] - Delayed 2 second(s)&#xD;
&#xD;
2019-11-01 02:51:27 - [MESSAGE][PASSED] - Delayed 1 second(s)&#xD;
&#xD;
2019-11-01 02:51:27 - [MESSAGE][PASSED] - Object: 'Object Repository/Pages/FirstPayVault/footer_NextButton' is clicked on&#xD;
&#xD;
2019-11-01 02:51:29 - [MESSAGE][PASSED] - Delayed 2 second(s)&#xD;
&#xD;
2019-11-01 02:51:31 - [MESSAGE][PASSED] - Delayed 1 second(s)&#xD;
&#xD;
2019-11-01 02:51:31 - [MESSAGE][PASSED] - Object: 'Object Repository/Pages/FirstPayVault/footer_NextButton' is clicked on&#xD;
&#xD;
2019-11-01 02:51:33 - [MESSAGE][PASSED] - Delayed 2 second(s)&#xD;
&#xD;
2019-11-01 02:51:34 - [MESSAGE][PASSED] - Delayed 1 second(s)&#xD;
&#xD;
2019-11-01 02:51:34 - [MESSAGE][PASSED] - Object: 'Object Repository/Pages/FirstPayVault/footer_NextButton' is clicked on&#xD;
&#xD;
2019-11-01 02:51:36 - [MESSAGE][PASSED] - Delayed 2 second(s)&#xD;
&#xD;
2019-11-01 02:51:38 - [MESSAGE][PASSED] - Delayed 1 second(s)&#xD;
&#xD;
2019-11-01 02:51:38 - [MESSAGE][PASSED] - Object: 'Object Repository/Pages/FirstPayVault/footer_NextButton' is clicked on&#xD;
&#xD;
2019-11-01 02:51:40 - [MESSAGE][PASSED] - Delayed 2 second(s)&#xD;
&#xD;
2019-11-01 02:51:41 - [MESSAGE][PASSED] - Delayed 1 second(s)&#xD;
&#xD;
2019-11-01 02:51:41 - [MESSAGE][PASSED] - Object: 'Object Repository/Pages/FirstPayVault/footer_NextButton' is clicked on&#xD;
&#xD;
2019-11-01 02:51:43 - [MESSAGE][PASSED] - Delayed 2 second(s)&#xD;
&#xD;
2019-11-01 02:51:45 - [MESSAGE][PASSED] - Delayed 1 second(s)&#xD;
&#xD;
2019-11-01 02:51:45 - [MESSAGE][PASSED] - Object: 'Object Repository/Pages/FirstPayVault/footer_NextButton' is clicked on&#xD;
&#xD;
2019-11-01 02:51:47 - [MESSAGE][PASSED] - Delayed 2 second(s)&#xD;
&#xD;
2019-11-01 02:51:48 - [MESSAGE][PASSED] - Delayed 1 second(s)&#xD;
&#xD;
2019-11-01 02:51:48 - [MESSAGE][PASSED] - Object: 'Object Repository/Pages/FirstPayVault/footer_NextButton' is clicked on&#xD;
&#xD;
2019-11-01 02:51:51 - [MESSAGE][PASSED] - Delayed 2 second(s)&#xD;
&#xD;
2019-11-01 02:51:52 - [MESSAGE][PASSED] - Delayed 1 second(s)&#xD;
&#xD;
2019-11-01 02:51:52 - [MESSAGE][PASSED] - Object: 'Object Repository/Pages/FirstPayVault/footer_NextButton' is clicked on&#xD;
&#xD;
2019-11-01 02:51:54 - [MESSAGE][PASSED] - Delayed 2 second(s)&#xD;
&#xD;
2019-11-01 02:51:55 - [MESSAGE][PASSED] - Delayed 1 second(s)&#xD;
&#xD;
2019-11-01 02:51:56 - [MESSAGE][PASSED] - Object: 'Object Repository/Pages/FirstPayVault/footer_NextButton' is clicked on&#xD;
&#xD;
2019-11-01 02:51:58 - [MESSAGE][PASSED] - Delayed 2 second(s)&#xD;
&#xD;
2019-11-01 02:51:59 - [MESSAGE][PASSED] - Delayed 1 second(s)&#xD;
&#xD;
2019-11-01 02:52:00 - [MESSAGE][PASSED] - Object: 'Object Repository/Pages/FirstPayVault/footer_NextButton' is clicked on&#xD;
&#xD;
2019-11-01 02:52:02 - [MESSAGE][PASSED] - Delayed 2 second(s)&#xD;
&#xD;
2019-11-01 02:52:03 - [MESSAGE][PASSED] - Delayed 1 second(s)&#xD;
&#xD;
2019-11-01 02:52:04 - [MESSAGE][PASSED] - Object: 'Object Repository/Pages/FirstPayVault/footer_NextButton' is clicked on&#xD;
&#xD;
2019-11-01 02:52:06 - [MESSAGE][PASSED] - Delayed 2 second(s)&#xD;
&#xD;
2019-11-01 02:52:07 - [MESSAGE][PASSED] - Delayed 1 second(s)&#xD;
&#xD;
2019-11-01 02:52:07 - [MESSAGE][PASSED] - Object: 'Object Repository/Pages/FirstPayVault/footer_NextButton' is clicked on&#xD;
&#xD;
2019-11-01 02:52:09 - [MESSAGE][PASSED] - Delayed 2 second(s)&#xD;
&#xD;
2019-11-01 02:52:09 - [MESSAGE][PASSED] - All filtered Records have expected card Number&#xD;
&#xD;
2019-11-01 02:52:09 - [TEST_STEP][NOT_RUN] - delay(2): NOT_RUN: delay(2)&#xD;
&#xD;
2019-11-01 02:52:09 - [MESSAGE][NOT_RUN] - NOT_RUN: delay(2)&#xD;
&#xD;
2019-11-01 02:52:09 - [TEST_STEP][PASSED] - closeBrowser(): Browser is closed&#xD;
&#xD;
2019-11-01 02:52:16 - [MESSAGE][PASSED] - Browser is closed&#xD;
&#xD;
2019-11-01 02:52:16 - [TEST_STEP][PASSED] - Start listener action : sampleAfterTestCase: null&#xD;
&#xD;
2019-11-01 02:52:16 - [TEST_STEP][PASSED] - println(testCaseContext.getTestCaseId()): null&#xD;
&#xD;
2019-11-01 02:52:16 - [TEST_STEP][PASSED] - println(testCaseContext.getTestCaseStatus()): null&#xD;
&#xD;
2019-11-01 02:52:16 - [TEST_STEP][PASSED] - testCaseName = testCaseContext.getTestCaseId(): null&#xD;
&#xD;
2019-11-01 02:52:16 - [TEST_STEP][PASSED] - strCount = testCaseName.lastIndexOf("/"): null&#xD;
&#xD;
2019-11-01 02:52:16 - [TEST_STEP][PASSED] - testCaseName = testCaseName.substring(strCount): null&#xD;
&#xD;
2019-11-01 02:52:16 - [TEST_STEP][PASSED] - println(testCaseName): null&#xD;
&#xD;
2019-11-01 02:52:16 - [TEST_STEP][PASSED] - if (getTestCaseStatus().equalsIgnoreCase("Error")): null&#xD;
&#xD;
2019-11-01 02:52:16 - [TEST_STEP][PASSED] - Start listener action : sampleAfterTestCase: null</system-out>
            <system-err></system-err>
        </testcase>
        <testcase name="Test Cases/FirstView/FirstPayVault/TC_1st_Pay_Vault_011" classname="Test Cases/FirstView/FirstPayVault/TC_1st_Pay_Vault_011" status="PASSED">
            <system-out>2019-11-01 02:52:16 - [TEST_CASE][PASSED] - Test Cases/FirstView/FirstPayVault/TC_1st_Pay_Vault_011: Test Cases/FirstView/FirstPayVault/TC_1st_Pay_Vault_011&#xD;
&#xD;
2019-11-01 02:52:16 - [TEST_STEP][PASSED] - Start listener action : sampleBeforeTestCase: null&#xD;
&#xD;
2019-11-01 02:52:16 - [TEST_STEP][PASSED] - println(testCaseContext.getTestCaseId()): null&#xD;
&#xD;
2019-11-01 02:52:16 - [TEST_STEP][PASSED] - println(testCaseContext.getTestCaseVariables()): null&#xD;
&#xD;
2019-11-01 02:52:17 - [TEST_STEP][NOT_RUN] - utilities.SafeActions.openBrowser(Old_URL, [PageLoadTime]): NOT_RUN: utilities.SafeActions.openBrowser(Old_URL, [PageLoadTime])&#xD;
&#xD;
2019-11-01 02:52:17 - [MESSAGE][NOT_RUN] - NOT_RUN: utilities.SafeActions.openBrowser(Old_URL, [PageLoadTime])&#xD;
&#xD;
2019-11-01 02:52:17 - [TEST_STEP][NOT_RUN] - delay(6): NOT_RUN: delay(6)&#xD;
&#xD;
2019-11-01 02:52:17 - [MESSAGE][NOT_RUN] - NOT_RUN: delay(6)&#xD;
&#xD;
2019-11-01 02:52:17 - [TEST_STEP][NOT_RUN] - utilities.SafeActions.safeSelectOptionInDropDownByVisibleText(findTestObject("Pages/Sale/dropDown_AccountType"), "ranjanatest2 - 888814981372/001 Account Type: Retail", "Select by Value", [25]): NOT_RUN: utilities.SafeActions.safeSelectOptionInDropDownByVisibleText(findTestObject("Pages/Sale/dropDown_AccountType"), "ranjanatest2 - 888814981372/001 Account Type: Retail", "Select by Value", [25])&#xD;
&#xD;
2019-11-01 02:52:17 - [MESSAGE][NOT_RUN] - NOT_RUN: utilities.SafeActions.safeSelectOptionInDropDownByVisibleText(findTestObject("Pages/Sale/dropDown_AccountType"), "ranjanatest2 - 888814981372/001 Account Type: Retail", "Select by Value", [25])&#xD;
&#xD;
2019-11-01 02:52:17 - [TEST_STEP][PASSED] - utilities.SafeActions.openBrowser(URL, [PageLoadTime]): utilities.SafeActions.openBrowser is PASSED&#xD;
&#xD;
2019-11-01 02:52:17 - [MESSAGE][INFO] - Opening Browser&#xD;
&#xD;
2019-11-01 02:52:17 - [MESSAGE][INFO] - Starting 'Firefox' driver&#xD;
&#xD;
2019-11-01 02:52:27 - [MESSAGE][PASSED] - Browser is opened with url: 'https://q-www-firstview-net.faps.net/MVC/Account/Login'&#xD;
&#xD;
2019-11-01 02:52:27 - [MESSAGE][PASSED] - Current window maximized&#xD;
&#xD;
2019-11-01 02:52:27 - [MESSAGE][INFO] - Browser Launched Successfully&#xD;
&#xD;
2019-11-01 02:52:27 - [MESSAGE][PASSED] - utilities.SafeActions.openBrowser is PASSED&#xD;
&#xD;
2019-11-01 02:52:27 - [TEST_STEP][PASSED] - pages.Login.login(uName, password): pages.Login.login is PASSED&#xD;
&#xD;
2019-11-01 02:52:27 - [MESSAGE][PASSED] - Object 'Object Repository/Pages/Login/userName' is present&#xD;
&#xD;
2019-11-01 02:52:27 - [MESSAGE][PASSED] - Scroll to object 'Object Repository/Pages/Login/userName' successfully&#xD;
&#xD;
2019-11-01 02:52:27 - [MESSAGE][PASSED] - Object 'Object Repository/Pages/Login/userName' is present&#xD;
&#xD;
2019-11-01 02:52:28 - [MESSAGE][PASSED] - Object: 'Object Repository/Pages/Login/userName' is clicked on&#xD;
&#xD;
2019-11-01 02:52:28 - [MESSAGE][PASSED] - Text 'ZenQRetail' is set on object 'Object Repository/Pages/Login/userName'&#xD;
&#xD;
2019-11-01 02:52:28 - [MESSAGE][PASSED] - Object 'Object Repository/Pages/Login/password' is present&#xD;
&#xD;
2019-11-01 02:52:28 - [MESSAGE][PASSED] - Scroll to object 'Object Repository/Pages/Login/password' successfully&#xD;
&#xD;
2019-11-01 02:52:28 - [MESSAGE][PASSED] - Object 'Object Repository/Pages/Login/password' is present&#xD;
&#xD;
2019-11-01 02:52:29 - [MESSAGE][PASSED] - Object: 'Object Repository/Pages/Login/password' is clicked on&#xD;
&#xD;
2019-11-01 02:52:29 - [MESSAGE][PASSED] - Text 'P@ssword1' is set on object 'Object Repository/Pages/Login/password'&#xD;
&#xD;
2019-11-01 02:52:29 - [MESSAGE][INFO] - Safe Click Without scroll&#xD;
&#xD;
2019-11-01 02:52:29 - [MESSAGE][INFO] - 1stPayVault.ts:waiting until Click on Login is Clickable&#xD;
&#xD;
2019-11-01 02:52:29 - [MESSAGE][PASSED] - Object 'Object Repository/Pages/Login/login' is clickable&#xD;
&#xD;
2019-11-01 02:52:29 - [MESSAGE][PASSED] - Object 'Object Repository/Pages/Login/login' is visible&#xD;
&#xD;
2019-11-01 02:52:32 - [MESSAGE][PASSED] - Object: 'Object Repository/Pages/Login/login' is clicked on&#xD;
&#xD;
2019-11-01 02:52:32 - [MESSAGE][INFO] - 1stPayVault.ts: click on the Click on Login&#xD;
&#xD;
2019-11-01 02:52:32 - [MESSAGE][PASSED] - pages.Login.login is PASSED&#xD;
&#xD;
2019-11-01 02:52:32 - [TEST_STEP][PASSED] - callTestCase(findTestCase("FirstView/Login/TC_SendCode"), [:], STOP_ON_FAILURE): Call Test Case 'Test Cases/FirstView/Login/TC_SendCode' successfully&#xD;
&#xD;
2019-11-01 02:52:32 - [TEST_CASE][PASSED] - Test Cases/FirstView/Login/TC_SendCode: Test Cases/FirstView/Login/TC_SendCode&#xD;
&#xD;
2019-11-01 02:52:32 - [TEST_STEP][PASSED] - flag = pages.SendCode.verifyPage(): pages.SendCode.verifyPage is PASSED&#xD;
&#xD;
2019-11-01 02:52:32 - [MESSAGE][PASSED] - Object 'Object Repository/Pages/SendCodeToValidate/header_SendCodeToValidate' is present and visible in viewport&#xD;
&#xD;
2019-11-01 02:52:32 - [MESSAGE][PASSED] - pages.SendCode.verifyPage is PASSED&#xD;
&#xD;
2019-11-01 02:52:32 - [TEST_STEP][PASSED] - if (flag): pages.SendCode.clickonUserSettings is PASSED&#xD;
&#xD;
2019-11-01 02:52:32 - [TEST_STEP][PASSED] - pages.SendCode.clickonUserSettings(): pages.SendCode.clickonUserSettings is PASSED&#xD;
&#xD;
2019-11-01 02:52:32 - [MESSAGE][PASSED] - Object 'Object Repository/Pages/SendCodeToValidate/link_UserSettings' is present&#xD;
&#xD;
2019-11-01 02:52:32 - [MESSAGE][PASSED] - Object 'Object Repository/Pages/SendCodeToValidate/link_UserSettings' is visible&#xD;
&#xD;
2019-11-01 02:52:32 - [MESSAGE][INFO] - 1stPayVault.ts:waiting until Click on User Settings is Clickable&#xD;
&#xD;
2019-11-01 02:52:32 - [MESSAGE][PASSED] - Object 'Object Repository/Pages/SendCodeToValidate/link_UserSettings' is clickable&#xD;
&#xD;
2019-11-01 02:52:32 - [MESSAGE][PASSED] - Object 'Object Repository/Pages/SendCodeToValidate/link_UserSettings' is visible&#xD;
&#xD;
2019-11-01 02:52:35 - [MESSAGE][PASSED] - Object: 'Object Repository/Pages/SendCodeToValidate/link_UserSettings' is clicked on&#xD;
&#xD;
2019-11-01 02:52:35 - [MESSAGE][INFO] - 1stPayVault.ts: Clicked on the Click on User Settings&#xD;
&#xD;
2019-11-01 02:52:35 - [MESSAGE][PASSED] - pages.SendCode.clickonUserSettings is PASSED&#xD;
&#xD;
2019-11-01 02:52:35 - [MESSAGE][PASSED] - Call Test Case 'Test Cases/FirstView/Login/TC_SendCode' successfully&#xD;
&#xD;
2019-11-01 02:52:35 - [TEST_STEP][PASSED] - callTestCase(findTestCase("FirstView/Login/TC_FirstView"), [:], STOP_ON_FAILURE): Call Test Case 'Test Cases/FirstView/Login/TC_FirstView' successfully&#xD;
&#xD;
2019-11-01 02:52:35 - [TEST_CASE][PASSED] - Test Cases/FirstView/Login/TC_FirstView: Test Cases/FirstView/Login/TC_FirstView&#xD;
&#xD;
2019-11-01 02:52:35 - [TEST_STEP][NOT_RUN] - utilities.SafeActions.safeClickWithoutScroll(findTestObject("Pages/FirstView/link_Home"), "Click on Home button in First View screen", [PageLoadTime]): NOT_RUN: utilities.SafeActions.safeClickWithoutScroll(findTestObject("Pages/FirstView/link_Home"), "Click on Home button in First View screen", [PageLoadTime])&#xD;
&#xD;
2019-11-01 02:52:35 - [MESSAGE][NOT_RUN] - NOT_RUN: utilities.SafeActions.safeClickWithoutScroll(findTestObject("Pages/FirstView/link_Home"), "Click on Home button in First View screen", [PageLoadTime])&#xD;
&#xD;
2019-11-01 02:52:35 - [TEST_STEP][PASSED] - delay(3): Delayed 3 second(s)&#xD;
&#xD;
2019-11-01 02:52:38 - [MESSAGE][PASSED] - Delayed 3 second(s)&#xD;
&#xD;
2019-11-01 02:52:38 - [TEST_STEP][PASSED] - utilities.SafeActions.javascriptclick(findTestObject("Pages/FirstView/link_Home"), delayForElement): utilities.SafeActions.javascriptclick is PASSED&#xD;
&#xD;
2019-11-01 02:52:38 - [MESSAGE][PASSED] - utilities.SafeActions.javascriptclick is PASSED&#xD;
&#xD;
2019-11-01 02:52:38 - [TEST_STEP][PASSED] - utilities.SafeActions.safeClickWithoutScroll(findTestObject("Pages/FirstView/link_VPOS"), "Click on VPOS button in First View screen", [PageLoadTime]): utilities.SafeActions.safeClickWithoutScroll is PASSED&#xD;
&#xD;
2019-11-01 02:52:38 - [MESSAGE][INFO] - Safe Click Without scroll&#xD;
&#xD;
2019-11-01 02:52:38 - [MESSAGE][INFO] - 1stPayVault.ts:waiting until Click on VPOS button in First View screen is Clickable&#xD;
&#xD;
2019-11-01 02:52:40 - [MESSAGE][PASSED] - Object 'Object Repository/Pages/FirstView/link_VPOS' is clickable&#xD;
&#xD;
2019-11-01 02:52:40 - [MESSAGE][PASSED] - Object 'Object Repository/Pages/FirstView/link_VPOS' is visible&#xD;
&#xD;
2019-11-01 02:52:41 - [MESSAGE][PASSED] - Object: 'Object Repository/Pages/FirstView/link_VPOS' is clicked on&#xD;
&#xD;
2019-11-01 02:52:41 - [MESSAGE][INFO] - 1stPayVault.ts: click on the Click on VPOS button in First View screen&#xD;
&#xD;
2019-11-01 02:52:41 - [MESSAGE][PASSED] - utilities.SafeActions.safeClickWithoutScroll is PASSED&#xD;
&#xD;
2019-11-01 02:52:41 - [MESSAGE][PASSED] - Call Test Case 'Test Cases/FirstView/Login/TC_FirstView' successfully&#xD;
&#xD;
2019-11-01 02:52:41 - [TEST_STEP][PASSED] - switchToWindowTitle("Transcenter - VPOS"): Switched to window with title: 'Transcenter - VPOS'&#xD;
&#xD;
2019-11-01 02:52:45 - [MESSAGE][PASSED] - Switched to window with title: 'Transcenter - VPOS'&#xD;
&#xD;
2019-11-01 02:52:45 - [TEST_STEP][PASSED] - focus(findTestObject("Pages/FirstPayVault/tab_FirstPayVault")): Object: 'Object Repository/Pages/FirstPayVault/tab_FirstPayVault' is focused&#xD;
&#xD;
2019-11-01 02:52:48 - [MESSAGE][PASSED] - Object: 'Object Repository/Pages/FirstPayVault/tab_FirstPayVault' is focused&#xD;
&#xD;
2019-11-01 02:52:48 - [TEST_STEP][PASSED] - utilities.SafeActions.javascriptclick(findTestObject("Pages/FirstPayVault/tab_FirstPayVault"), PageLoadTime): utilities.SafeActions.javascriptclick is PASSED&#xD;
&#xD;
2019-11-01 02:52:48 - [MESSAGE][PASSED] - utilities.SafeActions.javascriptclick is PASSED&#xD;
&#xD;
2019-11-01 02:52:48 - [TEST_STEP][PASSED] - delay(delayForElement): Delayed 6 second(s)&#xD;
&#xD;
2019-11-01 02:52:54 - [MESSAGE][PASSED] - Delayed 6 second(s)&#xD;
&#xD;
2019-11-01 02:52:54 - [TEST_STEP][PASSED] - utilities.SafeActions.safeClickWithoutScroll(findTestObject("Pages/FirstPayVault/tab_FirstPayVault"), "Click on FistPayVault tab", [delayForElement]): utilities.SafeActions.safeClickWithoutScroll is PASSED&#xD;
&#xD;
2019-11-01 02:52:54 - [MESSAGE][INFO] - Safe Click Without scroll&#xD;
&#xD;
2019-11-01 02:52:54 - [MESSAGE][INFO] - 1stPayVault.ts:waiting until Click on FistPayVault tab is Clickable&#xD;
&#xD;
2019-11-01 02:52:54 - [MESSAGE][PASSED] - Object 'Object Repository/Pages/FirstPayVault/tab_FirstPayVault' is clickable&#xD;
&#xD;
2019-11-01 02:52:55 - [MESSAGE][PASSED] - Object 'Object Repository/Pages/FirstPayVault/tab_FirstPayVault' is visible&#xD;
&#xD;
2019-11-01 02:52:55 - [MESSAGE][PASSED] - Object: 'Object Repository/Pages/FirstPayVault/tab_FirstPayVault' is clicked on&#xD;
&#xD;
2019-11-01 02:52:55 - [MESSAGE][INFO] - 1stPayVault.ts: click on the Click on FistPayVault tab&#xD;
&#xD;
2019-11-01 02:52:55 - [MESSAGE][PASSED] - utilities.SafeActions.safeClickWithoutScroll is PASSED&#xD;
&#xD;
2019-11-01 02:52:55 - [TEST_STEP][PASSED] - utilities.SafeActions.safeClickWithoutScroll(findTestObject("Pages/FirstPayVault/button_CreateVault"), "Click on CreateVault button", [PageLoadTime]): utilities.SafeActions.safeClickWithoutScroll is PASSED&#xD;
&#xD;
2019-11-01 02:52:56 - [MESSAGE][INFO] - Safe Click Without scroll&#xD;
&#xD;
2019-11-01 02:52:56 - [MESSAGE][INFO] - 1stPayVault.ts:waiting until Click on CreateVault button is Clickable&#xD;
&#xD;
2019-11-01 02:52:56 - [MESSAGE][PASSED] - Object 'Object Repository/Pages/FirstPayVault/button_CreateVault' is clickable&#xD;
&#xD;
2019-11-01 02:52:56 - [MESSAGE][PASSED] - Object 'Object Repository/Pages/FirstPayVault/button_CreateVault' is visible&#xD;
&#xD;
2019-11-01 02:52:57 - [MESSAGE][PASSED] - Object: 'Object Repository/Pages/FirstPayVault/button_CreateVault' is clicked on&#xD;
&#xD;
2019-11-01 02:52:57 - [MESSAGE][INFO] - 1stPayVault.ts: click on the Click on CreateVault button&#xD;
&#xD;
2019-11-01 02:52:57 - [MESSAGE][PASSED] - utilities.SafeActions.safeClickWithoutScroll is PASSED&#xD;
&#xD;
2019-11-01 02:52:57 - [TEST_STEP][PASSED] - scrollToElement(findTestObject("Pages/FirstPayVault/input_VaultReferenceNumber"), 5): Scroll to object 'Object Repository/Pages/FirstPayVault/input_VaultReferenceNumber' successfully&#xD;
&#xD;
2019-11-01 02:52:57 - [MESSAGE][PASSED] - Scroll to object 'Object Repository/Pages/FirstPayVault/input_VaultReferenceNumber' successfully&#xD;
&#xD;
2019-11-01 02:52:57 - [TEST_STEP][PASSED] - vaultReference = utilities.SafeActions.timeWithMilliSeconds(): utilities.SafeActions.timeWithMilliSeconds is PASSED&#xD;
&#xD;
2019-11-01 02:52:57 - [MESSAGE][PASSED] - utilities.SafeActions.timeWithMilliSeconds is PASSED&#xD;
&#xD;
2019-11-01 02:52:57 - [TEST_STEP][PASSED] - utilities.SafeActions.safeType(findTestObject("Pages/FirstPayVault/input_VaultReferenceNumber"), vaultReference, "Entering Vault Reference Number", [PageLoadTime]): utilities.SafeActions.safeType is PASSED&#xD;
&#xD;
2019-11-01 02:52:57 - [MESSAGE][PASSED] - Object 'Object Repository/Pages/FirstPayVault/input_VaultReferenceNumber' is present&#xD;
&#xD;
2019-11-01 02:52:57 - [MESSAGE][PASSED] - Scroll to object 'Object Repository/Pages/FirstPayVault/input_VaultReferenceNumber' successfully&#xD;
&#xD;
2019-11-01 02:52:57 - [MESSAGE][PASSED] - Object 'Object Repository/Pages/FirstPayVault/input_VaultReferenceNumber' is present&#xD;
&#xD;
2019-11-01 02:52:58 - [MESSAGE][PASSED] - Object: 'Object Repository/Pages/FirstPayVault/input_VaultReferenceNumber' is clicked on&#xD;
&#xD;
2019-11-01 02:52:58 - [MESSAGE][PASSED] - Text '2019-11-01 02:52:57.555' is set on object 'Object Repository/Pages/FirstPayVault/input_VaultReferenceNumber'&#xD;
&#xD;
2019-11-01 02:52:58 - [MESSAGE][PASSED] - utilities.SafeActions.safeType is PASSED&#xD;
&#xD;
2019-11-01 02:52:58 - [TEST_STEP][PASSED] - utilities.SafeActions.safeType(findTestObject("Pages/FirstPayVault/input_CreditCardNumber"), visaCardNumber, "Entering Card Number", [PageLoadTime]): utilities.SafeActions.safeType is PASSED&#xD;
&#xD;
2019-11-01 02:52:58 - [MESSAGE][PASSED] - Object 'Object Repository/Pages/FirstPayVault/input_CreditCardNumber' is present&#xD;
&#xD;
2019-11-01 02:52:58 - [MESSAGE][PASSED] - Scroll to object 'Object Repository/Pages/FirstPayVault/input_CreditCardNumber' successfully&#xD;
&#xD;
2019-11-01 02:52:58 - [MESSAGE][PASSED] - Object 'Object Repository/Pages/FirstPayVault/input_CreditCardNumber' is present&#xD;
&#xD;
2019-11-01 02:52:59 - [MESSAGE][PASSED] - Object: 'Object Repository/Pages/FirstPayVault/input_CreditCardNumber' is clicked on&#xD;
&#xD;
2019-11-01 02:52:59 - [MESSAGE][PASSED] - Text '4111111111111111' is set on object 'Object Repository/Pages/FirstPayVault/input_CreditCardNumber'&#xD;
&#xD;
2019-11-01 02:52:59 - [MESSAGE][PASSED] - utilities.SafeActions.safeType is PASSED&#xD;
&#xD;
2019-11-01 02:52:59 - [TEST_STEP][NOT_RUN] - delay(4): NOT_RUN: delay(4)&#xD;
&#xD;
2019-11-01 02:52:59 - [MESSAGE][NOT_RUN] - NOT_RUN: delay(4)&#xD;
&#xD;
2019-11-01 02:52:59 - [TEST_STEP][PASSED] - utilities.SafeActions.safeSelectOptionInDropDownByVisibleText(findTestObject("Pages/FirstPayVault/dropDown_ExpirationMonth"), cardMonth, "Expiration Month", [PageLoadTime]): utilities.SafeActions.safeSelectOptionInDropDownByVisibleText is PASSED&#xD;
&#xD;
2019-11-01 02:53:00 - [MESSAGE][PASSED] - Object 'Object Repository/Pages/FirstPayVault/dropDown_ExpirationMonth' is visible&#xD;
&#xD;
2019-11-01 02:53:00 - [MESSAGE][PASSED] - Object 'Object Repository/Pages/FirstPayVault/dropDown_ExpirationMonth' is present&#xD;
&#xD;
2019-11-01 02:53:00 - [MESSAGE][PASSED] - Object: 'Object Repository/Pages/FirstPayVault/dropDown_ExpirationMonth' is clicked on&#xD;
&#xD;
2019-11-01 02:53:01 - [MESSAGE][PASSED] - All options with label 'September' are selected in object 'Object Repository/Pages/FirstPayVault/dropDown_ExpirationMonth' &#xD;
&#xD;
2019-11-01 02:53:01 - [MESSAGE][PASSED] - utilities.SafeActions.safeSelectOptionInDropDownByVisibleText is PASSED&#xD;
&#xD;
2019-11-01 02:53:01 - [TEST_STEP][PASSED] - utilities.SafeActions.safeSelectOptionInDropDownByVisibleText(findTestObject("Pages/FirstPayVault/dropDown_ExpirationYear"), cardYear, "year", [PageLoadTime]): utilities.SafeActions.safeSelectOptionInDropDownByVisibleText is PASSED&#xD;
&#xD;
2019-11-01 02:53:01 - [MESSAGE][PASSED] - Object 'Object Repository/Pages/FirstPayVault/dropDown_ExpirationYear' is visible&#xD;
&#xD;
2019-11-01 02:53:01 - [MESSAGE][PASSED] - Object 'Object Repository/Pages/FirstPayVault/dropDown_ExpirationYear' is present&#xD;
&#xD;
2019-11-01 02:53:02 - [MESSAGE][PASSED] - Object: 'Object Repository/Pages/FirstPayVault/dropDown_ExpirationYear' is clicked on&#xD;
&#xD;
2019-11-01 02:53:02 - [MESSAGE][PASSED] - All options with label '2032' are selected in object 'Object Repository/Pages/FirstPayVault/dropDown_ExpirationYear' &#xD;
&#xD;
2019-11-01 02:53:02 - [MESSAGE][PASSED] - utilities.SafeActions.safeSelectOptionInDropDownByVisibleText is PASSED&#xD;
&#xD;
2019-11-01 02:53:02 - [TEST_STEP][NOT_RUN] - delay(2): NOT_RUN: delay(2)&#xD;
&#xD;
2019-11-01 02:53:02 - [MESSAGE][NOT_RUN] - NOT_RUN: delay(2)&#xD;
&#xD;
2019-11-01 02:53:02 - [TEST_STEP][PASSED] - utilities.SafeActions.safeType(findTestObject("Pages/FirstPayVault/input_ContactName"), customerName, "Enter Contact Name", [PageLoadTime]): utilities.SafeActions.safeType is PASSED&#xD;
&#xD;
2019-11-01 02:53:02 - [MESSAGE][PASSED] - Object 'Object Repository/Pages/FirstPayVault/input_ContactName' is present&#xD;
&#xD;
2019-11-01 02:53:02 - [MESSAGE][PASSED] - Scroll to object 'Object Repository/Pages/FirstPayVault/input_ContactName' successfully&#xD;
&#xD;
2019-11-01 02:53:02 - [MESSAGE][PASSED] - Object 'Object Repository/Pages/FirstPayVault/input_ContactName' is present&#xD;
&#xD;
2019-11-01 02:53:03 - [MESSAGE][PASSED] - Object: 'Object Repository/Pages/FirstPayVault/input_ContactName' is clicked on&#xD;
&#xD;
2019-11-01 02:53:03 - [MESSAGE][PASSED] - Text 'Venkata Sai' is set on object 'Object Repository/Pages/FirstPayVault/input_ContactName'&#xD;
&#xD;
2019-11-01 02:53:03 - [MESSAGE][PASSED] - utilities.SafeActions.safeType is PASSED&#xD;
&#xD;
2019-11-01 02:53:03 - [TEST_STEP][PASSED] - utilities.SafeActions.safeType(findTestObject("Pages/FirstPayVault/input_PostalCode"), postalCode, "Enter Postal Code", [PageLoadTime]): utilities.SafeActions.safeType is PASSED&#xD;
&#xD;
2019-11-01 02:53:03 - [MESSAGE][PASSED] - Object 'Object Repository/Pages/FirstPayVault/input_PostalCode' is present&#xD;
&#xD;
2019-11-01 02:53:03 - [MESSAGE][PASSED] - Scroll to object 'Object Repository/Pages/FirstPayVault/input_PostalCode' successfully&#xD;
&#xD;
2019-11-01 02:53:03 - [MESSAGE][PASSED] - Object 'Object Repository/Pages/FirstPayVault/input_PostalCode' is present&#xD;
&#xD;
2019-11-01 02:53:04 - [MESSAGE][PASSED] - Object: 'Object Repository/Pages/FirstPayVault/input_PostalCode' is clicked on&#xD;
&#xD;
2019-11-01 02:53:04 - [MESSAGE][PASSED] - Text '76102' is set on object 'Object Repository/Pages/FirstPayVault/input_PostalCode'&#xD;
&#xD;
2019-11-01 02:53:04 - [MESSAGE][PASSED] - utilities.SafeActions.safeType is PASSED&#xD;
&#xD;
2019-11-01 02:53:04 - [TEST_STEP][PASSED] - utilities.SafeActions.safeType(findTestObject("Pages/FirstPayVault/input_Address"), address, "Enter ddress", [PageLoadTime]): utilities.SafeActions.safeType is PASSED&#xD;
&#xD;
2019-11-01 02:53:04 - [MESSAGE][PASSED] - Object 'Object Repository/Pages/FirstPayVault/input_Address' is present&#xD;
&#xD;
2019-11-01 02:53:04 - [MESSAGE][PASSED] - Scroll to object 'Object Repository/Pages/FirstPayVault/input_Address' successfully&#xD;
&#xD;
2019-11-01 02:53:04 - [MESSAGE][PASSED] - Object 'Object Repository/Pages/FirstPayVault/input_Address' is present&#xD;
&#xD;
2019-11-01 02:53:05 - [MESSAGE][PASSED] - Object: 'Object Repository/Pages/FirstPayVault/input_Address' is clicked on&#xD;
&#xD;
2019-11-01 02:53:05 - [MESSAGE][PASSED] - Text 'Street123' is set on object 'Object Repository/Pages/FirstPayVault/input_Address'&#xD;
&#xD;
2019-11-01 02:53:05 - [MESSAGE][PASSED] - utilities.SafeActions.safeType is PASSED&#xD;
&#xD;
2019-11-01 02:53:05 - [TEST_STEP][PASSED] - utilities.SafeActions.safeCheckForElement(findTestObject("Pages/FirstPayVault/chekBox_AddShippingInformation"), PageLoadTime): utilities.SafeActions.safeCheckForElement is PASSED&#xD;
&#xD;
2019-11-01 02:53:05 - [MESSAGE][PASSED] - Object 'Object Repository/Pages/FirstPayVault/chekBox_AddShippingInformation' is present&#xD;
&#xD;
2019-11-01 02:53:05 - [MESSAGE][PASSED] - Object 'Object Repository/Pages/FirstPayVault/chekBox_AddShippingInformation' is visible&#xD;
&#xD;
2019-11-01 02:53:05 - [MESSAGE][PASSED] - Object 'Object Repository/Pages/FirstPayVault/chekBox_AddShippingInformation' is present&#xD;
&#xD;
2019-11-01 02:53:06 - [MESSAGE][PASSED] - Object 'Object Repository/Pages/FirstPayVault/chekBox_AddShippingInformation' is checked&#xD;
&#xD;
2019-11-01 02:53:06 - [MESSAGE][PASSED] - utilities.SafeActions.safeCheckForElement is PASSED&#xD;
&#xD;
2019-11-01 02:53:06 - [TEST_STEP][PASSED] - utilities.SafeActions.safeType(findTestObject("Pages/FirstPayVault/input_ShippingMethod"), shippingMethod, "Enter Shipping Method", [PageLoadTime]): utilities.SafeActions.safeType is PASSED&#xD;
&#xD;
2019-11-01 02:53:06 - [MESSAGE][PASSED] - Object 'Object Repository/Pages/FirstPayVault/input_ShippingMethod' is present&#xD;
&#xD;
2019-11-01 02:53:06 - [MESSAGE][PASSED] - Scroll to object 'Object Repository/Pages/FirstPayVault/input_ShippingMethod' successfully&#xD;
&#xD;
2019-11-01 02:53:06 - [MESSAGE][PASSED] - Object 'Object Repository/Pages/FirstPayVault/input_ShippingMethod' is present&#xD;
&#xD;
2019-11-01 02:53:07 - [MESSAGE][PASSED] - Object: 'Object Repository/Pages/FirstPayVault/input_ShippingMethod' is clicked on&#xD;
&#xD;
2019-11-01 02:53:07 - [MESSAGE][PASSED] - Text 'DTDC' is set on object 'Object Repository/Pages/FirstPayVault/input_ShippingMethod'&#xD;
&#xD;
2019-11-01 02:53:07 - [MESSAGE][PASSED] - utilities.SafeActions.safeType is PASSED&#xD;
&#xD;
2019-11-01 02:53:07 - [TEST_STEP][PASSED] - utilities.SafeActions.safeCheckForElement(findTestObject("Pages/FirstPayVault/checkbox_SameAsBillingInformation"), PageLoadTime): utilities.SafeActions.safeCheckForElement is PASSED&#xD;
&#xD;
2019-11-01 02:53:07 - [MESSAGE][PASSED] - Object 'Object Repository/Pages/FirstPayVault/checkbox_SameAsBillingInformation' is present&#xD;
&#xD;
2019-11-01 02:53:07 - [MESSAGE][PASSED] - Object 'Object Repository/Pages/FirstPayVault/checkbox_SameAsBillingInformation' is visible&#xD;
&#xD;
2019-11-01 02:53:07 - [MESSAGE][PASSED] - Object 'Object Repository/Pages/FirstPayVault/checkbox_SameAsBillingInformation' is present&#xD;
&#xD;
2019-11-01 02:53:08 - [MESSAGE][PASSED] - Object 'Object Repository/Pages/FirstPayVault/checkbox_SameAsBillingInformation' is checked&#xD;
&#xD;
2019-11-01 02:53:08 - [MESSAGE][PASSED] - utilities.SafeActions.safeCheckForElement is PASSED&#xD;
&#xD;
2019-11-01 02:53:08 - [TEST_STEP][PASSED] - utilities.SafeActions.safeClickwithScroll(findTestObject("Pages/FirstPayVault/button_Create"), "Click on Create Button", [PageLoadTime]): utilities.SafeActions.safeClickwithScroll is PASSED&#xD;
&#xD;
2019-11-01 02:53:08 - [MESSAGE][PASSED] - Object 'Object Repository/Pages/FirstPayVault/button_Create' is present&#xD;
&#xD;
2019-11-01 02:53:08 - [MESSAGE][PASSED] - Object 'Object Repository/Pages/FirstPayVault/button_Create' is visible&#xD;
&#xD;
2019-11-01 02:53:08 - [MESSAGE][INFO] - 1stPayVault.ts:waiting until Click on Create Button is Clickable&#xD;
&#xD;
2019-11-01 02:53:08 - [MESSAGE][PASSED] - Object 'Object Repository/Pages/FirstPayVault/button_Create' is clickable&#xD;
&#xD;
2019-11-01 02:53:08 - [MESSAGE][PASSED] - Object 'Object Repository/Pages/FirstPayVault/button_Create' is visible&#xD;
&#xD;
2019-11-01 02:53:09 - [MESSAGE][PASSED] - Object: 'Object Repository/Pages/FirstPayVault/button_Create' is clicked on&#xD;
&#xD;
2019-11-01 02:53:09 - [MESSAGE][INFO] - 1stPayVault.ts: Clicked on the Click on Create Button&#xD;
&#xD;
2019-11-01 02:53:09 - [MESSAGE][PASSED] - utilities.SafeActions.safeClickwithScroll is PASSED&#xD;
&#xD;
2019-11-01 02:53:09 - [TEST_STEP][PASSED] - delay(2): Delayed 2 second(s)&#xD;
&#xD;
2019-11-01 02:53:11 - [MESSAGE][PASSED] - Delayed 2 second(s)&#xD;
&#xD;
2019-11-01 02:53:11 - [TEST_STEP][PASSED] - popupSavedToVaultMessage = utilities.SafeActions.safeGetText(findTestObject("Pages/FirstPayVault/popup_SavedToVaultMessage"), PageLoadTime): utilities.SafeActions.safeGetText is PASSED&#xD;
&#xD;
2019-11-01 02:53:11 - [MESSAGE][PASSED] - Object 'Object Repository/Pages/FirstPayVault/popup_SavedToVaultMessage' is present&#xD;
&#xD;
2019-11-01 02:53:11 - [MESSAGE][PASSED] - Scroll to object 'Object Repository/Pages/FirstPayVault/popup_SavedToVaultMessage' successfully&#xD;
&#xD;
2019-11-01 02:53:11 - [MESSAGE][PASSED] - Object 'Object Repository/Pages/FirstPayVault/popup_SavedToVaultMessage' is present&#xD;
&#xD;
2019-11-01 02:53:12 - [MESSAGE][PASSED] - Text of object 'Object Repository/Pages/FirstPayVault/popup_SavedToVaultMessage' is: 'Successfully Saved to Vault'&#xD;
&#xD;
2019-11-01 02:53:12 - [MESSAGE][PASSED] - utilities.SafeActions.safeGetText is PASSED&#xD;
&#xD;
2019-11-01 02:53:12 - [TEST_STEP][PASSED] - flag = utilities.SafeActions.verifyPopupMessage("Successfully Saved to Vault", popupSavedToVaultMessage): Popup Message : Successfully Saved to Vault matched with expected message : Successfully Saved to Vault&#xD;
&#xD;
2019-11-01 02:53:12 - [MESSAGE][PASSED] - Popup Message : Successfully Saved to Vault matched with expected message : Successfully Saved to Vault&#xD;
&#xD;
2019-11-01 02:53:12 - [TEST_STEP][PASSED] - utilities.SafeActions.safeClickWithoutScroll(findTestObject("Pages/FirstPayVault/button_SearchVault_InPopup"), "Search Vault in Popup", [delayBetweenTestSteps]): utilities.SafeActions.safeClickWithoutScroll is PASSED&#xD;
&#xD;
2019-11-01 02:53:12 - [MESSAGE][INFO] - Safe Click Without scroll&#xD;
&#xD;
2019-11-01 02:53:12 - [MESSAGE][INFO] - 1stPayVault.ts:waiting until Search Vault in Popup is Clickable&#xD;
&#xD;
2019-11-01 02:53:12 - [MESSAGE][PASSED] - Object 'Object Repository/Pages/FirstPayVault/button_SearchVault_InPopup' is clickable&#xD;
&#xD;
2019-11-01 02:53:12 - [MESSAGE][PASSED] - Object 'Object Repository/Pages/FirstPayVault/button_SearchVault_InPopup' is visible&#xD;
&#xD;
2019-11-01 02:53:13 - [MESSAGE][PASSED] - Object: 'Object Repository/Pages/FirstPayVault/button_SearchVault_InPopup' is clicked on&#xD;
&#xD;
2019-11-01 02:53:13 - [MESSAGE][INFO] - 1stPayVault.ts: click on the Search Vault in Popup&#xD;
&#xD;
2019-11-01 02:53:13 - [MESSAGE][PASSED] - utilities.SafeActions.safeClickWithoutScroll is PASSED&#xD;
&#xD;
2019-11-01 02:53:13 - [TEST_STEP][PASSED] - scrollToElement(findTestObject("Pages/FirstPayVault/filter_SearchPayVaultByVaultReferenceNumber"), delayBetweenTestSteps): Scroll to object 'Object Repository/Pages/FirstPayVault/filter_SearchPayVaultByVaultReferenceNumber' successfully&#xD;
&#xD;
2019-11-01 02:53:13 - [MESSAGE][PASSED] - Scroll to object 'Object Repository/Pages/FirstPayVault/filter_SearchPayVaultByVaultReferenceNumber' successfully&#xD;
&#xD;
2019-11-01 02:53:13 - [TEST_STEP][PASSED] - utilities.SafeActions.safeType(findTestObject("Pages/FirstPayVault/filter_SearchPayVaultByVaultReferenceNumber"), vaultReference, "Enter Vault Reference Number", [delayBetweenTestSteps]): utilities.SafeActions.safeType is PASSED&#xD;
&#xD;
2019-11-01 02:53:13 - [MESSAGE][PASSED] - Object 'Object Repository/Pages/FirstPayVault/filter_SearchPayVaultByVaultReferenceNumber' is present&#xD;
&#xD;
2019-11-01 02:53:13 - [MESSAGE][PASSED] - Scroll to object 'Object Repository/Pages/FirstPayVault/filter_SearchPayVaultByVaultReferenceNumber' successfully&#xD;
&#xD;
2019-11-01 02:53:13 - [MESSAGE][PASSED] - Object 'Object Repository/Pages/FirstPayVault/filter_SearchPayVaultByVaultReferenceNumber' is present&#xD;
&#xD;
2019-11-01 02:53:14 - [MESSAGE][PASSED] - Object: 'Object Repository/Pages/FirstPayVault/filter_SearchPayVaultByVaultReferenceNumber' is clicked on&#xD;
&#xD;
2019-11-01 02:53:14 - [MESSAGE][PASSED] - Text '2019-11-01 02:52:57.555' is set on object 'Object Repository/Pages/FirstPayVault/filter_SearchPayVaultByVaultReferenceNumber'&#xD;
&#xD;
2019-11-01 02:53:14 - [MESSAGE][PASSED] - utilities.SafeActions.safeType is PASSED&#xD;
&#xD;
2019-11-01 02:53:14 - [TEST_STEP][PASSED] - utilities.SafeActions.safeClickWithoutScroll(findTestObject("Pages/FirstPayVault/button_Search"), "Click On Search button", [PageLoadTime]): utilities.SafeActions.safeClickWithoutScroll is PASSED&#xD;
&#xD;
2019-11-01 02:53:14 - [MESSAGE][INFO] - Safe Click Without scroll&#xD;
&#xD;
2019-11-01 02:53:14 - [MESSAGE][INFO] - 1stPayVault.ts:waiting until Click On Search button is Clickable&#xD;
&#xD;
2019-11-01 02:53:14 - [MESSAGE][PASSED] - Object 'Object Repository/Pages/FirstPayVault/button_Search' is clickable&#xD;
&#xD;
2019-11-01 02:53:14 - [MESSAGE][PASSED] - Object 'Object Repository/Pages/FirstPayVault/button_Search' is visible&#xD;
&#xD;
2019-11-01 02:53:15 - [MESSAGE][PASSED] - Object: 'Object Repository/Pages/FirstPayVault/button_Search' is clicked on&#xD;
&#xD;
2019-11-01 02:53:15 - [MESSAGE][INFO] - 1stPayVault.ts: click on the Click On Search button&#xD;
&#xD;
2019-11-01 02:53:15 - [MESSAGE][PASSED] - utilities.SafeActions.safeClickWithoutScroll is PASSED&#xD;
&#xD;
2019-11-01 02:53:15 - [TEST_STEP][PASSED] - scrollToElement(findTestObject("Pages/Transaction_Management/invoice_ForTransaction"), PageLoadTime): Scroll to object 'Object Repository/Pages/Transaction_Management/invoice_ForTransaction' successfully&#xD;
&#xD;
2019-11-01 02:53:15 - [MESSAGE][PASSED] - Scroll to object 'Object Repository/Pages/Transaction_Management/invoice_ForTransaction' successfully&#xD;
&#xD;
2019-11-01 02:53:15 - [TEST_STEP][PASSED] - pages.FirstPayVault.verifyInvoiceRecord(findTestObject("Pages/FirstPayVault/footer_NextButton"), findTestObject("Pages/FirstPayVault/page_Number"), vaultReference): The Vault is found in page 1&#xD;
&#xD;
2019-11-01 02:53:16 - [MESSAGE][PASSED] - Text of object 'Object Repository/Pages/FirstPayVault/page_Number' is: 'Page 1 of 1'&#xD;
&#xD;
2019-11-01 02:53:16 - [MESSAGE][PASSED] - The Vault is found in page 1&#xD;
&#xD;
2019-11-01 02:53:16 - [TEST_STEP][NOT_RUN] - delay(2): NOT_RUN: delay(2)&#xD;
&#xD;
2019-11-01 02:53:16 - [MESSAGE][NOT_RUN] - NOT_RUN: delay(2)&#xD;
&#xD;
2019-11-01 02:53:16 - [TEST_STEP][PASSED] - closeBrowser(): Browser is closed&#xD;
&#xD;
2019-11-01 02:53:26 - [MESSAGE][PASSED] - Browser is closed&#xD;
&#xD;
2019-11-01 02:53:26 - [TEST_STEP][PASSED] - Start listener action : sampleAfterTestCase: null&#xD;
&#xD;
2019-11-01 02:53:26 - [TEST_STEP][PASSED] - println(testCaseContext.getTestCaseId()): null&#xD;
&#xD;
2019-11-01 02:53:26 - [TEST_STEP][PASSED] - println(testCaseContext.getTestCaseStatus()): null&#xD;
&#xD;
2019-11-01 02:53:26 - [TEST_STEP][PASSED] - testCaseName = testCaseContext.getTestCaseId(): null&#xD;
&#xD;
2019-11-01 02:53:26 - [TEST_STEP][PASSED] - strCount = testCaseName.lastIndexOf("/"): null&#xD;
&#xD;
2019-11-01 02:53:26 - [TEST_STEP][PASSED] - testCaseName = testCaseName.substring(strCount): null&#xD;
&#xD;
2019-11-01 02:53:26 - [TEST_STEP][PASSED] - println(testCaseName): null&#xD;
&#xD;
2019-11-01 02:53:26 - [TEST_STEP][PASSED] - if (getTestCaseStatus().equalsIgnoreCase("Error")): null&#xD;
&#xD;
2019-11-01 02:53:26 - [TEST_STEP][PASSED] - Start listener action : sampleAfterTestCase: null</system-out>
            <system-err></system-err>
        </testcase>
        <system-out>2019-11-01 02:16:33 - [TEST_SUITE][INCOMPLETE] - 1stPayVault: null</system-out>
        <system-err>2019-11-01 02:16:33 - [TEST_SUITE][INCOMPLETE] - 1stPayVault: null</system-err>
    </testsuite>
</testsuites>
