<?xml version="1.0" encoding="UTF-8" standalone="yes"?>
<testsuites name="1stPayVault" time="342" tests="6" failures="0" errors="0">
    <testsuite name="1stPayVault" tests="6" failures="0" errors="0" time="342" timestamp="2019-09-19 06:36:27" hostname="venkata.annam - FW1-D-DTA-ZENQ1" id="Test Suites/FirstView/1stPayVault">
        <properties>
            <property name="deviceName" value=""/>
            <property name="devicePlatform" value=""/>
            <property name="logFolder" value="C:\\Users\\venkata.annam\\Katalon Studio\\VPOS\\VPOS_Automation\\Reports\\20190919_063623\\FirstView\\1stPayVault\\20190919_063623"/>
            <property name="logFiles" value="C:\\Users\\venkata.annam\\Katalon Studio\\VPOS\\VPOS_Automation\\Reports\\20190919_063623\\FirstView\\1stPayVault\\20190919_063623\\execution0.log"/>
            <property name="attachments" value=""/>
            <property name="hostName" value="venkata.annam - FW1-D-DTA-ZENQ1"/>
            <property name="os" value="Windows 10 64bit"/>
            <property name="katalonVersion" value="6.3.2.4"/>
            <property name="browser" value="Firefox 68.0"/>
            <property name="hostAddress" value="172.25.52.168"/>
            <property name="sessionId" value="4d3217de-303b-4f1e-85e3-3bbb4543f0cd"/>
            <property name="seleniumVersion" value="3.141.59"/>
            <property name="proxyInformation" value="ProxyInformation{proxyOption=NO_PROXY, proxyServerType=HTTP, password=, proxyServerAddress=, proxyServerPort=0}"/>
            <property name="platform" value="Windows 10"/>
        </properties>
        <testcase name="Test Cases/FirstView/FirstPayVault/TC_1st_Pay_Vault_001" classname="Test Cases/FirstView/FirstPayVault/TC_1st_Pay_Vault_001" status="PASSED">
            <system-out>2019-09-19 06:36:28 - [TEST_CASE][PASSED] - Test Cases/FirstView/FirstPayVault/TC_1st_Pay_Vault_001: Test Cases/FirstView/FirstPayVault/TC_1st_Pay_Vault_001&#xD;
&#xD;
2019-09-19 06:36:28 - [TEST_STEP][PASSED] - utilities.SafeActions.openBrowser(URL, [PageLoadTime]): utilities.SafeActions.openBrowser is PASSED&#xD;
&#xD;
2019-09-19 06:36:29 - [MESSAGE][INFO] - Opening Browser&#xD;
&#xD;
2019-09-19 06:36:29 - [MESSAGE][INFO] - Starting 'Firefox' driver&#xD;
&#xD;
2019-09-19 06:36:29 - [MESSAGE][INFO] - Action delay is set to 0 seconds&#xD;
&#xD;
2019-09-19 06:36:37 - [MESSAGE][PASSED] - Browser is opened with url: 'http://172.25.48.28/secure/VPOS/VPOS/Vpos'&#xD;
&#xD;
2019-09-19 06:36:37 - [MESSAGE][PASSED] - Current window maximized&#xD;
&#xD;
2019-09-19 06:36:37 - [MESSAGE][INFO] - Browser Launched Successfully&#xD;
&#xD;
2019-09-19 06:36:37 - [MESSAGE][PASSED] - utilities.SafeActions.openBrowser is PASSED&#xD;
&#xD;
2019-09-19 06:36:37 - [TEST_STEP][PASSED] - delay(6): Delayed 6 second(s)&#xD;
&#xD;
2019-09-19 06:36:43 - [MESSAGE][PASSED] - Delayed 6 second(s)&#xD;
&#xD;
2019-09-19 06:36:43 - [TEST_STEP][PASSED] - utilities.SafeActions.safeSelectOptionInDropDownByVisibleText(findTestObject("Pages/Sale/dropDown_AccountType"), "ranjanatest2 - 888814981372/001 Account Type: Retail", "Select by Value", [25]): utilities.SafeActions.safeSelectOptionInDropDownByVisibleText is PASSED&#xD;
&#xD;
2019-09-19 06:36:43 - [MESSAGE][PASSED] - Object 'Object Repository/Pages/Sale/dropDown_AccountType' is present&#xD;
&#xD;
2019-09-19 06:36:44 - [MESSAGE][PASSED] - Object: 'Object Repository/Pages/Sale/dropDown_AccountType' is clicked on&#xD;
&#xD;
2019-09-19 06:36:45 - [MESSAGE][PASSED] - All options with label 'ranjanatest2 - 888814981372/001 Account Type: Retail' are selected in object 'Object Repository/Pages/Sale/dropDown_AccountType' &#xD;
&#xD;
2019-09-19 06:36:45 - [MESSAGE][PASSED] - utilities.SafeActions.safeSelectOptionInDropDownByVisibleText is PASSED&#xD;
&#xD;
2019-09-19 06:36:45 - [TEST_STEP][PASSED] - utilities.SafeActions.safeClickWithoutScroll(findTestObject("Pages/FirstPayVault/tab_FirstPayVault"), "Click on FirstPayVault tab", [5]): utilities.SafeActions.safeClickWithoutScroll is PASSED&#xD;
&#xD;
2019-09-19 06:36:45 - [MESSAGE][INFO] - Safe Click Without scroll&#xD;
&#xD;
2019-09-19 06:36:45 - [MESSAGE][INFO] - 1stPayVault.ts:waiting until Click on FirstPayVault tab is Clickable&#xD;
&#xD;
2019-09-19 06:36:45 - [MESSAGE][PASSED] - Object 'Object Repository/Pages/FirstPayVault/tab_FirstPayVault' is clickable&#xD;
&#xD;
2019-09-19 06:36:45 - [MESSAGE][PASSED] - Object 'Object Repository/Pages/FirstPayVault/tab_FirstPayVault' is visible&#xD;
&#xD;
2019-09-19 06:36:46 - [MESSAGE][PASSED] - Object: 'Object Repository/Pages/FirstPayVault/tab_FirstPayVault' is clicked on&#xD;
&#xD;
2019-09-19 06:36:46 - [MESSAGE][INFO] - 1stPayVault.ts: click on the Click on FirstPayVault tab&#xD;
&#xD;
2019-09-19 06:36:46 - [MESSAGE][PASSED] - utilities.SafeActions.safeClickWithoutScroll is PASSED&#xD;
&#xD;
2019-09-19 06:36:46 - [TEST_STEP][PASSED] - utilities.SafeActions.safeClickWithoutScroll(findTestObject("Pages/FirstPayVault/button_CreateVault"), "Click on CreateVault button", [5]): utilities.SafeActions.safeClickWithoutScroll is PASSED&#xD;
&#xD;
2019-09-19 06:36:46 - [MESSAGE][INFO] - Safe Click Without scroll&#xD;
&#xD;
2019-09-19 06:36:46 - [MESSAGE][INFO] - 1stPayVault.ts:waiting until Click on CreateVault button is Clickable&#xD;
&#xD;
2019-09-19 06:36:46 - [MESSAGE][PASSED] - Object 'Object Repository/Pages/FirstPayVault/button_CreateVault' is clickable&#xD;
&#xD;
2019-09-19 06:36:46 - [MESSAGE][PASSED] - Object 'Object Repository/Pages/FirstPayVault/button_CreateVault' is visible&#xD;
&#xD;
2019-09-19 06:36:47 - [MESSAGE][PASSED] - Object: 'Object Repository/Pages/FirstPayVault/button_CreateVault' is clicked on&#xD;
&#xD;
2019-09-19 06:36:47 - [MESSAGE][INFO] - 1stPayVault.ts: click on the Click on CreateVault button&#xD;
&#xD;
2019-09-19 06:36:47 - [MESSAGE][PASSED] - utilities.SafeActions.safeClickWithoutScroll is PASSED&#xD;
&#xD;
2019-09-19 06:36:47 - [TEST_STEP][PASSED] - scrollToElement(findTestObject("Pages/FirstPayVault/input_VaultReferenceNumber"), 5): Scroll to object 'Object Repository/Pages/FirstPayVault/input_VaultReferenceNumber' successfully&#xD;
&#xD;
2019-09-19 06:36:47 - [MESSAGE][PASSED] - Scroll to object 'Object Repository/Pages/FirstPayVault/input_VaultReferenceNumber' successfully&#xD;
&#xD;
2019-09-19 06:36:47 - [TEST_STEP][PASSED] - vaultReference = utilities.SafeActions.timeWithMilliSeconds(): utilities.SafeActions.timeWithMilliSeconds is PASSED&#xD;
&#xD;
2019-09-19 06:36:47 - [MESSAGE][PASSED] - utilities.SafeActions.timeWithMilliSeconds is PASSED&#xD;
&#xD;
2019-09-19 06:36:47 - [TEST_STEP][PASSED] - utilities.SafeActions.safeType(findTestObject("Pages/FirstPayVault/input_VaultReferenceNumber"), vaultReference, "Entering Vault Reference Number", [5]): utilities.SafeActions.safeType is PASSED&#xD;
&#xD;
2019-09-19 06:36:47 - [MESSAGE][PASSED] - Object 'Object Repository/Pages/FirstPayVault/input_VaultReferenceNumber' is present&#xD;
&#xD;
2019-09-19 06:36:48 - [MESSAGE][PASSED] - Object: 'Object Repository/Pages/FirstPayVault/input_VaultReferenceNumber' is clicked on&#xD;
&#xD;
2019-09-19 06:36:48 - [MESSAGE][PASSED] - Text '2019-09-19 06:36:47.493' is set on object 'Object Repository/Pages/FirstPayVault/input_VaultReferenceNumber'&#xD;
&#xD;
2019-09-19 06:36:48 - [MESSAGE][PASSED] - utilities.SafeActions.safeType is PASSED&#xD;
&#xD;
2019-09-19 06:36:48 - [TEST_STEP][PASSED] - utilities.SafeActions.safeType(findTestObject("Pages/FirstPayVault/input_CreditCardNumber"), "4111111111111111", "Entering Card Number", [10]): utilities.SafeActions.safeType is PASSED&#xD;
&#xD;
2019-09-19 06:36:48 - [MESSAGE][PASSED] - Object 'Object Repository/Pages/FirstPayVault/input_CreditCardNumber' is present&#xD;
&#xD;
2019-09-19 06:36:49 - [MESSAGE][PASSED] - Object: 'Object Repository/Pages/FirstPayVault/input_CreditCardNumber' is clicked on&#xD;
&#xD;
2019-09-19 06:36:49 - [MESSAGE][PASSED] - Text '4111111111111111' is set on object 'Object Repository/Pages/FirstPayVault/input_CreditCardNumber'&#xD;
&#xD;
2019-09-19 06:36:49 - [MESSAGE][PASSED] - utilities.SafeActions.safeType is PASSED&#xD;
&#xD;
2019-09-19 06:36:49 - [TEST_STEP][PASSED] - delay(4): Delayed 4 second(s)&#xD;
&#xD;
2019-09-19 06:36:53 - [MESSAGE][PASSED] - Delayed 4 second(s)&#xD;
&#xD;
2019-09-19 06:36:53 - [TEST_STEP][PASSED] - utilities.SafeActions.safeSelectOptionInDropDownByVisibleText(findTestObject("Pages/FirstPayVault/dropDown_ExpirationMonth"), "September", "Expiration Month", [5]): utilities.SafeActions.safeSelectOptionInDropDownByVisibleText is PASSED&#xD;
&#xD;
2019-09-19 06:36:54 - [MESSAGE][PASSED] - Object 'Object Repository/Pages/FirstPayVault/dropDown_ExpirationMonth' is present&#xD;
&#xD;
2019-09-19 06:36:54 - [MESSAGE][PASSED] - Object: 'Object Repository/Pages/FirstPayVault/dropDown_ExpirationMonth' is clicked on&#xD;
&#xD;
2019-09-19 06:36:55 - [MESSAGE][PASSED] - All options with label 'September' are selected in object 'Object Repository/Pages/FirstPayVault/dropDown_ExpirationMonth' &#xD;
&#xD;
2019-09-19 06:36:55 - [MESSAGE][PASSED] - utilities.SafeActions.safeSelectOptionInDropDownByVisibleText is PASSED&#xD;
&#xD;
2019-09-19 06:36:55 - [TEST_STEP][PASSED] - utilities.SafeActions.safeSelectOptionInDropDownByVisibleText(findTestObject("Pages/FirstPayVault/dropDown_ExpirationYear"), "2023", "year", [5]): utilities.SafeActions.safeSelectOptionInDropDownByVisibleText is PASSED&#xD;
&#xD;
2019-09-19 06:36:55 - [MESSAGE][PASSED] - Object 'Object Repository/Pages/FirstPayVault/dropDown_ExpirationYear' is present&#xD;
&#xD;
2019-09-19 06:36:56 - [MESSAGE][PASSED] - Object: 'Object Repository/Pages/FirstPayVault/dropDown_ExpirationYear' is clicked on&#xD;
&#xD;
2019-09-19 06:36:56 - [MESSAGE][PASSED] - All options with label '2023' are selected in object 'Object Repository/Pages/FirstPayVault/dropDown_ExpirationYear' &#xD;
&#xD;
2019-09-19 06:36:56 - [MESSAGE][PASSED] - utilities.SafeActions.safeSelectOptionInDropDownByVisibleText is PASSED&#xD;
&#xD;
2019-09-19 06:36:56 - [TEST_STEP][PASSED] - delay(2): Delayed 2 second(s)&#xD;
&#xD;
2019-09-19 06:36:58 - [MESSAGE][PASSED] - Delayed 2 second(s)&#xD;
&#xD;
2019-09-19 06:36:58 - [TEST_STEP][PASSED] - utilities.SafeActions.safeType(findTestObject("Pages/FirstPayVault/input_ContactName"), "Venkata Sai", "Enter Contact Name", [5]): utilities.SafeActions.safeType is PASSED&#xD;
&#xD;
2019-09-19 06:36:58 - [MESSAGE][PASSED] - Object 'Object Repository/Pages/FirstPayVault/input_ContactName' is present&#xD;
&#xD;
2019-09-19 06:36:59 - [MESSAGE][PASSED] - Object: 'Object Repository/Pages/FirstPayVault/input_ContactName' is clicked on&#xD;
&#xD;
2019-09-19 06:36:59 - [MESSAGE][PASSED] - Text 'Venkata Sai' is set on object 'Object Repository/Pages/FirstPayVault/input_ContactName'&#xD;
&#xD;
2019-09-19 06:36:59 - [MESSAGE][PASSED] - utilities.SafeActions.safeType is PASSED&#xD;
&#xD;
2019-09-19 06:36:59 - [TEST_STEP][PASSED] - utilities.SafeActions.safeType(findTestObject("Pages/FirstPayVault/input_PostalCode"), "76102", "Enter Postal Code", [5]): utilities.SafeActions.safeType is PASSED&#xD;
&#xD;
2019-09-19 06:36:59 - [MESSAGE][PASSED] - Object 'Object Repository/Pages/FirstPayVault/input_PostalCode' is present&#xD;
&#xD;
2019-09-19 06:37:00 - [MESSAGE][PASSED] - Object: 'Object Repository/Pages/FirstPayVault/input_PostalCode' is clicked on&#xD;
&#xD;
2019-09-19 06:37:00 - [MESSAGE][PASSED] - Text '76102' is set on object 'Object Repository/Pages/FirstPayVault/input_PostalCode'&#xD;
&#xD;
2019-09-19 06:37:00 - [MESSAGE][PASSED] - utilities.SafeActions.safeType is PASSED&#xD;
&#xD;
2019-09-19 06:37:00 - [TEST_STEP][PASSED] - utilities.SafeActions.safeType(findTestObject("Pages/FirstPayVault/input_Address"), "James Street", "Enter ddress", [5]): utilities.SafeActions.safeType is PASSED&#xD;
&#xD;
2019-09-19 06:37:00 - [MESSAGE][PASSED] - Object 'Object Repository/Pages/FirstPayVault/input_Address' is present&#xD;
&#xD;
2019-09-19 06:37:01 - [MESSAGE][PASSED] - Object: 'Object Repository/Pages/FirstPayVault/input_Address' is clicked on&#xD;
&#xD;
2019-09-19 06:37:01 - [MESSAGE][PASSED] - Text 'James Street' is set on object 'Object Repository/Pages/FirstPayVault/input_Address'&#xD;
&#xD;
2019-09-19 06:37:01 - [MESSAGE][PASSED] - utilities.SafeActions.safeType is PASSED&#xD;
&#xD;
2019-09-19 06:37:01 - [TEST_STEP][PASSED] - utilities.SafeActions.safeCheckForElement(findTestObject("Pages/FirstPayVault/chekBox_AddShippingInformation"), 5): utilities.SafeActions.safeCheckForElement is PASSED&#xD;
&#xD;
2019-09-19 06:37:01 - [MESSAGE][PASSED] - Object 'Object Repository/Pages/FirstPayVault/chekBox_AddShippingInformation' is present&#xD;
&#xD;
2019-09-19 06:37:02 - [MESSAGE][PASSED] - Object 'Object Repository/Pages/FirstPayVault/chekBox_AddShippingInformation' is checked&#xD;
&#xD;
2019-09-19 06:37:02 - [MESSAGE][PASSED] - utilities.SafeActions.safeCheckForElement is PASSED&#xD;
&#xD;
2019-09-19 06:37:02 - [TEST_STEP][PASSED] - utilities.SafeActions.safeType(findTestObject("Pages/FirstPayVault/input_ShippingMethod"), "DTDC", "Enter Shipping Method", [5]): utilities.SafeActions.safeType is PASSED&#xD;
&#xD;
2019-09-19 06:37:02 - [MESSAGE][PASSED] - Object 'Object Repository/Pages/FirstPayVault/input_ShippingMethod' is present&#xD;
&#xD;
2019-09-19 06:37:03 - [MESSAGE][PASSED] - Object: 'Object Repository/Pages/FirstPayVault/input_ShippingMethod' is clicked on&#xD;
&#xD;
2019-09-19 06:37:03 - [MESSAGE][PASSED] - Text 'DTDC' is set on object 'Object Repository/Pages/FirstPayVault/input_ShippingMethod'&#xD;
&#xD;
2019-09-19 06:37:03 - [MESSAGE][PASSED] - utilities.SafeActions.safeType is PASSED&#xD;
&#xD;
2019-09-19 06:37:03 - [TEST_STEP][PASSED] - utilities.SafeActions.safeCheckForElement(findTestObject("Pages/FirstPayVault/checkbox_SameAsBillingInformation"), 5): utilities.SafeActions.safeCheckForElement is PASSED&#xD;
&#xD;
2019-09-19 06:37:03 - [MESSAGE][PASSED] - Object 'Object Repository/Pages/FirstPayVault/checkbox_SameAsBillingInformation' is present&#xD;
&#xD;
2019-09-19 06:37:04 - [MESSAGE][PASSED] - Object 'Object Repository/Pages/FirstPayVault/checkbox_SameAsBillingInformation' is checked&#xD;
&#xD;
2019-09-19 06:37:04 - [MESSAGE][PASSED] - utilities.SafeActions.safeCheckForElement is PASSED&#xD;
&#xD;
2019-09-19 06:37:04 - [TEST_STEP][PASSED] - utilities.SafeActions.safeClickwithScroll(findTestObject("Pages/FirstPayVault/button_Create"), "Click on Create Button", [5]): utilities.SafeActions.safeClickwithScroll is PASSED&#xD;
&#xD;
2019-09-19 06:37:04 - [MESSAGE][PASSED] - Scroll to object 'Object Repository/Pages/FirstPayVault/button_Create' successfully&#xD;
&#xD;
2019-09-19 06:37:04 - [MESSAGE][INFO] - 1stPayVault.ts:waiting until Click on Create Button is Clickable&#xD;
&#xD;
2019-09-19 06:37:04 - [MESSAGE][PASSED] - Object 'Object Repository/Pages/FirstPayVault/button_Create' is clickable&#xD;
&#xD;
2019-09-19 06:37:04 - [MESSAGE][PASSED] - Object 'Object Repository/Pages/FirstPayVault/button_Create' is visible&#xD;
&#xD;
2019-09-19 06:37:05 - [MESSAGE][PASSED] - Object: 'Object Repository/Pages/FirstPayVault/button_Create' is clicked on&#xD;
&#xD;
2019-09-19 06:37:05 - [MESSAGE][INFO] - 1stPayVault.ts: Clicked on the Click on Create Button&#xD;
&#xD;
2019-09-19 06:37:05 - [MESSAGE][PASSED] - utilities.SafeActions.safeClickwithScroll is PASSED&#xD;
&#xD;
2019-09-19 06:37:05 - [TEST_STEP][PASSED] - delay(2): Delayed 2 second(s)&#xD;
&#xD;
2019-09-19 06:37:07 - [MESSAGE][PASSED] - Delayed 2 second(s)&#xD;
&#xD;
2019-09-19 06:37:07 - [TEST_STEP][PASSED] - popupSavedToVaultMessage = utilities.SafeActions.safeGetText(findTestObject("Pages/FirstPayVault/popup_SavedToVaultMessage"), 5): utilities.SafeActions.safeGetText is PASSED&#xD;
&#xD;
2019-09-19 06:37:07 - [MESSAGE][PASSED] - Object 'Object Repository/Pages/FirstPayVault/popup_SavedToVaultMessage' is present&#xD;
&#xD;
2019-09-19 06:37:07 - [MESSAGE][PASSED] - Text of object 'Object Repository/Pages/FirstPayVault/popup_SavedToVaultMessage' is: 'Successfully Saved to Vault'&#xD;
&#xD;
2019-09-19 06:37:07 - [MESSAGE][PASSED] - utilities.SafeActions.safeGetText is PASSED&#xD;
&#xD;
2019-09-19 06:37:07 - [TEST_STEP][PASSED] - flag = utilities.SafeActions.verifyPopupMessage("Successfully Saved to Vault", popupSavedToVaultMessage): Popup Message : Successfully Saved to Vault matched with expected message : Successfully Saved to Vault&#xD;
&#xD;
2019-09-19 06:37:07 - [MESSAGE][PASSED] - Popup Message : Successfully Saved to Vault matched with expected message : Successfully Saved to Vault&#xD;
&#xD;
2019-09-19 06:37:07 - [TEST_STEP][PASSED] - closeBrowser(): Browser is closed&#xD;
&#xD;
2019-09-19 06:37:09 - [MESSAGE][PASSED] - Browser is closed&#xD;
&#xD;
2019-09-19 06:37:09 - [TEST_STEP][PASSED] - Start listener action : sampleAfterTestCase: null</system-out>
            <system-err></system-err>
        </testcase>
        <testcase name="Test Cases/FirstView/FirstPayVault/TC_1st_Pay_Vault_002" classname="Test Cases/FirstView/FirstPayVault/TC_1st_Pay_Vault_002" status="PASSED">
            <system-out>2019-09-19 06:37:09 - [TEST_CASE][PASSED] - Test Cases/FirstView/FirstPayVault/TC_1st_Pay_Vault_002: Test Cases/FirstView/FirstPayVault/TC_1st_Pay_Vault_002&#xD;
&#xD;
2019-09-19 06:37:09 - [TEST_STEP][PASSED] - utilities.SafeActions.openBrowser(URL, [PageLoadTime]): utilities.SafeActions.openBrowser is PASSED&#xD;
&#xD;
2019-09-19 06:37:09 - [MESSAGE][INFO] - Opening Browser&#xD;
&#xD;
2019-09-19 06:37:09 - [MESSAGE][INFO] - Starting 'Firefox' driver&#xD;
&#xD;
2019-09-19 06:37:16 - [MESSAGE][PASSED] - Browser is opened with url: 'http://172.25.48.28/secure/VPOS/VPOS/Vpos'&#xD;
&#xD;
2019-09-19 06:37:16 - [MESSAGE][PASSED] - Current window maximized&#xD;
&#xD;
2019-09-19 06:37:16 - [MESSAGE][INFO] - Browser Launched Successfully&#xD;
&#xD;
2019-09-19 06:37:16 - [MESSAGE][PASSED] - utilities.SafeActions.openBrowser is PASSED&#xD;
&#xD;
2019-09-19 06:37:16 - [TEST_STEP][PASSED] - delay(6): Delayed 6 second(s)&#xD;
&#xD;
2019-09-19 06:37:22 - [MESSAGE][PASSED] - Delayed 6 second(s)&#xD;
&#xD;
2019-09-19 06:37:22 - [TEST_STEP][PASSED] - utilities.SafeActions.safeSelectOptionInDropDownByVisibleText(findTestObject("Pages/Sale/dropDown_AccountType"), "ranjanatest2 - 888814981372/001 Account Type: Retail", "Select by Value", [25]): utilities.SafeActions.safeSelectOptionInDropDownByVisibleText is PASSED&#xD;
&#xD;
2019-09-19 06:37:22 - [MESSAGE][PASSED] - Object 'Object Repository/Pages/Sale/dropDown_AccountType' is present&#xD;
&#xD;
2019-09-19 06:37:23 - [MESSAGE][PASSED] - Object: 'Object Repository/Pages/Sale/dropDown_AccountType' is clicked on&#xD;
&#xD;
2019-09-19 06:37:23 - [MESSAGE][PASSED] - All options with label 'ranjanatest2 - 888814981372/001 Account Type: Retail' are selected in object 'Object Repository/Pages/Sale/dropDown_AccountType' &#xD;
&#xD;
2019-09-19 06:37:23 - [MESSAGE][PASSED] - utilities.SafeActions.safeSelectOptionInDropDownByVisibleText is PASSED&#xD;
&#xD;
2019-09-19 06:37:23 - [TEST_STEP][PASSED] - utilities.SafeActions.safeClickWithoutScroll(findTestObject("Pages/FirstPayVault/tab_FirstPayVault"), "Click on FirstPayVault tab", [5]): utilities.SafeActions.safeClickWithoutScroll is PASSED&#xD;
&#xD;
2019-09-19 06:37:23 - [MESSAGE][INFO] - Safe Click Without scroll&#xD;
&#xD;
2019-09-19 06:37:23 - [MESSAGE][INFO] - 1stPayVault.ts:waiting until Click on FirstPayVault tab is Clickable&#xD;
&#xD;
2019-09-19 06:37:23 - [MESSAGE][PASSED] - Object 'Object Repository/Pages/FirstPayVault/tab_FirstPayVault' is clickable&#xD;
&#xD;
2019-09-19 06:37:23 - [MESSAGE][PASSED] - Object 'Object Repository/Pages/FirstPayVault/tab_FirstPayVault' is visible&#xD;
&#xD;
2019-09-19 06:37:24 - [MESSAGE][PASSED] - Object: 'Object Repository/Pages/FirstPayVault/tab_FirstPayVault' is clicked on&#xD;
&#xD;
2019-09-19 06:37:24 - [MESSAGE][INFO] - 1stPayVault.ts: click on the Click on FirstPayVault tab&#xD;
&#xD;
2019-09-19 06:37:24 - [MESSAGE][PASSED] - utilities.SafeActions.safeClickWithoutScroll is PASSED&#xD;
&#xD;
2019-09-19 06:37:24 - [TEST_STEP][PASSED] - utilities.SafeActions.safeClickWithoutScroll(findTestObject("Pages/FirstPayVault/button_CreateVault"), "Click on CreateVault button", [5]): utilities.SafeActions.safeClickWithoutScroll is PASSED&#xD;
&#xD;
2019-09-19 06:37:24 - [MESSAGE][INFO] - Safe Click Without scroll&#xD;
&#xD;
2019-09-19 06:37:24 - [MESSAGE][INFO] - 1stPayVault.ts:waiting until Click on CreateVault button is Clickable&#xD;
&#xD;
2019-09-19 06:37:24 - [MESSAGE][PASSED] - Object 'Object Repository/Pages/FirstPayVault/button_CreateVault' is clickable&#xD;
&#xD;
2019-09-19 06:37:24 - [MESSAGE][PASSED] - Object 'Object Repository/Pages/FirstPayVault/button_CreateVault' is visible&#xD;
&#xD;
2019-09-19 06:37:25 - [MESSAGE][PASSED] - Object: 'Object Repository/Pages/FirstPayVault/button_CreateVault' is clicked on&#xD;
&#xD;
2019-09-19 06:37:25 - [MESSAGE][INFO] - 1stPayVault.ts: click on the Click on CreateVault button&#xD;
&#xD;
2019-09-19 06:37:25 - [MESSAGE][PASSED] - utilities.SafeActions.safeClickWithoutScroll is PASSED&#xD;
&#xD;
2019-09-19 06:37:25 - [TEST_STEP][PASSED] - scrollToElement(findTestObject("Pages/FirstPayVault/input_VaultReferenceNumber"), 5): Scroll to object 'Object Repository/Pages/FirstPayVault/input_VaultReferenceNumber' successfully&#xD;
&#xD;
2019-09-19 06:37:25 - [MESSAGE][PASSED] - Scroll to object 'Object Repository/Pages/FirstPayVault/input_VaultReferenceNumber' successfully&#xD;
&#xD;
2019-09-19 06:37:25 - [TEST_STEP][PASSED] - vaultReference = utilities.SafeActions.timeWithMilliSeconds(): utilities.SafeActions.timeWithMilliSeconds is PASSED&#xD;
&#xD;
2019-09-19 06:37:25 - [MESSAGE][PASSED] - utilities.SafeActions.timeWithMilliSeconds is PASSED&#xD;
&#xD;
2019-09-19 06:37:25 - [TEST_STEP][PASSED] - utilities.SafeActions.safeType(findTestObject("Pages/FirstPayVault/input_VaultReferenceNumber"), vaultReference, "Entering Vault Reference Number", [5]): utilities.SafeActions.safeType is PASSED&#xD;
&#xD;
2019-09-19 06:37:26 - [MESSAGE][PASSED] - Object 'Object Repository/Pages/FirstPayVault/input_VaultReferenceNumber' is present&#xD;
&#xD;
2019-09-19 06:37:26 - [MESSAGE][PASSED] - Object: 'Object Repository/Pages/FirstPayVault/input_VaultReferenceNumber' is clicked on&#xD;
&#xD;
2019-09-19 06:37:27 - [MESSAGE][PASSED] - Text '2019-09-19 06:37:25.956' is set on object 'Object Repository/Pages/FirstPayVault/input_VaultReferenceNumber'&#xD;
&#xD;
2019-09-19 06:37:27 - [MESSAGE][PASSED] - utilities.SafeActions.safeType is PASSED&#xD;
&#xD;
2019-09-19 06:37:27 - [TEST_STEP][PASSED] - utilities.SafeActions.safeType(findTestObject("Pages/FirstPayVault/input_CreditCardNumber"), "4111111111111111", "Entering Card Number", [10]): utilities.SafeActions.safeType is PASSED&#xD;
&#xD;
2019-09-19 06:37:27 - [MESSAGE][PASSED] - Object 'Object Repository/Pages/FirstPayVault/input_CreditCardNumber' is present&#xD;
&#xD;
2019-09-19 06:37:27 - [MESSAGE][PASSED] - Object: 'Object Repository/Pages/FirstPayVault/input_CreditCardNumber' is clicked on&#xD;
&#xD;
2019-09-19 06:37:28 - [MESSAGE][PASSED] - Text '4111111111111111' is set on object 'Object Repository/Pages/FirstPayVault/input_CreditCardNumber'&#xD;
&#xD;
2019-09-19 06:37:28 - [MESSAGE][PASSED] - utilities.SafeActions.safeType is PASSED&#xD;
&#xD;
2019-09-19 06:37:28 - [TEST_STEP][PASSED] - delay(4): Delayed 4 second(s)&#xD;
&#xD;
2019-09-19 06:37:32 - [MESSAGE][PASSED] - Delayed 4 second(s)&#xD;
&#xD;
2019-09-19 06:37:32 - [TEST_STEP][PASSED] - utilities.SafeActions.safeSelectOptionInDropDownByVisibleText(findTestObject("Pages/FirstPayVault/dropDown_ExpirationMonth"), "September", "Expiration Month", [5]): utilities.SafeActions.safeSelectOptionInDropDownByVisibleText is PASSED&#xD;
&#xD;
2019-09-19 06:37:32 - [MESSAGE][PASSED] - Object 'Object Repository/Pages/FirstPayVault/dropDown_ExpirationMonth' is present&#xD;
&#xD;
2019-09-19 06:37:33 - [MESSAGE][PASSED] - Object: 'Object Repository/Pages/FirstPayVault/dropDown_ExpirationMonth' is clicked on&#xD;
&#xD;
2019-09-19 06:37:33 - [MESSAGE][PASSED] - All options with label 'September' are selected in object 'Object Repository/Pages/FirstPayVault/dropDown_ExpirationMonth' &#xD;
&#xD;
2019-09-19 06:37:33 - [MESSAGE][PASSED] - utilities.SafeActions.safeSelectOptionInDropDownByVisibleText is PASSED&#xD;
&#xD;
2019-09-19 06:37:33 - [TEST_STEP][PASSED] - utilities.SafeActions.safeSelectOptionInDropDownByVisibleText(findTestObject("Pages/FirstPayVault/dropDown_ExpirationYear"), "2023", "year", [5]): utilities.SafeActions.safeSelectOptionInDropDownByVisibleText is PASSED&#xD;
&#xD;
2019-09-19 06:37:33 - [MESSAGE][PASSED] - Object 'Object Repository/Pages/FirstPayVault/dropDown_ExpirationYear' is present&#xD;
&#xD;
2019-09-19 06:37:34 - [MESSAGE][PASSED] - Object: 'Object Repository/Pages/FirstPayVault/dropDown_ExpirationYear' is clicked on&#xD;
&#xD;
2019-09-19 06:37:34 - [MESSAGE][PASSED] - All options with label '2023' are selected in object 'Object Repository/Pages/FirstPayVault/dropDown_ExpirationYear' &#xD;
&#xD;
2019-09-19 06:37:34 - [MESSAGE][PASSED] - utilities.SafeActions.safeSelectOptionInDropDownByVisibleText is PASSED&#xD;
&#xD;
2019-09-19 06:37:34 - [TEST_STEP][PASSED] - delay(2): Delayed 2 second(s)&#xD;
&#xD;
2019-09-19 06:37:36 - [MESSAGE][PASSED] - Delayed 2 second(s)&#xD;
&#xD;
2019-09-19 06:37:36 - [TEST_STEP][PASSED] - utilities.SafeActions.safeType(findTestObject("Pages/FirstPayVault/input_ContactName"), "Venkata Sai", "Enter Contact Name", [5]): utilities.SafeActions.safeType is PASSED&#xD;
&#xD;
2019-09-19 06:37:36 - [MESSAGE][PASSED] - Object 'Object Repository/Pages/FirstPayVault/input_ContactName' is present&#xD;
&#xD;
2019-09-19 06:37:37 - [MESSAGE][PASSED] - Object: 'Object Repository/Pages/FirstPayVault/input_ContactName' is clicked on&#xD;
&#xD;
2019-09-19 06:37:37 - [MESSAGE][PASSED] - Text 'Venkata Sai' is set on object 'Object Repository/Pages/FirstPayVault/input_ContactName'&#xD;
&#xD;
2019-09-19 06:37:37 - [MESSAGE][PASSED] - utilities.SafeActions.safeType is PASSED&#xD;
&#xD;
2019-09-19 06:37:37 - [TEST_STEP][PASSED] - utilities.SafeActions.safeType(findTestObject("Pages/FirstPayVault/input_PostalCode"), "76102", "Enter Postal Code", [5]): utilities.SafeActions.safeType is PASSED&#xD;
&#xD;
2019-09-19 06:37:37 - [MESSAGE][PASSED] - Object 'Object Repository/Pages/FirstPayVault/input_PostalCode' is present&#xD;
&#xD;
2019-09-19 06:37:38 - [MESSAGE][PASSED] - Object: 'Object Repository/Pages/FirstPayVault/input_PostalCode' is clicked on&#xD;
&#xD;
2019-09-19 06:37:38 - [MESSAGE][PASSED] - Text '76102' is set on object 'Object Repository/Pages/FirstPayVault/input_PostalCode'&#xD;
&#xD;
2019-09-19 06:37:38 - [MESSAGE][PASSED] - utilities.SafeActions.safeType is PASSED&#xD;
&#xD;
2019-09-19 06:37:38 - [TEST_STEP][PASSED] - utilities.SafeActions.safeType(findTestObject("Pages/FirstPayVault/input_Address"), "James Street", "Enter ddress", [5]): utilities.SafeActions.safeType is PASSED&#xD;
&#xD;
2019-09-19 06:37:38 - [MESSAGE][PASSED] - Object 'Object Repository/Pages/FirstPayVault/input_Address' is present&#xD;
&#xD;
2019-09-19 06:37:39 - [MESSAGE][PASSED] - Object: 'Object Repository/Pages/FirstPayVault/input_Address' is clicked on&#xD;
&#xD;
2019-09-19 06:37:39 - [MESSAGE][PASSED] - Text 'James Street' is set on object 'Object Repository/Pages/FirstPayVault/input_Address'&#xD;
&#xD;
2019-09-19 06:37:39 - [MESSAGE][PASSED] - utilities.SafeActions.safeType is PASSED&#xD;
&#xD;
2019-09-19 06:37:39 - [TEST_STEP][PASSED] - utilities.SafeActions.safeCheckForElement(findTestObject("Pages/FirstPayVault/chekBox_AddShippingInformation"), 5): utilities.SafeActions.safeCheckForElement is PASSED&#xD;
&#xD;
2019-09-19 06:37:39 - [MESSAGE][PASSED] - Object 'Object Repository/Pages/FirstPayVault/chekBox_AddShippingInformation' is present&#xD;
&#xD;
2019-09-19 06:37:40 - [MESSAGE][PASSED] - Object 'Object Repository/Pages/FirstPayVault/chekBox_AddShippingInformation' is checked&#xD;
&#xD;
2019-09-19 06:37:40 - [MESSAGE][PASSED] - utilities.SafeActions.safeCheckForElement is PASSED&#xD;
&#xD;
2019-09-19 06:37:40 - [TEST_STEP][PASSED] - utilities.SafeActions.safeType(findTestObject("Pages/FirstPayVault/input_ShippingMethod"), "DTDC", "Enter Shipping Method", [5]): utilities.SafeActions.safeType is PASSED&#xD;
&#xD;
2019-09-19 06:37:40 - [MESSAGE][PASSED] - Object 'Object Repository/Pages/FirstPayVault/input_ShippingMethod' is present&#xD;
&#xD;
2019-09-19 06:37:41 - [MESSAGE][PASSED] - Object: 'Object Repository/Pages/FirstPayVault/input_ShippingMethod' is clicked on&#xD;
&#xD;
2019-09-19 06:37:41 - [MESSAGE][PASSED] - Text 'DTDC' is set on object 'Object Repository/Pages/FirstPayVault/input_ShippingMethod'&#xD;
&#xD;
2019-09-19 06:37:41 - [MESSAGE][PASSED] - utilities.SafeActions.safeType is PASSED&#xD;
&#xD;
2019-09-19 06:37:41 - [TEST_STEP][PASSED] - utilities.SafeActions.safeCheckForElement(findTestObject("Pages/FirstPayVault/checkbox_SameAsBillingInformation"), 5): utilities.SafeActions.safeCheckForElement is PASSED&#xD;
&#xD;
2019-09-19 06:37:41 - [MESSAGE][PASSED] - Object 'Object Repository/Pages/FirstPayVault/checkbox_SameAsBillingInformation' is present&#xD;
&#xD;
2019-09-19 06:37:42 - [MESSAGE][PASSED] - Object 'Object Repository/Pages/FirstPayVault/checkbox_SameAsBillingInformation' is checked&#xD;
&#xD;
2019-09-19 06:37:42 - [MESSAGE][PASSED] - utilities.SafeActions.safeCheckForElement is PASSED&#xD;
&#xD;
2019-09-19 06:37:42 - [TEST_STEP][PASSED] - utilities.SafeActions.safeClickwithScroll(findTestObject("Pages/FirstPayVault/button_Create"), "Click on Create Button", [5]): utilities.SafeActions.safeClickwithScroll is PASSED&#xD;
&#xD;
2019-09-19 06:37:42 - [MESSAGE][PASSED] - Scroll to object 'Object Repository/Pages/FirstPayVault/button_Create' successfully&#xD;
&#xD;
2019-09-19 06:37:42 - [MESSAGE][INFO] - 1stPayVault.ts:waiting until Click on Create Button is Clickable&#xD;
&#xD;
2019-09-19 06:37:42 - [MESSAGE][PASSED] - Object 'Object Repository/Pages/FirstPayVault/button_Create' is clickable&#xD;
&#xD;
2019-09-19 06:37:42 - [MESSAGE][PASSED] - Object 'Object Repository/Pages/FirstPayVault/button_Create' is visible&#xD;
&#xD;
2019-09-19 06:37:43 - [MESSAGE][PASSED] - Object: 'Object Repository/Pages/FirstPayVault/button_Create' is clicked on&#xD;
&#xD;
2019-09-19 06:37:43 - [MESSAGE][INFO] - 1stPayVault.ts: Clicked on the Click on Create Button&#xD;
&#xD;
2019-09-19 06:37:43 - [MESSAGE][PASSED] - utilities.SafeActions.safeClickwithScroll is PASSED&#xD;
&#xD;
2019-09-19 06:37:43 - [TEST_STEP][PASSED] - delay(2): Delayed 2 second(s)&#xD;
&#xD;
2019-09-19 06:37:45 - [MESSAGE][PASSED] - Delayed 2 second(s)&#xD;
&#xD;
2019-09-19 06:37:45 - [TEST_STEP][PASSED] - popupSavedToVaultMessage = utilities.SafeActions.safeGetText(findTestObject("Pages/FirstPayVault/popup_SavedToVaultMessage"), 5): utilities.SafeActions.safeGetText is PASSED&#xD;
&#xD;
2019-09-19 06:37:45 - [MESSAGE][PASSED] - Object 'Object Repository/Pages/FirstPayVault/popup_SavedToVaultMessage' is present&#xD;
&#xD;
2019-09-19 06:37:45 - [MESSAGE][PASSED] - Text of object 'Object Repository/Pages/FirstPayVault/popup_SavedToVaultMessage' is: 'Successfully Saved to Vault'&#xD;
&#xD;
2019-09-19 06:37:45 - [MESSAGE][PASSED] - utilities.SafeActions.safeGetText is PASSED&#xD;
&#xD;
2019-09-19 06:37:45 - [TEST_STEP][PASSED] - flag = utilities.SafeActions.verifyPopupMessage("Successfully Saved to Vault", popupSavedToVaultMessage): Popup Message : Successfully Saved to Vault matched with expected message : Successfully Saved to Vault&#xD;
&#xD;
2019-09-19 06:37:45 - [MESSAGE][PASSED] - Popup Message : Successfully Saved to Vault matched with expected message : Successfully Saved to Vault&#xD;
&#xD;
2019-09-19 06:37:45 - [TEST_STEP][PASSED] - delay(2): Delayed 2 second(s)&#xD;
&#xD;
2019-09-19 06:37:47 - [MESSAGE][PASSED] - Delayed 2 second(s)&#xD;
&#xD;
2019-09-19 06:37:47 - [TEST_STEP][PASSED] - utilities.SafeActions.safeClickWithoutScroll(findTestObject("Pages/FirstPayVault/button_RunASale_InPopup"), "Click on Run A Sale in Popup", [delayBetweenTestSteps]): utilities.SafeActions.safeClickWithoutScroll is PASSED&#xD;
&#xD;
2019-09-19 06:37:48 - [MESSAGE][INFO] - Safe Click Without scroll&#xD;
&#xD;
2019-09-19 06:37:48 - [MESSAGE][INFO] - 1stPayVault.ts:waiting until Click on Run A Sale in Popup is Clickable&#xD;
&#xD;
2019-09-19 06:37:48 - [MESSAGE][PASSED] - Object 'Object Repository/Pages/FirstPayVault/button_RunASale_InPopup' is clickable&#xD;
&#xD;
2019-09-19 06:37:48 - [MESSAGE][PASSED] - Object 'Object Repository/Pages/FirstPayVault/button_RunASale_InPopup' is visible&#xD;
&#xD;
2019-09-19 06:37:48 - [MESSAGE][PASSED] - Object: 'Object Repository/Pages/FirstPayVault/button_RunASale_InPopup' is clicked on&#xD;
&#xD;
2019-09-19 06:37:48 - [MESSAGE][INFO] - 1stPayVault.ts: click on the Click on Run A Sale in Popup&#xD;
&#xD;
2019-09-19 06:37:48 - [MESSAGE][PASSED] - utilities.SafeActions.safeClickWithoutScroll is PASSED&#xD;
&#xD;
2019-09-19 06:37:48 - [TEST_STEP][PASSED] - delay(1): Delayed 1 second(s)&#xD;
&#xD;
2019-09-19 06:37:49 - [MESSAGE][PASSED] - Delayed 1 second(s)&#xD;
&#xD;
2019-09-19 06:37:49 - [TEST_STEP][PASSED] - value = utilities.SafeActions.getAttributeValue(findTestObject("Pages/Sale/tab_Sale_Active"), "Sale"): The screen is Sale screen&#xD;
&#xD;
2019-09-19 06:37:50 - [MESSAGE][PASSED] - Attribute 'class' of object 'Object Repository/Pages/Sale/tab_Sale_Active' is: 'active_tab tabs__link'&#xD;
&#xD;
2019-09-19 06:37:50 - [MESSAGE][PASSED] - The screen is Sale screen&#xD;
&#xD;
2019-09-19 06:37:50 - [TEST_STEP][PASSED] - closeBrowser(): Browser is closed&#xD;
&#xD;
2019-09-19 06:37:51 - [MESSAGE][PASSED] - Browser is closed&#xD;
&#xD;
2019-09-19 06:37:51 - [TEST_STEP][PASSED] - Start listener action : sampleAfterTestCase: null</system-out>
            <system-err></system-err>
        </testcase>
        <testcase name="Test Cases/FirstView/FirstPayVault/TC_1st_Pay_Vault_003" classname="Test Cases/FirstView/FirstPayVault/TC_1st_Pay_Vault_003" status="PASSED">
            <system-out>2019-09-19 06:37:51 - [TEST_CASE][PASSED] - Test Cases/FirstView/FirstPayVault/TC_1st_Pay_Vault_003: Test Cases/FirstView/FirstPayVault/TC_1st_Pay_Vault_003&#xD;
&#xD;
2019-09-19 06:37:52 - [TEST_STEP][PASSED] - utilities.SafeActions.openBrowser(URL, [PageLoadTime]): utilities.SafeActions.openBrowser is PASSED&#xD;
&#xD;
2019-09-19 06:37:52 - [MESSAGE][INFO] - Opening Browser&#xD;
&#xD;
2019-09-19 06:37:52 - [MESSAGE][INFO] - Starting 'Firefox' driver&#xD;
&#xD;
2019-09-19 06:37:59 - [MESSAGE][PASSED] - Browser is opened with url: 'http://172.25.48.28/secure/VPOS/VPOS/Vpos'&#xD;
&#xD;
2019-09-19 06:37:59 - [MESSAGE][PASSED] - Current window maximized&#xD;
&#xD;
2019-09-19 06:37:59 - [MESSAGE][INFO] - Browser Launched Successfully&#xD;
&#xD;
2019-09-19 06:37:59 - [MESSAGE][PASSED] - utilities.SafeActions.openBrowser is PASSED&#xD;
&#xD;
2019-09-19 06:37:59 - [TEST_STEP][PASSED] - delay(6): Delayed 6 second(s)&#xD;
&#xD;
2019-09-19 06:38:05 - [MESSAGE][PASSED] - Delayed 6 second(s)&#xD;
&#xD;
2019-09-19 06:38:05 - [TEST_STEP][PASSED] - utilities.SafeActions.safeSelectOptionInDropDownByVisibleText(findTestObject("Pages/Sale/dropDown_AccountType"), "ranjanatest2 - 888814981372/001 Account Type: Retail", "Select by Value", [25]): utilities.SafeActions.safeSelectOptionInDropDownByVisibleText is PASSED&#xD;
&#xD;
2019-09-19 06:38:05 - [MESSAGE][PASSED] - Object 'Object Repository/Pages/Sale/dropDown_AccountType' is present&#xD;
&#xD;
2019-09-19 06:38:06 - [MESSAGE][PASSED] - Object: 'Object Repository/Pages/Sale/dropDown_AccountType' is clicked on&#xD;
&#xD;
2019-09-19 06:38:06 - [MESSAGE][PASSED] - All options with label 'ranjanatest2 - 888814981372/001 Account Type: Retail' are selected in object 'Object Repository/Pages/Sale/dropDown_AccountType' &#xD;
&#xD;
2019-09-19 06:38:06 - [MESSAGE][PASSED] - utilities.SafeActions.safeSelectOptionInDropDownByVisibleText is PASSED&#xD;
&#xD;
2019-09-19 06:38:06 - [TEST_STEP][PASSED] - utilities.SafeActions.safeClickWithoutScroll(findTestObject("Pages/FirstPayVault/tab_FirstPayVault"), "Click on FirstPayVault tab", [5]): utilities.SafeActions.safeClickWithoutScroll is PASSED&#xD;
&#xD;
2019-09-19 06:38:06 - [MESSAGE][INFO] - Safe Click Without scroll&#xD;
&#xD;
2019-09-19 06:38:06 - [MESSAGE][INFO] - 1stPayVault.ts:waiting until Click on FirstPayVault tab is Clickable&#xD;
&#xD;
2019-09-19 06:38:06 - [MESSAGE][PASSED] - Object 'Object Repository/Pages/FirstPayVault/tab_FirstPayVault' is clickable&#xD;
&#xD;
2019-09-19 06:38:06 - [MESSAGE][PASSED] - Object 'Object Repository/Pages/FirstPayVault/tab_FirstPayVault' is visible&#xD;
&#xD;
2019-09-19 06:38:07 - [MESSAGE][PASSED] - Object: 'Object Repository/Pages/FirstPayVault/tab_FirstPayVault' is clicked on&#xD;
&#xD;
2019-09-19 06:38:07 - [MESSAGE][INFO] - 1stPayVault.ts: click on the Click on FirstPayVault tab&#xD;
&#xD;
2019-09-19 06:38:07 - [MESSAGE][PASSED] - utilities.SafeActions.safeClickWithoutScroll is PASSED&#xD;
&#xD;
2019-09-19 06:38:07 - [TEST_STEP][PASSED] - utilities.SafeActions.safeClickWithoutScroll(findTestObject("Pages/FirstPayVault/button_CreateVault"), "Click on CreateVault button", [5]): utilities.SafeActions.safeClickWithoutScroll is PASSED&#xD;
&#xD;
2019-09-19 06:38:07 - [MESSAGE][INFO] - Safe Click Without scroll&#xD;
&#xD;
2019-09-19 06:38:07 - [MESSAGE][INFO] - 1stPayVault.ts:waiting until Click on CreateVault button is Clickable&#xD;
&#xD;
2019-09-19 06:38:07 - [MESSAGE][PASSED] - Object 'Object Repository/Pages/FirstPayVault/button_CreateVault' is clickable&#xD;
&#xD;
2019-09-19 06:38:07 - [MESSAGE][PASSED] - Object 'Object Repository/Pages/FirstPayVault/button_CreateVault' is visible&#xD;
&#xD;
2019-09-19 06:38:08 - [MESSAGE][PASSED] - Object: 'Object Repository/Pages/FirstPayVault/button_CreateVault' is clicked on&#xD;
&#xD;
2019-09-19 06:38:08 - [MESSAGE][INFO] - 1stPayVault.ts: click on the Click on CreateVault button&#xD;
&#xD;
2019-09-19 06:38:08 - [MESSAGE][PASSED] - utilities.SafeActions.safeClickWithoutScroll is PASSED&#xD;
&#xD;
2019-09-19 06:38:08 - [TEST_STEP][PASSED] - scrollToElement(findTestObject("Pages/FirstPayVault/input_VaultReferenceNumber"), 5): Scroll to object 'Object Repository/Pages/FirstPayVault/input_VaultReferenceNumber' successfully&#xD;
&#xD;
2019-09-19 06:38:09 - [MESSAGE][PASSED] - Scroll to object 'Object Repository/Pages/FirstPayVault/input_VaultReferenceNumber' successfully&#xD;
&#xD;
2019-09-19 06:38:09 - [TEST_STEP][PASSED] - vaultReference = utilities.SafeActions.timeWithMilliSeconds(): utilities.SafeActions.timeWithMilliSeconds is PASSED&#xD;
&#xD;
2019-09-19 06:38:09 - [MESSAGE][PASSED] - utilities.SafeActions.timeWithMilliSeconds is PASSED&#xD;
&#xD;
2019-09-19 06:38:09 - [TEST_STEP][PASSED] - utilities.SafeActions.safeType(findTestObject("Pages/FirstPayVault/input_VaultReferenceNumber"), vaultReference, "Entering Vault Reference Number", [5]): utilities.SafeActions.safeType is PASSED&#xD;
&#xD;
2019-09-19 06:38:09 - [MESSAGE][PASSED] - Object 'Object Repository/Pages/FirstPayVault/input_VaultReferenceNumber' is present&#xD;
&#xD;
2019-09-19 06:38:10 - [MESSAGE][PASSED] - Object: 'Object Repository/Pages/FirstPayVault/input_VaultReferenceNumber' is clicked on&#xD;
&#xD;
2019-09-19 06:38:10 - [MESSAGE][PASSED] - Text '2019-09-19 06:38:09.068' is set on object 'Object Repository/Pages/FirstPayVault/input_VaultReferenceNumber'&#xD;
&#xD;
2019-09-19 06:38:10 - [MESSAGE][PASSED] - utilities.SafeActions.safeType is PASSED&#xD;
&#xD;
2019-09-19 06:38:10 - [TEST_STEP][PASSED] - utilities.SafeActions.safeType(findTestObject("Pages/FirstPayVault/input_CreditCardNumber"), visaCardNumber, "Entering Card Number", [10]): utilities.SafeActions.safeType is PASSED&#xD;
&#xD;
2019-09-19 06:38:10 - [MESSAGE][PASSED] - Object 'Object Repository/Pages/FirstPayVault/input_CreditCardNumber' is present&#xD;
&#xD;
2019-09-19 06:38:11 - [MESSAGE][PASSED] - Object: 'Object Repository/Pages/FirstPayVault/input_CreditCardNumber' is clicked on&#xD;
&#xD;
2019-09-19 06:38:11 - [MESSAGE][PASSED] - Text '4111111111111111' is set on object 'Object Repository/Pages/FirstPayVault/input_CreditCardNumber'&#xD;
&#xD;
2019-09-19 06:38:11 - [MESSAGE][PASSED] - utilities.SafeActions.safeType is PASSED&#xD;
&#xD;
2019-09-19 06:38:11 - [TEST_STEP][PASSED] - delay(4): Delayed 4 second(s)&#xD;
&#xD;
2019-09-19 06:38:15 - [MESSAGE][PASSED] - Delayed 4 second(s)&#xD;
&#xD;
2019-09-19 06:38:15 - [TEST_STEP][PASSED] - utilities.SafeActions.safeSelectOptionInDropDownByVisibleText(findTestObject("Pages/FirstPayVault/dropDown_ExpirationMonth"), cardMonth, "Expiration Month", [5]): utilities.SafeActions.safeSelectOptionInDropDownByVisibleText is PASSED&#xD;
&#xD;
2019-09-19 06:38:15 - [MESSAGE][PASSED] - Object 'Object Repository/Pages/FirstPayVault/dropDown_ExpirationMonth' is present&#xD;
&#xD;
2019-09-19 06:38:16 - [MESSAGE][PASSED] - Object: 'Object Repository/Pages/FirstPayVault/dropDown_ExpirationMonth' is clicked on&#xD;
&#xD;
2019-09-19 06:38:16 - [MESSAGE][PASSED] - All options with label 'September' are selected in object 'Object Repository/Pages/FirstPayVault/dropDown_ExpirationMonth' &#xD;
&#xD;
2019-09-19 06:38:16 - [MESSAGE][PASSED] - utilities.SafeActions.safeSelectOptionInDropDownByVisibleText is PASSED&#xD;
&#xD;
2019-09-19 06:38:16 - [TEST_STEP][PASSED] - utilities.SafeActions.safeSelectOptionInDropDownByVisibleText(findTestObject("Pages/FirstPayVault/dropDown_ExpirationYear"), cardYear, "year", [5]): utilities.SafeActions.safeSelectOptionInDropDownByVisibleText is PASSED&#xD;
&#xD;
2019-09-19 06:38:16 - [MESSAGE][PASSED] - Object 'Object Repository/Pages/FirstPayVault/dropDown_ExpirationYear' is present&#xD;
&#xD;
2019-09-19 06:38:17 - [MESSAGE][PASSED] - Object: 'Object Repository/Pages/FirstPayVault/dropDown_ExpirationYear' is clicked on&#xD;
&#xD;
2019-09-19 06:38:17 - [MESSAGE][PASSED] - All options with label '2022' are selected in object 'Object Repository/Pages/FirstPayVault/dropDown_ExpirationYear' &#xD;
&#xD;
2019-09-19 06:38:17 - [MESSAGE][PASSED] - utilities.SafeActions.safeSelectOptionInDropDownByVisibleText is PASSED&#xD;
&#xD;
2019-09-19 06:38:17 - [TEST_STEP][PASSED] - delay(2): Delayed 2 second(s)&#xD;
&#xD;
2019-09-19 06:38:19 - [MESSAGE][PASSED] - Delayed 2 second(s)&#xD;
&#xD;
2019-09-19 06:38:19 - [TEST_STEP][PASSED] - utilities.SafeActions.safeType(findTestObject("Pages/FirstPayVault/input_ContactName"), customerName, "Enter Contact Name", [5]): utilities.SafeActions.safeType is PASSED&#xD;
&#xD;
2019-09-19 06:38:19 - [MESSAGE][PASSED] - Object 'Object Repository/Pages/FirstPayVault/input_ContactName' is present&#xD;
&#xD;
2019-09-19 06:38:20 - [MESSAGE][PASSED] - Object: 'Object Repository/Pages/FirstPayVault/input_ContactName' is clicked on&#xD;
&#xD;
2019-09-19 06:38:20 - [MESSAGE][PASSED] - Text 'Venkat Sai' is set on object 'Object Repository/Pages/FirstPayVault/input_ContactName'&#xD;
&#xD;
2019-09-19 06:38:20 - [MESSAGE][PASSED] - utilities.SafeActions.safeType is PASSED&#xD;
&#xD;
2019-09-19 06:38:20 - [TEST_STEP][PASSED] - utilities.SafeActions.safeType(findTestObject("Pages/FirstPayVault/input_PostalCode"), "76102", "Enter Postal Code", [5]): utilities.SafeActions.safeType is PASSED&#xD;
&#xD;
2019-09-19 06:38:20 - [MESSAGE][PASSED] - Object 'Object Repository/Pages/FirstPayVault/input_PostalCode' is present&#xD;
&#xD;
2019-09-19 06:38:21 - [MESSAGE][PASSED] - Object: 'Object Repository/Pages/FirstPayVault/input_PostalCode' is clicked on&#xD;
&#xD;
2019-09-19 06:38:21 - [MESSAGE][PASSED] - Text '76102' is set on object 'Object Repository/Pages/FirstPayVault/input_PostalCode'&#xD;
&#xD;
2019-09-19 06:38:21 - [MESSAGE][PASSED] - utilities.SafeActions.safeType is PASSED&#xD;
&#xD;
2019-09-19 06:38:21 - [TEST_STEP][PASSED] - utilities.SafeActions.safeType(findTestObject("Pages/FirstPayVault/input_Address"), "James Street", "Enter ddress", [5]): utilities.SafeActions.safeType is PASSED&#xD;
&#xD;
2019-09-19 06:38:21 - [MESSAGE][PASSED] - Object 'Object Repository/Pages/FirstPayVault/input_Address' is present&#xD;
&#xD;
2019-09-19 06:38:22 - [MESSAGE][PASSED] - Object: 'Object Repository/Pages/FirstPayVault/input_Address' is clicked on&#xD;
&#xD;
2019-09-19 06:38:22 - [MESSAGE][PASSED] - Text 'James Street' is set on object 'Object Repository/Pages/FirstPayVault/input_Address'&#xD;
&#xD;
2019-09-19 06:38:22 - [MESSAGE][PASSED] - utilities.SafeActions.safeType is PASSED&#xD;
&#xD;
2019-09-19 06:38:22 - [TEST_STEP][PASSED] - utilities.SafeActions.safeCheckForElement(findTestObject("Pages/FirstPayVault/chekBox_AddShippingInformation"), 5): utilities.SafeActions.safeCheckForElement is PASSED&#xD;
&#xD;
2019-09-19 06:38:22 - [MESSAGE][PASSED] - Object 'Object Repository/Pages/FirstPayVault/chekBox_AddShippingInformation' is present&#xD;
&#xD;
2019-09-19 06:38:23 - [MESSAGE][PASSED] - Object 'Object Repository/Pages/FirstPayVault/chekBox_AddShippingInformation' is checked&#xD;
&#xD;
2019-09-19 06:38:23 - [MESSAGE][PASSED] - utilities.SafeActions.safeCheckForElement is PASSED&#xD;
&#xD;
2019-09-19 06:38:23 - [TEST_STEP][PASSED] - utilities.SafeActions.safeType(findTestObject("Pages/FirstPayVault/input_ShippingMethod"), "DTDC", "Enter Shipping Method", [5]): utilities.SafeActions.safeType is PASSED&#xD;
&#xD;
2019-09-19 06:38:23 - [MESSAGE][PASSED] - Object 'Object Repository/Pages/FirstPayVault/input_ShippingMethod' is present&#xD;
&#xD;
2019-09-19 06:38:24 - [MESSAGE][PASSED] - Object: 'Object Repository/Pages/FirstPayVault/input_ShippingMethod' is clicked on&#xD;
&#xD;
2019-09-19 06:38:24 - [MESSAGE][PASSED] - Text 'DTDC' is set on object 'Object Repository/Pages/FirstPayVault/input_ShippingMethod'&#xD;
&#xD;
2019-09-19 06:38:24 - [MESSAGE][PASSED] - utilities.SafeActions.safeType is PASSED&#xD;
&#xD;
2019-09-19 06:38:24 - [TEST_STEP][PASSED] - utilities.SafeActions.safeCheckForElement(findTestObject("Pages/FirstPayVault/checkbox_SameAsBillingInformation"), 5): utilities.SafeActions.safeCheckForElement is PASSED&#xD;
&#xD;
2019-09-19 06:38:24 - [MESSAGE][PASSED] - Object 'Object Repository/Pages/FirstPayVault/checkbox_SameAsBillingInformation' is present&#xD;
&#xD;
2019-09-19 06:38:24 - [MESSAGE][PASSED] - Object 'Object Repository/Pages/FirstPayVault/checkbox_SameAsBillingInformation' is checked&#xD;
&#xD;
2019-09-19 06:38:24 - [MESSAGE][PASSED] - utilities.SafeActions.safeCheckForElement is PASSED&#xD;
&#xD;
2019-09-19 06:38:24 - [TEST_STEP][PASSED] - utilities.SafeActions.safeClickwithScroll(findTestObject("Pages/FirstPayVault/button_Create"), "Click on Create Button", [5]): utilities.SafeActions.safeClickwithScroll is PASSED&#xD;
&#xD;
2019-09-19 06:38:25 - [MESSAGE][PASSED] - Scroll to object 'Object Repository/Pages/FirstPayVault/button_Create' successfully&#xD;
&#xD;
2019-09-19 06:38:25 - [MESSAGE][INFO] - 1stPayVault.ts:waiting until Click on Create Button is Clickable&#xD;
&#xD;
2019-09-19 06:38:25 - [MESSAGE][PASSED] - Object 'Object Repository/Pages/FirstPayVault/button_Create' is clickable&#xD;
&#xD;
2019-09-19 06:38:25 - [MESSAGE][PASSED] - Object 'Object Repository/Pages/FirstPayVault/button_Create' is visible&#xD;
&#xD;
2019-09-19 06:38:25 - [MESSAGE][PASSED] - Object: 'Object Repository/Pages/FirstPayVault/button_Create' is clicked on&#xD;
&#xD;
2019-09-19 06:38:25 - [MESSAGE][INFO] - 1stPayVault.ts: Clicked on the Click on Create Button&#xD;
&#xD;
2019-09-19 06:38:25 - [MESSAGE][PASSED] - utilities.SafeActions.safeClickwithScroll is PASSED&#xD;
&#xD;
2019-09-19 06:38:25 - [TEST_STEP][PASSED] - delay(2): Delayed 2 second(s)&#xD;
&#xD;
2019-09-19 06:38:27 - [MESSAGE][PASSED] - Delayed 2 second(s)&#xD;
&#xD;
2019-09-19 06:38:27 - [TEST_STEP][PASSED] - popupSavedToVaultMessage = utilities.SafeActions.safeGetText(findTestObject("Pages/FirstPayVault/popup_SavedToVaultMessage"), 5): utilities.SafeActions.safeGetText is PASSED&#xD;
&#xD;
2019-09-19 06:38:28 - [MESSAGE][PASSED] - Object 'Object Repository/Pages/FirstPayVault/popup_SavedToVaultMessage' is present&#xD;
&#xD;
2019-09-19 06:38:28 - [MESSAGE][PASSED] - Text of object 'Object Repository/Pages/FirstPayVault/popup_SavedToVaultMessage' is: 'Successfully Saved to Vault'&#xD;
&#xD;
2019-09-19 06:38:28 - [MESSAGE][PASSED] - utilities.SafeActions.safeGetText is PASSED&#xD;
&#xD;
2019-09-19 06:38:28 - [TEST_STEP][PASSED] - flag = utilities.SafeActions.verifyPopupMessage("Successfully Saved to Vault", popupSavedToVaultMessage): Popup Message : Successfully Saved to Vault matched with expected message : Successfully Saved to Vault&#xD;
&#xD;
2019-09-19 06:38:28 - [MESSAGE][PASSED] - Popup Message : Successfully Saved to Vault matched with expected message : Successfully Saved to Vault&#xD;
&#xD;
2019-09-19 06:38:28 - [TEST_STEP][PASSED] - delay(2): Delayed 2 second(s)&#xD;
&#xD;
2019-09-19 06:38:30 - [MESSAGE][PASSED] - Delayed 2 second(s)&#xD;
&#xD;
2019-09-19 06:38:30 - [TEST_STEP][PASSED] - utilities.SafeActions.safeClickWithoutScroll(findTestObject("Pages/FirstPayVault/button_RunSaleWithThisVault_InPopup"), "Click on Run Sale With This Vault in Popup", [delayBetweenTestSteps]): utilities.SafeActions.safeClickWithoutScroll is PASSED&#xD;
&#xD;
2019-09-19 06:38:30 - [MESSAGE][INFO] - Safe Click Without scroll&#xD;
&#xD;
2019-09-19 06:38:30 - [MESSAGE][INFO] - 1stPayVault.ts:waiting until Click on Run Sale With This Vault in Popup is Clickable&#xD;
&#xD;
2019-09-19 06:38:30 - [MESSAGE][PASSED] - Object 'Object Repository/Pages/FirstPayVault/button_RunSaleWithThisVault_InPopup' is clickable&#xD;
&#xD;
2019-09-19 06:38:30 - [MESSAGE][PASSED] - Object 'Object Repository/Pages/FirstPayVault/button_RunSaleWithThisVault_InPopup' is visible&#xD;
&#xD;
2019-09-19 06:38:31 - [MESSAGE][PASSED] - Object: 'Object Repository/Pages/FirstPayVault/button_RunSaleWithThisVault_InPopup' is clicked on&#xD;
&#xD;
2019-09-19 06:38:31 - [MESSAGE][INFO] - 1stPayVault.ts: click on the Click on Run Sale With This Vault in Popup&#xD;
&#xD;
2019-09-19 06:38:31 - [MESSAGE][PASSED] - utilities.SafeActions.safeClickWithoutScroll is PASSED&#xD;
&#xD;
2019-09-19 06:38:31 - [TEST_STEP][PASSED] - delay(1): Delayed 1 second(s)&#xD;
&#xD;
2019-09-19 06:38:32 - [MESSAGE][PASSED] - Delayed 1 second(s)&#xD;
&#xD;
2019-09-19 06:38:32 - [TEST_STEP][PASSED] - value = utilities.SafeActions.getAttributeValue(findTestObject("Pages/FirstPayVault/tab_1stPayVault_Active"), "1st_PayVault"): The screen is 1st_PayVault screen&#xD;
&#xD;
2019-09-19 06:38:32 - [MESSAGE][PASSED] - Attribute 'class' of object 'Object Repository/Pages/FirstPayVault/tab_1stPayVault_Active' is: 'active_tab tabs__link'&#xD;
&#xD;
2019-09-19 06:38:32 - [MESSAGE][PASSED] - The screen is 1st_PayVault screen&#xD;
&#xD;
2019-09-19 06:38:32 - [TEST_STEP][PASSED] - scrollToElement(findTestObject("Pages/FirstPayVault/input_Amount"), 5): Scroll to object 'Object Repository/Pages/FirstPayVault/input_Amount' successfully&#xD;
&#xD;
2019-09-19 06:38:32 - [MESSAGE][PASSED] - Scroll to object 'Object Repository/Pages/FirstPayVault/input_Amount' successfully&#xD;
&#xD;
2019-09-19 06:38:32 - [TEST_STEP][PASSED] - utilities.SafeActions.safeType(findTestObject("Pages/FirstPayVault/input_Amount"), "450", "Enter Amount", [5]): utilities.SafeActions.safeType is PASSED&#xD;
&#xD;
2019-09-19 06:38:32 - [MESSAGE][PASSED] - Object 'Object Repository/Pages/FirstPayVault/input_Amount' is present&#xD;
&#xD;
2019-09-19 06:38:33 - [MESSAGE][PASSED] - Object: 'Object Repository/Pages/FirstPayVault/input_Amount' is clicked on&#xD;
&#xD;
2019-09-19 06:38:33 - [MESSAGE][PASSED] - Text '450' is set on object 'Object Repository/Pages/FirstPayVault/input_Amount'&#xD;
&#xD;
2019-09-19 06:38:33 - [MESSAGE][PASSED] - utilities.SafeActions.safeType is PASSED&#xD;
&#xD;
2019-09-19 06:38:33 - [TEST_STEP][PASSED] - salesTax = utilities.SafeActions.safeGetText(findTestObject("Pages/FirstPayVault/input_SalesTaxUnderAmount"), delayBetweenTestSteps): utilities.SafeActions.safeGetText is PASSED&#xD;
&#xD;
2019-09-19 06:38:33 - [MESSAGE][PASSED] - Object 'Object Repository/Pages/FirstPayVault/input_SalesTaxUnderAmount' is present&#xD;
&#xD;
2019-09-19 06:38:34 - [MESSAGE][PASSED] - Text of object 'Object Repository/Pages/FirstPayVault/input_SalesTaxUnderAmount' is: '$45.00'&#xD;
&#xD;
2019-09-19 06:38:34 - [MESSAGE][PASSED] - utilities.SafeActions.safeGetText is PASSED&#xD;
&#xD;
2019-09-19 06:38:34 - [TEST_STEP][PASSED] - pages.FirstPayVault.verifyAmountIsNotZero(salesTax): pages.FirstPayVault.verifyAmountIsNotZero is PASSED&#xD;
&#xD;
2019-09-19 06:38:34 - [MESSAGE][PASSED] - pages.FirstPayVault.verifyAmountIsNotZero is PASSED&#xD;
&#xD;
2019-09-19 06:38:34 - [TEST_STEP][PASSED] - scrollToElement(findTestObject("Pages/FirstPayVault/input_CreditCardNumberForVerification"), delayBetweenTestSteps): Scroll to object 'Object Repository/Pages/FirstPayVault/input_CreditCardNumberForVerification' successfully&#xD;
&#xD;
2019-09-19 06:38:34 - [MESSAGE][PASSED] - Scroll to object 'Object Repository/Pages/FirstPayVault/input_CreditCardNumberForVerification' successfully&#xD;
&#xD;
2019-09-19 06:38:34 - [TEST_STEP][PASSED] - cardNumber = utilities.SafeActions.getAttribute(findTestObject("Pages/FirstPayVault/input_CreditCardNumberForVerification"), "1st Pay Vault"): utilities.SafeActions.getAttribute is PASSED&#xD;
&#xD;
2019-09-19 06:38:34 - [MESSAGE][PASSED] - Attribute 'value' of object 'Object Repository/Pages/FirstPayVault/input_CreditCardNumberForVerification' is: '411111******1111'&#xD;
&#xD;
2019-09-19 06:38:34 - [MESSAGE][PASSED] - utilities.SafeActions.getAttribute is PASSED&#xD;
&#xD;
2019-09-19 06:38:34 - [TEST_STEP][PASSED] - pages.FirstPayVault.verifycardNumber(cardNumber, visaCardNumber): Actual String : 4111111111111111 matched with Expected message : 411111******1111&#xD;
&#xD;
2019-09-19 06:38:34 - [MESSAGE][PASSED] - Actual String : 4111111111111111 matched with Expected message : 411111******1111&#xD;
&#xD;
2019-09-19 06:38:34 - [TEST_STEP][PASSED] - expirationYear = utilities.SafeActions.getAttribute(findTestObject("Pages/FirstPayVault/dropDownExpirationYearForVerification"), "1st Pay Vault"): utilities.SafeActions.getAttribute is PASSED&#xD;
&#xD;
2019-09-19 06:38:34 - [MESSAGE][PASSED] - Attribute 'value' of object 'Object Repository/Pages/FirstPayVault/dropDownExpirationYearForVerification' is: '2022'&#xD;
&#xD;
2019-09-19 06:38:34 - [MESSAGE][PASSED] - utilities.SafeActions.getAttribute is PASSED&#xD;
&#xD;
2019-09-19 06:38:34 - [TEST_STEP][PASSED] - pages.FirstPayVault.verifyStrings(expirationYear, cardYear): Actual String : 2022 matched with Expected message : 2022&#xD;
&#xD;
2019-09-19 06:38:34 - [MESSAGE][PASSED] - Actual String : 2022 matched with Expected message : 2022&#xD;
&#xD;
2019-09-19 06:38:34 - [TEST_STEP][PASSED] - scrollToElement(findTestObject("Pages/FirstPayVault/input_VerifyCardHolderName"), 5): Scroll to object 'Object Repository/Pages/FirstPayVault/input_VerifyCardHolderName' successfully&#xD;
&#xD;
2019-09-19 06:38:34 - [MESSAGE][PASSED] - Scroll to object 'Object Repository/Pages/FirstPayVault/input_VerifyCardHolderName' successfully&#xD;
&#xD;
2019-09-19 06:38:34 - [TEST_STEP][PASSED] - name = utilities.SafeActions.getAttribute(findTestObject("Pages/FirstPayVault/input_VerifyCardHolderName"), "1stPayVault"): utilities.SafeActions.getAttribute is PASSED&#xD;
&#xD;
2019-09-19 06:38:34 - [MESSAGE][PASSED] - Attribute 'value' of object 'Object Repository/Pages/FirstPayVault/input_VerifyCardHolderName' is: 'Venkat Sai'&#xD;
&#xD;
2019-09-19 06:38:34 - [MESSAGE][PASSED] - utilities.SafeActions.getAttribute is PASSED&#xD;
&#xD;
2019-09-19 06:38:34 - [TEST_STEP][PASSED] - pages.FirstPayVault.verifyStrings(name, customerName): Actual String : Venkat Sai matched with Expected message : Venkat Sai&#xD;
&#xD;
2019-09-19 06:38:34 - [MESSAGE][PASSED] - Actual String : Venkat Sai matched with Expected message : Venkat Sai&#xD;
&#xD;
2019-09-19 06:38:34 - [TEST_STEP][PASSED] - scrollToElement(findTestObject("Pages/FirstPayVault/checkbox_TaxExempt"), 5): Scroll to object 'Object Repository/Pages/FirstPayVault/checkbox_TaxExempt' successfully&#xD;
&#xD;
2019-09-19 06:38:35 - [MESSAGE][PASSED] - Scroll to object 'Object Repository/Pages/FirstPayVault/checkbox_TaxExempt' successfully&#xD;
&#xD;
2019-09-19 06:38:35 - [TEST_STEP][PASSED] - salesTax = utilities.SafeActions.safeGetText(findTestObject("Pages/FirstPayVault/amount_UnderPurchaseCardInformation"), delayBetweenTestSteps): utilities.SafeActions.safeGetText is PASSED&#xD;
&#xD;
2019-09-19 06:38:35 - [MESSAGE][PASSED] - Object 'Object Repository/Pages/FirstPayVault/amount_UnderPurchaseCardInformation' is present&#xD;
&#xD;
2019-09-19 06:38:35 - [MESSAGE][PASSED] - Text of object 'Object Repository/Pages/FirstPayVault/amount_UnderPurchaseCardInformation' is: '$45.00'&#xD;
&#xD;
2019-09-19 06:38:35 - [MESSAGE][PASSED] - utilities.SafeActions.safeGetText is PASSED&#xD;
&#xD;
2019-09-19 06:38:35 - [TEST_STEP][PASSED] - pages.FirstPayVault.verifyAmountIsNotZero(salesTax): pages.FirstPayVault.verifyAmountIsNotZero is PASSED&#xD;
&#xD;
2019-09-19 06:38:35 - [MESSAGE][PASSED] - pages.FirstPayVault.verifyAmountIsNotZero is PASSED&#xD;
&#xD;
2019-09-19 06:38:35 - [TEST_STEP][PASSED] - utilities.SafeActions.safeCheckForElement(findTestObject("Pages/FirstPayVault/checkbox_TaxExempt"), 5): utilities.SafeActions.safeCheckForElement is PASSED&#xD;
&#xD;
2019-09-19 06:38:35 - [MESSAGE][PASSED] - Object 'Object Repository/Pages/FirstPayVault/checkbox_TaxExempt' is present&#xD;
&#xD;
2019-09-19 06:38:36 - [MESSAGE][PASSED] - Object 'Object Repository/Pages/FirstPayVault/checkbox_TaxExempt' is checked&#xD;
&#xD;
2019-09-19 06:38:36 - [MESSAGE][PASSED] - utilities.SafeActions.safeCheckForElement is PASSED&#xD;
&#xD;
2019-09-19 06:38:36 - [TEST_STEP][PASSED] - utilities.SafeActions.safeClickwithScroll(findTestObject("Pages/FirstPayVault/button_Checkout"), "Click on Checkout", [5]): utilities.SafeActions.safeClickwithScroll is PASSED&#xD;
&#xD;
2019-09-19 06:38:36 - [MESSAGE][PASSED] - Scroll to object 'Object Repository/Pages/FirstPayVault/button_Checkout' successfully&#xD;
&#xD;
2019-09-19 06:38:36 - [MESSAGE][INFO] - 1stPayVault.ts:waiting until Click on Checkout is Clickable&#xD;
&#xD;
2019-09-19 06:38:36 - [MESSAGE][PASSED] - Object 'Object Repository/Pages/FirstPayVault/button_Checkout' is clickable&#xD;
&#xD;
2019-09-19 06:38:36 - [MESSAGE][PASSED] - Object 'Object Repository/Pages/FirstPayVault/button_Checkout' is visible&#xD;
&#xD;
2019-09-19 06:38:37 - [MESSAGE][PASSED] - Object: 'Object Repository/Pages/FirstPayVault/button_Checkout' is clicked on&#xD;
&#xD;
2019-09-19 06:38:37 - [MESSAGE][INFO] - 1stPayVault.ts: Clicked on the Click on Checkout&#xD;
&#xD;
2019-09-19 06:38:37 - [MESSAGE][PASSED] - utilities.SafeActions.safeClickwithScroll is PASSED&#xD;
&#xD;
2019-09-19 06:38:37 - [TEST_STEP][PASSED] - pages.Sale.verifyTransactionCompletePage(findTestObject("Pages/Sale/heading_TransactionComplete")): The screen is Transaction Complete screen&#xD;
&#xD;
2019-09-19 06:38:40 - [MESSAGE][PASSED] - Object 'Object Repository/Pages/Sale/heading_TransactionComplete' is present&#xD;
&#xD;
2019-09-19 06:38:40 - [MESSAGE][PASSED] - The screen is Transaction Complete screen&#xD;
&#xD;
2019-09-19 06:38:40 - [TEST_STEP][PASSED] - delay(delayBetweenTestSteps): Delayed 3 second(s)&#xD;
&#xD;
2019-09-19 06:38:43 - [MESSAGE][PASSED] - Delayed 3 second(s)&#xD;
&#xD;
2019-09-19 06:38:43 - [TEST_STEP][PASSED] - utilities.SafeActions.safeClickWithoutScroll(findTestObject("Pages/FirstPayVault/button_Return_InTransactionComplete"), "Click On Return Button", [5]): utilities.SafeActions.safeClickWithoutScroll is PASSED&#xD;
&#xD;
2019-09-19 06:38:43 - [MESSAGE][INFO] - Safe Click Without scroll&#xD;
&#xD;
2019-09-19 06:38:43 - [MESSAGE][INFO] - 1stPayVault.ts:waiting until Click On Return Button is Clickable&#xD;
&#xD;
2019-09-19 06:38:43 - [MESSAGE][PASSED] - Object 'Object Repository/Pages/FirstPayVault/button_Return_InTransactionComplete' is clickable&#xD;
&#xD;
2019-09-19 06:38:43 - [MESSAGE][PASSED] - Object 'Object Repository/Pages/FirstPayVault/button_Return_InTransactionComplete' is visible&#xD;
&#xD;
2019-09-19 06:38:43 - [MESSAGE][PASSED] - Object: 'Object Repository/Pages/FirstPayVault/button_Return_InTransactionComplete' is clicked on&#xD;
&#xD;
2019-09-19 06:38:43 - [MESSAGE][INFO] - 1stPayVault.ts: click on the Click On Return Button&#xD;
&#xD;
2019-09-19 06:38:43 - [MESSAGE][PASSED] - utilities.SafeActions.safeClickWithoutScroll is PASSED&#xD;
&#xD;
2019-09-19 06:38:43 - [TEST_STEP][PASSED] - delay(delayBetweenTestSteps): Delayed 3 second(s)&#xD;
&#xD;
2019-09-19 06:38:46 - [MESSAGE][PASSED] - Delayed 3 second(s)&#xD;
&#xD;
2019-09-19 06:38:46 - [TEST_STEP][PASSED] - closeBrowser(): Browser is closed&#xD;
&#xD;
2019-09-19 06:38:48 - [MESSAGE][PASSED] - Browser is closed&#xD;
&#xD;
2019-09-19 06:38:48 - [TEST_STEP][PASSED] - Start listener action : sampleAfterTestCase: null</system-out>
            <system-err></system-err>
        </testcase>
        <testcase name="Test Cases/FirstView/FirstPayVault/TC_1st_Pay_Vault_004" classname="Test Cases/FirstView/FirstPayVault/TC_1st_Pay_Vault_004" status="PASSED">
            <system-out>2019-09-19 06:38:48 - [TEST_CASE][PASSED] - Test Cases/FirstView/FirstPayVault/TC_1st_Pay_Vault_004: Test Cases/FirstView/FirstPayVault/TC_1st_Pay_Vault_004&#xD;
&#xD;
2019-09-19 06:38:48 - [TEST_STEP][PASSED] - utilities.SafeActions.openBrowser(URL, [PageLoadTime]): utilities.SafeActions.openBrowser is PASSED&#xD;
&#xD;
2019-09-19 06:38:48 - [MESSAGE][INFO] - Opening Browser&#xD;
&#xD;
2019-09-19 06:38:48 - [MESSAGE][INFO] - Starting 'Firefox' driver&#xD;
&#xD;
2019-09-19 06:38:56 - [MESSAGE][PASSED] - Browser is opened with url: 'http://172.25.48.28/secure/VPOS/VPOS/Vpos'&#xD;
&#xD;
2019-09-19 06:38:56 - [MESSAGE][PASSED] - Current window maximized&#xD;
&#xD;
2019-09-19 06:38:56 - [MESSAGE][INFO] - Browser Launched Successfully&#xD;
&#xD;
2019-09-19 06:38:56 - [MESSAGE][PASSED] - utilities.SafeActions.openBrowser is PASSED&#xD;
&#xD;
2019-09-19 06:38:56 - [TEST_STEP][PASSED] - delay(6): Delayed 6 second(s)&#xD;
&#xD;
2019-09-19 06:39:02 - [MESSAGE][PASSED] - Delayed 6 second(s)&#xD;
&#xD;
2019-09-19 06:39:02 - [TEST_STEP][PASSED] - utilities.SafeActions.safeSelectOptionInDropDownByVisibleText(findTestObject("Pages/Sale/dropDown_AccountType"), "ranjanatest2 - 888814981372/001 Account Type: Retail", "Select by Value", [25]): utilities.SafeActions.safeSelectOptionInDropDownByVisibleText is PASSED&#xD;
&#xD;
2019-09-19 06:39:02 - [MESSAGE][PASSED] - Object 'Object Repository/Pages/Sale/dropDown_AccountType' is present&#xD;
&#xD;
2019-09-19 06:39:03 - [MESSAGE][PASSED] - Object: 'Object Repository/Pages/Sale/dropDown_AccountType' is clicked on&#xD;
&#xD;
2019-09-19 06:39:03 - [MESSAGE][PASSED] - All options with label 'ranjanatest2 - 888814981372/001 Account Type: Retail' are selected in object 'Object Repository/Pages/Sale/dropDown_AccountType' &#xD;
&#xD;
2019-09-19 06:39:03 - [MESSAGE][PASSED] - utilities.SafeActions.safeSelectOptionInDropDownByVisibleText is PASSED&#xD;
&#xD;
2019-09-19 06:39:03 - [TEST_STEP][PASSED] - utilities.SafeActions.safeClickWithoutScroll(findTestObject("Pages/FirstPayVault/tab_FirstPayVault"), "Click on FirstPayVault tab", [5]): utilities.SafeActions.safeClickWithoutScroll is PASSED&#xD;
&#xD;
2019-09-19 06:39:03 - [MESSAGE][INFO] - Safe Click Without scroll&#xD;
&#xD;
2019-09-19 06:39:03 - [MESSAGE][INFO] - 1stPayVault.ts:waiting until Click on FirstPayVault tab is Clickable&#xD;
&#xD;
2019-09-19 06:39:03 - [MESSAGE][PASSED] - Object 'Object Repository/Pages/FirstPayVault/tab_FirstPayVault' is clickable&#xD;
&#xD;
2019-09-19 06:39:03 - [MESSAGE][PASSED] - Object 'Object Repository/Pages/FirstPayVault/tab_FirstPayVault' is visible&#xD;
&#xD;
2019-09-19 06:39:04 - [MESSAGE][PASSED] - Object: 'Object Repository/Pages/FirstPayVault/tab_FirstPayVault' is clicked on&#xD;
&#xD;
2019-09-19 06:39:04 - [MESSAGE][INFO] - 1stPayVault.ts: click on the Click on FirstPayVault tab&#xD;
&#xD;
2019-09-19 06:39:04 - [MESSAGE][PASSED] - utilities.SafeActions.safeClickWithoutScroll is PASSED&#xD;
&#xD;
2019-09-19 06:39:04 - [TEST_STEP][PASSED] - utilities.SafeActions.safeClickWithoutScroll(findTestObject("Pages/FirstPayVault/button_CreateVault"), "Click on CreateVault button", [5]): utilities.SafeActions.safeClickWithoutScroll is PASSED&#xD;
&#xD;
2019-09-19 06:39:04 - [MESSAGE][INFO] - Safe Click Without scroll&#xD;
&#xD;
2019-09-19 06:39:04 - [MESSAGE][INFO] - 1stPayVault.ts:waiting until Click on CreateVault button is Clickable&#xD;
&#xD;
2019-09-19 06:39:04 - [MESSAGE][PASSED] - Object 'Object Repository/Pages/FirstPayVault/button_CreateVault' is clickable&#xD;
&#xD;
2019-09-19 06:39:04 - [MESSAGE][PASSED] - Object 'Object Repository/Pages/FirstPayVault/button_CreateVault' is visible&#xD;
&#xD;
2019-09-19 06:39:05 - [MESSAGE][PASSED] - Object: 'Object Repository/Pages/FirstPayVault/button_CreateVault' is clicked on&#xD;
&#xD;
2019-09-19 06:39:05 - [MESSAGE][INFO] - 1stPayVault.ts: click on the Click on CreateVault button&#xD;
&#xD;
2019-09-19 06:39:05 - [MESSAGE][PASSED] - utilities.SafeActions.safeClickWithoutScroll is PASSED&#xD;
&#xD;
2019-09-19 06:39:05 - [TEST_STEP][PASSED] - scrollToElement(findTestObject("Pages/FirstPayVault/input_VaultReferenceNumber"), 5): Scroll to object 'Object Repository/Pages/FirstPayVault/input_VaultReferenceNumber' successfully&#xD;
&#xD;
2019-09-19 06:39:05 - [MESSAGE][PASSED] - Scroll to object 'Object Repository/Pages/FirstPayVault/input_VaultReferenceNumber' successfully&#xD;
&#xD;
2019-09-19 06:39:05 - [TEST_STEP][PASSED] - vaultReference = utilities.SafeActions.timeWithMilliSeconds(): utilities.SafeActions.timeWithMilliSeconds is PASSED&#xD;
&#xD;
2019-09-19 06:39:05 - [MESSAGE][PASSED] - utilities.SafeActions.timeWithMilliSeconds is PASSED&#xD;
&#xD;
2019-09-19 06:39:05 - [TEST_STEP][PASSED] - utilities.SafeActions.safeType(findTestObject("Pages/FirstPayVault/input_VaultReferenceNumber"), vaultReference, "Entering Vault Reference Number", [5]): utilities.SafeActions.safeType is PASSED&#xD;
&#xD;
2019-09-19 06:39:05 - [MESSAGE][PASSED] - Object 'Object Repository/Pages/FirstPayVault/input_VaultReferenceNumber' is present&#xD;
&#xD;
2019-09-19 06:39:06 - [MESSAGE][PASSED] - Object: 'Object Repository/Pages/FirstPayVault/input_VaultReferenceNumber' is clicked on&#xD;
&#xD;
2019-09-19 06:39:06 - [MESSAGE][PASSED] - Text '2019-09-19 06:39:05.532' is set on object 'Object Repository/Pages/FirstPayVault/input_VaultReferenceNumber'&#xD;
&#xD;
2019-09-19 06:39:06 - [MESSAGE][PASSED] - utilities.SafeActions.safeType is PASSED&#xD;
&#xD;
2019-09-19 06:39:06 - [TEST_STEP][PASSED] - utilities.SafeActions.safeType(findTestObject("Pages/FirstPayVault/input_CreditCardNumber"), visaCardNumber, "Entering Card Number", [10]): utilities.SafeActions.safeType is PASSED&#xD;
&#xD;
2019-09-19 06:39:06 - [MESSAGE][PASSED] - Object 'Object Repository/Pages/FirstPayVault/input_CreditCardNumber' is present&#xD;
&#xD;
2019-09-19 06:39:07 - [MESSAGE][PASSED] - Object: 'Object Repository/Pages/FirstPayVault/input_CreditCardNumber' is clicked on&#xD;
&#xD;
2019-09-19 06:39:07 - [MESSAGE][PASSED] - Text '4111111111111111' is set on object 'Object Repository/Pages/FirstPayVault/input_CreditCardNumber'&#xD;
&#xD;
2019-09-19 06:39:07 - [MESSAGE][PASSED] - utilities.SafeActions.safeType is PASSED&#xD;
&#xD;
2019-09-19 06:39:07 - [TEST_STEP][PASSED] - delay(4): Delayed 4 second(s)&#xD;
&#xD;
2019-09-19 06:39:11 - [MESSAGE][PASSED] - Delayed 4 second(s)&#xD;
&#xD;
2019-09-19 06:39:11 - [TEST_STEP][PASSED] - utilities.SafeActions.safeSelectOptionInDropDownByVisibleText(findTestObject("Pages/FirstPayVault/dropDown_ExpirationMonth"), cardMonth, "Expiration Month", [5]): utilities.SafeActions.safeSelectOptionInDropDownByVisibleText is PASSED&#xD;
&#xD;
2019-09-19 06:39:11 - [MESSAGE][PASSED] - Object 'Object Repository/Pages/FirstPayVault/dropDown_ExpirationMonth' is present&#xD;
&#xD;
2019-09-19 06:39:12 - [MESSAGE][PASSED] - Object: 'Object Repository/Pages/FirstPayVault/dropDown_ExpirationMonth' is clicked on&#xD;
&#xD;
2019-09-19 06:39:12 - [MESSAGE][PASSED] - All options with label 'September' are selected in object 'Object Repository/Pages/FirstPayVault/dropDown_ExpirationMonth' &#xD;
&#xD;
2019-09-19 06:39:12 - [MESSAGE][PASSED] - utilities.SafeActions.safeSelectOptionInDropDownByVisibleText is PASSED&#xD;
&#xD;
2019-09-19 06:39:12 - [TEST_STEP][PASSED] - utilities.SafeActions.safeSelectOptionInDropDownByVisibleText(findTestObject("Pages/FirstPayVault/dropDown_ExpirationYear"), cardYear, "year", [5]): utilities.SafeActions.safeSelectOptionInDropDownByVisibleText is PASSED&#xD;
&#xD;
2019-09-19 06:39:12 - [MESSAGE][PASSED] - Object 'Object Repository/Pages/FirstPayVault/dropDown_ExpirationYear' is present&#xD;
&#xD;
2019-09-19 06:39:13 - [MESSAGE][PASSED] - Object: 'Object Repository/Pages/FirstPayVault/dropDown_ExpirationYear' is clicked on&#xD;
&#xD;
2019-09-19 06:39:13 - [MESSAGE][PASSED] - All options with label '2032' are selected in object 'Object Repository/Pages/FirstPayVault/dropDown_ExpirationYear' &#xD;
&#xD;
2019-09-19 06:39:13 - [MESSAGE][PASSED] - utilities.SafeActions.safeSelectOptionInDropDownByVisibleText is PASSED&#xD;
&#xD;
2019-09-19 06:39:13 - [TEST_STEP][PASSED] - delay(2): Delayed 2 second(s)&#xD;
&#xD;
2019-09-19 06:39:15 - [MESSAGE][PASSED] - Delayed 2 second(s)&#xD;
&#xD;
2019-09-19 06:39:15 - [TEST_STEP][PASSED] - utilities.SafeActions.safeType(findTestObject("Pages/FirstPayVault/input_ContactName"), customerName, "Enter Contact Name", [5]): utilities.SafeActions.safeType is PASSED&#xD;
&#xD;
2019-09-19 06:39:16 - [MESSAGE][PASSED] - Object 'Object Repository/Pages/FirstPayVault/input_ContactName' is present&#xD;
&#xD;
2019-09-19 06:39:16 - [MESSAGE][PASSED] - Object: 'Object Repository/Pages/FirstPayVault/input_ContactName' is clicked on&#xD;
&#xD;
2019-09-19 06:39:17 - [MESSAGE][PASSED] - Text 'Venkata Sai' is set on object 'Object Repository/Pages/FirstPayVault/input_ContactName'&#xD;
&#xD;
2019-09-19 06:39:17 - [MESSAGE][PASSED] - utilities.SafeActions.safeType is PASSED&#xD;
&#xD;
2019-09-19 06:39:17 - [TEST_STEP][PASSED] - utilities.SafeActions.safeType(findTestObject("Pages/FirstPayVault/input_PostalCode"), "76102", "Enter Postal Code", [5]): utilities.SafeActions.safeType is PASSED&#xD;
&#xD;
2019-09-19 06:39:17 - [MESSAGE][PASSED] - Object 'Object Repository/Pages/FirstPayVault/input_PostalCode' is present&#xD;
&#xD;
2019-09-19 06:39:17 - [MESSAGE][PASSED] - Object: 'Object Repository/Pages/FirstPayVault/input_PostalCode' is clicked on&#xD;
&#xD;
2019-09-19 06:39:18 - [MESSAGE][PASSED] - Text '76102' is set on object 'Object Repository/Pages/FirstPayVault/input_PostalCode'&#xD;
&#xD;
2019-09-19 06:39:18 - [MESSAGE][PASSED] - utilities.SafeActions.safeType is PASSED&#xD;
&#xD;
2019-09-19 06:39:18 - [TEST_STEP][PASSED] - utilities.SafeActions.safeType(findTestObject("Pages/FirstPayVault/input_Address"), "James Street", "Enter ddress", [5]): utilities.SafeActions.safeType is PASSED&#xD;
&#xD;
2019-09-19 06:39:18 - [MESSAGE][PASSED] - Object 'Object Repository/Pages/FirstPayVault/input_Address' is present&#xD;
&#xD;
2019-09-19 06:39:18 - [MESSAGE][PASSED] - Object: 'Object Repository/Pages/FirstPayVault/input_Address' is clicked on&#xD;
&#xD;
2019-09-19 06:39:19 - [MESSAGE][PASSED] - Text 'James Street' is set on object 'Object Repository/Pages/FirstPayVault/input_Address'&#xD;
&#xD;
2019-09-19 06:39:19 - [MESSAGE][PASSED] - utilities.SafeActions.safeType is PASSED&#xD;
&#xD;
2019-09-19 06:39:19 - [TEST_STEP][PASSED] - utilities.SafeActions.safeCheckForElement(findTestObject("Pages/FirstPayVault/chekBox_AddShippingInformation"), 5): utilities.SafeActions.safeCheckForElement is PASSED&#xD;
&#xD;
2019-09-19 06:39:19 - [MESSAGE][PASSED] - Object 'Object Repository/Pages/FirstPayVault/chekBox_AddShippingInformation' is present&#xD;
&#xD;
2019-09-19 06:39:19 - [MESSAGE][PASSED] - Object 'Object Repository/Pages/FirstPayVault/chekBox_AddShippingInformation' is checked&#xD;
&#xD;
2019-09-19 06:39:19 - [MESSAGE][PASSED] - utilities.SafeActions.safeCheckForElement is PASSED&#xD;
&#xD;
2019-09-19 06:39:19 - [TEST_STEP][PASSED] - utilities.SafeActions.safeType(findTestObject("Pages/FirstPayVault/input_ShippingMethod"), "DTDC", "Enter Shipping Method", [5]): utilities.SafeActions.safeType is PASSED&#xD;
&#xD;
2019-09-19 06:39:20 - [MESSAGE][PASSED] - Object 'Object Repository/Pages/FirstPayVault/input_ShippingMethod' is present&#xD;
&#xD;
2019-09-19 06:39:20 - [MESSAGE][PASSED] - Object: 'Object Repository/Pages/FirstPayVault/input_ShippingMethod' is clicked on&#xD;
&#xD;
2019-09-19 06:39:20 - [MESSAGE][PASSED] - Text 'DTDC' is set on object 'Object Repository/Pages/FirstPayVault/input_ShippingMethod'&#xD;
&#xD;
2019-09-19 06:39:20 - [MESSAGE][PASSED] - utilities.SafeActions.safeType is PASSED&#xD;
&#xD;
2019-09-19 06:39:20 - [TEST_STEP][PASSED] - utilities.SafeActions.safeCheckForElement(findTestObject("Pages/FirstPayVault/checkbox_SameAsBillingInformation"), 5): utilities.SafeActions.safeCheckForElement is PASSED&#xD;
&#xD;
2019-09-19 06:39:20 - [MESSAGE][PASSED] - Object 'Object Repository/Pages/FirstPayVault/checkbox_SameAsBillingInformation' is present&#xD;
&#xD;
2019-09-19 06:39:21 - [MESSAGE][PASSED] - Object 'Object Repository/Pages/FirstPayVault/checkbox_SameAsBillingInformation' is checked&#xD;
&#xD;
2019-09-19 06:39:21 - [MESSAGE][PASSED] - utilities.SafeActions.safeCheckForElement is PASSED&#xD;
&#xD;
2019-09-19 06:39:21 - [TEST_STEP][PASSED] - utilities.SafeActions.safeClickwithScroll(findTestObject("Pages/FirstPayVault/button_Create"), "Click on Create Button", [5]): utilities.SafeActions.safeClickwithScroll is PASSED&#xD;
&#xD;
2019-09-19 06:39:21 - [MESSAGE][PASSED] - Scroll to object 'Object Repository/Pages/FirstPayVault/button_Create' successfully&#xD;
&#xD;
2019-09-19 06:39:21 - [MESSAGE][INFO] - 1stPayVault.ts:waiting until Click on Create Button is Clickable&#xD;
&#xD;
2019-09-19 06:39:21 - [MESSAGE][PASSED] - Object 'Object Repository/Pages/FirstPayVault/button_Create' is clickable&#xD;
&#xD;
2019-09-19 06:39:21 - [MESSAGE][PASSED] - Object 'Object Repository/Pages/FirstPayVault/button_Create' is visible&#xD;
&#xD;
2019-09-19 06:39:22 - [MESSAGE][PASSED] - Object: 'Object Repository/Pages/FirstPayVault/button_Create' is clicked on&#xD;
&#xD;
2019-09-19 06:39:22 - [MESSAGE][INFO] - 1stPayVault.ts: Clicked on the Click on Create Button&#xD;
&#xD;
2019-09-19 06:39:22 - [MESSAGE][PASSED] - utilities.SafeActions.safeClickwithScroll is PASSED&#xD;
&#xD;
2019-09-19 06:39:22 - [TEST_STEP][PASSED] - delay(2): Delayed 2 second(s)&#xD;
&#xD;
2019-09-19 06:39:24 - [MESSAGE][PASSED] - Delayed 2 second(s)&#xD;
&#xD;
2019-09-19 06:39:24 - [TEST_STEP][PASSED] - popupSavedToVaultMessage = utilities.SafeActions.safeGetText(findTestObject("Pages/FirstPayVault/popup_SavedToVaultMessage"), 5): utilities.SafeActions.safeGetText is PASSED&#xD;
&#xD;
2019-09-19 06:39:24 - [MESSAGE][PASSED] - Object 'Object Repository/Pages/FirstPayVault/popup_SavedToVaultMessage' is present&#xD;
&#xD;
2019-09-19 06:39:25 - [MESSAGE][PASSED] - Text of object 'Object Repository/Pages/FirstPayVault/popup_SavedToVaultMessage' is: 'Successfully Saved to Vault'&#xD;
&#xD;
2019-09-19 06:39:25 - [MESSAGE][PASSED] - utilities.SafeActions.safeGetText is PASSED&#xD;
&#xD;
2019-09-19 06:39:25 - [TEST_STEP][PASSED] - flag = utilities.SafeActions.verifyPopupMessage("Successfully Saved to Vault", popupSavedToVaultMessage): Popup Message : Successfully Saved to Vault matched with expected message : Successfully Saved to Vault&#xD;
&#xD;
2019-09-19 06:39:25 - [MESSAGE][PASSED] - Popup Message : Successfully Saved to Vault matched with expected message : Successfully Saved to Vault&#xD;
&#xD;
2019-09-19 06:39:25 - [TEST_STEP][PASSED] - delay(2): Delayed 2 second(s)&#xD;
&#xD;
2019-09-19 06:39:27 - [MESSAGE][PASSED] - Delayed 2 second(s)&#xD;
&#xD;
2019-09-19 06:39:27 - [TEST_STEP][PASSED] - utilities.SafeActions.safeClickWithoutScroll(findTestObject("Pages/FirstPayVault/button_RunSaleWithThisVault_InPopup"), "Click on Run Sale With This Vault in Popup", [delayBetweenTestSteps]): utilities.SafeActions.safeClickWithoutScroll is PASSED&#xD;
&#xD;
2019-09-19 06:39:27 - [MESSAGE][INFO] - Safe Click Without scroll&#xD;
&#xD;
2019-09-19 06:39:27 - [MESSAGE][INFO] - 1stPayVault.ts:waiting until Click on Run Sale With This Vault in Popup is Clickable&#xD;
&#xD;
2019-09-19 06:39:27 - [MESSAGE][PASSED] - Object 'Object Repository/Pages/FirstPayVault/button_RunSaleWithThisVault_InPopup' is clickable&#xD;
&#xD;
2019-09-19 06:39:27 - [MESSAGE][PASSED] - Object 'Object Repository/Pages/FirstPayVault/button_RunSaleWithThisVault_InPopup' is visible&#xD;
&#xD;
2019-09-19 06:39:28 - [MESSAGE][PASSED] - Object: 'Object Repository/Pages/FirstPayVault/button_RunSaleWithThisVault_InPopup' is clicked on&#xD;
&#xD;
2019-09-19 06:39:28 - [MESSAGE][INFO] - 1stPayVault.ts: click on the Click on Run Sale With This Vault in Popup&#xD;
&#xD;
2019-09-19 06:39:28 - [MESSAGE][PASSED] - utilities.SafeActions.safeClickWithoutScroll is PASSED&#xD;
&#xD;
2019-09-19 06:39:28 - [TEST_STEP][PASSED] - delay(1): Delayed 1 second(s)&#xD;
&#xD;
2019-09-19 06:39:29 - [MESSAGE][PASSED] - Delayed 1 second(s)&#xD;
&#xD;
2019-09-19 06:39:29 - [TEST_STEP][PASSED] - value = utilities.SafeActions.getAttributeValue(findTestObject("Pages/FirstPayVault/tab_1stPayVault_Active"), "1st_PayVault"): The screen is 1st_PayVault screen&#xD;
&#xD;
2019-09-19 06:39:29 - [MESSAGE][PASSED] - Attribute 'class' of object 'Object Repository/Pages/FirstPayVault/tab_1stPayVault_Active' is: 'active_tab tabs__link'&#xD;
&#xD;
2019-09-19 06:39:29 - [MESSAGE][PASSED] - The screen is 1st_PayVault screen&#xD;
&#xD;
2019-09-19 06:39:29 - [TEST_STEP][PASSED] - scrollToElement(findTestObject("Pages/FirstPayVault/input_Amount"), 5): Scroll to object 'Object Repository/Pages/FirstPayVault/input_Amount' successfully&#xD;
&#xD;
2019-09-19 06:39:29 - [MESSAGE][PASSED] - Scroll to object 'Object Repository/Pages/FirstPayVault/input_Amount' successfully&#xD;
&#xD;
2019-09-19 06:39:29 - [TEST_STEP][PASSED] - utilities.SafeActions.safeType(findTestObject("Pages/FirstPayVault/input_Amount"), "450", "Enter Amount", [5]): utilities.SafeActions.safeType is PASSED&#xD;
&#xD;
2019-09-19 06:39:30 - [MESSAGE][PASSED] - Object 'Object Repository/Pages/FirstPayVault/input_Amount' is present&#xD;
&#xD;
2019-09-19 06:39:30 - [MESSAGE][PASSED] - Object: 'Object Repository/Pages/FirstPayVault/input_Amount' is clicked on&#xD;
&#xD;
2019-09-19 06:39:30 - [MESSAGE][PASSED] - Text '450' is set on object 'Object Repository/Pages/FirstPayVault/input_Amount'&#xD;
&#xD;
2019-09-19 06:39:30 - [MESSAGE][PASSED] - utilities.SafeActions.safeType is PASSED&#xD;
&#xD;
2019-09-19 06:39:30 - [TEST_STEP][PASSED] - salesTax = utilities.SafeActions.safeGetText(findTestObject("Pages/FirstPayVault/input_SalesTaxUnderAmount"), delayBetweenTestSteps): utilities.SafeActions.safeGetText is PASSED&#xD;
&#xD;
2019-09-19 06:39:30 - [MESSAGE][PASSED] - Object 'Object Repository/Pages/FirstPayVault/input_SalesTaxUnderAmount' is present&#xD;
&#xD;
2019-09-19 06:39:31 - [MESSAGE][PASSED] - Text of object 'Object Repository/Pages/FirstPayVault/input_SalesTaxUnderAmount' is: '$45.00'&#xD;
&#xD;
2019-09-19 06:39:31 - [MESSAGE][PASSED] - utilities.SafeActions.safeGetText is PASSED&#xD;
&#xD;
2019-09-19 06:39:31 - [TEST_STEP][PASSED] - pages.FirstPayVault.verifyAmountIsNotZero(salesTax): pages.FirstPayVault.verifyAmountIsNotZero is PASSED&#xD;
&#xD;
2019-09-19 06:39:31 - [MESSAGE][PASSED] - pages.FirstPayVault.verifyAmountIsNotZero is PASSED&#xD;
&#xD;
2019-09-19 06:39:31 - [TEST_STEP][PASSED] - scrollToElement(findTestObject("Pages/FirstPayVault/input_CreditCardNumberForVerification"), delayBetweenTestSteps): Scroll to object 'Object Repository/Pages/FirstPayVault/input_CreditCardNumberForVerification' successfully&#xD;
&#xD;
2019-09-19 06:39:31 - [MESSAGE][PASSED] - Scroll to object 'Object Repository/Pages/FirstPayVault/input_CreditCardNumberForVerification' successfully&#xD;
&#xD;
2019-09-19 06:39:31 - [TEST_STEP][PASSED] - cardNumber = utilities.SafeActions.getAttribute(findTestObject("Pages/FirstPayVault/input_CreditCardNumberForVerification"), "1st Pay Vault"): utilities.SafeActions.getAttribute is PASSED&#xD;
&#xD;
2019-09-19 06:39:31 - [MESSAGE][PASSED] - Attribute 'value' of object 'Object Repository/Pages/FirstPayVault/input_CreditCardNumberForVerification' is: '411111******1111'&#xD;
&#xD;
2019-09-19 06:39:31 - [MESSAGE][PASSED] - utilities.SafeActions.getAttribute is PASSED&#xD;
&#xD;
2019-09-19 06:39:31 - [TEST_STEP][PASSED] - pages.FirstPayVault.verifycardNumber(cardNumber, visaCardNumber): Actual String : 4111111111111111 matched with Expected message : 411111******1111&#xD;
&#xD;
2019-09-19 06:39:31 - [MESSAGE][PASSED] - Actual String : 4111111111111111 matched with Expected message : 411111******1111&#xD;
&#xD;
2019-09-19 06:39:31 - [TEST_STEP][PASSED] - expirationYear = utilities.SafeActions.getAttribute(findTestObject("Pages/FirstPayVault/dropDownExpirationYearForVerification"), "1st Pay Vault"): utilities.SafeActions.getAttribute is PASSED&#xD;
&#xD;
2019-09-19 06:39:31 - [MESSAGE][PASSED] - Attribute 'value' of object 'Object Repository/Pages/FirstPayVault/dropDownExpirationYearForVerification' is: '2032'&#xD;
&#xD;
2019-09-19 06:39:31 - [MESSAGE][PASSED] - utilities.SafeActions.getAttribute is PASSED&#xD;
&#xD;
2019-09-19 06:39:31 - [TEST_STEP][PASSED] - pages.FirstPayVault.verifyStrings(expirationYear, cardYear): Actual String : 2032 matched with Expected message : 2032&#xD;
&#xD;
2019-09-19 06:39:31 - [MESSAGE][PASSED] - Actual String : 2032 matched with Expected message : 2032&#xD;
&#xD;
2019-09-19 06:39:31 - [TEST_STEP][PASSED] - scrollToElement(findTestObject("Pages/FirstPayVault/input_VerifyCardHolderName"), 5): Scroll to object 'Object Repository/Pages/FirstPayVault/input_VerifyCardHolderName' successfully&#xD;
&#xD;
2019-09-19 06:39:31 - [MESSAGE][PASSED] - Scroll to object 'Object Repository/Pages/FirstPayVault/input_VerifyCardHolderName' successfully&#xD;
&#xD;
2019-09-19 06:39:31 - [TEST_STEP][PASSED] - name = utilities.SafeActions.getAttribute(findTestObject("Pages/FirstPayVault/input_VerifyCardHolderName"), "1stPayVault"): utilities.SafeActions.getAttribute is PASSED&#xD;
&#xD;
2019-09-19 06:39:31 - [MESSAGE][PASSED] - Attribute 'value' of object 'Object Repository/Pages/FirstPayVault/input_VerifyCardHolderName' is: 'Venkata Sai'&#xD;
&#xD;
2019-09-19 06:39:31 - [MESSAGE][PASSED] - utilities.SafeActions.getAttribute is PASSED&#xD;
&#xD;
2019-09-19 06:39:31 - [TEST_STEP][PASSED] - pages.FirstPayVault.verifyStrings(name, customerName): Actual String : Venkata Sai matched with Expected message : Venkata Sai&#xD;
&#xD;
2019-09-19 06:39:31 - [MESSAGE][PASSED] - Actual String : Venkata Sai matched with Expected message : Venkata Sai&#xD;
&#xD;
2019-09-19 06:39:31 - [TEST_STEP][PASSED] - scrollToElement(findTestObject("Pages/FirstPayVault/checkbox_TaxExempt"), 5): Scroll to object 'Object Repository/Pages/FirstPayVault/checkbox_TaxExempt' successfully&#xD;
&#xD;
2019-09-19 06:39:32 - [MESSAGE][PASSED] - Scroll to object 'Object Repository/Pages/FirstPayVault/checkbox_TaxExempt' successfully&#xD;
&#xD;
2019-09-19 06:39:32 - [TEST_STEP][PASSED] - salesTax = utilities.SafeActions.safeGetText(findTestObject("Pages/FirstPayVault/amount_UnderPurchaseCardInformation"), delayBetweenTestSteps): utilities.SafeActions.safeGetText is PASSED&#xD;
&#xD;
2019-09-19 06:39:32 - [MESSAGE][PASSED] - Object 'Object Repository/Pages/FirstPayVault/amount_UnderPurchaseCardInformation' is present&#xD;
&#xD;
2019-09-19 06:39:32 - [MESSAGE][PASSED] - Text of object 'Object Repository/Pages/FirstPayVault/amount_UnderPurchaseCardInformation' is: '$45.00'&#xD;
&#xD;
2019-09-19 06:39:32 - [MESSAGE][PASSED] - utilities.SafeActions.safeGetText is PASSED&#xD;
&#xD;
2019-09-19 06:39:32 - [TEST_STEP][PASSED] - pages.FirstPayVault.verifyAmountIsNotZero(salesTax): pages.FirstPayVault.verifyAmountIsNotZero is PASSED&#xD;
&#xD;
2019-09-19 06:39:32 - [MESSAGE][PASSED] - pages.FirstPayVault.verifyAmountIsNotZero is PASSED&#xD;
&#xD;
2019-09-19 06:39:32 - [TEST_STEP][PASSED] - utilities.SafeActions.safeCheckForElement(findTestObject("Pages/FirstPayVault/checkbox_TaxExempt"), 5): utilities.SafeActions.safeCheckForElement is PASSED&#xD;
&#xD;
2019-09-19 06:39:32 - [MESSAGE][PASSED] - Object 'Object Repository/Pages/FirstPayVault/checkbox_TaxExempt' is present&#xD;
&#xD;
2019-09-19 06:39:33 - [MESSAGE][PASSED] - Object 'Object Repository/Pages/FirstPayVault/checkbox_TaxExempt' is checked&#xD;
&#xD;
2019-09-19 06:39:33 - [MESSAGE][PASSED] - utilities.SafeActions.safeCheckForElement is PASSED&#xD;
&#xD;
2019-09-19 06:39:33 - [TEST_STEP][PASSED] - utilities.SafeActions.safeClickwithScroll(findTestObject("Pages/FirstPayVault/button_Checkout"), "Click on Checkout", [5]): utilities.SafeActions.safeClickwithScroll is PASSED&#xD;
&#xD;
2019-09-19 06:39:33 - [MESSAGE][PASSED] - Scroll to object 'Object Repository/Pages/FirstPayVault/button_Checkout' successfully&#xD;
&#xD;
2019-09-19 06:39:33 - [MESSAGE][INFO] - 1stPayVault.ts:waiting until Click on Checkout is Clickable&#xD;
&#xD;
2019-09-19 06:39:33 - [MESSAGE][PASSED] - Object 'Object Repository/Pages/FirstPayVault/button_Checkout' is clickable&#xD;
&#xD;
2019-09-19 06:39:33 - [MESSAGE][PASSED] - Object 'Object Repository/Pages/FirstPayVault/button_Checkout' is visible&#xD;
&#xD;
2019-09-19 06:39:34 - [MESSAGE][PASSED] - Object: 'Object Repository/Pages/FirstPayVault/button_Checkout' is clicked on&#xD;
&#xD;
2019-09-19 06:39:34 - [MESSAGE][INFO] - 1stPayVault.ts: Clicked on the Click on Checkout&#xD;
&#xD;
2019-09-19 06:39:34 - [MESSAGE][PASSED] - utilities.SafeActions.safeClickwithScroll is PASSED&#xD;
&#xD;
2019-09-19 06:39:34 - [TEST_STEP][PASSED] - pages.Sale.verifyTransactionCompletePage(findTestObject("Pages/Sale/heading_TransactionComplete")): The screen is Transaction Complete screen&#xD;
&#xD;
2019-09-19 06:39:34 - [MESSAGE][PASSED] - Object 'Object Repository/Pages/Sale/heading_TransactionComplete' is present&#xD;
&#xD;
2019-09-19 06:39:34 - [MESSAGE][PASSED] - The screen is Transaction Complete screen&#xD;
&#xD;
2019-09-19 06:39:34 - [TEST_STEP][PASSED] - delay(delayBetweenTestSteps): Delayed 3 second(s)&#xD;
&#xD;
2019-09-19 06:39:38 - [MESSAGE][PASSED] - Delayed 3 second(s)&#xD;
&#xD;
2019-09-19 06:39:38 - [TEST_STEP][PASSED] - utilities.SafeActions.safeClickWithoutScroll(findTestObject("Pages/FirstPayVault/button_Return_InTransactionComplete"), "Click On Return Button", [5]): utilities.SafeActions.safeClickWithoutScroll is PASSED&#xD;
&#xD;
2019-09-19 06:39:38 - [MESSAGE][INFO] - Safe Click Without scroll&#xD;
&#xD;
2019-09-19 06:39:38 - [MESSAGE][INFO] - 1stPayVault.ts:waiting until Click On Return Button is Clickable&#xD;
&#xD;
2019-09-19 06:39:38 - [MESSAGE][PASSED] - Object 'Object Repository/Pages/FirstPayVault/button_Return_InTransactionComplete' is clickable&#xD;
&#xD;
2019-09-19 06:39:38 - [MESSAGE][PASSED] - Object 'Object Repository/Pages/FirstPayVault/button_Return_InTransactionComplete' is visible&#xD;
&#xD;
2019-09-19 06:39:38 - [MESSAGE][PASSED] - Object: 'Object Repository/Pages/FirstPayVault/button_Return_InTransactionComplete' is clicked on&#xD;
&#xD;
2019-09-19 06:39:38 - [MESSAGE][INFO] - 1stPayVault.ts: click on the Click On Return Button&#xD;
&#xD;
2019-09-19 06:39:38 - [MESSAGE][PASSED] - utilities.SafeActions.safeClickWithoutScroll is PASSED&#xD;
&#xD;
2019-09-19 06:39:38 - [TEST_STEP][PASSED] - utilities.SafeActions.safeClickwithScroll(findTestObject("Pages/FirstPayVault/button_SearchVault"), "Click on Search Vault", [10]): utilities.SafeActions.safeClickwithScroll is PASSED&#xD;
&#xD;
2019-09-19 06:39:39 - [MESSAGE][PASSED] - Scroll to object 'Object Repository/Pages/FirstPayVault/button_SearchVault' successfully&#xD;
&#xD;
2019-09-19 06:39:39 - [MESSAGE][INFO] - 1stPayVault.ts:waiting until Click on Search Vault is Clickable&#xD;
&#xD;
2019-09-19 06:39:39 - [MESSAGE][PASSED] - Object 'Object Repository/Pages/FirstPayVault/button_SearchVault' is clickable&#xD;
&#xD;
2019-09-19 06:39:39 - [MESSAGE][PASSED] - Object 'Object Repository/Pages/FirstPayVault/button_SearchVault' is visible&#xD;
&#xD;
2019-09-19 06:39:39 - [MESSAGE][PASSED] - Object: 'Object Repository/Pages/FirstPayVault/button_SearchVault' is clicked on&#xD;
&#xD;
2019-09-19 06:39:39 - [MESSAGE][INFO] - 1stPayVault.ts: Clicked on the Click on Search Vault&#xD;
&#xD;
2019-09-19 06:39:39 - [MESSAGE][PASSED] - utilities.SafeActions.safeClickwithScroll is PASSED&#xD;
&#xD;
2019-09-19 06:39:39 - [TEST_STEP][PASSED] - utilities.SafeActions.safeClickWithoutScroll(findTestObject("Pages/FirstPayVault/button_Search"), "Click On Search button", [5]): utilities.SafeActions.safeClickWithoutScroll is PASSED&#xD;
&#xD;
2019-09-19 06:39:40 - [MESSAGE][INFO] - Safe Click Without scroll&#xD;
&#xD;
2019-09-19 06:39:40 - [MESSAGE][INFO] - 1stPayVault.ts:waiting until Click On Search button is Clickable&#xD;
&#xD;
2019-09-19 06:39:40 - [MESSAGE][PASSED] - Object 'Object Repository/Pages/FirstPayVault/button_Search' is clickable&#xD;
&#xD;
2019-09-19 06:39:40 - [MESSAGE][PASSED] - Object 'Object Repository/Pages/FirstPayVault/button_Search' is visible&#xD;
&#xD;
2019-09-19 06:39:40 - [MESSAGE][PASSED] - Object: 'Object Repository/Pages/FirstPayVault/button_Search' is clicked on&#xD;
&#xD;
2019-09-19 06:39:40 - [MESSAGE][INFO] - 1stPayVault.ts: click on the Click On Search button&#xD;
&#xD;
2019-09-19 06:39:40 - [MESSAGE][PASSED] - utilities.SafeActions.safeClickWithoutScroll is PASSED&#xD;
&#xD;
2019-09-19 06:39:40 - [TEST_STEP][PASSED] - scrollToElement(findTestObject("Pages/Transaction_Management/invoice_ForTransaction"), 5): Scroll to object 'Object Repository/Pages/Transaction_Management/invoice_ForTransaction' successfully&#xD;
&#xD;
2019-09-19 06:39:42 - [MESSAGE][PASSED] - Scroll to object 'Object Repository/Pages/Transaction_Management/invoice_ForTransaction' successfully&#xD;
&#xD;
2019-09-19 06:39:42 - [TEST_STEP][PASSED] - pages.FirstPayVault.verifyInvoiceRecord(findTestObject("Pages/FirstPayVault/footer_NextButton"), findTestObject("Pages/FirstPayVault/page_Number"), vaultReference): The Vault is found in page 1&#xD;
&#xD;
2019-09-19 06:39:42 - [MESSAGE][PASSED] - Text of object 'Object Repository/Pages/FirstPayVault/page_Number' is: 'Page 1 of 12'&#xD;
&#xD;
2019-09-19 06:39:42 - [MESSAGE][PASSED] - The Vault is found in page 1&#xD;
&#xD;
2019-09-19 06:39:42 - [TEST_STEP][PASSED] - delay(2): Delayed 2 second(s)&#xD;
&#xD;
2019-09-19 06:39:44 - [MESSAGE][PASSED] - Delayed 2 second(s)&#xD;
&#xD;
2019-09-19 06:39:44 - [TEST_STEP][PASSED] - closeBrowser(): Browser is closed&#xD;
&#xD;
2019-09-19 06:39:46 - [MESSAGE][PASSED] - Browser is closed&#xD;
&#xD;
2019-09-19 06:39:46 - [TEST_STEP][PASSED] - Start listener action : sampleAfterTestCase: null</system-out>
            <system-err></system-err>
        </testcase>
        <testcase name="Test Cases/FirstView/FirstPayVault/TC_1st_Pay_Vault_005" classname="Test Cases/FirstView/FirstPayVault/TC_1st_Pay_Vault_005" status="PASSED">
            <system-out>2019-09-19 06:39:46 - [TEST_CASE][PASSED] - Test Cases/FirstView/FirstPayVault/TC_1st_Pay_Vault_005: Test Cases/FirstView/FirstPayVault/TC_1st_Pay_Vault_005&#xD;
&#xD;
2019-09-19 06:39:47 - [TEST_STEP][PASSED] - utilities.SafeActions.openBrowser(URL, [PageLoadTime]): utilities.SafeActions.openBrowser is PASSED&#xD;
&#xD;
2019-09-19 06:39:47 - [MESSAGE][INFO] - Opening Browser&#xD;
&#xD;
2019-09-19 06:39:47 - [MESSAGE][INFO] - Starting 'Firefox' driver&#xD;
&#xD;
2019-09-19 06:39:53 - [MESSAGE][PASSED] - Browser is opened with url: 'http://172.25.48.28/secure/VPOS/VPOS/Vpos'&#xD;
&#xD;
2019-09-19 06:39:53 - [MESSAGE][PASSED] - Current window maximized&#xD;
&#xD;
2019-09-19 06:39:53 - [MESSAGE][INFO] - Browser Launched Successfully&#xD;
&#xD;
2019-09-19 06:39:53 - [MESSAGE][PASSED] - utilities.SafeActions.openBrowser is PASSED&#xD;
&#xD;
2019-09-19 06:39:53 - [TEST_STEP][PASSED] - delay(6): Delayed 6 second(s)&#xD;
&#xD;
2019-09-19 06:39:59 - [MESSAGE][PASSED] - Delayed 6 second(s)&#xD;
&#xD;
2019-09-19 06:39:59 - [TEST_STEP][PASSED] - utilities.SafeActions.safeSelectOptionInDropDownByVisibleText(findTestObject("Pages/Sale/dropDown_AccountType"), "ranjanatest2 - 888814981372/001 Account Type: Retail", "Select by Value", [25]): utilities.SafeActions.safeSelectOptionInDropDownByVisibleText is PASSED&#xD;
&#xD;
2019-09-19 06:39:59 - [MESSAGE][PASSED] - Object 'Object Repository/Pages/Sale/dropDown_AccountType' is present&#xD;
&#xD;
2019-09-19 06:40:00 - [MESSAGE][PASSED] - Object: 'Object Repository/Pages/Sale/dropDown_AccountType' is clicked on&#xD;
&#xD;
2019-09-19 06:40:00 - [MESSAGE][PASSED] - All options with label 'ranjanatest2 - 888814981372/001 Account Type: Retail' are selected in object 'Object Repository/Pages/Sale/dropDown_AccountType' &#xD;
&#xD;
2019-09-19 06:40:00 - [MESSAGE][PASSED] - utilities.SafeActions.safeSelectOptionInDropDownByVisibleText is PASSED&#xD;
&#xD;
2019-09-19 06:40:00 - [TEST_STEP][PASSED] - utilities.SafeActions.safeClickWithoutScroll(findTestObject("Pages/FirstPayVault/tab_FirstPayVault"), "Click on FirstPayVault tab", [5]): utilities.SafeActions.safeClickWithoutScroll is PASSED&#xD;
&#xD;
2019-09-19 06:40:00 - [MESSAGE][INFO] - Safe Click Without scroll&#xD;
&#xD;
2019-09-19 06:40:00 - [MESSAGE][INFO] - 1stPayVault.ts:waiting until Click on FirstPayVault tab is Clickable&#xD;
&#xD;
2019-09-19 06:40:00 - [MESSAGE][PASSED] - Object 'Object Repository/Pages/FirstPayVault/tab_FirstPayVault' is clickable&#xD;
&#xD;
2019-09-19 06:40:00 - [MESSAGE][PASSED] - Object 'Object Repository/Pages/FirstPayVault/tab_FirstPayVault' is visible&#xD;
&#xD;
2019-09-19 06:40:01 - [MESSAGE][PASSED] - Object: 'Object Repository/Pages/FirstPayVault/tab_FirstPayVault' is clicked on&#xD;
&#xD;
2019-09-19 06:40:01 - [MESSAGE][INFO] - 1stPayVault.ts: click on the Click on FirstPayVault tab&#xD;
&#xD;
2019-09-19 06:40:01 - [MESSAGE][PASSED] - utilities.SafeActions.safeClickWithoutScroll is PASSED&#xD;
&#xD;
2019-09-19 06:40:01 - [TEST_STEP][PASSED] - utilities.SafeActions.safeClickWithoutScroll(findTestObject("Pages/FirstPayVault/button_CreateVault"), "Click on CreateVault button", [5]): utilities.SafeActions.safeClickWithoutScroll is PASSED&#xD;
&#xD;
2019-09-19 06:40:01 - [MESSAGE][INFO] - Safe Click Without scroll&#xD;
&#xD;
2019-09-19 06:40:01 - [MESSAGE][INFO] - 1stPayVault.ts:waiting until Click on CreateVault button is Clickable&#xD;
&#xD;
2019-09-19 06:40:01 - [MESSAGE][PASSED] - Object 'Object Repository/Pages/FirstPayVault/button_CreateVault' is clickable&#xD;
&#xD;
2019-09-19 06:40:01 - [MESSAGE][PASSED] - Object 'Object Repository/Pages/FirstPayVault/button_CreateVault' is visible&#xD;
&#xD;
2019-09-19 06:40:02 - [MESSAGE][PASSED] - Object: 'Object Repository/Pages/FirstPayVault/button_CreateVault' is clicked on&#xD;
&#xD;
2019-09-19 06:40:02 - [MESSAGE][INFO] - 1stPayVault.ts: click on the Click on CreateVault button&#xD;
&#xD;
2019-09-19 06:40:02 - [MESSAGE][PASSED] - utilities.SafeActions.safeClickWithoutScroll is PASSED&#xD;
&#xD;
2019-09-19 06:40:02 - [TEST_STEP][PASSED] - scrollToElement(findTestObject("Pages/FirstPayVault/input_VaultReferenceNumber"), 5): Scroll to object 'Object Repository/Pages/FirstPayVault/input_VaultReferenceNumber' successfully&#xD;
&#xD;
2019-09-19 06:40:02 - [MESSAGE][PASSED] - Scroll to object 'Object Repository/Pages/FirstPayVault/input_VaultReferenceNumber' successfully&#xD;
&#xD;
2019-09-19 06:40:02 - [TEST_STEP][PASSED] - vaultReference = utilities.SafeActions.timeWithMilliSeconds(): utilities.SafeActions.timeWithMilliSeconds is PASSED&#xD;
&#xD;
2019-09-19 06:40:02 - [MESSAGE][PASSED] - utilities.SafeActions.timeWithMilliSeconds is PASSED&#xD;
&#xD;
2019-09-19 06:40:02 - [TEST_STEP][PASSED] - utilities.SafeActions.safeType(findTestObject("Pages/FirstPayVault/input_VaultReferenceNumber"), vaultReference, "Entering Vault Reference Number", [5]): utilities.SafeActions.safeType is PASSED&#xD;
&#xD;
2019-09-19 06:40:02 - [MESSAGE][PASSED] - Object 'Object Repository/Pages/FirstPayVault/input_VaultReferenceNumber' is present&#xD;
&#xD;
2019-09-19 06:40:03 - [MESSAGE][PASSED] - Object: 'Object Repository/Pages/FirstPayVault/input_VaultReferenceNumber' is clicked on&#xD;
&#xD;
2019-09-19 06:40:03 - [MESSAGE][PASSED] - Text '2019-09-19 06:40:02.823' is set on object 'Object Repository/Pages/FirstPayVault/input_VaultReferenceNumber'&#xD;
&#xD;
2019-09-19 06:40:03 - [MESSAGE][PASSED] - utilities.SafeActions.safeType is PASSED&#xD;
&#xD;
2019-09-19 06:40:03 - [TEST_STEP][PASSED] - utilities.SafeActions.safeType(findTestObject("Pages/FirstPayVault/input_CreditCardNumber"), visaCardNumber, "Entering Card Number", [10]): utilities.SafeActions.safeType is PASSED&#xD;
&#xD;
2019-09-19 06:40:04 - [MESSAGE][PASSED] - Object 'Object Repository/Pages/FirstPayVault/input_CreditCardNumber' is present&#xD;
&#xD;
2019-09-19 06:40:04 - [MESSAGE][PASSED] - Object: 'Object Repository/Pages/FirstPayVault/input_CreditCardNumber' is clicked on&#xD;
&#xD;
2019-09-19 06:40:04 - [MESSAGE][PASSED] - Text '4111111111111111' is set on object 'Object Repository/Pages/FirstPayVault/input_CreditCardNumber'&#xD;
&#xD;
2019-09-19 06:40:04 - [MESSAGE][PASSED] - utilities.SafeActions.safeType is PASSED&#xD;
&#xD;
2019-09-19 06:40:04 - [TEST_STEP][PASSED] - delay(4): Delayed 4 second(s)&#xD;
&#xD;
2019-09-19 06:40:08 - [MESSAGE][PASSED] - Delayed 4 second(s)&#xD;
&#xD;
2019-09-19 06:40:08 - [TEST_STEP][PASSED] - utilities.SafeActions.safeSelectOptionInDropDownByVisibleText(findTestObject("Pages/FirstPayVault/dropDown_ExpirationMonth"), cardMonth, "Expiration Month", [5]): utilities.SafeActions.safeSelectOptionInDropDownByVisibleText is PASSED&#xD;
&#xD;
2019-09-19 06:40:09 - [MESSAGE][PASSED] - Object 'Object Repository/Pages/FirstPayVault/dropDown_ExpirationMonth' is present&#xD;
&#xD;
2019-09-19 06:40:09 - [MESSAGE][PASSED] - Object: 'Object Repository/Pages/FirstPayVault/dropDown_ExpirationMonth' is clicked on&#xD;
&#xD;
2019-09-19 06:40:10 - [MESSAGE][PASSED] - All options with label 'September' are selected in object 'Object Repository/Pages/FirstPayVault/dropDown_ExpirationMonth' &#xD;
&#xD;
2019-09-19 06:40:10 - [MESSAGE][PASSED] - utilities.SafeActions.safeSelectOptionInDropDownByVisibleText is PASSED&#xD;
&#xD;
2019-09-19 06:40:10 - [TEST_STEP][PASSED] - utilities.SafeActions.safeSelectOptionInDropDownByVisibleText(findTestObject("Pages/FirstPayVault/dropDown_ExpirationYear"), cardYear, "year", [5]): utilities.SafeActions.safeSelectOptionInDropDownByVisibleText is PASSED&#xD;
&#xD;
2019-09-19 06:40:10 - [MESSAGE][PASSED] - Object 'Object Repository/Pages/FirstPayVault/dropDown_ExpirationYear' is present&#xD;
&#xD;
2019-09-19 06:40:11 - [MESSAGE][PASSED] - Object: 'Object Repository/Pages/FirstPayVault/dropDown_ExpirationYear' is clicked on&#xD;
&#xD;
2019-09-19 06:40:11 - [MESSAGE][PASSED] - All options with label '2032' are selected in object 'Object Repository/Pages/FirstPayVault/dropDown_ExpirationYear' &#xD;
&#xD;
2019-09-19 06:40:11 - [MESSAGE][PASSED] - utilities.SafeActions.safeSelectOptionInDropDownByVisibleText is PASSED&#xD;
&#xD;
2019-09-19 06:40:11 - [TEST_STEP][PASSED] - delay(2): Delayed 2 second(s)&#xD;
&#xD;
2019-09-19 06:40:13 - [MESSAGE][PASSED] - Delayed 2 second(s)&#xD;
&#xD;
2019-09-19 06:40:13 - [TEST_STEP][PASSED] - utilities.SafeActions.safeType(findTestObject("Pages/FirstPayVault/input_ContactName"), customerName, "Enter Contact Name", [5]): utilities.SafeActions.safeType is PASSED&#xD;
&#xD;
2019-09-19 06:40:13 - [MESSAGE][PASSED] - Object 'Object Repository/Pages/FirstPayVault/input_ContactName' is present&#xD;
&#xD;
2019-09-19 06:40:14 - [MESSAGE][PASSED] - Object: 'Object Repository/Pages/FirstPayVault/input_ContactName' is clicked on&#xD;
&#xD;
2019-09-19 06:40:14 - [MESSAGE][PASSED] - Text 'Venkata Sai' is set on object 'Object Repository/Pages/FirstPayVault/input_ContactName'&#xD;
&#xD;
2019-09-19 06:40:14 - [MESSAGE][PASSED] - utilities.SafeActions.safeType is PASSED&#xD;
&#xD;
2019-09-19 06:40:14 - [TEST_STEP][PASSED] - utilities.SafeActions.safeType(findTestObject("Pages/FirstPayVault/input_PostalCode"), "76102", "Enter Postal Code", [5]): utilities.SafeActions.safeType is PASSED&#xD;
&#xD;
2019-09-19 06:40:14 - [MESSAGE][PASSED] - Object 'Object Repository/Pages/FirstPayVault/input_PostalCode' is present&#xD;
&#xD;
2019-09-19 06:40:15 - [MESSAGE][PASSED] - Object: 'Object Repository/Pages/FirstPayVault/input_PostalCode' is clicked on&#xD;
&#xD;
2019-09-19 06:40:15 - [MESSAGE][PASSED] - Text '76102' is set on object 'Object Repository/Pages/FirstPayVault/input_PostalCode'&#xD;
&#xD;
2019-09-19 06:40:15 - [MESSAGE][PASSED] - utilities.SafeActions.safeType is PASSED&#xD;
&#xD;
2019-09-19 06:40:15 - [TEST_STEP][PASSED] - utilities.SafeActions.safeType(findTestObject("Pages/FirstPayVault/input_Address"), "James Street", "Enter ddress", [5]): utilities.SafeActions.safeType is PASSED&#xD;
&#xD;
2019-09-19 06:40:15 - [MESSAGE][PASSED] - Object 'Object Repository/Pages/FirstPayVault/input_Address' is present&#xD;
&#xD;
2019-09-19 06:40:16 - [MESSAGE][PASSED] - Object: 'Object Repository/Pages/FirstPayVault/input_Address' is clicked on&#xD;
&#xD;
2019-09-19 06:40:16 - [MESSAGE][PASSED] - Text 'James Street' is set on object 'Object Repository/Pages/FirstPayVault/input_Address'&#xD;
&#xD;
2019-09-19 06:40:16 - [MESSAGE][PASSED] - utilities.SafeActions.safeType is PASSED&#xD;
&#xD;
2019-09-19 06:40:16 - [TEST_STEP][PASSED] - utilities.SafeActions.safeCheckForElement(findTestObject("Pages/FirstPayVault/chekBox_AddShippingInformation"), 5): utilities.SafeActions.safeCheckForElement is PASSED&#xD;
&#xD;
2019-09-19 06:40:16 - [MESSAGE][PASSED] - Object 'Object Repository/Pages/FirstPayVault/chekBox_AddShippingInformation' is present&#xD;
&#xD;
2019-09-19 06:40:17 - [MESSAGE][PASSED] - Object 'Object Repository/Pages/FirstPayVault/chekBox_AddShippingInformation' is checked&#xD;
&#xD;
2019-09-19 06:40:17 - [MESSAGE][PASSED] - utilities.SafeActions.safeCheckForElement is PASSED&#xD;
&#xD;
2019-09-19 06:40:17 - [TEST_STEP][PASSED] - utilities.SafeActions.safeType(findTestObject("Pages/FirstPayVault/input_ShippingMethod"), "DTDC", "Enter Shipping Method", [5]): utilities.SafeActions.safeType is PASSED&#xD;
&#xD;
2019-09-19 06:40:17 - [MESSAGE][PASSED] - Object 'Object Repository/Pages/FirstPayVault/input_ShippingMethod' is present&#xD;
&#xD;
2019-09-19 06:40:17 - [MESSAGE][PASSED] - Object: 'Object Repository/Pages/FirstPayVault/input_ShippingMethod' is clicked on&#xD;
&#xD;
2019-09-19 06:40:17 - [MESSAGE][PASSED] - Text 'DTDC' is set on object 'Object Repository/Pages/FirstPayVault/input_ShippingMethod'&#xD;
&#xD;
2019-09-19 06:40:17 - [MESSAGE][PASSED] - utilities.SafeActions.safeType is PASSED&#xD;
&#xD;
2019-09-19 06:40:17 - [TEST_STEP][PASSED] - utilities.SafeActions.safeCheckForElement(findTestObject("Pages/FirstPayVault/checkbox_SameAsBillingInformation"), 5): utilities.SafeActions.safeCheckForElement is PASSED&#xD;
&#xD;
2019-09-19 06:40:18 - [MESSAGE][PASSED] - Object 'Object Repository/Pages/FirstPayVault/checkbox_SameAsBillingInformation' is present&#xD;
&#xD;
2019-09-19 06:40:18 - [MESSAGE][PASSED] - Object 'Object Repository/Pages/FirstPayVault/checkbox_SameAsBillingInformation' is checked&#xD;
&#xD;
2019-09-19 06:40:18 - [MESSAGE][PASSED] - utilities.SafeActions.safeCheckForElement is PASSED&#xD;
&#xD;
2019-09-19 06:40:18 - [TEST_STEP][PASSED] - utilities.SafeActions.safeClickwithScroll(findTestObject("Pages/FirstPayVault/button_Create"), "Click on Create Button", [5]): utilities.SafeActions.safeClickwithScroll is PASSED&#xD;
&#xD;
2019-09-19 06:40:18 - [MESSAGE][PASSED] - Scroll to object 'Object Repository/Pages/FirstPayVault/button_Create' successfully&#xD;
&#xD;
2019-09-19 06:40:18 - [MESSAGE][INFO] - 1stPayVault.ts:waiting until Click on Create Button is Clickable&#xD;
&#xD;
2019-09-19 06:40:18 - [MESSAGE][PASSED] - Object 'Object Repository/Pages/FirstPayVault/button_Create' is clickable&#xD;
&#xD;
2019-09-19 06:40:18 - [MESSAGE][PASSED] - Object 'Object Repository/Pages/FirstPayVault/button_Create' is visible&#xD;
&#xD;
2019-09-19 06:40:19 - [MESSAGE][PASSED] - Object: 'Object Repository/Pages/FirstPayVault/button_Create' is clicked on&#xD;
&#xD;
2019-09-19 06:40:19 - [MESSAGE][INFO] - 1stPayVault.ts: Clicked on the Click on Create Button&#xD;
&#xD;
2019-09-19 06:40:19 - [MESSAGE][PASSED] - utilities.SafeActions.safeClickwithScroll is PASSED&#xD;
&#xD;
2019-09-19 06:40:19 - [TEST_STEP][PASSED] - delay(2): Delayed 2 second(s)&#xD;
&#xD;
2019-09-19 06:40:21 - [MESSAGE][PASSED] - Delayed 2 second(s)&#xD;
&#xD;
2019-09-19 06:40:21 - [TEST_STEP][PASSED] - popupSavedToVaultMessage = utilities.SafeActions.safeGetText(findTestObject("Pages/FirstPayVault/popup_SavedToVaultMessage"), 5): utilities.SafeActions.safeGetText is PASSED&#xD;
&#xD;
2019-09-19 06:40:21 - [MESSAGE][PASSED] - Object 'Object Repository/Pages/FirstPayVault/popup_SavedToVaultMessage' is present&#xD;
&#xD;
2019-09-19 06:40:22 - [MESSAGE][PASSED] - Text of object 'Object Repository/Pages/FirstPayVault/popup_SavedToVaultMessage' is: 'Successfully Saved to Vault'&#xD;
&#xD;
2019-09-19 06:40:22 - [MESSAGE][PASSED] - utilities.SafeActions.safeGetText is PASSED&#xD;
&#xD;
2019-09-19 06:40:22 - [TEST_STEP][PASSED] - flag = utilities.SafeActions.verifyPopupMessage("Successfully Saved to Vault", popupSavedToVaultMessage): Popup Message : Successfully Saved to Vault matched with expected message : Successfully Saved to Vault&#xD;
&#xD;
2019-09-19 06:40:22 - [MESSAGE][PASSED] - Popup Message : Successfully Saved to Vault matched with expected message : Successfully Saved to Vault&#xD;
&#xD;
2019-09-19 06:40:22 - [TEST_STEP][PASSED] - delay(2): Delayed 2 second(s)&#xD;
&#xD;
2019-09-19 06:40:24 - [MESSAGE][PASSED] - Delayed 2 second(s)&#xD;
&#xD;
2019-09-19 06:40:24 - [TEST_STEP][PASSED] - utilities.SafeActions.safeClickWithoutScroll(findTestObject("Pages/FirstPayVault/button_RunSaleWithThisVault_InPopup"), "Click on Run Sale With This Vault in Popup", [delayBetweenTestSteps]): utilities.SafeActions.safeClickWithoutScroll is PASSED&#xD;
&#xD;
2019-09-19 06:40:24 - [MESSAGE][INFO] - Safe Click Without scroll&#xD;
&#xD;
2019-09-19 06:40:24 - [MESSAGE][INFO] - 1stPayVault.ts:waiting until Click on Run Sale With This Vault in Popup is Clickable&#xD;
&#xD;
2019-09-19 06:40:24 - [MESSAGE][PASSED] - Object 'Object Repository/Pages/FirstPayVault/button_RunSaleWithThisVault_InPopup' is clickable&#xD;
&#xD;
2019-09-19 06:40:24 - [MESSAGE][PASSED] - Object 'Object Repository/Pages/FirstPayVault/button_RunSaleWithThisVault_InPopup' is visible&#xD;
&#xD;
2019-09-19 06:40:25 - [MESSAGE][PASSED] - Object: 'Object Repository/Pages/FirstPayVault/button_RunSaleWithThisVault_InPopup' is clicked on&#xD;
&#xD;
2019-09-19 06:40:25 - [MESSAGE][INFO] - 1stPayVault.ts: click on the Click on Run Sale With This Vault in Popup&#xD;
&#xD;
2019-09-19 06:40:25 - [MESSAGE][PASSED] - utilities.SafeActions.safeClickWithoutScroll is PASSED&#xD;
&#xD;
2019-09-19 06:40:25 - [TEST_STEP][PASSED] - delay(1): Delayed 1 second(s)&#xD;
&#xD;
2019-09-19 06:40:26 - [MESSAGE][PASSED] - Delayed 1 second(s)&#xD;
&#xD;
2019-09-19 06:40:26 - [TEST_STEP][PASSED] - value = utilities.SafeActions.getAttributeValue(findTestObject("Pages/FirstPayVault/tab_1stPayVault_Active"), "1st_PayVault"): The screen is 1st_PayVault screen&#xD;
&#xD;
2019-09-19 06:40:26 - [MESSAGE][PASSED] - Attribute 'class' of object 'Object Repository/Pages/FirstPayVault/tab_1stPayVault_Active' is: 'active_tab tabs__link'&#xD;
&#xD;
2019-09-19 06:40:26 - [MESSAGE][PASSED] - The screen is 1st_PayVault screen&#xD;
&#xD;
2019-09-19 06:40:26 - [TEST_STEP][PASSED] - scrollToElement(findTestObject("Pages/FirstPayVault/input_Amount"), 5): Scroll to object 'Object Repository/Pages/FirstPayVault/input_Amount' successfully&#xD;
&#xD;
2019-09-19 06:40:26 - [MESSAGE][PASSED] - Scroll to object 'Object Repository/Pages/FirstPayVault/input_Amount' successfully&#xD;
&#xD;
2019-09-19 06:40:26 - [TEST_STEP][PASSED] - utilities.SafeActions.safeType(findTestObject("Pages/FirstPayVault/input_Amount"), "450", "Enter Amount", [5]): utilities.SafeActions.safeType is PASSED&#xD;
&#xD;
2019-09-19 06:40:26 - [MESSAGE][PASSED] - Object 'Object Repository/Pages/FirstPayVault/input_Amount' is present&#xD;
&#xD;
2019-09-19 06:40:27 - [MESSAGE][PASSED] - Object: 'Object Repository/Pages/FirstPayVault/input_Amount' is clicked on&#xD;
&#xD;
2019-09-19 06:40:27 - [MESSAGE][PASSED] - Text '450' is set on object 'Object Repository/Pages/FirstPayVault/input_Amount'&#xD;
&#xD;
2019-09-19 06:40:27 - [MESSAGE][PASSED] - utilities.SafeActions.safeType is PASSED&#xD;
&#xD;
2019-09-19 06:40:27 - [TEST_STEP][PASSED] - salesTax = utilities.SafeActions.safeGetText(findTestObject("Pages/FirstPayVault/input_SalesTaxUnderAmount"), delayBetweenTestSteps): utilities.SafeActions.safeGetText is PASSED&#xD;
&#xD;
2019-09-19 06:40:27 - [MESSAGE][PASSED] - Object 'Object Repository/Pages/FirstPayVault/input_SalesTaxUnderAmount' is present&#xD;
&#xD;
2019-09-19 06:40:28 - [MESSAGE][PASSED] - Text of object 'Object Repository/Pages/FirstPayVault/input_SalesTaxUnderAmount' is: '$45.00'&#xD;
&#xD;
2019-09-19 06:40:28 - [MESSAGE][PASSED] - utilities.SafeActions.safeGetText is PASSED&#xD;
&#xD;
2019-09-19 06:40:28 - [TEST_STEP][PASSED] - pages.FirstPayVault.verifyAmountIsNotZero(salesTax): pages.FirstPayVault.verifyAmountIsNotZero is PASSED&#xD;
&#xD;
2019-09-19 06:40:28 - [MESSAGE][PASSED] - pages.FirstPayVault.verifyAmountIsNotZero is PASSED&#xD;
&#xD;
2019-09-19 06:40:28 - [TEST_STEP][PASSED] - scrollToElement(findTestObject("Pages/FirstPayVault/input_CreditCardNumberForVerification"), delayBetweenTestSteps): Scroll to object 'Object Repository/Pages/FirstPayVault/input_CreditCardNumberForVerification' successfully&#xD;
&#xD;
2019-09-19 06:40:28 - [MESSAGE][PASSED] - Scroll to object 'Object Repository/Pages/FirstPayVault/input_CreditCardNumberForVerification' successfully&#xD;
&#xD;
2019-09-19 06:40:28 - [TEST_STEP][PASSED] - cardNumber = utilities.SafeActions.getAttribute(findTestObject("Pages/FirstPayVault/input_CreditCardNumberForVerification"), "1st Pay Vault"): utilities.SafeActions.getAttribute is PASSED&#xD;
&#xD;
2019-09-19 06:40:28 - [MESSAGE][PASSED] - Attribute 'value' of object 'Object Repository/Pages/FirstPayVault/input_CreditCardNumberForVerification' is: '411111******1111'&#xD;
&#xD;
2019-09-19 06:40:28 - [MESSAGE][PASSED] - utilities.SafeActions.getAttribute is PASSED&#xD;
&#xD;
2019-09-19 06:40:28 - [TEST_STEP][PASSED] - pages.FirstPayVault.verifycardNumber(cardNumber, visaCardNumber): Actual String : 4111111111111111 matched with Expected message : 411111******1111&#xD;
&#xD;
2019-09-19 06:40:28 - [MESSAGE][PASSED] - Actual String : 4111111111111111 matched with Expected message : 411111******1111&#xD;
&#xD;
2019-09-19 06:40:28 - [TEST_STEP][PASSED] - expirationYear = utilities.SafeActions.getAttribute(findTestObject("Pages/FirstPayVault/dropDownExpirationYearForVerification"), "1st Pay Vault"): utilities.SafeActions.getAttribute is PASSED&#xD;
&#xD;
2019-09-19 06:40:28 - [MESSAGE][PASSED] - Attribute 'value' of object 'Object Repository/Pages/FirstPayVault/dropDownExpirationYearForVerification' is: '2032'&#xD;
&#xD;
2019-09-19 06:40:28 - [MESSAGE][PASSED] - utilities.SafeActions.getAttribute is PASSED&#xD;
&#xD;
2019-09-19 06:40:28 - [TEST_STEP][PASSED] - pages.FirstPayVault.verifyStrings(expirationYear, cardYear): Actual String : 2032 matched with Expected message : 2032&#xD;
&#xD;
2019-09-19 06:40:28 - [MESSAGE][PASSED] - Actual String : 2032 matched with Expected message : 2032&#xD;
&#xD;
2019-09-19 06:40:28 - [TEST_STEP][PASSED] - scrollToElement(findTestObject("Pages/FirstPayVault/input_VerifyCardHolderName"), 5): Scroll to object 'Object Repository/Pages/FirstPayVault/input_VerifyCardHolderName' successfully&#xD;
&#xD;
2019-09-19 06:40:28 - [MESSAGE][PASSED] - Scroll to object 'Object Repository/Pages/FirstPayVault/input_VerifyCardHolderName' successfully&#xD;
&#xD;
2019-09-19 06:40:28 - [TEST_STEP][PASSED] - name = utilities.SafeActions.getAttribute(findTestObject("Pages/FirstPayVault/input_VerifyCardHolderName"), "1stPayVault"): utilities.SafeActions.getAttribute is PASSED&#xD;
&#xD;
2019-09-19 06:40:28 - [MESSAGE][PASSED] - Attribute 'value' of object 'Object Repository/Pages/FirstPayVault/input_VerifyCardHolderName' is: 'Venkata Sai'&#xD;
&#xD;
2019-09-19 06:40:28 - [MESSAGE][PASSED] - utilities.SafeActions.getAttribute is PASSED&#xD;
&#xD;
2019-09-19 06:40:28 - [TEST_STEP][PASSED] - pages.FirstPayVault.verifyStrings(name, customerName): Actual String : Venkata Sai matched with Expected message : Venkata Sai&#xD;
&#xD;
2019-09-19 06:40:28 - [MESSAGE][PASSED] - Actual String : Venkata Sai matched with Expected message : Venkata Sai&#xD;
&#xD;
2019-09-19 06:40:28 - [TEST_STEP][PASSED] - scrollToElement(findTestObject("Pages/FirstPayVault/checkbox_TaxExempt"), 5): Scroll to object 'Object Repository/Pages/FirstPayVault/checkbox_TaxExempt' successfully&#xD;
&#xD;
2019-09-19 06:40:28 - [MESSAGE][PASSED] - Scroll to object 'Object Repository/Pages/FirstPayVault/checkbox_TaxExempt' successfully&#xD;
&#xD;
2019-09-19 06:40:28 - [TEST_STEP][PASSED] - salesTax = utilities.SafeActions.safeGetText(findTestObject("Pages/FirstPayVault/amount_UnderPurchaseCardInformation"), delayBetweenTestSteps): utilities.SafeActions.safeGetText is PASSED&#xD;
&#xD;
2019-09-19 06:40:28 - [MESSAGE][PASSED] - Object 'Object Repository/Pages/FirstPayVault/amount_UnderPurchaseCardInformation' is present&#xD;
&#xD;
2019-09-19 06:40:29 - [MESSAGE][PASSED] - Text of object 'Object Repository/Pages/FirstPayVault/amount_UnderPurchaseCardInformation' is: '$45.00'&#xD;
&#xD;
2019-09-19 06:40:29 - [MESSAGE][PASSED] - utilities.SafeActions.safeGetText is PASSED&#xD;
&#xD;
2019-09-19 06:40:29 - [TEST_STEP][PASSED] - pages.FirstPayVault.verifyAmountIsNotZero(salesTax): pages.FirstPayVault.verifyAmountIsNotZero is PASSED&#xD;
&#xD;
2019-09-19 06:40:29 - [MESSAGE][PASSED] - pages.FirstPayVault.verifyAmountIsNotZero is PASSED&#xD;
&#xD;
2019-09-19 06:40:29 - [TEST_STEP][PASSED] - utilities.SafeActions.safeCheckForElement(findTestObject("Pages/FirstPayVault/checkbox_TaxExempt"), 5): utilities.SafeActions.safeCheckForElement is PASSED&#xD;
&#xD;
2019-09-19 06:40:29 - [MESSAGE][PASSED] - Object 'Object Repository/Pages/FirstPayVault/checkbox_TaxExempt' is present&#xD;
&#xD;
2019-09-19 06:40:30 - [MESSAGE][PASSED] - Object 'Object Repository/Pages/FirstPayVault/checkbox_TaxExempt' is checked&#xD;
&#xD;
2019-09-19 06:40:30 - [MESSAGE][PASSED] - utilities.SafeActions.safeCheckForElement is PASSED&#xD;
&#xD;
2019-09-19 06:40:30 - [TEST_STEP][PASSED] - utilities.SafeActions.safeClickwithScroll(findTestObject("Pages/FirstPayVault/button_Checkout"), "Click on Checkout", [5]): utilities.SafeActions.safeClickwithScroll is PASSED&#xD;
&#xD;
2019-09-19 06:40:30 - [MESSAGE][PASSED] - Scroll to object 'Object Repository/Pages/FirstPayVault/button_Checkout' successfully&#xD;
&#xD;
2019-09-19 06:40:30 - [MESSAGE][INFO] - 1stPayVault.ts:waiting until Click on Checkout is Clickable&#xD;
&#xD;
2019-09-19 06:40:30 - [MESSAGE][PASSED] - Object 'Object Repository/Pages/FirstPayVault/button_Checkout' is clickable&#xD;
&#xD;
2019-09-19 06:40:30 - [MESSAGE][PASSED] - Object 'Object Repository/Pages/FirstPayVault/button_Checkout' is visible&#xD;
&#xD;
2019-09-19 06:40:31 - [MESSAGE][PASSED] - Object: 'Object Repository/Pages/FirstPayVault/button_Checkout' is clicked on&#xD;
&#xD;
2019-09-19 06:40:31 - [MESSAGE][INFO] - 1stPayVault.ts: Clicked on the Click on Checkout&#xD;
&#xD;
2019-09-19 06:40:31 - [MESSAGE][PASSED] - utilities.SafeActions.safeClickwithScroll is PASSED&#xD;
&#xD;
2019-09-19 06:40:31 - [TEST_STEP][PASSED] - pages.Sale.verifyTransactionCompletePage(findTestObject("Pages/Sale/heading_TransactionComplete")): The screen is Transaction Complete screen&#xD;
&#xD;
2019-09-19 06:40:31 - [MESSAGE][PASSED] - Object 'Object Repository/Pages/Sale/heading_TransactionComplete' is present&#xD;
&#xD;
2019-09-19 06:40:31 - [MESSAGE][PASSED] - The screen is Transaction Complete screen&#xD;
&#xD;
2019-09-19 06:40:31 - [TEST_STEP][PASSED] - delay(delayBetweenTestSteps): Delayed 3 second(s)&#xD;
&#xD;
2019-09-19 06:40:34 - [MESSAGE][PASSED] - Delayed 3 second(s)&#xD;
&#xD;
2019-09-19 06:40:34 - [TEST_STEP][PASSED] - utilities.SafeActions.safeClickWithoutScroll(findTestObject("Pages/FirstPayVault/button_Return_InTransactionComplete"), "Click On Return Button", [5]): utilities.SafeActions.safeClickWithoutScroll is PASSED&#xD;
&#xD;
2019-09-19 06:40:34 - [MESSAGE][INFO] - Safe Click Without scroll&#xD;
&#xD;
2019-09-19 06:40:34 - [MESSAGE][INFO] - 1stPayVault.ts:waiting until Click On Return Button is Clickable&#xD;
&#xD;
2019-09-19 06:40:34 - [MESSAGE][PASSED] - Object 'Object Repository/Pages/FirstPayVault/button_Return_InTransactionComplete' is clickable&#xD;
&#xD;
2019-09-19 06:40:34 - [MESSAGE][PASSED] - Object 'Object Repository/Pages/FirstPayVault/button_Return_InTransactionComplete' is visible&#xD;
&#xD;
2019-09-19 06:40:35 - [MESSAGE][PASSED] - Object: 'Object Repository/Pages/FirstPayVault/button_Return_InTransactionComplete' is clicked on&#xD;
&#xD;
2019-09-19 06:40:35 - [MESSAGE][INFO] - 1stPayVault.ts: click on the Click On Return Button&#xD;
&#xD;
2019-09-19 06:40:35 - [MESSAGE][PASSED] - utilities.SafeActions.safeClickWithoutScroll is PASSED&#xD;
&#xD;
2019-09-19 06:40:35 - [TEST_STEP][PASSED] - utilities.SafeActions.safeClickwithScroll(findTestObject("Pages/FirstPayVault/button_SearchVault"), "Click on Search Vault", [10]): utilities.SafeActions.safeClickwithScroll is PASSED&#xD;
&#xD;
2019-09-19 06:40:35 - [MESSAGE][PASSED] - Scroll to object 'Object Repository/Pages/FirstPayVault/button_SearchVault' successfully&#xD;
&#xD;
2019-09-19 06:40:35 - [MESSAGE][INFO] - 1stPayVault.ts:waiting until Click on Search Vault is Clickable&#xD;
&#xD;
2019-09-19 06:40:35 - [MESSAGE][PASSED] - Object 'Object Repository/Pages/FirstPayVault/button_SearchVault' is clickable&#xD;
&#xD;
2019-09-19 06:40:35 - [MESSAGE][PASSED] - Object 'Object Repository/Pages/FirstPayVault/button_SearchVault' is visible&#xD;
&#xD;
2019-09-19 06:40:36 - [MESSAGE][PASSED] - Object: 'Object Repository/Pages/FirstPayVault/button_SearchVault' is clicked on&#xD;
&#xD;
2019-09-19 06:40:36 - [MESSAGE][INFO] - 1stPayVault.ts: Clicked on the Click on Search Vault&#xD;
&#xD;
2019-09-19 06:40:36 - [MESSAGE][PASSED] - utilities.SafeActions.safeClickwithScroll is PASSED&#xD;
&#xD;
2019-09-19 06:40:36 - [TEST_STEP][PASSED] - utilities.SafeActions.safeClickWithoutScroll(findTestObject("Pages/FirstPayVault/button_Search"), "Click On Search button", [5]): utilities.SafeActions.safeClickWithoutScroll is PASSED&#xD;
&#xD;
2019-09-19 06:40:36 - [MESSAGE][INFO] - Safe Click Without scroll&#xD;
&#xD;
2019-09-19 06:40:36 - [MESSAGE][INFO] - 1stPayVault.ts:waiting until Click On Search button is Clickable&#xD;
&#xD;
2019-09-19 06:40:36 - [MESSAGE][PASSED] - Object 'Object Repository/Pages/FirstPayVault/button_Search' is clickable&#xD;
&#xD;
2019-09-19 06:40:36 - [MESSAGE][PASSED] - Object 'Object Repository/Pages/FirstPayVault/button_Search' is visible&#xD;
&#xD;
2019-09-19 06:40:37 - [MESSAGE][PASSED] - Object: 'Object Repository/Pages/FirstPayVault/button_Search' is clicked on&#xD;
&#xD;
2019-09-19 06:40:37 - [MESSAGE][INFO] - 1stPayVault.ts: click on the Click On Search button&#xD;
&#xD;
2019-09-19 06:40:37 - [MESSAGE][PASSED] - utilities.SafeActions.safeClickWithoutScroll is PASSED&#xD;
&#xD;
2019-09-19 06:40:37 - [TEST_STEP][PASSED] - scrollToElement(findTestObject("Pages/Transaction_Management/invoice_ForTransaction"), 5): Scroll to object 'Object Repository/Pages/Transaction_Management/invoice_ForTransaction' successfully&#xD;
&#xD;
2019-09-19 06:40:38 - [MESSAGE][PASSED] - Scroll to object 'Object Repository/Pages/Transaction_Management/invoice_ForTransaction' successfully&#xD;
&#xD;
2019-09-19 06:40:38 - [TEST_STEP][PASSED] - pages.FirstPayVault.verifyInvoiceRecord(findTestObject("Pages/FirstPayVault/footer_NextButton"), findTestObject("Pages/FirstPayVault/page_Number"), vaultReference): The Vault is found in page 1&#xD;
&#xD;
2019-09-19 06:40:38 - [MESSAGE][PASSED] - Text of object 'Object Repository/Pages/FirstPayVault/page_Number' is: 'Page 1 of 12'&#xD;
&#xD;
2019-09-19 06:40:38 - [MESSAGE][PASSED] - The Vault is found in page 1&#xD;
&#xD;
2019-09-19 06:40:38 - [TEST_STEP][PASSED] - delay(2): Delayed 2 second(s)&#xD;
&#xD;
2019-09-19 06:40:40 - [MESSAGE][PASSED] - Delayed 2 second(s)&#xD;
&#xD;
2019-09-19 06:40:40 - [TEST_STEP][PASSED] - pages.FirstPayVault.clickOnEdit(findTestObject("Pages/FirstPayVault/footer_NextButton"), findTestObject("Pages/FirstPayVault/page_Number"), findTestObject("Pages/FirstPayVault/button_deleteFromVault"), vaultReference): Delayed 4 second(s)&#xD;
&#xD;
2019-09-19 06:40:41 - [MESSAGE][PASSED] - Text of object 'Object Repository/Pages/FirstPayVault/page_Number' is: 'Page 1 of 12'&#xD;
&#xD;
2019-09-19 06:40:41 - [MESSAGE][PASSED] - The Vault is found in page 1&#xD;
&#xD;
2019-09-19 06:40:43 - [MESSAGE][PASSED] - Delayed 2 second(s)&#xD;
&#xD;
2019-09-19 06:40:47 - [MESSAGE][PASSED] - Delayed 4 second(s)&#xD;
&#xD;
2019-09-19 06:40:48 - [TEST_STEP][PASSED] - scrollToElement(findTestObject("Pages/FirstPayVault/dropDownExpirationMonthForVerification"), delayBetweenTestSteps): Scroll to object 'Object Repository/Pages/FirstPayVault/dropDownExpirationMonthForVerification' successfully&#xD;
&#xD;
2019-09-19 06:40:48 - [MESSAGE][PASSED] - Scroll to object 'Object Repository/Pages/FirstPayVault/dropDownExpirationMonthForVerification' successfully&#xD;
&#xD;
2019-09-19 06:40:48 - [TEST_STEP][PASSED] - utilities.SafeActions.safeSelectOptionInDropDownByVisibleText(findTestObject("Pages/FirstPayVault/dropDownExpirationMonthForVerification"), cardMonthUpdate, "Update expiration Month", [5]): utilities.SafeActions.safeSelectOptionInDropDownByVisibleText is PASSED&#xD;
&#xD;
2019-09-19 06:40:48 - [MESSAGE][PASSED] - Object 'Object Repository/Pages/FirstPayVault/dropDownExpirationMonthForVerification' is present&#xD;
&#xD;
2019-09-19 06:40:49 - [MESSAGE][PASSED] - Object: 'Object Repository/Pages/FirstPayVault/dropDownExpirationMonthForVerification' is clicked on&#xD;
&#xD;
2019-09-19 06:40:49 - [MESSAGE][PASSED] - All options with label 'October' are selected in object 'Object Repository/Pages/FirstPayVault/dropDownExpirationMonthForVerification' &#xD;
&#xD;
2019-09-19 06:40:49 - [MESSAGE][PASSED] - utilities.SafeActions.safeSelectOptionInDropDownByVisibleText is PASSED&#xD;
&#xD;
2019-09-19 06:40:49 - [TEST_STEP][PASSED] - scrollToElement(findTestObject("Pages/FirstPayVault/button_Update"), delayBetweenTestSteps): Scroll to object 'Object Repository/Pages/FirstPayVault/button_Update' successfully&#xD;
&#xD;
2019-09-19 06:40:49 - [MESSAGE][PASSED] - Scroll to object 'Object Repository/Pages/FirstPayVault/button_Update' successfully&#xD;
&#xD;
2019-09-19 06:40:49 - [TEST_STEP][PASSED] - utilities.SafeActions.safeClickwithScroll(findTestObject("Pages/FirstPayVault/button_Update"), "Click On Update", [delayBetweenTestSteps]): utilities.SafeActions.safeClickwithScroll is PASSED&#xD;
&#xD;
2019-09-19 06:40:49 - [MESSAGE][PASSED] - Scroll to object 'Object Repository/Pages/FirstPayVault/button_Update' successfully&#xD;
&#xD;
2019-09-19 06:40:49 - [MESSAGE][INFO] - 1stPayVault.ts:waiting until Click On Update is Clickable&#xD;
&#xD;
2019-09-19 06:40:49 - [MESSAGE][PASSED] - Object 'Object Repository/Pages/FirstPayVault/button_Update' is clickable&#xD;
&#xD;
2019-09-19 06:40:49 - [MESSAGE][PASSED] - Object 'Object Repository/Pages/FirstPayVault/button_Update' is visible&#xD;
&#xD;
2019-09-19 06:40:50 - [MESSAGE][PASSED] - Object: 'Object Repository/Pages/FirstPayVault/button_Update' is clicked on&#xD;
&#xD;
2019-09-19 06:40:50 - [MESSAGE][INFO] - 1stPayVault.ts: Clicked on the Click On Update&#xD;
&#xD;
2019-09-19 06:40:50 - [MESSAGE][PASSED] - utilities.SafeActions.safeClickwithScroll is PASSED&#xD;
&#xD;
2019-09-19 06:40:50 - [TEST_STEP][PASSED] - delay(2): Delayed 2 second(s)&#xD;
&#xD;
2019-09-19 06:40:52 - [MESSAGE][PASSED] - Delayed 2 second(s)&#xD;
&#xD;
2019-09-19 06:40:52 - [TEST_STEP][PASSED] - popupUpdatedToVaultMessage = utilities.SafeActions.safeGetText(findTestObject("Pages/FirstPayVault/popup_SavedToVaultMessage"), 5): utilities.SafeActions.safeGetText is PASSED&#xD;
&#xD;
2019-09-19 06:40:52 - [MESSAGE][PASSED] - Object 'Object Repository/Pages/FirstPayVault/popup_SavedToVaultMessage' is present&#xD;
&#xD;
2019-09-19 06:40:53 - [MESSAGE][PASSED] - Text of object 'Object Repository/Pages/FirstPayVault/popup_SavedToVaultMessage' is: 'Successfully Saved to Vault'&#xD;
&#xD;
2019-09-19 06:40:53 - [MESSAGE][PASSED] - utilities.SafeActions.safeGetText is PASSED&#xD;
&#xD;
2019-09-19 06:40:53 - [TEST_STEP][PASSED] - flag = utilities.SafeActions.verifyPopupMessage("Successfully Saved to Vault", popupUpdatedToVaultMessage): Popup Message : Successfully Saved to Vault matched with expected message : Successfully Saved to Vault&#xD;
&#xD;
2019-09-19 06:40:53 - [MESSAGE][PASSED] - Popup Message : Successfully Saved to Vault matched with expected message : Successfully Saved to Vault&#xD;
&#xD;
2019-09-19 06:40:53 - [TEST_STEP][PASSED] - delay(2): Delayed 2 second(s)&#xD;
&#xD;
2019-09-19 06:40:55 - [MESSAGE][PASSED] - Delayed 2 second(s)&#xD;
&#xD;
2019-09-19 06:40:55 - [TEST_STEP][PASSED] - closeBrowser(): Browser is closed&#xD;
&#xD;
2019-09-19 06:40:56 - [MESSAGE][PASSED] - Browser is closed&#xD;
&#xD;
2019-09-19 06:40:56 - [TEST_STEP][PASSED] - Start listener action : sampleAfterTestCase: null</system-out>
            <system-err></system-err>
        </testcase>
        <testcase name="Test Cases/FirstView/FirstPayVault/TC_1st_Pay_Vault_006" classname="Test Cases/FirstView/FirstPayVault/TC_1st_Pay_Vault_006" status="PASSED">
            <system-out>2019-09-19 06:40:56 - [TEST_CASE][PASSED] - Test Cases/FirstView/FirstPayVault/TC_1st_Pay_Vault_006: Test Cases/FirstView/FirstPayVault/TC_1st_Pay_Vault_006&#xD;
&#xD;
2019-09-19 06:40:56 - [TEST_STEP][PASSED] - utilities.SafeActions.openBrowser(URL, [PageLoadTime]): utilities.SafeActions.openBrowser is PASSED&#xD;
&#xD;
2019-09-19 06:40:56 - [MESSAGE][INFO] - Opening Browser&#xD;
&#xD;
2019-09-19 06:40:56 - [MESSAGE][INFO] - Starting 'Firefox' driver&#xD;
&#xD;
2019-09-19 06:41:04 - [MESSAGE][PASSED] - Browser is opened with url: 'http://172.25.48.28/secure/VPOS/VPOS/Vpos'&#xD;
&#xD;
2019-09-19 06:41:04 - [MESSAGE][PASSED] - Current window maximized&#xD;
&#xD;
2019-09-19 06:41:04 - [MESSAGE][INFO] - Browser Launched Successfully&#xD;
&#xD;
2019-09-19 06:41:04 - [MESSAGE][PASSED] - utilities.SafeActions.openBrowser is PASSED&#xD;
&#xD;
2019-09-19 06:41:04 - [TEST_STEP][PASSED] - delay(6): Delayed 6 second(s)&#xD;
&#xD;
2019-09-19 06:41:10 - [MESSAGE][PASSED] - Delayed 6 second(s)&#xD;
&#xD;
2019-09-19 06:41:10 - [TEST_STEP][PASSED] - utilities.SafeActions.safeSelectOptionInDropDownByVisibleText(findTestObject("Pages/Sale/dropDown_AccountType"), "ranjanatest2 - 888814981372/001 Account Type: Retail", "Select by Value", [25]): utilities.SafeActions.safeSelectOptionInDropDownByVisibleText is PASSED&#xD;
&#xD;
2019-09-19 06:41:10 - [MESSAGE][PASSED] - Object 'Object Repository/Pages/Sale/dropDown_AccountType' is present&#xD;
&#xD;
2019-09-19 06:41:11 - [MESSAGE][PASSED] - Object: 'Object Repository/Pages/Sale/dropDown_AccountType' is clicked on&#xD;
&#xD;
2019-09-19 06:41:11 - [MESSAGE][PASSED] - All options with label 'ranjanatest2 - 888814981372/001 Account Type: Retail' are selected in object 'Object Repository/Pages/Sale/dropDown_AccountType' &#xD;
&#xD;
2019-09-19 06:41:11 - [MESSAGE][PASSED] - utilities.SafeActions.safeSelectOptionInDropDownByVisibleText is PASSED&#xD;
&#xD;
2019-09-19 06:41:11 - [TEST_STEP][PASSED] - utilities.SafeActions.safeClickWithoutScroll(findTestObject("Pages/FirstPayVault/tab_FirstPayVault"), "Click on FirstPayVault tab", [5]): utilities.SafeActions.safeClickWithoutScroll is PASSED&#xD;
&#xD;
2019-09-19 06:41:11 - [MESSAGE][INFO] - Safe Click Without scroll&#xD;
&#xD;
2019-09-19 06:41:11 - [MESSAGE][INFO] - 1stPayVault.ts:waiting until Click on FirstPayVault tab is Clickable&#xD;
&#xD;
2019-09-19 06:41:11 - [MESSAGE][PASSED] - Object 'Object Repository/Pages/FirstPayVault/tab_FirstPayVault' is clickable&#xD;
&#xD;
2019-09-19 06:41:11 - [MESSAGE][PASSED] - Object 'Object Repository/Pages/FirstPayVault/tab_FirstPayVault' is visible&#xD;
&#xD;
2019-09-19 06:41:12 - [MESSAGE][PASSED] - Object: 'Object Repository/Pages/FirstPayVault/tab_FirstPayVault' is clicked on&#xD;
&#xD;
2019-09-19 06:41:12 - [MESSAGE][INFO] - 1stPayVault.ts: click on the Click on FirstPayVault tab&#xD;
&#xD;
2019-09-19 06:41:12 - [MESSAGE][PASSED] - utilities.SafeActions.safeClickWithoutScroll is PASSED&#xD;
&#xD;
2019-09-19 06:41:12 - [TEST_STEP][PASSED] - utilities.SafeActions.safeClickWithoutScroll(findTestObject("Pages/FirstPayVault/button_CreateVault"), "Click on CreateVault button", [5]): utilities.SafeActions.safeClickWithoutScroll is PASSED&#xD;
&#xD;
2019-09-19 06:41:12 - [MESSAGE][INFO] - Safe Click Without scroll&#xD;
&#xD;
2019-09-19 06:41:12 - [MESSAGE][INFO] - 1stPayVault.ts:waiting until Click on CreateVault button is Clickable&#xD;
&#xD;
2019-09-19 06:41:12 - [MESSAGE][PASSED] - Object 'Object Repository/Pages/FirstPayVault/button_CreateVault' is clickable&#xD;
&#xD;
2019-09-19 06:41:12 - [MESSAGE][PASSED] - Object 'Object Repository/Pages/FirstPayVault/button_CreateVault' is visible&#xD;
&#xD;
2019-09-19 06:41:13 - [MESSAGE][PASSED] - Object: 'Object Repository/Pages/FirstPayVault/button_CreateVault' is clicked on&#xD;
&#xD;
2019-09-19 06:41:13 - [MESSAGE][INFO] - 1stPayVault.ts: click on the Click on CreateVault button&#xD;
&#xD;
2019-09-19 06:41:13 - [MESSAGE][PASSED] - utilities.SafeActions.safeClickWithoutScroll is PASSED&#xD;
&#xD;
2019-09-19 06:41:13 - [TEST_STEP][PASSED] - scrollToElement(findTestObject("Pages/FirstPayVault/input_VaultReferenceNumber"), 5): Scroll to object 'Object Repository/Pages/FirstPayVault/input_VaultReferenceNumber' successfully&#xD;
&#xD;
2019-09-19 06:41:13 - [MESSAGE][PASSED] - Scroll to object 'Object Repository/Pages/FirstPayVault/input_VaultReferenceNumber' successfully&#xD;
&#xD;
2019-09-19 06:41:13 - [TEST_STEP][PASSED] - vaultReference = utilities.SafeActions.timeWithMilliSeconds(): utilities.SafeActions.timeWithMilliSeconds is PASSED&#xD;
&#xD;
2019-09-19 06:41:13 - [MESSAGE][PASSED] - utilities.SafeActions.timeWithMilliSeconds is PASSED&#xD;
&#xD;
2019-09-19 06:41:13 - [TEST_STEP][PASSED] - utilities.SafeActions.safeType(findTestObject("Pages/FirstPayVault/input_VaultReferenceNumber"), vaultReference, "Entering Vault Reference Number", [5]): utilities.SafeActions.safeType is PASSED&#xD;
&#xD;
2019-09-19 06:41:13 - [MESSAGE][PASSED] - Object 'Object Repository/Pages/FirstPayVault/input_VaultReferenceNumber' is present&#xD;
&#xD;
2019-09-19 06:41:14 - [MESSAGE][PASSED] - Object: 'Object Repository/Pages/FirstPayVault/input_VaultReferenceNumber' is clicked on&#xD;
&#xD;
2019-09-19 06:41:14 - [MESSAGE][PASSED] - Text '2019-09-19 06:41:13.657' is set on object 'Object Repository/Pages/FirstPayVault/input_VaultReferenceNumber'&#xD;
&#xD;
2019-09-19 06:41:14 - [MESSAGE][PASSED] - utilities.SafeActions.safeType is PASSED&#xD;
&#xD;
2019-09-19 06:41:14 - [TEST_STEP][PASSED] - utilities.SafeActions.safeType(findTestObject("Pages/FirstPayVault/input_CreditCardNumber"), visaCardNumber, "Entering Card Number", [10]): utilities.SafeActions.safeType is PASSED&#xD;
&#xD;
2019-09-19 06:41:14 - [MESSAGE][PASSED] - Object 'Object Repository/Pages/FirstPayVault/input_CreditCardNumber' is present&#xD;
&#xD;
2019-09-19 06:41:15 - [MESSAGE][PASSED] - Object: 'Object Repository/Pages/FirstPayVault/input_CreditCardNumber' is clicked on&#xD;
&#xD;
2019-09-19 06:41:15 - [MESSAGE][PASSED] - Text '4111111111111111' is set on object 'Object Repository/Pages/FirstPayVault/input_CreditCardNumber'&#xD;
&#xD;
2019-09-19 06:41:15 - [MESSAGE][PASSED] - utilities.SafeActions.safeType is PASSED&#xD;
&#xD;
2019-09-19 06:41:15 - [TEST_STEP][PASSED] - delay(4): Delayed 4 second(s)&#xD;
&#xD;
2019-09-19 06:41:19 - [MESSAGE][PASSED] - Delayed 4 second(s)&#xD;
&#xD;
2019-09-19 06:41:19 - [TEST_STEP][PASSED] - utilities.SafeActions.safeSelectOptionInDropDownByVisibleText(findTestObject("Pages/FirstPayVault/dropDown_ExpirationMonth"), cardMonth, "Expiration Month", [5]): utilities.SafeActions.safeSelectOptionInDropDownByVisibleText is PASSED&#xD;
&#xD;
2019-09-19 06:41:19 - [MESSAGE][PASSED] - Object 'Object Repository/Pages/FirstPayVault/dropDown_ExpirationMonth' is present&#xD;
&#xD;
2019-09-19 06:41:20 - [MESSAGE][PASSED] - Object: 'Object Repository/Pages/FirstPayVault/dropDown_ExpirationMonth' is clicked on&#xD;
&#xD;
2019-09-19 06:41:20 - [MESSAGE][PASSED] - All options with label 'September' are selected in object 'Object Repository/Pages/FirstPayVault/dropDown_ExpirationMonth' &#xD;
&#xD;
2019-09-19 06:41:20 - [MESSAGE][PASSED] - utilities.SafeActions.safeSelectOptionInDropDownByVisibleText is PASSED&#xD;
&#xD;
2019-09-19 06:41:20 - [TEST_STEP][PASSED] - utilities.SafeActions.safeSelectOptionInDropDownByVisibleText(findTestObject("Pages/FirstPayVault/dropDown_ExpirationYear"), cardYear, "year", [5]): utilities.SafeActions.safeSelectOptionInDropDownByVisibleText is PASSED&#xD;
&#xD;
2019-09-19 06:41:20 - [MESSAGE][PASSED] - Object 'Object Repository/Pages/FirstPayVault/dropDown_ExpirationYear' is present&#xD;
&#xD;
2019-09-19 06:41:21 - [MESSAGE][PASSED] - Object: 'Object Repository/Pages/FirstPayVault/dropDown_ExpirationYear' is clicked on&#xD;
&#xD;
2019-09-19 06:41:21 - [MESSAGE][PASSED] - All options with label '2032' are selected in object 'Object Repository/Pages/FirstPayVault/dropDown_ExpirationYear' &#xD;
&#xD;
2019-09-19 06:41:21 - [MESSAGE][PASSED] - utilities.SafeActions.safeSelectOptionInDropDownByVisibleText is PASSED&#xD;
&#xD;
2019-09-19 06:41:21 - [TEST_STEP][PASSED] - delay(2): Delayed 2 second(s)&#xD;
&#xD;
2019-09-19 06:41:23 - [MESSAGE][PASSED] - Delayed 2 second(s)&#xD;
&#xD;
2019-09-19 06:41:23 - [TEST_STEP][PASSED] - utilities.SafeActions.safeType(findTestObject("Pages/FirstPayVault/input_ContactName"), customerName, "Enter Contact Name", [5]): utilities.SafeActions.safeType is PASSED&#xD;
&#xD;
2019-09-19 06:41:24 - [MESSAGE][PASSED] - Object 'Object Repository/Pages/FirstPayVault/input_ContactName' is present&#xD;
&#xD;
2019-09-19 06:41:24 - [MESSAGE][PASSED] - Object: 'Object Repository/Pages/FirstPayVault/input_ContactName' is clicked on&#xD;
&#xD;
2019-09-19 06:41:24 - [MESSAGE][PASSED] - Text 'Venkata Sai' is set on object 'Object Repository/Pages/FirstPayVault/input_ContactName'&#xD;
&#xD;
2019-09-19 06:41:24 - [MESSAGE][PASSED] - utilities.SafeActions.safeType is PASSED&#xD;
&#xD;
2019-09-19 06:41:24 - [TEST_STEP][PASSED] - utilities.SafeActions.safeType(findTestObject("Pages/FirstPayVault/input_PostalCode"), "76102", "Enter Postal Code", [5]): utilities.SafeActions.safeType is PASSED&#xD;
&#xD;
2019-09-19 06:41:24 - [MESSAGE][PASSED] - Object 'Object Repository/Pages/FirstPayVault/input_PostalCode' is present&#xD;
&#xD;
2019-09-19 06:41:25 - [MESSAGE][PASSED] - Object: 'Object Repository/Pages/FirstPayVault/input_PostalCode' is clicked on&#xD;
&#xD;
2019-09-19 06:41:25 - [MESSAGE][PASSED] - Text '76102' is set on object 'Object Repository/Pages/FirstPayVault/input_PostalCode'&#xD;
&#xD;
2019-09-19 06:41:25 - [MESSAGE][PASSED] - utilities.SafeActions.safeType is PASSED&#xD;
&#xD;
2019-09-19 06:41:25 - [TEST_STEP][PASSED] - utilities.SafeActions.safeType(findTestObject("Pages/FirstPayVault/input_Address"), "James Street", "Enter ddress", [5]): utilities.SafeActions.safeType is PASSED&#xD;
&#xD;
2019-09-19 06:41:25 - [MESSAGE][PASSED] - Object 'Object Repository/Pages/FirstPayVault/input_Address' is present&#xD;
&#xD;
2019-09-19 06:41:26 - [MESSAGE][PASSED] - Object: 'Object Repository/Pages/FirstPayVault/input_Address' is clicked on&#xD;
&#xD;
2019-09-19 06:41:26 - [MESSAGE][PASSED] - Text 'James Street' is set on object 'Object Repository/Pages/FirstPayVault/input_Address'&#xD;
&#xD;
2019-09-19 06:41:26 - [MESSAGE][PASSED] - utilities.SafeActions.safeType is PASSED&#xD;
&#xD;
2019-09-19 06:41:26 - [TEST_STEP][PASSED] - utilities.SafeActions.safeCheckForElement(findTestObject("Pages/FirstPayVault/chekBox_AddShippingInformation"), 5): utilities.SafeActions.safeCheckForElement is PASSED&#xD;
&#xD;
2019-09-19 06:41:26 - [MESSAGE][PASSED] - Object 'Object Repository/Pages/FirstPayVault/chekBox_AddShippingInformation' is present&#xD;
&#xD;
2019-09-19 06:41:27 - [MESSAGE][PASSED] - Object 'Object Repository/Pages/FirstPayVault/chekBox_AddShippingInformation' is checked&#xD;
&#xD;
2019-09-19 06:41:27 - [MESSAGE][PASSED] - utilities.SafeActions.safeCheckForElement is PASSED&#xD;
&#xD;
2019-09-19 06:41:27 - [TEST_STEP][PASSED] - utilities.SafeActions.safeType(findTestObject("Pages/FirstPayVault/input_ShippingMethod"), "DTDC", "Enter Shipping Method", [5]): utilities.SafeActions.safeType is PASSED&#xD;
&#xD;
2019-09-19 06:41:27 - [MESSAGE][PASSED] - Object 'Object Repository/Pages/FirstPayVault/input_ShippingMethod' is present&#xD;
&#xD;
2019-09-19 06:41:28 - [MESSAGE][PASSED] - Object: 'Object Repository/Pages/FirstPayVault/input_ShippingMethod' is clicked on&#xD;
&#xD;
2019-09-19 06:41:28 - [MESSAGE][PASSED] - Text 'DTDC' is set on object 'Object Repository/Pages/FirstPayVault/input_ShippingMethod'&#xD;
&#xD;
2019-09-19 06:41:28 - [MESSAGE][PASSED] - utilities.SafeActions.safeType is PASSED&#xD;
&#xD;
2019-09-19 06:41:28 - [TEST_STEP][PASSED] - utilities.SafeActions.safeCheckForElement(findTestObject("Pages/FirstPayVault/checkbox_SameAsBillingInformation"), 5): utilities.SafeActions.safeCheckForElement is PASSED&#xD;
&#xD;
2019-09-19 06:41:28 - [MESSAGE][PASSED] - Object 'Object Repository/Pages/FirstPayVault/checkbox_SameAsBillingInformation' is present&#xD;
&#xD;
2019-09-19 06:41:29 - [MESSAGE][PASSED] - Object 'Object Repository/Pages/FirstPayVault/checkbox_SameAsBillingInformation' is checked&#xD;
&#xD;
2019-09-19 06:41:29 - [MESSAGE][PASSED] - utilities.SafeActions.safeCheckForElement is PASSED&#xD;
&#xD;
2019-09-19 06:41:29 - [TEST_STEP][PASSED] - utilities.SafeActions.safeClickwithScroll(findTestObject("Pages/FirstPayVault/button_Create"), "Click on Create Button", [5]): utilities.SafeActions.safeClickwithScroll is PASSED&#xD;
&#xD;
2019-09-19 06:41:29 - [MESSAGE][PASSED] - Scroll to object 'Object Repository/Pages/FirstPayVault/button_Create' successfully&#xD;
&#xD;
2019-09-19 06:41:29 - [MESSAGE][INFO] - 1stPayVault.ts:waiting until Click on Create Button is Clickable&#xD;
&#xD;
2019-09-19 06:41:29 - [MESSAGE][PASSED] - Object 'Object Repository/Pages/FirstPayVault/button_Create' is clickable&#xD;
&#xD;
2019-09-19 06:41:29 - [MESSAGE][PASSED] - Object 'Object Repository/Pages/FirstPayVault/button_Create' is visible&#xD;
&#xD;
2019-09-19 06:41:30 - [MESSAGE][PASSED] - Object: 'Object Repository/Pages/FirstPayVault/button_Create' is clicked on&#xD;
&#xD;
2019-09-19 06:41:30 - [MESSAGE][INFO] - 1stPayVault.ts: Clicked on the Click on Create Button&#xD;
&#xD;
2019-09-19 06:41:30 - [MESSAGE][PASSED] - utilities.SafeActions.safeClickwithScroll is PASSED&#xD;
&#xD;
2019-09-19 06:41:30 - [TEST_STEP][PASSED] - delay(2): Delayed 2 second(s)&#xD;
&#xD;
2019-09-19 06:41:32 - [MESSAGE][PASSED] - Delayed 2 second(s)&#xD;
&#xD;
2019-09-19 06:41:32 - [TEST_STEP][PASSED] - popupSavedToVaultMessage = utilities.SafeActions.safeGetText(findTestObject("Pages/FirstPayVault/popup_SavedToVaultMessage"), 5): utilities.SafeActions.safeGetText is PASSED&#xD;
&#xD;
2019-09-19 06:41:32 - [MESSAGE][PASSED] - Object 'Object Repository/Pages/FirstPayVault/popup_SavedToVaultMessage' is present&#xD;
&#xD;
2019-09-19 06:41:32 - [MESSAGE][PASSED] - Text of object 'Object Repository/Pages/FirstPayVault/popup_SavedToVaultMessage' is: 'Successfully Saved to Vault'&#xD;
&#xD;
2019-09-19 06:41:32 - [MESSAGE][PASSED] - utilities.SafeActions.safeGetText is PASSED&#xD;
&#xD;
2019-09-19 06:41:32 - [TEST_STEP][PASSED] - flag = utilities.SafeActions.verifyPopupMessage("Successfully Saved to Vault", popupSavedToVaultMessage): Popup Message : Successfully Saved to Vault matched with expected message : Successfully Saved to Vault&#xD;
&#xD;
2019-09-19 06:41:32 - [MESSAGE][PASSED] - Popup Message : Successfully Saved to Vault matched with expected message : Successfully Saved to Vault&#xD;
&#xD;
2019-09-19 06:41:32 - [TEST_STEP][PASSED] - delay(2): Delayed 2 second(s)&#xD;
&#xD;
2019-09-19 06:41:34 - [MESSAGE][PASSED] - Delayed 2 second(s)&#xD;
&#xD;
2019-09-19 06:41:34 - [TEST_STEP][PASSED] - utilities.SafeActions.safeClickWithoutScroll(findTestObject("Pages/FirstPayVault/button_RunSaleWithThisVault_InPopup"), "Click on Run Sale With This Vault in Popup", [delayBetweenTestSteps]): utilities.SafeActions.safeClickWithoutScroll is PASSED&#xD;
&#xD;
2019-09-19 06:41:35 - [MESSAGE][INFO] - Safe Click Without scroll&#xD;
&#xD;
2019-09-19 06:41:35 - [MESSAGE][INFO] - 1stPayVault.ts:waiting until Click on Run Sale With This Vault in Popup is Clickable&#xD;
&#xD;
2019-09-19 06:41:35 - [MESSAGE][PASSED] - Object 'Object Repository/Pages/FirstPayVault/button_RunSaleWithThisVault_InPopup' is clickable&#xD;
&#xD;
2019-09-19 06:41:35 - [MESSAGE][PASSED] - Object 'Object Repository/Pages/FirstPayVault/button_RunSaleWithThisVault_InPopup' is visible&#xD;
&#xD;
2019-09-19 06:41:35 - [MESSAGE][PASSED] - Object: 'Object Repository/Pages/FirstPayVault/button_RunSaleWithThisVault_InPopup' is clicked on&#xD;
&#xD;
2019-09-19 06:41:35 - [MESSAGE][INFO] - 1stPayVault.ts: click on the Click on Run Sale With This Vault in Popup&#xD;
&#xD;
2019-09-19 06:41:35 - [MESSAGE][PASSED] - utilities.SafeActions.safeClickWithoutScroll is PASSED&#xD;
&#xD;
2019-09-19 06:41:35 - [TEST_STEP][PASSED] - delay(1): Delayed 1 second(s)&#xD;
&#xD;
2019-09-19 06:41:36 - [MESSAGE][PASSED] - Delayed 1 second(s)&#xD;
&#xD;
2019-09-19 06:41:36 - [TEST_STEP][PASSED] - value = utilities.SafeActions.getAttributeValue(findTestObject("Pages/FirstPayVault/tab_1stPayVault_Active"), "1st_PayVault"): The screen is 1st_PayVault screen&#xD;
&#xD;
2019-09-19 06:41:37 - [MESSAGE][PASSED] - Attribute 'class' of object 'Object Repository/Pages/FirstPayVault/tab_1stPayVault_Active' is: 'active_tab tabs__link'&#xD;
&#xD;
2019-09-19 06:41:37 - [MESSAGE][PASSED] - The screen is 1st_PayVault screen&#xD;
&#xD;
2019-09-19 06:41:37 - [TEST_STEP][PASSED] - scrollToElement(findTestObject("Pages/FirstPayVault/input_Amount"), 5): Scroll to object 'Object Repository/Pages/FirstPayVault/input_Amount' successfully&#xD;
&#xD;
2019-09-19 06:41:37 - [MESSAGE][PASSED] - Scroll to object 'Object Repository/Pages/FirstPayVault/input_Amount' successfully&#xD;
&#xD;
2019-09-19 06:41:37 - [TEST_STEP][PASSED] - utilities.SafeActions.safeType(findTestObject("Pages/FirstPayVault/input_Amount"), "450", "Enter Amount", [5]): utilities.SafeActions.safeType is PASSED&#xD;
&#xD;
2019-09-19 06:41:37 - [MESSAGE][PASSED] - Object 'Object Repository/Pages/FirstPayVault/input_Amount' is present&#xD;
&#xD;
2019-09-19 06:41:37 - [MESSAGE][PASSED] - Object: 'Object Repository/Pages/FirstPayVault/input_Amount' is clicked on&#xD;
&#xD;
2019-09-19 06:41:38 - [MESSAGE][PASSED] - Text '450' is set on object 'Object Repository/Pages/FirstPayVault/input_Amount'&#xD;
&#xD;
2019-09-19 06:41:38 - [MESSAGE][PASSED] - utilities.SafeActions.safeType is PASSED&#xD;
&#xD;
2019-09-19 06:41:38 - [TEST_STEP][PASSED] - salesTax = utilities.SafeActions.safeGetText(findTestObject("Pages/FirstPayVault/input_SalesTaxUnderAmount"), delayBetweenTestSteps): utilities.SafeActions.safeGetText is PASSED&#xD;
&#xD;
2019-09-19 06:41:38 - [MESSAGE][PASSED] - Object 'Object Repository/Pages/FirstPayVault/input_SalesTaxUnderAmount' is present&#xD;
&#xD;
2019-09-19 06:41:38 - [MESSAGE][PASSED] - Text of object 'Object Repository/Pages/FirstPayVault/input_SalesTaxUnderAmount' is: '$45.00'&#xD;
&#xD;
2019-09-19 06:41:38 - [MESSAGE][PASSED] - utilities.SafeActions.safeGetText is PASSED&#xD;
&#xD;
2019-09-19 06:41:38 - [TEST_STEP][PASSED] - pages.FirstPayVault.verifyAmountIsNotZero(salesTax): pages.FirstPayVault.verifyAmountIsNotZero is PASSED&#xD;
&#xD;
2019-09-19 06:41:38 - [MESSAGE][PASSED] - pages.FirstPayVault.verifyAmountIsNotZero is PASSED&#xD;
&#xD;
2019-09-19 06:41:38 - [TEST_STEP][PASSED] - scrollToElement(findTestObject("Pages/FirstPayVault/input_CreditCardNumberForVerification"), delayBetweenTestSteps): Scroll to object 'Object Repository/Pages/FirstPayVault/input_CreditCardNumberForVerification' successfully&#xD;
&#xD;
2019-09-19 06:41:38 - [MESSAGE][PASSED] - Scroll to object 'Object Repository/Pages/FirstPayVault/input_CreditCardNumberForVerification' successfully&#xD;
&#xD;
2019-09-19 06:41:38 - [TEST_STEP][PASSED] - cardNumber = utilities.SafeActions.getAttribute(findTestObject("Pages/FirstPayVault/input_CreditCardNumberForVerification"), "1st Pay Vault"): utilities.SafeActions.getAttribute is PASSED&#xD;
&#xD;
2019-09-19 06:41:38 - [MESSAGE][PASSED] - Attribute 'value' of object 'Object Repository/Pages/FirstPayVault/input_CreditCardNumberForVerification' is: '411111******1111'&#xD;
&#xD;
2019-09-19 06:41:38 - [MESSAGE][PASSED] - utilities.SafeActions.getAttribute is PASSED&#xD;
&#xD;
2019-09-19 06:41:38 - [TEST_STEP][PASSED] - pages.FirstPayVault.verifycardNumber(cardNumber, visaCardNumber): Actual String : 4111111111111111 matched with Expected message : 411111******1111&#xD;
&#xD;
2019-09-19 06:41:38 - [MESSAGE][PASSED] - Actual String : 4111111111111111 matched with Expected message : 411111******1111&#xD;
&#xD;
2019-09-19 06:41:38 - [TEST_STEP][PASSED] - expirationYear = utilities.SafeActions.getAttribute(findTestObject("Pages/FirstPayVault/dropDownExpirationYearForVerification"), "1st Pay Vault"): utilities.SafeActions.getAttribute is PASSED&#xD;
&#xD;
2019-09-19 06:41:38 - [MESSAGE][PASSED] - Attribute 'value' of object 'Object Repository/Pages/FirstPayVault/dropDownExpirationYearForVerification' is: '2032'&#xD;
&#xD;
2019-09-19 06:41:38 - [MESSAGE][PASSED] - utilities.SafeActions.getAttribute is PASSED&#xD;
&#xD;
2019-09-19 06:41:38 - [TEST_STEP][PASSED] - pages.FirstPayVault.verifyStrings(expirationYear, cardYear): Actual String : 2032 matched with Expected message : 2032&#xD;
&#xD;
2019-09-19 06:41:38 - [MESSAGE][PASSED] - Actual String : 2032 matched with Expected message : 2032&#xD;
&#xD;
2019-09-19 06:41:38 - [TEST_STEP][PASSED] - scrollToElement(findTestObject("Pages/FirstPayVault/input_VerifyCardHolderName"), 5): Scroll to object 'Object Repository/Pages/FirstPayVault/input_VerifyCardHolderName' successfully&#xD;
&#xD;
2019-09-19 06:41:39 - [MESSAGE][PASSED] - Scroll to object 'Object Repository/Pages/FirstPayVault/input_VerifyCardHolderName' successfully&#xD;
&#xD;
2019-09-19 06:41:39 - [TEST_STEP][PASSED] - name = utilities.SafeActions.getAttribute(findTestObject("Pages/FirstPayVault/input_VerifyCardHolderName"), "1stPayVault"): utilities.SafeActions.getAttribute is PASSED&#xD;
&#xD;
2019-09-19 06:41:39 - [MESSAGE][PASSED] - Attribute 'value' of object 'Object Repository/Pages/FirstPayVault/input_VerifyCardHolderName' is: 'Venkata Sai'&#xD;
&#xD;
2019-09-19 06:41:39 - [MESSAGE][PASSED] - utilities.SafeActions.getAttribute is PASSED&#xD;
&#xD;
2019-09-19 06:41:39 - [TEST_STEP][PASSED] - pages.FirstPayVault.verifyStrings(name, customerName): Actual String : Venkata Sai matched with Expected message : Venkata Sai&#xD;
&#xD;
2019-09-19 06:41:39 - [MESSAGE][PASSED] - Actual String : Venkata Sai matched with Expected message : Venkata Sai&#xD;
&#xD;
2019-09-19 06:41:39 - [TEST_STEP][PASSED] - scrollToElement(findTestObject("Pages/FirstPayVault/checkbox_TaxExempt"), 5): Scroll to object 'Object Repository/Pages/FirstPayVault/checkbox_TaxExempt' successfully&#xD;
&#xD;
2019-09-19 06:41:39 - [MESSAGE][PASSED] - Scroll to object 'Object Repository/Pages/FirstPayVault/checkbox_TaxExempt' successfully&#xD;
&#xD;
2019-09-19 06:41:39 - [TEST_STEP][PASSED] - salesTax = utilities.SafeActions.safeGetText(findTestObject("Pages/FirstPayVault/amount_UnderPurchaseCardInformation"), delayBetweenTestSteps): utilities.SafeActions.safeGetText is PASSED&#xD;
&#xD;
2019-09-19 06:41:39 - [MESSAGE][PASSED] - Object 'Object Repository/Pages/FirstPayVault/amount_UnderPurchaseCardInformation' is present&#xD;
&#xD;
2019-09-19 06:41:39 - [MESSAGE][PASSED] - Text of object 'Object Repository/Pages/FirstPayVault/amount_UnderPurchaseCardInformation' is: '$45.00'&#xD;
&#xD;
2019-09-19 06:41:39 - [MESSAGE][PASSED] - utilities.SafeActions.safeGetText is PASSED&#xD;
&#xD;
2019-09-19 06:41:39 - [TEST_STEP][PASSED] - pages.FirstPayVault.verifyAmountIsNotZero(salesTax): pages.FirstPayVault.verifyAmountIsNotZero is PASSED&#xD;
&#xD;
2019-09-19 06:41:39 - [MESSAGE][PASSED] - pages.FirstPayVault.verifyAmountIsNotZero is PASSED&#xD;
&#xD;
2019-09-19 06:41:39 - [TEST_STEP][PASSED] - utilities.SafeActions.safeCheckForElement(findTestObject("Pages/FirstPayVault/checkbox_TaxExempt"), 5): utilities.SafeActions.safeCheckForElement is PASSED&#xD;
&#xD;
2019-09-19 06:41:39 - [MESSAGE][PASSED] - Object 'Object Repository/Pages/FirstPayVault/checkbox_TaxExempt' is present&#xD;
&#xD;
2019-09-19 06:41:40 - [MESSAGE][PASSED] - Object 'Object Repository/Pages/FirstPayVault/checkbox_TaxExempt' is checked&#xD;
&#xD;
2019-09-19 06:41:40 - [MESSAGE][PASSED] - utilities.SafeActions.safeCheckForElement is PASSED&#xD;
&#xD;
2019-09-19 06:41:40 - [TEST_STEP][PASSED] - utilities.SafeActions.safeClickwithScroll(findTestObject("Pages/FirstPayVault/button_Checkout"), "Click on Checkout", [5]): utilities.SafeActions.safeClickwithScroll is PASSED&#xD;
&#xD;
2019-09-19 06:41:40 - [MESSAGE][PASSED] - Scroll to object 'Object Repository/Pages/FirstPayVault/button_Checkout' successfully&#xD;
&#xD;
2019-09-19 06:41:40 - [MESSAGE][INFO] - 1stPayVault.ts:waiting until Click on Checkout is Clickable&#xD;
&#xD;
2019-09-19 06:41:40 - [MESSAGE][PASSED] - Object 'Object Repository/Pages/FirstPayVault/button_Checkout' is clickable&#xD;
&#xD;
2019-09-19 06:41:41 - [MESSAGE][PASSED] - Object 'Object Repository/Pages/FirstPayVault/button_Checkout' is visible&#xD;
&#xD;
2019-09-19 06:41:41 - [MESSAGE][PASSED] - Object: 'Object Repository/Pages/FirstPayVault/button_Checkout' is clicked on&#xD;
&#xD;
2019-09-19 06:41:41 - [MESSAGE][INFO] - 1stPayVault.ts: Clicked on the Click on Checkout&#xD;
&#xD;
2019-09-19 06:41:41 - [MESSAGE][PASSED] - utilities.SafeActions.safeClickwithScroll is PASSED&#xD;
&#xD;
2019-09-19 06:41:41 - [TEST_STEP][PASSED] - pages.Sale.verifyTransactionCompletePage(findTestObject("Pages/Sale/heading_TransactionComplete")): The screen is Transaction Complete screen&#xD;
&#xD;
2019-09-19 06:41:42 - [MESSAGE][PASSED] - Object 'Object Repository/Pages/Sale/heading_TransactionComplete' is present&#xD;
&#xD;
2019-09-19 06:41:42 - [MESSAGE][PASSED] - The screen is Transaction Complete screen&#xD;
&#xD;
2019-09-19 06:41:42 - [TEST_STEP][PASSED] - delay(delayBetweenTestSteps): Delayed 3 second(s)&#xD;
&#xD;
2019-09-19 06:41:45 - [MESSAGE][PASSED] - Delayed 3 second(s)&#xD;
&#xD;
2019-09-19 06:41:45 - [TEST_STEP][PASSED] - utilities.SafeActions.safeClickWithoutScroll(findTestObject("Pages/FirstPayVault/button_Return_InTransactionComplete"), "Click On Return Button", [5]): utilities.SafeActions.safeClickWithoutScroll is PASSED&#xD;
&#xD;
2019-09-19 06:41:45 - [MESSAGE][INFO] - Safe Click Without scroll&#xD;
&#xD;
2019-09-19 06:41:45 - [MESSAGE][INFO] - 1stPayVault.ts:waiting until Click On Return Button is Clickable&#xD;
&#xD;
2019-09-19 06:41:45 - [MESSAGE][PASSED] - Object 'Object Repository/Pages/FirstPayVault/button_Return_InTransactionComplete' is clickable&#xD;
&#xD;
2019-09-19 06:41:45 - [MESSAGE][PASSED] - Object 'Object Repository/Pages/FirstPayVault/button_Return_InTransactionComplete' is visible&#xD;
&#xD;
2019-09-19 06:41:46 - [MESSAGE][PASSED] - Object: 'Object Repository/Pages/FirstPayVault/button_Return_InTransactionComplete' is clicked on&#xD;
&#xD;
2019-09-19 06:41:46 - [MESSAGE][INFO] - 1stPayVault.ts: click on the Click On Return Button&#xD;
&#xD;
2019-09-19 06:41:46 - [MESSAGE][PASSED] - utilities.SafeActions.safeClickWithoutScroll is PASSED&#xD;
&#xD;
2019-09-19 06:41:46 - [TEST_STEP][PASSED] - utilities.SafeActions.safeClickwithScroll(findTestObject("Pages/FirstPayVault/button_SearchVault"), "Click on Search Vault", [10]): utilities.SafeActions.safeClickwithScroll is PASSED&#xD;
&#xD;
2019-09-19 06:41:46 - [MESSAGE][PASSED] - Scroll to object 'Object Repository/Pages/FirstPayVault/button_SearchVault' successfully&#xD;
&#xD;
2019-09-19 06:41:46 - [MESSAGE][INFO] - 1stPayVault.ts:waiting until Click on Search Vault is Clickable&#xD;
&#xD;
2019-09-19 06:41:46 - [MESSAGE][PASSED] - Object 'Object Repository/Pages/FirstPayVault/button_SearchVault' is clickable&#xD;
&#xD;
2019-09-19 06:41:46 - [MESSAGE][PASSED] - Object 'Object Repository/Pages/FirstPayVault/button_SearchVault' is visible&#xD;
&#xD;
2019-09-19 06:41:47 - [MESSAGE][PASSED] - Object: 'Object Repository/Pages/FirstPayVault/button_SearchVault' is clicked on&#xD;
&#xD;
2019-09-19 06:41:47 - [MESSAGE][INFO] - 1stPayVault.ts: Clicked on the Click on Search Vault&#xD;
&#xD;
2019-09-19 06:41:47 - [MESSAGE][PASSED] - utilities.SafeActions.safeClickwithScroll is PASSED&#xD;
&#xD;
2019-09-19 06:41:47 - [TEST_STEP][PASSED] - utilities.SafeActions.safeClickWithoutScroll(findTestObject("Pages/FirstPayVault/button_Search"), "Click On Search button", [5]): utilities.SafeActions.safeClickWithoutScroll is PASSED&#xD;
&#xD;
2019-09-19 06:41:47 - [MESSAGE][INFO] - Safe Click Without scroll&#xD;
&#xD;
2019-09-19 06:41:47 - [MESSAGE][INFO] - 1stPayVault.ts:waiting until Click On Search button is Clickable&#xD;
&#xD;
2019-09-19 06:41:47 - [MESSAGE][PASSED] - Object 'Object Repository/Pages/FirstPayVault/button_Search' is clickable&#xD;
&#xD;
2019-09-19 06:41:47 - [MESSAGE][PASSED] - Object 'Object Repository/Pages/FirstPayVault/button_Search' is visible&#xD;
&#xD;
2019-09-19 06:41:48 - [MESSAGE][PASSED] - Object: 'Object Repository/Pages/FirstPayVault/button_Search' is clicked on&#xD;
&#xD;
2019-09-19 06:41:48 - [MESSAGE][INFO] - 1stPayVault.ts: click on the Click On Search button&#xD;
&#xD;
2019-09-19 06:41:48 - [MESSAGE][PASSED] - utilities.SafeActions.safeClickWithoutScroll is PASSED&#xD;
&#xD;
2019-09-19 06:41:48 - [TEST_STEP][PASSED] - scrollToElement(findTestObject("Pages/Transaction_Management/invoice_ForTransaction"), 5): Scroll to object 'Object Repository/Pages/Transaction_Management/invoice_ForTransaction' successfully&#xD;
&#xD;
2019-09-19 06:41:49 - [MESSAGE][PASSED] - Scroll to object 'Object Repository/Pages/Transaction_Management/invoice_ForTransaction' successfully&#xD;
&#xD;
2019-09-19 06:41:49 - [TEST_STEP][PASSED] - pages.FirstPayVault.verifyInvoiceRecord(findTestObject("Pages/FirstPayVault/footer_NextButton"), findTestObject("Pages/FirstPayVault/page_Number"), vaultReference): The Vault is found in page 1&#xD;
&#xD;
2019-09-19 06:41:49 - [MESSAGE][PASSED] - Text of object 'Object Repository/Pages/FirstPayVault/page_Number' is: 'Page 1 of 12'&#xD;
&#xD;
2019-09-19 06:41:49 - [MESSAGE][PASSED] - The Vault is found in page 1&#xD;
&#xD;
2019-09-19 06:41:50 - [TEST_STEP][PASSED] - delay(2): Delayed 2 second(s)&#xD;
&#xD;
2019-09-19 06:41:52 - [MESSAGE][PASSED] - Delayed 2 second(s)&#xD;
&#xD;
2019-09-19 06:41:52 - [TEST_STEP][PASSED] - pages.FirstPayVault.clickOnDelete(findTestObject("Pages/FirstPayVault/footer_NextButton"), findTestObject("Pages/FirstPayVault/page_Number"), findTestObject("Pages/FirstPayVault/button_deleteFromVault"), vaultReference): Object: 'Object Repository/Pages/FirstPayVault/button_deleteFromVault' is clicked on&#xD;
&#xD;
2019-09-19 06:41:52 - [MESSAGE][PASSED] - Text of object 'Object Repository/Pages/FirstPayVault/page_Number' is: 'Page 1 of 12'&#xD;
&#xD;
2019-09-19 06:41:52 - [MESSAGE][PASSED] - The Vault is found in page 1&#xD;
&#xD;
2019-09-19 06:41:54 - [MESSAGE][PASSED] - Delayed 2 second(s)&#xD;
&#xD;
2019-09-19 06:41:58 - [MESSAGE][PASSED] - Delayed 4 second(s)&#xD;
&#xD;
2019-09-19 06:42:03 - [MESSAGE][PASSED] - Delayed 4 second(s)&#xD;
&#xD;
2019-09-19 06:42:04 - [MESSAGE][PASSED] - Object: 'Object Repository/Pages/FirstPayVault/button_deleteFromVault' is clicked on&#xD;
&#xD;
2019-09-19 06:42:04 - [TEST_STEP][PASSED] - delay(delayBetweenTestSteps): Delayed 3 second(s)&#xD;
&#xD;
2019-09-19 06:42:07 - [MESSAGE][PASSED] - Delayed 3 second(s)&#xD;
&#xD;
2019-09-19 06:42:07 - [TEST_STEP][PASSED] - deleteVaultPopupMessage = utilities.SafeActions.safeGetText(findTestObject("Pages/FirstPayVault/alertMessageAfterDeleteVault"), delayBetweenTestSteps): utilities.SafeActions.safeGetText is PASSED&#xD;
&#xD;
2019-09-19 06:42:07 - [MESSAGE][PASSED] - Object 'Object Repository/Pages/FirstPayVault/alertMessageAfterDeleteVault' is present&#xD;
&#xD;
2019-09-19 06:42:07 - [MESSAGE][PASSED] - Text of object 'Object Repository/Pages/FirstPayVault/alertMessageAfterDeleteVault' is: 'Vault Deletion successfully completed'&#xD;
&#xD;
2019-09-19 06:42:07 - [MESSAGE][PASSED] - utilities.SafeActions.safeGetText is PASSED&#xD;
&#xD;
2019-09-19 06:42:07 - [TEST_STEP][PASSED] - utilities.SafeActions.verifyPopupMessage("Vault Deletion successfully completed", deleteVaultPopupMessage): Popup Message : Vault Deletion successfully completed matched with expected message : Vault Deletion successfully completed&#xD;
&#xD;
2019-09-19 06:42:07 - [MESSAGE][PASSED] - Popup Message : Vault Deletion successfully completed matched with expected message : Vault Deletion successfully completed&#xD;
&#xD;
2019-09-19 06:42:07 - [TEST_STEP][PASSED] - utilities.SafeActions.safeClickWithoutScroll(findTestObject("Pages/FirstPayVault/closeLocatorForDeletePopupMessage"), "Click on Close button", [5]): utilities.SafeActions.safeClickWithoutScroll is PASSED&#xD;
&#xD;
2019-09-19 06:42:07 - [MESSAGE][INFO] - Safe Click Without scroll&#xD;
&#xD;
2019-09-19 06:42:07 - [MESSAGE][INFO] - 1stPayVault.ts:waiting until Click on Close button is Clickable&#xD;
&#xD;
2019-09-19 06:42:07 - [MESSAGE][PASSED] - Object 'Object Repository/Pages/FirstPayVault/closeLocatorForDeletePopupMessage' is clickable&#xD;
&#xD;
2019-09-19 06:42:07 - [MESSAGE][PASSED] - Object 'Object Repository/Pages/FirstPayVault/closeLocatorForDeletePopupMessage' is visible&#xD;
&#xD;
2019-09-19 06:42:08 - [MESSAGE][PASSED] - Object: 'Object Repository/Pages/FirstPayVault/closeLocatorForDeletePopupMessage' is clicked on&#xD;
&#xD;
2019-09-19 06:42:08 - [MESSAGE][INFO] - 1stPayVault.ts: click on the Click on Close button&#xD;
&#xD;
2019-09-19 06:42:08 - [MESSAGE][PASSED] - utilities.SafeActions.safeClickWithoutScroll is PASSED&#xD;
&#xD;
2019-09-19 06:42:08 - [TEST_STEP][PASSED] - closeBrowser(): Browser is closed&#xD;
&#xD;
2019-09-19 06:42:09 - [MESSAGE][PASSED] - Browser is closed&#xD;
&#xD;
2019-09-19 06:42:09 - [TEST_STEP][PASSED] - Start listener action : sampleAfterTestCase: null</system-out>
            <system-err></system-err>
        </testcase>
        <system-out>2019-09-19 06:36:27 - [TEST_SUITE][INCOMPLETE] - 1stPayVault: null</system-out>
        <system-err>2019-09-19 06:36:27 - [TEST_SUITE][INCOMPLETE] - 1stPayVault: null</system-err>
    </testsuite>
</testsuites>
