<?xml version="1.0" encoding="UTF-8" standalone="yes"?>
<testsuites name="1stPayVault" time="722" tests="9" failures="0" errors="0">
    <testsuite name="1stPayVault" tests="9" failures="0" errors="0" time="722" timestamp="2019-10-30 10:51:50" hostname="venkata.annam - FW1-D-DTA-ZENQ1" id="Test Suites/FirstView/1stPayVault">
        <properties>
            <property name="deviceName" value=""/>
            <property name="devicePlatform" value=""/>
            <property name="logFolder" value="C:\\VPOS_GIT\\VPOS_Internal\\Reports\\20191030_105143\\FirstView\\1stPayVault\\20191030_105143"/>
            <property name="logFiles" value="C:\\VPOS_GIT\\VPOS_Internal\\Reports\\20191030_105143\\FirstView\\1stPayVault\\20191030_105143\\execution0.log"/>
            <property name="attachments" value=""/>
            <property name="hostName" value="venkata.annam - FW1-D-DTA-ZENQ1"/>
            <property name="os" value="Windows 10 64bit"/>
            <property name="katalonVersion" value="6.3.2.4"/>
            <property name="browser" value="Firefox 68.0"/>
            <property name="hostAddress" value="172.25.52.168"/>
            <property name="sessionId" value="92c1987d-633d-4d62-9dc0-ba24e7928071"/>
            <property name="seleniumVersion" value="3.141.59"/>
            <property name="proxyInformation" value="ProxyInformation{proxyOption=NO_PROXY, proxyServerType=HTTP, password=, proxyServerAddress=, proxyServerPort=0}"/>
            <property name="platform" value="Windows 10"/>
        </properties>
        <testcase name="Test Cases/FirstView/FirstPayVault/TC_1st_Pay_Vault_001" classname="Test Cases/FirstView/FirstPayVault/TC_1st_Pay_Vault_001" status="PASSED">
            <system-out>2019-10-30 10:51:51 - [TEST_CASE][PASSED] - Test Cases/FirstView/FirstPayVault/TC_1st_Pay_Vault_001: Test Cases/FirstView/FirstPayVault/TC_1st_Pay_Vault_001&#xD;
&#xD;
2019-10-30 10:51:52 - [TEST_STEP][PASSED] - Start listener action : sampleBeforeTestCase: null&#xD;
&#xD;
2019-10-30 10:51:52 - [TEST_STEP][PASSED] - println(testCaseContext.getTestCaseId()): null&#xD;
&#xD;
2019-10-30 10:51:52 - [TEST_STEP][PASSED] - println(testCaseContext.getTestCaseVariables()): null&#xD;
&#xD;
2019-10-30 10:51:53 - [TEST_STEP][NOT_RUN] - utilities.SafeActions.openBrowser(Old_URL, [PageLoadTime]): NOT_RUN: utilities.SafeActions.openBrowser(Old_URL, [PageLoadTime])&#xD;
&#xD;
2019-10-30 10:51:53 - [MESSAGE][NOT_RUN] - NOT_RUN: utilities.SafeActions.openBrowser(Old_URL, [PageLoadTime])&#xD;
&#xD;
2019-10-30 10:51:53 - [TEST_STEP][NOT_RUN] - delay(6): NOT_RUN: delay(6)&#xD;
&#xD;
2019-10-30 10:51:53 - [MESSAGE][NOT_RUN] - NOT_RUN: delay(6)&#xD;
&#xD;
2019-10-30 10:51:53 - [TEST_STEP][NOT_RUN] - utilities.SafeActions.safeSelectOptionInDropDownByVisibleText(findTestObject("Pages/Sale/dropDown_AccountType"), "ranjanatest2 - 888814981372/001 Account Type: Retail", "Select by Value", [25]): NOT_RUN: utilities.SafeActions.safeSelectOptionInDropDownByVisibleText(findTestObject("Pages/Sale/dropDown_AccountType"), "ranjanatest2 - 888814981372/001 Account Type: Retail", "Select by Value", [25])&#xD;
&#xD;
2019-10-30 10:51:53 - [MESSAGE][NOT_RUN] - NOT_RUN: utilities.SafeActions.safeSelectOptionInDropDownByVisibleText(findTestObject("Pages/Sale/dropDown_AccountType"), "ranjanatest2 - 888814981372/001 Account Type: Retail", "Select by Value", [25])&#xD;
&#xD;
2019-10-30 10:51:53 - [TEST_STEP][PASSED] - utilities.SafeActions.openBrowser(URL, [PageLoadTime]): utilities.SafeActions.openBrowser is PASSED&#xD;
&#xD;
2019-10-30 10:51:53 - [MESSAGE][INFO] - Opening Browser&#xD;
&#xD;
2019-10-30 10:51:54 - [MESSAGE][INFO] - Starting 'Firefox' driver&#xD;
&#xD;
2019-10-30 10:51:54 - [MESSAGE][INFO] - Action delay is set to 0 seconds&#xD;
&#xD;
2019-10-30 10:52:11 - [MESSAGE][PASSED] - Browser is opened with url: 'https://q-www-firstview-net.faps.net/MVC/Account/Login'&#xD;
&#xD;
2019-10-30 10:52:11 - [MESSAGE][PASSED] - Current window maximized&#xD;
&#xD;
2019-10-30 10:52:11 - [MESSAGE][INFO] - Browser Launched Successfully&#xD;
&#xD;
2019-10-30 10:52:11 - [MESSAGE][PASSED] - utilities.SafeActions.openBrowser is PASSED&#xD;
&#xD;
2019-10-30 10:52:11 - [TEST_STEP][PASSED] - pages.Login.login(uName, password): pages.Login.login is PASSED&#xD;
&#xD;
2019-10-30 10:52:11 - [MESSAGE][PASSED] - Object 'Object Repository/Pages/Login/userName' is present&#xD;
&#xD;
2019-10-30 10:52:11 - [MESSAGE][PASSED] - Scroll to object 'Object Repository/Pages/Login/userName' successfully&#xD;
&#xD;
2019-10-30 10:52:11 - [MESSAGE][PASSED] - Object 'Object Repository/Pages/Login/userName' is present&#xD;
&#xD;
2019-10-30 10:52:12 - [MESSAGE][PASSED] - Object: 'Object Repository/Pages/Login/userName' is clicked on&#xD;
&#xD;
2019-10-30 10:52:12 - [MESSAGE][PASSED] - Text 'ZenQRetail' is set on object 'Object Repository/Pages/Login/userName'&#xD;
&#xD;
2019-10-30 10:52:13 - [MESSAGE][PASSED] - Object 'Object Repository/Pages/Login/password' is present&#xD;
&#xD;
2019-10-30 10:52:13 - [MESSAGE][PASSED] - Scroll to object 'Object Repository/Pages/Login/password' successfully&#xD;
&#xD;
2019-10-30 10:52:13 - [MESSAGE][PASSED] - Object 'Object Repository/Pages/Login/password' is present&#xD;
&#xD;
2019-10-30 10:52:14 - [MESSAGE][PASSED] - Object: 'Object Repository/Pages/Login/password' is clicked on&#xD;
&#xD;
2019-10-30 10:52:14 - [MESSAGE][PASSED] - Text 'P@ssword1' is set on object 'Object Repository/Pages/Login/password'&#xD;
&#xD;
2019-10-30 10:52:14 - [MESSAGE][INFO] - Safe Click Without scroll&#xD;
&#xD;
2019-10-30 10:52:14 - [MESSAGE][INFO] - 1stPayVault.ts:waiting until Click on Login is Clickable&#xD;
&#xD;
2019-10-30 10:52:14 - [MESSAGE][PASSED] - Object 'Object Repository/Pages/Login/login' is clickable&#xD;
&#xD;
2019-10-30 10:52:14 - [MESSAGE][PASSED] - Object 'Object Repository/Pages/Login/login' is visible&#xD;
&#xD;
2019-10-30 10:52:17 - [MESSAGE][PASSED] - Object: 'Object Repository/Pages/Login/login' is clicked on&#xD;
&#xD;
2019-10-30 10:52:17 - [MESSAGE][INFO] - 1stPayVault.ts: click on the Click on Login&#xD;
&#xD;
2019-10-30 10:52:17 - [MESSAGE][PASSED] - pages.Login.login is PASSED&#xD;
&#xD;
2019-10-30 10:52:17 - [TEST_STEP][PASSED] - callTestCase(findTestCase("FirstView/Login/TC_SendCode"), [:], STOP_ON_FAILURE): Call Test Case 'Test Cases/FirstView/Login/TC_SendCode' successfully&#xD;
&#xD;
2019-10-30 10:52:17 - [TEST_CASE][PASSED] - Test Cases/FirstView/Login/TC_SendCode: Test Cases/FirstView/Login/TC_SendCode&#xD;
&#xD;
2019-10-30 10:52:18 - [TEST_STEP][PASSED] - flag = pages.SendCode.verifyPage(): pages.SendCode.verifyPage is PASSED&#xD;
&#xD;
2019-10-30 10:52:18 - [MESSAGE][PASSED] - Object 'Object Repository/Pages/SendCodeToValidate/header_SendCodeToValidate' is present and visible in viewport&#xD;
&#xD;
2019-10-30 10:52:18 - [MESSAGE][PASSED] - pages.SendCode.verifyPage is PASSED&#xD;
&#xD;
2019-10-30 10:52:18 - [TEST_STEP][PASSED] - if (flag): pages.SendCode.clickonUserSettings is PASSED&#xD;
&#xD;
2019-10-30 10:52:18 - [TEST_STEP][PASSED] - pages.SendCode.clickonUserSettings(): pages.SendCode.clickonUserSettings is PASSED&#xD;
&#xD;
2019-10-30 10:52:18 - [MESSAGE][PASSED] - Object 'Object Repository/Pages/SendCodeToValidate/link_UserSettings' is present&#xD;
&#xD;
2019-10-30 10:52:18 - [MESSAGE][PASSED] - Object 'Object Repository/Pages/SendCodeToValidate/link_UserSettings' is visible&#xD;
&#xD;
2019-10-30 10:52:18 - [MESSAGE][INFO] - 1stPayVault.ts:waiting until Click on User Settings is Clickable&#xD;
&#xD;
2019-10-30 10:52:18 - [MESSAGE][PASSED] - Object 'Object Repository/Pages/SendCodeToValidate/link_UserSettings' is clickable&#xD;
&#xD;
2019-10-30 10:52:18 - [MESSAGE][PASSED] - Object 'Object Repository/Pages/SendCodeToValidate/link_UserSettings' is visible&#xD;
&#xD;
2019-10-30 10:52:21 - [MESSAGE][PASSED] - Object: 'Object Repository/Pages/SendCodeToValidate/link_UserSettings' is clicked on&#xD;
&#xD;
2019-10-30 10:52:21 - [MESSAGE][INFO] - 1stPayVault.ts: Clicked on the Click on User Settings&#xD;
&#xD;
2019-10-30 10:52:21 - [MESSAGE][PASSED] - pages.SendCode.clickonUserSettings is PASSED&#xD;
&#xD;
2019-10-30 10:52:21 - [MESSAGE][PASSED] - Call Test Case 'Test Cases/FirstView/Login/TC_SendCode' successfully&#xD;
&#xD;
2019-10-30 10:52:21 - [TEST_STEP][PASSED] - callTestCase(findTestCase("FirstView/Login/TC_FirstView"), [:], STOP_ON_FAILURE): Call Test Case 'Test Cases/FirstView/Login/TC_FirstView' successfully&#xD;
&#xD;
2019-10-30 10:52:21 - [TEST_CASE][PASSED] - Test Cases/FirstView/Login/TC_FirstView: Test Cases/FirstView/Login/TC_FirstView&#xD;
&#xD;
2019-10-30 10:52:21 - [TEST_STEP][NOT_RUN] - utilities.SafeActions.safeClickWithoutScroll(findTestObject("Pages/FirstView/link_Home"), "Click on Home button in First View screen", [PageLoadTime]): NOT_RUN: utilities.SafeActions.safeClickWithoutScroll(findTestObject("Pages/FirstView/link_Home"), "Click on Home button in First View screen", [PageLoadTime])&#xD;
&#xD;
2019-10-30 10:52:21 - [MESSAGE][NOT_RUN] - NOT_RUN: utilities.SafeActions.safeClickWithoutScroll(findTestObject("Pages/FirstView/link_Home"), "Click on Home button in First View screen", [PageLoadTime])&#xD;
&#xD;
2019-10-30 10:52:21 - [TEST_STEP][PASSED] - delay(3): Delayed 3 second(s)&#xD;
&#xD;
2019-10-30 10:52:24 - [MESSAGE][PASSED] - Delayed 3 second(s)&#xD;
&#xD;
2019-10-30 10:52:24 - [TEST_STEP][PASSED] - utilities.SafeActions.javascriptclick(findTestObject("Pages/FirstView/link_Home"), delayForElement): utilities.SafeActions.javascriptclick is PASSED&#xD;
&#xD;
2019-10-30 10:52:24 - [MESSAGE][PASSED] - utilities.SafeActions.javascriptclick is PASSED&#xD;
&#xD;
2019-10-30 10:52:24 - [TEST_STEP][PASSED] - utilities.SafeActions.safeClickWithoutScroll(findTestObject("Pages/FirstView/link_VPOS"), "Click on VPOS button in First View screen", [PageLoadTime]): utilities.SafeActions.safeClickWithoutScroll is PASSED&#xD;
&#xD;
2019-10-30 10:52:25 - [MESSAGE][INFO] - Safe Click Without scroll&#xD;
&#xD;
2019-10-30 10:52:25 - [MESSAGE][INFO] - 1stPayVault.ts:waiting until Click on VPOS button in First View screen is Clickable&#xD;
&#xD;
2019-10-30 10:52:26 - [MESSAGE][PASSED] - Object 'Object Repository/Pages/FirstView/link_VPOS' is clickable&#xD;
&#xD;
2019-10-30 10:52:26 - [MESSAGE][PASSED] - Object 'Object Repository/Pages/FirstView/link_VPOS' is visible&#xD;
&#xD;
2019-10-30 10:52:27 - [MESSAGE][PASSED] - Object: 'Object Repository/Pages/FirstView/link_VPOS' is clicked on&#xD;
&#xD;
2019-10-30 10:52:27 - [MESSAGE][INFO] - 1stPayVault.ts: click on the Click on VPOS button in First View screen&#xD;
&#xD;
2019-10-30 10:52:27 - [MESSAGE][PASSED] - utilities.SafeActions.safeClickWithoutScroll is PASSED&#xD;
&#xD;
2019-10-30 10:52:27 - [MESSAGE][PASSED] - Call Test Case 'Test Cases/FirstView/Login/TC_FirstView' successfully&#xD;
&#xD;
2019-10-30 10:52:27 - [TEST_STEP][PASSED] - switchToWindowTitle("Transcenter - VPOS"): Switched to window with title: 'Transcenter - VPOS'&#xD;
&#xD;
2019-10-30 10:52:32 - [MESSAGE][PASSED] - Switched to window with title: 'Transcenter - VPOS'&#xD;
&#xD;
2019-10-30 10:52:32 - [TEST_STEP][PASSED] - focus(findTestObject("Pages/FirstPayVault/tab_FirstPayVault")): Object: 'Object Repository/Pages/FirstPayVault/tab_FirstPayVault' is focused&#xD;
&#xD;
2019-10-30 10:52:35 - [MESSAGE][PASSED] - Object: 'Object Repository/Pages/FirstPayVault/tab_FirstPayVault' is focused&#xD;
&#xD;
2019-10-30 10:52:35 - [TEST_STEP][PASSED] - utilities.SafeActions.javascriptclick(findTestObject("Pages/FirstPayVault/tab_FirstPayVault"), PageLoadTime): utilities.SafeActions.javascriptclick is PASSED&#xD;
&#xD;
2019-10-30 10:52:35 - [MESSAGE][PASSED] - utilities.SafeActions.javascriptclick is PASSED&#xD;
&#xD;
2019-10-30 10:52:35 - [TEST_STEP][PASSED] - delay(delayForElement): Delayed 6 second(s)&#xD;
&#xD;
2019-10-30 10:52:41 - [MESSAGE][PASSED] - Delayed 6 second(s)&#xD;
&#xD;
2019-10-30 10:52:41 - [TEST_STEP][PASSED] - utilities.SafeActions.safeClickWithoutScroll(findTestObject("Pages/FirstPayVault/tab_FirstPayVault"), "Click on FistPayVault tab", [delayForElement]): utilities.SafeActions.safeClickWithoutScroll is PASSED&#xD;
&#xD;
2019-10-30 10:52:41 - [MESSAGE][INFO] - Safe Click Without scroll&#xD;
&#xD;
2019-10-30 10:52:41 - [MESSAGE][INFO] - 1stPayVault.ts:waiting until Click on FistPayVault tab is Clickable&#xD;
&#xD;
2019-10-30 10:52:41 - [MESSAGE][PASSED] - Object 'Object Repository/Pages/FirstPayVault/tab_FirstPayVault' is clickable&#xD;
&#xD;
2019-10-30 10:52:42 - [MESSAGE][PASSED] - Object 'Object Repository/Pages/FirstPayVault/tab_FirstPayVault' is visible&#xD;
&#xD;
2019-10-30 10:52:42 - [MESSAGE][PASSED] - Object: 'Object Repository/Pages/FirstPayVault/tab_FirstPayVault' is clicked on&#xD;
&#xD;
2019-10-30 10:52:42 - [MESSAGE][INFO] - 1stPayVault.ts: click on the Click on FistPayVault tab&#xD;
&#xD;
2019-10-30 10:52:42 - [MESSAGE][PASSED] - utilities.SafeActions.safeClickWithoutScroll is PASSED&#xD;
&#xD;
2019-10-30 10:52:42 - [TEST_STEP][PASSED] - utilities.SafeActions.safeClickWithoutScroll(findTestObject("Pages/FirstPayVault/button_CreateVault"), "Click on CreateVault button", [PageLoadTime]): utilities.SafeActions.safeClickWithoutScroll is PASSED&#xD;
&#xD;
2019-10-30 10:52:43 - [MESSAGE][INFO] - Safe Click Without scroll&#xD;
&#xD;
2019-10-30 10:52:43 - [MESSAGE][INFO] - 1stPayVault.ts:waiting until Click on CreateVault button is Clickable&#xD;
&#xD;
2019-10-30 10:52:43 - [MESSAGE][PASSED] - Object 'Object Repository/Pages/FirstPayVault/button_CreateVault' is clickable&#xD;
&#xD;
2019-10-30 10:52:43 - [MESSAGE][PASSED] - Object 'Object Repository/Pages/FirstPayVault/button_CreateVault' is visible&#xD;
&#xD;
2019-10-30 10:52:44 - [MESSAGE][PASSED] - Object: 'Object Repository/Pages/FirstPayVault/button_CreateVault' is clicked on&#xD;
&#xD;
2019-10-30 10:52:44 - [MESSAGE][INFO] - 1stPayVault.ts: click on the Click on CreateVault button&#xD;
&#xD;
2019-10-30 10:52:44 - [MESSAGE][PASSED] - utilities.SafeActions.safeClickWithoutScroll is PASSED&#xD;
&#xD;
2019-10-30 10:52:44 - [TEST_STEP][PASSED] - vaultReference = utilities.SafeActions.timeWithMilliSeconds(): utilities.SafeActions.timeWithMilliSeconds is PASSED&#xD;
&#xD;
2019-10-30 10:52:44 - [MESSAGE][PASSED] - utilities.SafeActions.timeWithMilliSeconds is PASSED&#xD;
&#xD;
2019-10-30 10:52:44 - [TEST_STEP][PASSED] - utilities.SafeActions.safeType(findTestObject("Pages/FirstPayVault/input_VaultReferenceNumber"), vaultReference, "Entering Vault Reference Number", [PageLoadTime]): utilities.SafeActions.safeType is PASSED&#xD;
&#xD;
2019-10-30 10:52:44 - [MESSAGE][PASSED] - Object 'Object Repository/Pages/FirstPayVault/input_VaultReferenceNumber' is present&#xD;
&#xD;
2019-10-30 10:52:44 - [MESSAGE][PASSED] - Scroll to object 'Object Repository/Pages/FirstPayVault/input_VaultReferenceNumber' successfully&#xD;
&#xD;
2019-10-30 10:52:44 - [MESSAGE][PASSED] - Object 'Object Repository/Pages/FirstPayVault/input_VaultReferenceNumber' is present&#xD;
&#xD;
2019-10-30 10:52:45 - [MESSAGE][PASSED] - Object: 'Object Repository/Pages/FirstPayVault/input_VaultReferenceNumber' is clicked on&#xD;
&#xD;
2019-10-30 10:52:45 - [MESSAGE][PASSED] - Text '2019-10-30 10:52:44.327' is set on object 'Object Repository/Pages/FirstPayVault/input_VaultReferenceNumber'&#xD;
&#xD;
2019-10-30 10:52:45 - [MESSAGE][PASSED] - utilities.SafeActions.safeType is PASSED&#xD;
&#xD;
2019-10-30 10:52:45 - [TEST_STEP][PASSED] - utilities.SafeActions.safeType(findTestObject("Pages/FirstPayVault/input_CreditCardNumber"), visaCardNumber, "Entering Card Number", [PageLoadTime]): utilities.SafeActions.safeType is PASSED&#xD;
&#xD;
2019-10-30 10:52:45 - [MESSAGE][PASSED] - Object 'Object Repository/Pages/FirstPayVault/input_CreditCardNumber' is present&#xD;
&#xD;
2019-10-30 10:52:45 - [MESSAGE][PASSED] - Scroll to object 'Object Repository/Pages/FirstPayVault/input_CreditCardNumber' successfully&#xD;
&#xD;
2019-10-30 10:52:45 - [MESSAGE][PASSED] - Object 'Object Repository/Pages/FirstPayVault/input_CreditCardNumber' is present&#xD;
&#xD;
2019-10-30 10:52:46 - [MESSAGE][PASSED] - Object: 'Object Repository/Pages/FirstPayVault/input_CreditCardNumber' is clicked on&#xD;
&#xD;
2019-10-30 10:52:46 - [MESSAGE][PASSED] - Text '4111111111111111' is set on object 'Object Repository/Pages/FirstPayVault/input_CreditCardNumber'&#xD;
&#xD;
2019-10-30 10:52:46 - [MESSAGE][PASSED] - utilities.SafeActions.safeType is PASSED&#xD;
&#xD;
2019-10-30 10:52:46 - [TEST_STEP][PASSED] - utilities.SafeActions.safeSelectOptionInDropDownByVisibleText(findTestObject("Pages/FirstPayVault/dropDown_ExpirationMonth"), cardMonth, "Expiration Month", [PageLoadTime]): utilities.SafeActions.safeSelectOptionInDropDownByVisibleText is PASSED&#xD;
&#xD;
2019-10-30 10:52:47 - [MESSAGE][PASSED] - Object 'Object Repository/Pages/FirstPayVault/dropDown_ExpirationMonth' is visible&#xD;
&#xD;
2019-10-30 10:52:47 - [MESSAGE][PASSED] - Object 'Object Repository/Pages/FirstPayVault/dropDown_ExpirationMonth' is present&#xD;
&#xD;
2019-10-30 10:52:47 - [MESSAGE][PASSED] - Object: 'Object Repository/Pages/FirstPayVault/dropDown_ExpirationMonth' is clicked on&#xD;
&#xD;
2019-10-30 10:52:48 - [MESSAGE][PASSED] - All options with label 'September' are selected in object 'Object Repository/Pages/FirstPayVault/dropDown_ExpirationMonth' &#xD;
&#xD;
2019-10-30 10:52:48 - [MESSAGE][PASSED] - utilities.SafeActions.safeSelectOptionInDropDownByVisibleText is PASSED&#xD;
&#xD;
2019-10-30 10:52:48 - [TEST_STEP][PASSED] - utilities.SafeActions.safeSelectOptionInDropDownByVisibleText(findTestObject("Pages/FirstPayVault/dropDown_ExpirationYear"), cardYear, "year", [PageLoadTime]): utilities.SafeActions.safeSelectOptionInDropDownByVisibleText is PASSED&#xD;
&#xD;
2019-10-30 10:52:48 - [MESSAGE][PASSED] - Object 'Object Repository/Pages/FirstPayVault/dropDown_ExpirationYear' is visible&#xD;
&#xD;
2019-10-30 10:52:48 - [MESSAGE][PASSED] - Object 'Object Repository/Pages/FirstPayVault/dropDown_ExpirationYear' is present&#xD;
&#xD;
2019-10-30 10:52:49 - [MESSAGE][PASSED] - Object: 'Object Repository/Pages/FirstPayVault/dropDown_ExpirationYear' is clicked on&#xD;
&#xD;
2019-10-30 10:52:49 - [MESSAGE][PASSED] - All options with label '2023' are selected in object 'Object Repository/Pages/FirstPayVault/dropDown_ExpirationYear' &#xD;
&#xD;
2019-10-30 10:52:49 - [MESSAGE][PASSED] - utilities.SafeActions.safeSelectOptionInDropDownByVisibleText is PASSED&#xD;
&#xD;
2019-10-30 10:52:49 - [TEST_STEP][PASSED] - utilities.SafeActions.safeType(findTestObject("Pages/FirstPayVault/input_ContactName"), contactName, "Enter Contact Name", [PageLoadTime]): utilities.SafeActions.safeType is PASSED&#xD;
&#xD;
2019-10-30 10:52:49 - [MESSAGE][PASSED] - Object 'Object Repository/Pages/FirstPayVault/input_ContactName' is present&#xD;
&#xD;
2019-10-30 10:52:49 - [MESSAGE][PASSED] - Scroll to object 'Object Repository/Pages/FirstPayVault/input_ContactName' successfully&#xD;
&#xD;
2019-10-30 10:52:49 - [MESSAGE][PASSED] - Object 'Object Repository/Pages/FirstPayVault/input_ContactName' is present&#xD;
&#xD;
2019-10-30 10:52:50 - [MESSAGE][PASSED] - Object: 'Object Repository/Pages/FirstPayVault/input_ContactName' is clicked on&#xD;
&#xD;
2019-10-30 10:52:51 - [MESSAGE][PASSED] - Text 'Venkata Sai' is set on object 'Object Repository/Pages/FirstPayVault/input_ContactName'&#xD;
&#xD;
2019-10-30 10:52:51 - [MESSAGE][PASSED] - utilities.SafeActions.safeType is PASSED&#xD;
&#xD;
2019-10-30 10:52:51 - [TEST_STEP][PASSED] - utilities.SafeActions.safeType(findTestObject("Pages/FirstPayVault/input_PostalCode"), postalCode, "Enter Postal Code", [PageLoadTime]): utilities.SafeActions.safeType is PASSED&#xD;
&#xD;
2019-10-30 10:52:51 - [MESSAGE][PASSED] - Object 'Object Repository/Pages/FirstPayVault/input_PostalCode' is present&#xD;
&#xD;
2019-10-30 10:52:51 - [MESSAGE][PASSED] - Scroll to object 'Object Repository/Pages/FirstPayVault/input_PostalCode' successfully&#xD;
&#xD;
2019-10-30 10:52:51 - [MESSAGE][PASSED] - Object 'Object Repository/Pages/FirstPayVault/input_PostalCode' is present&#xD;
&#xD;
2019-10-30 10:52:52 - [MESSAGE][PASSED] - Object: 'Object Repository/Pages/FirstPayVault/input_PostalCode' is clicked on&#xD;
&#xD;
2019-10-30 10:52:52 - [MESSAGE][PASSED] - Text '76102' is set on object 'Object Repository/Pages/FirstPayVault/input_PostalCode'&#xD;
&#xD;
2019-10-30 10:52:52 - [MESSAGE][PASSED] - utilities.SafeActions.safeType is PASSED&#xD;
&#xD;
2019-10-30 10:52:52 - [TEST_STEP][PASSED] - utilities.SafeActions.safeType(findTestObject("Pages/FirstPayVault/input_Address"), address, "Enter ddress", [PageLoadTime]): utilities.SafeActions.safeType is PASSED&#xD;
&#xD;
2019-10-30 10:52:52 - [MESSAGE][PASSED] - Object 'Object Repository/Pages/FirstPayVault/input_Address' is present&#xD;
&#xD;
2019-10-30 10:52:52 - [MESSAGE][PASSED] - Scroll to object 'Object Repository/Pages/FirstPayVault/input_Address' successfully&#xD;
&#xD;
2019-10-30 10:52:52 - [MESSAGE][PASSED] - Object 'Object Repository/Pages/FirstPayVault/input_Address' is present&#xD;
&#xD;
2019-10-30 10:52:53 - [MESSAGE][PASSED] - Object: 'Object Repository/Pages/FirstPayVault/input_Address' is clicked on&#xD;
&#xD;
2019-10-30 10:52:53 - [MESSAGE][PASSED] - Text 'Street123' is set on object 'Object Repository/Pages/FirstPayVault/input_Address'&#xD;
&#xD;
2019-10-30 10:52:53 - [MESSAGE][PASSED] - utilities.SafeActions.safeType is PASSED&#xD;
&#xD;
2019-10-30 10:52:53 - [TEST_STEP][PASSED] - utilities.SafeActions.safeCheckForElement(findTestObject("Pages/FirstPayVault/chekBox_AddShippingInformation"), PageLoadTime): utilities.SafeActions.safeCheckForElement is PASSED&#xD;
&#xD;
2019-10-30 10:52:53 - [MESSAGE][PASSED] - Object 'Object Repository/Pages/FirstPayVault/chekBox_AddShippingInformation' is present&#xD;
&#xD;
2019-10-30 10:52:54 - [MESSAGE][PASSED] - Object 'Object Repository/Pages/FirstPayVault/chekBox_AddShippingInformation' is visible&#xD;
&#xD;
2019-10-30 10:52:54 - [MESSAGE][PASSED] - Object 'Object Repository/Pages/FirstPayVault/chekBox_AddShippingInformation' is present&#xD;
&#xD;
2019-10-30 10:52:54 - [MESSAGE][PASSED] - Object 'Object Repository/Pages/FirstPayVault/chekBox_AddShippingInformation' is checked&#xD;
&#xD;
2019-10-30 10:52:54 - [MESSAGE][PASSED] - utilities.SafeActions.safeCheckForElement is PASSED&#xD;
&#xD;
2019-10-30 10:52:54 - [TEST_STEP][PASSED] - utilities.SafeActions.safeType(findTestObject("Pages/FirstPayVault/input_ShippingMethod"), shippingMethod, "Enter Shipping Method", [PageLoadTime]): utilities.SafeActions.safeType is PASSED&#xD;
&#xD;
2019-10-30 10:52:54 - [MESSAGE][PASSED] - Object 'Object Repository/Pages/FirstPayVault/input_ShippingMethod' is present&#xD;
&#xD;
2019-10-30 10:52:54 - [MESSAGE][PASSED] - Scroll to object 'Object Repository/Pages/FirstPayVault/input_ShippingMethod' successfully&#xD;
&#xD;
2019-10-30 10:52:55 - [MESSAGE][PASSED] - Object 'Object Repository/Pages/FirstPayVault/input_ShippingMethod' is present&#xD;
&#xD;
2019-10-30 10:52:55 - [MESSAGE][PASSED] - Object: 'Object Repository/Pages/FirstPayVault/input_ShippingMethod' is clicked on&#xD;
&#xD;
2019-10-30 10:52:55 - [MESSAGE][PASSED] - Text 'DTDC' is set on object 'Object Repository/Pages/FirstPayVault/input_ShippingMethod'&#xD;
&#xD;
2019-10-30 10:52:55 - [MESSAGE][PASSED] - utilities.SafeActions.safeType is PASSED&#xD;
&#xD;
2019-10-30 10:52:55 - [TEST_STEP][PASSED] - utilities.SafeActions.safeCheckForElement(findTestObject("Pages/FirstPayVault/checkbox_SameAsBillingInformation"), PageLoadTime): utilities.SafeActions.safeCheckForElement is PASSED&#xD;
&#xD;
2019-10-30 10:52:56 - [MESSAGE][PASSED] - Object 'Object Repository/Pages/FirstPayVault/checkbox_SameAsBillingInformation' is present&#xD;
&#xD;
2019-10-30 10:52:56 - [MESSAGE][PASSED] - Object 'Object Repository/Pages/FirstPayVault/checkbox_SameAsBillingInformation' is visible&#xD;
&#xD;
2019-10-30 10:52:56 - [MESSAGE][PASSED] - Object 'Object Repository/Pages/FirstPayVault/checkbox_SameAsBillingInformation' is present&#xD;
&#xD;
2019-10-30 10:52:56 - [MESSAGE][PASSED] - Object 'Object Repository/Pages/FirstPayVault/checkbox_SameAsBillingInformation' is checked&#xD;
&#xD;
2019-10-30 10:52:56 - [MESSAGE][PASSED] - utilities.SafeActions.safeCheckForElement is PASSED&#xD;
&#xD;
2019-10-30 10:52:56 - [TEST_STEP][PASSED] - utilities.SafeActions.safeClickwithScroll(findTestObject("Pages/FirstPayVault/button_Create"), "Click on Create Button", [PageLoadTime]): utilities.SafeActions.safeClickwithScroll is PASSED&#xD;
&#xD;
2019-10-30 10:52:57 - [MESSAGE][PASSED] - Object 'Object Repository/Pages/FirstPayVault/button_Create' is present&#xD;
&#xD;
2019-10-30 10:52:57 - [MESSAGE][PASSED] - Object 'Object Repository/Pages/FirstPayVault/button_Create' is visible&#xD;
&#xD;
2019-10-30 10:52:57 - [MESSAGE][INFO] - 1stPayVault.ts:waiting until Click on Create Button is Clickable&#xD;
&#xD;
2019-10-30 10:52:57 - [MESSAGE][PASSED] - Object 'Object Repository/Pages/FirstPayVault/button_Create' is clickable&#xD;
&#xD;
2019-10-30 10:52:57 - [MESSAGE][PASSED] - Object 'Object Repository/Pages/FirstPayVault/button_Create' is visible&#xD;
&#xD;
2019-10-30 10:52:58 - [MESSAGE][PASSED] - Object: 'Object Repository/Pages/FirstPayVault/button_Create' is clicked on&#xD;
&#xD;
2019-10-30 10:52:58 - [MESSAGE][INFO] - 1stPayVault.ts: Clicked on the Click on Create Button&#xD;
&#xD;
2019-10-30 10:52:58 - [MESSAGE][PASSED] - utilities.SafeActions.safeClickwithScroll is PASSED&#xD;
&#xD;
2019-10-30 10:52:58 - [TEST_STEP][NOT_RUN] - delay(2): NOT_RUN: delay(2)&#xD;
&#xD;
2019-10-30 10:52:58 - [MESSAGE][NOT_RUN] - NOT_RUN: delay(2)&#xD;
&#xD;
2019-10-30 10:52:58 - [TEST_STEP][PASSED] - popupSavedToVaultMessage = utilities.SafeActions.safeGetText(findTestObject("Pages/FirstPayVault/popup_SavedToVaultMessage"), elementTime): utilities.SafeActions.safeGetText is PASSED&#xD;
&#xD;
2019-10-30 10:52:58 - [MESSAGE][PASSED] - Object 'Object Repository/Pages/FirstPayVault/popup_SavedToVaultMessage' is present&#xD;
&#xD;
2019-10-30 10:52:58 - [MESSAGE][PASSED] - Scroll to object 'Object Repository/Pages/FirstPayVault/popup_SavedToVaultMessage' successfully&#xD;
&#xD;
2019-10-30 10:52:58 - [MESSAGE][PASSED] - Object 'Object Repository/Pages/FirstPayVault/popup_SavedToVaultMessage' is present&#xD;
&#xD;
2019-10-30 10:52:59 - [MESSAGE][PASSED] - Text of object 'Object Repository/Pages/FirstPayVault/popup_SavedToVaultMessage' is: 'Successfully Saved to Vault'&#xD;
&#xD;
2019-10-30 10:52:59 - [MESSAGE][PASSED] - utilities.SafeActions.safeGetText is PASSED&#xD;
&#xD;
2019-10-30 10:52:59 - [TEST_STEP][PASSED] - flag = utilities.SafeActions.verifyPopupMessage("Successfully Saved to Vault", popupSavedToVaultMessage): Popup Message : Successfully Saved to Vault matched with expected message : Successfully Saved to Vault&#xD;
&#xD;
2019-10-30 10:52:59 - [MESSAGE][PASSED] - Popup Message : Successfully Saved to Vault matched with expected message : Successfully Saved to Vault&#xD;
&#xD;
2019-10-30 10:52:59 - [TEST_STEP][PASSED] - closeBrowser(): Browser is closed&#xD;
&#xD;
2019-10-30 10:53:01 - [MESSAGE][PASSED] - Browser is closed&#xD;
&#xD;
2019-10-30 10:53:01 - [TEST_STEP][PASSED] - Start listener action : sampleAfterTestCase: null&#xD;
&#xD;
2019-10-30 10:53:01 - [TEST_STEP][PASSED] - println(testCaseContext.getTestCaseId()): null&#xD;
&#xD;
2019-10-30 10:53:01 - [TEST_STEP][PASSED] - println(testCaseContext.getTestCaseStatus()): null&#xD;
&#xD;
2019-10-30 10:53:01 - [TEST_STEP][PASSED] - testCaseName = testCaseContext.getTestCaseId(): null&#xD;
&#xD;
2019-10-30 10:53:01 - [TEST_STEP][PASSED] - strCount = testCaseName.lastIndexOf("/"): null&#xD;
&#xD;
2019-10-30 10:53:01 - [TEST_STEP][PASSED] - testCaseName = testCaseName.substring(strCount): null&#xD;
&#xD;
2019-10-30 10:53:01 - [TEST_STEP][PASSED] - println(testCaseName): null&#xD;
&#xD;
2019-10-30 10:53:01 - [TEST_STEP][PASSED] - if (getTestCaseStatus().equalsIgnoreCase("Error")): null&#xD;
&#xD;
2019-10-30 10:53:01 - [TEST_STEP][PASSED] - Start listener action : sampleAfterTestCase: null</system-out>
            <system-err></system-err>
        </testcase>
        <testcase name="Test Cases/FirstView/FirstPayVault/TC_1st_Pay_Vault_002" classname="Test Cases/FirstView/FirstPayVault/TC_1st_Pay_Vault_002" status="PASSED">
            <system-out>2019-10-30 10:53:01 - [TEST_CASE][PASSED] - Test Cases/FirstView/FirstPayVault/TC_1st_Pay_Vault_002: Test Cases/FirstView/FirstPayVault/TC_1st_Pay_Vault_002&#xD;
&#xD;
2019-10-30 10:53:02 - [TEST_STEP][PASSED] - Start listener action : sampleBeforeTestCase: null&#xD;
&#xD;
2019-10-30 10:53:02 - [TEST_STEP][PASSED] - println(testCaseContext.getTestCaseId()): null&#xD;
&#xD;
2019-10-30 10:53:02 - [TEST_STEP][PASSED] - println(testCaseContext.getTestCaseVariables()): null&#xD;
&#xD;
2019-10-30 10:53:02 - [TEST_STEP][NOT_RUN] - utilities.SafeActions.openBrowser(Old_URL, [PageLoadTime]): NOT_RUN: utilities.SafeActions.openBrowser(Old_URL, [PageLoadTime])&#xD;
&#xD;
2019-10-30 10:53:02 - [MESSAGE][NOT_RUN] - NOT_RUN: utilities.SafeActions.openBrowser(Old_URL, [PageLoadTime])&#xD;
&#xD;
2019-10-30 10:53:02 - [TEST_STEP][NOT_RUN] - delay(6): NOT_RUN: delay(6)&#xD;
&#xD;
2019-10-30 10:53:02 - [MESSAGE][NOT_RUN] - NOT_RUN: delay(6)&#xD;
&#xD;
2019-10-30 10:53:02 - [TEST_STEP][NOT_RUN] - utilities.SafeActions.safeSelectOptionInDropDownByVisibleText(findTestObject("Pages/Sale/dropDown_AccountType"), "ranjanatest2 - 888814981372/001 Account Type: Retail", "Select by Value", [25]): NOT_RUN: utilities.SafeActions.safeSelectOptionInDropDownByVisibleText(findTestObject("Pages/Sale/dropDown_AccountType"), "ranjanatest2 - 888814981372/001 Account Type: Retail", "Select by Value", [25])&#xD;
&#xD;
2019-10-30 10:53:02 - [MESSAGE][NOT_RUN] - NOT_RUN: utilities.SafeActions.safeSelectOptionInDropDownByVisibleText(findTestObject("Pages/Sale/dropDown_AccountType"), "ranjanatest2 - 888814981372/001 Account Type: Retail", "Select by Value", [25])&#xD;
&#xD;
2019-10-30 10:53:02 - [TEST_STEP][PASSED] - utilities.SafeActions.openBrowser(URL, [PageLoadTime]): utilities.SafeActions.openBrowser is PASSED&#xD;
&#xD;
2019-10-30 10:53:02 - [MESSAGE][INFO] - Opening Browser&#xD;
&#xD;
2019-10-30 10:53:02 - [MESSAGE][INFO] - Starting 'Firefox' driver&#xD;
&#xD;
2019-10-30 10:53:11 - [MESSAGE][PASSED] - Browser is opened with url: 'https://q-www-firstview-net.faps.net/MVC/Account/Login'&#xD;
&#xD;
2019-10-30 10:53:11 - [MESSAGE][PASSED] - Current window maximized&#xD;
&#xD;
2019-10-30 10:53:11 - [MESSAGE][INFO] - Browser Launched Successfully&#xD;
&#xD;
2019-10-30 10:53:11 - [MESSAGE][PASSED] - utilities.SafeActions.openBrowser is PASSED&#xD;
&#xD;
2019-10-30 10:53:11 - [TEST_STEP][PASSED] - pages.Login.login(uName, password): pages.Login.login is PASSED&#xD;
&#xD;
2019-10-30 10:53:11 - [MESSAGE][PASSED] - Object 'Object Repository/Pages/Login/userName' is present&#xD;
&#xD;
2019-10-30 10:53:11 - [MESSAGE][PASSED] - Scroll to object 'Object Repository/Pages/Login/userName' successfully&#xD;
&#xD;
2019-10-30 10:53:11 - [MESSAGE][PASSED] - Object 'Object Repository/Pages/Login/userName' is present&#xD;
&#xD;
2019-10-30 10:53:12 - [MESSAGE][PASSED] - Object: 'Object Repository/Pages/Login/userName' is clicked on&#xD;
&#xD;
2019-10-30 10:53:12 - [MESSAGE][PASSED] - Text 'ZenQRetail' is set on object 'Object Repository/Pages/Login/userName'&#xD;
&#xD;
2019-10-30 10:53:12 - [MESSAGE][PASSED] - Object 'Object Repository/Pages/Login/password' is present&#xD;
&#xD;
2019-10-30 10:53:12 - [MESSAGE][PASSED] - Scroll to object 'Object Repository/Pages/Login/password' successfully&#xD;
&#xD;
2019-10-30 10:53:12 - [MESSAGE][PASSED] - Object 'Object Repository/Pages/Login/password' is present&#xD;
&#xD;
2019-10-30 10:53:13 - [MESSAGE][PASSED] - Object: 'Object Repository/Pages/Login/password' is clicked on&#xD;
&#xD;
2019-10-30 10:53:13 - [MESSAGE][PASSED] - Text 'P@ssword1' is set on object 'Object Repository/Pages/Login/password'&#xD;
&#xD;
2019-10-30 10:53:13 - [MESSAGE][INFO] - Safe Click Without scroll&#xD;
&#xD;
2019-10-30 10:53:13 - [MESSAGE][INFO] - 1stPayVault.ts:waiting until Click on Login is Clickable&#xD;
&#xD;
2019-10-30 10:53:13 - [MESSAGE][PASSED] - Object 'Object Repository/Pages/Login/login' is clickable&#xD;
&#xD;
2019-10-30 10:53:13 - [MESSAGE][PASSED] - Object 'Object Repository/Pages/Login/login' is visible&#xD;
&#xD;
2019-10-30 10:53:16 - [MESSAGE][PASSED] - Object: 'Object Repository/Pages/Login/login' is clicked on&#xD;
&#xD;
2019-10-30 10:53:16 - [MESSAGE][INFO] - 1stPayVault.ts: click on the Click on Login&#xD;
&#xD;
2019-10-30 10:53:16 - [MESSAGE][PASSED] - pages.Login.login is PASSED&#xD;
&#xD;
2019-10-30 10:53:16 - [TEST_STEP][PASSED] - callTestCase(findTestCase("FirstView/Login/TC_SendCode"), [:], STOP_ON_FAILURE): Call Test Case 'Test Cases/FirstView/Login/TC_SendCode' successfully&#xD;
&#xD;
2019-10-30 10:53:16 - [TEST_CASE][PASSED] - Test Cases/FirstView/Login/TC_SendCode: Test Cases/FirstView/Login/TC_SendCode&#xD;
&#xD;
2019-10-30 10:53:16 - [TEST_STEP][PASSED] - flag = pages.SendCode.verifyPage(): pages.SendCode.verifyPage is PASSED&#xD;
&#xD;
2019-10-30 10:53:16 - [MESSAGE][PASSED] - Object 'Object Repository/Pages/SendCodeToValidate/header_SendCodeToValidate' is present and visible in viewport&#xD;
&#xD;
2019-10-30 10:53:16 - [MESSAGE][PASSED] - pages.SendCode.verifyPage is PASSED&#xD;
&#xD;
2019-10-30 10:53:16 - [TEST_STEP][PASSED] - if (flag): pages.SendCode.clickonUserSettings is PASSED&#xD;
&#xD;
2019-10-30 10:53:16 - [TEST_STEP][PASSED] - pages.SendCode.clickonUserSettings(): pages.SendCode.clickonUserSettings is PASSED&#xD;
&#xD;
2019-10-30 10:53:17 - [MESSAGE][PASSED] - Object 'Object Repository/Pages/SendCodeToValidate/link_UserSettings' is present&#xD;
&#xD;
2019-10-30 10:53:17 - [MESSAGE][PASSED] - Object 'Object Repository/Pages/SendCodeToValidate/link_UserSettings' is visible&#xD;
&#xD;
2019-10-30 10:53:17 - [MESSAGE][INFO] - 1stPayVault.ts:waiting until Click on User Settings is Clickable&#xD;
&#xD;
2019-10-30 10:53:17 - [MESSAGE][PASSED] - Object 'Object Repository/Pages/SendCodeToValidate/link_UserSettings' is clickable&#xD;
&#xD;
2019-10-30 10:53:17 - [MESSAGE][PASSED] - Object 'Object Repository/Pages/SendCodeToValidate/link_UserSettings' is visible&#xD;
&#xD;
2019-10-30 10:53:19 - [MESSAGE][PASSED] - Object: 'Object Repository/Pages/SendCodeToValidate/link_UserSettings' is clicked on&#xD;
&#xD;
2019-10-30 10:53:19 - [MESSAGE][INFO] - 1stPayVault.ts: Clicked on the Click on User Settings&#xD;
&#xD;
2019-10-30 10:53:19 - [MESSAGE][PASSED] - pages.SendCode.clickonUserSettings is PASSED&#xD;
&#xD;
2019-10-30 10:53:19 - [MESSAGE][PASSED] - Call Test Case 'Test Cases/FirstView/Login/TC_SendCode' successfully&#xD;
&#xD;
2019-10-30 10:53:19 - [TEST_STEP][PASSED] - callTestCase(findTestCase("FirstView/Login/TC_FirstView"), [:], STOP_ON_FAILURE): Call Test Case 'Test Cases/FirstView/Login/TC_FirstView' successfully&#xD;
&#xD;
2019-10-30 10:53:19 - [TEST_CASE][PASSED] - Test Cases/FirstView/Login/TC_FirstView: Test Cases/FirstView/Login/TC_FirstView&#xD;
&#xD;
2019-10-30 10:53:19 - [TEST_STEP][NOT_RUN] - utilities.SafeActions.safeClickWithoutScroll(findTestObject("Pages/FirstView/link_Home"), "Click on Home button in First View screen", [PageLoadTime]): NOT_RUN: utilities.SafeActions.safeClickWithoutScroll(findTestObject("Pages/FirstView/link_Home"), "Click on Home button in First View screen", [PageLoadTime])&#xD;
&#xD;
2019-10-30 10:53:19 - [MESSAGE][NOT_RUN] - NOT_RUN: utilities.SafeActions.safeClickWithoutScroll(findTestObject("Pages/FirstView/link_Home"), "Click on Home button in First View screen", [PageLoadTime])&#xD;
&#xD;
2019-10-30 10:53:19 - [TEST_STEP][PASSED] - delay(3): Delayed 3 second(s)&#xD;
&#xD;
2019-10-30 10:53:22 - [MESSAGE][PASSED] - Delayed 3 second(s)&#xD;
&#xD;
2019-10-30 10:53:22 - [TEST_STEP][PASSED] - utilities.SafeActions.javascriptclick(findTestObject("Pages/FirstView/link_Home"), delayForElement): utilities.SafeActions.javascriptclick is PASSED&#xD;
&#xD;
2019-10-30 10:53:22 - [MESSAGE][PASSED] - utilities.SafeActions.javascriptclick is PASSED&#xD;
&#xD;
2019-10-30 10:53:22 - [TEST_STEP][PASSED] - utilities.SafeActions.safeClickWithoutScroll(findTestObject("Pages/FirstView/link_VPOS"), "Click on VPOS button in First View screen", [PageLoadTime]): utilities.SafeActions.safeClickWithoutScroll is PASSED&#xD;
&#xD;
2019-10-30 10:53:22 - [MESSAGE][INFO] - Safe Click Without scroll&#xD;
&#xD;
2019-10-30 10:53:22 - [MESSAGE][INFO] - 1stPayVault.ts:waiting until Click on VPOS button in First View screen is Clickable&#xD;
&#xD;
2019-10-30 10:53:23 - [MESSAGE][PASSED] - Object 'Object Repository/Pages/FirstView/link_VPOS' is clickable&#xD;
&#xD;
2019-10-30 10:53:23 - [MESSAGE][PASSED] - Object 'Object Repository/Pages/FirstView/link_VPOS' is visible&#xD;
&#xD;
2019-10-30 10:53:25 - [MESSAGE][PASSED] - Object: 'Object Repository/Pages/FirstView/link_VPOS' is clicked on&#xD;
&#xD;
2019-10-30 10:53:25 - [MESSAGE][INFO] - 1stPayVault.ts: click on the Click on VPOS button in First View screen&#xD;
&#xD;
2019-10-30 10:53:25 - [MESSAGE][PASSED] - utilities.SafeActions.safeClickWithoutScroll is PASSED&#xD;
&#xD;
2019-10-30 10:53:25 - [MESSAGE][PASSED] - Call Test Case 'Test Cases/FirstView/Login/TC_FirstView' successfully&#xD;
&#xD;
2019-10-30 10:53:25 - [TEST_STEP][PASSED] - switchToWindowTitle("Transcenter - VPOS"): Switched to window with title: 'Transcenter - VPOS'&#xD;
&#xD;
2019-10-30 10:53:28 - [MESSAGE][PASSED] - Switched to window with title: 'Transcenter - VPOS'&#xD;
&#xD;
2019-10-30 10:53:28 - [TEST_STEP][PASSED] - focus(findTestObject("Pages/FirstPayVault/tab_FirstPayVault")): Object: 'Object Repository/Pages/FirstPayVault/tab_FirstPayVault' is focused&#xD;
&#xD;
2019-10-30 10:53:31 - [MESSAGE][PASSED] - Object: 'Object Repository/Pages/FirstPayVault/tab_FirstPayVault' is focused&#xD;
&#xD;
2019-10-30 10:53:31 - [TEST_STEP][PASSED] - utilities.SafeActions.javascriptclick(findTestObject("Pages/FirstPayVault/tab_FirstPayVault"), PageLoadTime): utilities.SafeActions.javascriptclick is PASSED&#xD;
&#xD;
2019-10-30 10:53:32 - [MESSAGE][PASSED] - utilities.SafeActions.javascriptclick is PASSED&#xD;
&#xD;
2019-10-30 10:53:32 - [TEST_STEP][PASSED] - delay(delayForElement): Delayed 6 second(s)&#xD;
&#xD;
2019-10-30 10:53:38 - [MESSAGE][PASSED] - Delayed 6 second(s)&#xD;
&#xD;
2019-10-30 10:53:38 - [TEST_STEP][PASSED] - utilities.SafeActions.safeClickWithoutScroll(findTestObject("Pages/FirstPayVault/tab_FirstPayVault"), "Click on FistPayVault tab", [delayForElement]): utilities.SafeActions.safeClickWithoutScroll is PASSED&#xD;
&#xD;
2019-10-30 10:53:38 - [MESSAGE][INFO] - Safe Click Without scroll&#xD;
&#xD;
2019-10-30 10:53:38 - [MESSAGE][INFO] - 1stPayVault.ts:waiting until Click on FistPayVault tab is Clickable&#xD;
&#xD;
2019-10-30 10:53:38 - [MESSAGE][PASSED] - Object 'Object Repository/Pages/FirstPayVault/tab_FirstPayVault' is clickable&#xD;
&#xD;
2019-10-30 10:53:38 - [MESSAGE][PASSED] - Object 'Object Repository/Pages/FirstPayVault/tab_FirstPayVault' is visible&#xD;
&#xD;
2019-10-30 10:53:39 - [MESSAGE][PASSED] - Object: 'Object Repository/Pages/FirstPayVault/tab_FirstPayVault' is clicked on&#xD;
&#xD;
2019-10-30 10:53:39 - [MESSAGE][INFO] - 1stPayVault.ts: click on the Click on FistPayVault tab&#xD;
&#xD;
2019-10-30 10:53:39 - [MESSAGE][PASSED] - utilities.SafeActions.safeClickWithoutScroll is PASSED&#xD;
&#xD;
2019-10-30 10:53:39 - [TEST_STEP][PASSED] - utilities.SafeActions.safeClickWithoutScroll(findTestObject("Pages/FirstPayVault/button_CreateVault"), "Click on CreateVault button", [PageLoadTime]): utilities.SafeActions.safeClickWithoutScroll is PASSED&#xD;
&#xD;
2019-10-30 10:53:39 - [MESSAGE][INFO] - Safe Click Without scroll&#xD;
&#xD;
2019-10-30 10:53:39 - [MESSAGE][INFO] - 1stPayVault.ts:waiting until Click on CreateVault button is Clickable&#xD;
&#xD;
2019-10-30 10:53:39 - [MESSAGE][PASSED] - Object 'Object Repository/Pages/FirstPayVault/button_CreateVault' is clickable&#xD;
&#xD;
2019-10-30 10:53:39 - [MESSAGE][PASSED] - Object 'Object Repository/Pages/FirstPayVault/button_CreateVault' is visible&#xD;
&#xD;
2019-10-30 10:53:40 - [MESSAGE][PASSED] - Object: 'Object Repository/Pages/FirstPayVault/button_CreateVault' is clicked on&#xD;
&#xD;
2019-10-30 10:53:40 - [MESSAGE][INFO] - 1stPayVault.ts: click on the Click on CreateVault button&#xD;
&#xD;
2019-10-30 10:53:40 - [MESSAGE][PASSED] - utilities.SafeActions.safeClickWithoutScroll is PASSED&#xD;
&#xD;
2019-10-30 10:53:40 - [TEST_STEP][PASSED] - scrollToElement(findTestObject("Pages/FirstPayVault/input_VaultReferenceNumber"), PageLoadTime): Scroll to object 'Object Repository/Pages/FirstPayVault/input_VaultReferenceNumber' successfully&#xD;
&#xD;
2019-10-30 10:53:40 - [MESSAGE][PASSED] - Scroll to object 'Object Repository/Pages/FirstPayVault/input_VaultReferenceNumber' successfully&#xD;
&#xD;
2019-10-30 10:53:40 - [TEST_STEP][PASSED] - vaultReference = utilities.SafeActions.timeWithMilliSeconds(): utilities.SafeActions.timeWithMilliSeconds is PASSED&#xD;
&#xD;
2019-10-30 10:53:40 - [MESSAGE][PASSED] - utilities.SafeActions.timeWithMilliSeconds is PASSED&#xD;
&#xD;
2019-10-30 10:53:40 - [TEST_STEP][PASSED] - utilities.SafeActions.safeType(findTestObject("Pages/FirstPayVault/input_VaultReferenceNumber"), vaultReference, "Entering Vault Reference Number", [PageLoadTime]): utilities.SafeActions.safeType is PASSED&#xD;
&#xD;
2019-10-30 10:53:40 - [MESSAGE][PASSED] - Object 'Object Repository/Pages/FirstPayVault/input_VaultReferenceNumber' is present&#xD;
&#xD;
2019-10-30 10:53:41 - [MESSAGE][PASSED] - Scroll to object 'Object Repository/Pages/FirstPayVault/input_VaultReferenceNumber' successfully&#xD;
&#xD;
2019-10-30 10:53:41 - [MESSAGE][PASSED] - Object 'Object Repository/Pages/FirstPayVault/input_VaultReferenceNumber' is present&#xD;
&#xD;
2019-10-30 10:53:41 - [MESSAGE][PASSED] - Object: 'Object Repository/Pages/FirstPayVault/input_VaultReferenceNumber' is clicked on&#xD;
&#xD;
2019-10-30 10:53:42 - [MESSAGE][PASSED] - Text '2019-10-30 10:53:40.831' is set on object 'Object Repository/Pages/FirstPayVault/input_VaultReferenceNumber'&#xD;
&#xD;
2019-10-30 10:53:42 - [MESSAGE][PASSED] - utilities.SafeActions.safeType is PASSED&#xD;
&#xD;
2019-10-30 10:53:42 - [TEST_STEP][PASSED] - utilities.SafeActions.safeType(findTestObject("Pages/FirstPayVault/input_CreditCardNumber"), visaCardNumber, "Entering Card Number", [PageLoadTime]): utilities.SafeActions.safeType is PASSED&#xD;
&#xD;
2019-10-30 10:53:42 - [MESSAGE][PASSED] - Object 'Object Repository/Pages/FirstPayVault/input_CreditCardNumber' is present&#xD;
&#xD;
2019-10-30 10:53:42 - [MESSAGE][PASSED] - Scroll to object 'Object Repository/Pages/FirstPayVault/input_CreditCardNumber' successfully&#xD;
&#xD;
2019-10-30 10:53:42 - [MESSAGE][PASSED] - Object 'Object Repository/Pages/FirstPayVault/input_CreditCardNumber' is present&#xD;
&#xD;
2019-10-30 10:53:42 - [MESSAGE][PASSED] - Object: 'Object Repository/Pages/FirstPayVault/input_CreditCardNumber' is clicked on&#xD;
&#xD;
2019-10-30 10:53:43 - [MESSAGE][PASSED] - Text '4111111111111111' is set on object 'Object Repository/Pages/FirstPayVault/input_CreditCardNumber'&#xD;
&#xD;
2019-10-30 10:53:43 - [MESSAGE][PASSED] - utilities.SafeActions.safeType is PASSED&#xD;
&#xD;
2019-10-30 10:53:43 - [TEST_STEP][PASSED] - utilities.SafeActions.safeSelectOptionInDropDownByVisibleText(findTestObject("Pages/FirstPayVault/dropDown_ExpirationMonth"), cardMonth, "Expiration Month", [PageLoadTime]): utilities.SafeActions.safeSelectOptionInDropDownByVisibleText is PASSED&#xD;
&#xD;
2019-10-30 10:53:43 - [MESSAGE][PASSED] - Object 'Object Repository/Pages/FirstPayVault/dropDown_ExpirationMonth' is visible&#xD;
&#xD;
2019-10-30 10:53:43 - [MESSAGE][PASSED] - Object 'Object Repository/Pages/FirstPayVault/dropDown_ExpirationMonth' is present&#xD;
&#xD;
2019-10-30 10:53:44 - [MESSAGE][PASSED] - Object: 'Object Repository/Pages/FirstPayVault/dropDown_ExpirationMonth' is clicked on&#xD;
&#xD;
2019-10-30 10:53:44 - [MESSAGE][PASSED] - All options with label 'September' are selected in object 'Object Repository/Pages/FirstPayVault/dropDown_ExpirationMonth' &#xD;
&#xD;
2019-10-30 10:53:44 - [MESSAGE][PASSED] - utilities.SafeActions.safeSelectOptionInDropDownByVisibleText is PASSED&#xD;
&#xD;
2019-10-30 10:53:44 - [TEST_STEP][PASSED] - utilities.SafeActions.safeSelectOptionInDropDownByVisibleText(findTestObject("Pages/FirstPayVault/dropDown_ExpirationYear"), cardYear, "year", [PageLoadTime]): utilities.SafeActions.safeSelectOptionInDropDownByVisibleText is PASSED&#xD;
&#xD;
2019-10-30 10:53:44 - [MESSAGE][PASSED] - Object 'Object Repository/Pages/FirstPayVault/dropDown_ExpirationYear' is visible&#xD;
&#xD;
2019-10-30 10:53:44 - [MESSAGE][PASSED] - Object 'Object Repository/Pages/FirstPayVault/dropDown_ExpirationYear' is present&#xD;
&#xD;
2019-10-30 10:53:45 - [MESSAGE][PASSED] - Object: 'Object Repository/Pages/FirstPayVault/dropDown_ExpirationYear' is clicked on&#xD;
&#xD;
2019-10-30 10:53:46 - [MESSAGE][PASSED] - All options with label '2023' are selected in object 'Object Repository/Pages/FirstPayVault/dropDown_ExpirationYear' &#xD;
&#xD;
2019-10-30 10:53:46 - [MESSAGE][PASSED] - utilities.SafeActions.safeSelectOptionInDropDownByVisibleText is PASSED&#xD;
&#xD;
2019-10-30 10:53:46 - [TEST_STEP][PASSED] - utilities.SafeActions.safeType(findTestObject("Pages/FirstPayVault/input_ContactName"), contactName, "Enter Contact Name", [PageLoadTime]): utilities.SafeActions.safeType is PASSED&#xD;
&#xD;
2019-10-30 10:53:46 - [MESSAGE][PASSED] - Object 'Object Repository/Pages/FirstPayVault/input_ContactName' is present&#xD;
&#xD;
2019-10-30 10:53:46 - [MESSAGE][PASSED] - Scroll to object 'Object Repository/Pages/FirstPayVault/input_ContactName' successfully&#xD;
&#xD;
2019-10-30 10:53:46 - [MESSAGE][PASSED] - Object 'Object Repository/Pages/FirstPayVault/input_ContactName' is present&#xD;
&#xD;
2019-10-30 10:53:46 - [MESSAGE][PASSED] - Object: 'Object Repository/Pages/FirstPayVault/input_ContactName' is clicked on&#xD;
&#xD;
2019-10-30 10:53:47 - [MESSAGE][PASSED] - Text 'Venkata Sai' is set on object 'Object Repository/Pages/FirstPayVault/input_ContactName'&#xD;
&#xD;
2019-10-30 10:53:47 - [MESSAGE][PASSED] - utilities.SafeActions.safeType is PASSED&#xD;
&#xD;
2019-10-30 10:53:47 - [TEST_STEP][PASSED] - utilities.SafeActions.safeType(findTestObject("Pages/FirstPayVault/input_PostalCode"), postalCode, "Enter Postal Code", [PageLoadTime]): utilities.SafeActions.safeType is PASSED&#xD;
&#xD;
2019-10-30 10:53:47 - [MESSAGE][PASSED] - Object 'Object Repository/Pages/FirstPayVault/input_PostalCode' is present&#xD;
&#xD;
2019-10-30 10:53:47 - [MESSAGE][PASSED] - Scroll to object 'Object Repository/Pages/FirstPayVault/input_PostalCode' successfully&#xD;
&#xD;
2019-10-30 10:53:47 - [MESSAGE][PASSED] - Object 'Object Repository/Pages/FirstPayVault/input_PostalCode' is present&#xD;
&#xD;
2019-10-30 10:53:48 - [MESSAGE][PASSED] - Object: 'Object Repository/Pages/FirstPayVault/input_PostalCode' is clicked on&#xD;
&#xD;
2019-10-30 10:53:48 - [MESSAGE][PASSED] - Text '76102' is set on object 'Object Repository/Pages/FirstPayVault/input_PostalCode'&#xD;
&#xD;
2019-10-30 10:53:48 - [MESSAGE][PASSED] - utilities.SafeActions.safeType is PASSED&#xD;
&#xD;
2019-10-30 10:53:48 - [TEST_STEP][PASSED] - utilities.SafeActions.safeType(findTestObject("Pages/FirstPayVault/input_Address"), address, "Enter ddress", [PageLoadTime]): utilities.SafeActions.safeType is PASSED&#xD;
&#xD;
2019-10-30 10:53:48 - [MESSAGE][PASSED] - Object 'Object Repository/Pages/FirstPayVault/input_Address' is present&#xD;
&#xD;
2019-10-30 10:53:48 - [MESSAGE][PASSED] - Scroll to object 'Object Repository/Pages/FirstPayVault/input_Address' successfully&#xD;
&#xD;
2019-10-30 10:53:48 - [MESSAGE][PASSED] - Object 'Object Repository/Pages/FirstPayVault/input_Address' is present&#xD;
&#xD;
2019-10-30 10:53:49 - [MESSAGE][PASSED] - Object: 'Object Repository/Pages/FirstPayVault/input_Address' is clicked on&#xD;
&#xD;
2019-10-30 10:53:49 - [MESSAGE][PASSED] - Text 'Street123' is set on object 'Object Repository/Pages/FirstPayVault/input_Address'&#xD;
&#xD;
2019-10-30 10:53:49 - [MESSAGE][PASSED] - utilities.SafeActions.safeType is PASSED&#xD;
&#xD;
2019-10-30 10:53:49 - [TEST_STEP][PASSED] - utilities.SafeActions.safeCheckForElement(findTestObject("Pages/FirstPayVault/chekBox_AddShippingInformation"), PageLoadTime): utilities.SafeActions.safeCheckForElement is PASSED&#xD;
&#xD;
2019-10-30 10:53:49 - [MESSAGE][PASSED] - Object 'Object Repository/Pages/FirstPayVault/chekBox_AddShippingInformation' is present&#xD;
&#xD;
2019-10-30 10:53:49 - [MESSAGE][PASSED] - Object 'Object Repository/Pages/FirstPayVault/chekBox_AddShippingInformation' is visible&#xD;
&#xD;
2019-10-30 10:53:49 - [MESSAGE][PASSED] - Object 'Object Repository/Pages/FirstPayVault/chekBox_AddShippingInformation' is present&#xD;
&#xD;
2019-10-30 10:53:50 - [MESSAGE][PASSED] - Object 'Object Repository/Pages/FirstPayVault/chekBox_AddShippingInformation' is checked&#xD;
&#xD;
2019-10-30 10:53:50 - [MESSAGE][PASSED] - utilities.SafeActions.safeCheckForElement is PASSED&#xD;
&#xD;
2019-10-30 10:53:50 - [TEST_STEP][PASSED] - utilities.SafeActions.safeType(findTestObject("Pages/FirstPayVault/input_ShippingMethod"), shippingMethod, "Enter Shipping Method", [PageLoadTime]): utilities.SafeActions.safeType is PASSED&#xD;
&#xD;
2019-10-30 10:53:50 - [MESSAGE][PASSED] - Object 'Object Repository/Pages/FirstPayVault/input_ShippingMethod' is present&#xD;
&#xD;
2019-10-30 10:53:50 - [MESSAGE][PASSED] - Scroll to object 'Object Repository/Pages/FirstPayVault/input_ShippingMethod' successfully&#xD;
&#xD;
2019-10-30 10:53:50 - [MESSAGE][PASSED] - Object 'Object Repository/Pages/FirstPayVault/input_ShippingMethod' is present&#xD;
&#xD;
2019-10-30 10:53:51 - [MESSAGE][PASSED] - Object: 'Object Repository/Pages/FirstPayVault/input_ShippingMethod' is clicked on&#xD;
&#xD;
2019-10-30 10:53:51 - [MESSAGE][PASSED] - Text 'DTDC' is set on object 'Object Repository/Pages/FirstPayVault/input_ShippingMethod'&#xD;
&#xD;
2019-10-30 10:53:51 - [MESSAGE][PASSED] - utilities.SafeActions.safeType is PASSED&#xD;
&#xD;
2019-10-30 10:53:51 - [TEST_STEP][PASSED] - utilities.SafeActions.safeCheckForElement(findTestObject("Pages/FirstPayVault/checkbox_SameAsBillingInformation"), PageLoadTime): utilities.SafeActions.safeCheckForElement is PASSED&#xD;
&#xD;
2019-10-30 10:53:51 - [MESSAGE][PASSED] - Object 'Object Repository/Pages/FirstPayVault/checkbox_SameAsBillingInformation' is present&#xD;
&#xD;
2019-10-30 10:53:51 - [MESSAGE][PASSED] - Object 'Object Repository/Pages/FirstPayVault/checkbox_SameAsBillingInformation' is visible&#xD;
&#xD;
2019-10-30 10:53:51 - [MESSAGE][PASSED] - Object 'Object Repository/Pages/FirstPayVault/checkbox_SameAsBillingInformation' is present&#xD;
&#xD;
2019-10-30 10:53:52 - [MESSAGE][PASSED] - Object 'Object Repository/Pages/FirstPayVault/checkbox_SameAsBillingInformation' is checked&#xD;
&#xD;
2019-10-30 10:53:52 - [MESSAGE][PASSED] - utilities.SafeActions.safeCheckForElement is PASSED&#xD;
&#xD;
2019-10-30 10:53:52 - [TEST_STEP][PASSED] - utilities.SafeActions.safeClickwithScroll(findTestObject("Pages/FirstPayVault/button_Create"), "Click on Create Button", [PageLoadTime]): utilities.SafeActions.safeClickwithScroll is PASSED&#xD;
&#xD;
2019-10-30 10:53:52 - [MESSAGE][PASSED] - Object 'Object Repository/Pages/FirstPayVault/button_Create' is present&#xD;
&#xD;
2019-10-30 10:53:52 - [MESSAGE][PASSED] - Object 'Object Repository/Pages/FirstPayVault/button_Create' is visible&#xD;
&#xD;
2019-10-30 10:53:52 - [MESSAGE][INFO] - 1stPayVault.ts:waiting until Click on Create Button is Clickable&#xD;
&#xD;
2019-10-30 10:53:52 - [MESSAGE][PASSED] - Object 'Object Repository/Pages/FirstPayVault/button_Create' is clickable&#xD;
&#xD;
2019-10-30 10:53:52 - [MESSAGE][PASSED] - Object 'Object Repository/Pages/FirstPayVault/button_Create' is visible&#xD;
&#xD;
2019-10-30 10:53:53 - [MESSAGE][PASSED] - Object: 'Object Repository/Pages/FirstPayVault/button_Create' is clicked on&#xD;
&#xD;
2019-10-30 10:53:53 - [MESSAGE][INFO] - 1stPayVault.ts: Clicked on the Click on Create Button&#xD;
&#xD;
2019-10-30 10:53:53 - [MESSAGE][PASSED] - utilities.SafeActions.safeClickwithScroll is PASSED&#xD;
&#xD;
2019-10-30 10:53:53 - [TEST_STEP][PASSED] - popupSavedToVaultMessage = utilities.SafeActions.safeGetText(findTestObject("Pages/FirstPayVault/popup_SavedToVaultMessage"), PageLoadTime): utilities.SafeActions.safeGetText is PASSED&#xD;
&#xD;
2019-10-30 10:53:53 - [MESSAGE][PASSED] - Object 'Object Repository/Pages/FirstPayVault/popup_SavedToVaultMessage' is present&#xD;
&#xD;
2019-10-30 10:53:53 - [MESSAGE][PASSED] - Scroll to object 'Object Repository/Pages/FirstPayVault/popup_SavedToVaultMessage' successfully&#xD;
&#xD;
2019-10-30 10:53:53 - [MESSAGE][PASSED] - Object 'Object Repository/Pages/FirstPayVault/popup_SavedToVaultMessage' is present&#xD;
&#xD;
2019-10-30 10:53:54 - [MESSAGE][PASSED] - Text of object 'Object Repository/Pages/FirstPayVault/popup_SavedToVaultMessage' is: 'Successfully Saved to Vault'&#xD;
&#xD;
2019-10-30 10:53:54 - [MESSAGE][PASSED] - utilities.SafeActions.safeGetText is PASSED&#xD;
&#xD;
2019-10-30 10:53:54 - [TEST_STEP][PASSED] - flag = utilities.SafeActions.verifyPopupMessage("Successfully Saved to Vault", popupSavedToVaultMessage): Popup Message : Successfully Saved to Vault matched with expected message : Successfully Saved to Vault&#xD;
&#xD;
2019-10-30 10:53:54 - [MESSAGE][PASSED] - Popup Message : Successfully Saved to Vault matched with expected message : Successfully Saved to Vault&#xD;
&#xD;
2019-10-30 10:53:54 - [TEST_STEP][PASSED] - utilities.SafeActions.safeClickWithoutScroll(findTestObject("Pages/FirstPayVault/button_RunASale_InPopup"), "Click on Run A Sale in Popup", [delayBetweenTestSteps]): utilities.SafeActions.safeClickWithoutScroll is PASSED&#xD;
&#xD;
2019-10-30 10:53:54 - [MESSAGE][INFO] - Safe Click Without scroll&#xD;
&#xD;
2019-10-30 10:53:54 - [MESSAGE][INFO] - 1stPayVault.ts:waiting until Click on Run A Sale in Popup is Clickable&#xD;
&#xD;
2019-10-30 10:53:54 - [MESSAGE][PASSED] - Object 'Object Repository/Pages/FirstPayVault/button_RunASale_InPopup' is clickable&#xD;
&#xD;
2019-10-30 10:53:54 - [MESSAGE][PASSED] - Object 'Object Repository/Pages/FirstPayVault/button_RunASale_InPopup' is visible&#xD;
&#xD;
2019-10-30 10:53:55 - [MESSAGE][PASSED] - Object: 'Object Repository/Pages/FirstPayVault/button_RunASale_InPopup' is clicked on&#xD;
&#xD;
2019-10-30 10:53:55 - [MESSAGE][INFO] - 1stPayVault.ts: click on the Click on Run A Sale in Popup&#xD;
&#xD;
2019-10-30 10:53:55 - [MESSAGE][PASSED] - utilities.SafeActions.safeClickWithoutScroll is PASSED&#xD;
&#xD;
2019-10-30 10:53:55 - [TEST_STEP][PASSED] - value = utilities.SafeActions.getAttributeValue(findTestObject("Pages/Sale/tab_Sale_Active"), "Sale"): The screen is Sale screen&#xD;
&#xD;
2019-10-30 10:53:55 - [MESSAGE][PASSED] - Attribute 'class' of object 'Object Repository/Pages/Sale/tab_Sale_Active' is: 'active_tab tabs__link'&#xD;
&#xD;
2019-10-30 10:53:55 - [MESSAGE][PASSED] - The screen is Sale screen&#xD;
&#xD;
2019-10-30 10:53:55 - [TEST_STEP][PASSED] - closeBrowser(): Browser is closed&#xD;
&#xD;
2019-10-30 10:53:57 - [MESSAGE][PASSED] - Browser is closed&#xD;
&#xD;
2019-10-30 10:53:57 - [TEST_STEP][PASSED] - Start listener action : sampleAfterTestCase: null&#xD;
&#xD;
2019-10-30 10:53:57 - [TEST_STEP][PASSED] - println(testCaseContext.getTestCaseId()): null&#xD;
&#xD;
2019-10-30 10:53:57 - [TEST_STEP][PASSED] - println(testCaseContext.getTestCaseStatus()): null&#xD;
&#xD;
2019-10-30 10:53:57 - [TEST_STEP][PASSED] - testCaseName = testCaseContext.getTestCaseId(): null&#xD;
&#xD;
2019-10-30 10:53:57 - [TEST_STEP][PASSED] - strCount = testCaseName.lastIndexOf("/"): null&#xD;
&#xD;
2019-10-30 10:53:57 - [TEST_STEP][PASSED] - testCaseName = testCaseName.substring(strCount): null&#xD;
&#xD;
2019-10-30 10:53:57 - [TEST_STEP][PASSED] - println(testCaseName): null&#xD;
&#xD;
2019-10-30 10:53:57 - [TEST_STEP][PASSED] - if (getTestCaseStatus().equalsIgnoreCase("Error")): null&#xD;
&#xD;
2019-10-30 10:53:57 - [TEST_STEP][PASSED] - Start listener action : sampleAfterTestCase: null</system-out>
            <system-err></system-err>
        </testcase>
        <testcase name="Test Cases/FirstView/FirstPayVault/TC_1st_Pay_Vault_003" classname="Test Cases/FirstView/FirstPayVault/TC_1st_Pay_Vault_003" status="PASSED">
            <system-out>2019-10-30 10:53:57 - [TEST_CASE][PASSED] - Test Cases/FirstView/FirstPayVault/TC_1st_Pay_Vault_003: Test Cases/FirstView/FirstPayVault/TC_1st_Pay_Vault_003&#xD;
&#xD;
2019-10-30 10:53:58 - [TEST_STEP][PASSED] - Start listener action : sampleBeforeTestCase: null&#xD;
&#xD;
2019-10-30 10:53:58 - [TEST_STEP][PASSED] - println(testCaseContext.getTestCaseId()): null&#xD;
&#xD;
2019-10-30 10:53:58 - [TEST_STEP][PASSED] - println(testCaseContext.getTestCaseVariables()): null&#xD;
&#xD;
2019-10-30 10:53:58 - [TEST_STEP][NOT_RUN] - utilities.SafeActions.openBrowser(Old_URL, [PageLoadTime]): NOT_RUN: utilities.SafeActions.openBrowser(Old_URL, [PageLoadTime])&#xD;
&#xD;
2019-10-30 10:53:58 - [MESSAGE][NOT_RUN] - NOT_RUN: utilities.SafeActions.openBrowser(Old_URL, [PageLoadTime])&#xD;
&#xD;
2019-10-30 10:53:58 - [TEST_STEP][NOT_RUN] - delay(6): NOT_RUN: delay(6)&#xD;
&#xD;
2019-10-30 10:53:58 - [MESSAGE][NOT_RUN] - NOT_RUN: delay(6)&#xD;
&#xD;
2019-10-30 10:53:58 - [TEST_STEP][NOT_RUN] - utilities.SafeActions.safeSelectOptionInDropDownByVisibleText(findTestObject("Pages/Sale/dropDown_AccountType"), "ranjanatest2 - 888814981372/001 Account Type: Retail", "Select by Value", [25]): NOT_RUN: utilities.SafeActions.safeSelectOptionInDropDownByVisibleText(findTestObject("Pages/Sale/dropDown_AccountType"), "ranjanatest2 - 888814981372/001 Account Type: Retail", "Select by Value", [25])&#xD;
&#xD;
2019-10-30 10:53:58 - [MESSAGE][NOT_RUN] - NOT_RUN: utilities.SafeActions.safeSelectOptionInDropDownByVisibleText(findTestObject("Pages/Sale/dropDown_AccountType"), "ranjanatest2 - 888814981372/001 Account Type: Retail", "Select by Value", [25])&#xD;
&#xD;
2019-10-30 10:53:58 - [TEST_STEP][PASSED] - utilities.SafeActions.openBrowser(URL, [PageLoadTime]): utilities.SafeActions.openBrowser is PASSED&#xD;
&#xD;
2019-10-30 10:53:58 - [MESSAGE][INFO] - Opening Browser&#xD;
&#xD;
2019-10-30 10:53:58 - [MESSAGE][INFO] - Starting 'Firefox' driver&#xD;
&#xD;
2019-10-30 10:54:19 - [MESSAGE][PASSED] - Browser is opened with url: 'https://q-www-firstview-net.faps.net/MVC/Account/Login'&#xD;
&#xD;
2019-10-30 10:54:19 - [MESSAGE][PASSED] - Current window maximized&#xD;
&#xD;
2019-10-30 10:54:19 - [MESSAGE][INFO] - Browser Launched Successfully&#xD;
&#xD;
2019-10-30 10:54:19 - [MESSAGE][PASSED] - utilities.SafeActions.openBrowser is PASSED&#xD;
&#xD;
2019-10-30 10:54:19 - [TEST_STEP][PASSED] - pages.Login.login(uName, password): pages.Login.login is PASSED&#xD;
&#xD;
2019-10-30 10:54:19 - [MESSAGE][PASSED] - Object 'Object Repository/Pages/Login/userName' is present&#xD;
&#xD;
2019-10-30 10:54:19 - [MESSAGE][PASSED] - Scroll to object 'Object Repository/Pages/Login/userName' successfully&#xD;
&#xD;
2019-10-30 10:54:19 - [MESSAGE][PASSED] - Object 'Object Repository/Pages/Login/userName' is present&#xD;
&#xD;
2019-10-30 10:54:20 - [MESSAGE][PASSED] - Object: 'Object Repository/Pages/Login/userName' is clicked on&#xD;
&#xD;
2019-10-30 10:54:20 - [MESSAGE][PASSED] - Text 'ZenQRetail' is set on object 'Object Repository/Pages/Login/userName'&#xD;
&#xD;
2019-10-30 10:54:20 - [MESSAGE][PASSED] - Object 'Object Repository/Pages/Login/password' is present&#xD;
&#xD;
2019-10-30 10:54:20 - [MESSAGE][PASSED] - Scroll to object 'Object Repository/Pages/Login/password' successfully&#xD;
&#xD;
2019-10-30 10:54:20 - [MESSAGE][PASSED] - Object 'Object Repository/Pages/Login/password' is present&#xD;
&#xD;
2019-10-30 10:54:21 - [MESSAGE][PASSED] - Object: 'Object Repository/Pages/Login/password' is clicked on&#xD;
&#xD;
2019-10-30 10:54:21 - [MESSAGE][PASSED] - Text 'P@ssword1' is set on object 'Object Repository/Pages/Login/password'&#xD;
&#xD;
2019-10-30 10:54:21 - [MESSAGE][INFO] - Safe Click Without scroll&#xD;
&#xD;
2019-10-30 10:54:21 - [MESSAGE][INFO] - 1stPayVault.ts:waiting until Click on Login is Clickable&#xD;
&#xD;
2019-10-30 10:54:21 - [MESSAGE][PASSED] - Object 'Object Repository/Pages/Login/login' is clickable&#xD;
&#xD;
2019-10-30 10:54:21 - [MESSAGE][PASSED] - Object 'Object Repository/Pages/Login/login' is visible&#xD;
&#xD;
2019-10-30 10:54:24 - [MESSAGE][PASSED] - Object: 'Object Repository/Pages/Login/login' is clicked on&#xD;
&#xD;
2019-10-30 10:54:24 - [MESSAGE][INFO] - 1stPayVault.ts: click on the Click on Login&#xD;
&#xD;
2019-10-30 10:54:24 - [MESSAGE][PASSED] - pages.Login.login is PASSED&#xD;
&#xD;
2019-10-30 10:54:24 - [TEST_STEP][PASSED] - callTestCase(findTestCase("FirstView/Login/TC_SendCode"), [:], STOP_ON_FAILURE): Call Test Case 'Test Cases/FirstView/Login/TC_SendCode' successfully&#xD;
&#xD;
2019-10-30 10:54:24 - [TEST_CASE][PASSED] - Test Cases/FirstView/Login/TC_SendCode: Test Cases/FirstView/Login/TC_SendCode&#xD;
&#xD;
2019-10-30 10:54:24 - [TEST_STEP][PASSED] - flag = pages.SendCode.verifyPage(): pages.SendCode.verifyPage is PASSED&#xD;
&#xD;
2019-10-30 10:54:24 - [MESSAGE][PASSED] - Object 'Object Repository/Pages/SendCodeToValidate/header_SendCodeToValidate' is present and visible in viewport&#xD;
&#xD;
2019-10-30 10:54:24 - [MESSAGE][PASSED] - pages.SendCode.verifyPage is PASSED&#xD;
&#xD;
2019-10-30 10:54:24 - [TEST_STEP][PASSED] - if (flag): pages.SendCode.clickonUserSettings is PASSED&#xD;
&#xD;
2019-10-30 10:54:24 - [TEST_STEP][PASSED] - pages.SendCode.clickonUserSettings(): pages.SendCode.clickonUserSettings is PASSED&#xD;
&#xD;
2019-10-30 10:54:25 - [MESSAGE][PASSED] - Object 'Object Repository/Pages/SendCodeToValidate/link_UserSettings' is present&#xD;
&#xD;
2019-10-30 10:54:25 - [MESSAGE][PASSED] - Object 'Object Repository/Pages/SendCodeToValidate/link_UserSettings' is visible&#xD;
&#xD;
2019-10-30 10:54:25 - [MESSAGE][INFO] - 1stPayVault.ts:waiting until Click on User Settings is Clickable&#xD;
&#xD;
2019-10-30 10:54:25 - [MESSAGE][PASSED] - Object 'Object Repository/Pages/SendCodeToValidate/link_UserSettings' is clickable&#xD;
&#xD;
2019-10-30 10:54:25 - [MESSAGE][PASSED] - Object 'Object Repository/Pages/SendCodeToValidate/link_UserSettings' is visible&#xD;
&#xD;
2019-10-30 10:54:27 - [MESSAGE][PASSED] - Object: 'Object Repository/Pages/SendCodeToValidate/link_UserSettings' is clicked on&#xD;
&#xD;
2019-10-30 10:54:27 - [MESSAGE][INFO] - 1stPayVault.ts: Clicked on the Click on User Settings&#xD;
&#xD;
2019-10-30 10:54:27 - [MESSAGE][PASSED] - pages.SendCode.clickonUserSettings is PASSED&#xD;
&#xD;
2019-10-30 10:54:27 - [MESSAGE][PASSED] - Call Test Case 'Test Cases/FirstView/Login/TC_SendCode' successfully&#xD;
&#xD;
2019-10-30 10:54:27 - [TEST_STEP][PASSED] - callTestCase(findTestCase("FirstView/Login/TC_FirstView"), [:], STOP_ON_FAILURE): Call Test Case 'Test Cases/FirstView/Login/TC_FirstView' successfully&#xD;
&#xD;
2019-10-30 10:54:27 - [TEST_CASE][PASSED] - Test Cases/FirstView/Login/TC_FirstView: Test Cases/FirstView/Login/TC_FirstView&#xD;
&#xD;
2019-10-30 10:54:27 - [TEST_STEP][NOT_RUN] - utilities.SafeActions.safeClickWithoutScroll(findTestObject("Pages/FirstView/link_Home"), "Click on Home button in First View screen", [PageLoadTime]): NOT_RUN: utilities.SafeActions.safeClickWithoutScroll(findTestObject("Pages/FirstView/link_Home"), "Click on Home button in First View screen", [PageLoadTime])&#xD;
&#xD;
2019-10-30 10:54:27 - [MESSAGE][NOT_RUN] - NOT_RUN: utilities.SafeActions.safeClickWithoutScroll(findTestObject("Pages/FirstView/link_Home"), "Click on Home button in First View screen", [PageLoadTime])&#xD;
&#xD;
2019-10-30 10:54:27 - [TEST_STEP][PASSED] - delay(3): Delayed 3 second(s)&#xD;
&#xD;
2019-10-30 10:54:30 - [MESSAGE][PASSED] - Delayed 3 second(s)&#xD;
&#xD;
2019-10-30 10:54:30 - [TEST_STEP][PASSED] - utilities.SafeActions.javascriptclick(findTestObject("Pages/FirstView/link_Home"), delayForElement): utilities.SafeActions.javascriptclick is PASSED&#xD;
&#xD;
2019-10-30 10:54:30 - [MESSAGE][PASSED] - utilities.SafeActions.javascriptclick is PASSED&#xD;
&#xD;
2019-10-30 10:54:30 - [TEST_STEP][PASSED] - utilities.SafeActions.safeClickWithoutScroll(findTestObject("Pages/FirstView/link_VPOS"), "Click on VPOS button in First View screen", [PageLoadTime]): utilities.SafeActions.safeClickWithoutScroll is PASSED&#xD;
&#xD;
2019-10-30 10:54:30 - [MESSAGE][INFO] - Safe Click Without scroll&#xD;
&#xD;
2019-10-30 10:54:30 - [MESSAGE][INFO] - 1stPayVault.ts:waiting until Click on VPOS button in First View screen is Clickable&#xD;
&#xD;
2019-10-30 10:54:32 - [MESSAGE][PASSED] - Object 'Object Repository/Pages/FirstView/link_VPOS' is clickable&#xD;
&#xD;
2019-10-30 10:54:32 - [MESSAGE][PASSED] - Object 'Object Repository/Pages/FirstView/link_VPOS' is visible&#xD;
&#xD;
2019-10-30 10:54:34 - [MESSAGE][PASSED] - Object: 'Object Repository/Pages/FirstView/link_VPOS' is clicked on&#xD;
&#xD;
2019-10-30 10:54:34 - [MESSAGE][INFO] - 1stPayVault.ts: click on the Click on VPOS button in First View screen&#xD;
&#xD;
2019-10-30 10:54:34 - [MESSAGE][PASSED] - utilities.SafeActions.safeClickWithoutScroll is PASSED&#xD;
&#xD;
2019-10-30 10:54:34 - [MESSAGE][PASSED] - Call Test Case 'Test Cases/FirstView/Login/TC_FirstView' successfully&#xD;
&#xD;
2019-10-30 10:54:34 - [TEST_STEP][PASSED] - switchToWindowTitle("Transcenter - VPOS"): Switched to window with title: 'Transcenter - VPOS'&#xD;
&#xD;
2019-10-30 10:54:39 - [MESSAGE][PASSED] - Switched to window with title: 'Transcenter - VPOS'&#xD;
&#xD;
2019-10-30 10:54:39 - [TEST_STEP][PASSED] - focus(findTestObject("Pages/FirstPayVault/tab_FirstPayVault")): Object: 'Object Repository/Pages/FirstPayVault/tab_FirstPayVault' is focused&#xD;
&#xD;
2019-10-30 10:54:44 - [MESSAGE][PASSED] - Object: 'Object Repository/Pages/FirstPayVault/tab_FirstPayVault' is focused&#xD;
&#xD;
2019-10-30 10:54:44 - [TEST_STEP][PASSED] - utilities.SafeActions.javascriptclick(findTestObject("Pages/FirstPayVault/tab_FirstPayVault"), PageLoadTime): utilities.SafeActions.javascriptclick is PASSED&#xD;
&#xD;
2019-10-30 10:54:44 - [MESSAGE][PASSED] - utilities.SafeActions.javascriptclick is PASSED&#xD;
&#xD;
2019-10-30 10:54:44 - [TEST_STEP][PASSED] - delay(delayForElement): Delayed 6 second(s)&#xD;
&#xD;
2019-10-30 10:54:50 - [MESSAGE][PASSED] - Delayed 6 second(s)&#xD;
&#xD;
2019-10-30 10:54:50 - [TEST_STEP][PASSED] - utilities.SafeActions.safeClickWithoutScroll(findTestObject("Pages/FirstPayVault/tab_FirstPayVault"), "Click on FistPayVault tab", [delayForElement]): utilities.SafeActions.safeClickWithoutScroll is PASSED&#xD;
&#xD;
2019-10-30 10:54:51 - [MESSAGE][INFO] - Safe Click Without scroll&#xD;
&#xD;
2019-10-30 10:54:51 - [MESSAGE][INFO] - 1stPayVault.ts:waiting until Click on FistPayVault tab is Clickable&#xD;
&#xD;
2019-10-30 10:54:51 - [MESSAGE][PASSED] - Object 'Object Repository/Pages/FirstPayVault/tab_FirstPayVault' is clickable&#xD;
&#xD;
2019-10-30 10:54:51 - [MESSAGE][PASSED] - Object 'Object Repository/Pages/FirstPayVault/tab_FirstPayVault' is visible&#xD;
&#xD;
2019-10-30 10:54:52 - [MESSAGE][PASSED] - Object: 'Object Repository/Pages/FirstPayVault/tab_FirstPayVault' is clicked on&#xD;
&#xD;
2019-10-30 10:54:52 - [MESSAGE][INFO] - 1stPayVault.ts: click on the Click on FistPayVault tab&#xD;
&#xD;
2019-10-30 10:54:52 - [MESSAGE][PASSED] - utilities.SafeActions.safeClickWithoutScroll is PASSED&#xD;
&#xD;
2019-10-30 10:54:52 - [TEST_STEP][PASSED] - utilities.SafeActions.safeClickWithoutScroll(findTestObject("Pages/FirstPayVault/button_CreateVault"), "Click on CreateVault button", [PageLoadTime]): utilities.SafeActions.safeClickWithoutScroll is PASSED&#xD;
&#xD;
2019-10-30 10:54:52 - [MESSAGE][INFO] - Safe Click Without scroll&#xD;
&#xD;
2019-10-30 10:54:52 - [MESSAGE][INFO] - 1stPayVault.ts:waiting until Click on CreateVault button is Clickable&#xD;
&#xD;
2019-10-30 10:54:52 - [MESSAGE][PASSED] - Object 'Object Repository/Pages/FirstPayVault/button_CreateVault' is clickable&#xD;
&#xD;
2019-10-30 10:54:52 - [MESSAGE][PASSED] - Object 'Object Repository/Pages/FirstPayVault/button_CreateVault' is visible&#xD;
&#xD;
2019-10-30 10:54:54 - [MESSAGE][PASSED] - Object: 'Object Repository/Pages/FirstPayVault/button_CreateVault' is clicked on&#xD;
&#xD;
2019-10-30 10:54:54 - [MESSAGE][INFO] - 1stPayVault.ts: click on the Click on CreateVault button&#xD;
&#xD;
2019-10-30 10:54:54 - [MESSAGE][PASSED] - utilities.SafeActions.safeClickWithoutScroll is PASSED&#xD;
&#xD;
2019-10-30 10:54:54 - [TEST_STEP][PASSED] - scrollToElement(findTestObject("Pages/FirstPayVault/input_VaultReferenceNumber"), PageLoadTime): Scroll to object 'Object Repository/Pages/FirstPayVault/input_VaultReferenceNumber' successfully&#xD;
&#xD;
2019-10-30 10:54:54 - [MESSAGE][PASSED] - Scroll to object 'Object Repository/Pages/FirstPayVault/input_VaultReferenceNumber' successfully&#xD;
&#xD;
2019-10-30 10:54:54 - [TEST_STEP][PASSED] - vaultReference = utilities.SafeActions.timeWithMilliSeconds(): utilities.SafeActions.timeWithMilliSeconds is PASSED&#xD;
&#xD;
2019-10-30 10:54:54 - [MESSAGE][PASSED] - utilities.SafeActions.timeWithMilliSeconds is PASSED&#xD;
&#xD;
2019-10-30 10:54:54 - [TEST_STEP][PASSED] - utilities.SafeActions.safeType(findTestObject("Pages/FirstPayVault/input_VaultReferenceNumber"), vaultReference, "Entering Vault Reference Number", [PageLoadTime]): utilities.SafeActions.safeType is PASSED&#xD;
&#xD;
2019-10-30 10:54:54 - [MESSAGE][PASSED] - Object 'Object Repository/Pages/FirstPayVault/input_VaultReferenceNumber' is present&#xD;
&#xD;
2019-10-30 10:54:54 - [MESSAGE][PASSED] - Scroll to object 'Object Repository/Pages/FirstPayVault/input_VaultReferenceNumber' successfully&#xD;
&#xD;
2019-10-30 10:54:54 - [MESSAGE][PASSED] - Object 'Object Repository/Pages/FirstPayVault/input_VaultReferenceNumber' is present&#xD;
&#xD;
2019-10-30 10:54:55 - [MESSAGE][PASSED] - Object: 'Object Repository/Pages/FirstPayVault/input_VaultReferenceNumber' is clicked on&#xD;
&#xD;
2019-10-30 10:54:55 - [MESSAGE][PASSED] - Text '2019-10-30 10:54:54.566' is set on object 'Object Repository/Pages/FirstPayVault/input_VaultReferenceNumber'&#xD;
&#xD;
2019-10-30 10:54:55 - [MESSAGE][PASSED] - utilities.SafeActions.safeType is PASSED&#xD;
&#xD;
2019-10-30 10:54:55 - [TEST_STEP][PASSED] - utilities.SafeActions.safeType(findTestObject("Pages/FirstPayVault/input_CreditCardNumber"), visaCardNumber, "Entering Card Number", [PageLoadTime]): utilities.SafeActions.safeType is PASSED&#xD;
&#xD;
2019-10-30 10:54:55 - [MESSAGE][PASSED] - Object 'Object Repository/Pages/FirstPayVault/input_CreditCardNumber' is present&#xD;
&#xD;
2019-10-30 10:54:56 - [MESSAGE][PASSED] - Scroll to object 'Object Repository/Pages/FirstPayVault/input_CreditCardNumber' successfully&#xD;
&#xD;
2019-10-30 10:54:56 - [MESSAGE][PASSED] - Object 'Object Repository/Pages/FirstPayVault/input_CreditCardNumber' is present&#xD;
&#xD;
2019-10-30 10:54:57 - [MESSAGE][PASSED] - Object: 'Object Repository/Pages/FirstPayVault/input_CreditCardNumber' is clicked on&#xD;
&#xD;
2019-10-30 10:54:57 - [MESSAGE][PASSED] - Text '4111111111111111' is set on object 'Object Repository/Pages/FirstPayVault/input_CreditCardNumber'&#xD;
&#xD;
2019-10-30 10:54:57 - [MESSAGE][PASSED] - utilities.SafeActions.safeType is PASSED&#xD;
&#xD;
2019-10-30 10:54:57 - [TEST_STEP][NOT_RUN] - delay(4): NOT_RUN: delay(4)&#xD;
&#xD;
2019-10-30 10:54:57 - [MESSAGE][NOT_RUN] - NOT_RUN: delay(4)&#xD;
&#xD;
2019-10-30 10:54:57 - [TEST_STEP][PASSED] - utilities.SafeActions.safeSelectOptionInDropDownByVisibleText(findTestObject("Pages/FirstPayVault/dropDown_ExpirationMonth"), cardMonth, "Expiration Month", [PageLoadTime]): utilities.SafeActions.safeSelectOptionInDropDownByVisibleText is PASSED&#xD;
&#xD;
2019-10-30 10:54:57 - [MESSAGE][PASSED] - Object 'Object Repository/Pages/FirstPayVault/dropDown_ExpirationMonth' is visible&#xD;
&#xD;
2019-10-30 10:54:57 - [MESSAGE][PASSED] - Object 'Object Repository/Pages/FirstPayVault/dropDown_ExpirationMonth' is present&#xD;
&#xD;
2019-10-30 10:54:58 - [MESSAGE][PASSED] - Object: 'Object Repository/Pages/FirstPayVault/dropDown_ExpirationMonth' is clicked on&#xD;
&#xD;
2019-10-30 10:54:58 - [MESSAGE][PASSED] - All options with label 'September' are selected in object 'Object Repository/Pages/FirstPayVault/dropDown_ExpirationMonth' &#xD;
&#xD;
2019-10-30 10:54:58 - [MESSAGE][PASSED] - utilities.SafeActions.safeSelectOptionInDropDownByVisibleText is PASSED&#xD;
&#xD;
2019-10-30 10:54:58 - [TEST_STEP][PASSED] - utilities.SafeActions.safeSelectOptionInDropDownByVisibleText(findTestObject("Pages/FirstPayVault/dropDown_ExpirationYear"), cardYear, "year", [PageLoadTime]): utilities.SafeActions.safeSelectOptionInDropDownByVisibleText is PASSED&#xD;
&#xD;
2019-10-30 10:54:58 - [MESSAGE][PASSED] - Object 'Object Repository/Pages/FirstPayVault/dropDown_ExpirationYear' is visible&#xD;
&#xD;
2019-10-30 10:54:58 - [MESSAGE][PASSED] - Object 'Object Repository/Pages/FirstPayVault/dropDown_ExpirationYear' is present&#xD;
&#xD;
2019-10-30 10:54:59 - [MESSAGE][PASSED] - Object: 'Object Repository/Pages/FirstPayVault/dropDown_ExpirationYear' is clicked on&#xD;
&#xD;
2019-10-30 10:55:00 - [MESSAGE][PASSED] - All options with label '2022' are selected in object 'Object Repository/Pages/FirstPayVault/dropDown_ExpirationYear' &#xD;
&#xD;
2019-10-30 10:55:00 - [MESSAGE][PASSED] - utilities.SafeActions.safeSelectOptionInDropDownByVisibleText is PASSED&#xD;
&#xD;
2019-10-30 10:55:00 - [TEST_STEP][NOT_RUN] - delay(2): NOT_RUN: delay(2)&#xD;
&#xD;
2019-10-30 10:55:00 - [MESSAGE][NOT_RUN] - NOT_RUN: delay(2)&#xD;
&#xD;
2019-10-30 10:55:00 - [TEST_STEP][PASSED] - utilities.SafeActions.safeType(findTestObject("Pages/FirstPayVault/input_ContactName"), customerName, "Enter Contact Name", [PageLoadTime]): utilities.SafeActions.safeType is PASSED&#xD;
&#xD;
2019-10-30 10:55:00 - [MESSAGE][PASSED] - Object 'Object Repository/Pages/FirstPayVault/input_ContactName' is present&#xD;
&#xD;
2019-10-30 10:55:00 - [MESSAGE][PASSED] - Scroll to object 'Object Repository/Pages/FirstPayVault/input_ContactName' successfully&#xD;
&#xD;
2019-10-30 10:55:00 - [MESSAGE][PASSED] - Object 'Object Repository/Pages/FirstPayVault/input_ContactName' is present&#xD;
&#xD;
2019-10-30 10:55:01 - [MESSAGE][PASSED] - Object: 'Object Repository/Pages/FirstPayVault/input_ContactName' is clicked on&#xD;
&#xD;
2019-10-30 10:55:01 - [MESSAGE][PASSED] - Text 'Venkat Sai' is set on object 'Object Repository/Pages/FirstPayVault/input_ContactName'&#xD;
&#xD;
2019-10-30 10:55:01 - [MESSAGE][PASSED] - utilities.SafeActions.safeType is PASSED&#xD;
&#xD;
2019-10-30 10:55:01 - [TEST_STEP][PASSED] - utilities.SafeActions.safeType(findTestObject("Pages/FirstPayVault/input_PostalCode"), postalCode, "Enter Postal Code", [PageLoadTime]): utilities.SafeActions.safeType is PASSED&#xD;
&#xD;
2019-10-30 10:55:01 - [MESSAGE][PASSED] - Object 'Object Repository/Pages/FirstPayVault/input_PostalCode' is present&#xD;
&#xD;
2019-10-30 10:55:01 - [MESSAGE][PASSED] - Scroll to object 'Object Repository/Pages/FirstPayVault/input_PostalCode' successfully&#xD;
&#xD;
2019-10-30 10:55:01 - [MESSAGE][PASSED] - Object 'Object Repository/Pages/FirstPayVault/input_PostalCode' is present&#xD;
&#xD;
2019-10-30 10:55:02 - [MESSAGE][PASSED] - Object: 'Object Repository/Pages/FirstPayVault/input_PostalCode' is clicked on&#xD;
&#xD;
2019-10-30 10:55:02 - [MESSAGE][PASSED] - Text '76102' is set on object 'Object Repository/Pages/FirstPayVault/input_PostalCode'&#xD;
&#xD;
2019-10-30 10:55:02 - [MESSAGE][PASSED] - utilities.SafeActions.safeType is PASSED&#xD;
&#xD;
2019-10-30 10:55:02 - [TEST_STEP][PASSED] - utilities.SafeActions.safeType(findTestObject("Pages/FirstPayVault/input_Address"), address, "Enter ddress", [PageLoadTime]): utilities.SafeActions.safeType is PASSED&#xD;
&#xD;
2019-10-30 10:55:03 - [MESSAGE][PASSED] - Object 'Object Repository/Pages/FirstPayVault/input_Address' is present&#xD;
&#xD;
2019-10-30 10:55:03 - [MESSAGE][PASSED] - Scroll to object 'Object Repository/Pages/FirstPayVault/input_Address' successfully&#xD;
&#xD;
2019-10-30 10:55:03 - [MESSAGE][PASSED] - Object 'Object Repository/Pages/FirstPayVault/input_Address' is present&#xD;
&#xD;
2019-10-30 10:55:04 - [MESSAGE][PASSED] - Object: 'Object Repository/Pages/FirstPayVault/input_Address' is clicked on&#xD;
&#xD;
2019-10-30 10:55:04 - [MESSAGE][PASSED] - Text 'Street123' is set on object 'Object Repository/Pages/FirstPayVault/input_Address'&#xD;
&#xD;
2019-10-30 10:55:04 - [MESSAGE][PASSED] - utilities.SafeActions.safeType is PASSED&#xD;
&#xD;
2019-10-30 10:55:04 - [TEST_STEP][PASSED] - utilities.SafeActions.safeCheckForElement(findTestObject("Pages/FirstPayVault/chekBox_AddShippingInformation"), PageLoadTime): utilities.SafeActions.safeCheckForElement is PASSED&#xD;
&#xD;
2019-10-30 10:55:04 - [MESSAGE][PASSED] - Object 'Object Repository/Pages/FirstPayVault/chekBox_AddShippingInformation' is present&#xD;
&#xD;
2019-10-30 10:55:04 - [MESSAGE][PASSED] - Object 'Object Repository/Pages/FirstPayVault/chekBox_AddShippingInformation' is visible&#xD;
&#xD;
2019-10-30 10:55:04 - [MESSAGE][PASSED] - Object 'Object Repository/Pages/FirstPayVault/chekBox_AddShippingInformation' is present&#xD;
&#xD;
2019-10-30 10:55:05 - [MESSAGE][PASSED] - Object 'Object Repository/Pages/FirstPayVault/chekBox_AddShippingInformation' is checked&#xD;
&#xD;
2019-10-30 10:55:05 - [MESSAGE][PASSED] - utilities.SafeActions.safeCheckForElement is PASSED&#xD;
&#xD;
2019-10-30 10:55:05 - [TEST_STEP][PASSED] - utilities.SafeActions.safeType(findTestObject("Pages/FirstPayVault/input_ShippingMethod"), shippingMethod, "Enter Shipping Method", [PageLoadTime]): utilities.SafeActions.safeType is PASSED&#xD;
&#xD;
2019-10-30 10:55:06 - [MESSAGE][PASSED] - Object 'Object Repository/Pages/FirstPayVault/input_ShippingMethod' is present&#xD;
&#xD;
2019-10-30 10:55:06 - [MESSAGE][PASSED] - Scroll to object 'Object Repository/Pages/FirstPayVault/input_ShippingMethod' successfully&#xD;
&#xD;
2019-10-30 10:55:06 - [MESSAGE][PASSED] - Object 'Object Repository/Pages/FirstPayVault/input_ShippingMethod' is present&#xD;
&#xD;
2019-10-30 10:55:07 - [MESSAGE][PASSED] - Object: 'Object Repository/Pages/FirstPayVault/input_ShippingMethod' is clicked on&#xD;
&#xD;
2019-10-30 10:55:07 - [MESSAGE][PASSED] - Text 'DTDC' is set on object 'Object Repository/Pages/FirstPayVault/input_ShippingMethod'&#xD;
&#xD;
2019-10-30 10:55:07 - [MESSAGE][PASSED] - utilities.SafeActions.safeType is PASSED&#xD;
&#xD;
2019-10-30 10:55:07 - [TEST_STEP][PASSED] - utilities.SafeActions.safeCheckForElement(findTestObject("Pages/FirstPayVault/checkbox_SameAsBillingInformation"), PageLoadTime): utilities.SafeActions.safeCheckForElement is PASSED&#xD;
&#xD;
2019-10-30 10:55:07 - [MESSAGE][PASSED] - Object 'Object Repository/Pages/FirstPayVault/checkbox_SameAsBillingInformation' is present&#xD;
&#xD;
2019-10-30 10:55:07 - [MESSAGE][PASSED] - Object 'Object Repository/Pages/FirstPayVault/checkbox_SameAsBillingInformation' is visible&#xD;
&#xD;
2019-10-30 10:55:07 - [MESSAGE][PASSED] - Object 'Object Repository/Pages/FirstPayVault/checkbox_SameAsBillingInformation' is present&#xD;
&#xD;
2019-10-30 10:55:08 - [MESSAGE][PASSED] - Object 'Object Repository/Pages/FirstPayVault/checkbox_SameAsBillingInformation' is checked&#xD;
&#xD;
2019-10-30 10:55:08 - [MESSAGE][PASSED] - utilities.SafeActions.safeCheckForElement is PASSED&#xD;
&#xD;
2019-10-30 10:55:08 - [TEST_STEP][PASSED] - utilities.SafeActions.safeClickwithScroll(findTestObject("Pages/FirstPayVault/button_Create"), "Click on Create Button", [PageLoadTime]): utilities.SafeActions.safeClickwithScroll is PASSED&#xD;
&#xD;
2019-10-30 10:55:08 - [MESSAGE][PASSED] - Object 'Object Repository/Pages/FirstPayVault/button_Create' is present&#xD;
&#xD;
2019-10-30 10:55:08 - [MESSAGE][PASSED] - Object 'Object Repository/Pages/FirstPayVault/button_Create' is visible&#xD;
&#xD;
2019-10-30 10:55:08 - [MESSAGE][INFO] - 1stPayVault.ts:waiting until Click on Create Button is Clickable&#xD;
&#xD;
2019-10-30 10:55:08 - [MESSAGE][PASSED] - Object 'Object Repository/Pages/FirstPayVault/button_Create' is clickable&#xD;
&#xD;
2019-10-30 10:55:08 - [MESSAGE][PASSED] - Object 'Object Repository/Pages/FirstPayVault/button_Create' is visible&#xD;
&#xD;
2019-10-30 10:55:09 - [MESSAGE][PASSED] - Object: 'Object Repository/Pages/FirstPayVault/button_Create' is clicked on&#xD;
&#xD;
2019-10-30 10:55:09 - [MESSAGE][INFO] - 1stPayVault.ts: Clicked on the Click on Create Button&#xD;
&#xD;
2019-10-30 10:55:09 - [MESSAGE][PASSED] - utilities.SafeActions.safeClickwithScroll is PASSED&#xD;
&#xD;
2019-10-30 10:55:09 - [TEST_STEP][PASSED] - popupSavedToVaultMessage = utilities.SafeActions.safeGetText(findTestObject("Pages/FirstPayVault/popup_SavedToVaultMessage"), PageLoadTime): utilities.SafeActions.safeGetText is PASSED&#xD;
&#xD;
2019-10-30 10:55:09 - [MESSAGE][PASSED] - Object 'Object Repository/Pages/FirstPayVault/popup_SavedToVaultMessage' is present&#xD;
&#xD;
2019-10-30 10:55:10 - [MESSAGE][PASSED] - Scroll to object 'Object Repository/Pages/FirstPayVault/popup_SavedToVaultMessage' successfully&#xD;
&#xD;
2019-10-30 10:55:10 - [MESSAGE][PASSED] - Object 'Object Repository/Pages/FirstPayVault/popup_SavedToVaultMessage' is present&#xD;
&#xD;
2019-10-30 10:55:11 - [MESSAGE][PASSED] - Text of object 'Object Repository/Pages/FirstPayVault/popup_SavedToVaultMessage' is: 'Successfully Saved to Vault'&#xD;
&#xD;
2019-10-30 10:55:11 - [MESSAGE][PASSED] - utilities.SafeActions.safeGetText is PASSED&#xD;
&#xD;
2019-10-30 10:55:11 - [TEST_STEP][PASSED] - flag = utilities.SafeActions.verifyPopupMessage("Successfully Saved to Vault", popupSavedToVaultMessage): Popup Message : Successfully Saved to Vault matched with expected message : Successfully Saved to Vault&#xD;
&#xD;
2019-10-30 10:55:11 - [MESSAGE][PASSED] - Popup Message : Successfully Saved to Vault matched with expected message : Successfully Saved to Vault&#xD;
&#xD;
2019-10-30 10:55:11 - [TEST_STEP][NOT_RUN] - delay(2): NOT_RUN: delay(2)&#xD;
&#xD;
2019-10-30 10:55:11 - [MESSAGE][NOT_RUN] - NOT_RUN: delay(2)&#xD;
&#xD;
2019-10-30 10:55:11 - [TEST_STEP][PASSED] - utilities.SafeActions.safeClickWithoutScroll(findTestObject("Pages/FirstPayVault/button_RunSaleWithThisVault_InPopup"), "Click on Run Sale With This Vault in Popup", [delayBetweenTestSteps]): utilities.SafeActions.safeClickWithoutScroll is PASSED&#xD;
&#xD;
2019-10-30 10:55:11 - [MESSAGE][INFO] - Safe Click Without scroll&#xD;
&#xD;
2019-10-30 10:55:11 - [MESSAGE][INFO] - 1stPayVault.ts:waiting until Click on Run Sale With This Vault in Popup is Clickable&#xD;
&#xD;
2019-10-30 10:55:11 - [MESSAGE][PASSED] - Object 'Object Repository/Pages/FirstPayVault/button_RunSaleWithThisVault_InPopup' is clickable&#xD;
&#xD;
2019-10-30 10:55:11 - [MESSAGE][PASSED] - Object 'Object Repository/Pages/FirstPayVault/button_RunSaleWithThisVault_InPopup' is visible&#xD;
&#xD;
2019-10-30 10:55:12 - [MESSAGE][PASSED] - Object: 'Object Repository/Pages/FirstPayVault/button_RunSaleWithThisVault_InPopup' is clicked on&#xD;
&#xD;
2019-10-30 10:55:12 - [MESSAGE][INFO] - 1stPayVault.ts: click on the Click on Run Sale With This Vault in Popup&#xD;
&#xD;
2019-10-30 10:55:12 - [MESSAGE][PASSED] - utilities.SafeActions.safeClickWithoutScroll is PASSED&#xD;
&#xD;
2019-10-30 10:55:12 - [TEST_STEP][NOT_RUN] - delay(1): NOT_RUN: delay(1)&#xD;
&#xD;
2019-10-30 10:55:12 - [MESSAGE][NOT_RUN] - NOT_RUN: delay(1)&#xD;
&#xD;
2019-10-30 10:55:12 - [TEST_STEP][PASSED] - value = utilities.SafeActions.getAttributeValue(findTestObject("Pages/FirstPayVault/tab_1stPayVault_Active"), "1st_PayVault"): The screen is 1st_PayVault screen&#xD;
&#xD;
2019-10-30 10:55:13 - [MESSAGE][PASSED] - Attribute 'class' of object 'Object Repository/Pages/FirstPayVault/tab_1stPayVault_Active' is: 'active_tab tabs__link'&#xD;
&#xD;
2019-10-30 10:55:13 - [MESSAGE][PASSED] - The screen is 1st_PayVault screen&#xD;
&#xD;
2019-10-30 10:55:13 - [TEST_STEP][PASSED] - scrollToElement(findTestObject("Pages/FirstPayVault/input_Amount"), PageLoadTime): Scroll to object 'Object Repository/Pages/FirstPayVault/input_Amount' successfully&#xD;
&#xD;
2019-10-30 10:55:13 - [MESSAGE][PASSED] - Scroll to object 'Object Repository/Pages/FirstPayVault/input_Amount' successfully&#xD;
&#xD;
2019-10-30 10:55:13 - [TEST_STEP][PASSED] - utilities.SafeActions.safeType(findTestObject("Pages/FirstPayVault/input_Amount"), amount, "Enter Amount", [PageLoadTime]): utilities.SafeActions.safeType is PASSED&#xD;
&#xD;
2019-10-30 10:55:13 - [MESSAGE][PASSED] - Object 'Object Repository/Pages/FirstPayVault/input_Amount' is present&#xD;
&#xD;
2019-10-30 10:55:13 - [MESSAGE][PASSED] - Scroll to object 'Object Repository/Pages/FirstPayVault/input_Amount' successfully&#xD;
&#xD;
2019-10-30 10:55:13 - [MESSAGE][PASSED] - Object 'Object Repository/Pages/FirstPayVault/input_Amount' is present&#xD;
&#xD;
2019-10-30 10:55:14 - [MESSAGE][PASSED] - Object: 'Object Repository/Pages/FirstPayVault/input_Amount' is clicked on&#xD;
&#xD;
2019-10-30 10:55:14 - [MESSAGE][PASSED] - Text '450' is set on object 'Object Repository/Pages/FirstPayVault/input_Amount'&#xD;
&#xD;
2019-10-30 10:55:14 - [MESSAGE][PASSED] - utilities.SafeActions.safeType is PASSED&#xD;
&#xD;
2019-10-30 10:55:14 - [TEST_STEP][PASSED] - salesTax = utilities.SafeActions.safeGetText(findTestObject("Pages/FirstPayVault/input_SalesTaxUnderAmount"), delayBetweenTestSteps): utilities.SafeActions.safeGetText is PASSED&#xD;
&#xD;
2019-10-30 10:55:14 - [MESSAGE][PASSED] - Object 'Object Repository/Pages/FirstPayVault/input_SalesTaxUnderAmount' is present&#xD;
&#xD;
2019-10-30 10:55:14 - [MESSAGE][PASSED] - Scroll to object 'Object Repository/Pages/FirstPayVault/input_SalesTaxUnderAmount' successfully&#xD;
&#xD;
2019-10-30 10:55:14 - [MESSAGE][PASSED] - Object 'Object Repository/Pages/FirstPayVault/input_SalesTaxUnderAmount' is present&#xD;
&#xD;
2019-10-30 10:55:15 - [MESSAGE][PASSED] - Text of object 'Object Repository/Pages/FirstPayVault/input_SalesTaxUnderAmount' is: '$37.13'&#xD;
&#xD;
2019-10-30 10:55:15 - [MESSAGE][PASSED] - utilities.SafeActions.safeGetText is PASSED&#xD;
&#xD;
2019-10-30 10:55:15 - [TEST_STEP][PASSED] - pages.FirstPayVault.verifyAmountIsNotZero(salesTax): pages.FirstPayVault.verifyAmountIsNotZero is PASSED&#xD;
&#xD;
2019-10-30 10:55:15 - [MESSAGE][PASSED] - pages.FirstPayVault.verifyAmountIsNotZero is PASSED&#xD;
&#xD;
2019-10-30 10:55:15 - [TEST_STEP][PASSED] - scrollToElement(findTestObject("Pages/FirstPayVault/input_CreditCardNumberForVerification"), delayBetweenTestSteps): Scroll to object 'Object Repository/Pages/FirstPayVault/input_CreditCardNumberForVerification' successfully&#xD;
&#xD;
2019-10-30 10:55:15 - [MESSAGE][PASSED] - Scroll to object 'Object Repository/Pages/FirstPayVault/input_CreditCardNumberForVerification' successfully&#xD;
&#xD;
2019-10-30 10:55:15 - [TEST_STEP][PASSED] - cardNumber = utilities.SafeActions.getAttribute(findTestObject("Pages/FirstPayVault/input_CreditCardNumberForVerification"), "1st Pay Vault"): utilities.SafeActions.getAttribute is PASSED&#xD;
&#xD;
2019-10-30 10:55:15 - [MESSAGE][PASSED] - Attribute 'value' of object 'Object Repository/Pages/FirstPayVault/input_CreditCardNumberForVerification' is: '411111******1111'&#xD;
&#xD;
2019-10-30 10:55:15 - [MESSAGE][PASSED] - utilities.SafeActions.getAttribute is PASSED&#xD;
&#xD;
2019-10-30 10:55:15 - [TEST_STEP][PASSED] - pages.FirstPayVault.verifyCardNumber(cardNumber, visaCardNumber): Actual String : 4111111111111111 matched with Expected message : 411111******1111&#xD;
&#xD;
2019-10-30 10:55:15 - [MESSAGE][PASSED] - Actual String : 4111111111111111 matched with Expected message : 411111******1111&#xD;
&#xD;
2019-10-30 10:55:15 - [TEST_STEP][PASSED] - expirationYear = utilities.SafeActions.getAttribute(findTestObject("Pages/FirstPayVault/dropDownExpirationYearForVerification"), "1st Pay Vault"): utilities.SafeActions.getAttribute is PASSED&#xD;
&#xD;
2019-10-30 10:55:15 - [MESSAGE][PASSED] - Attribute 'value' of object 'Object Repository/Pages/FirstPayVault/dropDownExpirationYearForVerification' is: '2022'&#xD;
&#xD;
2019-10-30 10:55:15 - [MESSAGE][PASSED] - utilities.SafeActions.getAttribute is PASSED&#xD;
&#xD;
2019-10-30 10:55:15 - [TEST_STEP][PASSED] - pages.FirstPayVault.verifyStrings(expirationYear, cardYear): Actual String : 2022 matched with Expected message : 2022&#xD;
&#xD;
2019-10-30 10:55:15 - [MESSAGE][PASSED] - Actual String : 2022 matched with Expected message : 2022&#xD;
&#xD;
2019-10-30 10:55:15 - [TEST_STEP][PASSED] - scrollToElement(findTestObject("Pages/FirstPayVault/input_VerifyCardHolderName"), PageLoadTime): Scroll to object 'Object Repository/Pages/FirstPayVault/input_VerifyCardHolderName' successfully&#xD;
&#xD;
2019-10-30 10:55:16 - [MESSAGE][PASSED] - Scroll to object 'Object Repository/Pages/FirstPayVault/input_VerifyCardHolderName' successfully&#xD;
&#xD;
2019-10-30 10:55:16 - [TEST_STEP][PASSED] - name = utilities.SafeActions.getAttribute(findTestObject("Pages/FirstPayVault/input_VerifyCardHolderName"), "1stPayVault"): utilities.SafeActions.getAttribute is PASSED&#xD;
&#xD;
2019-10-30 10:55:16 - [MESSAGE][PASSED] - Attribute 'value' of object 'Object Repository/Pages/FirstPayVault/input_VerifyCardHolderName' is: 'Venkat Sai'&#xD;
&#xD;
2019-10-30 10:55:16 - [MESSAGE][PASSED] - utilities.SafeActions.getAttribute is PASSED&#xD;
&#xD;
2019-10-30 10:55:16 - [TEST_STEP][PASSED] - pages.FirstPayVault.verifyStrings(name, customerName): Actual String : Venkat Sai matched with Expected message : Venkat Sai&#xD;
&#xD;
2019-10-30 10:55:16 - [MESSAGE][PASSED] - Actual String : Venkat Sai matched with Expected message : Venkat Sai&#xD;
&#xD;
2019-10-30 10:55:16 - [TEST_STEP][PASSED] - scrollToElement(findTestObject("Pages/FirstPayVault/checkbox_TaxExempt"), PageLoadTime): Scroll to object 'Object Repository/Pages/FirstPayVault/checkbox_TaxExempt' successfully&#xD;
&#xD;
2019-10-30 10:55:16 - [MESSAGE][PASSED] - Scroll to object 'Object Repository/Pages/FirstPayVault/checkbox_TaxExempt' successfully&#xD;
&#xD;
2019-10-30 10:55:16 - [TEST_STEP][NOT_RUN] - salesTax = utilities.SafeActions.safeGetText(findTestObject("Pages/FirstPayVault/amount_UnderPurchaseCardInformation"), delayBetweenTestSteps): NOT_RUN: salesTax = utilities.SafeActions.safeGetText(findTestObject("Pages/FirstPayVault/amount_UnderPurchaseCardInformation"), delayBetweenTestSteps)&#xD;
&#xD;
2019-10-30 10:55:16 - [MESSAGE][NOT_RUN] - NOT_RUN: salesTax = utilities.SafeActions.safeGetText(findTestObject("Pages/FirstPayVault/amount_UnderPurchaseCardInformation"), delayBetweenTestSteps)&#xD;
&#xD;
2019-10-30 10:55:16 - [TEST_STEP][PASSED] - pages.FirstPayVault.verifyAmountIsNotZero(salesTax): pages.FirstPayVault.verifyAmountIsNotZero is PASSED&#xD;
&#xD;
2019-10-30 10:55:16 - [MESSAGE][PASSED] - pages.FirstPayVault.verifyAmountIsNotZero is PASSED&#xD;
&#xD;
2019-10-30 10:55:16 - [TEST_STEP][PASSED] - utilities.SafeActions.safeCheckForElement(findTestObject("Pages/FirstPayVault/checkbox_TaxExempt"), PageLoadTime): utilities.SafeActions.safeCheckForElement is PASSED&#xD;
&#xD;
2019-10-30 10:55:16 - [MESSAGE][PASSED] - Object 'Object Repository/Pages/FirstPayVault/checkbox_TaxExempt' is present&#xD;
&#xD;
2019-10-30 10:55:16 - [MESSAGE][PASSED] - Object 'Object Repository/Pages/FirstPayVault/checkbox_TaxExempt' is visible&#xD;
&#xD;
2019-10-30 10:55:16 - [MESSAGE][PASSED] - Object 'Object Repository/Pages/FirstPayVault/checkbox_TaxExempt' is present&#xD;
&#xD;
2019-10-30 10:55:17 - [MESSAGE][PASSED] - Object 'Object Repository/Pages/FirstPayVault/checkbox_TaxExempt' is checked&#xD;
&#xD;
2019-10-30 10:55:17 - [MESSAGE][PASSED] - utilities.SafeActions.safeCheckForElement is PASSED&#xD;
&#xD;
2019-10-30 10:55:17 - [TEST_STEP][PASSED] - utilities.SafeActions.safeClickwithScroll(findTestObject("Pages/FirstPayVault/button_Checkout"), "Click on Checkout", [PageLoadTime]): utilities.SafeActions.safeClickwithScroll is PASSED&#xD;
&#xD;
2019-10-30 10:55:18 - [MESSAGE][PASSED] - Object 'Object Repository/Pages/FirstPayVault/button_Checkout' is present&#xD;
&#xD;
2019-10-30 10:55:18 - [MESSAGE][PASSED] - Object 'Object Repository/Pages/FirstPayVault/button_Checkout' is visible&#xD;
&#xD;
2019-10-30 10:55:18 - [MESSAGE][INFO] - 1stPayVault.ts:waiting until Click on Checkout is Clickable&#xD;
&#xD;
2019-10-30 10:55:18 - [MESSAGE][PASSED] - Object 'Object Repository/Pages/FirstPayVault/button_Checkout' is clickable&#xD;
&#xD;
2019-10-30 10:55:18 - [MESSAGE][PASSED] - Object 'Object Repository/Pages/FirstPayVault/button_Checkout' is visible&#xD;
&#xD;
2019-10-30 10:55:19 - [MESSAGE][PASSED] - Object: 'Object Repository/Pages/FirstPayVault/button_Checkout' is clicked on&#xD;
&#xD;
2019-10-30 10:55:19 - [MESSAGE][INFO] - 1stPayVault.ts: Clicked on the Click on Checkout&#xD;
&#xD;
2019-10-30 10:55:19 - [MESSAGE][PASSED] - utilities.SafeActions.safeClickwithScroll is PASSED&#xD;
&#xD;
2019-10-30 10:55:19 - [TEST_STEP][PASSED] - pages.Sale.verifyTransactionCompletePage(findTestObject("Pages/Sale/heading_TransactionComplete")): The screen is Transaction Complete screen&#xD;
&#xD;
2019-10-30 10:55:19 - [MESSAGE][PASSED] - Object 'Object Repository/Pages/Sale/heading_TransactionComplete' is present&#xD;
&#xD;
2019-10-30 10:55:20 - [MESSAGE][PASSED] - The screen is Transaction Complete screen&#xD;
&#xD;
2019-10-30 10:55:20 - [TEST_STEP][PASSED] - utilities.SafeActions.safeClickWithoutScroll(findTestObject("Pages/FirstPayVault/button_ReturnToSale_InTransactionComplete"), "Click On Return Button", [PageLoadTime]): utilities.SafeActions.safeClickWithoutScroll is PASSED&#xD;
&#xD;
2019-10-30 10:55:20 - [MESSAGE][INFO] - Safe Click Without scroll&#xD;
&#xD;
2019-10-30 10:55:20 - [MESSAGE][INFO] - 1stPayVault.ts:waiting until Click On Return Button is Clickable&#xD;
&#xD;
2019-10-30 10:55:20 - [MESSAGE][PASSED] - Object 'Object Repository/Pages/FirstPayVault/button_ReturnToSale_InTransactionComplete' is clickable&#xD;
&#xD;
2019-10-30 10:55:20 - [MESSAGE][PASSED] - Object 'Object Repository/Pages/FirstPayVault/button_ReturnToSale_InTransactionComplete' is visible&#xD;
&#xD;
2019-10-30 10:55:21 - [MESSAGE][PASSED] - Object: 'Object Repository/Pages/FirstPayVault/button_ReturnToSale_InTransactionComplete' is clicked on&#xD;
&#xD;
2019-10-30 10:55:21 - [MESSAGE][INFO] - 1stPayVault.ts: click on the Click On Return Button&#xD;
&#xD;
2019-10-30 10:55:21 - [MESSAGE][PASSED] - utilities.SafeActions.safeClickWithoutScroll is PASSED&#xD;
&#xD;
2019-10-30 10:55:21 - [TEST_STEP][PASSED] - delay(delayBetweenTestSteps): Delayed 3 second(s)&#xD;
&#xD;
2019-10-30 10:55:24 - [MESSAGE][PASSED] - Delayed 3 second(s)&#xD;
&#xD;
2019-10-30 10:55:24 - [TEST_STEP][PASSED] - closeBrowser(): Browser is closed&#xD;
&#xD;
2019-10-30 10:55:26 - [MESSAGE][PASSED] - Browser is closed&#xD;
&#xD;
2019-10-30 10:55:26 - [TEST_STEP][PASSED] - Start listener action : sampleAfterTestCase: null&#xD;
&#xD;
2019-10-30 10:55:26 - [TEST_STEP][PASSED] - println(testCaseContext.getTestCaseId()): null&#xD;
&#xD;
2019-10-30 10:55:26 - [TEST_STEP][PASSED] - println(testCaseContext.getTestCaseStatus()): null&#xD;
&#xD;
2019-10-30 10:55:26 - [TEST_STEP][PASSED] - testCaseName = testCaseContext.getTestCaseId(): null&#xD;
&#xD;
2019-10-30 10:55:26 - [TEST_STEP][PASSED] - strCount = testCaseName.lastIndexOf("/"): null&#xD;
&#xD;
2019-10-30 10:55:26 - [TEST_STEP][PASSED] - testCaseName = testCaseName.substring(strCount): null&#xD;
&#xD;
2019-10-30 10:55:26 - [TEST_STEP][PASSED] - println(testCaseName): null&#xD;
&#xD;
2019-10-30 10:55:26 - [TEST_STEP][PASSED] - if (getTestCaseStatus().equalsIgnoreCase("Error")): null&#xD;
&#xD;
2019-10-30 10:55:26 - [TEST_STEP][PASSED] - Start listener action : sampleAfterTestCase: null</system-out>
            <system-err></system-err>
        </testcase>
        <testcase name="Test Cases/FirstView/FirstPayVault/TC_1st_Pay_Vault_004" classname="Test Cases/FirstView/FirstPayVault/TC_1st_Pay_Vault_004" status="PASSED">
            <system-out>2019-10-30 10:55:26 - [TEST_CASE][PASSED] - Test Cases/FirstView/FirstPayVault/TC_1st_Pay_Vault_004: Test Cases/FirstView/FirstPayVault/TC_1st_Pay_Vault_004&#xD;
&#xD;
2019-10-30 10:55:26 - [TEST_STEP][PASSED] - Start listener action : sampleBeforeTestCase: null&#xD;
&#xD;
2019-10-30 10:55:26 - [TEST_STEP][PASSED] - println(testCaseContext.getTestCaseId()): null&#xD;
&#xD;
2019-10-30 10:55:26 - [TEST_STEP][PASSED] - println(testCaseContext.getTestCaseVariables()): null&#xD;
&#xD;
2019-10-30 10:55:27 - [TEST_STEP][NOT_RUN] - utilities.SafeActions.openBrowser(Old_URL, [PageLoadTime]): NOT_RUN: utilities.SafeActions.openBrowser(Old_URL, [PageLoadTime])&#xD;
&#xD;
2019-10-30 10:55:27 - [MESSAGE][NOT_RUN] - NOT_RUN: utilities.SafeActions.openBrowser(Old_URL, [PageLoadTime])&#xD;
&#xD;
2019-10-30 10:55:27 - [TEST_STEP][NOT_RUN] - delay(6): NOT_RUN: delay(6)&#xD;
&#xD;
2019-10-30 10:55:27 - [MESSAGE][NOT_RUN] - NOT_RUN: delay(6)&#xD;
&#xD;
2019-10-30 10:55:27 - [TEST_STEP][NOT_RUN] - utilities.SafeActions.safeSelectOptionInDropDownByVisibleText(findTestObject("Pages/Sale/dropDown_AccountType"), "ranjanatest2 - 888814981372/001 Account Type: Retail", "Select by Value", [25]): NOT_RUN: utilities.SafeActions.safeSelectOptionInDropDownByVisibleText(findTestObject("Pages/Sale/dropDown_AccountType"), "ranjanatest2 - 888814981372/001 Account Type: Retail", "Select by Value", [25])&#xD;
&#xD;
2019-10-30 10:55:27 - [MESSAGE][NOT_RUN] - NOT_RUN: utilities.SafeActions.safeSelectOptionInDropDownByVisibleText(findTestObject("Pages/Sale/dropDown_AccountType"), "ranjanatest2 - 888814981372/001 Account Type: Retail", "Select by Value", [25])&#xD;
&#xD;
2019-10-30 10:55:27 - [TEST_STEP][PASSED] - utilities.SafeActions.openBrowser(URL, [PageLoadTime]): utilities.SafeActions.openBrowser is PASSED&#xD;
&#xD;
2019-10-30 10:55:27 - [MESSAGE][INFO] - Opening Browser&#xD;
&#xD;
2019-10-30 10:55:27 - [MESSAGE][INFO] - Starting 'Firefox' driver&#xD;
&#xD;
2019-10-30 10:55:37 - [MESSAGE][PASSED] - Browser is opened with url: 'https://q-www-firstview-net.faps.net/MVC/Account/Login'&#xD;
&#xD;
2019-10-30 10:55:37 - [MESSAGE][PASSED] - Current window maximized&#xD;
&#xD;
2019-10-30 10:55:37 - [MESSAGE][INFO] - Browser Launched Successfully&#xD;
&#xD;
2019-10-30 10:55:37 - [MESSAGE][PASSED] - utilities.SafeActions.openBrowser is PASSED&#xD;
&#xD;
2019-10-30 10:55:37 - [TEST_STEP][PASSED] - pages.Login.login(uName, password): pages.Login.login is PASSED&#xD;
&#xD;
2019-10-30 10:55:37 - [MESSAGE][PASSED] - Object 'Object Repository/Pages/Login/userName' is present&#xD;
&#xD;
2019-10-30 10:55:37 - [MESSAGE][PASSED] - Scroll to object 'Object Repository/Pages/Login/userName' successfully&#xD;
&#xD;
2019-10-30 10:55:37 - [MESSAGE][PASSED] - Object 'Object Repository/Pages/Login/userName' is present&#xD;
&#xD;
2019-10-30 10:55:38 - [MESSAGE][PASSED] - Object: 'Object Repository/Pages/Login/userName' is clicked on&#xD;
&#xD;
2019-10-30 10:55:38 - [MESSAGE][PASSED] - Text 'ZenQRetail' is set on object 'Object Repository/Pages/Login/userName'&#xD;
&#xD;
2019-10-30 10:55:38 - [MESSAGE][PASSED] - Object 'Object Repository/Pages/Login/password' is present&#xD;
&#xD;
2019-10-30 10:55:38 - [MESSAGE][PASSED] - Scroll to object 'Object Repository/Pages/Login/password' successfully&#xD;
&#xD;
2019-10-30 10:55:38 - [MESSAGE][PASSED] - Object 'Object Repository/Pages/Login/password' is present&#xD;
&#xD;
2019-10-30 10:55:39 - [MESSAGE][PASSED] - Object: 'Object Repository/Pages/Login/password' is clicked on&#xD;
&#xD;
2019-10-30 10:55:39 - [MESSAGE][PASSED] - Text 'P@ssword1' is set on object 'Object Repository/Pages/Login/password'&#xD;
&#xD;
2019-10-30 10:55:39 - [MESSAGE][INFO] - Safe Click Without scroll&#xD;
&#xD;
2019-10-30 10:55:39 - [MESSAGE][INFO] - 1stPayVault.ts:waiting until Click on Login is Clickable&#xD;
&#xD;
2019-10-30 10:55:39 - [MESSAGE][PASSED] - Object 'Object Repository/Pages/Login/login' is clickable&#xD;
&#xD;
2019-10-30 10:55:40 - [MESSAGE][PASSED] - Object 'Object Repository/Pages/Login/login' is visible&#xD;
&#xD;
2019-10-30 10:55:42 - [MESSAGE][PASSED] - Object: 'Object Repository/Pages/Login/login' is clicked on&#xD;
&#xD;
2019-10-30 10:55:42 - [MESSAGE][INFO] - 1stPayVault.ts: click on the Click on Login&#xD;
&#xD;
2019-10-30 10:55:42 - [MESSAGE][PASSED] - pages.Login.login is PASSED&#xD;
&#xD;
2019-10-30 10:55:42 - [TEST_STEP][PASSED] - callTestCase(findTestCase("FirstView/Login/TC_SendCode"), [:], STOP_ON_FAILURE): Call Test Case 'Test Cases/FirstView/Login/TC_SendCode' successfully&#xD;
&#xD;
2019-10-30 10:55:42 - [TEST_CASE][PASSED] - Test Cases/FirstView/Login/TC_SendCode: Test Cases/FirstView/Login/TC_SendCode&#xD;
&#xD;
2019-10-30 10:55:42 - [TEST_STEP][PASSED] - flag = pages.SendCode.verifyPage(): pages.SendCode.verifyPage is PASSED&#xD;
&#xD;
2019-10-30 10:55:43 - [MESSAGE][PASSED] - Object 'Object Repository/Pages/SendCodeToValidate/header_SendCodeToValidate' is present and visible in viewport&#xD;
&#xD;
2019-10-30 10:55:43 - [MESSAGE][PASSED] - pages.SendCode.verifyPage is PASSED&#xD;
&#xD;
2019-10-30 10:55:43 - [TEST_STEP][PASSED] - if (flag): pages.SendCode.clickonUserSettings is PASSED&#xD;
&#xD;
2019-10-30 10:55:43 - [TEST_STEP][PASSED] - pages.SendCode.clickonUserSettings(): pages.SendCode.clickonUserSettings is PASSED&#xD;
&#xD;
2019-10-30 10:55:43 - [MESSAGE][PASSED] - Object 'Object Repository/Pages/SendCodeToValidate/link_UserSettings' is present&#xD;
&#xD;
2019-10-30 10:55:43 - [MESSAGE][PASSED] - Object 'Object Repository/Pages/SendCodeToValidate/link_UserSettings' is visible&#xD;
&#xD;
2019-10-30 10:55:43 - [MESSAGE][INFO] - 1stPayVault.ts:waiting until Click on User Settings is Clickable&#xD;
&#xD;
2019-10-30 10:55:43 - [MESSAGE][PASSED] - Object 'Object Repository/Pages/SendCodeToValidate/link_UserSettings' is clickable&#xD;
&#xD;
2019-10-30 10:55:43 - [MESSAGE][PASSED] - Object 'Object Repository/Pages/SendCodeToValidate/link_UserSettings' is visible&#xD;
&#xD;
2019-10-30 10:55:46 - [MESSAGE][PASSED] - Object: 'Object Repository/Pages/SendCodeToValidate/link_UserSettings' is clicked on&#xD;
&#xD;
2019-10-30 10:55:46 - [MESSAGE][INFO] - 1stPayVault.ts: Clicked on the Click on User Settings&#xD;
&#xD;
2019-10-30 10:55:46 - [MESSAGE][PASSED] - pages.SendCode.clickonUserSettings is PASSED&#xD;
&#xD;
2019-10-30 10:55:46 - [MESSAGE][PASSED] - Call Test Case 'Test Cases/FirstView/Login/TC_SendCode' successfully&#xD;
&#xD;
2019-10-30 10:55:46 - [TEST_STEP][PASSED] - callTestCase(findTestCase("FirstView/Login/TC_FirstView"), [:], STOP_ON_FAILURE): Call Test Case 'Test Cases/FirstView/Login/TC_FirstView' successfully&#xD;
&#xD;
2019-10-30 10:55:46 - [TEST_CASE][PASSED] - Test Cases/FirstView/Login/TC_FirstView: Test Cases/FirstView/Login/TC_FirstView&#xD;
&#xD;
2019-10-30 10:55:46 - [TEST_STEP][NOT_RUN] - utilities.SafeActions.safeClickWithoutScroll(findTestObject("Pages/FirstView/link_Home"), "Click on Home button in First View screen", [PageLoadTime]): NOT_RUN: utilities.SafeActions.safeClickWithoutScroll(findTestObject("Pages/FirstView/link_Home"), "Click on Home button in First View screen", [PageLoadTime])&#xD;
&#xD;
2019-10-30 10:55:46 - [MESSAGE][NOT_RUN] - NOT_RUN: utilities.SafeActions.safeClickWithoutScroll(findTestObject("Pages/FirstView/link_Home"), "Click on Home button in First View screen", [PageLoadTime])&#xD;
&#xD;
2019-10-30 10:55:46 - [TEST_STEP][PASSED] - delay(3): Delayed 3 second(s)&#xD;
&#xD;
2019-10-30 10:55:49 - [MESSAGE][PASSED] - Delayed 3 second(s)&#xD;
&#xD;
2019-10-30 10:55:49 - [TEST_STEP][PASSED] - utilities.SafeActions.javascriptclick(findTestObject("Pages/FirstView/link_Home"), delayForElement): utilities.SafeActions.javascriptclick is PASSED&#xD;
&#xD;
2019-10-30 10:55:49 - [MESSAGE][PASSED] - utilities.SafeActions.javascriptclick is PASSED&#xD;
&#xD;
2019-10-30 10:55:49 - [TEST_STEP][PASSED] - utilities.SafeActions.safeClickWithoutScroll(findTestObject("Pages/FirstView/link_VPOS"), "Click on VPOS button in First View screen", [PageLoadTime]): utilities.SafeActions.safeClickWithoutScroll is PASSED&#xD;
&#xD;
2019-10-30 10:55:49 - [MESSAGE][INFO] - Safe Click Without scroll&#xD;
&#xD;
2019-10-30 10:55:49 - [MESSAGE][INFO] - 1stPayVault.ts:waiting until Click on VPOS button in First View screen is Clickable&#xD;
&#xD;
2019-10-30 10:55:51 - [MESSAGE][PASSED] - Object 'Object Repository/Pages/FirstView/link_VPOS' is clickable&#xD;
&#xD;
2019-10-30 10:55:51 - [MESSAGE][PASSED] - Object 'Object Repository/Pages/FirstView/link_VPOS' is visible&#xD;
&#xD;
2019-10-30 10:55:52 - [MESSAGE][PASSED] - Object: 'Object Repository/Pages/FirstView/link_VPOS' is clicked on&#xD;
&#xD;
2019-10-30 10:55:52 - [MESSAGE][INFO] - 1stPayVault.ts: click on the Click on VPOS button in First View screen&#xD;
&#xD;
2019-10-30 10:55:52 - [MESSAGE][PASSED] - utilities.SafeActions.safeClickWithoutScroll is PASSED&#xD;
&#xD;
2019-10-30 10:55:52 - [MESSAGE][PASSED] - Call Test Case 'Test Cases/FirstView/Login/TC_FirstView' successfully&#xD;
&#xD;
2019-10-30 10:55:52 - [TEST_STEP][PASSED] - switchToWindowTitle("Transcenter - VPOS"): Switched to window with title: 'Transcenter - VPOS'&#xD;
&#xD;
2019-10-30 10:55:56 - [MESSAGE][PASSED] - Switched to window with title: 'Transcenter - VPOS'&#xD;
&#xD;
2019-10-30 10:55:56 - [TEST_STEP][PASSED] - focus(findTestObject("Pages/FirstPayVault/tab_FirstPayVault")): Object: 'Object Repository/Pages/FirstPayVault/tab_FirstPayVault' is focused&#xD;
&#xD;
2019-10-30 10:56:02 - [MESSAGE][PASSED] - Object: 'Object Repository/Pages/FirstPayVault/tab_FirstPayVault' is focused&#xD;
&#xD;
2019-10-30 10:56:02 - [TEST_STEP][PASSED] - utilities.SafeActions.javascriptclick(findTestObject("Pages/FirstPayVault/tab_FirstPayVault"), PageLoadTime): utilities.SafeActions.javascriptclick is PASSED&#xD;
&#xD;
2019-10-30 10:56:02 - [MESSAGE][PASSED] - utilities.SafeActions.javascriptclick is PASSED&#xD;
&#xD;
2019-10-30 10:56:02 - [TEST_STEP][PASSED] - delay(delayForElement): Delayed 6 second(s)&#xD;
&#xD;
2019-10-30 10:56:08 - [MESSAGE][PASSED] - Delayed 6 second(s)&#xD;
&#xD;
2019-10-30 10:56:08 - [TEST_STEP][PASSED] - utilities.SafeActions.safeClickWithoutScroll(findTestObject("Pages/FirstPayVault/tab_FirstPayVault"), "Click on FistPayVault tab", [delayForElement]): utilities.SafeActions.safeClickWithoutScroll is PASSED&#xD;
&#xD;
2019-10-30 10:56:08 - [MESSAGE][INFO] - Safe Click Without scroll&#xD;
&#xD;
2019-10-30 10:56:08 - [MESSAGE][INFO] - 1stPayVault.ts:waiting until Click on FistPayVault tab is Clickable&#xD;
&#xD;
2019-10-30 10:56:08 - [MESSAGE][PASSED] - Object 'Object Repository/Pages/FirstPayVault/tab_FirstPayVault' is clickable&#xD;
&#xD;
2019-10-30 10:56:08 - [MESSAGE][PASSED] - Object 'Object Repository/Pages/FirstPayVault/tab_FirstPayVault' is visible&#xD;
&#xD;
2019-10-30 10:56:09 - [MESSAGE][PASSED] - Object: 'Object Repository/Pages/FirstPayVault/tab_FirstPayVault' is clicked on&#xD;
&#xD;
2019-10-30 10:56:09 - [MESSAGE][INFO] - 1stPayVault.ts: click on the Click on FistPayVault tab&#xD;
&#xD;
2019-10-30 10:56:09 - [MESSAGE][PASSED] - utilities.SafeActions.safeClickWithoutScroll is PASSED&#xD;
&#xD;
2019-10-30 10:56:09 - [TEST_STEP][PASSED] - utilities.SafeActions.safeClickWithoutScroll(findTestObject("Pages/FirstPayVault/button_CreateVault"), "Click on CreateVault button", [PageLoadTime]): utilities.SafeActions.safeClickWithoutScroll is PASSED&#xD;
&#xD;
2019-10-30 10:56:10 - [MESSAGE][INFO] - Safe Click Without scroll&#xD;
&#xD;
2019-10-30 10:56:10 - [MESSAGE][INFO] - 1stPayVault.ts:waiting until Click on CreateVault button is Clickable&#xD;
&#xD;
2019-10-30 10:56:10 - [MESSAGE][PASSED] - Object 'Object Repository/Pages/FirstPayVault/button_CreateVault' is clickable&#xD;
&#xD;
2019-10-30 10:56:10 - [MESSAGE][PASSED] - Object 'Object Repository/Pages/FirstPayVault/button_CreateVault' is visible&#xD;
&#xD;
2019-10-30 10:56:11 - [MESSAGE][PASSED] - Object: 'Object Repository/Pages/FirstPayVault/button_CreateVault' is clicked on&#xD;
&#xD;
2019-10-30 10:56:11 - [MESSAGE][INFO] - 1stPayVault.ts: click on the Click on CreateVault button&#xD;
&#xD;
2019-10-30 10:56:11 - [MESSAGE][PASSED] - utilities.SafeActions.safeClickWithoutScroll is PASSED&#xD;
&#xD;
2019-10-30 10:56:11 - [TEST_STEP][PASSED] - scrollToElement(findTestObject("Pages/FirstPayVault/input_VaultReferenceNumber"), PageLoadTime): Scroll to object 'Object Repository/Pages/FirstPayVault/input_VaultReferenceNumber' successfully&#xD;
&#xD;
2019-10-30 10:56:11 - [MESSAGE][PASSED] - Scroll to object 'Object Repository/Pages/FirstPayVault/input_VaultReferenceNumber' successfully&#xD;
&#xD;
2019-10-30 10:56:11 - [TEST_STEP][PASSED] - vaultReference = utilities.SafeActions.timeWithMilliSeconds(): utilities.SafeActions.timeWithMilliSeconds is PASSED&#xD;
&#xD;
2019-10-30 10:56:11 - [MESSAGE][PASSED] - utilities.SafeActions.timeWithMilliSeconds is PASSED&#xD;
&#xD;
2019-10-30 10:56:11 - [TEST_STEP][PASSED] - utilities.SafeActions.safeType(findTestObject("Pages/FirstPayVault/input_VaultReferenceNumber"), vaultReference, "Entering Vault Reference Number", [PageLoadTime]): utilities.SafeActions.safeType is PASSED&#xD;
&#xD;
2019-10-30 10:56:11 - [MESSAGE][PASSED] - Object 'Object Repository/Pages/FirstPayVault/input_VaultReferenceNumber' is present&#xD;
&#xD;
2019-10-30 10:56:11 - [MESSAGE][PASSED] - Scroll to object 'Object Repository/Pages/FirstPayVault/input_VaultReferenceNumber' successfully&#xD;
&#xD;
2019-10-30 10:56:11 - [MESSAGE][PASSED] - Object 'Object Repository/Pages/FirstPayVault/input_VaultReferenceNumber' is present&#xD;
&#xD;
2019-10-30 10:56:12 - [MESSAGE][PASSED] - Object: 'Object Repository/Pages/FirstPayVault/input_VaultReferenceNumber' is clicked on&#xD;
&#xD;
2019-10-30 10:56:12 - [MESSAGE][PASSED] - Text '2019-10-30 10:56:11.472' is set on object 'Object Repository/Pages/FirstPayVault/input_VaultReferenceNumber'&#xD;
&#xD;
2019-10-30 10:56:12 - [MESSAGE][PASSED] - utilities.SafeActions.safeType is PASSED&#xD;
&#xD;
2019-10-30 10:56:12 - [TEST_STEP][PASSED] - utilities.SafeActions.safeType(findTestObject("Pages/FirstPayVault/input_CreditCardNumber"), visaCardNumber, "Entering Card Number", [PageLoadTime]): utilities.SafeActions.safeType is PASSED&#xD;
&#xD;
2019-10-30 10:56:12 - [MESSAGE][PASSED] - Object 'Object Repository/Pages/FirstPayVault/input_CreditCardNumber' is present&#xD;
&#xD;
2019-10-30 10:56:12 - [MESSAGE][PASSED] - Scroll to object 'Object Repository/Pages/FirstPayVault/input_CreditCardNumber' successfully&#xD;
&#xD;
2019-10-30 10:56:12 - [MESSAGE][PASSED] - Object 'Object Repository/Pages/FirstPayVault/input_CreditCardNumber' is present&#xD;
&#xD;
2019-10-30 10:56:13 - [MESSAGE][PASSED] - Object: 'Object Repository/Pages/FirstPayVault/input_CreditCardNumber' is clicked on&#xD;
&#xD;
2019-10-30 10:56:14 - [MESSAGE][PASSED] - Text '4111111111111111' is set on object 'Object Repository/Pages/FirstPayVault/input_CreditCardNumber'&#xD;
&#xD;
2019-10-30 10:56:14 - [MESSAGE][PASSED] - utilities.SafeActions.safeType is PASSED&#xD;
&#xD;
2019-10-30 10:56:14 - [TEST_STEP][NOT_RUN] - delay(4): NOT_RUN: delay(4)&#xD;
&#xD;
2019-10-30 10:56:14 - [MESSAGE][NOT_RUN] - NOT_RUN: delay(4)&#xD;
&#xD;
2019-10-30 10:56:14 - [TEST_STEP][PASSED] - utilities.SafeActions.safeSelectOptionInDropDownByVisibleText(findTestObject("Pages/FirstPayVault/dropDown_ExpirationMonth"), cardMonth, "Expiration Month", [PageLoadTime]): utilities.SafeActions.safeSelectOptionInDropDownByVisibleText is PASSED&#xD;
&#xD;
2019-10-30 10:56:14 - [MESSAGE][PASSED] - Object 'Object Repository/Pages/FirstPayVault/dropDown_ExpirationMonth' is visible&#xD;
&#xD;
2019-10-30 10:56:14 - [MESSAGE][PASSED] - Object 'Object Repository/Pages/FirstPayVault/dropDown_ExpirationMonth' is present&#xD;
&#xD;
2019-10-30 10:56:15 - [MESSAGE][PASSED] - Object: 'Object Repository/Pages/FirstPayVault/dropDown_ExpirationMonth' is clicked on&#xD;
&#xD;
2019-10-30 10:56:15 - [MESSAGE][PASSED] - All options with label 'September' are selected in object 'Object Repository/Pages/FirstPayVault/dropDown_ExpirationMonth' &#xD;
&#xD;
2019-10-30 10:56:15 - [MESSAGE][PASSED] - utilities.SafeActions.safeSelectOptionInDropDownByVisibleText is PASSED&#xD;
&#xD;
2019-10-30 10:56:15 - [TEST_STEP][PASSED] - utilities.SafeActions.safeSelectOptionInDropDownByVisibleText(findTestObject("Pages/FirstPayVault/dropDown_ExpirationYear"), cardYear, "year", [PageLoadTime]): utilities.SafeActions.safeSelectOptionInDropDownByVisibleText is PASSED&#xD;
&#xD;
2019-10-30 10:56:15 - [MESSAGE][PASSED] - Object 'Object Repository/Pages/FirstPayVault/dropDown_ExpirationYear' is visible&#xD;
&#xD;
2019-10-30 10:56:15 - [MESSAGE][PASSED] - Object 'Object Repository/Pages/FirstPayVault/dropDown_ExpirationYear' is present&#xD;
&#xD;
2019-10-30 10:56:16 - [MESSAGE][PASSED] - Object: 'Object Repository/Pages/FirstPayVault/dropDown_ExpirationYear' is clicked on&#xD;
&#xD;
2019-10-30 10:56:16 - [MESSAGE][PASSED] - All options with label '2022' are selected in object 'Object Repository/Pages/FirstPayVault/dropDown_ExpirationYear' &#xD;
&#xD;
2019-10-30 10:56:16 - [MESSAGE][PASSED] - utilities.SafeActions.safeSelectOptionInDropDownByVisibleText is PASSED&#xD;
&#xD;
2019-10-30 10:56:16 - [TEST_STEP][NOT_RUN] - delay(2): NOT_RUN: delay(2)&#xD;
&#xD;
2019-10-30 10:56:16 - [MESSAGE][NOT_RUN] - NOT_RUN: delay(2)&#xD;
&#xD;
2019-10-30 10:56:16 - [TEST_STEP][PASSED] - utilities.SafeActions.safeType(findTestObject("Pages/FirstPayVault/input_ContactName"), customerName, "Enter Contact Name", [PageLoadTime]): utilities.SafeActions.safeType is PASSED&#xD;
&#xD;
2019-10-30 10:56:17 - [MESSAGE][PASSED] - Object 'Object Repository/Pages/FirstPayVault/input_ContactName' is present&#xD;
&#xD;
2019-10-30 10:56:17 - [MESSAGE][PASSED] - Scroll to object 'Object Repository/Pages/FirstPayVault/input_ContactName' successfully&#xD;
&#xD;
2019-10-30 10:56:17 - [MESSAGE][PASSED] - Object 'Object Repository/Pages/FirstPayVault/input_ContactName' is present&#xD;
&#xD;
2019-10-30 10:56:17 - [MESSAGE][PASSED] - Object: 'Object Repository/Pages/FirstPayVault/input_ContactName' is clicked on&#xD;
&#xD;
2019-10-30 10:56:18 - [MESSAGE][PASSED] - Text 'Venkat Sai' is set on object 'Object Repository/Pages/FirstPayVault/input_ContactName'&#xD;
&#xD;
2019-10-30 10:56:18 - [MESSAGE][PASSED] - utilities.SafeActions.safeType is PASSED&#xD;
&#xD;
2019-10-30 10:56:18 - [TEST_STEP][PASSED] - utilities.SafeActions.safeType(findTestObject("Pages/FirstPayVault/input_PostalCode"), postalCode, "Enter Postal Code", [PageLoadTime]): utilities.SafeActions.safeType is PASSED&#xD;
&#xD;
2019-10-30 10:56:18 - [MESSAGE][PASSED] - Object 'Object Repository/Pages/FirstPayVault/input_PostalCode' is present&#xD;
&#xD;
2019-10-30 10:56:18 - [MESSAGE][PASSED] - Scroll to object 'Object Repository/Pages/FirstPayVault/input_PostalCode' successfully&#xD;
&#xD;
2019-10-30 10:56:18 - [MESSAGE][PASSED] - Object 'Object Repository/Pages/FirstPayVault/input_PostalCode' is present&#xD;
&#xD;
2019-10-30 10:56:19 - [MESSAGE][PASSED] - Object: 'Object Repository/Pages/FirstPayVault/input_PostalCode' is clicked on&#xD;
&#xD;
2019-10-30 10:56:19 - [MESSAGE][PASSED] - Text '76102' is set on object 'Object Repository/Pages/FirstPayVault/input_PostalCode'&#xD;
&#xD;
2019-10-30 10:56:19 - [MESSAGE][PASSED] - utilities.SafeActions.safeType is PASSED&#xD;
&#xD;
2019-10-30 10:56:19 - [TEST_STEP][PASSED] - utilities.SafeActions.safeType(findTestObject("Pages/FirstPayVault/input_Address"), address, "Enter ddress", [PageLoadTime]): utilities.SafeActions.safeType is PASSED&#xD;
&#xD;
2019-10-30 10:56:20 - [MESSAGE][PASSED] - Object 'Object Repository/Pages/FirstPayVault/input_Address' is present&#xD;
&#xD;
2019-10-30 10:56:20 - [MESSAGE][PASSED] - Scroll to object 'Object Repository/Pages/FirstPayVault/input_Address' successfully&#xD;
&#xD;
2019-10-30 10:56:20 - [MESSAGE][PASSED] - Object 'Object Repository/Pages/FirstPayVault/input_Address' is present&#xD;
&#xD;
2019-10-30 10:56:21 - [MESSAGE][PASSED] - Object: 'Object Repository/Pages/FirstPayVault/input_Address' is clicked on&#xD;
&#xD;
2019-10-30 10:56:21 - [MESSAGE][PASSED] - Text 'Street123' is set on object 'Object Repository/Pages/FirstPayVault/input_Address'&#xD;
&#xD;
2019-10-30 10:56:21 - [MESSAGE][PASSED] - utilities.SafeActions.safeType is PASSED&#xD;
&#xD;
2019-10-30 10:56:21 - [TEST_STEP][PASSED] - utilities.SafeActions.safeCheckForElement(findTestObject("Pages/FirstPayVault/chekBox_AddShippingInformation"), PageLoadTime): utilities.SafeActions.safeCheckForElement is PASSED&#xD;
&#xD;
2019-10-30 10:56:21 - [MESSAGE][PASSED] - Object 'Object Repository/Pages/FirstPayVault/chekBox_AddShippingInformation' is present&#xD;
&#xD;
2019-10-30 10:56:21 - [MESSAGE][PASSED] - Object 'Object Repository/Pages/FirstPayVault/chekBox_AddShippingInformation' is visible&#xD;
&#xD;
2019-10-30 10:56:21 - [MESSAGE][PASSED] - Object 'Object Repository/Pages/FirstPayVault/chekBox_AddShippingInformation' is present&#xD;
&#xD;
2019-10-30 10:56:22 - [MESSAGE][PASSED] - Object 'Object Repository/Pages/FirstPayVault/chekBox_AddShippingInformation' is checked&#xD;
&#xD;
2019-10-30 10:56:22 - [MESSAGE][PASSED] - utilities.SafeActions.safeCheckForElement is PASSED&#xD;
&#xD;
2019-10-30 10:56:22 - [TEST_STEP][PASSED] - utilities.SafeActions.safeType(findTestObject("Pages/FirstPayVault/input_ShippingMethod"), shippingMethod, "Enter Shipping Method", [PageLoadTime]): utilities.SafeActions.safeType is PASSED&#xD;
&#xD;
2019-10-30 10:56:22 - [MESSAGE][PASSED] - Object 'Object Repository/Pages/FirstPayVault/input_ShippingMethod' is present&#xD;
&#xD;
2019-10-30 10:56:23 - [MESSAGE][PASSED] - Scroll to object 'Object Repository/Pages/FirstPayVault/input_ShippingMethod' successfully&#xD;
&#xD;
2019-10-30 10:56:23 - [MESSAGE][PASSED] - Object 'Object Repository/Pages/FirstPayVault/input_ShippingMethod' is present&#xD;
&#xD;
2019-10-30 10:56:23 - [MESSAGE][PASSED] - Object: 'Object Repository/Pages/FirstPayVault/input_ShippingMethod' is clicked on&#xD;
&#xD;
2019-10-30 10:56:23 - [MESSAGE][PASSED] - Text 'DTDC' is set on object 'Object Repository/Pages/FirstPayVault/input_ShippingMethod'&#xD;
&#xD;
2019-10-30 10:56:23 - [MESSAGE][PASSED] - utilities.SafeActions.safeType is PASSED&#xD;
&#xD;
2019-10-30 10:56:23 - [TEST_STEP][PASSED] - utilities.SafeActions.safeCheckForElement(findTestObject("Pages/FirstPayVault/checkbox_SameAsBillingInformation"), PageLoadTime): utilities.SafeActions.safeCheckForElement is PASSED&#xD;
&#xD;
2019-10-30 10:56:24 - [MESSAGE][PASSED] - Object 'Object Repository/Pages/FirstPayVault/checkbox_SameAsBillingInformation' is present&#xD;
&#xD;
2019-10-30 10:56:24 - [MESSAGE][PASSED] - Object 'Object Repository/Pages/FirstPayVault/checkbox_SameAsBillingInformation' is visible&#xD;
&#xD;
2019-10-30 10:56:24 - [MESSAGE][PASSED] - Object 'Object Repository/Pages/FirstPayVault/checkbox_SameAsBillingInformation' is present&#xD;
&#xD;
2019-10-30 10:56:25 - [MESSAGE][PASSED] - Object 'Object Repository/Pages/FirstPayVault/checkbox_SameAsBillingInformation' is checked&#xD;
&#xD;
2019-10-30 10:56:25 - [MESSAGE][PASSED] - utilities.SafeActions.safeCheckForElement is PASSED&#xD;
&#xD;
2019-10-30 10:56:25 - [TEST_STEP][PASSED] - utilities.SafeActions.safeClickwithScroll(findTestObject("Pages/FirstPayVault/button_Create"), "Click on Create Button", [PageLoadTime]): utilities.SafeActions.safeClickwithScroll is PASSED&#xD;
&#xD;
2019-10-30 10:56:25 - [MESSAGE][PASSED] - Object 'Object Repository/Pages/FirstPayVault/button_Create' is present&#xD;
&#xD;
2019-10-30 10:56:25 - [MESSAGE][PASSED] - Object 'Object Repository/Pages/FirstPayVault/button_Create' is visible&#xD;
&#xD;
2019-10-30 10:56:25 - [MESSAGE][INFO] - 1stPayVault.ts:waiting until Click on Create Button is Clickable&#xD;
&#xD;
2019-10-30 10:56:25 - [MESSAGE][PASSED] - Object 'Object Repository/Pages/FirstPayVault/button_Create' is clickable&#xD;
&#xD;
2019-10-30 10:56:25 - [MESSAGE][PASSED] - Object 'Object Repository/Pages/FirstPayVault/button_Create' is visible&#xD;
&#xD;
2019-10-30 10:56:26 - [MESSAGE][PASSED] - Object: 'Object Repository/Pages/FirstPayVault/button_Create' is clicked on&#xD;
&#xD;
2019-10-30 10:56:26 - [MESSAGE][INFO] - 1stPayVault.ts: Clicked on the Click on Create Button&#xD;
&#xD;
2019-10-30 10:56:26 - [MESSAGE][PASSED] - utilities.SafeActions.safeClickwithScroll is PASSED&#xD;
&#xD;
2019-10-30 10:56:26 - [TEST_STEP][NOT_RUN] - delay(2): NOT_RUN: delay(2)&#xD;
&#xD;
2019-10-30 10:56:26 - [MESSAGE][NOT_RUN] - NOT_RUN: delay(2)&#xD;
&#xD;
2019-10-30 10:56:26 - [TEST_STEP][PASSED] - popupSavedToVaultMessage = utilities.SafeActions.safeGetText(findTestObject("Pages/FirstPayVault/popup_SavedToVaultMessage"), PageLoadTime): utilities.SafeActions.safeGetText is PASSED&#xD;
&#xD;
2019-10-30 10:56:26 - [MESSAGE][PASSED] - Object 'Object Repository/Pages/FirstPayVault/popup_SavedToVaultMessage' is present&#xD;
&#xD;
2019-10-30 10:56:27 - [MESSAGE][PASSED] - Scroll to object 'Object Repository/Pages/FirstPayVault/popup_SavedToVaultMessage' successfully&#xD;
&#xD;
2019-10-30 10:56:27 - [MESSAGE][PASSED] - Object 'Object Repository/Pages/FirstPayVault/popup_SavedToVaultMessage' is present&#xD;
&#xD;
2019-10-30 10:56:27 - [MESSAGE][PASSED] - Text of object 'Object Repository/Pages/FirstPayVault/popup_SavedToVaultMessage' is: 'Successfully Saved to Vault'&#xD;
&#xD;
2019-10-30 10:56:27 - [MESSAGE][PASSED] - utilities.SafeActions.safeGetText is PASSED&#xD;
&#xD;
2019-10-30 10:56:27 - [TEST_STEP][PASSED] - flag = utilities.SafeActions.verifyPopupMessage("Successfully Saved to Vault", popupSavedToVaultMessage): Popup Message : Successfully Saved to Vault matched with expected message : Successfully Saved to Vault&#xD;
&#xD;
2019-10-30 10:56:27 - [MESSAGE][PASSED] - Popup Message : Successfully Saved to Vault matched with expected message : Successfully Saved to Vault&#xD;
&#xD;
2019-10-30 10:56:27 - [TEST_STEP][NOT_RUN] - delay(2): NOT_RUN: delay(2)&#xD;
&#xD;
2019-10-30 10:56:27 - [MESSAGE][NOT_RUN] - NOT_RUN: delay(2)&#xD;
&#xD;
2019-10-30 10:56:27 - [TEST_STEP][PASSED] - utilities.SafeActions.safeClickWithoutScroll(findTestObject("Pages/FirstPayVault/button_RunSaleWithThisVault_InPopup"), "Click on Run Sale With This Vault in Popup", [delayBetweenTestSteps]): utilities.SafeActions.safeClickWithoutScroll is PASSED&#xD;
&#xD;
2019-10-30 10:56:27 - [MESSAGE][INFO] - Safe Click Without scroll&#xD;
&#xD;
2019-10-30 10:56:27 - [MESSAGE][INFO] - 1stPayVault.ts:waiting until Click on Run Sale With This Vault in Popup is Clickable&#xD;
&#xD;
2019-10-30 10:56:28 - [MESSAGE][PASSED] - Object 'Object Repository/Pages/FirstPayVault/button_RunSaleWithThisVault_InPopup' is clickable&#xD;
&#xD;
2019-10-30 10:56:28 - [MESSAGE][PASSED] - Object 'Object Repository/Pages/FirstPayVault/button_RunSaleWithThisVault_InPopup' is visible&#xD;
&#xD;
2019-10-30 10:56:29 - [MESSAGE][PASSED] - Object: 'Object Repository/Pages/FirstPayVault/button_RunSaleWithThisVault_InPopup' is clicked on&#xD;
&#xD;
2019-10-30 10:56:29 - [MESSAGE][INFO] - 1stPayVault.ts: click on the Click on Run Sale With This Vault in Popup&#xD;
&#xD;
2019-10-30 10:56:29 - [MESSAGE][PASSED] - utilities.SafeActions.safeClickWithoutScroll is PASSED&#xD;
&#xD;
2019-10-30 10:56:29 - [TEST_STEP][NOT_RUN] - delay(1): NOT_RUN: delay(1)&#xD;
&#xD;
2019-10-30 10:56:29 - [MESSAGE][NOT_RUN] - NOT_RUN: delay(1)&#xD;
&#xD;
2019-10-30 10:56:29 - [TEST_STEP][PASSED] - value = utilities.SafeActions.getAttributeValue(findTestObject("Pages/FirstPayVault/tab_1stPayVault_Active"), "1st_PayVault"): The screen is 1st_PayVault screen&#xD;
&#xD;
2019-10-30 10:56:29 - [MESSAGE][PASSED] - Attribute 'class' of object 'Object Repository/Pages/FirstPayVault/tab_1stPayVault_Active' is: 'active_tab tabs__link'&#xD;
&#xD;
2019-10-30 10:56:29 - [MESSAGE][PASSED] - The screen is 1st_PayVault screen&#xD;
&#xD;
2019-10-30 10:56:29 - [TEST_STEP][PASSED] - scrollToElement(findTestObject("Pages/FirstPayVault/input_Amount"), PageLoadTime): Scroll to object 'Object Repository/Pages/FirstPayVault/input_Amount' successfully&#xD;
&#xD;
2019-10-30 10:56:29 - [MESSAGE][PASSED] - Scroll to object 'Object Repository/Pages/FirstPayVault/input_Amount' successfully&#xD;
&#xD;
2019-10-30 10:56:29 - [TEST_STEP][PASSED] - utilities.SafeActions.safeType(findTestObject("Pages/FirstPayVault/input_Amount"), amount, "Enter Amount", [PageLoadTime]): utilities.SafeActions.safeType is PASSED&#xD;
&#xD;
2019-10-30 10:56:29 - [MESSAGE][PASSED] - Object 'Object Repository/Pages/FirstPayVault/input_Amount' is present&#xD;
&#xD;
2019-10-30 10:56:30 - [MESSAGE][PASSED] - Scroll to object 'Object Repository/Pages/FirstPayVault/input_Amount' successfully&#xD;
&#xD;
2019-10-30 10:56:30 - [MESSAGE][PASSED] - Object 'Object Repository/Pages/FirstPayVault/input_Amount' is present&#xD;
&#xD;
2019-10-30 10:56:31 - [MESSAGE][PASSED] - Object: 'Object Repository/Pages/FirstPayVault/input_Amount' is clicked on&#xD;
&#xD;
2019-10-30 10:56:31 - [MESSAGE][PASSED] - Text '450' is set on object 'Object Repository/Pages/FirstPayVault/input_Amount'&#xD;
&#xD;
2019-10-30 10:56:31 - [MESSAGE][PASSED] - utilities.SafeActions.safeType is PASSED&#xD;
&#xD;
2019-10-30 10:56:31 - [TEST_STEP][PASSED] - salesTax = utilities.SafeActions.safeGetText(findTestObject("Pages/FirstPayVault/input_SalesTaxUnderAmount"), delayBetweenTestSteps): utilities.SafeActions.safeGetText is PASSED&#xD;
&#xD;
2019-10-30 10:56:31 - [MESSAGE][PASSED] - Object 'Object Repository/Pages/FirstPayVault/input_SalesTaxUnderAmount' is present&#xD;
&#xD;
2019-10-30 10:56:31 - [MESSAGE][PASSED] - Scroll to object 'Object Repository/Pages/FirstPayVault/input_SalesTaxUnderAmount' successfully&#xD;
&#xD;
2019-10-30 10:56:31 - [MESSAGE][PASSED] - Object 'Object Repository/Pages/FirstPayVault/input_SalesTaxUnderAmount' is present&#xD;
&#xD;
2019-10-30 10:56:32 - [MESSAGE][PASSED] - Text of object 'Object Repository/Pages/FirstPayVault/input_SalesTaxUnderAmount' is: '$37.13'&#xD;
&#xD;
2019-10-30 10:56:32 - [MESSAGE][PASSED] - utilities.SafeActions.safeGetText is PASSED&#xD;
&#xD;
2019-10-30 10:56:32 - [TEST_STEP][PASSED] - pages.FirstPayVault.verifyAmountIsNotZero(salesTax): pages.FirstPayVault.verifyAmountIsNotZero is PASSED&#xD;
&#xD;
2019-10-30 10:56:32 - [MESSAGE][PASSED] - pages.FirstPayVault.verifyAmountIsNotZero is PASSED&#xD;
&#xD;
2019-10-30 10:56:32 - [TEST_STEP][PASSED] - scrollToElement(findTestObject("Pages/FirstPayVault/input_CreditCardNumberForVerification"), delayBetweenTestSteps): Scroll to object 'Object Repository/Pages/FirstPayVault/input_CreditCardNumberForVerification' successfully&#xD;
&#xD;
2019-10-30 10:56:32 - [MESSAGE][PASSED] - Scroll to object 'Object Repository/Pages/FirstPayVault/input_CreditCardNumberForVerification' successfully&#xD;
&#xD;
2019-10-30 10:56:32 - [TEST_STEP][PASSED] - cardNumber = utilities.SafeActions.getAttribute(findTestObject("Pages/FirstPayVault/input_CreditCardNumberForVerification"), "1st Pay Vault"): utilities.SafeActions.getAttribute is PASSED&#xD;
&#xD;
2019-10-30 10:56:32 - [MESSAGE][PASSED] - Attribute 'value' of object 'Object Repository/Pages/FirstPayVault/input_CreditCardNumberForVerification' is: '411111******1111'&#xD;
&#xD;
2019-10-30 10:56:32 - [MESSAGE][PASSED] - utilities.SafeActions.getAttribute is PASSED&#xD;
&#xD;
2019-10-30 10:56:32 - [TEST_STEP][PASSED] - pages.FirstPayVault.verifyCardNumber(cardNumber, visaCardNumber): Actual String : 4111111111111111 matched with Expected message : 411111******1111&#xD;
&#xD;
2019-10-30 10:56:32 - [MESSAGE][PASSED] - Actual String : 4111111111111111 matched with Expected message : 411111******1111&#xD;
&#xD;
2019-10-30 10:56:32 - [TEST_STEP][PASSED] - expirationYear = utilities.SafeActions.getAttribute(findTestObject("Pages/FirstPayVault/dropDownExpirationYearForVerification"), "1st Pay Vault"): utilities.SafeActions.getAttribute is PASSED&#xD;
&#xD;
2019-10-30 10:56:32 - [MESSAGE][PASSED] - Attribute 'value' of object 'Object Repository/Pages/FirstPayVault/dropDownExpirationYearForVerification' is: '2022'&#xD;
&#xD;
2019-10-30 10:56:32 - [MESSAGE][PASSED] - utilities.SafeActions.getAttribute is PASSED&#xD;
&#xD;
2019-10-30 10:56:32 - [TEST_STEP][PASSED] - pages.FirstPayVault.verifyStrings(expirationYear, cardYear): Actual String : 2022 matched with Expected message : 2022&#xD;
&#xD;
2019-10-30 10:56:32 - [MESSAGE][PASSED] - Actual String : 2022 matched with Expected message : 2022&#xD;
&#xD;
2019-10-30 10:56:32 - [TEST_STEP][PASSED] - scrollToElement(findTestObject("Pages/FirstPayVault/input_VerifyCardHolderName"), PageLoadTime): Scroll to object 'Object Repository/Pages/FirstPayVault/input_VerifyCardHolderName' successfully&#xD;
&#xD;
2019-10-30 10:56:33 - [MESSAGE][PASSED] - Scroll to object 'Object Repository/Pages/FirstPayVault/input_VerifyCardHolderName' successfully&#xD;
&#xD;
2019-10-30 10:56:33 - [TEST_STEP][PASSED] - name = utilities.SafeActions.getAttribute(findTestObject("Pages/FirstPayVault/input_VerifyCardHolderName"), "1stPayVault"): utilities.SafeActions.getAttribute is PASSED&#xD;
&#xD;
2019-10-30 10:56:33 - [MESSAGE][PASSED] - Attribute 'value' of object 'Object Repository/Pages/FirstPayVault/input_VerifyCardHolderName' is: 'Venkat Sai'&#xD;
&#xD;
2019-10-30 10:56:33 - [MESSAGE][PASSED] - utilities.SafeActions.getAttribute is PASSED&#xD;
&#xD;
2019-10-30 10:56:33 - [TEST_STEP][PASSED] - pages.FirstPayVault.verifyStrings(name, customerName): Actual String : Venkat Sai matched with Expected message : Venkat Sai&#xD;
&#xD;
2019-10-30 10:56:33 - [MESSAGE][PASSED] - Actual String : Venkat Sai matched with Expected message : Venkat Sai&#xD;
&#xD;
2019-10-30 10:56:33 - [TEST_STEP][PASSED] - scrollToElement(findTestObject("Pages/FirstPayVault/checkbox_TaxExempt"), PageLoadTime): Scroll to object 'Object Repository/Pages/FirstPayVault/checkbox_TaxExempt' successfully&#xD;
&#xD;
2019-10-30 10:56:33 - [MESSAGE][PASSED] - Scroll to object 'Object Repository/Pages/FirstPayVault/checkbox_TaxExempt' successfully&#xD;
&#xD;
2019-10-30 10:56:33 - [TEST_STEP][NOT_RUN] - salesTax = utilities.SafeActions.safeGetText(findTestObject("Pages/FirstPayVault/amount_UnderPurchaseCardInformation"), delayBetweenTestSteps): NOT_RUN: salesTax = utilities.SafeActions.safeGetText(findTestObject("Pages/FirstPayVault/amount_UnderPurchaseCardInformation"), delayBetweenTestSteps)&#xD;
&#xD;
2019-10-30 10:56:33 - [MESSAGE][NOT_RUN] - NOT_RUN: salesTax = utilities.SafeActions.safeGetText(findTestObject("Pages/FirstPayVault/amount_UnderPurchaseCardInformation"), delayBetweenTestSteps)&#xD;
&#xD;
2019-10-30 10:56:33 - [TEST_STEP][PASSED] - pages.FirstPayVault.verifyAmountIsNotZero(salesTax): pages.FirstPayVault.verifyAmountIsNotZero is PASSED&#xD;
&#xD;
2019-10-30 10:56:33 - [MESSAGE][PASSED] - pages.FirstPayVault.verifyAmountIsNotZero is PASSED&#xD;
&#xD;
2019-10-30 10:56:33 - [TEST_STEP][PASSED] - utilities.SafeActions.safeCheckForElement(findTestObject("Pages/FirstPayVault/checkbox_TaxExempt"), PageLoadTime): utilities.SafeActions.safeCheckForElement is PASSED&#xD;
&#xD;
2019-10-30 10:56:33 - [MESSAGE][PASSED] - Object 'Object Repository/Pages/FirstPayVault/checkbox_TaxExempt' is present&#xD;
&#xD;
2019-10-30 10:56:33 - [MESSAGE][PASSED] - Object 'Object Repository/Pages/FirstPayVault/checkbox_TaxExempt' is visible&#xD;
&#xD;
2019-10-30 10:56:33 - [MESSAGE][PASSED] - Object 'Object Repository/Pages/FirstPayVault/checkbox_TaxExempt' is present&#xD;
&#xD;
2019-10-30 10:56:34 - [MESSAGE][PASSED] - Object 'Object Repository/Pages/FirstPayVault/checkbox_TaxExempt' is checked&#xD;
&#xD;
2019-10-30 10:56:34 - [MESSAGE][PASSED] - utilities.SafeActions.safeCheckForElement is PASSED&#xD;
&#xD;
2019-10-30 10:56:34 - [TEST_STEP][PASSED] - utilities.SafeActions.safeClickwithScroll(findTestObject("Pages/FirstPayVault/button_Checkout"), "Click on Checkout", [PageLoadTime]): utilities.SafeActions.safeClickwithScroll is PASSED&#xD;
&#xD;
2019-10-30 10:56:34 - [MESSAGE][PASSED] - Object 'Object Repository/Pages/FirstPayVault/button_Checkout' is present&#xD;
&#xD;
2019-10-30 10:56:34 - [MESSAGE][PASSED] - Object 'Object Repository/Pages/FirstPayVault/button_Checkout' is visible&#xD;
&#xD;
2019-10-30 10:56:34 - [MESSAGE][INFO] - 1stPayVault.ts:waiting until Click on Checkout is Clickable&#xD;
&#xD;
2019-10-30 10:56:34 - [MESSAGE][PASSED] - Object 'Object Repository/Pages/FirstPayVault/button_Checkout' is clickable&#xD;
&#xD;
2019-10-30 10:56:35 - [MESSAGE][PASSED] - Object 'Object Repository/Pages/FirstPayVault/button_Checkout' is visible&#xD;
&#xD;
2019-10-30 10:56:35 - [MESSAGE][PASSED] - Object: 'Object Repository/Pages/FirstPayVault/button_Checkout' is clicked on&#xD;
&#xD;
2019-10-30 10:56:35 - [MESSAGE][INFO] - 1stPayVault.ts: Clicked on the Click on Checkout&#xD;
&#xD;
2019-10-30 10:56:35 - [MESSAGE][PASSED] - utilities.SafeActions.safeClickwithScroll is PASSED&#xD;
&#xD;
2019-10-30 10:56:35 - [TEST_STEP][PASSED] - pages.Sale.verifyTransactionCompletePage(findTestObject("Pages/Sale/heading_TransactionComplete")): The screen is Transaction Complete screen&#xD;
&#xD;
2019-10-30 10:56:36 - [MESSAGE][PASSED] - Object 'Object Repository/Pages/Sale/heading_TransactionComplete' is present&#xD;
&#xD;
2019-10-30 10:56:36 - [MESSAGE][PASSED] - The screen is Transaction Complete screen&#xD;
&#xD;
2019-10-30 10:56:36 - [TEST_STEP][NOT_RUN] - delay(delayBetweenTestSteps): NOT_RUN: delay(delayBetweenTestSteps)&#xD;
&#xD;
2019-10-30 10:56:36 - [MESSAGE][NOT_RUN] - NOT_RUN: delay(delayBetweenTestSteps)&#xD;
&#xD;
2019-10-30 10:56:36 - [TEST_STEP][PASSED] - utilities.SafeActions.safeClickWithoutScroll(findTestObject("Pages/FirstPayVault/button_ReturnToSale_InTransactionComplete"), "Click On Return Button", [PageLoadTime]): utilities.SafeActions.safeClickWithoutScroll is PASSED&#xD;
&#xD;
2019-10-30 10:56:36 - [MESSAGE][INFO] - Safe Click Without scroll&#xD;
&#xD;
2019-10-30 10:56:36 - [MESSAGE][INFO] - 1stPayVault.ts:waiting until Click On Return Button is Clickable&#xD;
&#xD;
2019-10-30 10:56:36 - [MESSAGE][PASSED] - Object 'Object Repository/Pages/FirstPayVault/button_ReturnToSale_InTransactionComplete' is clickable&#xD;
&#xD;
2019-10-30 10:56:36 - [MESSAGE][PASSED] - Object 'Object Repository/Pages/FirstPayVault/button_ReturnToSale_InTransactionComplete' is visible&#xD;
&#xD;
2019-10-30 10:56:37 - [MESSAGE][PASSED] - Object: 'Object Repository/Pages/FirstPayVault/button_ReturnToSale_InTransactionComplete' is clicked on&#xD;
&#xD;
2019-10-30 10:56:37 - [MESSAGE][INFO] - 1stPayVault.ts: click on the Click On Return Button&#xD;
&#xD;
2019-10-30 10:56:37 - [MESSAGE][PASSED] - utilities.SafeActions.safeClickWithoutScroll is PASSED&#xD;
&#xD;
2019-10-30 10:56:37 - [TEST_STEP][PASSED] - utilities.SafeActions.safeClickWithoutScroll(findTestObject("Pages/FirstPayVault/tab_FirstPayVault"), "Click on FirstPayVault tab", [PageLoadTime]): utilities.SafeActions.safeClickWithoutScroll is PASSED&#xD;
&#xD;
2019-10-30 10:56:38 - [MESSAGE][INFO] - Safe Click Without scroll&#xD;
&#xD;
2019-10-30 10:56:38 - [MESSAGE][INFO] - 1stPayVault.ts:waiting until Click on FirstPayVault tab is Clickable&#xD;
&#xD;
2019-10-30 10:56:38 - [MESSAGE][PASSED] - Object 'Object Repository/Pages/FirstPayVault/tab_FirstPayVault' is clickable&#xD;
&#xD;
2019-10-30 10:56:38 - [MESSAGE][PASSED] - Object 'Object Repository/Pages/FirstPayVault/tab_FirstPayVault' is visible&#xD;
&#xD;
2019-10-30 10:56:39 - [MESSAGE][PASSED] - Object: 'Object Repository/Pages/FirstPayVault/tab_FirstPayVault' is clicked on&#xD;
&#xD;
2019-10-30 10:56:39 - [MESSAGE][INFO] - 1stPayVault.ts: click on the Click on FirstPayVault tab&#xD;
&#xD;
2019-10-30 10:56:39 - [MESSAGE][PASSED] - utilities.SafeActions.safeClickWithoutScroll is PASSED&#xD;
&#xD;
2019-10-30 10:56:39 - [TEST_STEP][PASSED] - utilities.SafeActions.safeClickwithScroll(findTestObject("Pages/FirstPayVault/button_SearchVault"), "Click on Search Vault", [PageLoadTime]): utilities.SafeActions.safeClickwithScroll is PASSED&#xD;
&#xD;
2019-10-30 10:56:39 - [MESSAGE][PASSED] - Object 'Object Repository/Pages/FirstPayVault/button_SearchVault' is present&#xD;
&#xD;
2019-10-30 10:56:39 - [MESSAGE][PASSED] - Object 'Object Repository/Pages/FirstPayVault/button_SearchVault' is visible&#xD;
&#xD;
2019-10-30 10:56:39 - [MESSAGE][INFO] - 1stPayVault.ts:waiting until Click on Search Vault is Clickable&#xD;
&#xD;
2019-10-30 10:56:39 - [MESSAGE][PASSED] - Object 'Object Repository/Pages/FirstPayVault/button_SearchVault' is clickable&#xD;
&#xD;
2019-10-30 10:56:39 - [MESSAGE][PASSED] - Object 'Object Repository/Pages/FirstPayVault/button_SearchVault' is visible&#xD;
&#xD;
2019-10-30 10:56:40 - [MESSAGE][PASSED] - Object: 'Object Repository/Pages/FirstPayVault/button_SearchVault' is clicked on&#xD;
&#xD;
2019-10-30 10:56:40 - [MESSAGE][INFO] - 1stPayVault.ts: Clicked on the Click on Search Vault&#xD;
&#xD;
2019-10-30 10:56:40 - [MESSAGE][PASSED] - utilities.SafeActions.safeClickwithScroll is PASSED&#xD;
&#xD;
2019-10-30 10:56:40 - [TEST_STEP][PASSED] - utilities.SafeActions.safeClickWithoutScroll(findTestObject("Pages/FirstPayVault/button_Search"), "Click On Search button", [PageLoadTime]): utilities.SafeActions.safeClickWithoutScroll is PASSED&#xD;
&#xD;
2019-10-30 10:56:40 - [MESSAGE][INFO] - Safe Click Without scroll&#xD;
&#xD;
2019-10-30 10:56:40 - [MESSAGE][INFO] - 1stPayVault.ts:waiting until Click On Search button is Clickable&#xD;
&#xD;
2019-10-30 10:56:40 - [MESSAGE][PASSED] - Object 'Object Repository/Pages/FirstPayVault/button_Search' is clickable&#xD;
&#xD;
2019-10-30 10:56:40 - [MESSAGE][PASSED] - Object 'Object Repository/Pages/FirstPayVault/button_Search' is visible&#xD;
&#xD;
2019-10-30 10:56:41 - [MESSAGE][PASSED] - Object: 'Object Repository/Pages/FirstPayVault/button_Search' is clicked on&#xD;
&#xD;
2019-10-30 10:56:41 - [MESSAGE][INFO] - 1stPayVault.ts: click on the Click On Search button&#xD;
&#xD;
2019-10-30 10:56:41 - [MESSAGE][PASSED] - utilities.SafeActions.safeClickWithoutScroll is PASSED&#xD;
&#xD;
2019-10-30 10:56:41 - [TEST_STEP][PASSED] - scrollToElement(findTestObject("Pages/Transaction_Management/invoice_ForTransaction"), PageLoadTime): Scroll to object 'Object Repository/Pages/Transaction_Management/invoice_ForTransaction' successfully&#xD;
&#xD;
2019-10-30 10:56:43 - [MESSAGE][PASSED] - Scroll to object 'Object Repository/Pages/Transaction_Management/invoice_ForTransaction' successfully&#xD;
&#xD;
2019-10-30 10:56:43 - [TEST_STEP][PASSED] - pages.FirstPayVault.verifyInvoiceRecord(findTestObject("Pages/FirstPayVault/footer_NextButton"), findTestObject("Pages/FirstPayVault/page_Number"), vaultReference): The Vault is found in page 1&#xD;
&#xD;
2019-10-30 10:56:43 - [MESSAGE][PASSED] - Text of object 'Object Repository/Pages/FirstPayVault/page_Number' is: 'Page 1 of 20'&#xD;
&#xD;
2019-10-30 10:56:44 - [MESSAGE][PASSED] - The Vault is found in page 1&#xD;
&#xD;
2019-10-30 10:56:44 - [TEST_STEP][NOT_RUN] - delay(2): NOT_RUN: delay(2)&#xD;
&#xD;
2019-10-30 10:56:44 - [MESSAGE][NOT_RUN] - NOT_RUN: delay(2)&#xD;
&#xD;
2019-10-30 10:56:44 - [TEST_STEP][PASSED] - closeBrowser(): Browser is closed&#xD;
&#xD;
2019-10-30 10:56:46 - [MESSAGE][PASSED] - Browser is closed&#xD;
&#xD;
2019-10-30 10:56:46 - [TEST_STEP][PASSED] - Start listener action : sampleAfterTestCase: null&#xD;
&#xD;
2019-10-30 10:56:46 - [TEST_STEP][PASSED] - println(testCaseContext.getTestCaseId()): null&#xD;
&#xD;
2019-10-30 10:56:46 - [TEST_STEP][PASSED] - println(testCaseContext.getTestCaseStatus()): null&#xD;
&#xD;
2019-10-30 10:56:46 - [TEST_STEP][PASSED] - testCaseName = testCaseContext.getTestCaseId(): null&#xD;
&#xD;
2019-10-30 10:56:46 - [TEST_STEP][PASSED] - strCount = testCaseName.lastIndexOf("/"): null&#xD;
&#xD;
2019-10-30 10:56:46 - [TEST_STEP][PASSED] - testCaseName = testCaseName.substring(strCount): null&#xD;
&#xD;
2019-10-30 10:56:46 - [TEST_STEP][PASSED] - println(testCaseName): null&#xD;
&#xD;
2019-10-30 10:56:46 - [TEST_STEP][PASSED] - if (getTestCaseStatus().equalsIgnoreCase("Error")): null&#xD;
&#xD;
2019-10-30 10:56:46 - [TEST_STEP][PASSED] - Start listener action : sampleAfterTestCase: null</system-out>
            <system-err></system-err>
        </testcase>
        <testcase name="Test Cases/FirstView/FirstPayVault/TC_1st_Pay_Vault_005" classname="Test Cases/FirstView/FirstPayVault/TC_1st_Pay_Vault_005" status="PASSED">
            <system-out>2019-10-30 10:56:46 - [TEST_CASE][PASSED] - Test Cases/FirstView/FirstPayVault/TC_1st_Pay_Vault_005: Test Cases/FirstView/FirstPayVault/TC_1st_Pay_Vault_005&#xD;
&#xD;
2019-10-30 10:56:46 - [TEST_STEP][PASSED] - Start listener action : sampleBeforeTestCase: null&#xD;
&#xD;
2019-10-30 10:56:46 - [TEST_STEP][PASSED] - println(testCaseContext.getTestCaseId()): null&#xD;
&#xD;
2019-10-30 10:56:46 - [TEST_STEP][PASSED] - println(testCaseContext.getTestCaseVariables()): null&#xD;
&#xD;
2019-10-30 10:56:47 - [TEST_STEP][NOT_RUN] - utilities.SafeActions.safeClickWithoutScrollOnLabel(Old_URL, [PageLoadTime], []): NOT_RUN: utilities.SafeActions.safeClickWithoutScrollOnLabel(Old_URL, [PageLoadTime], [])&#xD;
&#xD;
2019-10-30 10:56:47 - [MESSAGE][NOT_RUN] - NOT_RUN: utilities.SafeActions.safeClickWithoutScrollOnLabel(Old_URL, [PageLoadTime], [])&#xD;
&#xD;
2019-10-30 10:56:47 - [TEST_STEP][NOT_RUN] - delay(6): NOT_RUN: delay(6)&#xD;
&#xD;
2019-10-30 10:56:47 - [MESSAGE][NOT_RUN] - NOT_RUN: delay(6)&#xD;
&#xD;
2019-10-30 10:56:47 - [TEST_STEP][NOT_RUN] - utilities.SafeActions.safeSelectOptionInDropDownByVisibleText(findTestObject("Pages/Sale/dropDown_AccountType"), "ranjanatest2 - 888814981372/001 Account Type: Retail", "Select by Value", [25]): NOT_RUN: utilities.SafeActions.safeSelectOptionInDropDownByVisibleText(findTestObject("Pages/Sale/dropDown_AccountType"), "ranjanatest2 - 888814981372/001 Account Type: Retail", "Select by Value", [25])&#xD;
&#xD;
2019-10-30 10:56:47 - [MESSAGE][NOT_RUN] - NOT_RUN: utilities.SafeActions.safeSelectOptionInDropDownByVisibleText(findTestObject("Pages/Sale/dropDown_AccountType"), "ranjanatest2 - 888814981372/001 Account Type: Retail", "Select by Value", [25])&#xD;
&#xD;
2019-10-30 10:56:47 - [TEST_STEP][PASSED] - utilities.SafeActions.openBrowser(URL, [PageLoadTime]): utilities.SafeActions.openBrowser is PASSED&#xD;
&#xD;
2019-10-30 10:56:47 - [MESSAGE][INFO] - Opening Browser&#xD;
&#xD;
2019-10-30 10:56:47 - [MESSAGE][INFO] - Starting 'Firefox' driver&#xD;
&#xD;
2019-10-30 10:56:56 - [MESSAGE][PASSED] - Browser is opened with url: 'https://q-www-firstview-net.faps.net/MVC/Account/Login'&#xD;
&#xD;
2019-10-30 10:56:56 - [MESSAGE][PASSED] - Current window maximized&#xD;
&#xD;
2019-10-30 10:56:56 - [MESSAGE][INFO] - Browser Launched Successfully&#xD;
&#xD;
2019-10-30 10:56:56 - [MESSAGE][PASSED] - utilities.SafeActions.openBrowser is PASSED&#xD;
&#xD;
2019-10-30 10:56:56 - [TEST_STEP][PASSED] - pages.Login.login(uName, password): pages.Login.login is PASSED&#xD;
&#xD;
2019-10-30 10:56:56 - [MESSAGE][PASSED] - Object 'Object Repository/Pages/Login/userName' is present&#xD;
&#xD;
2019-10-30 10:56:56 - [MESSAGE][PASSED] - Scroll to object 'Object Repository/Pages/Login/userName' successfully&#xD;
&#xD;
2019-10-30 10:56:56 - [MESSAGE][PASSED] - Object 'Object Repository/Pages/Login/userName' is present&#xD;
&#xD;
2019-10-30 10:56:57 - [MESSAGE][PASSED] - Object: 'Object Repository/Pages/Login/userName' is clicked on&#xD;
&#xD;
2019-10-30 10:56:57 - [MESSAGE][PASSED] - Text 'ZenQRetail' is set on object 'Object Repository/Pages/Login/userName'&#xD;
&#xD;
2019-10-30 10:56:57 - [MESSAGE][PASSED] - Object 'Object Repository/Pages/Login/password' is present&#xD;
&#xD;
2019-10-30 10:56:57 - [MESSAGE][PASSED] - Scroll to object 'Object Repository/Pages/Login/password' successfully&#xD;
&#xD;
2019-10-30 10:56:57 - [MESSAGE][PASSED] - Object 'Object Repository/Pages/Login/password' is present&#xD;
&#xD;
2019-10-30 10:56:58 - [MESSAGE][PASSED] - Object: 'Object Repository/Pages/Login/password' is clicked on&#xD;
&#xD;
2019-10-30 10:56:58 - [MESSAGE][PASSED] - Text 'P@ssword1' is set on object 'Object Repository/Pages/Login/password'&#xD;
&#xD;
2019-10-30 10:56:58 - [MESSAGE][INFO] - Safe Click Without scroll&#xD;
&#xD;
2019-10-30 10:56:58 - [MESSAGE][INFO] - 1stPayVault.ts:waiting until Click on Login is Clickable&#xD;
&#xD;
2019-10-30 10:56:58 - [MESSAGE][PASSED] - Object 'Object Repository/Pages/Login/login' is clickable&#xD;
&#xD;
2019-10-30 10:56:58 - [MESSAGE][PASSED] - Object 'Object Repository/Pages/Login/login' is visible&#xD;
&#xD;
2019-10-30 10:57:01 - [MESSAGE][PASSED] - Object: 'Object Repository/Pages/Login/login' is clicked on&#xD;
&#xD;
2019-10-30 10:57:01 - [MESSAGE][INFO] - 1stPayVault.ts: click on the Click on Login&#xD;
&#xD;
2019-10-30 10:57:01 - [MESSAGE][PASSED] - pages.Login.login is PASSED&#xD;
&#xD;
2019-10-30 10:57:01 - [TEST_STEP][PASSED] - callTestCase(findTestCase("FirstView/Login/TC_SendCode"), [:], STOP_ON_FAILURE): Call Test Case 'Test Cases/FirstView/Login/TC_SendCode' successfully&#xD;
&#xD;
2019-10-30 10:57:01 - [TEST_CASE][PASSED] - Test Cases/FirstView/Login/TC_SendCode: Test Cases/FirstView/Login/TC_SendCode&#xD;
&#xD;
2019-10-30 10:57:01 - [TEST_STEP][PASSED] - flag = pages.SendCode.verifyPage(): pages.SendCode.verifyPage is PASSED&#xD;
&#xD;
2019-10-30 10:57:01 - [MESSAGE][PASSED] - Object 'Object Repository/Pages/SendCodeToValidate/header_SendCodeToValidate' is present and visible in viewport&#xD;
&#xD;
2019-10-30 10:57:01 - [MESSAGE][PASSED] - pages.SendCode.verifyPage is PASSED&#xD;
&#xD;
2019-10-30 10:57:01 - [TEST_STEP][PASSED] - if (flag): pages.SendCode.clickonUserSettings is PASSED&#xD;
&#xD;
2019-10-30 10:57:01 - [TEST_STEP][PASSED] - pages.SendCode.clickonUserSettings(): pages.SendCode.clickonUserSettings is PASSED&#xD;
&#xD;
2019-10-30 10:57:01 - [MESSAGE][PASSED] - Object 'Object Repository/Pages/SendCodeToValidate/link_UserSettings' is present&#xD;
&#xD;
2019-10-30 10:57:02 - [MESSAGE][PASSED] - Object 'Object Repository/Pages/SendCodeToValidate/link_UserSettings' is visible&#xD;
&#xD;
2019-10-30 10:57:02 - [MESSAGE][INFO] - 1stPayVault.ts:waiting until Click on User Settings is Clickable&#xD;
&#xD;
2019-10-30 10:57:02 - [MESSAGE][PASSED] - Object 'Object Repository/Pages/SendCodeToValidate/link_UserSettings' is clickable&#xD;
&#xD;
2019-10-30 10:57:02 - [MESSAGE][PASSED] - Object 'Object Repository/Pages/SendCodeToValidate/link_UserSettings' is visible&#xD;
&#xD;
2019-10-30 10:57:04 - [MESSAGE][PASSED] - Object: 'Object Repository/Pages/SendCodeToValidate/link_UserSettings' is clicked on&#xD;
&#xD;
2019-10-30 10:57:04 - [MESSAGE][INFO] - 1stPayVault.ts: Clicked on the Click on User Settings&#xD;
&#xD;
2019-10-30 10:57:04 - [MESSAGE][PASSED] - pages.SendCode.clickonUserSettings is PASSED&#xD;
&#xD;
2019-10-30 10:57:04 - [MESSAGE][PASSED] - Call Test Case 'Test Cases/FirstView/Login/TC_SendCode' successfully&#xD;
&#xD;
2019-10-30 10:57:04 - [TEST_STEP][PASSED] - callTestCase(findTestCase("FirstView/Login/TC_FirstView"), [:], STOP_ON_FAILURE): Call Test Case 'Test Cases/FirstView/Login/TC_FirstView' successfully&#xD;
&#xD;
2019-10-30 10:57:04 - [TEST_CASE][PASSED] - Test Cases/FirstView/Login/TC_FirstView: Test Cases/FirstView/Login/TC_FirstView&#xD;
&#xD;
2019-10-30 10:57:04 - [TEST_STEP][NOT_RUN] - utilities.SafeActions.safeClickWithoutScroll(findTestObject("Pages/FirstView/link_Home"), "Click on Home button in First View screen", [PageLoadTime]): NOT_RUN: utilities.SafeActions.safeClickWithoutScroll(findTestObject("Pages/FirstView/link_Home"), "Click on Home button in First View screen", [PageLoadTime])&#xD;
&#xD;
2019-10-30 10:57:04 - [MESSAGE][NOT_RUN] - NOT_RUN: utilities.SafeActions.safeClickWithoutScroll(findTestObject("Pages/FirstView/link_Home"), "Click on Home button in First View screen", [PageLoadTime])&#xD;
&#xD;
2019-10-30 10:57:04 - [TEST_STEP][PASSED] - delay(3): Delayed 3 second(s)&#xD;
&#xD;
2019-10-30 10:57:07 - [MESSAGE][PASSED] - Delayed 3 second(s)&#xD;
&#xD;
2019-10-30 10:57:07 - [TEST_STEP][PASSED] - utilities.SafeActions.javascriptclick(findTestObject("Pages/FirstView/link_Home"), delayForElement): utilities.SafeActions.javascriptclick is PASSED&#xD;
&#xD;
2019-10-30 10:57:07 - [MESSAGE][PASSED] - utilities.SafeActions.javascriptclick is PASSED&#xD;
&#xD;
2019-10-30 10:57:07 - [TEST_STEP][PASSED] - utilities.SafeActions.safeClickWithoutScroll(findTestObject("Pages/FirstView/link_VPOS"), "Click on VPOS button in First View screen", [PageLoadTime]): utilities.SafeActions.safeClickWithoutScroll is PASSED&#xD;
&#xD;
2019-10-30 10:57:07 - [MESSAGE][INFO] - Safe Click Without scroll&#xD;
&#xD;
2019-10-30 10:57:07 - [MESSAGE][INFO] - 1stPayVault.ts:waiting until Click on VPOS button in First View screen is Clickable&#xD;
&#xD;
2019-10-30 10:57:09 - [MESSAGE][PASSED] - Object 'Object Repository/Pages/FirstView/link_VPOS' is clickable&#xD;
&#xD;
2019-10-30 10:57:09 - [MESSAGE][PASSED] - Object 'Object Repository/Pages/FirstView/link_VPOS' is visible&#xD;
&#xD;
2019-10-30 10:57:11 - [MESSAGE][PASSED] - Object: 'Object Repository/Pages/FirstView/link_VPOS' is clicked on&#xD;
&#xD;
2019-10-30 10:57:11 - [MESSAGE][INFO] - 1stPayVault.ts: click on the Click on VPOS button in First View screen&#xD;
&#xD;
2019-10-30 10:57:11 - [MESSAGE][PASSED] - utilities.SafeActions.safeClickWithoutScroll is PASSED&#xD;
&#xD;
2019-10-30 10:57:11 - [MESSAGE][PASSED] - Call Test Case 'Test Cases/FirstView/Login/TC_FirstView' successfully&#xD;
&#xD;
2019-10-30 10:57:11 - [TEST_STEP][PASSED] - switchToWindowTitle("Transcenter - VPOS"): Switched to window with title: 'Transcenter - VPOS'&#xD;
&#xD;
2019-10-30 10:57:15 - [MESSAGE][PASSED] - Switched to window with title: 'Transcenter - VPOS'&#xD;
&#xD;
2019-10-30 10:57:15 - [TEST_STEP][PASSED] - focus(findTestObject("Pages/FirstPayVault/tab_FirstPayVault")): Object: 'Object Repository/Pages/FirstPayVault/tab_FirstPayVault' is focused&#xD;
&#xD;
2019-10-30 10:57:19 - [MESSAGE][PASSED] - Object: 'Object Repository/Pages/FirstPayVault/tab_FirstPayVault' is focused&#xD;
&#xD;
2019-10-30 10:57:19 - [TEST_STEP][PASSED] - utilities.SafeActions.javascriptclick(findTestObject("Pages/FirstPayVault/tab_FirstPayVault"), PageLoadTime): utilities.SafeActions.javascriptclick is PASSED&#xD;
&#xD;
2019-10-30 10:57:19 - [MESSAGE][PASSED] - utilities.SafeActions.javascriptclick is PASSED&#xD;
&#xD;
2019-10-30 10:57:19 - [TEST_STEP][PASSED] - delay(delayForElement): Delayed 6 second(s)&#xD;
&#xD;
2019-10-30 10:57:25 - [MESSAGE][PASSED] - Delayed 6 second(s)&#xD;
&#xD;
2019-10-30 10:57:25 - [TEST_STEP][PASSED] - utilities.SafeActions.safeClickWithoutScroll(findTestObject("Pages/FirstPayVault/tab_FirstPayVault"), "Click on FistPayVault tab", [delayForElement]): utilities.SafeActions.safeClickWithoutScroll is PASSED&#xD;
&#xD;
2019-10-30 10:57:26 - [MESSAGE][INFO] - Safe Click Without scroll&#xD;
&#xD;
2019-10-30 10:57:26 - [MESSAGE][INFO] - 1stPayVault.ts:waiting until Click on FistPayVault tab is Clickable&#xD;
&#xD;
2019-10-30 10:57:26 - [MESSAGE][PASSED] - Object 'Object Repository/Pages/FirstPayVault/tab_FirstPayVault' is clickable&#xD;
&#xD;
2019-10-30 10:57:26 - [MESSAGE][PASSED] - Object 'Object Repository/Pages/FirstPayVault/tab_FirstPayVault' is visible&#xD;
&#xD;
2019-10-30 10:57:26 - [MESSAGE][PASSED] - Object: 'Object Repository/Pages/FirstPayVault/tab_FirstPayVault' is clicked on&#xD;
&#xD;
2019-10-30 10:57:26 - [MESSAGE][INFO] - 1stPayVault.ts: click on the Click on FistPayVault tab&#xD;
&#xD;
2019-10-30 10:57:26 - [MESSAGE][PASSED] - utilities.SafeActions.safeClickWithoutScroll is PASSED&#xD;
&#xD;
2019-10-30 10:57:26 - [TEST_STEP][PASSED] - utilities.SafeActions.safeClickWithoutScroll(findTestObject("Pages/FirstPayVault/button_CreateVault"), "Click on CreateVault button", [PageLoadTime]): utilities.SafeActions.safeClickWithoutScroll is PASSED&#xD;
&#xD;
2019-10-30 10:57:27 - [MESSAGE][INFO] - Safe Click Without scroll&#xD;
&#xD;
2019-10-30 10:57:27 - [MESSAGE][INFO] - 1stPayVault.ts:waiting until Click on CreateVault button is Clickable&#xD;
&#xD;
2019-10-30 10:57:27 - [MESSAGE][PASSED] - Object 'Object Repository/Pages/FirstPayVault/button_CreateVault' is clickable&#xD;
&#xD;
2019-10-30 10:57:27 - [MESSAGE][PASSED] - Object 'Object Repository/Pages/FirstPayVault/button_CreateVault' is visible&#xD;
&#xD;
2019-10-30 10:57:28 - [MESSAGE][PASSED] - Object: 'Object Repository/Pages/FirstPayVault/button_CreateVault' is clicked on&#xD;
&#xD;
2019-10-30 10:57:28 - [MESSAGE][INFO] - 1stPayVault.ts: click on the Click on CreateVault button&#xD;
&#xD;
2019-10-30 10:57:28 - [MESSAGE][PASSED] - utilities.SafeActions.safeClickWithoutScroll is PASSED&#xD;
&#xD;
2019-10-30 10:57:28 - [TEST_STEP][PASSED] - scrollToElement(findTestObject("Pages/FirstPayVault/input_VaultReferenceNumber"), PageLoadTime): Scroll to object 'Object Repository/Pages/FirstPayVault/input_VaultReferenceNumber' successfully&#xD;
&#xD;
2019-10-30 10:57:28 - [MESSAGE][PASSED] - Scroll to object 'Object Repository/Pages/FirstPayVault/input_VaultReferenceNumber' successfully&#xD;
&#xD;
2019-10-30 10:57:28 - [TEST_STEP][PASSED] - vaultReference = utilities.SafeActions.timeWithMilliSeconds(): utilities.SafeActions.timeWithMilliSeconds is PASSED&#xD;
&#xD;
2019-10-30 10:57:28 - [MESSAGE][PASSED] - utilities.SafeActions.timeWithMilliSeconds is PASSED&#xD;
&#xD;
2019-10-30 10:57:28 - [TEST_STEP][PASSED] - utilities.SafeActions.safeType(findTestObject("Pages/FirstPayVault/input_VaultReferenceNumber"), vaultReference, "Entering Vault Reference Number", [PageLoadTime]): utilities.SafeActions.safeType is PASSED&#xD;
&#xD;
2019-10-30 10:57:28 - [MESSAGE][PASSED] - Object 'Object Repository/Pages/FirstPayVault/input_VaultReferenceNumber' is present&#xD;
&#xD;
2019-10-30 10:57:28 - [MESSAGE][PASSED] - Scroll to object 'Object Repository/Pages/FirstPayVault/input_VaultReferenceNumber' successfully&#xD;
&#xD;
2019-10-30 10:57:28 - [MESSAGE][PASSED] - Object 'Object Repository/Pages/FirstPayVault/input_VaultReferenceNumber' is present&#xD;
&#xD;
2019-10-30 10:57:29 - [MESSAGE][PASSED] - Object: 'Object Repository/Pages/FirstPayVault/input_VaultReferenceNumber' is clicked on&#xD;
&#xD;
2019-10-30 10:57:29 - [MESSAGE][PASSED] - Text '2019-10-30 10:57:28.378' is set on object 'Object Repository/Pages/FirstPayVault/input_VaultReferenceNumber'&#xD;
&#xD;
2019-10-30 10:57:29 - [MESSAGE][PASSED] - utilities.SafeActions.safeType is PASSED&#xD;
&#xD;
2019-10-30 10:57:29 - [TEST_STEP][PASSED] - utilities.SafeActions.safeType(findTestObject("Pages/FirstPayVault/input_CreditCardNumber"), visaCardNumber, "Entering Card Number", [PageLoadTime]): utilities.SafeActions.safeType is PASSED&#xD;
&#xD;
2019-10-30 10:57:29 - [MESSAGE][PASSED] - Object 'Object Repository/Pages/FirstPayVault/input_CreditCardNumber' is present&#xD;
&#xD;
2019-10-30 10:57:29 - [MESSAGE][PASSED] - Scroll to object 'Object Repository/Pages/FirstPayVault/input_CreditCardNumber' successfully&#xD;
&#xD;
2019-10-30 10:57:29 - [MESSAGE][PASSED] - Object 'Object Repository/Pages/FirstPayVault/input_CreditCardNumber' is present&#xD;
&#xD;
2019-10-30 10:57:30 - [MESSAGE][PASSED] - Object: 'Object Repository/Pages/FirstPayVault/input_CreditCardNumber' is clicked on&#xD;
&#xD;
2019-10-30 10:57:30 - [MESSAGE][PASSED] - Text '4111111111111111' is set on object 'Object Repository/Pages/FirstPayVault/input_CreditCardNumber'&#xD;
&#xD;
2019-10-30 10:57:30 - [MESSAGE][PASSED] - utilities.SafeActions.safeType is PASSED&#xD;
&#xD;
2019-10-30 10:57:30 - [TEST_STEP][NOT_RUN] - delay(4): NOT_RUN: delay(4)&#xD;
&#xD;
2019-10-30 10:57:30 - [MESSAGE][NOT_RUN] - NOT_RUN: delay(4)&#xD;
&#xD;
2019-10-30 10:57:30 - [TEST_STEP][PASSED] - utilities.SafeActions.safeSelectOptionInDropDownByVisibleText(findTestObject("Pages/FirstPayVault/dropDown_ExpirationMonth"), cardMonth, "Expiration Month", [PageLoadTime]): utilities.SafeActions.safeSelectOptionInDropDownByVisibleText is PASSED&#xD;
&#xD;
2019-10-30 10:57:30 - [MESSAGE][PASSED] - Object 'Object Repository/Pages/FirstPayVault/dropDown_ExpirationMonth' is visible&#xD;
&#xD;
2019-10-30 10:57:30 - [MESSAGE][PASSED] - Object 'Object Repository/Pages/FirstPayVault/dropDown_ExpirationMonth' is present&#xD;
&#xD;
2019-10-30 10:57:31 - [MESSAGE][PASSED] - Object: 'Object Repository/Pages/FirstPayVault/dropDown_ExpirationMonth' is clicked on&#xD;
&#xD;
2019-10-30 10:57:31 - [MESSAGE][PASSED] - All options with label 'September' are selected in object 'Object Repository/Pages/FirstPayVault/dropDown_ExpirationMonth' &#xD;
&#xD;
2019-10-30 10:57:31 - [MESSAGE][PASSED] - utilities.SafeActions.safeSelectOptionInDropDownByVisibleText is PASSED&#xD;
&#xD;
2019-10-30 10:57:31 - [TEST_STEP][PASSED] - utilities.SafeActions.safeSelectOptionInDropDownByVisibleText(findTestObject("Pages/FirstPayVault/dropDown_ExpirationYear"), cardYear, "year", [PageLoadTime]): utilities.SafeActions.safeSelectOptionInDropDownByVisibleText is PASSED&#xD;
&#xD;
2019-10-30 10:57:32 - [MESSAGE][PASSED] - Object 'Object Repository/Pages/FirstPayVault/dropDown_ExpirationYear' is visible&#xD;
&#xD;
2019-10-30 10:57:32 - [MESSAGE][PASSED] - Object 'Object Repository/Pages/FirstPayVault/dropDown_ExpirationYear' is present&#xD;
&#xD;
2019-10-30 10:57:32 - [MESSAGE][PASSED] - Object: 'Object Repository/Pages/FirstPayVault/dropDown_ExpirationYear' is clicked on&#xD;
&#xD;
2019-10-30 10:57:33 - [MESSAGE][PASSED] - All options with label '2032' are selected in object 'Object Repository/Pages/FirstPayVault/dropDown_ExpirationYear' &#xD;
&#xD;
2019-10-30 10:57:33 - [MESSAGE][PASSED] - utilities.SafeActions.safeSelectOptionInDropDownByVisibleText is PASSED&#xD;
&#xD;
2019-10-30 10:57:33 - [TEST_STEP][NOT_RUN] - delay(2): NOT_RUN: delay(2)&#xD;
&#xD;
2019-10-30 10:57:33 - [MESSAGE][NOT_RUN] - NOT_RUN: delay(2)&#xD;
&#xD;
2019-10-30 10:57:33 - [TEST_STEP][PASSED] - utilities.SafeActions.safeType(findTestObject("Pages/FirstPayVault/input_ContactName"), customerName, "Enter Contact Name", [PageLoadTime]): utilities.SafeActions.safeType is PASSED&#xD;
&#xD;
2019-10-30 10:57:33 - [MESSAGE][PASSED] - Object 'Object Repository/Pages/FirstPayVault/input_ContactName' is present&#xD;
&#xD;
2019-10-30 10:57:33 - [MESSAGE][PASSED] - Scroll to object 'Object Repository/Pages/FirstPayVault/input_ContactName' successfully&#xD;
&#xD;
2019-10-30 10:57:33 - [MESSAGE][PASSED] - Object 'Object Repository/Pages/FirstPayVault/input_ContactName' is present&#xD;
&#xD;
2019-10-30 10:57:34 - [MESSAGE][PASSED] - Object: 'Object Repository/Pages/FirstPayVault/input_ContactName' is clicked on&#xD;
&#xD;
2019-10-30 10:57:34 - [MESSAGE][PASSED] - Text 'Venkata Sai' is set on object 'Object Repository/Pages/FirstPayVault/input_ContactName'&#xD;
&#xD;
2019-10-30 10:57:34 - [MESSAGE][PASSED] - utilities.SafeActions.safeType is PASSED&#xD;
&#xD;
2019-10-30 10:57:34 - [TEST_STEP][PASSED] - utilities.SafeActions.safeType(findTestObject("Pages/FirstPayVault/input_PostalCode"), postalCode, "Enter Postal Code", [PageLoadTime]): utilities.SafeActions.safeType is PASSED&#xD;
&#xD;
2019-10-30 10:57:34 - [MESSAGE][PASSED] - Object 'Object Repository/Pages/FirstPayVault/input_PostalCode' is present&#xD;
&#xD;
2019-10-30 10:57:34 - [MESSAGE][PASSED] - Scroll to object 'Object Repository/Pages/FirstPayVault/input_PostalCode' successfully&#xD;
&#xD;
2019-10-30 10:57:34 - [MESSAGE][PASSED] - Object 'Object Repository/Pages/FirstPayVault/input_PostalCode' is present&#xD;
&#xD;
2019-10-30 10:57:35 - [MESSAGE][PASSED] - Object: 'Object Repository/Pages/FirstPayVault/input_PostalCode' is clicked on&#xD;
&#xD;
2019-10-30 10:57:35 - [MESSAGE][PASSED] - Text '76102' is set on object 'Object Repository/Pages/FirstPayVault/input_PostalCode'&#xD;
&#xD;
2019-10-30 10:57:35 - [MESSAGE][PASSED] - utilities.SafeActions.safeType is PASSED&#xD;
&#xD;
2019-10-30 10:57:35 - [TEST_STEP][PASSED] - utilities.SafeActions.safeType(findTestObject("Pages/FirstPayVault/input_Address"), address, "Enter ddress", [PageLoadTime]): utilities.SafeActions.safeType is PASSED&#xD;
&#xD;
2019-10-30 10:57:35 - [MESSAGE][PASSED] - Object 'Object Repository/Pages/FirstPayVault/input_Address' is present&#xD;
&#xD;
2019-10-30 10:57:35 - [MESSAGE][PASSED] - Scroll to object 'Object Repository/Pages/FirstPayVault/input_Address' successfully&#xD;
&#xD;
2019-10-30 10:57:35 - [MESSAGE][PASSED] - Object 'Object Repository/Pages/FirstPayVault/input_Address' is present&#xD;
&#xD;
2019-10-30 10:57:36 - [MESSAGE][PASSED] - Object: 'Object Repository/Pages/FirstPayVault/input_Address' is clicked on&#xD;
&#xD;
2019-10-30 10:57:36 - [MESSAGE][PASSED] - Text 'Street123' is set on object 'Object Repository/Pages/FirstPayVault/input_Address'&#xD;
&#xD;
2019-10-30 10:57:36 - [MESSAGE][PASSED] - utilities.SafeActions.safeType is PASSED&#xD;
&#xD;
2019-10-30 10:57:36 - [TEST_STEP][PASSED] - utilities.SafeActions.safeCheckForElement(findTestObject("Pages/FirstPayVault/chekBox_AddShippingInformation"), PageLoadTime): utilities.SafeActions.safeCheckForElement is PASSED&#xD;
&#xD;
2019-10-30 10:57:36 - [MESSAGE][PASSED] - Object 'Object Repository/Pages/FirstPayVault/chekBox_AddShippingInformation' is present&#xD;
&#xD;
2019-10-30 10:57:36 - [MESSAGE][PASSED] - Object 'Object Repository/Pages/FirstPayVault/chekBox_AddShippingInformation' is visible&#xD;
&#xD;
2019-10-30 10:57:36 - [MESSAGE][PASSED] - Object 'Object Repository/Pages/FirstPayVault/chekBox_AddShippingInformation' is present&#xD;
&#xD;
2019-10-30 10:57:37 - [MESSAGE][PASSED] - Object 'Object Repository/Pages/FirstPayVault/chekBox_AddShippingInformation' is checked&#xD;
&#xD;
2019-10-30 10:57:37 - [MESSAGE][PASSED] - utilities.SafeActions.safeCheckForElement is PASSED&#xD;
&#xD;
2019-10-30 10:57:37 - [TEST_STEP][PASSED] - utilities.SafeActions.safeType(findTestObject("Pages/FirstPayVault/input_ShippingMethod"), shippingMethod, "Enter Shipping Method", [PageLoadTime]): utilities.SafeActions.safeType is PASSED&#xD;
&#xD;
2019-10-30 10:57:37 - [MESSAGE][PASSED] - Object 'Object Repository/Pages/FirstPayVault/input_ShippingMethod' is present&#xD;
&#xD;
2019-10-30 10:57:37 - [MESSAGE][PASSED] - Scroll to object 'Object Repository/Pages/FirstPayVault/input_ShippingMethod' successfully&#xD;
&#xD;
2019-10-30 10:57:37 - [MESSAGE][PASSED] - Object 'Object Repository/Pages/FirstPayVault/input_ShippingMethod' is present&#xD;
&#xD;
2019-10-30 10:57:38 - [MESSAGE][PASSED] - Object: 'Object Repository/Pages/FirstPayVault/input_ShippingMethod' is clicked on&#xD;
&#xD;
2019-10-30 10:57:38 - [MESSAGE][PASSED] - Text 'DTDC' is set on object 'Object Repository/Pages/FirstPayVault/input_ShippingMethod'&#xD;
&#xD;
2019-10-30 10:57:38 - [MESSAGE][PASSED] - utilities.SafeActions.safeType is PASSED&#xD;
&#xD;
2019-10-30 10:57:38 - [TEST_STEP][PASSED] - utilities.SafeActions.safeCheckForElement(findTestObject("Pages/FirstPayVault/checkbox_SameAsBillingInformation"), PageLoadTime): utilities.SafeActions.safeCheckForElement is PASSED&#xD;
&#xD;
2019-10-30 10:57:38 - [MESSAGE][PASSED] - Object 'Object Repository/Pages/FirstPayVault/checkbox_SameAsBillingInformation' is present&#xD;
&#xD;
2019-10-30 10:57:38 - [MESSAGE][PASSED] - Object 'Object Repository/Pages/FirstPayVault/checkbox_SameAsBillingInformation' is visible&#xD;
&#xD;
2019-10-30 10:57:38 - [MESSAGE][PASSED] - Object 'Object Repository/Pages/FirstPayVault/checkbox_SameAsBillingInformation' is present&#xD;
&#xD;
2019-10-30 10:57:39 - [MESSAGE][PASSED] - Object 'Object Repository/Pages/FirstPayVault/checkbox_SameAsBillingInformation' is checked&#xD;
&#xD;
2019-10-30 10:57:39 - [MESSAGE][PASSED] - utilities.SafeActions.safeCheckForElement is PASSED&#xD;
&#xD;
2019-10-30 10:57:39 - [TEST_STEP][PASSED] - utilities.SafeActions.safeClickwithScroll(findTestObject("Pages/FirstPayVault/button_Create"), "Click on Create Button", [PageLoadTime]): utilities.SafeActions.safeClickwithScroll is PASSED&#xD;
&#xD;
2019-10-30 10:57:39 - [MESSAGE][PASSED] - Object 'Object Repository/Pages/FirstPayVault/button_Create' is present&#xD;
&#xD;
2019-10-30 10:57:39 - [MESSAGE][PASSED] - Object 'Object Repository/Pages/FirstPayVault/button_Create' is visible&#xD;
&#xD;
2019-10-30 10:57:39 - [MESSAGE][INFO] - 1stPayVault.ts:waiting until Click on Create Button is Clickable&#xD;
&#xD;
2019-10-30 10:57:39 - [MESSAGE][PASSED] - Object 'Object Repository/Pages/FirstPayVault/button_Create' is clickable&#xD;
&#xD;
2019-10-30 10:57:39 - [MESSAGE][PASSED] - Object 'Object Repository/Pages/FirstPayVault/button_Create' is visible&#xD;
&#xD;
2019-10-30 10:57:40 - [MESSAGE][PASSED] - Object: 'Object Repository/Pages/FirstPayVault/button_Create' is clicked on&#xD;
&#xD;
2019-10-30 10:57:40 - [MESSAGE][INFO] - 1stPayVault.ts: Clicked on the Click on Create Button&#xD;
&#xD;
2019-10-30 10:57:40 - [MESSAGE][PASSED] - utilities.SafeActions.safeClickwithScroll is PASSED&#xD;
&#xD;
2019-10-30 10:57:40 - [TEST_STEP][NOT_RUN] - delay(2): NOT_RUN: delay(2)&#xD;
&#xD;
2019-10-30 10:57:40 - [MESSAGE][NOT_RUN] - NOT_RUN: delay(2)&#xD;
&#xD;
2019-10-30 10:57:40 - [TEST_STEP][PASSED] - popupSavedToVaultMessage = utilities.SafeActions.safeGetText(findTestObject("Pages/FirstPayVault/popup_SavedToVaultMessage"), PageLoadTime): utilities.SafeActions.safeGetText is PASSED&#xD;
&#xD;
2019-10-30 10:57:40 - [MESSAGE][PASSED] - Object 'Object Repository/Pages/FirstPayVault/popup_SavedToVaultMessage' is present&#xD;
&#xD;
2019-10-30 10:57:40 - [MESSAGE][PASSED] - Scroll to object 'Object Repository/Pages/FirstPayVault/popup_SavedToVaultMessage' successfully&#xD;
&#xD;
2019-10-30 10:57:40 - [MESSAGE][PASSED] - Object 'Object Repository/Pages/FirstPayVault/popup_SavedToVaultMessage' is present&#xD;
&#xD;
2019-10-30 10:57:41 - [MESSAGE][PASSED] - Text of object 'Object Repository/Pages/FirstPayVault/popup_SavedToVaultMessage' is: 'Successfully Saved to Vault'&#xD;
&#xD;
2019-10-30 10:57:41 - [MESSAGE][PASSED] - utilities.SafeActions.safeGetText is PASSED&#xD;
&#xD;
2019-10-30 10:57:41 - [TEST_STEP][PASSED] - flag = utilities.SafeActions.verifyPopupMessage("Successfully Saved to Vault", popupSavedToVaultMessage): Popup Message : Successfully Saved to Vault matched with expected message : Successfully Saved to Vault&#xD;
&#xD;
2019-10-30 10:57:41 - [MESSAGE][PASSED] - Popup Message : Successfully Saved to Vault matched with expected message : Successfully Saved to Vault&#xD;
&#xD;
2019-10-30 10:57:41 - [TEST_STEP][NOT_RUN] - delay(2): NOT_RUN: delay(2)&#xD;
&#xD;
2019-10-30 10:57:41 - [MESSAGE][NOT_RUN] - NOT_RUN: delay(2)&#xD;
&#xD;
2019-10-30 10:57:41 - [TEST_STEP][PASSED] - utilities.SafeActions.safeClickWithoutScroll(findTestObject("Pages/FirstPayVault/button_RunSaleWithThisVault_InPopup"), "Click on Run Sale With This Vault in Popup", [delayBetweenTestSteps]): utilities.SafeActions.safeClickWithoutScroll is PASSED&#xD;
&#xD;
2019-10-30 10:57:41 - [MESSAGE][INFO] - Safe Click Without scroll&#xD;
&#xD;
2019-10-30 10:57:41 - [MESSAGE][INFO] - 1stPayVault.ts:waiting until Click on Run Sale With This Vault in Popup is Clickable&#xD;
&#xD;
2019-10-30 10:57:41 - [MESSAGE][PASSED] - Object 'Object Repository/Pages/FirstPayVault/button_RunSaleWithThisVault_InPopup' is clickable&#xD;
&#xD;
2019-10-30 10:57:41 - [MESSAGE][PASSED] - Object 'Object Repository/Pages/FirstPayVault/button_RunSaleWithThisVault_InPopup' is visible&#xD;
&#xD;
2019-10-30 10:57:42 - [MESSAGE][PASSED] - Object: 'Object Repository/Pages/FirstPayVault/button_RunSaleWithThisVault_InPopup' is clicked on&#xD;
&#xD;
2019-10-30 10:57:42 - [MESSAGE][INFO] - 1stPayVault.ts: click on the Click on Run Sale With This Vault in Popup&#xD;
&#xD;
2019-10-30 10:57:42 - [MESSAGE][PASSED] - utilities.SafeActions.safeClickWithoutScroll is PASSED&#xD;
&#xD;
2019-10-30 10:57:42 - [TEST_STEP][NOT_RUN] - delay(1): NOT_RUN: delay(1)&#xD;
&#xD;
2019-10-30 10:57:42 - [MESSAGE][NOT_RUN] - NOT_RUN: delay(1)&#xD;
&#xD;
2019-10-30 10:57:42 - [TEST_STEP][PASSED] - value = utilities.SafeActions.getAttributeValue(findTestObject("Pages/FirstPayVault/tab_1stPayVault_Active"), "1st_PayVault"): The screen is 1st_PayVault screen&#xD;
&#xD;
2019-10-30 10:57:42 - [MESSAGE][PASSED] - Attribute 'class' of object 'Object Repository/Pages/FirstPayVault/tab_1stPayVault_Active' is: 'active_tab tabs__link'&#xD;
&#xD;
2019-10-30 10:57:42 - [MESSAGE][PASSED] - The screen is 1st_PayVault screen&#xD;
&#xD;
2019-10-30 10:57:42 - [TEST_STEP][PASSED] - scrollToElement(findTestObject("Pages/FirstPayVault/input_Amount"), PageLoadTime): Scroll to object 'Object Repository/Pages/FirstPayVault/input_Amount' successfully&#xD;
&#xD;
2019-10-30 10:57:43 - [MESSAGE][PASSED] - Scroll to object 'Object Repository/Pages/FirstPayVault/input_Amount' successfully&#xD;
&#xD;
2019-10-30 10:57:43 - [TEST_STEP][PASSED] - utilities.SafeActions.safeType(findTestObject("Pages/FirstPayVault/input_Amount"), amount, "Enter Amount", [PageLoadTime]): utilities.SafeActions.safeType is PASSED&#xD;
&#xD;
2019-10-30 10:57:43 - [MESSAGE][PASSED] - Object 'Object Repository/Pages/FirstPayVault/input_Amount' is present&#xD;
&#xD;
2019-10-30 10:57:43 - [MESSAGE][PASSED] - Scroll to object 'Object Repository/Pages/FirstPayVault/input_Amount' successfully&#xD;
&#xD;
2019-10-30 10:57:43 - [MESSAGE][PASSED] - Object 'Object Repository/Pages/FirstPayVault/input_Amount' is present&#xD;
&#xD;
2019-10-30 10:57:43 - [MESSAGE][PASSED] - Object: 'Object Repository/Pages/FirstPayVault/input_Amount' is clicked on&#xD;
&#xD;
2019-10-30 10:57:43 - [MESSAGE][PASSED] - Text '450' is set on object 'Object Repository/Pages/FirstPayVault/input_Amount'&#xD;
&#xD;
2019-10-30 10:57:43 - [MESSAGE][PASSED] - utilities.SafeActions.safeType is PASSED&#xD;
&#xD;
2019-10-30 10:57:43 - [TEST_STEP][PASSED] - salesTax = utilities.SafeActions.safeGetText(findTestObject("Pages/FirstPayVault/input_SalesTaxUnderAmount"), delayBetweenTestSteps): utilities.SafeActions.safeGetText is PASSED&#xD;
&#xD;
2019-10-30 10:57:44 - [MESSAGE][PASSED] - Object 'Object Repository/Pages/FirstPayVault/input_SalesTaxUnderAmount' is present&#xD;
&#xD;
2019-10-30 10:57:44 - [MESSAGE][PASSED] - Scroll to object 'Object Repository/Pages/FirstPayVault/input_SalesTaxUnderAmount' successfully&#xD;
&#xD;
2019-10-30 10:57:44 - [MESSAGE][PASSED] - Object 'Object Repository/Pages/FirstPayVault/input_SalesTaxUnderAmount' is present&#xD;
&#xD;
2019-10-30 10:57:44 - [MESSAGE][PASSED] - Text of object 'Object Repository/Pages/FirstPayVault/input_SalesTaxUnderAmount' is: '$37.13'&#xD;
&#xD;
2019-10-30 10:57:44 - [MESSAGE][PASSED] - utilities.SafeActions.safeGetText is PASSED&#xD;
&#xD;
2019-10-30 10:57:44 - [TEST_STEP][PASSED] - pages.FirstPayVault.verifyAmountIsNotZero(salesTax): pages.FirstPayVault.verifyAmountIsNotZero is PASSED&#xD;
&#xD;
2019-10-30 10:57:44 - [MESSAGE][PASSED] - pages.FirstPayVault.verifyAmountIsNotZero is PASSED&#xD;
&#xD;
2019-10-30 10:57:44 - [TEST_STEP][PASSED] - scrollToElement(findTestObject("Pages/FirstPayVault/input_CreditCardNumberForVerification"), delayBetweenTestSteps): Scroll to object 'Object Repository/Pages/FirstPayVault/input_CreditCardNumberForVerification' successfully&#xD;
&#xD;
2019-10-30 10:57:44 - [MESSAGE][PASSED] - Scroll to object 'Object Repository/Pages/FirstPayVault/input_CreditCardNumberForVerification' successfully&#xD;
&#xD;
2019-10-30 10:57:44 - [TEST_STEP][PASSED] - cardNumber = utilities.SafeActions.getAttribute(findTestObject("Pages/FirstPayVault/input_CreditCardNumberForVerification"), "1st Pay Vault"): utilities.SafeActions.getAttribute is PASSED&#xD;
&#xD;
2019-10-30 10:57:44 - [MESSAGE][PASSED] - Attribute 'value' of object 'Object Repository/Pages/FirstPayVault/input_CreditCardNumberForVerification' is: '411111******1111'&#xD;
&#xD;
2019-10-30 10:57:44 - [MESSAGE][PASSED] - utilities.SafeActions.getAttribute is PASSED&#xD;
&#xD;
2019-10-30 10:57:44 - [TEST_STEP][PASSED] - pages.FirstPayVault.verifyCardNumber(cardNumber, visaCardNumber): Actual String : 4111111111111111 matched with Expected message : 411111******1111&#xD;
&#xD;
2019-10-30 10:57:44 - [MESSAGE][PASSED] - Actual String : 4111111111111111 matched with Expected message : 411111******1111&#xD;
&#xD;
2019-10-30 10:57:44 - [TEST_STEP][PASSED] - expirationYear = utilities.SafeActions.getAttribute(findTestObject("Pages/FirstPayVault/dropDownExpirationYearForVerification"), "1st Pay Vault"): utilities.SafeActions.getAttribute is PASSED&#xD;
&#xD;
2019-10-30 10:57:45 - [MESSAGE][PASSED] - Attribute 'value' of object 'Object Repository/Pages/FirstPayVault/dropDownExpirationYearForVerification' is: '2032'&#xD;
&#xD;
2019-10-30 10:57:45 - [MESSAGE][PASSED] - utilities.SafeActions.getAttribute is PASSED&#xD;
&#xD;
2019-10-30 10:57:45 - [TEST_STEP][PASSED] - pages.FirstPayVault.verifyStrings(expirationYear, cardYear): Actual String : 2032 matched with Expected message : 2032&#xD;
&#xD;
2019-10-30 10:57:45 - [MESSAGE][PASSED] - Actual String : 2032 matched with Expected message : 2032&#xD;
&#xD;
2019-10-30 10:57:45 - [TEST_STEP][PASSED] - scrollToElement(findTestObject("Pages/FirstPayVault/input_VerifyCardHolderName"), PageLoadTime): Scroll to object 'Object Repository/Pages/FirstPayVault/input_VerifyCardHolderName' successfully&#xD;
&#xD;
2019-10-30 10:57:45 - [MESSAGE][PASSED] - Scroll to object 'Object Repository/Pages/FirstPayVault/input_VerifyCardHolderName' successfully&#xD;
&#xD;
2019-10-30 10:57:45 - [TEST_STEP][PASSED] - name = utilities.SafeActions.getAttribute(findTestObject("Pages/FirstPayVault/input_VerifyCardHolderName"), "1stPayVault"): utilities.SafeActions.getAttribute is PASSED&#xD;
&#xD;
2019-10-30 10:57:45 - [MESSAGE][PASSED] - Attribute 'value' of object 'Object Repository/Pages/FirstPayVault/input_VerifyCardHolderName' is: 'Venkata Sai'&#xD;
&#xD;
2019-10-30 10:57:45 - [MESSAGE][PASSED] - utilities.SafeActions.getAttribute is PASSED&#xD;
&#xD;
2019-10-30 10:57:45 - [TEST_STEP][PASSED] - pages.FirstPayVault.verifyStrings(name, customerName): Actual String : Venkata Sai matched with Expected message : Venkata Sai&#xD;
&#xD;
2019-10-30 10:57:45 - [MESSAGE][PASSED] - Actual String : Venkata Sai matched with Expected message : Venkata Sai&#xD;
&#xD;
2019-10-30 10:57:45 - [TEST_STEP][PASSED] - scrollToElement(findTestObject("Pages/FirstPayVault/checkbox_TaxExempt"), PageLoadTime): Scroll to object 'Object Repository/Pages/FirstPayVault/checkbox_TaxExempt' successfully&#xD;
&#xD;
2019-10-30 10:57:45 - [MESSAGE][PASSED] - Scroll to object 'Object Repository/Pages/FirstPayVault/checkbox_TaxExempt' successfully&#xD;
&#xD;
2019-10-30 10:57:45 - [TEST_STEP][NOT_RUN] - salesTax = utilities.SafeActions.safeGetText(findTestObject("Pages/FirstPayVault/amount_UnderPurchaseCardInformation"), delayBetweenTestSteps): NOT_RUN: salesTax = utilities.SafeActions.safeGetText(findTestObject("Pages/FirstPayVault/amount_UnderPurchaseCardInformation"), delayBetweenTestSteps)&#xD;
&#xD;
2019-10-30 10:57:45 - [MESSAGE][NOT_RUN] - NOT_RUN: salesTax = utilities.SafeActions.safeGetText(findTestObject("Pages/FirstPayVault/amount_UnderPurchaseCardInformation"), delayBetweenTestSteps)&#xD;
&#xD;
2019-10-30 10:57:45 - [TEST_STEP][PASSED] - pages.FirstPayVault.verifyAmountIsNotZero(salesTax): pages.FirstPayVault.verifyAmountIsNotZero is PASSED&#xD;
&#xD;
2019-10-30 10:57:45 - [MESSAGE][PASSED] - pages.FirstPayVault.verifyAmountIsNotZero is PASSED&#xD;
&#xD;
2019-10-30 10:57:45 - [TEST_STEP][PASSED] - utilities.SafeActions.safeCheckForElement(findTestObject("Pages/FirstPayVault/checkbox_TaxExempt"), PageLoadTime): utilities.SafeActions.safeCheckForElement is PASSED&#xD;
&#xD;
2019-10-30 10:57:46 - [MESSAGE][PASSED] - Object 'Object Repository/Pages/FirstPayVault/checkbox_TaxExempt' is present&#xD;
&#xD;
2019-10-30 10:57:46 - [MESSAGE][PASSED] - Object 'Object Repository/Pages/FirstPayVault/checkbox_TaxExempt' is visible&#xD;
&#xD;
2019-10-30 10:57:46 - [MESSAGE][PASSED] - Object 'Object Repository/Pages/FirstPayVault/checkbox_TaxExempt' is present&#xD;
&#xD;
2019-10-30 10:57:46 - [MESSAGE][PASSED] - Object 'Object Repository/Pages/FirstPayVault/checkbox_TaxExempt' is checked&#xD;
&#xD;
2019-10-30 10:57:46 - [MESSAGE][PASSED] - utilities.SafeActions.safeCheckForElement is PASSED&#xD;
&#xD;
2019-10-30 10:57:46 - [TEST_STEP][PASSED] - utilities.SafeActions.safeClickwithScroll(findTestObject("Pages/FirstPayVault/button_Checkout"), "Click on Checkout", [PageLoadTime]): utilities.SafeActions.safeClickwithScroll is PASSED&#xD;
&#xD;
2019-10-30 10:57:46 - [MESSAGE][PASSED] - Object 'Object Repository/Pages/FirstPayVault/button_Checkout' is present&#xD;
&#xD;
2019-10-30 10:57:47 - [MESSAGE][PASSED] - Object 'Object Repository/Pages/FirstPayVault/button_Checkout' is visible&#xD;
&#xD;
2019-10-30 10:57:47 - [MESSAGE][INFO] - 1stPayVault.ts:waiting until Click on Checkout is Clickable&#xD;
&#xD;
2019-10-30 10:57:47 - [MESSAGE][PASSED] - Object 'Object Repository/Pages/FirstPayVault/button_Checkout' is clickable&#xD;
&#xD;
2019-10-30 10:57:47 - [MESSAGE][PASSED] - Object 'Object Repository/Pages/FirstPayVault/button_Checkout' is visible&#xD;
&#xD;
2019-10-30 10:57:47 - [MESSAGE][PASSED] - Object: 'Object Repository/Pages/FirstPayVault/button_Checkout' is clicked on&#xD;
&#xD;
2019-10-30 10:57:47 - [MESSAGE][INFO] - 1stPayVault.ts: Clicked on the Click on Checkout&#xD;
&#xD;
2019-10-30 10:57:47 - [MESSAGE][PASSED] - utilities.SafeActions.safeClickwithScroll is PASSED&#xD;
&#xD;
2019-10-30 10:57:47 - [TEST_STEP][PASSED] - pages.Sale.verifyTransactionCompletePage(findTestObject("Pages/Sale/heading_TransactionComplete")): The screen is Transaction Complete screen&#xD;
&#xD;
2019-10-30 10:57:48 - [MESSAGE][PASSED] - Object 'Object Repository/Pages/Sale/heading_TransactionComplete' is present&#xD;
&#xD;
2019-10-30 10:57:48 - [MESSAGE][PASSED] - The screen is Transaction Complete screen&#xD;
&#xD;
2019-10-30 10:57:48 - [TEST_STEP][NOT_RUN] - delay(delayBetweenTestSteps): NOT_RUN: delay(delayBetweenTestSteps)&#xD;
&#xD;
2019-10-30 10:57:48 - [MESSAGE][NOT_RUN] - NOT_RUN: delay(delayBetweenTestSteps)&#xD;
&#xD;
2019-10-30 10:57:48 - [TEST_STEP][PASSED] - utilities.SafeActions.safeClickWithoutScroll(findTestObject("Pages/FirstPayVault/button_ReturnToSale_InTransactionComplete"), "Click On Return Button", [PageLoadTime]): utilities.SafeActions.safeClickWithoutScroll is PASSED&#xD;
&#xD;
2019-10-30 10:57:48 - [MESSAGE][INFO] - Safe Click Without scroll&#xD;
&#xD;
2019-10-30 10:57:48 - [MESSAGE][INFO] - 1stPayVault.ts:waiting until Click On Return Button is Clickable&#xD;
&#xD;
2019-10-30 10:57:48 - [MESSAGE][PASSED] - Object 'Object Repository/Pages/FirstPayVault/button_ReturnToSale_InTransactionComplete' is clickable&#xD;
&#xD;
2019-10-30 10:57:48 - [MESSAGE][PASSED] - Object 'Object Repository/Pages/FirstPayVault/button_ReturnToSale_InTransactionComplete' is visible&#xD;
&#xD;
2019-10-30 10:57:49 - [MESSAGE][PASSED] - Object: 'Object Repository/Pages/FirstPayVault/button_ReturnToSale_InTransactionComplete' is clicked on&#xD;
&#xD;
2019-10-30 10:57:49 - [MESSAGE][INFO] - 1stPayVault.ts: click on the Click On Return Button&#xD;
&#xD;
2019-10-30 10:57:49 - [MESSAGE][PASSED] - utilities.SafeActions.safeClickWithoutScroll is PASSED&#xD;
&#xD;
2019-10-30 10:57:49 - [TEST_STEP][PASSED] - utilities.SafeActions.safeClickWithoutScroll(findTestObject("Pages/FirstPayVault/tab_FirstPayVault"), "Click on FirstPayVault tab", [PageLoadTime]): utilities.SafeActions.safeClickWithoutScroll is PASSED&#xD;
&#xD;
2019-10-30 10:57:49 - [MESSAGE][INFO] - Safe Click Without scroll&#xD;
&#xD;
2019-10-30 10:57:49 - [MESSAGE][INFO] - 1stPayVault.ts:waiting until Click on FirstPayVault tab is Clickable&#xD;
&#xD;
2019-10-30 10:57:49 - [MESSAGE][PASSED] - Object 'Object Repository/Pages/FirstPayVault/tab_FirstPayVault' is clickable&#xD;
&#xD;
2019-10-30 10:57:49 - [MESSAGE][PASSED] - Object 'Object Repository/Pages/FirstPayVault/tab_FirstPayVault' is visible&#xD;
&#xD;
2019-10-30 10:57:50 - [MESSAGE][PASSED] - Object: 'Object Repository/Pages/FirstPayVault/tab_FirstPayVault' is clicked on&#xD;
&#xD;
2019-10-30 10:57:50 - [MESSAGE][INFO] - 1stPayVault.ts: click on the Click on FirstPayVault tab&#xD;
&#xD;
2019-10-30 10:57:50 - [MESSAGE][PASSED] - utilities.SafeActions.safeClickWithoutScroll is PASSED&#xD;
&#xD;
2019-10-30 10:57:50 - [TEST_STEP][PASSED] - utilities.SafeActions.safeClickwithScroll(findTestObject("Pages/FirstPayVault/button_SearchVault"), "Click on Search Vault", [PageLoadTime]): utilities.SafeActions.safeClickwithScroll is PASSED&#xD;
&#xD;
2019-10-30 10:57:50 - [MESSAGE][PASSED] - Object 'Object Repository/Pages/FirstPayVault/button_SearchVault' is present&#xD;
&#xD;
2019-10-30 10:57:50 - [MESSAGE][PASSED] - Object 'Object Repository/Pages/FirstPayVault/button_SearchVault' is visible&#xD;
&#xD;
2019-10-30 10:57:50 - [MESSAGE][INFO] - 1stPayVault.ts:waiting until Click on Search Vault is Clickable&#xD;
&#xD;
2019-10-30 10:57:50 - [MESSAGE][PASSED] - Object 'Object Repository/Pages/FirstPayVault/button_SearchVault' is clickable&#xD;
&#xD;
2019-10-30 10:57:50 - [MESSAGE][PASSED] - Object 'Object Repository/Pages/FirstPayVault/button_SearchVault' is visible&#xD;
&#xD;
2019-10-30 10:57:51 - [MESSAGE][PASSED] - Object: 'Object Repository/Pages/FirstPayVault/button_SearchVault' is clicked on&#xD;
&#xD;
2019-10-30 10:57:51 - [MESSAGE][INFO] - 1stPayVault.ts: Clicked on the Click on Search Vault&#xD;
&#xD;
2019-10-30 10:57:51 - [MESSAGE][PASSED] - utilities.SafeActions.safeClickwithScroll is PASSED&#xD;
&#xD;
2019-10-30 10:57:51 - [TEST_STEP][PASSED] - utilities.SafeActions.safeClickWithoutScroll(findTestObject("Pages/FirstPayVault/button_Search"), "Click On Search button", [PageLoadTime]): utilities.SafeActions.safeClickWithoutScroll is PASSED&#xD;
&#xD;
2019-10-30 10:57:51 - [MESSAGE][INFO] - Safe Click Without scroll&#xD;
&#xD;
2019-10-30 10:57:51 - [MESSAGE][INFO] - 1stPayVault.ts:waiting until Click On Search button is Clickable&#xD;
&#xD;
2019-10-30 10:57:51 - [MESSAGE][PASSED] - Object 'Object Repository/Pages/FirstPayVault/button_Search' is clickable&#xD;
&#xD;
2019-10-30 10:57:51 - [MESSAGE][PASSED] - Object 'Object Repository/Pages/FirstPayVault/button_Search' is visible&#xD;
&#xD;
2019-10-30 10:57:52 - [MESSAGE][PASSED] - Object: 'Object Repository/Pages/FirstPayVault/button_Search' is clicked on&#xD;
&#xD;
2019-10-30 10:57:52 - [MESSAGE][INFO] - 1stPayVault.ts: click on the Click On Search button&#xD;
&#xD;
2019-10-30 10:57:52 - [MESSAGE][PASSED] - utilities.SafeActions.safeClickWithoutScroll is PASSED&#xD;
&#xD;
2019-10-30 10:57:52 - [TEST_STEP][PASSED] - scrollToElement(findTestObject("Pages/Transaction_Management/invoice_ForTransaction"), PageLoadTime): Scroll to object 'Object Repository/Pages/Transaction_Management/invoice_ForTransaction' successfully&#xD;
&#xD;
2019-10-30 10:57:53 - [MESSAGE][PASSED] - Scroll to object 'Object Repository/Pages/Transaction_Management/invoice_ForTransaction' successfully&#xD;
&#xD;
2019-10-30 10:57:53 - [TEST_STEP][PASSED] - pages.FirstPayVault.verifyInvoiceRecord(findTestObject("Pages/FirstPayVault/footer_NextButton"), findTestObject("Pages/FirstPayVault/page_Number"), vaultReference): The Vault is found in page 1&#xD;
&#xD;
2019-10-30 10:57:54 - [MESSAGE][PASSED] - Text of object 'Object Repository/Pages/FirstPayVault/page_Number' is: 'Page 1 of 20'&#xD;
&#xD;
2019-10-30 10:57:54 - [MESSAGE][PASSED] - The Vault is found in page 1&#xD;
&#xD;
2019-10-30 10:57:54 - [TEST_STEP][NOT_RUN] - delay(2): NOT_RUN: delay(2)&#xD;
&#xD;
2019-10-30 10:57:54 - [MESSAGE][NOT_RUN] - NOT_RUN: delay(2)&#xD;
&#xD;
2019-10-30 10:57:54 - [TEST_STEP][PASSED] - pages.FirstPayVault.clickOnEdit(findTestObject("Pages/FirstPayVault/footer_NextButton"), findTestObject("Pages/FirstPayVault/page_Number"), vaultReference): Delayed 6 second(s)&#xD;
&#xD;
2019-10-30 10:57:54 - [MESSAGE][PASSED] - Text of object 'Object Repository/Pages/FirstPayVault/page_Number' is: 'Page 1 of 20'&#xD;
&#xD;
2019-10-30 10:57:55 - [MESSAGE][PASSED] - The Vault is found in page 1&#xD;
&#xD;
2019-10-30 10:58:01 - [MESSAGE][PASSED] - Delayed 6 second(s)&#xD;
&#xD;
2019-10-30 10:58:02 - [TEST_STEP][PASSED] - scrollToElement(findTestObject("Pages/FirstPayVault/dropDownExpirationMonthForVerification"), delayBetweenTestSteps): Scroll to object 'Object Repository/Pages/FirstPayVault/dropDownExpirationMonthForVerification' successfully&#xD;
&#xD;
2019-10-30 10:58:02 - [MESSAGE][PASSED] - Scroll to object 'Object Repository/Pages/FirstPayVault/dropDownExpirationMonthForVerification' successfully&#xD;
&#xD;
2019-10-30 10:58:02 - [TEST_STEP][PASSED] - utilities.SafeActions.safeSelectOptionInDropDownByVisibleText(findTestObject("Pages/FirstPayVault/dropDownExpirationMonthForVerification"), cardMonthUpdate, "Update expiration Month", [PageLoadTime]): utilities.SafeActions.safeSelectOptionInDropDownByVisibleText is PASSED&#xD;
&#xD;
2019-10-30 10:58:02 - [MESSAGE][PASSED] - Object 'Object Repository/Pages/FirstPayVault/dropDownExpirationMonthForVerification' is visible&#xD;
&#xD;
2019-10-30 10:58:02 - [MESSAGE][PASSED] - Object 'Object Repository/Pages/FirstPayVault/dropDownExpirationMonthForVerification' is present&#xD;
&#xD;
2019-10-30 10:58:03 - [MESSAGE][PASSED] - Object: 'Object Repository/Pages/FirstPayVault/dropDownExpirationMonthForVerification' is clicked on&#xD;
&#xD;
2019-10-30 10:58:03 - [MESSAGE][PASSED] - All options with label 'October' are selected in object 'Object Repository/Pages/FirstPayVault/dropDownExpirationMonthForVerification' &#xD;
&#xD;
2019-10-30 10:58:03 - [MESSAGE][PASSED] - utilities.SafeActions.safeSelectOptionInDropDownByVisibleText is PASSED&#xD;
&#xD;
2019-10-30 10:58:03 - [TEST_STEP][PASSED] - utilities.SafeActions.safeCheckForElement(findTestObject("Pages/FirstPayVault/chekBox_AddShippingInformation"), PageLoadTime): utilities.SafeActions.safeCheckForElement is PASSED&#xD;
&#xD;
2019-10-30 10:58:04 - [MESSAGE][PASSED] - Object 'Object Repository/Pages/FirstPayVault/chekBox_AddShippingInformation' is present&#xD;
&#xD;
2019-10-30 10:58:04 - [MESSAGE][PASSED] - Object 'Object Repository/Pages/FirstPayVault/chekBox_AddShippingInformation' is visible&#xD;
&#xD;
2019-10-30 10:58:04 - [MESSAGE][PASSED] - Object 'Object Repository/Pages/FirstPayVault/chekBox_AddShippingInformation' is present&#xD;
&#xD;
2019-10-30 10:58:05 - [MESSAGE][PASSED] - Object 'Object Repository/Pages/FirstPayVault/chekBox_AddShippingInformation' is checked&#xD;
&#xD;
2019-10-30 10:58:05 - [MESSAGE][PASSED] - utilities.SafeActions.safeCheckForElement is PASSED&#xD;
&#xD;
2019-10-30 10:58:05 - [TEST_STEP][PASSED] - utilities.SafeActions.safeType(findTestObject("Pages/FirstPayVault/input_ShippingMethod"), shippingMethod, "Enter Shipping Method", [PageLoadTime]): utilities.SafeActions.safeType is PASSED&#xD;
&#xD;
2019-10-30 10:58:05 - [MESSAGE][PASSED] - Object 'Object Repository/Pages/FirstPayVault/input_ShippingMethod' is present&#xD;
&#xD;
2019-10-30 10:58:05 - [MESSAGE][PASSED] - Scroll to object 'Object Repository/Pages/FirstPayVault/input_ShippingMethod' successfully&#xD;
&#xD;
2019-10-30 10:58:05 - [MESSAGE][PASSED] - Object 'Object Repository/Pages/FirstPayVault/input_ShippingMethod' is present&#xD;
&#xD;
2019-10-30 10:58:06 - [MESSAGE][PASSED] - Object: 'Object Repository/Pages/FirstPayVault/input_ShippingMethod' is clicked on&#xD;
&#xD;
2019-10-30 10:58:06 - [MESSAGE][PASSED] - Text 'DTDC' is set on object 'Object Repository/Pages/FirstPayVault/input_ShippingMethod'&#xD;
&#xD;
2019-10-30 10:58:06 - [MESSAGE][PASSED] - utilities.SafeActions.safeType is PASSED&#xD;
&#xD;
2019-10-30 10:58:06 - [TEST_STEP][PASSED] - utilities.SafeActions.safeCheckForElement(findTestObject("Pages/FirstPayVault/checkbox_SameAsBillingInformation"), PageLoadTime): utilities.SafeActions.safeCheckForElement is PASSED&#xD;
&#xD;
2019-10-30 10:58:06 - [MESSAGE][PASSED] - Object 'Object Repository/Pages/FirstPayVault/checkbox_SameAsBillingInformation' is present&#xD;
&#xD;
2019-10-30 10:58:07 - [MESSAGE][PASSED] - Object 'Object Repository/Pages/FirstPayVault/checkbox_SameAsBillingInformation' is visible&#xD;
&#xD;
2019-10-30 10:58:07 - [MESSAGE][PASSED] - Object 'Object Repository/Pages/FirstPayVault/checkbox_SameAsBillingInformation' is present&#xD;
&#xD;
2019-10-30 10:58:08 - [MESSAGE][PASSED] - Object 'Object Repository/Pages/FirstPayVault/checkbox_SameAsBillingInformation' is checked&#xD;
&#xD;
2019-10-30 10:58:08 - [MESSAGE][PASSED] - utilities.SafeActions.safeCheckForElement is PASSED&#xD;
&#xD;
2019-10-30 10:58:08 - [TEST_STEP][PASSED] - scrollToElement(findTestObject("Pages/FirstPayVault/button_Update"), delayBetweenTestSteps): Scroll to object 'Object Repository/Pages/FirstPayVault/button_Update' successfully&#xD;
&#xD;
2019-10-30 10:58:08 - [MESSAGE][PASSED] - Scroll to object 'Object Repository/Pages/FirstPayVault/button_Update' successfully&#xD;
&#xD;
2019-10-30 10:58:08 - [TEST_STEP][PASSED] - utilities.SafeActions.safeClickwithScroll(findTestObject("Pages/FirstPayVault/button_Update"), "Click On Update", [delayBetweenTestSteps]): utilities.SafeActions.safeClickwithScroll is PASSED&#xD;
&#xD;
2019-10-30 10:58:08 - [MESSAGE][PASSED] - Object 'Object Repository/Pages/FirstPayVault/button_Update' is present&#xD;
&#xD;
2019-10-30 10:58:08 - [MESSAGE][PASSED] - Object 'Object Repository/Pages/FirstPayVault/button_Update' is visible&#xD;
&#xD;
2019-10-30 10:58:08 - [MESSAGE][INFO] - 1stPayVault.ts:waiting until Click On Update is Clickable&#xD;
&#xD;
2019-10-30 10:58:08 - [MESSAGE][PASSED] - Object 'Object Repository/Pages/FirstPayVault/button_Update' is clickable&#xD;
&#xD;
2019-10-30 10:58:08 - [MESSAGE][PASSED] - Object 'Object Repository/Pages/FirstPayVault/button_Update' is visible&#xD;
&#xD;
2019-10-30 10:58:09 - [MESSAGE][PASSED] - Object: 'Object Repository/Pages/FirstPayVault/button_Update' is clicked on&#xD;
&#xD;
2019-10-30 10:58:09 - [MESSAGE][INFO] - 1stPayVault.ts: Clicked on the Click On Update&#xD;
&#xD;
2019-10-30 10:58:09 - [MESSAGE][PASSED] - utilities.SafeActions.safeClickwithScroll is PASSED&#xD;
&#xD;
2019-10-30 10:58:09 - [TEST_STEP][NOT_RUN] - delay(2): NOT_RUN: delay(2)&#xD;
&#xD;
2019-10-30 10:58:09 - [MESSAGE][NOT_RUN] - NOT_RUN: delay(2)&#xD;
&#xD;
2019-10-30 10:58:09 - [TEST_STEP][PASSED] - popupUpdatedToVaultMessage = utilities.SafeActions.safeGetText(findTestObject("Pages/FirstPayVault/popup_SavedToVaultMessage"), PageLoadTime): utilities.SafeActions.safeGetText is PASSED&#xD;
&#xD;
2019-10-30 10:58:09 - [MESSAGE][PASSED] - Object 'Object Repository/Pages/FirstPayVault/popup_SavedToVaultMessage' is present&#xD;
&#xD;
2019-10-30 10:58:09 - [MESSAGE][PASSED] - Scroll to object 'Object Repository/Pages/FirstPayVault/popup_SavedToVaultMessage' successfully&#xD;
&#xD;
2019-10-30 10:58:09 - [MESSAGE][PASSED] - Object 'Object Repository/Pages/FirstPayVault/popup_SavedToVaultMessage' is present&#xD;
&#xD;
2019-10-30 10:58:10 - [MESSAGE][PASSED] - Text of object 'Object Repository/Pages/FirstPayVault/popup_SavedToVaultMessage' is: 'Successfully Saved to Vault'&#xD;
&#xD;
2019-10-30 10:58:10 - [MESSAGE][PASSED] - utilities.SafeActions.safeGetText is PASSED&#xD;
&#xD;
2019-10-30 10:58:10 - [TEST_STEP][PASSED] - flag = utilities.SafeActions.verifyPopupMessage("Successfully Saved to Vault", popupUpdatedToVaultMessage): Popup Message : Successfully Saved to Vault matched with expected message : Successfully Saved to Vault&#xD;
&#xD;
2019-10-30 10:58:10 - [MESSAGE][PASSED] - Popup Message : Successfully Saved to Vault matched with expected message : Successfully Saved to Vault&#xD;
&#xD;
2019-10-30 10:58:10 - [TEST_STEP][NOT_RUN] - delay(2): NOT_RUN: delay(2)&#xD;
&#xD;
2019-10-30 10:58:10 - [MESSAGE][NOT_RUN] - NOT_RUN: delay(2)&#xD;
&#xD;
2019-10-30 10:58:10 - [TEST_STEP][PASSED] - closeBrowser(): Browser is closed&#xD;
&#xD;
2019-10-30 10:58:13 - [MESSAGE][PASSED] - Browser is closed&#xD;
&#xD;
2019-10-30 10:58:13 - [TEST_STEP][PASSED] - Start listener action : sampleAfterTestCase: null&#xD;
&#xD;
2019-10-30 10:58:13 - [TEST_STEP][PASSED] - println(testCaseContext.getTestCaseId()): null&#xD;
&#xD;
2019-10-30 10:58:13 - [TEST_STEP][PASSED] - println(testCaseContext.getTestCaseStatus()): null&#xD;
&#xD;
2019-10-30 10:58:13 - [TEST_STEP][PASSED] - testCaseName = testCaseContext.getTestCaseId(): null&#xD;
&#xD;
2019-10-30 10:58:13 - [TEST_STEP][PASSED] - strCount = testCaseName.lastIndexOf("/"): null&#xD;
&#xD;
2019-10-30 10:58:13 - [TEST_STEP][PASSED] - testCaseName = testCaseName.substring(strCount): null&#xD;
&#xD;
2019-10-30 10:58:13 - [TEST_STEP][PASSED] - println(testCaseName): null&#xD;
&#xD;
2019-10-30 10:58:13 - [TEST_STEP][PASSED] - if (getTestCaseStatus().equalsIgnoreCase("Error")): null&#xD;
&#xD;
2019-10-30 10:58:13 - [TEST_STEP][PASSED] - Start listener action : sampleAfterTestCase: null</system-out>
            <system-err></system-err>
        </testcase>
        <testcase name="Test Cases/FirstView/FirstPayVault/TC_1st_Pay_Vault_006" classname="Test Cases/FirstView/FirstPayVault/TC_1st_Pay_Vault_006" status="PASSED">
            <system-out>2019-10-30 10:58:13 - [TEST_CASE][PASSED] - Test Cases/FirstView/FirstPayVault/TC_1st_Pay_Vault_006: Test Cases/FirstView/FirstPayVault/TC_1st_Pay_Vault_006&#xD;
&#xD;
2019-10-30 10:58:13 - [TEST_STEP][PASSED] - Start listener action : sampleBeforeTestCase: null&#xD;
&#xD;
2019-10-30 10:58:13 - [TEST_STEP][PASSED] - println(testCaseContext.getTestCaseId()): null&#xD;
&#xD;
2019-10-30 10:58:13 - [TEST_STEP][PASSED] - println(testCaseContext.getTestCaseVariables()): null&#xD;
&#xD;
2019-10-30 10:58:14 - [TEST_STEP][NOT_RUN] - utilities.SafeActions.openBrowser(Old_URL, [PageLoadTime]): NOT_RUN: utilities.SafeActions.openBrowser(Old_URL, [PageLoadTime])&#xD;
&#xD;
2019-10-30 10:58:14 - [MESSAGE][NOT_RUN] - NOT_RUN: utilities.SafeActions.openBrowser(Old_URL, [PageLoadTime])&#xD;
&#xD;
2019-10-30 10:58:14 - [TEST_STEP][NOT_RUN] - delay(6): NOT_RUN: delay(6)&#xD;
&#xD;
2019-10-30 10:58:14 - [MESSAGE][NOT_RUN] - NOT_RUN: delay(6)&#xD;
&#xD;
2019-10-30 10:58:14 - [TEST_STEP][NOT_RUN] - utilities.SafeActions.safeSelectOptionInDropDownByVisibleText(findTestObject("Pages/Sale/dropDown_AccountType"), "ranjanatest2 - 888814981372/001 Account Type: Retail", "Select by Value", [25]): NOT_RUN: utilities.SafeActions.safeSelectOptionInDropDownByVisibleText(findTestObject("Pages/Sale/dropDown_AccountType"), "ranjanatest2 - 888814981372/001 Account Type: Retail", "Select by Value", [25])&#xD;
&#xD;
2019-10-30 10:58:14 - [MESSAGE][NOT_RUN] - NOT_RUN: utilities.SafeActions.safeSelectOptionInDropDownByVisibleText(findTestObject("Pages/Sale/dropDown_AccountType"), "ranjanatest2 - 888814981372/001 Account Type: Retail", "Select by Value", [25])&#xD;
&#xD;
2019-10-30 10:58:14 - [TEST_STEP][PASSED] - utilities.SafeActions.openBrowser(URL, [PageLoadTime]): utilities.SafeActions.openBrowser is PASSED&#xD;
&#xD;
2019-10-30 10:58:14 - [MESSAGE][INFO] - Opening Browser&#xD;
&#xD;
2019-10-30 10:58:14 - [MESSAGE][INFO] - Starting 'Firefox' driver&#xD;
&#xD;
2019-10-30 10:58:24 - [MESSAGE][PASSED] - Browser is opened with url: 'https://q-www-firstview-net.faps.net/MVC/Account/Login'&#xD;
&#xD;
2019-10-30 10:58:24 - [MESSAGE][PASSED] - Current window maximized&#xD;
&#xD;
2019-10-30 10:58:24 - [MESSAGE][INFO] - Browser Launched Successfully&#xD;
&#xD;
2019-10-30 10:58:24 - [MESSAGE][PASSED] - utilities.SafeActions.openBrowser is PASSED&#xD;
&#xD;
2019-10-30 10:58:24 - [TEST_STEP][PASSED] - pages.Login.login(uName, password): pages.Login.login is PASSED&#xD;
&#xD;
2019-10-30 10:58:24 - [MESSAGE][PASSED] - Object 'Object Repository/Pages/Login/userName' is present&#xD;
&#xD;
2019-10-30 10:58:24 - [MESSAGE][PASSED] - Scroll to object 'Object Repository/Pages/Login/userName' successfully&#xD;
&#xD;
2019-10-30 10:58:24 - [MESSAGE][PASSED] - Object 'Object Repository/Pages/Login/userName' is present&#xD;
&#xD;
2019-10-30 10:58:25 - [MESSAGE][PASSED] - Object: 'Object Repository/Pages/Login/userName' is clicked on&#xD;
&#xD;
2019-10-30 10:58:25 - [MESSAGE][PASSED] - Text 'ZenQRetail' is set on object 'Object Repository/Pages/Login/userName'&#xD;
&#xD;
2019-10-30 10:58:25 - [MESSAGE][PASSED] - Object 'Object Repository/Pages/Login/password' is present&#xD;
&#xD;
2019-10-30 10:58:25 - [MESSAGE][PASSED] - Scroll to object 'Object Repository/Pages/Login/password' successfully&#xD;
&#xD;
2019-10-30 10:58:25 - [MESSAGE][PASSED] - Object 'Object Repository/Pages/Login/password' is present&#xD;
&#xD;
2019-10-30 10:58:26 - [MESSAGE][PASSED] - Object: 'Object Repository/Pages/Login/password' is clicked on&#xD;
&#xD;
2019-10-30 10:58:26 - [MESSAGE][PASSED] - Text 'P@ssword1' is set on object 'Object Repository/Pages/Login/password'&#xD;
&#xD;
2019-10-30 10:58:26 - [MESSAGE][INFO] - Safe Click Without scroll&#xD;
&#xD;
2019-10-30 10:58:26 - [MESSAGE][INFO] - 1stPayVault.ts:waiting until Click on Login is Clickable&#xD;
&#xD;
2019-10-30 10:58:26 - [MESSAGE][PASSED] - Object 'Object Repository/Pages/Login/login' is clickable&#xD;
&#xD;
2019-10-30 10:58:26 - [MESSAGE][PASSED] - Object 'Object Repository/Pages/Login/login' is visible&#xD;
&#xD;
2019-10-30 10:58:28 - [MESSAGE][PASSED] - Object: 'Object Repository/Pages/Login/login' is clicked on&#xD;
&#xD;
2019-10-30 10:58:28 - [MESSAGE][INFO] - 1stPayVault.ts: click on the Click on Login&#xD;
&#xD;
2019-10-30 10:58:28 - [MESSAGE][PASSED] - pages.Login.login is PASSED&#xD;
&#xD;
2019-10-30 10:58:28 - [TEST_STEP][PASSED] - callTestCase(findTestCase("FirstView/Login/TC_SendCode"), [:], STOP_ON_FAILURE): Call Test Case 'Test Cases/FirstView/Login/TC_SendCode' successfully&#xD;
&#xD;
2019-10-30 10:58:28 - [TEST_CASE][PASSED] - Test Cases/FirstView/Login/TC_SendCode: Test Cases/FirstView/Login/TC_SendCode&#xD;
&#xD;
2019-10-30 10:58:28 - [TEST_STEP][PASSED] - flag = pages.SendCode.verifyPage(): pages.SendCode.verifyPage is PASSED&#xD;
&#xD;
2019-10-30 10:58:29 - [MESSAGE][PASSED] - Object 'Object Repository/Pages/SendCodeToValidate/header_SendCodeToValidate' is present and visible in viewport&#xD;
&#xD;
2019-10-30 10:58:29 - [MESSAGE][PASSED] - pages.SendCode.verifyPage is PASSED&#xD;
&#xD;
2019-10-30 10:58:29 - [TEST_STEP][PASSED] - if (flag): pages.SendCode.clickonUserSettings is PASSED&#xD;
&#xD;
2019-10-30 10:58:29 - [TEST_STEP][PASSED] - pages.SendCode.clickonUserSettings(): pages.SendCode.clickonUserSettings is PASSED&#xD;
&#xD;
2019-10-30 10:58:29 - [MESSAGE][PASSED] - Object 'Object Repository/Pages/SendCodeToValidate/link_UserSettings' is present&#xD;
&#xD;
2019-10-30 10:58:29 - [MESSAGE][PASSED] - Object 'Object Repository/Pages/SendCodeToValidate/link_UserSettings' is visible&#xD;
&#xD;
2019-10-30 10:58:29 - [MESSAGE][INFO] - 1stPayVault.ts:waiting until Click on User Settings is Clickable&#xD;
&#xD;
2019-10-30 10:58:29 - [MESSAGE][PASSED] - Object 'Object Repository/Pages/SendCodeToValidate/link_UserSettings' is clickable&#xD;
&#xD;
2019-10-30 10:58:29 - [MESSAGE][PASSED] - Object 'Object Repository/Pages/SendCodeToValidate/link_UserSettings' is visible&#xD;
&#xD;
2019-10-30 10:58:31 - [MESSAGE][PASSED] - Object: 'Object Repository/Pages/SendCodeToValidate/link_UserSettings' is clicked on&#xD;
&#xD;
2019-10-30 10:58:31 - [MESSAGE][INFO] - 1stPayVault.ts: Clicked on the Click on User Settings&#xD;
&#xD;
2019-10-30 10:58:31 - [MESSAGE][PASSED] - pages.SendCode.clickonUserSettings is PASSED&#xD;
&#xD;
2019-10-30 10:58:31 - [MESSAGE][PASSED] - Call Test Case 'Test Cases/FirstView/Login/TC_SendCode' successfully&#xD;
&#xD;
2019-10-30 10:58:31 - [TEST_STEP][PASSED] - callTestCase(findTestCase("FirstView/Login/TC_FirstView"), [:], STOP_ON_FAILURE): Call Test Case 'Test Cases/FirstView/Login/TC_FirstView' successfully&#xD;
&#xD;
2019-10-30 10:58:31 - [TEST_CASE][PASSED] - Test Cases/FirstView/Login/TC_FirstView: Test Cases/FirstView/Login/TC_FirstView&#xD;
&#xD;
2019-10-30 10:58:31 - [TEST_STEP][NOT_RUN] - utilities.SafeActions.safeClickWithoutScroll(findTestObject("Pages/FirstView/link_Home"), "Click on Home button in First View screen", [PageLoadTime]): NOT_RUN: utilities.SafeActions.safeClickWithoutScroll(findTestObject("Pages/FirstView/link_Home"), "Click on Home button in First View screen", [PageLoadTime])&#xD;
&#xD;
2019-10-30 10:58:31 - [MESSAGE][NOT_RUN] - NOT_RUN: utilities.SafeActions.safeClickWithoutScroll(findTestObject("Pages/FirstView/link_Home"), "Click on Home button in First View screen", [PageLoadTime])&#xD;
&#xD;
2019-10-30 10:58:31 - [TEST_STEP][PASSED] - delay(3): Delayed 3 second(s)&#xD;
&#xD;
2019-10-30 10:58:34 - [MESSAGE][PASSED] - Delayed 3 second(s)&#xD;
&#xD;
2019-10-30 10:58:34 - [TEST_STEP][PASSED] - utilities.SafeActions.javascriptclick(findTestObject("Pages/FirstView/link_Home"), delayForElement): utilities.SafeActions.javascriptclick is PASSED&#xD;
&#xD;
2019-10-30 10:58:34 - [MESSAGE][PASSED] - utilities.SafeActions.javascriptclick is PASSED&#xD;
&#xD;
2019-10-30 10:58:34 - [TEST_STEP][PASSED] - utilities.SafeActions.safeClickWithoutScroll(findTestObject("Pages/FirstView/link_VPOS"), "Click on VPOS button in First View screen", [PageLoadTime]): utilities.SafeActions.safeClickWithoutScroll is PASSED&#xD;
&#xD;
2019-10-30 10:58:34 - [MESSAGE][INFO] - Safe Click Without scroll&#xD;
&#xD;
2019-10-30 10:58:34 - [MESSAGE][INFO] - 1stPayVault.ts:waiting until Click on VPOS button in First View screen is Clickable&#xD;
&#xD;
2019-10-30 10:58:35 - [MESSAGE][PASSED] - Object 'Object Repository/Pages/FirstView/link_VPOS' is clickable&#xD;
&#xD;
2019-10-30 10:58:35 - [MESSAGE][PASSED] - Object 'Object Repository/Pages/FirstView/link_VPOS' is visible&#xD;
&#xD;
2019-10-30 10:58:36 - [MESSAGE][PASSED] - Object: 'Object Repository/Pages/FirstView/link_VPOS' is clicked on&#xD;
&#xD;
2019-10-30 10:58:36 - [MESSAGE][INFO] - 1stPayVault.ts: click on the Click on VPOS button in First View screen&#xD;
&#xD;
2019-10-30 10:58:36 - [MESSAGE][PASSED] - utilities.SafeActions.safeClickWithoutScroll is PASSED&#xD;
&#xD;
2019-10-30 10:58:36 - [MESSAGE][PASSED] - Call Test Case 'Test Cases/FirstView/Login/TC_FirstView' successfully&#xD;
&#xD;
2019-10-30 10:58:36 - [TEST_STEP][PASSED] - switchToWindowTitle("Transcenter - VPOS"): Switched to window with title: 'Transcenter - VPOS'&#xD;
&#xD;
2019-10-30 10:58:39 - [MESSAGE][PASSED] - Switched to window with title: 'Transcenter - VPOS'&#xD;
&#xD;
2019-10-30 10:58:39 - [TEST_STEP][PASSED] - focus(findTestObject("Pages/FirstPayVault/tab_FirstPayVault")): Object: 'Object Repository/Pages/FirstPayVault/tab_FirstPayVault' is focused&#xD;
&#xD;
2019-10-30 10:58:41 - [MESSAGE][PASSED] - Object: 'Object Repository/Pages/FirstPayVault/tab_FirstPayVault' is focused&#xD;
&#xD;
2019-10-30 10:58:41 - [TEST_STEP][PASSED] - utilities.SafeActions.javascriptclick(findTestObject("Pages/FirstPayVault/tab_FirstPayVault"), PageLoadTime): utilities.SafeActions.javascriptclick is PASSED&#xD;
&#xD;
2019-10-30 10:58:41 - [MESSAGE][PASSED] - utilities.SafeActions.javascriptclick is PASSED&#xD;
&#xD;
2019-10-30 10:58:41 - [TEST_STEP][PASSED] - delay(delayForElement): Delayed 6 second(s)&#xD;
&#xD;
2019-10-30 10:58:47 - [MESSAGE][PASSED] - Delayed 6 second(s)&#xD;
&#xD;
2019-10-30 10:58:47 - [TEST_STEP][PASSED] - utilities.SafeActions.safeClickWithoutScroll(findTestObject("Pages/FirstPayVault/tab_FirstPayVault"), "Click on FistPayVault tab", [delayForElement]): utilities.SafeActions.safeClickWithoutScroll is PASSED&#xD;
&#xD;
2019-10-30 10:58:48 - [MESSAGE][INFO] - Safe Click Without scroll&#xD;
&#xD;
2019-10-30 10:58:48 - [MESSAGE][INFO] - 1stPayVault.ts:waiting until Click on FistPayVault tab is Clickable&#xD;
&#xD;
2019-10-30 10:58:48 - [MESSAGE][PASSED] - Object 'Object Repository/Pages/FirstPayVault/tab_FirstPayVault' is clickable&#xD;
&#xD;
2019-10-30 10:58:48 - [MESSAGE][PASSED] - Object 'Object Repository/Pages/FirstPayVault/tab_FirstPayVault' is visible&#xD;
&#xD;
2019-10-30 10:58:49 - [MESSAGE][PASSED] - Object: 'Object Repository/Pages/FirstPayVault/tab_FirstPayVault' is clicked on&#xD;
&#xD;
2019-10-30 10:58:49 - [MESSAGE][INFO] - 1stPayVault.ts: click on the Click on FistPayVault tab&#xD;
&#xD;
2019-10-30 10:58:49 - [MESSAGE][PASSED] - utilities.SafeActions.safeClickWithoutScroll is PASSED&#xD;
&#xD;
2019-10-30 10:58:49 - [TEST_STEP][PASSED] - utilities.SafeActions.safeClickWithoutScroll(findTestObject("Pages/FirstPayVault/button_CreateVault"), "Click on CreateVault button", [PageLoadTime]): utilities.SafeActions.safeClickWithoutScroll is PASSED&#xD;
&#xD;
2019-10-30 10:58:49 - [MESSAGE][INFO] - Safe Click Without scroll&#xD;
&#xD;
2019-10-30 10:58:49 - [MESSAGE][INFO] - 1stPayVault.ts:waiting until Click on CreateVault button is Clickable&#xD;
&#xD;
2019-10-30 10:58:49 - [MESSAGE][PASSED] - Object 'Object Repository/Pages/FirstPayVault/button_CreateVault' is clickable&#xD;
&#xD;
2019-10-30 10:58:49 - [MESSAGE][PASSED] - Object 'Object Repository/Pages/FirstPayVault/button_CreateVault' is visible&#xD;
&#xD;
2019-10-30 10:58:50 - [MESSAGE][PASSED] - Object: 'Object Repository/Pages/FirstPayVault/button_CreateVault' is clicked on&#xD;
&#xD;
2019-10-30 10:58:50 - [MESSAGE][INFO] - 1stPayVault.ts: click on the Click on CreateVault button&#xD;
&#xD;
2019-10-30 10:58:50 - [MESSAGE][PASSED] - utilities.SafeActions.safeClickWithoutScroll is PASSED&#xD;
&#xD;
2019-10-30 10:58:50 - [TEST_STEP][PASSED] - scrollToElement(findTestObject("Pages/FirstPayVault/input_VaultReferenceNumber"), PageLoadTime): Scroll to object 'Object Repository/Pages/FirstPayVault/input_VaultReferenceNumber' successfully&#xD;
&#xD;
2019-10-30 10:58:50 - [MESSAGE][PASSED] - Scroll to object 'Object Repository/Pages/FirstPayVault/input_VaultReferenceNumber' successfully&#xD;
&#xD;
2019-10-30 10:58:50 - [TEST_STEP][PASSED] - vaultReference = utilities.SafeActions.timeWithMilliSeconds(): utilities.SafeActions.timeWithMilliSeconds is PASSED&#xD;
&#xD;
2019-10-30 10:58:50 - [MESSAGE][PASSED] - utilities.SafeActions.timeWithMilliSeconds is PASSED&#xD;
&#xD;
2019-10-30 10:58:50 - [TEST_STEP][PASSED] - utilities.SafeActions.safeType(findTestObject("Pages/FirstPayVault/input_VaultReferenceNumber"), vaultReference, "Entering Vault Reference Number", [PageLoadTime]): utilities.SafeActions.safeType is PASSED&#xD;
&#xD;
2019-10-30 10:58:50 - [MESSAGE][PASSED] - Object 'Object Repository/Pages/FirstPayVault/input_VaultReferenceNumber' is present&#xD;
&#xD;
2019-10-30 10:58:50 - [MESSAGE][PASSED] - Scroll to object 'Object Repository/Pages/FirstPayVault/input_VaultReferenceNumber' successfully&#xD;
&#xD;
2019-10-30 10:58:50 - [MESSAGE][PASSED] - Object 'Object Repository/Pages/FirstPayVault/input_VaultReferenceNumber' is present&#xD;
&#xD;
2019-10-30 10:58:51 - [MESSAGE][PASSED] - Object: 'Object Repository/Pages/FirstPayVault/input_VaultReferenceNumber' is clicked on&#xD;
&#xD;
2019-10-30 10:58:51 - [MESSAGE][PASSED] - Text '2019-10-30 10:58:50.257' is set on object 'Object Repository/Pages/FirstPayVault/input_VaultReferenceNumber'&#xD;
&#xD;
2019-10-30 10:58:51 - [MESSAGE][PASSED] - utilities.SafeActions.safeType is PASSED&#xD;
&#xD;
2019-10-30 10:58:51 - [TEST_STEP][PASSED] - utilities.SafeActions.safeType(findTestObject("Pages/FirstPayVault/input_CreditCardNumber"), visaCardNumber, "Entering Card Number", [PageLoadTime]): utilities.SafeActions.safeType is PASSED&#xD;
&#xD;
2019-10-30 10:58:51 - [MESSAGE][PASSED] - Object 'Object Repository/Pages/FirstPayVault/input_CreditCardNumber' is present&#xD;
&#xD;
2019-10-30 10:58:51 - [MESSAGE][PASSED] - Scroll to object 'Object Repository/Pages/FirstPayVault/input_CreditCardNumber' successfully&#xD;
&#xD;
2019-10-30 10:58:51 - [MESSAGE][PASSED] - Object 'Object Repository/Pages/FirstPayVault/input_CreditCardNumber' is present&#xD;
&#xD;
2019-10-30 10:58:52 - [MESSAGE][PASSED] - Object: 'Object Repository/Pages/FirstPayVault/input_CreditCardNumber' is clicked on&#xD;
&#xD;
2019-10-30 10:58:52 - [MESSAGE][PASSED] - Text '4111111111111111' is set on object 'Object Repository/Pages/FirstPayVault/input_CreditCardNumber'&#xD;
&#xD;
2019-10-30 10:58:52 - [MESSAGE][PASSED] - utilities.SafeActions.safeType is PASSED&#xD;
&#xD;
2019-10-30 10:58:52 - [TEST_STEP][NOT_RUN] - delay(4): NOT_RUN: delay(4)&#xD;
&#xD;
2019-10-30 10:58:52 - [MESSAGE][NOT_RUN] - NOT_RUN: delay(4)&#xD;
&#xD;
2019-10-30 10:58:52 - [TEST_STEP][PASSED] - utilities.SafeActions.safeSelectOptionInDropDownByVisibleText(findTestObject("Pages/FirstPayVault/dropDown_ExpirationMonth"), cardMonth, "Expiration Month", [PageLoadTime]): utilities.SafeActions.safeSelectOptionInDropDownByVisibleText is PASSED&#xD;
&#xD;
2019-10-30 10:58:52 - [MESSAGE][PASSED] - Object 'Object Repository/Pages/FirstPayVault/dropDown_ExpirationMonth' is visible&#xD;
&#xD;
2019-10-30 10:58:52 - [MESSAGE][PASSED] - Object 'Object Repository/Pages/FirstPayVault/dropDown_ExpirationMonth' is present&#xD;
&#xD;
2019-10-30 10:58:53 - [MESSAGE][PASSED] - Object: 'Object Repository/Pages/FirstPayVault/dropDown_ExpirationMonth' is clicked on&#xD;
&#xD;
2019-10-30 10:58:53 - [MESSAGE][PASSED] - All options with label 'September' are selected in object 'Object Repository/Pages/FirstPayVault/dropDown_ExpirationMonth' &#xD;
&#xD;
2019-10-30 10:58:53 - [MESSAGE][PASSED] - utilities.SafeActions.safeSelectOptionInDropDownByVisibleText is PASSED&#xD;
&#xD;
2019-10-30 10:58:53 - [TEST_STEP][PASSED] - utilities.SafeActions.safeSelectOptionInDropDownByVisibleText(findTestObject("Pages/FirstPayVault/dropDown_ExpirationYear"), cardYear, "year", [PageLoadTime]): utilities.SafeActions.safeSelectOptionInDropDownByVisibleText is PASSED&#xD;
&#xD;
2019-10-30 10:58:53 - [MESSAGE][PASSED] - Object 'Object Repository/Pages/FirstPayVault/dropDown_ExpirationYear' is visible&#xD;
&#xD;
2019-10-30 10:58:53 - [MESSAGE][PASSED] - Object 'Object Repository/Pages/FirstPayVault/dropDown_ExpirationYear' is present&#xD;
&#xD;
2019-10-30 10:58:54 - [MESSAGE][PASSED] - Object: 'Object Repository/Pages/FirstPayVault/dropDown_ExpirationYear' is clicked on&#xD;
&#xD;
2019-10-30 10:58:54 - [MESSAGE][PASSED] - All options with label '2032' are selected in object 'Object Repository/Pages/FirstPayVault/dropDown_ExpirationYear' &#xD;
&#xD;
2019-10-30 10:58:54 - [MESSAGE][PASSED] - utilities.SafeActions.safeSelectOptionInDropDownByVisibleText is PASSED&#xD;
&#xD;
2019-10-30 10:58:54 - [TEST_STEP][NOT_RUN] - delay(2): NOT_RUN: delay(2)&#xD;
&#xD;
2019-10-30 10:58:54 - [MESSAGE][NOT_RUN] - NOT_RUN: delay(2)&#xD;
&#xD;
2019-10-30 10:58:54 - [TEST_STEP][PASSED] - utilities.SafeActions.safeType(findTestObject("Pages/FirstPayVault/input_ContactName"), customerName, "Enter Contact Name", [PageLoadTime]): utilities.SafeActions.safeType is PASSED&#xD;
&#xD;
2019-10-30 10:58:54 - [MESSAGE][PASSED] - Object 'Object Repository/Pages/FirstPayVault/input_ContactName' is present&#xD;
&#xD;
2019-10-30 10:58:54 - [MESSAGE][PASSED] - Scroll to object 'Object Repository/Pages/FirstPayVault/input_ContactName' successfully&#xD;
&#xD;
2019-10-30 10:58:54 - [MESSAGE][PASSED] - Object 'Object Repository/Pages/FirstPayVault/input_ContactName' is present&#xD;
&#xD;
2019-10-30 10:58:55 - [MESSAGE][PASSED] - Object: 'Object Repository/Pages/FirstPayVault/input_ContactName' is clicked on&#xD;
&#xD;
2019-10-30 10:58:55 - [MESSAGE][PASSED] - Text 'Venkata Sai' is set on object 'Object Repository/Pages/FirstPayVault/input_ContactName'&#xD;
&#xD;
2019-10-30 10:58:55 - [MESSAGE][PASSED] - utilities.SafeActions.safeType is PASSED&#xD;
&#xD;
2019-10-30 10:58:55 - [TEST_STEP][PASSED] - utilities.SafeActions.safeType(findTestObject("Pages/FirstPayVault/input_PostalCode"), postalCode, "Enter Postal Code", [PageLoadTime]): utilities.SafeActions.safeType is PASSED&#xD;
&#xD;
2019-10-30 10:58:55 - [MESSAGE][PASSED] - Object 'Object Repository/Pages/FirstPayVault/input_PostalCode' is present&#xD;
&#xD;
2019-10-30 10:58:55 - [MESSAGE][PASSED] - Scroll to object 'Object Repository/Pages/FirstPayVault/input_PostalCode' successfully&#xD;
&#xD;
2019-10-30 10:58:55 - [MESSAGE][PASSED] - Object 'Object Repository/Pages/FirstPayVault/input_PostalCode' is present&#xD;
&#xD;
2019-10-30 10:58:56 - [MESSAGE][PASSED] - Object: 'Object Repository/Pages/FirstPayVault/input_PostalCode' is clicked on&#xD;
&#xD;
2019-10-30 10:58:56 - [MESSAGE][PASSED] - Text '76102' is set on object 'Object Repository/Pages/FirstPayVault/input_PostalCode'&#xD;
&#xD;
2019-10-30 10:58:56 - [MESSAGE][PASSED] - utilities.SafeActions.safeType is PASSED&#xD;
&#xD;
2019-10-30 10:58:56 - [TEST_STEP][PASSED] - utilities.SafeActions.safeType(findTestObject("Pages/FirstPayVault/input_Address"), address, "Enter ddress", [PageLoadTime]): utilities.SafeActions.safeType is PASSED&#xD;
&#xD;
2019-10-30 10:58:56 - [MESSAGE][PASSED] - Object 'Object Repository/Pages/FirstPayVault/input_Address' is present&#xD;
&#xD;
2019-10-30 10:58:56 - [MESSAGE][PASSED] - Scroll to object 'Object Repository/Pages/FirstPayVault/input_Address' successfully&#xD;
&#xD;
2019-10-30 10:58:56 - [MESSAGE][PASSED] - Object 'Object Repository/Pages/FirstPayVault/input_Address' is present&#xD;
&#xD;
2019-10-30 10:58:57 - [MESSAGE][PASSED] - Object: 'Object Repository/Pages/FirstPayVault/input_Address' is clicked on&#xD;
&#xD;
2019-10-30 10:58:57 - [MESSAGE][PASSED] - Text 'Street123' is set on object 'Object Repository/Pages/FirstPayVault/input_Address'&#xD;
&#xD;
2019-10-30 10:58:57 - [MESSAGE][PASSED] - utilities.SafeActions.safeType is PASSED&#xD;
&#xD;
2019-10-30 10:58:57 - [TEST_STEP][PASSED] - utilities.SafeActions.safeCheckForElement(findTestObject("Pages/FirstPayVault/chekBox_AddShippingInformation"), PageLoadTime): utilities.SafeActions.safeCheckForElement is PASSED&#xD;
&#xD;
2019-10-30 10:58:58 - [MESSAGE][PASSED] - Object 'Object Repository/Pages/FirstPayVault/chekBox_AddShippingInformation' is present&#xD;
&#xD;
2019-10-30 10:58:58 - [MESSAGE][PASSED] - Object 'Object Repository/Pages/FirstPayVault/chekBox_AddShippingInformation' is visible&#xD;
&#xD;
2019-10-30 10:58:58 - [MESSAGE][PASSED] - Object 'Object Repository/Pages/FirstPayVault/chekBox_AddShippingInformation' is present&#xD;
&#xD;
2019-10-30 10:58:58 - [MESSAGE][PASSED] - Object 'Object Repository/Pages/FirstPayVault/chekBox_AddShippingInformation' is checked&#xD;
&#xD;
2019-10-30 10:58:58 - [MESSAGE][PASSED] - utilities.SafeActions.safeCheckForElement is PASSED&#xD;
&#xD;
2019-10-30 10:58:58 - [TEST_STEP][PASSED] - utilities.SafeActions.safeType(findTestObject("Pages/FirstPayVault/input_ShippingMethod"), shippingMethod, "Enter Shipping Method", [PageLoadTime]): utilities.SafeActions.safeType is PASSED&#xD;
&#xD;
2019-10-30 10:58:59 - [MESSAGE][PASSED] - Object 'Object Repository/Pages/FirstPayVault/input_ShippingMethod' is present&#xD;
&#xD;
2019-10-30 10:58:59 - [MESSAGE][PASSED] - Scroll to object 'Object Repository/Pages/FirstPayVault/input_ShippingMethod' successfully&#xD;
&#xD;
2019-10-30 10:58:59 - [MESSAGE][PASSED] - Object 'Object Repository/Pages/FirstPayVault/input_ShippingMethod' is present&#xD;
&#xD;
2019-10-30 10:58:59 - [MESSAGE][PASSED] - Object: 'Object Repository/Pages/FirstPayVault/input_ShippingMethod' is clicked on&#xD;
&#xD;
2019-10-30 10:58:59 - [MESSAGE][PASSED] - Text 'DTDC' is set on object 'Object Repository/Pages/FirstPayVault/input_ShippingMethod'&#xD;
&#xD;
2019-10-30 10:58:59 - [MESSAGE][PASSED] - utilities.SafeActions.safeType is PASSED&#xD;
&#xD;
2019-10-30 10:58:59 - [TEST_STEP][PASSED] - utilities.SafeActions.safeCheckForElement(findTestObject("Pages/FirstPayVault/checkbox_SameAsBillingInformation"), PageLoadTime): utilities.SafeActions.safeCheckForElement is PASSED&#xD;
&#xD;
2019-10-30 10:59:00 - [MESSAGE][PASSED] - Object 'Object Repository/Pages/FirstPayVault/checkbox_SameAsBillingInformation' is present&#xD;
&#xD;
2019-10-30 10:59:00 - [MESSAGE][PASSED] - Object 'Object Repository/Pages/FirstPayVault/checkbox_SameAsBillingInformation' is visible&#xD;
&#xD;
2019-10-30 10:59:00 - [MESSAGE][PASSED] - Object 'Object Repository/Pages/FirstPayVault/checkbox_SameAsBillingInformation' is present&#xD;
&#xD;
2019-10-30 10:59:00 - [MESSAGE][PASSED] - Object 'Object Repository/Pages/FirstPayVault/checkbox_SameAsBillingInformation' is checked&#xD;
&#xD;
2019-10-30 10:59:00 - [MESSAGE][PASSED] - utilities.SafeActions.safeCheckForElement is PASSED&#xD;
&#xD;
2019-10-30 10:59:00 - [TEST_STEP][PASSED] - utilities.SafeActions.safeClickwithScroll(findTestObject("Pages/FirstPayVault/button_Create"), "Click on Create Button", [PageLoadTime]): utilities.SafeActions.safeClickwithScroll is PASSED&#xD;
&#xD;
2019-10-30 10:59:00 - [MESSAGE][PASSED] - Object 'Object Repository/Pages/FirstPayVault/button_Create' is present&#xD;
&#xD;
2019-10-30 10:59:01 - [MESSAGE][PASSED] - Object 'Object Repository/Pages/FirstPayVault/button_Create' is visible&#xD;
&#xD;
2019-10-30 10:59:01 - [MESSAGE][INFO] - 1stPayVault.ts:waiting until Click on Create Button is Clickable&#xD;
&#xD;
2019-10-30 10:59:01 - [MESSAGE][PASSED] - Object 'Object Repository/Pages/FirstPayVault/button_Create' is clickable&#xD;
&#xD;
2019-10-30 10:59:01 - [MESSAGE][PASSED] - Object 'Object Repository/Pages/FirstPayVault/button_Create' is visible&#xD;
&#xD;
2019-10-30 10:59:02 - [MESSAGE][PASSED] - Object: 'Object Repository/Pages/FirstPayVault/button_Create' is clicked on&#xD;
&#xD;
2019-10-30 10:59:02 - [MESSAGE][INFO] - 1stPayVault.ts: Clicked on the Click on Create Button&#xD;
&#xD;
2019-10-30 10:59:02 - [MESSAGE][PASSED] - utilities.SafeActions.safeClickwithScroll is PASSED&#xD;
&#xD;
2019-10-30 10:59:02 - [TEST_STEP][NOT_RUN] - delay(2): NOT_RUN: delay(2)&#xD;
&#xD;
2019-10-30 10:59:02 - [MESSAGE][NOT_RUN] - NOT_RUN: delay(2)&#xD;
&#xD;
2019-10-30 10:59:02 - [TEST_STEP][PASSED] - popupSavedToVaultMessage = utilities.SafeActions.safeGetText(findTestObject("Pages/FirstPayVault/popup_SavedToVaultMessage"), PageLoadTime): utilities.SafeActions.safeGetText is PASSED&#xD;
&#xD;
2019-10-30 10:59:02 - [MESSAGE][PASSED] - Object 'Object Repository/Pages/FirstPayVault/popup_SavedToVaultMessage' is present&#xD;
&#xD;
2019-10-30 10:59:02 - [MESSAGE][PASSED] - Scroll to object 'Object Repository/Pages/FirstPayVault/popup_SavedToVaultMessage' successfully&#xD;
&#xD;
2019-10-30 10:59:02 - [MESSAGE][PASSED] - Object 'Object Repository/Pages/FirstPayVault/popup_SavedToVaultMessage' is present&#xD;
&#xD;
2019-10-30 10:59:02 - [MESSAGE][PASSED] - Text of object 'Object Repository/Pages/FirstPayVault/popup_SavedToVaultMessage' is: 'Successfully Saved to Vault'&#xD;
&#xD;
2019-10-30 10:59:02 - [MESSAGE][PASSED] - utilities.SafeActions.safeGetText is PASSED&#xD;
&#xD;
2019-10-30 10:59:02 - [TEST_STEP][PASSED] - flag = utilities.SafeActions.verifyPopupMessage("Successfully Saved to Vault", popupSavedToVaultMessage): Popup Message : Successfully Saved to Vault matched with expected message : Successfully Saved to Vault&#xD;
&#xD;
2019-10-30 10:59:02 - [MESSAGE][PASSED] - Popup Message : Successfully Saved to Vault matched with expected message : Successfully Saved to Vault&#xD;
&#xD;
2019-10-30 10:59:02 - [TEST_STEP][NOT_RUN] - delay(2): NOT_RUN: delay(2)&#xD;
&#xD;
2019-10-30 10:59:02 - [MESSAGE][NOT_RUN] - NOT_RUN: delay(2)&#xD;
&#xD;
2019-10-30 10:59:02 - [TEST_STEP][PASSED] - utilities.SafeActions.safeClickWithoutScroll(findTestObject("Pages/FirstPayVault/button_RunSaleWithThisVault_InPopup"), "Click on Run Sale With This Vault in Popup", [delayBetweenTestSteps]): utilities.SafeActions.safeClickWithoutScroll is PASSED&#xD;
&#xD;
2019-10-30 10:59:02 - [MESSAGE][INFO] - Safe Click Without scroll&#xD;
&#xD;
2019-10-30 10:59:02 - [MESSAGE][INFO] - 1stPayVault.ts:waiting until Click on Run Sale With This Vault in Popup is Clickable&#xD;
&#xD;
2019-10-30 10:59:02 - [MESSAGE][PASSED] - Object 'Object Repository/Pages/FirstPayVault/button_RunSaleWithThisVault_InPopup' is clickable&#xD;
&#xD;
2019-10-30 10:59:02 - [MESSAGE][PASSED] - Object 'Object Repository/Pages/FirstPayVault/button_RunSaleWithThisVault_InPopup' is visible&#xD;
&#xD;
2019-10-30 10:59:03 - [MESSAGE][PASSED] - Object: 'Object Repository/Pages/FirstPayVault/button_RunSaleWithThisVault_InPopup' is clicked on&#xD;
&#xD;
2019-10-30 10:59:03 - [MESSAGE][INFO] - 1stPayVault.ts: click on the Click on Run Sale With This Vault in Popup&#xD;
&#xD;
2019-10-30 10:59:03 - [MESSAGE][PASSED] - utilities.SafeActions.safeClickWithoutScroll is PASSED&#xD;
&#xD;
2019-10-30 10:59:03 - [TEST_STEP][NOT_RUN] - delay(1): NOT_RUN: delay(1)&#xD;
&#xD;
2019-10-30 10:59:03 - [MESSAGE][NOT_RUN] - NOT_RUN: delay(1)&#xD;
&#xD;
2019-10-30 10:59:03 - [TEST_STEP][PASSED] - value = utilities.SafeActions.getAttributeValue(findTestObject("Pages/FirstPayVault/tab_1stPayVault_Active"), "1st_PayVault"): The screen is 1st_PayVault screen&#xD;
&#xD;
2019-10-30 10:59:04 - [MESSAGE][PASSED] - Attribute 'class' of object 'Object Repository/Pages/FirstPayVault/tab_1stPayVault_Active' is: 'active_tab tabs__link'&#xD;
&#xD;
2019-10-30 10:59:04 - [MESSAGE][PASSED] - The screen is 1st_PayVault screen&#xD;
&#xD;
2019-10-30 10:59:04 - [TEST_STEP][PASSED] - scrollToElement(findTestObject("Pages/FirstPayVault/input_Amount"), PageLoadTime): Scroll to object 'Object Repository/Pages/FirstPayVault/input_Amount' successfully&#xD;
&#xD;
2019-10-30 10:59:04 - [MESSAGE][PASSED] - Scroll to object 'Object Repository/Pages/FirstPayVault/input_Amount' successfully&#xD;
&#xD;
2019-10-30 10:59:04 - [TEST_STEP][PASSED] - utilities.SafeActions.safeType(findTestObject("Pages/FirstPayVault/input_Amount"), amount, "Enter Amount", [PageLoadTime]): utilities.SafeActions.safeType is PASSED&#xD;
&#xD;
2019-10-30 10:59:04 - [MESSAGE][PASSED] - Object 'Object Repository/Pages/FirstPayVault/input_Amount' is present&#xD;
&#xD;
2019-10-30 10:59:04 - [MESSAGE][PASSED] - Scroll to object 'Object Repository/Pages/FirstPayVault/input_Amount' successfully&#xD;
&#xD;
2019-10-30 10:59:04 - [MESSAGE][PASSED] - Object 'Object Repository/Pages/FirstPayVault/input_Amount' is present&#xD;
&#xD;
2019-10-30 10:59:05 - [MESSAGE][PASSED] - Object: 'Object Repository/Pages/FirstPayVault/input_Amount' is clicked on&#xD;
&#xD;
2019-10-30 10:59:05 - [MESSAGE][PASSED] - Text '450' is set on object 'Object Repository/Pages/FirstPayVault/input_Amount'&#xD;
&#xD;
2019-10-30 10:59:05 - [MESSAGE][PASSED] - utilities.SafeActions.safeType is PASSED&#xD;
&#xD;
2019-10-30 10:59:05 - [TEST_STEP][PASSED] - salesTax = utilities.SafeActions.safeGetText(findTestObject("Pages/FirstPayVault/input_SalesTaxUnderAmount"), delayBetweenTestSteps): utilities.SafeActions.safeGetText is PASSED&#xD;
&#xD;
2019-10-30 10:59:05 - [MESSAGE][PASSED] - Object 'Object Repository/Pages/FirstPayVault/input_SalesTaxUnderAmount' is present&#xD;
&#xD;
2019-10-30 10:59:05 - [MESSAGE][PASSED] - Scroll to object 'Object Repository/Pages/FirstPayVault/input_SalesTaxUnderAmount' successfully&#xD;
&#xD;
2019-10-30 10:59:05 - [MESSAGE][PASSED] - Object 'Object Repository/Pages/FirstPayVault/input_SalesTaxUnderAmount' is present&#xD;
&#xD;
2019-10-30 10:59:05 - [MESSAGE][PASSED] - Text of object 'Object Repository/Pages/FirstPayVault/input_SalesTaxUnderAmount' is: '$37.13'&#xD;
&#xD;
2019-10-30 10:59:05 - [MESSAGE][PASSED] - utilities.SafeActions.safeGetText is PASSED&#xD;
&#xD;
2019-10-30 10:59:05 - [TEST_STEP][PASSED] - pages.FirstPayVault.verifyAmountIsNotZero(salesTax): pages.FirstPayVault.verifyAmountIsNotZero is PASSED&#xD;
&#xD;
2019-10-30 10:59:05 - [MESSAGE][PASSED] - pages.FirstPayVault.verifyAmountIsNotZero is PASSED&#xD;
&#xD;
2019-10-30 10:59:05 - [TEST_STEP][PASSED] - scrollToElement(findTestObject("Pages/FirstPayVault/input_CreditCardNumberForVerification"), delayBetweenTestSteps): Scroll to object 'Object Repository/Pages/FirstPayVault/input_CreditCardNumberForVerification' successfully&#xD;
&#xD;
2019-10-30 10:59:05 - [MESSAGE][PASSED] - Scroll to object 'Object Repository/Pages/FirstPayVault/input_CreditCardNumberForVerification' successfully&#xD;
&#xD;
2019-10-30 10:59:05 - [TEST_STEP][PASSED] - cardNumber = utilities.SafeActions.getAttribute(findTestObject("Pages/FirstPayVault/input_CreditCardNumberForVerification"), "1st Pay Vault"): utilities.SafeActions.getAttribute is PASSED&#xD;
&#xD;
2019-10-30 10:59:05 - [MESSAGE][PASSED] - Attribute 'value' of object 'Object Repository/Pages/FirstPayVault/input_CreditCardNumberForVerification' is: '411111******1111'&#xD;
&#xD;
2019-10-30 10:59:05 - [MESSAGE][PASSED] - utilities.SafeActions.getAttribute is PASSED&#xD;
&#xD;
2019-10-30 10:59:05 - [TEST_STEP][PASSED] - pages.FirstPayVault.verifyCardNumber(cardNumber, visaCardNumber): Actual String : 4111111111111111 matched with Expected message : 411111******1111&#xD;
&#xD;
2019-10-30 10:59:05 - [MESSAGE][PASSED] - Actual String : 4111111111111111 matched with Expected message : 411111******1111&#xD;
&#xD;
2019-10-30 10:59:05 - [TEST_STEP][PASSED] - expirationYear = utilities.SafeActions.getAttribute(findTestObject("Pages/FirstPayVault/dropDownExpirationYearForVerification"), "1st Pay Vault"): utilities.SafeActions.getAttribute is PASSED&#xD;
&#xD;
2019-10-30 10:59:06 - [MESSAGE][PASSED] - Attribute 'value' of object 'Object Repository/Pages/FirstPayVault/dropDownExpirationYearForVerification' is: '2032'&#xD;
&#xD;
2019-10-30 10:59:06 - [MESSAGE][PASSED] - utilities.SafeActions.getAttribute is PASSED&#xD;
&#xD;
2019-10-30 10:59:06 - [TEST_STEP][PASSED] - pages.FirstPayVault.verifyStrings(expirationYear, cardYear): Actual String : 2032 matched with Expected message : 2032&#xD;
&#xD;
2019-10-30 10:59:06 - [MESSAGE][PASSED] - Actual String : 2032 matched with Expected message : 2032&#xD;
&#xD;
2019-10-30 10:59:06 - [TEST_STEP][PASSED] - scrollToElement(findTestObject("Pages/FirstPayVault/input_VerifyCardHolderName"), PageLoadTime): Scroll to object 'Object Repository/Pages/FirstPayVault/input_VerifyCardHolderName' successfully&#xD;
&#xD;
2019-10-30 10:59:06 - [MESSAGE][PASSED] - Scroll to object 'Object Repository/Pages/FirstPayVault/input_VerifyCardHolderName' successfully&#xD;
&#xD;
2019-10-30 10:59:06 - [TEST_STEP][PASSED] - name = utilities.SafeActions.getAttribute(findTestObject("Pages/FirstPayVault/input_VerifyCardHolderName"), "1stPayVault"): utilities.SafeActions.getAttribute is PASSED&#xD;
&#xD;
2019-10-30 10:59:06 - [MESSAGE][PASSED] - Attribute 'value' of object 'Object Repository/Pages/FirstPayVault/input_VerifyCardHolderName' is: 'Venkata Sai'&#xD;
&#xD;
2019-10-30 10:59:06 - [MESSAGE][PASSED] - utilities.SafeActions.getAttribute is PASSED&#xD;
&#xD;
2019-10-30 10:59:06 - [TEST_STEP][PASSED] - pages.FirstPayVault.verifyStrings(name, customerName): Actual String : Venkata Sai matched with Expected message : Venkata Sai&#xD;
&#xD;
2019-10-30 10:59:06 - [MESSAGE][PASSED] - Actual String : Venkata Sai matched with Expected message : Venkata Sai&#xD;
&#xD;
2019-10-30 10:59:06 - [TEST_STEP][PASSED] - scrollToElement(findTestObject("Pages/FirstPayVault/checkbox_TaxExempt"), PageLoadTime): Scroll to object 'Object Repository/Pages/FirstPayVault/checkbox_TaxExempt' successfully&#xD;
&#xD;
2019-10-30 10:59:06 - [MESSAGE][PASSED] - Scroll to object 'Object Repository/Pages/FirstPayVault/checkbox_TaxExempt' successfully&#xD;
&#xD;
2019-10-30 10:59:06 - [TEST_STEP][NOT_RUN] - salesTax = utilities.SafeActions.safeGetText(findTestObject("Pages/FirstPayVault/amount_UnderPurchaseCardInformation"), delayBetweenTestSteps): NOT_RUN: salesTax = utilities.SafeActions.safeGetText(findTestObject("Pages/FirstPayVault/amount_UnderPurchaseCardInformation"), delayBetweenTestSteps)&#xD;
&#xD;
2019-10-30 10:59:06 - [MESSAGE][NOT_RUN] - NOT_RUN: salesTax = utilities.SafeActions.safeGetText(findTestObject("Pages/FirstPayVault/amount_UnderPurchaseCardInformation"), delayBetweenTestSteps)&#xD;
&#xD;
2019-10-30 10:59:06 - [TEST_STEP][PASSED] - pages.FirstPayVault.verifyAmountIsNotZero(salesTax): pages.FirstPayVault.verifyAmountIsNotZero is PASSED&#xD;
&#xD;
2019-10-30 10:59:06 - [MESSAGE][PASSED] - pages.FirstPayVault.verifyAmountIsNotZero is PASSED&#xD;
&#xD;
2019-10-30 10:59:06 - [TEST_STEP][PASSED] - utilities.SafeActions.safeCheckForElement(findTestObject("Pages/FirstPayVault/checkbox_TaxExempt"), PageLoadTime): utilities.SafeActions.safeCheckForElement is PASSED&#xD;
&#xD;
2019-10-30 10:59:06 - [MESSAGE][PASSED] - Object 'Object Repository/Pages/FirstPayVault/checkbox_TaxExempt' is present&#xD;
&#xD;
2019-10-30 10:59:06 - [MESSAGE][PASSED] - Object 'Object Repository/Pages/FirstPayVault/checkbox_TaxExempt' is visible&#xD;
&#xD;
2019-10-30 10:59:06 - [MESSAGE][PASSED] - Object 'Object Repository/Pages/FirstPayVault/checkbox_TaxExempt' is present&#xD;
&#xD;
2019-10-30 10:59:07 - [MESSAGE][PASSED] - Object 'Object Repository/Pages/FirstPayVault/checkbox_TaxExempt' is checked&#xD;
&#xD;
2019-10-30 10:59:07 - [MESSAGE][PASSED] - utilities.SafeActions.safeCheckForElement is PASSED&#xD;
&#xD;
2019-10-30 10:59:07 - [TEST_STEP][PASSED] - utilities.SafeActions.safeClickwithScroll(findTestObject("Pages/FirstPayVault/button_Checkout"), "Click on Checkout", [PageLoadTime]): utilities.SafeActions.safeClickwithScroll is PASSED&#xD;
&#xD;
2019-10-30 10:59:07 - [MESSAGE][PASSED] - Object 'Object Repository/Pages/FirstPayVault/button_Checkout' is present&#xD;
&#xD;
2019-10-30 10:59:07 - [MESSAGE][PASSED] - Object 'Object Repository/Pages/FirstPayVault/button_Checkout' is visible&#xD;
&#xD;
2019-10-30 10:59:07 - [MESSAGE][INFO] - 1stPayVault.ts:waiting until Click on Checkout is Clickable&#xD;
&#xD;
2019-10-30 10:59:07 - [MESSAGE][PASSED] - Object 'Object Repository/Pages/FirstPayVault/button_Checkout' is clickable&#xD;
&#xD;
2019-10-30 10:59:07 - [MESSAGE][PASSED] - Object 'Object Repository/Pages/FirstPayVault/button_Checkout' is visible&#xD;
&#xD;
2019-10-30 10:59:08 - [MESSAGE][PASSED] - Object: 'Object Repository/Pages/FirstPayVault/button_Checkout' is clicked on&#xD;
&#xD;
2019-10-30 10:59:08 - [MESSAGE][INFO] - 1stPayVault.ts: Clicked on the Click on Checkout&#xD;
&#xD;
2019-10-30 10:59:08 - [MESSAGE][PASSED] - utilities.SafeActions.safeClickwithScroll is PASSED&#xD;
&#xD;
2019-10-30 10:59:08 - [TEST_STEP][PASSED] - pages.Sale.verifyTransactionCompletePage(findTestObject("Pages/Sale/heading_TransactionComplete")): The screen is Transaction Complete screen&#xD;
&#xD;
2019-10-30 10:59:08 - [MESSAGE][PASSED] - Object 'Object Repository/Pages/Sale/heading_TransactionComplete' is present&#xD;
&#xD;
2019-10-30 10:59:09 - [MESSAGE][PASSED] - The screen is Transaction Complete screen&#xD;
&#xD;
2019-10-30 10:59:09 - [TEST_STEP][NOT_RUN] - delay(delayBetweenTestSteps): NOT_RUN: delay(delayBetweenTestSteps)&#xD;
&#xD;
2019-10-30 10:59:09 - [MESSAGE][NOT_RUN] - NOT_RUN: delay(delayBetweenTestSteps)&#xD;
&#xD;
2019-10-30 10:59:09 - [TEST_STEP][PASSED] - utilities.SafeActions.safeClickWithoutScroll(findTestObject("Pages/FirstPayVault/button_ReturnToSale_InTransactionComplete"), "Click On Return Button", [PageLoadTime]): utilities.SafeActions.safeClickWithoutScroll is PASSED&#xD;
&#xD;
2019-10-30 10:59:09 - [MESSAGE][INFO] - Safe Click Without scroll&#xD;
&#xD;
2019-10-30 10:59:09 - [MESSAGE][INFO] - 1stPayVault.ts:waiting until Click On Return Button is Clickable&#xD;
&#xD;
2019-10-30 10:59:09 - [MESSAGE][PASSED] - Object 'Object Repository/Pages/FirstPayVault/button_ReturnToSale_InTransactionComplete' is clickable&#xD;
&#xD;
2019-10-30 10:59:09 - [MESSAGE][PASSED] - Object 'Object Repository/Pages/FirstPayVault/button_ReturnToSale_InTransactionComplete' is visible&#xD;
&#xD;
2019-10-30 10:59:10 - [MESSAGE][PASSED] - Object: 'Object Repository/Pages/FirstPayVault/button_ReturnToSale_InTransactionComplete' is clicked on&#xD;
&#xD;
2019-10-30 10:59:10 - [MESSAGE][INFO] - 1stPayVault.ts: click on the Click On Return Button&#xD;
&#xD;
2019-10-30 10:59:10 - [MESSAGE][PASSED] - utilities.SafeActions.safeClickWithoutScroll is PASSED&#xD;
&#xD;
2019-10-30 10:59:10 - [TEST_STEP][PASSED] - utilities.SafeActions.safeClickWithoutScroll(findTestObject("Pages/FirstPayVault/tab_FirstPayVault"), "Click on FirstPayVault tab", [PageLoadTime]): utilities.SafeActions.safeClickWithoutScroll is PASSED&#xD;
&#xD;
2019-10-30 10:59:10 - [MESSAGE][INFO] - Safe Click Without scroll&#xD;
&#xD;
2019-10-30 10:59:10 - [MESSAGE][INFO] - 1stPayVault.ts:waiting until Click on FirstPayVault tab is Clickable&#xD;
&#xD;
2019-10-30 10:59:10 - [MESSAGE][PASSED] - Object 'Object Repository/Pages/FirstPayVault/tab_FirstPayVault' is clickable&#xD;
&#xD;
2019-10-30 10:59:10 - [MESSAGE][PASSED] - Object 'Object Repository/Pages/FirstPayVault/tab_FirstPayVault' is visible&#xD;
&#xD;
2019-10-30 10:59:11 - [MESSAGE][PASSED] - Object: 'Object Repository/Pages/FirstPayVault/tab_FirstPayVault' is clicked on&#xD;
&#xD;
2019-10-30 10:59:11 - [MESSAGE][INFO] - 1stPayVault.ts: click on the Click on FirstPayVault tab&#xD;
&#xD;
2019-10-30 10:59:11 - [MESSAGE][PASSED] - utilities.SafeActions.safeClickWithoutScroll is PASSED&#xD;
&#xD;
2019-10-30 10:59:11 - [TEST_STEP][PASSED] - utilities.SafeActions.safeClickwithScroll(findTestObject("Pages/FirstPayVault/button_SearchVault"), "Click on Search Vault", [PageLoadTime]): utilities.SafeActions.safeClickwithScroll is PASSED&#xD;
&#xD;
2019-10-30 10:59:12 - [MESSAGE][PASSED] - Object 'Object Repository/Pages/FirstPayVault/button_SearchVault' is present&#xD;
&#xD;
2019-10-30 10:59:12 - [MESSAGE][PASSED] - Object 'Object Repository/Pages/FirstPayVault/button_SearchVault' is visible&#xD;
&#xD;
2019-10-30 10:59:12 - [MESSAGE][INFO] - 1stPayVault.ts:waiting until Click on Search Vault is Clickable&#xD;
&#xD;
2019-10-30 10:59:12 - [MESSAGE][PASSED] - Object 'Object Repository/Pages/FirstPayVault/button_SearchVault' is clickable&#xD;
&#xD;
2019-10-30 10:59:12 - [MESSAGE][PASSED] - Object 'Object Repository/Pages/FirstPayVault/button_SearchVault' is visible&#xD;
&#xD;
2019-10-30 10:59:13 - [MESSAGE][PASSED] - Object: 'Object Repository/Pages/FirstPayVault/button_SearchVault' is clicked on&#xD;
&#xD;
2019-10-30 10:59:13 - [MESSAGE][INFO] - 1stPayVault.ts: Clicked on the Click on Search Vault&#xD;
&#xD;
2019-10-30 10:59:13 - [MESSAGE][PASSED] - utilities.SafeActions.safeClickwithScroll is PASSED&#xD;
&#xD;
2019-10-30 10:59:13 - [TEST_STEP][PASSED] - utilities.SafeActions.safeClickWithoutScroll(findTestObject("Pages/FirstPayVault/button_Search"), "Click On Search button", [PageLoadTime]): utilities.SafeActions.safeClickWithoutScroll is PASSED&#xD;
&#xD;
2019-10-30 10:59:13 - [MESSAGE][INFO] - Safe Click Without scroll&#xD;
&#xD;
2019-10-30 10:59:13 - [MESSAGE][INFO] - 1stPayVault.ts:waiting until Click On Search button is Clickable&#xD;
&#xD;
2019-10-30 10:59:13 - [MESSAGE][PASSED] - Object 'Object Repository/Pages/FirstPayVault/button_Search' is clickable&#xD;
&#xD;
2019-10-30 10:59:13 - [MESSAGE][PASSED] - Object 'Object Repository/Pages/FirstPayVault/button_Search' is visible&#xD;
&#xD;
2019-10-30 10:59:14 - [MESSAGE][PASSED] - Object: 'Object Repository/Pages/FirstPayVault/button_Search' is clicked on&#xD;
&#xD;
2019-10-30 10:59:14 - [MESSAGE][INFO] - 1stPayVault.ts: click on the Click On Search button&#xD;
&#xD;
2019-10-30 10:59:14 - [MESSAGE][PASSED] - utilities.SafeActions.safeClickWithoutScroll is PASSED&#xD;
&#xD;
2019-10-30 10:59:14 - [TEST_STEP][PASSED] - scrollToElement(findTestObject("Pages/Transaction_Management/invoice_ForTransaction"), PageLoadTime): Scroll to object 'Object Repository/Pages/Transaction_Management/invoice_ForTransaction' successfully&#xD;
&#xD;
2019-10-30 10:59:15 - [MESSAGE][PASSED] - Scroll to object 'Object Repository/Pages/Transaction_Management/invoice_ForTransaction' successfully&#xD;
&#xD;
2019-10-30 10:59:15 - [TEST_STEP][PASSED] - pages.FirstPayVault.verifyInvoiceRecord(findTestObject("Pages/FirstPayVault/footer_NextButton"), findTestObject("Pages/FirstPayVault/page_Number"), vaultReference): The Vault is found in page 1&#xD;
&#xD;
2019-10-30 10:59:16 - [MESSAGE][PASSED] - Text of object 'Object Repository/Pages/FirstPayVault/page_Number' is: 'Page 1 of 20'&#xD;
&#xD;
2019-10-30 10:59:16 - [MESSAGE][PASSED] - The Vault is found in page 1&#xD;
&#xD;
2019-10-30 10:59:16 - [TEST_STEP][NOT_RUN] - delay(2): NOT_RUN: delay(2)&#xD;
&#xD;
2019-10-30 10:59:16 - [MESSAGE][NOT_RUN] - NOT_RUN: delay(2)&#xD;
&#xD;
2019-10-30 10:59:16 - [TEST_STEP][PASSED] - pages.FirstPayVault.clickOnDelete(findTestObject("Pages/FirstPayVault/footer_NextButton"), findTestObject("Pages/FirstPayVault/page_Number"), findTestObject("Pages/FirstPayVault/button_deleteFromVault"), vaultReference): Object: 'Object Repository/Pages/FirstPayVault/button_deleteFromVault' is clicked on&#xD;
&#xD;
2019-10-30 10:59:17 - [MESSAGE][PASSED] - Text of object 'Object Repository/Pages/FirstPayVault/page_Number' is: 'Page 1 of 20'&#xD;
&#xD;
2019-10-30 10:59:17 - [MESSAGE][PASSED] - The Vault is found in page 1&#xD;
&#xD;
2019-10-30 10:59:23 - [MESSAGE][PASSED] - Delayed 6 second(s)&#xD;
&#xD;
2019-10-30 10:59:28 - [MESSAGE][PASSED] - Delayed 4 second(s)&#xD;
&#xD;
2019-10-30 10:59:29 - [MESSAGE][PASSED] - Object: 'Object Repository/Pages/FirstPayVault/button_deleteFromVault' is clicked on&#xD;
&#xD;
2019-10-30 10:59:29 - [TEST_STEP][NOT_RUN] - delay(delayBetweenTestSteps): NOT_RUN: delay(delayBetweenTestSteps)&#xD;
&#xD;
2019-10-30 10:59:29 - [MESSAGE][NOT_RUN] - NOT_RUN: delay(delayBetweenTestSteps)&#xD;
&#xD;
2019-10-30 10:59:29 - [TEST_STEP][PASSED] - deleteVaultPopupMessage = utilities.SafeActions.safeGetText(findTestObject("Pages/FirstPayVault/alertMessageAfterDeleteVault"), delayBetweenTestSteps): utilities.SafeActions.safeGetText is PASSED&#xD;
&#xD;
2019-10-30 10:59:29 - [MESSAGE][PASSED] - Object 'Object Repository/Pages/FirstPayVault/alertMessageAfterDeleteVault' is present&#xD;
&#xD;
2019-10-30 10:59:29 - [MESSAGE][PASSED] - Scroll to object 'Object Repository/Pages/FirstPayVault/alertMessageAfterDeleteVault' successfully&#xD;
&#xD;
2019-10-30 10:59:29 - [MESSAGE][PASSED] - Object 'Object Repository/Pages/FirstPayVault/alertMessageAfterDeleteVault' is present&#xD;
&#xD;
2019-10-30 10:59:29 - [MESSAGE][PASSED] - Text of object 'Object Repository/Pages/FirstPayVault/alertMessageAfterDeleteVault' is: 'Vault Deletion successfully completed'&#xD;
&#xD;
2019-10-30 10:59:29 - [MESSAGE][PASSED] - utilities.SafeActions.safeGetText is PASSED&#xD;
&#xD;
2019-10-30 10:59:29 - [TEST_STEP][PASSED] - utilities.SafeActions.verifyPopupMessage("Vault Deletion successfully completed", deleteVaultPopupMessage): Popup Message : Vault Deletion successfully completed matched with expected message : Vault Deletion successfully completed&#xD;
&#xD;
2019-10-30 10:59:29 - [MESSAGE][PASSED] - Popup Message : Vault Deletion successfully completed matched with expected message : Vault Deletion successfully completed&#xD;
&#xD;
2019-10-30 10:59:29 - [TEST_STEP][PASSED] - utilities.SafeActions.safeClickWithoutScroll(findTestObject("Pages/FirstPayVault/closeLocatorForDeletePopupMessage"), "Click on Close button", [PageLoadTime]): utilities.SafeActions.safeClickWithoutScroll is PASSED&#xD;
&#xD;
2019-10-30 10:59:29 - [MESSAGE][INFO] - Safe Click Without scroll&#xD;
&#xD;
2019-10-30 10:59:29 - [MESSAGE][INFO] - 1stPayVault.ts:waiting until Click on Close button is Clickable&#xD;
&#xD;
2019-10-30 10:59:29 - [MESSAGE][PASSED] - Object 'Object Repository/Pages/FirstPayVault/closeLocatorForDeletePopupMessage' is clickable&#xD;
&#xD;
2019-10-30 10:59:29 - [MESSAGE][PASSED] - Object 'Object Repository/Pages/FirstPayVault/closeLocatorForDeletePopupMessage' is visible&#xD;
&#xD;
2019-10-30 10:59:30 - [MESSAGE][PASSED] - Object: 'Object Repository/Pages/FirstPayVault/closeLocatorForDeletePopupMessage' is clicked on&#xD;
&#xD;
2019-10-30 10:59:30 - [MESSAGE][INFO] - 1stPayVault.ts: click on the Click on Close button&#xD;
&#xD;
2019-10-30 10:59:30 - [MESSAGE][PASSED] - utilities.SafeActions.safeClickWithoutScroll is PASSED&#xD;
&#xD;
2019-10-30 10:59:30 - [TEST_STEP][PASSED] - closeBrowser(): Browser is closed&#xD;
&#xD;
2019-10-30 10:59:32 - [MESSAGE][PASSED] - Browser is closed&#xD;
&#xD;
2019-10-30 10:59:32 - [TEST_STEP][PASSED] - Start listener action : sampleAfterTestCase: null&#xD;
&#xD;
2019-10-30 10:59:32 - [TEST_STEP][PASSED] - println(testCaseContext.getTestCaseId()): null&#xD;
&#xD;
2019-10-30 10:59:32 - [TEST_STEP][PASSED] - println(testCaseContext.getTestCaseStatus()): null&#xD;
&#xD;
2019-10-30 10:59:32 - [TEST_STEP][PASSED] - testCaseName = testCaseContext.getTestCaseId(): null&#xD;
&#xD;
2019-10-30 10:59:32 - [TEST_STEP][PASSED] - strCount = testCaseName.lastIndexOf("/"): null&#xD;
&#xD;
2019-10-30 10:59:32 - [TEST_STEP][PASSED] - testCaseName = testCaseName.substring(strCount): null&#xD;
&#xD;
2019-10-30 10:59:32 - [TEST_STEP][PASSED] - println(testCaseName): null&#xD;
&#xD;
2019-10-30 10:59:32 - [TEST_STEP][PASSED] - if (getTestCaseStatus().equalsIgnoreCase("Error")): null&#xD;
&#xD;
2019-10-30 10:59:32 - [TEST_STEP][PASSED] - Start listener action : sampleAfterTestCase: null</system-out>
            <system-err></system-err>
        </testcase>
        <testcase name="Test Cases/FirstView/FirstPayVault/TC_1st_Pay_Vault_009" classname="Test Cases/FirstView/FirstPayVault/TC_1st_Pay_Vault_009" status="PASSED">
            <system-out>2019-10-30 10:59:32 - [TEST_CASE][PASSED] - Test Cases/FirstView/FirstPayVault/TC_1st_Pay_Vault_009: Test Cases/FirstView/FirstPayVault/TC_1st_Pay_Vault_009&#xD;
&#xD;
2019-10-30 10:59:32 - [TEST_STEP][PASSED] - Start listener action : sampleBeforeTestCase: null&#xD;
&#xD;
2019-10-30 10:59:32 - [TEST_STEP][PASSED] - println(testCaseContext.getTestCaseId()): null&#xD;
&#xD;
2019-10-30 10:59:32 - [TEST_STEP][PASSED] - println(testCaseContext.getTestCaseVariables()): null&#xD;
&#xD;
2019-10-30 10:59:33 - [TEST_STEP][NOT_RUN] - utilities.SafeActions.openBrowser(Old_URL, [PageLoadTime]): NOT_RUN: utilities.SafeActions.openBrowser(Old_URL, [PageLoadTime])&#xD;
&#xD;
2019-10-30 10:59:33 - [MESSAGE][NOT_RUN] - NOT_RUN: utilities.SafeActions.openBrowser(Old_URL, [PageLoadTime])&#xD;
&#xD;
2019-10-30 10:59:33 - [TEST_STEP][NOT_RUN] - delay(6): NOT_RUN: delay(6)&#xD;
&#xD;
2019-10-30 10:59:33 - [MESSAGE][NOT_RUN] - NOT_RUN: delay(6)&#xD;
&#xD;
2019-10-30 10:59:33 - [TEST_STEP][NOT_RUN] - utilities.SafeActions.safeSelectOptionInDropDownByVisibleText(findTestObject("Pages/Sale/dropDown_AccountType"), "ranjanatest2 - 888814981372/001 Account Type: Retail", "Select by Value", [25]): NOT_RUN: utilities.SafeActions.safeSelectOptionInDropDownByVisibleText(findTestObject("Pages/Sale/dropDown_AccountType"), "ranjanatest2 - 888814981372/001 Account Type: Retail", "Select by Value", [25])&#xD;
&#xD;
2019-10-30 10:59:33 - [MESSAGE][NOT_RUN] - NOT_RUN: utilities.SafeActions.safeSelectOptionInDropDownByVisibleText(findTestObject("Pages/Sale/dropDown_AccountType"), "ranjanatest2 - 888814981372/001 Account Type: Retail", "Select by Value", [25])&#xD;
&#xD;
2019-10-30 10:59:33 - [TEST_STEP][PASSED] - utilities.SafeActions.openBrowser(URL, [PageLoadTime]): utilities.SafeActions.openBrowser is PASSED&#xD;
&#xD;
2019-10-30 10:59:33 - [MESSAGE][INFO] - Opening Browser&#xD;
&#xD;
2019-10-30 10:59:33 - [MESSAGE][INFO] - Starting 'Firefox' driver&#xD;
&#xD;
2019-10-30 10:59:40 - [MESSAGE][PASSED] - Browser is opened with url: 'https://q-www-firstview-net.faps.net/MVC/Account/Login'&#xD;
&#xD;
2019-10-30 10:59:40 - [MESSAGE][PASSED] - Current window maximized&#xD;
&#xD;
2019-10-30 10:59:40 - [MESSAGE][INFO] - Browser Launched Successfully&#xD;
&#xD;
2019-10-30 10:59:40 - [MESSAGE][PASSED] - utilities.SafeActions.openBrowser is PASSED&#xD;
&#xD;
2019-10-30 10:59:40 - [TEST_STEP][PASSED] - pages.Login.login(uName, password): pages.Login.login is PASSED&#xD;
&#xD;
2019-10-30 10:59:40 - [MESSAGE][PASSED] - Object 'Object Repository/Pages/Login/userName' is present&#xD;
&#xD;
2019-10-30 10:59:40 - [MESSAGE][PASSED] - Scroll to object 'Object Repository/Pages/Login/userName' successfully&#xD;
&#xD;
2019-10-30 10:59:41 - [MESSAGE][PASSED] - Object 'Object Repository/Pages/Login/userName' is present&#xD;
&#xD;
2019-10-30 10:59:41 - [MESSAGE][PASSED] - Object: 'Object Repository/Pages/Login/userName' is clicked on&#xD;
&#xD;
2019-10-30 10:59:41 - [MESSAGE][PASSED] - Text 'ZenQRetail' is set on object 'Object Repository/Pages/Login/userName'&#xD;
&#xD;
2019-10-30 10:59:41 - [MESSAGE][PASSED] - Object 'Object Repository/Pages/Login/password' is present&#xD;
&#xD;
2019-10-30 10:59:42 - [MESSAGE][PASSED] - Scroll to object 'Object Repository/Pages/Login/password' successfully&#xD;
&#xD;
2019-10-30 10:59:42 - [MESSAGE][PASSED] - Object 'Object Repository/Pages/Login/password' is present&#xD;
&#xD;
2019-10-30 10:59:42 - [MESSAGE][PASSED] - Object: 'Object Repository/Pages/Login/password' is clicked on&#xD;
&#xD;
2019-10-30 10:59:42 - [MESSAGE][PASSED] - Text 'P@ssword1' is set on object 'Object Repository/Pages/Login/password'&#xD;
&#xD;
2019-10-30 10:59:42 - [MESSAGE][INFO] - Safe Click Without scroll&#xD;
&#xD;
2019-10-30 10:59:42 - [MESSAGE][INFO] - 1stPayVault.ts:waiting until Click on Login is Clickable&#xD;
&#xD;
2019-10-30 10:59:42 - [MESSAGE][PASSED] - Object 'Object Repository/Pages/Login/login' is clickable&#xD;
&#xD;
2019-10-30 10:59:43 - [MESSAGE][PASSED] - Object 'Object Repository/Pages/Login/login' is visible&#xD;
&#xD;
2019-10-30 10:59:45 - [MESSAGE][PASSED] - Object: 'Object Repository/Pages/Login/login' is clicked on&#xD;
&#xD;
2019-10-30 10:59:45 - [MESSAGE][INFO] - 1stPayVault.ts: click on the Click on Login&#xD;
&#xD;
2019-10-30 10:59:45 - [MESSAGE][PASSED] - pages.Login.login is PASSED&#xD;
&#xD;
2019-10-30 10:59:45 - [TEST_STEP][PASSED] - callTestCase(findTestCase("FirstView/Login/TC_SendCode"), [:], STOP_ON_FAILURE): Call Test Case 'Test Cases/FirstView/Login/TC_SendCode' successfully&#xD;
&#xD;
2019-10-30 10:59:45 - [TEST_CASE][PASSED] - Test Cases/FirstView/Login/TC_SendCode: Test Cases/FirstView/Login/TC_SendCode&#xD;
&#xD;
2019-10-30 10:59:45 - [TEST_STEP][PASSED] - flag = pages.SendCode.verifyPage(): pages.SendCode.verifyPage is PASSED&#xD;
&#xD;
2019-10-30 10:59:45 - [MESSAGE][PASSED] - Object 'Object Repository/Pages/SendCodeToValidate/header_SendCodeToValidate' is present and visible in viewport&#xD;
&#xD;
2019-10-30 10:59:45 - [MESSAGE][PASSED] - pages.SendCode.verifyPage is PASSED&#xD;
&#xD;
2019-10-30 10:59:45 - [TEST_STEP][PASSED] - if (flag): pages.SendCode.clickonUserSettings is PASSED&#xD;
&#xD;
2019-10-30 10:59:45 - [TEST_STEP][PASSED] - pages.SendCode.clickonUserSettings(): pages.SendCode.clickonUserSettings is PASSED&#xD;
&#xD;
2019-10-30 10:59:45 - [MESSAGE][PASSED] - Object 'Object Repository/Pages/SendCodeToValidate/link_UserSettings' is present&#xD;
&#xD;
2019-10-30 10:59:45 - [MESSAGE][PASSED] - Object 'Object Repository/Pages/SendCodeToValidate/link_UserSettings' is visible&#xD;
&#xD;
2019-10-30 10:59:45 - [MESSAGE][INFO] - 1stPayVault.ts:waiting until Click on User Settings is Clickable&#xD;
&#xD;
2019-10-30 10:59:45 - [MESSAGE][PASSED] - Object 'Object Repository/Pages/SendCodeToValidate/link_UserSettings' is clickable&#xD;
&#xD;
2019-10-30 10:59:45 - [MESSAGE][PASSED] - Object 'Object Repository/Pages/SendCodeToValidate/link_UserSettings' is visible&#xD;
&#xD;
2019-10-30 10:59:48 - [MESSAGE][PASSED] - Object: 'Object Repository/Pages/SendCodeToValidate/link_UserSettings' is clicked on&#xD;
&#xD;
2019-10-30 10:59:48 - [MESSAGE][INFO] - 1stPayVault.ts: Clicked on the Click on User Settings&#xD;
&#xD;
2019-10-30 10:59:48 - [MESSAGE][PASSED] - pages.SendCode.clickonUserSettings is PASSED&#xD;
&#xD;
2019-10-30 10:59:48 - [MESSAGE][PASSED] - Call Test Case 'Test Cases/FirstView/Login/TC_SendCode' successfully&#xD;
&#xD;
2019-10-30 10:59:48 - [TEST_STEP][PASSED] - callTestCase(findTestCase("FirstView/Login/TC_FirstView"), [:], STOP_ON_FAILURE): Call Test Case 'Test Cases/FirstView/Login/TC_FirstView' successfully&#xD;
&#xD;
2019-10-30 10:59:48 - [TEST_CASE][PASSED] - Test Cases/FirstView/Login/TC_FirstView: Test Cases/FirstView/Login/TC_FirstView&#xD;
&#xD;
2019-10-30 10:59:48 - [TEST_STEP][NOT_RUN] - utilities.SafeActions.safeClickWithoutScroll(findTestObject("Pages/FirstView/link_Home"), "Click on Home button in First View screen", [PageLoadTime]): NOT_RUN: utilities.SafeActions.safeClickWithoutScroll(findTestObject("Pages/FirstView/link_Home"), "Click on Home button in First View screen", [PageLoadTime])&#xD;
&#xD;
2019-10-30 10:59:48 - [MESSAGE][NOT_RUN] - NOT_RUN: utilities.SafeActions.safeClickWithoutScroll(findTestObject("Pages/FirstView/link_Home"), "Click on Home button in First View screen", [PageLoadTime])&#xD;
&#xD;
2019-10-30 10:59:48 - [TEST_STEP][PASSED] - delay(3): Delayed 3 second(s)&#xD;
&#xD;
2019-10-30 10:59:51 - [MESSAGE][PASSED] - Delayed 3 second(s)&#xD;
&#xD;
2019-10-30 10:59:51 - [TEST_STEP][PASSED] - utilities.SafeActions.javascriptclick(findTestObject("Pages/FirstView/link_Home"), delayForElement): utilities.SafeActions.javascriptclick is PASSED&#xD;
&#xD;
2019-10-30 10:59:52 - [MESSAGE][PASSED] - utilities.SafeActions.javascriptclick is PASSED&#xD;
&#xD;
2019-10-30 10:59:52 - [TEST_STEP][PASSED] - utilities.SafeActions.safeClickWithoutScroll(findTestObject("Pages/FirstView/link_VPOS"), "Click on VPOS button in First View screen", [PageLoadTime]): utilities.SafeActions.safeClickWithoutScroll is PASSED&#xD;
&#xD;
2019-10-30 10:59:52 - [MESSAGE][INFO] - Safe Click Without scroll&#xD;
&#xD;
2019-10-30 10:59:52 - [MESSAGE][INFO] - 1stPayVault.ts:waiting until Click on VPOS button in First View screen is Clickable&#xD;
&#xD;
2019-10-30 10:59:53 - [MESSAGE][PASSED] - Object 'Object Repository/Pages/FirstView/link_VPOS' is clickable&#xD;
&#xD;
2019-10-30 10:59:53 - [MESSAGE][PASSED] - Object 'Object Repository/Pages/FirstView/link_VPOS' is visible&#xD;
&#xD;
2019-10-30 10:59:54 - [MESSAGE][PASSED] - Object: 'Object Repository/Pages/FirstView/link_VPOS' is clicked on&#xD;
&#xD;
2019-10-30 10:59:54 - [MESSAGE][INFO] - 1stPayVault.ts: click on the Click on VPOS button in First View screen&#xD;
&#xD;
2019-10-30 10:59:54 - [MESSAGE][PASSED] - utilities.SafeActions.safeClickWithoutScroll is PASSED&#xD;
&#xD;
2019-10-30 10:59:54 - [MESSAGE][PASSED] - Call Test Case 'Test Cases/FirstView/Login/TC_FirstView' successfully&#xD;
&#xD;
2019-10-30 10:59:54 - [TEST_STEP][PASSED] - switchToWindowTitle("Transcenter - VPOS"): Switched to window with title: 'Transcenter - VPOS'&#xD;
&#xD;
2019-10-30 10:59:58 - [MESSAGE][PASSED] - Switched to window with title: 'Transcenter - VPOS'&#xD;
&#xD;
2019-10-30 10:59:58 - [TEST_STEP][PASSED] - focus(findTestObject("Pages/FirstPayVault/tab_FirstPayVault")): Object: 'Object Repository/Pages/FirstPayVault/tab_FirstPayVault' is focused&#xD;
&#xD;
2019-10-30 11:00:07 - [MESSAGE][PASSED] - Object: 'Object Repository/Pages/FirstPayVault/tab_FirstPayVault' is focused&#xD;
&#xD;
2019-10-30 11:00:07 - [TEST_STEP][PASSED] - utilities.SafeActions.javascriptclick(findTestObject("Pages/FirstPayVault/tab_FirstPayVault"), PageLoadTime): utilities.SafeActions.javascriptclick is PASSED&#xD;
&#xD;
2019-10-30 11:00:07 - [MESSAGE][PASSED] - utilities.SafeActions.javascriptclick is PASSED&#xD;
&#xD;
2019-10-30 11:00:07 - [TEST_STEP][PASSED] - delay(delayForElement): Delayed 6 second(s)&#xD;
&#xD;
2019-10-30 11:00:13 - [MESSAGE][PASSED] - Delayed 6 second(s)&#xD;
&#xD;
2019-10-30 11:00:13 - [TEST_STEP][PASSED] - utilities.SafeActions.safeClickWithoutScroll(findTestObject("Pages/FirstPayVault/tab_FirstPayVault"), "Click on FistPayVault tab", [delayForElement]): utilities.SafeActions.safeClickWithoutScroll is PASSED&#xD;
&#xD;
2019-10-30 11:00:13 - [MESSAGE][INFO] - Safe Click Without scroll&#xD;
&#xD;
2019-10-30 11:00:13 - [MESSAGE][INFO] - 1stPayVault.ts:waiting until Click on FistPayVault tab is Clickable&#xD;
&#xD;
2019-10-30 11:00:13 - [MESSAGE][PASSED] - Object 'Object Repository/Pages/FirstPayVault/tab_FirstPayVault' is clickable&#xD;
&#xD;
2019-10-30 11:00:13 - [MESSAGE][PASSED] - Object 'Object Repository/Pages/FirstPayVault/tab_FirstPayVault' is visible&#xD;
&#xD;
2019-10-30 11:00:14 - [MESSAGE][PASSED] - Object: 'Object Repository/Pages/FirstPayVault/tab_FirstPayVault' is clicked on&#xD;
&#xD;
2019-10-30 11:00:14 - [MESSAGE][INFO] - 1stPayVault.ts: click on the Click on FistPayVault tab&#xD;
&#xD;
2019-10-30 11:00:14 - [MESSAGE][PASSED] - utilities.SafeActions.safeClickWithoutScroll is PASSED&#xD;
&#xD;
2019-10-30 11:00:14 - [TEST_STEP][PASSED] - utilities.SafeActions.safeClickWithoutScroll(findTestObject("Pages/FirstPayVault/button_CreateVault"), "Click on CreateVault button", [PageLoadTime]): utilities.SafeActions.safeClickWithoutScroll is PASSED&#xD;
&#xD;
2019-10-30 11:00:14 - [MESSAGE][INFO] - Safe Click Without scroll&#xD;
&#xD;
2019-10-30 11:00:14 - [MESSAGE][INFO] - 1stPayVault.ts:waiting until Click on CreateVault button is Clickable&#xD;
&#xD;
2019-10-30 11:00:14 - [MESSAGE][PASSED] - Object 'Object Repository/Pages/FirstPayVault/button_CreateVault' is clickable&#xD;
&#xD;
2019-10-30 11:00:14 - [MESSAGE][PASSED] - Object 'Object Repository/Pages/FirstPayVault/button_CreateVault' is visible&#xD;
&#xD;
2019-10-30 11:00:16 - [MESSAGE][PASSED] - Object: 'Object Repository/Pages/FirstPayVault/button_CreateVault' is clicked on&#xD;
&#xD;
2019-10-30 11:00:16 - [MESSAGE][INFO] - 1stPayVault.ts: click on the Click on CreateVault button&#xD;
&#xD;
2019-10-30 11:00:16 - [MESSAGE][PASSED] - utilities.SafeActions.safeClickWithoutScroll is PASSED&#xD;
&#xD;
2019-10-30 11:00:16 - [TEST_STEP][PASSED] - scrollToElement(findTestObject("Pages/FirstPayVault/input_VaultReferenceNumber"), PageLoadTime): Scroll to object 'Object Repository/Pages/FirstPayVault/input_VaultReferenceNumber' successfully&#xD;
&#xD;
2019-10-30 11:00:16 - [MESSAGE][PASSED] - Scroll to object 'Object Repository/Pages/FirstPayVault/input_VaultReferenceNumber' successfully&#xD;
&#xD;
2019-10-30 11:00:16 - [TEST_STEP][PASSED] - vaultReference = utilities.SafeActions.timeWithMilliSeconds(): utilities.SafeActions.timeWithMilliSeconds is PASSED&#xD;
&#xD;
2019-10-30 11:00:16 - [MESSAGE][PASSED] - utilities.SafeActions.timeWithMilliSeconds is PASSED&#xD;
&#xD;
2019-10-30 11:00:16 - [TEST_STEP][PASSED] - utilities.SafeActions.safeType(findTestObject("Pages/FirstPayVault/input_VaultReferenceNumber"), vaultReference, "Entering Vault Reference Number", [PageLoadTime]): utilities.SafeActions.safeType is PASSED&#xD;
&#xD;
2019-10-30 11:00:16 - [MESSAGE][PASSED] - Object 'Object Repository/Pages/FirstPayVault/input_VaultReferenceNumber' is present&#xD;
&#xD;
2019-10-30 11:00:16 - [MESSAGE][PASSED] - Scroll to object 'Object Repository/Pages/FirstPayVault/input_VaultReferenceNumber' successfully&#xD;
&#xD;
2019-10-30 11:00:16 - [MESSAGE][PASSED] - Object 'Object Repository/Pages/FirstPayVault/input_VaultReferenceNumber' is present&#xD;
&#xD;
2019-10-30 11:00:17 - [MESSAGE][PASSED] - Object: 'Object Repository/Pages/FirstPayVault/input_VaultReferenceNumber' is clicked on&#xD;
&#xD;
2019-10-30 11:00:17 - [MESSAGE][PASSED] - Text '2019-10-30 11:00:16.230' is set on object 'Object Repository/Pages/FirstPayVault/input_VaultReferenceNumber'&#xD;
&#xD;
2019-10-30 11:00:17 - [MESSAGE][PASSED] - utilities.SafeActions.safeType is PASSED&#xD;
&#xD;
2019-10-30 11:00:17 - [TEST_STEP][PASSED] - utilities.SafeActions.safeType(findTestObject("Pages/FirstPayVault/input_CreditCardNumber"), visaCardNumber, "Entering Card Number", [PageLoadTime]): utilities.SafeActions.safeType is PASSED&#xD;
&#xD;
2019-10-30 11:00:17 - [MESSAGE][PASSED] - Object 'Object Repository/Pages/FirstPayVault/input_CreditCardNumber' is present&#xD;
&#xD;
2019-10-30 11:00:17 - [MESSAGE][PASSED] - Scroll to object 'Object Repository/Pages/FirstPayVault/input_CreditCardNumber' successfully&#xD;
&#xD;
2019-10-30 11:00:17 - [MESSAGE][PASSED] - Object 'Object Repository/Pages/FirstPayVault/input_CreditCardNumber' is present&#xD;
&#xD;
2019-10-30 11:00:18 - [MESSAGE][PASSED] - Object: 'Object Repository/Pages/FirstPayVault/input_CreditCardNumber' is clicked on&#xD;
&#xD;
2019-10-30 11:00:18 - [MESSAGE][PASSED] - Text '4111111111111111' is set on object 'Object Repository/Pages/FirstPayVault/input_CreditCardNumber'&#xD;
&#xD;
2019-10-30 11:00:18 - [MESSAGE][PASSED] - utilities.SafeActions.safeType is PASSED&#xD;
&#xD;
2019-10-30 11:00:18 - [TEST_STEP][NOT_RUN] - delay(4): NOT_RUN: delay(4)&#xD;
&#xD;
2019-10-30 11:00:18 - [MESSAGE][NOT_RUN] - NOT_RUN: delay(4)&#xD;
&#xD;
2019-10-30 11:00:18 - [TEST_STEP][PASSED] - utilities.SafeActions.safeSelectOptionInDropDownByVisibleText(findTestObject("Pages/FirstPayVault/dropDown_ExpirationYear"), cardYear, "year", [PageLoadTime]): utilities.SafeActions.safeSelectOptionInDropDownByVisibleText is PASSED&#xD;
&#xD;
2019-10-30 11:00:18 - [MESSAGE][PASSED] - Object 'Object Repository/Pages/FirstPayVault/dropDown_ExpirationYear' is visible&#xD;
&#xD;
2019-10-30 11:00:19 - [MESSAGE][PASSED] - Object 'Object Repository/Pages/FirstPayVault/dropDown_ExpirationYear' is present&#xD;
&#xD;
2019-10-30 11:00:19 - [MESSAGE][PASSED] - Object: 'Object Repository/Pages/FirstPayVault/dropDown_ExpirationYear' is clicked on&#xD;
&#xD;
2019-10-30 11:00:20 - [MESSAGE][PASSED] - All options with label '2032' are selected in object 'Object Repository/Pages/FirstPayVault/dropDown_ExpirationYear' &#xD;
&#xD;
2019-10-30 11:00:20 - [MESSAGE][PASSED] - utilities.SafeActions.safeSelectOptionInDropDownByVisibleText is PASSED&#xD;
&#xD;
2019-10-30 11:00:20 - [TEST_STEP][PASSED] - utilities.SafeActions.safeSelectOptionInDropDownByVisibleText(findTestObject("Pages/FirstPayVault/dropDown_ExpirationMonth"), cardMonth, "Expiration Month", [PageLoadTime]): utilities.SafeActions.safeSelectOptionInDropDownByVisibleText is PASSED&#xD;
&#xD;
2019-10-30 11:00:20 - [MESSAGE][PASSED] - Object 'Object Repository/Pages/FirstPayVault/dropDown_ExpirationMonth' is visible&#xD;
&#xD;
2019-10-30 11:00:20 - [MESSAGE][PASSED] - Object 'Object Repository/Pages/FirstPayVault/dropDown_ExpirationMonth' is present&#xD;
&#xD;
2019-10-30 11:00:21 - [MESSAGE][PASSED] - Object: 'Object Repository/Pages/FirstPayVault/dropDown_ExpirationMonth' is clicked on&#xD;
&#xD;
2019-10-30 11:00:21 - [MESSAGE][PASSED] - All options with label 'September' are selected in object 'Object Repository/Pages/FirstPayVault/dropDown_ExpirationMonth' &#xD;
&#xD;
2019-10-30 11:00:21 - [MESSAGE][PASSED] - utilities.SafeActions.safeSelectOptionInDropDownByVisibleText is PASSED&#xD;
&#xD;
2019-10-30 11:00:21 - [TEST_STEP][NOT_RUN] - delay(2): NOT_RUN: delay(2)&#xD;
&#xD;
2019-10-30 11:00:21 - [MESSAGE][NOT_RUN] - NOT_RUN: delay(2)&#xD;
&#xD;
2019-10-30 11:00:21 - [TEST_STEP][PASSED] - utilities.SafeActions.safeType(findTestObject("Pages/FirstPayVault/input_ContactName"), customerName, "Enter Contact Name", [PageLoadTime]): utilities.SafeActions.safeType is PASSED&#xD;
&#xD;
2019-10-30 11:00:21 - [MESSAGE][PASSED] - Object 'Object Repository/Pages/FirstPayVault/input_ContactName' is present&#xD;
&#xD;
2019-10-30 11:00:21 - [MESSAGE][PASSED] - Scroll to object 'Object Repository/Pages/FirstPayVault/input_ContactName' successfully&#xD;
&#xD;
2019-10-30 11:00:21 - [MESSAGE][PASSED] - Object 'Object Repository/Pages/FirstPayVault/input_ContactName' is present&#xD;
&#xD;
2019-10-30 11:00:22 - [MESSAGE][PASSED] - Object: 'Object Repository/Pages/FirstPayVault/input_ContactName' is clicked on&#xD;
&#xD;
2019-10-30 11:00:22 - [MESSAGE][PASSED] - Text 'Venkata Sai' is set on object 'Object Repository/Pages/FirstPayVault/input_ContactName'&#xD;
&#xD;
2019-10-30 11:00:22 - [MESSAGE][PASSED] - utilities.SafeActions.safeType is PASSED&#xD;
&#xD;
2019-10-30 11:00:22 - [TEST_STEP][PASSED] - utilities.SafeActions.safeType(findTestObject("Pages/FirstPayVault/input_PostalCode"), postalCode, "Enter Postal Code", [PageLoadTime]): utilities.SafeActions.safeType is PASSED&#xD;
&#xD;
2019-10-30 11:00:23 - [MESSAGE][PASSED] - Object 'Object Repository/Pages/FirstPayVault/input_PostalCode' is present&#xD;
&#xD;
2019-10-30 11:00:23 - [MESSAGE][PASSED] - Scroll to object 'Object Repository/Pages/FirstPayVault/input_PostalCode' successfully&#xD;
&#xD;
2019-10-30 11:00:23 - [MESSAGE][PASSED] - Object 'Object Repository/Pages/FirstPayVault/input_PostalCode' is present&#xD;
&#xD;
2019-10-30 11:00:24 - [MESSAGE][PASSED] - Object: 'Object Repository/Pages/FirstPayVault/input_PostalCode' is clicked on&#xD;
&#xD;
2019-10-30 11:00:24 - [MESSAGE][PASSED] - Text '76102' is set on object 'Object Repository/Pages/FirstPayVault/input_PostalCode'&#xD;
&#xD;
2019-10-30 11:00:24 - [MESSAGE][PASSED] - utilities.SafeActions.safeType is PASSED&#xD;
&#xD;
2019-10-30 11:00:24 - [TEST_STEP][PASSED] - utilities.SafeActions.safeType(findTestObject("Pages/FirstPayVault/input_Address"), address, "Enter ddress", [PageLoadTime]): utilities.SafeActions.safeType is PASSED&#xD;
&#xD;
2019-10-30 11:00:24 - [MESSAGE][PASSED] - Object 'Object Repository/Pages/FirstPayVault/input_Address' is present&#xD;
&#xD;
2019-10-30 11:00:24 - [MESSAGE][PASSED] - Scroll to object 'Object Repository/Pages/FirstPayVault/input_Address' successfully&#xD;
&#xD;
2019-10-30 11:00:24 - [MESSAGE][PASSED] - Object 'Object Repository/Pages/FirstPayVault/input_Address' is present&#xD;
&#xD;
2019-10-30 11:00:26 - [MESSAGE][PASSED] - Object: 'Object Repository/Pages/FirstPayVault/input_Address' is clicked on&#xD;
&#xD;
2019-10-30 11:00:27 - [MESSAGE][PASSED] - Text 'Street123' is set on object 'Object Repository/Pages/FirstPayVault/input_Address'&#xD;
&#xD;
2019-10-30 11:00:27 - [MESSAGE][PASSED] - utilities.SafeActions.safeType is PASSED&#xD;
&#xD;
2019-10-30 11:00:27 - [TEST_STEP][PASSED] - utilities.SafeActions.safeCheckForElement(findTestObject("Pages/FirstPayVault/chekBox_AddShippingInformation"), PageLoadTime): utilities.SafeActions.safeCheckForElement is PASSED&#xD;
&#xD;
2019-10-30 11:00:27 - [MESSAGE][PASSED] - Object 'Object Repository/Pages/FirstPayVault/chekBox_AddShippingInformation' is present&#xD;
&#xD;
2019-10-30 11:00:27 - [MESSAGE][PASSED] - Object 'Object Repository/Pages/FirstPayVault/chekBox_AddShippingInformation' is visible&#xD;
&#xD;
2019-10-30 11:00:27 - [MESSAGE][PASSED] - Object 'Object Repository/Pages/FirstPayVault/chekBox_AddShippingInformation' is present&#xD;
&#xD;
2019-10-30 11:00:28 - [MESSAGE][PASSED] - Object 'Object Repository/Pages/FirstPayVault/chekBox_AddShippingInformation' is checked&#xD;
&#xD;
2019-10-30 11:00:28 - [MESSAGE][PASSED] - utilities.SafeActions.safeCheckForElement is PASSED&#xD;
&#xD;
2019-10-30 11:00:28 - [TEST_STEP][PASSED] - utilities.SafeActions.safeType(findTestObject("Pages/FirstPayVault/input_ShippingMethod"), shippingMethod, "Enter Shipping Method", [PageLoadTime]): utilities.SafeActions.safeType is PASSED&#xD;
&#xD;
2019-10-30 11:00:28 - [MESSAGE][PASSED] - Object 'Object Repository/Pages/FirstPayVault/input_ShippingMethod' is present&#xD;
&#xD;
2019-10-30 11:00:28 - [MESSAGE][PASSED] - Scroll to object 'Object Repository/Pages/FirstPayVault/input_ShippingMethod' successfully&#xD;
&#xD;
2019-10-30 11:00:28 - [MESSAGE][PASSED] - Object 'Object Repository/Pages/FirstPayVault/input_ShippingMethod' is present&#xD;
&#xD;
2019-10-30 11:00:29 - [MESSAGE][PASSED] - Object: 'Object Repository/Pages/FirstPayVault/input_ShippingMethod' is clicked on&#xD;
&#xD;
2019-10-30 11:00:29 - [MESSAGE][PASSED] - Text 'DTDC' is set on object 'Object Repository/Pages/FirstPayVault/input_ShippingMethod'&#xD;
&#xD;
2019-10-30 11:00:29 - [MESSAGE][PASSED] - utilities.SafeActions.safeType is PASSED&#xD;
&#xD;
2019-10-30 11:00:29 - [TEST_STEP][PASSED] - utilities.SafeActions.safeCheckForElement(findTestObject("Pages/FirstPayVault/checkbox_SameAsBillingInformation"), PageLoadTime): utilities.SafeActions.safeCheckForElement is PASSED&#xD;
&#xD;
2019-10-30 11:00:29 - [MESSAGE][PASSED] - Object 'Object Repository/Pages/FirstPayVault/checkbox_SameAsBillingInformation' is present&#xD;
&#xD;
2019-10-30 11:00:29 - [MESSAGE][PASSED] - Object 'Object Repository/Pages/FirstPayVault/checkbox_SameAsBillingInformation' is visible&#xD;
&#xD;
2019-10-30 11:00:29 - [MESSAGE][PASSED] - Object 'Object Repository/Pages/FirstPayVault/checkbox_SameAsBillingInformation' is present&#xD;
&#xD;
2019-10-30 11:00:31 - [MESSAGE][PASSED] - Object 'Object Repository/Pages/FirstPayVault/checkbox_SameAsBillingInformation' is checked&#xD;
&#xD;
2019-10-30 11:00:31 - [MESSAGE][PASSED] - utilities.SafeActions.safeCheckForElement is PASSED&#xD;
&#xD;
2019-10-30 11:00:31 - [TEST_STEP][PASSED] - utilities.SafeActions.safeClickwithScroll(findTestObject("Pages/FirstPayVault/button_Create"), "Click on Create Button", [PageLoadTime]): utilities.SafeActions.safeClickwithScroll is PASSED&#xD;
&#xD;
2019-10-30 11:00:31 - [MESSAGE][PASSED] - Object 'Object Repository/Pages/FirstPayVault/button_Create' is present&#xD;
&#xD;
2019-10-30 11:00:31 - [MESSAGE][PASSED] - Object 'Object Repository/Pages/FirstPayVault/button_Create' is visible&#xD;
&#xD;
2019-10-30 11:00:31 - [MESSAGE][INFO] - 1stPayVault.ts:waiting until Click on Create Button is Clickable&#xD;
&#xD;
2019-10-30 11:00:31 - [MESSAGE][PASSED] - Object 'Object Repository/Pages/FirstPayVault/button_Create' is clickable&#xD;
&#xD;
2019-10-30 11:00:31 - [MESSAGE][PASSED] - Object 'Object Repository/Pages/FirstPayVault/button_Create' is visible&#xD;
&#xD;
2019-10-30 11:00:32 - [MESSAGE][PASSED] - Object: 'Object Repository/Pages/FirstPayVault/button_Create' is clicked on&#xD;
&#xD;
2019-10-30 11:00:32 - [MESSAGE][INFO] - 1stPayVault.ts: Clicked on the Click on Create Button&#xD;
&#xD;
2019-10-30 11:00:32 - [MESSAGE][PASSED] - utilities.SafeActions.safeClickwithScroll is PASSED&#xD;
&#xD;
2019-10-30 11:00:32 - [TEST_STEP][NOT_RUN] - delay(2): NOT_RUN: delay(2)&#xD;
&#xD;
2019-10-30 11:00:32 - [MESSAGE][NOT_RUN] - NOT_RUN: delay(2)&#xD;
&#xD;
2019-10-30 11:00:32 - [TEST_STEP][PASSED] - popupSavedToVaultMessage = utilities.SafeActions.safeGetText(findTestObject("Pages/FirstPayVault/popup_SavedToVaultMessage"), PageLoadTime): utilities.SafeActions.safeGetText is PASSED&#xD;
&#xD;
2019-10-30 11:00:32 - [MESSAGE][PASSED] - Object 'Object Repository/Pages/FirstPayVault/popup_SavedToVaultMessage' is present&#xD;
&#xD;
2019-10-30 11:00:32 - [MESSAGE][PASSED] - Scroll to object 'Object Repository/Pages/FirstPayVault/popup_SavedToVaultMessage' successfully&#xD;
&#xD;
2019-10-30 11:00:32 - [MESSAGE][PASSED] - Object 'Object Repository/Pages/FirstPayVault/popup_SavedToVaultMessage' is present&#xD;
&#xD;
2019-10-30 11:00:33 - [MESSAGE][PASSED] - Text of object 'Object Repository/Pages/FirstPayVault/popup_SavedToVaultMessage' is: 'Successfully Saved to Vault'&#xD;
&#xD;
2019-10-30 11:00:33 - [MESSAGE][PASSED] - utilities.SafeActions.safeGetText is PASSED&#xD;
&#xD;
2019-10-30 11:00:33 - [TEST_STEP][PASSED] - flag = utilities.SafeActions.verifyPopupMessage("Successfully Saved to Vault", popupSavedToVaultMessage): Popup Message : Successfully Saved to Vault matched with expected message : Successfully Saved to Vault&#xD;
&#xD;
2019-10-30 11:00:33 - [MESSAGE][PASSED] - Popup Message : Successfully Saved to Vault matched with expected message : Successfully Saved to Vault&#xD;
&#xD;
2019-10-30 11:00:33 - [TEST_STEP][PASSED] - utilities.SafeActions.safeClickWithoutScroll(findTestObject("Pages/FirstPayVault/button_SearchVault_InPopup"), "Search Vault in Popup", [delayBetweenTestSteps]): utilities.SafeActions.safeClickWithoutScroll is PASSED&#xD;
&#xD;
2019-10-30 11:00:33 - [MESSAGE][INFO] - Safe Click Without scroll&#xD;
&#xD;
2019-10-30 11:00:33 - [MESSAGE][INFO] - 1stPayVault.ts:waiting until Search Vault in Popup is Clickable&#xD;
&#xD;
2019-10-30 11:00:33 - [MESSAGE][PASSED] - Object 'Object Repository/Pages/FirstPayVault/button_SearchVault_InPopup' is clickable&#xD;
&#xD;
2019-10-30 11:00:33 - [MESSAGE][PASSED] - Object 'Object Repository/Pages/FirstPayVault/button_SearchVault_InPopup' is visible&#xD;
&#xD;
2019-10-30 11:00:35 - [MESSAGE][PASSED] - Object: 'Object Repository/Pages/FirstPayVault/button_SearchVault_InPopup' is clicked on&#xD;
&#xD;
2019-10-30 11:00:35 - [MESSAGE][INFO] - 1stPayVault.ts: click on the Search Vault in Popup&#xD;
&#xD;
2019-10-30 11:00:35 - [MESSAGE][PASSED] - utilities.SafeActions.safeClickWithoutScroll is PASSED&#xD;
&#xD;
2019-10-30 11:00:35 - [TEST_STEP][PASSED] - utilities.SafeActions.safeClickwithScroll(findTestObject("Pages/FirstPayVault/date_StartDate_1stPayVault"), "Click on Date Input", [PageLoadTime]): utilities.SafeActions.safeClickwithScroll is PASSED&#xD;
&#xD;
2019-10-30 11:00:35 - [MESSAGE][PASSED] - Object 'Object Repository/Pages/FirstPayVault/date_StartDate_1stPayVault' is present&#xD;
&#xD;
2019-10-30 11:00:35 - [MESSAGE][PASSED] - Object 'Object Repository/Pages/FirstPayVault/date_StartDate_1stPayVault' is visible&#xD;
&#xD;
2019-10-30 11:00:35 - [MESSAGE][INFO] - 1stPayVault.ts:waiting until Click on Date Input is Clickable&#xD;
&#xD;
2019-10-30 11:00:35 - [MESSAGE][PASSED] - Object 'Object Repository/Pages/FirstPayVault/date_StartDate_1stPayVault' is clickable&#xD;
&#xD;
2019-10-30 11:00:35 - [MESSAGE][PASSED] - Object 'Object Repository/Pages/FirstPayVault/date_StartDate_1stPayVault' is visible&#xD;
&#xD;
2019-10-30 11:00:36 - [MESSAGE][PASSED] - Object: 'Object Repository/Pages/FirstPayVault/date_StartDate_1stPayVault' is clicked on&#xD;
&#xD;
2019-10-30 11:00:36 - [MESSAGE][INFO] - 1stPayVault.ts: Clicked on the Click on Date Input&#xD;
&#xD;
2019-10-30 11:00:36 - [MESSAGE][PASSED] - utilities.SafeActions.safeClickwithScroll is PASSED&#xD;
&#xD;
2019-10-30 11:00:36 - [TEST_STEP][PASSED] - pages.Sale.selectMonthYear(findTestObject("Pages/Sale/link_MonthYear"), findTestObject("Pages/Sale/calender_NextButton"), cardThisMonth, cardThisYear): pages.Sale.selectMonthYear is PASSED&#xD;
&#xD;
2019-10-30 11:00:36 - [MESSAGE][PASSED] - Text of object 'Object Repository/Pages/Sale/link_MonthYear' is: 'October 2019'&#xD;
&#xD;
2019-10-30 11:00:36 - [MESSAGE][PASSED] - pages.Sale.selectMonthYear is PASSED&#xD;
&#xD;
2019-10-30 11:00:36 - [TEST_STEP][PASSED] - pages.Sale.selectDate(start_date_Value): pages.Sale.selectDate is PASSED&#xD;
&#xD;
2019-10-30 11:00:36 - [MESSAGE][PASSED] - Object: '' is clicked on&#xD;
&#xD;
2019-10-30 11:00:36 - [MESSAGE][PASSED] - pages.Sale.selectDate is PASSED&#xD;
&#xD;
2019-10-30 11:00:36 - [TEST_STEP][PASSED] - utilities.SafeActions.safeClickWithoutScroll(findTestObject("Pages/FirstPayVault/date_EndDate_1stPayVault"), "Click on Date Input", [PageLoadTime]): utilities.SafeActions.safeClickWithoutScroll is PASSED&#xD;
&#xD;
2019-10-30 11:00:36 - [MESSAGE][INFO] - Safe Click Without scroll&#xD;
&#xD;
2019-10-30 11:00:36 - [MESSAGE][INFO] - 1stPayVault.ts:waiting until Click on Date Input is Clickable&#xD;
&#xD;
2019-10-30 11:00:36 - [MESSAGE][PASSED] - Object 'Object Repository/Pages/FirstPayVault/date_EndDate_1stPayVault' is clickable&#xD;
&#xD;
2019-10-30 11:00:36 - [MESSAGE][PASSED] - Object 'Object Repository/Pages/FirstPayVault/date_EndDate_1stPayVault' is visible&#xD;
&#xD;
2019-10-30 11:00:37 - [MESSAGE][PASSED] - Object: 'Object Repository/Pages/FirstPayVault/date_EndDate_1stPayVault' is clicked on&#xD;
&#xD;
2019-10-30 11:00:37 - [MESSAGE][INFO] - 1stPayVault.ts: click on the Click on Date Input&#xD;
&#xD;
2019-10-30 11:00:37 - [MESSAGE][PASSED] - utilities.SafeActions.safeClickWithoutScroll is PASSED&#xD;
&#xD;
2019-10-30 11:00:37 - [TEST_STEP][PASSED] - pages.Sale.selectMonthYear(findTestObject("Pages/Sale/link_MonthYear"), findTestObject("Pages/Sale/calender_NextButton"), cardThisMonth, cardThisYear): pages.Sale.selectMonthYear is PASSED&#xD;
&#xD;
2019-10-30 11:00:37 - [MESSAGE][PASSED] - Text of object 'Object Repository/Pages/Sale/link_MonthYear' is: 'October 2019'&#xD;
&#xD;
2019-10-30 11:00:37 - [MESSAGE][PASSED] - pages.Sale.selectMonthYear is PASSED&#xD;
&#xD;
2019-10-30 11:00:37 - [TEST_STEP][PASSED] - pages.Sale.selectDate(end_date_Value): pages.Sale.selectDate is PASSED&#xD;
&#xD;
2019-10-30 11:00:37 - [MESSAGE][PASSED] - Object: '' is clicked on&#xD;
&#xD;
2019-10-30 11:00:37 - [MESSAGE][PASSED] - pages.Sale.selectDate is PASSED&#xD;
&#xD;
2019-10-30 11:00:37 - [TEST_STEP][PASSED] - utilities.SafeActions.safeClickWithoutScroll(findTestObject("Pages/FirstPayVault/button_Search"), "Click On Search button", [PageLoadTime]): utilities.SafeActions.safeClickWithoutScroll is PASSED&#xD;
&#xD;
2019-10-30 11:00:38 - [MESSAGE][INFO] - Safe Click Without scroll&#xD;
&#xD;
2019-10-30 11:00:38 - [MESSAGE][INFO] - 1stPayVault.ts:waiting until Click On Search button is Clickable&#xD;
&#xD;
2019-10-30 11:00:38 - [MESSAGE][PASSED] - Object 'Object Repository/Pages/FirstPayVault/button_Search' is clickable&#xD;
&#xD;
2019-10-30 11:00:38 - [MESSAGE][PASSED] - Object 'Object Repository/Pages/FirstPayVault/button_Search' is visible&#xD;
&#xD;
2019-10-30 11:00:38 - [MESSAGE][PASSED] - Object: 'Object Repository/Pages/FirstPayVault/button_Search' is clicked on&#xD;
&#xD;
2019-10-30 11:00:38 - [MESSAGE][INFO] - 1stPayVault.ts: click on the Click On Search button&#xD;
&#xD;
2019-10-30 11:00:38 - [MESSAGE][PASSED] - utilities.SafeActions.safeClickWithoutScroll is PASSED&#xD;
&#xD;
2019-10-30 11:00:38 - [TEST_STEP][PASSED] - scrollToElement(findTestObject("Pages/Transaction_Management/invoice_ForTransaction"), PageLoadTime): Scroll to object 'Object Repository/Pages/Transaction_Management/invoice_ForTransaction' successfully&#xD;
&#xD;
2019-10-30 11:00:40 - [MESSAGE][PASSED] - Scroll to object 'Object Repository/Pages/Transaction_Management/invoice_ForTransaction' successfully&#xD;
&#xD;
2019-10-30 11:00:40 - [TEST_STEP][PASSED] - pages.FirstPayVault.verifyInvoiceRecord(findTestObject("Pages/FirstPayVault/footer_NextButton"), findTestObject("Pages/FirstPayVault/page_Number"), vaultReference): The Vault is found in page 1&#xD;
&#xD;
2019-10-30 11:00:40 - [MESSAGE][PASSED] - Text of object 'Object Repository/Pages/FirstPayVault/page_Number' is: 'Page 1 of 5'&#xD;
&#xD;
2019-10-30 11:00:40 - [MESSAGE][PASSED] - The Vault is found in page 1&#xD;
&#xD;
2019-10-30 11:00:41 - [TEST_STEP][NOT_RUN] - delay(2): NOT_RUN: delay(2)&#xD;
&#xD;
2019-10-30 11:00:41 - [MESSAGE][NOT_RUN] - NOT_RUN: delay(2)&#xD;
&#xD;
2019-10-30 11:00:41 - [TEST_STEP][PASSED] - closeBrowser(): Browser is closed&#xD;
&#xD;
2019-10-30 11:00:43 - [MESSAGE][PASSED] - Browser is closed&#xD;
&#xD;
2019-10-30 11:00:43 - [TEST_STEP][PASSED] - Start listener action : sampleAfterTestCase: null&#xD;
&#xD;
2019-10-30 11:00:43 - [TEST_STEP][PASSED] - println(testCaseContext.getTestCaseId()): null&#xD;
&#xD;
2019-10-30 11:00:43 - [TEST_STEP][PASSED] - println(testCaseContext.getTestCaseStatus()): null&#xD;
&#xD;
2019-10-30 11:00:43 - [TEST_STEP][PASSED] - testCaseName = testCaseContext.getTestCaseId(): null&#xD;
&#xD;
2019-10-30 11:00:43 - [TEST_STEP][PASSED] - strCount = testCaseName.lastIndexOf("/"): null&#xD;
&#xD;
2019-10-30 11:00:43 - [TEST_STEP][PASSED] - testCaseName = testCaseName.substring(strCount): null&#xD;
&#xD;
2019-10-30 11:00:43 - [TEST_STEP][PASSED] - println(testCaseName): null&#xD;
&#xD;
2019-10-30 11:00:43 - [TEST_STEP][PASSED] - if (getTestCaseStatus().equalsIgnoreCase("Error")): null&#xD;
&#xD;
2019-10-30 11:00:43 - [TEST_STEP][PASSED] - Start listener action : sampleAfterTestCase: null</system-out>
            <system-err></system-err>
        </testcase>
        <testcase name="Test Cases/FirstView/FirstPayVault/TC_1st_Pay_Vault_010" classname="Test Cases/FirstView/FirstPayVault/TC_1st_Pay_Vault_010" status="PASSED">
            <system-out>2019-10-30 11:00:43 - [TEST_CASE][PASSED] - Test Cases/FirstView/FirstPayVault/TC_1st_Pay_Vault_010: Test Cases/FirstView/FirstPayVault/TC_1st_Pay_Vault_010&#xD;
&#xD;
2019-10-30 11:00:43 - [TEST_STEP][PASSED] - Start listener action : sampleBeforeTestCase: null&#xD;
&#xD;
2019-10-30 11:00:43 - [TEST_STEP][PASSED] - println(testCaseContext.getTestCaseId()): null&#xD;
&#xD;
2019-10-30 11:00:43 - [TEST_STEP][PASSED] - println(testCaseContext.getTestCaseVariables()): null&#xD;
&#xD;
2019-10-30 11:00:43 - [TEST_STEP][NOT_RUN] - utilities.SafeActions.openBrowser(Old_URL, [PageLoadTime]): NOT_RUN: utilities.SafeActions.openBrowser(Old_URL, [PageLoadTime])&#xD;
&#xD;
2019-10-30 11:00:43 - [MESSAGE][NOT_RUN] - NOT_RUN: utilities.SafeActions.openBrowser(Old_URL, [PageLoadTime])&#xD;
&#xD;
2019-10-30 11:00:43 - [TEST_STEP][NOT_RUN] - delay(6): NOT_RUN: delay(6)&#xD;
&#xD;
2019-10-30 11:00:43 - [MESSAGE][NOT_RUN] - NOT_RUN: delay(6)&#xD;
&#xD;
2019-10-30 11:00:43 - [TEST_STEP][NOT_RUN] - utilities.SafeActions.safeSelectOptionInDropDownByVisibleText(findTestObject("Pages/Sale/dropDown_AccountType"), "ranjanatest2 - 888814981372/001 Account Type: Retail", "Select by Value", [25]): NOT_RUN: utilities.SafeActions.safeSelectOptionInDropDownByVisibleText(findTestObject("Pages/Sale/dropDown_AccountType"), "ranjanatest2 - 888814981372/001 Account Type: Retail", "Select by Value", [25])&#xD;
&#xD;
2019-10-30 11:00:43 - [MESSAGE][NOT_RUN] - NOT_RUN: utilities.SafeActions.safeSelectOptionInDropDownByVisibleText(findTestObject("Pages/Sale/dropDown_AccountType"), "ranjanatest2 - 888814981372/001 Account Type: Retail", "Select by Value", [25])&#xD;
&#xD;
2019-10-30 11:00:43 - [TEST_STEP][PASSED] - utilities.SafeActions.openBrowser(URL, [PageLoadTime]): utilities.SafeActions.openBrowser is PASSED&#xD;
&#xD;
2019-10-30 11:00:43 - [MESSAGE][INFO] - Opening Browser&#xD;
&#xD;
2019-10-30 11:00:43 - [MESSAGE][INFO] - Starting 'Firefox' driver&#xD;
&#xD;
2019-10-30 11:00:51 - [MESSAGE][PASSED] - Browser is opened with url: 'https://q-www-firstview-net.faps.net/MVC/Account/Login'&#xD;
&#xD;
2019-10-30 11:00:51 - [MESSAGE][PASSED] - Current window maximized&#xD;
&#xD;
2019-10-30 11:00:51 - [MESSAGE][INFO] - Browser Launched Successfully&#xD;
&#xD;
2019-10-30 11:00:51 - [MESSAGE][PASSED] - utilities.SafeActions.openBrowser is PASSED&#xD;
&#xD;
2019-10-30 11:00:51 - [TEST_STEP][PASSED] - pages.Login.login(uName, password): pages.Login.login is PASSED&#xD;
&#xD;
2019-10-30 11:00:51 - [MESSAGE][PASSED] - Object 'Object Repository/Pages/Login/userName' is present&#xD;
&#xD;
2019-10-30 11:00:51 - [MESSAGE][PASSED] - Scroll to object 'Object Repository/Pages/Login/userName' successfully&#xD;
&#xD;
2019-10-30 11:00:51 - [MESSAGE][PASSED] - Object 'Object Repository/Pages/Login/userName' is present&#xD;
&#xD;
2019-10-30 11:00:52 - [MESSAGE][PASSED] - Object: 'Object Repository/Pages/Login/userName' is clicked on&#xD;
&#xD;
2019-10-30 11:00:52 - [MESSAGE][PASSED] - Text 'ZenQRetail' is set on object 'Object Repository/Pages/Login/userName'&#xD;
&#xD;
2019-10-30 11:00:52 - [MESSAGE][PASSED] - Object 'Object Repository/Pages/Login/password' is present&#xD;
&#xD;
2019-10-30 11:00:52 - [MESSAGE][PASSED] - Scroll to object 'Object Repository/Pages/Login/password' successfully&#xD;
&#xD;
2019-10-30 11:00:52 - [MESSAGE][PASSED] - Object 'Object Repository/Pages/Login/password' is present&#xD;
&#xD;
2019-10-30 11:00:53 - [MESSAGE][PASSED] - Object: 'Object Repository/Pages/Login/password' is clicked on&#xD;
&#xD;
2019-10-30 11:00:53 - [MESSAGE][PASSED] - Text 'P@ssword1' is set on object 'Object Repository/Pages/Login/password'&#xD;
&#xD;
2019-10-30 11:00:53 - [MESSAGE][INFO] - Safe Click Without scroll&#xD;
&#xD;
2019-10-30 11:00:53 - [MESSAGE][INFO] - 1stPayVault.ts:waiting until Click on Login is Clickable&#xD;
&#xD;
2019-10-30 11:00:53 - [MESSAGE][PASSED] - Object 'Object Repository/Pages/Login/login' is clickable&#xD;
&#xD;
2019-10-30 11:00:53 - [MESSAGE][PASSED] - Object 'Object Repository/Pages/Login/login' is visible&#xD;
&#xD;
2019-10-30 11:00:55 - [MESSAGE][PASSED] - Object: 'Object Repository/Pages/Login/login' is clicked on&#xD;
&#xD;
2019-10-30 11:00:55 - [MESSAGE][INFO] - 1stPayVault.ts: click on the Click on Login&#xD;
&#xD;
2019-10-30 11:00:55 - [MESSAGE][PASSED] - pages.Login.login is PASSED&#xD;
&#xD;
2019-10-30 11:00:55 - [TEST_STEP][PASSED] - callTestCase(findTestCase("FirstView/Login/TC_SendCode"), [:], STOP_ON_FAILURE): Call Test Case 'Test Cases/FirstView/Login/TC_SendCode' successfully&#xD;
&#xD;
2019-10-30 11:00:55 - [TEST_CASE][PASSED] - Test Cases/FirstView/Login/TC_SendCode: Test Cases/FirstView/Login/TC_SendCode&#xD;
&#xD;
2019-10-30 11:00:55 - [TEST_STEP][PASSED] - flag = pages.SendCode.verifyPage(): pages.SendCode.verifyPage is PASSED&#xD;
&#xD;
2019-10-30 11:00:56 - [MESSAGE][PASSED] - Object 'Object Repository/Pages/SendCodeToValidate/header_SendCodeToValidate' is present and visible in viewport&#xD;
&#xD;
2019-10-30 11:00:56 - [MESSAGE][PASSED] - pages.SendCode.verifyPage is PASSED&#xD;
&#xD;
2019-10-30 11:00:56 - [TEST_STEP][PASSED] - if (flag): pages.SendCode.clickonUserSettings is PASSED&#xD;
&#xD;
2019-10-30 11:00:56 - [TEST_STEP][PASSED] - pages.SendCode.clickonUserSettings(): pages.SendCode.clickonUserSettings is PASSED&#xD;
&#xD;
2019-10-30 11:00:56 - [MESSAGE][PASSED] - Object 'Object Repository/Pages/SendCodeToValidate/link_UserSettings' is present&#xD;
&#xD;
2019-10-30 11:00:56 - [MESSAGE][PASSED] - Object 'Object Repository/Pages/SendCodeToValidate/link_UserSettings' is visible&#xD;
&#xD;
2019-10-30 11:00:56 - [MESSAGE][INFO] - 1stPayVault.ts:waiting until Click on User Settings is Clickable&#xD;
&#xD;
2019-10-30 11:00:56 - [MESSAGE][PASSED] - Object 'Object Repository/Pages/SendCodeToValidate/link_UserSettings' is clickable&#xD;
&#xD;
2019-10-30 11:00:56 - [MESSAGE][PASSED] - Object 'Object Repository/Pages/SendCodeToValidate/link_UserSettings' is visible&#xD;
&#xD;
2019-10-30 11:00:58 - [MESSAGE][PASSED] - Object: 'Object Repository/Pages/SendCodeToValidate/link_UserSettings' is clicked on&#xD;
&#xD;
2019-10-30 11:00:58 - [MESSAGE][INFO] - 1stPayVault.ts: Clicked on the Click on User Settings&#xD;
&#xD;
2019-10-30 11:00:58 - [MESSAGE][PASSED] - pages.SendCode.clickonUserSettings is PASSED&#xD;
&#xD;
2019-10-30 11:00:58 - [MESSAGE][PASSED] - Call Test Case 'Test Cases/FirstView/Login/TC_SendCode' successfully&#xD;
&#xD;
2019-10-30 11:00:58 - [TEST_STEP][PASSED] - callTestCase(findTestCase("FirstView/Login/TC_FirstView"), [:], STOP_ON_FAILURE): Call Test Case 'Test Cases/FirstView/Login/TC_FirstView' successfully&#xD;
&#xD;
2019-10-30 11:00:58 - [TEST_CASE][PASSED] - Test Cases/FirstView/Login/TC_FirstView: Test Cases/FirstView/Login/TC_FirstView&#xD;
&#xD;
2019-10-30 11:00:58 - [TEST_STEP][NOT_RUN] - utilities.SafeActions.safeClickWithoutScroll(findTestObject("Pages/FirstView/link_Home"), "Click on Home button in First View screen", [PageLoadTime]): NOT_RUN: utilities.SafeActions.safeClickWithoutScroll(findTestObject("Pages/FirstView/link_Home"), "Click on Home button in First View screen", [PageLoadTime])&#xD;
&#xD;
2019-10-30 11:00:58 - [MESSAGE][NOT_RUN] - NOT_RUN: utilities.SafeActions.safeClickWithoutScroll(findTestObject("Pages/FirstView/link_Home"), "Click on Home button in First View screen", [PageLoadTime])&#xD;
&#xD;
2019-10-30 11:00:58 - [TEST_STEP][PASSED] - delay(3): Delayed 3 second(s)&#xD;
&#xD;
2019-10-30 11:01:01 - [MESSAGE][PASSED] - Delayed 3 second(s)&#xD;
&#xD;
2019-10-30 11:01:01 - [TEST_STEP][PASSED] - utilities.SafeActions.javascriptclick(findTestObject("Pages/FirstView/link_Home"), delayForElement): utilities.SafeActions.javascriptclick is PASSED&#xD;
&#xD;
2019-10-30 11:01:01 - [MESSAGE][PASSED] - utilities.SafeActions.javascriptclick is PASSED&#xD;
&#xD;
2019-10-30 11:01:01 - [TEST_STEP][PASSED] - utilities.SafeActions.safeClickWithoutScroll(findTestObject("Pages/FirstView/link_VPOS"), "Click on VPOS button in First View screen", [PageLoadTime]): utilities.SafeActions.safeClickWithoutScroll is PASSED&#xD;
&#xD;
2019-10-30 11:01:01 - [MESSAGE][INFO] - Safe Click Without scroll&#xD;
&#xD;
2019-10-30 11:01:01 - [MESSAGE][INFO] - 1stPayVault.ts:waiting until Click on VPOS button in First View screen is Clickable&#xD;
&#xD;
2019-10-30 11:01:02 - [MESSAGE][PASSED] - Object 'Object Repository/Pages/FirstView/link_VPOS' is clickable&#xD;
&#xD;
2019-10-30 11:01:02 - [MESSAGE][PASSED] - Object 'Object Repository/Pages/FirstView/link_VPOS' is visible&#xD;
&#xD;
2019-10-30 11:01:03 - [MESSAGE][PASSED] - Object: 'Object Repository/Pages/FirstView/link_VPOS' is clicked on&#xD;
&#xD;
2019-10-30 11:01:03 - [MESSAGE][INFO] - 1stPayVault.ts: click on the Click on VPOS button in First View screen&#xD;
&#xD;
2019-10-30 11:01:03 - [MESSAGE][PASSED] - utilities.SafeActions.safeClickWithoutScroll is PASSED&#xD;
&#xD;
2019-10-30 11:01:03 - [MESSAGE][PASSED] - Call Test Case 'Test Cases/FirstView/Login/TC_FirstView' successfully&#xD;
&#xD;
2019-10-30 11:01:03 - [TEST_STEP][PASSED] - switchToWindowTitle("Transcenter - VPOS"): Switched to window with title: 'Transcenter - VPOS'&#xD;
&#xD;
2019-10-30 11:01:08 - [MESSAGE][PASSED] - Switched to window with title: 'Transcenter - VPOS'&#xD;
&#xD;
2019-10-30 11:01:08 - [TEST_STEP][PASSED] - focus(findTestObject("Pages/FirstPayVault/tab_FirstPayVault")): Object: 'Object Repository/Pages/FirstPayVault/tab_FirstPayVault' is focused&#xD;
&#xD;
2019-10-30 11:01:10 - [MESSAGE][PASSED] - Object: 'Object Repository/Pages/FirstPayVault/tab_FirstPayVault' is focused&#xD;
&#xD;
2019-10-30 11:01:10 - [TEST_STEP][PASSED] - utilities.SafeActions.javascriptclick(findTestObject("Pages/FirstPayVault/tab_FirstPayVault"), PageLoadTime): utilities.SafeActions.javascriptclick is PASSED&#xD;
&#xD;
2019-10-30 11:01:11 - [MESSAGE][PASSED] - utilities.SafeActions.javascriptclick is PASSED&#xD;
&#xD;
2019-10-30 11:01:11 - [TEST_STEP][PASSED] - delay(delayForElement): Delayed 6 second(s)&#xD;
&#xD;
2019-10-30 11:01:17 - [MESSAGE][PASSED] - Delayed 6 second(s)&#xD;
&#xD;
2019-10-30 11:01:17 - [TEST_STEP][PASSED] - utilities.SafeActions.safeClickWithoutScroll(findTestObject("Pages/FirstPayVault/tab_FirstPayVault"), "Click on FistPayVault tab", [delayForElement]): utilities.SafeActions.safeClickWithoutScroll is PASSED&#xD;
&#xD;
2019-10-30 11:01:17 - [MESSAGE][INFO] - Safe Click Without scroll&#xD;
&#xD;
2019-10-30 11:01:17 - [MESSAGE][INFO] - 1stPayVault.ts:waiting until Click on FistPayVault tab is Clickable&#xD;
&#xD;
2019-10-30 11:01:17 - [MESSAGE][PASSED] - Object 'Object Repository/Pages/FirstPayVault/tab_FirstPayVault' is clickable&#xD;
&#xD;
2019-10-30 11:01:17 - [MESSAGE][PASSED] - Object 'Object Repository/Pages/FirstPayVault/tab_FirstPayVault' is visible&#xD;
&#xD;
2019-10-30 11:01:18 - [MESSAGE][PASSED] - Object: 'Object Repository/Pages/FirstPayVault/tab_FirstPayVault' is clicked on&#xD;
&#xD;
2019-10-30 11:01:18 - [MESSAGE][INFO] - 1stPayVault.ts: click on the Click on FistPayVault tab&#xD;
&#xD;
2019-10-30 11:01:18 - [MESSAGE][PASSED] - utilities.SafeActions.safeClickWithoutScroll is PASSED&#xD;
&#xD;
2019-10-30 11:01:18 - [TEST_STEP][PASSED] - utilities.SafeActions.safeClickWithoutScroll(findTestObject("Pages/FirstPayVault/button_CreateVault"), "Click on CreateVault button", [PageLoadTime]): utilities.SafeActions.safeClickWithoutScroll is PASSED&#xD;
&#xD;
2019-10-30 11:01:18 - [MESSAGE][INFO] - Safe Click Without scroll&#xD;
&#xD;
2019-10-30 11:01:18 - [MESSAGE][INFO] - 1stPayVault.ts:waiting until Click on CreateVault button is Clickable&#xD;
&#xD;
2019-10-30 11:01:18 - [MESSAGE][PASSED] - Object 'Object Repository/Pages/FirstPayVault/button_CreateVault' is clickable&#xD;
&#xD;
2019-10-30 11:01:18 - [MESSAGE][PASSED] - Object 'Object Repository/Pages/FirstPayVault/button_CreateVault' is visible&#xD;
&#xD;
2019-10-30 11:01:19 - [MESSAGE][PASSED] - Object: 'Object Repository/Pages/FirstPayVault/button_CreateVault' is clicked on&#xD;
&#xD;
2019-10-30 11:01:19 - [MESSAGE][INFO] - 1stPayVault.ts: click on the Click on CreateVault button&#xD;
&#xD;
2019-10-30 11:01:19 - [MESSAGE][PASSED] - utilities.SafeActions.safeClickWithoutScroll is PASSED&#xD;
&#xD;
2019-10-30 11:01:19 - [TEST_STEP][PASSED] - scrollToElement(findTestObject("Pages/FirstPayVault/input_VaultReferenceNumber"), PageLoadTime): Scroll to object 'Object Repository/Pages/FirstPayVault/input_VaultReferenceNumber' successfully&#xD;
&#xD;
2019-10-30 11:01:19 - [MESSAGE][PASSED] - Scroll to object 'Object Repository/Pages/FirstPayVault/input_VaultReferenceNumber' successfully&#xD;
&#xD;
2019-10-30 11:01:19 - [TEST_STEP][PASSED] - vaultReference = utilities.SafeActions.timeWithMilliSeconds(): utilities.SafeActions.timeWithMilliSeconds is PASSED&#xD;
&#xD;
2019-10-30 11:01:19 - [MESSAGE][PASSED] - utilities.SafeActions.timeWithMilliSeconds is PASSED&#xD;
&#xD;
2019-10-30 11:01:19 - [TEST_STEP][PASSED] - utilities.SafeActions.safeType(findTestObject("Pages/FirstPayVault/input_VaultReferenceNumber"), vaultReference, "Entering Vault Reference Number", [PageLoadTime]): utilities.SafeActions.safeType is PASSED&#xD;
&#xD;
2019-10-30 11:01:19 - [MESSAGE][PASSED] - Object 'Object Repository/Pages/FirstPayVault/input_VaultReferenceNumber' is present&#xD;
&#xD;
2019-10-30 11:01:19 - [MESSAGE][PASSED] - Scroll to object 'Object Repository/Pages/FirstPayVault/input_VaultReferenceNumber' successfully&#xD;
&#xD;
2019-10-30 11:01:19 - [MESSAGE][PASSED] - Object 'Object Repository/Pages/FirstPayVault/input_VaultReferenceNumber' is present&#xD;
&#xD;
2019-10-30 11:01:20 - [MESSAGE][PASSED] - Object: 'Object Repository/Pages/FirstPayVault/input_VaultReferenceNumber' is clicked on&#xD;
&#xD;
2019-10-30 11:01:20 - [MESSAGE][PASSED] - Text '2019-10-30 11:01:19.332' is set on object 'Object Repository/Pages/FirstPayVault/input_VaultReferenceNumber'&#xD;
&#xD;
2019-10-30 11:01:20 - [MESSAGE][PASSED] - utilities.SafeActions.safeType is PASSED&#xD;
&#xD;
2019-10-30 11:01:20 - [TEST_STEP][PASSED] - utilities.SafeActions.safeType(findTestObject("Pages/FirstPayVault/input_CreditCardNumber"), visaCardNumber, "Entering Card Number", [PageLoadTime]): utilities.SafeActions.safeType is PASSED&#xD;
&#xD;
2019-10-30 11:01:20 - [MESSAGE][PASSED] - Object 'Object Repository/Pages/FirstPayVault/input_CreditCardNumber' is present&#xD;
&#xD;
2019-10-30 11:01:20 - [MESSAGE][PASSED] - Scroll to object 'Object Repository/Pages/FirstPayVault/input_CreditCardNumber' successfully&#xD;
&#xD;
2019-10-30 11:01:20 - [MESSAGE][PASSED] - Object 'Object Repository/Pages/FirstPayVault/input_CreditCardNumber' is present&#xD;
&#xD;
2019-10-30 11:01:21 - [MESSAGE][PASSED] - Object: 'Object Repository/Pages/FirstPayVault/input_CreditCardNumber' is clicked on&#xD;
&#xD;
2019-10-30 11:01:21 - [MESSAGE][PASSED] - Text '4111111111111111' is set on object 'Object Repository/Pages/FirstPayVault/input_CreditCardNumber'&#xD;
&#xD;
2019-10-30 11:01:21 - [MESSAGE][PASSED] - utilities.SafeActions.safeType is PASSED&#xD;
&#xD;
2019-10-30 11:01:21 - [TEST_STEP][NOT_RUN] - delay(4): NOT_RUN: delay(4)&#xD;
&#xD;
2019-10-30 11:01:21 - [MESSAGE][NOT_RUN] - NOT_RUN: delay(4)&#xD;
&#xD;
2019-10-30 11:01:21 - [TEST_STEP][PASSED] - utilities.SafeActions.safeSelectOptionInDropDownByVisibleText(findTestObject("Pages/FirstPayVault/dropDown_ExpirationMonth"), cardMonth, "Expiration Month", [PageLoadTime]): utilities.SafeActions.safeSelectOptionInDropDownByVisibleText is PASSED&#xD;
&#xD;
2019-10-30 11:01:21 - [MESSAGE][PASSED] - Object 'Object Repository/Pages/FirstPayVault/dropDown_ExpirationMonth' is visible&#xD;
&#xD;
2019-10-30 11:01:21 - [MESSAGE][PASSED] - Object 'Object Repository/Pages/FirstPayVault/dropDown_ExpirationMonth' is present&#xD;
&#xD;
2019-10-30 11:01:22 - [MESSAGE][PASSED] - Object: 'Object Repository/Pages/FirstPayVault/dropDown_ExpirationMonth' is clicked on&#xD;
&#xD;
2019-10-30 11:01:22 - [MESSAGE][PASSED] - All options with label 'September' are selected in object 'Object Repository/Pages/FirstPayVault/dropDown_ExpirationMonth' &#xD;
&#xD;
2019-10-30 11:01:22 - [MESSAGE][PASSED] - utilities.SafeActions.safeSelectOptionInDropDownByVisibleText is PASSED&#xD;
&#xD;
2019-10-30 11:01:22 - [TEST_STEP][PASSED] - utilities.SafeActions.safeSelectOptionInDropDownByVisibleText(findTestObject("Pages/FirstPayVault/dropDown_ExpirationYear"), cardYear, "year", [PageLoadTime]): utilities.SafeActions.safeSelectOptionInDropDownByVisibleText is PASSED&#xD;
&#xD;
2019-10-30 11:01:23 - [MESSAGE][PASSED] - Object 'Object Repository/Pages/FirstPayVault/dropDown_ExpirationYear' is visible&#xD;
&#xD;
2019-10-30 11:01:23 - [MESSAGE][PASSED] - Object 'Object Repository/Pages/FirstPayVault/dropDown_ExpirationYear' is present&#xD;
&#xD;
2019-10-30 11:01:23 - [MESSAGE][PASSED] - Object: 'Object Repository/Pages/FirstPayVault/dropDown_ExpirationYear' is clicked on&#xD;
&#xD;
2019-10-30 11:01:24 - [MESSAGE][PASSED] - All options with label '2032' are selected in object 'Object Repository/Pages/FirstPayVault/dropDown_ExpirationYear' &#xD;
&#xD;
2019-10-30 11:01:24 - [MESSAGE][PASSED] - utilities.SafeActions.safeSelectOptionInDropDownByVisibleText is PASSED&#xD;
&#xD;
2019-10-30 11:01:24 - [TEST_STEP][NOT_RUN] - delay(2): NOT_RUN: delay(2)&#xD;
&#xD;
2019-10-30 11:01:24 - [MESSAGE][NOT_RUN] - NOT_RUN: delay(2)&#xD;
&#xD;
2019-10-30 11:01:24 - [TEST_STEP][PASSED] - utilities.SafeActions.safeType(findTestObject("Pages/FirstPayVault/input_ContactName"), customerName, "Enter Contact Name", [PageLoadTime]): utilities.SafeActions.safeType is PASSED&#xD;
&#xD;
2019-10-30 11:01:24 - [MESSAGE][PASSED] - Object 'Object Repository/Pages/FirstPayVault/input_ContactName' is present&#xD;
&#xD;
2019-10-30 11:01:24 - [MESSAGE][PASSED] - Scroll to object 'Object Repository/Pages/FirstPayVault/input_ContactName' successfully&#xD;
&#xD;
2019-10-30 11:01:24 - [MESSAGE][PASSED] - Object 'Object Repository/Pages/FirstPayVault/input_ContactName' is present&#xD;
&#xD;
2019-10-30 11:01:25 - [MESSAGE][PASSED] - Object: 'Object Repository/Pages/FirstPayVault/input_ContactName' is clicked on&#xD;
&#xD;
2019-10-30 11:01:25 - [MESSAGE][PASSED] - Text 'Venkata Sai' is set on object 'Object Repository/Pages/FirstPayVault/input_ContactName'&#xD;
&#xD;
2019-10-30 11:01:25 - [MESSAGE][PASSED] - utilities.SafeActions.safeType is PASSED&#xD;
&#xD;
2019-10-30 11:01:25 - [TEST_STEP][PASSED] - utilities.SafeActions.safeType(findTestObject("Pages/FirstPayVault/input_PostalCode"), postalCode, "Enter Postal Code", [PageLoadTime]): utilities.SafeActions.safeType is PASSED&#xD;
&#xD;
2019-10-30 11:01:25 - [MESSAGE][PASSED] - Object 'Object Repository/Pages/FirstPayVault/input_PostalCode' is present&#xD;
&#xD;
2019-10-30 11:01:25 - [MESSAGE][PASSED] - Scroll to object 'Object Repository/Pages/FirstPayVault/input_PostalCode' successfully&#xD;
&#xD;
2019-10-30 11:01:25 - [MESSAGE][PASSED] - Object 'Object Repository/Pages/FirstPayVault/input_PostalCode' is present&#xD;
&#xD;
2019-10-30 11:01:26 - [MESSAGE][PASSED] - Object: 'Object Repository/Pages/FirstPayVault/input_PostalCode' is clicked on&#xD;
&#xD;
2019-10-30 11:01:26 - [MESSAGE][PASSED] - Text '76102' is set on object 'Object Repository/Pages/FirstPayVault/input_PostalCode'&#xD;
&#xD;
2019-10-30 11:01:26 - [MESSAGE][PASSED] - utilities.SafeActions.safeType is PASSED&#xD;
&#xD;
2019-10-30 11:01:26 - [TEST_STEP][PASSED] - utilities.SafeActions.safeType(findTestObject("Pages/FirstPayVault/input_Address"), address, "Enter ddress", [PageLoadTime]): utilities.SafeActions.safeType is PASSED&#xD;
&#xD;
2019-10-30 11:01:26 - [MESSAGE][PASSED] - Object 'Object Repository/Pages/FirstPayVault/input_Address' is present&#xD;
&#xD;
2019-10-30 11:01:26 - [MESSAGE][PASSED] - Scroll to object 'Object Repository/Pages/FirstPayVault/input_Address' successfully&#xD;
&#xD;
2019-10-30 11:01:26 - [MESSAGE][PASSED] - Object 'Object Repository/Pages/FirstPayVault/input_Address' is present&#xD;
&#xD;
2019-10-30 11:01:27 - [MESSAGE][PASSED] - Object: 'Object Repository/Pages/FirstPayVault/input_Address' is clicked on&#xD;
&#xD;
2019-10-30 11:01:27 - [MESSAGE][PASSED] - Text 'Street123' is set on object 'Object Repository/Pages/FirstPayVault/input_Address'&#xD;
&#xD;
2019-10-30 11:01:27 - [MESSAGE][PASSED] - utilities.SafeActions.safeType is PASSED&#xD;
&#xD;
2019-10-30 11:01:27 - [TEST_STEP][PASSED] - utilities.SafeActions.safeCheckForElement(findTestObject("Pages/FirstPayVault/chekBox_AddShippingInformation"), PageLoadTime): utilities.SafeActions.safeCheckForElement is PASSED&#xD;
&#xD;
2019-10-30 11:01:27 - [MESSAGE][PASSED] - Object 'Object Repository/Pages/FirstPayVault/chekBox_AddShippingInformation' is present&#xD;
&#xD;
2019-10-30 11:01:27 - [MESSAGE][PASSED] - Object 'Object Repository/Pages/FirstPayVault/chekBox_AddShippingInformation' is visible&#xD;
&#xD;
2019-10-30 11:01:27 - [MESSAGE][PASSED] - Object 'Object Repository/Pages/FirstPayVault/chekBox_AddShippingInformation' is present&#xD;
&#xD;
2019-10-30 11:01:28 - [MESSAGE][PASSED] - Object 'Object Repository/Pages/FirstPayVault/chekBox_AddShippingInformation' is checked&#xD;
&#xD;
2019-10-30 11:01:28 - [MESSAGE][PASSED] - utilities.SafeActions.safeCheckForElement is PASSED&#xD;
&#xD;
2019-10-30 11:01:28 - [TEST_STEP][PASSED] - utilities.SafeActions.safeType(findTestObject("Pages/FirstPayVault/input_ShippingMethod"), shippingMethod, "Enter Shipping Method", [PageLoadTime]): utilities.SafeActions.safeType is PASSED&#xD;
&#xD;
2019-10-30 11:01:28 - [MESSAGE][PASSED] - Object 'Object Repository/Pages/FirstPayVault/input_ShippingMethod' is present&#xD;
&#xD;
2019-10-30 11:01:28 - [MESSAGE][PASSED] - Scroll to object 'Object Repository/Pages/FirstPayVault/input_ShippingMethod' successfully&#xD;
&#xD;
2019-10-30 11:01:28 - [MESSAGE][PASSED] - Object 'Object Repository/Pages/FirstPayVault/input_ShippingMethod' is present&#xD;
&#xD;
2019-10-30 11:01:29 - [MESSAGE][PASSED] - Object: 'Object Repository/Pages/FirstPayVault/input_ShippingMethod' is clicked on&#xD;
&#xD;
2019-10-30 11:01:29 - [MESSAGE][PASSED] - Text 'DTDC' is set on object 'Object Repository/Pages/FirstPayVault/input_ShippingMethod'&#xD;
&#xD;
2019-10-30 11:01:29 - [MESSAGE][PASSED] - utilities.SafeActions.safeType is PASSED&#xD;
&#xD;
2019-10-30 11:01:29 - [TEST_STEP][PASSED] - utilities.SafeActions.safeCheckForElement(findTestObject("Pages/FirstPayVault/checkbox_SameAsBillingInformation"), PageLoadTime): utilities.SafeActions.safeCheckForElement is PASSED&#xD;
&#xD;
2019-10-30 11:01:29 - [MESSAGE][PASSED] - Object 'Object Repository/Pages/FirstPayVault/checkbox_SameAsBillingInformation' is present&#xD;
&#xD;
2019-10-30 11:01:29 - [MESSAGE][PASSED] - Object 'Object Repository/Pages/FirstPayVault/checkbox_SameAsBillingInformation' is visible&#xD;
&#xD;
2019-10-30 11:01:29 - [MESSAGE][PASSED] - Object 'Object Repository/Pages/FirstPayVault/checkbox_SameAsBillingInformation' is present&#xD;
&#xD;
2019-10-30 11:01:30 - [MESSAGE][PASSED] - Object 'Object Repository/Pages/FirstPayVault/checkbox_SameAsBillingInformation' is checked&#xD;
&#xD;
2019-10-30 11:01:30 - [MESSAGE][PASSED] - utilities.SafeActions.safeCheckForElement is PASSED&#xD;
&#xD;
2019-10-30 11:01:30 - [TEST_STEP][PASSED] - utilities.SafeActions.safeClickwithScroll(findTestObject("Pages/FirstPayVault/button_Create"), "Click on Create Button", [PageLoadTime]): utilities.SafeActions.safeClickwithScroll is PASSED&#xD;
&#xD;
2019-10-30 11:01:30 - [MESSAGE][PASSED] - Object 'Object Repository/Pages/FirstPayVault/button_Create' is present&#xD;
&#xD;
2019-10-30 11:01:30 - [MESSAGE][PASSED] - Object 'Object Repository/Pages/FirstPayVault/button_Create' is visible&#xD;
&#xD;
2019-10-30 11:01:30 - [MESSAGE][INFO] - 1stPayVault.ts:waiting until Click on Create Button is Clickable&#xD;
&#xD;
2019-10-30 11:01:30 - [MESSAGE][PASSED] - Object 'Object Repository/Pages/FirstPayVault/button_Create' is clickable&#xD;
&#xD;
2019-10-30 11:01:30 - [MESSAGE][PASSED] - Object 'Object Repository/Pages/FirstPayVault/button_Create' is visible&#xD;
&#xD;
2019-10-30 11:01:31 - [MESSAGE][PASSED] - Object: 'Object Repository/Pages/FirstPayVault/button_Create' is clicked on&#xD;
&#xD;
2019-10-30 11:01:31 - [MESSAGE][INFO] - 1stPayVault.ts: Clicked on the Click on Create Button&#xD;
&#xD;
2019-10-30 11:01:31 - [MESSAGE][PASSED] - utilities.SafeActions.safeClickwithScroll is PASSED&#xD;
&#xD;
2019-10-30 11:01:31 - [TEST_STEP][NOT_RUN] - delay(2): NOT_RUN: delay(2)&#xD;
&#xD;
2019-10-30 11:01:31 - [MESSAGE][NOT_RUN] - NOT_RUN: delay(2)&#xD;
&#xD;
2019-10-30 11:01:31 - [TEST_STEP][PASSED] - popupSavedToVaultMessage = utilities.SafeActions.safeGetText(findTestObject("Pages/FirstPayVault/popup_SavedToVaultMessage"), PageLoadTime): utilities.SafeActions.safeGetText is PASSED&#xD;
&#xD;
2019-10-30 11:01:31 - [MESSAGE][PASSED] - Object 'Object Repository/Pages/FirstPayVault/popup_SavedToVaultMessage' is present&#xD;
&#xD;
2019-10-30 11:01:31 - [MESSAGE][PASSED] - Scroll to object 'Object Repository/Pages/FirstPayVault/popup_SavedToVaultMessage' successfully&#xD;
&#xD;
2019-10-30 11:01:31 - [MESSAGE][PASSED] - Object 'Object Repository/Pages/FirstPayVault/popup_SavedToVaultMessage' is present&#xD;
&#xD;
2019-10-30 11:01:32 - [MESSAGE][PASSED] - Text of object 'Object Repository/Pages/FirstPayVault/popup_SavedToVaultMessage' is: 'Successfully Saved to Vault'&#xD;
&#xD;
2019-10-30 11:01:32 - [MESSAGE][PASSED] - utilities.SafeActions.safeGetText is PASSED&#xD;
&#xD;
2019-10-30 11:01:32 - [TEST_STEP][PASSED] - flag = utilities.SafeActions.verifyPopupMessage("Successfully Saved to Vault", popupSavedToVaultMessage): Popup Message : Successfully Saved to Vault matched with expected message : Successfully Saved to Vault&#xD;
&#xD;
2019-10-30 11:01:32 - [MESSAGE][PASSED] - Popup Message : Successfully Saved to Vault matched with expected message : Successfully Saved to Vault&#xD;
&#xD;
2019-10-30 11:01:32 - [TEST_STEP][PASSED] - utilities.SafeActions.safeClickWithoutScroll(findTestObject("Pages/FirstPayVault/button_SearchVault_InPopup"), "Search Vault in Popup", [delayBetweenTestSteps]): utilities.SafeActions.safeClickWithoutScroll is PASSED&#xD;
&#xD;
2019-10-30 11:01:32 - [MESSAGE][INFO] - Safe Click Without scroll&#xD;
&#xD;
2019-10-30 11:01:32 - [MESSAGE][INFO] - 1stPayVault.ts:waiting until Search Vault in Popup is Clickable&#xD;
&#xD;
2019-10-30 11:01:32 - [MESSAGE][PASSED] - Object 'Object Repository/Pages/FirstPayVault/button_SearchVault_InPopup' is clickable&#xD;
&#xD;
2019-10-30 11:01:32 - [MESSAGE][PASSED] - Object 'Object Repository/Pages/FirstPayVault/button_SearchVault_InPopup' is visible&#xD;
&#xD;
2019-10-30 11:01:33 - [MESSAGE][PASSED] - Object: 'Object Repository/Pages/FirstPayVault/button_SearchVault_InPopup' is clicked on&#xD;
&#xD;
2019-10-30 11:01:33 - [MESSAGE][INFO] - 1stPayVault.ts: click on the Search Vault in Popup&#xD;
&#xD;
2019-10-30 11:01:33 - [MESSAGE][PASSED] - utilities.SafeActions.safeClickWithoutScroll is PASSED&#xD;
&#xD;
2019-10-30 11:01:33 - [TEST_STEP][PASSED] - scrollToElement(findTestObject("Pages/FirstPayVault/filter_FullCreditCardNumber"), delayBetweenTestSteps): Scroll to object 'Object Repository/Pages/FirstPayVault/filter_FullCreditCardNumber' successfully&#xD;
&#xD;
2019-10-30 11:01:33 - [MESSAGE][PASSED] - Scroll to object 'Object Repository/Pages/FirstPayVault/filter_FullCreditCardNumber' successfully&#xD;
&#xD;
2019-10-30 11:01:33 - [TEST_STEP][PASSED] - utilities.SafeActions.safeType(findTestObject("Pages/FirstPayVault/filter_FullCreditCardNumber"), visaCardNumber, "Enter full Credit Card Number", [delayBetweenTestSteps]): utilities.SafeActions.safeType is PASSED&#xD;
&#xD;
2019-10-30 11:01:33 - [MESSAGE][PASSED] - Object 'Object Repository/Pages/FirstPayVault/filter_FullCreditCardNumber' is present&#xD;
&#xD;
2019-10-30 11:01:33 - [MESSAGE][PASSED] - Scroll to object 'Object Repository/Pages/FirstPayVault/filter_FullCreditCardNumber' successfully&#xD;
&#xD;
2019-10-30 11:01:33 - [MESSAGE][PASSED] - Object 'Object Repository/Pages/FirstPayVault/filter_FullCreditCardNumber' is present&#xD;
&#xD;
2019-10-30 11:01:34 - [MESSAGE][PASSED] - Object: 'Object Repository/Pages/FirstPayVault/filter_FullCreditCardNumber' is clicked on&#xD;
&#xD;
2019-10-30 11:01:34 - [MESSAGE][PASSED] - Text '4111111111111111' is set on object 'Object Repository/Pages/FirstPayVault/filter_FullCreditCardNumber'&#xD;
&#xD;
2019-10-30 11:01:34 - [MESSAGE][PASSED] - utilities.SafeActions.safeType is PASSED&#xD;
&#xD;
2019-10-30 11:01:34 - [TEST_STEP][PASSED] - utilities.SafeActions.safeClickWithoutScroll(findTestObject("Pages/FirstPayVault/button_Search"), "Click On Search button", [PageLoadTime]): utilities.SafeActions.safeClickWithoutScroll is PASSED&#xD;
&#xD;
2019-10-30 11:01:34 - [MESSAGE][INFO] - Safe Click Without scroll&#xD;
&#xD;
2019-10-30 11:01:34 - [MESSAGE][INFO] - 1stPayVault.ts:waiting until Click On Search button is Clickable&#xD;
&#xD;
2019-10-30 11:01:34 - [MESSAGE][PASSED] - Object 'Object Repository/Pages/FirstPayVault/button_Search' is clickable&#xD;
&#xD;
2019-10-30 11:01:34 - [MESSAGE][PASSED] - Object 'Object Repository/Pages/FirstPayVault/button_Search' is visible&#xD;
&#xD;
2019-10-30 11:01:35 - [MESSAGE][PASSED] - Object: 'Object Repository/Pages/FirstPayVault/button_Search' is clicked on&#xD;
&#xD;
2019-10-30 11:01:35 - [MESSAGE][INFO] - 1stPayVault.ts: click on the Click On Search button&#xD;
&#xD;
2019-10-30 11:01:35 - [MESSAGE][PASSED] - utilities.SafeActions.safeClickWithoutScroll is PASSED&#xD;
&#xD;
2019-10-30 11:01:35 - [TEST_STEP][PASSED] - scrollToElement(findTestObject("Pages/Transaction_Management/invoice_ForTransaction"), PageLoadTime): Scroll to object 'Object Repository/Pages/Transaction_Management/invoice_ForTransaction' successfully&#xD;
&#xD;
2019-10-30 11:01:36 - [MESSAGE][PASSED] - Scroll to object 'Object Repository/Pages/Transaction_Management/invoice_ForTransaction' successfully&#xD;
&#xD;
2019-10-30 11:01:36 - [TEST_STEP][PASSED] - pages.FirstPayVault.verifyAllRecordsFilteredByCardNumber(findTestObject("Pages/FirstPayVault/footer_NextButton"), findTestObject("Pages/FirstPayVault/page_Number"), visaCardNumber): All filtered Records have expected card Number&#xD;
&#xD;
2019-10-30 11:01:37 - [MESSAGE][PASSED] - Text of object 'Object Repository/Pages/FirstPayVault/page_Number' is: 'Page 1 of 19'&#xD;
&#xD;
2019-10-30 11:01:38 - [MESSAGE][PASSED] - Delayed 1 second(s)&#xD;
&#xD;
2019-10-30 11:01:38 - [MESSAGE][PASSED] - Object: 'Object Repository/Pages/FirstPayVault/footer_NextButton' is clicked on&#xD;
&#xD;
2019-10-30 11:01:40 - [MESSAGE][PASSED] - Delayed 2 second(s)&#xD;
&#xD;
2019-10-30 11:01:42 - [MESSAGE][PASSED] - Delayed 1 second(s)&#xD;
&#xD;
2019-10-30 11:01:42 - [MESSAGE][PASSED] - Object: 'Object Repository/Pages/FirstPayVault/footer_NextButton' is clicked on&#xD;
&#xD;
2019-10-30 11:01:44 - [MESSAGE][PASSED] - Delayed 2 second(s)&#xD;
&#xD;
2019-10-30 11:01:45 - [MESSAGE][PASSED] - Delayed 1 second(s)&#xD;
&#xD;
2019-10-30 11:01:45 - [MESSAGE][PASSED] - Object: 'Object Repository/Pages/FirstPayVault/footer_NextButton' is clicked on&#xD;
&#xD;
2019-10-30 11:01:47 - [MESSAGE][PASSED] - Delayed 2 second(s)&#xD;
&#xD;
2019-10-30 11:01:49 - [MESSAGE][PASSED] - Delayed 1 second(s)&#xD;
&#xD;
2019-10-30 11:01:49 - [MESSAGE][PASSED] - Object: 'Object Repository/Pages/FirstPayVault/footer_NextButton' is clicked on&#xD;
&#xD;
2019-10-30 11:01:51 - [MESSAGE][PASSED] - Delayed 2 second(s)&#xD;
&#xD;
2019-10-30 11:01:52 - [MESSAGE][PASSED] - Delayed 1 second(s)&#xD;
&#xD;
2019-10-30 11:01:52 - [MESSAGE][PASSED] - Object: 'Object Repository/Pages/FirstPayVault/footer_NextButton' is clicked on&#xD;
&#xD;
2019-10-30 11:01:54 - [MESSAGE][PASSED] - Delayed 2 second(s)&#xD;
&#xD;
2019-10-30 11:01:56 - [MESSAGE][PASSED] - Delayed 1 second(s)&#xD;
&#xD;
2019-10-30 11:01:56 - [MESSAGE][PASSED] - Object: 'Object Repository/Pages/FirstPayVault/footer_NextButton' is clicked on&#xD;
&#xD;
2019-10-30 11:01:58 - [MESSAGE][PASSED] - Delayed 2 second(s)&#xD;
&#xD;
2019-10-30 11:01:59 - [MESSAGE][PASSED] - Delayed 1 second(s)&#xD;
&#xD;
2019-10-30 11:01:59 - [MESSAGE][PASSED] - Object: 'Object Repository/Pages/FirstPayVault/footer_NextButton' is clicked on&#xD;
&#xD;
2019-10-30 11:02:01 - [MESSAGE][PASSED] - Delayed 2 second(s)&#xD;
&#xD;
2019-10-30 11:02:03 - [MESSAGE][PASSED] - Delayed 1 second(s)&#xD;
&#xD;
2019-10-30 11:02:03 - [MESSAGE][PASSED] - Object: 'Object Repository/Pages/FirstPayVault/footer_NextButton' is clicked on&#xD;
&#xD;
2019-10-30 11:02:05 - [MESSAGE][PASSED] - Delayed 2 second(s)&#xD;
&#xD;
2019-10-30 11:02:06 - [MESSAGE][PASSED] - Delayed 1 second(s)&#xD;
&#xD;
2019-10-30 11:02:07 - [MESSAGE][PASSED] - Object: 'Object Repository/Pages/FirstPayVault/footer_NextButton' is clicked on&#xD;
&#xD;
2019-10-30 11:02:09 - [MESSAGE][PASSED] - Delayed 2 second(s)&#xD;
&#xD;
2019-10-30 11:02:10 - [MESSAGE][PASSED] - Delayed 1 second(s)&#xD;
&#xD;
2019-10-30 11:02:10 - [MESSAGE][PASSED] - Object: 'Object Repository/Pages/FirstPayVault/footer_NextButton' is clicked on&#xD;
&#xD;
2019-10-30 11:02:12 - [MESSAGE][PASSED] - Delayed 2 second(s)&#xD;
&#xD;
2019-10-30 11:02:14 - [MESSAGE][PASSED] - Delayed 1 second(s)&#xD;
&#xD;
2019-10-30 11:02:14 - [MESSAGE][PASSED] - Object: 'Object Repository/Pages/FirstPayVault/footer_NextButton' is clicked on&#xD;
&#xD;
2019-10-30 11:02:16 - [MESSAGE][PASSED] - Delayed 2 second(s)&#xD;
&#xD;
2019-10-30 11:02:17 - [MESSAGE][PASSED] - Delayed 1 second(s)&#xD;
&#xD;
2019-10-30 11:02:17 - [MESSAGE][PASSED] - Object: 'Object Repository/Pages/FirstPayVault/footer_NextButton' is clicked on&#xD;
&#xD;
2019-10-30 11:02:19 - [MESSAGE][PASSED] - Delayed 2 second(s)&#xD;
&#xD;
2019-10-30 11:02:21 - [MESSAGE][PASSED] - Delayed 1 second(s)&#xD;
&#xD;
2019-10-30 11:02:21 - [MESSAGE][PASSED] - Object: 'Object Repository/Pages/FirstPayVault/footer_NextButton' is clicked on&#xD;
&#xD;
2019-10-30 11:02:23 - [MESSAGE][PASSED] - Delayed 2 second(s)&#xD;
&#xD;
2019-10-30 11:02:24 - [MESSAGE][PASSED] - Delayed 1 second(s)&#xD;
&#xD;
2019-10-30 11:02:24 - [MESSAGE][PASSED] - Object: 'Object Repository/Pages/FirstPayVault/footer_NextButton' is clicked on&#xD;
&#xD;
2019-10-30 11:02:26 - [MESSAGE][PASSED] - Delayed 2 second(s)&#xD;
&#xD;
2019-10-30 11:02:29 - [MESSAGE][PASSED] - Delayed 1 second(s)&#xD;
&#xD;
2019-10-30 11:02:29 - [MESSAGE][PASSED] - Object: 'Object Repository/Pages/FirstPayVault/footer_NextButton' is clicked on&#xD;
&#xD;
2019-10-30 11:02:31 - [MESSAGE][PASSED] - Delayed 2 second(s)&#xD;
&#xD;
2019-10-30 11:02:32 - [MESSAGE][PASSED] - Delayed 1 second(s)&#xD;
&#xD;
2019-10-30 11:02:33 - [MESSAGE][PASSED] - Object: 'Object Repository/Pages/FirstPayVault/footer_NextButton' is clicked on&#xD;
&#xD;
2019-10-30 11:02:35 - [MESSAGE][PASSED] - Delayed 2 second(s)&#xD;
&#xD;
2019-10-30 11:02:36 - [MESSAGE][PASSED] - Delayed 1 second(s)&#xD;
&#xD;
2019-10-30 11:02:36 - [MESSAGE][PASSED] - Object: 'Object Repository/Pages/FirstPayVault/footer_NextButton' is clicked on&#xD;
&#xD;
2019-10-30 11:02:38 - [MESSAGE][PASSED] - Delayed 2 second(s)&#xD;
&#xD;
2019-10-30 11:02:40 - [MESSAGE][PASSED] - Delayed 1 second(s)&#xD;
&#xD;
2019-10-30 11:02:40 - [MESSAGE][PASSED] - Object: 'Object Repository/Pages/FirstPayVault/footer_NextButton' is clicked on&#xD;
&#xD;
2019-10-30 11:02:42 - [MESSAGE][PASSED] - Delayed 2 second(s)&#xD;
&#xD;
2019-10-30 11:02:43 - [MESSAGE][PASSED] - Delayed 1 second(s)&#xD;
&#xD;
2019-10-30 11:02:43 - [MESSAGE][PASSED] - Object: 'Object Repository/Pages/FirstPayVault/footer_NextButton' is clicked on&#xD;
&#xD;
2019-10-30 11:02:45 - [MESSAGE][PASSED] - Delayed 2 second(s)&#xD;
&#xD;
2019-10-30 11:02:45 - [MESSAGE][PASSED] - All filtered Records have expected card Number&#xD;
&#xD;
2019-10-30 11:02:45 - [TEST_STEP][NOT_RUN] - delay(2): NOT_RUN: delay(2)&#xD;
&#xD;
2019-10-30 11:02:45 - [MESSAGE][NOT_RUN] - NOT_RUN: delay(2)&#xD;
&#xD;
2019-10-30 11:02:45 - [TEST_STEP][PASSED] - closeBrowser(): Browser is closed&#xD;
&#xD;
2019-10-30 11:02:49 - [MESSAGE][PASSED] - Browser is closed&#xD;
&#xD;
2019-10-30 11:02:49 - [TEST_STEP][PASSED] - Start listener action : sampleAfterTestCase: null&#xD;
&#xD;
2019-10-30 11:02:49 - [TEST_STEP][PASSED] - println(testCaseContext.getTestCaseId()): null&#xD;
&#xD;
2019-10-30 11:02:49 - [TEST_STEP][PASSED] - println(testCaseContext.getTestCaseStatus()): null&#xD;
&#xD;
2019-10-30 11:02:49 - [TEST_STEP][PASSED] - testCaseName = testCaseContext.getTestCaseId(): null&#xD;
&#xD;
2019-10-30 11:02:49 - [TEST_STEP][PASSED] - strCount = testCaseName.lastIndexOf("/"): null&#xD;
&#xD;
2019-10-30 11:02:49 - [TEST_STEP][PASSED] - testCaseName = testCaseName.substring(strCount): null&#xD;
&#xD;
2019-10-30 11:02:49 - [TEST_STEP][PASSED] - println(testCaseName): null&#xD;
&#xD;
2019-10-30 11:02:49 - [TEST_STEP][PASSED] - if (getTestCaseStatus().equalsIgnoreCase("Error")): null&#xD;
&#xD;
2019-10-30 11:02:49 - [TEST_STEP][PASSED] - Start listener action : sampleAfterTestCase: null</system-out>
            <system-err></system-err>
        </testcase>
        <testcase name="Test Cases/FirstView/FirstPayVault/TC_1st_Pay_Vault_011" classname="Test Cases/FirstView/FirstPayVault/TC_1st_Pay_Vault_011" status="PASSED">
            <system-out>2019-10-30 11:02:49 - [TEST_CASE][PASSED] - Test Cases/FirstView/FirstPayVault/TC_1st_Pay_Vault_011: Test Cases/FirstView/FirstPayVault/TC_1st_Pay_Vault_011&#xD;
&#xD;
2019-10-30 11:02:50 - [TEST_STEP][PASSED] - Start listener action : sampleBeforeTestCase: null&#xD;
&#xD;
2019-10-30 11:02:50 - [TEST_STEP][PASSED] - println(testCaseContext.getTestCaseId()): null&#xD;
&#xD;
2019-10-30 11:02:50 - [TEST_STEP][PASSED] - println(testCaseContext.getTestCaseVariables()): null&#xD;
&#xD;
2019-10-30 11:02:50 - [TEST_STEP][NOT_RUN] - utilities.SafeActions.openBrowser(Old_URL, [PageLoadTime]): NOT_RUN: utilities.SafeActions.openBrowser(Old_URL, [PageLoadTime])&#xD;
&#xD;
2019-10-30 11:02:50 - [MESSAGE][NOT_RUN] - NOT_RUN: utilities.SafeActions.openBrowser(Old_URL, [PageLoadTime])&#xD;
&#xD;
2019-10-30 11:02:50 - [TEST_STEP][NOT_RUN] - delay(6): NOT_RUN: delay(6)&#xD;
&#xD;
2019-10-30 11:02:50 - [MESSAGE][NOT_RUN] - NOT_RUN: delay(6)&#xD;
&#xD;
2019-10-30 11:02:50 - [TEST_STEP][NOT_RUN] - utilities.SafeActions.safeSelectOptionInDropDownByVisibleText(findTestObject("Pages/Sale/dropDown_AccountType"), "ranjanatest2 - 888814981372/001 Account Type: Retail", "Select by Value", [25]): NOT_RUN: utilities.SafeActions.safeSelectOptionInDropDownByVisibleText(findTestObject("Pages/Sale/dropDown_AccountType"), "ranjanatest2 - 888814981372/001 Account Type: Retail", "Select by Value", [25])&#xD;
&#xD;
2019-10-30 11:02:50 - [MESSAGE][NOT_RUN] - NOT_RUN: utilities.SafeActions.safeSelectOptionInDropDownByVisibleText(findTestObject("Pages/Sale/dropDown_AccountType"), "ranjanatest2 - 888814981372/001 Account Type: Retail", "Select by Value", [25])&#xD;
&#xD;
2019-10-30 11:02:50 - [TEST_STEP][PASSED] - utilities.SafeActions.openBrowser(URL, [PageLoadTime]): utilities.SafeActions.openBrowser is PASSED&#xD;
&#xD;
2019-10-30 11:02:50 - [MESSAGE][INFO] - Opening Browser&#xD;
&#xD;
2019-10-30 11:02:50 - [MESSAGE][INFO] - Starting 'Firefox' driver&#xD;
&#xD;
2019-10-30 11:03:01 - [MESSAGE][PASSED] - Browser is opened with url: 'https://q-www-firstview-net.faps.net/MVC/Account/Login'&#xD;
&#xD;
2019-10-30 11:03:01 - [MESSAGE][PASSED] - Current window maximized&#xD;
&#xD;
2019-10-30 11:03:01 - [MESSAGE][INFO] - Browser Launched Successfully&#xD;
&#xD;
2019-10-30 11:03:01 - [MESSAGE][PASSED] - utilities.SafeActions.openBrowser is PASSED&#xD;
&#xD;
2019-10-30 11:03:01 - [TEST_STEP][PASSED] - pages.Login.login(uName, password): pages.Login.login is PASSED&#xD;
&#xD;
2019-10-30 11:03:01 - [MESSAGE][PASSED] - Object 'Object Repository/Pages/Login/userName' is present&#xD;
&#xD;
2019-10-30 11:03:01 - [MESSAGE][PASSED] - Scroll to object 'Object Repository/Pages/Login/userName' successfully&#xD;
&#xD;
2019-10-30 11:03:01 - [MESSAGE][PASSED] - Object 'Object Repository/Pages/Login/userName' is present&#xD;
&#xD;
2019-10-30 11:03:02 - [MESSAGE][PASSED] - Object: 'Object Repository/Pages/Login/userName' is clicked on&#xD;
&#xD;
2019-10-30 11:03:02 - [MESSAGE][PASSED] - Text 'ZenQRetail' is set on object 'Object Repository/Pages/Login/userName'&#xD;
&#xD;
2019-10-30 11:03:03 - [MESSAGE][PASSED] - Object 'Object Repository/Pages/Login/password' is present&#xD;
&#xD;
2019-10-30 11:03:03 - [MESSAGE][PASSED] - Scroll to object 'Object Repository/Pages/Login/password' successfully&#xD;
&#xD;
2019-10-30 11:03:03 - [MESSAGE][PASSED] - Object 'Object Repository/Pages/Login/password' is present&#xD;
&#xD;
2019-10-30 11:03:04 - [MESSAGE][PASSED] - Object: 'Object Repository/Pages/Login/password' is clicked on&#xD;
&#xD;
2019-10-30 11:03:04 - [MESSAGE][PASSED] - Text 'P@ssword1' is set on object 'Object Repository/Pages/Login/password'&#xD;
&#xD;
2019-10-30 11:03:04 - [MESSAGE][INFO] - Safe Click Without scroll&#xD;
&#xD;
2019-10-30 11:03:04 - [MESSAGE][INFO] - 1stPayVault.ts:waiting until Click on Login is Clickable&#xD;
&#xD;
2019-10-30 11:03:04 - [MESSAGE][PASSED] - Object 'Object Repository/Pages/Login/login' is clickable&#xD;
&#xD;
2019-10-30 11:03:04 - [MESSAGE][PASSED] - Object 'Object Repository/Pages/Login/login' is visible&#xD;
&#xD;
2019-10-30 11:03:06 - [MESSAGE][PASSED] - Object: 'Object Repository/Pages/Login/login' is clicked on&#xD;
&#xD;
2019-10-30 11:03:06 - [MESSAGE][INFO] - 1stPayVault.ts: click on the Click on Login&#xD;
&#xD;
2019-10-30 11:03:06 - [MESSAGE][PASSED] - pages.Login.login is PASSED&#xD;
&#xD;
2019-10-30 11:03:06 - [TEST_STEP][PASSED] - callTestCase(findTestCase("FirstView/Login/TC_SendCode"), [:], STOP_ON_FAILURE): Call Test Case 'Test Cases/FirstView/Login/TC_SendCode' successfully&#xD;
&#xD;
2019-10-30 11:03:06 - [TEST_CASE][PASSED] - Test Cases/FirstView/Login/TC_SendCode: Test Cases/FirstView/Login/TC_SendCode&#xD;
&#xD;
2019-10-30 11:03:06 - [TEST_STEP][PASSED] - flag = pages.SendCode.verifyPage(): pages.SendCode.verifyPage is PASSED&#xD;
&#xD;
2019-10-30 11:03:07 - [MESSAGE][PASSED] - Object 'Object Repository/Pages/SendCodeToValidate/header_SendCodeToValidate' is present and visible in viewport&#xD;
&#xD;
2019-10-30 11:03:07 - [MESSAGE][PASSED] - pages.SendCode.verifyPage is PASSED&#xD;
&#xD;
2019-10-30 11:03:07 - [TEST_STEP][PASSED] - if (flag): pages.SendCode.clickonUserSettings is PASSED&#xD;
&#xD;
2019-10-30 11:03:07 - [TEST_STEP][PASSED] - pages.SendCode.clickonUserSettings(): pages.SendCode.clickonUserSettings is PASSED&#xD;
&#xD;
2019-10-30 11:03:07 - [MESSAGE][PASSED] - Object 'Object Repository/Pages/SendCodeToValidate/link_UserSettings' is present&#xD;
&#xD;
2019-10-30 11:03:07 - [MESSAGE][PASSED] - Object 'Object Repository/Pages/SendCodeToValidate/link_UserSettings' is visible&#xD;
&#xD;
2019-10-30 11:03:07 - [MESSAGE][INFO] - 1stPayVault.ts:waiting until Click on User Settings is Clickable&#xD;
&#xD;
2019-10-30 11:03:07 - [MESSAGE][PASSED] - Object 'Object Repository/Pages/SendCodeToValidate/link_UserSettings' is clickable&#xD;
&#xD;
2019-10-30 11:03:07 - [MESSAGE][PASSED] - Object 'Object Repository/Pages/SendCodeToValidate/link_UserSettings' is visible&#xD;
&#xD;
2019-10-30 11:03:09 - [MESSAGE][PASSED] - Object: 'Object Repository/Pages/SendCodeToValidate/link_UserSettings' is clicked on&#xD;
&#xD;
2019-10-30 11:03:09 - [MESSAGE][INFO] - 1stPayVault.ts: Clicked on the Click on User Settings&#xD;
&#xD;
2019-10-30 11:03:09 - [MESSAGE][PASSED] - pages.SendCode.clickonUserSettings is PASSED&#xD;
&#xD;
2019-10-30 11:03:09 - [MESSAGE][PASSED] - Call Test Case 'Test Cases/FirstView/Login/TC_SendCode' successfully&#xD;
&#xD;
2019-10-30 11:03:09 - [TEST_STEP][PASSED] - callTestCase(findTestCase("FirstView/Login/TC_FirstView"), [:], STOP_ON_FAILURE): Call Test Case 'Test Cases/FirstView/Login/TC_FirstView' successfully&#xD;
&#xD;
2019-10-30 11:03:09 - [TEST_CASE][PASSED] - Test Cases/FirstView/Login/TC_FirstView: Test Cases/FirstView/Login/TC_FirstView&#xD;
&#xD;
2019-10-30 11:03:09 - [TEST_STEP][NOT_RUN] - utilities.SafeActions.safeClickWithoutScroll(findTestObject("Pages/FirstView/link_Home"), "Click on Home button in First View screen", [PageLoadTime]): NOT_RUN: utilities.SafeActions.safeClickWithoutScroll(findTestObject("Pages/FirstView/link_Home"), "Click on Home button in First View screen", [PageLoadTime])&#xD;
&#xD;
2019-10-30 11:03:09 - [MESSAGE][NOT_RUN] - NOT_RUN: utilities.SafeActions.safeClickWithoutScroll(findTestObject("Pages/FirstView/link_Home"), "Click on Home button in First View screen", [PageLoadTime])&#xD;
&#xD;
2019-10-30 11:03:09 - [TEST_STEP][PASSED] - delay(3): Delayed 3 second(s)&#xD;
&#xD;
2019-10-30 11:03:12 - [MESSAGE][PASSED] - Delayed 3 second(s)&#xD;
&#xD;
2019-10-30 11:03:12 - [TEST_STEP][PASSED] - utilities.SafeActions.javascriptclick(findTestObject("Pages/FirstView/link_Home"), delayForElement): utilities.SafeActions.javascriptclick is PASSED&#xD;
&#xD;
2019-10-30 11:03:12 - [MESSAGE][PASSED] - utilities.SafeActions.javascriptclick is PASSED&#xD;
&#xD;
2019-10-30 11:03:12 - [TEST_STEP][PASSED] - utilities.SafeActions.safeClickWithoutScroll(findTestObject("Pages/FirstView/link_VPOS"), "Click on VPOS button in First View screen", [PageLoadTime]): utilities.SafeActions.safeClickWithoutScroll is PASSED&#xD;
&#xD;
2019-10-30 11:03:12 - [MESSAGE][INFO] - Safe Click Without scroll&#xD;
&#xD;
2019-10-30 11:03:12 - [MESSAGE][INFO] - 1stPayVault.ts:waiting until Click on VPOS button in First View screen is Clickable&#xD;
&#xD;
2019-10-30 11:03:14 - [MESSAGE][PASSED] - Object 'Object Repository/Pages/FirstView/link_VPOS' is clickable&#xD;
&#xD;
2019-10-30 11:03:14 - [MESSAGE][PASSED] - Object 'Object Repository/Pages/FirstView/link_VPOS' is visible&#xD;
&#xD;
2019-10-30 11:03:15 - [MESSAGE][PASSED] - Object: 'Object Repository/Pages/FirstView/link_VPOS' is clicked on&#xD;
&#xD;
2019-10-30 11:03:15 - [MESSAGE][INFO] - 1stPayVault.ts: click on the Click on VPOS button in First View screen&#xD;
&#xD;
2019-10-30 11:03:15 - [MESSAGE][PASSED] - utilities.SafeActions.safeClickWithoutScroll is PASSED&#xD;
&#xD;
2019-10-30 11:03:15 - [MESSAGE][PASSED] - Call Test Case 'Test Cases/FirstView/Login/TC_FirstView' successfully&#xD;
&#xD;
2019-10-30 11:03:15 - [TEST_STEP][PASSED] - switchToWindowTitle("Transcenter - VPOS"): Switched to window with title: 'Transcenter - VPOS'&#xD;
&#xD;
2019-10-30 11:03:19 - [MESSAGE][PASSED] - Switched to window with title: 'Transcenter - VPOS'&#xD;
&#xD;
2019-10-30 11:03:19 - [TEST_STEP][PASSED] - focus(findTestObject("Pages/FirstPayVault/tab_FirstPayVault")): Object: 'Object Repository/Pages/FirstPayVault/tab_FirstPayVault' is focused&#xD;
&#xD;
2019-10-30 11:03:23 - [MESSAGE][PASSED] - Object: 'Object Repository/Pages/FirstPayVault/tab_FirstPayVault' is focused&#xD;
&#xD;
2019-10-30 11:03:23 - [TEST_STEP][PASSED] - utilities.SafeActions.javascriptclick(findTestObject("Pages/FirstPayVault/tab_FirstPayVault"), PageLoadTime): utilities.SafeActions.javascriptclick is PASSED&#xD;
&#xD;
2019-10-30 11:03:23 - [MESSAGE][PASSED] - utilities.SafeActions.javascriptclick is PASSED&#xD;
&#xD;
2019-10-30 11:03:23 - [TEST_STEP][PASSED] - delay(delayForElement): Delayed 6 second(s)&#xD;
&#xD;
2019-10-30 11:03:29 - [MESSAGE][PASSED] - Delayed 6 second(s)&#xD;
&#xD;
2019-10-30 11:03:29 - [TEST_STEP][PASSED] - utilities.SafeActions.safeClickWithoutScroll(findTestObject("Pages/FirstPayVault/tab_FirstPayVault"), "Click on FistPayVault tab", [delayForElement]): utilities.SafeActions.safeClickWithoutScroll is PASSED&#xD;
&#xD;
2019-10-30 11:03:29 - [MESSAGE][INFO] - Safe Click Without scroll&#xD;
&#xD;
2019-10-30 11:03:29 - [MESSAGE][INFO] - 1stPayVault.ts:waiting until Click on FistPayVault tab is Clickable&#xD;
&#xD;
2019-10-30 11:03:29 - [MESSAGE][PASSED] - Object 'Object Repository/Pages/FirstPayVault/tab_FirstPayVault' is clickable&#xD;
&#xD;
2019-10-30 11:03:29 - [MESSAGE][PASSED] - Object 'Object Repository/Pages/FirstPayVault/tab_FirstPayVault' is visible&#xD;
&#xD;
2019-10-30 11:03:30 - [MESSAGE][PASSED] - Object: 'Object Repository/Pages/FirstPayVault/tab_FirstPayVault' is clicked on&#xD;
&#xD;
2019-10-30 11:03:30 - [MESSAGE][INFO] - 1stPayVault.ts: click on the Click on FistPayVault tab&#xD;
&#xD;
2019-10-30 11:03:30 - [MESSAGE][PASSED] - utilities.SafeActions.safeClickWithoutScroll is PASSED&#xD;
&#xD;
2019-10-30 11:03:30 - [TEST_STEP][PASSED] - utilities.SafeActions.safeClickWithoutScroll(findTestObject("Pages/FirstPayVault/button_CreateVault"), "Click on CreateVault button", [PageLoadTime]): utilities.SafeActions.safeClickWithoutScroll is PASSED&#xD;
&#xD;
2019-10-30 11:03:30 - [MESSAGE][INFO] - Safe Click Without scroll&#xD;
&#xD;
2019-10-30 11:03:30 - [MESSAGE][INFO] - 1stPayVault.ts:waiting until Click on CreateVault button is Clickable&#xD;
&#xD;
2019-10-30 11:03:30 - [MESSAGE][PASSED] - Object 'Object Repository/Pages/FirstPayVault/button_CreateVault' is clickable&#xD;
&#xD;
2019-10-30 11:03:30 - [MESSAGE][PASSED] - Object 'Object Repository/Pages/FirstPayVault/button_CreateVault' is visible&#xD;
&#xD;
2019-10-30 11:03:31 - [MESSAGE][PASSED] - Object: 'Object Repository/Pages/FirstPayVault/button_CreateVault' is clicked on&#xD;
&#xD;
2019-10-30 11:03:31 - [MESSAGE][INFO] - 1stPayVault.ts: click on the Click on CreateVault button&#xD;
&#xD;
2019-10-30 11:03:31 - [MESSAGE][PASSED] - utilities.SafeActions.safeClickWithoutScroll is PASSED&#xD;
&#xD;
2019-10-30 11:03:31 - [TEST_STEP][PASSED] - scrollToElement(findTestObject("Pages/FirstPayVault/input_VaultReferenceNumber"), 5): Scroll to object 'Object Repository/Pages/FirstPayVault/input_VaultReferenceNumber' successfully&#xD;
&#xD;
2019-10-30 11:03:32 - [MESSAGE][PASSED] - Scroll to object 'Object Repository/Pages/FirstPayVault/input_VaultReferenceNumber' successfully&#xD;
&#xD;
2019-10-30 11:03:32 - [TEST_STEP][PASSED] - vaultReference = utilities.SafeActions.timeWithMilliSeconds(): utilities.SafeActions.timeWithMilliSeconds is PASSED&#xD;
&#xD;
2019-10-30 11:03:32 - [MESSAGE][PASSED] - utilities.SafeActions.timeWithMilliSeconds is PASSED&#xD;
&#xD;
2019-10-30 11:03:32 - [TEST_STEP][PASSED] - utilities.SafeActions.safeType(findTestObject("Pages/FirstPayVault/input_VaultReferenceNumber"), vaultReference, "Entering Vault Reference Number", [PageLoadTime]): utilities.SafeActions.safeType is PASSED&#xD;
&#xD;
2019-10-30 11:03:32 - [MESSAGE][PASSED] - Object 'Object Repository/Pages/FirstPayVault/input_VaultReferenceNumber' is present&#xD;
&#xD;
2019-10-30 11:03:32 - [MESSAGE][PASSED] - Scroll to object 'Object Repository/Pages/FirstPayVault/input_VaultReferenceNumber' successfully&#xD;
&#xD;
2019-10-30 11:03:32 - [MESSAGE][PASSED] - Object 'Object Repository/Pages/FirstPayVault/input_VaultReferenceNumber' is present&#xD;
&#xD;
2019-10-30 11:03:32 - [MESSAGE][PASSED] - Object: 'Object Repository/Pages/FirstPayVault/input_VaultReferenceNumber' is clicked on&#xD;
&#xD;
2019-10-30 11:03:33 - [MESSAGE][PASSED] - Text '2019-10-30 11:03:32.041' is set on object 'Object Repository/Pages/FirstPayVault/input_VaultReferenceNumber'&#xD;
&#xD;
2019-10-30 11:03:33 - [MESSAGE][PASSED] - utilities.SafeActions.safeType is PASSED&#xD;
&#xD;
2019-10-30 11:03:33 - [TEST_STEP][PASSED] - utilities.SafeActions.safeType(findTestObject("Pages/FirstPayVault/input_CreditCardNumber"), visaCardNumber, "Entering Card Number", [PageLoadTime]): utilities.SafeActions.safeType is PASSED&#xD;
&#xD;
2019-10-30 11:03:33 - [MESSAGE][PASSED] - Object 'Object Repository/Pages/FirstPayVault/input_CreditCardNumber' is present&#xD;
&#xD;
2019-10-30 11:03:33 - [MESSAGE][PASSED] - Scroll to object 'Object Repository/Pages/FirstPayVault/input_CreditCardNumber' successfully&#xD;
&#xD;
2019-10-30 11:03:33 - [MESSAGE][PASSED] - Object 'Object Repository/Pages/FirstPayVault/input_CreditCardNumber' is present&#xD;
&#xD;
2019-10-30 11:03:34 - [MESSAGE][PASSED] - Object: 'Object Repository/Pages/FirstPayVault/input_CreditCardNumber' is clicked on&#xD;
&#xD;
2019-10-30 11:03:34 - [MESSAGE][PASSED] - Text '4111111111111111' is set on object 'Object Repository/Pages/FirstPayVault/input_CreditCardNumber'&#xD;
&#xD;
2019-10-30 11:03:34 - [MESSAGE][PASSED] - utilities.SafeActions.safeType is PASSED&#xD;
&#xD;
2019-10-30 11:03:34 - [TEST_STEP][NOT_RUN] - delay(4): NOT_RUN: delay(4)&#xD;
&#xD;
2019-10-30 11:03:34 - [MESSAGE][NOT_RUN] - NOT_RUN: delay(4)&#xD;
&#xD;
2019-10-30 11:03:34 - [TEST_STEP][PASSED] - utilities.SafeActions.safeSelectOptionInDropDownByVisibleText(findTestObject("Pages/FirstPayVault/dropDown_ExpirationMonth"), cardMonth, "Expiration Month", [PageLoadTime]): utilities.SafeActions.safeSelectOptionInDropDownByVisibleText is PASSED&#xD;
&#xD;
2019-10-30 11:03:34 - [MESSAGE][PASSED] - Object 'Object Repository/Pages/FirstPayVault/dropDown_ExpirationMonth' is visible&#xD;
&#xD;
2019-10-30 11:03:34 - [MESSAGE][PASSED] - Object 'Object Repository/Pages/FirstPayVault/dropDown_ExpirationMonth' is present&#xD;
&#xD;
2019-10-30 11:03:35 - [MESSAGE][PASSED] - Object: 'Object Repository/Pages/FirstPayVault/dropDown_ExpirationMonth' is clicked on&#xD;
&#xD;
2019-10-30 11:03:35 - [MESSAGE][PASSED] - All options with label 'September' are selected in object 'Object Repository/Pages/FirstPayVault/dropDown_ExpirationMonth' &#xD;
&#xD;
2019-10-30 11:03:35 - [MESSAGE][PASSED] - utilities.SafeActions.safeSelectOptionInDropDownByVisibleText is PASSED&#xD;
&#xD;
2019-10-30 11:03:35 - [TEST_STEP][PASSED] - utilities.SafeActions.safeSelectOptionInDropDownByVisibleText(findTestObject("Pages/FirstPayVault/dropDown_ExpirationYear"), cardYear, "year", [PageLoadTime]): utilities.SafeActions.safeSelectOptionInDropDownByVisibleText is PASSED&#xD;
&#xD;
2019-10-30 11:03:36 - [MESSAGE][PASSED] - Object 'Object Repository/Pages/FirstPayVault/dropDown_ExpirationYear' is visible&#xD;
&#xD;
2019-10-30 11:03:36 - [MESSAGE][PASSED] - Object 'Object Repository/Pages/FirstPayVault/dropDown_ExpirationYear' is present&#xD;
&#xD;
2019-10-30 11:03:36 - [MESSAGE][PASSED] - Object: 'Object Repository/Pages/FirstPayVault/dropDown_ExpirationYear' is clicked on&#xD;
&#xD;
2019-10-30 11:03:37 - [MESSAGE][PASSED] - All options with label '2032' are selected in object 'Object Repository/Pages/FirstPayVault/dropDown_ExpirationYear' &#xD;
&#xD;
2019-10-30 11:03:37 - [MESSAGE][PASSED] - utilities.SafeActions.safeSelectOptionInDropDownByVisibleText is PASSED&#xD;
&#xD;
2019-10-30 11:03:37 - [TEST_STEP][NOT_RUN] - delay(2): NOT_RUN: delay(2)&#xD;
&#xD;
2019-10-30 11:03:37 - [MESSAGE][NOT_RUN] - NOT_RUN: delay(2)&#xD;
&#xD;
2019-10-30 11:03:37 - [TEST_STEP][PASSED] - utilities.SafeActions.safeType(findTestObject("Pages/FirstPayVault/input_ContactName"), customerName, "Enter Contact Name", [PageLoadTime]): utilities.SafeActions.safeType is PASSED&#xD;
&#xD;
2019-10-30 11:03:37 - [MESSAGE][PASSED] - Object 'Object Repository/Pages/FirstPayVault/input_ContactName' is present&#xD;
&#xD;
2019-10-30 11:03:37 - [MESSAGE][PASSED] - Scroll to object 'Object Repository/Pages/FirstPayVault/input_ContactName' successfully&#xD;
&#xD;
2019-10-30 11:03:37 - [MESSAGE][PASSED] - Object 'Object Repository/Pages/FirstPayVault/input_ContactName' is present&#xD;
&#xD;
2019-10-30 11:03:38 - [MESSAGE][PASSED] - Object: 'Object Repository/Pages/FirstPayVault/input_ContactName' is clicked on&#xD;
&#xD;
2019-10-30 11:03:38 - [MESSAGE][PASSED] - Text 'Venkata Sai' is set on object 'Object Repository/Pages/FirstPayVault/input_ContactName'&#xD;
&#xD;
2019-10-30 11:03:38 - [MESSAGE][PASSED] - utilities.SafeActions.safeType is PASSED&#xD;
&#xD;
2019-10-30 11:03:38 - [TEST_STEP][PASSED] - utilities.SafeActions.safeType(findTestObject("Pages/FirstPayVault/input_PostalCode"), postalCode, "Enter Postal Code", [PageLoadTime]): utilities.SafeActions.safeType is PASSED&#xD;
&#xD;
2019-10-30 11:03:38 - [MESSAGE][PASSED] - Object 'Object Repository/Pages/FirstPayVault/input_PostalCode' is present&#xD;
&#xD;
2019-10-30 11:03:38 - [MESSAGE][PASSED] - Scroll to object 'Object Repository/Pages/FirstPayVault/input_PostalCode' successfully&#xD;
&#xD;
2019-10-30 11:03:38 - [MESSAGE][PASSED] - Object 'Object Repository/Pages/FirstPayVault/input_PostalCode' is present&#xD;
&#xD;
2019-10-30 11:03:38 - [MESSAGE][PASSED] - Object: 'Object Repository/Pages/FirstPayVault/input_PostalCode' is clicked on&#xD;
&#xD;
2019-10-30 11:03:39 - [MESSAGE][PASSED] - Text '76102' is set on object 'Object Repository/Pages/FirstPayVault/input_PostalCode'&#xD;
&#xD;
2019-10-30 11:03:39 - [MESSAGE][PASSED] - utilities.SafeActions.safeType is PASSED&#xD;
&#xD;
2019-10-30 11:03:39 - [TEST_STEP][PASSED] - utilities.SafeActions.safeType(findTestObject("Pages/FirstPayVault/input_Address"), address, "Enter ddress", [PageLoadTime]): utilities.SafeActions.safeType is PASSED&#xD;
&#xD;
2019-10-30 11:03:39 - [MESSAGE][PASSED] - Object 'Object Repository/Pages/FirstPayVault/input_Address' is present&#xD;
&#xD;
2019-10-30 11:03:39 - [MESSAGE][PASSED] - Scroll to object 'Object Repository/Pages/FirstPayVault/input_Address' successfully&#xD;
&#xD;
2019-10-30 11:03:39 - [MESSAGE][PASSED] - Object 'Object Repository/Pages/FirstPayVault/input_Address' is present&#xD;
&#xD;
2019-10-30 11:03:39 - [MESSAGE][PASSED] - Object: 'Object Repository/Pages/FirstPayVault/input_Address' is clicked on&#xD;
&#xD;
2019-10-30 11:03:40 - [MESSAGE][PASSED] - Text 'Street123' is set on object 'Object Repository/Pages/FirstPayVault/input_Address'&#xD;
&#xD;
2019-10-30 11:03:40 - [MESSAGE][PASSED] - utilities.SafeActions.safeType is PASSED&#xD;
&#xD;
2019-10-30 11:03:40 - [TEST_STEP][PASSED] - utilities.SafeActions.safeCheckForElement(findTestObject("Pages/FirstPayVault/chekBox_AddShippingInformation"), PageLoadTime): utilities.SafeActions.safeCheckForElement is PASSED&#xD;
&#xD;
2019-10-30 11:03:40 - [MESSAGE][PASSED] - Object 'Object Repository/Pages/FirstPayVault/chekBox_AddShippingInformation' is present&#xD;
&#xD;
2019-10-30 11:03:40 - [MESSAGE][PASSED] - Object 'Object Repository/Pages/FirstPayVault/chekBox_AddShippingInformation' is visible&#xD;
&#xD;
2019-10-30 11:03:40 - [MESSAGE][PASSED] - Object 'Object Repository/Pages/FirstPayVault/chekBox_AddShippingInformation' is present&#xD;
&#xD;
2019-10-30 11:03:40 - [MESSAGE][PASSED] - Object 'Object Repository/Pages/FirstPayVault/chekBox_AddShippingInformation' is checked&#xD;
&#xD;
2019-10-30 11:03:40 - [MESSAGE][PASSED] - utilities.SafeActions.safeCheckForElement is PASSED&#xD;
&#xD;
2019-10-30 11:03:40 - [TEST_STEP][PASSED] - utilities.SafeActions.safeType(findTestObject("Pages/FirstPayVault/input_ShippingMethod"), shippingMethod, "Enter Shipping Method", [PageLoadTime]): utilities.SafeActions.safeType is PASSED&#xD;
&#xD;
2019-10-30 11:03:41 - [MESSAGE][PASSED] - Object 'Object Repository/Pages/FirstPayVault/input_ShippingMethod' is present&#xD;
&#xD;
2019-10-30 11:03:41 - [MESSAGE][PASSED] - Scroll to object 'Object Repository/Pages/FirstPayVault/input_ShippingMethod' successfully&#xD;
&#xD;
2019-10-30 11:03:41 - [MESSAGE][PASSED] - Object 'Object Repository/Pages/FirstPayVault/input_ShippingMethod' is present&#xD;
&#xD;
2019-10-30 11:03:41 - [MESSAGE][PASSED] - Object: 'Object Repository/Pages/FirstPayVault/input_ShippingMethod' is clicked on&#xD;
&#xD;
2019-10-30 11:03:41 - [MESSAGE][PASSED] - Text 'DTDC' is set on object 'Object Repository/Pages/FirstPayVault/input_ShippingMethod'&#xD;
&#xD;
2019-10-30 11:03:41 - [MESSAGE][PASSED] - utilities.SafeActions.safeType is PASSED&#xD;
&#xD;
2019-10-30 11:03:41 - [TEST_STEP][PASSED] - utilities.SafeActions.safeCheckForElement(findTestObject("Pages/FirstPayVault/checkbox_SameAsBillingInformation"), PageLoadTime): utilities.SafeActions.safeCheckForElement is PASSED&#xD;
&#xD;
2019-10-30 11:03:41 - [MESSAGE][PASSED] - Object 'Object Repository/Pages/FirstPayVault/checkbox_SameAsBillingInformation' is present&#xD;
&#xD;
2019-10-30 11:03:42 - [MESSAGE][PASSED] - Object 'Object Repository/Pages/FirstPayVault/checkbox_SameAsBillingInformation' is visible&#xD;
&#xD;
2019-10-30 11:03:42 - [MESSAGE][PASSED] - Object 'Object Repository/Pages/FirstPayVault/checkbox_SameAsBillingInformation' is present&#xD;
&#xD;
2019-10-30 11:03:42 - [MESSAGE][PASSED] - Object 'Object Repository/Pages/FirstPayVault/checkbox_SameAsBillingInformation' is checked&#xD;
&#xD;
2019-10-30 11:03:42 - [MESSAGE][PASSED] - utilities.SafeActions.safeCheckForElement is PASSED&#xD;
&#xD;
2019-10-30 11:03:42 - [TEST_STEP][PASSED] - utilities.SafeActions.safeClickwithScroll(findTestObject("Pages/FirstPayVault/button_Create"), "Click on Create Button", [PageLoadTime]): utilities.SafeActions.safeClickwithScroll is PASSED&#xD;
&#xD;
2019-10-30 11:03:42 - [MESSAGE][PASSED] - Object 'Object Repository/Pages/FirstPayVault/button_Create' is present&#xD;
&#xD;
2019-10-30 11:03:42 - [MESSAGE][PASSED] - Object 'Object Repository/Pages/FirstPayVault/button_Create' is visible&#xD;
&#xD;
2019-10-30 11:03:42 - [MESSAGE][INFO] - 1stPayVault.ts:waiting until Click on Create Button is Clickable&#xD;
&#xD;
2019-10-30 11:03:43 - [MESSAGE][PASSED] - Object 'Object Repository/Pages/FirstPayVault/button_Create' is clickable&#xD;
&#xD;
2019-10-30 11:03:43 - [MESSAGE][PASSED] - Object 'Object Repository/Pages/FirstPayVault/button_Create' is visible&#xD;
&#xD;
2019-10-30 11:03:43 - [MESSAGE][PASSED] - Object: 'Object Repository/Pages/FirstPayVault/button_Create' is clicked on&#xD;
&#xD;
2019-10-30 11:03:43 - [MESSAGE][INFO] - 1stPayVault.ts: Clicked on the Click on Create Button&#xD;
&#xD;
2019-10-30 11:03:43 - [MESSAGE][PASSED] - utilities.SafeActions.safeClickwithScroll is PASSED&#xD;
&#xD;
2019-10-30 11:03:43 - [TEST_STEP][NOT_RUN] - delay(2): NOT_RUN: delay(2)&#xD;
&#xD;
2019-10-30 11:03:43 - [MESSAGE][NOT_RUN] - NOT_RUN: delay(2)&#xD;
&#xD;
2019-10-30 11:03:43 - [TEST_STEP][PASSED] - popupSavedToVaultMessage = utilities.SafeActions.safeGetText(findTestObject("Pages/FirstPayVault/popup_SavedToVaultMessage"), PageLoadTime): utilities.SafeActions.safeGetText is PASSED&#xD;
&#xD;
2019-10-30 11:03:44 - [MESSAGE][PASSED] - Object 'Object Repository/Pages/FirstPayVault/popup_SavedToVaultMessage' is present&#xD;
&#xD;
2019-10-30 11:03:44 - [MESSAGE][PASSED] - Scroll to object 'Object Repository/Pages/FirstPayVault/popup_SavedToVaultMessage' successfully&#xD;
&#xD;
2019-10-30 11:03:44 - [MESSAGE][PASSED] - Object 'Object Repository/Pages/FirstPayVault/popup_SavedToVaultMessage' is present&#xD;
&#xD;
2019-10-30 11:03:44 - [MESSAGE][PASSED] - Text of object 'Object Repository/Pages/FirstPayVault/popup_SavedToVaultMessage' is: 'Successfully Saved to Vault'&#xD;
&#xD;
2019-10-30 11:03:44 - [MESSAGE][PASSED] - utilities.SafeActions.safeGetText is PASSED&#xD;
&#xD;
2019-10-30 11:03:44 - [TEST_STEP][PASSED] - flag = utilities.SafeActions.verifyPopupMessage("Successfully Saved to Vault", popupSavedToVaultMessage): Popup Message : Successfully Saved to Vault matched with expected message : Successfully Saved to Vault&#xD;
&#xD;
2019-10-30 11:03:44 - [MESSAGE][PASSED] - Popup Message : Successfully Saved to Vault matched with expected message : Successfully Saved to Vault&#xD;
&#xD;
2019-10-30 11:03:44 - [TEST_STEP][PASSED] - utilities.SafeActions.safeClickWithoutScroll(findTestObject("Pages/FirstPayVault/button_SearchVault_InPopup"), "Search Vault in Popup", [delayBetweenTestSteps]): utilities.SafeActions.safeClickWithoutScroll is PASSED&#xD;
&#xD;
2019-10-30 11:03:44 - [MESSAGE][INFO] - Safe Click Without scroll&#xD;
&#xD;
2019-10-30 11:03:44 - [MESSAGE][INFO] - 1stPayVault.ts:waiting until Search Vault in Popup is Clickable&#xD;
&#xD;
2019-10-30 11:03:44 - [MESSAGE][PASSED] - Object 'Object Repository/Pages/FirstPayVault/button_SearchVault_InPopup' is clickable&#xD;
&#xD;
2019-10-30 11:03:44 - [MESSAGE][PASSED] - Object 'Object Repository/Pages/FirstPayVault/button_SearchVault_InPopup' is visible&#xD;
&#xD;
2019-10-30 11:03:45 - [MESSAGE][PASSED] - Object: 'Object Repository/Pages/FirstPayVault/button_SearchVault_InPopup' is clicked on&#xD;
&#xD;
2019-10-30 11:03:45 - [MESSAGE][INFO] - 1stPayVault.ts: click on the Search Vault in Popup&#xD;
&#xD;
2019-10-30 11:03:45 - [MESSAGE][PASSED] - utilities.SafeActions.safeClickWithoutScroll is PASSED&#xD;
&#xD;
2019-10-30 11:03:45 - [TEST_STEP][PASSED] - scrollToElement(findTestObject("Pages/FirstPayVault/filter_SearchPayVaultByVaultReferenceNumber"), delayBetweenTestSteps): Scroll to object 'Object Repository/Pages/FirstPayVault/filter_SearchPayVaultByVaultReferenceNumber' successfully&#xD;
&#xD;
2019-10-30 11:03:45 - [MESSAGE][PASSED] - Scroll to object 'Object Repository/Pages/FirstPayVault/filter_SearchPayVaultByVaultReferenceNumber' successfully&#xD;
&#xD;
2019-10-30 11:03:45 - [TEST_STEP][PASSED] - utilities.SafeActions.safeType(findTestObject("Pages/FirstPayVault/filter_SearchPayVaultByVaultReferenceNumber"), vaultReference, "Enter Vault Reference Number", [delayBetweenTestSteps]): utilities.SafeActions.safeType is PASSED&#xD;
&#xD;
2019-10-30 11:03:46 - [MESSAGE][PASSED] - Object 'Object Repository/Pages/FirstPayVault/filter_SearchPayVaultByVaultReferenceNumber' is present&#xD;
&#xD;
2019-10-30 11:03:46 - [MESSAGE][PASSED] - Scroll to object 'Object Repository/Pages/FirstPayVault/filter_SearchPayVaultByVaultReferenceNumber' successfully&#xD;
&#xD;
2019-10-30 11:03:46 - [MESSAGE][PASSED] - Object 'Object Repository/Pages/FirstPayVault/filter_SearchPayVaultByVaultReferenceNumber' is present&#xD;
&#xD;
2019-10-30 11:03:46 - [MESSAGE][PASSED] - Object: 'Object Repository/Pages/FirstPayVault/filter_SearchPayVaultByVaultReferenceNumber' is clicked on&#xD;
&#xD;
2019-10-30 11:03:47 - [MESSAGE][PASSED] - Text '2019-10-30 11:03:32.041' is set on object 'Object Repository/Pages/FirstPayVault/filter_SearchPayVaultByVaultReferenceNumber'&#xD;
&#xD;
2019-10-30 11:03:47 - [MESSAGE][PASSED] - utilities.SafeActions.safeType is PASSED&#xD;
&#xD;
2019-10-30 11:03:47 - [TEST_STEP][PASSED] - utilities.SafeActions.safeClickWithoutScroll(findTestObject("Pages/FirstPayVault/button_Search"), "Click On Search button", [PageLoadTime]): utilities.SafeActions.safeClickWithoutScroll is PASSED&#xD;
&#xD;
2019-10-30 11:03:47 - [MESSAGE][INFO] - Safe Click Without scroll&#xD;
&#xD;
2019-10-30 11:03:47 - [MESSAGE][INFO] - 1stPayVault.ts:waiting until Click On Search button is Clickable&#xD;
&#xD;
2019-10-30 11:03:47 - [MESSAGE][PASSED] - Object 'Object Repository/Pages/FirstPayVault/button_Search' is clickable&#xD;
&#xD;
2019-10-30 11:03:47 - [MESSAGE][PASSED] - Object 'Object Repository/Pages/FirstPayVault/button_Search' is visible&#xD;
&#xD;
2019-10-30 11:03:48 - [MESSAGE][PASSED] - Object: 'Object Repository/Pages/FirstPayVault/button_Search' is clicked on&#xD;
&#xD;
2019-10-30 11:03:48 - [MESSAGE][INFO] - 1stPayVault.ts: click on the Click On Search button&#xD;
&#xD;
2019-10-30 11:03:48 - [MESSAGE][PASSED] - utilities.SafeActions.safeClickWithoutScroll is PASSED&#xD;
&#xD;
2019-10-30 11:03:48 - [TEST_STEP][PASSED] - scrollToElement(findTestObject("Pages/Transaction_Management/invoice_ForTransaction"), PageLoadTime): Scroll to object 'Object Repository/Pages/Transaction_Management/invoice_ForTransaction' successfully&#xD;
&#xD;
2019-10-30 11:03:48 - [MESSAGE][PASSED] - Scroll to object 'Object Repository/Pages/Transaction_Management/invoice_ForTransaction' successfully&#xD;
&#xD;
2019-10-30 11:03:48 - [TEST_STEP][PASSED] - pages.FirstPayVault.verifyInvoiceRecord(findTestObject("Pages/FirstPayVault/footer_NextButton"), findTestObject("Pages/FirstPayVault/page_Number"), vaultReference): The Vault is found in page 1&#xD;
&#xD;
2019-10-30 11:03:48 - [MESSAGE][PASSED] - Text of object 'Object Repository/Pages/FirstPayVault/page_Number' is: 'Page 1 of 1'&#xD;
&#xD;
2019-10-30 11:03:48 - [MESSAGE][PASSED] - The Vault is found in page 1&#xD;
&#xD;
2019-10-30 11:03:49 - [TEST_STEP][NOT_RUN] - delay(2): NOT_RUN: delay(2)&#xD;
&#xD;
2019-10-30 11:03:49 - [MESSAGE][NOT_RUN] - NOT_RUN: delay(2)&#xD;
&#xD;
2019-10-30 11:03:49 - [TEST_STEP][PASSED] - closeBrowser(): Browser is closed&#xD;
&#xD;
2019-10-30 11:03:52 - [MESSAGE][PASSED] - Browser is closed&#xD;
&#xD;
2019-10-30 11:03:52 - [TEST_STEP][PASSED] - Start listener action : sampleAfterTestCase: null&#xD;
&#xD;
2019-10-30 11:03:52 - [TEST_STEP][PASSED] - println(testCaseContext.getTestCaseId()): null&#xD;
&#xD;
2019-10-30 11:03:52 - [TEST_STEP][PASSED] - println(testCaseContext.getTestCaseStatus()): null&#xD;
&#xD;
2019-10-30 11:03:52 - [TEST_STEP][PASSED] - testCaseName = testCaseContext.getTestCaseId(): null&#xD;
&#xD;
2019-10-30 11:03:52 - [TEST_STEP][PASSED] - strCount = testCaseName.lastIndexOf("/"): null&#xD;
&#xD;
2019-10-30 11:03:52 - [TEST_STEP][PASSED] - testCaseName = testCaseName.substring(strCount): null&#xD;
&#xD;
2019-10-30 11:03:52 - [TEST_STEP][PASSED] - println(testCaseName): null&#xD;
&#xD;
2019-10-30 11:03:52 - [TEST_STEP][PASSED] - if (getTestCaseStatus().equalsIgnoreCase("Error")): null&#xD;
&#xD;
2019-10-30 11:03:52 - [TEST_STEP][PASSED] - Start listener action : sampleAfterTestCase: null</system-out>
            <system-err></system-err>
        </testcase>
        <system-out>2019-10-30 10:51:50 - [TEST_SUITE][INCOMPLETE] - 1stPayVault: null</system-out>
        <system-err>2019-10-30 10:51:50 - [TEST_SUITE][INCOMPLETE] - 1stPayVault: null</system-err>
    </testsuite>
</testsuites>
