<?xml version="1.0" encoding="UTF-8" standalone="yes"?>
<testsuites name="1stPayVault_TestSuite" time="1043" tests="11" failures="0" errors="0">
    <testsuite name="1stPayVault_TestSuite" tests="11" failures="0" errors="0" time="1043" timestamp="2019-11-04 08:41:35" hostname="venkata.annam - FW1-D-DTA-ZENQ1" id="Test Suites/FirstView/1stPayVault_TestSuite">
        <properties>
            <property name="deviceName" value=""/>
            <property name="devicePlatform" value=""/>
            <property name="logFolder" value="C:\\VPOS_Git_31-10-2019\\VPOS_Internal\\Reports\\20191104_084127\\FirstView\\1stPayVault_TestSuite\\20191104_084127"/>
            <property name="logFiles" value="C:\\VPOS_Git_31-10-2019\\VPOS_Internal\\Reports\\20191104_084127\\FirstView\\1stPayVault_TestSuite\\20191104_084127\\execution0.log"/>
            <property name="attachments" value=""/>
            <property name="hostName" value="venkata.annam - FW1-D-DTA-ZENQ1"/>
            <property name="os" value="Windows 10 64bit"/>
            <property name="katalonVersion" value="6.3.2.4"/>
            <property name="browser" value="Firefox 70.0"/>
            <property name="hostAddress" value="172.25.52.168"/>
            <property name="sessionId" value="fb1445eb-995b-4723-9ebd-321954262a50"/>
            <property name="seleniumVersion" value="3.141.59"/>
            <property name="proxyInformation" value="ProxyInformation{proxyOption=NO_PROXY, proxyServerType=HTTP, password=, proxyServerAddress=, proxyServerPort=0}"/>
            <property name="platform" value="Windows 10"/>
        </properties>
        <testcase name="Test Cases/FirstView/FirstPayVault/VPOS_1stPayVault_Verify_SaleScreen_On_Clicking_RunASale_Retail" classname="Test Cases/FirstView/FirstPayVault/VPOS_1stPayVault_Verify_SaleScreen_On_Clicking_RunASale_Retail" status="PASSED">
            <system-out>2019-11-04 08:41:37 - [TEST_CASE][PASSED] - Test Cases/FirstView/FirstPayVault/VPOS_1stPayVault_Verify_SaleScreen_On_Clicking_RunASale_Retail: Test Cases/FirstView/FirstPayVault/VPOS_1stPayVault_Verify_SaleScreen_On_Clicking_RunASale_Retail&#xD;
&#xD;
2019-11-04 08:41:37 - [TEST_STEP][PASSED] - Start listener action : sampleBeforeTestCase: null&#xD;
&#xD;
2019-11-04 08:41:38 - [TEST_STEP][PASSED] - println(testCaseContext.getTestCaseId()): null&#xD;
&#xD;
2019-11-04 08:41:38 - [TEST_STEP][PASSED] - println(testCaseContext.getTestCaseVariables()): null&#xD;
&#xD;
2019-11-04 08:41:39 - [TEST_STEP][PASSED] - utilities.SafeActions.openBrowser(URL, [PageLoadTime]): utilities.SafeActions.openBrowser is PASSED&#xD;
&#xD;
2019-11-04 08:41:39 - [MESSAGE][INFO] - Opening Browser&#xD;
&#xD;
2019-11-04 08:41:40 - [MESSAGE][INFO] - Starting 'Firefox' driver&#xD;
&#xD;
2019-11-04 08:41:40 - [MESSAGE][INFO] - Action delay is set to 0 seconds&#xD;
&#xD;
2019-11-04 08:41:51 - [MESSAGE][PASSED] - Browser is opened with url: 'https://q-www-firstview-net.faps.net/MVC/Account/Login'&#xD;
&#xD;
2019-11-04 08:41:51 - [MESSAGE][PASSED] - Current window maximized&#xD;
&#xD;
2019-11-04 08:41:51 - [MESSAGE][INFO] - Browser Launched Successfully&#xD;
&#xD;
2019-11-04 08:41:51 - [MESSAGE][PASSED] - utilities.SafeActions.openBrowser is PASSED&#xD;
&#xD;
2019-11-04 08:41:51 - [TEST_STEP][PASSED] - pages.Login.login(uName, password): pages.Login.login is PASSED&#xD;
&#xD;
2019-11-04 08:41:52 - [MESSAGE][PASSED] - Object 'Object Repository/Pages/Login/userName' is present&#xD;
&#xD;
2019-11-04 08:41:52 - [MESSAGE][PASSED] - Object 'Object Repository/Pages/Login/userName' is present&#xD;
&#xD;
2019-11-04 08:41:53 - [MESSAGE][PASSED] - Object: 'Object Repository/Pages/Login/userName' is clicked on&#xD;
&#xD;
2019-11-04 08:41:53 - [MESSAGE][PASSED] - Text 'ZenQRetail' is set on object 'Object Repository/Pages/Login/userName'&#xD;
&#xD;
2019-11-04 08:41:53 - [MESSAGE][PASSED] - Object 'Object Repository/Pages/Login/password' is present&#xD;
&#xD;
2019-11-04 08:41:53 - [MESSAGE][PASSED] - Object 'Object Repository/Pages/Login/password' is present&#xD;
&#xD;
2019-11-04 08:41:54 - [MESSAGE][PASSED] - Object: 'Object Repository/Pages/Login/password' is clicked on&#xD;
&#xD;
2019-11-04 08:41:54 - [MESSAGE][PASSED] - Text 'P@ssword1' is set on object 'Object Repository/Pages/Login/password'&#xD;
&#xD;
2019-11-04 08:41:54 - [MESSAGE][INFO] - Safe Click Without scroll&#xD;
&#xD;
2019-11-04 08:41:54 - [MESSAGE][INFO] - 1stPayVault_TestSuite.ts:waiting until Click on Login is Clickable&#xD;
&#xD;
2019-11-04 08:41:54 - [MESSAGE][PASSED] - Object 'Object Repository/Pages/Login/login' is clickable&#xD;
&#xD;
2019-11-04 08:41:55 - [MESSAGE][PASSED] - Object 'Object Repository/Pages/Login/login' is visible&#xD;
&#xD;
2019-11-04 08:41:57 - [MESSAGE][PASSED] - Object: 'Object Repository/Pages/Login/login' is clicked on&#xD;
&#xD;
2019-11-04 08:41:57 - [MESSAGE][INFO] - 1stPayVault_TestSuite.ts: click on the Click on Login&#xD;
&#xD;
2019-11-04 08:41:57 - [MESSAGE][PASSED] - pages.Login.login is PASSED&#xD;
&#xD;
2019-11-04 08:41:57 - [TEST_STEP][PASSED] - callTestCase(findTestCase("FirstView/Login/TC_SendCode"), [:], STOP_ON_FAILURE): Call Test Case 'Test Cases/FirstView/Login/TC_SendCode' successfully&#xD;
&#xD;
2019-11-04 08:41:57 - [TEST_CASE][PASSED] - Test Cases/FirstView/Login/TC_SendCode: Test Cases/FirstView/Login/TC_SendCode&#xD;
&#xD;
2019-11-04 08:41:58 - [TEST_STEP][PASSED] - flag = pages.SendCode.verifyPage(): pages.SendCode.verifyPage is PASSED&#xD;
&#xD;
2019-11-04 08:41:58 - [MESSAGE][PASSED] - Object 'Object Repository/Pages/SendCodeToValidate/header_SendCodeToValidate' is present and visible in viewport&#xD;
&#xD;
2019-11-04 08:41:58 - [MESSAGE][PASSED] - pages.SendCode.verifyPage is PASSED&#xD;
&#xD;
2019-11-04 08:41:58 - [TEST_STEP][PASSED] - if (flag): pages.SendCode.clickonUserSettings is PASSED&#xD;
&#xD;
2019-11-04 08:41:58 - [TEST_STEP][PASSED] - pages.SendCode.clickonUserSettings(): pages.SendCode.clickonUserSettings is PASSED&#xD;
&#xD;
2019-11-04 08:41:58 - [MESSAGE][PASSED] - Object 'Object Repository/Pages/SendCodeToValidate/link_UserSettings' is present&#xD;
&#xD;
2019-11-04 08:41:58 - [MESSAGE][PASSED] - Object 'Object Repository/Pages/SendCodeToValidate/link_UserSettings' is visible&#xD;
&#xD;
2019-11-04 08:41:58 - [MESSAGE][INFO] - 1stPayVault_TestSuite.ts:waiting until Click on User Settings is Clickable&#xD;
&#xD;
2019-11-04 08:41:58 - [MESSAGE][PASSED] - Object 'Object Repository/Pages/SendCodeToValidate/link_UserSettings' is clickable&#xD;
&#xD;
2019-11-04 08:41:58 - [MESSAGE][PASSED] - Object 'Object Repository/Pages/SendCodeToValidate/link_UserSettings' is visible&#xD;
&#xD;
2019-11-04 08:42:00 - [MESSAGE][PASSED] - Object: 'Object Repository/Pages/SendCodeToValidate/link_UserSettings' is clicked on&#xD;
&#xD;
2019-11-04 08:42:00 - [MESSAGE][INFO] - 1stPayVault_TestSuite.ts: Clicked on the Click on User Settings&#xD;
&#xD;
2019-11-04 08:42:00 - [MESSAGE][PASSED] - pages.SendCode.clickonUserSettings is PASSED&#xD;
&#xD;
2019-11-04 08:42:00 - [MESSAGE][PASSED] - Call Test Case 'Test Cases/FirstView/Login/TC_SendCode' successfully&#xD;
&#xD;
2019-11-04 08:42:00 - [TEST_STEP][PASSED] - callTestCase(findTestCase("FirstView/Login/TC_FirstView"), [:], STOP_ON_FAILURE): Call Test Case 'Test Cases/FirstView/Login/TC_FirstView' successfully&#xD;
&#xD;
2019-11-04 08:42:00 - [TEST_CASE][PASSED] - Test Cases/FirstView/Login/TC_FirstView: Test Cases/FirstView/Login/TC_FirstView&#xD;
&#xD;
2019-11-04 08:42:01 - [TEST_STEP][PASSED] - delay(3): Delayed 3 second(s)&#xD;
&#xD;
2019-11-04 08:42:04 - [MESSAGE][PASSED] - Delayed 3 second(s)&#xD;
&#xD;
2019-11-04 08:42:04 - [TEST_STEP][PASSED] - utilities.SafeActions.javascriptclick(findTestObject("Pages/FirstView/link_Home"), delayForElement): utilities.SafeActions.javascriptclick is PASSED&#xD;
&#xD;
2019-11-04 08:42:04 - [MESSAGE][PASSED] - utilities.SafeActions.javascriptclick is PASSED&#xD;
&#xD;
2019-11-04 08:42:04 - [TEST_STEP][PASSED] - utilities.SafeActions.safeClickWithoutScroll(findTestObject("Pages/FirstView/link_VPOS"), "Click on VPOS button in First View screen", [PageLoadTime]): utilities.SafeActions.safeClickWithoutScroll is PASSED&#xD;
&#xD;
2019-11-04 08:42:04 - [MESSAGE][INFO] - Safe Click Without scroll&#xD;
&#xD;
2019-11-04 08:42:04 - [MESSAGE][INFO] - 1stPayVault_TestSuite.ts:waiting until Click on VPOS button in First View screen is Clickable&#xD;
&#xD;
2019-11-04 08:42:05 - [MESSAGE][PASSED] - Object 'Object Repository/Pages/FirstView/link_VPOS' is clickable&#xD;
&#xD;
2019-11-04 08:42:05 - [MESSAGE][PASSED] - Object 'Object Repository/Pages/FirstView/link_VPOS' is visible&#xD;
&#xD;
2019-11-04 08:42:07 - [MESSAGE][PASSED] - Object: 'Object Repository/Pages/FirstView/link_VPOS' is clicked on&#xD;
&#xD;
2019-11-04 08:42:07 - [MESSAGE][INFO] - 1stPayVault_TestSuite.ts: click on the Click on VPOS button in First View screen&#xD;
&#xD;
2019-11-04 08:42:07 - [MESSAGE][PASSED] - utilities.SafeActions.safeClickWithoutScroll is PASSED&#xD;
&#xD;
2019-11-04 08:42:07 - [MESSAGE][PASSED] - Call Test Case 'Test Cases/FirstView/Login/TC_FirstView' successfully&#xD;
&#xD;
2019-11-04 08:42:07 - [TEST_STEP][PASSED] - switchToWindowTitle("Transcenter - VPOS"): Switched to window with title: 'Transcenter - VPOS'&#xD;
&#xD;
2019-11-04 08:42:10 - [MESSAGE][PASSED] - Switched to window with title: 'Transcenter - VPOS'&#xD;
&#xD;
2019-11-04 08:42:10 - [TEST_STEP][PASSED] - focus(findTestObject("Pages/FirstPayVault/tab_FirstPayVault")): Object: 'Object Repository/Pages/FirstPayVault/tab_FirstPayVault' is focused&#xD;
&#xD;
2019-11-04 08:42:13 - [MESSAGE][PASSED] - Object: 'Object Repository/Pages/FirstPayVault/tab_FirstPayVault' is focused&#xD;
&#xD;
2019-11-04 08:42:13 - [TEST_STEP][PASSED] - utilities.SafeActions.javascriptclick(findTestObject("Pages/FirstPayVault/tab_FirstPayVault"), PageLoadTime): utilities.SafeActions.javascriptclick is PASSED&#xD;
&#xD;
2019-11-04 08:42:13 - [MESSAGE][PASSED] - utilities.SafeActions.javascriptclick is PASSED&#xD;
&#xD;
2019-11-04 08:42:13 - [TEST_STEP][PASSED] - delay(2): Delayed 2 second(s)&#xD;
&#xD;
2019-11-04 08:42:15 - [MESSAGE][PASSED] - Delayed 2 second(s)&#xD;
&#xD;
2019-11-04 08:42:15 - [TEST_STEP][PASSED] - utilities.SafeActions.safeClickWithoutScroll(findTestObject("Pages/FirstPayVault/tab_FirstPayVault"), "Click on FistPayVault tab", [delayForElement]): utilities.SafeActions.safeClickWithoutScroll is PASSED&#xD;
&#xD;
2019-11-04 08:42:16 - [MESSAGE][INFO] - Safe Click Without scroll&#xD;
&#xD;
2019-11-04 08:42:16 - [MESSAGE][INFO] - 1stPayVault_TestSuite.ts:waiting until Click on FistPayVault tab is Clickable&#xD;
&#xD;
2019-11-04 08:42:16 - [MESSAGE][PASSED] - Object 'Object Repository/Pages/FirstPayVault/tab_FirstPayVault' is clickable&#xD;
&#xD;
2019-11-04 08:42:16 - [MESSAGE][PASSED] - Object 'Object Repository/Pages/FirstPayVault/tab_FirstPayVault' is visible&#xD;
&#xD;
2019-11-04 08:42:16 - [MESSAGE][PASSED] - Object: 'Object Repository/Pages/FirstPayVault/tab_FirstPayVault' is clicked on&#xD;
&#xD;
2019-11-04 08:42:16 - [MESSAGE][INFO] - 1stPayVault_TestSuite.ts: click on the Click on FistPayVault tab&#xD;
&#xD;
2019-11-04 08:42:16 - [MESSAGE][PASSED] - utilities.SafeActions.safeClickWithoutScroll is PASSED&#xD;
&#xD;
2019-11-04 08:42:16 - [TEST_STEP][PASSED] - utilities.SafeActions.safeClickWithoutScroll(findTestObject("Pages/FirstPayVault/button_CreateVault"), "Click on CreateVault button", [PageLoadTime]): utilities.SafeActions.safeClickWithoutScroll is PASSED&#xD;
&#xD;
2019-11-04 08:42:17 - [MESSAGE][INFO] - Safe Click Without scroll&#xD;
&#xD;
2019-11-04 08:42:17 - [MESSAGE][INFO] - 1stPayVault_TestSuite.ts:waiting until Click on CreateVault button is Clickable&#xD;
&#xD;
2019-11-04 08:42:17 - [MESSAGE][PASSED] - Object 'Object Repository/Pages/FirstPayVault/button_CreateVault' is clickable&#xD;
&#xD;
2019-11-04 08:42:17 - [MESSAGE][PASSED] - Object 'Object Repository/Pages/FirstPayVault/button_CreateVault' is visible&#xD;
&#xD;
2019-11-04 08:42:18 - [MESSAGE][PASSED] - Object: 'Object Repository/Pages/FirstPayVault/button_CreateVault' is clicked on&#xD;
&#xD;
2019-11-04 08:42:18 - [MESSAGE][INFO] - 1stPayVault_TestSuite.ts: click on the Click on CreateVault button&#xD;
&#xD;
2019-11-04 08:42:18 - [MESSAGE][PASSED] - utilities.SafeActions.safeClickWithoutScroll is PASSED&#xD;
&#xD;
2019-11-04 08:42:18 - [TEST_STEP][PASSED] - scrollToElement(findTestObject("Pages/FirstPayVault/input_VaultReferenceNumber"), PageLoadTime): Scroll to object 'Object Repository/Pages/FirstPayVault/input_VaultReferenceNumber' successfully&#xD;
&#xD;
2019-11-04 08:42:18 - [MESSAGE][PASSED] - Scroll to object 'Object Repository/Pages/FirstPayVault/input_VaultReferenceNumber' successfully&#xD;
&#xD;
2019-11-04 08:42:18 - [TEST_STEP][PASSED] - vaultReference = utilities.SafeActions.timeWithMilliSeconds(): utilities.SafeActions.timeWithMilliSeconds is PASSED&#xD;
&#xD;
2019-11-04 08:42:18 - [MESSAGE][PASSED] - utilities.SafeActions.timeWithMilliSeconds is PASSED&#xD;
&#xD;
2019-11-04 08:42:18 - [TEST_STEP][PASSED] - utilities.SafeActions.safeType(findTestObject("Pages/FirstPayVault/input_VaultReferenceNumber"), vaultReference, "Entering Vault Reference Number", [PageLoadTime]): utilities.SafeActions.safeType is PASSED&#xD;
&#xD;
2019-11-04 08:42:18 - [MESSAGE][PASSED] - Object 'Object Repository/Pages/FirstPayVault/input_VaultReferenceNumber' is present&#xD;
&#xD;
2019-11-04 08:42:18 - [MESSAGE][PASSED] - Object 'Object Repository/Pages/FirstPayVault/input_VaultReferenceNumber' is present&#xD;
&#xD;
2019-11-04 08:42:19 - [MESSAGE][PASSED] - Object: 'Object Repository/Pages/FirstPayVault/input_VaultReferenceNumber' is clicked on&#xD;
&#xD;
2019-11-04 08:42:19 - [MESSAGE][PASSED] - Text '2019-11-04 08:42:18.156' is set on object 'Object Repository/Pages/FirstPayVault/input_VaultReferenceNumber'&#xD;
&#xD;
2019-11-04 08:42:19 - [MESSAGE][PASSED] - utilities.SafeActions.safeType is PASSED&#xD;
&#xD;
2019-11-04 08:42:19 - [TEST_STEP][PASSED] - utilities.SafeActions.safeType(findTestObject("Pages/FirstPayVault/input_CreditCardNumber"), visaCardNumber, "Entering Card Number", [PageLoadTime]): utilities.SafeActions.safeType is PASSED&#xD;
&#xD;
2019-11-04 08:42:19 - [MESSAGE][PASSED] - Object 'Object Repository/Pages/FirstPayVault/input_CreditCardNumber' is present&#xD;
&#xD;
2019-11-04 08:42:19 - [MESSAGE][PASSED] - Object 'Object Repository/Pages/FirstPayVault/input_CreditCardNumber' is present&#xD;
&#xD;
2019-11-04 08:42:20 - [MESSAGE][PASSED] - Object: 'Object Repository/Pages/FirstPayVault/input_CreditCardNumber' is clicked on&#xD;
&#xD;
2019-11-04 08:42:20 - [MESSAGE][PASSED] - Text '4111111111111111' is set on object 'Object Repository/Pages/FirstPayVault/input_CreditCardNumber'&#xD;
&#xD;
2019-11-04 08:42:20 - [MESSAGE][PASSED] - utilities.SafeActions.safeType is PASSED&#xD;
&#xD;
2019-11-04 08:42:20 - [TEST_STEP][PASSED] - utilities.SafeActions.safeSelectOptionInDropDownByVisibleText(findTestObject("Pages/FirstPayVault/dropDown_ExpirationMonth"), cardMonth, "Expiration Month", [PageLoadTime]): utilities.SafeActions.safeSelectOptionInDropDownByVisibleText is PASSED&#xD;
&#xD;
2019-11-04 08:42:20 - [MESSAGE][PASSED] - Object 'Object Repository/Pages/FirstPayVault/dropDown_ExpirationMonth' is visible&#xD;
&#xD;
2019-11-04 08:42:20 - [MESSAGE][PASSED] - Object 'Object Repository/Pages/FirstPayVault/dropDown_ExpirationMonth' is present&#xD;
&#xD;
2019-11-04 08:42:21 - [MESSAGE][PASSED] - Object: 'Object Repository/Pages/FirstPayVault/dropDown_ExpirationMonth' is clicked on&#xD;
&#xD;
2019-11-04 08:42:21 - [MESSAGE][PASSED] - All options with label 'September' are selected in object 'Object Repository/Pages/FirstPayVault/dropDown_ExpirationMonth' &#xD;
&#xD;
2019-11-04 08:42:21 - [MESSAGE][PASSED] - utilities.SafeActions.safeSelectOptionInDropDownByVisibleText is PASSED&#xD;
&#xD;
2019-11-04 08:42:21 - [TEST_STEP][PASSED] - utilities.SafeActions.safeSelectOptionInDropDownByVisibleText(findTestObject("Pages/FirstPayVault/dropDown_ExpirationYear"), cardYear, "year", [PageLoadTime]): utilities.SafeActions.safeSelectOptionInDropDownByVisibleText is PASSED&#xD;
&#xD;
2019-11-04 08:42:21 - [MESSAGE][PASSED] - Object 'Object Repository/Pages/FirstPayVault/dropDown_ExpirationYear' is visible&#xD;
&#xD;
2019-11-04 08:42:21 - [MESSAGE][PASSED] - Object 'Object Repository/Pages/FirstPayVault/dropDown_ExpirationYear' is present&#xD;
&#xD;
2019-11-04 08:42:22 - [MESSAGE][PASSED] - Object: 'Object Repository/Pages/FirstPayVault/dropDown_ExpirationYear' is clicked on&#xD;
&#xD;
2019-11-04 08:42:22 - [MESSAGE][PASSED] - All options with label '2023' are selected in object 'Object Repository/Pages/FirstPayVault/dropDown_ExpirationYear' &#xD;
&#xD;
2019-11-04 08:42:22 - [MESSAGE][PASSED] - utilities.SafeActions.safeSelectOptionInDropDownByVisibleText is PASSED&#xD;
&#xD;
2019-11-04 08:42:22 - [TEST_STEP][PASSED] - utilities.SafeActions.safeType(findTestObject("Pages/FirstPayVault/input_ContactName"), contactName, "Enter Contact Name", [PageLoadTime]): utilities.SafeActions.safeType is PASSED&#xD;
&#xD;
2019-11-04 08:42:23 - [MESSAGE][PASSED] - Object 'Object Repository/Pages/FirstPayVault/input_ContactName' is present&#xD;
&#xD;
2019-11-04 08:42:23 - [MESSAGE][PASSED] - Object 'Object Repository/Pages/FirstPayVault/input_ContactName' is present&#xD;
&#xD;
2019-11-04 08:42:23 - [MESSAGE][PASSED] - Object: 'Object Repository/Pages/FirstPayVault/input_ContactName' is clicked on&#xD;
&#xD;
2019-11-04 08:42:23 - [MESSAGE][PASSED] - Text 'Venkata Sai' is set on object 'Object Repository/Pages/FirstPayVault/input_ContactName'&#xD;
&#xD;
2019-11-04 08:42:23 - [MESSAGE][PASSED] - utilities.SafeActions.safeType is PASSED&#xD;
&#xD;
2019-11-04 08:42:23 - [TEST_STEP][PASSED] - utilities.SafeActions.safeType(findTestObject("Pages/FirstPayVault/input_PostalCode"), postalCode, "Enter Postal Code", [PageLoadTime]): utilities.SafeActions.safeType is PASSED&#xD;
&#xD;
2019-11-04 08:42:24 - [MESSAGE][PASSED] - Object 'Object Repository/Pages/FirstPayVault/input_PostalCode' is present&#xD;
&#xD;
2019-11-04 08:42:24 - [MESSAGE][PASSED] - Object 'Object Repository/Pages/FirstPayVault/input_PostalCode' is present&#xD;
&#xD;
2019-11-04 08:42:24 - [MESSAGE][PASSED] - Object: 'Object Repository/Pages/FirstPayVault/input_PostalCode' is clicked on&#xD;
&#xD;
2019-11-04 08:42:25 - [MESSAGE][PASSED] - Text '76102' is set on object 'Object Repository/Pages/FirstPayVault/input_PostalCode'&#xD;
&#xD;
2019-11-04 08:42:25 - [MESSAGE][PASSED] - utilities.SafeActions.safeType is PASSED&#xD;
&#xD;
2019-11-04 08:42:25 - [TEST_STEP][PASSED] - utilities.SafeActions.safeType(findTestObject("Pages/FirstPayVault/input_Address"), address, "Enter ddress", [PageLoadTime]): utilities.SafeActions.safeType is PASSED&#xD;
&#xD;
2019-11-04 08:42:25 - [MESSAGE][PASSED] - Object 'Object Repository/Pages/FirstPayVault/input_Address' is present&#xD;
&#xD;
2019-11-04 08:42:25 - [MESSAGE][PASSED] - Object 'Object Repository/Pages/FirstPayVault/input_Address' is present&#xD;
&#xD;
2019-11-04 08:42:26 - [MESSAGE][PASSED] - Object: 'Object Repository/Pages/FirstPayVault/input_Address' is clicked on&#xD;
&#xD;
2019-11-04 08:42:26 - [MESSAGE][PASSED] - Text 'Street123' is set on object 'Object Repository/Pages/FirstPayVault/input_Address'&#xD;
&#xD;
2019-11-04 08:42:26 - [MESSAGE][PASSED] - utilities.SafeActions.safeType is PASSED&#xD;
&#xD;
2019-11-04 08:42:26 - [TEST_STEP][PASSED] - utilities.SafeActions.safeCheckForElement(findTestObject("Pages/FirstPayVault/chekBox_AddShippingInformation"), PageLoadTime): utilities.SafeActions.safeCheckForElement is PASSED&#xD;
&#xD;
2019-11-04 08:42:26 - [MESSAGE][PASSED] - Object 'Object Repository/Pages/FirstPayVault/chekBox_AddShippingInformation' is present&#xD;
&#xD;
2019-11-04 08:42:26 - [MESSAGE][PASSED] - Object 'Object Repository/Pages/FirstPayVault/chekBox_AddShippingInformation' is visible&#xD;
&#xD;
2019-11-04 08:42:26 - [MESSAGE][PASSED] - Object 'Object Repository/Pages/FirstPayVault/chekBox_AddShippingInformation' is present&#xD;
&#xD;
2019-11-04 08:42:27 - [MESSAGE][PASSED] - Object 'Object Repository/Pages/FirstPayVault/chekBox_AddShippingInformation' is checked&#xD;
&#xD;
2019-11-04 08:42:27 - [MESSAGE][PASSED] - utilities.SafeActions.safeCheckForElement is PASSED&#xD;
&#xD;
2019-11-04 08:42:27 - [TEST_STEP][PASSED] - utilities.SafeActions.safeType(findTestObject("Pages/FirstPayVault/input_ShippingMethod"), shippingMethod, "Enter Shipping Method", [PageLoadTime]): utilities.SafeActions.safeType is PASSED&#xD;
&#xD;
2019-11-04 08:42:27 - [MESSAGE][PASSED] - Object 'Object Repository/Pages/FirstPayVault/input_ShippingMethod' is present&#xD;
&#xD;
2019-11-04 08:42:27 - [MESSAGE][PASSED] - Object 'Object Repository/Pages/FirstPayVault/input_ShippingMethod' is present&#xD;
&#xD;
2019-11-04 08:42:28 - [MESSAGE][PASSED] - Object: 'Object Repository/Pages/FirstPayVault/input_ShippingMethod' is clicked on&#xD;
&#xD;
2019-11-04 08:42:28 - [MESSAGE][PASSED] - Text 'DTDC' is set on object 'Object Repository/Pages/FirstPayVault/input_ShippingMethod'&#xD;
&#xD;
2019-11-04 08:42:28 - [MESSAGE][PASSED] - utilities.SafeActions.safeType is PASSED&#xD;
&#xD;
2019-11-04 08:42:28 - [TEST_STEP][PASSED] - utilities.SafeActions.safeCheckForElement(findTestObject("Pages/FirstPayVault/checkbox_SameAsBillingInformation"), PageLoadTime): utilities.SafeActions.safeCheckForElement is PASSED&#xD;
&#xD;
2019-11-04 08:42:28 - [MESSAGE][PASSED] - Object 'Object Repository/Pages/FirstPayVault/checkbox_SameAsBillingInformation' is present&#xD;
&#xD;
2019-11-04 08:42:28 - [MESSAGE][PASSED] - Object 'Object Repository/Pages/FirstPayVault/checkbox_SameAsBillingInformation' is visible&#xD;
&#xD;
2019-11-04 08:42:28 - [MESSAGE][PASSED] - Object 'Object Repository/Pages/FirstPayVault/checkbox_SameAsBillingInformation' is present&#xD;
&#xD;
2019-11-04 08:42:29 - [MESSAGE][PASSED] - Object 'Object Repository/Pages/FirstPayVault/checkbox_SameAsBillingInformation' is checked&#xD;
&#xD;
2019-11-04 08:42:29 - [MESSAGE][PASSED] - utilities.SafeActions.safeCheckForElement is PASSED&#xD;
&#xD;
2019-11-04 08:42:29 - [TEST_STEP][PASSED] - utilities.SafeActions.safeClickwithScroll(findTestObject("Pages/FirstPayVault/button_Create"), "Click on Create Button", [PageLoadTime]): utilities.SafeActions.safeClickwithScroll is PASSED&#xD;
&#xD;
2019-11-04 08:42:29 - [MESSAGE][PASSED] - Object 'Object Repository/Pages/FirstPayVault/button_Create' is present&#xD;
&#xD;
2019-11-04 08:42:29 - [MESSAGE][PASSED] - Object 'Object Repository/Pages/FirstPayVault/button_Create' is visible&#xD;
&#xD;
2019-11-04 08:42:29 - [MESSAGE][INFO] - 1stPayVault_TestSuite.ts:waiting until Click on Create Button is Clickable&#xD;
&#xD;
2019-11-04 08:42:29 - [MESSAGE][PASSED] - Object 'Object Repository/Pages/FirstPayVault/button_Create' is clickable&#xD;
&#xD;
2019-11-04 08:42:29 - [MESSAGE][PASSED] - Object 'Object Repository/Pages/FirstPayVault/button_Create' is visible&#xD;
&#xD;
2019-11-04 08:42:30 - [MESSAGE][PASSED] - Object: 'Object Repository/Pages/FirstPayVault/button_Create' is clicked on&#xD;
&#xD;
2019-11-04 08:42:30 - [MESSAGE][INFO] - 1stPayVault_TestSuite.ts: Clicked on the Click on Create Button&#xD;
&#xD;
2019-11-04 08:42:30 - [MESSAGE][PASSED] - utilities.SafeActions.safeClickwithScroll is PASSED&#xD;
&#xD;
2019-11-04 08:42:30 - [TEST_STEP][PASSED] - delay(2): Delayed 2 second(s)&#xD;
&#xD;
2019-11-04 08:42:32 - [MESSAGE][PASSED] - Delayed 2 second(s)&#xD;
&#xD;
2019-11-04 08:42:32 - [TEST_STEP][PASSED] - popupSavedToVaultMessage = utilities.SafeActions.safeGetText(findTestObject("Pages/FirstPayVault/popup_SavedToVaultMessage"), PageLoadTime): utilities.SafeActions.safeGetText is PASSED&#xD;
&#xD;
2019-11-04 08:42:32 - [MESSAGE][PASSED] - Object 'Object Repository/Pages/FirstPayVault/popup_SavedToVaultMessage' is present&#xD;
&#xD;
2019-11-04 08:42:32 - [MESSAGE][PASSED] - Scroll to object 'Object Repository/Pages/FirstPayVault/popup_SavedToVaultMessage' successfully&#xD;
&#xD;
2019-11-04 08:42:32 - [MESSAGE][PASSED] - Object 'Object Repository/Pages/FirstPayVault/popup_SavedToVaultMessage' is present&#xD;
&#xD;
2019-11-04 08:42:32 - [MESSAGE][PASSED] - Text of object 'Object Repository/Pages/FirstPayVault/popup_SavedToVaultMessage' is: 'Successfully Saved to Vault'&#xD;
&#xD;
2019-11-04 08:42:32 - [MESSAGE][PASSED] - utilities.SafeActions.safeGetText is PASSED&#xD;
&#xD;
2019-11-04 08:42:32 - [TEST_STEP][PASSED] - flag = utilities.SafeActions.verifyPopupMessage("Successfully Saved to Vault", popupSavedToVaultMessage): Popup Message : Successfully Saved to Vault matched with expected message : Successfully Saved to Vault&#xD;
&#xD;
2019-11-04 08:42:32 - [MESSAGE][PASSED] - Popup Message : Successfully Saved to Vault matched with expected message : Successfully Saved to Vault&#xD;
&#xD;
2019-11-04 08:42:32 - [TEST_STEP][PASSED] - utilities.SafeActions.safeClickWithoutScroll(findTestObject("Pages/FirstPayVault/button_RunASale_InPopup"), "Click on Run A Sale in Popup", [delayBetweenTestSteps]): utilities.SafeActions.safeClickWithoutScroll is PASSED&#xD;
&#xD;
2019-11-04 08:42:33 - [MESSAGE][INFO] - Safe Click Without scroll&#xD;
&#xD;
2019-11-04 08:42:33 - [MESSAGE][INFO] - 1stPayVault_TestSuite.ts:waiting until Click on Run A Sale in Popup is Clickable&#xD;
&#xD;
2019-11-04 08:42:33 - [MESSAGE][PASSED] - Object 'Object Repository/Pages/FirstPayVault/button_RunASale_InPopup' is clickable&#xD;
&#xD;
2019-11-04 08:42:33 - [MESSAGE][PASSED] - Object 'Object Repository/Pages/FirstPayVault/button_RunASale_InPopup' is visible&#xD;
&#xD;
2019-11-04 08:42:34 - [MESSAGE][PASSED] - Object: 'Object Repository/Pages/FirstPayVault/button_RunASale_InPopup' is clicked on&#xD;
&#xD;
2019-11-04 08:42:34 - [MESSAGE][INFO] - 1stPayVault_TestSuite.ts: click on the Click on Run A Sale in Popup&#xD;
&#xD;
2019-11-04 08:42:34 - [MESSAGE][PASSED] - utilities.SafeActions.safeClickWithoutScroll is PASSED&#xD;
&#xD;
2019-11-04 08:42:34 - [TEST_STEP][PASSED] - value = utilities.SafeActions.getAttributeValue(findTestObject("Pages/Sale/tab_Sale_Active"), "Sale"): The screen is Sale screen&#xD;
&#xD;
2019-11-04 08:42:34 - [MESSAGE][PASSED] - Attribute 'class' of object 'Object Repository/Pages/Sale/tab_Sale_Active' is: 'active_tab tabs__link'&#xD;
&#xD;
2019-11-04 08:42:34 - [MESSAGE][PASSED] - The screen is Sale screen&#xD;
&#xD;
2019-11-04 08:42:34 - [TEST_STEP][PASSED] - closeBrowser(): Browser is closed&#xD;
&#xD;
2019-11-04 08:42:35 - [MESSAGE][PASSED] - Browser is closed&#xD;
&#xD;
2019-11-04 08:42:35 - [TEST_STEP][PASSED] - Start listener action : sampleAfterTestCase: null&#xD;
&#xD;
2019-11-04 08:42:35 - [TEST_STEP][PASSED] - println(testCaseContext.getTestCaseId()): null&#xD;
&#xD;
2019-11-04 08:42:35 - [TEST_STEP][PASSED] - println(testCaseContext.getTestCaseStatus()): null&#xD;
&#xD;
2019-11-04 08:42:35 - [TEST_STEP][PASSED] - testCaseName = testCaseContext.getTestCaseId(): null&#xD;
&#xD;
2019-11-04 08:42:35 - [TEST_STEP][PASSED] - strCount = testCaseName.lastIndexOf("/"): null&#xD;
&#xD;
2019-11-04 08:42:35 - [TEST_STEP][PASSED] - testCaseName = testCaseName.substring(strCount): null&#xD;
&#xD;
2019-11-04 08:42:35 - [TEST_STEP][PASSED] - println(testCaseName): null&#xD;
&#xD;
2019-11-04 08:42:35 - [TEST_STEP][PASSED] - if (getTestCaseStatus().equalsIgnoreCase("Error")): null&#xD;
&#xD;
2019-11-04 08:42:35 - [TEST_STEP][PASSED] - Start listener action : sampleAfterTestCase: null</system-out>
            <system-err></system-err>
        </testcase>
        <testcase name="Test Cases/FirstView/FirstPayVault/VPOS_1stPayVault_Verify_TransactionCompleteScreen_on_Run_Sale_WithThis_Vault_Retail" classname="Test Cases/FirstView/FirstPayVault/VPOS_1stPayVault_Verify_TransactionCompleteScreen_on_Run_Sale_WithThis_Vault_Retail" status="PASSED">
            <system-out>2019-11-04 08:42:35 - [TEST_CASE][PASSED] - Test Cases/FirstView/FirstPayVault/VPOS_1stPayVault_Verify_TransactionCompleteScreen_on_Run_Sale_WithThis_Vault_Retail: Test Cases/FirstView/FirstPayVault/VPOS_1stPayVault_Verify_TransactionCompleteScreen_on_Run_Sale_WithThis_Vault_Retail&#xD;
&#xD;
2019-11-04 08:42:36 - [TEST_STEP][PASSED] - Start listener action : sampleBeforeTestCase: null&#xD;
&#xD;
2019-11-04 08:42:36 - [TEST_STEP][PASSED] - println(testCaseContext.getTestCaseId()): null&#xD;
&#xD;
2019-11-04 08:42:36 - [TEST_STEP][PASSED] - println(testCaseContext.getTestCaseVariables()): null&#xD;
&#xD;
2019-11-04 08:42:36 - [TEST_STEP][PASSED] - utilities.SafeActions.openBrowser(URL, [PageLoadTime]): utilities.SafeActions.openBrowser is PASSED&#xD;
&#xD;
2019-11-04 08:42:36 - [MESSAGE][INFO] - Opening Browser&#xD;
&#xD;
2019-11-04 08:42:36 - [MESSAGE][INFO] - Starting 'Firefox' driver&#xD;
&#xD;
2019-11-04 08:42:42 - [MESSAGE][PASSED] - Browser is opened with url: 'https://q-www-firstview-net.faps.net/MVC/Account/Login'&#xD;
&#xD;
2019-11-04 08:42:42 - [MESSAGE][PASSED] - Current window maximized&#xD;
&#xD;
2019-11-04 08:42:42 - [MESSAGE][INFO] - Browser Launched Successfully&#xD;
&#xD;
2019-11-04 08:42:42 - [MESSAGE][PASSED] - utilities.SafeActions.openBrowser is PASSED&#xD;
&#xD;
2019-11-04 08:42:42 - [TEST_STEP][PASSED] - pages.Login.login(uName, password): pages.Login.login is PASSED&#xD;
&#xD;
2019-11-04 08:42:42 - [MESSAGE][PASSED] - Object 'Object Repository/Pages/Login/userName' is present&#xD;
&#xD;
2019-11-04 08:42:42 - [MESSAGE][PASSED] - Object 'Object Repository/Pages/Login/userName' is present&#xD;
&#xD;
2019-11-04 08:42:43 - [MESSAGE][PASSED] - Object: 'Object Repository/Pages/Login/userName' is clicked on&#xD;
&#xD;
2019-11-04 08:42:43 - [MESSAGE][PASSED] - Text 'ZenQRetail' is set on object 'Object Repository/Pages/Login/userName'&#xD;
&#xD;
2019-11-04 08:42:43 - [MESSAGE][PASSED] - Object 'Object Repository/Pages/Login/password' is present&#xD;
&#xD;
2019-11-04 08:42:43 - [MESSAGE][PASSED] - Object 'Object Repository/Pages/Login/password' is present&#xD;
&#xD;
2019-11-04 08:42:44 - [MESSAGE][PASSED] - Object: 'Object Repository/Pages/Login/password' is clicked on&#xD;
&#xD;
2019-11-04 08:42:44 - [MESSAGE][PASSED] - Text 'P@ssword1' is set on object 'Object Repository/Pages/Login/password'&#xD;
&#xD;
2019-11-04 08:42:44 - [MESSAGE][INFO] - Safe Click Without scroll&#xD;
&#xD;
2019-11-04 08:42:44 - [MESSAGE][INFO] - 1stPayVault_TestSuite.ts:waiting until Click on Login is Clickable&#xD;
&#xD;
2019-11-04 08:42:44 - [MESSAGE][PASSED] - Object 'Object Repository/Pages/Login/login' is clickable&#xD;
&#xD;
2019-11-04 08:42:44 - [MESSAGE][PASSED] - Object 'Object Repository/Pages/Login/login' is visible&#xD;
&#xD;
2019-11-04 08:42:46 - [MESSAGE][PASSED] - Object: 'Object Repository/Pages/Login/login' is clicked on&#xD;
&#xD;
2019-11-04 08:42:46 - [MESSAGE][INFO] - 1stPayVault_TestSuite.ts: click on the Click on Login&#xD;
&#xD;
2019-11-04 08:42:46 - [MESSAGE][PASSED] - pages.Login.login is PASSED&#xD;
&#xD;
2019-11-04 08:42:46 - [TEST_STEP][PASSED] - callTestCase(findTestCase("FirstView/Login/TC_SendCode"), [:], STOP_ON_FAILURE): Call Test Case 'Test Cases/FirstView/Login/TC_SendCode' successfully&#xD;
&#xD;
2019-11-04 08:42:47 - [TEST_CASE][PASSED] - Test Cases/FirstView/Login/TC_SendCode: Test Cases/FirstView/Login/TC_SendCode&#xD;
&#xD;
2019-11-04 08:42:47 - [TEST_STEP][PASSED] - flag = pages.SendCode.verifyPage(): pages.SendCode.verifyPage is PASSED&#xD;
&#xD;
2019-11-04 08:42:47 - [MESSAGE][PASSED] - Object 'Object Repository/Pages/SendCodeToValidate/header_SendCodeToValidate' is present and visible in viewport&#xD;
&#xD;
2019-11-04 08:42:47 - [MESSAGE][PASSED] - pages.SendCode.verifyPage is PASSED&#xD;
&#xD;
2019-11-04 08:42:47 - [TEST_STEP][PASSED] - if (flag): pages.SendCode.clickonUserSettings is PASSED&#xD;
&#xD;
2019-11-04 08:42:47 - [TEST_STEP][PASSED] - pages.SendCode.clickonUserSettings(): pages.SendCode.clickonUserSettings is PASSED&#xD;
&#xD;
2019-11-04 08:42:47 - [MESSAGE][PASSED] - Object 'Object Repository/Pages/SendCodeToValidate/link_UserSettings' is present&#xD;
&#xD;
2019-11-04 08:42:47 - [MESSAGE][PASSED] - Object 'Object Repository/Pages/SendCodeToValidate/link_UserSettings' is visible&#xD;
&#xD;
2019-11-04 08:42:47 - [MESSAGE][INFO] - 1stPayVault_TestSuite.ts:waiting until Click on User Settings is Clickable&#xD;
&#xD;
2019-11-04 08:42:47 - [MESSAGE][PASSED] - Object 'Object Repository/Pages/SendCodeToValidate/link_UserSettings' is clickable&#xD;
&#xD;
2019-11-04 08:42:47 - [MESSAGE][PASSED] - Object 'Object Repository/Pages/SendCodeToValidate/link_UserSettings' is visible&#xD;
&#xD;
2019-11-04 08:42:49 - [MESSAGE][PASSED] - Object: 'Object Repository/Pages/SendCodeToValidate/link_UserSettings' is clicked on&#xD;
&#xD;
2019-11-04 08:42:49 - [MESSAGE][INFO] - 1stPayVault_TestSuite.ts: Clicked on the Click on User Settings&#xD;
&#xD;
2019-11-04 08:42:49 - [MESSAGE][PASSED] - pages.SendCode.clickonUserSettings is PASSED&#xD;
&#xD;
2019-11-04 08:42:49 - [MESSAGE][PASSED] - Call Test Case 'Test Cases/FirstView/Login/TC_SendCode' successfully&#xD;
&#xD;
2019-11-04 08:42:49 - [TEST_STEP][PASSED] - callTestCase(findTestCase("FirstView/Login/TC_FirstView"), [:], STOP_ON_FAILURE): Call Test Case 'Test Cases/FirstView/Login/TC_FirstView' successfully&#xD;
&#xD;
2019-11-04 08:42:49 - [TEST_CASE][PASSED] - Test Cases/FirstView/Login/TC_FirstView: Test Cases/FirstView/Login/TC_FirstView&#xD;
&#xD;
2019-11-04 08:42:49 - [TEST_STEP][PASSED] - delay(3): Delayed 3 second(s)&#xD;
&#xD;
2019-11-04 08:42:52 - [MESSAGE][PASSED] - Delayed 3 second(s)&#xD;
&#xD;
2019-11-04 08:42:52 - [TEST_STEP][PASSED] - utilities.SafeActions.javascriptclick(findTestObject("Pages/FirstView/link_Home"), delayForElement): utilities.SafeActions.javascriptclick is PASSED&#xD;
&#xD;
2019-11-04 08:42:52 - [MESSAGE][PASSED] - utilities.SafeActions.javascriptclick is PASSED&#xD;
&#xD;
2019-11-04 08:42:52 - [TEST_STEP][PASSED] - utilities.SafeActions.safeClickWithoutScroll(findTestObject("Pages/FirstView/link_VPOS"), "Click on VPOS button in First View screen", [PageLoadTime]): utilities.SafeActions.safeClickWithoutScroll is PASSED&#xD;
&#xD;
2019-11-04 08:42:52 - [MESSAGE][INFO] - Safe Click Without scroll&#xD;
&#xD;
2019-11-04 08:42:52 - [MESSAGE][INFO] - 1stPayVault_TestSuite.ts:waiting until Click on VPOS button in First View screen is Clickable&#xD;
&#xD;
2019-11-04 08:42:53 - [MESSAGE][PASSED] - Object 'Object Repository/Pages/FirstView/link_VPOS' is clickable&#xD;
&#xD;
2019-11-04 08:42:53 - [MESSAGE][PASSED] - Object 'Object Repository/Pages/FirstView/link_VPOS' is visible&#xD;
&#xD;
2019-11-04 08:42:54 - [MESSAGE][PASSED] - Object: 'Object Repository/Pages/FirstView/link_VPOS' is clicked on&#xD;
&#xD;
2019-11-04 08:42:54 - [MESSAGE][INFO] - 1stPayVault_TestSuite.ts: click on the Click on VPOS button in First View screen&#xD;
&#xD;
2019-11-04 08:42:54 - [MESSAGE][PASSED] - utilities.SafeActions.safeClickWithoutScroll is PASSED&#xD;
&#xD;
2019-11-04 08:42:54 - [MESSAGE][PASSED] - Call Test Case 'Test Cases/FirstView/Login/TC_FirstView' successfully&#xD;
&#xD;
2019-11-04 08:42:54 - [TEST_STEP][PASSED] - switchToWindowTitle("Transcenter - VPOS"): Switched to window with title: 'Transcenter - VPOS'&#xD;
&#xD;
2019-11-04 08:42:57 - [MESSAGE][PASSED] - Switched to window with title: 'Transcenter - VPOS'&#xD;
&#xD;
2019-11-04 08:42:57 - [TEST_STEP][PASSED] - focus(findTestObject("Pages/FirstPayVault/tab_FirstPayVault")): Object: 'Object Repository/Pages/FirstPayVault/tab_FirstPayVault' is focused&#xD;
&#xD;
2019-11-04 08:42:59 - [MESSAGE][PASSED] - Object: 'Object Repository/Pages/FirstPayVault/tab_FirstPayVault' is focused&#xD;
&#xD;
2019-11-04 08:42:59 - [TEST_STEP][PASSED] - utilities.SafeActions.javascriptclick(findTestObject("Pages/FirstPayVault/tab_FirstPayVault"), PageLoadTime): utilities.SafeActions.javascriptclick is PASSED&#xD;
&#xD;
2019-11-04 08:42:59 - [MESSAGE][PASSED] - utilities.SafeActions.javascriptclick is PASSED&#xD;
&#xD;
2019-11-04 08:42:59 - [TEST_STEP][PASSED] - delay(2): Delayed 2 second(s)&#xD;
&#xD;
2019-11-04 08:43:01 - [MESSAGE][PASSED] - Delayed 2 second(s)&#xD;
&#xD;
2019-11-04 08:43:01 - [TEST_STEP][PASSED] - utilities.SafeActions.safeClickWithoutScroll(findTestObject("Pages/FirstPayVault/tab_FirstPayVault"), "Click on FistPayVault tab", [delayForElement]): utilities.SafeActions.safeClickWithoutScroll is PASSED&#xD;
&#xD;
2019-11-04 08:43:01 - [MESSAGE][INFO] - Safe Click Without scroll&#xD;
&#xD;
2019-11-04 08:43:01 - [MESSAGE][INFO] - 1stPayVault_TestSuite.ts:waiting until Click on FistPayVault tab is Clickable&#xD;
&#xD;
2019-11-04 08:43:01 - [MESSAGE][PASSED] - Object 'Object Repository/Pages/FirstPayVault/tab_FirstPayVault' is clickable&#xD;
&#xD;
2019-11-04 08:43:01 - [MESSAGE][PASSED] - Object 'Object Repository/Pages/FirstPayVault/tab_FirstPayVault' is visible&#xD;
&#xD;
2019-11-04 08:43:02 - [MESSAGE][PASSED] - Object: 'Object Repository/Pages/FirstPayVault/tab_FirstPayVault' is clicked on&#xD;
&#xD;
2019-11-04 08:43:02 - [MESSAGE][INFO] - 1stPayVault_TestSuite.ts: click on the Click on FistPayVault tab&#xD;
&#xD;
2019-11-04 08:43:02 - [MESSAGE][PASSED] - utilities.SafeActions.safeClickWithoutScroll is PASSED&#xD;
&#xD;
2019-11-04 08:43:02 - [TEST_STEP][PASSED] - utilities.SafeActions.safeClickWithoutScroll(findTestObject("Pages/FirstPayVault/button_CreateVault"), "Click on CreateVault button", [PageLoadTime]): utilities.SafeActions.safeClickWithoutScroll is PASSED&#xD;
&#xD;
2019-11-04 08:43:02 - [MESSAGE][INFO] - Safe Click Without scroll&#xD;
&#xD;
2019-11-04 08:43:02 - [MESSAGE][INFO] - 1stPayVault_TestSuite.ts:waiting until Click on CreateVault button is Clickable&#xD;
&#xD;
2019-11-04 08:43:02 - [MESSAGE][PASSED] - Object 'Object Repository/Pages/FirstPayVault/button_CreateVault' is clickable&#xD;
&#xD;
2019-11-04 08:43:02 - [MESSAGE][PASSED] - Object 'Object Repository/Pages/FirstPayVault/button_CreateVault' is visible&#xD;
&#xD;
2019-11-04 08:43:03 - [MESSAGE][PASSED] - Object: 'Object Repository/Pages/FirstPayVault/button_CreateVault' is clicked on&#xD;
&#xD;
2019-11-04 08:43:03 - [MESSAGE][INFO] - 1stPayVault_TestSuite.ts: click on the Click on CreateVault button&#xD;
&#xD;
2019-11-04 08:43:03 - [MESSAGE][PASSED] - utilities.SafeActions.safeClickWithoutScroll is PASSED&#xD;
&#xD;
2019-11-04 08:43:03 - [TEST_STEP][PASSED] - scrollToElement(findTestObject("Pages/FirstPayVault/input_VaultReferenceNumber"), PageLoadTime): Scroll to object 'Object Repository/Pages/FirstPayVault/input_VaultReferenceNumber' successfully&#xD;
&#xD;
2019-11-04 08:43:04 - [MESSAGE][PASSED] - Scroll to object 'Object Repository/Pages/FirstPayVault/input_VaultReferenceNumber' successfully&#xD;
&#xD;
2019-11-04 08:43:04 - [TEST_STEP][PASSED] - vaultReference = utilities.SafeActions.timeWithMilliSeconds(): utilities.SafeActions.timeWithMilliSeconds is PASSED&#xD;
&#xD;
2019-11-04 08:43:04 - [MESSAGE][PASSED] - utilities.SafeActions.timeWithMilliSeconds is PASSED&#xD;
&#xD;
2019-11-04 08:43:04 - [TEST_STEP][PASSED] - utilities.SafeActions.safeType(findTestObject("Pages/FirstPayVault/input_VaultReferenceNumber"), vaultReference, "Entering Vault Reference Number", [PageLoadTime]): utilities.SafeActions.safeType is PASSED&#xD;
&#xD;
2019-11-04 08:43:04 - [MESSAGE][PASSED] - Object 'Object Repository/Pages/FirstPayVault/input_VaultReferenceNumber' is present&#xD;
&#xD;
2019-11-04 08:43:04 - [MESSAGE][PASSED] - Object 'Object Repository/Pages/FirstPayVault/input_VaultReferenceNumber' is present&#xD;
&#xD;
2019-11-04 08:43:05 - [MESSAGE][PASSED] - Object: 'Object Repository/Pages/FirstPayVault/input_VaultReferenceNumber' is clicked on&#xD;
&#xD;
2019-11-04 08:43:05 - [MESSAGE][PASSED] - Text '2019-11-04 08:43:04.014' is set on object 'Object Repository/Pages/FirstPayVault/input_VaultReferenceNumber'&#xD;
&#xD;
2019-11-04 08:43:05 - [MESSAGE][PASSED] - utilities.SafeActions.safeType is PASSED&#xD;
&#xD;
2019-11-04 08:43:05 - [TEST_STEP][PASSED] - utilities.SafeActions.safeType(findTestObject("Pages/FirstPayVault/input_CreditCardNumber"), visaCardNumber, "Entering Card Number", [PageLoadTime]): utilities.SafeActions.safeType is PASSED&#xD;
&#xD;
2019-11-04 08:43:05 - [MESSAGE][PASSED] - Object 'Object Repository/Pages/FirstPayVault/input_CreditCardNumber' is present&#xD;
&#xD;
2019-11-04 08:43:05 - [MESSAGE][PASSED] - Object 'Object Repository/Pages/FirstPayVault/input_CreditCardNumber' is present&#xD;
&#xD;
2019-11-04 08:43:06 - [MESSAGE][PASSED] - Object: 'Object Repository/Pages/FirstPayVault/input_CreditCardNumber' is clicked on&#xD;
&#xD;
2019-11-04 08:43:06 - [MESSAGE][PASSED] - Text '4111111111111111' is set on object 'Object Repository/Pages/FirstPayVault/input_CreditCardNumber'&#xD;
&#xD;
2019-11-04 08:43:06 - [MESSAGE][PASSED] - utilities.SafeActions.safeType is PASSED&#xD;
&#xD;
2019-11-04 08:43:06 - [TEST_STEP][PASSED] - utilities.SafeActions.safeSelectOptionInDropDownByVisibleText(findTestObject("Pages/FirstPayVault/dropDown_ExpirationMonth"), cardMonth, "Expiration Month", [PageLoadTime]): utilities.SafeActions.safeSelectOptionInDropDownByVisibleText is PASSED&#xD;
&#xD;
2019-11-04 08:43:06 - [MESSAGE][PASSED] - Object 'Object Repository/Pages/FirstPayVault/dropDown_ExpirationMonth' is visible&#xD;
&#xD;
2019-11-04 08:43:06 - [MESSAGE][PASSED] - Object 'Object Repository/Pages/FirstPayVault/dropDown_ExpirationMonth' is present&#xD;
&#xD;
2019-11-04 08:43:07 - [MESSAGE][PASSED] - Object: 'Object Repository/Pages/FirstPayVault/dropDown_ExpirationMonth' is clicked on&#xD;
&#xD;
2019-11-04 08:43:08 - [MESSAGE][PASSED] - All options with label 'September' are selected in object 'Object Repository/Pages/FirstPayVault/dropDown_ExpirationMonth' &#xD;
&#xD;
2019-11-04 08:43:08 - [MESSAGE][PASSED] - utilities.SafeActions.safeSelectOptionInDropDownByVisibleText is PASSED&#xD;
&#xD;
2019-11-04 08:43:08 - [TEST_STEP][PASSED] - utilities.SafeActions.safeSelectOptionInDropDownByVisibleText(findTestObject("Pages/FirstPayVault/dropDown_ExpirationYear"), cardYear, "year", [PageLoadTime]): utilities.SafeActions.safeSelectOptionInDropDownByVisibleText is PASSED&#xD;
&#xD;
2019-11-04 08:43:08 - [MESSAGE][PASSED] - Object 'Object Repository/Pages/FirstPayVault/dropDown_ExpirationYear' is visible&#xD;
&#xD;
2019-11-04 08:43:08 - [MESSAGE][PASSED] - Object 'Object Repository/Pages/FirstPayVault/dropDown_ExpirationYear' is present&#xD;
&#xD;
2019-11-04 08:43:09 - [MESSAGE][PASSED] - Object: 'Object Repository/Pages/FirstPayVault/dropDown_ExpirationYear' is clicked on&#xD;
&#xD;
2019-11-04 08:43:09 - [MESSAGE][PASSED] - All options with label '2022' are selected in object 'Object Repository/Pages/FirstPayVault/dropDown_ExpirationYear' &#xD;
&#xD;
2019-11-04 08:43:09 - [MESSAGE][PASSED] - utilities.SafeActions.safeSelectOptionInDropDownByVisibleText is PASSED&#xD;
&#xD;
2019-11-04 08:43:09 - [TEST_STEP][PASSED] - utilities.SafeActions.safeType(findTestObject("Pages/FirstPayVault/input_ContactName"), customerName, "Enter Contact Name", [PageLoadTime]): utilities.SafeActions.safeType is PASSED&#xD;
&#xD;
2019-11-04 08:43:09 - [MESSAGE][PASSED] - Object 'Object Repository/Pages/FirstPayVault/input_ContactName' is present&#xD;
&#xD;
2019-11-04 08:43:09 - [MESSAGE][PASSED] - Object 'Object Repository/Pages/FirstPayVault/input_ContactName' is present&#xD;
&#xD;
2019-11-04 08:43:10 - [MESSAGE][PASSED] - Object: 'Object Repository/Pages/FirstPayVault/input_ContactName' is clicked on&#xD;
&#xD;
2019-11-04 08:43:10 - [MESSAGE][PASSED] - Text 'Venkat Sai' is set on object 'Object Repository/Pages/FirstPayVault/input_ContactName'&#xD;
&#xD;
2019-11-04 08:43:10 - [MESSAGE][PASSED] - utilities.SafeActions.safeType is PASSED&#xD;
&#xD;
2019-11-04 08:43:10 - [TEST_STEP][PASSED] - utilities.SafeActions.safeType(findTestObject("Pages/FirstPayVault/input_PostalCode"), postalCode, "Enter Postal Code", [PageLoadTime]): utilities.SafeActions.safeType is PASSED&#xD;
&#xD;
2019-11-04 08:43:10 - [MESSAGE][PASSED] - Object 'Object Repository/Pages/FirstPayVault/input_PostalCode' is present&#xD;
&#xD;
2019-11-04 08:43:10 - [MESSAGE][PASSED] - Object 'Object Repository/Pages/FirstPayVault/input_PostalCode' is present&#xD;
&#xD;
2019-11-04 08:43:11 - [MESSAGE][PASSED] - Object: 'Object Repository/Pages/FirstPayVault/input_PostalCode' is clicked on&#xD;
&#xD;
2019-11-04 08:43:11 - [MESSAGE][PASSED] - Text '76102' is set on object 'Object Repository/Pages/FirstPayVault/input_PostalCode'&#xD;
&#xD;
2019-11-04 08:43:11 - [MESSAGE][PASSED] - utilities.SafeActions.safeType is PASSED&#xD;
&#xD;
2019-11-04 08:43:11 - [TEST_STEP][PASSED] - utilities.SafeActions.safeType(findTestObject("Pages/FirstPayVault/input_Address"), address, "Enter ddress", [PageLoadTime]): utilities.SafeActions.safeType is PASSED&#xD;
&#xD;
2019-11-04 08:43:11 - [MESSAGE][PASSED] - Object 'Object Repository/Pages/FirstPayVault/input_Address' is present&#xD;
&#xD;
2019-11-04 08:43:11 - [MESSAGE][PASSED] - Object 'Object Repository/Pages/FirstPayVault/input_Address' is present&#xD;
&#xD;
2019-11-04 08:43:12 - [MESSAGE][PASSED] - Object: 'Object Repository/Pages/FirstPayVault/input_Address' is clicked on&#xD;
&#xD;
2019-11-04 08:43:12 - [MESSAGE][PASSED] - Text 'Street123' is set on object 'Object Repository/Pages/FirstPayVault/input_Address'&#xD;
&#xD;
2019-11-04 08:43:12 - [MESSAGE][PASSED] - utilities.SafeActions.safeType is PASSED&#xD;
&#xD;
2019-11-04 08:43:12 - [TEST_STEP][PASSED] - utilities.SafeActions.safeCheckForElement(findTestObject("Pages/FirstPayVault/chekBox_AddShippingInformation"), PageLoadTime): utilities.SafeActions.safeCheckForElement is PASSED&#xD;
&#xD;
2019-11-04 08:43:12 - [MESSAGE][PASSED] - Object 'Object Repository/Pages/FirstPayVault/chekBox_AddShippingInformation' is present&#xD;
&#xD;
2019-11-04 08:43:12 - [MESSAGE][PASSED] - Object 'Object Repository/Pages/FirstPayVault/chekBox_AddShippingInformation' is visible&#xD;
&#xD;
2019-11-04 08:43:12 - [MESSAGE][PASSED] - Object 'Object Repository/Pages/FirstPayVault/chekBox_AddShippingInformation' is present&#xD;
&#xD;
2019-11-04 08:43:13 - [MESSAGE][PASSED] - Object 'Object Repository/Pages/FirstPayVault/chekBox_AddShippingInformation' is checked&#xD;
&#xD;
2019-11-04 08:43:13 - [MESSAGE][PASSED] - utilities.SafeActions.safeCheckForElement is PASSED&#xD;
&#xD;
2019-11-04 08:43:13 - [TEST_STEP][PASSED] - utilities.SafeActions.safeType(findTestObject("Pages/FirstPayVault/input_ShippingMethod"), shippingMethod, "Enter Shipping Method", [PageLoadTime]): utilities.SafeActions.safeType is PASSED&#xD;
&#xD;
2019-11-04 08:43:13 - [MESSAGE][PASSED] - Object 'Object Repository/Pages/FirstPayVault/input_ShippingMethod' is present&#xD;
&#xD;
2019-11-04 08:43:13 - [MESSAGE][PASSED] - Object 'Object Repository/Pages/FirstPayVault/input_ShippingMethod' is present&#xD;
&#xD;
2019-11-04 08:43:14 - [MESSAGE][PASSED] - Object: 'Object Repository/Pages/FirstPayVault/input_ShippingMethod' is clicked on&#xD;
&#xD;
2019-11-04 08:43:14 - [MESSAGE][PASSED] - Text 'DTDC' is set on object 'Object Repository/Pages/FirstPayVault/input_ShippingMethod'&#xD;
&#xD;
2019-11-04 08:43:14 - [MESSAGE][PASSED] - utilities.SafeActions.safeType is PASSED&#xD;
&#xD;
2019-11-04 08:43:14 - [TEST_STEP][PASSED] - utilities.SafeActions.safeCheckForElement(findTestObject("Pages/FirstPayVault/checkbox_SameAsBillingInformation"), PageLoadTime): utilities.SafeActions.safeCheckForElement is PASSED&#xD;
&#xD;
2019-11-04 08:43:14 - [MESSAGE][PASSED] - Object 'Object Repository/Pages/FirstPayVault/checkbox_SameAsBillingInformation' is present&#xD;
&#xD;
2019-11-04 08:43:14 - [MESSAGE][PASSED] - Object 'Object Repository/Pages/FirstPayVault/checkbox_SameAsBillingInformation' is visible&#xD;
&#xD;
2019-11-04 08:43:14 - [MESSAGE][PASSED] - Object 'Object Repository/Pages/FirstPayVault/checkbox_SameAsBillingInformation' is present&#xD;
&#xD;
2019-11-04 08:43:15 - [MESSAGE][PASSED] - Object 'Object Repository/Pages/FirstPayVault/checkbox_SameAsBillingInformation' is checked&#xD;
&#xD;
2019-11-04 08:43:15 - [MESSAGE][PASSED] - utilities.SafeActions.safeCheckForElement is PASSED&#xD;
&#xD;
2019-11-04 08:43:15 - [TEST_STEP][PASSED] - utilities.SafeActions.safeClickwithScroll(findTestObject("Pages/FirstPayVault/button_Create"), "Click on Create Button", [PageLoadTime]): utilities.SafeActions.safeClickwithScroll is PASSED&#xD;
&#xD;
2019-11-04 08:43:15 - [MESSAGE][PASSED] - Object 'Object Repository/Pages/FirstPayVault/button_Create' is present&#xD;
&#xD;
2019-11-04 08:43:15 - [MESSAGE][PASSED] - Object 'Object Repository/Pages/FirstPayVault/button_Create' is visible&#xD;
&#xD;
2019-11-04 08:43:15 - [MESSAGE][INFO] - 1stPayVault_TestSuite.ts:waiting until Click on Create Button is Clickable&#xD;
&#xD;
2019-11-04 08:43:15 - [MESSAGE][PASSED] - Object 'Object Repository/Pages/FirstPayVault/button_Create' is clickable&#xD;
&#xD;
2019-11-04 08:43:15 - [MESSAGE][PASSED] - Object 'Object Repository/Pages/FirstPayVault/button_Create' is visible&#xD;
&#xD;
2019-11-04 08:43:16 - [MESSAGE][PASSED] - Object: 'Object Repository/Pages/FirstPayVault/button_Create' is clicked on&#xD;
&#xD;
2019-11-04 08:43:16 - [MESSAGE][INFO] - 1stPayVault_TestSuite.ts: Clicked on the Click on Create Button&#xD;
&#xD;
2019-11-04 08:43:16 - [MESSAGE][PASSED] - utilities.SafeActions.safeClickwithScroll is PASSED&#xD;
&#xD;
2019-11-04 08:43:16 - [TEST_STEP][PASSED] - popupSavedToVaultMessage = utilities.SafeActions.safeGetText(findTestObject("Pages/FirstPayVault/popup_SavedToVaultMessage"), PageLoadTime): utilities.SafeActions.safeGetText is PASSED&#xD;
&#xD;
2019-11-04 08:43:16 - [MESSAGE][PASSED] - Object 'Object Repository/Pages/FirstPayVault/popup_SavedToVaultMessage' is present&#xD;
&#xD;
2019-11-04 08:43:16 - [MESSAGE][PASSED] - Scroll to object 'Object Repository/Pages/FirstPayVault/popup_SavedToVaultMessage' successfully&#xD;
&#xD;
2019-11-04 08:43:16 - [MESSAGE][PASSED] - Object 'Object Repository/Pages/FirstPayVault/popup_SavedToVaultMessage' is present&#xD;
&#xD;
2019-11-04 08:43:17 - [MESSAGE][PASSED] - Text of object 'Object Repository/Pages/FirstPayVault/popup_SavedToVaultMessage' is: 'Successfully Saved to Vault'&#xD;
&#xD;
2019-11-04 08:43:17 - [MESSAGE][PASSED] - utilities.SafeActions.safeGetText is PASSED&#xD;
&#xD;
2019-11-04 08:43:17 - [TEST_STEP][PASSED] - flag = utilities.SafeActions.verifyPopupMessage("Successfully Saved to Vault", popupSavedToVaultMessage): Popup Message : Successfully Saved to Vault matched with expected message : Successfully Saved to Vault&#xD;
&#xD;
2019-11-04 08:43:17 - [MESSAGE][PASSED] - Popup Message : Successfully Saved to Vault matched with expected message : Successfully Saved to Vault&#xD;
&#xD;
2019-11-04 08:43:17 - [TEST_STEP][PASSED] - utilities.SafeActions.safeClickWithoutScroll(findTestObject("Pages/FirstPayVault/button_RunSaleWithThisVault_InPopup"), "Click on Run Sale With This Vault in Popup", [delayBetweenTestSteps]): utilities.SafeActions.safeClickWithoutScroll is PASSED&#xD;
&#xD;
2019-11-04 08:43:17 - [MESSAGE][INFO] - Safe Click Without scroll&#xD;
&#xD;
2019-11-04 08:43:17 - [MESSAGE][INFO] - 1stPayVault_TestSuite.ts:waiting until Click on Run Sale With This Vault in Popup is Clickable&#xD;
&#xD;
2019-11-04 08:43:17 - [MESSAGE][PASSED] - Object 'Object Repository/Pages/FirstPayVault/button_RunSaleWithThisVault_InPopup' is clickable&#xD;
&#xD;
2019-11-04 08:43:17 - [MESSAGE][PASSED] - Object 'Object Repository/Pages/FirstPayVault/button_RunSaleWithThisVault_InPopup' is visible&#xD;
&#xD;
2019-11-04 08:43:18 - [MESSAGE][PASSED] - Object: 'Object Repository/Pages/FirstPayVault/button_RunSaleWithThisVault_InPopup' is clicked on&#xD;
&#xD;
2019-11-04 08:43:18 - [MESSAGE][INFO] - 1stPayVault_TestSuite.ts: click on the Click on Run Sale With This Vault in Popup&#xD;
&#xD;
2019-11-04 08:43:18 - [MESSAGE][PASSED] - utilities.SafeActions.safeClickWithoutScroll is PASSED&#xD;
&#xD;
2019-11-04 08:43:18 - [TEST_STEP][PASSED] - value = utilities.SafeActions.getAttributeValue(findTestObject("Pages/FirstPayVault/tab_1stPayVault_Active"), "1st_PayVault"): The screen is 1st_PayVault screen&#xD;
&#xD;
2019-11-04 08:43:18 - [MESSAGE][PASSED] - Attribute 'class' of object 'Object Repository/Pages/FirstPayVault/tab_1stPayVault_Active' is: 'active_tab tabs__link'&#xD;
&#xD;
2019-11-04 08:43:18 - [MESSAGE][PASSED] - The screen is 1st_PayVault screen&#xD;
&#xD;
2019-11-04 08:43:18 - [TEST_STEP][PASSED] - scrollToElement(findTestObject("Pages/FirstPayVault/input_Amount"), PageLoadTime): Scroll to object 'Object Repository/Pages/FirstPayVault/input_Amount' successfully&#xD;
&#xD;
2019-11-04 08:43:18 - [MESSAGE][PASSED] - Scroll to object 'Object Repository/Pages/FirstPayVault/input_Amount' successfully&#xD;
&#xD;
2019-11-04 08:43:18 - [TEST_STEP][PASSED] - utilities.SafeActions.safeType(findTestObject("Pages/FirstPayVault/input_Amount"), amount, "Enter Amount", [PageLoadTime]): utilities.SafeActions.safeType is PASSED&#xD;
&#xD;
2019-11-04 08:43:18 - [MESSAGE][PASSED] - Object 'Object Repository/Pages/FirstPayVault/input_Amount' is present&#xD;
&#xD;
2019-11-04 08:43:18 - [MESSAGE][PASSED] - Object 'Object Repository/Pages/FirstPayVault/input_Amount' is present&#xD;
&#xD;
2019-11-04 08:43:19 - [MESSAGE][PASSED] - Object: 'Object Repository/Pages/FirstPayVault/input_Amount' is clicked on&#xD;
&#xD;
2019-11-04 08:43:19 - [MESSAGE][PASSED] - Text '450' is set on object 'Object Repository/Pages/FirstPayVault/input_Amount'&#xD;
&#xD;
2019-11-04 08:43:19 - [MESSAGE][PASSED] - utilities.SafeActions.safeType is PASSED&#xD;
&#xD;
2019-11-04 08:43:19 - [TEST_STEP][PASSED] - salesTax = utilities.SafeActions.safeGetText(findTestObject("Pages/FirstPayVault/input_SalesTaxUnderAmount"), delayBetweenTestSteps): utilities.SafeActions.safeGetText is PASSED&#xD;
&#xD;
2019-11-04 08:43:19 - [MESSAGE][PASSED] - Object 'Object Repository/Pages/FirstPayVault/input_SalesTaxUnderAmount' is present&#xD;
&#xD;
2019-11-04 08:43:19 - [MESSAGE][PASSED] - Scroll to object 'Object Repository/Pages/FirstPayVault/input_SalesTaxUnderAmount' successfully&#xD;
&#xD;
2019-11-04 08:43:19 - [MESSAGE][PASSED] - Object 'Object Repository/Pages/FirstPayVault/input_SalesTaxUnderAmount' is present&#xD;
&#xD;
2019-11-04 08:43:20 - [MESSAGE][PASSED] - Text of object 'Object Repository/Pages/FirstPayVault/input_SalesTaxUnderAmount' is: '$37.13'&#xD;
&#xD;
2019-11-04 08:43:20 - [MESSAGE][PASSED] - utilities.SafeActions.safeGetText is PASSED&#xD;
&#xD;
2019-11-04 08:43:20 - [TEST_STEP][PASSED] - pages.FirstPayVault.verifyAmountIsNotZero(salesTax): pages.FirstPayVault.verifyAmountIsNotZero is PASSED&#xD;
&#xD;
2019-11-04 08:43:20 - [MESSAGE][PASSED] - pages.FirstPayVault.verifyAmountIsNotZero is PASSED&#xD;
&#xD;
2019-11-04 08:43:20 - [TEST_STEP][PASSED] - scrollToElement(findTestObject("Pages/FirstPayVault/input_CreditCardNumberForVerification"), delayBetweenTestSteps): Scroll to object 'Object Repository/Pages/FirstPayVault/input_CreditCardNumberForVerification' successfully&#xD;
&#xD;
2019-11-04 08:43:20 - [MESSAGE][PASSED] - Scroll to object 'Object Repository/Pages/FirstPayVault/input_CreditCardNumberForVerification' successfully&#xD;
&#xD;
2019-11-04 08:43:20 - [TEST_STEP][PASSED] - cardNumber = utilities.SafeActions.getAttribute(findTestObject("Pages/FirstPayVault/input_CreditCardNumberForVerification"), "1st Pay Vault"): utilities.SafeActions.getAttribute is PASSED&#xD;
&#xD;
2019-11-04 08:43:20 - [MESSAGE][PASSED] - Attribute 'value' of object 'Object Repository/Pages/FirstPayVault/input_CreditCardNumberForVerification' is: '411111******1111'&#xD;
&#xD;
2019-11-04 08:43:20 - [MESSAGE][PASSED] - utilities.SafeActions.getAttribute is PASSED&#xD;
&#xD;
2019-11-04 08:43:20 - [TEST_STEP][PASSED] - pages.FirstPayVault.verifyCardNumber(cardNumber, visaCardNumber): Actual String : 4111111111111111 matched with Expected message : 411111******1111&#xD;
&#xD;
2019-11-04 08:43:20 - [MESSAGE][PASSED] - Actual String : 4111111111111111 matched with Expected message : 411111******1111&#xD;
&#xD;
2019-11-04 08:43:20 - [TEST_STEP][PASSED] - expirationYear = utilities.SafeActions.getAttribute(findTestObject("Pages/FirstPayVault/dropDownExpirationYearForVerification"), "1st Pay Vault"): utilities.SafeActions.getAttribute is PASSED&#xD;
&#xD;
2019-11-04 08:43:20 - [MESSAGE][PASSED] - Attribute 'value' of object 'Object Repository/Pages/FirstPayVault/dropDownExpirationYearForVerification' is: '2022'&#xD;
&#xD;
2019-11-04 08:43:20 - [MESSAGE][PASSED] - utilities.SafeActions.getAttribute is PASSED&#xD;
&#xD;
2019-11-04 08:43:20 - [TEST_STEP][PASSED] - pages.FirstPayVault.verifyStrings(expirationYear, cardYear): Actual String : 2022 matched with Expected message : 2022&#xD;
&#xD;
2019-11-04 08:43:20 - [MESSAGE][PASSED] - Actual String : 2022 matched with Expected message : 2022&#xD;
&#xD;
2019-11-04 08:43:20 - [TEST_STEP][PASSED] - scrollToElement(findTestObject("Pages/FirstPayVault/input_VerifyCardHolderName"), PageLoadTime): Scroll to object 'Object Repository/Pages/FirstPayVault/input_VerifyCardHolderName' successfully&#xD;
&#xD;
2019-11-04 08:43:21 - [MESSAGE][PASSED] - Scroll to object 'Object Repository/Pages/FirstPayVault/input_VerifyCardHolderName' successfully&#xD;
&#xD;
2019-11-04 08:43:21 - [TEST_STEP][PASSED] - name = utilities.SafeActions.getAttribute(findTestObject("Pages/FirstPayVault/input_VerifyCardHolderName"), "1stPayVault"): utilities.SafeActions.getAttribute is PASSED&#xD;
&#xD;
2019-11-04 08:43:21 - [MESSAGE][PASSED] - Attribute 'value' of object 'Object Repository/Pages/FirstPayVault/input_VerifyCardHolderName' is: 'Venkat Sai'&#xD;
&#xD;
2019-11-04 08:43:21 - [MESSAGE][PASSED] - utilities.SafeActions.getAttribute is PASSED&#xD;
&#xD;
2019-11-04 08:43:21 - [TEST_STEP][PASSED] - pages.FirstPayVault.verifyStrings(name, customerName): Actual String : Venkat Sai matched with Expected message : Venkat Sai&#xD;
&#xD;
2019-11-04 08:43:21 - [MESSAGE][PASSED] - Actual String : Venkat Sai matched with Expected message : Venkat Sai&#xD;
&#xD;
2019-11-04 08:43:21 - [TEST_STEP][PASSED] - scrollToElement(findTestObject("Pages/FirstPayVault/checkbox_TaxExempt"), PageLoadTime): Scroll to object 'Object Repository/Pages/FirstPayVault/checkbox_TaxExempt' successfully&#xD;
&#xD;
2019-11-04 08:43:21 - [MESSAGE][PASSED] - Scroll to object 'Object Repository/Pages/FirstPayVault/checkbox_TaxExempt' successfully&#xD;
&#xD;
2019-11-04 08:43:21 - [TEST_STEP][PASSED] - pages.FirstPayVault.verifyAmountIsNotZero(salesTax): pages.FirstPayVault.verifyAmountIsNotZero is PASSED&#xD;
&#xD;
2019-11-04 08:43:21 - [MESSAGE][PASSED] - pages.FirstPayVault.verifyAmountIsNotZero is PASSED&#xD;
&#xD;
2019-11-04 08:43:21 - [TEST_STEP][PASSED] - utilities.SafeActions.safeCheckForElement(findTestObject("Pages/FirstPayVault/checkbox_TaxExempt"), PageLoadTime): utilities.SafeActions.safeCheckForElement is PASSED&#xD;
&#xD;
2019-11-04 08:43:21 - [MESSAGE][PASSED] - Object 'Object Repository/Pages/FirstPayVault/checkbox_TaxExempt' is present&#xD;
&#xD;
2019-11-04 08:43:21 - [MESSAGE][PASSED] - Object 'Object Repository/Pages/FirstPayVault/checkbox_TaxExempt' is visible&#xD;
&#xD;
2019-11-04 08:43:21 - [MESSAGE][PASSED] - Object 'Object Repository/Pages/FirstPayVault/checkbox_TaxExempt' is present&#xD;
&#xD;
2019-11-04 08:43:22 - [MESSAGE][PASSED] - Object 'Object Repository/Pages/FirstPayVault/checkbox_TaxExempt' is checked&#xD;
&#xD;
2019-11-04 08:43:22 - [MESSAGE][PASSED] - utilities.SafeActions.safeCheckForElement is PASSED&#xD;
&#xD;
2019-11-04 08:43:22 - [TEST_STEP][PASSED] - utilities.SafeActions.safeClickwithScroll(findTestObject("Pages/FirstPayVault/button_Checkout"), "Click on Checkout", [PageLoadTime]): utilities.SafeActions.safeClickwithScroll is PASSED&#xD;
&#xD;
2019-11-04 08:43:22 - [MESSAGE][PASSED] - Object 'Object Repository/Pages/FirstPayVault/button_Checkout' is present&#xD;
&#xD;
2019-11-04 08:43:22 - [MESSAGE][PASSED] - Object 'Object Repository/Pages/FirstPayVault/button_Checkout' is visible&#xD;
&#xD;
2019-11-04 08:43:22 - [MESSAGE][INFO] - 1stPayVault_TestSuite.ts:waiting until Click on Checkout is Clickable&#xD;
&#xD;
2019-11-04 08:43:22 - [MESSAGE][PASSED] - Object 'Object Repository/Pages/FirstPayVault/button_Checkout' is clickable&#xD;
&#xD;
2019-11-04 08:43:22 - [MESSAGE][PASSED] - Object 'Object Repository/Pages/FirstPayVault/button_Checkout' is visible&#xD;
&#xD;
2019-11-04 08:43:23 - [MESSAGE][PASSED] - Object: 'Object Repository/Pages/FirstPayVault/button_Checkout' is clicked on&#xD;
&#xD;
2019-11-04 08:43:23 - [MESSAGE][INFO] - 1stPayVault_TestSuite.ts: Clicked on the Click on Checkout&#xD;
&#xD;
2019-11-04 08:43:23 - [MESSAGE][PASSED] - utilities.SafeActions.safeClickwithScroll is PASSED&#xD;
&#xD;
2019-11-04 08:43:23 - [TEST_STEP][PASSED] - pages.Sale.verifyTransactionCompletePage(findTestObject("Pages/Sale/heading_TransactionComplete")): The screen is Transaction Complete screen&#xD;
&#xD;
2019-11-04 08:43:23 - [MESSAGE][PASSED] - Object 'Object Repository/Pages/Sale/heading_TransactionComplete' is present&#xD;
&#xD;
2019-11-04 08:43:24 - [MESSAGE][PASSED] - The screen is Transaction Complete screen&#xD;
&#xD;
2019-11-04 08:43:24 - [TEST_STEP][PASSED] - utilities.SafeActions.safeClickWithoutScroll(findTestObject("Pages/FirstPayVault/button_ReturnToSale_InTransactionComplete"), "Click On Return Button", [PageLoadTime]): utilities.SafeActions.safeClickWithoutScroll is PASSED&#xD;
&#xD;
2019-11-04 08:43:24 - [MESSAGE][INFO] - Safe Click Without scroll&#xD;
&#xD;
2019-11-04 08:43:24 - [MESSAGE][INFO] - 1stPayVault_TestSuite.ts:waiting until Click On Return Button is Clickable&#xD;
&#xD;
2019-11-04 08:43:24 - [MESSAGE][PASSED] - Object 'Object Repository/Pages/FirstPayVault/button_ReturnToSale_InTransactionComplete' is clickable&#xD;
&#xD;
2019-11-04 08:43:24 - [MESSAGE][PASSED] - Object 'Object Repository/Pages/FirstPayVault/button_ReturnToSale_InTransactionComplete' is visible&#xD;
&#xD;
2019-11-04 08:43:25 - [MESSAGE][PASSED] - Object: 'Object Repository/Pages/FirstPayVault/button_ReturnToSale_InTransactionComplete' is clicked on&#xD;
&#xD;
2019-11-04 08:43:25 - [MESSAGE][INFO] - 1stPayVault_TestSuite.ts: click on the Click On Return Button&#xD;
&#xD;
2019-11-04 08:43:25 - [MESSAGE][PASSED] - utilities.SafeActions.safeClickWithoutScroll is PASSED&#xD;
&#xD;
2019-11-04 08:43:25 - [TEST_STEP][PASSED] - delay(2): Delayed 2 second(s)&#xD;
&#xD;
2019-11-04 08:43:27 - [MESSAGE][PASSED] - Delayed 2 second(s)&#xD;
&#xD;
2019-11-04 08:43:27 - [TEST_STEP][PASSED] - closeBrowser(): Browser is closed&#xD;
&#xD;
2019-11-04 08:43:29 - [MESSAGE][PASSED] - Browser is closed&#xD;
&#xD;
2019-11-04 08:43:29 - [TEST_STEP][PASSED] - Start listener action : sampleAfterTestCase: null&#xD;
&#xD;
2019-11-04 08:43:29 - [TEST_STEP][PASSED] - println(testCaseContext.getTestCaseId()): null&#xD;
&#xD;
2019-11-04 08:43:29 - [TEST_STEP][PASSED] - println(testCaseContext.getTestCaseStatus()): null&#xD;
&#xD;
2019-11-04 08:43:29 - [TEST_STEP][PASSED] - testCaseName = testCaseContext.getTestCaseId(): null&#xD;
&#xD;
2019-11-04 08:43:29 - [TEST_STEP][PASSED] - strCount = testCaseName.lastIndexOf("/"): null&#xD;
&#xD;
2019-11-04 08:43:29 - [TEST_STEP][PASSED] - testCaseName = testCaseName.substring(strCount): null&#xD;
&#xD;
2019-11-04 08:43:29 - [TEST_STEP][PASSED] - println(testCaseName): null&#xD;
&#xD;
2019-11-04 08:43:29 - [TEST_STEP][PASSED] - if (getTestCaseStatus().equalsIgnoreCase("Error")): null&#xD;
&#xD;
2019-11-04 08:43:29 - [TEST_STEP][PASSED] - Start listener action : sampleAfterTestCase: null</system-out>
            <system-err></system-err>
        </testcase>
        <testcase name="Test Cases/FirstView/FirstPayVault/VPOS_1stPayVault_Validate_CreatedVault_Presence_By_SearchVault_Retail" classname="Test Cases/FirstView/FirstPayVault/VPOS_1stPayVault_Validate_CreatedVault_Presence_By_SearchVault_Retail" status="PASSED">
            <system-out>2019-11-04 08:43:29 - [TEST_CASE][PASSED] - Test Cases/FirstView/FirstPayVault/VPOS_1stPayVault_Validate_CreatedVault_Presence_By_SearchVault_Retail: Test Cases/FirstView/FirstPayVault/VPOS_1stPayVault_Validate_CreatedVault_Presence_By_SearchVault_Retail&#xD;
&#xD;
2019-11-04 08:43:29 - [TEST_STEP][PASSED] - Start listener action : sampleBeforeTestCase: null&#xD;
&#xD;
2019-11-04 08:43:29 - [TEST_STEP][PASSED] - println(testCaseContext.getTestCaseId()): null&#xD;
&#xD;
2019-11-04 08:43:29 - [TEST_STEP][PASSED] - println(testCaseContext.getTestCaseVariables()): null&#xD;
&#xD;
2019-11-04 08:43:29 - [TEST_STEP][PASSED] - utilities.SafeActions.openBrowser(URL, [PageLoadTime]): utilities.SafeActions.openBrowser is PASSED&#xD;
&#xD;
2019-11-04 08:43:29 - [MESSAGE][INFO] - Opening Browser&#xD;
&#xD;
2019-11-04 08:43:29 - [MESSAGE][INFO] - Starting 'Firefox' driver&#xD;
&#xD;
2019-11-04 08:43:35 - [MESSAGE][PASSED] - Browser is opened with url: 'https://q-www-firstview-net.faps.net/MVC/Account/Login'&#xD;
&#xD;
2019-11-04 08:43:35 - [MESSAGE][PASSED] - Current window maximized&#xD;
&#xD;
2019-11-04 08:43:35 - [MESSAGE][INFO] - Browser Launched Successfully&#xD;
&#xD;
2019-11-04 08:43:35 - [MESSAGE][PASSED] - utilities.SafeActions.openBrowser is PASSED&#xD;
&#xD;
2019-11-04 08:43:35 - [TEST_STEP][PASSED] - pages.Login.login(uName, password): pages.Login.login is PASSED&#xD;
&#xD;
2019-11-04 08:43:35 - [MESSAGE][PASSED] - Object 'Object Repository/Pages/Login/userName' is present&#xD;
&#xD;
2019-11-04 08:43:35 - [MESSAGE][PASSED] - Object 'Object Repository/Pages/Login/userName' is present&#xD;
&#xD;
2019-11-04 08:43:36 - [MESSAGE][PASSED] - Object: 'Object Repository/Pages/Login/userName' is clicked on&#xD;
&#xD;
2019-11-04 08:43:36 - [MESSAGE][PASSED] - Text 'ZenQRetail' is set on object 'Object Repository/Pages/Login/userName'&#xD;
&#xD;
2019-11-04 08:43:36 - [MESSAGE][PASSED] - Object 'Object Repository/Pages/Login/password' is present&#xD;
&#xD;
2019-11-04 08:43:36 - [MESSAGE][PASSED] - Object 'Object Repository/Pages/Login/password' is present&#xD;
&#xD;
2019-11-04 08:43:37 - [MESSAGE][PASSED] - Object: 'Object Repository/Pages/Login/password' is clicked on&#xD;
&#xD;
2019-11-04 08:43:37 - [MESSAGE][PASSED] - Text 'P@ssword1' is set on object 'Object Repository/Pages/Login/password'&#xD;
&#xD;
2019-11-04 08:43:37 - [MESSAGE][INFO] - Safe Click Without scroll&#xD;
&#xD;
2019-11-04 08:43:37 - [MESSAGE][INFO] - 1stPayVault_TestSuite.ts:waiting until Click on Login is Clickable&#xD;
&#xD;
2019-11-04 08:43:37 - [MESSAGE][PASSED] - Object 'Object Repository/Pages/Login/login' is clickable&#xD;
&#xD;
2019-11-04 08:43:37 - [MESSAGE][PASSED] - Object 'Object Repository/Pages/Login/login' is visible&#xD;
&#xD;
2019-11-04 08:43:39 - [MESSAGE][PASSED] - Object: 'Object Repository/Pages/Login/login' is clicked on&#xD;
&#xD;
2019-11-04 08:43:39 - [MESSAGE][INFO] - 1stPayVault_TestSuite.ts: click on the Click on Login&#xD;
&#xD;
2019-11-04 08:43:39 - [MESSAGE][PASSED] - pages.Login.login is PASSED&#xD;
&#xD;
2019-11-04 08:43:39 - [TEST_STEP][PASSED] - callTestCase(findTestCase("FirstView/Login/TC_SendCode"), [:], STOP_ON_FAILURE): Call Test Case 'Test Cases/FirstView/Login/TC_SendCode' successfully&#xD;
&#xD;
2019-11-04 08:43:40 - [TEST_CASE][PASSED] - Test Cases/FirstView/Login/TC_SendCode: Test Cases/FirstView/Login/TC_SendCode&#xD;
&#xD;
2019-11-04 08:43:40 - [TEST_STEP][PASSED] - flag = pages.SendCode.verifyPage(): pages.SendCode.verifyPage is PASSED&#xD;
&#xD;
2019-11-04 08:43:40 - [MESSAGE][PASSED] - Object 'Object Repository/Pages/SendCodeToValidate/header_SendCodeToValidate' is present and visible in viewport&#xD;
&#xD;
2019-11-04 08:43:40 - [MESSAGE][PASSED] - pages.SendCode.verifyPage is PASSED&#xD;
&#xD;
2019-11-04 08:43:40 - [TEST_STEP][PASSED] - if (flag): pages.SendCode.clickonUserSettings is PASSED&#xD;
&#xD;
2019-11-04 08:43:40 - [TEST_STEP][PASSED] - pages.SendCode.clickonUserSettings(): pages.SendCode.clickonUserSettings is PASSED&#xD;
&#xD;
2019-11-04 08:43:40 - [MESSAGE][PASSED] - Object 'Object Repository/Pages/SendCodeToValidate/link_UserSettings' is present&#xD;
&#xD;
2019-11-04 08:43:40 - [MESSAGE][PASSED] - Object 'Object Repository/Pages/SendCodeToValidate/link_UserSettings' is visible&#xD;
&#xD;
2019-11-04 08:43:40 - [MESSAGE][INFO] - 1stPayVault_TestSuite.ts:waiting until Click on User Settings is Clickable&#xD;
&#xD;
2019-11-04 08:43:40 - [MESSAGE][PASSED] - Object 'Object Repository/Pages/SendCodeToValidate/link_UserSettings' is clickable&#xD;
&#xD;
2019-11-04 08:43:40 - [MESSAGE][PASSED] - Object 'Object Repository/Pages/SendCodeToValidate/link_UserSettings' is visible&#xD;
&#xD;
2019-11-04 08:43:41 - [MESSAGE][PASSED] - Object: 'Object Repository/Pages/SendCodeToValidate/link_UserSettings' is clicked on&#xD;
&#xD;
2019-11-04 08:43:41 - [MESSAGE][INFO] - 1stPayVault_TestSuite.ts: Clicked on the Click on User Settings&#xD;
&#xD;
2019-11-04 08:43:41 - [MESSAGE][PASSED] - pages.SendCode.clickonUserSettings is PASSED&#xD;
&#xD;
2019-11-04 08:43:41 - [MESSAGE][PASSED] - Call Test Case 'Test Cases/FirstView/Login/TC_SendCode' successfully&#xD;
&#xD;
2019-11-04 08:43:41 - [TEST_STEP][PASSED] - callTestCase(findTestCase("FirstView/Login/TC_FirstView"), [:], STOP_ON_FAILURE): Call Test Case 'Test Cases/FirstView/Login/TC_FirstView' successfully&#xD;
&#xD;
2019-11-04 08:43:41 - [TEST_CASE][PASSED] - Test Cases/FirstView/Login/TC_FirstView: Test Cases/FirstView/Login/TC_FirstView&#xD;
&#xD;
2019-11-04 08:43:41 - [TEST_STEP][PASSED] - delay(3): Delayed 3 second(s)&#xD;
&#xD;
2019-11-04 08:43:44 - [MESSAGE][PASSED] - Delayed 3 second(s)&#xD;
&#xD;
2019-11-04 08:43:44 - [TEST_STEP][PASSED] - utilities.SafeActions.javascriptclick(findTestObject("Pages/FirstView/link_Home"), delayForElement): utilities.SafeActions.javascriptclick is PASSED&#xD;
&#xD;
2019-11-04 08:43:45 - [MESSAGE][PASSED] - utilities.SafeActions.javascriptclick is PASSED&#xD;
&#xD;
2019-11-04 08:43:45 - [TEST_STEP][PASSED] - utilities.SafeActions.safeClickWithoutScroll(findTestObject("Pages/FirstView/link_VPOS"), "Click on VPOS button in First View screen", [PageLoadTime]): utilities.SafeActions.safeClickWithoutScroll is PASSED&#xD;
&#xD;
2019-11-04 08:43:45 - [MESSAGE][INFO] - Safe Click Without scroll&#xD;
&#xD;
2019-11-04 08:43:45 - [MESSAGE][INFO] - 1stPayVault_TestSuite.ts:waiting until Click on VPOS button in First View screen is Clickable&#xD;
&#xD;
2019-11-04 08:43:46 - [MESSAGE][PASSED] - Object 'Object Repository/Pages/FirstView/link_VPOS' is clickable&#xD;
&#xD;
2019-11-04 08:43:46 - [MESSAGE][PASSED] - Object 'Object Repository/Pages/FirstView/link_VPOS' is visible&#xD;
&#xD;
2019-11-04 08:43:47 - [MESSAGE][PASSED] - Object: 'Object Repository/Pages/FirstView/link_VPOS' is clicked on&#xD;
&#xD;
2019-11-04 08:43:47 - [MESSAGE][INFO] - 1stPayVault_TestSuite.ts: click on the Click on VPOS button in First View screen&#xD;
&#xD;
2019-11-04 08:43:47 - [MESSAGE][PASSED] - utilities.SafeActions.safeClickWithoutScroll is PASSED&#xD;
&#xD;
2019-11-04 08:43:47 - [MESSAGE][PASSED] - Call Test Case 'Test Cases/FirstView/Login/TC_FirstView' successfully&#xD;
&#xD;
2019-11-04 08:43:47 - [TEST_STEP][PASSED] - switchToWindowTitle("Transcenter - VPOS"): Switched to window with title: 'Transcenter - VPOS'&#xD;
&#xD;
2019-11-04 08:43:50 - [MESSAGE][PASSED] - Switched to window with title: 'Transcenter - VPOS'&#xD;
&#xD;
2019-11-04 08:43:50 - [TEST_STEP][PASSED] - focus(findTestObject("Pages/FirstPayVault/tab_FirstPayVault")): Object: 'Object Repository/Pages/FirstPayVault/tab_FirstPayVault' is focused&#xD;
&#xD;
2019-11-04 08:43:52 - [MESSAGE][PASSED] - Object: 'Object Repository/Pages/FirstPayVault/tab_FirstPayVault' is focused&#xD;
&#xD;
2019-11-04 08:43:52 - [TEST_STEP][PASSED] - utilities.SafeActions.javascriptclick(findTestObject("Pages/FirstPayVault/tab_FirstPayVault"), PageLoadTime): utilities.SafeActions.javascriptclick is PASSED&#xD;
&#xD;
2019-11-04 08:43:52 - [MESSAGE][PASSED] - utilities.SafeActions.javascriptclick is PASSED&#xD;
&#xD;
2019-11-04 08:43:52 - [TEST_STEP][PASSED] - delay(2): Delayed 2 second(s)&#xD;
&#xD;
2019-11-04 08:43:54 - [MESSAGE][PASSED] - Delayed 2 second(s)&#xD;
&#xD;
2019-11-04 08:43:54 - [TEST_STEP][PASSED] - utilities.SafeActions.safeClickWithoutScroll(findTestObject("Pages/FirstPayVault/tab_FirstPayVault"), "Click on FistPayVault tab", [delayForElement]): utilities.SafeActions.safeClickWithoutScroll is PASSED&#xD;
&#xD;
2019-11-04 08:43:54 - [MESSAGE][INFO] - Safe Click Without scroll&#xD;
&#xD;
2019-11-04 08:43:54 - [MESSAGE][INFO] - 1stPayVault_TestSuite.ts:waiting until Click on FistPayVault tab is Clickable&#xD;
&#xD;
2019-11-04 08:43:54 - [MESSAGE][PASSED] - Object 'Object Repository/Pages/FirstPayVault/tab_FirstPayVault' is clickable&#xD;
&#xD;
2019-11-04 08:43:54 - [MESSAGE][PASSED] - Object 'Object Repository/Pages/FirstPayVault/tab_FirstPayVault' is visible&#xD;
&#xD;
2019-11-04 08:43:55 - [MESSAGE][PASSED] - Object: 'Object Repository/Pages/FirstPayVault/tab_FirstPayVault' is clicked on&#xD;
&#xD;
2019-11-04 08:43:55 - [MESSAGE][INFO] - 1stPayVault_TestSuite.ts: click on the Click on FistPayVault tab&#xD;
&#xD;
2019-11-04 08:43:55 - [MESSAGE][PASSED] - utilities.SafeActions.safeClickWithoutScroll is PASSED&#xD;
&#xD;
2019-11-04 08:43:55 - [TEST_STEP][PASSED] - utilities.SafeActions.safeClickWithoutScroll(findTestObject("Pages/FirstPayVault/button_CreateVault"), "Click on CreateVault button", [PageLoadTime]): utilities.SafeActions.safeClickWithoutScroll is PASSED&#xD;
&#xD;
2019-11-04 08:43:55 - [MESSAGE][INFO] - Safe Click Without scroll&#xD;
&#xD;
2019-11-04 08:43:55 - [MESSAGE][INFO] - 1stPayVault_TestSuite.ts:waiting until Click on CreateVault button is Clickable&#xD;
&#xD;
2019-11-04 08:43:55 - [MESSAGE][PASSED] - Object 'Object Repository/Pages/FirstPayVault/button_CreateVault' is clickable&#xD;
&#xD;
2019-11-04 08:43:55 - [MESSAGE][PASSED] - Object 'Object Repository/Pages/FirstPayVault/button_CreateVault' is visible&#xD;
&#xD;
2019-11-04 08:43:56 - [MESSAGE][PASSED] - Object: 'Object Repository/Pages/FirstPayVault/button_CreateVault' is clicked on&#xD;
&#xD;
2019-11-04 08:43:56 - [MESSAGE][INFO] - 1stPayVault_TestSuite.ts: click on the Click on CreateVault button&#xD;
&#xD;
2019-11-04 08:43:56 - [MESSAGE][PASSED] - utilities.SafeActions.safeClickWithoutScroll is PASSED&#xD;
&#xD;
2019-11-04 08:43:56 - [TEST_STEP][PASSED] - scrollToElement(findTestObject("Pages/FirstPayVault/input_VaultReferenceNumber"), PageLoadTime): Scroll to object 'Object Repository/Pages/FirstPayVault/input_VaultReferenceNumber' successfully&#xD;
&#xD;
2019-11-04 08:43:56 - [MESSAGE][PASSED] - Scroll to object 'Object Repository/Pages/FirstPayVault/input_VaultReferenceNumber' successfully&#xD;
&#xD;
2019-11-04 08:43:56 - [TEST_STEP][PASSED] - vaultReference = utilities.SafeActions.timeWithMilliSeconds(): utilities.SafeActions.timeWithMilliSeconds is PASSED&#xD;
&#xD;
2019-11-04 08:43:56 - [MESSAGE][PASSED] - utilities.SafeActions.timeWithMilliSeconds is PASSED&#xD;
&#xD;
2019-11-04 08:43:56 - [TEST_STEP][PASSED] - utilities.SafeActions.safeType(findTestObject("Pages/FirstPayVault/input_VaultReferenceNumber"), vaultReference, "Entering Vault Reference Number", [PageLoadTime]): utilities.SafeActions.safeType is PASSED&#xD;
&#xD;
2019-11-04 08:43:57 - [MESSAGE][PASSED] - Object 'Object Repository/Pages/FirstPayVault/input_VaultReferenceNumber' is present&#xD;
&#xD;
2019-11-04 08:43:57 - [MESSAGE][PASSED] - Object 'Object Repository/Pages/FirstPayVault/input_VaultReferenceNumber' is present&#xD;
&#xD;
2019-11-04 08:43:57 - [MESSAGE][PASSED] - Object: 'Object Repository/Pages/FirstPayVault/input_VaultReferenceNumber' is clicked on&#xD;
&#xD;
2019-11-04 08:43:58 - [MESSAGE][PASSED] - Text '2019-11-04 08:43:56.931' is set on object 'Object Repository/Pages/FirstPayVault/input_VaultReferenceNumber'&#xD;
&#xD;
2019-11-04 08:43:58 - [MESSAGE][PASSED] - utilities.SafeActions.safeType is PASSED&#xD;
&#xD;
2019-11-04 08:43:58 - [TEST_STEP][PASSED] - utilities.SafeActions.safeType(findTestObject("Pages/FirstPayVault/input_CreditCardNumber"), visaCardNumber, "Entering Card Number", [PageLoadTime]): utilities.SafeActions.safeType is PASSED&#xD;
&#xD;
2019-11-04 08:43:58 - [MESSAGE][PASSED] - Object 'Object Repository/Pages/FirstPayVault/input_CreditCardNumber' is present&#xD;
&#xD;
2019-11-04 08:43:58 - [MESSAGE][PASSED] - Object 'Object Repository/Pages/FirstPayVault/input_CreditCardNumber' is present&#xD;
&#xD;
2019-11-04 08:43:58 - [MESSAGE][PASSED] - Object: 'Object Repository/Pages/FirstPayVault/input_CreditCardNumber' is clicked on&#xD;
&#xD;
2019-11-04 08:43:59 - [MESSAGE][PASSED] - Text '4111111111111111' is set on object 'Object Repository/Pages/FirstPayVault/input_CreditCardNumber'&#xD;
&#xD;
2019-11-04 08:43:59 - [MESSAGE][PASSED] - utilities.SafeActions.safeType is PASSED&#xD;
&#xD;
2019-11-04 08:43:59 - [TEST_STEP][PASSED] - utilities.SafeActions.safeSelectOptionInDropDownByVisibleText(findTestObject("Pages/FirstPayVault/dropDown_ExpirationMonth"), cardMonth, "Expiration Month", [PageLoadTime]): utilities.SafeActions.safeSelectOptionInDropDownByVisibleText is PASSED&#xD;
&#xD;
2019-11-04 08:43:59 - [MESSAGE][PASSED] - Object 'Object Repository/Pages/FirstPayVault/dropDown_ExpirationMonth' is visible&#xD;
&#xD;
2019-11-04 08:43:59 - [MESSAGE][PASSED] - Object 'Object Repository/Pages/FirstPayVault/dropDown_ExpirationMonth' is present&#xD;
&#xD;
2019-11-04 08:44:00 - [MESSAGE][PASSED] - Object: 'Object Repository/Pages/FirstPayVault/dropDown_ExpirationMonth' is clicked on&#xD;
&#xD;
2019-11-04 08:44:00 - [MESSAGE][PASSED] - All options with label 'September' are selected in object 'Object Repository/Pages/FirstPayVault/dropDown_ExpirationMonth' &#xD;
&#xD;
2019-11-04 08:44:00 - [MESSAGE][PASSED] - utilities.SafeActions.safeSelectOptionInDropDownByVisibleText is PASSED&#xD;
&#xD;
2019-11-04 08:44:00 - [TEST_STEP][PASSED] - utilities.SafeActions.safeSelectOptionInDropDownByVisibleText(findTestObject("Pages/FirstPayVault/dropDown_ExpirationYear"), cardYear, "year", [PageLoadTime]): utilities.SafeActions.safeSelectOptionInDropDownByVisibleText is PASSED&#xD;
&#xD;
2019-11-04 08:44:00 - [MESSAGE][PASSED] - Object 'Object Repository/Pages/FirstPayVault/dropDown_ExpirationYear' is visible&#xD;
&#xD;
2019-11-04 08:44:00 - [MESSAGE][PASSED] - Object 'Object Repository/Pages/FirstPayVault/dropDown_ExpirationYear' is present&#xD;
&#xD;
2019-11-04 08:44:01 - [MESSAGE][PASSED] - Object: 'Object Repository/Pages/FirstPayVault/dropDown_ExpirationYear' is clicked on&#xD;
&#xD;
2019-11-04 08:44:01 - [MESSAGE][PASSED] - All options with label '2022' are selected in object 'Object Repository/Pages/FirstPayVault/dropDown_ExpirationYear' &#xD;
&#xD;
2019-11-04 08:44:01 - [MESSAGE][PASSED] - utilities.SafeActions.safeSelectOptionInDropDownByVisibleText is PASSED&#xD;
&#xD;
2019-11-04 08:44:01 - [TEST_STEP][PASSED] - utilities.SafeActions.safeType(findTestObject("Pages/FirstPayVault/input_ContactName"), customerName, "Enter Contact Name", [PageLoadTime]): utilities.SafeActions.safeType is PASSED&#xD;
&#xD;
2019-11-04 08:44:01 - [MESSAGE][PASSED] - Object 'Object Repository/Pages/FirstPayVault/input_ContactName' is present&#xD;
&#xD;
2019-11-04 08:44:01 - [MESSAGE][PASSED] - Object 'Object Repository/Pages/FirstPayVault/input_ContactName' is present&#xD;
&#xD;
2019-11-04 08:44:02 - [MESSAGE][PASSED] - Object: 'Object Repository/Pages/FirstPayVault/input_ContactName' is clicked on&#xD;
&#xD;
2019-11-04 08:44:02 - [MESSAGE][PASSED] - Text 'Venkat Sai' is set on object 'Object Repository/Pages/FirstPayVault/input_ContactName'&#xD;
&#xD;
2019-11-04 08:44:02 - [MESSAGE][PASSED] - utilities.SafeActions.safeType is PASSED&#xD;
&#xD;
2019-11-04 08:44:02 - [TEST_STEP][PASSED] - utilities.SafeActions.safeType(findTestObject("Pages/FirstPayVault/input_PostalCode"), postalCode, "Enter Postal Code", [PageLoadTime]): utilities.SafeActions.safeType is PASSED&#xD;
&#xD;
2019-11-04 08:44:02 - [MESSAGE][PASSED] - Object 'Object Repository/Pages/FirstPayVault/input_PostalCode' is present&#xD;
&#xD;
2019-11-04 08:44:02 - [MESSAGE][PASSED] - Object 'Object Repository/Pages/FirstPayVault/input_PostalCode' is present&#xD;
&#xD;
2019-11-04 08:44:03 - [MESSAGE][PASSED] - Object: 'Object Repository/Pages/FirstPayVault/input_PostalCode' is clicked on&#xD;
&#xD;
2019-11-04 08:44:03 - [MESSAGE][PASSED] - Text '76102' is set on object 'Object Repository/Pages/FirstPayVault/input_PostalCode'&#xD;
&#xD;
2019-11-04 08:44:03 - [MESSAGE][PASSED] - utilities.SafeActions.safeType is PASSED&#xD;
&#xD;
2019-11-04 08:44:03 - [TEST_STEP][PASSED] - utilities.SafeActions.safeType(findTestObject("Pages/FirstPayVault/input_Address"), address, "Enter ddress", [PageLoadTime]): utilities.SafeActions.safeType is PASSED&#xD;
&#xD;
2019-11-04 08:44:03 - [MESSAGE][PASSED] - Object 'Object Repository/Pages/FirstPayVault/input_Address' is present&#xD;
&#xD;
2019-11-04 08:44:03 - [MESSAGE][PASSED] - Object 'Object Repository/Pages/FirstPayVault/input_Address' is present&#xD;
&#xD;
2019-11-04 08:44:04 - [MESSAGE][PASSED] - Object: 'Object Repository/Pages/FirstPayVault/input_Address' is clicked on&#xD;
&#xD;
2019-11-04 08:44:04 - [MESSAGE][PASSED] - Text 'Street123' is set on object 'Object Repository/Pages/FirstPayVault/input_Address'&#xD;
&#xD;
2019-11-04 08:44:04 - [MESSAGE][PASSED] - utilities.SafeActions.safeType is PASSED&#xD;
&#xD;
2019-11-04 08:44:04 - [TEST_STEP][PASSED] - utilities.SafeActions.safeCheckForElement(findTestObject("Pages/FirstPayVault/chekBox_AddShippingInformation"), PageLoadTime): utilities.SafeActions.safeCheckForElement is PASSED&#xD;
&#xD;
2019-11-04 08:44:04 - [MESSAGE][PASSED] - Object 'Object Repository/Pages/FirstPayVault/chekBox_AddShippingInformation' is present&#xD;
&#xD;
2019-11-04 08:44:04 - [MESSAGE][PASSED] - Object 'Object Repository/Pages/FirstPayVault/chekBox_AddShippingInformation' is visible&#xD;
&#xD;
2019-11-04 08:44:04 - [MESSAGE][PASSED] - Object 'Object Repository/Pages/FirstPayVault/chekBox_AddShippingInformation' is present&#xD;
&#xD;
2019-11-04 08:44:05 - [MESSAGE][PASSED] - Object 'Object Repository/Pages/FirstPayVault/chekBox_AddShippingInformation' is checked&#xD;
&#xD;
2019-11-04 08:44:05 - [MESSAGE][PASSED] - utilities.SafeActions.safeCheckForElement is PASSED&#xD;
&#xD;
2019-11-04 08:44:05 - [TEST_STEP][PASSED] - utilities.SafeActions.safeType(findTestObject("Pages/FirstPayVault/input_ShippingMethod"), shippingMethod, "Enter Shipping Method", [PageLoadTime]): utilities.SafeActions.safeType is PASSED&#xD;
&#xD;
2019-11-04 08:44:05 - [MESSAGE][PASSED] - Object 'Object Repository/Pages/FirstPayVault/input_ShippingMethod' is present&#xD;
&#xD;
2019-11-04 08:44:05 - [MESSAGE][PASSED] - Object 'Object Repository/Pages/FirstPayVault/input_ShippingMethod' is present&#xD;
&#xD;
2019-11-04 08:44:06 - [MESSAGE][PASSED] - Object: 'Object Repository/Pages/FirstPayVault/input_ShippingMethod' is clicked on&#xD;
&#xD;
2019-11-04 08:44:06 - [MESSAGE][PASSED] - Text 'DTDC' is set on object 'Object Repository/Pages/FirstPayVault/input_ShippingMethod'&#xD;
&#xD;
2019-11-04 08:44:06 - [MESSAGE][PASSED] - utilities.SafeActions.safeType is PASSED&#xD;
&#xD;
2019-11-04 08:44:06 - [TEST_STEP][PASSED] - utilities.SafeActions.safeCheckForElement(findTestObject("Pages/FirstPayVault/checkbox_SameAsBillingInformation"), PageLoadTime): utilities.SafeActions.safeCheckForElement is PASSED&#xD;
&#xD;
2019-11-04 08:44:06 - [MESSAGE][PASSED] - Object 'Object Repository/Pages/FirstPayVault/checkbox_SameAsBillingInformation' is present&#xD;
&#xD;
2019-11-04 08:44:06 - [MESSAGE][PASSED] - Object 'Object Repository/Pages/FirstPayVault/checkbox_SameAsBillingInformation' is visible&#xD;
&#xD;
2019-11-04 08:44:06 - [MESSAGE][PASSED] - Object 'Object Repository/Pages/FirstPayVault/checkbox_SameAsBillingInformation' is present&#xD;
&#xD;
2019-11-04 08:44:07 - [MESSAGE][PASSED] - Object 'Object Repository/Pages/FirstPayVault/checkbox_SameAsBillingInformation' is checked&#xD;
&#xD;
2019-11-04 08:44:07 - [MESSAGE][PASSED] - utilities.SafeActions.safeCheckForElement is PASSED&#xD;
&#xD;
2019-11-04 08:44:07 - [TEST_STEP][PASSED] - utilities.SafeActions.safeClickwithScroll(findTestObject("Pages/FirstPayVault/button_Create"), "Click on Create Button", [PageLoadTime]): utilities.SafeActions.safeClickwithScroll is PASSED&#xD;
&#xD;
2019-11-04 08:44:07 - [MESSAGE][PASSED] - Object 'Object Repository/Pages/FirstPayVault/button_Create' is present&#xD;
&#xD;
2019-11-04 08:44:07 - [MESSAGE][PASSED] - Object 'Object Repository/Pages/FirstPayVault/button_Create' is visible&#xD;
&#xD;
2019-11-04 08:44:07 - [MESSAGE][INFO] - 1stPayVault_TestSuite.ts:waiting until Click on Create Button is Clickable&#xD;
&#xD;
2019-11-04 08:44:07 - [MESSAGE][PASSED] - Object 'Object Repository/Pages/FirstPayVault/button_Create' is clickable&#xD;
&#xD;
2019-11-04 08:44:07 - [MESSAGE][PASSED] - Object 'Object Repository/Pages/FirstPayVault/button_Create' is visible&#xD;
&#xD;
2019-11-04 08:44:08 - [MESSAGE][PASSED] - Object: 'Object Repository/Pages/FirstPayVault/button_Create' is clicked on&#xD;
&#xD;
2019-11-04 08:44:08 - [MESSAGE][INFO] - 1stPayVault_TestSuite.ts: Clicked on the Click on Create Button&#xD;
&#xD;
2019-11-04 08:44:08 - [MESSAGE][PASSED] - utilities.SafeActions.safeClickwithScroll is PASSED&#xD;
&#xD;
2019-11-04 08:44:08 - [TEST_STEP][PASSED] - popupSavedToVaultMessage = utilities.SafeActions.safeGetText(findTestObject("Pages/FirstPayVault/popup_SavedToVaultMessage"), PageLoadTime): utilities.SafeActions.safeGetText is PASSED&#xD;
&#xD;
2019-11-04 08:44:08 - [MESSAGE][PASSED] - Object 'Object Repository/Pages/FirstPayVault/popup_SavedToVaultMessage' is present&#xD;
&#xD;
2019-11-04 08:44:08 - [MESSAGE][PASSED] - Scroll to object 'Object Repository/Pages/FirstPayVault/popup_SavedToVaultMessage' successfully&#xD;
&#xD;
2019-11-04 08:44:08 - [MESSAGE][PASSED] - Object 'Object Repository/Pages/FirstPayVault/popup_SavedToVaultMessage' is present&#xD;
&#xD;
2019-11-04 08:44:09 - [MESSAGE][PASSED] - Text of object 'Object Repository/Pages/FirstPayVault/popup_SavedToVaultMessage' is: 'Successfully Saved to Vault'&#xD;
&#xD;
2019-11-04 08:44:09 - [MESSAGE][PASSED] - utilities.SafeActions.safeGetText is PASSED&#xD;
&#xD;
2019-11-04 08:44:09 - [TEST_STEP][PASSED] - flag = utilities.SafeActions.verifyPopupMessage("Successfully Saved to Vault", popupSavedToVaultMessage): Popup Message : Successfully Saved to Vault matched with expected message : Successfully Saved to Vault&#xD;
&#xD;
2019-11-04 08:44:09 - [MESSAGE][PASSED] - Popup Message : Successfully Saved to Vault matched with expected message : Successfully Saved to Vault&#xD;
&#xD;
2019-11-04 08:44:09 - [TEST_STEP][PASSED] - utilities.SafeActions.safeClickWithoutScroll(findTestObject("Pages/FirstPayVault/button_RunSaleWithThisVault_InPopup"), "Click on Run Sale With This Vault in Popup", [delayBetweenTestSteps]): utilities.SafeActions.safeClickWithoutScroll is PASSED&#xD;
&#xD;
2019-11-04 08:44:09 - [MESSAGE][INFO] - Safe Click Without scroll&#xD;
&#xD;
2019-11-04 08:44:09 - [MESSAGE][INFO] - 1stPayVault_TestSuite.ts:waiting until Click on Run Sale With This Vault in Popup is Clickable&#xD;
&#xD;
2019-11-04 08:44:09 - [MESSAGE][PASSED] - Object 'Object Repository/Pages/FirstPayVault/button_RunSaleWithThisVault_InPopup' is clickable&#xD;
&#xD;
2019-11-04 08:44:09 - [MESSAGE][PASSED] - Object 'Object Repository/Pages/FirstPayVault/button_RunSaleWithThisVault_InPopup' is visible&#xD;
&#xD;
2019-11-04 08:44:10 - [MESSAGE][PASSED] - Object: 'Object Repository/Pages/FirstPayVault/button_RunSaleWithThisVault_InPopup' is clicked on&#xD;
&#xD;
2019-11-04 08:44:10 - [MESSAGE][INFO] - 1stPayVault_TestSuite.ts: click on the Click on Run Sale With This Vault in Popup&#xD;
&#xD;
2019-11-04 08:44:10 - [MESSAGE][PASSED] - utilities.SafeActions.safeClickWithoutScroll is PASSED&#xD;
&#xD;
2019-11-04 08:44:10 - [TEST_STEP][PASSED] - value = utilities.SafeActions.getAttributeValue(findTestObject("Pages/FirstPayVault/tab_1stPayVault_Active"), "1st_PayVault"): The screen is 1st_PayVault screen&#xD;
&#xD;
2019-11-04 08:44:10 - [MESSAGE][PASSED] - Attribute 'class' of object 'Object Repository/Pages/FirstPayVault/tab_1stPayVault_Active' is: 'active_tab tabs__link'&#xD;
&#xD;
2019-11-04 08:44:10 - [MESSAGE][PASSED] - The screen is 1st_PayVault screen&#xD;
&#xD;
2019-11-04 08:44:10 - [TEST_STEP][PASSED] - scrollToElement(findTestObject("Pages/FirstPayVault/input_Amount"), PageLoadTime): Scroll to object 'Object Repository/Pages/FirstPayVault/input_Amount' successfully&#xD;
&#xD;
2019-11-04 08:44:10 - [MESSAGE][PASSED] - Scroll to object 'Object Repository/Pages/FirstPayVault/input_Amount' successfully&#xD;
&#xD;
2019-11-04 08:44:10 - [TEST_STEP][PASSED] - utilities.SafeActions.safeType(findTestObject("Pages/FirstPayVault/input_Amount"), amount, "Enter Amount", [PageLoadTime]): utilities.SafeActions.safeType is PASSED&#xD;
&#xD;
2019-11-04 08:44:10 - [MESSAGE][PASSED] - Object 'Object Repository/Pages/FirstPayVault/input_Amount' is present&#xD;
&#xD;
2019-11-04 08:44:10 - [MESSAGE][PASSED] - Object 'Object Repository/Pages/FirstPayVault/input_Amount' is present&#xD;
&#xD;
2019-11-04 08:44:11 - [MESSAGE][PASSED] - Object: 'Object Repository/Pages/FirstPayVault/input_Amount' is clicked on&#xD;
&#xD;
2019-11-04 08:44:11 - [MESSAGE][PASSED] - Text '450' is set on object 'Object Repository/Pages/FirstPayVault/input_Amount'&#xD;
&#xD;
2019-11-04 08:44:11 - [MESSAGE][PASSED] - utilities.SafeActions.safeType is PASSED&#xD;
&#xD;
2019-11-04 08:44:11 - [TEST_STEP][PASSED] - salesTax = utilities.SafeActions.safeGetText(findTestObject("Pages/FirstPayVault/input_SalesTaxUnderAmount"), delayBetweenTestSteps): utilities.SafeActions.safeGetText is PASSED&#xD;
&#xD;
2019-11-04 08:44:11 - [MESSAGE][PASSED] - Object 'Object Repository/Pages/FirstPayVault/input_SalesTaxUnderAmount' is present&#xD;
&#xD;
2019-11-04 08:44:11 - [MESSAGE][PASSED] - Scroll to object 'Object Repository/Pages/FirstPayVault/input_SalesTaxUnderAmount' successfully&#xD;
&#xD;
2019-11-04 08:44:11 - [MESSAGE][PASSED] - Object 'Object Repository/Pages/FirstPayVault/input_SalesTaxUnderAmount' is present&#xD;
&#xD;
2019-11-04 08:44:12 - [MESSAGE][PASSED] - Text of object 'Object Repository/Pages/FirstPayVault/input_SalesTaxUnderAmount' is: '$37.13'&#xD;
&#xD;
2019-11-04 08:44:12 - [MESSAGE][PASSED] - utilities.SafeActions.safeGetText is PASSED&#xD;
&#xD;
2019-11-04 08:44:12 - [TEST_STEP][PASSED] - pages.FirstPayVault.verifyAmountIsNotZero(salesTax): pages.FirstPayVault.verifyAmountIsNotZero is PASSED&#xD;
&#xD;
2019-11-04 08:44:12 - [MESSAGE][PASSED] - pages.FirstPayVault.verifyAmountIsNotZero is PASSED&#xD;
&#xD;
2019-11-04 08:44:12 - [TEST_STEP][PASSED] - scrollToElement(findTestObject("Pages/FirstPayVault/input_CreditCardNumberForVerification"), delayBetweenTestSteps): Scroll to object 'Object Repository/Pages/FirstPayVault/input_CreditCardNumberForVerification' successfully&#xD;
&#xD;
2019-11-04 08:44:12 - [MESSAGE][PASSED] - Scroll to object 'Object Repository/Pages/FirstPayVault/input_CreditCardNumberForVerification' successfully&#xD;
&#xD;
2019-11-04 08:44:12 - [TEST_STEP][PASSED] - cardNumber = utilities.SafeActions.getAttribute(findTestObject("Pages/FirstPayVault/input_CreditCardNumberForVerification"), "1st Pay Vault"): utilities.SafeActions.getAttribute is PASSED&#xD;
&#xD;
2019-11-04 08:44:12 - [MESSAGE][PASSED] - Attribute 'value' of object 'Object Repository/Pages/FirstPayVault/input_CreditCardNumberForVerification' is: '411111******1111'&#xD;
&#xD;
2019-11-04 08:44:12 - [MESSAGE][PASSED] - utilities.SafeActions.getAttribute is PASSED&#xD;
&#xD;
2019-11-04 08:44:12 - [TEST_STEP][PASSED] - pages.FirstPayVault.verifyCardNumber(cardNumber, visaCardNumber): Actual String : 4111111111111111 matched with Expected message : 411111******1111&#xD;
&#xD;
2019-11-04 08:44:12 - [MESSAGE][PASSED] - Actual String : 4111111111111111 matched with Expected message : 411111******1111&#xD;
&#xD;
2019-11-04 08:44:12 - [TEST_STEP][PASSED] - expirationYear = utilities.SafeActions.getAttribute(findTestObject("Pages/FirstPayVault/dropDownExpirationYearForVerification"), "1st Pay Vault"): utilities.SafeActions.getAttribute is PASSED&#xD;
&#xD;
2019-11-04 08:44:12 - [MESSAGE][PASSED] - Attribute 'value' of object 'Object Repository/Pages/FirstPayVault/dropDownExpirationYearForVerification' is: '2022'&#xD;
&#xD;
2019-11-04 08:44:12 - [MESSAGE][PASSED] - utilities.SafeActions.getAttribute is PASSED&#xD;
&#xD;
2019-11-04 08:44:12 - [TEST_STEP][PASSED] - pages.FirstPayVault.verifyStrings(expirationYear, cardYear): Actual String : 2022 matched with Expected message : 2022&#xD;
&#xD;
2019-11-04 08:44:12 - [MESSAGE][PASSED] - Actual String : 2022 matched with Expected message : 2022&#xD;
&#xD;
2019-11-04 08:44:12 - [TEST_STEP][PASSED] - scrollToElement(findTestObject("Pages/FirstPayVault/input_VerifyCardHolderName"), PageLoadTime): Scroll to object 'Object Repository/Pages/FirstPayVault/input_VerifyCardHolderName' successfully&#xD;
&#xD;
2019-11-04 08:44:12 - [MESSAGE][PASSED] - Scroll to object 'Object Repository/Pages/FirstPayVault/input_VerifyCardHolderName' successfully&#xD;
&#xD;
2019-11-04 08:44:12 - [TEST_STEP][PASSED] - name = utilities.SafeActions.getAttribute(findTestObject("Pages/FirstPayVault/input_VerifyCardHolderName"), "1stPayVault"): utilities.SafeActions.getAttribute is PASSED&#xD;
&#xD;
2019-11-04 08:44:12 - [MESSAGE][PASSED] - Attribute 'value' of object 'Object Repository/Pages/FirstPayVault/input_VerifyCardHolderName' is: 'Venkat Sai'&#xD;
&#xD;
2019-11-04 08:44:12 - [MESSAGE][PASSED] - utilities.SafeActions.getAttribute is PASSED&#xD;
&#xD;
2019-11-04 08:44:12 - [TEST_STEP][PASSED] - pages.FirstPayVault.verifyStrings(name, customerName): Actual String : Venkat Sai matched with Expected message : Venkat Sai&#xD;
&#xD;
2019-11-04 08:44:12 - [MESSAGE][PASSED] - Actual String : Venkat Sai matched with Expected message : Venkat Sai&#xD;
&#xD;
2019-11-04 08:44:12 - [TEST_STEP][PASSED] - scrollToElement(findTestObject("Pages/FirstPayVault/checkbox_TaxExempt"), PageLoadTime): Scroll to object 'Object Repository/Pages/FirstPayVault/checkbox_TaxExempt' successfully&#xD;
&#xD;
2019-11-04 08:44:12 - [MESSAGE][PASSED] - Scroll to object 'Object Repository/Pages/FirstPayVault/checkbox_TaxExempt' successfully&#xD;
&#xD;
2019-11-04 08:44:12 - [TEST_STEP][PASSED] - pages.FirstPayVault.verifyAmountIsNotZero(salesTax): pages.FirstPayVault.verifyAmountIsNotZero is PASSED&#xD;
&#xD;
2019-11-04 08:44:12 - [MESSAGE][PASSED] - pages.FirstPayVault.verifyAmountIsNotZero is PASSED&#xD;
&#xD;
2019-11-04 08:44:12 - [TEST_STEP][PASSED] - utilities.SafeActions.safeCheckForElement(findTestObject("Pages/FirstPayVault/checkbox_TaxExempt"), PageLoadTime): utilities.SafeActions.safeCheckForElement is PASSED&#xD;
&#xD;
2019-11-04 08:44:12 - [MESSAGE][PASSED] - Object 'Object Repository/Pages/FirstPayVault/checkbox_TaxExempt' is present&#xD;
&#xD;
2019-11-04 08:44:12 - [MESSAGE][PASSED] - Object 'Object Repository/Pages/FirstPayVault/checkbox_TaxExempt' is visible&#xD;
&#xD;
2019-11-04 08:44:12 - [MESSAGE][PASSED] - Object 'Object Repository/Pages/FirstPayVault/checkbox_TaxExempt' is present&#xD;
&#xD;
2019-11-04 08:44:13 - [MESSAGE][PASSED] - Object 'Object Repository/Pages/FirstPayVault/checkbox_TaxExempt' is checked&#xD;
&#xD;
2019-11-04 08:44:13 - [MESSAGE][PASSED] - utilities.SafeActions.safeCheckForElement is PASSED&#xD;
&#xD;
2019-11-04 08:44:13 - [TEST_STEP][PASSED] - utilities.SafeActions.safeClickwithScroll(findTestObject("Pages/FirstPayVault/button_Checkout"), "Click on Checkout", [PageLoadTime]): utilities.SafeActions.safeClickwithScroll is PASSED&#xD;
&#xD;
2019-11-04 08:44:13 - [MESSAGE][PASSED] - Object 'Object Repository/Pages/FirstPayVault/button_Checkout' is present&#xD;
&#xD;
2019-11-04 08:44:13 - [MESSAGE][PASSED] - Object 'Object Repository/Pages/FirstPayVault/button_Checkout' is visible&#xD;
&#xD;
2019-11-04 08:44:13 - [MESSAGE][INFO] - 1stPayVault_TestSuite.ts:waiting until Click on Checkout is Clickable&#xD;
&#xD;
2019-11-04 08:44:13 - [MESSAGE][PASSED] - Object 'Object Repository/Pages/FirstPayVault/button_Checkout' is clickable&#xD;
&#xD;
2019-11-04 08:44:13 - [MESSAGE][PASSED] - Object 'Object Repository/Pages/FirstPayVault/button_Checkout' is visible&#xD;
&#xD;
2019-11-04 08:44:14 - [MESSAGE][PASSED] - Object: 'Object Repository/Pages/FirstPayVault/button_Checkout' is clicked on&#xD;
&#xD;
2019-11-04 08:44:14 - [MESSAGE][INFO] - 1stPayVault_TestSuite.ts: Clicked on the Click on Checkout&#xD;
&#xD;
2019-11-04 08:44:14 - [MESSAGE][PASSED] - utilities.SafeActions.safeClickwithScroll is PASSED&#xD;
&#xD;
2019-11-04 08:44:14 - [TEST_STEP][PASSED] - pages.Sale.verifyTransactionCompletePage(findTestObject("Pages/Sale/heading_TransactionComplete")): The screen is Transaction Complete screen&#xD;
&#xD;
2019-11-04 08:44:15 - [MESSAGE][PASSED] - Object 'Object Repository/Pages/Sale/heading_TransactionComplete' is present&#xD;
&#xD;
2019-11-04 08:44:16 - [MESSAGE][PASSED] - The screen is Transaction Complete screen&#xD;
&#xD;
2019-11-04 08:44:16 - [TEST_STEP][PASSED] - utilities.SafeActions.safeClickWithoutScroll(findTestObject("Pages/FirstPayVault/button_ReturnToSale_InTransactionComplete"), "Click On Return Button", [PageLoadTime]): utilities.SafeActions.safeClickWithoutScroll is PASSED&#xD;
&#xD;
2019-11-04 08:44:16 - [MESSAGE][INFO] - Safe Click Without scroll&#xD;
&#xD;
2019-11-04 08:44:16 - [MESSAGE][INFO] - 1stPayVault_TestSuite.ts:waiting until Click On Return Button is Clickable&#xD;
&#xD;
2019-11-04 08:44:16 - [MESSAGE][PASSED] - Object 'Object Repository/Pages/FirstPayVault/button_ReturnToSale_InTransactionComplete' is clickable&#xD;
&#xD;
2019-11-04 08:44:16 - [MESSAGE][PASSED] - Object 'Object Repository/Pages/FirstPayVault/button_ReturnToSale_InTransactionComplete' is visible&#xD;
&#xD;
2019-11-04 08:44:17 - [MESSAGE][PASSED] - Object: 'Object Repository/Pages/FirstPayVault/button_ReturnToSale_InTransactionComplete' is clicked on&#xD;
&#xD;
2019-11-04 08:44:17 - [MESSAGE][INFO] - 1stPayVault_TestSuite.ts: click on the Click On Return Button&#xD;
&#xD;
2019-11-04 08:44:17 - [MESSAGE][PASSED] - utilities.SafeActions.safeClickWithoutScroll is PASSED&#xD;
&#xD;
2019-11-04 08:44:17 - [TEST_STEP][PASSED] - utilities.SafeActions.safeClickWithoutScroll(findTestObject("Pages/FirstPayVault/tab_FirstPayVault"), "Click on FirstPayVault tab", [PageLoadTime]): utilities.SafeActions.safeClickWithoutScroll is PASSED&#xD;
&#xD;
2019-11-04 08:44:17 - [MESSAGE][INFO] - Safe Click Without scroll&#xD;
&#xD;
2019-11-04 08:44:17 - [MESSAGE][INFO] - 1stPayVault_TestSuite.ts:waiting until Click on FirstPayVault tab is Clickable&#xD;
&#xD;
2019-11-04 08:44:17 - [MESSAGE][PASSED] - Object 'Object Repository/Pages/FirstPayVault/tab_FirstPayVault' is clickable&#xD;
&#xD;
2019-11-04 08:44:17 - [MESSAGE][PASSED] - Object 'Object Repository/Pages/FirstPayVault/tab_FirstPayVault' is visible&#xD;
&#xD;
2019-11-04 08:44:18 - [MESSAGE][PASSED] - Object: 'Object Repository/Pages/FirstPayVault/tab_FirstPayVault' is clicked on&#xD;
&#xD;
2019-11-04 08:44:18 - [MESSAGE][INFO] - 1stPayVault_TestSuite.ts: click on the Click on FirstPayVault tab&#xD;
&#xD;
2019-11-04 08:44:18 - [MESSAGE][PASSED] - utilities.SafeActions.safeClickWithoutScroll is PASSED&#xD;
&#xD;
2019-11-04 08:44:18 - [TEST_STEP][PASSED] - utilities.SafeActions.safeClickwithScroll(findTestObject("Pages/FirstPayVault/button_SearchVault"), "Click on Search Vault", [PageLoadTime]): utilities.SafeActions.safeClickwithScroll is PASSED&#xD;
&#xD;
2019-11-04 08:44:18 - [MESSAGE][PASSED] - Object 'Object Repository/Pages/FirstPayVault/button_SearchVault' is present&#xD;
&#xD;
2019-11-04 08:44:18 - [MESSAGE][PASSED] - Object 'Object Repository/Pages/FirstPayVault/button_SearchVault' is visible&#xD;
&#xD;
2019-11-04 08:44:18 - [MESSAGE][INFO] - 1stPayVault_TestSuite.ts:waiting until Click on Search Vault is Clickable&#xD;
&#xD;
2019-11-04 08:44:18 - [MESSAGE][PASSED] - Object 'Object Repository/Pages/FirstPayVault/button_SearchVault' is clickable&#xD;
&#xD;
2019-11-04 08:44:18 - [MESSAGE][PASSED] - Object 'Object Repository/Pages/FirstPayVault/button_SearchVault' is visible&#xD;
&#xD;
2019-11-04 08:44:19 - [MESSAGE][PASSED] - Object: 'Object Repository/Pages/FirstPayVault/button_SearchVault' is clicked on&#xD;
&#xD;
2019-11-04 08:44:19 - [MESSAGE][INFO] - 1stPayVault_TestSuite.ts: Clicked on the Click on Search Vault&#xD;
&#xD;
2019-11-04 08:44:19 - [MESSAGE][PASSED] - utilities.SafeActions.safeClickwithScroll is PASSED&#xD;
&#xD;
2019-11-04 08:44:19 - [TEST_STEP][PASSED] - utilities.SafeActions.safeClickWithoutScroll(findTestObject("Pages/FirstPayVault/button_Search"), "Click On Search button", [PageLoadTime]): utilities.SafeActions.safeClickWithoutScroll is PASSED&#xD;
&#xD;
2019-11-04 08:44:19 - [MESSAGE][INFO] - Safe Click Without scroll&#xD;
&#xD;
2019-11-04 08:44:19 - [MESSAGE][INFO] - 1stPayVault_TestSuite.ts:waiting until Click On Search button is Clickable&#xD;
&#xD;
2019-11-04 08:44:19 - [MESSAGE][PASSED] - Object 'Object Repository/Pages/FirstPayVault/button_Search' is clickable&#xD;
&#xD;
2019-11-04 08:44:19 - [MESSAGE][PASSED] - Object 'Object Repository/Pages/FirstPayVault/button_Search' is visible&#xD;
&#xD;
2019-11-04 08:44:20 - [MESSAGE][PASSED] - Object: 'Object Repository/Pages/FirstPayVault/button_Search' is clicked on&#xD;
&#xD;
2019-11-04 08:44:20 - [MESSAGE][INFO] - 1stPayVault_TestSuite.ts: click on the Click On Search button&#xD;
&#xD;
2019-11-04 08:44:20 - [MESSAGE][PASSED] - utilities.SafeActions.safeClickWithoutScroll is PASSED&#xD;
&#xD;
2019-11-04 08:44:20 - [TEST_STEP][PASSED] - scrollToElement(findTestObject("Pages/Transaction_Management/invoice_ForTransaction"), PageLoadTime): Scroll to object 'Object Repository/Pages/Transaction_Management/invoice_ForTransaction' successfully&#xD;
&#xD;
2019-11-04 08:44:23 - [MESSAGE][PASSED] - Scroll to object 'Object Repository/Pages/Transaction_Management/invoice_ForTransaction' successfully&#xD;
&#xD;
2019-11-04 08:44:23 - [TEST_STEP][PASSED] - pages.FirstPayVault.verifyInvoiceRecord(findTestObject("Pages/FirstPayVault/footer_NextButton"), findTestObject("Pages/FirstPayVault/page_Number"), vaultReference): The Vault is found in page 1&#xD;
&#xD;
2019-11-04 08:44:23 - [MESSAGE][PASSED] - Text of object 'Object Repository/Pages/FirstPayVault/page_Number' is: 'Page 1 of 46'&#xD;
&#xD;
2019-11-04 08:44:23 - [MESSAGE][PASSED] - The Vault is found in page 1&#xD;
&#xD;
2019-11-04 08:44:24 - [TEST_STEP][PASSED] - closeBrowser(): Browser is closed&#xD;
&#xD;
2019-11-04 08:44:26 - [MESSAGE][PASSED] - Browser is closed&#xD;
&#xD;
2019-11-04 08:44:26 - [TEST_STEP][PASSED] - Start listener action : sampleAfterTestCase: null&#xD;
&#xD;
2019-11-04 08:44:26 - [TEST_STEP][PASSED] - println(testCaseContext.getTestCaseId()): null&#xD;
&#xD;
2019-11-04 08:44:26 - [TEST_STEP][PASSED] - println(testCaseContext.getTestCaseStatus()): null&#xD;
&#xD;
2019-11-04 08:44:26 - [TEST_STEP][PASSED] - testCaseName = testCaseContext.getTestCaseId(): null&#xD;
&#xD;
2019-11-04 08:44:26 - [TEST_STEP][PASSED] - strCount = testCaseName.lastIndexOf("/"): null&#xD;
&#xD;
2019-11-04 08:44:26 - [TEST_STEP][PASSED] - testCaseName = testCaseName.substring(strCount): null&#xD;
&#xD;
2019-11-04 08:44:26 - [TEST_STEP][PASSED] - println(testCaseName): null&#xD;
&#xD;
2019-11-04 08:44:26 - [TEST_STEP][PASSED] - if (getTestCaseStatus().equalsIgnoreCase("Error")): null&#xD;
&#xD;
2019-11-04 08:44:26 - [TEST_STEP][PASSED] - Start listener action : sampleAfterTestCase: null</system-out>
            <system-err></system-err>
        </testcase>
        <testcase name="Test Cases/FirstView/FirstPayVault/VPOS_1stPayVault_UpdateCardMonth_By_Clicking_Edit_On_SearchedVault" classname="Test Cases/FirstView/FirstPayVault/VPOS_1stPayVault_UpdateCardMonth_By_Clicking_Edit_On_SearchedVault" status="PASSED">
            <system-out>2019-11-04 08:44:26 - [TEST_CASE][PASSED] - Test Cases/FirstView/FirstPayVault/VPOS_1stPayVault_UpdateCardMonth_By_Clicking_Edit_On_SearchedVault: Test Cases/FirstView/FirstPayVault/VPOS_1stPayVault_UpdateCardMonth_By_Clicking_Edit_On_SearchedVault&#xD;
&#xD;
2019-11-04 08:44:26 - [TEST_STEP][PASSED] - Start listener action : sampleBeforeTestCase: null&#xD;
&#xD;
2019-11-04 08:44:26 - [TEST_STEP][PASSED] - println(testCaseContext.getTestCaseId()): null&#xD;
&#xD;
2019-11-04 08:44:26 - [TEST_STEP][PASSED] - println(testCaseContext.getTestCaseVariables()): null&#xD;
&#xD;
2019-11-04 08:44:26 - [TEST_STEP][PASSED] - utilities.SafeActions.openBrowser(URL, [PageLoadTime]): utilities.SafeActions.openBrowser is PASSED&#xD;
&#xD;
2019-11-04 08:44:26 - [MESSAGE][INFO] - Opening Browser&#xD;
&#xD;
2019-11-04 08:44:26 - [MESSAGE][INFO] - Starting 'Firefox' driver&#xD;
&#xD;
2019-11-04 08:44:32 - [MESSAGE][PASSED] - Browser is opened with url: 'https://q-www-firstview-net.faps.net/MVC/Account/Login'&#xD;
&#xD;
2019-11-04 08:44:32 - [MESSAGE][PASSED] - Current window maximized&#xD;
&#xD;
2019-11-04 08:44:32 - [MESSAGE][INFO] - Browser Launched Successfully&#xD;
&#xD;
2019-11-04 08:44:32 - [MESSAGE][PASSED] - utilities.SafeActions.openBrowser is PASSED&#xD;
&#xD;
2019-11-04 08:44:32 - [TEST_STEP][PASSED] - pages.Login.login(uName, password): pages.Login.login is PASSED&#xD;
&#xD;
2019-11-04 08:44:32 - [MESSAGE][PASSED] - Object 'Object Repository/Pages/Login/userName' is present&#xD;
&#xD;
2019-11-04 08:44:32 - [MESSAGE][PASSED] - Object 'Object Repository/Pages/Login/userName' is present&#xD;
&#xD;
2019-11-04 08:44:33 - [MESSAGE][PASSED] - Object: 'Object Repository/Pages/Login/userName' is clicked on&#xD;
&#xD;
2019-11-04 08:44:33 - [MESSAGE][PASSED] - Text 'ZenQRetail' is set on object 'Object Repository/Pages/Login/userName'&#xD;
&#xD;
2019-11-04 08:44:33 - [MESSAGE][PASSED] - Object 'Object Repository/Pages/Login/password' is present&#xD;
&#xD;
2019-11-04 08:44:33 - [MESSAGE][PASSED] - Object 'Object Repository/Pages/Login/password' is present&#xD;
&#xD;
2019-11-04 08:44:34 - [MESSAGE][PASSED] - Object: 'Object Repository/Pages/Login/password' is clicked on&#xD;
&#xD;
2019-11-04 08:44:34 - [MESSAGE][PASSED] - Text 'P@ssword1' is set on object 'Object Repository/Pages/Login/password'&#xD;
&#xD;
2019-11-04 08:44:34 - [MESSAGE][INFO] - Safe Click Without scroll&#xD;
&#xD;
2019-11-04 08:44:34 - [MESSAGE][INFO] - 1stPayVault_TestSuite.ts:waiting until Click on Login is Clickable&#xD;
&#xD;
2019-11-04 08:44:34 - [MESSAGE][PASSED] - Object 'Object Repository/Pages/Login/login' is clickable&#xD;
&#xD;
2019-11-04 08:44:34 - [MESSAGE][PASSED] - Object 'Object Repository/Pages/Login/login' is visible&#xD;
&#xD;
2019-11-04 08:44:36 - [MESSAGE][PASSED] - Object: 'Object Repository/Pages/Login/login' is clicked on&#xD;
&#xD;
2019-11-04 08:44:36 - [MESSAGE][INFO] - 1stPayVault_TestSuite.ts: click on the Click on Login&#xD;
&#xD;
2019-11-04 08:44:36 - [MESSAGE][PASSED] - pages.Login.login is PASSED&#xD;
&#xD;
2019-11-04 08:44:36 - [TEST_STEP][PASSED] - callTestCase(findTestCase("FirstView/Login/TC_SendCode"), [:], STOP_ON_FAILURE): Call Test Case 'Test Cases/FirstView/Login/TC_SendCode' successfully&#xD;
&#xD;
2019-11-04 08:44:36 - [TEST_CASE][PASSED] - Test Cases/FirstView/Login/TC_SendCode: Test Cases/FirstView/Login/TC_SendCode&#xD;
&#xD;
2019-11-04 08:44:36 - [TEST_STEP][PASSED] - flag = pages.SendCode.verifyPage(): pages.SendCode.verifyPage is PASSED&#xD;
&#xD;
2019-11-04 08:44:37 - [MESSAGE][PASSED] - Object 'Object Repository/Pages/SendCodeToValidate/header_SendCodeToValidate' is present and visible in viewport&#xD;
&#xD;
2019-11-04 08:44:37 - [MESSAGE][PASSED] - pages.SendCode.verifyPage is PASSED&#xD;
&#xD;
2019-11-04 08:44:37 - [TEST_STEP][PASSED] - if (flag): pages.SendCode.clickonUserSettings is PASSED&#xD;
&#xD;
2019-11-04 08:44:37 - [TEST_STEP][PASSED] - pages.SendCode.clickonUserSettings(): pages.SendCode.clickonUserSettings is PASSED&#xD;
&#xD;
2019-11-04 08:44:37 - [MESSAGE][PASSED] - Object 'Object Repository/Pages/SendCodeToValidate/link_UserSettings' is present&#xD;
&#xD;
2019-11-04 08:44:37 - [MESSAGE][PASSED] - Object 'Object Repository/Pages/SendCodeToValidate/link_UserSettings' is visible&#xD;
&#xD;
2019-11-04 08:44:37 - [MESSAGE][INFO] - 1stPayVault_TestSuite.ts:waiting until Click on User Settings is Clickable&#xD;
&#xD;
2019-11-04 08:44:37 - [MESSAGE][PASSED] - Object 'Object Repository/Pages/SendCodeToValidate/link_UserSettings' is clickable&#xD;
&#xD;
2019-11-04 08:44:37 - [MESSAGE][PASSED] - Object 'Object Repository/Pages/SendCodeToValidate/link_UserSettings' is visible&#xD;
&#xD;
2019-11-04 08:44:38 - [MESSAGE][PASSED] - Object: 'Object Repository/Pages/SendCodeToValidate/link_UserSettings' is clicked on&#xD;
&#xD;
2019-11-04 08:44:38 - [MESSAGE][INFO] - 1stPayVault_TestSuite.ts: Clicked on the Click on User Settings&#xD;
&#xD;
2019-11-04 08:44:38 - [MESSAGE][PASSED] - pages.SendCode.clickonUserSettings is PASSED&#xD;
&#xD;
2019-11-04 08:44:38 - [MESSAGE][PASSED] - Call Test Case 'Test Cases/FirstView/Login/TC_SendCode' successfully&#xD;
&#xD;
2019-11-04 08:44:38 - [TEST_STEP][PASSED] - callTestCase(findTestCase("FirstView/Login/TC_FirstView"), [:], STOP_ON_FAILURE): Call Test Case 'Test Cases/FirstView/Login/TC_FirstView' successfully&#xD;
&#xD;
2019-11-04 08:44:38 - [TEST_CASE][PASSED] - Test Cases/FirstView/Login/TC_FirstView: Test Cases/FirstView/Login/TC_FirstView&#xD;
&#xD;
2019-11-04 08:44:38 - [TEST_STEP][PASSED] - delay(3): Delayed 3 second(s)&#xD;
&#xD;
2019-11-04 08:44:41 - [MESSAGE][PASSED] - Delayed 3 second(s)&#xD;
&#xD;
2019-11-04 08:44:41 - [TEST_STEP][PASSED] - utilities.SafeActions.javascriptclick(findTestObject("Pages/FirstView/link_Home"), delayForElement): utilities.SafeActions.javascriptclick is PASSED&#xD;
&#xD;
2019-11-04 08:44:41 - [MESSAGE][PASSED] - utilities.SafeActions.javascriptclick is PASSED&#xD;
&#xD;
2019-11-04 08:44:41 - [TEST_STEP][PASSED] - utilities.SafeActions.safeClickWithoutScroll(findTestObject("Pages/FirstView/link_VPOS"), "Click on VPOS button in First View screen", [PageLoadTime]): utilities.SafeActions.safeClickWithoutScroll is PASSED&#xD;
&#xD;
2019-11-04 08:44:41 - [MESSAGE][INFO] - Safe Click Without scroll&#xD;
&#xD;
2019-11-04 08:44:41 - [MESSAGE][INFO] - 1stPayVault_TestSuite.ts:waiting until Click on VPOS button in First View screen is Clickable&#xD;
&#xD;
2019-11-04 08:44:42 - [MESSAGE][PASSED] - Object 'Object Repository/Pages/FirstView/link_VPOS' is clickable&#xD;
&#xD;
2019-11-04 08:44:42 - [MESSAGE][PASSED] - Object 'Object Repository/Pages/FirstView/link_VPOS' is visible&#xD;
&#xD;
2019-11-04 08:44:43 - [MESSAGE][PASSED] - Object: 'Object Repository/Pages/FirstView/link_VPOS' is clicked on&#xD;
&#xD;
2019-11-04 08:44:43 - [MESSAGE][INFO] - 1stPayVault_TestSuite.ts: click on the Click on VPOS button in First View screen&#xD;
&#xD;
2019-11-04 08:44:43 - [MESSAGE][PASSED] - utilities.SafeActions.safeClickWithoutScroll is PASSED&#xD;
&#xD;
2019-11-04 08:44:43 - [MESSAGE][PASSED] - Call Test Case 'Test Cases/FirstView/Login/TC_FirstView' successfully&#xD;
&#xD;
2019-11-04 08:44:43 - [TEST_STEP][PASSED] - switchToWindowTitle("Transcenter - VPOS"): Switched to window with title: 'Transcenter - VPOS'&#xD;
&#xD;
2019-11-04 08:44:47 - [MESSAGE][PASSED] - Switched to window with title: 'Transcenter - VPOS'&#xD;
&#xD;
2019-11-04 08:44:47 - [TEST_STEP][PASSED] - focus(findTestObject("Pages/FirstPayVault/tab_FirstPayVault")): Object: 'Object Repository/Pages/FirstPayVault/tab_FirstPayVault' is focused&#xD;
&#xD;
2019-11-04 08:44:49 - [MESSAGE][PASSED] - Object: 'Object Repository/Pages/FirstPayVault/tab_FirstPayVault' is focused&#xD;
&#xD;
2019-11-04 08:44:49 - [TEST_STEP][PASSED] - utilities.SafeActions.javascriptclick(findTestObject("Pages/FirstPayVault/tab_FirstPayVault"), PageLoadTime): utilities.SafeActions.javascriptclick is PASSED&#xD;
&#xD;
2019-11-04 08:44:49 - [MESSAGE][PASSED] - utilities.SafeActions.javascriptclick is PASSED&#xD;
&#xD;
2019-11-04 08:44:49 - [TEST_STEP][PASSED] - delay(2): Delayed 2 second(s)&#xD;
&#xD;
2019-11-04 08:44:51 - [MESSAGE][PASSED] - Delayed 2 second(s)&#xD;
&#xD;
2019-11-04 08:44:51 - [TEST_STEP][PASSED] - utilities.SafeActions.safeClickWithoutScroll(findTestObject("Pages/FirstPayVault/tab_FirstPayVault"), "Click on FistPayVault tab", [delayForElement]): utilities.SafeActions.safeClickWithoutScroll is PASSED&#xD;
&#xD;
2019-11-04 08:44:51 - [MESSAGE][INFO] - Safe Click Without scroll&#xD;
&#xD;
2019-11-04 08:44:51 - [MESSAGE][INFO] - 1stPayVault_TestSuite.ts:waiting until Click on FistPayVault tab is Clickable&#xD;
&#xD;
2019-11-04 08:44:51 - [MESSAGE][PASSED] - Object 'Object Repository/Pages/FirstPayVault/tab_FirstPayVault' is clickable&#xD;
&#xD;
2019-11-04 08:44:51 - [MESSAGE][PASSED] - Object 'Object Repository/Pages/FirstPayVault/tab_FirstPayVault' is visible&#xD;
&#xD;
2019-11-04 08:44:52 - [MESSAGE][PASSED] - Object: 'Object Repository/Pages/FirstPayVault/tab_FirstPayVault' is clicked on&#xD;
&#xD;
2019-11-04 08:44:52 - [MESSAGE][INFO] - 1stPayVault_TestSuite.ts: click on the Click on FistPayVault tab&#xD;
&#xD;
2019-11-04 08:44:52 - [MESSAGE][PASSED] - utilities.SafeActions.safeClickWithoutScroll is PASSED&#xD;
&#xD;
2019-11-04 08:44:52 - [TEST_STEP][PASSED] - utilities.SafeActions.safeClickWithoutScroll(findTestObject("Pages/FirstPayVault/button_CreateVault"), "Click on CreateVault button", [PageLoadTime]): utilities.SafeActions.safeClickWithoutScroll is PASSED&#xD;
&#xD;
2019-11-04 08:44:52 - [MESSAGE][INFO] - Safe Click Without scroll&#xD;
&#xD;
2019-11-04 08:44:52 - [MESSAGE][INFO] - 1stPayVault_TestSuite.ts:waiting until Click on CreateVault button is Clickable&#xD;
&#xD;
2019-11-04 08:44:52 - [MESSAGE][PASSED] - Object 'Object Repository/Pages/FirstPayVault/button_CreateVault' is clickable&#xD;
&#xD;
2019-11-04 08:44:52 - [MESSAGE][PASSED] - Object 'Object Repository/Pages/FirstPayVault/button_CreateVault' is visible&#xD;
&#xD;
2019-11-04 08:44:53 - [MESSAGE][PASSED] - Object: 'Object Repository/Pages/FirstPayVault/button_CreateVault' is clicked on&#xD;
&#xD;
2019-11-04 08:44:53 - [MESSAGE][INFO] - 1stPayVault_TestSuite.ts: click on the Click on CreateVault button&#xD;
&#xD;
2019-11-04 08:44:53 - [MESSAGE][PASSED] - utilities.SafeActions.safeClickWithoutScroll is PASSED&#xD;
&#xD;
2019-11-04 08:44:53 - [TEST_STEP][PASSED] - scrollToElement(findTestObject("Pages/FirstPayVault/input_VaultReferenceNumber"), PageLoadTime): Scroll to object 'Object Repository/Pages/FirstPayVault/input_VaultReferenceNumber' successfully&#xD;
&#xD;
2019-11-04 08:44:53 - [MESSAGE][PASSED] - Scroll to object 'Object Repository/Pages/FirstPayVault/input_VaultReferenceNumber' successfully&#xD;
&#xD;
2019-11-04 08:44:53 - [TEST_STEP][PASSED] - vaultReference = utilities.SafeActions.timeWithMilliSeconds(): utilities.SafeActions.timeWithMilliSeconds is PASSED&#xD;
&#xD;
2019-11-04 08:44:53 - [MESSAGE][PASSED] - utilities.SafeActions.timeWithMilliSeconds is PASSED&#xD;
&#xD;
2019-11-04 08:44:53 - [TEST_STEP][PASSED] - utilities.SafeActions.safeType(findTestObject("Pages/FirstPayVault/input_VaultReferenceNumber"), vaultReference, "Entering Vault Reference Number", [PageLoadTime]): utilities.SafeActions.safeType is PASSED&#xD;
&#xD;
2019-11-04 08:44:53 - [MESSAGE][PASSED] - Object 'Object Repository/Pages/FirstPayVault/input_VaultReferenceNumber' is present&#xD;
&#xD;
2019-11-04 08:44:53 - [MESSAGE][PASSED] - Object 'Object Repository/Pages/FirstPayVault/input_VaultReferenceNumber' is present&#xD;
&#xD;
2019-11-04 08:44:54 - [MESSAGE][PASSED] - Object: 'Object Repository/Pages/FirstPayVault/input_VaultReferenceNumber' is clicked on&#xD;
&#xD;
2019-11-04 08:44:54 - [MESSAGE][PASSED] - Text '2019-11-04 08:44:53.460' is set on object 'Object Repository/Pages/FirstPayVault/input_VaultReferenceNumber'&#xD;
&#xD;
2019-11-04 08:44:54 - [MESSAGE][PASSED] - utilities.SafeActions.safeType is PASSED&#xD;
&#xD;
2019-11-04 08:44:54 - [TEST_STEP][PASSED] - utilities.SafeActions.safeType(findTestObject("Pages/FirstPayVault/input_CreditCardNumber"), visaCardNumber, "Entering Card Number", [PageLoadTime]): utilities.SafeActions.safeType is PASSED&#xD;
&#xD;
2019-11-04 08:44:54 - [MESSAGE][PASSED] - Object 'Object Repository/Pages/FirstPayVault/input_CreditCardNumber' is present&#xD;
&#xD;
2019-11-04 08:44:54 - [MESSAGE][PASSED] - Object 'Object Repository/Pages/FirstPayVault/input_CreditCardNumber' is present&#xD;
&#xD;
2019-11-04 08:44:55 - [MESSAGE][PASSED] - Object: 'Object Repository/Pages/FirstPayVault/input_CreditCardNumber' is clicked on&#xD;
&#xD;
2019-11-04 08:44:55 - [MESSAGE][PASSED] - Text '4111111111111111' is set on object 'Object Repository/Pages/FirstPayVault/input_CreditCardNumber'&#xD;
&#xD;
2019-11-04 08:44:55 - [MESSAGE][PASSED] - utilities.SafeActions.safeType is PASSED&#xD;
&#xD;
2019-11-04 08:44:55 - [TEST_STEP][PASSED] - utilities.SafeActions.safeSelectOptionInDropDownByVisibleText(findTestObject("Pages/FirstPayVault/dropDown_ExpirationMonth"), cardMonth, "Expiration Month", [PageLoadTime]): utilities.SafeActions.safeSelectOptionInDropDownByVisibleText is PASSED&#xD;
&#xD;
2019-11-04 08:44:55 - [MESSAGE][PASSED] - Object 'Object Repository/Pages/FirstPayVault/dropDown_ExpirationMonth' is visible&#xD;
&#xD;
2019-11-04 08:44:55 - [MESSAGE][PASSED] - Object 'Object Repository/Pages/FirstPayVault/dropDown_ExpirationMonth' is present&#xD;
&#xD;
2019-11-04 08:44:56 - [MESSAGE][PASSED] - Object: 'Object Repository/Pages/FirstPayVault/dropDown_ExpirationMonth' is clicked on&#xD;
&#xD;
2019-11-04 08:44:56 - [MESSAGE][PASSED] - All options with label 'September' are selected in object 'Object Repository/Pages/FirstPayVault/dropDown_ExpirationMonth' &#xD;
&#xD;
2019-11-04 08:44:56 - [MESSAGE][PASSED] - utilities.SafeActions.safeSelectOptionInDropDownByVisibleText is PASSED&#xD;
&#xD;
2019-11-04 08:44:56 - [TEST_STEP][PASSED] - utilities.SafeActions.safeSelectOptionInDropDownByVisibleText(findTestObject("Pages/FirstPayVault/dropDown_ExpirationYear"), cardYear, "year", [PageLoadTime]): utilities.SafeActions.safeSelectOptionInDropDownByVisibleText is PASSED&#xD;
&#xD;
2019-11-04 08:44:56 - [MESSAGE][PASSED] - Object 'Object Repository/Pages/FirstPayVault/dropDown_ExpirationYear' is visible&#xD;
&#xD;
2019-11-04 08:44:56 - [MESSAGE][PASSED] - Object 'Object Repository/Pages/FirstPayVault/dropDown_ExpirationYear' is present&#xD;
&#xD;
2019-11-04 08:44:57 - [MESSAGE][PASSED] - Object: 'Object Repository/Pages/FirstPayVault/dropDown_ExpirationYear' is clicked on&#xD;
&#xD;
2019-11-04 08:44:57 - [MESSAGE][PASSED] - All options with label '2032' are selected in object 'Object Repository/Pages/FirstPayVault/dropDown_ExpirationYear' &#xD;
&#xD;
2019-11-04 08:44:57 - [MESSAGE][PASSED] - utilities.SafeActions.safeSelectOptionInDropDownByVisibleText is PASSED&#xD;
&#xD;
2019-11-04 08:44:57 - [TEST_STEP][PASSED] - utilities.SafeActions.safeType(findTestObject("Pages/FirstPayVault/input_ContactName"), customerName, "Enter Contact Name", [PageLoadTime]): utilities.SafeActions.safeType is PASSED&#xD;
&#xD;
2019-11-04 08:44:58 - [MESSAGE][PASSED] - Object 'Object Repository/Pages/FirstPayVault/input_ContactName' is present&#xD;
&#xD;
2019-11-04 08:44:58 - [MESSAGE][PASSED] - Object 'Object Repository/Pages/FirstPayVault/input_ContactName' is present&#xD;
&#xD;
2019-11-04 08:44:58 - [MESSAGE][PASSED] - Object: 'Object Repository/Pages/FirstPayVault/input_ContactName' is clicked on&#xD;
&#xD;
2019-11-04 08:44:58 - [MESSAGE][PASSED] - Text 'Venkata Sai' is set on object 'Object Repository/Pages/FirstPayVault/input_ContactName'&#xD;
&#xD;
2019-11-04 08:44:58 - [MESSAGE][PASSED] - utilities.SafeActions.safeType is PASSED&#xD;
&#xD;
2019-11-04 08:44:58 - [TEST_STEP][PASSED] - utilities.SafeActions.safeType(findTestObject("Pages/FirstPayVault/input_PostalCode"), postalCode, "Enter Postal Code", [PageLoadTime]): utilities.SafeActions.safeType is PASSED&#xD;
&#xD;
2019-11-04 08:44:59 - [MESSAGE][PASSED] - Object 'Object Repository/Pages/FirstPayVault/input_PostalCode' is present&#xD;
&#xD;
2019-11-04 08:44:59 - [MESSAGE][PASSED] - Object 'Object Repository/Pages/FirstPayVault/input_PostalCode' is present&#xD;
&#xD;
2019-11-04 08:44:59 - [MESSAGE][PASSED] - Object: 'Object Repository/Pages/FirstPayVault/input_PostalCode' is clicked on&#xD;
&#xD;
2019-11-04 08:44:59 - [MESSAGE][PASSED] - Text '76102' is set on object 'Object Repository/Pages/FirstPayVault/input_PostalCode'&#xD;
&#xD;
2019-11-04 08:44:59 - [MESSAGE][PASSED] - utilities.SafeActions.safeType is PASSED&#xD;
&#xD;
2019-11-04 08:45:00 - [TEST_STEP][PASSED] - utilities.SafeActions.safeType(findTestObject("Pages/FirstPayVault/input_Address"), address, "Enter ddress", [PageLoadTime]): utilities.SafeActions.safeType is PASSED&#xD;
&#xD;
2019-11-04 08:45:00 - [MESSAGE][PASSED] - Object 'Object Repository/Pages/FirstPayVault/input_Address' is present&#xD;
&#xD;
2019-11-04 08:45:00 - [MESSAGE][PASSED] - Object 'Object Repository/Pages/FirstPayVault/input_Address' is present&#xD;
&#xD;
2019-11-04 08:45:00 - [MESSAGE][PASSED] - Object: 'Object Repository/Pages/FirstPayVault/input_Address' is clicked on&#xD;
&#xD;
2019-11-04 08:45:01 - [MESSAGE][PASSED] - Text 'Street123' is set on object 'Object Repository/Pages/FirstPayVault/input_Address'&#xD;
&#xD;
2019-11-04 08:45:01 - [MESSAGE][PASSED] - utilities.SafeActions.safeType is PASSED&#xD;
&#xD;
2019-11-04 08:45:01 - [TEST_STEP][PASSED] - utilities.SafeActions.safeCheckForElement(findTestObject("Pages/FirstPayVault/chekBox_AddShippingInformation"), PageLoadTime): utilities.SafeActions.safeCheckForElement is PASSED&#xD;
&#xD;
2019-11-04 08:45:01 - [MESSAGE][PASSED] - Object 'Object Repository/Pages/FirstPayVault/chekBox_AddShippingInformation' is present&#xD;
&#xD;
2019-11-04 08:45:01 - [MESSAGE][PASSED] - Object 'Object Repository/Pages/FirstPayVault/chekBox_AddShippingInformation' is visible&#xD;
&#xD;
2019-11-04 08:45:01 - [MESSAGE][PASSED] - Object 'Object Repository/Pages/FirstPayVault/chekBox_AddShippingInformation' is present&#xD;
&#xD;
2019-11-04 08:45:01 - [MESSAGE][PASSED] - Object 'Object Repository/Pages/FirstPayVault/chekBox_AddShippingInformation' is checked&#xD;
&#xD;
2019-11-04 08:45:01 - [MESSAGE][PASSED] - utilities.SafeActions.safeCheckForElement is PASSED&#xD;
&#xD;
2019-11-04 08:45:01 - [TEST_STEP][PASSED] - utilities.SafeActions.safeType(findTestObject("Pages/FirstPayVault/input_ShippingMethod"), shippingMethod, "Enter Shipping Method", [PageLoadTime]): utilities.SafeActions.safeType is PASSED&#xD;
&#xD;
2019-11-04 08:45:02 - [MESSAGE][PASSED] - Object 'Object Repository/Pages/FirstPayVault/input_ShippingMethod' is present&#xD;
&#xD;
2019-11-04 08:45:02 - [MESSAGE][PASSED] - Object 'Object Repository/Pages/FirstPayVault/input_ShippingMethod' is present&#xD;
&#xD;
2019-11-04 08:45:02 - [MESSAGE][PASSED] - Object: 'Object Repository/Pages/FirstPayVault/input_ShippingMethod' is clicked on&#xD;
&#xD;
2019-11-04 08:45:02 - [MESSAGE][PASSED] - Text 'DTDC' is set on object 'Object Repository/Pages/FirstPayVault/input_ShippingMethod'&#xD;
&#xD;
2019-11-04 08:45:02 - [MESSAGE][PASSED] - utilities.SafeActions.safeType is PASSED&#xD;
&#xD;
2019-11-04 08:45:02 - [TEST_STEP][PASSED] - utilities.SafeActions.safeCheckForElement(findTestObject("Pages/FirstPayVault/checkbox_SameAsBillingInformation"), PageLoadTime): utilities.SafeActions.safeCheckForElement is PASSED&#xD;
&#xD;
2019-11-04 08:45:03 - [MESSAGE][PASSED] - Object 'Object Repository/Pages/FirstPayVault/checkbox_SameAsBillingInformation' is present&#xD;
&#xD;
2019-11-04 08:45:03 - [MESSAGE][PASSED] - Object 'Object Repository/Pages/FirstPayVault/checkbox_SameAsBillingInformation' is visible&#xD;
&#xD;
2019-11-04 08:45:03 - [MESSAGE][PASSED] - Object 'Object Repository/Pages/FirstPayVault/checkbox_SameAsBillingInformation' is present&#xD;
&#xD;
2019-11-04 08:45:03 - [MESSAGE][PASSED] - Object 'Object Repository/Pages/FirstPayVault/checkbox_SameAsBillingInformation' is checked&#xD;
&#xD;
2019-11-04 08:45:03 - [MESSAGE][PASSED] - utilities.SafeActions.safeCheckForElement is PASSED&#xD;
&#xD;
2019-11-04 08:45:03 - [TEST_STEP][PASSED] - utilities.SafeActions.safeClickwithScroll(findTestObject("Pages/FirstPayVault/button_Create"), "Click on Create Button", [PageLoadTime]): utilities.SafeActions.safeClickwithScroll is PASSED&#xD;
&#xD;
2019-11-04 08:45:04 - [MESSAGE][PASSED] - Object 'Object Repository/Pages/FirstPayVault/button_Create' is present&#xD;
&#xD;
2019-11-04 08:45:04 - [MESSAGE][PASSED] - Object 'Object Repository/Pages/FirstPayVault/button_Create' is visible&#xD;
&#xD;
2019-11-04 08:45:04 - [MESSAGE][INFO] - 1stPayVault_TestSuite.ts:waiting until Click on Create Button is Clickable&#xD;
&#xD;
2019-11-04 08:45:04 - [MESSAGE][PASSED] - Object 'Object Repository/Pages/FirstPayVault/button_Create' is clickable&#xD;
&#xD;
2019-11-04 08:45:04 - [MESSAGE][PASSED] - Object 'Object Repository/Pages/FirstPayVault/button_Create' is visible&#xD;
&#xD;
2019-11-04 08:45:04 - [MESSAGE][PASSED] - Object: 'Object Repository/Pages/FirstPayVault/button_Create' is clicked on&#xD;
&#xD;
2019-11-04 08:45:04 - [MESSAGE][INFO] - 1stPayVault_TestSuite.ts: Clicked on the Click on Create Button&#xD;
&#xD;
2019-11-04 08:45:04 - [MESSAGE][PASSED] - utilities.SafeActions.safeClickwithScroll is PASSED&#xD;
&#xD;
2019-11-04 08:45:04 - [TEST_STEP][PASSED] - popupSavedToVaultMessage = utilities.SafeActions.safeGetText(findTestObject("Pages/FirstPayVault/popup_SavedToVaultMessage"), PageLoadTime): utilities.SafeActions.safeGetText is PASSED&#xD;
&#xD;
2019-11-04 08:45:05 - [MESSAGE][PASSED] - Object 'Object Repository/Pages/FirstPayVault/popup_SavedToVaultMessage' is present&#xD;
&#xD;
2019-11-04 08:45:05 - [MESSAGE][PASSED] - Scroll to object 'Object Repository/Pages/FirstPayVault/popup_SavedToVaultMessage' successfully&#xD;
&#xD;
2019-11-04 08:45:05 - [MESSAGE][PASSED] - Object 'Object Repository/Pages/FirstPayVault/popup_SavedToVaultMessage' is present&#xD;
&#xD;
2019-11-04 08:45:05 - [MESSAGE][PASSED] - Text of object 'Object Repository/Pages/FirstPayVault/popup_SavedToVaultMessage' is: 'Successfully Saved to Vault'&#xD;
&#xD;
2019-11-04 08:45:05 - [MESSAGE][PASSED] - utilities.SafeActions.safeGetText is PASSED&#xD;
&#xD;
2019-11-04 08:45:05 - [TEST_STEP][PASSED] - flag = utilities.SafeActions.verifyPopupMessage("Successfully Saved to Vault", popupSavedToVaultMessage): Popup Message : Successfully Saved to Vault matched with expected message : Successfully Saved to Vault&#xD;
&#xD;
2019-11-04 08:45:05 - [MESSAGE][PASSED] - Popup Message : Successfully Saved to Vault matched with expected message : Successfully Saved to Vault&#xD;
&#xD;
2019-11-04 08:45:05 - [TEST_STEP][PASSED] - utilities.SafeActions.safeClickWithoutScroll(findTestObject("Pages/FirstPayVault/button_RunSaleWithThisVault_InPopup"), "Click on Run Sale With This Vault in Popup", [delayBetweenTestSteps]): utilities.SafeActions.safeClickWithoutScroll is PASSED&#xD;
&#xD;
2019-11-04 08:45:05 - [MESSAGE][INFO] - Safe Click Without scroll&#xD;
&#xD;
2019-11-04 08:45:05 - [MESSAGE][INFO] - 1stPayVault_TestSuite.ts:waiting until Click on Run Sale With This Vault in Popup is Clickable&#xD;
&#xD;
2019-11-04 08:45:05 - [MESSAGE][PASSED] - Object 'Object Repository/Pages/FirstPayVault/button_RunSaleWithThisVault_InPopup' is clickable&#xD;
&#xD;
2019-11-04 08:45:06 - [MESSAGE][PASSED] - Object 'Object Repository/Pages/FirstPayVault/button_RunSaleWithThisVault_InPopup' is visible&#xD;
&#xD;
2019-11-04 08:45:07 - [MESSAGE][PASSED] - Object: 'Object Repository/Pages/FirstPayVault/button_RunSaleWithThisVault_InPopup' is clicked on&#xD;
&#xD;
2019-11-04 08:45:07 - [MESSAGE][INFO] - 1stPayVault_TestSuite.ts: click on the Click on Run Sale With This Vault in Popup&#xD;
&#xD;
2019-11-04 08:45:07 - [MESSAGE][PASSED] - utilities.SafeActions.safeClickWithoutScroll is PASSED&#xD;
&#xD;
2019-11-04 08:45:07 - [TEST_STEP][PASSED] - value = utilities.SafeActions.getAttributeValue(findTestObject("Pages/FirstPayVault/tab_1stPayVault_Active"), "1st_PayVault"): The screen is 1st_PayVault screen&#xD;
&#xD;
2019-11-04 08:45:07 - [MESSAGE][PASSED] - Attribute 'class' of object 'Object Repository/Pages/FirstPayVault/tab_1stPayVault_Active' is: 'active_tab tabs__link'&#xD;
&#xD;
2019-11-04 08:45:07 - [MESSAGE][PASSED] - The screen is 1st_PayVault screen&#xD;
&#xD;
2019-11-04 08:45:07 - [TEST_STEP][PASSED] - scrollToElement(findTestObject("Pages/FirstPayVault/input_Amount"), PageLoadTime): Scroll to object 'Object Repository/Pages/FirstPayVault/input_Amount' successfully&#xD;
&#xD;
2019-11-04 08:45:07 - [MESSAGE][PASSED] - Scroll to object 'Object Repository/Pages/FirstPayVault/input_Amount' successfully&#xD;
&#xD;
2019-11-04 08:45:07 - [TEST_STEP][PASSED] - utilities.SafeActions.safeType(findTestObject("Pages/FirstPayVault/input_Amount"), amount, "Enter Amount", [PageLoadTime]): utilities.SafeActions.safeType is PASSED&#xD;
&#xD;
2019-11-04 08:45:07 - [MESSAGE][PASSED] - Object 'Object Repository/Pages/FirstPayVault/input_Amount' is present&#xD;
&#xD;
2019-11-04 08:45:07 - [MESSAGE][PASSED] - Object 'Object Repository/Pages/FirstPayVault/input_Amount' is present&#xD;
&#xD;
2019-11-04 08:45:08 - [MESSAGE][PASSED] - Object: 'Object Repository/Pages/FirstPayVault/input_Amount' is clicked on&#xD;
&#xD;
2019-11-04 08:45:08 - [MESSAGE][PASSED] - Text '450' is set on object 'Object Repository/Pages/FirstPayVault/input_Amount'&#xD;
&#xD;
2019-11-04 08:45:08 - [MESSAGE][PASSED] - utilities.SafeActions.safeType is PASSED&#xD;
&#xD;
2019-11-04 08:45:08 - [TEST_STEP][PASSED] - salesTax = utilities.SafeActions.safeGetText(findTestObject("Pages/FirstPayVault/input_SalesTaxUnderAmount"), delayBetweenTestSteps): utilities.SafeActions.safeGetText is PASSED&#xD;
&#xD;
2019-11-04 08:45:08 - [MESSAGE][PASSED] - Object 'Object Repository/Pages/FirstPayVault/input_SalesTaxUnderAmount' is present&#xD;
&#xD;
2019-11-04 08:45:08 - [MESSAGE][PASSED] - Scroll to object 'Object Repository/Pages/FirstPayVault/input_SalesTaxUnderAmount' successfully&#xD;
&#xD;
2019-11-04 08:45:08 - [MESSAGE][PASSED] - Object 'Object Repository/Pages/FirstPayVault/input_SalesTaxUnderAmount' is present&#xD;
&#xD;
2019-11-04 08:45:09 - [MESSAGE][PASSED] - Text of object 'Object Repository/Pages/FirstPayVault/input_SalesTaxUnderAmount' is: '$37.13'&#xD;
&#xD;
2019-11-04 08:45:09 - [MESSAGE][PASSED] - utilities.SafeActions.safeGetText is PASSED&#xD;
&#xD;
2019-11-04 08:45:09 - [TEST_STEP][PASSED] - pages.FirstPayVault.verifyAmountIsNotZero(salesTax): pages.FirstPayVault.verifyAmountIsNotZero is PASSED&#xD;
&#xD;
2019-11-04 08:45:09 - [MESSAGE][PASSED] - pages.FirstPayVault.verifyAmountIsNotZero is PASSED&#xD;
&#xD;
2019-11-04 08:45:09 - [TEST_STEP][PASSED] - scrollToElement(findTestObject("Pages/FirstPayVault/input_CreditCardNumberForVerification"), delayBetweenTestSteps): Scroll to object 'Object Repository/Pages/FirstPayVault/input_CreditCardNumberForVerification' successfully&#xD;
&#xD;
2019-11-04 08:45:09 - [MESSAGE][PASSED] - Scroll to object 'Object Repository/Pages/FirstPayVault/input_CreditCardNumberForVerification' successfully&#xD;
&#xD;
2019-11-04 08:45:09 - [TEST_STEP][PASSED] - cardNumber = utilities.SafeActions.getAttribute(findTestObject("Pages/FirstPayVault/input_CreditCardNumberForVerification"), "1st Pay Vault"): utilities.SafeActions.getAttribute is PASSED&#xD;
&#xD;
2019-11-04 08:45:09 - [MESSAGE][PASSED] - Attribute 'value' of object 'Object Repository/Pages/FirstPayVault/input_CreditCardNumberForVerification' is: '411111******1111'&#xD;
&#xD;
2019-11-04 08:45:09 - [MESSAGE][PASSED] - utilities.SafeActions.getAttribute is PASSED&#xD;
&#xD;
2019-11-04 08:45:09 - [TEST_STEP][PASSED] - pages.FirstPayVault.verifyCardNumber(cardNumber, visaCardNumber): Actual String : 4111111111111111 matched with Expected message : 411111******1111&#xD;
&#xD;
2019-11-04 08:45:09 - [MESSAGE][PASSED] - Actual String : 4111111111111111 matched with Expected message : 411111******1111&#xD;
&#xD;
2019-11-04 08:45:09 - [TEST_STEP][PASSED] - expirationYear = utilities.SafeActions.getAttribute(findTestObject("Pages/FirstPayVault/dropDownExpirationYearForVerification"), "1st Pay Vault"): utilities.SafeActions.getAttribute is PASSED&#xD;
&#xD;
2019-11-04 08:45:09 - [MESSAGE][PASSED] - Attribute 'value' of object 'Object Repository/Pages/FirstPayVault/dropDownExpirationYearForVerification' is: '2032'&#xD;
&#xD;
2019-11-04 08:45:09 - [MESSAGE][PASSED] - utilities.SafeActions.getAttribute is PASSED&#xD;
&#xD;
2019-11-04 08:45:09 - [TEST_STEP][PASSED] - pages.FirstPayVault.verifyStrings(expirationYear, cardYear): Actual String : 2032 matched with Expected message : 2032&#xD;
&#xD;
2019-11-04 08:45:09 - [MESSAGE][PASSED] - Actual String : 2032 matched with Expected message : 2032&#xD;
&#xD;
2019-11-04 08:45:09 - [TEST_STEP][PASSED] - scrollToElement(findTestObject("Pages/FirstPayVault/input_VerifyCardHolderName"), PageLoadTime): Scroll to object 'Object Repository/Pages/FirstPayVault/input_VerifyCardHolderName' successfully&#xD;
&#xD;
2019-11-04 08:45:09 - [MESSAGE][PASSED] - Scroll to object 'Object Repository/Pages/FirstPayVault/input_VerifyCardHolderName' successfully&#xD;
&#xD;
2019-11-04 08:45:09 - [TEST_STEP][PASSED] - name = utilities.SafeActions.getAttribute(findTestObject("Pages/FirstPayVault/input_VerifyCardHolderName"), "1stPayVault"): utilities.SafeActions.getAttribute is PASSED&#xD;
&#xD;
2019-11-04 08:45:10 - [MESSAGE][PASSED] - Attribute 'value' of object 'Object Repository/Pages/FirstPayVault/input_VerifyCardHolderName' is: 'Venkata Sai'&#xD;
&#xD;
2019-11-04 08:45:10 - [MESSAGE][PASSED] - utilities.SafeActions.getAttribute is PASSED&#xD;
&#xD;
2019-11-04 08:45:10 - [TEST_STEP][PASSED] - pages.FirstPayVault.verifyStrings(name, customerName): Actual String : Venkata Sai matched with Expected message : Venkata Sai&#xD;
&#xD;
2019-11-04 08:45:10 - [MESSAGE][PASSED] - Actual String : Venkata Sai matched with Expected message : Venkata Sai&#xD;
&#xD;
2019-11-04 08:45:10 - [TEST_STEP][PASSED] - scrollToElement(findTestObject("Pages/FirstPayVault/checkbox_TaxExempt"), PageLoadTime): Scroll to object 'Object Repository/Pages/FirstPayVault/checkbox_TaxExempt' successfully&#xD;
&#xD;
2019-11-04 08:45:10 - [MESSAGE][PASSED] - Scroll to object 'Object Repository/Pages/FirstPayVault/checkbox_TaxExempt' successfully&#xD;
&#xD;
2019-11-04 08:45:10 - [TEST_STEP][PASSED] - pages.FirstPayVault.verifyAmountIsNotZero(salesTax): pages.FirstPayVault.verifyAmountIsNotZero is PASSED&#xD;
&#xD;
2019-11-04 08:45:10 - [MESSAGE][PASSED] - pages.FirstPayVault.verifyAmountIsNotZero is PASSED&#xD;
&#xD;
2019-11-04 08:45:10 - [TEST_STEP][PASSED] - utilities.SafeActions.safeCheckForElement(findTestObject("Pages/FirstPayVault/checkbox_TaxExempt"), PageLoadTime): utilities.SafeActions.safeCheckForElement is PASSED&#xD;
&#xD;
2019-11-04 08:45:10 - [MESSAGE][PASSED] - Object 'Object Repository/Pages/FirstPayVault/checkbox_TaxExempt' is present&#xD;
&#xD;
2019-11-04 08:45:10 - [MESSAGE][PASSED] - Object 'Object Repository/Pages/FirstPayVault/checkbox_TaxExempt' is visible&#xD;
&#xD;
2019-11-04 08:45:10 - [MESSAGE][PASSED] - Object 'Object Repository/Pages/FirstPayVault/checkbox_TaxExempt' is present&#xD;
&#xD;
2019-11-04 08:45:11 - [MESSAGE][PASSED] - Object 'Object Repository/Pages/FirstPayVault/checkbox_TaxExempt' is checked&#xD;
&#xD;
2019-11-04 08:45:11 - [MESSAGE][PASSED] - utilities.SafeActions.safeCheckForElement is PASSED&#xD;
&#xD;
2019-11-04 08:45:11 - [TEST_STEP][PASSED] - utilities.SafeActions.safeClickwithScroll(findTestObject("Pages/FirstPayVault/button_Checkout"), "Click on Checkout", [PageLoadTime]): utilities.SafeActions.safeClickwithScroll is PASSED&#xD;
&#xD;
2019-11-04 08:45:11 - [MESSAGE][PASSED] - Object 'Object Repository/Pages/FirstPayVault/button_Checkout' is present&#xD;
&#xD;
2019-11-04 08:45:11 - [MESSAGE][PASSED] - Object 'Object Repository/Pages/FirstPayVault/button_Checkout' is visible&#xD;
&#xD;
2019-11-04 08:45:11 - [MESSAGE][INFO] - 1stPayVault_TestSuite.ts:waiting until Click on Checkout is Clickable&#xD;
&#xD;
2019-11-04 08:45:11 - [MESSAGE][PASSED] - Object 'Object Repository/Pages/FirstPayVault/button_Checkout' is clickable&#xD;
&#xD;
2019-11-04 08:45:11 - [MESSAGE][PASSED] - Object 'Object Repository/Pages/FirstPayVault/button_Checkout' is visible&#xD;
&#xD;
2019-11-04 08:45:12 - [MESSAGE][PASSED] - Object: 'Object Repository/Pages/FirstPayVault/button_Checkout' is clicked on&#xD;
&#xD;
2019-11-04 08:45:12 - [MESSAGE][INFO] - 1stPayVault_TestSuite.ts: Clicked on the Click on Checkout&#xD;
&#xD;
2019-11-04 08:45:12 - [MESSAGE][PASSED] - utilities.SafeActions.safeClickwithScroll is PASSED&#xD;
&#xD;
2019-11-04 08:45:12 - [TEST_STEP][PASSED] - pages.Sale.verifyTransactionCompletePage(findTestObject("Pages/Sale/heading_TransactionComplete")): The screen is Transaction Complete screen&#xD;
&#xD;
2019-11-04 08:45:12 - [MESSAGE][PASSED] - Object 'Object Repository/Pages/Sale/heading_TransactionComplete' is present&#xD;
&#xD;
2019-11-04 08:45:13 - [MESSAGE][PASSED] - The screen is Transaction Complete screen&#xD;
&#xD;
2019-11-04 08:45:13 - [TEST_STEP][PASSED] - utilities.SafeActions.safeClickWithoutScroll(findTestObject("Pages/FirstPayVault/button_ReturnToSale_InTransactionComplete"), "Click On Return Button", [PageLoadTime]): utilities.SafeActions.safeClickWithoutScroll is PASSED&#xD;
&#xD;
2019-11-04 08:45:13 - [MESSAGE][INFO] - Safe Click Without scroll&#xD;
&#xD;
2019-11-04 08:45:13 - [MESSAGE][INFO] - 1stPayVault_TestSuite.ts:waiting until Click On Return Button is Clickable&#xD;
&#xD;
2019-11-04 08:45:13 - [MESSAGE][PASSED] - Object 'Object Repository/Pages/FirstPayVault/button_ReturnToSale_InTransactionComplete' is clickable&#xD;
&#xD;
2019-11-04 08:45:13 - [MESSAGE][PASSED] - Object 'Object Repository/Pages/FirstPayVault/button_ReturnToSale_InTransactionComplete' is visible&#xD;
&#xD;
2019-11-04 08:45:14 - [MESSAGE][PASSED] - Object: 'Object Repository/Pages/FirstPayVault/button_ReturnToSale_InTransactionComplete' is clicked on&#xD;
&#xD;
2019-11-04 08:45:14 - [MESSAGE][INFO] - 1stPayVault_TestSuite.ts: click on the Click On Return Button&#xD;
&#xD;
2019-11-04 08:45:14 - [MESSAGE][PASSED] - utilities.SafeActions.safeClickWithoutScroll is PASSED&#xD;
&#xD;
2019-11-04 08:45:14 - [TEST_STEP][PASSED] - utilities.SafeActions.safeClickWithoutScroll(findTestObject("Pages/FirstPayVault/tab_FirstPayVault"), "Click on FirstPayVault tab", [PageLoadTime]): utilities.SafeActions.safeClickWithoutScroll is PASSED&#xD;
&#xD;
2019-11-04 08:45:14 - [MESSAGE][INFO] - Safe Click Without scroll&#xD;
&#xD;
2019-11-04 08:45:14 - [MESSAGE][INFO] - 1stPayVault_TestSuite.ts:waiting until Click on FirstPayVault tab is Clickable&#xD;
&#xD;
2019-11-04 08:45:14 - [MESSAGE][PASSED] - Object 'Object Repository/Pages/FirstPayVault/tab_FirstPayVault' is clickable&#xD;
&#xD;
2019-11-04 08:45:14 - [MESSAGE][PASSED] - Object 'Object Repository/Pages/FirstPayVault/tab_FirstPayVault' is visible&#xD;
&#xD;
2019-11-04 08:45:15 - [MESSAGE][PASSED] - Object: 'Object Repository/Pages/FirstPayVault/tab_FirstPayVault' is clicked on&#xD;
&#xD;
2019-11-04 08:45:15 - [MESSAGE][INFO] - 1stPayVault_TestSuite.ts: click on the Click on FirstPayVault tab&#xD;
&#xD;
2019-11-04 08:45:15 - [MESSAGE][PASSED] - utilities.SafeActions.safeClickWithoutScroll is PASSED&#xD;
&#xD;
2019-11-04 08:45:15 - [TEST_STEP][PASSED] - utilities.SafeActions.safeClickwithScroll(findTestObject("Pages/FirstPayVault/button_SearchVault"), "Click on Search Vault", [PageLoadTime]): utilities.SafeActions.safeClickwithScroll is PASSED&#xD;
&#xD;
2019-11-04 08:45:15 - [MESSAGE][PASSED] - Object 'Object Repository/Pages/FirstPayVault/button_SearchVault' is present&#xD;
&#xD;
2019-11-04 08:45:15 - [MESSAGE][PASSED] - Object 'Object Repository/Pages/FirstPayVault/button_SearchVault' is visible&#xD;
&#xD;
2019-11-04 08:45:15 - [MESSAGE][INFO] - 1stPayVault_TestSuite.ts:waiting until Click on Search Vault is Clickable&#xD;
&#xD;
2019-11-04 08:45:15 - [MESSAGE][PASSED] - Object 'Object Repository/Pages/FirstPayVault/button_SearchVault' is clickable&#xD;
&#xD;
2019-11-04 08:45:15 - [MESSAGE][PASSED] - Object 'Object Repository/Pages/FirstPayVault/button_SearchVault' is visible&#xD;
&#xD;
2019-11-04 08:45:16 - [MESSAGE][PASSED] - Object: 'Object Repository/Pages/FirstPayVault/button_SearchVault' is clicked on&#xD;
&#xD;
2019-11-04 08:45:16 - [MESSAGE][INFO] - 1stPayVault_TestSuite.ts: Clicked on the Click on Search Vault&#xD;
&#xD;
2019-11-04 08:45:16 - [MESSAGE][PASSED] - utilities.SafeActions.safeClickwithScroll is PASSED&#xD;
&#xD;
2019-11-04 08:45:16 - [TEST_STEP][PASSED] - utilities.SafeActions.safeClickWithoutScroll(findTestObject("Pages/FirstPayVault/button_Search"), "Click On Search button", [PageLoadTime]): utilities.SafeActions.safeClickWithoutScroll is PASSED&#xD;
&#xD;
2019-11-04 08:45:16 - [MESSAGE][INFO] - Safe Click Without scroll&#xD;
&#xD;
2019-11-04 08:45:16 - [MESSAGE][INFO] - 1stPayVault_TestSuite.ts:waiting until Click On Search button is Clickable&#xD;
&#xD;
2019-11-04 08:45:16 - [MESSAGE][PASSED] - Object 'Object Repository/Pages/FirstPayVault/button_Search' is clickable&#xD;
&#xD;
2019-11-04 08:45:16 - [MESSAGE][PASSED] - Object 'Object Repository/Pages/FirstPayVault/button_Search' is visible&#xD;
&#xD;
2019-11-04 08:45:17 - [MESSAGE][PASSED] - Object: 'Object Repository/Pages/FirstPayVault/button_Search' is clicked on&#xD;
&#xD;
2019-11-04 08:45:17 - [MESSAGE][INFO] - 1stPayVault_TestSuite.ts: click on the Click On Search button&#xD;
&#xD;
2019-11-04 08:45:17 - [MESSAGE][PASSED] - utilities.SafeActions.safeClickWithoutScroll is PASSED&#xD;
&#xD;
2019-11-04 08:45:17 - [TEST_STEP][PASSED] - scrollToElement(findTestObject("Pages/Transaction_Management/invoice_ForTransaction"), PageLoadTime): Scroll to object 'Object Repository/Pages/Transaction_Management/invoice_ForTransaction' successfully&#xD;
&#xD;
2019-11-04 08:45:20 - [MESSAGE][PASSED] - Scroll to object 'Object Repository/Pages/Transaction_Management/invoice_ForTransaction' successfully&#xD;
&#xD;
2019-11-04 08:45:20 - [TEST_STEP][PASSED] - pages.FirstPayVault.verifyInvoiceRecord(findTestObject("Pages/FirstPayVault/footer_NextButton"), findTestObject("Pages/FirstPayVault/page_Number"), vaultReference): The Vault is found in page 1&#xD;
&#xD;
2019-11-04 08:45:21 - [MESSAGE][PASSED] - Text of object 'Object Repository/Pages/FirstPayVault/page_Number' is: 'Page 1 of 46'&#xD;
&#xD;
2019-11-04 08:45:21 - [MESSAGE][PASSED] - The Vault is found in page 1&#xD;
&#xD;
2019-11-04 08:45:21 - [TEST_STEP][PASSED] - pages.FirstPayVault.clickOnEdit(findTestObject("Pages/FirstPayVault/footer_NextButton"), findTestObject("Pages/FirstPayVault/page_Number"), vaultReference): Delayed 6 second(s)&#xD;
&#xD;
2019-11-04 08:45:22 - [MESSAGE][PASSED] - Text of object 'Object Repository/Pages/FirstPayVault/page_Number' is: 'Page 1 of 46'&#xD;
&#xD;
2019-11-04 08:45:22 - [MESSAGE][PASSED] - The Vault is found in page 1&#xD;
&#xD;
2019-11-04 08:45:28 - [MESSAGE][PASSED] - Delayed 6 second(s)&#xD;
&#xD;
2019-11-04 08:45:29 - [TEST_STEP][PASSED] - scrollToElement(findTestObject("Pages/FirstPayVault/dropDownExpirationMonthForVerification"), delayBetweenTestSteps): Scroll to object 'Object Repository/Pages/FirstPayVault/dropDownExpirationMonthForVerification' successfully&#xD;
&#xD;
2019-11-04 08:45:29 - [MESSAGE][PASSED] - Scroll to object 'Object Repository/Pages/FirstPayVault/dropDownExpirationMonthForVerification' successfully&#xD;
&#xD;
2019-11-04 08:45:29 - [TEST_STEP][PASSED] - utilities.SafeActions.safeSelectOptionInDropDownByVisibleText(findTestObject("Pages/FirstPayVault/dropDownExpirationMonthForVerification"), cardMonthUpdate, "Update expiration Month", [PageLoadTime]): utilities.SafeActions.safeSelectOptionInDropDownByVisibleText is PASSED&#xD;
&#xD;
2019-11-04 08:45:29 - [MESSAGE][PASSED] - Object 'Object Repository/Pages/FirstPayVault/dropDownExpirationMonthForVerification' is visible&#xD;
&#xD;
2019-11-04 08:45:29 - [MESSAGE][PASSED] - Object 'Object Repository/Pages/FirstPayVault/dropDownExpirationMonthForVerification' is present&#xD;
&#xD;
2019-11-04 08:45:30 - [MESSAGE][PASSED] - Object: 'Object Repository/Pages/FirstPayVault/dropDownExpirationMonthForVerification' is clicked on&#xD;
&#xD;
2019-11-04 08:45:30 - [MESSAGE][PASSED] - All options with label 'October' are selected in object 'Object Repository/Pages/FirstPayVault/dropDownExpirationMonthForVerification' &#xD;
&#xD;
2019-11-04 08:45:30 - [MESSAGE][PASSED] - utilities.SafeActions.safeSelectOptionInDropDownByVisibleText is PASSED&#xD;
&#xD;
2019-11-04 08:45:30 - [TEST_STEP][PASSED] - utilities.SafeActions.safeCheckForElement(findTestObject("Pages/FirstPayVault/chekBox_AddShippingInformation"), PageLoadTime): utilities.SafeActions.safeCheckForElement is PASSED&#xD;
&#xD;
2019-11-04 08:45:30 - [MESSAGE][PASSED] - Object 'Object Repository/Pages/FirstPayVault/chekBox_AddShippingInformation' is present&#xD;
&#xD;
2019-11-04 08:45:30 - [MESSAGE][PASSED] - Object 'Object Repository/Pages/FirstPayVault/chekBox_AddShippingInformation' is visible&#xD;
&#xD;
2019-11-04 08:45:30 - [MESSAGE][PASSED] - Object 'Object Repository/Pages/FirstPayVault/chekBox_AddShippingInformation' is present&#xD;
&#xD;
2019-11-04 08:45:31 - [MESSAGE][PASSED] - Object 'Object Repository/Pages/FirstPayVault/chekBox_AddShippingInformation' is checked&#xD;
&#xD;
2019-11-04 08:45:31 - [MESSAGE][PASSED] - utilities.SafeActions.safeCheckForElement is PASSED&#xD;
&#xD;
2019-11-04 08:45:31 - [TEST_STEP][PASSED] - utilities.SafeActions.safeType(findTestObject("Pages/FirstPayVault/input_ShippingMethod"), shippingMethod, "Enter Shipping Method", [PageLoadTime]): utilities.SafeActions.safeType is PASSED&#xD;
&#xD;
2019-11-04 08:45:31 - [MESSAGE][PASSED] - Object 'Object Repository/Pages/FirstPayVault/input_ShippingMethod' is present&#xD;
&#xD;
2019-11-04 08:45:31 - [MESSAGE][PASSED] - Object 'Object Repository/Pages/FirstPayVault/input_ShippingMethod' is present&#xD;
&#xD;
2019-11-04 08:45:32 - [MESSAGE][PASSED] - Object: 'Object Repository/Pages/FirstPayVault/input_ShippingMethod' is clicked on&#xD;
&#xD;
2019-11-04 08:45:32 - [MESSAGE][PASSED] - Text 'DTDC' is set on object 'Object Repository/Pages/FirstPayVault/input_ShippingMethod'&#xD;
&#xD;
2019-11-04 08:45:32 - [MESSAGE][PASSED] - utilities.SafeActions.safeType is PASSED&#xD;
&#xD;
2019-11-04 08:45:32 - [TEST_STEP][PASSED] - utilities.SafeActions.safeCheckForElement(findTestObject("Pages/FirstPayVault/checkbox_SameAsBillingInformation"), PageLoadTime): utilities.SafeActions.safeCheckForElement is PASSED&#xD;
&#xD;
2019-11-04 08:45:32 - [MESSAGE][PASSED] - Object 'Object Repository/Pages/FirstPayVault/checkbox_SameAsBillingInformation' is present&#xD;
&#xD;
2019-11-04 08:45:32 - [MESSAGE][PASSED] - Object 'Object Repository/Pages/FirstPayVault/checkbox_SameAsBillingInformation' is visible&#xD;
&#xD;
2019-11-04 08:45:32 - [MESSAGE][PASSED] - Object 'Object Repository/Pages/FirstPayVault/checkbox_SameAsBillingInformation' is present&#xD;
&#xD;
2019-11-04 08:45:33 - [MESSAGE][PASSED] - Object 'Object Repository/Pages/FirstPayVault/checkbox_SameAsBillingInformation' is checked&#xD;
&#xD;
2019-11-04 08:45:33 - [MESSAGE][PASSED] - utilities.SafeActions.safeCheckForElement is PASSED&#xD;
&#xD;
2019-11-04 08:45:33 - [TEST_STEP][PASSED] - scrollToElement(findTestObject("Pages/FirstPayVault/button_Update"), delayBetweenTestSteps): Scroll to object 'Object Repository/Pages/FirstPayVault/button_Update' successfully&#xD;
&#xD;
2019-11-04 08:45:33 - [MESSAGE][PASSED] - Scroll to object 'Object Repository/Pages/FirstPayVault/button_Update' successfully&#xD;
&#xD;
2019-11-04 08:45:33 - [TEST_STEP][PASSED] - utilities.SafeActions.safeClickwithScroll(findTestObject("Pages/FirstPayVault/button_Update"), "Click On Update", [delayBetweenTestSteps]): utilities.SafeActions.safeClickwithScroll is PASSED&#xD;
&#xD;
2019-11-04 08:45:33 - [MESSAGE][PASSED] - Object 'Object Repository/Pages/FirstPayVault/button_Update' is present&#xD;
&#xD;
2019-11-04 08:45:33 - [MESSAGE][PASSED] - Object 'Object Repository/Pages/FirstPayVault/button_Update' is visible&#xD;
&#xD;
2019-11-04 08:45:33 - [MESSAGE][INFO] - 1stPayVault_TestSuite.ts:waiting until Click On Update is Clickable&#xD;
&#xD;
2019-11-04 08:45:33 - [MESSAGE][PASSED] - Object 'Object Repository/Pages/FirstPayVault/button_Update' is clickable&#xD;
&#xD;
2019-11-04 08:45:34 - [MESSAGE][PASSED] - Object 'Object Repository/Pages/FirstPayVault/button_Update' is visible&#xD;
&#xD;
2019-11-04 08:45:34 - [MESSAGE][PASSED] - Object: 'Object Repository/Pages/FirstPayVault/button_Update' is clicked on&#xD;
&#xD;
2019-11-04 08:45:34 - [MESSAGE][INFO] - 1stPayVault_TestSuite.ts: Clicked on the Click On Update&#xD;
&#xD;
2019-11-04 08:45:34 - [MESSAGE][PASSED] - utilities.SafeActions.safeClickwithScroll is PASSED&#xD;
&#xD;
2019-11-04 08:45:34 - [TEST_STEP][PASSED] - delay(2): Delayed 2 second(s)&#xD;
&#xD;
2019-11-04 08:45:36 - [MESSAGE][PASSED] - Delayed 2 second(s)&#xD;
&#xD;
2019-11-04 08:45:36 - [TEST_STEP][PASSED] - popupUpdatedToVaultMessage = utilities.SafeActions.safeGetText(findTestObject("Pages/FirstPayVault/popup_SavedToVaultMessage"), PageLoadTime): utilities.SafeActions.safeGetText is PASSED&#xD;
&#xD;
2019-11-04 08:45:36 - [MESSAGE][PASSED] - Object 'Object Repository/Pages/FirstPayVault/popup_SavedToVaultMessage' is present&#xD;
&#xD;
2019-11-04 08:45:36 - [MESSAGE][PASSED] - Scroll to object 'Object Repository/Pages/FirstPayVault/popup_SavedToVaultMessage' successfully&#xD;
&#xD;
2019-11-04 08:45:37 - [MESSAGE][PASSED] - Object 'Object Repository/Pages/FirstPayVault/popup_SavedToVaultMessage' is present&#xD;
&#xD;
2019-11-04 08:45:37 - [MESSAGE][PASSED] - Text of object 'Object Repository/Pages/FirstPayVault/popup_SavedToVaultMessage' is: 'Successfully Saved to Vault'&#xD;
&#xD;
2019-11-04 08:45:37 - [MESSAGE][PASSED] - utilities.SafeActions.safeGetText is PASSED&#xD;
&#xD;
2019-11-04 08:45:37 - [TEST_STEP][PASSED] - flag = utilities.SafeActions.verifyPopupMessage("Successfully Saved to Vault", popupUpdatedToVaultMessage): Popup Message : Successfully Saved to Vault matched with expected message : Successfully Saved to Vault&#xD;
&#xD;
2019-11-04 08:45:37 - [MESSAGE][PASSED] - Popup Message : Successfully Saved to Vault matched with expected message : Successfully Saved to Vault&#xD;
&#xD;
2019-11-04 08:45:37 - [TEST_STEP][PASSED] - closeBrowser(): Browser is closed&#xD;
&#xD;
2019-11-04 08:45:39 - [MESSAGE][PASSED] - Browser is closed&#xD;
&#xD;
2019-11-04 08:45:39 - [TEST_STEP][PASSED] - Start listener action : sampleAfterTestCase: null&#xD;
&#xD;
2019-11-04 08:45:39 - [TEST_STEP][PASSED] - println(testCaseContext.getTestCaseId()): null&#xD;
&#xD;
2019-11-04 08:45:39 - [TEST_STEP][PASSED] - println(testCaseContext.getTestCaseStatus()): null&#xD;
&#xD;
2019-11-04 08:45:39 - [TEST_STEP][PASSED] - testCaseName = testCaseContext.getTestCaseId(): null&#xD;
&#xD;
2019-11-04 08:45:39 - [TEST_STEP][PASSED] - strCount = testCaseName.lastIndexOf("/"): null&#xD;
&#xD;
2019-11-04 08:45:39 - [TEST_STEP][PASSED] - testCaseName = testCaseName.substring(strCount): null&#xD;
&#xD;
2019-11-04 08:45:39 - [TEST_STEP][PASSED] - println(testCaseName): null&#xD;
&#xD;
2019-11-04 08:45:39 - [TEST_STEP][PASSED] - if (getTestCaseStatus().equalsIgnoreCase("Error")): null&#xD;
&#xD;
2019-11-04 08:45:39 - [TEST_STEP][PASSED] - Start listener action : sampleAfterTestCase: null</system-out>
            <system-err></system-err>
        </testcase>
        <testcase name="Test Cases/FirstView/FirstPayVault/VPOS_1stPayVault_DeleteVault_By_Clicking_Delete_on_SearchedVault_Retail" classname="Test Cases/FirstView/FirstPayVault/VPOS_1stPayVault_DeleteVault_By_Clicking_Delete_on_SearchedVault_Retail" status="PASSED">
            <system-out>2019-11-04 08:45:39 - [TEST_CASE][PASSED] - Test Cases/FirstView/FirstPayVault/VPOS_1stPayVault_DeleteVault_By_Clicking_Delete_on_SearchedVault_Retail: Test Cases/FirstView/FirstPayVault/VPOS_1stPayVault_DeleteVault_By_Clicking_Delete_on_SearchedVault_Retail&#xD;
&#xD;
2019-11-04 08:45:39 - [TEST_STEP][PASSED] - Start listener action : sampleBeforeTestCase: null&#xD;
&#xD;
2019-11-04 08:45:39 - [TEST_STEP][PASSED] - println(testCaseContext.getTestCaseId()): null&#xD;
&#xD;
2019-11-04 08:45:39 - [TEST_STEP][PASSED] - println(testCaseContext.getTestCaseVariables()): null&#xD;
&#xD;
2019-11-04 08:45:40 - [TEST_STEP][PASSED] - utilities.SafeActions.openBrowser(URL, [PageLoadTime]): utilities.SafeActions.openBrowser is PASSED&#xD;
&#xD;
2019-11-04 08:45:40 - [MESSAGE][INFO] - Opening Browser&#xD;
&#xD;
2019-11-04 08:45:40 - [MESSAGE][INFO] - Starting 'Firefox' driver&#xD;
&#xD;
2019-11-04 08:45:47 - [MESSAGE][PASSED] - Browser is opened with url: 'https://q-www-firstview-net.faps.net/MVC/Account/Login'&#xD;
&#xD;
2019-11-04 08:45:47 - [MESSAGE][PASSED] - Current window maximized&#xD;
&#xD;
2019-11-04 08:45:47 - [MESSAGE][INFO] - Browser Launched Successfully&#xD;
&#xD;
2019-11-04 08:45:47 - [MESSAGE][PASSED] - utilities.SafeActions.openBrowser is PASSED&#xD;
&#xD;
2019-11-04 08:45:47 - [TEST_STEP][PASSED] - pages.Login.login(uName, password): pages.Login.login is PASSED&#xD;
&#xD;
2019-11-04 08:45:47 - [MESSAGE][PASSED] - Object 'Object Repository/Pages/Login/userName' is present&#xD;
&#xD;
2019-11-04 08:45:47 - [MESSAGE][PASSED] - Object 'Object Repository/Pages/Login/userName' is present&#xD;
&#xD;
2019-11-04 08:45:48 - [MESSAGE][PASSED] - Object: 'Object Repository/Pages/Login/userName' is clicked on&#xD;
&#xD;
2019-11-04 08:45:48 - [MESSAGE][PASSED] - Text 'ZenQRetail' is set on object 'Object Repository/Pages/Login/userName'&#xD;
&#xD;
2019-11-04 08:45:48 - [MESSAGE][PASSED] - Object 'Object Repository/Pages/Login/password' is present&#xD;
&#xD;
2019-11-04 08:45:48 - [MESSAGE][PASSED] - Object 'Object Repository/Pages/Login/password' is present&#xD;
&#xD;
2019-11-04 08:45:48 - [MESSAGE][PASSED] - Object: 'Object Repository/Pages/Login/password' is clicked on&#xD;
&#xD;
2019-11-04 08:45:48 - [MESSAGE][PASSED] - Text 'P@ssword1' is set on object 'Object Repository/Pages/Login/password'&#xD;
&#xD;
2019-11-04 08:45:49 - [MESSAGE][INFO] - Safe Click Without scroll&#xD;
&#xD;
2019-11-04 08:45:49 - [MESSAGE][INFO] - 1stPayVault_TestSuite.ts:waiting until Click on Login is Clickable&#xD;
&#xD;
2019-11-04 08:45:49 - [MESSAGE][PASSED] - Object 'Object Repository/Pages/Login/login' is clickable&#xD;
&#xD;
2019-11-04 08:45:49 - [MESSAGE][PASSED] - Object 'Object Repository/Pages/Login/login' is visible&#xD;
&#xD;
2019-11-04 08:45:51 - [MESSAGE][PASSED] - Object: 'Object Repository/Pages/Login/login' is clicked on&#xD;
&#xD;
2019-11-04 08:45:51 - [MESSAGE][INFO] - 1stPayVault_TestSuite.ts: click on the Click on Login&#xD;
&#xD;
2019-11-04 08:45:51 - [MESSAGE][PASSED] - pages.Login.login is PASSED&#xD;
&#xD;
2019-11-04 08:45:51 - [TEST_STEP][PASSED] - callTestCase(findTestCase("FirstView/Login/TC_SendCode"), [:], STOP_ON_FAILURE): Call Test Case 'Test Cases/FirstView/Login/TC_SendCode' successfully&#xD;
&#xD;
2019-11-04 08:45:51 - [TEST_CASE][PASSED] - Test Cases/FirstView/Login/TC_SendCode: Test Cases/FirstView/Login/TC_SendCode&#xD;
&#xD;
2019-11-04 08:45:51 - [TEST_STEP][PASSED] - flag = pages.SendCode.verifyPage(): pages.SendCode.verifyPage is PASSED&#xD;
&#xD;
2019-11-04 08:45:51 - [MESSAGE][PASSED] - Object 'Object Repository/Pages/SendCodeToValidate/header_SendCodeToValidate' is present and visible in viewport&#xD;
&#xD;
2019-11-04 08:45:51 - [MESSAGE][PASSED] - pages.SendCode.verifyPage is PASSED&#xD;
&#xD;
2019-11-04 08:45:51 - [TEST_STEP][PASSED] - if (flag): pages.SendCode.clickonUserSettings is PASSED&#xD;
&#xD;
2019-11-04 08:45:51 - [TEST_STEP][PASSED] - pages.SendCode.clickonUserSettings(): pages.SendCode.clickonUserSettings is PASSED&#xD;
&#xD;
2019-11-04 08:45:51 - [MESSAGE][PASSED] - Object 'Object Repository/Pages/SendCodeToValidate/link_UserSettings' is present&#xD;
&#xD;
2019-11-04 08:45:51 - [MESSAGE][PASSED] - Object 'Object Repository/Pages/SendCodeToValidate/link_UserSettings' is visible&#xD;
&#xD;
2019-11-04 08:45:51 - [MESSAGE][INFO] - 1stPayVault_TestSuite.ts:waiting until Click on User Settings is Clickable&#xD;
&#xD;
2019-11-04 08:45:51 - [MESSAGE][PASSED] - Object 'Object Repository/Pages/SendCodeToValidate/link_UserSettings' is clickable&#xD;
&#xD;
2019-11-04 08:45:51 - [MESSAGE][PASSED] - Object 'Object Repository/Pages/SendCodeToValidate/link_UserSettings' is visible&#xD;
&#xD;
2019-11-04 08:45:53 - [MESSAGE][PASSED] - Object: 'Object Repository/Pages/SendCodeToValidate/link_UserSettings' is clicked on&#xD;
&#xD;
2019-11-04 08:45:53 - [MESSAGE][INFO] - 1stPayVault_TestSuite.ts: Clicked on the Click on User Settings&#xD;
&#xD;
2019-11-04 08:45:53 - [MESSAGE][PASSED] - pages.SendCode.clickonUserSettings is PASSED&#xD;
&#xD;
2019-11-04 08:45:53 - [MESSAGE][PASSED] - Call Test Case 'Test Cases/FirstView/Login/TC_SendCode' successfully&#xD;
&#xD;
2019-11-04 08:45:53 - [TEST_STEP][PASSED] - callTestCase(findTestCase("FirstView/Login/TC_FirstView"), [:], STOP_ON_FAILURE): Call Test Case 'Test Cases/FirstView/Login/TC_FirstView' successfully&#xD;
&#xD;
2019-11-04 08:45:53 - [TEST_CASE][PASSED] - Test Cases/FirstView/Login/TC_FirstView: Test Cases/FirstView/Login/TC_FirstView&#xD;
&#xD;
2019-11-04 08:45:53 - [TEST_STEP][PASSED] - delay(3): Delayed 3 second(s)&#xD;
&#xD;
2019-11-04 08:45:56 - [MESSAGE][PASSED] - Delayed 3 second(s)&#xD;
&#xD;
2019-11-04 08:45:56 - [TEST_STEP][PASSED] - utilities.SafeActions.javascriptclick(findTestObject("Pages/FirstView/link_Home"), delayForElement): utilities.SafeActions.javascriptclick is PASSED&#xD;
&#xD;
2019-11-04 08:45:56 - [MESSAGE][PASSED] - utilities.SafeActions.javascriptclick is PASSED&#xD;
&#xD;
2019-11-04 08:45:56 - [TEST_STEP][PASSED] - utilities.SafeActions.safeClickWithoutScroll(findTestObject("Pages/FirstView/link_VPOS"), "Click on VPOS button in First View screen", [PageLoadTime]): utilities.SafeActions.safeClickWithoutScroll is PASSED&#xD;
&#xD;
2019-11-04 08:45:56 - [MESSAGE][INFO] - Safe Click Without scroll&#xD;
&#xD;
2019-11-04 08:45:56 - [MESSAGE][INFO] - 1stPayVault_TestSuite.ts:waiting until Click on VPOS button in First View screen is Clickable&#xD;
&#xD;
2019-11-04 08:45:57 - [MESSAGE][PASSED] - Object 'Object Repository/Pages/FirstView/link_VPOS' is clickable&#xD;
&#xD;
2019-11-04 08:45:57 - [MESSAGE][PASSED] - Object 'Object Repository/Pages/FirstView/link_VPOS' is visible&#xD;
&#xD;
2019-11-04 08:45:58 - [MESSAGE][PASSED] - Object: 'Object Repository/Pages/FirstView/link_VPOS' is clicked on&#xD;
&#xD;
2019-11-04 08:45:58 - [MESSAGE][INFO] - 1stPayVault_TestSuite.ts: click on the Click on VPOS button in First View screen&#xD;
&#xD;
2019-11-04 08:45:58 - [MESSAGE][PASSED] - utilities.SafeActions.safeClickWithoutScroll is PASSED&#xD;
&#xD;
2019-11-04 08:45:58 - [MESSAGE][PASSED] - Call Test Case 'Test Cases/FirstView/Login/TC_FirstView' successfully&#xD;
&#xD;
2019-11-04 08:45:58 - [TEST_STEP][PASSED] - switchToWindowTitle("Transcenter - VPOS"): Switched to window with title: 'Transcenter - VPOS'&#xD;
&#xD;
2019-11-04 08:46:02 - [MESSAGE][PASSED] - Switched to window with title: 'Transcenter - VPOS'&#xD;
&#xD;
2019-11-04 08:46:02 - [TEST_STEP][PASSED] - focus(findTestObject("Pages/FirstPayVault/tab_FirstPayVault")): Object: 'Object Repository/Pages/FirstPayVault/tab_FirstPayVault' is focused&#xD;
&#xD;
2019-11-04 08:46:04 - [MESSAGE][PASSED] - Object: 'Object Repository/Pages/FirstPayVault/tab_FirstPayVault' is focused&#xD;
&#xD;
2019-11-04 08:46:04 - [TEST_STEP][PASSED] - utilities.SafeActions.javascriptclick(findTestObject("Pages/FirstPayVault/tab_FirstPayVault"), PageLoadTime): utilities.SafeActions.javascriptclick is PASSED&#xD;
&#xD;
2019-11-04 08:46:04 - [MESSAGE][PASSED] - utilities.SafeActions.javascriptclick is PASSED&#xD;
&#xD;
2019-11-04 08:46:04 - [TEST_STEP][PASSED] - delay(2): Delayed 2 second(s)&#xD;
&#xD;
2019-11-04 08:46:06 - [MESSAGE][PASSED] - Delayed 2 second(s)&#xD;
&#xD;
2019-11-04 08:46:06 - [TEST_STEP][PASSED] - utilities.SafeActions.safeClickWithoutScroll(findTestObject("Pages/FirstPayVault/tab_FirstPayVault"), "Click on FistPayVault tab", [delayForElement]): utilities.SafeActions.safeClickWithoutScroll is PASSED&#xD;
&#xD;
2019-11-04 08:46:06 - [MESSAGE][INFO] - Safe Click Without scroll&#xD;
&#xD;
2019-11-04 08:46:06 - [MESSAGE][INFO] - 1stPayVault_TestSuite.ts:waiting until Click on FistPayVault tab is Clickable&#xD;
&#xD;
2019-11-04 08:46:06 - [MESSAGE][PASSED] - Object 'Object Repository/Pages/FirstPayVault/tab_FirstPayVault' is clickable&#xD;
&#xD;
2019-11-04 08:46:06 - [MESSAGE][PASSED] - Object 'Object Repository/Pages/FirstPayVault/tab_FirstPayVault' is visible&#xD;
&#xD;
2019-11-04 08:46:07 - [MESSAGE][PASSED] - Object: 'Object Repository/Pages/FirstPayVault/tab_FirstPayVault' is clicked on&#xD;
&#xD;
2019-11-04 08:46:07 - [MESSAGE][INFO] - 1stPayVault_TestSuite.ts: click on the Click on FistPayVault tab&#xD;
&#xD;
2019-11-04 08:46:07 - [MESSAGE][PASSED] - utilities.SafeActions.safeClickWithoutScroll is PASSED&#xD;
&#xD;
2019-11-04 08:46:07 - [TEST_STEP][PASSED] - utilities.SafeActions.safeClickWithoutScroll(findTestObject("Pages/FirstPayVault/button_CreateVault"), "Click on CreateVault button", [PageLoadTime]): utilities.SafeActions.safeClickWithoutScroll is PASSED&#xD;
&#xD;
2019-11-04 08:46:07 - [MESSAGE][INFO] - Safe Click Without scroll&#xD;
&#xD;
2019-11-04 08:46:07 - [MESSAGE][INFO] - 1stPayVault_TestSuite.ts:waiting until Click on CreateVault button is Clickable&#xD;
&#xD;
2019-11-04 08:46:07 - [MESSAGE][PASSED] - Object 'Object Repository/Pages/FirstPayVault/button_CreateVault' is clickable&#xD;
&#xD;
2019-11-04 08:46:07 - [MESSAGE][PASSED] - Object 'Object Repository/Pages/FirstPayVault/button_CreateVault' is visible&#xD;
&#xD;
2019-11-04 08:46:08 - [MESSAGE][PASSED] - Object: 'Object Repository/Pages/FirstPayVault/button_CreateVault' is clicked on&#xD;
&#xD;
2019-11-04 08:46:08 - [MESSAGE][INFO] - 1stPayVault_TestSuite.ts: click on the Click on CreateVault button&#xD;
&#xD;
2019-11-04 08:46:08 - [MESSAGE][PASSED] - utilities.SafeActions.safeClickWithoutScroll is PASSED&#xD;
&#xD;
2019-11-04 08:46:08 - [TEST_STEP][PASSED] - scrollToElement(findTestObject("Pages/FirstPayVault/input_VaultReferenceNumber"), PageLoadTime): Scroll to object 'Object Repository/Pages/FirstPayVault/input_VaultReferenceNumber' successfully&#xD;
&#xD;
2019-11-04 08:46:08 - [MESSAGE][PASSED] - Scroll to object 'Object Repository/Pages/FirstPayVault/input_VaultReferenceNumber' successfully&#xD;
&#xD;
2019-11-04 08:46:08 - [TEST_STEP][PASSED] - vaultReference = utilities.SafeActions.timeWithMilliSeconds(): utilities.SafeActions.timeWithMilliSeconds is PASSED&#xD;
&#xD;
2019-11-04 08:46:08 - [MESSAGE][PASSED] - utilities.SafeActions.timeWithMilliSeconds is PASSED&#xD;
&#xD;
2019-11-04 08:46:08 - [TEST_STEP][PASSED] - utilities.SafeActions.safeType(findTestObject("Pages/FirstPayVault/input_VaultReferenceNumber"), vaultReference, "Entering Vault Reference Number", [PageLoadTime]): utilities.SafeActions.safeType is PASSED&#xD;
&#xD;
2019-11-04 08:46:09 - [MESSAGE][PASSED] - Object 'Object Repository/Pages/FirstPayVault/input_VaultReferenceNumber' is present&#xD;
&#xD;
2019-11-04 08:46:09 - [MESSAGE][PASSED] - Object 'Object Repository/Pages/FirstPayVault/input_VaultReferenceNumber' is present&#xD;
&#xD;
2019-11-04 08:46:09 - [MESSAGE][PASSED] - Object: 'Object Repository/Pages/FirstPayVault/input_VaultReferenceNumber' is clicked on&#xD;
&#xD;
2019-11-04 08:46:10 - [MESSAGE][PASSED] - Text '2019-11-04 08:46:08.918' is set on object 'Object Repository/Pages/FirstPayVault/input_VaultReferenceNumber'&#xD;
&#xD;
2019-11-04 08:46:10 - [MESSAGE][PASSED] - utilities.SafeActions.safeType is PASSED&#xD;
&#xD;
2019-11-04 08:46:10 - [TEST_STEP][PASSED] - utilities.SafeActions.safeType(findTestObject("Pages/FirstPayVault/input_CreditCardNumber"), visaCardNumber, "Entering Card Number", [PageLoadTime]): utilities.SafeActions.safeType is PASSED&#xD;
&#xD;
2019-11-04 08:46:10 - [MESSAGE][PASSED] - Object 'Object Repository/Pages/FirstPayVault/input_CreditCardNumber' is present&#xD;
&#xD;
2019-11-04 08:46:10 - [MESSAGE][PASSED] - Object 'Object Repository/Pages/FirstPayVault/input_CreditCardNumber' is present&#xD;
&#xD;
2019-11-04 08:46:11 - [MESSAGE][PASSED] - Object: 'Object Repository/Pages/FirstPayVault/input_CreditCardNumber' is clicked on&#xD;
&#xD;
2019-11-04 08:46:11 - [MESSAGE][PASSED] - Text '4111111111111111' is set on object 'Object Repository/Pages/FirstPayVault/input_CreditCardNumber'&#xD;
&#xD;
2019-11-04 08:46:11 - [MESSAGE][PASSED] - utilities.SafeActions.safeType is PASSED&#xD;
&#xD;
2019-11-04 08:46:11 - [TEST_STEP][PASSED] - utilities.SafeActions.safeSelectOptionInDropDownByVisibleText(findTestObject("Pages/FirstPayVault/dropDown_ExpirationMonth"), cardMonth, "Expiration Month", [PageLoadTime]): utilities.SafeActions.safeSelectOptionInDropDownByVisibleText is PASSED&#xD;
&#xD;
2019-11-04 08:46:11 - [MESSAGE][PASSED] - Object 'Object Repository/Pages/FirstPayVault/dropDown_ExpirationMonth' is visible&#xD;
&#xD;
2019-11-04 08:46:11 - [MESSAGE][PASSED] - Object 'Object Repository/Pages/FirstPayVault/dropDown_ExpirationMonth' is present&#xD;
&#xD;
2019-11-04 08:46:12 - [MESSAGE][PASSED] - Object: 'Object Repository/Pages/FirstPayVault/dropDown_ExpirationMonth' is clicked on&#xD;
&#xD;
2019-11-04 08:46:12 - [MESSAGE][PASSED] - All options with label 'September' are selected in object 'Object Repository/Pages/FirstPayVault/dropDown_ExpirationMonth' &#xD;
&#xD;
2019-11-04 08:46:12 - [MESSAGE][PASSED] - utilities.SafeActions.safeSelectOptionInDropDownByVisibleText is PASSED&#xD;
&#xD;
2019-11-04 08:46:12 - [TEST_STEP][PASSED] - utilities.SafeActions.safeSelectOptionInDropDownByVisibleText(findTestObject("Pages/FirstPayVault/dropDown_ExpirationYear"), cardYear, "year", [PageLoadTime]): utilities.SafeActions.safeSelectOptionInDropDownByVisibleText is PASSED&#xD;
&#xD;
2019-11-04 08:46:12 - [MESSAGE][PASSED] - Object 'Object Repository/Pages/FirstPayVault/dropDown_ExpirationYear' is visible&#xD;
&#xD;
2019-11-04 08:46:12 - [MESSAGE][PASSED] - Object 'Object Repository/Pages/FirstPayVault/dropDown_ExpirationYear' is present&#xD;
&#xD;
2019-11-04 08:46:13 - [MESSAGE][PASSED] - Object: 'Object Repository/Pages/FirstPayVault/dropDown_ExpirationYear' is clicked on&#xD;
&#xD;
2019-11-04 08:46:13 - [MESSAGE][PASSED] - All options with label '2032' are selected in object 'Object Repository/Pages/FirstPayVault/dropDown_ExpirationYear' &#xD;
&#xD;
2019-11-04 08:46:13 - [MESSAGE][PASSED] - utilities.SafeActions.safeSelectOptionInDropDownByVisibleText is PASSED&#xD;
&#xD;
2019-11-04 08:46:13 - [TEST_STEP][PASSED] - utilities.SafeActions.safeType(findTestObject("Pages/FirstPayVault/input_ContactName"), customerName, "Enter Contact Name", [PageLoadTime]): utilities.SafeActions.safeType is PASSED&#xD;
&#xD;
2019-11-04 08:46:13 - [MESSAGE][PASSED] - Object 'Object Repository/Pages/FirstPayVault/input_ContactName' is present&#xD;
&#xD;
2019-11-04 08:46:13 - [MESSAGE][PASSED] - Object 'Object Repository/Pages/FirstPayVault/input_ContactName' is present&#xD;
&#xD;
2019-11-04 08:46:14 - [MESSAGE][PASSED] - Object: 'Object Repository/Pages/FirstPayVault/input_ContactName' is clicked on&#xD;
&#xD;
2019-11-04 08:46:14 - [MESSAGE][PASSED] - Text 'Venkata Sai' is set on object 'Object Repository/Pages/FirstPayVault/input_ContactName'&#xD;
&#xD;
2019-11-04 08:46:14 - [MESSAGE][PASSED] - utilities.SafeActions.safeType is PASSED&#xD;
&#xD;
2019-11-04 08:46:14 - [TEST_STEP][PASSED] - utilities.SafeActions.safeType(findTestObject("Pages/FirstPayVault/input_PostalCode"), postalCode, "Enter Postal Code", [PageLoadTime]): utilities.SafeActions.safeType is PASSED&#xD;
&#xD;
2019-11-04 08:46:15 - [MESSAGE][PASSED] - Object 'Object Repository/Pages/FirstPayVault/input_PostalCode' is present&#xD;
&#xD;
2019-11-04 08:46:15 - [MESSAGE][PASSED] - Object 'Object Repository/Pages/FirstPayVault/input_PostalCode' is present&#xD;
&#xD;
2019-11-04 08:46:15 - [MESSAGE][PASSED] - Object: 'Object Repository/Pages/FirstPayVault/input_PostalCode' is clicked on&#xD;
&#xD;
2019-11-04 08:46:15 - [MESSAGE][PASSED] - Text '76102' is set on object 'Object Repository/Pages/FirstPayVault/input_PostalCode'&#xD;
&#xD;
2019-11-04 08:46:15 - [MESSAGE][PASSED] - utilities.SafeActions.safeType is PASSED&#xD;
&#xD;
2019-11-04 08:46:15 - [TEST_STEP][PASSED] - utilities.SafeActions.safeType(findTestObject("Pages/FirstPayVault/input_Address"), address, "Enter ddress", [PageLoadTime]): utilities.SafeActions.safeType is PASSED&#xD;
&#xD;
2019-11-04 08:46:16 - [MESSAGE][PASSED] - Object 'Object Repository/Pages/FirstPayVault/input_Address' is present&#xD;
&#xD;
2019-11-04 08:46:16 - [MESSAGE][PASSED] - Object 'Object Repository/Pages/FirstPayVault/input_Address' is present&#xD;
&#xD;
2019-11-04 08:46:16 - [MESSAGE][PASSED] - Object: 'Object Repository/Pages/FirstPayVault/input_Address' is clicked on&#xD;
&#xD;
2019-11-04 08:46:16 - [MESSAGE][PASSED] - Text 'Street123' is set on object 'Object Repository/Pages/FirstPayVault/input_Address'&#xD;
&#xD;
2019-11-04 08:46:16 - [MESSAGE][PASSED] - utilities.SafeActions.safeType is PASSED&#xD;
&#xD;
2019-11-04 08:46:16 - [TEST_STEP][PASSED] - utilities.SafeActions.safeCheckForElement(findTestObject("Pages/FirstPayVault/chekBox_AddShippingInformation"), PageLoadTime): utilities.SafeActions.safeCheckForElement is PASSED&#xD;
&#xD;
2019-11-04 08:46:17 - [MESSAGE][PASSED] - Object 'Object Repository/Pages/FirstPayVault/chekBox_AddShippingInformation' is present&#xD;
&#xD;
2019-11-04 08:46:17 - [MESSAGE][PASSED] - Object 'Object Repository/Pages/FirstPayVault/chekBox_AddShippingInformation' is visible&#xD;
&#xD;
2019-11-04 08:46:17 - [MESSAGE][PASSED] - Object 'Object Repository/Pages/FirstPayVault/chekBox_AddShippingInformation' is present&#xD;
&#xD;
2019-11-04 08:46:17 - [MESSAGE][PASSED] - Object 'Object Repository/Pages/FirstPayVault/chekBox_AddShippingInformation' is checked&#xD;
&#xD;
2019-11-04 08:46:17 - [MESSAGE][PASSED] - utilities.SafeActions.safeCheckForElement is PASSED&#xD;
&#xD;
2019-11-04 08:46:17 - [TEST_STEP][PASSED] - utilities.SafeActions.safeType(findTestObject("Pages/FirstPayVault/input_ShippingMethod"), shippingMethod, "Enter Shipping Method", [PageLoadTime]): utilities.SafeActions.safeType is PASSED&#xD;
&#xD;
2019-11-04 08:46:18 - [MESSAGE][PASSED] - Object 'Object Repository/Pages/FirstPayVault/input_ShippingMethod' is present&#xD;
&#xD;
2019-11-04 08:46:18 - [MESSAGE][PASSED] - Object 'Object Repository/Pages/FirstPayVault/input_ShippingMethod' is present&#xD;
&#xD;
2019-11-04 08:46:18 - [MESSAGE][PASSED] - Object: 'Object Repository/Pages/FirstPayVault/input_ShippingMethod' is clicked on&#xD;
&#xD;
2019-11-04 08:46:18 - [MESSAGE][PASSED] - Text 'DTDC' is set on object 'Object Repository/Pages/FirstPayVault/input_ShippingMethod'&#xD;
&#xD;
2019-11-04 08:46:18 - [MESSAGE][PASSED] - utilities.SafeActions.safeType is PASSED&#xD;
&#xD;
2019-11-04 08:46:18 - [TEST_STEP][PASSED] - utilities.SafeActions.safeCheckForElement(findTestObject("Pages/FirstPayVault/checkbox_SameAsBillingInformation"), PageLoadTime): utilities.SafeActions.safeCheckForElement is PASSED&#xD;
&#xD;
2019-11-04 08:46:19 - [MESSAGE][PASSED] - Object 'Object Repository/Pages/FirstPayVault/checkbox_SameAsBillingInformation' is present&#xD;
&#xD;
2019-11-04 08:46:19 - [MESSAGE][PASSED] - Object 'Object Repository/Pages/FirstPayVault/checkbox_SameAsBillingInformation' is visible&#xD;
&#xD;
2019-11-04 08:46:19 - [MESSAGE][PASSED] - Object 'Object Repository/Pages/FirstPayVault/checkbox_SameAsBillingInformation' is present&#xD;
&#xD;
2019-11-04 08:46:19 - [MESSAGE][PASSED] - Object 'Object Repository/Pages/FirstPayVault/checkbox_SameAsBillingInformation' is checked&#xD;
&#xD;
2019-11-04 08:46:19 - [MESSAGE][PASSED] - utilities.SafeActions.safeCheckForElement is PASSED&#xD;
&#xD;
2019-11-04 08:46:19 - [TEST_STEP][PASSED] - utilities.SafeActions.safeClickwithScroll(findTestObject("Pages/FirstPayVault/button_Create"), "Click on Create Button", [PageLoadTime]): utilities.SafeActions.safeClickwithScroll is PASSED&#xD;
&#xD;
2019-11-04 08:46:20 - [MESSAGE][PASSED] - Object 'Object Repository/Pages/FirstPayVault/button_Create' is present&#xD;
&#xD;
2019-11-04 08:46:20 - [MESSAGE][PASSED] - Object 'Object Repository/Pages/FirstPayVault/button_Create' is visible&#xD;
&#xD;
2019-11-04 08:46:20 - [MESSAGE][INFO] - 1stPayVault_TestSuite.ts:waiting until Click on Create Button is Clickable&#xD;
&#xD;
2019-11-04 08:46:20 - [MESSAGE][PASSED] - Object 'Object Repository/Pages/FirstPayVault/button_Create' is clickable&#xD;
&#xD;
2019-11-04 08:46:20 - [MESSAGE][PASSED] - Object 'Object Repository/Pages/FirstPayVault/button_Create' is visible&#xD;
&#xD;
2019-11-04 08:46:20 - [MESSAGE][PASSED] - Object: 'Object Repository/Pages/FirstPayVault/button_Create' is clicked on&#xD;
&#xD;
2019-11-04 08:46:20 - [MESSAGE][INFO] - 1stPayVault_TestSuite.ts: Clicked on the Click on Create Button&#xD;
&#xD;
2019-11-04 08:46:20 - [MESSAGE][PASSED] - utilities.SafeActions.safeClickwithScroll is PASSED&#xD;
&#xD;
2019-11-04 08:46:20 - [TEST_STEP][PASSED] - popupSavedToVaultMessage = utilities.SafeActions.safeGetText(findTestObject("Pages/FirstPayVault/popup_SavedToVaultMessage"), PageLoadTime): utilities.SafeActions.safeGetText is PASSED&#xD;
&#xD;
2019-11-04 08:46:21 - [MESSAGE][PASSED] - Object 'Object Repository/Pages/FirstPayVault/popup_SavedToVaultMessage' is present&#xD;
&#xD;
2019-11-04 08:46:21 - [MESSAGE][PASSED] - Scroll to object 'Object Repository/Pages/FirstPayVault/popup_SavedToVaultMessage' successfully&#xD;
&#xD;
2019-11-04 08:46:21 - [MESSAGE][PASSED] - Object 'Object Repository/Pages/FirstPayVault/popup_SavedToVaultMessage' is present&#xD;
&#xD;
2019-11-04 08:46:21 - [MESSAGE][PASSED] - Text of object 'Object Repository/Pages/FirstPayVault/popup_SavedToVaultMessage' is: 'Successfully Saved to Vault'&#xD;
&#xD;
2019-11-04 08:46:21 - [MESSAGE][PASSED] - utilities.SafeActions.safeGetText is PASSED&#xD;
&#xD;
2019-11-04 08:46:21 - [TEST_STEP][PASSED] - flag = utilities.SafeActions.verifyPopupMessage("Successfully Saved to Vault", popupSavedToVaultMessage): Popup Message : Successfully Saved to Vault matched with expected message : Successfully Saved to Vault&#xD;
&#xD;
2019-11-04 08:46:21 - [MESSAGE][PASSED] - Popup Message : Successfully Saved to Vault matched with expected message : Successfully Saved to Vault&#xD;
&#xD;
2019-11-04 08:46:21 - [TEST_STEP][PASSED] - utilities.SafeActions.safeClickWithoutScroll(findTestObject("Pages/FirstPayVault/button_RunSaleWithThisVault_InPopup"), "Click on Run Sale With This Vault in Popup", [delayBetweenTestSteps]): utilities.SafeActions.safeClickWithoutScroll is PASSED&#xD;
&#xD;
2019-11-04 08:46:21 - [MESSAGE][INFO] - Safe Click Without scroll&#xD;
&#xD;
2019-11-04 08:46:21 - [MESSAGE][INFO] - 1stPayVault_TestSuite.ts:waiting until Click on Run Sale With This Vault in Popup is Clickable&#xD;
&#xD;
2019-11-04 08:46:21 - [MESSAGE][PASSED] - Object 'Object Repository/Pages/FirstPayVault/button_RunSaleWithThisVault_InPopup' is clickable&#xD;
&#xD;
2019-11-04 08:46:21 - [MESSAGE][PASSED] - Object 'Object Repository/Pages/FirstPayVault/button_RunSaleWithThisVault_InPopup' is visible&#xD;
&#xD;
2019-11-04 08:46:23 - [MESSAGE][PASSED] - Object: 'Object Repository/Pages/FirstPayVault/button_RunSaleWithThisVault_InPopup' is clicked on&#xD;
&#xD;
2019-11-04 08:46:23 - [MESSAGE][INFO] - 1stPayVault_TestSuite.ts: click on the Click on Run Sale With This Vault in Popup&#xD;
&#xD;
2019-11-04 08:46:23 - [MESSAGE][PASSED] - utilities.SafeActions.safeClickWithoutScroll is PASSED&#xD;
&#xD;
2019-11-04 08:46:23 - [TEST_STEP][PASSED] - value = utilities.SafeActions.getAttributeValue(findTestObject("Pages/FirstPayVault/tab_1stPayVault_Active"), "1st_PayVault"): The screen is 1st_PayVault screen&#xD;
&#xD;
2019-11-04 08:46:23 - [MESSAGE][PASSED] - Attribute 'class' of object 'Object Repository/Pages/FirstPayVault/tab_1stPayVault_Active' is: 'active_tab tabs__link'&#xD;
&#xD;
2019-11-04 08:46:23 - [MESSAGE][PASSED] - The screen is 1st_PayVault screen&#xD;
&#xD;
2019-11-04 08:46:23 - [TEST_STEP][PASSED] - scrollToElement(findTestObject("Pages/FirstPayVault/input_Amount"), PageLoadTime): Scroll to object 'Object Repository/Pages/FirstPayVault/input_Amount' successfully&#xD;
&#xD;
2019-11-04 08:46:23 - [MESSAGE][PASSED] - Scroll to object 'Object Repository/Pages/FirstPayVault/input_Amount' successfully&#xD;
&#xD;
2019-11-04 08:46:23 - [TEST_STEP][PASSED] - utilities.SafeActions.safeType(findTestObject("Pages/FirstPayVault/input_Amount"), amount, "Enter Amount", [PageLoadTime]): utilities.SafeActions.safeType is PASSED&#xD;
&#xD;
2019-11-04 08:46:23 - [MESSAGE][PASSED] - Object 'Object Repository/Pages/FirstPayVault/input_Amount' is present&#xD;
&#xD;
2019-11-04 08:46:23 - [MESSAGE][PASSED] - Object 'Object Repository/Pages/FirstPayVault/input_Amount' is present&#xD;
&#xD;
2019-11-04 08:46:24 - [MESSAGE][PASSED] - Object: 'Object Repository/Pages/FirstPayVault/input_Amount' is clicked on&#xD;
&#xD;
2019-11-04 08:46:24 - [MESSAGE][PASSED] - Text '450' is set on object 'Object Repository/Pages/FirstPayVault/input_Amount'&#xD;
&#xD;
2019-11-04 08:46:24 - [MESSAGE][PASSED] - utilities.SafeActions.safeType is PASSED&#xD;
&#xD;
2019-11-04 08:46:24 - [TEST_STEP][PASSED] - salesTax = utilities.SafeActions.safeGetText(findTestObject("Pages/FirstPayVault/input_SalesTaxUnderAmount"), delayBetweenTestSteps): utilities.SafeActions.safeGetText is PASSED&#xD;
&#xD;
2019-11-04 08:46:24 - [MESSAGE][PASSED] - Object 'Object Repository/Pages/FirstPayVault/input_SalesTaxUnderAmount' is present&#xD;
&#xD;
2019-11-04 08:46:24 - [MESSAGE][PASSED] - Scroll to object 'Object Repository/Pages/FirstPayVault/input_SalesTaxUnderAmount' successfully&#xD;
&#xD;
2019-11-04 08:46:24 - [MESSAGE][PASSED] - Object 'Object Repository/Pages/FirstPayVault/input_SalesTaxUnderAmount' is present&#xD;
&#xD;
2019-11-04 08:46:25 - [MESSAGE][PASSED] - Text of object 'Object Repository/Pages/FirstPayVault/input_SalesTaxUnderAmount' is: '$37.13'&#xD;
&#xD;
2019-11-04 08:46:25 - [MESSAGE][PASSED] - utilities.SafeActions.safeGetText is PASSED&#xD;
&#xD;
2019-11-04 08:46:25 - [TEST_STEP][PASSED] - pages.FirstPayVault.verifyAmountIsNotZero(salesTax): pages.FirstPayVault.verifyAmountIsNotZero is PASSED&#xD;
&#xD;
2019-11-04 08:46:25 - [MESSAGE][PASSED] - pages.FirstPayVault.verifyAmountIsNotZero is PASSED&#xD;
&#xD;
2019-11-04 08:46:25 - [TEST_STEP][PASSED] - scrollToElement(findTestObject("Pages/FirstPayVault/input_CreditCardNumberForVerification"), delayBetweenTestSteps): Scroll to object 'Object Repository/Pages/FirstPayVault/input_CreditCardNumberForVerification' successfully&#xD;
&#xD;
2019-11-04 08:46:25 - [MESSAGE][PASSED] - Scroll to object 'Object Repository/Pages/FirstPayVault/input_CreditCardNumberForVerification' successfully&#xD;
&#xD;
2019-11-04 08:46:25 - [TEST_STEP][PASSED] - cardNumber = utilities.SafeActions.getAttribute(findTestObject("Pages/FirstPayVault/input_CreditCardNumberForVerification"), "1st Pay Vault"): utilities.SafeActions.getAttribute is PASSED&#xD;
&#xD;
2019-11-04 08:46:25 - [MESSAGE][PASSED] - Attribute 'value' of object 'Object Repository/Pages/FirstPayVault/input_CreditCardNumberForVerification' is: '411111******1111'&#xD;
&#xD;
2019-11-04 08:46:25 - [MESSAGE][PASSED] - utilities.SafeActions.getAttribute is PASSED&#xD;
&#xD;
2019-11-04 08:46:25 - [TEST_STEP][PASSED] - pages.FirstPayVault.verifyCardNumber(cardNumber, visaCardNumber): Actual String : 4111111111111111 matched with Expected message : 411111******1111&#xD;
&#xD;
2019-11-04 08:46:25 - [MESSAGE][PASSED] - Actual String : 4111111111111111 matched with Expected message : 411111******1111&#xD;
&#xD;
2019-11-04 08:46:25 - [TEST_STEP][PASSED] - expirationYear = utilities.SafeActions.getAttribute(findTestObject("Pages/FirstPayVault/dropDownExpirationYearForVerification"), "1st Pay Vault"): utilities.SafeActions.getAttribute is PASSED&#xD;
&#xD;
2019-11-04 08:46:25 - [MESSAGE][PASSED] - Attribute 'value' of object 'Object Repository/Pages/FirstPayVault/dropDownExpirationYearForVerification' is: '2032'&#xD;
&#xD;
2019-11-04 08:46:25 - [MESSAGE][PASSED] - utilities.SafeActions.getAttribute is PASSED&#xD;
&#xD;
2019-11-04 08:46:25 - [TEST_STEP][PASSED] - pages.FirstPayVault.verifyStrings(expirationYear, cardYear): Actual String : 2032 matched with Expected message : 2032&#xD;
&#xD;
2019-11-04 08:46:25 - [MESSAGE][PASSED] - Actual String : 2032 matched with Expected message : 2032&#xD;
&#xD;
2019-11-04 08:46:25 - [TEST_STEP][PASSED] - scrollToElement(findTestObject("Pages/FirstPayVault/input_VerifyCardHolderName"), PageLoadTime): Scroll to object 'Object Repository/Pages/FirstPayVault/input_VerifyCardHolderName' successfully&#xD;
&#xD;
2019-11-04 08:46:25 - [MESSAGE][PASSED] - Scroll to object 'Object Repository/Pages/FirstPayVault/input_VerifyCardHolderName' successfully&#xD;
&#xD;
2019-11-04 08:46:25 - [TEST_STEP][PASSED] - name = utilities.SafeActions.getAttribute(findTestObject("Pages/FirstPayVault/input_VerifyCardHolderName"), "1stPayVault"): utilities.SafeActions.getAttribute is PASSED&#xD;
&#xD;
2019-11-04 08:46:25 - [MESSAGE][PASSED] - Attribute 'value' of object 'Object Repository/Pages/FirstPayVault/input_VerifyCardHolderName' is: 'Venkata Sai'&#xD;
&#xD;
2019-11-04 08:46:25 - [MESSAGE][PASSED] - utilities.SafeActions.getAttribute is PASSED&#xD;
&#xD;
2019-11-04 08:46:25 - [TEST_STEP][PASSED] - pages.FirstPayVault.verifyStrings(name, customerName): Actual String : Venkata Sai matched with Expected message : Venkata Sai&#xD;
&#xD;
2019-11-04 08:46:25 - [MESSAGE][PASSED] - Actual String : Venkata Sai matched with Expected message : Venkata Sai&#xD;
&#xD;
2019-11-04 08:46:25 - [TEST_STEP][PASSED] - scrollToElement(findTestObject("Pages/FirstPayVault/checkbox_TaxExempt"), PageLoadTime): Scroll to object 'Object Repository/Pages/FirstPayVault/checkbox_TaxExempt' successfully&#xD;
&#xD;
2019-11-04 08:46:25 - [MESSAGE][PASSED] - Scroll to object 'Object Repository/Pages/FirstPayVault/checkbox_TaxExempt' successfully&#xD;
&#xD;
2019-11-04 08:46:25 - [TEST_STEP][PASSED] - pages.FirstPayVault.verifyAmountIsNotZero(salesTax): pages.FirstPayVault.verifyAmountIsNotZero is PASSED&#xD;
&#xD;
2019-11-04 08:46:25 - [MESSAGE][PASSED] - pages.FirstPayVault.verifyAmountIsNotZero is PASSED&#xD;
&#xD;
2019-11-04 08:46:25 - [TEST_STEP][PASSED] - utilities.SafeActions.safeCheckForElement(findTestObject("Pages/FirstPayVault/checkbox_TaxExempt"), PageLoadTime): utilities.SafeActions.safeCheckForElement is PASSED&#xD;
&#xD;
2019-11-04 08:46:25 - [MESSAGE][PASSED] - Object 'Object Repository/Pages/FirstPayVault/checkbox_TaxExempt' is present&#xD;
&#xD;
2019-11-04 08:46:26 - [MESSAGE][PASSED] - Object 'Object Repository/Pages/FirstPayVault/checkbox_TaxExempt' is visible&#xD;
&#xD;
2019-11-04 08:46:26 - [MESSAGE][PASSED] - Object 'Object Repository/Pages/FirstPayVault/checkbox_TaxExempt' is present&#xD;
&#xD;
2019-11-04 08:46:26 - [MESSAGE][PASSED] - Object 'Object Repository/Pages/FirstPayVault/checkbox_TaxExempt' is checked&#xD;
&#xD;
2019-11-04 08:46:26 - [MESSAGE][PASSED] - utilities.SafeActions.safeCheckForElement is PASSED&#xD;
&#xD;
2019-11-04 08:46:26 - [TEST_STEP][PASSED] - utilities.SafeActions.safeClickwithScroll(findTestObject("Pages/FirstPayVault/button_Checkout"), "Click on Checkout", [PageLoadTime]): utilities.SafeActions.safeClickwithScroll is PASSED&#xD;
&#xD;
2019-11-04 08:46:27 - [MESSAGE][PASSED] - Object 'Object Repository/Pages/FirstPayVault/button_Checkout' is present&#xD;
&#xD;
2019-11-04 08:46:27 - [MESSAGE][PASSED] - Object 'Object Repository/Pages/FirstPayVault/button_Checkout' is visible&#xD;
&#xD;
2019-11-04 08:46:27 - [MESSAGE][INFO] - 1stPayVault_TestSuite.ts:waiting until Click on Checkout is Clickable&#xD;
&#xD;
2019-11-04 08:46:27 - [MESSAGE][PASSED] - Object 'Object Repository/Pages/FirstPayVault/button_Checkout' is clickable&#xD;
&#xD;
2019-11-04 08:46:27 - [MESSAGE][PASSED] - Object 'Object Repository/Pages/FirstPayVault/button_Checkout' is visible&#xD;
&#xD;
2019-11-04 08:46:28 - [MESSAGE][PASSED] - Object: 'Object Repository/Pages/FirstPayVault/button_Checkout' is clicked on&#xD;
&#xD;
2019-11-04 08:46:28 - [MESSAGE][INFO] - 1stPayVault_TestSuite.ts: Clicked on the Click on Checkout&#xD;
&#xD;
2019-11-04 08:46:28 - [MESSAGE][PASSED] - utilities.SafeActions.safeClickwithScroll is PASSED&#xD;
&#xD;
2019-11-04 08:46:28 - [TEST_STEP][PASSED] - pages.Sale.verifyTransactionCompletePage(findTestObject("Pages/Sale/heading_TransactionComplete")): The screen is Transaction Complete screen&#xD;
&#xD;
2019-11-04 08:46:28 - [MESSAGE][PASSED] - Object 'Object Repository/Pages/Sale/heading_TransactionComplete' is present&#xD;
&#xD;
2019-11-04 08:46:29 - [MESSAGE][PASSED] - The screen is Transaction Complete screen&#xD;
&#xD;
2019-11-04 08:46:29 - [TEST_STEP][PASSED] - utilities.SafeActions.safeClickWithoutScroll(findTestObject("Pages/FirstPayVault/button_ReturnToSale_InTransactionComplete"), "Click On Return Button", [PageLoadTime]): utilities.SafeActions.safeClickWithoutScroll is PASSED&#xD;
&#xD;
2019-11-04 08:46:29 - [MESSAGE][INFO] - Safe Click Without scroll&#xD;
&#xD;
2019-11-04 08:46:29 - [MESSAGE][INFO] - 1stPayVault_TestSuite.ts:waiting until Click On Return Button is Clickable&#xD;
&#xD;
2019-11-04 08:46:29 - [MESSAGE][PASSED] - Object 'Object Repository/Pages/FirstPayVault/button_ReturnToSale_InTransactionComplete' is clickable&#xD;
&#xD;
2019-11-04 08:46:29 - [MESSAGE][PASSED] - Object 'Object Repository/Pages/FirstPayVault/button_ReturnToSale_InTransactionComplete' is visible&#xD;
&#xD;
2019-11-04 08:46:30 - [MESSAGE][PASSED] - Object: 'Object Repository/Pages/FirstPayVault/button_ReturnToSale_InTransactionComplete' is clicked on&#xD;
&#xD;
2019-11-04 08:46:30 - [MESSAGE][INFO] - 1stPayVault_TestSuite.ts: click on the Click On Return Button&#xD;
&#xD;
2019-11-04 08:46:30 - [MESSAGE][PASSED] - utilities.SafeActions.safeClickWithoutScroll is PASSED&#xD;
&#xD;
2019-11-04 08:46:30 - [TEST_STEP][PASSED] - utilities.SafeActions.safeClickWithoutScroll(findTestObject("Pages/FirstPayVault/tab_FirstPayVault"), "Click on FirstPayVault tab", [PageLoadTime]): utilities.SafeActions.safeClickWithoutScroll is PASSED&#xD;
&#xD;
2019-11-04 08:46:30 - [MESSAGE][INFO] - Safe Click Without scroll&#xD;
&#xD;
2019-11-04 08:46:30 - [MESSAGE][INFO] - 1stPayVault_TestSuite.ts:waiting until Click on FirstPayVault tab is Clickable&#xD;
&#xD;
2019-11-04 08:46:30 - [MESSAGE][PASSED] - Object 'Object Repository/Pages/FirstPayVault/tab_FirstPayVault' is clickable&#xD;
&#xD;
2019-11-04 08:46:30 - [MESSAGE][PASSED] - Object 'Object Repository/Pages/FirstPayVault/tab_FirstPayVault' is visible&#xD;
&#xD;
2019-11-04 08:46:31 - [MESSAGE][PASSED] - Object: 'Object Repository/Pages/FirstPayVault/tab_FirstPayVault' is clicked on&#xD;
&#xD;
2019-11-04 08:46:31 - [MESSAGE][INFO] - 1stPayVault_TestSuite.ts: click on the Click on FirstPayVault tab&#xD;
&#xD;
2019-11-04 08:46:31 - [MESSAGE][PASSED] - utilities.SafeActions.safeClickWithoutScroll is PASSED&#xD;
&#xD;
2019-11-04 08:46:31 - [TEST_STEP][PASSED] - utilities.SafeActions.safeClickwithScroll(findTestObject("Pages/FirstPayVault/button_SearchVault"), "Click on Search Vault", [PageLoadTime]): utilities.SafeActions.safeClickwithScroll is PASSED&#xD;
&#xD;
2019-11-04 08:46:31 - [MESSAGE][PASSED] - Object 'Object Repository/Pages/FirstPayVault/button_SearchVault' is present&#xD;
&#xD;
2019-11-04 08:46:31 - [MESSAGE][PASSED] - Object 'Object Repository/Pages/FirstPayVault/button_SearchVault' is visible&#xD;
&#xD;
2019-11-04 08:46:31 - [MESSAGE][INFO] - 1stPayVault_TestSuite.ts:waiting until Click on Search Vault is Clickable&#xD;
&#xD;
2019-11-04 08:46:31 - [MESSAGE][PASSED] - Object 'Object Repository/Pages/FirstPayVault/button_SearchVault' is clickable&#xD;
&#xD;
2019-11-04 08:46:32 - [MESSAGE][PASSED] - Object 'Object Repository/Pages/FirstPayVault/button_SearchVault' is visible&#xD;
&#xD;
2019-11-04 08:46:33 - [MESSAGE][PASSED] - Object: 'Object Repository/Pages/FirstPayVault/button_SearchVault' is clicked on&#xD;
&#xD;
2019-11-04 08:46:33 - [MESSAGE][INFO] - 1stPayVault_TestSuite.ts: Clicked on the Click on Search Vault&#xD;
&#xD;
2019-11-04 08:46:33 - [MESSAGE][PASSED] - utilities.SafeActions.safeClickwithScroll is PASSED&#xD;
&#xD;
2019-11-04 08:46:33 - [TEST_STEP][PASSED] - utilities.SafeActions.safeClickWithoutScroll(findTestObject("Pages/FirstPayVault/button_Search"), "Click On Search button", [PageLoadTime]): utilities.SafeActions.safeClickWithoutScroll is PASSED&#xD;
&#xD;
2019-11-04 08:46:33 - [MESSAGE][INFO] - Safe Click Without scroll&#xD;
&#xD;
2019-11-04 08:46:33 - [MESSAGE][INFO] - 1stPayVault_TestSuite.ts:waiting until Click On Search button is Clickable&#xD;
&#xD;
2019-11-04 08:46:33 - [MESSAGE][PASSED] - Object 'Object Repository/Pages/FirstPayVault/button_Search' is clickable&#xD;
&#xD;
2019-11-04 08:46:33 - [MESSAGE][PASSED] - Object 'Object Repository/Pages/FirstPayVault/button_Search' is visible&#xD;
&#xD;
2019-11-04 08:46:34 - [MESSAGE][PASSED] - Object: 'Object Repository/Pages/FirstPayVault/button_Search' is clicked on&#xD;
&#xD;
2019-11-04 08:46:34 - [MESSAGE][INFO] - 1stPayVault_TestSuite.ts: click on the Click On Search button&#xD;
&#xD;
2019-11-04 08:46:34 - [MESSAGE][PASSED] - utilities.SafeActions.safeClickWithoutScroll is PASSED&#xD;
&#xD;
2019-11-04 08:46:34 - [TEST_STEP][PASSED] - scrollToElement(findTestObject("Pages/Transaction_Management/invoice_ForTransaction"), PageLoadTime): Scroll to object 'Object Repository/Pages/Transaction_Management/invoice_ForTransaction' successfully&#xD;
&#xD;
2019-11-04 08:46:36 - [MESSAGE][PASSED] - Scroll to object 'Object Repository/Pages/Transaction_Management/invoice_ForTransaction' successfully&#xD;
&#xD;
2019-11-04 08:46:36 - [TEST_STEP][PASSED] - pages.FirstPayVault.verifyInvoiceRecord(findTestObject("Pages/FirstPayVault/footer_NextButton"), findTestObject("Pages/FirstPayVault/page_Number"), vaultReference): The Vault is found in page 1&#xD;
&#xD;
2019-11-04 08:46:37 - [MESSAGE][PASSED] - Text of object 'Object Repository/Pages/FirstPayVault/page_Number' is: 'Page 1 of 46'&#xD;
&#xD;
2019-11-04 08:46:37 - [MESSAGE][PASSED] - The Vault is found in page 1&#xD;
&#xD;
2019-11-04 08:46:37 - [TEST_STEP][PASSED] - pages.FirstPayVault.clickOnDelete(findTestObject("Pages/FirstPayVault/footer_NextButton"), findTestObject("Pages/FirstPayVault/page_Number"), findTestObject("Pages/FirstPayVault/button_deleteFromVault"), vaultReference): Object: 'Object Repository/Pages/FirstPayVault/button_deleteFromVault' is clicked on&#xD;
&#xD;
2019-11-04 08:46:37 - [MESSAGE][PASSED] - Text of object 'Object Repository/Pages/FirstPayVault/page_Number' is: 'Page 1 of 46'&#xD;
&#xD;
2019-11-04 08:46:38 - [MESSAGE][PASSED] - The Vault is found in page 1&#xD;
&#xD;
2019-11-04 08:46:44 - [MESSAGE][PASSED] - Delayed 6 second(s)&#xD;
&#xD;
2019-11-04 08:46:49 - [MESSAGE][PASSED] - Delayed 4 second(s)&#xD;
&#xD;
2019-11-04 08:46:49 - [MESSAGE][PASSED] - Object: 'Object Repository/Pages/FirstPayVault/button_deleteFromVault' is clicked on&#xD;
&#xD;
2019-11-04 08:46:49 - [TEST_STEP][PASSED] - delay(2): Delayed 2 second(s)&#xD;
&#xD;
2019-11-04 08:46:51 - [MESSAGE][PASSED] - Delayed 2 second(s)&#xD;
&#xD;
2019-11-04 08:46:51 - [TEST_STEP][PASSED] - deleteVaultPopupMessage = utilities.SafeActions.safeGetText(findTestObject("Pages/FirstPayVault/alertMessageAfterDeleteVault"), delayBetweenTestSteps): utilities.SafeActions.safeGetText is PASSED&#xD;
&#xD;
2019-11-04 08:46:51 - [MESSAGE][PASSED] - Object 'Object Repository/Pages/FirstPayVault/alertMessageAfterDeleteVault' is present&#xD;
&#xD;
2019-11-04 08:46:51 - [MESSAGE][PASSED] - Scroll to object 'Object Repository/Pages/FirstPayVault/alertMessageAfterDeleteVault' successfully&#xD;
&#xD;
2019-11-04 08:46:51 - [MESSAGE][PASSED] - Object 'Object Repository/Pages/FirstPayVault/alertMessageAfterDeleteVault' is present&#xD;
&#xD;
2019-11-04 08:46:52 - [MESSAGE][PASSED] - Text of object 'Object Repository/Pages/FirstPayVault/alertMessageAfterDeleteVault' is: 'Vault Deletion successfully completed'&#xD;
&#xD;
2019-11-04 08:46:52 - [MESSAGE][PASSED] - utilities.SafeActions.safeGetText is PASSED&#xD;
&#xD;
2019-11-04 08:46:52 - [TEST_STEP][PASSED] - utilities.SafeActions.verifyPopupMessage("Vault Deletion successfully completed", deleteVaultPopupMessage): Popup Message : Vault Deletion successfully completed matched with expected message : Vault Deletion successfully completed&#xD;
&#xD;
2019-11-04 08:46:52 - [MESSAGE][PASSED] - Popup Message : Vault Deletion successfully completed matched with expected message : Vault Deletion successfully completed&#xD;
&#xD;
2019-11-04 08:46:52 - [TEST_STEP][PASSED] - utilities.SafeActions.safeClickWithoutScroll(findTestObject("Pages/FirstPayVault/closeLocatorForDeletePopupMessage"), "Click on Close button", [PageLoadTime]): utilities.SafeActions.safeClickWithoutScroll is PASSED&#xD;
&#xD;
2019-11-04 08:46:52 - [MESSAGE][INFO] - Safe Click Without scroll&#xD;
&#xD;
2019-11-04 08:46:52 - [MESSAGE][INFO] - 1stPayVault_TestSuite.ts:waiting until Click on Close button is Clickable&#xD;
&#xD;
2019-11-04 08:46:52 - [MESSAGE][PASSED] - Object 'Object Repository/Pages/FirstPayVault/closeLocatorForDeletePopupMessage' is clickable&#xD;
&#xD;
2019-11-04 08:46:52 - [MESSAGE][PASSED] - Object 'Object Repository/Pages/FirstPayVault/closeLocatorForDeletePopupMessage' is visible&#xD;
&#xD;
2019-11-04 08:46:53 - [MESSAGE][PASSED] - Object: 'Object Repository/Pages/FirstPayVault/closeLocatorForDeletePopupMessage' is clicked on&#xD;
&#xD;
2019-11-04 08:46:53 - [MESSAGE][INFO] - 1stPayVault_TestSuite.ts: click on the Click on Close button&#xD;
&#xD;
2019-11-04 08:46:53 - [MESSAGE][PASSED] - utilities.SafeActions.safeClickWithoutScroll is PASSED&#xD;
&#xD;
2019-11-04 08:46:53 - [TEST_STEP][PASSED] - closeBrowser(): Browser is closed&#xD;
&#xD;
2019-11-04 08:46:55 - [MESSAGE][PASSED] - Browser is closed&#xD;
&#xD;
2019-11-04 08:46:55 - [TEST_STEP][PASSED] - Start listener action : sampleAfterTestCase: null&#xD;
&#xD;
2019-11-04 08:46:55 - [TEST_STEP][PASSED] - println(testCaseContext.getTestCaseId()): null&#xD;
&#xD;
2019-11-04 08:46:55 - [TEST_STEP][PASSED] - println(testCaseContext.getTestCaseStatus()): null&#xD;
&#xD;
2019-11-04 08:46:55 - [TEST_STEP][PASSED] - testCaseName = testCaseContext.getTestCaseId(): null&#xD;
&#xD;
2019-11-04 08:46:55 - [TEST_STEP][PASSED] - strCount = testCaseName.lastIndexOf("/"): null&#xD;
&#xD;
2019-11-04 08:46:55 - [TEST_STEP][PASSED] - testCaseName = testCaseName.substring(strCount): null&#xD;
&#xD;
2019-11-04 08:46:55 - [TEST_STEP][PASSED] - println(testCaseName): null&#xD;
&#xD;
2019-11-04 08:46:55 - [TEST_STEP][PASSED] - if (getTestCaseStatus().equalsIgnoreCase("Error")): null&#xD;
&#xD;
2019-11-04 08:46:55 - [TEST_STEP][PASSED] - Start listener action : sampleAfterTestCase: null</system-out>
            <system-err></system-err>
        </testcase>
        <testcase name="Test Cases/FirstView/FirstPayVault/VPOS_1stPayVault_SetRecurringPayment_By_Clicking_MakePayment_On_SearchedVault" classname="Test Cases/FirstView/FirstPayVault/VPOS_1stPayVault_SetRecurringPayment_By_Clicking_MakePayment_On_SearchedVault" status="PASSED">
            <system-out>2019-11-04 08:46:55 - [TEST_CASE][PASSED] - Test Cases/FirstView/FirstPayVault/VPOS_1stPayVault_SetRecurringPayment_By_Clicking_MakePayment_On_SearchedVault: Test Cases/FirstView/FirstPayVault/VPOS_1stPayVault_SetRecurringPayment_By_Clicking_MakePayment_On_SearchedVault&#xD;
&#xD;
2019-11-04 08:46:55 - [TEST_STEP][PASSED] - Start listener action : sampleBeforeTestCase: null&#xD;
&#xD;
2019-11-04 08:46:55 - [TEST_STEP][PASSED] - println(testCaseContext.getTestCaseId()): null&#xD;
&#xD;
2019-11-04 08:46:55 - [TEST_STEP][PASSED] - println(testCaseContext.getTestCaseVariables()): null&#xD;
&#xD;
2019-11-04 08:46:55 - [TEST_STEP][PASSED] - utilities.SafeActions.openBrowser(URL, [PageLoadTime]): utilities.SafeActions.openBrowser is PASSED&#xD;
&#xD;
2019-11-04 08:46:55 - [MESSAGE][INFO] - Opening Browser&#xD;
&#xD;
2019-11-04 08:46:55 - [MESSAGE][INFO] - Starting 'Firefox' driver&#xD;
&#xD;
2019-11-04 08:47:02 - [MESSAGE][PASSED] - Browser is opened with url: 'https://q-www-firstview-net.faps.net/MVC/Account/Login'&#xD;
&#xD;
2019-11-04 08:47:02 - [MESSAGE][PASSED] - Current window maximized&#xD;
&#xD;
2019-11-04 08:47:02 - [MESSAGE][INFO] - Browser Launched Successfully&#xD;
&#xD;
2019-11-04 08:47:02 - [MESSAGE][PASSED] - utilities.SafeActions.openBrowser is PASSED&#xD;
&#xD;
2019-11-04 08:47:02 - [TEST_STEP][PASSED] - pages.Login.login(uName, password): pages.Login.login is PASSED&#xD;
&#xD;
2019-11-04 08:47:02 - [MESSAGE][PASSED] - Object 'Object Repository/Pages/Login/userName' is present&#xD;
&#xD;
2019-11-04 08:47:02 - [MESSAGE][PASSED] - Object 'Object Repository/Pages/Login/userName' is present&#xD;
&#xD;
2019-11-04 08:47:03 - [MESSAGE][PASSED] - Object: 'Object Repository/Pages/Login/userName' is clicked on&#xD;
&#xD;
2019-11-04 08:47:03 - [MESSAGE][PASSED] - Text 'ZenQRetail' is set on object 'Object Repository/Pages/Login/userName'&#xD;
&#xD;
2019-11-04 08:47:03 - [MESSAGE][PASSED] - Object 'Object Repository/Pages/Login/password' is present&#xD;
&#xD;
2019-11-04 08:47:03 - [MESSAGE][PASSED] - Object 'Object Repository/Pages/Login/password' is present&#xD;
&#xD;
2019-11-04 08:47:04 - [MESSAGE][PASSED] - Object: 'Object Repository/Pages/Login/password' is clicked on&#xD;
&#xD;
2019-11-04 08:47:04 - [MESSAGE][PASSED] - Text 'P@ssword1' is set on object 'Object Repository/Pages/Login/password'&#xD;
&#xD;
2019-11-04 08:47:04 - [MESSAGE][INFO] - Safe Click Without scroll&#xD;
&#xD;
2019-11-04 08:47:04 - [MESSAGE][INFO] - 1stPayVault_TestSuite.ts:waiting until Click on Login is Clickable&#xD;
&#xD;
2019-11-04 08:47:04 - [MESSAGE][PASSED] - Object 'Object Repository/Pages/Login/login' is clickable&#xD;
&#xD;
2019-11-04 08:47:04 - [MESSAGE][PASSED] - Object 'Object Repository/Pages/Login/login' is visible&#xD;
&#xD;
2019-11-04 08:47:06 - [MESSAGE][PASSED] - Object: 'Object Repository/Pages/Login/login' is clicked on&#xD;
&#xD;
2019-11-04 08:47:06 - [MESSAGE][INFO] - 1stPayVault_TestSuite.ts: click on the Click on Login&#xD;
&#xD;
2019-11-04 08:47:06 - [MESSAGE][PASSED] - pages.Login.login is PASSED&#xD;
&#xD;
2019-11-04 08:47:06 - [TEST_STEP][PASSED] - callTestCase(findTestCase("FirstView/Login/TC_SendCode"), [:], STOP_ON_FAILURE): Call Test Case 'Test Cases/FirstView/Login/TC_SendCode' successfully&#xD;
&#xD;
2019-11-04 08:47:07 - [TEST_CASE][PASSED] - Test Cases/FirstView/Login/TC_SendCode: Test Cases/FirstView/Login/TC_SendCode&#xD;
&#xD;
2019-11-04 08:47:07 - [TEST_STEP][PASSED] - flag = pages.SendCode.verifyPage(): pages.SendCode.verifyPage is PASSED&#xD;
&#xD;
2019-11-04 08:47:07 - [MESSAGE][PASSED] - Object 'Object Repository/Pages/SendCodeToValidate/header_SendCodeToValidate' is present and visible in viewport&#xD;
&#xD;
2019-11-04 08:47:07 - [MESSAGE][PASSED] - pages.SendCode.verifyPage is PASSED&#xD;
&#xD;
2019-11-04 08:47:07 - [TEST_STEP][PASSED] - if (flag): pages.SendCode.clickonUserSettings is PASSED&#xD;
&#xD;
2019-11-04 08:47:07 - [TEST_STEP][PASSED] - pages.SendCode.clickonUserSettings(): pages.SendCode.clickonUserSettings is PASSED&#xD;
&#xD;
2019-11-04 08:47:07 - [MESSAGE][PASSED] - Object 'Object Repository/Pages/SendCodeToValidate/link_UserSettings' is present&#xD;
&#xD;
2019-11-04 08:47:07 - [MESSAGE][PASSED] - Object 'Object Repository/Pages/SendCodeToValidate/link_UserSettings' is visible&#xD;
&#xD;
2019-11-04 08:47:07 - [MESSAGE][INFO] - 1stPayVault_TestSuite.ts:waiting until Click on User Settings is Clickable&#xD;
&#xD;
2019-11-04 08:47:07 - [MESSAGE][PASSED] - Object 'Object Repository/Pages/SendCodeToValidate/link_UserSettings' is clickable&#xD;
&#xD;
2019-11-04 08:47:07 - [MESSAGE][PASSED] - Object 'Object Repository/Pages/SendCodeToValidate/link_UserSettings' is visible&#xD;
&#xD;
2019-11-04 08:47:08 - [MESSAGE][PASSED] - Object: 'Object Repository/Pages/SendCodeToValidate/link_UserSettings' is clicked on&#xD;
&#xD;
2019-11-04 08:47:08 - [MESSAGE][INFO] - 1stPayVault_TestSuite.ts: Clicked on the Click on User Settings&#xD;
&#xD;
2019-11-04 08:47:08 - [MESSAGE][PASSED] - pages.SendCode.clickonUserSettings is PASSED&#xD;
&#xD;
2019-11-04 08:47:08 - [MESSAGE][PASSED] - Call Test Case 'Test Cases/FirstView/Login/TC_SendCode' successfully&#xD;
&#xD;
2019-11-04 08:47:08 - [TEST_STEP][PASSED] - callTestCase(findTestCase("FirstView/Login/TC_FirstView"), [:], STOP_ON_FAILURE): Call Test Case 'Test Cases/FirstView/Login/TC_FirstView' successfully&#xD;
&#xD;
2019-11-04 08:47:08 - [TEST_CASE][PASSED] - Test Cases/FirstView/Login/TC_FirstView: Test Cases/FirstView/Login/TC_FirstView&#xD;
&#xD;
2019-11-04 08:47:08 - [TEST_STEP][PASSED] - delay(3): Delayed 3 second(s)&#xD;
&#xD;
2019-11-04 08:47:11 - [MESSAGE][PASSED] - Delayed 3 second(s)&#xD;
&#xD;
2019-11-04 08:47:11 - [TEST_STEP][PASSED] - utilities.SafeActions.javascriptclick(findTestObject("Pages/FirstView/link_Home"), delayForElement): utilities.SafeActions.javascriptclick is PASSED&#xD;
&#xD;
2019-11-04 08:47:12 - [MESSAGE][PASSED] - utilities.SafeActions.javascriptclick is PASSED&#xD;
&#xD;
2019-11-04 08:47:12 - [TEST_STEP][PASSED] - utilities.SafeActions.safeClickWithoutScroll(findTestObject("Pages/FirstView/link_VPOS"), "Click on VPOS button in First View screen", [PageLoadTime]): utilities.SafeActions.safeClickWithoutScroll is PASSED&#xD;
&#xD;
2019-11-04 08:47:12 - [MESSAGE][INFO] - Safe Click Without scroll&#xD;
&#xD;
2019-11-04 08:47:12 - [MESSAGE][INFO] - 1stPayVault_TestSuite.ts:waiting until Click on VPOS button in First View screen is Clickable&#xD;
&#xD;
2019-11-04 08:47:13 - [MESSAGE][PASSED] - Object 'Object Repository/Pages/FirstView/link_VPOS' is clickable&#xD;
&#xD;
2019-11-04 08:47:13 - [MESSAGE][PASSED] - Object 'Object Repository/Pages/FirstView/link_VPOS' is visible&#xD;
&#xD;
2019-11-04 08:47:14 - [MESSAGE][PASSED] - Object: 'Object Repository/Pages/FirstView/link_VPOS' is clicked on&#xD;
&#xD;
2019-11-04 08:47:14 - [MESSAGE][INFO] - 1stPayVault_TestSuite.ts: click on the Click on VPOS button in First View screen&#xD;
&#xD;
2019-11-04 08:47:14 - [MESSAGE][PASSED] - utilities.SafeActions.safeClickWithoutScroll is PASSED&#xD;
&#xD;
2019-11-04 08:47:14 - [MESSAGE][PASSED] - Call Test Case 'Test Cases/FirstView/Login/TC_FirstView' successfully&#xD;
&#xD;
2019-11-04 08:47:14 - [TEST_STEP][PASSED] - switchToWindowTitle("Transcenter - VPOS"): Switched to window with title: 'Transcenter - VPOS'&#xD;
&#xD;
2019-11-04 08:47:17 - [MESSAGE][PASSED] - Switched to window with title: 'Transcenter - VPOS'&#xD;
&#xD;
2019-11-04 08:47:17 - [TEST_STEP][PASSED] - focus(findTestObject("Pages/FirstPayVault/tab_FirstPayVault")): Object: 'Object Repository/Pages/FirstPayVault/tab_FirstPayVault' is focused&#xD;
&#xD;
2019-11-04 08:47:19 - [MESSAGE][PASSED] - Object: 'Object Repository/Pages/FirstPayVault/tab_FirstPayVault' is focused&#xD;
&#xD;
2019-11-04 08:47:19 - [TEST_STEP][PASSED] - utilities.SafeActions.javascriptclick(findTestObject("Pages/FirstPayVault/tab_FirstPayVault"), PageLoadTime): utilities.SafeActions.javascriptclick is PASSED&#xD;
&#xD;
2019-11-04 08:47:20 - [MESSAGE][PASSED] - utilities.SafeActions.javascriptclick is PASSED&#xD;
&#xD;
2019-11-04 08:47:20 - [TEST_STEP][PASSED] - delay(2): Delayed 2 second(s)&#xD;
&#xD;
2019-11-04 08:47:22 - [MESSAGE][PASSED] - Delayed 2 second(s)&#xD;
&#xD;
2019-11-04 08:47:22 - [TEST_STEP][PASSED] - utilities.SafeActions.safeClickWithoutScroll(findTestObject("Pages/FirstPayVault/tab_FirstPayVault"), "Click on FistPayVault tab", [delayForElement]): utilities.SafeActions.safeClickWithoutScroll is PASSED&#xD;
&#xD;
2019-11-04 08:47:22 - [MESSAGE][INFO] - Safe Click Without scroll&#xD;
&#xD;
2019-11-04 08:47:22 - [MESSAGE][INFO] - 1stPayVault_TestSuite.ts:waiting until Click on FistPayVault tab is Clickable&#xD;
&#xD;
2019-11-04 08:47:22 - [MESSAGE][PASSED] - Object 'Object Repository/Pages/FirstPayVault/tab_FirstPayVault' is clickable&#xD;
&#xD;
2019-11-04 08:47:22 - [MESSAGE][PASSED] - Object 'Object Repository/Pages/FirstPayVault/tab_FirstPayVault' is visible&#xD;
&#xD;
2019-11-04 08:47:23 - [MESSAGE][PASSED] - Object: 'Object Repository/Pages/FirstPayVault/tab_FirstPayVault' is clicked on&#xD;
&#xD;
2019-11-04 08:47:23 - [MESSAGE][INFO] - 1stPayVault_TestSuite.ts: click on the Click on FistPayVault tab&#xD;
&#xD;
2019-11-04 08:47:23 - [MESSAGE][PASSED] - utilities.SafeActions.safeClickWithoutScroll is PASSED&#xD;
&#xD;
2019-11-04 08:47:23 - [TEST_STEP][PASSED] - utilities.SafeActions.safeClickWithoutScroll(findTestObject("Pages/FirstPayVault/button_CreateVault"), "Click on CreateVault button", [PageLoadTime]): utilities.SafeActions.safeClickWithoutScroll is PASSED&#xD;
&#xD;
2019-11-04 08:47:23 - [MESSAGE][INFO] - Safe Click Without scroll&#xD;
&#xD;
2019-11-04 08:47:23 - [MESSAGE][INFO] - 1stPayVault_TestSuite.ts:waiting until Click on CreateVault button is Clickable&#xD;
&#xD;
2019-11-04 08:47:23 - [MESSAGE][PASSED] - Object 'Object Repository/Pages/FirstPayVault/button_CreateVault' is clickable&#xD;
&#xD;
2019-11-04 08:47:23 - [MESSAGE][PASSED] - Object 'Object Repository/Pages/FirstPayVault/button_CreateVault' is visible&#xD;
&#xD;
2019-11-04 08:47:24 - [MESSAGE][PASSED] - Object: 'Object Repository/Pages/FirstPayVault/button_CreateVault' is clicked on&#xD;
&#xD;
2019-11-04 08:47:24 - [MESSAGE][INFO] - 1stPayVault_TestSuite.ts: click on the Click on CreateVault button&#xD;
&#xD;
2019-11-04 08:47:24 - [MESSAGE][PASSED] - utilities.SafeActions.safeClickWithoutScroll is PASSED&#xD;
&#xD;
2019-11-04 08:47:24 - [TEST_STEP][PASSED] - scrollToElement(findTestObject("Pages/FirstPayVault/input_VaultReferenceNumber"), PageLoadTime): Scroll to object 'Object Repository/Pages/FirstPayVault/input_VaultReferenceNumber' successfully&#xD;
&#xD;
2019-11-04 08:47:24 - [MESSAGE][PASSED] - Scroll to object 'Object Repository/Pages/FirstPayVault/input_VaultReferenceNumber' successfully&#xD;
&#xD;
2019-11-04 08:47:24 - [TEST_STEP][PASSED] - vaultReference = utilities.SafeActions.timeWithMilliSeconds(): utilities.SafeActions.timeWithMilliSeconds is PASSED&#xD;
&#xD;
2019-11-04 08:47:24 - [MESSAGE][PASSED] - utilities.SafeActions.timeWithMilliSeconds is PASSED&#xD;
&#xD;
2019-11-04 08:47:24 - [TEST_STEP][PASSED] - utilities.SafeActions.safeType(findTestObject("Pages/FirstPayVault/input_VaultReferenceNumber"), vaultReference, "Entering Vault Reference Number", [PageLoadTime]): utilities.SafeActions.safeType is PASSED&#xD;
&#xD;
2019-11-04 08:47:24 - [MESSAGE][PASSED] - Object 'Object Repository/Pages/FirstPayVault/input_VaultReferenceNumber' is present&#xD;
&#xD;
2019-11-04 08:47:24 - [MESSAGE][PASSED] - Object 'Object Repository/Pages/FirstPayVault/input_VaultReferenceNumber' is present&#xD;
&#xD;
2019-11-04 08:47:25 - [MESSAGE][PASSED] - Object: 'Object Repository/Pages/FirstPayVault/input_VaultReferenceNumber' is clicked on&#xD;
&#xD;
2019-11-04 08:47:25 - [MESSAGE][PASSED] - Text '2019-11-04 08:47:24.230' is set on object 'Object Repository/Pages/FirstPayVault/input_VaultReferenceNumber'&#xD;
&#xD;
2019-11-04 08:47:25 - [MESSAGE][PASSED] - utilities.SafeActions.safeType is PASSED&#xD;
&#xD;
2019-11-04 08:47:25 - [TEST_STEP][PASSED] - utilities.SafeActions.safeType(findTestObject("Pages/FirstPayVault/input_CreditCardNumber"), visaCardNumber, "Entering Card Number", [PageLoadTime]): utilities.SafeActions.safeType is PASSED&#xD;
&#xD;
2019-11-04 08:47:25 - [MESSAGE][PASSED] - Object 'Object Repository/Pages/FirstPayVault/input_CreditCardNumber' is present&#xD;
&#xD;
2019-11-04 08:47:25 - [MESSAGE][PASSED] - Object 'Object Repository/Pages/FirstPayVault/input_CreditCardNumber' is present&#xD;
&#xD;
2019-11-04 08:47:26 - [MESSAGE][PASSED] - Object: 'Object Repository/Pages/FirstPayVault/input_CreditCardNumber' is clicked on&#xD;
&#xD;
2019-11-04 08:47:26 - [MESSAGE][PASSED] - Text '4111111111111111' is set on object 'Object Repository/Pages/FirstPayVault/input_CreditCardNumber'&#xD;
&#xD;
2019-11-04 08:47:26 - [MESSAGE][PASSED] - utilities.SafeActions.safeType is PASSED&#xD;
&#xD;
2019-11-04 08:47:26 - [TEST_STEP][PASSED] - delay(2): Delayed 2 second(s)&#xD;
&#xD;
2019-11-04 08:47:28 - [MESSAGE][PASSED] - Delayed 2 second(s)&#xD;
&#xD;
2019-11-04 08:47:28 - [TEST_STEP][PASSED] - utilities.SafeActions.safeSelectOptionInDropDownByVisibleText(findTestObject("Pages/FirstPayVault/dropDown_ExpirationMonth"), cardMonth, "Expiration Month", [PageLoadTime]): utilities.SafeActions.safeSelectOptionInDropDownByVisibleText is PASSED&#xD;
&#xD;
2019-11-04 08:47:28 - [MESSAGE][PASSED] - Object 'Object Repository/Pages/FirstPayVault/dropDown_ExpirationMonth' is visible&#xD;
&#xD;
2019-11-04 08:47:28 - [MESSAGE][PASSED] - Object 'Object Repository/Pages/FirstPayVault/dropDown_ExpirationMonth' is present&#xD;
&#xD;
2019-11-04 08:47:29 - [MESSAGE][PASSED] - Object: 'Object Repository/Pages/FirstPayVault/dropDown_ExpirationMonth' is clicked on&#xD;
&#xD;
2019-11-04 08:47:29 - [MESSAGE][PASSED] - All options with label 'September' are selected in object 'Object Repository/Pages/FirstPayVault/dropDown_ExpirationMonth' &#xD;
&#xD;
2019-11-04 08:47:29 - [MESSAGE][PASSED] - utilities.SafeActions.safeSelectOptionInDropDownByVisibleText is PASSED&#xD;
&#xD;
2019-11-04 08:47:29 - [TEST_STEP][PASSED] - utilities.SafeActions.safeSelectOptionInDropDownByVisibleText(findTestObject("Pages/FirstPayVault/dropDown_ExpirationYear"), cardYear, "year", [PageLoadTime]): utilities.SafeActions.safeSelectOptionInDropDownByVisibleText is PASSED&#xD;
&#xD;
2019-11-04 08:47:29 - [MESSAGE][PASSED] - Object 'Object Repository/Pages/FirstPayVault/dropDown_ExpirationYear' is visible&#xD;
&#xD;
2019-11-04 08:47:29 - [MESSAGE][PASSED] - Object 'Object Repository/Pages/FirstPayVault/dropDown_ExpirationYear' is present&#xD;
&#xD;
2019-11-04 08:47:30 - [MESSAGE][PASSED] - Object: 'Object Repository/Pages/FirstPayVault/dropDown_ExpirationYear' is clicked on&#xD;
&#xD;
2019-11-04 08:47:31 - [MESSAGE][PASSED] - All options with label '2032' are selected in object 'Object Repository/Pages/FirstPayVault/dropDown_ExpirationYear' &#xD;
&#xD;
2019-11-04 08:47:31 - [MESSAGE][PASSED] - utilities.SafeActions.safeSelectOptionInDropDownByVisibleText is PASSED&#xD;
&#xD;
2019-11-04 08:47:31 - [TEST_STEP][PASSED] - delay(2): Delayed 2 second(s)&#xD;
&#xD;
2019-11-04 08:47:33 - [MESSAGE][PASSED] - Delayed 2 second(s)&#xD;
&#xD;
2019-11-04 08:47:33 - [TEST_STEP][PASSED] - utilities.SafeActions.safeType(findTestObject("Pages/FirstPayVault/input_ContactName"), customerName, "Enter Contact Name", [PageLoadTime]): utilities.SafeActions.safeType is PASSED&#xD;
&#xD;
2019-11-04 08:47:33 - [MESSAGE][PASSED] - Object 'Object Repository/Pages/FirstPayVault/input_ContactName' is present&#xD;
&#xD;
2019-11-04 08:47:33 - [MESSAGE][PASSED] - Object 'Object Repository/Pages/FirstPayVault/input_ContactName' is present&#xD;
&#xD;
2019-11-04 08:47:33 - [MESSAGE][PASSED] - Object: 'Object Repository/Pages/FirstPayVault/input_ContactName' is clicked on&#xD;
&#xD;
2019-11-04 08:47:34 - [MESSAGE][PASSED] - Text 'Venkata Sai' is set on object 'Object Repository/Pages/FirstPayVault/input_ContactName'&#xD;
&#xD;
2019-11-04 08:47:34 - [MESSAGE][PASSED] - utilities.SafeActions.safeType is PASSED&#xD;
&#xD;
2019-11-04 08:47:34 - [TEST_STEP][PASSED] - utilities.SafeActions.safeType(findTestObject("Pages/FirstPayVault/input_PostalCode"), postalCode, "Enter Postal Code", [PageLoadTime]): utilities.SafeActions.safeType is PASSED&#xD;
&#xD;
2019-11-04 08:47:34 - [MESSAGE][PASSED] - Object 'Object Repository/Pages/FirstPayVault/input_PostalCode' is present&#xD;
&#xD;
2019-11-04 08:47:34 - [MESSAGE][PASSED] - Object 'Object Repository/Pages/FirstPayVault/input_PostalCode' is present&#xD;
&#xD;
2019-11-04 08:47:35 - [MESSAGE][PASSED] - Object: 'Object Repository/Pages/FirstPayVault/input_PostalCode' is clicked on&#xD;
&#xD;
2019-11-04 08:47:35 - [MESSAGE][PASSED] - Text '76102' is set on object 'Object Repository/Pages/FirstPayVault/input_PostalCode'&#xD;
&#xD;
2019-11-04 08:47:35 - [MESSAGE][PASSED] - utilities.SafeActions.safeType is PASSED&#xD;
&#xD;
2019-11-04 08:47:35 - [TEST_STEP][PASSED] - utilities.SafeActions.safeType(findTestObject("Pages/FirstPayVault/input_Address"), address, "Enter ddress", [PageLoadTime]): utilities.SafeActions.safeType is PASSED&#xD;
&#xD;
2019-11-04 08:47:35 - [MESSAGE][PASSED] - Object 'Object Repository/Pages/FirstPayVault/input_Address' is present&#xD;
&#xD;
2019-11-04 08:47:35 - [MESSAGE][PASSED] - Object 'Object Repository/Pages/FirstPayVault/input_Address' is present&#xD;
&#xD;
2019-11-04 08:47:36 - [MESSAGE][PASSED] - Object: 'Object Repository/Pages/FirstPayVault/input_Address' is clicked on&#xD;
&#xD;
2019-11-04 08:47:36 - [MESSAGE][PASSED] - Text 'Street123' is set on object 'Object Repository/Pages/FirstPayVault/input_Address'&#xD;
&#xD;
2019-11-04 08:47:36 - [MESSAGE][PASSED] - utilities.SafeActions.safeType is PASSED&#xD;
&#xD;
2019-11-04 08:47:36 - [TEST_STEP][PASSED] - utilities.SafeActions.safeCheckForElement(findTestObject("Pages/FirstPayVault/chekBox_AddShippingInformation"), PageLoadTime): utilities.SafeActions.safeCheckForElement is PASSED&#xD;
&#xD;
2019-11-04 08:47:36 - [MESSAGE][PASSED] - Object 'Object Repository/Pages/FirstPayVault/chekBox_AddShippingInformation' is present&#xD;
&#xD;
2019-11-04 08:47:36 - [MESSAGE][PASSED] - Object 'Object Repository/Pages/FirstPayVault/chekBox_AddShippingInformation' is visible&#xD;
&#xD;
2019-11-04 08:47:36 - [MESSAGE][PASSED] - Object 'Object Repository/Pages/FirstPayVault/chekBox_AddShippingInformation' is present&#xD;
&#xD;
2019-11-04 08:47:37 - [MESSAGE][PASSED] - Object 'Object Repository/Pages/FirstPayVault/chekBox_AddShippingInformation' is checked&#xD;
&#xD;
2019-11-04 08:47:37 - [MESSAGE][PASSED] - utilities.SafeActions.safeCheckForElement is PASSED&#xD;
&#xD;
2019-11-04 08:47:37 - [TEST_STEP][PASSED] - utilities.SafeActions.safeType(findTestObject("Pages/FirstPayVault/input_ShippingMethod"), shippingMethod, "Enter Shipping Method", [PageLoadTime]): utilities.SafeActions.safeType is PASSED&#xD;
&#xD;
2019-11-04 08:47:37 - [MESSAGE][PASSED] - Object 'Object Repository/Pages/FirstPayVault/input_ShippingMethod' is present&#xD;
&#xD;
2019-11-04 08:47:37 - [MESSAGE][PASSED] - Object 'Object Repository/Pages/FirstPayVault/input_ShippingMethod' is present&#xD;
&#xD;
2019-11-04 08:47:38 - [MESSAGE][PASSED] - Object: 'Object Repository/Pages/FirstPayVault/input_ShippingMethod' is clicked on&#xD;
&#xD;
2019-11-04 08:47:38 - [MESSAGE][PASSED] - Text 'DTDC' is set on object 'Object Repository/Pages/FirstPayVault/input_ShippingMethod'&#xD;
&#xD;
2019-11-04 08:47:38 - [MESSAGE][PASSED] - utilities.SafeActions.safeType is PASSED&#xD;
&#xD;
2019-11-04 08:47:38 - [TEST_STEP][PASSED] - utilities.SafeActions.safeCheckForElement(findTestObject("Pages/FirstPayVault/checkbox_SameAsBillingInformation"), PageLoadTime): utilities.SafeActions.safeCheckForElement is PASSED&#xD;
&#xD;
2019-11-04 08:47:38 - [MESSAGE][PASSED] - Object 'Object Repository/Pages/FirstPayVault/checkbox_SameAsBillingInformation' is present&#xD;
&#xD;
2019-11-04 08:47:38 - [MESSAGE][PASSED] - Object 'Object Repository/Pages/FirstPayVault/checkbox_SameAsBillingInformation' is visible&#xD;
&#xD;
2019-11-04 08:47:38 - [MESSAGE][PASSED] - Object 'Object Repository/Pages/FirstPayVault/checkbox_SameAsBillingInformation' is present&#xD;
&#xD;
2019-11-04 08:47:39 - [MESSAGE][PASSED] - Object 'Object Repository/Pages/FirstPayVault/checkbox_SameAsBillingInformation' is checked&#xD;
&#xD;
2019-11-04 08:47:39 - [MESSAGE][PASSED] - utilities.SafeActions.safeCheckForElement is PASSED&#xD;
&#xD;
2019-11-04 08:47:39 - [TEST_STEP][PASSED] - utilities.SafeActions.safeClickwithScroll(findTestObject("Pages/FirstPayVault/button_Create"), "Click on Create Button", [PageLoadTime]): utilities.SafeActions.safeClickwithScroll is PASSED&#xD;
&#xD;
2019-11-04 08:47:39 - [MESSAGE][PASSED] - Object 'Object Repository/Pages/FirstPayVault/button_Create' is present&#xD;
&#xD;
2019-11-04 08:47:39 - [MESSAGE][PASSED] - Object 'Object Repository/Pages/FirstPayVault/button_Create' is visible&#xD;
&#xD;
2019-11-04 08:47:39 - [MESSAGE][INFO] - 1stPayVault_TestSuite.ts:waiting until Click on Create Button is Clickable&#xD;
&#xD;
2019-11-04 08:47:39 - [MESSAGE][PASSED] - Object 'Object Repository/Pages/FirstPayVault/button_Create' is clickable&#xD;
&#xD;
2019-11-04 08:47:39 - [MESSAGE][PASSED] - Object 'Object Repository/Pages/FirstPayVault/button_Create' is visible&#xD;
&#xD;
2019-11-04 08:47:40 - [MESSAGE][PASSED] - Object: 'Object Repository/Pages/FirstPayVault/button_Create' is clicked on&#xD;
&#xD;
2019-11-04 08:47:40 - [MESSAGE][INFO] - 1stPayVault_TestSuite.ts: Clicked on the Click on Create Button&#xD;
&#xD;
2019-11-04 08:47:40 - [MESSAGE][PASSED] - utilities.SafeActions.safeClickwithScroll is PASSED&#xD;
&#xD;
2019-11-04 08:47:40 - [TEST_STEP][PASSED] - delay(2): Delayed 2 second(s)&#xD;
&#xD;
2019-11-04 08:47:42 - [MESSAGE][PASSED] - Delayed 2 second(s)&#xD;
&#xD;
2019-11-04 08:47:42 - [TEST_STEP][PASSED] - popupSavedToVaultMessage = utilities.SafeActions.safeGetText(findTestObject("Pages/FirstPayVault/popup_SavedToVaultMessage"), PageLoadTime): utilities.SafeActions.safeGetText is PASSED&#xD;
&#xD;
2019-11-04 08:47:42 - [MESSAGE][PASSED] - Object 'Object Repository/Pages/FirstPayVault/popup_SavedToVaultMessage' is present&#xD;
&#xD;
2019-11-04 08:47:42 - [MESSAGE][PASSED] - Scroll to object 'Object Repository/Pages/FirstPayVault/popup_SavedToVaultMessage' successfully&#xD;
&#xD;
2019-11-04 08:47:42 - [MESSAGE][PASSED] - Object 'Object Repository/Pages/FirstPayVault/popup_SavedToVaultMessage' is present&#xD;
&#xD;
2019-11-04 08:47:42 - [MESSAGE][PASSED] - Text of object 'Object Repository/Pages/FirstPayVault/popup_SavedToVaultMessage' is: 'Successfully Saved to Vault'&#xD;
&#xD;
2019-11-04 08:47:42 - [MESSAGE][PASSED] - utilities.SafeActions.safeGetText is PASSED&#xD;
&#xD;
2019-11-04 08:47:42 - [TEST_STEP][PASSED] - flag = utilities.SafeActions.verifyPopupMessage("Successfully Saved to Vault", popupSavedToVaultMessage): Popup Message : Successfully Saved to Vault matched with expected message : Successfully Saved to Vault&#xD;
&#xD;
2019-11-04 08:47:42 - [MESSAGE][PASSED] - Popup Message : Successfully Saved to Vault matched with expected message : Successfully Saved to Vault&#xD;
&#xD;
2019-11-04 08:47:42 - [TEST_STEP][PASSED] - delay(2): Delayed 2 second(s)&#xD;
&#xD;
2019-11-04 08:47:44 - [MESSAGE][PASSED] - Delayed 2 second(s)&#xD;
&#xD;
2019-11-04 08:47:44 - [TEST_STEP][PASSED] - utilities.SafeActions.safeClickWithoutScroll(findTestObject("Pages/FirstPayVault/button_RunSaleWithThisVault_InPopup"), "Click on Run Sale With This Vault in Popup", [delayBetweenTestSteps]): utilities.SafeActions.safeClickWithoutScroll is PASSED&#xD;
&#xD;
2019-11-04 08:47:44 - [MESSAGE][INFO] - Safe Click Without scroll&#xD;
&#xD;
2019-11-04 08:47:44 - [MESSAGE][INFO] - 1stPayVault_TestSuite.ts:waiting until Click on Run Sale With This Vault in Popup is Clickable&#xD;
&#xD;
2019-11-04 08:47:44 - [MESSAGE][PASSED] - Object 'Object Repository/Pages/FirstPayVault/button_RunSaleWithThisVault_InPopup' is clickable&#xD;
&#xD;
2019-11-04 08:47:45 - [MESSAGE][PASSED] - Object 'Object Repository/Pages/FirstPayVault/button_RunSaleWithThisVault_InPopup' is visible&#xD;
&#xD;
2019-11-04 08:47:46 - [MESSAGE][PASSED] - Object: 'Object Repository/Pages/FirstPayVault/button_RunSaleWithThisVault_InPopup' is clicked on&#xD;
&#xD;
2019-11-04 08:47:46 - [MESSAGE][INFO] - 1stPayVault_TestSuite.ts: click on the Click on Run Sale With This Vault in Popup&#xD;
&#xD;
2019-11-04 08:47:46 - [MESSAGE][PASSED] - utilities.SafeActions.safeClickWithoutScroll is PASSED&#xD;
&#xD;
2019-11-04 08:47:46 - [TEST_STEP][PASSED] - delay(2): Delayed 2 second(s)&#xD;
&#xD;
2019-11-04 08:47:48 - [MESSAGE][PASSED] - Delayed 2 second(s)&#xD;
&#xD;
2019-11-04 08:47:48 - [TEST_STEP][PASSED] - value = utilities.SafeActions.getAttributeValue(findTestObject("Pages/FirstPayVault/tab_1stPayVault_Active"), "1st_PayVault"): The screen is 1st_PayVault screen&#xD;
&#xD;
2019-11-04 08:47:48 - [MESSAGE][PASSED] - Attribute 'class' of object 'Object Repository/Pages/FirstPayVault/tab_1stPayVault_Active' is: 'active_tab tabs__link'&#xD;
&#xD;
2019-11-04 08:47:48 - [MESSAGE][PASSED] - The screen is 1st_PayVault screen&#xD;
&#xD;
2019-11-04 08:47:48 - [TEST_STEP][PASSED] - scrollToElement(findTestObject("Pages/FirstPayVault/input_Amount"), PageLoadTime): Scroll to object 'Object Repository/Pages/FirstPayVault/input_Amount' successfully&#xD;
&#xD;
2019-11-04 08:47:48 - [MESSAGE][PASSED] - Scroll to object 'Object Repository/Pages/FirstPayVault/input_Amount' successfully&#xD;
&#xD;
2019-11-04 08:47:48 - [TEST_STEP][PASSED] - utilities.SafeActions.safeType(findTestObject("Pages/FirstPayVault/input_Amount"), amount, "Enter Amount", [PageLoadTime]): utilities.SafeActions.safeType is PASSED&#xD;
&#xD;
2019-11-04 08:47:48 - [MESSAGE][PASSED] - Object 'Object Repository/Pages/FirstPayVault/input_Amount' is present&#xD;
&#xD;
2019-11-04 08:47:48 - [MESSAGE][PASSED] - Object 'Object Repository/Pages/FirstPayVault/input_Amount' is present&#xD;
&#xD;
2019-11-04 08:47:49 - [MESSAGE][PASSED] - Object: 'Object Repository/Pages/FirstPayVault/input_Amount' is clicked on&#xD;
&#xD;
2019-11-04 08:47:49 - [MESSAGE][PASSED] - Text '450' is set on object 'Object Repository/Pages/FirstPayVault/input_Amount'&#xD;
&#xD;
2019-11-04 08:47:49 - [MESSAGE][PASSED] - utilities.SafeActions.safeType is PASSED&#xD;
&#xD;
2019-11-04 08:47:49 - [TEST_STEP][PASSED] - salesTax = utilities.SafeActions.safeGetText(findTestObject("Pages/FirstPayVault/input_SalesTaxUnderAmount"), delayBetweenTestSteps): utilities.SafeActions.safeGetText is PASSED&#xD;
&#xD;
2019-11-04 08:47:49 - [MESSAGE][PASSED] - Object 'Object Repository/Pages/FirstPayVault/input_SalesTaxUnderAmount' is present&#xD;
&#xD;
2019-11-04 08:47:49 - [MESSAGE][PASSED] - Scroll to object 'Object Repository/Pages/FirstPayVault/input_SalesTaxUnderAmount' successfully&#xD;
&#xD;
2019-11-04 08:47:49 - [MESSAGE][PASSED] - Object 'Object Repository/Pages/FirstPayVault/input_SalesTaxUnderAmount' is present&#xD;
&#xD;
2019-11-04 08:47:50 - [MESSAGE][PASSED] - Text of object 'Object Repository/Pages/FirstPayVault/input_SalesTaxUnderAmount' is: '$37.13'&#xD;
&#xD;
2019-11-04 08:47:50 - [MESSAGE][PASSED] - utilities.SafeActions.safeGetText is PASSED&#xD;
&#xD;
2019-11-04 08:47:50 - [TEST_STEP][PASSED] - pages.FirstPayVault.verifyAmountIsNotZero(salesTax): pages.FirstPayVault.verifyAmountIsNotZero is PASSED&#xD;
&#xD;
2019-11-04 08:47:50 - [MESSAGE][PASSED] - pages.FirstPayVault.verifyAmountIsNotZero is PASSED&#xD;
&#xD;
2019-11-04 08:47:50 - [TEST_STEP][PASSED] - scrollToElement(findTestObject("Pages/FirstPayVault/input_CreditCardNumberForVerification"), delayBetweenTestSteps): Scroll to object 'Object Repository/Pages/FirstPayVault/input_CreditCardNumberForVerification' successfully&#xD;
&#xD;
2019-11-04 08:47:50 - [MESSAGE][PASSED] - Scroll to object 'Object Repository/Pages/FirstPayVault/input_CreditCardNumberForVerification' successfully&#xD;
&#xD;
2019-11-04 08:47:50 - [TEST_STEP][PASSED] - cardNumber = utilities.SafeActions.getAttribute(findTestObject("Pages/FirstPayVault/input_CreditCardNumberForVerification"), "1st Pay Vault"): utilities.SafeActions.getAttribute is PASSED&#xD;
&#xD;
2019-11-04 08:47:50 - [MESSAGE][PASSED] - Attribute 'value' of object 'Object Repository/Pages/FirstPayVault/input_CreditCardNumberForVerification' is: '411111******1111'&#xD;
&#xD;
2019-11-04 08:47:50 - [MESSAGE][PASSED] - utilities.SafeActions.getAttribute is PASSED&#xD;
&#xD;
2019-11-04 08:47:50 - [TEST_STEP][PASSED] - pages.FirstPayVault.verifyCardNumber(cardNumber, visaCardNumber): Actual String : 4111111111111111 matched with Expected message : 411111******1111&#xD;
&#xD;
2019-11-04 08:47:50 - [MESSAGE][PASSED] - Actual String : 4111111111111111 matched with Expected message : 411111******1111&#xD;
&#xD;
2019-11-04 08:47:50 - [TEST_STEP][PASSED] - expirationYear = utilities.SafeActions.getAttribute(findTestObject("Pages/FirstPayVault/dropDownExpirationYearForVerification"), "1st Pay Vault"): utilities.SafeActions.getAttribute is PASSED&#xD;
&#xD;
2019-11-04 08:47:50 - [MESSAGE][PASSED] - Attribute 'value' of object 'Object Repository/Pages/FirstPayVault/dropDownExpirationYearForVerification' is: '2032'&#xD;
&#xD;
2019-11-04 08:47:50 - [MESSAGE][PASSED] - utilities.SafeActions.getAttribute is PASSED&#xD;
&#xD;
2019-11-04 08:47:50 - [TEST_STEP][PASSED] - pages.FirstPayVault.verifyStrings(expirationYear, cardYear): Actual String : 2032 matched with Expected message : 2032&#xD;
&#xD;
2019-11-04 08:47:50 - [MESSAGE][PASSED] - Actual String : 2032 matched with Expected message : 2032&#xD;
&#xD;
2019-11-04 08:47:50 - [TEST_STEP][PASSED] - scrollToElement(findTestObject("Pages/FirstPayVault/input_VerifyCardHolderName"), PageLoadTime): Scroll to object 'Object Repository/Pages/FirstPayVault/input_VerifyCardHolderName' successfully&#xD;
&#xD;
2019-11-04 08:47:50 - [MESSAGE][PASSED] - Scroll to object 'Object Repository/Pages/FirstPayVault/input_VerifyCardHolderName' successfully&#xD;
&#xD;
2019-11-04 08:47:50 - [TEST_STEP][PASSED] - name = utilities.SafeActions.getAttribute(findTestObject("Pages/FirstPayVault/input_VerifyCardHolderName"), "1stPayVault"): utilities.SafeActions.getAttribute is PASSED&#xD;
&#xD;
2019-11-04 08:47:50 - [MESSAGE][PASSED] - Attribute 'value' of object 'Object Repository/Pages/FirstPayVault/input_VerifyCardHolderName' is: 'Venkata Sai'&#xD;
&#xD;
2019-11-04 08:47:50 - [MESSAGE][PASSED] - utilities.SafeActions.getAttribute is PASSED&#xD;
&#xD;
2019-11-04 08:47:50 - [TEST_STEP][PASSED] - pages.FirstPayVault.verifyStrings(name, customerName): Actual String : Venkata Sai matched with Expected message : Venkata Sai&#xD;
&#xD;
2019-11-04 08:47:50 - [MESSAGE][PASSED] - Actual String : Venkata Sai matched with Expected message : Venkata Sai&#xD;
&#xD;
2019-11-04 08:47:50 - [TEST_STEP][PASSED] - scrollToElement(findTestObject("Pages/FirstPayVault/checkbox_TaxExempt"), PageLoadTime): Scroll to object 'Object Repository/Pages/FirstPayVault/checkbox_TaxExempt' successfully&#xD;
&#xD;
2019-11-04 08:47:50 - [MESSAGE][PASSED] - Scroll to object 'Object Repository/Pages/FirstPayVault/checkbox_TaxExempt' successfully&#xD;
&#xD;
2019-11-04 08:47:50 - [TEST_STEP][PASSED] - pages.FirstPayVault.verifyAmountIsNotZero(salesTax): pages.FirstPayVault.verifyAmountIsNotZero is PASSED&#xD;
&#xD;
2019-11-04 08:47:50 - [MESSAGE][PASSED] - pages.FirstPayVault.verifyAmountIsNotZero is PASSED&#xD;
&#xD;
2019-11-04 08:47:50 - [TEST_STEP][PASSED] - utilities.SafeActions.safeCheckForElement(findTestObject("Pages/FirstPayVault/checkbox_TaxExempt"), PageLoadTime): utilities.SafeActions.safeCheckForElement is PASSED&#xD;
&#xD;
2019-11-04 08:47:50 - [MESSAGE][PASSED] - Object 'Object Repository/Pages/FirstPayVault/checkbox_TaxExempt' is present&#xD;
&#xD;
2019-11-04 08:47:50 - [MESSAGE][PASSED] - Object 'Object Repository/Pages/FirstPayVault/checkbox_TaxExempt' is visible&#xD;
&#xD;
2019-11-04 08:47:50 - [MESSAGE][PASSED] - Object 'Object Repository/Pages/FirstPayVault/checkbox_TaxExempt' is present&#xD;
&#xD;
2019-11-04 08:47:51 - [MESSAGE][PASSED] - Object 'Object Repository/Pages/FirstPayVault/checkbox_TaxExempt' is checked&#xD;
&#xD;
2019-11-04 08:47:51 - [MESSAGE][PASSED] - utilities.SafeActions.safeCheckForElement is PASSED&#xD;
&#xD;
2019-11-04 08:47:51 - [TEST_STEP][PASSED] - utilities.SafeActions.safeClickwithScroll(findTestObject("Pages/FirstPayVault/button_Checkout"), "Click on Checkout", [PageLoadTime]): utilities.SafeActions.safeClickwithScroll is PASSED&#xD;
&#xD;
2019-11-04 08:47:51 - [MESSAGE][PASSED] - Object 'Object Repository/Pages/FirstPayVault/button_Checkout' is present&#xD;
&#xD;
2019-11-04 08:47:51 - [MESSAGE][PASSED] - Object 'Object Repository/Pages/FirstPayVault/button_Checkout' is visible&#xD;
&#xD;
2019-11-04 08:47:51 - [MESSAGE][INFO] - 1stPayVault_TestSuite.ts:waiting until Click on Checkout is Clickable&#xD;
&#xD;
2019-11-04 08:47:51 - [MESSAGE][PASSED] - Object 'Object Repository/Pages/FirstPayVault/button_Checkout' is clickable&#xD;
&#xD;
2019-11-04 08:47:51 - [MESSAGE][PASSED] - Object 'Object Repository/Pages/FirstPayVault/button_Checkout' is visible&#xD;
&#xD;
2019-11-04 08:47:52 - [MESSAGE][PASSED] - Object: 'Object Repository/Pages/FirstPayVault/button_Checkout' is clicked on&#xD;
&#xD;
2019-11-04 08:47:52 - [MESSAGE][INFO] - 1stPayVault_TestSuite.ts: Clicked on the Click on Checkout&#xD;
&#xD;
2019-11-04 08:47:52 - [MESSAGE][PASSED] - utilities.SafeActions.safeClickwithScroll is PASSED&#xD;
&#xD;
2019-11-04 08:47:52 - [TEST_STEP][PASSED] - pages.Sale.verifyTransactionCompletePage(findTestObject("Pages/Sale/heading_TransactionComplete")): The screen is Transaction Complete screen&#xD;
&#xD;
2019-11-04 08:47:53 - [MESSAGE][PASSED] - Object 'Object Repository/Pages/Sale/heading_TransactionComplete' is present&#xD;
&#xD;
2019-11-04 08:47:53 - [MESSAGE][PASSED] - The screen is Transaction Complete screen&#xD;
&#xD;
2019-11-04 08:47:53 - [TEST_STEP][PASSED] - delay(2): Delayed 2 second(s)&#xD;
&#xD;
2019-11-04 08:47:55 - [MESSAGE][PASSED] - Delayed 2 second(s)&#xD;
&#xD;
2019-11-04 08:47:55 - [TEST_STEP][PASSED] - utilities.SafeActions.safeClickWithoutScroll(findTestObject("Pages/FirstPayVault/button_ReturnToSale_InTransactionComplete"), "Click On Return Button", [PageLoadTime]): utilities.SafeActions.safeClickWithoutScroll is PASSED&#xD;
&#xD;
2019-11-04 08:47:55 - [MESSAGE][INFO] - Safe Click Without scroll&#xD;
&#xD;
2019-11-04 08:47:55 - [MESSAGE][INFO] - 1stPayVault_TestSuite.ts:waiting until Click On Return Button is Clickable&#xD;
&#xD;
2019-11-04 08:47:55 - [MESSAGE][PASSED] - Object 'Object Repository/Pages/FirstPayVault/button_ReturnToSale_InTransactionComplete' is clickable&#xD;
&#xD;
2019-11-04 08:47:55 - [MESSAGE][PASSED] - Object 'Object Repository/Pages/FirstPayVault/button_ReturnToSale_InTransactionComplete' is visible&#xD;
&#xD;
2019-11-04 08:47:56 - [MESSAGE][PASSED] - Object: 'Object Repository/Pages/FirstPayVault/button_ReturnToSale_InTransactionComplete' is clicked on&#xD;
&#xD;
2019-11-04 08:47:56 - [MESSAGE][INFO] - 1stPayVault_TestSuite.ts: click on the Click On Return Button&#xD;
&#xD;
2019-11-04 08:47:56 - [MESSAGE][PASSED] - utilities.SafeActions.safeClickWithoutScroll is PASSED&#xD;
&#xD;
2019-11-04 08:47:56 - [TEST_STEP][PASSED] - utilities.SafeActions.safeClickWithoutScroll(findTestObject("Pages/FirstPayVault/tab_FirstPayVault"), "Click on FirstPayVault tab", [PageLoadTime]): utilities.SafeActions.safeClickWithoutScroll is PASSED&#xD;
&#xD;
2019-11-04 08:47:56 - [MESSAGE][INFO] - Safe Click Without scroll&#xD;
&#xD;
2019-11-04 08:47:56 - [MESSAGE][INFO] - 1stPayVault_TestSuite.ts:waiting until Click on FirstPayVault tab is Clickable&#xD;
&#xD;
2019-11-04 08:47:56 - [MESSAGE][PASSED] - Object 'Object Repository/Pages/FirstPayVault/tab_FirstPayVault' is clickable&#xD;
&#xD;
2019-11-04 08:47:57 - [MESSAGE][PASSED] - Object 'Object Repository/Pages/FirstPayVault/tab_FirstPayVault' is visible&#xD;
&#xD;
2019-11-04 08:47:57 - [MESSAGE][PASSED] - Object: 'Object Repository/Pages/FirstPayVault/tab_FirstPayVault' is clicked on&#xD;
&#xD;
2019-11-04 08:47:57 - [MESSAGE][INFO] - 1stPayVault_TestSuite.ts: click on the Click on FirstPayVault tab&#xD;
&#xD;
2019-11-04 08:47:57 - [MESSAGE][PASSED] - utilities.SafeActions.safeClickWithoutScroll is PASSED&#xD;
&#xD;
2019-11-04 08:47:57 - [TEST_STEP][PASSED] - utilities.SafeActions.safeClickwithScroll(findTestObject("Pages/FirstPayVault/button_SearchVault"), "Click on Search Vault", [PageLoadTime]): utilities.SafeActions.safeClickwithScroll is PASSED&#xD;
&#xD;
2019-11-04 08:47:58 - [MESSAGE][PASSED] - Object 'Object Repository/Pages/FirstPayVault/button_SearchVault' is present&#xD;
&#xD;
2019-11-04 08:47:58 - [MESSAGE][PASSED] - Object 'Object Repository/Pages/FirstPayVault/button_SearchVault' is visible&#xD;
&#xD;
2019-11-04 08:47:58 - [MESSAGE][INFO] - 1stPayVault_TestSuite.ts:waiting until Click on Search Vault is Clickable&#xD;
&#xD;
2019-11-04 08:47:58 - [MESSAGE][PASSED] - Object 'Object Repository/Pages/FirstPayVault/button_SearchVault' is clickable&#xD;
&#xD;
2019-11-04 08:47:58 - [MESSAGE][PASSED] - Object 'Object Repository/Pages/FirstPayVault/button_SearchVault' is visible&#xD;
&#xD;
2019-11-04 08:47:59 - [MESSAGE][PASSED] - Object: 'Object Repository/Pages/FirstPayVault/button_SearchVault' is clicked on&#xD;
&#xD;
2019-11-04 08:47:59 - [MESSAGE][INFO] - 1stPayVault_TestSuite.ts: Clicked on the Click on Search Vault&#xD;
&#xD;
2019-11-04 08:47:59 - [MESSAGE][PASSED] - utilities.SafeActions.safeClickwithScroll is PASSED&#xD;
&#xD;
2019-11-04 08:47:59 - [TEST_STEP][PASSED] - utilities.SafeActions.safeClickWithoutScroll(findTestObject("Pages/FirstPayVault/button_Search"), "Click On Search button", [PageLoadTime]): utilities.SafeActions.safeClickWithoutScroll is PASSED&#xD;
&#xD;
2019-11-04 08:47:59 - [MESSAGE][INFO] - Safe Click Without scroll&#xD;
&#xD;
2019-11-04 08:47:59 - [MESSAGE][INFO] - 1stPayVault_TestSuite.ts:waiting until Click On Search button is Clickable&#xD;
&#xD;
2019-11-04 08:47:59 - [MESSAGE][PASSED] - Object 'Object Repository/Pages/FirstPayVault/button_Search' is clickable&#xD;
&#xD;
2019-11-04 08:47:59 - [MESSAGE][PASSED] - Object 'Object Repository/Pages/FirstPayVault/button_Search' is visible&#xD;
&#xD;
2019-11-04 08:48:00 - [MESSAGE][PASSED] - Object: 'Object Repository/Pages/FirstPayVault/button_Search' is clicked on&#xD;
&#xD;
2019-11-04 08:48:00 - [MESSAGE][INFO] - 1stPayVault_TestSuite.ts: click on the Click On Search button&#xD;
&#xD;
2019-11-04 08:48:00 - [MESSAGE][PASSED] - utilities.SafeActions.safeClickWithoutScroll is PASSED&#xD;
&#xD;
2019-11-04 08:48:00 - [TEST_STEP][PASSED] - scrollToElement(findTestObject("Pages/Transaction_Management/invoice_ForTransaction"), PageLoadTime): Scroll to object 'Object Repository/Pages/Transaction_Management/invoice_ForTransaction' successfully&#xD;
&#xD;
2019-11-04 08:48:03 - [MESSAGE][PASSED] - Scroll to object 'Object Repository/Pages/Transaction_Management/invoice_ForTransaction' successfully&#xD;
&#xD;
2019-11-04 08:48:03 - [TEST_STEP][PASSED] - pages.FirstPayVault.verifyInvoiceRecord(findTestObject("Pages/FirstPayVault/footer_NextButton"), findTestObject("Pages/FirstPayVault/page_Number"), vaultReference): The Vault is found in page 1&#xD;
&#xD;
2019-11-04 08:48:03 - [MESSAGE][PASSED] - Text of object 'Object Repository/Pages/FirstPayVault/page_Number' is: 'Page 1 of 46'&#xD;
&#xD;
2019-11-04 08:48:03 - [MESSAGE][PASSED] - The Vault is found in page 1&#xD;
&#xD;
2019-11-04 08:48:04 - [TEST_STEP][PASSED] - delay(2): Delayed 2 second(s)&#xD;
&#xD;
2019-11-04 08:48:06 - [MESSAGE][PASSED] - Delayed 2 second(s)&#xD;
&#xD;
2019-11-04 08:48:06 - [TEST_STEP][PASSED] - pages.FirstPayVault.clickOnMakeAPayment(findTestObject("Pages/FirstPayVault/footer_NextButton"), findTestObject("Pages/FirstPayVault/page_Number"), vaultReference): Delayed 6 second(s)&#xD;
&#xD;
2019-11-04 08:48:06 - [MESSAGE][PASSED] - Text of object 'Object Repository/Pages/FirstPayVault/page_Number' is: 'Page 1 of 46'&#xD;
&#xD;
2019-11-04 08:48:06 - [MESSAGE][PASSED] - The Vault is found in page 1&#xD;
&#xD;
2019-11-04 08:48:12 - [MESSAGE][PASSED] - Delayed 6 second(s)&#xD;
&#xD;
2019-11-04 08:48:13 - [TEST_STEP][PASSED] - scrollToElement(findTestObject("Pages/FirstPayVault/input_Amount"), delayBetweenTestSteps): Scroll to object 'Object Repository/Pages/FirstPayVault/input_Amount' successfully&#xD;
&#xD;
2019-11-04 08:48:13 - [MESSAGE][PASSED] - Scroll to object 'Object Repository/Pages/FirstPayVault/input_Amount' successfully&#xD;
&#xD;
2019-11-04 08:48:13 - [TEST_STEP][PASSED] - utilities.SafeActions.safeType(findTestObject("Pages/FirstPayVault/input_Amount"), amount, "Enter Amount", [PageLoadTime]): utilities.SafeActions.safeType is PASSED&#xD;
&#xD;
2019-11-04 08:48:13 - [MESSAGE][PASSED] - Object 'Object Repository/Pages/FirstPayVault/input_Amount' is present&#xD;
&#xD;
2019-11-04 08:48:14 - [MESSAGE][PASSED] - Object 'Object Repository/Pages/FirstPayVault/input_Amount' is present&#xD;
&#xD;
2019-11-04 08:48:14 - [MESSAGE][PASSED] - Object: 'Object Repository/Pages/FirstPayVault/input_Amount' is clicked on&#xD;
&#xD;
2019-11-04 08:48:15 - [MESSAGE][PASSED] - Text '450' is set on object 'Object Repository/Pages/FirstPayVault/input_Amount'&#xD;
&#xD;
2019-11-04 08:48:15 - [MESSAGE][PASSED] - utilities.SafeActions.safeType is PASSED&#xD;
&#xD;
2019-11-04 08:48:15 - [TEST_STEP][PASSED] - scrollToElement(findTestObject("Pages/FirstPayVault/checkBox_SetUpRecurringPayment"), delayBetweenTestSteps): Scroll to object 'Object Repository/Pages/FirstPayVault/checkBox_SetUpRecurringPayment' successfully&#xD;
&#xD;
2019-11-04 08:48:15 - [MESSAGE][PASSED] - Scroll to object 'Object Repository/Pages/FirstPayVault/checkBox_SetUpRecurringPayment' successfully&#xD;
&#xD;
2019-11-04 08:48:15 - [TEST_STEP][PASSED] - utilities.SafeActions.safeCheckForElement(findTestObject("Pages/FirstPayVault/checkBox_SetUpRecurringPayment"), delayBetweenTestSteps): utilities.SafeActions.safeCheckForElement is PASSED&#xD;
&#xD;
2019-11-04 08:48:15 - [MESSAGE][PASSED] - Object 'Object Repository/Pages/FirstPayVault/checkBox_SetUpRecurringPayment' is present&#xD;
&#xD;
2019-11-04 08:48:15 - [MESSAGE][PASSED] - Object 'Object Repository/Pages/FirstPayVault/checkBox_SetUpRecurringPayment' is visible&#xD;
&#xD;
2019-11-04 08:48:15 - [MESSAGE][PASSED] - Object 'Object Repository/Pages/FirstPayVault/checkBox_SetUpRecurringPayment' is present&#xD;
&#xD;
2019-11-04 08:48:16 - [MESSAGE][PASSED] - Object 'Object Repository/Pages/FirstPayVault/checkBox_SetUpRecurringPayment' is checked&#xD;
&#xD;
2019-11-04 08:48:16 - [MESSAGE][PASSED] - utilities.SafeActions.safeCheckForElement is PASSED&#xD;
&#xD;
2019-11-04 08:48:16 - [TEST_STEP][PASSED] - utilities.SafeActions.safeClickwithScroll(findTestObject("Pages/FirstPayVault/button_Checkout"), "Click on Checkout", [delayBetweenTestSteps]): utilities.SafeActions.safeClickwithScroll is PASSED&#xD;
&#xD;
2019-11-04 08:48:16 - [MESSAGE][PASSED] - Object 'Object Repository/Pages/FirstPayVault/button_Checkout' is present&#xD;
&#xD;
2019-11-04 08:48:16 - [MESSAGE][PASSED] - Object 'Object Repository/Pages/FirstPayVault/button_Checkout' is visible&#xD;
&#xD;
2019-11-04 08:48:16 - [MESSAGE][INFO] - 1stPayVault_TestSuite.ts:waiting until Click on Checkout is Clickable&#xD;
&#xD;
2019-11-04 08:48:16 - [MESSAGE][PASSED] - Object 'Object Repository/Pages/FirstPayVault/button_Checkout' is clickable&#xD;
&#xD;
2019-11-04 08:48:16 - [MESSAGE][PASSED] - Object 'Object Repository/Pages/FirstPayVault/button_Checkout' is visible&#xD;
&#xD;
2019-11-04 08:48:17 - [MESSAGE][PASSED] - Object: 'Object Repository/Pages/FirstPayVault/button_Checkout' is clicked on&#xD;
&#xD;
2019-11-04 08:48:17 - [MESSAGE][INFO] - 1stPayVault_TestSuite.ts: Clicked on the Click on Checkout&#xD;
&#xD;
2019-11-04 08:48:17 - [MESSAGE][PASSED] - utilities.SafeActions.safeClickwithScroll is PASSED&#xD;
&#xD;
2019-11-04 08:48:17 - [TEST_STEP][PASSED] - pages.Sale.verifyTransactionCompletePage(findTestObject("Pages/Sale/heading_TransactionComplete")): The screen is Transaction Complete screen&#xD;
&#xD;
2019-11-04 08:48:17 - [MESSAGE][PASSED] - Object 'Object Repository/Pages/Sale/heading_TransactionComplete' is present&#xD;
&#xD;
2019-11-04 08:48:18 - [MESSAGE][PASSED] - The screen is Transaction Complete screen&#xD;
&#xD;
2019-11-04 08:48:18 - [TEST_STEP][PASSED] - delay(2): Delayed 2 second(s)&#xD;
&#xD;
2019-11-04 08:48:20 - [MESSAGE][PASSED] - Delayed 2 second(s)&#xD;
&#xD;
2019-11-04 08:48:20 - [TEST_STEP][PASSED] - scrollToElement(findTestObject("Pages/Sale/label_RecurringPayment_TransactionCompleteScreen"), delayBetweenTestSteps): Scroll to object 'Object Repository/Pages/Sale/label_RecurringPayment_TransactionCompleteScreen' successfully&#xD;
&#xD;
2019-11-04 08:48:20 - [MESSAGE][PASSED] - Scroll to object 'Object Repository/Pages/Sale/label_RecurringPayment_TransactionCompleteScreen' successfully&#xD;
&#xD;
2019-11-04 08:48:20 - [TEST_STEP][PASSED] - utilities.SafeActions.safeClickWithoutScroll(findTestObject("Pages/FirstPayVault/date_StartDate"), "Click on Date Input", [PageLoadTime]): utilities.SafeActions.safeClickWithoutScroll is PASSED&#xD;
&#xD;
2019-11-04 08:48:20 - [MESSAGE][INFO] - Safe Click Without scroll&#xD;
&#xD;
2019-11-04 08:48:20 - [MESSAGE][INFO] - 1stPayVault_TestSuite.ts:waiting until Click on Date Input is Clickable&#xD;
&#xD;
2019-11-04 08:48:20 - [MESSAGE][PASSED] - Object 'Object Repository/Pages/FirstPayVault/date_StartDate' is clickable&#xD;
&#xD;
2019-11-04 08:48:20 - [MESSAGE][PASSED] - Object 'Object Repository/Pages/FirstPayVault/date_StartDate' is visible&#xD;
&#xD;
2019-11-04 08:48:21 - [MESSAGE][PASSED] - Object: 'Object Repository/Pages/FirstPayVault/date_StartDate' is clicked on&#xD;
&#xD;
2019-11-04 08:48:21 - [MESSAGE][INFO] - 1stPayVault_TestSuite.ts: click on the Click on Date Input&#xD;
&#xD;
2019-11-04 08:48:21 - [MESSAGE][PASSED] - utilities.SafeActions.safeClickWithoutScroll is PASSED&#xD;
&#xD;
2019-11-04 08:48:21 - [TEST_STEP][PASSED] - pages.Sale.selectMonthYear(findTestObject("Pages/Sale/link_MonthYear"), findTestObject("Pages/Sale/calender_NextButton"), cardMonth, cardYear): pages.Sale.selectMonthYear is PASSED&#xD;
&#xD;
2019-11-04 08:48:21 - [MESSAGE][PASSED] - Text of object 'Object Repository/Pages/Sale/link_MonthYear' is: 'November 2019'&#xD;
&#xD;
2019-11-04 08:48:21 - [MESSAGE][PASSED] - Object: 'Object Repository/Pages/Sale/calender_NextButton' is clicked on&#xD;
&#xD;
2019-11-04 08:48:21 - [MESSAGE][PASSED] - Text of object 'Object Repository/Pages/Sale/link_MonthYear' is: 'December 2019'&#xD;
&#xD;
2019-11-04 08:48:21 - [MESSAGE][PASSED] - Object: 'Object Repository/Pages/Sale/calender_NextButton' is clicked on&#xD;
&#xD;
2019-11-04 08:48:22 - [MESSAGE][PASSED] - Text of object 'Object Repository/Pages/Sale/link_MonthYear' is: 'January 2020'&#xD;
&#xD;
2019-11-04 08:48:22 - [MESSAGE][PASSED] - Object: 'Object Repository/Pages/Sale/calender_NextButton' is clicked on&#xD;
&#xD;
2019-11-04 08:48:22 - [MESSAGE][PASSED] - Text of object 'Object Repository/Pages/Sale/link_MonthYear' is: 'February 2020'&#xD;
&#xD;
2019-11-04 08:48:22 - [MESSAGE][PASSED] - Object: 'Object Repository/Pages/Sale/calender_NextButton' is clicked on&#xD;
&#xD;
2019-11-04 08:48:22 - [MESSAGE][PASSED] - Text of object 'Object Repository/Pages/Sale/link_MonthYear' is: 'March 2020'&#xD;
&#xD;
2019-11-04 08:48:22 - [MESSAGE][PASSED] - Object: 'Object Repository/Pages/Sale/calender_NextButton' is clicked on&#xD;
&#xD;
2019-11-04 08:48:22 - [MESSAGE][PASSED] - Text of object 'Object Repository/Pages/Sale/link_MonthYear' is: 'April 2020'&#xD;
&#xD;
2019-11-04 08:48:23 - [MESSAGE][PASSED] - Object: 'Object Repository/Pages/Sale/calender_NextButton' is clicked on&#xD;
&#xD;
2019-11-04 08:48:23 - [MESSAGE][PASSED] - Text of object 'Object Repository/Pages/Sale/link_MonthYear' is: 'May 2020'&#xD;
&#xD;
2019-11-04 08:48:23 - [MESSAGE][PASSED] - Object: 'Object Repository/Pages/Sale/calender_NextButton' is clicked on&#xD;
&#xD;
2019-11-04 08:48:23 - [MESSAGE][PASSED] - Text of object 'Object Repository/Pages/Sale/link_MonthYear' is: 'June 2020'&#xD;
&#xD;
2019-11-04 08:48:23 - [MESSAGE][PASSED] - Object: 'Object Repository/Pages/Sale/calender_NextButton' is clicked on&#xD;
&#xD;
2019-11-04 08:48:23 - [MESSAGE][PASSED] - Text of object 'Object Repository/Pages/Sale/link_MonthYear' is: 'July 2020'&#xD;
&#xD;
2019-11-04 08:48:23 - [MESSAGE][PASSED] - Object: 'Object Repository/Pages/Sale/calender_NextButton' is clicked on&#xD;
&#xD;
2019-11-04 08:48:23 - [MESSAGE][PASSED] - Text of object 'Object Repository/Pages/Sale/link_MonthYear' is: 'August 2020'&#xD;
&#xD;
2019-11-04 08:48:24 - [MESSAGE][PASSED] - Object: 'Object Repository/Pages/Sale/calender_NextButton' is clicked on&#xD;
&#xD;
2019-11-04 08:48:24 - [MESSAGE][PASSED] - Text of object 'Object Repository/Pages/Sale/link_MonthYear' is: 'September 2020'&#xD;
&#xD;
2019-11-04 08:48:24 - [MESSAGE][PASSED] - Object: 'Object Repository/Pages/Sale/calender_NextButton' is clicked on&#xD;
&#xD;
2019-11-04 08:48:24 - [MESSAGE][PASSED] - Text of object 'Object Repository/Pages/Sale/link_MonthYear' is: 'October 2020'&#xD;
&#xD;
2019-11-04 08:48:24 - [MESSAGE][PASSED] - Object: 'Object Repository/Pages/Sale/calender_NextButton' is clicked on&#xD;
&#xD;
2019-11-04 08:48:24 - [MESSAGE][PASSED] - Text of object 'Object Repository/Pages/Sale/link_MonthYear' is: 'November 2020'&#xD;
&#xD;
2019-11-04 08:48:25 - [MESSAGE][PASSED] - Object: 'Object Repository/Pages/Sale/calender_NextButton' is clicked on&#xD;
&#xD;
2019-11-04 08:48:25 - [MESSAGE][PASSED] - Text of object 'Object Repository/Pages/Sale/link_MonthYear' is: 'December 2020'&#xD;
&#xD;
2019-11-04 08:48:25 - [MESSAGE][PASSED] - Object: 'Object Repository/Pages/Sale/calender_NextButton' is clicked on&#xD;
&#xD;
2019-11-04 08:48:25 - [MESSAGE][PASSED] - Text of object 'Object Repository/Pages/Sale/link_MonthYear' is: 'January 2021'&#xD;
&#xD;
2019-11-04 08:48:25 - [MESSAGE][PASSED] - Object: 'Object Repository/Pages/Sale/calender_NextButton' is clicked on&#xD;
&#xD;
2019-11-04 08:48:25 - [MESSAGE][PASSED] - Text of object 'Object Repository/Pages/Sale/link_MonthYear' is: 'February 2021'&#xD;
&#xD;
2019-11-04 08:48:25 - [MESSAGE][PASSED] - Object: 'Object Repository/Pages/Sale/calender_NextButton' is clicked on&#xD;
&#xD;
2019-11-04 08:48:25 - [MESSAGE][PASSED] - Text of object 'Object Repository/Pages/Sale/link_MonthYear' is: 'March 2021'&#xD;
&#xD;
2019-11-04 08:48:26 - [MESSAGE][PASSED] - Object: 'Object Repository/Pages/Sale/calender_NextButton' is clicked on&#xD;
&#xD;
2019-11-04 08:48:26 - [MESSAGE][PASSED] - Text of object 'Object Repository/Pages/Sale/link_MonthYear' is: 'April 2021'&#xD;
&#xD;
2019-11-04 08:48:26 - [MESSAGE][PASSED] - Object: 'Object Repository/Pages/Sale/calender_NextButton' is clicked on&#xD;
&#xD;
2019-11-04 08:48:26 - [MESSAGE][PASSED] - Text of object 'Object Repository/Pages/Sale/link_MonthYear' is: 'May 2021'&#xD;
&#xD;
2019-11-04 08:48:26 - [MESSAGE][PASSED] - Object: 'Object Repository/Pages/Sale/calender_NextButton' is clicked on&#xD;
&#xD;
2019-11-04 08:48:26 - [MESSAGE][PASSED] - Text of object 'Object Repository/Pages/Sale/link_MonthYear' is: 'June 2021'&#xD;
&#xD;
2019-11-04 08:48:26 - [MESSAGE][PASSED] - Object: 'Object Repository/Pages/Sale/calender_NextButton' is clicked on&#xD;
&#xD;
2019-11-04 08:48:26 - [MESSAGE][PASSED] - Text of object 'Object Repository/Pages/Sale/link_MonthYear' is: 'July 2021'&#xD;
&#xD;
2019-11-04 08:48:27 - [MESSAGE][PASSED] - Object: 'Object Repository/Pages/Sale/calender_NextButton' is clicked on&#xD;
&#xD;
2019-11-04 08:48:27 - [MESSAGE][PASSED] - Text of object 'Object Repository/Pages/Sale/link_MonthYear' is: 'August 2021'&#xD;
&#xD;
2019-11-04 08:48:27 - [MESSAGE][PASSED] - Object: 'Object Repository/Pages/Sale/calender_NextButton' is clicked on&#xD;
&#xD;
2019-11-04 08:48:27 - [MESSAGE][PASSED] - Text of object 'Object Repository/Pages/Sale/link_MonthYear' is: 'September 2021'&#xD;
&#xD;
2019-11-04 08:48:27 - [MESSAGE][PASSED] - Object: 'Object Repository/Pages/Sale/calender_NextButton' is clicked on&#xD;
&#xD;
2019-11-04 08:48:27 - [MESSAGE][PASSED] - Text of object 'Object Repository/Pages/Sale/link_MonthYear' is: 'October 2021'&#xD;
&#xD;
2019-11-04 08:48:28 - [MESSAGE][PASSED] - Object: 'Object Repository/Pages/Sale/calender_NextButton' is clicked on&#xD;
&#xD;
2019-11-04 08:48:28 - [MESSAGE][PASSED] - Text of object 'Object Repository/Pages/Sale/link_MonthYear' is: 'November 2021'&#xD;
&#xD;
2019-11-04 08:48:28 - [MESSAGE][PASSED] - Object: 'Object Repository/Pages/Sale/calender_NextButton' is clicked on&#xD;
&#xD;
2019-11-04 08:48:28 - [MESSAGE][PASSED] - Text of object 'Object Repository/Pages/Sale/link_MonthYear' is: 'December 2021'&#xD;
&#xD;
2019-11-04 08:48:28 - [MESSAGE][PASSED] - Object: 'Object Repository/Pages/Sale/calender_NextButton' is clicked on&#xD;
&#xD;
2019-11-04 08:48:28 - [MESSAGE][PASSED] - Text of object 'Object Repository/Pages/Sale/link_MonthYear' is: 'January 2022'&#xD;
&#xD;
2019-11-04 08:48:28 - [MESSAGE][PASSED] - Object: 'Object Repository/Pages/Sale/calender_NextButton' is clicked on&#xD;
&#xD;
2019-11-04 08:48:28 - [MESSAGE][PASSED] - Text of object 'Object Repository/Pages/Sale/link_MonthYear' is: 'February 2022'&#xD;
&#xD;
2019-11-04 08:48:29 - [MESSAGE][PASSED] - Object: 'Object Repository/Pages/Sale/calender_NextButton' is clicked on&#xD;
&#xD;
2019-11-04 08:48:29 - [MESSAGE][PASSED] - Text of object 'Object Repository/Pages/Sale/link_MonthYear' is: 'March 2022'&#xD;
&#xD;
2019-11-04 08:48:29 - [MESSAGE][PASSED] - Object: 'Object Repository/Pages/Sale/calender_NextButton' is clicked on&#xD;
&#xD;
2019-11-04 08:48:29 - [MESSAGE][PASSED] - Text of object 'Object Repository/Pages/Sale/link_MonthYear' is: 'April 2022'&#xD;
&#xD;
2019-11-04 08:48:29 - [MESSAGE][PASSED] - Object: 'Object Repository/Pages/Sale/calender_NextButton' is clicked on&#xD;
&#xD;
2019-11-04 08:48:29 - [MESSAGE][PASSED] - Text of object 'Object Repository/Pages/Sale/link_MonthYear' is: 'May 2022'&#xD;
&#xD;
2019-11-04 08:48:30 - [MESSAGE][PASSED] - Object: 'Object Repository/Pages/Sale/calender_NextButton' is clicked on&#xD;
&#xD;
2019-11-04 08:48:30 - [MESSAGE][PASSED] - Text of object 'Object Repository/Pages/Sale/link_MonthYear' is: 'June 2022'&#xD;
&#xD;
2019-11-04 08:48:30 - [MESSAGE][PASSED] - Object: 'Object Repository/Pages/Sale/calender_NextButton' is clicked on&#xD;
&#xD;
2019-11-04 08:48:30 - [MESSAGE][PASSED] - Text of object 'Object Repository/Pages/Sale/link_MonthYear' is: 'July 2022'&#xD;
&#xD;
2019-11-04 08:48:30 - [MESSAGE][PASSED] - Object: 'Object Repository/Pages/Sale/calender_NextButton' is clicked on&#xD;
&#xD;
2019-11-04 08:48:30 - [MESSAGE][PASSED] - Text of object 'Object Repository/Pages/Sale/link_MonthYear' is: 'August 2022'&#xD;
&#xD;
2019-11-04 08:48:30 - [MESSAGE][PASSED] - Object: 'Object Repository/Pages/Sale/calender_NextButton' is clicked on&#xD;
&#xD;
2019-11-04 08:48:30 - [MESSAGE][PASSED] - Text of object 'Object Repository/Pages/Sale/link_MonthYear' is: 'September 2022'&#xD;
&#xD;
2019-11-04 08:48:31 - [MESSAGE][PASSED] - Object: 'Object Repository/Pages/Sale/calender_NextButton' is clicked on&#xD;
&#xD;
2019-11-04 08:48:31 - [MESSAGE][PASSED] - Text of object 'Object Repository/Pages/Sale/link_MonthYear' is: 'October 2022'&#xD;
&#xD;
2019-11-04 08:48:31 - [MESSAGE][PASSED] - Object: 'Object Repository/Pages/Sale/calender_NextButton' is clicked on&#xD;
&#xD;
2019-11-04 08:48:31 - [MESSAGE][PASSED] - Text of object 'Object Repository/Pages/Sale/link_MonthYear' is: 'November 2022'&#xD;
&#xD;
2019-11-04 08:48:31 - [MESSAGE][PASSED] - Object: 'Object Repository/Pages/Sale/calender_NextButton' is clicked on&#xD;
&#xD;
2019-11-04 08:48:31 - [MESSAGE][PASSED] - Text of object 'Object Repository/Pages/Sale/link_MonthYear' is: 'December 2022'&#xD;
&#xD;
2019-11-04 08:48:31 - [MESSAGE][PASSED] - Object: 'Object Repository/Pages/Sale/calender_NextButton' is clicked on&#xD;
&#xD;
2019-11-04 08:48:32 - [MESSAGE][PASSED] - Text of object 'Object Repository/Pages/Sale/link_MonthYear' is: 'January 2023'&#xD;
&#xD;
2019-11-04 08:48:32 - [MESSAGE][PASSED] - Object: 'Object Repository/Pages/Sale/calender_NextButton' is clicked on&#xD;
&#xD;
2019-11-04 08:48:32 - [MESSAGE][PASSED] - Text of object 'Object Repository/Pages/Sale/link_MonthYear' is: 'February 2023'&#xD;
&#xD;
2019-11-04 08:48:32 - [MESSAGE][PASSED] - Object: 'Object Repository/Pages/Sale/calender_NextButton' is clicked on&#xD;
&#xD;
2019-11-04 08:48:32 - [MESSAGE][PASSED] - Text of object 'Object Repository/Pages/Sale/link_MonthYear' is: 'March 2023'&#xD;
&#xD;
2019-11-04 08:48:32 - [MESSAGE][PASSED] - Object: 'Object Repository/Pages/Sale/calender_NextButton' is clicked on&#xD;
&#xD;
2019-11-04 08:48:32 - [MESSAGE][PASSED] - Text of object 'Object Repository/Pages/Sale/link_MonthYear' is: 'April 2023'&#xD;
&#xD;
2019-11-04 08:48:33 - [MESSAGE][PASSED] - Object: 'Object Repository/Pages/Sale/calender_NextButton' is clicked on&#xD;
&#xD;
2019-11-04 08:48:33 - [MESSAGE][PASSED] - Text of object 'Object Repository/Pages/Sale/link_MonthYear' is: 'May 2023'&#xD;
&#xD;
2019-11-04 08:48:33 - [MESSAGE][PASSED] - Object: 'Object Repository/Pages/Sale/calender_NextButton' is clicked on&#xD;
&#xD;
2019-11-04 08:48:33 - [MESSAGE][PASSED] - Text of object 'Object Repository/Pages/Sale/link_MonthYear' is: 'June 2023'&#xD;
&#xD;
2019-11-04 08:48:33 - [MESSAGE][PASSED] - Object: 'Object Repository/Pages/Sale/calender_NextButton' is clicked on&#xD;
&#xD;
2019-11-04 08:48:33 - [MESSAGE][PASSED] - Text of object 'Object Repository/Pages/Sale/link_MonthYear' is: 'July 2023'&#xD;
&#xD;
2019-11-04 08:48:33 - [MESSAGE][PASSED] - Object: 'Object Repository/Pages/Sale/calender_NextButton' is clicked on&#xD;
&#xD;
2019-11-04 08:48:33 - [MESSAGE][PASSED] - Text of object 'Object Repository/Pages/Sale/link_MonthYear' is: 'August 2023'&#xD;
&#xD;
2019-11-04 08:48:34 - [MESSAGE][PASSED] - Object: 'Object Repository/Pages/Sale/calender_NextButton' is clicked on&#xD;
&#xD;
2019-11-04 08:48:34 - [MESSAGE][PASSED] - Text of object 'Object Repository/Pages/Sale/link_MonthYear' is: 'September 2023'&#xD;
&#xD;
2019-11-04 08:48:34 - [MESSAGE][PASSED] - Object: 'Object Repository/Pages/Sale/calender_NextButton' is clicked on&#xD;
&#xD;
2019-11-04 08:48:34 - [MESSAGE][PASSED] - Text of object 'Object Repository/Pages/Sale/link_MonthYear' is: 'October 2023'&#xD;
&#xD;
2019-11-04 08:48:34 - [MESSAGE][PASSED] - Object: 'Object Repository/Pages/Sale/calender_NextButton' is clicked on&#xD;
&#xD;
2019-11-04 08:48:34 - [MESSAGE][PASSED] - Text of object 'Object Repository/Pages/Sale/link_MonthYear' is: 'November 2023'&#xD;
&#xD;
2019-11-04 08:48:35 - [MESSAGE][PASSED] - Object: 'Object Repository/Pages/Sale/calender_NextButton' is clicked on&#xD;
&#xD;
2019-11-04 08:48:35 - [MESSAGE][PASSED] - Text of object 'Object Repository/Pages/Sale/link_MonthYear' is: 'December 2023'&#xD;
&#xD;
2019-11-04 08:48:35 - [MESSAGE][PASSED] - Object: 'Object Repository/Pages/Sale/calender_NextButton' is clicked on&#xD;
&#xD;
2019-11-04 08:48:35 - [MESSAGE][PASSED] - Text of object 'Object Repository/Pages/Sale/link_MonthYear' is: 'January 2024'&#xD;
&#xD;
2019-11-04 08:48:35 - [MESSAGE][PASSED] - Object: 'Object Repository/Pages/Sale/calender_NextButton' is clicked on&#xD;
&#xD;
2019-11-04 08:48:35 - [MESSAGE][PASSED] - Text of object 'Object Repository/Pages/Sale/link_MonthYear' is: 'February 2024'&#xD;
&#xD;
2019-11-04 08:48:35 - [MESSAGE][PASSED] - Object: 'Object Repository/Pages/Sale/calender_NextButton' is clicked on&#xD;
&#xD;
2019-11-04 08:48:35 - [MESSAGE][PASSED] - Text of object 'Object Repository/Pages/Sale/link_MonthYear' is: 'March 2024'&#xD;
&#xD;
2019-11-04 08:48:36 - [MESSAGE][PASSED] - Object: 'Object Repository/Pages/Sale/calender_NextButton' is clicked on&#xD;
&#xD;
2019-11-04 08:48:36 - [MESSAGE][PASSED] - Text of object 'Object Repository/Pages/Sale/link_MonthYear' is: 'April 2024'&#xD;
&#xD;
2019-11-04 08:48:36 - [MESSAGE][PASSED] - Object: 'Object Repository/Pages/Sale/calender_NextButton' is clicked on&#xD;
&#xD;
2019-11-04 08:48:36 - [MESSAGE][PASSED] - Text of object 'Object Repository/Pages/Sale/link_MonthYear' is: 'May 2024'&#xD;
&#xD;
2019-11-04 08:48:36 - [MESSAGE][PASSED] - Object: 'Object Repository/Pages/Sale/calender_NextButton' is clicked on&#xD;
&#xD;
2019-11-04 08:48:36 - [MESSAGE][PASSED] - Text of object 'Object Repository/Pages/Sale/link_MonthYear' is: 'June 2024'&#xD;
&#xD;
2019-11-04 08:48:37 - [MESSAGE][PASSED] - Object: 'Object Repository/Pages/Sale/calender_NextButton' is clicked on&#xD;
&#xD;
2019-11-04 08:48:37 - [MESSAGE][PASSED] - Text of object 'Object Repository/Pages/Sale/link_MonthYear' is: 'July 2024'&#xD;
&#xD;
2019-11-04 08:48:37 - [MESSAGE][PASSED] - Object: 'Object Repository/Pages/Sale/calender_NextButton' is clicked on&#xD;
&#xD;
2019-11-04 08:48:37 - [MESSAGE][PASSED] - Text of object 'Object Repository/Pages/Sale/link_MonthYear' is: 'August 2024'&#xD;
&#xD;
2019-11-04 08:48:37 - [MESSAGE][PASSED] - Object: 'Object Repository/Pages/Sale/calender_NextButton' is clicked on&#xD;
&#xD;
2019-11-04 08:48:37 - [MESSAGE][PASSED] - Text of object 'Object Repository/Pages/Sale/link_MonthYear' is: 'September 2024'&#xD;
&#xD;
2019-11-04 08:48:37 - [MESSAGE][PASSED] - Object: 'Object Repository/Pages/Sale/calender_NextButton' is clicked on&#xD;
&#xD;
2019-11-04 08:48:37 - [MESSAGE][PASSED] - Text of object 'Object Repository/Pages/Sale/link_MonthYear' is: 'October 2024'&#xD;
&#xD;
2019-11-04 08:48:38 - [MESSAGE][PASSED] - Object: 'Object Repository/Pages/Sale/calender_NextButton' is clicked on&#xD;
&#xD;
2019-11-04 08:48:38 - [MESSAGE][PASSED] - Text of object 'Object Repository/Pages/Sale/link_MonthYear' is: 'November 2024'&#xD;
&#xD;
2019-11-04 08:48:38 - [MESSAGE][PASSED] - Object: 'Object Repository/Pages/Sale/calender_NextButton' is clicked on&#xD;
&#xD;
2019-11-04 08:48:38 - [MESSAGE][PASSED] - Text of object 'Object Repository/Pages/Sale/link_MonthYear' is: 'December 2024'&#xD;
&#xD;
2019-11-04 08:48:38 - [MESSAGE][PASSED] - Object: 'Object Repository/Pages/Sale/calender_NextButton' is clicked on&#xD;
&#xD;
2019-11-04 08:48:38 - [MESSAGE][PASSED] - Text of object 'Object Repository/Pages/Sale/link_MonthYear' is: 'January 2025'&#xD;
&#xD;
2019-11-04 08:48:38 - [MESSAGE][PASSED] - Object: 'Object Repository/Pages/Sale/calender_NextButton' is clicked on&#xD;
&#xD;
2019-11-04 08:48:38 - [MESSAGE][PASSED] - Text of object 'Object Repository/Pages/Sale/link_MonthYear' is: 'February 2025'&#xD;
&#xD;
2019-11-04 08:48:39 - [MESSAGE][PASSED] - Object: 'Object Repository/Pages/Sale/calender_NextButton' is clicked on&#xD;
&#xD;
2019-11-04 08:48:39 - [MESSAGE][PASSED] - Text of object 'Object Repository/Pages/Sale/link_MonthYear' is: 'March 2025'&#xD;
&#xD;
2019-11-04 08:48:39 - [MESSAGE][PASSED] - Object: 'Object Repository/Pages/Sale/calender_NextButton' is clicked on&#xD;
&#xD;
2019-11-04 08:48:39 - [MESSAGE][PASSED] - Text of object 'Object Repository/Pages/Sale/link_MonthYear' is: 'April 2025'&#xD;
&#xD;
2019-11-04 08:48:39 - [MESSAGE][PASSED] - Object: 'Object Repository/Pages/Sale/calender_NextButton' is clicked on&#xD;
&#xD;
2019-11-04 08:48:39 - [MESSAGE][PASSED] - Text of object 'Object Repository/Pages/Sale/link_MonthYear' is: 'May 2025'&#xD;
&#xD;
2019-11-04 08:48:39 - [MESSAGE][PASSED] - Object: 'Object Repository/Pages/Sale/calender_NextButton' is clicked on&#xD;
&#xD;
2019-11-04 08:48:39 - [MESSAGE][PASSED] - Text of object 'Object Repository/Pages/Sale/link_MonthYear' is: 'June 2025'&#xD;
&#xD;
2019-11-04 08:48:40 - [MESSAGE][PASSED] - Object: 'Object Repository/Pages/Sale/calender_NextButton' is clicked on&#xD;
&#xD;
2019-11-04 08:48:40 - [MESSAGE][PASSED] - Text of object 'Object Repository/Pages/Sale/link_MonthYear' is: 'July 2025'&#xD;
&#xD;
2019-11-04 08:48:40 - [MESSAGE][PASSED] - Object: 'Object Repository/Pages/Sale/calender_NextButton' is clicked on&#xD;
&#xD;
2019-11-04 08:48:40 - [MESSAGE][PASSED] - Text of object 'Object Repository/Pages/Sale/link_MonthYear' is: 'August 2025'&#xD;
&#xD;
2019-11-04 08:48:40 - [MESSAGE][PASSED] - Object: 'Object Repository/Pages/Sale/calender_NextButton' is clicked on&#xD;
&#xD;
2019-11-04 08:48:40 - [MESSAGE][PASSED] - Text of object 'Object Repository/Pages/Sale/link_MonthYear' is: 'September 2025'&#xD;
&#xD;
2019-11-04 08:48:40 - [MESSAGE][PASSED] - Object: 'Object Repository/Pages/Sale/calender_NextButton' is clicked on&#xD;
&#xD;
2019-11-04 08:48:40 - [MESSAGE][PASSED] - Text of object 'Object Repository/Pages/Sale/link_MonthYear' is: 'October 2025'&#xD;
&#xD;
2019-11-04 08:48:41 - [MESSAGE][PASSED] - Object: 'Object Repository/Pages/Sale/calender_NextButton' is clicked on&#xD;
&#xD;
2019-11-04 08:48:41 - [MESSAGE][PASSED] - Text of object 'Object Repository/Pages/Sale/link_MonthYear' is: 'November 2025'&#xD;
&#xD;
2019-11-04 08:48:41 - [MESSAGE][PASSED] - Object: 'Object Repository/Pages/Sale/calender_NextButton' is clicked on&#xD;
&#xD;
2019-11-04 08:48:41 - [MESSAGE][PASSED] - Text of object 'Object Repository/Pages/Sale/link_MonthYear' is: 'December 2025'&#xD;
&#xD;
2019-11-04 08:48:41 - [MESSAGE][PASSED] - Object: 'Object Repository/Pages/Sale/calender_NextButton' is clicked on&#xD;
&#xD;
2019-11-04 08:48:41 - [MESSAGE][PASSED] - Text of object 'Object Repository/Pages/Sale/link_MonthYear' is: 'January 2026'&#xD;
&#xD;
2019-11-04 08:48:41 - [MESSAGE][PASSED] - Object: 'Object Repository/Pages/Sale/calender_NextButton' is clicked on&#xD;
&#xD;
2019-11-04 08:48:41 - [MESSAGE][PASSED] - Text of object 'Object Repository/Pages/Sale/link_MonthYear' is: 'February 2026'&#xD;
&#xD;
2019-11-04 08:48:42 - [MESSAGE][PASSED] - Object: 'Object Repository/Pages/Sale/calender_NextButton' is clicked on&#xD;
&#xD;
2019-11-04 08:48:42 - [MESSAGE][PASSED] - Text of object 'Object Repository/Pages/Sale/link_MonthYear' is: 'March 2026'&#xD;
&#xD;
2019-11-04 08:48:42 - [MESSAGE][PASSED] - Object: 'Object Repository/Pages/Sale/calender_NextButton' is clicked on&#xD;
&#xD;
2019-11-04 08:48:42 - [MESSAGE][PASSED] - Text of object 'Object Repository/Pages/Sale/link_MonthYear' is: 'April 2026'&#xD;
&#xD;
2019-11-04 08:48:42 - [MESSAGE][PASSED] - Object: 'Object Repository/Pages/Sale/calender_NextButton' is clicked on&#xD;
&#xD;
2019-11-04 08:48:42 - [MESSAGE][PASSED] - Text of object 'Object Repository/Pages/Sale/link_MonthYear' is: 'May 2026'&#xD;
&#xD;
2019-11-04 08:48:42 - [MESSAGE][PASSED] - Object: 'Object Repository/Pages/Sale/calender_NextButton' is clicked on&#xD;
&#xD;
2019-11-04 08:48:42 - [MESSAGE][PASSED] - Text of object 'Object Repository/Pages/Sale/link_MonthYear' is: 'June 2026'&#xD;
&#xD;
2019-11-04 08:48:43 - [MESSAGE][PASSED] - Object: 'Object Repository/Pages/Sale/calender_NextButton' is clicked on&#xD;
&#xD;
2019-11-04 08:48:43 - [MESSAGE][PASSED] - Text of object 'Object Repository/Pages/Sale/link_MonthYear' is: 'July 2026'&#xD;
&#xD;
2019-11-04 08:48:43 - [MESSAGE][PASSED] - Object: 'Object Repository/Pages/Sale/calender_NextButton' is clicked on&#xD;
&#xD;
2019-11-04 08:48:43 - [MESSAGE][PASSED] - Text of object 'Object Repository/Pages/Sale/link_MonthYear' is: 'August 2026'&#xD;
&#xD;
2019-11-04 08:48:43 - [MESSAGE][PASSED] - Object: 'Object Repository/Pages/Sale/calender_NextButton' is clicked on&#xD;
&#xD;
2019-11-04 08:48:43 - [MESSAGE][PASSED] - Text of object 'Object Repository/Pages/Sale/link_MonthYear' is: 'September 2026'&#xD;
&#xD;
2019-11-04 08:48:43 - [MESSAGE][PASSED] - Object: 'Object Repository/Pages/Sale/calender_NextButton' is clicked on&#xD;
&#xD;
2019-11-04 08:48:44 - [MESSAGE][PASSED] - Text of object 'Object Repository/Pages/Sale/link_MonthYear' is: 'October 2026'&#xD;
&#xD;
2019-11-04 08:48:44 - [MESSAGE][PASSED] - Object: 'Object Repository/Pages/Sale/calender_NextButton' is clicked on&#xD;
&#xD;
2019-11-04 08:48:44 - [MESSAGE][PASSED] - Text of object 'Object Repository/Pages/Sale/link_MonthYear' is: 'November 2026'&#xD;
&#xD;
2019-11-04 08:48:44 - [MESSAGE][PASSED] - Object: 'Object Repository/Pages/Sale/calender_NextButton' is clicked on&#xD;
&#xD;
2019-11-04 08:48:44 - [MESSAGE][PASSED] - Text of object 'Object Repository/Pages/Sale/link_MonthYear' is: 'December 2026'&#xD;
&#xD;
2019-11-04 08:48:44 - [MESSAGE][PASSED] - Object: 'Object Repository/Pages/Sale/calender_NextButton' is clicked on&#xD;
&#xD;
2019-11-04 08:48:44 - [MESSAGE][PASSED] - Text of object 'Object Repository/Pages/Sale/link_MonthYear' is: 'January 2027'&#xD;
&#xD;
2019-11-04 08:48:45 - [MESSAGE][PASSED] - Object: 'Object Repository/Pages/Sale/calender_NextButton' is clicked on&#xD;
&#xD;
2019-11-04 08:48:45 - [MESSAGE][PASSED] - Text of object 'Object Repository/Pages/Sale/link_MonthYear' is: 'February 2027'&#xD;
&#xD;
2019-11-04 08:48:45 - [MESSAGE][PASSED] - Object: 'Object Repository/Pages/Sale/calender_NextButton' is clicked on&#xD;
&#xD;
2019-11-04 08:48:45 - [MESSAGE][PASSED] - Text of object 'Object Repository/Pages/Sale/link_MonthYear' is: 'March 2027'&#xD;
&#xD;
2019-11-04 08:48:45 - [MESSAGE][PASSED] - Object: 'Object Repository/Pages/Sale/calender_NextButton' is clicked on&#xD;
&#xD;
2019-11-04 08:48:45 - [MESSAGE][PASSED] - Text of object 'Object Repository/Pages/Sale/link_MonthYear' is: 'April 2027'&#xD;
&#xD;
2019-11-04 08:48:45 - [MESSAGE][PASSED] - Object: 'Object Repository/Pages/Sale/calender_NextButton' is clicked on&#xD;
&#xD;
2019-11-04 08:48:45 - [MESSAGE][PASSED] - Text of object 'Object Repository/Pages/Sale/link_MonthYear' is: 'May 2027'&#xD;
&#xD;
2019-11-04 08:48:46 - [MESSAGE][PASSED] - Object: 'Object Repository/Pages/Sale/calender_NextButton' is clicked on&#xD;
&#xD;
2019-11-04 08:48:46 - [MESSAGE][PASSED] - Text of object 'Object Repository/Pages/Sale/link_MonthYear' is: 'June 2027'&#xD;
&#xD;
2019-11-04 08:48:46 - [MESSAGE][PASSED] - Object: 'Object Repository/Pages/Sale/calender_NextButton' is clicked on&#xD;
&#xD;
2019-11-04 08:48:46 - [MESSAGE][PASSED] - Text of object 'Object Repository/Pages/Sale/link_MonthYear' is: 'July 2027'&#xD;
&#xD;
2019-11-04 08:48:46 - [MESSAGE][PASSED] - Object: 'Object Repository/Pages/Sale/calender_NextButton' is clicked on&#xD;
&#xD;
2019-11-04 08:48:46 - [MESSAGE][PASSED] - Text of object 'Object Repository/Pages/Sale/link_MonthYear' is: 'August 2027'&#xD;
&#xD;
2019-11-04 08:48:46 - [MESSAGE][PASSED] - Object: 'Object Repository/Pages/Sale/calender_NextButton' is clicked on&#xD;
&#xD;
2019-11-04 08:48:46 - [MESSAGE][PASSED] - Text of object 'Object Repository/Pages/Sale/link_MonthYear' is: 'September 2027'&#xD;
&#xD;
2019-11-04 08:48:47 - [MESSAGE][PASSED] - Object: 'Object Repository/Pages/Sale/calender_NextButton' is clicked on&#xD;
&#xD;
2019-11-04 08:48:47 - [MESSAGE][PASSED] - Text of object 'Object Repository/Pages/Sale/link_MonthYear' is: 'October 2027'&#xD;
&#xD;
2019-11-04 08:48:47 - [MESSAGE][PASSED] - Object: 'Object Repository/Pages/Sale/calender_NextButton' is clicked on&#xD;
&#xD;
2019-11-04 08:48:47 - [MESSAGE][PASSED] - Text of object 'Object Repository/Pages/Sale/link_MonthYear' is: 'November 2027'&#xD;
&#xD;
2019-11-04 08:48:47 - [MESSAGE][PASSED] - Object: 'Object Repository/Pages/Sale/calender_NextButton' is clicked on&#xD;
&#xD;
2019-11-04 08:48:47 - [MESSAGE][PASSED] - Text of object 'Object Repository/Pages/Sale/link_MonthYear' is: 'December 2027'&#xD;
&#xD;
2019-11-04 08:48:47 - [MESSAGE][PASSED] - Object: 'Object Repository/Pages/Sale/calender_NextButton' is clicked on&#xD;
&#xD;
2019-11-04 08:48:47 - [MESSAGE][PASSED] - Text of object 'Object Repository/Pages/Sale/link_MonthYear' is: 'January 2028'&#xD;
&#xD;
2019-11-04 08:48:48 - [MESSAGE][PASSED] - Object: 'Object Repository/Pages/Sale/calender_NextButton' is clicked on&#xD;
&#xD;
2019-11-04 08:48:48 - [MESSAGE][PASSED] - Text of object 'Object Repository/Pages/Sale/link_MonthYear' is: 'February 2028'&#xD;
&#xD;
2019-11-04 08:48:48 - [MESSAGE][PASSED] - Object: 'Object Repository/Pages/Sale/calender_NextButton' is clicked on&#xD;
&#xD;
2019-11-04 08:48:48 - [MESSAGE][PASSED] - Text of object 'Object Repository/Pages/Sale/link_MonthYear' is: 'March 2028'&#xD;
&#xD;
2019-11-04 08:48:48 - [MESSAGE][PASSED] - Object: 'Object Repository/Pages/Sale/calender_NextButton' is clicked on&#xD;
&#xD;
2019-11-04 08:48:48 - [MESSAGE][PASSED] - Text of object 'Object Repository/Pages/Sale/link_MonthYear' is: 'April 2028'&#xD;
&#xD;
2019-11-04 08:48:48 - [MESSAGE][PASSED] - Object: 'Object Repository/Pages/Sale/calender_NextButton' is clicked on&#xD;
&#xD;
2019-11-04 08:48:48 - [MESSAGE][PASSED] - Text of object 'Object Repository/Pages/Sale/link_MonthYear' is: 'May 2028'&#xD;
&#xD;
2019-11-04 08:48:49 - [MESSAGE][PASSED] - Object: 'Object Repository/Pages/Sale/calender_NextButton' is clicked on&#xD;
&#xD;
2019-11-04 08:48:49 - [MESSAGE][PASSED] - Text of object 'Object Repository/Pages/Sale/link_MonthYear' is: 'June 2028'&#xD;
&#xD;
2019-11-04 08:48:49 - [MESSAGE][PASSED] - Object: 'Object Repository/Pages/Sale/calender_NextButton' is clicked on&#xD;
&#xD;
2019-11-04 08:48:49 - [MESSAGE][PASSED] - Text of object 'Object Repository/Pages/Sale/link_MonthYear' is: 'July 2028'&#xD;
&#xD;
2019-11-04 08:48:49 - [MESSAGE][PASSED] - Object: 'Object Repository/Pages/Sale/calender_NextButton' is clicked on&#xD;
&#xD;
2019-11-04 08:48:49 - [MESSAGE][PASSED] - Text of object 'Object Repository/Pages/Sale/link_MonthYear' is: 'August 2028'&#xD;
&#xD;
2019-11-04 08:48:49 - [MESSAGE][PASSED] - Object: 'Object Repository/Pages/Sale/calender_NextButton' is clicked on&#xD;
&#xD;
2019-11-04 08:48:49 - [MESSAGE][PASSED] - Text of object 'Object Repository/Pages/Sale/link_MonthYear' is: 'September 2028'&#xD;
&#xD;
2019-11-04 08:48:50 - [MESSAGE][PASSED] - Object: 'Object Repository/Pages/Sale/calender_NextButton' is clicked on&#xD;
&#xD;
2019-11-04 08:48:50 - [MESSAGE][PASSED] - Text of object 'Object Repository/Pages/Sale/link_MonthYear' is: 'October 2028'&#xD;
&#xD;
2019-11-04 08:48:50 - [MESSAGE][PASSED] - Object: 'Object Repository/Pages/Sale/calender_NextButton' is clicked on&#xD;
&#xD;
2019-11-04 08:48:50 - [MESSAGE][PASSED] - Text of object 'Object Repository/Pages/Sale/link_MonthYear' is: 'November 2028'&#xD;
&#xD;
2019-11-04 08:48:50 - [MESSAGE][PASSED] - Object: 'Object Repository/Pages/Sale/calender_NextButton' is clicked on&#xD;
&#xD;
2019-11-04 08:48:50 - [MESSAGE][PASSED] - Text of object 'Object Repository/Pages/Sale/link_MonthYear' is: 'December 2028'&#xD;
&#xD;
2019-11-04 08:48:51 - [MESSAGE][PASSED] - Object: 'Object Repository/Pages/Sale/calender_NextButton' is clicked on&#xD;
&#xD;
2019-11-04 08:48:51 - [MESSAGE][PASSED] - Text of object 'Object Repository/Pages/Sale/link_MonthYear' is: 'January 2029'&#xD;
&#xD;
2019-11-04 08:48:51 - [MESSAGE][PASSED] - Object: 'Object Repository/Pages/Sale/calender_NextButton' is clicked on&#xD;
&#xD;
2019-11-04 08:48:51 - [MESSAGE][PASSED] - Text of object 'Object Repository/Pages/Sale/link_MonthYear' is: 'February 2029'&#xD;
&#xD;
2019-11-04 08:48:51 - [MESSAGE][PASSED] - Object: 'Object Repository/Pages/Sale/calender_NextButton' is clicked on&#xD;
&#xD;
2019-11-04 08:48:51 - [MESSAGE][PASSED] - Text of object 'Object Repository/Pages/Sale/link_MonthYear' is: 'March 2029'&#xD;
&#xD;
2019-11-04 08:48:51 - [MESSAGE][PASSED] - Object: 'Object Repository/Pages/Sale/calender_NextButton' is clicked on&#xD;
&#xD;
2019-11-04 08:48:51 - [MESSAGE][PASSED] - Text of object 'Object Repository/Pages/Sale/link_MonthYear' is: 'April 2029'&#xD;
&#xD;
2019-11-04 08:48:52 - [MESSAGE][PASSED] - Object: 'Object Repository/Pages/Sale/calender_NextButton' is clicked on&#xD;
&#xD;
2019-11-04 08:48:52 - [MESSAGE][PASSED] - Text of object 'Object Repository/Pages/Sale/link_MonthYear' is: 'May 2029'&#xD;
&#xD;
2019-11-04 08:48:52 - [MESSAGE][PASSED] - Object: 'Object Repository/Pages/Sale/calender_NextButton' is clicked on&#xD;
&#xD;
2019-11-04 08:48:52 - [MESSAGE][PASSED] - Text of object 'Object Repository/Pages/Sale/link_MonthYear' is: 'June 2029'&#xD;
&#xD;
2019-11-04 08:48:52 - [MESSAGE][PASSED] - Object: 'Object Repository/Pages/Sale/calender_NextButton' is clicked on&#xD;
&#xD;
2019-11-04 08:48:52 - [MESSAGE][PASSED] - Text of object 'Object Repository/Pages/Sale/link_MonthYear' is: 'July 2029'&#xD;
&#xD;
2019-11-04 08:48:52 - [MESSAGE][PASSED] - Object: 'Object Repository/Pages/Sale/calender_NextButton' is clicked on&#xD;
&#xD;
2019-11-04 08:48:52 - [MESSAGE][PASSED] - Text of object 'Object Repository/Pages/Sale/link_MonthYear' is: 'August 2029'&#xD;
&#xD;
2019-11-04 08:48:53 - [MESSAGE][PASSED] - Object: 'Object Repository/Pages/Sale/calender_NextButton' is clicked on&#xD;
&#xD;
2019-11-04 08:48:53 - [MESSAGE][PASSED] - Text of object 'Object Repository/Pages/Sale/link_MonthYear' is: 'September 2029'&#xD;
&#xD;
2019-11-04 08:48:53 - [MESSAGE][PASSED] - Object: 'Object Repository/Pages/Sale/calender_NextButton' is clicked on&#xD;
&#xD;
2019-11-04 08:48:53 - [MESSAGE][PASSED] - Text of object 'Object Repository/Pages/Sale/link_MonthYear' is: 'October 2029'&#xD;
&#xD;
2019-11-04 08:48:53 - [MESSAGE][PASSED] - Object: 'Object Repository/Pages/Sale/calender_NextButton' is clicked on&#xD;
&#xD;
2019-11-04 08:48:53 - [MESSAGE][PASSED] - Text of object 'Object Repository/Pages/Sale/link_MonthYear' is: 'November 2029'&#xD;
&#xD;
2019-11-04 08:48:53 - [MESSAGE][PASSED] - Object: 'Object Repository/Pages/Sale/calender_NextButton' is clicked on&#xD;
&#xD;
2019-11-04 08:48:53 - [MESSAGE][PASSED] - Text of object 'Object Repository/Pages/Sale/link_MonthYear' is: 'December 2029'&#xD;
&#xD;
2019-11-04 08:48:54 - [MESSAGE][PASSED] - Object: 'Object Repository/Pages/Sale/calender_NextButton' is clicked on&#xD;
&#xD;
2019-11-04 08:48:54 - [MESSAGE][PASSED] - Text of object 'Object Repository/Pages/Sale/link_MonthYear' is: 'January 2030'&#xD;
&#xD;
2019-11-04 08:48:54 - [MESSAGE][PASSED] - Object: 'Object Repository/Pages/Sale/calender_NextButton' is clicked on&#xD;
&#xD;
2019-11-04 08:48:54 - [MESSAGE][PASSED] - Text of object 'Object Repository/Pages/Sale/link_MonthYear' is: 'February 2030'&#xD;
&#xD;
2019-11-04 08:48:54 - [MESSAGE][PASSED] - Object: 'Object Repository/Pages/Sale/calender_NextButton' is clicked on&#xD;
&#xD;
2019-11-04 08:48:54 - [MESSAGE][PASSED] - Text of object 'Object Repository/Pages/Sale/link_MonthYear' is: 'March 2030'&#xD;
&#xD;
2019-11-04 08:48:55 - [MESSAGE][PASSED] - Object: 'Object Repository/Pages/Sale/calender_NextButton' is clicked on&#xD;
&#xD;
2019-11-04 08:48:55 - [MESSAGE][PASSED] - Text of object 'Object Repository/Pages/Sale/link_MonthYear' is: 'April 2030'&#xD;
&#xD;
2019-11-04 08:48:55 - [MESSAGE][PASSED] - Object: 'Object Repository/Pages/Sale/calender_NextButton' is clicked on&#xD;
&#xD;
2019-11-04 08:48:55 - [MESSAGE][PASSED] - Text of object 'Object Repository/Pages/Sale/link_MonthYear' is: 'May 2030'&#xD;
&#xD;
2019-11-04 08:48:55 - [MESSAGE][PASSED] - Object: 'Object Repository/Pages/Sale/calender_NextButton' is clicked on&#xD;
&#xD;
2019-11-04 08:48:55 - [MESSAGE][PASSED] - Text of object 'Object Repository/Pages/Sale/link_MonthYear' is: 'June 2030'&#xD;
&#xD;
2019-11-04 08:48:55 - [MESSAGE][PASSED] - Object: 'Object Repository/Pages/Sale/calender_NextButton' is clicked on&#xD;
&#xD;
2019-11-04 08:48:55 - [MESSAGE][PASSED] - Text of object 'Object Repository/Pages/Sale/link_MonthYear' is: 'July 2030'&#xD;
&#xD;
2019-11-04 08:48:56 - [MESSAGE][PASSED] - Object: 'Object Repository/Pages/Sale/calender_NextButton' is clicked on&#xD;
&#xD;
2019-11-04 08:48:56 - [MESSAGE][PASSED] - Text of object 'Object Repository/Pages/Sale/link_MonthYear' is: 'August 2030'&#xD;
&#xD;
2019-11-04 08:48:56 - [MESSAGE][PASSED] - Object: 'Object Repository/Pages/Sale/calender_NextButton' is clicked on&#xD;
&#xD;
2019-11-04 08:48:56 - [MESSAGE][PASSED] - Text of object 'Object Repository/Pages/Sale/link_MonthYear' is: 'September 2030'&#xD;
&#xD;
2019-11-04 08:48:56 - [MESSAGE][PASSED] - Object: 'Object Repository/Pages/Sale/calender_NextButton' is clicked on&#xD;
&#xD;
2019-11-04 08:48:56 - [MESSAGE][PASSED] - Text of object 'Object Repository/Pages/Sale/link_MonthYear' is: 'October 2030'&#xD;
&#xD;
2019-11-04 08:48:56 - [MESSAGE][PASSED] - Object: 'Object Repository/Pages/Sale/calender_NextButton' is clicked on&#xD;
&#xD;
2019-11-04 08:48:56 - [MESSAGE][PASSED] - Text of object 'Object Repository/Pages/Sale/link_MonthYear' is: 'November 2030'&#xD;
&#xD;
2019-11-04 08:48:57 - [MESSAGE][PASSED] - Object: 'Object Repository/Pages/Sale/calender_NextButton' is clicked on&#xD;
&#xD;
2019-11-04 08:48:57 - [MESSAGE][PASSED] - Text of object 'Object Repository/Pages/Sale/link_MonthYear' is: 'December 2030'&#xD;
&#xD;
2019-11-04 08:48:57 - [MESSAGE][PASSED] - Object: 'Object Repository/Pages/Sale/calender_NextButton' is clicked on&#xD;
&#xD;
2019-11-04 08:48:57 - [MESSAGE][PASSED] - Text of object 'Object Repository/Pages/Sale/link_MonthYear' is: 'January 2031'&#xD;
&#xD;
2019-11-04 08:48:57 - [MESSAGE][PASSED] - Object: 'Object Repository/Pages/Sale/calender_NextButton' is clicked on&#xD;
&#xD;
2019-11-04 08:48:57 - [MESSAGE][PASSED] - Text of object 'Object Repository/Pages/Sale/link_MonthYear' is: 'February 2031'&#xD;
&#xD;
2019-11-04 08:48:57 - [MESSAGE][PASSED] - Object: 'Object Repository/Pages/Sale/calender_NextButton' is clicked on&#xD;
&#xD;
2019-11-04 08:48:57 - [MESSAGE][PASSED] - Text of object 'Object Repository/Pages/Sale/link_MonthYear' is: 'March 2031'&#xD;
&#xD;
2019-11-04 08:48:58 - [MESSAGE][PASSED] - Object: 'Object Repository/Pages/Sale/calender_NextButton' is clicked on&#xD;
&#xD;
2019-11-04 08:48:58 - [MESSAGE][PASSED] - Text of object 'Object Repository/Pages/Sale/link_MonthYear' is: 'April 2031'&#xD;
&#xD;
2019-11-04 08:48:58 - [MESSAGE][PASSED] - Object: 'Object Repository/Pages/Sale/calender_NextButton' is clicked on&#xD;
&#xD;
2019-11-04 08:48:58 - [MESSAGE][PASSED] - Text of object 'Object Repository/Pages/Sale/link_MonthYear' is: 'May 2031'&#xD;
&#xD;
2019-11-04 08:48:58 - [MESSAGE][PASSED] - Object: 'Object Repository/Pages/Sale/calender_NextButton' is clicked on&#xD;
&#xD;
2019-11-04 08:48:58 - [MESSAGE][PASSED] - Text of object 'Object Repository/Pages/Sale/link_MonthYear' is: 'June 2031'&#xD;
&#xD;
2019-11-04 08:48:59 - [MESSAGE][PASSED] - Object: 'Object Repository/Pages/Sale/calender_NextButton' is clicked on&#xD;
&#xD;
2019-11-04 08:48:59 - [MESSAGE][PASSED] - Text of object 'Object Repository/Pages/Sale/link_MonthYear' is: 'July 2031'&#xD;
&#xD;
2019-11-04 08:48:59 - [MESSAGE][PASSED] - Object: 'Object Repository/Pages/Sale/calender_NextButton' is clicked on&#xD;
&#xD;
2019-11-04 08:48:59 - [MESSAGE][PASSED] - Text of object 'Object Repository/Pages/Sale/link_MonthYear' is: 'August 2031'&#xD;
&#xD;
2019-11-04 08:48:59 - [MESSAGE][PASSED] - Object: 'Object Repository/Pages/Sale/calender_NextButton' is clicked on&#xD;
&#xD;
2019-11-04 08:48:59 - [MESSAGE][PASSED] - Text of object 'Object Repository/Pages/Sale/link_MonthYear' is: 'September 2031'&#xD;
&#xD;
2019-11-04 08:48:59 - [MESSAGE][PASSED] - Object: 'Object Repository/Pages/Sale/calender_NextButton' is clicked on&#xD;
&#xD;
2019-11-04 08:48:59 - [MESSAGE][PASSED] - Text of object 'Object Repository/Pages/Sale/link_MonthYear' is: 'October 2031'&#xD;
&#xD;
2019-11-04 08:49:00 - [MESSAGE][PASSED] - Object: 'Object Repository/Pages/Sale/calender_NextButton' is clicked on&#xD;
&#xD;
2019-11-04 08:49:00 - [MESSAGE][PASSED] - Text of object 'Object Repository/Pages/Sale/link_MonthYear' is: 'November 2031'&#xD;
&#xD;
2019-11-04 08:49:00 - [MESSAGE][PASSED] - Object: 'Object Repository/Pages/Sale/calender_NextButton' is clicked on&#xD;
&#xD;
2019-11-04 08:49:00 - [MESSAGE][PASSED] - Text of object 'Object Repository/Pages/Sale/link_MonthYear' is: 'December 2031'&#xD;
&#xD;
2019-11-04 08:49:00 - [MESSAGE][PASSED] - Object: 'Object Repository/Pages/Sale/calender_NextButton' is clicked on&#xD;
&#xD;
2019-11-04 08:49:00 - [MESSAGE][PASSED] - Text of object 'Object Repository/Pages/Sale/link_MonthYear' is: 'January 2032'&#xD;
&#xD;
2019-11-04 08:49:00 - [MESSAGE][PASSED] - Object: 'Object Repository/Pages/Sale/calender_NextButton' is clicked on&#xD;
&#xD;
2019-11-04 08:49:00 - [MESSAGE][PASSED] - Text of object 'Object Repository/Pages/Sale/link_MonthYear' is: 'February 2032'&#xD;
&#xD;
2019-11-04 08:49:01 - [MESSAGE][PASSED] - Object: 'Object Repository/Pages/Sale/calender_NextButton' is clicked on&#xD;
&#xD;
2019-11-04 08:49:01 - [MESSAGE][PASSED] - Text of object 'Object Repository/Pages/Sale/link_MonthYear' is: 'March 2032'&#xD;
&#xD;
2019-11-04 08:49:01 - [MESSAGE][PASSED] - Object: 'Object Repository/Pages/Sale/calender_NextButton' is clicked on&#xD;
&#xD;
2019-11-04 08:49:01 - [MESSAGE][PASSED] - Text of object 'Object Repository/Pages/Sale/link_MonthYear' is: 'April 2032'&#xD;
&#xD;
2019-11-04 08:49:01 - [MESSAGE][PASSED] - Object: 'Object Repository/Pages/Sale/calender_NextButton' is clicked on&#xD;
&#xD;
2019-11-04 08:49:01 - [MESSAGE][PASSED] - Text of object 'Object Repository/Pages/Sale/link_MonthYear' is: 'May 2032'&#xD;
&#xD;
2019-11-04 08:49:02 - [MESSAGE][PASSED] - Object: 'Object Repository/Pages/Sale/calender_NextButton' is clicked on&#xD;
&#xD;
2019-11-04 08:49:02 - [MESSAGE][PASSED] - Text of object 'Object Repository/Pages/Sale/link_MonthYear' is: 'June 2032'&#xD;
&#xD;
2019-11-04 08:49:02 - [MESSAGE][PASSED] - Object: 'Object Repository/Pages/Sale/calender_NextButton' is clicked on&#xD;
&#xD;
2019-11-04 08:49:02 - [MESSAGE][PASSED] - Text of object 'Object Repository/Pages/Sale/link_MonthYear' is: 'July 2032'&#xD;
&#xD;
2019-11-04 08:49:02 - [MESSAGE][PASSED] - Object: 'Object Repository/Pages/Sale/calender_NextButton' is clicked on&#xD;
&#xD;
2019-11-04 08:49:02 - [MESSAGE][PASSED] - Text of object 'Object Repository/Pages/Sale/link_MonthYear' is: 'August 2032'&#xD;
&#xD;
2019-11-04 08:49:02 - [MESSAGE][PASSED] - Object: 'Object Repository/Pages/Sale/calender_NextButton' is clicked on&#xD;
&#xD;
2019-11-04 08:49:02 - [MESSAGE][PASSED] - Text of object 'Object Repository/Pages/Sale/link_MonthYear' is: 'September 2032'&#xD;
&#xD;
2019-11-04 08:49:02 - [MESSAGE][PASSED] - pages.Sale.selectMonthYear is PASSED&#xD;
&#xD;
2019-11-04 08:49:02 - [TEST_STEP][PASSED] - pages.Sale.selectDate(start_date_Value): pages.Sale.selectDate is PASSED&#xD;
&#xD;
2019-11-04 08:49:03 - [MESSAGE][PASSED] - Object: '' is clicked on&#xD;
&#xD;
2019-11-04 08:49:03 - [MESSAGE][PASSED] - pages.Sale.selectDate is PASSED&#xD;
&#xD;
2019-11-04 08:49:03 - [TEST_STEP][PASSED] - utilities.SafeActions.safeClickWithoutScroll(findTestObject("Pages/FirstPayVault/date_EndDate"), "Click on Date Input", [PageLoadTime]): utilities.SafeActions.safeClickWithoutScroll is PASSED&#xD;
&#xD;
2019-11-04 08:49:03 - [MESSAGE][INFO] - Safe Click Without scroll&#xD;
&#xD;
2019-11-04 08:49:03 - [MESSAGE][INFO] - 1stPayVault_TestSuite.ts:waiting until Click on Date Input is Clickable&#xD;
&#xD;
2019-11-04 08:49:03 - [MESSAGE][PASSED] - Object 'Object Repository/Pages/FirstPayVault/date_EndDate' is clickable&#xD;
&#xD;
2019-11-04 08:49:03 - [MESSAGE][PASSED] - Object 'Object Repository/Pages/FirstPayVault/date_EndDate' is visible&#xD;
&#xD;
2019-11-04 08:49:04 - [MESSAGE][PASSED] - Object: 'Object Repository/Pages/FirstPayVault/date_EndDate' is clicked on&#xD;
&#xD;
2019-11-04 08:49:04 - [MESSAGE][INFO] - 1stPayVault_TestSuite.ts: click on the Click on Date Input&#xD;
&#xD;
2019-11-04 08:49:04 - [MESSAGE][PASSED] - utilities.SafeActions.safeClickWithoutScroll is PASSED&#xD;
&#xD;
2019-11-04 08:49:04 - [TEST_STEP][PASSED] - pages.Sale.selectMonthYear(findTestObject("Pages/Sale/link_MonthYear"), findTestObject("Pages/Sale/calender_NextButton"), cardMonth, cardYear): pages.Sale.selectMonthYear is PASSED&#xD;
&#xD;
2019-11-04 08:49:04 - [MESSAGE][PASSED] - Text of object 'Object Repository/Pages/Sale/link_MonthYear' is: 'November 2019'&#xD;
&#xD;
2019-11-04 08:49:04 - [MESSAGE][PASSED] - Object: 'Object Repository/Pages/Sale/calender_NextButton' is clicked on&#xD;
&#xD;
2019-11-04 08:49:04 - [MESSAGE][PASSED] - Text of object 'Object Repository/Pages/Sale/link_MonthYear' is: 'December 2019'&#xD;
&#xD;
2019-11-04 08:49:05 - [MESSAGE][PASSED] - Object: 'Object Repository/Pages/Sale/calender_NextButton' is clicked on&#xD;
&#xD;
2019-11-04 08:49:05 - [MESSAGE][PASSED] - Text of object 'Object Repository/Pages/Sale/link_MonthYear' is: 'January 2020'&#xD;
&#xD;
2019-11-04 08:49:05 - [MESSAGE][PASSED] - Object: 'Object Repository/Pages/Sale/calender_NextButton' is clicked on&#xD;
&#xD;
2019-11-04 08:49:05 - [MESSAGE][PASSED] - Text of object 'Object Repository/Pages/Sale/link_MonthYear' is: 'February 2020'&#xD;
&#xD;
2019-11-04 08:49:05 - [MESSAGE][PASSED] - Object: 'Object Repository/Pages/Sale/calender_NextButton' is clicked on&#xD;
&#xD;
2019-11-04 08:49:05 - [MESSAGE][PASSED] - Text of object 'Object Repository/Pages/Sale/link_MonthYear' is: 'March 2020'&#xD;
&#xD;
2019-11-04 08:49:05 - [MESSAGE][PASSED] - Object: 'Object Repository/Pages/Sale/calender_NextButton' is clicked on&#xD;
&#xD;
2019-11-04 08:49:05 - [MESSAGE][PASSED] - Text of object 'Object Repository/Pages/Sale/link_MonthYear' is: 'April 2020'&#xD;
&#xD;
2019-11-04 08:49:06 - [MESSAGE][PASSED] - Object: 'Object Repository/Pages/Sale/calender_NextButton' is clicked on&#xD;
&#xD;
2019-11-04 08:49:06 - [MESSAGE][PASSED] - Text of object 'Object Repository/Pages/Sale/link_MonthYear' is: 'May 2020'&#xD;
&#xD;
2019-11-04 08:49:06 - [MESSAGE][PASSED] - Object: 'Object Repository/Pages/Sale/calender_NextButton' is clicked on&#xD;
&#xD;
2019-11-04 08:49:06 - [MESSAGE][PASSED] - Text of object 'Object Repository/Pages/Sale/link_MonthYear' is: 'June 2020'&#xD;
&#xD;
2019-11-04 08:49:06 - [MESSAGE][PASSED] - Object: 'Object Repository/Pages/Sale/calender_NextButton' is clicked on&#xD;
&#xD;
2019-11-04 08:49:06 - [MESSAGE][PASSED] - Text of object 'Object Repository/Pages/Sale/link_MonthYear' is: 'July 2020'&#xD;
&#xD;
2019-11-04 08:49:07 - [MESSAGE][PASSED] - Object: 'Object Repository/Pages/Sale/calender_NextButton' is clicked on&#xD;
&#xD;
2019-11-04 08:49:07 - [MESSAGE][PASSED] - Text of object 'Object Repository/Pages/Sale/link_MonthYear' is: 'August 2020'&#xD;
&#xD;
2019-11-04 08:49:07 - [MESSAGE][PASSED] - Object: 'Object Repository/Pages/Sale/calender_NextButton' is clicked on&#xD;
&#xD;
2019-11-04 08:49:07 - [MESSAGE][PASSED] - Text of object 'Object Repository/Pages/Sale/link_MonthYear' is: 'September 2020'&#xD;
&#xD;
2019-11-04 08:49:07 - [MESSAGE][PASSED] - Object: 'Object Repository/Pages/Sale/calender_NextButton' is clicked on&#xD;
&#xD;
2019-11-04 08:49:07 - [MESSAGE][PASSED] - Text of object 'Object Repository/Pages/Sale/link_MonthYear' is: 'October 2020'&#xD;
&#xD;
2019-11-04 08:49:07 - [MESSAGE][PASSED] - Object: 'Object Repository/Pages/Sale/calender_NextButton' is clicked on&#xD;
&#xD;
2019-11-04 08:49:07 - [MESSAGE][PASSED] - Text of object 'Object Repository/Pages/Sale/link_MonthYear' is: 'November 2020'&#xD;
&#xD;
2019-11-04 08:49:08 - [MESSAGE][PASSED] - Object: 'Object Repository/Pages/Sale/calender_NextButton' is clicked on&#xD;
&#xD;
2019-11-04 08:49:08 - [MESSAGE][PASSED] - Text of object 'Object Repository/Pages/Sale/link_MonthYear' is: 'December 2020'&#xD;
&#xD;
2019-11-04 08:49:08 - [MESSAGE][PASSED] - Object: 'Object Repository/Pages/Sale/calender_NextButton' is clicked on&#xD;
&#xD;
2019-11-04 08:49:08 - [MESSAGE][PASSED] - Text of object 'Object Repository/Pages/Sale/link_MonthYear' is: 'January 2021'&#xD;
&#xD;
2019-11-04 08:49:08 - [MESSAGE][PASSED] - Object: 'Object Repository/Pages/Sale/calender_NextButton' is clicked on&#xD;
&#xD;
2019-11-04 08:49:08 - [MESSAGE][PASSED] - Text of object 'Object Repository/Pages/Sale/link_MonthYear' is: 'February 2021'&#xD;
&#xD;
2019-11-04 08:49:08 - [MESSAGE][PASSED] - Object: 'Object Repository/Pages/Sale/calender_NextButton' is clicked on&#xD;
&#xD;
2019-11-04 08:49:08 - [MESSAGE][PASSED] - Text of object 'Object Repository/Pages/Sale/link_MonthYear' is: 'March 2021'&#xD;
&#xD;
2019-11-04 08:49:09 - [MESSAGE][PASSED] - Object: 'Object Repository/Pages/Sale/calender_NextButton' is clicked on&#xD;
&#xD;
2019-11-04 08:49:09 - [MESSAGE][PASSED] - Text of object 'Object Repository/Pages/Sale/link_MonthYear' is: 'April 2021'&#xD;
&#xD;
2019-11-04 08:49:09 - [MESSAGE][PASSED] - Object: 'Object Repository/Pages/Sale/calender_NextButton' is clicked on&#xD;
&#xD;
2019-11-04 08:49:09 - [MESSAGE][PASSED] - Text of object 'Object Repository/Pages/Sale/link_MonthYear' is: 'May 2021'&#xD;
&#xD;
2019-11-04 08:49:09 - [MESSAGE][PASSED] - Object: 'Object Repository/Pages/Sale/calender_NextButton' is clicked on&#xD;
&#xD;
2019-11-04 08:49:09 - [MESSAGE][PASSED] - Text of object 'Object Repository/Pages/Sale/link_MonthYear' is: 'June 2021'&#xD;
&#xD;
2019-11-04 08:49:10 - [MESSAGE][PASSED] - Object: 'Object Repository/Pages/Sale/calender_NextButton' is clicked on&#xD;
&#xD;
2019-11-04 08:49:10 - [MESSAGE][PASSED] - Text of object 'Object Repository/Pages/Sale/link_MonthYear' is: 'July 2021'&#xD;
&#xD;
2019-11-04 08:49:10 - [MESSAGE][PASSED] - Object: 'Object Repository/Pages/Sale/calender_NextButton' is clicked on&#xD;
&#xD;
2019-11-04 08:49:10 - [MESSAGE][PASSED] - Text of object 'Object Repository/Pages/Sale/link_MonthYear' is: 'August 2021'&#xD;
&#xD;
2019-11-04 08:49:10 - [MESSAGE][PASSED] - Object: 'Object Repository/Pages/Sale/calender_NextButton' is clicked on&#xD;
&#xD;
2019-11-04 08:49:10 - [MESSAGE][PASSED] - Text of object 'Object Repository/Pages/Sale/link_MonthYear' is: 'September 2021'&#xD;
&#xD;
2019-11-04 08:49:10 - [MESSAGE][PASSED] - Object: 'Object Repository/Pages/Sale/calender_NextButton' is clicked on&#xD;
&#xD;
2019-11-04 08:49:10 - [MESSAGE][PASSED] - Text of object 'Object Repository/Pages/Sale/link_MonthYear' is: 'October 2021'&#xD;
&#xD;
2019-11-04 08:49:11 - [MESSAGE][PASSED] - Object: 'Object Repository/Pages/Sale/calender_NextButton' is clicked on&#xD;
&#xD;
2019-11-04 08:49:11 - [MESSAGE][PASSED] - Text of object 'Object Repository/Pages/Sale/link_MonthYear' is: 'November 2021'&#xD;
&#xD;
2019-11-04 08:49:11 - [MESSAGE][PASSED] - Object: 'Object Repository/Pages/Sale/calender_NextButton' is clicked on&#xD;
&#xD;
2019-11-04 08:49:11 - [MESSAGE][PASSED] - Text of object 'Object Repository/Pages/Sale/link_MonthYear' is: 'December 2021'&#xD;
&#xD;
2019-11-04 08:49:11 - [MESSAGE][PASSED] - Object: 'Object Repository/Pages/Sale/calender_NextButton' is clicked on&#xD;
&#xD;
2019-11-04 08:49:11 - [MESSAGE][PASSED] - Text of object 'Object Repository/Pages/Sale/link_MonthYear' is: 'January 2022'&#xD;
&#xD;
2019-11-04 08:49:11 - [MESSAGE][PASSED] - Object: 'Object Repository/Pages/Sale/calender_NextButton' is clicked on&#xD;
&#xD;
2019-11-04 08:49:11 - [MESSAGE][PASSED] - Text of object 'Object Repository/Pages/Sale/link_MonthYear' is: 'February 2022'&#xD;
&#xD;
2019-11-04 08:49:12 - [MESSAGE][PASSED] - Object: 'Object Repository/Pages/Sale/calender_NextButton' is clicked on&#xD;
&#xD;
2019-11-04 08:49:12 - [MESSAGE][PASSED] - Text of object 'Object Repository/Pages/Sale/link_MonthYear' is: 'March 2022'&#xD;
&#xD;
2019-11-04 08:49:12 - [MESSAGE][PASSED] - Object: 'Object Repository/Pages/Sale/calender_NextButton' is clicked on&#xD;
&#xD;
2019-11-04 08:49:12 - [MESSAGE][PASSED] - Text of object 'Object Repository/Pages/Sale/link_MonthYear' is: 'April 2022'&#xD;
&#xD;
2019-11-04 08:49:12 - [MESSAGE][PASSED] - Object: 'Object Repository/Pages/Sale/calender_NextButton' is clicked on&#xD;
&#xD;
2019-11-04 08:49:12 - [MESSAGE][PASSED] - Text of object 'Object Repository/Pages/Sale/link_MonthYear' is: 'May 2022'&#xD;
&#xD;
2019-11-04 08:49:12 - [MESSAGE][PASSED] - Object: 'Object Repository/Pages/Sale/calender_NextButton' is clicked on&#xD;
&#xD;
2019-11-04 08:49:13 - [MESSAGE][PASSED] - Text of object 'Object Repository/Pages/Sale/link_MonthYear' is: 'June 2022'&#xD;
&#xD;
2019-11-04 08:49:13 - [MESSAGE][PASSED] - Object: 'Object Repository/Pages/Sale/calender_NextButton' is clicked on&#xD;
&#xD;
2019-11-04 08:49:13 - [MESSAGE][PASSED] - Text of object 'Object Repository/Pages/Sale/link_MonthYear' is: 'July 2022'&#xD;
&#xD;
2019-11-04 08:49:13 - [MESSAGE][PASSED] - Object: 'Object Repository/Pages/Sale/calender_NextButton' is clicked on&#xD;
&#xD;
2019-11-04 08:49:13 - [MESSAGE][PASSED] - Text of object 'Object Repository/Pages/Sale/link_MonthYear' is: 'August 2022'&#xD;
&#xD;
2019-11-04 08:49:13 - [MESSAGE][PASSED] - Object: 'Object Repository/Pages/Sale/calender_NextButton' is clicked on&#xD;
&#xD;
2019-11-04 08:49:13 - [MESSAGE][PASSED] - Text of object 'Object Repository/Pages/Sale/link_MonthYear' is: 'September 2022'&#xD;
&#xD;
2019-11-04 08:49:14 - [MESSAGE][PASSED] - Object: 'Object Repository/Pages/Sale/calender_NextButton' is clicked on&#xD;
&#xD;
2019-11-04 08:49:14 - [MESSAGE][PASSED] - Text of object 'Object Repository/Pages/Sale/link_MonthYear' is: 'October 2022'&#xD;
&#xD;
2019-11-04 08:49:14 - [MESSAGE][PASSED] - Object: 'Object Repository/Pages/Sale/calender_NextButton' is clicked on&#xD;
&#xD;
2019-11-04 08:49:14 - [MESSAGE][PASSED] - Text of object 'Object Repository/Pages/Sale/link_MonthYear' is: 'November 2022'&#xD;
&#xD;
2019-11-04 08:49:14 - [MESSAGE][PASSED] - Object: 'Object Repository/Pages/Sale/calender_NextButton' is clicked on&#xD;
&#xD;
2019-11-04 08:49:14 - [MESSAGE][PASSED] - Text of object 'Object Repository/Pages/Sale/link_MonthYear' is: 'December 2022'&#xD;
&#xD;
2019-11-04 08:49:14 - [MESSAGE][PASSED] - Object: 'Object Repository/Pages/Sale/calender_NextButton' is clicked on&#xD;
&#xD;
2019-11-04 08:49:14 - [MESSAGE][PASSED] - Text of object 'Object Repository/Pages/Sale/link_MonthYear' is: 'January 2023'&#xD;
&#xD;
2019-11-04 08:49:15 - [MESSAGE][PASSED] - Object: 'Object Repository/Pages/Sale/calender_NextButton' is clicked on&#xD;
&#xD;
2019-11-04 08:49:15 - [MESSAGE][PASSED] - Text of object 'Object Repository/Pages/Sale/link_MonthYear' is: 'February 2023'&#xD;
&#xD;
2019-11-04 08:49:15 - [MESSAGE][PASSED] - Object: 'Object Repository/Pages/Sale/calender_NextButton' is clicked on&#xD;
&#xD;
2019-11-04 08:49:15 - [MESSAGE][PASSED] - Text of object 'Object Repository/Pages/Sale/link_MonthYear' is: 'March 2023'&#xD;
&#xD;
2019-11-04 08:49:15 - [MESSAGE][PASSED] - Object: 'Object Repository/Pages/Sale/calender_NextButton' is clicked on&#xD;
&#xD;
2019-11-04 08:49:15 - [MESSAGE][PASSED] - Text of object 'Object Repository/Pages/Sale/link_MonthYear' is: 'April 2023'&#xD;
&#xD;
2019-11-04 08:49:15 - [MESSAGE][PASSED] - Object: 'Object Repository/Pages/Sale/calender_NextButton' is clicked on&#xD;
&#xD;
2019-11-04 08:49:15 - [MESSAGE][PASSED] - Text of object 'Object Repository/Pages/Sale/link_MonthYear' is: 'May 2023'&#xD;
&#xD;
2019-11-04 08:49:16 - [MESSAGE][PASSED] - Object: 'Object Repository/Pages/Sale/calender_NextButton' is clicked on&#xD;
&#xD;
2019-11-04 08:49:16 - [MESSAGE][PASSED] - Text of object 'Object Repository/Pages/Sale/link_MonthYear' is: 'June 2023'&#xD;
&#xD;
2019-11-04 08:49:16 - [MESSAGE][PASSED] - Object: 'Object Repository/Pages/Sale/calender_NextButton' is clicked on&#xD;
&#xD;
2019-11-04 08:49:16 - [MESSAGE][PASSED] - Text of object 'Object Repository/Pages/Sale/link_MonthYear' is: 'July 2023'&#xD;
&#xD;
2019-11-04 08:49:16 - [MESSAGE][PASSED] - Object: 'Object Repository/Pages/Sale/calender_NextButton' is clicked on&#xD;
&#xD;
2019-11-04 08:49:16 - [MESSAGE][PASSED] - Text of object 'Object Repository/Pages/Sale/link_MonthYear' is: 'August 2023'&#xD;
&#xD;
2019-11-04 08:49:17 - [MESSAGE][PASSED] - Object: 'Object Repository/Pages/Sale/calender_NextButton' is clicked on&#xD;
&#xD;
2019-11-04 08:49:17 - [MESSAGE][PASSED] - Text of object 'Object Repository/Pages/Sale/link_MonthYear' is: 'September 2023'&#xD;
&#xD;
2019-11-04 08:49:17 - [MESSAGE][PASSED] - Object: 'Object Repository/Pages/Sale/calender_NextButton' is clicked on&#xD;
&#xD;
2019-11-04 08:49:17 - [MESSAGE][PASSED] - Text of object 'Object Repository/Pages/Sale/link_MonthYear' is: 'October 2023'&#xD;
&#xD;
2019-11-04 08:49:17 - [MESSAGE][PASSED] - Object: 'Object Repository/Pages/Sale/calender_NextButton' is clicked on&#xD;
&#xD;
2019-11-04 08:49:17 - [MESSAGE][PASSED] - Text of object 'Object Repository/Pages/Sale/link_MonthYear' is: 'November 2023'&#xD;
&#xD;
2019-11-04 08:49:17 - [MESSAGE][PASSED] - Object: 'Object Repository/Pages/Sale/calender_NextButton' is clicked on&#xD;
&#xD;
2019-11-04 08:49:17 - [MESSAGE][PASSED] - Text of object 'Object Repository/Pages/Sale/link_MonthYear' is: 'December 2023'&#xD;
&#xD;
2019-11-04 08:49:18 - [MESSAGE][PASSED] - Object: 'Object Repository/Pages/Sale/calender_NextButton' is clicked on&#xD;
&#xD;
2019-11-04 08:49:18 - [MESSAGE][PASSED] - Text of object 'Object Repository/Pages/Sale/link_MonthYear' is: 'January 2024'&#xD;
&#xD;
2019-11-04 08:49:18 - [MESSAGE][PASSED] - Object: 'Object Repository/Pages/Sale/calender_NextButton' is clicked on&#xD;
&#xD;
2019-11-04 08:49:18 - [MESSAGE][PASSED] - Text of object 'Object Repository/Pages/Sale/link_MonthYear' is: 'February 2024'&#xD;
&#xD;
2019-11-04 08:49:18 - [MESSAGE][PASSED] - Object: 'Object Repository/Pages/Sale/calender_NextButton' is clicked on&#xD;
&#xD;
2019-11-04 08:49:18 - [MESSAGE][PASSED] - Text of object 'Object Repository/Pages/Sale/link_MonthYear' is: 'March 2024'&#xD;
&#xD;
2019-11-04 08:49:18 - [MESSAGE][PASSED] - Object: 'Object Repository/Pages/Sale/calender_NextButton' is clicked on&#xD;
&#xD;
2019-11-04 08:49:18 - [MESSAGE][PASSED] - Text of object 'Object Repository/Pages/Sale/link_MonthYear' is: 'April 2024'&#xD;
&#xD;
2019-11-04 08:49:19 - [MESSAGE][PASSED] - Object: 'Object Repository/Pages/Sale/calender_NextButton' is clicked on&#xD;
&#xD;
2019-11-04 08:49:19 - [MESSAGE][PASSED] - Text of object 'Object Repository/Pages/Sale/link_MonthYear' is: 'May 2024'&#xD;
&#xD;
2019-11-04 08:49:19 - [MESSAGE][PASSED] - Object: 'Object Repository/Pages/Sale/calender_NextButton' is clicked on&#xD;
&#xD;
2019-11-04 08:49:19 - [MESSAGE][PASSED] - Text of object 'Object Repository/Pages/Sale/link_MonthYear' is: 'June 2024'&#xD;
&#xD;
2019-11-04 08:49:19 - [MESSAGE][PASSED] - Object: 'Object Repository/Pages/Sale/calender_NextButton' is clicked on&#xD;
&#xD;
2019-11-04 08:49:19 - [MESSAGE][PASSED] - Text of object 'Object Repository/Pages/Sale/link_MonthYear' is: 'July 2024'&#xD;
&#xD;
2019-11-04 08:49:19 - [MESSAGE][PASSED] - Object: 'Object Repository/Pages/Sale/calender_NextButton' is clicked on&#xD;
&#xD;
2019-11-04 08:49:20 - [MESSAGE][PASSED] - Text of object 'Object Repository/Pages/Sale/link_MonthYear' is: 'August 2024'&#xD;
&#xD;
2019-11-04 08:49:20 - [MESSAGE][PASSED] - Object: 'Object Repository/Pages/Sale/calender_NextButton' is clicked on&#xD;
&#xD;
2019-11-04 08:49:20 - [MESSAGE][PASSED] - Text of object 'Object Repository/Pages/Sale/link_MonthYear' is: 'September 2024'&#xD;
&#xD;
2019-11-04 08:49:20 - [MESSAGE][PASSED] - Object: 'Object Repository/Pages/Sale/calender_NextButton' is clicked on&#xD;
&#xD;
2019-11-04 08:49:20 - [MESSAGE][PASSED] - Text of object 'Object Repository/Pages/Sale/link_MonthYear' is: 'October 2024'&#xD;
&#xD;
2019-11-04 08:49:20 - [MESSAGE][PASSED] - Object: 'Object Repository/Pages/Sale/calender_NextButton' is clicked on&#xD;
&#xD;
2019-11-04 08:49:20 - [MESSAGE][PASSED] - Text of object 'Object Repository/Pages/Sale/link_MonthYear' is: 'November 2024'&#xD;
&#xD;
2019-11-04 08:49:21 - [MESSAGE][PASSED] - Object: 'Object Repository/Pages/Sale/calender_NextButton' is clicked on&#xD;
&#xD;
2019-11-04 08:49:21 - [MESSAGE][PASSED] - Text of object 'Object Repository/Pages/Sale/link_MonthYear' is: 'December 2024'&#xD;
&#xD;
2019-11-04 08:49:21 - [MESSAGE][PASSED] - Object: 'Object Repository/Pages/Sale/calender_NextButton' is clicked on&#xD;
&#xD;
2019-11-04 08:49:21 - [MESSAGE][PASSED] - Text of object 'Object Repository/Pages/Sale/link_MonthYear' is: 'January 2025'&#xD;
&#xD;
2019-11-04 08:49:21 - [MESSAGE][PASSED] - Object: 'Object Repository/Pages/Sale/calender_NextButton' is clicked on&#xD;
&#xD;
2019-11-04 08:49:21 - [MESSAGE][PASSED] - Text of object 'Object Repository/Pages/Sale/link_MonthYear' is: 'February 2025'&#xD;
&#xD;
2019-11-04 08:49:21 - [MESSAGE][PASSED] - Object: 'Object Repository/Pages/Sale/calender_NextButton' is clicked on&#xD;
&#xD;
2019-11-04 08:49:21 - [MESSAGE][PASSED] - Text of object 'Object Repository/Pages/Sale/link_MonthYear' is: 'March 2025'&#xD;
&#xD;
2019-11-04 08:49:22 - [MESSAGE][PASSED] - Object: 'Object Repository/Pages/Sale/calender_NextButton' is clicked on&#xD;
&#xD;
2019-11-04 08:49:22 - [MESSAGE][PASSED] - Text of object 'Object Repository/Pages/Sale/link_MonthYear' is: 'April 2025'&#xD;
&#xD;
2019-11-04 08:49:22 - [MESSAGE][PASSED] - Object: 'Object Repository/Pages/Sale/calender_NextButton' is clicked on&#xD;
&#xD;
2019-11-04 08:49:22 - [MESSAGE][PASSED] - Text of object 'Object Repository/Pages/Sale/link_MonthYear' is: 'May 2025'&#xD;
&#xD;
2019-11-04 08:49:22 - [MESSAGE][PASSED] - Object: 'Object Repository/Pages/Sale/calender_NextButton' is clicked on&#xD;
&#xD;
2019-11-04 08:49:22 - [MESSAGE][PASSED] - Text of object 'Object Repository/Pages/Sale/link_MonthYear' is: 'June 2025'&#xD;
&#xD;
2019-11-04 08:49:22 - [MESSAGE][PASSED] - Object: 'Object Repository/Pages/Sale/calender_NextButton' is clicked on&#xD;
&#xD;
2019-11-04 08:49:22 - [MESSAGE][PASSED] - Text of object 'Object Repository/Pages/Sale/link_MonthYear' is: 'July 2025'&#xD;
&#xD;
2019-11-04 08:49:23 - [MESSAGE][PASSED] - Object: 'Object Repository/Pages/Sale/calender_NextButton' is clicked on&#xD;
&#xD;
2019-11-04 08:49:23 - [MESSAGE][PASSED] - Text of object 'Object Repository/Pages/Sale/link_MonthYear' is: 'August 2025'&#xD;
&#xD;
2019-11-04 08:49:23 - [MESSAGE][PASSED] - Object: 'Object Repository/Pages/Sale/calender_NextButton' is clicked on&#xD;
&#xD;
2019-11-04 08:49:23 - [MESSAGE][PASSED] - Text of object 'Object Repository/Pages/Sale/link_MonthYear' is: 'September 2025'&#xD;
&#xD;
2019-11-04 08:49:23 - [MESSAGE][PASSED] - Object: 'Object Repository/Pages/Sale/calender_NextButton' is clicked on&#xD;
&#xD;
2019-11-04 08:49:23 - [MESSAGE][PASSED] - Text of object 'Object Repository/Pages/Sale/link_MonthYear' is: 'October 2025'&#xD;
&#xD;
2019-11-04 08:49:24 - [MESSAGE][PASSED] - Object: 'Object Repository/Pages/Sale/calender_NextButton' is clicked on&#xD;
&#xD;
2019-11-04 08:49:24 - [MESSAGE][PASSED] - Text of object 'Object Repository/Pages/Sale/link_MonthYear' is: 'November 2025'&#xD;
&#xD;
2019-11-04 08:49:24 - [MESSAGE][PASSED] - Object: 'Object Repository/Pages/Sale/calender_NextButton' is clicked on&#xD;
&#xD;
2019-11-04 08:49:24 - [MESSAGE][PASSED] - Text of object 'Object Repository/Pages/Sale/link_MonthYear' is: 'December 2025'&#xD;
&#xD;
2019-11-04 08:49:24 - [MESSAGE][PASSED] - Object: 'Object Repository/Pages/Sale/calender_NextButton' is clicked on&#xD;
&#xD;
2019-11-04 08:49:24 - [MESSAGE][PASSED] - Text of object 'Object Repository/Pages/Sale/link_MonthYear' is: 'January 2026'&#xD;
&#xD;
2019-11-04 08:49:24 - [MESSAGE][PASSED] - Object: 'Object Repository/Pages/Sale/calender_NextButton' is clicked on&#xD;
&#xD;
2019-11-04 08:49:24 - [MESSAGE][PASSED] - Text of object 'Object Repository/Pages/Sale/link_MonthYear' is: 'February 2026'&#xD;
&#xD;
2019-11-04 08:49:25 - [MESSAGE][PASSED] - Object: 'Object Repository/Pages/Sale/calender_NextButton' is clicked on&#xD;
&#xD;
2019-11-04 08:49:25 - [MESSAGE][PASSED] - Text of object 'Object Repository/Pages/Sale/link_MonthYear' is: 'March 2026'&#xD;
&#xD;
2019-11-04 08:49:25 - [MESSAGE][PASSED] - Object: 'Object Repository/Pages/Sale/calender_NextButton' is clicked on&#xD;
&#xD;
2019-11-04 08:49:25 - [MESSAGE][PASSED] - Text of object 'Object Repository/Pages/Sale/link_MonthYear' is: 'April 2026'&#xD;
&#xD;
2019-11-04 08:49:25 - [MESSAGE][PASSED] - Object: 'Object Repository/Pages/Sale/calender_NextButton' is clicked on&#xD;
&#xD;
2019-11-04 08:49:25 - [MESSAGE][PASSED] - Text of object 'Object Repository/Pages/Sale/link_MonthYear' is: 'May 2026'&#xD;
&#xD;
2019-11-04 08:49:25 - [MESSAGE][PASSED] - Object: 'Object Repository/Pages/Sale/calender_NextButton' is clicked on&#xD;
&#xD;
2019-11-04 08:49:26 - [MESSAGE][PASSED] - Text of object 'Object Repository/Pages/Sale/link_MonthYear' is: 'June 2026'&#xD;
&#xD;
2019-11-04 08:49:26 - [MESSAGE][PASSED] - Object: 'Object Repository/Pages/Sale/calender_NextButton' is clicked on&#xD;
&#xD;
2019-11-04 08:49:26 - [MESSAGE][PASSED] - Text of object 'Object Repository/Pages/Sale/link_MonthYear' is: 'July 2026'&#xD;
&#xD;
2019-11-04 08:49:26 - [MESSAGE][PASSED] - Object: 'Object Repository/Pages/Sale/calender_NextButton' is clicked on&#xD;
&#xD;
2019-11-04 08:49:26 - [MESSAGE][PASSED] - Text of object 'Object Repository/Pages/Sale/link_MonthYear' is: 'August 2026'&#xD;
&#xD;
2019-11-04 08:49:26 - [MESSAGE][PASSED] - Object: 'Object Repository/Pages/Sale/calender_NextButton' is clicked on&#xD;
&#xD;
2019-11-04 08:49:26 - [MESSAGE][PASSED] - Text of object 'Object Repository/Pages/Sale/link_MonthYear' is: 'September 2026'&#xD;
&#xD;
2019-11-04 08:49:27 - [MESSAGE][PASSED] - Object: 'Object Repository/Pages/Sale/calender_NextButton' is clicked on&#xD;
&#xD;
2019-11-04 08:49:27 - [MESSAGE][PASSED] - Text of object 'Object Repository/Pages/Sale/link_MonthYear' is: 'October 2026'&#xD;
&#xD;
2019-11-04 08:49:27 - [MESSAGE][PASSED] - Object: 'Object Repository/Pages/Sale/calender_NextButton' is clicked on&#xD;
&#xD;
2019-11-04 08:49:27 - [MESSAGE][PASSED] - Text of object 'Object Repository/Pages/Sale/link_MonthYear' is: 'November 2026'&#xD;
&#xD;
2019-11-04 08:49:27 - [MESSAGE][PASSED] - Object: 'Object Repository/Pages/Sale/calender_NextButton' is clicked on&#xD;
&#xD;
2019-11-04 08:49:27 - [MESSAGE][PASSED] - Text of object 'Object Repository/Pages/Sale/link_MonthYear' is: 'December 2026'&#xD;
&#xD;
2019-11-04 08:49:27 - [MESSAGE][PASSED] - Object: 'Object Repository/Pages/Sale/calender_NextButton' is clicked on&#xD;
&#xD;
2019-11-04 08:49:27 - [MESSAGE][PASSED] - Text of object 'Object Repository/Pages/Sale/link_MonthYear' is: 'January 2027'&#xD;
&#xD;
2019-11-04 08:49:28 - [MESSAGE][PASSED] - Object: 'Object Repository/Pages/Sale/calender_NextButton' is clicked on&#xD;
&#xD;
2019-11-04 08:49:28 - [MESSAGE][PASSED] - Text of object 'Object Repository/Pages/Sale/link_MonthYear' is: 'February 2027'&#xD;
&#xD;
2019-11-04 08:49:28 - [MESSAGE][PASSED] - Object: 'Object Repository/Pages/Sale/calender_NextButton' is clicked on&#xD;
&#xD;
2019-11-04 08:49:28 - [MESSAGE][PASSED] - Text of object 'Object Repository/Pages/Sale/link_MonthYear' is: 'March 2027'&#xD;
&#xD;
2019-11-04 08:49:28 - [MESSAGE][PASSED] - Object: 'Object Repository/Pages/Sale/calender_NextButton' is clicked on&#xD;
&#xD;
2019-11-04 08:49:28 - [MESSAGE][PASSED] - Text of object 'Object Repository/Pages/Sale/link_MonthYear' is: 'April 2027'&#xD;
&#xD;
2019-11-04 08:49:28 - [MESSAGE][PASSED] - Object: 'Object Repository/Pages/Sale/calender_NextButton' is clicked on&#xD;
&#xD;
2019-11-04 08:49:28 - [MESSAGE][PASSED] - Text of object 'Object Repository/Pages/Sale/link_MonthYear' is: 'May 2027'&#xD;
&#xD;
2019-11-04 08:49:29 - [MESSAGE][PASSED] - Object: 'Object Repository/Pages/Sale/calender_NextButton' is clicked on&#xD;
&#xD;
2019-11-04 08:49:29 - [MESSAGE][PASSED] - Text of object 'Object Repository/Pages/Sale/link_MonthYear' is: 'June 2027'&#xD;
&#xD;
2019-11-04 08:49:29 - [MESSAGE][PASSED] - Object: 'Object Repository/Pages/Sale/calender_NextButton' is clicked on&#xD;
&#xD;
2019-11-04 08:49:29 - [MESSAGE][PASSED] - Text of object 'Object Repository/Pages/Sale/link_MonthYear' is: 'July 2027'&#xD;
&#xD;
2019-11-04 08:49:29 - [MESSAGE][PASSED] - Object: 'Object Repository/Pages/Sale/calender_NextButton' is clicked on&#xD;
&#xD;
2019-11-04 08:49:29 - [MESSAGE][PASSED] - Text of object 'Object Repository/Pages/Sale/link_MonthYear' is: 'August 2027'&#xD;
&#xD;
2019-11-04 08:49:30 - [MESSAGE][PASSED] - Object: 'Object Repository/Pages/Sale/calender_NextButton' is clicked on&#xD;
&#xD;
2019-11-04 08:49:30 - [MESSAGE][PASSED] - Text of object 'Object Repository/Pages/Sale/link_MonthYear' is: 'September 2027'&#xD;
&#xD;
2019-11-04 08:49:30 - [MESSAGE][PASSED] - Object: 'Object Repository/Pages/Sale/calender_NextButton' is clicked on&#xD;
&#xD;
2019-11-04 08:49:30 - [MESSAGE][PASSED] - Text of object 'Object Repository/Pages/Sale/link_MonthYear' is: 'October 2027'&#xD;
&#xD;
2019-11-04 08:49:30 - [MESSAGE][PASSED] - Object: 'Object Repository/Pages/Sale/calender_NextButton' is clicked on&#xD;
&#xD;
2019-11-04 08:49:30 - [MESSAGE][PASSED] - Text of object 'Object Repository/Pages/Sale/link_MonthYear' is: 'November 2027'&#xD;
&#xD;
2019-11-04 08:49:30 - [MESSAGE][PASSED] - Object: 'Object Repository/Pages/Sale/calender_NextButton' is clicked on&#xD;
&#xD;
2019-11-04 08:49:30 - [MESSAGE][PASSED] - Text of object 'Object Repository/Pages/Sale/link_MonthYear' is: 'December 2027'&#xD;
&#xD;
2019-11-04 08:49:31 - [MESSAGE][PASSED] - Object: 'Object Repository/Pages/Sale/calender_NextButton' is clicked on&#xD;
&#xD;
2019-11-04 08:49:31 - [MESSAGE][PASSED] - Text of object 'Object Repository/Pages/Sale/link_MonthYear' is: 'January 2028'&#xD;
&#xD;
2019-11-04 08:49:31 - [MESSAGE][PASSED] - Object: 'Object Repository/Pages/Sale/calender_NextButton' is clicked on&#xD;
&#xD;
2019-11-04 08:49:31 - [MESSAGE][PASSED] - Text of object 'Object Repository/Pages/Sale/link_MonthYear' is: 'February 2028'&#xD;
&#xD;
2019-11-04 08:49:31 - [MESSAGE][PASSED] - Object: 'Object Repository/Pages/Sale/calender_NextButton' is clicked on&#xD;
&#xD;
2019-11-04 08:49:31 - [MESSAGE][PASSED] - Text of object 'Object Repository/Pages/Sale/link_MonthYear' is: 'March 2028'&#xD;
&#xD;
2019-11-04 08:49:31 - [MESSAGE][PASSED] - Object: 'Object Repository/Pages/Sale/calender_NextButton' is clicked on&#xD;
&#xD;
2019-11-04 08:49:31 - [MESSAGE][PASSED] - Text of object 'Object Repository/Pages/Sale/link_MonthYear' is: 'April 2028'&#xD;
&#xD;
2019-11-04 08:49:32 - [MESSAGE][PASSED] - Object: 'Object Repository/Pages/Sale/calender_NextButton' is clicked on&#xD;
&#xD;
2019-11-04 08:49:32 - [MESSAGE][PASSED] - Text of object 'Object Repository/Pages/Sale/link_MonthYear' is: 'May 2028'&#xD;
&#xD;
2019-11-04 08:49:32 - [MESSAGE][PASSED] - Object: 'Object Repository/Pages/Sale/calender_NextButton' is clicked on&#xD;
&#xD;
2019-11-04 08:49:32 - [MESSAGE][PASSED] - Text of object 'Object Repository/Pages/Sale/link_MonthYear' is: 'June 2028'&#xD;
&#xD;
2019-11-04 08:49:32 - [MESSAGE][PASSED] - Object: 'Object Repository/Pages/Sale/calender_NextButton' is clicked on&#xD;
&#xD;
2019-11-04 08:49:32 - [MESSAGE][PASSED] - Text of object 'Object Repository/Pages/Sale/link_MonthYear' is: 'July 2028'&#xD;
&#xD;
2019-11-04 08:49:32 - [MESSAGE][PASSED] - Object: 'Object Repository/Pages/Sale/calender_NextButton' is clicked on&#xD;
&#xD;
2019-11-04 08:49:33 - [MESSAGE][PASSED] - Text of object 'Object Repository/Pages/Sale/link_MonthYear' is: 'August 2028'&#xD;
&#xD;
2019-11-04 08:49:33 - [MESSAGE][PASSED] - Object: 'Object Repository/Pages/Sale/calender_NextButton' is clicked on&#xD;
&#xD;
2019-11-04 08:49:33 - [MESSAGE][PASSED] - Text of object 'Object Repository/Pages/Sale/link_MonthYear' is: 'September 2028'&#xD;
&#xD;
2019-11-04 08:49:33 - [MESSAGE][PASSED] - Object: 'Object Repository/Pages/Sale/calender_NextButton' is clicked on&#xD;
&#xD;
2019-11-04 08:49:33 - [MESSAGE][PASSED] - Text of object 'Object Repository/Pages/Sale/link_MonthYear' is: 'October 2028'&#xD;
&#xD;
2019-11-04 08:49:33 - [MESSAGE][PASSED] - Object: 'Object Repository/Pages/Sale/calender_NextButton' is clicked on&#xD;
&#xD;
2019-11-04 08:49:33 - [MESSAGE][PASSED] - Text of object 'Object Repository/Pages/Sale/link_MonthYear' is: 'November 2028'&#xD;
&#xD;
2019-11-04 08:49:34 - [MESSAGE][PASSED] - Object: 'Object Repository/Pages/Sale/calender_NextButton' is clicked on&#xD;
&#xD;
2019-11-04 08:49:34 - [MESSAGE][PASSED] - Text of object 'Object Repository/Pages/Sale/link_MonthYear' is: 'December 2028'&#xD;
&#xD;
2019-11-04 08:49:34 - [MESSAGE][PASSED] - Object: 'Object Repository/Pages/Sale/calender_NextButton' is clicked on&#xD;
&#xD;
2019-11-04 08:49:34 - [MESSAGE][PASSED] - Text of object 'Object Repository/Pages/Sale/link_MonthYear' is: 'January 2029'&#xD;
&#xD;
2019-11-04 08:49:34 - [MESSAGE][PASSED] - Object: 'Object Repository/Pages/Sale/calender_NextButton' is clicked on&#xD;
&#xD;
2019-11-04 08:49:34 - [MESSAGE][PASSED] - Text of object 'Object Repository/Pages/Sale/link_MonthYear' is: 'February 2029'&#xD;
&#xD;
2019-11-04 08:49:34 - [MESSAGE][PASSED] - Object: 'Object Repository/Pages/Sale/calender_NextButton' is clicked on&#xD;
&#xD;
2019-11-04 08:49:34 - [MESSAGE][PASSED] - Text of object 'Object Repository/Pages/Sale/link_MonthYear' is: 'March 2029'&#xD;
&#xD;
2019-11-04 08:49:35 - [MESSAGE][PASSED] - Object: 'Object Repository/Pages/Sale/calender_NextButton' is clicked on&#xD;
&#xD;
2019-11-04 08:49:35 - [MESSAGE][PASSED] - Text of object 'Object Repository/Pages/Sale/link_MonthYear' is: 'April 2029'&#xD;
&#xD;
2019-11-04 08:49:35 - [MESSAGE][PASSED] - Object: 'Object Repository/Pages/Sale/calender_NextButton' is clicked on&#xD;
&#xD;
2019-11-04 08:49:35 - [MESSAGE][PASSED] - Text of object 'Object Repository/Pages/Sale/link_MonthYear' is: 'May 2029'&#xD;
&#xD;
2019-11-04 08:49:35 - [MESSAGE][PASSED] - Object: 'Object Repository/Pages/Sale/calender_NextButton' is clicked on&#xD;
&#xD;
2019-11-04 08:49:35 - [MESSAGE][PASSED] - Text of object 'Object Repository/Pages/Sale/link_MonthYear' is: 'June 2029'&#xD;
&#xD;
2019-11-04 08:49:35 - [MESSAGE][PASSED] - Object: 'Object Repository/Pages/Sale/calender_NextButton' is clicked on&#xD;
&#xD;
2019-11-04 08:49:35 - [MESSAGE][PASSED] - Text of object 'Object Repository/Pages/Sale/link_MonthYear' is: 'July 2029'&#xD;
&#xD;
2019-11-04 08:49:36 - [MESSAGE][PASSED] - Object: 'Object Repository/Pages/Sale/calender_NextButton' is clicked on&#xD;
&#xD;
2019-11-04 08:49:36 - [MESSAGE][PASSED] - Text of object 'Object Repository/Pages/Sale/link_MonthYear' is: 'August 2029'&#xD;
&#xD;
2019-11-04 08:49:36 - [MESSAGE][PASSED] - Object: 'Object Repository/Pages/Sale/calender_NextButton' is clicked on&#xD;
&#xD;
2019-11-04 08:49:36 - [MESSAGE][PASSED] - Text of object 'Object Repository/Pages/Sale/link_MonthYear' is: 'September 2029'&#xD;
&#xD;
2019-11-04 08:49:36 - [MESSAGE][PASSED] - Object: 'Object Repository/Pages/Sale/calender_NextButton' is clicked on&#xD;
&#xD;
2019-11-04 08:49:36 - [MESSAGE][PASSED] - Text of object 'Object Repository/Pages/Sale/link_MonthYear' is: 'October 2029'&#xD;
&#xD;
2019-11-04 08:49:36 - [MESSAGE][PASSED] - Object: 'Object Repository/Pages/Sale/calender_NextButton' is clicked on&#xD;
&#xD;
2019-11-04 08:49:36 - [MESSAGE][PASSED] - Text of object 'Object Repository/Pages/Sale/link_MonthYear' is: 'November 2029'&#xD;
&#xD;
2019-11-04 08:49:37 - [MESSAGE][PASSED] - Object: 'Object Repository/Pages/Sale/calender_NextButton' is clicked on&#xD;
&#xD;
2019-11-04 08:49:37 - [MESSAGE][PASSED] - Text of object 'Object Repository/Pages/Sale/link_MonthYear' is: 'December 2029'&#xD;
&#xD;
2019-11-04 08:49:37 - [MESSAGE][PASSED] - Object: 'Object Repository/Pages/Sale/calender_NextButton' is clicked on&#xD;
&#xD;
2019-11-04 08:49:37 - [MESSAGE][PASSED] - Text of object 'Object Repository/Pages/Sale/link_MonthYear' is: 'January 2030'&#xD;
&#xD;
2019-11-04 08:49:37 - [MESSAGE][PASSED] - Object: 'Object Repository/Pages/Sale/calender_NextButton' is clicked on&#xD;
&#xD;
2019-11-04 08:49:37 - [MESSAGE][PASSED] - Text of object 'Object Repository/Pages/Sale/link_MonthYear' is: 'February 2030'&#xD;
&#xD;
2019-11-04 08:49:38 - [MESSAGE][PASSED] - Object: 'Object Repository/Pages/Sale/calender_NextButton' is clicked on&#xD;
&#xD;
2019-11-04 08:49:38 - [MESSAGE][PASSED] - Text of object 'Object Repository/Pages/Sale/link_MonthYear' is: 'March 2030'&#xD;
&#xD;
2019-11-04 08:49:38 - [MESSAGE][PASSED] - Object: 'Object Repository/Pages/Sale/calender_NextButton' is clicked on&#xD;
&#xD;
2019-11-04 08:49:38 - [MESSAGE][PASSED] - Text of object 'Object Repository/Pages/Sale/link_MonthYear' is: 'April 2030'&#xD;
&#xD;
2019-11-04 08:49:38 - [MESSAGE][PASSED] - Object: 'Object Repository/Pages/Sale/calender_NextButton' is clicked on&#xD;
&#xD;
2019-11-04 08:49:38 - [MESSAGE][PASSED] - Text of object 'Object Repository/Pages/Sale/link_MonthYear' is: 'May 2030'&#xD;
&#xD;
2019-11-04 08:49:38 - [MESSAGE][PASSED] - Object: 'Object Repository/Pages/Sale/calender_NextButton' is clicked on&#xD;
&#xD;
2019-11-04 08:49:38 - [MESSAGE][PASSED] - Text of object 'Object Repository/Pages/Sale/link_MonthYear' is: 'June 2030'&#xD;
&#xD;
2019-11-04 08:49:39 - [MESSAGE][PASSED] - Object: 'Object Repository/Pages/Sale/calender_NextButton' is clicked on&#xD;
&#xD;
2019-11-04 08:49:39 - [MESSAGE][PASSED] - Text of object 'Object Repository/Pages/Sale/link_MonthYear' is: 'July 2030'&#xD;
&#xD;
2019-11-04 08:49:39 - [MESSAGE][PASSED] - Object: 'Object Repository/Pages/Sale/calender_NextButton' is clicked on&#xD;
&#xD;
2019-11-04 08:49:39 - [MESSAGE][PASSED] - Text of object 'Object Repository/Pages/Sale/link_MonthYear' is: 'August 2030'&#xD;
&#xD;
2019-11-04 08:49:39 - [MESSAGE][PASSED] - Object: 'Object Repository/Pages/Sale/calender_NextButton' is clicked on&#xD;
&#xD;
2019-11-04 08:49:39 - [MESSAGE][PASSED] - Text of object 'Object Repository/Pages/Sale/link_MonthYear' is: 'September 2030'&#xD;
&#xD;
2019-11-04 08:49:39 - [MESSAGE][PASSED] - Object: 'Object Repository/Pages/Sale/calender_NextButton' is clicked on&#xD;
&#xD;
2019-11-04 08:49:39 - [MESSAGE][PASSED] - Text of object 'Object Repository/Pages/Sale/link_MonthYear' is: 'October 2030'&#xD;
&#xD;
2019-11-04 08:49:40 - [MESSAGE][PASSED] - Object: 'Object Repository/Pages/Sale/calender_NextButton' is clicked on&#xD;
&#xD;
2019-11-04 08:49:40 - [MESSAGE][PASSED] - Text of object 'Object Repository/Pages/Sale/link_MonthYear' is: 'November 2030'&#xD;
&#xD;
2019-11-04 08:49:40 - [MESSAGE][PASSED] - Object: 'Object Repository/Pages/Sale/calender_NextButton' is clicked on&#xD;
&#xD;
2019-11-04 08:49:40 - [MESSAGE][PASSED] - Text of object 'Object Repository/Pages/Sale/link_MonthYear' is: 'December 2030'&#xD;
&#xD;
2019-11-04 08:49:40 - [MESSAGE][PASSED] - Object: 'Object Repository/Pages/Sale/calender_NextButton' is clicked on&#xD;
&#xD;
2019-11-04 08:49:40 - [MESSAGE][PASSED] - Text of object 'Object Repository/Pages/Sale/link_MonthYear' is: 'January 2031'&#xD;
&#xD;
2019-11-04 08:49:40 - [MESSAGE][PASSED] - Object: 'Object Repository/Pages/Sale/calender_NextButton' is clicked on&#xD;
&#xD;
2019-11-04 08:49:40 - [MESSAGE][PASSED] - Text of object 'Object Repository/Pages/Sale/link_MonthYear' is: 'February 2031'&#xD;
&#xD;
2019-11-04 08:49:41 - [MESSAGE][PASSED] - Object: 'Object Repository/Pages/Sale/calender_NextButton' is clicked on&#xD;
&#xD;
2019-11-04 08:49:41 - [MESSAGE][PASSED] - Text of object 'Object Repository/Pages/Sale/link_MonthYear' is: 'March 2031'&#xD;
&#xD;
2019-11-04 08:49:41 - [MESSAGE][PASSED] - Object: 'Object Repository/Pages/Sale/calender_NextButton' is clicked on&#xD;
&#xD;
2019-11-04 08:49:41 - [MESSAGE][PASSED] - Text of object 'Object Repository/Pages/Sale/link_MonthYear' is: 'April 2031'&#xD;
&#xD;
2019-11-04 08:49:41 - [MESSAGE][PASSED] - Object: 'Object Repository/Pages/Sale/calender_NextButton' is clicked on&#xD;
&#xD;
2019-11-04 08:49:41 - [MESSAGE][PASSED] - Text of object 'Object Repository/Pages/Sale/link_MonthYear' is: 'May 2031'&#xD;
&#xD;
2019-11-04 08:49:41 - [MESSAGE][PASSED] - Object: 'Object Repository/Pages/Sale/calender_NextButton' is clicked on&#xD;
&#xD;
2019-11-04 08:49:41 - [MESSAGE][PASSED] - Text of object 'Object Repository/Pages/Sale/link_MonthYear' is: 'June 2031'&#xD;
&#xD;
2019-11-04 08:49:42 - [MESSAGE][PASSED] - Object: 'Object Repository/Pages/Sale/calender_NextButton' is clicked on&#xD;
&#xD;
2019-11-04 08:49:42 - [MESSAGE][PASSED] - Text of object 'Object Repository/Pages/Sale/link_MonthYear' is: 'July 2031'&#xD;
&#xD;
2019-11-04 08:49:42 - [MESSAGE][PASSED] - Object: 'Object Repository/Pages/Sale/calender_NextButton' is clicked on&#xD;
&#xD;
2019-11-04 08:49:42 - [MESSAGE][PASSED] - Text of object 'Object Repository/Pages/Sale/link_MonthYear' is: 'August 2031'&#xD;
&#xD;
2019-11-04 08:49:42 - [MESSAGE][PASSED] - Object: 'Object Repository/Pages/Sale/calender_NextButton' is clicked on&#xD;
&#xD;
2019-11-04 08:49:42 - [MESSAGE][PASSED] - Text of object 'Object Repository/Pages/Sale/link_MonthYear' is: 'September 2031'&#xD;
&#xD;
2019-11-04 08:49:42 - [MESSAGE][PASSED] - Object: 'Object Repository/Pages/Sale/calender_NextButton' is clicked on&#xD;
&#xD;
2019-11-04 08:49:42 - [MESSAGE][PASSED] - Text of object 'Object Repository/Pages/Sale/link_MonthYear' is: 'October 2031'&#xD;
&#xD;
2019-11-04 08:49:43 - [MESSAGE][PASSED] - Object: 'Object Repository/Pages/Sale/calender_NextButton' is clicked on&#xD;
&#xD;
2019-11-04 08:49:43 - [MESSAGE][PASSED] - Text of object 'Object Repository/Pages/Sale/link_MonthYear' is: 'November 2031'&#xD;
&#xD;
2019-11-04 08:49:43 - [MESSAGE][PASSED] - Object: 'Object Repository/Pages/Sale/calender_NextButton' is clicked on&#xD;
&#xD;
2019-11-04 08:49:43 - [MESSAGE][PASSED] - Text of object 'Object Repository/Pages/Sale/link_MonthYear' is: 'December 2031'&#xD;
&#xD;
2019-11-04 08:49:43 - [MESSAGE][PASSED] - Object: 'Object Repository/Pages/Sale/calender_NextButton' is clicked on&#xD;
&#xD;
2019-11-04 08:49:43 - [MESSAGE][PASSED] - Text of object 'Object Repository/Pages/Sale/link_MonthYear' is: 'January 2032'&#xD;
&#xD;
2019-11-04 08:49:44 - [MESSAGE][PASSED] - Object: 'Object Repository/Pages/Sale/calender_NextButton' is clicked on&#xD;
&#xD;
2019-11-04 08:49:44 - [MESSAGE][PASSED] - Text of object 'Object Repository/Pages/Sale/link_MonthYear' is: 'February 2032'&#xD;
&#xD;
2019-11-04 08:49:44 - [MESSAGE][PASSED] - Object: 'Object Repository/Pages/Sale/calender_NextButton' is clicked on&#xD;
&#xD;
2019-11-04 08:49:44 - [MESSAGE][PASSED] - Text of object 'Object Repository/Pages/Sale/link_MonthYear' is: 'March 2032'&#xD;
&#xD;
2019-11-04 08:49:44 - [MESSAGE][PASSED] - Object: 'Object Repository/Pages/Sale/calender_NextButton' is clicked on&#xD;
&#xD;
2019-11-04 08:49:44 - [MESSAGE][PASSED] - Text of object 'Object Repository/Pages/Sale/link_MonthYear' is: 'April 2032'&#xD;
&#xD;
2019-11-04 08:49:44 - [MESSAGE][PASSED] - Object: 'Object Repository/Pages/Sale/calender_NextButton' is clicked on&#xD;
&#xD;
2019-11-04 08:49:44 - [MESSAGE][PASSED] - Text of object 'Object Repository/Pages/Sale/link_MonthYear' is: 'May 2032'&#xD;
&#xD;
2019-11-04 08:49:45 - [MESSAGE][PASSED] - Object: 'Object Repository/Pages/Sale/calender_NextButton' is clicked on&#xD;
&#xD;
2019-11-04 08:49:45 - [MESSAGE][PASSED] - Text of object 'Object Repository/Pages/Sale/link_MonthYear' is: 'June 2032'&#xD;
&#xD;
2019-11-04 08:49:45 - [MESSAGE][PASSED] - Object: 'Object Repository/Pages/Sale/calender_NextButton' is clicked on&#xD;
&#xD;
2019-11-04 08:49:45 - [MESSAGE][PASSED] - Text of object 'Object Repository/Pages/Sale/link_MonthYear' is: 'July 2032'&#xD;
&#xD;
2019-11-04 08:49:45 - [MESSAGE][PASSED] - Object: 'Object Repository/Pages/Sale/calender_NextButton' is clicked on&#xD;
&#xD;
2019-11-04 08:49:45 - [MESSAGE][PASSED] - Text of object 'Object Repository/Pages/Sale/link_MonthYear' is: 'August 2032'&#xD;
&#xD;
2019-11-04 08:49:45 - [MESSAGE][PASSED] - Object: 'Object Repository/Pages/Sale/calender_NextButton' is clicked on&#xD;
&#xD;
2019-11-04 08:49:45 - [MESSAGE][PASSED] - Text of object 'Object Repository/Pages/Sale/link_MonthYear' is: 'September 2032'&#xD;
&#xD;
2019-11-04 08:49:45 - [MESSAGE][PASSED] - pages.Sale.selectMonthYear is PASSED&#xD;
&#xD;
2019-11-04 08:49:45 - [TEST_STEP][PASSED] - pages.Sale.selectDate(end_date_Value): pages.Sale.selectDate is PASSED&#xD;
&#xD;
2019-11-04 08:49:46 - [MESSAGE][PASSED] - Object: '' is clicked on&#xD;
&#xD;
2019-11-04 08:49:46 - [MESSAGE][PASSED] - pages.Sale.selectDate is PASSED&#xD;
&#xD;
2019-11-04 08:49:46 - [TEST_STEP][PASSED] - utilities.SafeActions.safeSelectOptionInDropDownByVisibleText(findTestObject("Pages/Sale/dropDown_Frequency_TransactionComplete"), "Weekly", "Select By Value", [PageLoadTime]): utilities.SafeActions.safeSelectOptionInDropDownByVisibleText is PASSED&#xD;
&#xD;
2019-11-04 08:49:46 - [MESSAGE][PASSED] - Object 'Object Repository/Pages/Sale/dropDown_Frequency_TransactionComplete' is visible&#xD;
&#xD;
2019-11-04 08:49:46 - [MESSAGE][PASSED] - Object 'Object Repository/Pages/Sale/dropDown_Frequency_TransactionComplete' is present&#xD;
&#xD;
2019-11-04 08:49:47 - [MESSAGE][PASSED] - Object: 'Object Repository/Pages/Sale/dropDown_Frequency_TransactionComplete' is clicked on&#xD;
&#xD;
2019-11-04 08:49:47 - [MESSAGE][PASSED] - All options with label 'Weekly' are selected in object 'Object Repository/Pages/Sale/dropDown_Frequency_TransactionComplete' &#xD;
&#xD;
2019-11-04 08:49:47 - [MESSAGE][PASSED] - utilities.SafeActions.safeSelectOptionInDropDownByVisibleText is PASSED&#xD;
&#xD;
2019-11-04 08:49:47 - [TEST_STEP][PASSED] - utilities.SafeActions.safeCheckForElement(findTestObject("Pages/Sale/checkBox_Label_EmailReceipt_TransactionComplete"), PageLoadTime): utilities.SafeActions.safeCheckForElement is PASSED&#xD;
&#xD;
2019-11-04 08:49:47 - [MESSAGE][PASSED] - Object 'Object Repository/Pages/Sale/checkBox_Label_EmailReceipt_TransactionComplete' is present&#xD;
&#xD;
2019-11-04 08:49:47 - [MESSAGE][PASSED] - Object 'Object Repository/Pages/Sale/checkBox_Label_EmailReceipt_TransactionComplete' is visible&#xD;
&#xD;
2019-11-04 08:49:47 - [MESSAGE][PASSED] - Object 'Object Repository/Pages/Sale/checkBox_Label_EmailReceipt_TransactionComplete' is present&#xD;
&#xD;
2019-11-04 08:49:48 - [MESSAGE][PASSED] - Object 'Object Repository/Pages/Sale/checkBox_Label_EmailReceipt_TransactionComplete' is checked&#xD;
&#xD;
2019-11-04 08:49:48 - [MESSAGE][PASSED] - utilities.SafeActions.safeCheckForElement is PASSED&#xD;
&#xD;
2019-11-04 08:49:48 - [TEST_STEP][PASSED] - utilities.SafeActions.safeType(findTestObject("Pages/FirstPayVault/textBox_EmailAddress_TransactionComplete"), emailAddress, "Enter EmailAddress into text box", [PageLoadTime]): utilities.SafeActions.safeType is PASSED&#xD;
&#xD;
2019-11-04 08:49:48 - [MESSAGE][PASSED] - Object 'Object Repository/Pages/FirstPayVault/textBox_EmailAddress_TransactionComplete' is present&#xD;
&#xD;
2019-11-04 08:49:48 - [MESSAGE][PASSED] - Object 'Object Repository/Pages/FirstPayVault/textBox_EmailAddress_TransactionComplete' is present&#xD;
&#xD;
2019-11-04 08:49:49 - [MESSAGE][PASSED] - Object: 'Object Repository/Pages/FirstPayVault/textBox_EmailAddress_TransactionComplete' is clicked on&#xD;
&#xD;
2019-11-04 08:49:49 - [MESSAGE][PASSED] - Text 'Venkatasai.Annam@zenq.com' is set on object 'Object Repository/Pages/FirstPayVault/textBox_EmailAddress_TransactionComplete'&#xD;
&#xD;
2019-11-04 08:49:49 - [MESSAGE][PASSED] - utilities.SafeActions.safeType is PASSED&#xD;
&#xD;
2019-11-04 08:49:49 - [TEST_STEP][PASSED] - utilities.SafeActions.safeClickWithoutScroll(findTestObject("Pages/FirstPayVault/button_SaveSetUp"), "Click on Save and Return", [PageLoadTime]): utilities.SafeActions.safeClickWithoutScroll is PASSED&#xD;
&#xD;
2019-11-04 08:49:49 - [MESSAGE][INFO] - Safe Click Without scroll&#xD;
&#xD;
2019-11-04 08:49:49 - [MESSAGE][INFO] - 1stPayVault_TestSuite.ts:waiting until Click on Save and Return is Clickable&#xD;
&#xD;
2019-11-04 08:49:49 - [MESSAGE][PASSED] - Object 'Object Repository/Pages/FirstPayVault/button_SaveSetUp' is clickable&#xD;
&#xD;
2019-11-04 08:49:49 - [MESSAGE][PASSED] - Object 'Object Repository/Pages/FirstPayVault/button_SaveSetUp' is visible&#xD;
&#xD;
2019-11-04 08:49:50 - [MESSAGE][PASSED] - Object: 'Object Repository/Pages/FirstPayVault/button_SaveSetUp' is clicked on&#xD;
&#xD;
2019-11-04 08:49:50 - [MESSAGE][INFO] - 1stPayVault_TestSuite.ts: click on the Click on Save and Return&#xD;
&#xD;
2019-11-04 08:49:50 - [MESSAGE][PASSED] - utilities.SafeActions.safeClickWithoutScroll is PASSED&#xD;
&#xD;
2019-11-04 08:49:50 - [TEST_STEP][PASSED] - delay(2): Delayed 2 second(s)&#xD;
&#xD;
2019-11-04 08:49:52 - [MESSAGE][PASSED] - Delayed 2 second(s)&#xD;
&#xD;
2019-11-04 08:49:52 - [TEST_STEP][PASSED] - popUpMessage = utilities.SafeActions.safeGetText(findTestObject("Pages/FirstPayVault/popupMessage_TransactionComplete"), delayBetweenTestSteps): utilities.SafeActions.safeGetText is PASSED&#xD;
&#xD;
2019-11-04 08:49:52 - [MESSAGE][PASSED] - Object 'Object Repository/Pages/FirstPayVault/popupMessage_TransactionComplete' is present&#xD;
&#xD;
2019-11-04 08:49:52 - [MESSAGE][PASSED] - Scroll to object 'Object Repository/Pages/FirstPayVault/popupMessage_TransactionComplete' successfully&#xD;
&#xD;
2019-11-04 08:49:52 - [MESSAGE][PASSED] - Object 'Object Repository/Pages/FirstPayVault/popupMessage_TransactionComplete' is present&#xD;
&#xD;
2019-11-04 08:49:53 - [MESSAGE][PASSED] - Text of object 'Object Repository/Pages/FirstPayVault/popupMessage_TransactionComplete' is: 'Your Setup has been completed.'&#xD;
&#xD;
2019-11-04 08:49:53 - [MESSAGE][PASSED] - utilities.SafeActions.safeGetText is PASSED&#xD;
&#xD;
2019-11-04 08:49:53 - [TEST_STEP][PASSED] - utilities.SafeActions.verifyPopupMessage("Your Setup has been completed.", popUpMessage): Popup Message : Your Setup has been completed. matched with expected message : Your Setup has been completed.&#xD;
&#xD;
2019-11-04 08:49:53 - [MESSAGE][PASSED] - Popup Message : Your Setup has been completed. matched with expected message : Your Setup has been completed.&#xD;
&#xD;
2019-11-04 08:49:53 - [TEST_STEP][PASSED] - utilities.SafeActions.safeClickWithoutScroll(findTestObject("Pages/FirstPayVault/closeLocatorForDeletePopupMessage"), "Click on Save and Return", [PageLoadTime]): utilities.SafeActions.safeClickWithoutScroll is PASSED&#xD;
&#xD;
2019-11-04 08:49:53 - [MESSAGE][INFO] - Safe Click Without scroll&#xD;
&#xD;
2019-11-04 08:49:53 - [MESSAGE][INFO] - 1stPayVault_TestSuite.ts:waiting until Click on Save and Return is Clickable&#xD;
&#xD;
2019-11-04 08:49:53 - [MESSAGE][PASSED] - Object 'Object Repository/Pages/FirstPayVault/closeLocatorForDeletePopupMessage' is clickable&#xD;
&#xD;
2019-11-04 08:49:53 - [MESSAGE][PASSED] - Object 'Object Repository/Pages/FirstPayVault/closeLocatorForDeletePopupMessage' is visible&#xD;
&#xD;
2019-11-04 08:49:54 - [MESSAGE][PASSED] - Object: 'Object Repository/Pages/FirstPayVault/closeLocatorForDeletePopupMessage' is clicked on&#xD;
&#xD;
2019-11-04 08:49:54 - [MESSAGE][INFO] - 1stPayVault_TestSuite.ts: click on the Click on Save and Return&#xD;
&#xD;
2019-11-04 08:49:54 - [MESSAGE][PASSED] - utilities.SafeActions.safeClickWithoutScroll is PASSED&#xD;
&#xD;
2019-11-04 08:49:54 - [TEST_STEP][PASSED] - utilities.SafeActions.safeClickwithScroll(findTestObject("Pages/FirstPayVault/button_ReturnToSale_InTransactionComplete"), "Click on Save and Return", [PageLoadTime]): utilities.SafeActions.safeClickwithScroll is PASSED&#xD;
&#xD;
2019-11-04 08:49:54 - [MESSAGE][PASSED] - Object 'Object Repository/Pages/FirstPayVault/button_ReturnToSale_InTransactionComplete' is present&#xD;
&#xD;
2019-11-04 08:49:54 - [MESSAGE][PASSED] - Object 'Object Repository/Pages/FirstPayVault/button_ReturnToSale_InTransactionComplete' is visible&#xD;
&#xD;
2019-11-04 08:49:54 - [MESSAGE][INFO] - 1stPayVault_TestSuite.ts:waiting until Click on Save and Return is Clickable&#xD;
&#xD;
2019-11-04 08:49:54 - [MESSAGE][PASSED] - Object 'Object Repository/Pages/FirstPayVault/button_ReturnToSale_InTransactionComplete' is clickable&#xD;
&#xD;
2019-11-04 08:49:54 - [MESSAGE][PASSED] - Object 'Object Repository/Pages/FirstPayVault/button_ReturnToSale_InTransactionComplete' is visible&#xD;
&#xD;
2019-11-04 08:49:55 - [MESSAGE][PASSED] - Object: 'Object Repository/Pages/FirstPayVault/button_ReturnToSale_InTransactionComplete' is clicked on&#xD;
&#xD;
2019-11-04 08:49:55 - [MESSAGE][INFO] - 1stPayVault_TestSuite.ts: Clicked on the Click on Save and Return&#xD;
&#xD;
2019-11-04 08:49:55 - [MESSAGE][PASSED] - utilities.SafeActions.safeClickwithScroll is PASSED&#xD;
&#xD;
2019-11-04 08:49:55 - [TEST_STEP][PASSED] - closeBrowser(): Browser is closed&#xD;
&#xD;
2019-11-04 08:49:57 - [MESSAGE][PASSED] - Browser is closed&#xD;
&#xD;
2019-11-04 08:49:57 - [TEST_STEP][PASSED] - Start listener action : sampleAfterTestCase: null&#xD;
&#xD;
2019-11-04 08:49:57 - [TEST_STEP][PASSED] - println(testCaseContext.getTestCaseId()): null&#xD;
&#xD;
2019-11-04 08:49:57 - [TEST_STEP][PASSED] - println(testCaseContext.getTestCaseStatus()): null&#xD;
&#xD;
2019-11-04 08:49:57 - [TEST_STEP][PASSED] - testCaseName = testCaseContext.getTestCaseId(): null&#xD;
&#xD;
2019-11-04 08:49:57 - [TEST_STEP][PASSED] - strCount = testCaseName.lastIndexOf("/"): null&#xD;
&#xD;
2019-11-04 08:49:57 - [TEST_STEP][PASSED] - testCaseName = testCaseName.substring(strCount): null&#xD;
&#xD;
2019-11-04 08:49:57 - [TEST_STEP][PASSED] - println(testCaseName): null&#xD;
&#xD;
2019-11-04 08:49:57 - [TEST_STEP][PASSED] - if (getTestCaseStatus().equalsIgnoreCase("Error")): null&#xD;
&#xD;
2019-11-04 08:49:57 - [TEST_STEP][PASSED] - Start listener action : sampleAfterTestCase: null</system-out>
            <system-err></system-err>
        </testcase>
        <testcase name="Test Cases/FirstView/FirstPayVault/VPOS_1stPayVault_SetFuturePayment_By_Clicking_MakePayment_On_SearchedVault_Retail" classname="Test Cases/FirstView/FirstPayVault/VPOS_1stPayVault_SetFuturePayment_By_Clicking_MakePayment_On_SearchedVault_Retail" status="PASSED">
            <system-out>2019-11-04 08:49:57 - [TEST_CASE][PASSED] - Test Cases/FirstView/FirstPayVault/VPOS_1stPayVault_SetFuturePayment_By_Clicking_MakePayment_On_SearchedVault_Retail: Test Cases/FirstView/FirstPayVault/VPOS_1stPayVault_SetFuturePayment_By_Clicking_MakePayment_On_SearchedVault_Retail&#xD;
&#xD;
2019-11-04 08:49:58 - [TEST_STEP][PASSED] - Start listener action : sampleBeforeTestCase: null&#xD;
&#xD;
2019-11-04 08:49:58 - [TEST_STEP][PASSED] - println(testCaseContext.getTestCaseId()): null&#xD;
&#xD;
2019-11-04 08:49:58 - [TEST_STEP][PASSED] - println(testCaseContext.getTestCaseVariables()): null&#xD;
&#xD;
2019-11-04 08:49:59 - [TEST_STEP][PASSED] - utilities.SafeActions.openBrowser(URL, [PageLoadTime]): utilities.SafeActions.openBrowser is PASSED&#xD;
&#xD;
2019-11-04 08:49:59 - [MESSAGE][INFO] - Opening Browser&#xD;
&#xD;
2019-11-04 08:49:59 - [MESSAGE][INFO] - Starting 'Firefox' driver&#xD;
&#xD;
2019-11-04 08:50:05 - [MESSAGE][PASSED] - Browser is opened with url: 'https://q-www-firstview-net.faps.net/MVC/Account/Login'&#xD;
&#xD;
2019-11-04 08:50:05 - [MESSAGE][PASSED] - Current window maximized&#xD;
&#xD;
2019-11-04 08:50:05 - [MESSAGE][INFO] - Browser Launched Successfully&#xD;
&#xD;
2019-11-04 08:50:05 - [MESSAGE][PASSED] - utilities.SafeActions.openBrowser is PASSED&#xD;
&#xD;
2019-11-04 08:50:05 - [TEST_STEP][PASSED] - pages.Login.login(uName, password): pages.Login.login is PASSED&#xD;
&#xD;
2019-11-04 08:50:06 - [MESSAGE][PASSED] - Object 'Object Repository/Pages/Login/userName' is present&#xD;
&#xD;
2019-11-04 08:50:06 - [MESSAGE][PASSED] - Object 'Object Repository/Pages/Login/userName' is present&#xD;
&#xD;
2019-11-04 08:50:06 - [MESSAGE][PASSED] - Object: 'Object Repository/Pages/Login/userName' is clicked on&#xD;
&#xD;
2019-11-04 08:50:06 - [MESSAGE][PASSED] - Text 'ZenQRetail' is set on object 'Object Repository/Pages/Login/userName'&#xD;
&#xD;
2019-11-04 08:50:07 - [MESSAGE][PASSED] - Object 'Object Repository/Pages/Login/password' is present&#xD;
&#xD;
2019-11-04 08:50:07 - [MESSAGE][PASSED] - Object 'Object Repository/Pages/Login/password' is present&#xD;
&#xD;
2019-11-04 08:50:07 - [MESSAGE][PASSED] - Object: 'Object Repository/Pages/Login/password' is clicked on&#xD;
&#xD;
2019-11-04 08:50:07 - [MESSAGE][PASSED] - Text 'P@ssword1' is set on object 'Object Repository/Pages/Login/password'&#xD;
&#xD;
2019-11-04 08:50:07 - [MESSAGE][INFO] - Safe Click Without scroll&#xD;
&#xD;
2019-11-04 08:50:07 - [MESSAGE][INFO] - 1stPayVault_TestSuite.ts:waiting until Click on Login is Clickable&#xD;
&#xD;
2019-11-04 08:50:07 - [MESSAGE][PASSED] - Object 'Object Repository/Pages/Login/login' is clickable&#xD;
&#xD;
2019-11-04 08:50:07 - [MESSAGE][PASSED] - Object 'Object Repository/Pages/Login/login' is visible&#xD;
&#xD;
2019-11-04 08:50:10 - [MESSAGE][PASSED] - Object: 'Object Repository/Pages/Login/login' is clicked on&#xD;
&#xD;
2019-11-04 08:50:10 - [MESSAGE][INFO] - 1stPayVault_TestSuite.ts: click on the Click on Login&#xD;
&#xD;
2019-11-04 08:50:10 - [MESSAGE][PASSED] - pages.Login.login is PASSED&#xD;
&#xD;
2019-11-04 08:50:10 - [TEST_STEP][PASSED] - callTestCase(findTestCase("FirstView/Login/TC_SendCode"), [:], STOP_ON_FAILURE): Call Test Case 'Test Cases/FirstView/Login/TC_SendCode' successfully&#xD;
&#xD;
2019-11-04 08:50:10 - [TEST_CASE][PASSED] - Test Cases/FirstView/Login/TC_SendCode: Test Cases/FirstView/Login/TC_SendCode&#xD;
&#xD;
2019-11-04 08:50:10 - [TEST_STEP][PASSED] - flag = pages.SendCode.verifyPage(): pages.SendCode.verifyPage is PASSED&#xD;
&#xD;
2019-11-04 08:50:10 - [MESSAGE][PASSED] - Object 'Object Repository/Pages/SendCodeToValidate/header_SendCodeToValidate' is present and visible in viewport&#xD;
&#xD;
2019-11-04 08:50:10 - [MESSAGE][PASSED] - pages.SendCode.verifyPage is PASSED&#xD;
&#xD;
2019-11-04 08:50:10 - [TEST_STEP][PASSED] - if (flag): pages.SendCode.clickonUserSettings is PASSED&#xD;
&#xD;
2019-11-04 08:50:10 - [TEST_STEP][PASSED] - pages.SendCode.clickonUserSettings(): pages.SendCode.clickonUserSettings is PASSED&#xD;
&#xD;
2019-11-04 08:50:10 - [MESSAGE][PASSED] - Object 'Object Repository/Pages/SendCodeToValidate/link_UserSettings' is present&#xD;
&#xD;
2019-11-04 08:50:10 - [MESSAGE][PASSED] - Object 'Object Repository/Pages/SendCodeToValidate/link_UserSettings' is visible&#xD;
&#xD;
2019-11-04 08:50:10 - [MESSAGE][INFO] - 1stPayVault_TestSuite.ts:waiting until Click on User Settings is Clickable&#xD;
&#xD;
2019-11-04 08:50:10 - [MESSAGE][PASSED] - Object 'Object Repository/Pages/SendCodeToValidate/link_UserSettings' is clickable&#xD;
&#xD;
2019-11-04 08:50:10 - [MESSAGE][PASSED] - Object 'Object Repository/Pages/SendCodeToValidate/link_UserSettings' is visible&#xD;
&#xD;
2019-11-04 08:50:12 - [MESSAGE][PASSED] - Object: 'Object Repository/Pages/SendCodeToValidate/link_UserSettings' is clicked on&#xD;
&#xD;
2019-11-04 08:50:12 - [MESSAGE][INFO] - 1stPayVault_TestSuite.ts: Clicked on the Click on User Settings&#xD;
&#xD;
2019-11-04 08:50:12 - [MESSAGE][PASSED] - pages.SendCode.clickonUserSettings is PASSED&#xD;
&#xD;
2019-11-04 08:50:12 - [MESSAGE][PASSED] - Call Test Case 'Test Cases/FirstView/Login/TC_SendCode' successfully&#xD;
&#xD;
2019-11-04 08:50:12 - [TEST_STEP][PASSED] - callTestCase(findTestCase("FirstView/Login/TC_FirstView"), [:], STOP_ON_FAILURE): Call Test Case 'Test Cases/FirstView/Login/TC_FirstView' successfully&#xD;
&#xD;
2019-11-04 08:50:12 - [TEST_CASE][PASSED] - Test Cases/FirstView/Login/TC_FirstView: Test Cases/FirstView/Login/TC_FirstView&#xD;
&#xD;
2019-11-04 08:50:12 - [TEST_STEP][PASSED] - delay(3): Delayed 3 second(s)&#xD;
&#xD;
2019-11-04 08:50:15 - [MESSAGE][PASSED] - Delayed 3 second(s)&#xD;
&#xD;
2019-11-04 08:50:15 - [TEST_STEP][PASSED] - utilities.SafeActions.javascriptclick(findTestObject("Pages/FirstView/link_Home"), delayForElement): utilities.SafeActions.javascriptclick is PASSED&#xD;
&#xD;
2019-11-04 08:50:15 - [MESSAGE][PASSED] - utilities.SafeActions.javascriptclick is PASSED&#xD;
&#xD;
2019-11-04 08:50:15 - [TEST_STEP][PASSED] - utilities.SafeActions.safeClickWithoutScroll(findTestObject("Pages/FirstView/link_VPOS"), "Click on VPOS button in First View screen", [PageLoadTime]): utilities.SafeActions.safeClickWithoutScroll is PASSED&#xD;
&#xD;
2019-11-04 08:50:15 - [MESSAGE][INFO] - Safe Click Without scroll&#xD;
&#xD;
2019-11-04 08:50:15 - [MESSAGE][INFO] - 1stPayVault_TestSuite.ts:waiting until Click on VPOS button in First View screen is Clickable&#xD;
&#xD;
2019-11-04 08:50:16 - [MESSAGE][PASSED] - Object 'Object Repository/Pages/FirstView/link_VPOS' is clickable&#xD;
&#xD;
2019-11-04 08:50:16 - [MESSAGE][PASSED] - Object 'Object Repository/Pages/FirstView/link_VPOS' is visible&#xD;
&#xD;
2019-11-04 08:50:17 - [MESSAGE][PASSED] - Object: 'Object Repository/Pages/FirstView/link_VPOS' is clicked on&#xD;
&#xD;
2019-11-04 08:50:17 - [MESSAGE][INFO] - 1stPayVault_TestSuite.ts: click on the Click on VPOS button in First View screen&#xD;
&#xD;
2019-11-04 08:50:17 - [MESSAGE][PASSED] - utilities.SafeActions.safeClickWithoutScroll is PASSED&#xD;
&#xD;
2019-11-04 08:50:17 - [MESSAGE][PASSED] - Call Test Case 'Test Cases/FirstView/Login/TC_FirstView' successfully&#xD;
&#xD;
2019-11-04 08:50:17 - [TEST_STEP][PASSED] - switchToWindowTitle("Transcenter - VPOS"): Switched to window with title: 'Transcenter - VPOS'&#xD;
&#xD;
2019-11-04 08:50:19 - [MESSAGE][PASSED] - Switched to window with title: 'Transcenter - VPOS'&#xD;
&#xD;
2019-11-04 08:50:19 - [TEST_STEP][PASSED] - focus(findTestObject("Pages/FirstPayVault/tab_FirstPayVault")): Object: 'Object Repository/Pages/FirstPayVault/tab_FirstPayVault' is focused&#xD;
&#xD;
2019-11-04 08:50:21 - [MESSAGE][PASSED] - Object: 'Object Repository/Pages/FirstPayVault/tab_FirstPayVault' is focused&#xD;
&#xD;
2019-11-04 08:50:21 - [TEST_STEP][PASSED] - utilities.SafeActions.javascriptclick(findTestObject("Pages/FirstPayVault/tab_FirstPayVault"), PageLoadTime): utilities.SafeActions.javascriptclick is PASSED&#xD;
&#xD;
2019-11-04 08:50:21 - [MESSAGE][PASSED] - utilities.SafeActions.javascriptclick is PASSED&#xD;
&#xD;
2019-11-04 08:50:21 - [TEST_STEP][PASSED] - delay(2): Delayed 2 second(s)&#xD;
&#xD;
2019-11-04 08:50:23 - [MESSAGE][PASSED] - Delayed 2 second(s)&#xD;
&#xD;
2019-11-04 08:50:23 - [TEST_STEP][PASSED] - utilities.SafeActions.safeClickWithoutScroll(findTestObject("Pages/FirstPayVault/tab_FirstPayVault"), "Click on FistPayVault tab", [delayForElement]): utilities.SafeActions.safeClickWithoutScroll is PASSED&#xD;
&#xD;
2019-11-04 08:50:23 - [MESSAGE][INFO] - Safe Click Without scroll&#xD;
&#xD;
2019-11-04 08:50:23 - [MESSAGE][INFO] - 1stPayVault_TestSuite.ts:waiting until Click on FistPayVault tab is Clickable&#xD;
&#xD;
2019-11-04 08:50:23 - [MESSAGE][PASSED] - Object 'Object Repository/Pages/FirstPayVault/tab_FirstPayVault' is clickable&#xD;
&#xD;
2019-11-04 08:50:24 - [MESSAGE][PASSED] - Object 'Object Repository/Pages/FirstPayVault/tab_FirstPayVault' is visible&#xD;
&#xD;
2019-11-04 08:50:24 - [MESSAGE][PASSED] - Object: 'Object Repository/Pages/FirstPayVault/tab_FirstPayVault' is clicked on&#xD;
&#xD;
2019-11-04 08:50:24 - [MESSAGE][INFO] - 1stPayVault_TestSuite.ts: click on the Click on FistPayVault tab&#xD;
&#xD;
2019-11-04 08:50:24 - [MESSAGE][PASSED] - utilities.SafeActions.safeClickWithoutScroll is PASSED&#xD;
&#xD;
2019-11-04 08:50:24 - [TEST_STEP][PASSED] - utilities.SafeActions.safeClickWithoutScroll(findTestObject("Pages/FirstPayVault/button_CreateVault"), "Click on CreateVault button", [PageLoadTime]): utilities.SafeActions.safeClickWithoutScroll is PASSED&#xD;
&#xD;
2019-11-04 08:50:24 - [MESSAGE][INFO] - Safe Click Without scroll&#xD;
&#xD;
2019-11-04 08:50:24 - [MESSAGE][INFO] - 1stPayVault_TestSuite.ts:waiting until Click on CreateVault button is Clickable&#xD;
&#xD;
2019-11-04 08:50:24 - [MESSAGE][PASSED] - Object 'Object Repository/Pages/FirstPayVault/button_CreateVault' is clickable&#xD;
&#xD;
2019-11-04 08:50:24 - [MESSAGE][PASSED] - Object 'Object Repository/Pages/FirstPayVault/button_CreateVault' is visible&#xD;
&#xD;
2019-11-04 08:50:25 - [MESSAGE][PASSED] - Object: 'Object Repository/Pages/FirstPayVault/button_CreateVault' is clicked on&#xD;
&#xD;
2019-11-04 08:50:25 - [MESSAGE][INFO] - 1stPayVault_TestSuite.ts: click on the Click on CreateVault button&#xD;
&#xD;
2019-11-04 08:50:25 - [MESSAGE][PASSED] - utilities.SafeActions.safeClickWithoutScroll is PASSED&#xD;
&#xD;
2019-11-04 08:50:25 - [TEST_STEP][PASSED] - scrollToElement(findTestObject("Pages/FirstPayVault/input_VaultReferenceNumber"), PageLoadTime): Scroll to object 'Object Repository/Pages/FirstPayVault/input_VaultReferenceNumber' successfully&#xD;
&#xD;
2019-11-04 08:50:25 - [MESSAGE][PASSED] - Scroll to object 'Object Repository/Pages/FirstPayVault/input_VaultReferenceNumber' successfully&#xD;
&#xD;
2019-11-04 08:50:25 - [TEST_STEP][PASSED] - vaultReference = utilities.SafeActions.timeWithMilliSeconds(): utilities.SafeActions.timeWithMilliSeconds is PASSED&#xD;
&#xD;
2019-11-04 08:50:25 - [MESSAGE][PASSED] - utilities.SafeActions.timeWithMilliSeconds is PASSED&#xD;
&#xD;
2019-11-04 08:50:25 - [TEST_STEP][PASSED] - utilities.SafeActions.safeType(findTestObject("Pages/FirstPayVault/input_VaultReferenceNumber"), vaultReference, "Entering Vault Reference Number", [PageLoadTime]): utilities.SafeActions.safeType is PASSED&#xD;
&#xD;
2019-11-04 08:50:25 - [MESSAGE][PASSED] - Object 'Object Repository/Pages/FirstPayVault/input_VaultReferenceNumber' is present&#xD;
&#xD;
2019-11-04 08:50:25 - [MESSAGE][PASSED] - Object 'Object Repository/Pages/FirstPayVault/input_VaultReferenceNumber' is present&#xD;
&#xD;
2019-11-04 08:50:26 - [MESSAGE][PASSED] - Object: 'Object Repository/Pages/FirstPayVault/input_VaultReferenceNumber' is clicked on&#xD;
&#xD;
2019-11-04 08:50:26 - [MESSAGE][PASSED] - Text '2019-11-04 08:50:25.886' is set on object 'Object Repository/Pages/FirstPayVault/input_VaultReferenceNumber'&#xD;
&#xD;
2019-11-04 08:50:26 - [MESSAGE][PASSED] - utilities.SafeActions.safeType is PASSED&#xD;
&#xD;
2019-11-04 08:50:26 - [TEST_STEP][PASSED] - utilities.SafeActions.safeType(findTestObject("Pages/FirstPayVault/input_CreditCardNumber"), visaCardNumber, "Entering Card Number", [PageLoadTime]): utilities.SafeActions.safeType is PASSED&#xD;
&#xD;
2019-11-04 08:50:27 - [MESSAGE][PASSED] - Object 'Object Repository/Pages/FirstPayVault/input_CreditCardNumber' is present&#xD;
&#xD;
2019-11-04 08:50:27 - [MESSAGE][PASSED] - Object 'Object Repository/Pages/FirstPayVault/input_CreditCardNumber' is present&#xD;
&#xD;
2019-11-04 08:50:27 - [MESSAGE][PASSED] - Object: 'Object Repository/Pages/FirstPayVault/input_CreditCardNumber' is clicked on&#xD;
&#xD;
2019-11-04 08:50:27 - [MESSAGE][PASSED] - Text '4111111111111111' is set on object 'Object Repository/Pages/FirstPayVault/input_CreditCardNumber'&#xD;
&#xD;
2019-11-04 08:50:27 - [MESSAGE][PASSED] - utilities.SafeActions.safeType is PASSED&#xD;
&#xD;
2019-11-04 08:50:27 - [TEST_STEP][PASSED] - delay(2): Delayed 2 second(s)&#xD;
&#xD;
2019-11-04 08:50:29 - [MESSAGE][PASSED] - Delayed 2 second(s)&#xD;
&#xD;
2019-11-04 08:50:29 - [TEST_STEP][PASSED] - utilities.SafeActions.safeSelectOptionInDropDownByVisibleText(findTestObject("Pages/FirstPayVault/dropDown_ExpirationMonth"), cardMonth, "Expiration Month", [PageLoadTime]): utilities.SafeActions.safeSelectOptionInDropDownByVisibleText is PASSED&#xD;
&#xD;
2019-11-04 08:50:30 - [MESSAGE][PASSED] - Object 'Object Repository/Pages/FirstPayVault/dropDown_ExpirationMonth' is visible&#xD;
&#xD;
2019-11-04 08:50:30 - [MESSAGE][PASSED] - Object 'Object Repository/Pages/FirstPayVault/dropDown_ExpirationMonth' is present&#xD;
&#xD;
2019-11-04 08:50:30 - [MESSAGE][PASSED] - Object: 'Object Repository/Pages/FirstPayVault/dropDown_ExpirationMonth' is clicked on&#xD;
&#xD;
2019-11-04 08:50:31 - [MESSAGE][PASSED] - All options with label 'September' are selected in object 'Object Repository/Pages/FirstPayVault/dropDown_ExpirationMonth' &#xD;
&#xD;
2019-11-04 08:50:31 - [MESSAGE][PASSED] - utilities.SafeActions.safeSelectOptionInDropDownByVisibleText is PASSED&#xD;
&#xD;
2019-11-04 08:50:31 - [TEST_STEP][PASSED] - utilities.SafeActions.safeSelectOptionInDropDownByVisibleText(findTestObject("Pages/FirstPayVault/dropDown_ExpirationYear"), cardYear, "year", [PageLoadTime]): utilities.SafeActions.safeSelectOptionInDropDownByVisibleText is PASSED&#xD;
&#xD;
2019-11-04 08:50:31 - [MESSAGE][PASSED] - Object 'Object Repository/Pages/FirstPayVault/dropDown_ExpirationYear' is visible&#xD;
&#xD;
2019-11-04 08:50:31 - [MESSAGE][PASSED] - Object 'Object Repository/Pages/FirstPayVault/dropDown_ExpirationYear' is present&#xD;
&#xD;
2019-11-04 08:50:32 - [MESSAGE][PASSED] - Object: 'Object Repository/Pages/FirstPayVault/dropDown_ExpirationYear' is clicked on&#xD;
&#xD;
2019-11-04 08:50:32 - [MESSAGE][PASSED] - All options with label '2032' are selected in object 'Object Repository/Pages/FirstPayVault/dropDown_ExpirationYear' &#xD;
&#xD;
2019-11-04 08:50:32 - [MESSAGE][PASSED] - utilities.SafeActions.safeSelectOptionInDropDownByVisibleText is PASSED&#xD;
&#xD;
2019-11-04 08:50:32 - [TEST_STEP][PASSED] - delay(2): Delayed 2 second(s)&#xD;
&#xD;
2019-11-04 08:50:34 - [MESSAGE][PASSED] - Delayed 2 second(s)&#xD;
&#xD;
2019-11-04 08:50:34 - [TEST_STEP][PASSED] - utilities.SafeActions.safeType(findTestObject("Pages/FirstPayVault/input_ContactName"), customerName, "Enter Contact Name", [PageLoadTime]): utilities.SafeActions.safeType is PASSED&#xD;
&#xD;
2019-11-04 08:50:34 - [MESSAGE][PASSED] - Object 'Object Repository/Pages/FirstPayVault/input_ContactName' is present&#xD;
&#xD;
2019-11-04 08:50:34 - [MESSAGE][PASSED] - Object 'Object Repository/Pages/FirstPayVault/input_ContactName' is present&#xD;
&#xD;
2019-11-04 08:50:35 - [MESSAGE][PASSED] - Object: 'Object Repository/Pages/FirstPayVault/input_ContactName' is clicked on&#xD;
&#xD;
2019-11-04 08:50:35 - [MESSAGE][PASSED] - Text 'Venkata Sai' is set on object 'Object Repository/Pages/FirstPayVault/input_ContactName'&#xD;
&#xD;
2019-11-04 08:50:35 - [MESSAGE][PASSED] - utilities.SafeActions.safeType is PASSED&#xD;
&#xD;
2019-11-04 08:50:35 - [TEST_STEP][PASSED] - utilities.SafeActions.safeType(findTestObject("Pages/FirstPayVault/input_PostalCode"), postalCode, "Enter Postal Code", [PageLoadTime]): utilities.SafeActions.safeType is PASSED&#xD;
&#xD;
2019-11-04 08:50:35 - [MESSAGE][PASSED] - Object 'Object Repository/Pages/FirstPayVault/input_PostalCode' is present&#xD;
&#xD;
2019-11-04 08:50:35 - [MESSAGE][PASSED] - Object 'Object Repository/Pages/FirstPayVault/input_PostalCode' is present&#xD;
&#xD;
2019-11-04 08:50:36 - [MESSAGE][PASSED] - Object: 'Object Repository/Pages/FirstPayVault/input_PostalCode' is clicked on&#xD;
&#xD;
2019-11-04 08:50:36 - [MESSAGE][PASSED] - Text '76102' is set on object 'Object Repository/Pages/FirstPayVault/input_PostalCode'&#xD;
&#xD;
2019-11-04 08:50:36 - [MESSAGE][PASSED] - utilities.SafeActions.safeType is PASSED&#xD;
&#xD;
2019-11-04 08:50:36 - [TEST_STEP][PASSED] - utilities.SafeActions.safeType(findTestObject("Pages/FirstPayVault/input_Address"), address, "Enter ddress", [PageLoadTime]): utilities.SafeActions.safeType is PASSED&#xD;
&#xD;
2019-11-04 08:50:36 - [MESSAGE][PASSED] - Object 'Object Repository/Pages/FirstPayVault/input_Address' is present&#xD;
&#xD;
2019-11-04 08:50:36 - [MESSAGE][PASSED] - Object 'Object Repository/Pages/FirstPayVault/input_Address' is present&#xD;
&#xD;
2019-11-04 08:50:37 - [MESSAGE][PASSED] - Object: 'Object Repository/Pages/FirstPayVault/input_Address' is clicked on&#xD;
&#xD;
2019-11-04 08:50:37 - [MESSAGE][PASSED] - Text 'Street123' is set on object 'Object Repository/Pages/FirstPayVault/input_Address'&#xD;
&#xD;
2019-11-04 08:50:37 - [MESSAGE][PASSED] - utilities.SafeActions.safeType is PASSED&#xD;
&#xD;
2019-11-04 08:50:37 - [TEST_STEP][PASSED] - utilities.SafeActions.safeCheckForElement(findTestObject("Pages/FirstPayVault/chekBox_AddShippingInformation"), PageLoadTime): utilities.SafeActions.safeCheckForElement is PASSED&#xD;
&#xD;
2019-11-04 08:50:37 - [MESSAGE][PASSED] - Object 'Object Repository/Pages/FirstPayVault/chekBox_AddShippingInformation' is present&#xD;
&#xD;
2019-11-04 08:50:37 - [MESSAGE][PASSED] - Object 'Object Repository/Pages/FirstPayVault/chekBox_AddShippingInformation' is visible&#xD;
&#xD;
2019-11-04 08:50:37 - [MESSAGE][PASSED] - Object 'Object Repository/Pages/FirstPayVault/chekBox_AddShippingInformation' is present&#xD;
&#xD;
2019-11-04 08:50:38 - [MESSAGE][PASSED] - Object 'Object Repository/Pages/FirstPayVault/chekBox_AddShippingInformation' is checked&#xD;
&#xD;
2019-11-04 08:50:38 - [MESSAGE][PASSED] - utilities.SafeActions.safeCheckForElement is PASSED&#xD;
&#xD;
2019-11-04 08:50:38 - [TEST_STEP][PASSED] - utilities.SafeActions.safeType(findTestObject("Pages/FirstPayVault/input_ShippingMethod"), shippingMethod, "Enter Shipping Method", [PageLoadTime]): utilities.SafeActions.safeType is PASSED&#xD;
&#xD;
2019-11-04 08:50:38 - [MESSAGE][PASSED] - Object 'Object Repository/Pages/FirstPayVault/input_ShippingMethod' is present&#xD;
&#xD;
2019-11-04 08:50:38 - [MESSAGE][PASSED] - Object 'Object Repository/Pages/FirstPayVault/input_ShippingMethod' is present&#xD;
&#xD;
2019-11-04 08:50:39 - [MESSAGE][PASSED] - Object: 'Object Repository/Pages/FirstPayVault/input_ShippingMethod' is clicked on&#xD;
&#xD;
2019-11-04 08:50:39 - [MESSAGE][PASSED] - Text 'DTDC' is set on object 'Object Repository/Pages/FirstPayVault/input_ShippingMethod'&#xD;
&#xD;
2019-11-04 08:50:39 - [MESSAGE][PASSED] - utilities.SafeActions.safeType is PASSED&#xD;
&#xD;
2019-11-04 08:50:39 - [TEST_STEP][PASSED] - utilities.SafeActions.safeCheckForElement(findTestObject("Pages/FirstPayVault/checkbox_SameAsBillingInformation"), PageLoadTime): utilities.SafeActions.safeCheckForElement is PASSED&#xD;
&#xD;
2019-11-04 08:50:39 - [MESSAGE][PASSED] - Object 'Object Repository/Pages/FirstPayVault/checkbox_SameAsBillingInformation' is present&#xD;
&#xD;
2019-11-04 08:50:39 - [MESSAGE][PASSED] - Object 'Object Repository/Pages/FirstPayVault/checkbox_SameAsBillingInformation' is visible&#xD;
&#xD;
2019-11-04 08:50:39 - [MESSAGE][PASSED] - Object 'Object Repository/Pages/FirstPayVault/checkbox_SameAsBillingInformation' is present&#xD;
&#xD;
2019-11-04 08:50:40 - [MESSAGE][PASSED] - Object 'Object Repository/Pages/FirstPayVault/checkbox_SameAsBillingInformation' is checked&#xD;
&#xD;
2019-11-04 08:50:40 - [MESSAGE][PASSED] - utilities.SafeActions.safeCheckForElement is PASSED&#xD;
&#xD;
2019-11-04 08:50:40 - [TEST_STEP][PASSED] - utilities.SafeActions.safeClickwithScroll(findTestObject("Pages/FirstPayVault/button_Create"), "Click on Create Button", [PageLoadTime]): utilities.SafeActions.safeClickwithScroll is PASSED&#xD;
&#xD;
2019-11-04 08:50:40 - [MESSAGE][PASSED] - Object 'Object Repository/Pages/FirstPayVault/button_Create' is present&#xD;
&#xD;
2019-11-04 08:50:40 - [MESSAGE][PASSED] - Object 'Object Repository/Pages/FirstPayVault/button_Create' is visible&#xD;
&#xD;
2019-11-04 08:50:40 - [MESSAGE][INFO] - 1stPayVault_TestSuite.ts:waiting until Click on Create Button is Clickable&#xD;
&#xD;
2019-11-04 08:50:40 - [MESSAGE][PASSED] - Object 'Object Repository/Pages/FirstPayVault/button_Create' is clickable&#xD;
&#xD;
2019-11-04 08:50:40 - [MESSAGE][PASSED] - Object 'Object Repository/Pages/FirstPayVault/button_Create' is visible&#xD;
&#xD;
2019-11-04 08:50:41 - [MESSAGE][PASSED] - Object: 'Object Repository/Pages/FirstPayVault/button_Create' is clicked on&#xD;
&#xD;
2019-11-04 08:50:41 - [MESSAGE][INFO] - 1stPayVault_TestSuite.ts: Clicked on the Click on Create Button&#xD;
&#xD;
2019-11-04 08:50:41 - [MESSAGE][PASSED] - utilities.SafeActions.safeClickwithScroll is PASSED&#xD;
&#xD;
2019-11-04 08:50:41 - [TEST_STEP][PASSED] - delay(2): Delayed 2 second(s)&#xD;
&#xD;
2019-11-04 08:50:43 - [MESSAGE][PASSED] - Delayed 2 second(s)&#xD;
&#xD;
2019-11-04 08:50:43 - [TEST_STEP][PASSED] - popupSavedToVaultMessage = utilities.SafeActions.safeGetText(findTestObject("Pages/FirstPayVault/popup_SavedToVaultMessage"), PageLoadTime): utilities.SafeActions.safeGetText is PASSED&#xD;
&#xD;
2019-11-04 08:50:43 - [MESSAGE][PASSED] - Object 'Object Repository/Pages/FirstPayVault/popup_SavedToVaultMessage' is present&#xD;
&#xD;
2019-11-04 08:50:43 - [MESSAGE][PASSED] - Scroll to object 'Object Repository/Pages/FirstPayVault/popup_SavedToVaultMessage' successfully&#xD;
&#xD;
2019-11-04 08:50:43 - [MESSAGE][PASSED] - Object 'Object Repository/Pages/FirstPayVault/popup_SavedToVaultMessage' is present&#xD;
&#xD;
2019-11-04 08:50:44 - [MESSAGE][PASSED] - Text of object 'Object Repository/Pages/FirstPayVault/popup_SavedToVaultMessage' is: 'Successfully Saved to Vault'&#xD;
&#xD;
2019-11-04 08:50:44 - [MESSAGE][PASSED] - utilities.SafeActions.safeGetText is PASSED&#xD;
&#xD;
2019-11-04 08:50:44 - [TEST_STEP][PASSED] - flag = utilities.SafeActions.verifyPopupMessage("Successfully Saved to Vault", popupSavedToVaultMessage): Popup Message : Successfully Saved to Vault matched with expected message : Successfully Saved to Vault&#xD;
&#xD;
2019-11-04 08:50:44 - [MESSAGE][PASSED] - Popup Message : Successfully Saved to Vault matched with expected message : Successfully Saved to Vault&#xD;
&#xD;
2019-11-04 08:50:44 - [TEST_STEP][PASSED] - delay(2): Delayed 2 second(s)&#xD;
&#xD;
2019-11-04 08:50:46 - [MESSAGE][PASSED] - Delayed 2 second(s)&#xD;
&#xD;
2019-11-04 08:50:46 - [TEST_STEP][PASSED] - utilities.SafeActions.safeClickWithoutScroll(findTestObject("Pages/FirstPayVault/button_RunSaleWithThisVault_InPopup"), "Click on Run Sale With This Vault in Popup", [delayBetweenTestSteps]): utilities.SafeActions.safeClickWithoutScroll is PASSED&#xD;
&#xD;
2019-11-04 08:50:46 - [MESSAGE][INFO] - Safe Click Without scroll&#xD;
&#xD;
2019-11-04 08:50:46 - [MESSAGE][INFO] - 1stPayVault_TestSuite.ts:waiting until Click on Run Sale With This Vault in Popup is Clickable&#xD;
&#xD;
2019-11-04 08:50:46 - [MESSAGE][PASSED] - Object 'Object Repository/Pages/FirstPayVault/button_RunSaleWithThisVault_InPopup' is clickable&#xD;
&#xD;
2019-11-04 08:50:46 - [MESSAGE][PASSED] - Object 'Object Repository/Pages/FirstPayVault/button_RunSaleWithThisVault_InPopup' is visible&#xD;
&#xD;
2019-11-04 08:50:47 - [MESSAGE][PASSED] - Object: 'Object Repository/Pages/FirstPayVault/button_RunSaleWithThisVault_InPopup' is clicked on&#xD;
&#xD;
2019-11-04 08:50:47 - [MESSAGE][INFO] - 1stPayVault_TestSuite.ts: click on the Click on Run Sale With This Vault in Popup&#xD;
&#xD;
2019-11-04 08:50:47 - [MESSAGE][PASSED] - utilities.SafeActions.safeClickWithoutScroll is PASSED&#xD;
&#xD;
2019-11-04 08:50:47 - [TEST_STEP][PASSED] - delay(2): Delayed 2 second(s)&#xD;
&#xD;
2019-11-04 08:50:49 - [MESSAGE][PASSED] - Delayed 2 second(s)&#xD;
&#xD;
2019-11-04 08:50:49 - [TEST_STEP][PASSED] - value = utilities.SafeActions.getAttributeValue(findTestObject("Pages/FirstPayVault/tab_1stPayVault_Active"), "1st_PayVault"): The screen is 1st_PayVault screen&#xD;
&#xD;
2019-11-04 08:50:49 - [MESSAGE][PASSED] - Attribute 'class' of object 'Object Repository/Pages/FirstPayVault/tab_1stPayVault_Active' is: 'active_tab tabs__link'&#xD;
&#xD;
2019-11-04 08:50:49 - [MESSAGE][PASSED] - The screen is 1st_PayVault screen&#xD;
&#xD;
2019-11-04 08:50:49 - [TEST_STEP][PASSED] - scrollToElement(findTestObject("Pages/FirstPayVault/input_Amount"), PageLoadTime): Scroll to object 'Object Repository/Pages/FirstPayVault/input_Amount' successfully&#xD;
&#xD;
2019-11-04 08:50:49 - [MESSAGE][PASSED] - Scroll to object 'Object Repository/Pages/FirstPayVault/input_Amount' successfully&#xD;
&#xD;
2019-11-04 08:50:49 - [TEST_STEP][PASSED] - utilities.SafeActions.safeType(findTestObject("Pages/FirstPayVault/input_Amount"), amount, "Enter Amount", [PageLoadTime]): utilities.SafeActions.safeType is PASSED&#xD;
&#xD;
2019-11-04 08:50:49 - [MESSAGE][PASSED] - Object 'Object Repository/Pages/FirstPayVault/input_Amount' is present&#xD;
&#xD;
2019-11-04 08:50:49 - [MESSAGE][PASSED] - Object 'Object Repository/Pages/FirstPayVault/input_Amount' is present&#xD;
&#xD;
2019-11-04 08:50:50 - [MESSAGE][PASSED] - Object: 'Object Repository/Pages/FirstPayVault/input_Amount' is clicked on&#xD;
&#xD;
2019-11-04 08:50:50 - [MESSAGE][PASSED] - Text '450' is set on object 'Object Repository/Pages/FirstPayVault/input_Amount'&#xD;
&#xD;
2019-11-04 08:50:50 - [MESSAGE][PASSED] - utilities.SafeActions.safeType is PASSED&#xD;
&#xD;
2019-11-04 08:50:50 - [TEST_STEP][PASSED] - salesTax = utilities.SafeActions.safeGetText(findTestObject("Pages/FirstPayVault/input_SalesTaxUnderAmount"), delayBetweenTestSteps): utilities.SafeActions.safeGetText is PASSED&#xD;
&#xD;
2019-11-04 08:50:50 - [MESSAGE][PASSED] - Object 'Object Repository/Pages/FirstPayVault/input_SalesTaxUnderAmount' is present&#xD;
&#xD;
2019-11-04 08:50:50 - [MESSAGE][PASSED] - Scroll to object 'Object Repository/Pages/FirstPayVault/input_SalesTaxUnderAmount' successfully&#xD;
&#xD;
2019-11-04 08:50:50 - [MESSAGE][PASSED] - Object 'Object Repository/Pages/FirstPayVault/input_SalesTaxUnderAmount' is present&#xD;
&#xD;
2019-11-04 08:50:51 - [MESSAGE][PASSED] - Text of object 'Object Repository/Pages/FirstPayVault/input_SalesTaxUnderAmount' is: '$37.13'&#xD;
&#xD;
2019-11-04 08:50:51 - [MESSAGE][PASSED] - utilities.SafeActions.safeGetText is PASSED&#xD;
&#xD;
2019-11-04 08:50:51 - [TEST_STEP][PASSED] - pages.FirstPayVault.verifyAmountIsNotZero(salesTax): pages.FirstPayVault.verifyAmountIsNotZero is PASSED&#xD;
&#xD;
2019-11-04 08:50:51 - [MESSAGE][PASSED] - pages.FirstPayVault.verifyAmountIsNotZero is PASSED&#xD;
&#xD;
2019-11-04 08:50:51 - [TEST_STEP][PASSED] - scrollToElement(findTestObject("Pages/FirstPayVault/input_CreditCardNumberForVerification"), delayBetweenTestSteps): Scroll to object 'Object Repository/Pages/FirstPayVault/input_CreditCardNumberForVerification' successfully&#xD;
&#xD;
2019-11-04 08:50:51 - [MESSAGE][PASSED] - Scroll to object 'Object Repository/Pages/FirstPayVault/input_CreditCardNumberForVerification' successfully&#xD;
&#xD;
2019-11-04 08:50:51 - [TEST_STEP][PASSED] - cardNumber = utilities.SafeActions.getAttribute(findTestObject("Pages/FirstPayVault/input_CreditCardNumberForVerification"), "1st Pay Vault"): utilities.SafeActions.getAttribute is PASSED&#xD;
&#xD;
2019-11-04 08:50:51 - [MESSAGE][PASSED] - Attribute 'value' of object 'Object Repository/Pages/FirstPayVault/input_CreditCardNumberForVerification' is: '411111******1111'&#xD;
&#xD;
2019-11-04 08:50:51 - [MESSAGE][PASSED] - utilities.SafeActions.getAttribute is PASSED&#xD;
&#xD;
2019-11-04 08:50:51 - [TEST_STEP][PASSED] - pages.FirstPayVault.verifyCardNumber(cardNumber, visaCardNumber): Actual String : 4111111111111111 matched with Expected message : 411111******1111&#xD;
&#xD;
2019-11-04 08:50:51 - [MESSAGE][PASSED] - Actual String : 4111111111111111 matched with Expected message : 411111******1111&#xD;
&#xD;
2019-11-04 08:50:51 - [TEST_STEP][PASSED] - expirationYear = utilities.SafeActions.getAttribute(findTestObject("Pages/FirstPayVault/dropDownExpirationYearForVerification"), "1st Pay Vault"): utilities.SafeActions.getAttribute is PASSED&#xD;
&#xD;
2019-11-04 08:50:51 - [MESSAGE][PASSED] - Attribute 'value' of object 'Object Repository/Pages/FirstPayVault/dropDownExpirationYearForVerification' is: '2032'&#xD;
&#xD;
2019-11-04 08:50:51 - [MESSAGE][PASSED] - utilities.SafeActions.getAttribute is PASSED&#xD;
&#xD;
2019-11-04 08:50:51 - [TEST_STEP][PASSED] - pages.FirstPayVault.verifyStrings(expirationYear, cardYear): Actual String : 2032 matched with Expected message : 2032&#xD;
&#xD;
2019-11-04 08:50:51 - [MESSAGE][PASSED] - Actual String : 2032 matched with Expected message : 2032&#xD;
&#xD;
2019-11-04 08:50:51 - [TEST_STEP][PASSED] - scrollToElement(findTestObject("Pages/FirstPayVault/input_VerifyCardHolderName"), PageLoadTime): Scroll to object 'Object Repository/Pages/FirstPayVault/input_VerifyCardHolderName' successfully&#xD;
&#xD;
2019-11-04 08:50:51 - [MESSAGE][PASSED] - Scroll to object 'Object Repository/Pages/FirstPayVault/input_VerifyCardHolderName' successfully&#xD;
&#xD;
2019-11-04 08:50:51 - [TEST_STEP][PASSED] - name = utilities.SafeActions.getAttribute(findTestObject("Pages/FirstPayVault/input_VerifyCardHolderName"), "1stPayVault"): utilities.SafeActions.getAttribute is PASSED&#xD;
&#xD;
2019-11-04 08:50:51 - [MESSAGE][PASSED] - Attribute 'value' of object 'Object Repository/Pages/FirstPayVault/input_VerifyCardHolderName' is: 'Venkata Sai'&#xD;
&#xD;
2019-11-04 08:50:51 - [MESSAGE][PASSED] - utilities.SafeActions.getAttribute is PASSED&#xD;
&#xD;
2019-11-04 08:50:51 - [TEST_STEP][PASSED] - pages.FirstPayVault.verifyStrings(name, customerName): Actual String : Venkata Sai matched with Expected message : Venkata Sai&#xD;
&#xD;
2019-11-04 08:50:51 - [MESSAGE][PASSED] - Actual String : Venkata Sai matched with Expected message : Venkata Sai&#xD;
&#xD;
2019-11-04 08:50:51 - [TEST_STEP][PASSED] - scrollToElement(findTestObject("Pages/FirstPayVault/checkbox_TaxExempt"), PageLoadTime): Scroll to object 'Object Repository/Pages/FirstPayVault/checkbox_TaxExempt' successfully&#xD;
&#xD;
2019-11-04 08:50:51 - [MESSAGE][PASSED] - Scroll to object 'Object Repository/Pages/FirstPayVault/checkbox_TaxExempt' successfully&#xD;
&#xD;
2019-11-04 08:50:51 - [TEST_STEP][PASSED] - pages.FirstPayVault.verifyAmountIsNotZero(salesTax): pages.FirstPayVault.verifyAmountIsNotZero is PASSED&#xD;
&#xD;
2019-11-04 08:50:51 - [MESSAGE][PASSED] - pages.FirstPayVault.verifyAmountIsNotZero is PASSED&#xD;
&#xD;
2019-11-04 08:50:51 - [TEST_STEP][PASSED] - utilities.SafeActions.safeCheckForElement(findTestObject("Pages/FirstPayVault/checkbox_TaxExempt"), PageLoadTime): utilities.SafeActions.safeCheckForElement is PASSED&#xD;
&#xD;
2019-11-04 08:50:51 - [MESSAGE][PASSED] - Object 'Object Repository/Pages/FirstPayVault/checkbox_TaxExempt' is present&#xD;
&#xD;
2019-11-04 08:50:51 - [MESSAGE][PASSED] - Object 'Object Repository/Pages/FirstPayVault/checkbox_TaxExempt' is visible&#xD;
&#xD;
2019-11-04 08:50:51 - [MESSAGE][PASSED] - Object 'Object Repository/Pages/FirstPayVault/checkbox_TaxExempt' is present&#xD;
&#xD;
2019-11-04 08:50:52 - [MESSAGE][PASSED] - Object 'Object Repository/Pages/FirstPayVault/checkbox_TaxExempt' is checked&#xD;
&#xD;
2019-11-04 08:50:52 - [MESSAGE][PASSED] - utilities.SafeActions.safeCheckForElement is PASSED&#xD;
&#xD;
2019-11-04 08:50:52 - [TEST_STEP][PASSED] - utilities.SafeActions.safeClickwithScroll(findTestObject("Pages/FirstPayVault/button_Checkout"), "Click on Checkout", [PageLoadTime]): utilities.SafeActions.safeClickwithScroll is PASSED&#xD;
&#xD;
2019-11-04 08:50:52 - [MESSAGE][PASSED] - Object 'Object Repository/Pages/FirstPayVault/button_Checkout' is present&#xD;
&#xD;
2019-11-04 08:50:52 - [MESSAGE][PASSED] - Object 'Object Repository/Pages/FirstPayVault/button_Checkout' is visible&#xD;
&#xD;
2019-11-04 08:50:52 - [MESSAGE][INFO] - 1stPayVault_TestSuite.ts:waiting until Click on Checkout is Clickable&#xD;
&#xD;
2019-11-04 08:50:52 - [MESSAGE][PASSED] - Object 'Object Repository/Pages/FirstPayVault/button_Checkout' is clickable&#xD;
&#xD;
2019-11-04 08:50:52 - [MESSAGE][PASSED] - Object 'Object Repository/Pages/FirstPayVault/button_Checkout' is visible&#xD;
&#xD;
2019-11-04 08:50:53 - [MESSAGE][PASSED] - Object: 'Object Repository/Pages/FirstPayVault/button_Checkout' is clicked on&#xD;
&#xD;
2019-11-04 08:50:53 - [MESSAGE][INFO] - 1stPayVault_TestSuite.ts: Clicked on the Click on Checkout&#xD;
&#xD;
2019-11-04 08:50:53 - [MESSAGE][PASSED] - utilities.SafeActions.safeClickwithScroll is PASSED&#xD;
&#xD;
2019-11-04 08:50:53 - [TEST_STEP][PASSED] - pages.Sale.verifyTransactionCompletePage(findTestObject("Pages/Sale/heading_TransactionComplete")): The screen is Transaction Complete screen&#xD;
&#xD;
2019-11-04 08:50:54 - [MESSAGE][PASSED] - Object 'Object Repository/Pages/Sale/heading_TransactionComplete' is present&#xD;
&#xD;
2019-11-04 08:50:54 - [MESSAGE][PASSED] - The screen is Transaction Complete screen&#xD;
&#xD;
2019-11-04 08:50:54 - [TEST_STEP][PASSED] - delay(2): Delayed 2 second(s)&#xD;
&#xD;
2019-11-04 08:50:56 - [MESSAGE][PASSED] - Delayed 2 second(s)&#xD;
&#xD;
2019-11-04 08:50:56 - [TEST_STEP][PASSED] - utilities.SafeActions.safeClickWithoutScroll(findTestObject("Pages/FirstPayVault/button_ReturnToSale_InTransactionComplete"), "Click On Return Button", [PageLoadTime]): utilities.SafeActions.safeClickWithoutScroll is PASSED&#xD;
&#xD;
2019-11-04 08:50:56 - [MESSAGE][INFO] - Safe Click Without scroll&#xD;
&#xD;
2019-11-04 08:50:56 - [MESSAGE][INFO] - 1stPayVault_TestSuite.ts:waiting until Click On Return Button is Clickable&#xD;
&#xD;
2019-11-04 08:50:56 - [MESSAGE][PASSED] - Object 'Object Repository/Pages/FirstPayVault/button_ReturnToSale_InTransactionComplete' is clickable&#xD;
&#xD;
2019-11-04 08:50:57 - [MESSAGE][PASSED] - Object 'Object Repository/Pages/FirstPayVault/button_ReturnToSale_InTransactionComplete' is visible&#xD;
&#xD;
2019-11-04 08:50:57 - [MESSAGE][PASSED] - Object: 'Object Repository/Pages/FirstPayVault/button_ReturnToSale_InTransactionComplete' is clicked on&#xD;
&#xD;
2019-11-04 08:50:57 - [MESSAGE][INFO] - 1stPayVault_TestSuite.ts: click on the Click On Return Button&#xD;
&#xD;
2019-11-04 08:50:57 - [MESSAGE][PASSED] - utilities.SafeActions.safeClickWithoutScroll is PASSED&#xD;
&#xD;
2019-11-04 08:50:57 - [TEST_STEP][PASSED] - utilities.SafeActions.safeClickWithoutScroll(findTestObject("Pages/FirstPayVault/tab_FirstPayVault"), "Click on FirstPayVault tab", [PageLoadTime]): utilities.SafeActions.safeClickWithoutScroll is PASSED&#xD;
&#xD;
2019-11-04 08:50:57 - [MESSAGE][INFO] - Safe Click Without scroll&#xD;
&#xD;
2019-11-04 08:50:57 - [MESSAGE][INFO] - 1stPayVault_TestSuite.ts:waiting until Click on FirstPayVault tab is Clickable&#xD;
&#xD;
2019-11-04 08:50:57 - [MESSAGE][PASSED] - Object 'Object Repository/Pages/FirstPayVault/tab_FirstPayVault' is clickable&#xD;
&#xD;
2019-11-04 08:50:58 - [MESSAGE][PASSED] - Object 'Object Repository/Pages/FirstPayVault/tab_FirstPayVault' is visible&#xD;
&#xD;
2019-11-04 08:50:58 - [MESSAGE][PASSED] - Object: 'Object Repository/Pages/FirstPayVault/tab_FirstPayVault' is clicked on&#xD;
&#xD;
2019-11-04 08:50:58 - [MESSAGE][INFO] - 1stPayVault_TestSuite.ts: click on the Click on FirstPayVault tab&#xD;
&#xD;
2019-11-04 08:50:58 - [MESSAGE][PASSED] - utilities.SafeActions.safeClickWithoutScroll is PASSED&#xD;
&#xD;
2019-11-04 08:50:58 - [TEST_STEP][PASSED] - utilities.SafeActions.safeClickwithScroll(findTestObject("Pages/FirstPayVault/button_SearchVault"), "Click on Search Vault", [PageLoadTime]): utilities.SafeActions.safeClickwithScroll is PASSED&#xD;
&#xD;
2019-11-04 08:50:58 - [MESSAGE][PASSED] - Object 'Object Repository/Pages/FirstPayVault/button_SearchVault' is present&#xD;
&#xD;
2019-11-04 08:50:58 - [MESSAGE][PASSED] - Object 'Object Repository/Pages/FirstPayVault/button_SearchVault' is visible&#xD;
&#xD;
2019-11-04 08:50:58 - [MESSAGE][INFO] - 1stPayVault_TestSuite.ts:waiting until Click on Search Vault is Clickable&#xD;
&#xD;
2019-11-04 08:50:59 - [MESSAGE][PASSED] - Object 'Object Repository/Pages/FirstPayVault/button_SearchVault' is clickable&#xD;
&#xD;
2019-11-04 08:50:59 - [MESSAGE][PASSED] - Object 'Object Repository/Pages/FirstPayVault/button_SearchVault' is visible&#xD;
&#xD;
2019-11-04 08:50:59 - [MESSAGE][PASSED] - Object: 'Object Repository/Pages/FirstPayVault/button_SearchVault' is clicked on&#xD;
&#xD;
2019-11-04 08:50:59 - [MESSAGE][INFO] - 1stPayVault_TestSuite.ts: Clicked on the Click on Search Vault&#xD;
&#xD;
2019-11-04 08:50:59 - [MESSAGE][PASSED] - utilities.SafeActions.safeClickwithScroll is PASSED&#xD;
&#xD;
2019-11-04 08:50:59 - [TEST_STEP][PASSED] - utilities.SafeActions.safeClickWithoutScroll(findTestObject("Pages/FirstPayVault/button_Search"), "Click On Search button", [PageLoadTime]): utilities.SafeActions.safeClickWithoutScroll is PASSED&#xD;
&#xD;
2019-11-04 08:50:59 - [MESSAGE][INFO] - Safe Click Without scroll&#xD;
&#xD;
2019-11-04 08:50:59 - [MESSAGE][INFO] - 1stPayVault_TestSuite.ts:waiting until Click On Search button is Clickable&#xD;
&#xD;
2019-11-04 08:51:00 - [MESSAGE][PASSED] - Object 'Object Repository/Pages/FirstPayVault/button_Search' is clickable&#xD;
&#xD;
2019-11-04 08:51:00 - [MESSAGE][PASSED] - Object 'Object Repository/Pages/FirstPayVault/button_Search' is visible&#xD;
&#xD;
2019-11-04 08:51:00 - [MESSAGE][PASSED] - Object: 'Object Repository/Pages/FirstPayVault/button_Search' is clicked on&#xD;
&#xD;
2019-11-04 08:51:00 - [MESSAGE][INFO] - 1stPayVault_TestSuite.ts: click on the Click On Search button&#xD;
&#xD;
2019-11-04 08:51:00 - [MESSAGE][PASSED] - utilities.SafeActions.safeClickWithoutScroll is PASSED&#xD;
&#xD;
2019-11-04 08:51:00 - [TEST_STEP][PASSED] - scrollToElement(findTestObject("Pages/Transaction_Management/invoice_ForTransaction"), PageLoadTime): Scroll to object 'Object Repository/Pages/Transaction_Management/invoice_ForTransaction' successfully&#xD;
&#xD;
2019-11-04 08:51:07 - [MESSAGE][PASSED] - Scroll to object 'Object Repository/Pages/Transaction_Management/invoice_ForTransaction' successfully&#xD;
&#xD;
2019-11-04 08:51:07 - [TEST_STEP][PASSED] - pages.FirstPayVault.verifyInvoiceRecord(findTestObject("Pages/FirstPayVault/footer_NextButton"), findTestObject("Pages/FirstPayVault/page_Number"), vaultReference): The Vault is found in page 1&#xD;
&#xD;
2019-11-04 08:51:07 - [MESSAGE][PASSED] - Text of object 'Object Repository/Pages/FirstPayVault/page_Number' is: 'Page 1 of 46'&#xD;
&#xD;
2019-11-04 08:51:07 - [MESSAGE][PASSED] - The Vault is found in page 1&#xD;
&#xD;
2019-11-04 08:51:08 - [TEST_STEP][PASSED] - delay(2): Delayed 2 second(s)&#xD;
&#xD;
2019-11-04 08:51:10 - [MESSAGE][PASSED] - Delayed 2 second(s)&#xD;
&#xD;
2019-11-04 08:51:10 - [TEST_STEP][PASSED] - pages.FirstPayVault.clickOnMakeAPayment(findTestObject("Pages/FirstPayVault/footer_NextButton"), findTestObject("Pages/FirstPayVault/page_Number"), vaultReference): Delayed 6 second(s)&#xD;
&#xD;
2019-11-04 08:51:10 - [MESSAGE][PASSED] - Text of object 'Object Repository/Pages/FirstPayVault/page_Number' is: 'Page 1 of 46'&#xD;
&#xD;
2019-11-04 08:51:10 - [MESSAGE][PASSED] - The Vault is found in page 1&#xD;
&#xD;
2019-11-04 08:51:16 - [MESSAGE][PASSED] - Delayed 6 second(s)&#xD;
&#xD;
2019-11-04 08:51:17 - [TEST_STEP][PASSED] - scrollToElement(findTestObject("Pages/FirstPayVault/input_Amount"), delayBetweenTestSteps): Scroll to object 'Object Repository/Pages/FirstPayVault/input_Amount' successfully&#xD;
&#xD;
2019-11-04 08:51:17 - [MESSAGE][PASSED] - Scroll to object 'Object Repository/Pages/FirstPayVault/input_Amount' successfully&#xD;
&#xD;
2019-11-04 08:51:17 - [TEST_STEP][PASSED] - utilities.SafeActions.safeType(findTestObject("Pages/FirstPayVault/input_Amount"), amount, "Enter Amount", [PageLoadTime]): utilities.SafeActions.safeType is PASSED&#xD;
&#xD;
2019-11-04 08:51:17 - [MESSAGE][PASSED] - Object 'Object Repository/Pages/FirstPayVault/input_Amount' is present&#xD;
&#xD;
2019-11-04 08:51:18 - [MESSAGE][PASSED] - Object 'Object Repository/Pages/FirstPayVault/input_Amount' is present&#xD;
&#xD;
2019-11-04 08:51:18 - [MESSAGE][PASSED] - Object: 'Object Repository/Pages/FirstPayVault/input_Amount' is clicked on&#xD;
&#xD;
2019-11-04 08:51:19 - [MESSAGE][PASSED] - Text '450' is set on object 'Object Repository/Pages/FirstPayVault/input_Amount'&#xD;
&#xD;
2019-11-04 08:51:19 - [MESSAGE][PASSED] - utilities.SafeActions.safeType is PASSED&#xD;
&#xD;
2019-11-04 08:51:19 - [TEST_STEP][PASSED] - scrollToElement(findTestObject("Pages/FirstPayVault/checkBox_SetAsFuturePayment"), delayBetweenTestSteps): Scroll to object 'Object Repository/Pages/FirstPayVault/checkBox_SetAsFuturePayment' successfully&#xD;
&#xD;
2019-11-04 08:51:19 - [MESSAGE][PASSED] - Scroll to object 'Object Repository/Pages/FirstPayVault/checkBox_SetAsFuturePayment' successfully&#xD;
&#xD;
2019-11-04 08:51:19 - [TEST_STEP][PASSED] - utilities.SafeActions.safeCheckForElement(findTestObject("Pages/FirstPayVault/checkBox_SetAsFuturePayment"), delayBetweenTestSteps): utilities.SafeActions.safeCheckForElement is PASSED&#xD;
&#xD;
2019-11-04 08:51:19 - [MESSAGE][PASSED] - Object 'Object Repository/Pages/FirstPayVault/checkBox_SetAsFuturePayment' is present&#xD;
&#xD;
2019-11-04 08:51:19 - [MESSAGE][PASSED] - Object 'Object Repository/Pages/FirstPayVault/checkBox_SetAsFuturePayment' is visible&#xD;
&#xD;
2019-11-04 08:51:19 - [MESSAGE][PASSED] - Object 'Object Repository/Pages/FirstPayVault/checkBox_SetAsFuturePayment' is present&#xD;
&#xD;
2019-11-04 08:51:20 - [MESSAGE][PASSED] - Object 'Object Repository/Pages/FirstPayVault/checkBox_SetAsFuturePayment' is checked&#xD;
&#xD;
2019-11-04 08:51:20 - [MESSAGE][PASSED] - utilities.SafeActions.safeCheckForElement is PASSED&#xD;
&#xD;
2019-11-04 08:51:20 - [TEST_STEP][PASSED] - utilities.SafeActions.safeClickWithoutScroll(findTestObject("Pages/FirstPayVault/date_FuturePayment"), "Click on FuturePayment Date", [delayForElement]): utilities.SafeActions.safeClickWithoutScroll is PASSED&#xD;
&#xD;
2019-11-04 08:51:20 - [MESSAGE][INFO] - Safe Click Without scroll&#xD;
&#xD;
2019-11-04 08:51:20 - [MESSAGE][INFO] - 1stPayVault_TestSuite.ts:waiting until Click on FuturePayment Date is Clickable&#xD;
&#xD;
2019-11-04 08:51:20 - [MESSAGE][PASSED] - Object 'Object Repository/Pages/FirstPayVault/date_FuturePayment' is clickable&#xD;
&#xD;
2019-11-04 08:51:20 - [MESSAGE][PASSED] - Object 'Object Repository/Pages/FirstPayVault/date_FuturePayment' is visible&#xD;
&#xD;
2019-11-04 08:51:21 - [MESSAGE][PASSED] - Object: 'Object Repository/Pages/FirstPayVault/date_FuturePayment' is clicked on&#xD;
&#xD;
2019-11-04 08:51:21 - [MESSAGE][INFO] - 1stPayVault_TestSuite.ts: click on the Click on FuturePayment Date&#xD;
&#xD;
2019-11-04 08:51:21 - [MESSAGE][PASSED] - utilities.SafeActions.safeClickWithoutScroll is PASSED&#xD;
&#xD;
2019-11-04 08:51:21 - [TEST_STEP][PASSED] - pages.Sale.selectMonthYear(findTestObject("Pages/Sale/link_MonthYear"), findTestObject("Pages/Sale/calender_NextButton"), cardMonth, cardYear): pages.Sale.selectMonthYear is PASSED&#xD;
&#xD;
2019-11-04 08:51:21 - [MESSAGE][PASSED] - Text of object 'Object Repository/Pages/Sale/link_MonthYear' is: 'November 2019'&#xD;
&#xD;
2019-11-04 08:51:21 - [MESSAGE][PASSED] - Object: 'Object Repository/Pages/Sale/calender_NextButton' is clicked on&#xD;
&#xD;
2019-11-04 08:51:21 - [MESSAGE][PASSED] - Text of object 'Object Repository/Pages/Sale/link_MonthYear' is: 'December 2019'&#xD;
&#xD;
2019-11-04 08:51:21 - [MESSAGE][PASSED] - Object: 'Object Repository/Pages/Sale/calender_NextButton' is clicked on&#xD;
&#xD;
2019-11-04 08:51:21 - [MESSAGE][PASSED] - Text of object 'Object Repository/Pages/Sale/link_MonthYear' is: 'January 2020'&#xD;
&#xD;
2019-11-04 08:51:22 - [MESSAGE][PASSED] - Object: 'Object Repository/Pages/Sale/calender_NextButton' is clicked on&#xD;
&#xD;
2019-11-04 08:51:22 - [MESSAGE][PASSED] - Text of object 'Object Repository/Pages/Sale/link_MonthYear' is: 'February 2020'&#xD;
&#xD;
2019-11-04 08:51:22 - [MESSAGE][PASSED] - Object: 'Object Repository/Pages/Sale/calender_NextButton' is clicked on&#xD;
&#xD;
2019-11-04 08:51:22 - [MESSAGE][PASSED] - Text of object 'Object Repository/Pages/Sale/link_MonthYear' is: 'March 2020'&#xD;
&#xD;
2019-11-04 08:51:22 - [MESSAGE][PASSED] - Object: 'Object Repository/Pages/Sale/calender_NextButton' is clicked on&#xD;
&#xD;
2019-11-04 08:51:22 - [MESSAGE][PASSED] - Text of object 'Object Repository/Pages/Sale/link_MonthYear' is: 'April 2020'&#xD;
&#xD;
2019-11-04 08:51:23 - [MESSAGE][PASSED] - Object: 'Object Repository/Pages/Sale/calender_NextButton' is clicked on&#xD;
&#xD;
2019-11-04 08:51:23 - [MESSAGE][PASSED] - Text of object 'Object Repository/Pages/Sale/link_MonthYear' is: 'May 2020'&#xD;
&#xD;
2019-11-04 08:51:23 - [MESSAGE][PASSED] - Object: 'Object Repository/Pages/Sale/calender_NextButton' is clicked on&#xD;
&#xD;
2019-11-04 08:51:23 - [MESSAGE][PASSED] - Text of object 'Object Repository/Pages/Sale/link_MonthYear' is: 'June 2020'&#xD;
&#xD;
2019-11-04 08:51:23 - [MESSAGE][PASSED] - Object: 'Object Repository/Pages/Sale/calender_NextButton' is clicked on&#xD;
&#xD;
2019-11-04 08:51:23 - [MESSAGE][PASSED] - Text of object 'Object Repository/Pages/Sale/link_MonthYear' is: 'July 2020'&#xD;
&#xD;
2019-11-04 08:51:24 - [MESSAGE][PASSED] - Object: 'Object Repository/Pages/Sale/calender_NextButton' is clicked on&#xD;
&#xD;
2019-11-04 08:51:24 - [MESSAGE][PASSED] - Text of object 'Object Repository/Pages/Sale/link_MonthYear' is: 'August 2020'&#xD;
&#xD;
2019-11-04 08:51:24 - [MESSAGE][PASSED] - Object: 'Object Repository/Pages/Sale/calender_NextButton' is clicked on&#xD;
&#xD;
2019-11-04 08:51:24 - [MESSAGE][PASSED] - Text of object 'Object Repository/Pages/Sale/link_MonthYear' is: 'September 2020'&#xD;
&#xD;
2019-11-04 08:51:24 - [MESSAGE][PASSED] - Object: 'Object Repository/Pages/Sale/calender_NextButton' is clicked on&#xD;
&#xD;
2019-11-04 08:51:24 - [MESSAGE][PASSED] - Text of object 'Object Repository/Pages/Sale/link_MonthYear' is: 'October 2020'&#xD;
&#xD;
2019-11-04 08:51:24 - [MESSAGE][PASSED] - Object: 'Object Repository/Pages/Sale/calender_NextButton' is clicked on&#xD;
&#xD;
2019-11-04 08:51:24 - [MESSAGE][PASSED] - Text of object 'Object Repository/Pages/Sale/link_MonthYear' is: 'November 2020'&#xD;
&#xD;
2019-11-04 08:51:25 - [MESSAGE][PASSED] - Object: 'Object Repository/Pages/Sale/calender_NextButton' is clicked on&#xD;
&#xD;
2019-11-04 08:51:25 - [MESSAGE][PASSED] - Text of object 'Object Repository/Pages/Sale/link_MonthYear' is: 'December 2020'&#xD;
&#xD;
2019-11-04 08:51:25 - [MESSAGE][PASSED] - Object: 'Object Repository/Pages/Sale/calender_NextButton' is clicked on&#xD;
&#xD;
2019-11-04 08:51:25 - [MESSAGE][PASSED] - Text of object 'Object Repository/Pages/Sale/link_MonthYear' is: 'January 2021'&#xD;
&#xD;
2019-11-04 08:51:25 - [MESSAGE][PASSED] - Object: 'Object Repository/Pages/Sale/calender_NextButton' is clicked on&#xD;
&#xD;
2019-11-04 08:51:25 - [MESSAGE][PASSED] - Text of object 'Object Repository/Pages/Sale/link_MonthYear' is: 'February 2021'&#xD;
&#xD;
2019-11-04 08:51:25 - [MESSAGE][PASSED] - Object: 'Object Repository/Pages/Sale/calender_NextButton' is clicked on&#xD;
&#xD;
2019-11-04 08:51:26 - [MESSAGE][PASSED] - Text of object 'Object Repository/Pages/Sale/link_MonthYear' is: 'March 2021'&#xD;
&#xD;
2019-11-04 08:51:26 - [MESSAGE][PASSED] - Object: 'Object Repository/Pages/Sale/calender_NextButton' is clicked on&#xD;
&#xD;
2019-11-04 08:51:26 - [MESSAGE][PASSED] - Text of object 'Object Repository/Pages/Sale/link_MonthYear' is: 'April 2021'&#xD;
&#xD;
2019-11-04 08:51:26 - [MESSAGE][PASSED] - Object: 'Object Repository/Pages/Sale/calender_NextButton' is clicked on&#xD;
&#xD;
2019-11-04 08:51:26 - [MESSAGE][PASSED] - Text of object 'Object Repository/Pages/Sale/link_MonthYear' is: 'May 2021'&#xD;
&#xD;
2019-11-04 08:51:26 - [MESSAGE][PASSED] - Object: 'Object Repository/Pages/Sale/calender_NextButton' is clicked on&#xD;
&#xD;
2019-11-04 08:51:26 - [MESSAGE][PASSED] - Text of object 'Object Repository/Pages/Sale/link_MonthYear' is: 'June 2021'&#xD;
&#xD;
2019-11-04 08:51:27 - [MESSAGE][PASSED] - Object: 'Object Repository/Pages/Sale/calender_NextButton' is clicked on&#xD;
&#xD;
2019-11-04 08:51:27 - [MESSAGE][PASSED] - Text of object 'Object Repository/Pages/Sale/link_MonthYear' is: 'July 2021'&#xD;
&#xD;
2019-11-04 08:51:27 - [MESSAGE][PASSED] - Object: 'Object Repository/Pages/Sale/calender_NextButton' is clicked on&#xD;
&#xD;
2019-11-04 08:51:27 - [MESSAGE][PASSED] - Text of object 'Object Repository/Pages/Sale/link_MonthYear' is: 'August 2021'&#xD;
&#xD;
2019-11-04 08:51:27 - [MESSAGE][PASSED] - Object: 'Object Repository/Pages/Sale/calender_NextButton' is clicked on&#xD;
&#xD;
2019-11-04 08:51:27 - [MESSAGE][PASSED] - Text of object 'Object Repository/Pages/Sale/link_MonthYear' is: 'September 2021'&#xD;
&#xD;
2019-11-04 08:51:27 - [MESSAGE][PASSED] - Object: 'Object Repository/Pages/Sale/calender_NextButton' is clicked on&#xD;
&#xD;
2019-11-04 08:51:27 - [MESSAGE][PASSED] - Text of object 'Object Repository/Pages/Sale/link_MonthYear' is: 'October 2021'&#xD;
&#xD;
2019-11-04 08:51:28 - [MESSAGE][PASSED] - Object: 'Object Repository/Pages/Sale/calender_NextButton' is clicked on&#xD;
&#xD;
2019-11-04 08:51:28 - [MESSAGE][PASSED] - Text of object 'Object Repository/Pages/Sale/link_MonthYear' is: 'November 2021'&#xD;
&#xD;
2019-11-04 08:51:28 - [MESSAGE][PASSED] - Object: 'Object Repository/Pages/Sale/calender_NextButton' is clicked on&#xD;
&#xD;
2019-11-04 08:51:28 - [MESSAGE][PASSED] - Text of object 'Object Repository/Pages/Sale/link_MonthYear' is: 'December 2021'&#xD;
&#xD;
2019-11-04 08:51:28 - [MESSAGE][PASSED] - Object: 'Object Repository/Pages/Sale/calender_NextButton' is clicked on&#xD;
&#xD;
2019-11-04 08:51:28 - [MESSAGE][PASSED] - Text of object 'Object Repository/Pages/Sale/link_MonthYear' is: 'January 2022'&#xD;
&#xD;
2019-11-04 08:51:29 - [MESSAGE][PASSED] - Object: 'Object Repository/Pages/Sale/calender_NextButton' is clicked on&#xD;
&#xD;
2019-11-04 08:51:29 - [MESSAGE][PASSED] - Text of object 'Object Repository/Pages/Sale/link_MonthYear' is: 'February 2022'&#xD;
&#xD;
2019-11-04 08:51:29 - [MESSAGE][PASSED] - Object: 'Object Repository/Pages/Sale/calender_NextButton' is clicked on&#xD;
&#xD;
2019-11-04 08:51:29 - [MESSAGE][PASSED] - Text of object 'Object Repository/Pages/Sale/link_MonthYear' is: 'March 2022'&#xD;
&#xD;
2019-11-04 08:51:29 - [MESSAGE][PASSED] - Object: 'Object Repository/Pages/Sale/calender_NextButton' is clicked on&#xD;
&#xD;
2019-11-04 08:51:29 - [MESSAGE][PASSED] - Text of object 'Object Repository/Pages/Sale/link_MonthYear' is: 'April 2022'&#xD;
&#xD;
2019-11-04 08:51:29 - [MESSAGE][PASSED] - Object: 'Object Repository/Pages/Sale/calender_NextButton' is clicked on&#xD;
&#xD;
2019-11-04 08:51:29 - [MESSAGE][PASSED] - Text of object 'Object Repository/Pages/Sale/link_MonthYear' is: 'May 2022'&#xD;
&#xD;
2019-11-04 08:51:30 - [MESSAGE][PASSED] - Object: 'Object Repository/Pages/Sale/calender_NextButton' is clicked on&#xD;
&#xD;
2019-11-04 08:51:30 - [MESSAGE][PASSED] - Text of object 'Object Repository/Pages/Sale/link_MonthYear' is: 'June 2022'&#xD;
&#xD;
2019-11-04 08:51:30 - [MESSAGE][PASSED] - Object: 'Object Repository/Pages/Sale/calender_NextButton' is clicked on&#xD;
&#xD;
2019-11-04 08:51:30 - [MESSAGE][PASSED] - Text of object 'Object Repository/Pages/Sale/link_MonthYear' is: 'July 2022'&#xD;
&#xD;
2019-11-04 08:51:30 - [MESSAGE][PASSED] - Object: 'Object Repository/Pages/Sale/calender_NextButton' is clicked on&#xD;
&#xD;
2019-11-04 08:51:30 - [MESSAGE][PASSED] - Text of object 'Object Repository/Pages/Sale/link_MonthYear' is: 'August 2022'&#xD;
&#xD;
2019-11-04 08:51:30 - [MESSAGE][PASSED] - Object: 'Object Repository/Pages/Sale/calender_NextButton' is clicked on&#xD;
&#xD;
2019-11-04 08:51:31 - [MESSAGE][PASSED] - Text of object 'Object Repository/Pages/Sale/link_MonthYear' is: 'September 2022'&#xD;
&#xD;
2019-11-04 08:51:31 - [MESSAGE][PASSED] - Object: 'Object Repository/Pages/Sale/calender_NextButton' is clicked on&#xD;
&#xD;
2019-11-04 08:51:31 - [MESSAGE][PASSED] - Text of object 'Object Repository/Pages/Sale/link_MonthYear' is: 'October 2022'&#xD;
&#xD;
2019-11-04 08:51:31 - [MESSAGE][PASSED] - Object: 'Object Repository/Pages/Sale/calender_NextButton' is clicked on&#xD;
&#xD;
2019-11-04 08:51:31 - [MESSAGE][PASSED] - Text of object 'Object Repository/Pages/Sale/link_MonthYear' is: 'November 2022'&#xD;
&#xD;
2019-11-04 08:51:31 - [MESSAGE][PASSED] - Object: 'Object Repository/Pages/Sale/calender_NextButton' is clicked on&#xD;
&#xD;
2019-11-04 08:51:31 - [MESSAGE][PASSED] - Text of object 'Object Repository/Pages/Sale/link_MonthYear' is: 'December 2022'&#xD;
&#xD;
2019-11-04 08:51:32 - [MESSAGE][PASSED] - Object: 'Object Repository/Pages/Sale/calender_NextButton' is clicked on&#xD;
&#xD;
2019-11-04 08:51:32 - [MESSAGE][PASSED] - Text of object 'Object Repository/Pages/Sale/link_MonthYear' is: 'January 2023'&#xD;
&#xD;
2019-11-04 08:51:32 - [MESSAGE][PASSED] - Object: 'Object Repository/Pages/Sale/calender_NextButton' is clicked on&#xD;
&#xD;
2019-11-04 08:51:32 - [MESSAGE][PASSED] - Text of object 'Object Repository/Pages/Sale/link_MonthYear' is: 'February 2023'&#xD;
&#xD;
2019-11-04 08:51:32 - [MESSAGE][PASSED] - Object: 'Object Repository/Pages/Sale/calender_NextButton' is clicked on&#xD;
&#xD;
2019-11-04 08:51:32 - [MESSAGE][PASSED] - Text of object 'Object Repository/Pages/Sale/link_MonthYear' is: 'March 2023'&#xD;
&#xD;
2019-11-04 08:51:33 - [MESSAGE][PASSED] - Object: 'Object Repository/Pages/Sale/calender_NextButton' is clicked on&#xD;
&#xD;
2019-11-04 08:51:33 - [MESSAGE][PASSED] - Text of object 'Object Repository/Pages/Sale/link_MonthYear' is: 'April 2023'&#xD;
&#xD;
2019-11-04 08:51:33 - [MESSAGE][PASSED] - Object: 'Object Repository/Pages/Sale/calender_NextButton' is clicked on&#xD;
&#xD;
2019-11-04 08:51:33 - [MESSAGE][PASSED] - Text of object 'Object Repository/Pages/Sale/link_MonthYear' is: 'May 2023'&#xD;
&#xD;
2019-11-04 08:51:33 - [MESSAGE][PASSED] - Object: 'Object Repository/Pages/Sale/calender_NextButton' is clicked on&#xD;
&#xD;
2019-11-04 08:51:33 - [MESSAGE][PASSED] - Text of object 'Object Repository/Pages/Sale/link_MonthYear' is: 'June 2023'&#xD;
&#xD;
2019-11-04 08:51:33 - [MESSAGE][PASSED] - Object: 'Object Repository/Pages/Sale/calender_NextButton' is clicked on&#xD;
&#xD;
2019-11-04 08:51:33 - [MESSAGE][PASSED] - Text of object 'Object Repository/Pages/Sale/link_MonthYear' is: 'July 2023'&#xD;
&#xD;
2019-11-04 08:51:34 - [MESSAGE][PASSED] - Object: 'Object Repository/Pages/Sale/calender_NextButton' is clicked on&#xD;
&#xD;
2019-11-04 08:51:34 - [MESSAGE][PASSED] - Text of object 'Object Repository/Pages/Sale/link_MonthYear' is: 'August 2023'&#xD;
&#xD;
2019-11-04 08:51:34 - [MESSAGE][PASSED] - Object: 'Object Repository/Pages/Sale/calender_NextButton' is clicked on&#xD;
&#xD;
2019-11-04 08:51:34 - [MESSAGE][PASSED] - Text of object 'Object Repository/Pages/Sale/link_MonthYear' is: 'September 2023'&#xD;
&#xD;
2019-11-04 08:51:34 - [MESSAGE][PASSED] - Object: 'Object Repository/Pages/Sale/calender_NextButton' is clicked on&#xD;
&#xD;
2019-11-04 08:51:34 - [MESSAGE][PASSED] - Text of object 'Object Repository/Pages/Sale/link_MonthYear' is: 'October 2023'&#xD;
&#xD;
2019-11-04 08:51:34 - [MESSAGE][PASSED] - Object: 'Object Repository/Pages/Sale/calender_NextButton' is clicked on&#xD;
&#xD;
2019-11-04 08:51:34 - [MESSAGE][PASSED] - Text of object 'Object Repository/Pages/Sale/link_MonthYear' is: 'November 2023'&#xD;
&#xD;
2019-11-04 08:51:35 - [MESSAGE][PASSED] - Object: 'Object Repository/Pages/Sale/calender_NextButton' is clicked on&#xD;
&#xD;
2019-11-04 08:51:35 - [MESSAGE][PASSED] - Text of object 'Object Repository/Pages/Sale/link_MonthYear' is: 'December 2023'&#xD;
&#xD;
2019-11-04 08:51:35 - [MESSAGE][PASSED] - Object: 'Object Repository/Pages/Sale/calender_NextButton' is clicked on&#xD;
&#xD;
2019-11-04 08:51:35 - [MESSAGE][PASSED] - Text of object 'Object Repository/Pages/Sale/link_MonthYear' is: 'January 2024'&#xD;
&#xD;
2019-11-04 08:51:35 - [MESSAGE][PASSED] - Object: 'Object Repository/Pages/Sale/calender_NextButton' is clicked on&#xD;
&#xD;
2019-11-04 08:51:35 - [MESSAGE][PASSED] - Text of object 'Object Repository/Pages/Sale/link_MonthYear' is: 'February 2024'&#xD;
&#xD;
2019-11-04 08:51:35 - [MESSAGE][PASSED] - Object: 'Object Repository/Pages/Sale/calender_NextButton' is clicked on&#xD;
&#xD;
2019-11-04 08:51:36 - [MESSAGE][PASSED] - Text of object 'Object Repository/Pages/Sale/link_MonthYear' is: 'March 2024'&#xD;
&#xD;
2019-11-04 08:51:36 - [MESSAGE][PASSED] - Object: 'Object Repository/Pages/Sale/calender_NextButton' is clicked on&#xD;
&#xD;
2019-11-04 08:51:36 - [MESSAGE][PASSED] - Text of object 'Object Repository/Pages/Sale/link_MonthYear' is: 'April 2024'&#xD;
&#xD;
2019-11-04 08:51:36 - [MESSAGE][PASSED] - Object: 'Object Repository/Pages/Sale/calender_NextButton' is clicked on&#xD;
&#xD;
2019-11-04 08:51:36 - [MESSAGE][PASSED] - Text of object 'Object Repository/Pages/Sale/link_MonthYear' is: 'May 2024'&#xD;
&#xD;
2019-11-04 08:51:36 - [MESSAGE][PASSED] - Object: 'Object Repository/Pages/Sale/calender_NextButton' is clicked on&#xD;
&#xD;
2019-11-04 08:51:36 - [MESSAGE][PASSED] - Text of object 'Object Repository/Pages/Sale/link_MonthYear' is: 'June 2024'&#xD;
&#xD;
2019-11-04 08:51:37 - [MESSAGE][PASSED] - Object: 'Object Repository/Pages/Sale/calender_NextButton' is clicked on&#xD;
&#xD;
2019-11-04 08:51:37 - [MESSAGE][PASSED] - Text of object 'Object Repository/Pages/Sale/link_MonthYear' is: 'July 2024'&#xD;
&#xD;
2019-11-04 08:51:37 - [MESSAGE][PASSED] - Object: 'Object Repository/Pages/Sale/calender_NextButton' is clicked on&#xD;
&#xD;
2019-11-04 08:51:37 - [MESSAGE][PASSED] - Text of object 'Object Repository/Pages/Sale/link_MonthYear' is: 'August 2024'&#xD;
&#xD;
2019-11-04 08:51:37 - [MESSAGE][PASSED] - Object: 'Object Repository/Pages/Sale/calender_NextButton' is clicked on&#xD;
&#xD;
2019-11-04 08:51:37 - [MESSAGE][PASSED] - Text of object 'Object Repository/Pages/Sale/link_MonthYear' is: 'September 2024'&#xD;
&#xD;
2019-11-04 08:51:37 - [MESSAGE][PASSED] - Object: 'Object Repository/Pages/Sale/calender_NextButton' is clicked on&#xD;
&#xD;
2019-11-04 08:51:37 - [MESSAGE][PASSED] - Text of object 'Object Repository/Pages/Sale/link_MonthYear' is: 'October 2024'&#xD;
&#xD;
2019-11-04 08:51:38 - [MESSAGE][PASSED] - Object: 'Object Repository/Pages/Sale/calender_NextButton' is clicked on&#xD;
&#xD;
2019-11-04 08:51:38 - [MESSAGE][PASSED] - Text of object 'Object Repository/Pages/Sale/link_MonthYear' is: 'November 2024'&#xD;
&#xD;
2019-11-04 08:51:38 - [MESSAGE][PASSED] - Object: 'Object Repository/Pages/Sale/calender_NextButton' is clicked on&#xD;
&#xD;
2019-11-04 08:51:38 - [MESSAGE][PASSED] - Text of object 'Object Repository/Pages/Sale/link_MonthYear' is: 'December 2024'&#xD;
&#xD;
2019-11-04 08:51:38 - [MESSAGE][PASSED] - Object: 'Object Repository/Pages/Sale/calender_NextButton' is clicked on&#xD;
&#xD;
2019-11-04 08:51:38 - [MESSAGE][PASSED] - Text of object 'Object Repository/Pages/Sale/link_MonthYear' is: 'January 2025'&#xD;
&#xD;
2019-11-04 08:51:38 - [MESSAGE][PASSED] - Object: 'Object Repository/Pages/Sale/calender_NextButton' is clicked on&#xD;
&#xD;
2019-11-04 08:51:38 - [MESSAGE][PASSED] - Text of object 'Object Repository/Pages/Sale/link_MonthYear' is: 'February 2025'&#xD;
&#xD;
2019-11-04 08:51:39 - [MESSAGE][PASSED] - Object: 'Object Repository/Pages/Sale/calender_NextButton' is clicked on&#xD;
&#xD;
2019-11-04 08:51:39 - [MESSAGE][PASSED] - Text of object 'Object Repository/Pages/Sale/link_MonthYear' is: 'March 2025'&#xD;
&#xD;
2019-11-04 08:51:39 - [MESSAGE][PASSED] - Object: 'Object Repository/Pages/Sale/calender_NextButton' is clicked on&#xD;
&#xD;
2019-11-04 08:51:39 - [MESSAGE][PASSED] - Text of object 'Object Repository/Pages/Sale/link_MonthYear' is: 'April 2025'&#xD;
&#xD;
2019-11-04 08:51:39 - [MESSAGE][PASSED] - Object: 'Object Repository/Pages/Sale/calender_NextButton' is clicked on&#xD;
&#xD;
2019-11-04 08:51:39 - [MESSAGE][PASSED] - Text of object 'Object Repository/Pages/Sale/link_MonthYear' is: 'May 2025'&#xD;
&#xD;
2019-11-04 08:51:40 - [MESSAGE][PASSED] - Object: 'Object Repository/Pages/Sale/calender_NextButton' is clicked on&#xD;
&#xD;
2019-11-04 08:51:40 - [MESSAGE][PASSED] - Text of object 'Object Repository/Pages/Sale/link_MonthYear' is: 'June 2025'&#xD;
&#xD;
2019-11-04 08:51:40 - [MESSAGE][PASSED] - Object: 'Object Repository/Pages/Sale/calender_NextButton' is clicked on&#xD;
&#xD;
2019-11-04 08:51:40 - [MESSAGE][PASSED] - Text of object 'Object Repository/Pages/Sale/link_MonthYear' is: 'July 2025'&#xD;
&#xD;
2019-11-04 08:51:40 - [MESSAGE][PASSED] - Object: 'Object Repository/Pages/Sale/calender_NextButton' is clicked on&#xD;
&#xD;
2019-11-04 08:51:40 - [MESSAGE][PASSED] - Text of object 'Object Repository/Pages/Sale/link_MonthYear' is: 'August 2025'&#xD;
&#xD;
2019-11-04 08:51:40 - [MESSAGE][PASSED] - Object: 'Object Repository/Pages/Sale/calender_NextButton' is clicked on&#xD;
&#xD;
2019-11-04 08:51:40 - [MESSAGE][PASSED] - Text of object 'Object Repository/Pages/Sale/link_MonthYear' is: 'September 2025'&#xD;
&#xD;
2019-11-04 08:51:41 - [MESSAGE][PASSED] - Object: 'Object Repository/Pages/Sale/calender_NextButton' is clicked on&#xD;
&#xD;
2019-11-04 08:51:41 - [MESSAGE][PASSED] - Text of object 'Object Repository/Pages/Sale/link_MonthYear' is: 'October 2025'&#xD;
&#xD;
2019-11-04 08:51:41 - [MESSAGE][PASSED] - Object: 'Object Repository/Pages/Sale/calender_NextButton' is clicked on&#xD;
&#xD;
2019-11-04 08:51:41 - [MESSAGE][PASSED] - Text of object 'Object Repository/Pages/Sale/link_MonthYear' is: 'November 2025'&#xD;
&#xD;
2019-11-04 08:51:41 - [MESSAGE][PASSED] - Object: 'Object Repository/Pages/Sale/calender_NextButton' is clicked on&#xD;
&#xD;
2019-11-04 08:51:41 - [MESSAGE][PASSED] - Text of object 'Object Repository/Pages/Sale/link_MonthYear' is: 'December 2025'&#xD;
&#xD;
2019-11-04 08:51:41 - [MESSAGE][PASSED] - Object: 'Object Repository/Pages/Sale/calender_NextButton' is clicked on&#xD;
&#xD;
2019-11-04 08:51:41 - [MESSAGE][PASSED] - Text of object 'Object Repository/Pages/Sale/link_MonthYear' is: 'January 2026'&#xD;
&#xD;
2019-11-04 08:51:42 - [MESSAGE][PASSED] - Object: 'Object Repository/Pages/Sale/calender_NextButton' is clicked on&#xD;
&#xD;
2019-11-04 08:51:42 - [MESSAGE][PASSED] - Text of object 'Object Repository/Pages/Sale/link_MonthYear' is: 'February 2026'&#xD;
&#xD;
2019-11-04 08:51:42 - [MESSAGE][PASSED] - Object: 'Object Repository/Pages/Sale/calender_NextButton' is clicked on&#xD;
&#xD;
2019-11-04 08:51:42 - [MESSAGE][PASSED] - Text of object 'Object Repository/Pages/Sale/link_MonthYear' is: 'March 2026'&#xD;
&#xD;
2019-11-04 08:51:42 - [MESSAGE][PASSED] - Object: 'Object Repository/Pages/Sale/calender_NextButton' is clicked on&#xD;
&#xD;
2019-11-04 08:51:42 - [MESSAGE][PASSED] - Text of object 'Object Repository/Pages/Sale/link_MonthYear' is: 'April 2026'&#xD;
&#xD;
2019-11-04 08:51:43 - [MESSAGE][PASSED] - Object: 'Object Repository/Pages/Sale/calender_NextButton' is clicked on&#xD;
&#xD;
2019-11-04 08:51:43 - [MESSAGE][PASSED] - Text of object 'Object Repository/Pages/Sale/link_MonthYear' is: 'May 2026'&#xD;
&#xD;
2019-11-04 08:51:43 - [MESSAGE][PASSED] - Object: 'Object Repository/Pages/Sale/calender_NextButton' is clicked on&#xD;
&#xD;
2019-11-04 08:51:43 - [MESSAGE][PASSED] - Text of object 'Object Repository/Pages/Sale/link_MonthYear' is: 'June 2026'&#xD;
&#xD;
2019-11-04 08:51:43 - [MESSAGE][PASSED] - Object: 'Object Repository/Pages/Sale/calender_NextButton' is clicked on&#xD;
&#xD;
2019-11-04 08:51:43 - [MESSAGE][PASSED] - Text of object 'Object Repository/Pages/Sale/link_MonthYear' is: 'July 2026'&#xD;
&#xD;
2019-11-04 08:51:43 - [MESSAGE][PASSED] - Object: 'Object Repository/Pages/Sale/calender_NextButton' is clicked on&#xD;
&#xD;
2019-11-04 08:51:43 - [MESSAGE][PASSED] - Text of object 'Object Repository/Pages/Sale/link_MonthYear' is: 'August 2026'&#xD;
&#xD;
2019-11-04 08:51:44 - [MESSAGE][PASSED] - Object: 'Object Repository/Pages/Sale/calender_NextButton' is clicked on&#xD;
&#xD;
2019-11-04 08:51:44 - [MESSAGE][PASSED] - Text of object 'Object Repository/Pages/Sale/link_MonthYear' is: 'September 2026'&#xD;
&#xD;
2019-11-04 08:51:44 - [MESSAGE][PASSED] - Object: 'Object Repository/Pages/Sale/calender_NextButton' is clicked on&#xD;
&#xD;
2019-11-04 08:51:44 - [MESSAGE][PASSED] - Text of object 'Object Repository/Pages/Sale/link_MonthYear' is: 'October 2026'&#xD;
&#xD;
2019-11-04 08:51:44 - [MESSAGE][PASSED] - Object: 'Object Repository/Pages/Sale/calender_NextButton' is clicked on&#xD;
&#xD;
2019-11-04 08:51:44 - [MESSAGE][PASSED] - Text of object 'Object Repository/Pages/Sale/link_MonthYear' is: 'November 2026'&#xD;
&#xD;
2019-11-04 08:51:44 - [MESSAGE][PASSED] - Object: 'Object Repository/Pages/Sale/calender_NextButton' is clicked on&#xD;
&#xD;
2019-11-04 08:51:44 - [MESSAGE][PASSED] - Text of object 'Object Repository/Pages/Sale/link_MonthYear' is: 'December 2026'&#xD;
&#xD;
2019-11-04 08:51:45 - [MESSAGE][PASSED] - Object: 'Object Repository/Pages/Sale/calender_NextButton' is clicked on&#xD;
&#xD;
2019-11-04 08:51:45 - [MESSAGE][PASSED] - Text of object 'Object Repository/Pages/Sale/link_MonthYear' is: 'January 2027'&#xD;
&#xD;
2019-11-04 08:51:45 - [MESSAGE][PASSED] - Object: 'Object Repository/Pages/Sale/calender_NextButton' is clicked on&#xD;
&#xD;
2019-11-04 08:51:45 - [MESSAGE][PASSED] - Text of object 'Object Repository/Pages/Sale/link_MonthYear' is: 'February 2027'&#xD;
&#xD;
2019-11-04 08:51:45 - [MESSAGE][PASSED] - Object: 'Object Repository/Pages/Sale/calender_NextButton' is clicked on&#xD;
&#xD;
2019-11-04 08:51:45 - [MESSAGE][PASSED] - Text of object 'Object Repository/Pages/Sale/link_MonthYear' is: 'March 2027'&#xD;
&#xD;
2019-11-04 08:51:45 - [MESSAGE][PASSED] - Object: 'Object Repository/Pages/Sale/calender_NextButton' is clicked on&#xD;
&#xD;
2019-11-04 08:51:45 - [MESSAGE][PASSED] - Text of object 'Object Repository/Pages/Sale/link_MonthYear' is: 'April 2027'&#xD;
&#xD;
2019-11-04 08:51:46 - [MESSAGE][PASSED] - Object: 'Object Repository/Pages/Sale/calender_NextButton' is clicked on&#xD;
&#xD;
2019-11-04 08:51:46 - [MESSAGE][PASSED] - Text of object 'Object Repository/Pages/Sale/link_MonthYear' is: 'May 2027'&#xD;
&#xD;
2019-11-04 08:51:46 - [MESSAGE][PASSED] - Object: 'Object Repository/Pages/Sale/calender_NextButton' is clicked on&#xD;
&#xD;
2019-11-04 08:51:46 - [MESSAGE][PASSED] - Text of object 'Object Repository/Pages/Sale/link_MonthYear' is: 'June 2027'&#xD;
&#xD;
2019-11-04 08:51:46 - [MESSAGE][PASSED] - Object: 'Object Repository/Pages/Sale/calender_NextButton' is clicked on&#xD;
&#xD;
2019-11-04 08:51:46 - [MESSAGE][PASSED] - Text of object 'Object Repository/Pages/Sale/link_MonthYear' is: 'July 2027'&#xD;
&#xD;
2019-11-04 08:51:47 - [MESSAGE][PASSED] - Object: 'Object Repository/Pages/Sale/calender_NextButton' is clicked on&#xD;
&#xD;
2019-11-04 08:51:47 - [MESSAGE][PASSED] - Text of object 'Object Repository/Pages/Sale/link_MonthYear' is: 'August 2027'&#xD;
&#xD;
2019-11-04 08:51:47 - [MESSAGE][PASSED] - Object: 'Object Repository/Pages/Sale/calender_NextButton' is clicked on&#xD;
&#xD;
2019-11-04 08:51:47 - [MESSAGE][PASSED] - Text of object 'Object Repository/Pages/Sale/link_MonthYear' is: 'September 2027'&#xD;
&#xD;
2019-11-04 08:51:47 - [MESSAGE][PASSED] - Object: 'Object Repository/Pages/Sale/calender_NextButton' is clicked on&#xD;
&#xD;
2019-11-04 08:51:47 - [MESSAGE][PASSED] - Text of object 'Object Repository/Pages/Sale/link_MonthYear' is: 'October 2027'&#xD;
&#xD;
2019-11-04 08:51:47 - [MESSAGE][PASSED] - Object: 'Object Repository/Pages/Sale/calender_NextButton' is clicked on&#xD;
&#xD;
2019-11-04 08:51:47 - [MESSAGE][PASSED] - Text of object 'Object Repository/Pages/Sale/link_MonthYear' is: 'November 2027'&#xD;
&#xD;
2019-11-04 08:51:48 - [MESSAGE][PASSED] - Object: 'Object Repository/Pages/Sale/calender_NextButton' is clicked on&#xD;
&#xD;
2019-11-04 08:51:48 - [MESSAGE][PASSED] - Text of object 'Object Repository/Pages/Sale/link_MonthYear' is: 'December 2027'&#xD;
&#xD;
2019-11-04 08:51:48 - [MESSAGE][PASSED] - Object: 'Object Repository/Pages/Sale/calender_NextButton' is clicked on&#xD;
&#xD;
2019-11-04 08:51:48 - [MESSAGE][PASSED] - Text of object 'Object Repository/Pages/Sale/link_MonthYear' is: 'January 2028'&#xD;
&#xD;
2019-11-04 08:51:48 - [MESSAGE][PASSED] - Object: 'Object Repository/Pages/Sale/calender_NextButton' is clicked on&#xD;
&#xD;
2019-11-04 08:51:48 - [MESSAGE][PASSED] - Text of object 'Object Repository/Pages/Sale/link_MonthYear' is: 'February 2028'&#xD;
&#xD;
2019-11-04 08:51:48 - [MESSAGE][PASSED] - Object: 'Object Repository/Pages/Sale/calender_NextButton' is clicked on&#xD;
&#xD;
2019-11-04 08:51:48 - [MESSAGE][PASSED] - Text of object 'Object Repository/Pages/Sale/link_MonthYear' is: 'March 2028'&#xD;
&#xD;
2019-11-04 08:51:49 - [MESSAGE][PASSED] - Object: 'Object Repository/Pages/Sale/calender_NextButton' is clicked on&#xD;
&#xD;
2019-11-04 08:51:49 - [MESSAGE][PASSED] - Text of object 'Object Repository/Pages/Sale/link_MonthYear' is: 'April 2028'&#xD;
&#xD;
2019-11-04 08:51:49 - [MESSAGE][PASSED] - Object: 'Object Repository/Pages/Sale/calender_NextButton' is clicked on&#xD;
&#xD;
2019-11-04 08:51:49 - [MESSAGE][PASSED] - Text of object 'Object Repository/Pages/Sale/link_MonthYear' is: 'May 2028'&#xD;
&#xD;
2019-11-04 08:51:49 - [MESSAGE][PASSED] - Object: 'Object Repository/Pages/Sale/calender_NextButton' is clicked on&#xD;
&#xD;
2019-11-04 08:51:49 - [MESSAGE][PASSED] - Text of object 'Object Repository/Pages/Sale/link_MonthYear' is: 'June 2028'&#xD;
&#xD;
2019-11-04 08:51:49 - [MESSAGE][PASSED] - Object: 'Object Repository/Pages/Sale/calender_NextButton' is clicked on&#xD;
&#xD;
2019-11-04 08:51:49 - [MESSAGE][PASSED] - Text of object 'Object Repository/Pages/Sale/link_MonthYear' is: 'July 2028'&#xD;
&#xD;
2019-11-04 08:51:50 - [MESSAGE][PASSED] - Object: 'Object Repository/Pages/Sale/calender_NextButton' is clicked on&#xD;
&#xD;
2019-11-04 08:51:50 - [MESSAGE][PASSED] - Text of object 'Object Repository/Pages/Sale/link_MonthYear' is: 'August 2028'&#xD;
&#xD;
2019-11-04 08:51:50 - [MESSAGE][PASSED] - Object: 'Object Repository/Pages/Sale/calender_NextButton' is clicked on&#xD;
&#xD;
2019-11-04 08:51:50 - [MESSAGE][PASSED] - Text of object 'Object Repository/Pages/Sale/link_MonthYear' is: 'September 2028'&#xD;
&#xD;
2019-11-04 08:51:50 - [MESSAGE][PASSED] - Object: 'Object Repository/Pages/Sale/calender_NextButton' is clicked on&#xD;
&#xD;
2019-11-04 08:51:50 - [MESSAGE][PASSED] - Text of object 'Object Repository/Pages/Sale/link_MonthYear' is: 'October 2028'&#xD;
&#xD;
2019-11-04 08:51:51 - [MESSAGE][PASSED] - Object: 'Object Repository/Pages/Sale/calender_NextButton' is clicked on&#xD;
&#xD;
2019-11-04 08:51:51 - [MESSAGE][PASSED] - Text of object 'Object Repository/Pages/Sale/link_MonthYear' is: 'November 2028'&#xD;
&#xD;
2019-11-04 08:51:51 - [MESSAGE][PASSED] - Object: 'Object Repository/Pages/Sale/calender_NextButton' is clicked on&#xD;
&#xD;
2019-11-04 08:51:51 - [MESSAGE][PASSED] - Text of object 'Object Repository/Pages/Sale/link_MonthYear' is: 'December 2028'&#xD;
&#xD;
2019-11-04 08:51:51 - [MESSAGE][PASSED] - Object: 'Object Repository/Pages/Sale/calender_NextButton' is clicked on&#xD;
&#xD;
2019-11-04 08:51:51 - [MESSAGE][PASSED] - Text of object 'Object Repository/Pages/Sale/link_MonthYear' is: 'January 2029'&#xD;
&#xD;
2019-11-04 08:51:51 - [MESSAGE][PASSED] - Object: 'Object Repository/Pages/Sale/calender_NextButton' is clicked on&#xD;
&#xD;
2019-11-04 08:51:51 - [MESSAGE][PASSED] - Text of object 'Object Repository/Pages/Sale/link_MonthYear' is: 'February 2029'&#xD;
&#xD;
2019-11-04 08:51:52 - [MESSAGE][PASSED] - Object: 'Object Repository/Pages/Sale/calender_NextButton' is clicked on&#xD;
&#xD;
2019-11-04 08:51:52 - [MESSAGE][PASSED] - Text of object 'Object Repository/Pages/Sale/link_MonthYear' is: 'March 2029'&#xD;
&#xD;
2019-11-04 08:51:52 - [MESSAGE][PASSED] - Object: 'Object Repository/Pages/Sale/calender_NextButton' is clicked on&#xD;
&#xD;
2019-11-04 08:51:52 - [MESSAGE][PASSED] - Text of object 'Object Repository/Pages/Sale/link_MonthYear' is: 'April 2029'&#xD;
&#xD;
2019-11-04 08:51:52 - [MESSAGE][PASSED] - Object: 'Object Repository/Pages/Sale/calender_NextButton' is clicked on&#xD;
&#xD;
2019-11-04 08:51:52 - [MESSAGE][PASSED] - Text of object 'Object Repository/Pages/Sale/link_MonthYear' is: 'May 2029'&#xD;
&#xD;
2019-11-04 08:51:52 - [MESSAGE][PASSED] - Object: 'Object Repository/Pages/Sale/calender_NextButton' is clicked on&#xD;
&#xD;
2019-11-04 08:51:52 - [MESSAGE][PASSED] - Text of object 'Object Repository/Pages/Sale/link_MonthYear' is: 'June 2029'&#xD;
&#xD;
2019-11-04 08:51:53 - [MESSAGE][PASSED] - Object: 'Object Repository/Pages/Sale/calender_NextButton' is clicked on&#xD;
&#xD;
2019-11-04 08:51:53 - [MESSAGE][PASSED] - Text of object 'Object Repository/Pages/Sale/link_MonthYear' is: 'July 2029'&#xD;
&#xD;
2019-11-04 08:51:53 - [MESSAGE][PASSED] - Object: 'Object Repository/Pages/Sale/calender_NextButton' is clicked on&#xD;
&#xD;
2019-11-04 08:51:53 - [MESSAGE][PASSED] - Text of object 'Object Repository/Pages/Sale/link_MonthYear' is: 'August 2029'&#xD;
&#xD;
2019-11-04 08:51:53 - [MESSAGE][PASSED] - Object: 'Object Repository/Pages/Sale/calender_NextButton' is clicked on&#xD;
&#xD;
2019-11-04 08:51:53 - [MESSAGE][PASSED] - Text of object 'Object Repository/Pages/Sale/link_MonthYear' is: 'September 2029'&#xD;
&#xD;
2019-11-04 08:51:53 - [MESSAGE][PASSED] - Object: 'Object Repository/Pages/Sale/calender_NextButton' is clicked on&#xD;
&#xD;
2019-11-04 08:51:53 - [MESSAGE][PASSED] - Text of object 'Object Repository/Pages/Sale/link_MonthYear' is: 'October 2029'&#xD;
&#xD;
2019-11-04 08:51:54 - [MESSAGE][PASSED] - Object: 'Object Repository/Pages/Sale/calender_NextButton' is clicked on&#xD;
&#xD;
2019-11-04 08:51:54 - [MESSAGE][PASSED] - Text of object 'Object Repository/Pages/Sale/link_MonthYear' is: 'November 2029'&#xD;
&#xD;
2019-11-04 08:51:54 - [MESSAGE][PASSED] - Object: 'Object Repository/Pages/Sale/calender_NextButton' is clicked on&#xD;
&#xD;
2019-11-04 08:51:54 - [MESSAGE][PASSED] - Text of object 'Object Repository/Pages/Sale/link_MonthYear' is: 'December 2029'&#xD;
&#xD;
2019-11-04 08:51:54 - [MESSAGE][PASSED] - Object: 'Object Repository/Pages/Sale/calender_NextButton' is clicked on&#xD;
&#xD;
2019-11-04 08:51:54 - [MESSAGE][PASSED] - Text of object 'Object Repository/Pages/Sale/link_MonthYear' is: 'January 2030'&#xD;
&#xD;
2019-11-04 08:51:55 - [MESSAGE][PASSED] - Object: 'Object Repository/Pages/Sale/calender_NextButton' is clicked on&#xD;
&#xD;
2019-11-04 08:51:55 - [MESSAGE][PASSED] - Text of object 'Object Repository/Pages/Sale/link_MonthYear' is: 'February 2030'&#xD;
&#xD;
2019-11-04 08:51:55 - [MESSAGE][PASSED] - Object: 'Object Repository/Pages/Sale/calender_NextButton' is clicked on&#xD;
&#xD;
2019-11-04 08:51:55 - [MESSAGE][PASSED] - Text of object 'Object Repository/Pages/Sale/link_MonthYear' is: 'March 2030'&#xD;
&#xD;
2019-11-04 08:51:55 - [MESSAGE][PASSED] - Object: 'Object Repository/Pages/Sale/calender_NextButton' is clicked on&#xD;
&#xD;
2019-11-04 08:51:55 - [MESSAGE][PASSED] - Text of object 'Object Repository/Pages/Sale/link_MonthYear' is: 'April 2030'&#xD;
&#xD;
2019-11-04 08:51:55 - [MESSAGE][PASSED] - Object: 'Object Repository/Pages/Sale/calender_NextButton' is clicked on&#xD;
&#xD;
2019-11-04 08:51:55 - [MESSAGE][PASSED] - Text of object 'Object Repository/Pages/Sale/link_MonthYear' is: 'May 2030'&#xD;
&#xD;
2019-11-04 08:51:56 - [MESSAGE][PASSED] - Object: 'Object Repository/Pages/Sale/calender_NextButton' is clicked on&#xD;
&#xD;
2019-11-04 08:51:56 - [MESSAGE][PASSED] - Text of object 'Object Repository/Pages/Sale/link_MonthYear' is: 'June 2030'&#xD;
&#xD;
2019-11-04 08:51:56 - [MESSAGE][PASSED] - Object: 'Object Repository/Pages/Sale/calender_NextButton' is clicked on&#xD;
&#xD;
2019-11-04 08:51:56 - [MESSAGE][PASSED] - Text of object 'Object Repository/Pages/Sale/link_MonthYear' is: 'July 2030'&#xD;
&#xD;
2019-11-04 08:51:56 - [MESSAGE][PASSED] - Object: 'Object Repository/Pages/Sale/calender_NextButton' is clicked on&#xD;
&#xD;
2019-11-04 08:51:56 - [MESSAGE][PASSED] - Text of object 'Object Repository/Pages/Sale/link_MonthYear' is: 'August 2030'&#xD;
&#xD;
2019-11-04 08:51:56 - [MESSAGE][PASSED] - Object: 'Object Repository/Pages/Sale/calender_NextButton' is clicked on&#xD;
&#xD;
2019-11-04 08:51:56 - [MESSAGE][PASSED] - Text of object 'Object Repository/Pages/Sale/link_MonthYear' is: 'September 2030'&#xD;
&#xD;
2019-11-04 08:51:57 - [MESSAGE][PASSED] - Object: 'Object Repository/Pages/Sale/calender_NextButton' is clicked on&#xD;
&#xD;
2019-11-04 08:51:57 - [MESSAGE][PASSED] - Text of object 'Object Repository/Pages/Sale/link_MonthYear' is: 'October 2030'&#xD;
&#xD;
2019-11-04 08:51:57 - [MESSAGE][PASSED] - Object: 'Object Repository/Pages/Sale/calender_NextButton' is clicked on&#xD;
&#xD;
2019-11-04 08:51:57 - [MESSAGE][PASSED] - Text of object 'Object Repository/Pages/Sale/link_MonthYear' is: 'November 2030'&#xD;
&#xD;
2019-11-04 08:51:57 - [MESSAGE][PASSED] - Object: 'Object Repository/Pages/Sale/calender_NextButton' is clicked on&#xD;
&#xD;
2019-11-04 08:51:57 - [MESSAGE][PASSED] - Text of object 'Object Repository/Pages/Sale/link_MonthYear' is: 'December 2030'&#xD;
&#xD;
2019-11-04 08:51:57 - [MESSAGE][PASSED] - Object: 'Object Repository/Pages/Sale/calender_NextButton' is clicked on&#xD;
&#xD;
2019-11-04 08:51:58 - [MESSAGE][PASSED] - Text of object 'Object Repository/Pages/Sale/link_MonthYear' is: 'January 2031'&#xD;
&#xD;
2019-11-04 08:51:58 - [MESSAGE][PASSED] - Object: 'Object Repository/Pages/Sale/calender_NextButton' is clicked on&#xD;
&#xD;
2019-11-04 08:51:58 - [MESSAGE][PASSED] - Text of object 'Object Repository/Pages/Sale/link_MonthYear' is: 'February 2031'&#xD;
&#xD;
2019-11-04 08:51:58 - [MESSAGE][PASSED] - Object: 'Object Repository/Pages/Sale/calender_NextButton' is clicked on&#xD;
&#xD;
2019-11-04 08:51:58 - [MESSAGE][PASSED] - Text of object 'Object Repository/Pages/Sale/link_MonthYear' is: 'March 2031'&#xD;
&#xD;
2019-11-04 08:51:58 - [MESSAGE][PASSED] - Object: 'Object Repository/Pages/Sale/calender_NextButton' is clicked on&#xD;
&#xD;
2019-11-04 08:51:58 - [MESSAGE][PASSED] - Text of object 'Object Repository/Pages/Sale/link_MonthYear' is: 'April 2031'&#xD;
&#xD;
2019-11-04 08:51:59 - [MESSAGE][PASSED] - Object: 'Object Repository/Pages/Sale/calender_NextButton' is clicked on&#xD;
&#xD;
2019-11-04 08:51:59 - [MESSAGE][PASSED] - Text of object 'Object Repository/Pages/Sale/link_MonthYear' is: 'May 2031'&#xD;
&#xD;
2019-11-04 08:51:59 - [MESSAGE][PASSED] - Object: 'Object Repository/Pages/Sale/calender_NextButton' is clicked on&#xD;
&#xD;
2019-11-04 08:51:59 - [MESSAGE][PASSED] - Text of object 'Object Repository/Pages/Sale/link_MonthYear' is: 'June 2031'&#xD;
&#xD;
2019-11-04 08:51:59 - [MESSAGE][PASSED] - Object: 'Object Repository/Pages/Sale/calender_NextButton' is clicked on&#xD;
&#xD;
2019-11-04 08:51:59 - [MESSAGE][PASSED] - Text of object 'Object Repository/Pages/Sale/link_MonthYear' is: 'July 2031'&#xD;
&#xD;
2019-11-04 08:51:59 - [MESSAGE][PASSED] - Object: 'Object Repository/Pages/Sale/calender_NextButton' is clicked on&#xD;
&#xD;
2019-11-04 08:51:59 - [MESSAGE][PASSED] - Text of object 'Object Repository/Pages/Sale/link_MonthYear' is: 'August 2031'&#xD;
&#xD;
2019-11-04 08:52:00 - [MESSAGE][PASSED] - Object: 'Object Repository/Pages/Sale/calender_NextButton' is clicked on&#xD;
&#xD;
2019-11-04 08:52:00 - [MESSAGE][PASSED] - Text of object 'Object Repository/Pages/Sale/link_MonthYear' is: 'September 2031'&#xD;
&#xD;
2019-11-04 08:52:00 - [MESSAGE][PASSED] - Object: 'Object Repository/Pages/Sale/calender_NextButton' is clicked on&#xD;
&#xD;
2019-11-04 08:52:00 - [MESSAGE][PASSED] - Text of object 'Object Repository/Pages/Sale/link_MonthYear' is: 'October 2031'&#xD;
&#xD;
2019-11-04 08:52:00 - [MESSAGE][PASSED] - Object: 'Object Repository/Pages/Sale/calender_NextButton' is clicked on&#xD;
&#xD;
2019-11-04 08:52:00 - [MESSAGE][PASSED] - Text of object 'Object Repository/Pages/Sale/link_MonthYear' is: 'November 2031'&#xD;
&#xD;
2019-11-04 08:52:00 - [MESSAGE][PASSED] - Object: 'Object Repository/Pages/Sale/calender_NextButton' is clicked on&#xD;
&#xD;
2019-11-04 08:52:00 - [MESSAGE][PASSED] - Text of object 'Object Repository/Pages/Sale/link_MonthYear' is: 'December 2031'&#xD;
&#xD;
2019-11-04 08:52:01 - [MESSAGE][PASSED] - Object: 'Object Repository/Pages/Sale/calender_NextButton' is clicked on&#xD;
&#xD;
2019-11-04 08:52:01 - [MESSAGE][PASSED] - Text of object 'Object Repository/Pages/Sale/link_MonthYear' is: 'January 2032'&#xD;
&#xD;
2019-11-04 08:52:01 - [MESSAGE][PASSED] - Object: 'Object Repository/Pages/Sale/calender_NextButton' is clicked on&#xD;
&#xD;
2019-11-04 08:52:01 - [MESSAGE][PASSED] - Text of object 'Object Repository/Pages/Sale/link_MonthYear' is: 'February 2032'&#xD;
&#xD;
2019-11-04 08:52:01 - [MESSAGE][PASSED] - Object: 'Object Repository/Pages/Sale/calender_NextButton' is clicked on&#xD;
&#xD;
2019-11-04 08:52:01 - [MESSAGE][PASSED] - Text of object 'Object Repository/Pages/Sale/link_MonthYear' is: 'March 2032'&#xD;
&#xD;
2019-11-04 08:52:02 - [MESSAGE][PASSED] - Object: 'Object Repository/Pages/Sale/calender_NextButton' is clicked on&#xD;
&#xD;
2019-11-04 08:52:02 - [MESSAGE][PASSED] - Text of object 'Object Repository/Pages/Sale/link_MonthYear' is: 'April 2032'&#xD;
&#xD;
2019-11-04 08:52:02 - [MESSAGE][PASSED] - Object: 'Object Repository/Pages/Sale/calender_NextButton' is clicked on&#xD;
&#xD;
2019-11-04 08:52:02 - [MESSAGE][PASSED] - Text of object 'Object Repository/Pages/Sale/link_MonthYear' is: 'May 2032'&#xD;
&#xD;
2019-11-04 08:52:02 - [MESSAGE][PASSED] - Object: 'Object Repository/Pages/Sale/calender_NextButton' is clicked on&#xD;
&#xD;
2019-11-04 08:52:02 - [MESSAGE][PASSED] - Text of object 'Object Repository/Pages/Sale/link_MonthYear' is: 'June 2032'&#xD;
&#xD;
2019-11-04 08:52:02 - [MESSAGE][PASSED] - Object: 'Object Repository/Pages/Sale/calender_NextButton' is clicked on&#xD;
&#xD;
2019-11-04 08:52:03 - [MESSAGE][PASSED] - Text of object 'Object Repository/Pages/Sale/link_MonthYear' is: 'July 2032'&#xD;
&#xD;
2019-11-04 08:52:03 - [MESSAGE][PASSED] - Object: 'Object Repository/Pages/Sale/calender_NextButton' is clicked on&#xD;
&#xD;
2019-11-04 08:52:03 - [MESSAGE][PASSED] - Text of object 'Object Repository/Pages/Sale/link_MonthYear' is: 'August 2032'&#xD;
&#xD;
2019-11-04 08:52:03 - [MESSAGE][PASSED] - Object: 'Object Repository/Pages/Sale/calender_NextButton' is clicked on&#xD;
&#xD;
2019-11-04 08:52:03 - [MESSAGE][PASSED] - Text of object 'Object Repository/Pages/Sale/link_MonthYear' is: 'September 2032'&#xD;
&#xD;
2019-11-04 08:52:03 - [MESSAGE][PASSED] - pages.Sale.selectMonthYear is PASSED&#xD;
&#xD;
2019-11-04 08:52:03 - [TEST_STEP][PASSED] - pages.Sale.selectDate(start_date_Value): pages.Sale.selectDate is PASSED&#xD;
&#xD;
2019-11-04 08:52:03 - [MESSAGE][PASSED] - Object: '' is clicked on&#xD;
&#xD;
2019-11-04 08:52:03 - [MESSAGE][PASSED] - pages.Sale.selectDate is PASSED&#xD;
&#xD;
2019-11-04 08:52:03 - [TEST_STEP][PASSED] - utilities.SafeActions.safeClickwithScroll(findTestObject("Pages/FirstPayVault/button_Checkout"), "Click on Checkout", [delayBetweenTestSteps]): utilities.SafeActions.safeClickwithScroll is PASSED&#xD;
&#xD;
2019-11-04 08:52:03 - [MESSAGE][PASSED] - Object 'Object Repository/Pages/FirstPayVault/button_Checkout' is present&#xD;
&#xD;
2019-11-04 08:52:04 - [MESSAGE][PASSED] - Object 'Object Repository/Pages/FirstPayVault/button_Checkout' is visible&#xD;
&#xD;
2019-11-04 08:52:04 - [MESSAGE][INFO] - 1stPayVault_TestSuite.ts:waiting until Click on Checkout is Clickable&#xD;
&#xD;
2019-11-04 08:52:04 - [MESSAGE][PASSED] - Object 'Object Repository/Pages/FirstPayVault/button_Checkout' is clickable&#xD;
&#xD;
2019-11-04 08:52:04 - [MESSAGE][PASSED] - Object 'Object Repository/Pages/FirstPayVault/button_Checkout' is visible&#xD;
&#xD;
2019-11-04 08:52:04 - [MESSAGE][PASSED] - Object: 'Object Repository/Pages/FirstPayVault/button_Checkout' is clicked on&#xD;
&#xD;
2019-11-04 08:52:04 - [MESSAGE][INFO] - 1stPayVault_TestSuite.ts: Clicked on the Click on Checkout&#xD;
&#xD;
2019-11-04 08:52:04 - [MESSAGE][PASSED] - utilities.SafeActions.safeClickwithScroll is PASSED&#xD;
&#xD;
2019-11-04 08:52:04 - [TEST_STEP][PASSED] - pages.Sale.verifyTransactionCompletePage(findTestObject("Pages/Sale/heading_TransactionComplete")): The screen is Transaction Complete screen&#xD;
&#xD;
2019-11-04 08:52:05 - [MESSAGE][PASSED] - Object 'Object Repository/Pages/Sale/heading_TransactionComplete' is present&#xD;
&#xD;
2019-11-04 08:52:05 - [MESSAGE][PASSED] - The screen is Transaction Complete screen&#xD;
&#xD;
2019-11-04 08:52:05 - [TEST_STEP][PASSED] - delay(2): Delayed 2 second(s)&#xD;
&#xD;
2019-11-04 08:52:07 - [MESSAGE][PASSED] - Delayed 2 second(s)&#xD;
&#xD;
2019-11-04 08:52:07 - [TEST_STEP][PASSED] - total_Amount = utilities.SafeActions.safeGetText(findTestObject("Pages/Refund/totalAmount"), delayForElement): utilities.SafeActions.safeGetText is PASSED&#xD;
&#xD;
2019-11-04 08:52:07 - [MESSAGE][PASSED] - Object 'Object Repository/Pages/Refund/totalAmount' is present&#xD;
&#xD;
2019-11-04 08:52:07 - [MESSAGE][PASSED] - Scroll to object 'Object Repository/Pages/Refund/totalAmount' successfully&#xD;
&#xD;
2019-11-04 08:52:07 - [MESSAGE][PASSED] - Object 'Object Repository/Pages/Refund/totalAmount' is present&#xD;
&#xD;
2019-11-04 08:52:08 - [MESSAGE][PASSED] - Text of object 'Object Repository/Pages/Refund/totalAmount' is: '$487.13'&#xD;
&#xD;
2019-11-04 08:52:08 - [MESSAGE][PASSED] - utilities.SafeActions.safeGetText is PASSED&#xD;
&#xD;
2019-11-04 08:52:08 - [TEST_STEP][PASSED] - invoiceNumber = utilities.SafeActions.safeGetText(findTestObject("Pages/Refund/invoiceNumber"), delayForElement): utilities.SafeActions.safeGetText is PASSED&#xD;
&#xD;
2019-11-04 08:52:08 - [MESSAGE][PASSED] - Object 'Object Repository/Pages/Refund/invoiceNumber' is present&#xD;
&#xD;
2019-11-04 08:52:08 - [MESSAGE][PASSED] - Scroll to object 'Object Repository/Pages/Refund/invoiceNumber' successfully&#xD;
&#xD;
2019-11-04 08:52:08 - [MESSAGE][PASSED] - Object 'Object Repository/Pages/Refund/invoiceNumber' is present&#xD;
&#xD;
2019-11-04 08:52:09 - [MESSAGE][PASSED] - Text of object 'Object Repository/Pages/Refund/invoiceNumber' is: '15728610775387'&#xD;
&#xD;
2019-11-04 08:52:09 - [MESSAGE][PASSED] - utilities.SafeActions.safeGetText is PASSED&#xD;
&#xD;
2019-11-04 08:52:09 - [TEST_STEP][PASSED] - utilities.SafeActions.safeClickwithScroll(findTestObject("Pages/FirstPayVault/button_ReturnToVault_InTransactionComplete"), "Click on Return To Vault", [PageLoadTime]): utilities.SafeActions.safeClickwithScroll is PASSED&#xD;
&#xD;
2019-11-04 08:52:09 - [MESSAGE][PASSED] - Object 'Object Repository/Pages/FirstPayVault/button_ReturnToVault_InTransactionComplete' is present&#xD;
&#xD;
2019-11-04 08:52:09 - [MESSAGE][PASSED] - Object 'Object Repository/Pages/FirstPayVault/button_ReturnToVault_InTransactionComplete' is visible&#xD;
&#xD;
2019-11-04 08:52:09 - [MESSAGE][INFO] - 1stPayVault_TestSuite.ts:waiting until Click on Return To Vault is Clickable&#xD;
&#xD;
2019-11-04 08:52:09 - [MESSAGE][PASSED] - Object 'Object Repository/Pages/FirstPayVault/button_ReturnToVault_InTransactionComplete' is clickable&#xD;
&#xD;
2019-11-04 08:52:09 - [MESSAGE][PASSED] - Object 'Object Repository/Pages/FirstPayVault/button_ReturnToVault_InTransactionComplete' is visible&#xD;
&#xD;
2019-11-04 08:52:10 - [MESSAGE][PASSED] - Object: 'Object Repository/Pages/FirstPayVault/button_ReturnToVault_InTransactionComplete' is clicked on&#xD;
&#xD;
2019-11-04 08:52:10 - [MESSAGE][INFO] - 1stPayVault_TestSuite.ts: Clicked on the Click on Return To Vault&#xD;
&#xD;
2019-11-04 08:52:10 - [MESSAGE][PASSED] - utilities.SafeActions.safeClickwithScroll is PASSED&#xD;
&#xD;
2019-11-04 08:52:10 - [TEST_STEP][PASSED] - println(invoiceNumber): null&#xD;
&#xD;
2019-11-04 08:52:10 - [TEST_STEP][PASSED] - println(total_Amount): null&#xD;
&#xD;
2019-11-04 08:52:10 - [TEST_STEP][PASSED] - utilities.SafeActions.safeClickwithScroll(findTestObject("Pages/Future_Payments/tab_FuturePayments"), "Click on Future Payments Tab", [delayBetweenTestSteps]): utilities.SafeActions.safeClickwithScroll is PASSED&#xD;
&#xD;
2019-11-04 08:52:10 - [MESSAGE][PASSED] - Object 'Object Repository/Pages/Future_Payments/tab_FuturePayments' is present&#xD;
&#xD;
2019-11-04 08:52:10 - [MESSAGE][PASSED] - Object 'Object Repository/Pages/Future_Payments/tab_FuturePayments' is visible&#xD;
&#xD;
2019-11-04 08:52:10 - [MESSAGE][INFO] - 1stPayVault_TestSuite.ts:waiting until Click on Future Payments Tab is Clickable&#xD;
&#xD;
2019-11-04 08:52:10 - [MESSAGE][PASSED] - Object 'Object Repository/Pages/Future_Payments/tab_FuturePayments' is clickable&#xD;
&#xD;
2019-11-04 08:52:10 - [MESSAGE][PASSED] - Object 'Object Repository/Pages/Future_Payments/tab_FuturePayments' is visible&#xD;
&#xD;
2019-11-04 08:52:11 - [MESSAGE][PASSED] - Object: 'Object Repository/Pages/Future_Payments/tab_FuturePayments' is clicked on&#xD;
&#xD;
2019-11-04 08:52:11 - [MESSAGE][INFO] - 1stPayVault_TestSuite.ts: Clicked on the Click on Future Payments Tab&#xD;
&#xD;
2019-11-04 08:52:11 - [MESSAGE][PASSED] - utilities.SafeActions.safeClickwithScroll is PASSED&#xD;
&#xD;
2019-11-04 08:52:11 - [TEST_STEP][PASSED] - utilities.SafeActions.safeClickwithScroll(findTestObject("Pages/Future_Payments/search_Button"), "Search", [delayBetweenTestSteps]): utilities.SafeActions.safeClickwithScroll is PASSED&#xD;
&#xD;
2019-11-04 08:52:11 - [MESSAGE][PASSED] - Object 'Object Repository/Pages/Future_Payments/search_Button' is present&#xD;
&#xD;
2019-11-04 08:52:11 - [MESSAGE][PASSED] - Object 'Object Repository/Pages/Future_Payments/search_Button' is visible&#xD;
&#xD;
2019-11-04 08:52:11 - [MESSAGE][INFO] - 1stPayVault_TestSuite.ts:waiting until Search is Clickable&#xD;
&#xD;
2019-11-04 08:52:11 - [MESSAGE][PASSED] - Object 'Object Repository/Pages/Future_Payments/search_Button' is clickable&#xD;
&#xD;
2019-11-04 08:52:11 - [MESSAGE][PASSED] - Object 'Object Repository/Pages/Future_Payments/search_Button' is visible&#xD;
&#xD;
2019-11-04 08:52:12 - [MESSAGE][PASSED] - Object: 'Object Repository/Pages/Future_Payments/search_Button' is clicked on&#xD;
&#xD;
2019-11-04 08:52:12 - [MESSAGE][INFO] - 1stPayVault_TestSuite.ts: Clicked on the Search&#xD;
&#xD;
2019-11-04 08:52:12 - [MESSAGE][PASSED] - utilities.SafeActions.safeClickwithScroll is PASSED&#xD;
&#xD;
2019-11-04 08:52:12 - [TEST_STEP][PASSED] - scrollToElement(findTestObject("Pages/Future_Payments/invoiceForTransaction"), delayBetweenTestSteps): Scroll to object 'Object Repository/Pages/Future_Payments/invoiceForTransaction' successfully&#xD;
&#xD;
2019-11-04 08:52:12 - [MESSAGE][PASSED] - Scroll to object 'Object Repository/Pages/Future_Payments/invoiceForTransaction' successfully&#xD;
&#xD;
2019-11-04 08:52:12 - [TEST_STEP][PASSED] - pages.Future_Payments.verifyInvoiceRecord(findTestObject("Pages/Future_Payments/footer_NextButton"), findTestObject("Pages/Future_Payments/page_Number"), invoiceNumber, total_Amount): The Transaction is found in page 8&#xD;
&#xD;
2019-11-04 08:52:13 - [MESSAGE][PASSED] - Text of object 'Object Repository/Pages/Future_Payments/page_Number' is: 'Page 1 of 10'&#xD;
&#xD;
2019-11-04 08:52:18 - [MESSAGE][PASSED] - Delayed 5 second(s)&#xD;
&#xD;
2019-11-04 08:52:19 - [MESSAGE][PASSED] - Object: 'Object Repository/Pages/Future_Payments/footer_NextButton' is clicked on&#xD;
&#xD;
2019-11-04 08:52:19 - [MESSAGE][PASSED] - Text of object 'Object Repository/Pages/Future_Payments/page_Number' is: 'Page 2 of 10'&#xD;
&#xD;
2019-11-04 08:52:25 - [MESSAGE][PASSED] - Delayed 5 second(s)&#xD;
&#xD;
2019-11-04 08:52:25 - [MESSAGE][PASSED] - Object: 'Object Repository/Pages/Future_Payments/footer_NextButton' is clicked on&#xD;
&#xD;
2019-11-04 08:52:25 - [MESSAGE][PASSED] - Text of object 'Object Repository/Pages/Future_Payments/page_Number' is: 'Page 3 of 10'&#xD;
&#xD;
2019-11-04 08:52:31 - [MESSAGE][PASSED] - Delayed 5 second(s)&#xD;
&#xD;
2019-11-04 08:52:32 - [MESSAGE][PASSED] - Object: 'Object Repository/Pages/Future_Payments/footer_NextButton' is clicked on&#xD;
&#xD;
2019-11-04 08:52:32 - [MESSAGE][PASSED] - Text of object 'Object Repository/Pages/Future_Payments/page_Number' is: 'Page 4 of 10'&#xD;
&#xD;
2019-11-04 08:52:37 - [MESSAGE][PASSED] - Delayed 5 second(s)&#xD;
&#xD;
2019-11-04 08:52:38 - [MESSAGE][PASSED] - Object: 'Object Repository/Pages/Future_Payments/footer_NextButton' is clicked on&#xD;
&#xD;
2019-11-04 08:52:38 - [MESSAGE][PASSED] - Text of object 'Object Repository/Pages/Future_Payments/page_Number' is: 'Page 5 of 10'&#xD;
&#xD;
2019-11-04 08:52:43 - [MESSAGE][PASSED] - Delayed 5 second(s)&#xD;
&#xD;
2019-11-04 08:52:44 - [MESSAGE][PASSED] - Object: 'Object Repository/Pages/Future_Payments/footer_NextButton' is clicked on&#xD;
&#xD;
2019-11-04 08:52:44 - [MESSAGE][PASSED] - Text of object 'Object Repository/Pages/Future_Payments/page_Number' is: 'Page 6 of 10'&#xD;
&#xD;
2019-11-04 08:52:50 - [MESSAGE][PASSED] - Delayed 5 second(s)&#xD;
&#xD;
2019-11-04 08:52:50 - [MESSAGE][PASSED] - Object: 'Object Repository/Pages/Future_Payments/footer_NextButton' is clicked on&#xD;
&#xD;
2019-11-04 08:52:50 - [MESSAGE][PASSED] - Text of object 'Object Repository/Pages/Future_Payments/page_Number' is: 'Page 7 of 10'&#xD;
&#xD;
2019-11-04 08:52:56 - [MESSAGE][PASSED] - Delayed 5 second(s)&#xD;
&#xD;
2019-11-04 08:52:56 - [MESSAGE][PASSED] - Object: 'Object Repository/Pages/Future_Payments/footer_NextButton' is clicked on&#xD;
&#xD;
2019-11-04 08:52:57 - [MESSAGE][PASSED] - Text of object 'Object Repository/Pages/Future_Payments/page_Number' is: 'Page 8 of 10'&#xD;
&#xD;
2019-11-04 08:52:58 - [MESSAGE][PASSED] - The Transaction is found in page 8&#xD;
&#xD;
2019-11-04 08:52:58 - [TEST_STEP][PASSED] - closeBrowser(): Browser is closed&#xD;
&#xD;
2019-11-04 08:52:59 - [MESSAGE][PASSED] - Browser is closed&#xD;
&#xD;
2019-11-04 08:52:59 - [TEST_STEP][PASSED] - Start listener action : sampleAfterTestCase: null&#xD;
&#xD;
2019-11-04 08:52:59 - [TEST_STEP][PASSED] - println(testCaseContext.getTestCaseId()): null&#xD;
&#xD;
2019-11-04 08:52:59 - [TEST_STEP][PASSED] - println(testCaseContext.getTestCaseStatus()): null&#xD;
&#xD;
2019-11-04 08:52:59 - [TEST_STEP][PASSED] - testCaseName = testCaseContext.getTestCaseId(): null&#xD;
&#xD;
2019-11-04 08:52:59 - [TEST_STEP][PASSED] - strCount = testCaseName.lastIndexOf("/"): null&#xD;
&#xD;
2019-11-04 08:52:59 - [TEST_STEP][PASSED] - testCaseName = testCaseName.substring(strCount): null&#xD;
&#xD;
2019-11-04 08:52:59 - [TEST_STEP][PASSED] - println(testCaseName): null&#xD;
&#xD;
2019-11-04 08:52:59 - [TEST_STEP][PASSED] - if (getTestCaseStatus().equalsIgnoreCase("Error")): null&#xD;
&#xD;
2019-11-04 08:52:59 - [TEST_STEP][PASSED] - Start listener action : sampleAfterTestCase: null</system-out>
            <system-err></system-err>
        </testcase>
        <testcase name="Test Cases/FirstView/FirstPayVault/VPOS_1stPayVault_Search_Vault_By_Date_Retail" classname="Test Cases/FirstView/FirstPayVault/VPOS_1stPayVault_Search_Vault_By_Date_Retail" status="PASSED">
            <system-out>2019-11-04 08:52:59 - [TEST_CASE][PASSED] - Test Cases/FirstView/FirstPayVault/VPOS_1stPayVault_Search_Vault_By_Date_Retail: Test Cases/FirstView/FirstPayVault/VPOS_1stPayVault_Search_Vault_By_Date_Retail&#xD;
&#xD;
2019-11-04 08:53:00 - [TEST_STEP][PASSED] - Start listener action : sampleBeforeTestCase: null&#xD;
&#xD;
2019-11-04 08:53:00 - [TEST_STEP][PASSED] - println(testCaseContext.getTestCaseId()): null&#xD;
&#xD;
2019-11-04 08:53:00 - [TEST_STEP][PASSED] - println(testCaseContext.getTestCaseVariables()): null&#xD;
&#xD;
2019-11-04 08:53:00 - [TEST_STEP][PASSED] - dateList = []: null&#xD;
&#xD;
2019-11-04 08:53:00 - [TEST_STEP][PASSED] - utilities.SafeActions.openBrowser(URL, [PageLoadTime]): utilities.SafeActions.openBrowser is PASSED&#xD;
&#xD;
2019-11-04 08:53:00 - [MESSAGE][INFO] - Opening Browser&#xD;
&#xD;
2019-11-04 08:53:00 - [MESSAGE][INFO] - Starting 'Firefox' driver&#xD;
&#xD;
2019-11-04 08:53:07 - [MESSAGE][PASSED] - Browser is opened with url: 'https://q-www-firstview-net.faps.net/MVC/Account/Login'&#xD;
&#xD;
2019-11-04 08:53:07 - [MESSAGE][PASSED] - Current window maximized&#xD;
&#xD;
2019-11-04 08:53:07 - [MESSAGE][INFO] - Browser Launched Successfully&#xD;
&#xD;
2019-11-04 08:53:07 - [MESSAGE][PASSED] - utilities.SafeActions.openBrowser is PASSED&#xD;
&#xD;
2019-11-04 08:53:07 - [TEST_STEP][PASSED] - pages.Login.login(uName, password): pages.Login.login is PASSED&#xD;
&#xD;
2019-11-04 08:53:07 - [MESSAGE][PASSED] - Object 'Object Repository/Pages/Login/userName' is present&#xD;
&#xD;
2019-11-04 08:53:07 - [MESSAGE][PASSED] - Object 'Object Repository/Pages/Login/userName' is present&#xD;
&#xD;
2019-11-04 08:53:08 - [MESSAGE][PASSED] - Object: 'Object Repository/Pages/Login/userName' is clicked on&#xD;
&#xD;
2019-11-04 08:53:08 - [MESSAGE][PASSED] - Text 'ZenQRetail' is set on object 'Object Repository/Pages/Login/userName'&#xD;
&#xD;
2019-11-04 08:53:08 - [MESSAGE][PASSED] - Object 'Object Repository/Pages/Login/password' is present&#xD;
&#xD;
2019-11-04 08:53:08 - [MESSAGE][PASSED] - Object 'Object Repository/Pages/Login/password' is present&#xD;
&#xD;
2019-11-04 08:53:09 - [MESSAGE][PASSED] - Object: 'Object Repository/Pages/Login/password' is clicked on&#xD;
&#xD;
2019-11-04 08:53:09 - [MESSAGE][PASSED] - Text 'P@ssword1' is set on object 'Object Repository/Pages/Login/password'&#xD;
&#xD;
2019-11-04 08:53:09 - [MESSAGE][INFO] - Safe Click Without scroll&#xD;
&#xD;
2019-11-04 08:53:09 - [MESSAGE][INFO] - 1stPayVault_TestSuite.ts:waiting until Click on Login is Clickable&#xD;
&#xD;
2019-11-04 08:53:09 - [MESSAGE][PASSED] - Object 'Object Repository/Pages/Login/login' is clickable&#xD;
&#xD;
2019-11-04 08:53:09 - [MESSAGE][PASSED] - Object 'Object Repository/Pages/Login/login' is visible&#xD;
&#xD;
2019-11-04 08:53:12 - [MESSAGE][PASSED] - Object: 'Object Repository/Pages/Login/login' is clicked on&#xD;
&#xD;
2019-11-04 08:53:12 - [MESSAGE][INFO] - 1stPayVault_TestSuite.ts: click on the Click on Login&#xD;
&#xD;
2019-11-04 08:53:12 - [MESSAGE][PASSED] - pages.Login.login is PASSED&#xD;
&#xD;
2019-11-04 08:53:12 - [TEST_STEP][PASSED] - callTestCase(findTestCase("FirstView/Login/TC_SendCode"), [:], STOP_ON_FAILURE): Call Test Case 'Test Cases/FirstView/Login/TC_SendCode' successfully&#xD;
&#xD;
2019-11-04 08:53:12 - [TEST_CASE][PASSED] - Test Cases/FirstView/Login/TC_SendCode: Test Cases/FirstView/Login/TC_SendCode&#xD;
&#xD;
2019-11-04 08:53:12 - [TEST_STEP][PASSED] - flag = pages.SendCode.verifyPage(): pages.SendCode.verifyPage is PASSED&#xD;
&#xD;
2019-11-04 08:53:12 - [MESSAGE][PASSED] - Object 'Object Repository/Pages/SendCodeToValidate/header_SendCodeToValidate' is present and visible in viewport&#xD;
&#xD;
2019-11-04 08:53:12 - [MESSAGE][PASSED] - pages.SendCode.verifyPage is PASSED&#xD;
&#xD;
2019-11-04 08:53:12 - [TEST_STEP][PASSED] - if (flag): pages.SendCode.clickonUserSettings is PASSED&#xD;
&#xD;
2019-11-04 08:53:12 - [TEST_STEP][PASSED] - pages.SendCode.clickonUserSettings(): pages.SendCode.clickonUserSettings is PASSED&#xD;
&#xD;
2019-11-04 08:53:12 - [MESSAGE][PASSED] - Object 'Object Repository/Pages/SendCodeToValidate/link_UserSettings' is present&#xD;
&#xD;
2019-11-04 08:53:12 - [MESSAGE][PASSED] - Object 'Object Repository/Pages/SendCodeToValidate/link_UserSettings' is visible&#xD;
&#xD;
2019-11-04 08:53:12 - [MESSAGE][INFO] - 1stPayVault_TestSuite.ts:waiting until Click on User Settings is Clickable&#xD;
&#xD;
2019-11-04 08:53:12 - [MESSAGE][PASSED] - Object 'Object Repository/Pages/SendCodeToValidate/link_UserSettings' is clickable&#xD;
&#xD;
2019-11-04 08:53:12 - [MESSAGE][PASSED] - Object 'Object Repository/Pages/SendCodeToValidate/link_UserSettings' is visible&#xD;
&#xD;
2019-11-04 08:53:14 - [MESSAGE][PASSED] - Object: 'Object Repository/Pages/SendCodeToValidate/link_UserSettings' is clicked on&#xD;
&#xD;
2019-11-04 08:53:14 - [MESSAGE][INFO] - 1stPayVault_TestSuite.ts: Clicked on the Click on User Settings&#xD;
&#xD;
2019-11-04 08:53:14 - [MESSAGE][PASSED] - pages.SendCode.clickonUserSettings is PASSED&#xD;
&#xD;
2019-11-04 08:53:14 - [MESSAGE][PASSED] - Call Test Case 'Test Cases/FirstView/Login/TC_SendCode' successfully&#xD;
&#xD;
2019-11-04 08:53:14 - [TEST_STEP][PASSED] - callTestCase(findTestCase("FirstView/Login/TC_FirstView"), [:], STOP_ON_FAILURE): Call Test Case 'Test Cases/FirstView/Login/TC_FirstView' successfully&#xD;
&#xD;
2019-11-04 08:53:14 - [TEST_CASE][PASSED] - Test Cases/FirstView/Login/TC_FirstView: Test Cases/FirstView/Login/TC_FirstView&#xD;
&#xD;
2019-11-04 08:53:14 - [TEST_STEP][PASSED] - delay(3): Delayed 3 second(s)&#xD;
&#xD;
2019-11-04 08:53:17 - [MESSAGE][PASSED] - Delayed 3 second(s)&#xD;
&#xD;
2019-11-04 08:53:17 - [TEST_STEP][PASSED] - utilities.SafeActions.javascriptclick(findTestObject("Pages/FirstView/link_Home"), delayForElement): utilities.SafeActions.javascriptclick is PASSED&#xD;
&#xD;
2019-11-04 08:53:17 - [MESSAGE][PASSED] - utilities.SafeActions.javascriptclick is PASSED&#xD;
&#xD;
2019-11-04 08:53:17 - [TEST_STEP][PASSED] - utilities.SafeActions.safeClickWithoutScroll(findTestObject("Pages/FirstView/link_VPOS"), "Click on VPOS button in First View screen", [PageLoadTime]): utilities.SafeActions.safeClickWithoutScroll is PASSED&#xD;
&#xD;
2019-11-04 08:53:17 - [MESSAGE][INFO] - Safe Click Without scroll&#xD;
&#xD;
2019-11-04 08:53:17 - [MESSAGE][INFO] - 1stPayVault_TestSuite.ts:waiting until Click on VPOS button in First View screen is Clickable&#xD;
&#xD;
2019-11-04 08:53:18 - [MESSAGE][PASSED] - Object 'Object Repository/Pages/FirstView/link_VPOS' is clickable&#xD;
&#xD;
2019-11-04 08:53:18 - [MESSAGE][PASSED] - Object 'Object Repository/Pages/FirstView/link_VPOS' is visible&#xD;
&#xD;
2019-11-04 08:53:19 - [MESSAGE][PASSED] - Object: 'Object Repository/Pages/FirstView/link_VPOS' is clicked on&#xD;
&#xD;
2019-11-04 08:53:19 - [MESSAGE][INFO] - 1stPayVault_TestSuite.ts: click on the Click on VPOS button in First View screen&#xD;
&#xD;
2019-11-04 08:53:19 - [MESSAGE][PASSED] - utilities.SafeActions.safeClickWithoutScroll is PASSED&#xD;
&#xD;
2019-11-04 08:53:19 - [MESSAGE][PASSED] - Call Test Case 'Test Cases/FirstView/Login/TC_FirstView' successfully&#xD;
&#xD;
2019-11-04 08:53:19 - [TEST_STEP][PASSED] - switchToWindowTitle("Transcenter - VPOS"): Switched to window with title: 'Transcenter - VPOS'&#xD;
&#xD;
2019-11-04 08:53:23 - [MESSAGE][PASSED] - Switched to window with title: 'Transcenter - VPOS'&#xD;
&#xD;
2019-11-04 08:53:23 - [TEST_STEP][PASSED] - focus(findTestObject("Pages/FirstPayVault/tab_FirstPayVault")): Object: 'Object Repository/Pages/FirstPayVault/tab_FirstPayVault' is focused&#xD;
&#xD;
2019-11-04 08:53:25 - [MESSAGE][PASSED] - Object: 'Object Repository/Pages/FirstPayVault/tab_FirstPayVault' is focused&#xD;
&#xD;
2019-11-04 08:53:25 - [TEST_STEP][PASSED] - utilities.SafeActions.javascriptclick(findTestObject("Pages/FirstPayVault/tab_FirstPayVault"), PageLoadTime): utilities.SafeActions.javascriptclick is PASSED&#xD;
&#xD;
2019-11-04 08:53:25 - [MESSAGE][PASSED] - utilities.SafeActions.javascriptclick is PASSED&#xD;
&#xD;
2019-11-04 08:53:25 - [TEST_STEP][PASSED] - delay(2): Delayed 2 second(s)&#xD;
&#xD;
2019-11-04 08:53:27 - [MESSAGE][PASSED] - Delayed 2 second(s)&#xD;
&#xD;
2019-11-04 08:53:27 - [TEST_STEP][PASSED] - utilities.SafeActions.safeClickWithoutScroll(findTestObject("Pages/FirstPayVault/tab_FirstPayVault"), "Click on FistPayVault tab", [delayForElement]): utilities.SafeActions.safeClickWithoutScroll is PASSED&#xD;
&#xD;
2019-11-04 08:53:28 - [MESSAGE][INFO] - Safe Click Without scroll&#xD;
&#xD;
2019-11-04 08:53:28 - [MESSAGE][INFO] - 1stPayVault_TestSuite.ts:waiting until Click on FistPayVault tab is Clickable&#xD;
&#xD;
2019-11-04 08:53:28 - [MESSAGE][PASSED] - Object 'Object Repository/Pages/FirstPayVault/tab_FirstPayVault' is clickable&#xD;
&#xD;
2019-11-04 08:53:28 - [MESSAGE][PASSED] - Object 'Object Repository/Pages/FirstPayVault/tab_FirstPayVault' is visible&#xD;
&#xD;
2019-11-04 08:53:28 - [MESSAGE][PASSED] - Object: 'Object Repository/Pages/FirstPayVault/tab_FirstPayVault' is clicked on&#xD;
&#xD;
2019-11-04 08:53:28 - [MESSAGE][INFO] - 1stPayVault_TestSuite.ts: click on the Click on FistPayVault tab&#xD;
&#xD;
2019-11-04 08:53:28 - [MESSAGE][PASSED] - utilities.SafeActions.safeClickWithoutScroll is PASSED&#xD;
&#xD;
2019-11-04 08:53:28 - [TEST_STEP][PASSED] - utilities.SafeActions.safeClickWithoutScroll(findTestObject("Pages/FirstPayVault/button_CreateVault"), "Click on CreateVault button", [PageLoadTime]): utilities.SafeActions.safeClickWithoutScroll is PASSED&#xD;
&#xD;
2019-11-04 08:53:29 - [MESSAGE][INFO] - Safe Click Without scroll&#xD;
&#xD;
2019-11-04 08:53:29 - [MESSAGE][INFO] - 1stPayVault_TestSuite.ts:waiting until Click on CreateVault button is Clickable&#xD;
&#xD;
2019-11-04 08:53:29 - [MESSAGE][PASSED] - Object 'Object Repository/Pages/FirstPayVault/button_CreateVault' is clickable&#xD;
&#xD;
2019-11-04 08:53:29 - [MESSAGE][PASSED] - Object 'Object Repository/Pages/FirstPayVault/button_CreateVault' is visible&#xD;
&#xD;
2019-11-04 08:53:30 - [MESSAGE][PASSED] - Object: 'Object Repository/Pages/FirstPayVault/button_CreateVault' is clicked on&#xD;
&#xD;
2019-11-04 08:53:30 - [MESSAGE][INFO] - 1stPayVault_TestSuite.ts: click on the Click on CreateVault button&#xD;
&#xD;
2019-11-04 08:53:30 - [MESSAGE][PASSED] - utilities.SafeActions.safeClickWithoutScroll is PASSED&#xD;
&#xD;
2019-11-04 08:53:30 - [TEST_STEP][PASSED] - scrollToElement(findTestObject("Pages/FirstPayVault/input_VaultReferenceNumber"), PageLoadTime): Scroll to object 'Object Repository/Pages/FirstPayVault/input_VaultReferenceNumber' successfully&#xD;
&#xD;
2019-11-04 08:53:30 - [MESSAGE][PASSED] - Scroll to object 'Object Repository/Pages/FirstPayVault/input_VaultReferenceNumber' successfully&#xD;
&#xD;
2019-11-04 08:53:30 - [TEST_STEP][PASSED] - vaultReference = utilities.SafeActions.timeWithMilliSeconds(): utilities.SafeActions.timeWithMilliSeconds is PASSED&#xD;
&#xD;
2019-11-04 08:53:30 - [MESSAGE][PASSED] - utilities.SafeActions.timeWithMilliSeconds is PASSED&#xD;
&#xD;
2019-11-04 08:53:30 - [TEST_STEP][PASSED] - utilities.SafeActions.safeType(findTestObject("Pages/FirstPayVault/input_VaultReferenceNumber"), vaultReference, "Entering Vault Reference Number", [PageLoadTime]): utilities.SafeActions.safeType is PASSED&#xD;
&#xD;
2019-11-04 08:53:30 - [MESSAGE][PASSED] - Object 'Object Repository/Pages/FirstPayVault/input_VaultReferenceNumber' is present&#xD;
&#xD;
2019-11-04 08:53:30 - [MESSAGE][PASSED] - Object 'Object Repository/Pages/FirstPayVault/input_VaultReferenceNumber' is present&#xD;
&#xD;
2019-11-04 08:53:31 - [MESSAGE][PASSED] - Object: 'Object Repository/Pages/FirstPayVault/input_VaultReferenceNumber' is clicked on&#xD;
&#xD;
2019-11-04 08:53:31 - [MESSAGE][PASSED] - Text '2019-11-04 08:53:30.277' is set on object 'Object Repository/Pages/FirstPayVault/input_VaultReferenceNumber'&#xD;
&#xD;
2019-11-04 08:53:31 - [MESSAGE][PASSED] - utilities.SafeActions.safeType is PASSED&#xD;
&#xD;
2019-11-04 08:53:31 - [TEST_STEP][PASSED] - utilities.SafeActions.safeType(findTestObject("Pages/FirstPayVault/input_CreditCardNumber"), visaCardNumber, "Entering Card Number", [PageLoadTime]): utilities.SafeActions.safeType is PASSED&#xD;
&#xD;
2019-11-04 08:53:31 - [MESSAGE][PASSED] - Object 'Object Repository/Pages/FirstPayVault/input_CreditCardNumber' is present&#xD;
&#xD;
2019-11-04 08:53:31 - [MESSAGE][PASSED] - Object 'Object Repository/Pages/FirstPayVault/input_CreditCardNumber' is present&#xD;
&#xD;
2019-11-04 08:53:32 - [MESSAGE][PASSED] - Object: 'Object Repository/Pages/FirstPayVault/input_CreditCardNumber' is clicked on&#xD;
&#xD;
2019-11-04 08:53:32 - [MESSAGE][PASSED] - Text '4111111111111111' is set on object 'Object Repository/Pages/FirstPayVault/input_CreditCardNumber'&#xD;
&#xD;
2019-11-04 08:53:32 - [MESSAGE][PASSED] - utilities.SafeActions.safeType is PASSED&#xD;
&#xD;
2019-11-04 08:53:32 - [TEST_STEP][PASSED] - utilities.SafeActions.safeSelectOptionInDropDownByVisibleText(findTestObject("Pages/FirstPayVault/dropDown_ExpirationYear"), cardYear, "year", [PageLoadTime]): utilities.SafeActions.safeSelectOptionInDropDownByVisibleText is PASSED&#xD;
&#xD;
2019-11-04 08:53:32 - [MESSAGE][PASSED] - Object 'Object Repository/Pages/FirstPayVault/dropDown_ExpirationYear' is visible&#xD;
&#xD;
2019-11-04 08:53:32 - [MESSAGE][PASSED] - Object 'Object Repository/Pages/FirstPayVault/dropDown_ExpirationYear' is present&#xD;
&#xD;
2019-11-04 08:53:33 - [MESSAGE][PASSED] - Object: 'Object Repository/Pages/FirstPayVault/dropDown_ExpirationYear' is clicked on&#xD;
&#xD;
2019-11-04 08:53:33 - [MESSAGE][PASSED] - All options with label '2032' are selected in object 'Object Repository/Pages/FirstPayVault/dropDown_ExpirationYear' &#xD;
&#xD;
2019-11-04 08:53:33 - [MESSAGE][PASSED] - utilities.SafeActions.safeSelectOptionInDropDownByVisibleText is PASSED&#xD;
&#xD;
2019-11-04 08:53:33 - [TEST_STEP][PASSED] - utilities.SafeActions.safeSelectOptionInDropDownByVisibleText(findTestObject("Pages/FirstPayVault/dropDown_ExpirationMonth"), cardMonth, "Expiration Month", [PageLoadTime]): utilities.SafeActions.safeSelectOptionInDropDownByVisibleText is PASSED&#xD;
&#xD;
2019-11-04 08:53:33 - [MESSAGE][PASSED] - Object 'Object Repository/Pages/FirstPayVault/dropDown_ExpirationMonth' is visible&#xD;
&#xD;
2019-11-04 08:53:33 - [MESSAGE][PASSED] - Object 'Object Repository/Pages/FirstPayVault/dropDown_ExpirationMonth' is present&#xD;
&#xD;
2019-11-04 08:53:34 - [MESSAGE][PASSED] - Object: 'Object Repository/Pages/FirstPayVault/dropDown_ExpirationMonth' is clicked on&#xD;
&#xD;
2019-11-04 08:53:34 - [MESSAGE][PASSED] - All options with label 'September' are selected in object 'Object Repository/Pages/FirstPayVault/dropDown_ExpirationMonth' &#xD;
&#xD;
2019-11-04 08:53:34 - [MESSAGE][PASSED] - utilities.SafeActions.safeSelectOptionInDropDownByVisibleText is PASSED&#xD;
&#xD;
2019-11-04 08:53:34 - [TEST_STEP][PASSED] - utilities.SafeActions.safeType(findTestObject("Pages/FirstPayVault/input_ContactName"), customerName, "Enter Contact Name", [PageLoadTime]): utilities.SafeActions.safeType is PASSED&#xD;
&#xD;
2019-11-04 08:53:35 - [MESSAGE][PASSED] - Object 'Object Repository/Pages/FirstPayVault/input_ContactName' is present&#xD;
&#xD;
2019-11-04 08:53:35 - [MESSAGE][PASSED] - Object 'Object Repository/Pages/FirstPayVault/input_ContactName' is present&#xD;
&#xD;
2019-11-04 08:53:35 - [MESSAGE][PASSED] - Object: 'Object Repository/Pages/FirstPayVault/input_ContactName' is clicked on&#xD;
&#xD;
2019-11-04 08:53:36 - [MESSAGE][PASSED] - Text 'Venkata Sai' is set on object 'Object Repository/Pages/FirstPayVault/input_ContactName'&#xD;
&#xD;
2019-11-04 08:53:36 - [MESSAGE][PASSED] - utilities.SafeActions.safeType is PASSED&#xD;
&#xD;
2019-11-04 08:53:36 - [TEST_STEP][PASSED] - utilities.SafeActions.safeType(findTestObject("Pages/FirstPayVault/input_PostalCode"), postalCode, "Enter Postal Code", [PageLoadTime]): utilities.SafeActions.safeType is PASSED&#xD;
&#xD;
2019-11-04 08:53:36 - [MESSAGE][PASSED] - Object 'Object Repository/Pages/FirstPayVault/input_PostalCode' is present&#xD;
&#xD;
2019-11-04 08:53:36 - [MESSAGE][PASSED] - Object 'Object Repository/Pages/FirstPayVault/input_PostalCode' is present&#xD;
&#xD;
2019-11-04 08:53:37 - [MESSAGE][PASSED] - Object: 'Object Repository/Pages/FirstPayVault/input_PostalCode' is clicked on&#xD;
&#xD;
2019-11-04 08:53:37 - [MESSAGE][PASSED] - Text '76102' is set on object 'Object Repository/Pages/FirstPayVault/input_PostalCode'&#xD;
&#xD;
2019-11-04 08:53:37 - [MESSAGE][PASSED] - utilities.SafeActions.safeType is PASSED&#xD;
&#xD;
2019-11-04 08:53:37 - [TEST_STEP][PASSED] - utilities.SafeActions.safeType(findTestObject("Pages/FirstPayVault/input_Address"), address, "Enter ddress", [PageLoadTime]): utilities.SafeActions.safeType is PASSED&#xD;
&#xD;
2019-11-04 08:53:37 - [MESSAGE][PASSED] - Object 'Object Repository/Pages/FirstPayVault/input_Address' is present&#xD;
&#xD;
2019-11-04 08:53:37 - [MESSAGE][PASSED] - Object 'Object Repository/Pages/FirstPayVault/input_Address' is present&#xD;
&#xD;
2019-11-04 08:53:38 - [MESSAGE][PASSED] - Object: 'Object Repository/Pages/FirstPayVault/input_Address' is clicked on&#xD;
&#xD;
2019-11-04 08:53:38 - [MESSAGE][PASSED] - Text 'Street123' is set on object 'Object Repository/Pages/FirstPayVault/input_Address'&#xD;
&#xD;
2019-11-04 08:53:38 - [MESSAGE][PASSED] - utilities.SafeActions.safeType is PASSED&#xD;
&#xD;
2019-11-04 08:53:38 - [TEST_STEP][PASSED] - utilities.SafeActions.safeCheckForElement(findTestObject("Pages/FirstPayVault/chekBox_AddShippingInformation"), PageLoadTime): utilities.SafeActions.safeCheckForElement is PASSED&#xD;
&#xD;
2019-11-04 08:53:38 - [MESSAGE][PASSED] - Object 'Object Repository/Pages/FirstPayVault/chekBox_AddShippingInformation' is present&#xD;
&#xD;
2019-11-04 08:53:38 - [MESSAGE][PASSED] - Object 'Object Repository/Pages/FirstPayVault/chekBox_AddShippingInformation' is visible&#xD;
&#xD;
2019-11-04 08:53:38 - [MESSAGE][PASSED] - Object 'Object Repository/Pages/FirstPayVault/chekBox_AddShippingInformation' is present&#xD;
&#xD;
2019-11-04 08:53:39 - [MESSAGE][PASSED] - Object 'Object Repository/Pages/FirstPayVault/chekBox_AddShippingInformation' is checked&#xD;
&#xD;
2019-11-04 08:53:39 - [MESSAGE][PASSED] - utilities.SafeActions.safeCheckForElement is PASSED&#xD;
&#xD;
2019-11-04 08:53:39 - [TEST_STEP][PASSED] - utilities.SafeActions.safeType(findTestObject("Pages/FirstPayVault/input_ShippingMethod"), shippingMethod, "Enter Shipping Method", [PageLoadTime]): utilities.SafeActions.safeType is PASSED&#xD;
&#xD;
2019-11-04 08:53:39 - [MESSAGE][PASSED] - Object 'Object Repository/Pages/FirstPayVault/input_ShippingMethod' is present&#xD;
&#xD;
2019-11-04 08:53:39 - [MESSAGE][PASSED] - Object 'Object Repository/Pages/FirstPayVault/input_ShippingMethod' is present&#xD;
&#xD;
2019-11-04 08:53:40 - [MESSAGE][PASSED] - Object: 'Object Repository/Pages/FirstPayVault/input_ShippingMethod' is clicked on&#xD;
&#xD;
2019-11-04 08:53:40 - [MESSAGE][PASSED] - Text 'DTDC' is set on object 'Object Repository/Pages/FirstPayVault/input_ShippingMethod'&#xD;
&#xD;
2019-11-04 08:53:40 - [MESSAGE][PASSED] - utilities.SafeActions.safeType is PASSED&#xD;
&#xD;
2019-11-04 08:53:40 - [TEST_STEP][PASSED] - utilities.SafeActions.safeCheckForElement(findTestObject("Pages/FirstPayVault/checkbox_SameAsBillingInformation"), PageLoadTime): utilities.SafeActions.safeCheckForElement is PASSED&#xD;
&#xD;
2019-11-04 08:53:40 - [MESSAGE][PASSED] - Object 'Object Repository/Pages/FirstPayVault/checkbox_SameAsBillingInformation' is present&#xD;
&#xD;
2019-11-04 08:53:40 - [MESSAGE][PASSED] - Object 'Object Repository/Pages/FirstPayVault/checkbox_SameAsBillingInformation' is visible&#xD;
&#xD;
2019-11-04 08:53:40 - [MESSAGE][PASSED] - Object 'Object Repository/Pages/FirstPayVault/checkbox_SameAsBillingInformation' is present&#xD;
&#xD;
2019-11-04 08:53:41 - [MESSAGE][PASSED] - Object 'Object Repository/Pages/FirstPayVault/checkbox_SameAsBillingInformation' is checked&#xD;
&#xD;
2019-11-04 08:53:41 - [MESSAGE][PASSED] - utilities.SafeActions.safeCheckForElement is PASSED&#xD;
&#xD;
2019-11-04 08:53:41 - [TEST_STEP][PASSED] - utilities.SafeActions.safeClickwithScroll(findTestObject("Pages/FirstPayVault/button_Create"), "Click on Create Button", [PageLoadTime]): utilities.SafeActions.safeClickwithScroll is PASSED&#xD;
&#xD;
2019-11-04 08:53:41 - [MESSAGE][PASSED] - Object 'Object Repository/Pages/FirstPayVault/button_Create' is present&#xD;
&#xD;
2019-11-04 08:53:41 - [MESSAGE][PASSED] - Object 'Object Repository/Pages/FirstPayVault/button_Create' is visible&#xD;
&#xD;
2019-11-04 08:53:41 - [MESSAGE][INFO] - 1stPayVault_TestSuite.ts:waiting until Click on Create Button is Clickable&#xD;
&#xD;
2019-11-04 08:53:41 - [MESSAGE][PASSED] - Object 'Object Repository/Pages/FirstPayVault/button_Create' is clickable&#xD;
&#xD;
2019-11-04 08:53:41 - [MESSAGE][PASSED] - Object 'Object Repository/Pages/FirstPayVault/button_Create' is visible&#xD;
&#xD;
2019-11-04 08:53:42 - [MESSAGE][PASSED] - Object: 'Object Repository/Pages/FirstPayVault/button_Create' is clicked on&#xD;
&#xD;
2019-11-04 08:53:42 - [MESSAGE][INFO] - 1stPayVault_TestSuite.ts: Clicked on the Click on Create Button&#xD;
&#xD;
2019-11-04 08:53:42 - [MESSAGE][PASSED] - utilities.SafeActions.safeClickwithScroll is PASSED&#xD;
&#xD;
2019-11-04 08:53:42 - [TEST_STEP][PASSED] - delay(2): Delayed 2 second(s)&#xD;
&#xD;
2019-11-04 08:53:44 - [MESSAGE][PASSED] - Delayed 2 second(s)&#xD;
&#xD;
2019-11-04 08:53:44 - [TEST_STEP][PASSED] - popupSavedToVaultMessage = utilities.SafeActions.safeGetText(findTestObject("Pages/FirstPayVault/popup_SavedToVaultMessage"), PageLoadTime): utilities.SafeActions.safeGetText is PASSED&#xD;
&#xD;
2019-11-04 08:53:44 - [MESSAGE][PASSED] - Object 'Object Repository/Pages/FirstPayVault/popup_SavedToVaultMessage' is present&#xD;
&#xD;
2019-11-04 08:53:44 - [MESSAGE][PASSED] - Scroll to object 'Object Repository/Pages/FirstPayVault/popup_SavedToVaultMessage' successfully&#xD;
&#xD;
2019-11-04 08:53:44 - [MESSAGE][PASSED] - Object 'Object Repository/Pages/FirstPayVault/popup_SavedToVaultMessage' is present&#xD;
&#xD;
2019-11-04 08:53:44 - [MESSAGE][PASSED] - Text of object 'Object Repository/Pages/FirstPayVault/popup_SavedToVaultMessage' is: 'Successfully Saved to Vault'&#xD;
&#xD;
2019-11-04 08:53:44 - [MESSAGE][PASSED] - utilities.SafeActions.safeGetText is PASSED&#xD;
&#xD;
2019-11-04 08:53:44 - [TEST_STEP][PASSED] - flag = utilities.SafeActions.verifyPopupMessage("Successfully Saved to Vault", popupSavedToVaultMessage): Popup Message : Successfully Saved to Vault matched with expected message : Successfully Saved to Vault&#xD;
&#xD;
2019-11-04 08:53:44 - [MESSAGE][PASSED] - Popup Message : Successfully Saved to Vault matched with expected message : Successfully Saved to Vault&#xD;
&#xD;
2019-11-04 08:53:44 - [TEST_STEP][PASSED] - utilities.SafeActions.safeClickWithoutScroll(findTestObject("Pages/FirstPayVault/button_SearchVault_InPopup"), "Search Vault in Popup", [delayBetweenTestSteps]): utilities.SafeActions.safeClickWithoutScroll is PASSED&#xD;
&#xD;
2019-11-04 08:53:45 - [MESSAGE][INFO] - Safe Click Without scroll&#xD;
&#xD;
2019-11-04 08:53:45 - [MESSAGE][INFO] - 1stPayVault_TestSuite.ts:waiting until Search Vault in Popup is Clickable&#xD;
&#xD;
2019-11-04 08:53:45 - [MESSAGE][PASSED] - Object 'Object Repository/Pages/FirstPayVault/button_SearchVault_InPopup' is clickable&#xD;
&#xD;
2019-11-04 08:53:45 - [MESSAGE][PASSED] - Object 'Object Repository/Pages/FirstPayVault/button_SearchVault_InPopup' is visible&#xD;
&#xD;
2019-11-04 08:53:46 - [MESSAGE][PASSED] - Object: 'Object Repository/Pages/FirstPayVault/button_SearchVault_InPopup' is clicked on&#xD;
&#xD;
2019-11-04 08:53:46 - [MESSAGE][INFO] - 1stPayVault_TestSuite.ts: click on the Search Vault in Popup&#xD;
&#xD;
2019-11-04 08:53:46 - [MESSAGE][PASSED] - utilities.SafeActions.safeClickWithoutScroll is PASSED&#xD;
&#xD;
2019-11-04 08:53:46 - [TEST_STEP][PASSED] - utilities.SafeActions.safeClickwithScroll(findTestObject("Pages/FirstPayVault/date_StartDate_1stPayVault"), "Click on Date Input", [PageLoadTime]): utilities.SafeActions.safeClickwithScroll is PASSED&#xD;
&#xD;
2019-11-04 08:53:46 - [MESSAGE][PASSED] - Object 'Object Repository/Pages/FirstPayVault/date_StartDate_1stPayVault' is present&#xD;
&#xD;
2019-11-04 08:53:46 - [MESSAGE][PASSED] - Object 'Object Repository/Pages/FirstPayVault/date_StartDate_1stPayVault' is visible&#xD;
&#xD;
2019-11-04 08:53:46 - [MESSAGE][INFO] - 1stPayVault_TestSuite.ts:waiting until Click on Date Input is Clickable&#xD;
&#xD;
2019-11-04 08:53:46 - [MESSAGE][PASSED] - Object 'Object Repository/Pages/FirstPayVault/date_StartDate_1stPayVault' is clickable&#xD;
&#xD;
2019-11-04 08:53:46 - [MESSAGE][PASSED] - Object 'Object Repository/Pages/FirstPayVault/date_StartDate_1stPayVault' is visible&#xD;
&#xD;
2019-11-04 08:53:47 - [MESSAGE][PASSED] - Object: 'Object Repository/Pages/FirstPayVault/date_StartDate_1stPayVault' is clicked on&#xD;
&#xD;
2019-11-04 08:53:47 - [MESSAGE][INFO] - 1stPayVault_TestSuite.ts: Clicked on the Click on Date Input&#xD;
&#xD;
2019-11-04 08:53:47 - [MESSAGE][PASSED] - utilities.SafeActions.safeClickwithScroll is PASSED&#xD;
&#xD;
2019-11-04 08:53:47 - [TEST_STEP][PASSED] - dateValue = utilities.SafeActions.timeWithMilliSeconds(): utilities.SafeActions.timeWithMilliSeconds is PASSED&#xD;
&#xD;
2019-11-04 08:53:47 - [MESSAGE][PASSED] - utilities.SafeActions.timeWithMilliSeconds is PASSED&#xD;
&#xD;
2019-11-04 08:53:47 - [TEST_STEP][PASSED] - dateList = dateValue.split("-"): null&#xD;
&#xD;
2019-11-04 08:53:47 - [TEST_STEP][PASSED] - cardThisYear = dateList.get(0): null&#xD;
&#xD;
2019-11-04 08:53:47 - [TEST_STEP][PASSED] - cardThisMonth = dateList.get(1): null&#xD;
&#xD;
2019-11-04 08:53:47 - [TEST_STEP][PASSED] - start_date_Value = dateList.get(2): null&#xD;
&#xD;
2019-11-04 08:53:47 - [TEST_STEP][PASSED] - end_date_Value = dateList.get(2): null&#xD;
&#xD;
2019-11-04 08:53:47 - [TEST_STEP][PASSED] - cardMonthName = DateFormatSymbols().getMonths()[cardThisMonth.toInteger() - 1]: null&#xD;
&#xD;
2019-11-04 08:53:47 - [TEST_STEP][PASSED] - pages.Sale.selectMonthYear(findTestObject("Pages/Sale/link_MonthYear"), findTestObject("Pages/Sale/calender_NextButton"), cardMonthName, cardThisYear): pages.Sale.selectMonthYear is PASSED&#xD;
&#xD;
2019-11-04 08:53:47 - [MESSAGE][PASSED] - Text of object 'Object Repository/Pages/Sale/link_MonthYear' is: 'November 2019'&#xD;
&#xD;
2019-11-04 08:53:47 - [MESSAGE][PASSED] - pages.Sale.selectMonthYear is PASSED&#xD;
&#xD;
2019-11-04 08:53:47 - [TEST_STEP][PASSED] - pages.Sale.selectDate(trim().toInteger()): pages.Sale.selectDate is PASSED&#xD;
&#xD;
2019-11-04 08:53:47 - [MESSAGE][PASSED] - Object: '' is clicked on&#xD;
&#xD;
2019-11-04 08:53:47 - [MESSAGE][PASSED] - pages.Sale.selectDate is PASSED&#xD;
&#xD;
2019-11-04 08:53:47 - [TEST_STEP][PASSED] - utilities.SafeActions.safeClickWithoutScroll(findTestObject("Pages/FirstPayVault/date_EndDate_1stPayVault"), "Click on Date Input", [PageLoadTime]): utilities.SafeActions.safeClickWithoutScroll is PASSED&#xD;
&#xD;
2019-11-04 08:53:47 - [MESSAGE][INFO] - Safe Click Without scroll&#xD;
&#xD;
2019-11-04 08:53:47 - [MESSAGE][INFO] - 1stPayVault_TestSuite.ts:waiting until Click on Date Input is Clickable&#xD;
&#xD;
2019-11-04 08:53:47 - [MESSAGE][PASSED] - Object 'Object Repository/Pages/FirstPayVault/date_EndDate_1stPayVault' is clickable&#xD;
&#xD;
2019-11-04 08:53:47 - [MESSAGE][PASSED] - Object 'Object Repository/Pages/FirstPayVault/date_EndDate_1stPayVault' is visible&#xD;
&#xD;
2019-11-04 08:53:48 - [MESSAGE][PASSED] - Object: 'Object Repository/Pages/FirstPayVault/date_EndDate_1stPayVault' is clicked on&#xD;
&#xD;
2019-11-04 08:53:48 - [MESSAGE][INFO] - 1stPayVault_TestSuite.ts: click on the Click on Date Input&#xD;
&#xD;
2019-11-04 08:53:48 - [MESSAGE][PASSED] - utilities.SafeActions.safeClickWithoutScroll is PASSED&#xD;
&#xD;
2019-11-04 08:53:48 - [TEST_STEP][PASSED] - pages.Sale.selectMonthYear(findTestObject("Pages/Sale/link_MonthYear"), findTestObject("Pages/Sale/calender_NextButton"), cardMonthName, cardThisYear): pages.Sale.selectMonthYear is PASSED&#xD;
&#xD;
2019-11-04 08:53:48 - [MESSAGE][PASSED] - Text of object 'Object Repository/Pages/Sale/link_MonthYear' is: 'November 2019'&#xD;
&#xD;
2019-11-04 08:53:48 - [MESSAGE][PASSED] - pages.Sale.selectMonthYear is PASSED&#xD;
&#xD;
2019-11-04 08:53:48 - [TEST_STEP][PASSED] - pages.Sale.selectDate(trim().toInteger()): pages.Sale.selectDate is PASSED&#xD;
&#xD;
2019-11-04 08:53:49 - [MESSAGE][PASSED] - Object: '' is clicked on&#xD;
&#xD;
2019-11-04 08:53:49 - [MESSAGE][PASSED] - pages.Sale.selectDate is PASSED&#xD;
&#xD;
2019-11-04 08:53:49 - [TEST_STEP][PASSED] - utilities.SafeActions.safeClickWithoutScroll(findTestObject("Pages/FirstPayVault/button_Search"), "Click On Search button", [PageLoadTime]): utilities.SafeActions.safeClickWithoutScroll is PASSED&#xD;
&#xD;
2019-11-04 08:53:49 - [MESSAGE][INFO] - Safe Click Without scroll&#xD;
&#xD;
2019-11-04 08:53:49 - [MESSAGE][INFO] - 1stPayVault_TestSuite.ts:waiting until Click On Search button is Clickable&#xD;
&#xD;
2019-11-04 08:53:49 - [MESSAGE][PASSED] - Object 'Object Repository/Pages/FirstPayVault/button_Search' is clickable&#xD;
&#xD;
2019-11-04 08:53:49 - [MESSAGE][PASSED] - Object 'Object Repository/Pages/FirstPayVault/button_Search' is visible&#xD;
&#xD;
2019-11-04 08:53:50 - [MESSAGE][PASSED] - Object: 'Object Repository/Pages/FirstPayVault/button_Search' is clicked on&#xD;
&#xD;
2019-11-04 08:53:50 - [MESSAGE][INFO] - 1stPayVault_TestSuite.ts: click on the Click On Search button&#xD;
&#xD;
2019-11-04 08:53:50 - [MESSAGE][PASSED] - utilities.SafeActions.safeClickWithoutScroll is PASSED&#xD;
&#xD;
2019-11-04 08:53:50 - [TEST_STEP][PASSED] - scrollToElement(findTestObject("Pages/Transaction_Management/invoice_ForTransaction"), PageLoadTime): Scroll to object 'Object Repository/Pages/Transaction_Management/invoice_ForTransaction' successfully&#xD;
&#xD;
2019-11-04 08:53:53 - [MESSAGE][PASSED] - Scroll to object 'Object Repository/Pages/Transaction_Management/invoice_ForTransaction' successfully&#xD;
&#xD;
2019-11-04 08:53:53 - [TEST_STEP][PASSED] - pages.FirstPayVault.verifyInvoiceRecord(findTestObject("Pages/FirstPayVault/footer_NextButton"), findTestObject("Pages/FirstPayVault/page_Number"), vaultReference): The Vault is found in page 1&#xD;
&#xD;
2019-11-04 08:53:53 - [MESSAGE][PASSED] - Text of object 'Object Repository/Pages/FirstPayVault/page_Number' is: 'Page 1 of 6'&#xD;
&#xD;
2019-11-04 08:53:53 - [MESSAGE][PASSED] - The Vault is found in page 1&#xD;
&#xD;
2019-11-04 08:53:54 - [TEST_STEP][PASSED] - closeBrowser(): Browser is closed&#xD;
&#xD;
2019-11-04 08:53:56 - [MESSAGE][PASSED] - Browser is closed&#xD;
&#xD;
2019-11-04 08:53:56 - [TEST_STEP][PASSED] - Start listener action : sampleAfterTestCase: null&#xD;
&#xD;
2019-11-04 08:53:56 - [TEST_STEP][PASSED] - println(testCaseContext.getTestCaseId()): null&#xD;
&#xD;
2019-11-04 08:53:56 - [TEST_STEP][PASSED] - println(testCaseContext.getTestCaseStatus()): null&#xD;
&#xD;
2019-11-04 08:53:56 - [TEST_STEP][PASSED] - testCaseName = testCaseContext.getTestCaseId(): null&#xD;
&#xD;
2019-11-04 08:53:56 - [TEST_STEP][PASSED] - strCount = testCaseName.lastIndexOf("/"): null&#xD;
&#xD;
2019-11-04 08:53:56 - [TEST_STEP][PASSED] - testCaseName = testCaseName.substring(strCount): null&#xD;
&#xD;
2019-11-04 08:53:56 - [TEST_STEP][PASSED] - println(testCaseName): null&#xD;
&#xD;
2019-11-04 08:53:56 - [TEST_STEP][PASSED] - if (getTestCaseStatus().equalsIgnoreCase("Error")): null&#xD;
&#xD;
2019-11-04 08:53:56 - [TEST_STEP][PASSED] - Start listener action : sampleAfterTestCase: null</system-out>
            <system-err></system-err>
        </testcase>
        <testcase name="Test Cases/FirstView/FirstPayVault/VPOS_1stPayVault_Search_Vault_By_CardNumber_Retail" classname="Test Cases/FirstView/FirstPayVault/VPOS_1stPayVault_Search_Vault_By_CardNumber_Retail" status="PASSED">
            <system-out>2019-11-04 08:53:56 - [TEST_CASE][PASSED] - Test Cases/FirstView/FirstPayVault/VPOS_1stPayVault_Search_Vault_By_CardNumber_Retail: Test Cases/FirstView/FirstPayVault/VPOS_1stPayVault_Search_Vault_By_CardNumber_Retail&#xD;
&#xD;
2019-11-04 08:53:56 - [TEST_STEP][PASSED] - Start listener action : sampleBeforeTestCase: null&#xD;
&#xD;
2019-11-04 08:53:56 - [TEST_STEP][PASSED] - println(testCaseContext.getTestCaseId()): null&#xD;
&#xD;
2019-11-04 08:53:56 - [TEST_STEP][PASSED] - println(testCaseContext.getTestCaseVariables()): null&#xD;
&#xD;
2019-11-04 08:53:56 - [TEST_STEP][PASSED] - utilities.SafeActions.openBrowser(URL, [PageLoadTime]): utilities.SafeActions.openBrowser is PASSED&#xD;
&#xD;
2019-11-04 08:53:56 - [MESSAGE][INFO] - Opening Browser&#xD;
&#xD;
2019-11-04 08:53:56 - [MESSAGE][INFO] - Starting 'Firefox' driver&#xD;
&#xD;
2019-11-04 08:54:03 - [MESSAGE][PASSED] - Browser is opened with url: 'https://q-www-firstview-net.faps.net/MVC/Account/Login'&#xD;
&#xD;
2019-11-04 08:54:03 - [MESSAGE][PASSED] - Current window maximized&#xD;
&#xD;
2019-11-04 08:54:03 - [MESSAGE][INFO] - Browser Launched Successfully&#xD;
&#xD;
2019-11-04 08:54:03 - [MESSAGE][PASSED] - utilities.SafeActions.openBrowser is PASSED&#xD;
&#xD;
2019-11-04 08:54:03 - [TEST_STEP][PASSED] - pages.Login.login(uName, password): pages.Login.login is PASSED&#xD;
&#xD;
2019-11-04 08:54:03 - [MESSAGE][PASSED] - Object 'Object Repository/Pages/Login/userName' is present&#xD;
&#xD;
2019-11-04 08:54:03 - [MESSAGE][PASSED] - Object 'Object Repository/Pages/Login/userName' is present&#xD;
&#xD;
2019-11-04 08:54:04 - [MESSAGE][PASSED] - Object: 'Object Repository/Pages/Login/userName' is clicked on&#xD;
&#xD;
2019-11-04 08:54:04 - [MESSAGE][PASSED] - Text 'ZenQRetail' is set on object 'Object Repository/Pages/Login/userName'&#xD;
&#xD;
2019-11-04 08:54:05 - [MESSAGE][PASSED] - Object 'Object Repository/Pages/Login/password' is present&#xD;
&#xD;
2019-11-04 08:54:05 - [MESSAGE][PASSED] - Object 'Object Repository/Pages/Login/password' is present&#xD;
&#xD;
2019-11-04 08:54:05 - [MESSAGE][PASSED] - Object: 'Object Repository/Pages/Login/password' is clicked on&#xD;
&#xD;
2019-11-04 08:54:05 - [MESSAGE][PASSED] - Text 'P@ssword1' is set on object 'Object Repository/Pages/Login/password'&#xD;
&#xD;
2019-11-04 08:54:05 - [MESSAGE][INFO] - Safe Click Without scroll&#xD;
&#xD;
2019-11-04 08:54:05 - [MESSAGE][INFO] - 1stPayVault_TestSuite.ts:waiting until Click on Login is Clickable&#xD;
&#xD;
2019-11-04 08:54:06 - [MESSAGE][PASSED] - Object 'Object Repository/Pages/Login/login' is clickable&#xD;
&#xD;
2019-11-04 08:54:06 - [MESSAGE][PASSED] - Object 'Object Repository/Pages/Login/login' is visible&#xD;
&#xD;
2019-11-04 08:54:08 - [MESSAGE][PASSED] - Object: 'Object Repository/Pages/Login/login' is clicked on&#xD;
&#xD;
2019-11-04 08:54:08 - [MESSAGE][INFO] - 1stPayVault_TestSuite.ts: click on the Click on Login&#xD;
&#xD;
2019-11-04 08:54:08 - [MESSAGE][PASSED] - pages.Login.login is PASSED&#xD;
&#xD;
2019-11-04 08:54:08 - [TEST_STEP][PASSED] - callTestCase(findTestCase("FirstView/Login/TC_SendCode"), [:], STOP_ON_FAILURE): Call Test Case 'Test Cases/FirstView/Login/TC_SendCode' successfully&#xD;
&#xD;
2019-11-04 08:54:08 - [TEST_CASE][PASSED] - Test Cases/FirstView/Login/TC_SendCode: Test Cases/FirstView/Login/TC_SendCode&#xD;
&#xD;
2019-11-04 08:54:08 - [TEST_STEP][PASSED] - flag = pages.SendCode.verifyPage(): pages.SendCode.verifyPage is PASSED&#xD;
&#xD;
2019-11-04 08:54:08 - [MESSAGE][PASSED] - Object 'Object Repository/Pages/SendCodeToValidate/header_SendCodeToValidate' is present and visible in viewport&#xD;
&#xD;
2019-11-04 08:54:08 - [MESSAGE][PASSED] - pages.SendCode.verifyPage is PASSED&#xD;
&#xD;
2019-11-04 08:54:08 - [TEST_STEP][PASSED] - if (flag): pages.SendCode.clickonUserSettings is PASSED&#xD;
&#xD;
2019-11-04 08:54:08 - [TEST_STEP][PASSED] - pages.SendCode.clickonUserSettings(): pages.SendCode.clickonUserSettings is PASSED&#xD;
&#xD;
2019-11-04 08:54:09 - [MESSAGE][PASSED] - Object 'Object Repository/Pages/SendCodeToValidate/link_UserSettings' is present&#xD;
&#xD;
2019-11-04 08:54:09 - [MESSAGE][PASSED] - Object 'Object Repository/Pages/SendCodeToValidate/link_UserSettings' is visible&#xD;
&#xD;
2019-11-04 08:54:09 - [MESSAGE][INFO] - 1stPayVault_TestSuite.ts:waiting until Click on User Settings is Clickable&#xD;
&#xD;
2019-11-04 08:54:09 - [MESSAGE][PASSED] - Object 'Object Repository/Pages/SendCodeToValidate/link_UserSettings' is clickable&#xD;
&#xD;
2019-11-04 08:54:09 - [MESSAGE][PASSED] - Object 'Object Repository/Pages/SendCodeToValidate/link_UserSettings' is visible&#xD;
&#xD;
2019-11-04 08:54:10 - [MESSAGE][PASSED] - Object: 'Object Repository/Pages/SendCodeToValidate/link_UserSettings' is clicked on&#xD;
&#xD;
2019-11-04 08:54:10 - [MESSAGE][INFO] - 1stPayVault_TestSuite.ts: Clicked on the Click on User Settings&#xD;
&#xD;
2019-11-04 08:54:10 - [MESSAGE][PASSED] - pages.SendCode.clickonUserSettings is PASSED&#xD;
&#xD;
2019-11-04 08:54:10 - [MESSAGE][PASSED] - Call Test Case 'Test Cases/FirstView/Login/TC_SendCode' successfully&#xD;
&#xD;
2019-11-04 08:54:10 - [TEST_STEP][PASSED] - callTestCase(findTestCase("FirstView/Login/TC_FirstView"), [:], STOP_ON_FAILURE): Call Test Case 'Test Cases/FirstView/Login/TC_FirstView' successfully&#xD;
&#xD;
2019-11-04 08:54:10 - [TEST_CASE][PASSED] - Test Cases/FirstView/Login/TC_FirstView: Test Cases/FirstView/Login/TC_FirstView&#xD;
&#xD;
2019-11-04 08:54:10 - [TEST_STEP][PASSED] - delay(3): Delayed 3 second(s)&#xD;
&#xD;
2019-11-04 08:54:13 - [MESSAGE][PASSED] - Delayed 3 second(s)&#xD;
&#xD;
2019-11-04 08:54:13 - [TEST_STEP][PASSED] - utilities.SafeActions.javascriptclick(findTestObject("Pages/FirstView/link_Home"), delayForElement): utilities.SafeActions.javascriptclick is PASSED&#xD;
&#xD;
2019-11-04 08:54:14 - [MESSAGE][PASSED] - utilities.SafeActions.javascriptclick is PASSED&#xD;
&#xD;
2019-11-04 08:54:14 - [TEST_STEP][PASSED] - utilities.SafeActions.safeClickWithoutScroll(findTestObject("Pages/FirstView/link_VPOS"), "Click on VPOS button in First View screen", [PageLoadTime]): utilities.SafeActions.safeClickWithoutScroll is PASSED&#xD;
&#xD;
2019-11-04 08:54:14 - [MESSAGE][INFO] - Safe Click Without scroll&#xD;
&#xD;
2019-11-04 08:54:14 - [MESSAGE][INFO] - 1stPayVault_TestSuite.ts:waiting until Click on VPOS button in First View screen is Clickable&#xD;
&#xD;
2019-11-04 08:54:15 - [MESSAGE][PASSED] - Object 'Object Repository/Pages/FirstView/link_VPOS' is clickable&#xD;
&#xD;
2019-11-04 08:54:15 - [MESSAGE][PASSED] - Object 'Object Repository/Pages/FirstView/link_VPOS' is visible&#xD;
&#xD;
2019-11-04 08:54:16 - [MESSAGE][PASSED] - Object: 'Object Repository/Pages/FirstView/link_VPOS' is clicked on&#xD;
&#xD;
2019-11-04 08:54:16 - [MESSAGE][INFO] - 1stPayVault_TestSuite.ts: click on the Click on VPOS button in First View screen&#xD;
&#xD;
2019-11-04 08:54:16 - [MESSAGE][PASSED] - utilities.SafeActions.safeClickWithoutScroll is PASSED&#xD;
&#xD;
2019-11-04 08:54:16 - [MESSAGE][PASSED] - Call Test Case 'Test Cases/FirstView/Login/TC_FirstView' successfully&#xD;
&#xD;
2019-11-04 08:54:16 - [TEST_STEP][PASSED] - switchToWindowTitle("Transcenter - VPOS"): Switched to window with title: 'Transcenter - VPOS'&#xD;
&#xD;
2019-11-04 08:54:19 - [MESSAGE][PASSED] - Switched to window with title: 'Transcenter - VPOS'&#xD;
&#xD;
2019-11-04 08:54:19 - [TEST_STEP][PASSED] - focus(findTestObject("Pages/FirstPayVault/tab_FirstPayVault")): Object: 'Object Repository/Pages/FirstPayVault/tab_FirstPayVault' is focused&#xD;
&#xD;
2019-11-04 08:54:21 - [MESSAGE][PASSED] - Object: 'Object Repository/Pages/FirstPayVault/tab_FirstPayVault' is focused&#xD;
&#xD;
2019-11-04 08:54:21 - [TEST_STEP][PASSED] - utilities.SafeActions.javascriptclick(findTestObject("Pages/FirstPayVault/tab_FirstPayVault"), PageLoadTime): utilities.SafeActions.javascriptclick is PASSED&#xD;
&#xD;
2019-11-04 08:54:21 - [MESSAGE][PASSED] - utilities.SafeActions.javascriptclick is PASSED&#xD;
&#xD;
2019-11-04 08:54:21 - [TEST_STEP][PASSED] - delay(2): Delayed 2 second(s)&#xD;
&#xD;
2019-11-04 08:54:23 - [MESSAGE][PASSED] - Delayed 2 second(s)&#xD;
&#xD;
2019-11-04 08:54:23 - [TEST_STEP][PASSED] - utilities.SafeActions.safeClickWithoutScroll(findTestObject("Pages/FirstPayVault/tab_FirstPayVault"), "Click on FistPayVault tab", [delayForElement]): utilities.SafeActions.safeClickWithoutScroll is PASSED&#xD;
&#xD;
2019-11-04 08:54:23 - [MESSAGE][INFO] - Safe Click Without scroll&#xD;
&#xD;
2019-11-04 08:54:23 - [MESSAGE][INFO] - 1stPayVault_TestSuite.ts:waiting until Click on FistPayVault tab is Clickable&#xD;
&#xD;
2019-11-04 08:54:23 - [MESSAGE][PASSED] - Object 'Object Repository/Pages/FirstPayVault/tab_FirstPayVault' is clickable&#xD;
&#xD;
2019-11-04 08:54:23 - [MESSAGE][PASSED] - Object 'Object Repository/Pages/FirstPayVault/tab_FirstPayVault' is visible&#xD;
&#xD;
2019-11-04 08:54:24 - [MESSAGE][PASSED] - Object: 'Object Repository/Pages/FirstPayVault/tab_FirstPayVault' is clicked on&#xD;
&#xD;
2019-11-04 08:54:24 - [MESSAGE][INFO] - 1stPayVault_TestSuite.ts: click on the Click on FistPayVault tab&#xD;
&#xD;
2019-11-04 08:54:24 - [MESSAGE][PASSED] - utilities.SafeActions.safeClickWithoutScroll is PASSED&#xD;
&#xD;
2019-11-04 08:54:24 - [TEST_STEP][PASSED] - utilities.SafeActions.safeClickWithoutScroll(findTestObject("Pages/FirstPayVault/button_CreateVault"), "Click on CreateVault button", [PageLoadTime]): utilities.SafeActions.safeClickWithoutScroll is PASSED&#xD;
&#xD;
2019-11-04 08:54:24 - [MESSAGE][INFO] - Safe Click Without scroll&#xD;
&#xD;
2019-11-04 08:54:24 - [MESSAGE][INFO] - 1stPayVault_TestSuite.ts:waiting until Click on CreateVault button is Clickable&#xD;
&#xD;
2019-11-04 08:54:24 - [MESSAGE][PASSED] - Object 'Object Repository/Pages/FirstPayVault/button_CreateVault' is clickable&#xD;
&#xD;
2019-11-04 08:54:24 - [MESSAGE][PASSED] - Object 'Object Repository/Pages/FirstPayVault/button_CreateVault' is visible&#xD;
&#xD;
2019-11-04 08:54:25 - [MESSAGE][PASSED] - Object: 'Object Repository/Pages/FirstPayVault/button_CreateVault' is clicked on&#xD;
&#xD;
2019-11-04 08:54:25 - [MESSAGE][INFO] - 1stPayVault_TestSuite.ts: click on the Click on CreateVault button&#xD;
&#xD;
2019-11-04 08:54:25 - [MESSAGE][PASSED] - utilities.SafeActions.safeClickWithoutScroll is PASSED&#xD;
&#xD;
2019-11-04 08:54:25 - [TEST_STEP][PASSED] - scrollToElement(findTestObject("Pages/FirstPayVault/input_VaultReferenceNumber"), PageLoadTime): Scroll to object 'Object Repository/Pages/FirstPayVault/input_VaultReferenceNumber' successfully&#xD;
&#xD;
2019-11-04 08:54:25 - [MESSAGE][PASSED] - Scroll to object 'Object Repository/Pages/FirstPayVault/input_VaultReferenceNumber' successfully&#xD;
&#xD;
2019-11-04 08:54:25 - [TEST_STEP][PASSED] - vaultReference = utilities.SafeActions.timeWithMilliSeconds(): utilities.SafeActions.timeWithMilliSeconds is PASSED&#xD;
&#xD;
2019-11-04 08:54:25 - [MESSAGE][PASSED] - utilities.SafeActions.timeWithMilliSeconds is PASSED&#xD;
&#xD;
2019-11-04 08:54:25 - [TEST_STEP][PASSED] - utilities.SafeActions.safeType(findTestObject("Pages/FirstPayVault/input_VaultReferenceNumber"), vaultReference, "Entering Vault Reference Number", [PageLoadTime]): utilities.SafeActions.safeType is PASSED&#xD;
&#xD;
2019-11-04 08:54:25 - [MESSAGE][PASSED] - Object 'Object Repository/Pages/FirstPayVault/input_VaultReferenceNumber' is present&#xD;
&#xD;
2019-11-04 08:54:25 - [MESSAGE][PASSED] - Object 'Object Repository/Pages/FirstPayVault/input_VaultReferenceNumber' is present&#xD;
&#xD;
2019-11-04 08:54:26 - [MESSAGE][PASSED] - Object: 'Object Repository/Pages/FirstPayVault/input_VaultReferenceNumber' is clicked on&#xD;
&#xD;
2019-11-04 08:54:26 - [MESSAGE][PASSED] - Text '2019-11-04 08:54:25.771' is set on object 'Object Repository/Pages/FirstPayVault/input_VaultReferenceNumber'&#xD;
&#xD;
2019-11-04 08:54:26 - [MESSAGE][PASSED] - utilities.SafeActions.safeType is PASSED&#xD;
&#xD;
2019-11-04 08:54:26 - [TEST_STEP][PASSED] - utilities.SafeActions.safeType(findTestObject("Pages/FirstPayVault/input_CreditCardNumber"), visaCardNumber, "Entering Card Number", [PageLoadTime]): utilities.SafeActions.safeType is PASSED&#xD;
&#xD;
2019-11-04 08:54:26 - [MESSAGE][PASSED] - Object 'Object Repository/Pages/FirstPayVault/input_CreditCardNumber' is present&#xD;
&#xD;
2019-11-04 08:54:27 - [MESSAGE][PASSED] - Object 'Object Repository/Pages/FirstPayVault/input_CreditCardNumber' is present&#xD;
&#xD;
2019-11-04 08:54:27 - [MESSAGE][PASSED] - Object: 'Object Repository/Pages/FirstPayVault/input_CreditCardNumber' is clicked on&#xD;
&#xD;
2019-11-04 08:54:28 - [MESSAGE][PASSED] - Text '4111111111111111' is set on object 'Object Repository/Pages/FirstPayVault/input_CreditCardNumber'&#xD;
&#xD;
2019-11-04 08:54:28 - [MESSAGE][PASSED] - utilities.SafeActions.safeType is PASSED&#xD;
&#xD;
2019-11-04 08:54:28 - [TEST_STEP][PASSED] - utilities.SafeActions.safeSelectOptionInDropDownByVisibleText(findTestObject("Pages/FirstPayVault/dropDown_ExpirationMonth"), cardMonth, "Expiration Month", [PageLoadTime]): utilities.SafeActions.safeSelectOptionInDropDownByVisibleText is PASSED&#xD;
&#xD;
2019-11-04 08:54:28 - [MESSAGE][PASSED] - Object 'Object Repository/Pages/FirstPayVault/dropDown_ExpirationMonth' is visible&#xD;
&#xD;
2019-11-04 08:54:28 - [MESSAGE][PASSED] - Object 'Object Repository/Pages/FirstPayVault/dropDown_ExpirationMonth' is present&#xD;
&#xD;
2019-11-04 08:54:29 - [MESSAGE][PASSED] - Object: 'Object Repository/Pages/FirstPayVault/dropDown_ExpirationMonth' is clicked on&#xD;
&#xD;
2019-11-04 08:54:29 - [MESSAGE][PASSED] - All options with label 'September' are selected in object 'Object Repository/Pages/FirstPayVault/dropDown_ExpirationMonth' &#xD;
&#xD;
2019-11-04 08:54:29 - [MESSAGE][PASSED] - utilities.SafeActions.safeSelectOptionInDropDownByVisibleText is PASSED&#xD;
&#xD;
2019-11-04 08:54:29 - [TEST_STEP][PASSED] - utilities.SafeActions.safeSelectOptionInDropDownByVisibleText(findTestObject("Pages/FirstPayVault/dropDown_ExpirationYear"), cardYear, "year", [PageLoadTime]): utilities.SafeActions.safeSelectOptionInDropDownByVisibleText is PASSED&#xD;
&#xD;
2019-11-04 08:54:29 - [MESSAGE][PASSED] - Object 'Object Repository/Pages/FirstPayVault/dropDown_ExpirationYear' is visible&#xD;
&#xD;
2019-11-04 08:54:29 - [MESSAGE][PASSED] - Object 'Object Repository/Pages/FirstPayVault/dropDown_ExpirationYear' is present&#xD;
&#xD;
2019-11-04 08:54:30 - [MESSAGE][PASSED] - Object: 'Object Repository/Pages/FirstPayVault/dropDown_ExpirationYear' is clicked on&#xD;
&#xD;
2019-11-04 08:54:30 - [MESSAGE][PASSED] - All options with label '2032' are selected in object 'Object Repository/Pages/FirstPayVault/dropDown_ExpirationYear' &#xD;
&#xD;
2019-11-04 08:54:30 - [MESSAGE][PASSED] - utilities.SafeActions.safeSelectOptionInDropDownByVisibleText is PASSED&#xD;
&#xD;
2019-11-04 08:54:30 - [TEST_STEP][PASSED] - utilities.SafeActions.safeType(findTestObject("Pages/FirstPayVault/input_ContactName"), customerName, "Enter Contact Name", [PageLoadTime]): utilities.SafeActions.safeType is PASSED&#xD;
&#xD;
2019-11-04 08:54:30 - [MESSAGE][PASSED] - Object 'Object Repository/Pages/FirstPayVault/input_ContactName' is present&#xD;
&#xD;
2019-11-04 08:54:30 - [MESSAGE][PASSED] - Object 'Object Repository/Pages/FirstPayVault/input_ContactName' is present&#xD;
&#xD;
2019-11-04 08:54:31 - [MESSAGE][PASSED] - Object: 'Object Repository/Pages/FirstPayVault/input_ContactName' is clicked on&#xD;
&#xD;
2019-11-04 08:54:31 - [MESSAGE][PASSED] - Text 'Venkata Sai' is set on object 'Object Repository/Pages/FirstPayVault/input_ContactName'&#xD;
&#xD;
2019-11-04 08:54:31 - [MESSAGE][PASSED] - utilities.SafeActions.safeType is PASSED&#xD;
&#xD;
2019-11-04 08:54:31 - [TEST_STEP][PASSED] - utilities.SafeActions.safeType(findTestObject("Pages/FirstPayVault/input_PostalCode"), postalCode, "Enter Postal Code", [PageLoadTime]): utilities.SafeActions.safeType is PASSED&#xD;
&#xD;
2019-11-04 08:54:31 - [MESSAGE][PASSED] - Object 'Object Repository/Pages/FirstPayVault/input_PostalCode' is present&#xD;
&#xD;
2019-11-04 08:54:31 - [MESSAGE][PASSED] - Object 'Object Repository/Pages/FirstPayVault/input_PostalCode' is present&#xD;
&#xD;
2019-11-04 08:54:32 - [MESSAGE][PASSED] - Object: 'Object Repository/Pages/FirstPayVault/input_PostalCode' is clicked on&#xD;
&#xD;
2019-11-04 08:54:32 - [MESSAGE][PASSED] - Text '76102' is set on object 'Object Repository/Pages/FirstPayVault/input_PostalCode'&#xD;
&#xD;
2019-11-04 08:54:32 - [MESSAGE][PASSED] - utilities.SafeActions.safeType is PASSED&#xD;
&#xD;
2019-11-04 08:54:32 - [TEST_STEP][PASSED] - utilities.SafeActions.safeType(findTestObject("Pages/FirstPayVault/input_Address"), address, "Enter ddress", [PageLoadTime]): utilities.SafeActions.safeType is PASSED&#xD;
&#xD;
2019-11-04 08:54:32 - [MESSAGE][PASSED] - Object 'Object Repository/Pages/FirstPayVault/input_Address' is present&#xD;
&#xD;
2019-11-04 08:54:32 - [MESSAGE][PASSED] - Object 'Object Repository/Pages/FirstPayVault/input_Address' is present&#xD;
&#xD;
2019-11-04 08:54:33 - [MESSAGE][PASSED] - Object: 'Object Repository/Pages/FirstPayVault/input_Address' is clicked on&#xD;
&#xD;
2019-11-04 08:54:33 - [MESSAGE][PASSED] - Text 'Street123' is set on object 'Object Repository/Pages/FirstPayVault/input_Address'&#xD;
&#xD;
2019-11-04 08:54:33 - [MESSAGE][PASSED] - utilities.SafeActions.safeType is PASSED&#xD;
&#xD;
2019-11-04 08:54:33 - [TEST_STEP][PASSED] - utilities.SafeActions.safeCheckForElement(findTestObject("Pages/FirstPayVault/chekBox_AddShippingInformation"), PageLoadTime): utilities.SafeActions.safeCheckForElement is PASSED&#xD;
&#xD;
2019-11-04 08:54:33 - [MESSAGE][PASSED] - Object 'Object Repository/Pages/FirstPayVault/chekBox_AddShippingInformation' is present&#xD;
&#xD;
2019-11-04 08:54:33 - [MESSAGE][PASSED] - Object 'Object Repository/Pages/FirstPayVault/chekBox_AddShippingInformation' is visible&#xD;
&#xD;
2019-11-04 08:54:33 - [MESSAGE][PASSED] - Object 'Object Repository/Pages/FirstPayVault/chekBox_AddShippingInformation' is present&#xD;
&#xD;
2019-11-04 08:54:34 - [MESSAGE][PASSED] - Object 'Object Repository/Pages/FirstPayVault/chekBox_AddShippingInformation' is checked&#xD;
&#xD;
2019-11-04 08:54:34 - [MESSAGE][PASSED] - utilities.SafeActions.safeCheckForElement is PASSED&#xD;
&#xD;
2019-11-04 08:54:34 - [TEST_STEP][PASSED] - utilities.SafeActions.safeType(findTestObject("Pages/FirstPayVault/input_ShippingMethod"), shippingMethod, "Enter Shipping Method", [PageLoadTime]): utilities.SafeActions.safeType is PASSED&#xD;
&#xD;
2019-11-04 08:54:34 - [MESSAGE][PASSED] - Object 'Object Repository/Pages/FirstPayVault/input_ShippingMethod' is present&#xD;
&#xD;
2019-11-04 08:54:34 - [MESSAGE][PASSED] - Object 'Object Repository/Pages/FirstPayVault/input_ShippingMethod' is present&#xD;
&#xD;
2019-11-04 08:54:35 - [MESSAGE][PASSED] - Object: 'Object Repository/Pages/FirstPayVault/input_ShippingMethod' is clicked on&#xD;
&#xD;
2019-11-04 08:54:35 - [MESSAGE][PASSED] - Text 'DTDC' is set on object 'Object Repository/Pages/FirstPayVault/input_ShippingMethod'&#xD;
&#xD;
2019-11-04 08:54:35 - [MESSAGE][PASSED] - utilities.SafeActions.safeType is PASSED&#xD;
&#xD;
2019-11-04 08:54:35 - [TEST_STEP][PASSED] - utilities.SafeActions.safeCheckForElement(findTestObject("Pages/FirstPayVault/checkbox_SameAsBillingInformation"), PageLoadTime): utilities.SafeActions.safeCheckForElement is PASSED&#xD;
&#xD;
2019-11-04 08:54:35 - [MESSAGE][PASSED] - Object 'Object Repository/Pages/FirstPayVault/checkbox_SameAsBillingInformation' is present&#xD;
&#xD;
2019-11-04 08:54:35 - [MESSAGE][PASSED] - Object 'Object Repository/Pages/FirstPayVault/checkbox_SameAsBillingInformation' is visible&#xD;
&#xD;
2019-11-04 08:54:35 - [MESSAGE][PASSED] - Object 'Object Repository/Pages/FirstPayVault/checkbox_SameAsBillingInformation' is present&#xD;
&#xD;
2019-11-04 08:54:36 - [MESSAGE][PASSED] - Object 'Object Repository/Pages/FirstPayVault/checkbox_SameAsBillingInformation' is checked&#xD;
&#xD;
2019-11-04 08:54:36 - [MESSAGE][PASSED] - utilities.SafeActions.safeCheckForElement is PASSED&#xD;
&#xD;
2019-11-04 08:54:36 - [TEST_STEP][PASSED] - utilities.SafeActions.safeClickwithScroll(findTestObject("Pages/FirstPayVault/button_Create"), "Click on Create Button", [PageLoadTime]): utilities.SafeActions.safeClickwithScroll is PASSED&#xD;
&#xD;
2019-11-04 08:54:36 - [MESSAGE][PASSED] - Object 'Object Repository/Pages/FirstPayVault/button_Create' is present&#xD;
&#xD;
2019-11-04 08:54:36 - [MESSAGE][PASSED] - Object 'Object Repository/Pages/FirstPayVault/button_Create' is visible&#xD;
&#xD;
2019-11-04 08:54:36 - [MESSAGE][INFO] - 1stPayVault_TestSuite.ts:waiting until Click on Create Button is Clickable&#xD;
&#xD;
2019-11-04 08:54:36 - [MESSAGE][PASSED] - Object 'Object Repository/Pages/FirstPayVault/button_Create' is clickable&#xD;
&#xD;
2019-11-04 08:54:36 - [MESSAGE][PASSED] - Object 'Object Repository/Pages/FirstPayVault/button_Create' is visible&#xD;
&#xD;
2019-11-04 08:54:37 - [MESSAGE][PASSED] - Object: 'Object Repository/Pages/FirstPayVault/button_Create' is clicked on&#xD;
&#xD;
2019-11-04 08:54:37 - [MESSAGE][INFO] - 1stPayVault_TestSuite.ts: Clicked on the Click on Create Button&#xD;
&#xD;
2019-11-04 08:54:37 - [MESSAGE][PASSED] - utilities.SafeActions.safeClickwithScroll is PASSED&#xD;
&#xD;
2019-11-04 08:54:37 - [TEST_STEP][PASSED] - delay(2): Delayed 2 second(s)&#xD;
&#xD;
2019-11-04 08:54:39 - [MESSAGE][PASSED] - Delayed 2 second(s)&#xD;
&#xD;
2019-11-04 08:54:39 - [TEST_STEP][PASSED] - popupSavedToVaultMessage = utilities.SafeActions.safeGetText(findTestObject("Pages/FirstPayVault/popup_SavedToVaultMessage"), PageLoadTime): utilities.SafeActions.safeGetText is PASSED&#xD;
&#xD;
2019-11-04 08:54:39 - [MESSAGE][PASSED] - Object 'Object Repository/Pages/FirstPayVault/popup_SavedToVaultMessage' is present&#xD;
&#xD;
2019-11-04 08:54:39 - [MESSAGE][PASSED] - Scroll to object 'Object Repository/Pages/FirstPayVault/popup_SavedToVaultMessage' successfully&#xD;
&#xD;
2019-11-04 08:54:39 - [MESSAGE][PASSED] - Object 'Object Repository/Pages/FirstPayVault/popup_SavedToVaultMessage' is present&#xD;
&#xD;
2019-11-04 08:54:40 - [MESSAGE][PASSED] - Text of object 'Object Repository/Pages/FirstPayVault/popup_SavedToVaultMessage' is: 'Successfully Saved to Vault'&#xD;
&#xD;
2019-11-04 08:54:40 - [MESSAGE][PASSED] - utilities.SafeActions.safeGetText is PASSED&#xD;
&#xD;
2019-11-04 08:54:40 - [TEST_STEP][PASSED] - flag = utilities.SafeActions.verifyPopupMessage("Successfully Saved to Vault", popupSavedToVaultMessage): Popup Message : Successfully Saved to Vault matched with expected message : Successfully Saved to Vault&#xD;
&#xD;
2019-11-04 08:54:40 - [MESSAGE][PASSED] - Popup Message : Successfully Saved to Vault matched with expected message : Successfully Saved to Vault&#xD;
&#xD;
2019-11-04 08:54:40 - [TEST_STEP][PASSED] - utilities.SafeActions.safeClickWithoutScroll(findTestObject("Pages/FirstPayVault/button_SearchVault_InPopup"), "Search Vault in Popup", [delayBetweenTestSteps]): utilities.SafeActions.safeClickWithoutScroll is PASSED&#xD;
&#xD;
2019-11-04 08:54:40 - [MESSAGE][INFO] - Safe Click Without scroll&#xD;
&#xD;
2019-11-04 08:54:40 - [MESSAGE][INFO] - 1stPayVault_TestSuite.ts:waiting until Search Vault in Popup is Clickable&#xD;
&#xD;
2019-11-04 08:54:40 - [MESSAGE][PASSED] - Object 'Object Repository/Pages/FirstPayVault/button_SearchVault_InPopup' is clickable&#xD;
&#xD;
2019-11-04 08:54:40 - [MESSAGE][PASSED] - Object 'Object Repository/Pages/FirstPayVault/button_SearchVault_InPopup' is visible&#xD;
&#xD;
2019-11-04 08:54:41 - [MESSAGE][PASSED] - Object: 'Object Repository/Pages/FirstPayVault/button_SearchVault_InPopup' is clicked on&#xD;
&#xD;
2019-11-04 08:54:41 - [MESSAGE][INFO] - 1stPayVault_TestSuite.ts: click on the Search Vault in Popup&#xD;
&#xD;
2019-11-04 08:54:41 - [MESSAGE][PASSED] - utilities.SafeActions.safeClickWithoutScroll is PASSED&#xD;
&#xD;
2019-11-04 08:54:41 - [TEST_STEP][PASSED] - scrollToElement(findTestObject("Pages/FirstPayVault/filter_FullCreditCardNumber"), delayBetweenTestSteps): Scroll to object 'Object Repository/Pages/FirstPayVault/filter_FullCreditCardNumber' successfully&#xD;
&#xD;
2019-11-04 08:54:41 - [MESSAGE][PASSED] - Scroll to object 'Object Repository/Pages/FirstPayVault/filter_FullCreditCardNumber' successfully&#xD;
&#xD;
2019-11-04 08:54:41 - [TEST_STEP][PASSED] - utilities.SafeActions.safeType(findTestObject("Pages/FirstPayVault/filter_FullCreditCardNumber"), visaCardNumber, "Enter full Credit Card Number", [delayBetweenTestSteps]): utilities.SafeActions.safeType is PASSED&#xD;
&#xD;
2019-11-04 08:54:41 - [MESSAGE][PASSED] - Object 'Object Repository/Pages/FirstPayVault/filter_FullCreditCardNumber' is present&#xD;
&#xD;
2019-11-04 08:54:41 - [MESSAGE][PASSED] - Object 'Object Repository/Pages/FirstPayVault/filter_FullCreditCardNumber' is present&#xD;
&#xD;
2019-11-04 08:54:42 - [MESSAGE][PASSED] - Object: 'Object Repository/Pages/FirstPayVault/filter_FullCreditCardNumber' is clicked on&#xD;
&#xD;
2019-11-04 08:54:42 - [MESSAGE][PASSED] - Text '4111111111111111' is set on object 'Object Repository/Pages/FirstPayVault/filter_FullCreditCardNumber'&#xD;
&#xD;
2019-11-04 08:54:42 - [MESSAGE][PASSED] - utilities.SafeActions.safeType is PASSED&#xD;
&#xD;
2019-11-04 08:54:42 - [TEST_STEP][PASSED] - utilities.SafeActions.safeClickWithoutScroll(findTestObject("Pages/FirstPayVault/button_Search"), "Click On Search button", [PageLoadTime]): utilities.SafeActions.safeClickWithoutScroll is PASSED&#xD;
&#xD;
2019-11-04 08:54:42 - [MESSAGE][INFO] - Safe Click Without scroll&#xD;
&#xD;
2019-11-04 08:54:42 - [MESSAGE][INFO] - 1stPayVault_TestSuite.ts:waiting until Click On Search button is Clickable&#xD;
&#xD;
2019-11-04 08:54:42 - [MESSAGE][PASSED] - Object 'Object Repository/Pages/FirstPayVault/button_Search' is clickable&#xD;
&#xD;
2019-11-04 08:54:42 - [MESSAGE][PASSED] - Object 'Object Repository/Pages/FirstPayVault/button_Search' is visible&#xD;
&#xD;
2019-11-04 08:54:43 - [MESSAGE][PASSED] - Object: 'Object Repository/Pages/FirstPayVault/button_Search' is clicked on&#xD;
&#xD;
2019-11-04 08:54:43 - [MESSAGE][INFO] - 1stPayVault_TestSuite.ts: click on the Click On Search button&#xD;
&#xD;
2019-11-04 08:54:43 - [MESSAGE][PASSED] - utilities.SafeActions.safeClickWithoutScroll is PASSED&#xD;
&#xD;
2019-11-04 08:54:43 - [TEST_STEP][PASSED] - scrollToElement(findTestObject("Pages/Transaction_Management/invoice_ForTransaction"), PageLoadTime): Scroll to object 'Object Repository/Pages/Transaction_Management/invoice_ForTransaction' successfully&#xD;
&#xD;
2019-11-04 08:54:47 - [MESSAGE][PASSED] - Scroll to object 'Object Repository/Pages/Transaction_Management/invoice_ForTransaction' successfully&#xD;
&#xD;
2019-11-04 08:54:47 - [TEST_STEP][PASSED] - pages.FirstPayVault.verifyAllRecordsFilteredByCardNumber(findTestObject("Pages/FirstPayVault/footer_NextButton"), findTestObject("Pages/FirstPayVault/page_Number"), visaCardNumber): All filtered Records have expected card Number&#xD;
&#xD;
2019-11-04 08:54:47 - [MESSAGE][PASSED] - Text of object 'Object Repository/Pages/FirstPayVault/page_Number' is: 'Page 1 of 45'&#xD;
&#xD;
2019-11-04 08:54:48 - [MESSAGE][PASSED] - Delayed 1 second(s)&#xD;
&#xD;
2019-11-04 08:54:49 - [MESSAGE][PASSED] - Object: 'Object Repository/Pages/FirstPayVault/footer_NextButton' is clicked on&#xD;
&#xD;
2019-11-04 08:54:51 - [MESSAGE][PASSED] - Delayed 2 second(s)&#xD;
&#xD;
2019-11-04 08:54:52 - [MESSAGE][PASSED] - Delayed 1 second(s)&#xD;
&#xD;
2019-11-04 08:54:52 - [MESSAGE][PASSED] - Object: 'Object Repository/Pages/FirstPayVault/footer_NextButton' is clicked on&#xD;
&#xD;
2019-11-04 08:54:54 - [MESSAGE][PASSED] - Delayed 2 second(s)&#xD;
&#xD;
2019-11-04 08:54:55 - [MESSAGE][PASSED] - Delayed 1 second(s)&#xD;
&#xD;
2019-11-04 08:54:56 - [MESSAGE][PASSED] - Object: 'Object Repository/Pages/FirstPayVault/footer_NextButton' is clicked on&#xD;
&#xD;
2019-11-04 08:54:58 - [MESSAGE][PASSED] - Delayed 2 second(s)&#xD;
&#xD;
2019-11-04 08:54:59 - [MESSAGE][PASSED] - Delayed 1 second(s)&#xD;
&#xD;
2019-11-04 08:54:59 - [MESSAGE][PASSED] - Object: 'Object Repository/Pages/FirstPayVault/footer_NextButton' is clicked on&#xD;
&#xD;
2019-11-04 08:55:01 - [MESSAGE][PASSED] - Delayed 2 second(s)&#xD;
&#xD;
2019-11-04 08:55:02 - [MESSAGE][PASSED] - Delayed 1 second(s)&#xD;
&#xD;
2019-11-04 08:55:03 - [MESSAGE][PASSED] - Object: 'Object Repository/Pages/FirstPayVault/footer_NextButton' is clicked on&#xD;
&#xD;
2019-11-04 08:55:05 - [MESSAGE][PASSED] - Delayed 2 second(s)&#xD;
&#xD;
2019-11-04 08:55:06 - [MESSAGE][PASSED] - Delayed 1 second(s)&#xD;
&#xD;
2019-11-04 08:55:06 - [MESSAGE][PASSED] - Object: 'Object Repository/Pages/FirstPayVault/footer_NextButton' is clicked on&#xD;
&#xD;
2019-11-04 08:55:08 - [MESSAGE][PASSED] - Delayed 2 second(s)&#xD;
&#xD;
2019-11-04 08:55:10 - [MESSAGE][PASSED] - Delayed 1 second(s)&#xD;
&#xD;
2019-11-04 08:55:10 - [MESSAGE][PASSED] - Object: 'Object Repository/Pages/FirstPayVault/footer_NextButton' is clicked on&#xD;
&#xD;
2019-11-04 08:55:12 - [MESSAGE][PASSED] - Delayed 2 second(s)&#xD;
&#xD;
2019-11-04 08:55:13 - [MESSAGE][PASSED] - Delayed 1 second(s)&#xD;
&#xD;
2019-11-04 08:55:13 - [MESSAGE][PASSED] - Object: 'Object Repository/Pages/FirstPayVault/footer_NextButton' is clicked on&#xD;
&#xD;
2019-11-04 08:55:15 - [MESSAGE][PASSED] - Delayed 2 second(s)&#xD;
&#xD;
2019-11-04 08:55:17 - [MESSAGE][PASSED] - Delayed 1 second(s)&#xD;
&#xD;
2019-11-04 08:55:17 - [MESSAGE][PASSED] - Object: 'Object Repository/Pages/FirstPayVault/footer_NextButton' is clicked on&#xD;
&#xD;
2019-11-04 08:55:19 - [MESSAGE][PASSED] - Delayed 2 second(s)&#xD;
&#xD;
2019-11-04 08:55:20 - [MESSAGE][PASSED] - Delayed 1 second(s)&#xD;
&#xD;
2019-11-04 08:55:20 - [MESSAGE][PASSED] - Object: 'Object Repository/Pages/FirstPayVault/footer_NextButton' is clicked on&#xD;
&#xD;
2019-11-04 08:55:22 - [MESSAGE][PASSED] - Delayed 2 second(s)&#xD;
&#xD;
2019-11-04 08:55:24 - [MESSAGE][PASSED] - Delayed 1 second(s)&#xD;
&#xD;
2019-11-04 08:55:24 - [MESSAGE][PASSED] - Object: 'Object Repository/Pages/FirstPayVault/footer_NextButton' is clicked on&#xD;
&#xD;
2019-11-04 08:55:26 - [MESSAGE][PASSED] - Delayed 2 second(s)&#xD;
&#xD;
2019-11-04 08:55:27 - [MESSAGE][PASSED] - Delayed 1 second(s)&#xD;
&#xD;
2019-11-04 08:55:27 - [MESSAGE][PASSED] - Object: 'Object Repository/Pages/FirstPayVault/footer_NextButton' is clicked on&#xD;
&#xD;
2019-11-04 08:55:29 - [MESSAGE][PASSED] - Delayed 2 second(s)&#xD;
&#xD;
2019-11-04 08:55:31 - [MESSAGE][PASSED] - Delayed 1 second(s)&#xD;
&#xD;
2019-11-04 08:55:31 - [MESSAGE][PASSED] - Object: 'Object Repository/Pages/FirstPayVault/footer_NextButton' is clicked on&#xD;
&#xD;
2019-11-04 08:55:33 - [MESSAGE][PASSED] - Delayed 2 second(s)&#xD;
&#xD;
2019-11-04 08:55:34 - [MESSAGE][PASSED] - Delayed 1 second(s)&#xD;
&#xD;
2019-11-04 08:55:34 - [MESSAGE][PASSED] - Object: 'Object Repository/Pages/FirstPayVault/footer_NextButton' is clicked on&#xD;
&#xD;
2019-11-04 08:55:36 - [MESSAGE][PASSED] - Delayed 2 second(s)&#xD;
&#xD;
2019-11-04 08:55:38 - [MESSAGE][PASSED] - Delayed 1 second(s)&#xD;
&#xD;
2019-11-04 08:55:38 - [MESSAGE][PASSED] - Object: 'Object Repository/Pages/FirstPayVault/footer_NextButton' is clicked on&#xD;
&#xD;
2019-11-04 08:55:40 - [MESSAGE][PASSED] - Delayed 2 second(s)&#xD;
&#xD;
2019-11-04 08:55:41 - [MESSAGE][PASSED] - Delayed 1 second(s)&#xD;
&#xD;
2019-11-04 08:55:41 - [MESSAGE][PASSED] - Object: 'Object Repository/Pages/FirstPayVault/footer_NextButton' is clicked on&#xD;
&#xD;
2019-11-04 08:55:43 - [MESSAGE][PASSED] - Delayed 2 second(s)&#xD;
&#xD;
2019-11-04 08:55:45 - [MESSAGE][PASSED] - Delayed 1 second(s)&#xD;
&#xD;
2019-11-04 08:55:45 - [MESSAGE][PASSED] - Object: 'Object Repository/Pages/FirstPayVault/footer_NextButton' is clicked on&#xD;
&#xD;
2019-11-04 08:55:47 - [MESSAGE][PASSED] - Delayed 2 second(s)&#xD;
&#xD;
2019-11-04 08:55:48 - [MESSAGE][PASSED] - Delayed 1 second(s)&#xD;
&#xD;
2019-11-04 08:55:48 - [MESSAGE][PASSED] - Object: 'Object Repository/Pages/FirstPayVault/footer_NextButton' is clicked on&#xD;
&#xD;
2019-11-04 08:55:50 - [MESSAGE][PASSED] - Delayed 2 second(s)&#xD;
&#xD;
2019-11-04 08:55:51 - [MESSAGE][PASSED] - Delayed 1 second(s)&#xD;
&#xD;
2019-11-04 08:55:52 - [MESSAGE][PASSED] - Object: 'Object Repository/Pages/FirstPayVault/footer_NextButton' is clicked on&#xD;
&#xD;
2019-11-04 08:55:54 - [MESSAGE][PASSED] - Delayed 2 second(s)&#xD;
&#xD;
2019-11-04 08:55:55 - [MESSAGE][PASSED] - Delayed 1 second(s)&#xD;
&#xD;
2019-11-04 08:55:55 - [MESSAGE][PASSED] - Object: 'Object Repository/Pages/FirstPayVault/footer_NextButton' is clicked on&#xD;
&#xD;
2019-11-04 08:55:57 - [MESSAGE][PASSED] - Delayed 2 second(s)&#xD;
&#xD;
2019-11-04 08:55:58 - [MESSAGE][PASSED] - Delayed 1 second(s)&#xD;
&#xD;
2019-11-04 08:55:59 - [MESSAGE][PASSED] - Object: 'Object Repository/Pages/FirstPayVault/footer_NextButton' is clicked on&#xD;
&#xD;
2019-11-04 08:56:01 - [MESSAGE][PASSED] - Delayed 2 second(s)&#xD;
&#xD;
2019-11-04 08:56:02 - [MESSAGE][PASSED] - Delayed 1 second(s)&#xD;
&#xD;
2019-11-04 08:56:02 - [MESSAGE][PASSED] - Object: 'Object Repository/Pages/FirstPayVault/footer_NextButton' is clicked on&#xD;
&#xD;
2019-11-04 08:56:04 - [MESSAGE][PASSED] - Delayed 2 second(s)&#xD;
&#xD;
2019-11-04 08:56:05 - [MESSAGE][PASSED] - Delayed 1 second(s)&#xD;
&#xD;
2019-11-04 08:56:06 - [MESSAGE][PASSED] - Object: 'Object Repository/Pages/FirstPayVault/footer_NextButton' is clicked on&#xD;
&#xD;
2019-11-04 08:56:08 - [MESSAGE][PASSED] - Delayed 2 second(s)&#xD;
&#xD;
2019-11-04 08:56:09 - [MESSAGE][PASSED] - Delayed 1 second(s)&#xD;
&#xD;
2019-11-04 08:56:09 - [MESSAGE][PASSED] - Object: 'Object Repository/Pages/FirstPayVault/footer_NextButton' is clicked on&#xD;
&#xD;
2019-11-04 08:56:11 - [MESSAGE][PASSED] - Delayed 2 second(s)&#xD;
&#xD;
2019-11-04 08:56:12 - [MESSAGE][PASSED] - Delayed 1 second(s)&#xD;
&#xD;
2019-11-04 08:56:13 - [MESSAGE][PASSED] - Object: 'Object Repository/Pages/FirstPayVault/footer_NextButton' is clicked on&#xD;
&#xD;
2019-11-04 08:56:15 - [MESSAGE][PASSED] - Delayed 2 second(s)&#xD;
&#xD;
2019-11-04 08:56:16 - [MESSAGE][PASSED] - Delayed 1 second(s)&#xD;
&#xD;
2019-11-04 08:56:16 - [MESSAGE][PASSED] - Object: 'Object Repository/Pages/FirstPayVault/footer_NextButton' is clicked on&#xD;
&#xD;
2019-11-04 08:56:18 - [MESSAGE][PASSED] - Delayed 2 second(s)&#xD;
&#xD;
2019-11-04 08:56:19 - [MESSAGE][PASSED] - Delayed 1 second(s)&#xD;
&#xD;
2019-11-04 08:56:20 - [MESSAGE][PASSED] - Object: 'Object Repository/Pages/FirstPayVault/footer_NextButton' is clicked on&#xD;
&#xD;
2019-11-04 08:56:22 - [MESSAGE][PASSED] - Delayed 2 second(s)&#xD;
&#xD;
2019-11-04 08:56:23 - [MESSAGE][PASSED] - Delayed 1 second(s)&#xD;
&#xD;
2019-11-04 08:56:23 - [MESSAGE][PASSED] - Object: 'Object Repository/Pages/FirstPayVault/footer_NextButton' is clicked on&#xD;
&#xD;
2019-11-04 08:56:25 - [MESSAGE][PASSED] - Delayed 2 second(s)&#xD;
&#xD;
2019-11-04 08:56:26 - [MESSAGE][PASSED] - Delayed 1 second(s)&#xD;
&#xD;
2019-11-04 08:56:27 - [MESSAGE][PASSED] - Object: 'Object Repository/Pages/FirstPayVault/footer_NextButton' is clicked on&#xD;
&#xD;
2019-11-04 08:56:29 - [MESSAGE][PASSED] - Delayed 2 second(s)&#xD;
&#xD;
2019-11-04 08:56:30 - [MESSAGE][PASSED] - Delayed 1 second(s)&#xD;
&#xD;
2019-11-04 08:56:30 - [MESSAGE][PASSED] - Object: 'Object Repository/Pages/FirstPayVault/footer_NextButton' is clicked on&#xD;
&#xD;
2019-11-04 08:56:32 - [MESSAGE][PASSED] - Delayed 2 second(s)&#xD;
&#xD;
2019-11-04 08:56:33 - [MESSAGE][PASSED] - Delayed 1 second(s)&#xD;
&#xD;
2019-11-04 08:56:34 - [MESSAGE][PASSED] - Object: 'Object Repository/Pages/FirstPayVault/footer_NextButton' is clicked on&#xD;
&#xD;
2019-11-04 08:56:36 - [MESSAGE][PASSED] - Delayed 2 second(s)&#xD;
&#xD;
2019-11-04 08:56:37 - [MESSAGE][PASSED] - Delayed 1 second(s)&#xD;
&#xD;
2019-11-04 08:56:37 - [MESSAGE][PASSED] - Object: 'Object Repository/Pages/FirstPayVault/footer_NextButton' is clicked on&#xD;
&#xD;
2019-11-04 08:56:39 - [MESSAGE][PASSED] - Delayed 2 second(s)&#xD;
&#xD;
2019-11-04 08:56:40 - [MESSAGE][PASSED] - Delayed 1 second(s)&#xD;
&#xD;
2019-11-04 08:56:40 - [MESSAGE][PASSED] - Object: 'Object Repository/Pages/FirstPayVault/footer_NextButton' is clicked on&#xD;
&#xD;
2019-11-04 08:56:42 - [MESSAGE][PASSED] - Delayed 2 second(s)&#xD;
&#xD;
2019-11-04 08:56:44 - [MESSAGE][PASSED] - Delayed 1 second(s)&#xD;
&#xD;
2019-11-04 08:56:44 - [MESSAGE][PASSED] - Object: 'Object Repository/Pages/FirstPayVault/footer_NextButton' is clicked on&#xD;
&#xD;
2019-11-04 08:56:46 - [MESSAGE][PASSED] - Delayed 2 second(s)&#xD;
&#xD;
2019-11-04 08:56:47 - [MESSAGE][PASSED] - Delayed 1 second(s)&#xD;
&#xD;
2019-11-04 08:56:48 - [MESSAGE][PASSED] - Object: 'Object Repository/Pages/FirstPayVault/footer_NextButton' is clicked on&#xD;
&#xD;
2019-11-04 08:56:50 - [MESSAGE][PASSED] - Delayed 2 second(s)&#xD;
&#xD;
2019-11-04 08:56:51 - [MESSAGE][PASSED] - Delayed 1 second(s)&#xD;
&#xD;
2019-11-04 08:56:51 - [MESSAGE][PASSED] - Object: 'Object Repository/Pages/FirstPayVault/footer_NextButton' is clicked on&#xD;
&#xD;
2019-11-04 08:56:53 - [MESSAGE][PASSED] - Delayed 2 second(s)&#xD;
&#xD;
2019-11-04 08:56:54 - [MESSAGE][PASSED] - Delayed 1 second(s)&#xD;
&#xD;
2019-11-04 08:56:54 - [MESSAGE][PASSED] - Object: 'Object Repository/Pages/FirstPayVault/footer_NextButton' is clicked on&#xD;
&#xD;
2019-11-04 08:56:56 - [MESSAGE][PASSED] - Delayed 2 second(s)&#xD;
&#xD;
2019-11-04 08:56:58 - [MESSAGE][PASSED] - Delayed 1 second(s)&#xD;
&#xD;
2019-11-04 08:56:58 - [MESSAGE][PASSED] - Object: 'Object Repository/Pages/FirstPayVault/footer_NextButton' is clicked on&#xD;
&#xD;
2019-11-04 08:57:00 - [MESSAGE][PASSED] - Delayed 2 second(s)&#xD;
&#xD;
2019-11-04 08:57:01 - [MESSAGE][PASSED] - Delayed 1 second(s)&#xD;
&#xD;
2019-11-04 08:57:01 - [MESSAGE][PASSED] - Object: 'Object Repository/Pages/FirstPayVault/footer_NextButton' is clicked on&#xD;
&#xD;
2019-11-04 08:57:03 - [MESSAGE][PASSED] - Delayed 2 second(s)&#xD;
&#xD;
2019-11-04 08:57:05 - [MESSAGE][PASSED] - Delayed 1 second(s)&#xD;
&#xD;
2019-11-04 08:57:05 - [MESSAGE][PASSED] - Object: 'Object Repository/Pages/FirstPayVault/footer_NextButton' is clicked on&#xD;
&#xD;
2019-11-04 08:57:07 - [MESSAGE][PASSED] - Delayed 2 second(s)&#xD;
&#xD;
2019-11-04 08:57:08 - [MESSAGE][PASSED] - Delayed 1 second(s)&#xD;
&#xD;
2019-11-04 08:57:08 - [MESSAGE][PASSED] - Object: 'Object Repository/Pages/FirstPayVault/footer_NextButton' is clicked on&#xD;
&#xD;
2019-11-04 08:57:10 - [MESSAGE][PASSED] - Delayed 2 second(s)&#xD;
&#xD;
2019-11-04 08:57:12 - [MESSAGE][PASSED] - Delayed 1 second(s)&#xD;
&#xD;
2019-11-04 08:57:12 - [MESSAGE][PASSED] - Object: 'Object Repository/Pages/FirstPayVault/footer_NextButton' is clicked on&#xD;
&#xD;
2019-11-04 08:57:14 - [MESSAGE][PASSED] - Delayed 2 second(s)&#xD;
&#xD;
2019-11-04 08:57:15 - [MESSAGE][PASSED] - Delayed 1 second(s)&#xD;
&#xD;
2019-11-04 08:57:15 - [MESSAGE][PASSED] - Object: 'Object Repository/Pages/FirstPayVault/footer_NextButton' is clicked on&#xD;
&#xD;
2019-11-04 08:57:17 - [MESSAGE][PASSED] - Delayed 2 second(s)&#xD;
&#xD;
2019-11-04 08:57:19 - [MESSAGE][PASSED] - Delayed 1 second(s)&#xD;
&#xD;
2019-11-04 08:57:19 - [MESSAGE][PASSED] - Object: 'Object Repository/Pages/FirstPayVault/footer_NextButton' is clicked on&#xD;
&#xD;
2019-11-04 08:57:21 - [MESSAGE][PASSED] - Delayed 2 second(s)&#xD;
&#xD;
2019-11-04 08:57:22 - [MESSAGE][PASSED] - Delayed 1 second(s)&#xD;
&#xD;
2019-11-04 08:57:22 - [MESSAGE][PASSED] - Object: 'Object Repository/Pages/FirstPayVault/footer_NextButton' is clicked on&#xD;
&#xD;
2019-11-04 08:57:24 - [MESSAGE][PASSED] - Delayed 2 second(s)&#xD;
&#xD;
2019-11-04 08:57:24 - [MESSAGE][PASSED] - All filtered Records have expected card Number&#xD;
&#xD;
2019-11-04 08:57:24 - [TEST_STEP][PASSED] - closeBrowser(): Browser is closed&#xD;
&#xD;
2019-11-04 08:57:25 - [MESSAGE][PASSED] - Browser is closed&#xD;
&#xD;
2019-11-04 08:57:25 - [TEST_STEP][PASSED] - Start listener action : sampleAfterTestCase: null&#xD;
&#xD;
2019-11-04 08:57:25 - [TEST_STEP][PASSED] - println(testCaseContext.getTestCaseId()): null&#xD;
&#xD;
2019-11-04 08:57:25 - [TEST_STEP][PASSED] - println(testCaseContext.getTestCaseStatus()): null&#xD;
&#xD;
2019-11-04 08:57:25 - [TEST_STEP][PASSED] - testCaseName = testCaseContext.getTestCaseId(): null&#xD;
&#xD;
2019-11-04 08:57:25 - [TEST_STEP][PASSED] - strCount = testCaseName.lastIndexOf("/"): null&#xD;
&#xD;
2019-11-04 08:57:25 - [TEST_STEP][PASSED] - testCaseName = testCaseName.substring(strCount): null&#xD;
&#xD;
2019-11-04 08:57:25 - [TEST_STEP][PASSED] - println(testCaseName): null&#xD;
&#xD;
2019-11-04 08:57:25 - [TEST_STEP][PASSED] - if (getTestCaseStatus().equalsIgnoreCase("Error")): null&#xD;
&#xD;
2019-11-04 08:57:25 - [TEST_STEP][PASSED] - Start listener action : sampleAfterTestCase: null</system-out>
            <system-err></system-err>
        </testcase>
        <testcase name="Test Cases/FirstView/FirstPayVault/VPOS_1stPayVault_Search_Vault_By_VaultReferenceNumber_Retail" classname="Test Cases/FirstView/FirstPayVault/VPOS_1stPayVault_Search_Vault_By_VaultReferenceNumber_Retail" status="PASSED">
            <system-out>2019-11-04 08:57:25 - [TEST_CASE][PASSED] - Test Cases/FirstView/FirstPayVault/VPOS_1stPayVault_Search_Vault_By_VaultReferenceNumber_Retail: Test Cases/FirstView/FirstPayVault/VPOS_1stPayVault_Search_Vault_By_VaultReferenceNumber_Retail&#xD;
&#xD;
2019-11-04 08:57:26 - [TEST_STEP][PASSED] - Start listener action : sampleBeforeTestCase: null&#xD;
&#xD;
2019-11-04 08:57:26 - [TEST_STEP][PASSED] - println(testCaseContext.getTestCaseId()): null&#xD;
&#xD;
2019-11-04 08:57:26 - [TEST_STEP][PASSED] - println(testCaseContext.getTestCaseVariables()): null&#xD;
&#xD;
2019-11-04 08:57:26 - [TEST_STEP][PASSED] - utilities.SafeActions.openBrowser(URL, [PageLoadTime]): utilities.SafeActions.openBrowser is PASSED&#xD;
&#xD;
2019-11-04 08:57:26 - [MESSAGE][INFO] - Opening Browser&#xD;
&#xD;
2019-11-04 08:57:26 - [MESSAGE][INFO] - Starting 'Firefox' driver&#xD;
&#xD;
2019-11-04 08:57:33 - [MESSAGE][PASSED] - Browser is opened with url: 'https://q-www-firstview-net.faps.net/MVC/Account/Login'&#xD;
&#xD;
2019-11-04 08:57:33 - [MESSAGE][PASSED] - Current window maximized&#xD;
&#xD;
2019-11-04 08:57:33 - [MESSAGE][INFO] - Browser Launched Successfully&#xD;
&#xD;
2019-11-04 08:57:33 - [MESSAGE][PASSED] - utilities.SafeActions.openBrowser is PASSED&#xD;
&#xD;
2019-11-04 08:57:33 - [TEST_STEP][PASSED] - pages.Login.login(uName, password): pages.Login.login is PASSED&#xD;
&#xD;
2019-11-04 08:57:33 - [MESSAGE][PASSED] - Object 'Object Repository/Pages/Login/userName' is present&#xD;
&#xD;
2019-11-04 08:57:33 - [MESSAGE][PASSED] - Object 'Object Repository/Pages/Login/userName' is present&#xD;
&#xD;
2019-11-04 08:57:34 - [MESSAGE][PASSED] - Object: 'Object Repository/Pages/Login/userName' is clicked on&#xD;
&#xD;
2019-11-04 08:57:34 - [MESSAGE][PASSED] - Text 'ZenQRetail' is set on object 'Object Repository/Pages/Login/userName'&#xD;
&#xD;
2019-11-04 08:57:34 - [MESSAGE][PASSED] - Object 'Object Repository/Pages/Login/password' is present&#xD;
&#xD;
2019-11-04 08:57:34 - [MESSAGE][PASSED] - Object 'Object Repository/Pages/Login/password' is present&#xD;
&#xD;
2019-11-04 08:57:35 - [MESSAGE][PASSED] - Object: 'Object Repository/Pages/Login/password' is clicked on&#xD;
&#xD;
2019-11-04 08:57:35 - [MESSAGE][PASSED] - Text 'P@ssword1' is set on object 'Object Repository/Pages/Login/password'&#xD;
&#xD;
2019-11-04 08:57:35 - [MESSAGE][INFO] - Safe Click Without scroll&#xD;
&#xD;
2019-11-04 08:57:35 - [MESSAGE][INFO] - 1stPayVault_TestSuite.ts:waiting until Click on Login is Clickable&#xD;
&#xD;
2019-11-04 08:57:35 - [MESSAGE][PASSED] - Object 'Object Repository/Pages/Login/login' is clickable&#xD;
&#xD;
2019-11-04 08:57:35 - [MESSAGE][PASSED] - Object 'Object Repository/Pages/Login/login' is visible&#xD;
&#xD;
2019-11-04 08:57:37 - [MESSAGE][PASSED] - Object: 'Object Repository/Pages/Login/login' is clicked on&#xD;
&#xD;
2019-11-04 08:57:37 - [MESSAGE][INFO] - 1stPayVault_TestSuite.ts: click on the Click on Login&#xD;
&#xD;
2019-11-04 08:57:37 - [MESSAGE][PASSED] - pages.Login.login is PASSED&#xD;
&#xD;
2019-11-04 08:57:37 - [TEST_STEP][PASSED] - callTestCase(findTestCase("FirstView/Login/TC_SendCode"), [:], STOP_ON_FAILURE): Call Test Case 'Test Cases/FirstView/Login/TC_SendCode' successfully&#xD;
&#xD;
2019-11-04 08:57:37 - [TEST_CASE][PASSED] - Test Cases/FirstView/Login/TC_SendCode: Test Cases/FirstView/Login/TC_SendCode&#xD;
&#xD;
2019-11-04 08:57:37 - [TEST_STEP][PASSED] - flag = pages.SendCode.verifyPage(): pages.SendCode.verifyPage is PASSED&#xD;
&#xD;
2019-11-04 08:57:37 - [MESSAGE][PASSED] - Object 'Object Repository/Pages/SendCodeToValidate/header_SendCodeToValidate' is present and visible in viewport&#xD;
&#xD;
2019-11-04 08:57:37 - [MESSAGE][PASSED] - pages.SendCode.verifyPage is PASSED&#xD;
&#xD;
2019-11-04 08:57:37 - [TEST_STEP][PASSED] - if (flag): pages.SendCode.clickonUserSettings is PASSED&#xD;
&#xD;
2019-11-04 08:57:37 - [TEST_STEP][PASSED] - pages.SendCode.clickonUserSettings(): pages.SendCode.clickonUserSettings is PASSED&#xD;
&#xD;
2019-11-04 08:57:37 - [MESSAGE][PASSED] - Object 'Object Repository/Pages/SendCodeToValidate/link_UserSettings' is present&#xD;
&#xD;
2019-11-04 08:57:37 - [MESSAGE][PASSED] - Object 'Object Repository/Pages/SendCodeToValidate/link_UserSettings' is visible&#xD;
&#xD;
2019-11-04 08:57:37 - [MESSAGE][INFO] - 1stPayVault_TestSuite.ts:waiting until Click on User Settings is Clickable&#xD;
&#xD;
2019-11-04 08:57:37 - [MESSAGE][PASSED] - Object 'Object Repository/Pages/SendCodeToValidate/link_UserSettings' is clickable&#xD;
&#xD;
2019-11-04 08:57:37 - [MESSAGE][PASSED] - Object 'Object Repository/Pages/SendCodeToValidate/link_UserSettings' is visible&#xD;
&#xD;
2019-11-04 08:57:39 - [MESSAGE][PASSED] - Object: 'Object Repository/Pages/SendCodeToValidate/link_UserSettings' is clicked on&#xD;
&#xD;
2019-11-04 08:57:39 - [MESSAGE][INFO] - 1stPayVault_TestSuite.ts: Clicked on the Click on User Settings&#xD;
&#xD;
2019-11-04 08:57:39 - [MESSAGE][PASSED] - pages.SendCode.clickonUserSettings is PASSED&#xD;
&#xD;
2019-11-04 08:57:39 - [MESSAGE][PASSED] - Call Test Case 'Test Cases/FirstView/Login/TC_SendCode' successfully&#xD;
&#xD;
2019-11-04 08:57:39 - [TEST_STEP][PASSED] - callTestCase(findTestCase("FirstView/Login/TC_FirstView"), [:], STOP_ON_FAILURE): Call Test Case 'Test Cases/FirstView/Login/TC_FirstView' successfully&#xD;
&#xD;
2019-11-04 08:57:39 - [TEST_CASE][PASSED] - Test Cases/FirstView/Login/TC_FirstView: Test Cases/FirstView/Login/TC_FirstView&#xD;
&#xD;
2019-11-04 08:57:39 - [TEST_STEP][PASSED] - delay(3): Delayed 3 second(s)&#xD;
&#xD;
2019-11-04 08:57:42 - [MESSAGE][PASSED] - Delayed 3 second(s)&#xD;
&#xD;
2019-11-04 08:57:42 - [TEST_STEP][PASSED] - utilities.SafeActions.javascriptclick(findTestObject("Pages/FirstView/link_Home"), delayForElement): utilities.SafeActions.javascriptclick is PASSED&#xD;
&#xD;
2019-11-04 08:57:42 - [MESSAGE][PASSED] - utilities.SafeActions.javascriptclick is PASSED&#xD;
&#xD;
2019-11-04 08:57:42 - [TEST_STEP][PASSED] - utilities.SafeActions.safeClickWithoutScroll(findTestObject("Pages/FirstView/link_VPOS"), "Click on VPOS button in First View screen", [PageLoadTime]): utilities.SafeActions.safeClickWithoutScroll is PASSED&#xD;
&#xD;
2019-11-04 08:57:42 - [MESSAGE][INFO] - Safe Click Without scroll&#xD;
&#xD;
2019-11-04 08:57:42 - [MESSAGE][INFO] - 1stPayVault_TestSuite.ts:waiting until Click on VPOS button in First View screen is Clickable&#xD;
&#xD;
2019-11-04 08:57:43 - [MESSAGE][PASSED] - Object 'Object Repository/Pages/FirstView/link_VPOS' is clickable&#xD;
&#xD;
2019-11-04 08:57:44 - [MESSAGE][PASSED] - Object 'Object Repository/Pages/FirstView/link_VPOS' is visible&#xD;
&#xD;
2019-11-04 08:57:44 - [MESSAGE][PASSED] - Object: 'Object Repository/Pages/FirstView/link_VPOS' is clicked on&#xD;
&#xD;
2019-11-04 08:57:44 - [MESSAGE][INFO] - 1stPayVault_TestSuite.ts: click on the Click on VPOS button in First View screen&#xD;
&#xD;
2019-11-04 08:57:44 - [MESSAGE][PASSED] - utilities.SafeActions.safeClickWithoutScroll is PASSED&#xD;
&#xD;
2019-11-04 08:57:44 - [MESSAGE][PASSED] - Call Test Case 'Test Cases/FirstView/Login/TC_FirstView' successfully&#xD;
&#xD;
2019-11-04 08:57:44 - [TEST_STEP][PASSED] - switchToWindowTitle("Transcenter - VPOS"): Switched to window with title: 'Transcenter - VPOS'&#xD;
&#xD;
2019-11-04 08:57:47 - [MESSAGE][PASSED] - Switched to window with title: 'Transcenter - VPOS'&#xD;
&#xD;
2019-11-04 08:57:47 - [TEST_STEP][PASSED] - focus(findTestObject("Pages/FirstPayVault/tab_FirstPayVault")): Object: 'Object Repository/Pages/FirstPayVault/tab_FirstPayVault' is focused&#xD;
&#xD;
2019-11-04 08:57:50 - [MESSAGE][PASSED] - Object: 'Object Repository/Pages/FirstPayVault/tab_FirstPayVault' is focused&#xD;
&#xD;
2019-11-04 08:57:50 - [TEST_STEP][PASSED] - utilities.SafeActions.javascriptclick(findTestObject("Pages/FirstPayVault/tab_FirstPayVault"), PageLoadTime): utilities.SafeActions.javascriptclick is PASSED&#xD;
&#xD;
2019-11-04 08:57:50 - [MESSAGE][PASSED] - utilities.SafeActions.javascriptclick is PASSED&#xD;
&#xD;
2019-11-04 08:57:50 - [TEST_STEP][PASSED] - delay(2): Delayed 2 second(s)&#xD;
&#xD;
2019-11-04 08:57:52 - [MESSAGE][PASSED] - Delayed 2 second(s)&#xD;
&#xD;
2019-11-04 08:57:52 - [TEST_STEP][PASSED] - utilities.SafeActions.safeClickWithoutScroll(findTestObject("Pages/FirstPayVault/tab_FirstPayVault"), "Click on FistPayVault tab", [delayForElement]): utilities.SafeActions.safeClickWithoutScroll is PASSED&#xD;
&#xD;
2019-11-04 08:57:52 - [MESSAGE][INFO] - Safe Click Without scroll&#xD;
&#xD;
2019-11-04 08:57:52 - [MESSAGE][INFO] - 1stPayVault_TestSuite.ts:waiting until Click on FistPayVault tab is Clickable&#xD;
&#xD;
2019-11-04 08:57:52 - [MESSAGE][PASSED] - Object 'Object Repository/Pages/FirstPayVault/tab_FirstPayVault' is clickable&#xD;
&#xD;
2019-11-04 08:57:52 - [MESSAGE][PASSED] - Object 'Object Repository/Pages/FirstPayVault/tab_FirstPayVault' is visible&#xD;
&#xD;
2019-11-04 08:57:53 - [MESSAGE][PASSED] - Object: 'Object Repository/Pages/FirstPayVault/tab_FirstPayVault' is clicked on&#xD;
&#xD;
2019-11-04 08:57:53 - [MESSAGE][INFO] - 1stPayVault_TestSuite.ts: click on the Click on FistPayVault tab&#xD;
&#xD;
2019-11-04 08:57:53 - [MESSAGE][PASSED] - utilities.SafeActions.safeClickWithoutScroll is PASSED&#xD;
&#xD;
2019-11-04 08:57:53 - [TEST_STEP][PASSED] - utilities.SafeActions.safeClickWithoutScroll(findTestObject("Pages/FirstPayVault/button_CreateVault"), "Click on CreateVault button", [PageLoadTime]): utilities.SafeActions.safeClickWithoutScroll is PASSED&#xD;
&#xD;
2019-11-04 08:57:53 - [MESSAGE][INFO] - Safe Click Without scroll&#xD;
&#xD;
2019-11-04 08:57:53 - [MESSAGE][INFO] - 1stPayVault_TestSuite.ts:waiting until Click on CreateVault button is Clickable&#xD;
&#xD;
2019-11-04 08:57:53 - [MESSAGE][PASSED] - Object 'Object Repository/Pages/FirstPayVault/button_CreateVault' is clickable&#xD;
&#xD;
2019-11-04 08:57:53 - [MESSAGE][PASSED] - Object 'Object Repository/Pages/FirstPayVault/button_CreateVault' is visible&#xD;
&#xD;
2019-11-04 08:57:54 - [MESSAGE][PASSED] - Object: 'Object Repository/Pages/FirstPayVault/button_CreateVault' is clicked on&#xD;
&#xD;
2019-11-04 08:57:54 - [MESSAGE][INFO] - 1stPayVault_TestSuite.ts: click on the Click on CreateVault button&#xD;
&#xD;
2019-11-04 08:57:54 - [MESSAGE][PASSED] - utilities.SafeActions.safeClickWithoutScroll is PASSED&#xD;
&#xD;
2019-11-04 08:57:54 - [TEST_STEP][PASSED] - scrollToElement(findTestObject("Pages/FirstPayVault/input_VaultReferenceNumber"), 5): Scroll to object 'Object Repository/Pages/FirstPayVault/input_VaultReferenceNumber' successfully&#xD;
&#xD;
2019-11-04 08:57:54 - [MESSAGE][PASSED] - Scroll to object 'Object Repository/Pages/FirstPayVault/input_VaultReferenceNumber' successfully&#xD;
&#xD;
2019-11-04 08:57:54 - [TEST_STEP][PASSED] - vaultReference = utilities.SafeActions.timeWithMilliSeconds(): utilities.SafeActions.timeWithMilliSeconds is PASSED&#xD;
&#xD;
2019-11-04 08:57:54 - [MESSAGE][PASSED] - utilities.SafeActions.timeWithMilliSeconds is PASSED&#xD;
&#xD;
2019-11-04 08:57:54 - [TEST_STEP][PASSED] - utilities.SafeActions.safeType(findTestObject("Pages/FirstPayVault/input_VaultReferenceNumber"), vaultReference, "Entering Vault Reference Number", [PageLoadTime]): utilities.SafeActions.safeType is PASSED&#xD;
&#xD;
2019-11-04 08:57:54 - [MESSAGE][PASSED] - Object 'Object Repository/Pages/FirstPayVault/input_VaultReferenceNumber' is present&#xD;
&#xD;
2019-11-04 08:57:54 - [MESSAGE][PASSED] - Object 'Object Repository/Pages/FirstPayVault/input_VaultReferenceNumber' is present&#xD;
&#xD;
2019-11-04 08:57:55 - [MESSAGE][PASSED] - Object: 'Object Repository/Pages/FirstPayVault/input_VaultReferenceNumber' is clicked on&#xD;
&#xD;
2019-11-04 08:57:55 - [MESSAGE][PASSED] - Text '2019-11-04 08:57:54.896' is set on object 'Object Repository/Pages/FirstPayVault/input_VaultReferenceNumber'&#xD;
&#xD;
2019-11-04 08:57:55 - [MESSAGE][PASSED] - utilities.SafeActions.safeType is PASSED&#xD;
&#xD;
2019-11-04 08:57:55 - [TEST_STEP][PASSED] - utilities.SafeActions.safeType(findTestObject("Pages/FirstPayVault/input_CreditCardNumber"), visaCardNumber, "Entering Card Number", [PageLoadTime]): utilities.SafeActions.safeType is PASSED&#xD;
&#xD;
2019-11-04 08:57:55 - [MESSAGE][PASSED] - Object 'Object Repository/Pages/FirstPayVault/input_CreditCardNumber' is present&#xD;
&#xD;
2019-11-04 08:57:55 - [MESSAGE][PASSED] - Object 'Object Repository/Pages/FirstPayVault/input_CreditCardNumber' is present&#xD;
&#xD;
2019-11-04 08:57:56 - [MESSAGE][PASSED] - Object: 'Object Repository/Pages/FirstPayVault/input_CreditCardNumber' is clicked on&#xD;
&#xD;
2019-11-04 08:57:57 - [MESSAGE][PASSED] - Text '4111111111111111' is set on object 'Object Repository/Pages/FirstPayVault/input_CreditCardNumber'&#xD;
&#xD;
2019-11-04 08:57:57 - [MESSAGE][PASSED] - utilities.SafeActions.safeType is PASSED&#xD;
&#xD;
2019-11-04 08:57:57 - [TEST_STEP][PASSED] - utilities.SafeActions.safeSelectOptionInDropDownByVisibleText(findTestObject("Pages/FirstPayVault/dropDown_ExpirationMonth"), cardMonth, "Expiration Month", [PageLoadTime]): utilities.SafeActions.safeSelectOptionInDropDownByVisibleText is PASSED&#xD;
&#xD;
2019-11-04 08:57:57 - [MESSAGE][PASSED] - Object 'Object Repository/Pages/FirstPayVault/dropDown_ExpirationMonth' is visible&#xD;
&#xD;
2019-11-04 08:57:57 - [MESSAGE][PASSED] - Object 'Object Repository/Pages/FirstPayVault/dropDown_ExpirationMonth' is present&#xD;
&#xD;
2019-11-04 08:57:58 - [MESSAGE][PASSED] - Object: 'Object Repository/Pages/FirstPayVault/dropDown_ExpirationMonth' is clicked on&#xD;
&#xD;
2019-11-04 08:57:58 - [MESSAGE][PASSED] - All options with label 'September' are selected in object 'Object Repository/Pages/FirstPayVault/dropDown_ExpirationMonth' &#xD;
&#xD;
2019-11-04 08:57:58 - [MESSAGE][PASSED] - utilities.SafeActions.safeSelectOptionInDropDownByVisibleText is PASSED&#xD;
&#xD;
2019-11-04 08:57:58 - [TEST_STEP][PASSED] - utilities.SafeActions.safeSelectOptionInDropDownByVisibleText(findTestObject("Pages/FirstPayVault/dropDown_ExpirationYear"), cardYear, "year", [PageLoadTime]): utilities.SafeActions.safeSelectOptionInDropDownByVisibleText is PASSED&#xD;
&#xD;
2019-11-04 08:57:58 - [MESSAGE][PASSED] - Object 'Object Repository/Pages/FirstPayVault/dropDown_ExpirationYear' is visible&#xD;
&#xD;
2019-11-04 08:57:58 - [MESSAGE][PASSED] - Object 'Object Repository/Pages/FirstPayVault/dropDown_ExpirationYear' is present&#xD;
&#xD;
2019-11-04 08:57:59 - [MESSAGE][PASSED] - Object: 'Object Repository/Pages/FirstPayVault/dropDown_ExpirationYear' is clicked on&#xD;
&#xD;
2019-11-04 08:57:59 - [MESSAGE][PASSED] - All options with label '2032' are selected in object 'Object Repository/Pages/FirstPayVault/dropDown_ExpirationYear' &#xD;
&#xD;
2019-11-04 08:57:59 - [MESSAGE][PASSED] - utilities.SafeActions.safeSelectOptionInDropDownByVisibleText is PASSED&#xD;
&#xD;
2019-11-04 08:57:59 - [TEST_STEP][PASSED] - utilities.SafeActions.safeType(findTestObject("Pages/FirstPayVault/input_ContactName"), customerName, "Enter Contact Name", [PageLoadTime]): utilities.SafeActions.safeType is PASSED&#xD;
&#xD;
2019-11-04 08:57:59 - [MESSAGE][PASSED] - Object 'Object Repository/Pages/FirstPayVault/input_ContactName' is present&#xD;
&#xD;
2019-11-04 08:57:59 - [MESSAGE][PASSED] - Object 'Object Repository/Pages/FirstPayVault/input_ContactName' is present&#xD;
&#xD;
2019-11-04 08:58:00 - [MESSAGE][PASSED] - Object: 'Object Repository/Pages/FirstPayVault/input_ContactName' is clicked on&#xD;
&#xD;
2019-11-04 08:58:00 - [MESSAGE][PASSED] - Text 'Venkata Sai' is set on object 'Object Repository/Pages/FirstPayVault/input_ContactName'&#xD;
&#xD;
2019-11-04 08:58:00 - [MESSAGE][PASSED] - utilities.SafeActions.safeType is PASSED&#xD;
&#xD;
2019-11-04 08:58:00 - [TEST_STEP][PASSED] - utilities.SafeActions.safeType(findTestObject("Pages/FirstPayVault/input_PostalCode"), postalCode, "Enter Postal Code", [PageLoadTime]): utilities.SafeActions.safeType is PASSED&#xD;
&#xD;
2019-11-04 08:58:00 - [MESSAGE][PASSED] - Object 'Object Repository/Pages/FirstPayVault/input_PostalCode' is present&#xD;
&#xD;
2019-11-04 08:58:00 - [MESSAGE][PASSED] - Object 'Object Repository/Pages/FirstPayVault/input_PostalCode' is present&#xD;
&#xD;
2019-11-04 08:58:01 - [MESSAGE][PASSED] - Object: 'Object Repository/Pages/FirstPayVault/input_PostalCode' is clicked on&#xD;
&#xD;
2019-11-04 08:58:01 - [MESSAGE][PASSED] - Text '76102' is set on object 'Object Repository/Pages/FirstPayVault/input_PostalCode'&#xD;
&#xD;
2019-11-04 08:58:01 - [MESSAGE][PASSED] - utilities.SafeActions.safeType is PASSED&#xD;
&#xD;
2019-11-04 08:58:01 - [TEST_STEP][PASSED] - utilities.SafeActions.safeType(findTestObject("Pages/FirstPayVault/input_Address"), address, "Enter ddress", [PageLoadTime]): utilities.SafeActions.safeType is PASSED&#xD;
&#xD;
2019-11-04 08:58:01 - [MESSAGE][PASSED] - Object 'Object Repository/Pages/FirstPayVault/input_Address' is present&#xD;
&#xD;
2019-11-04 08:58:01 - [MESSAGE][PASSED] - Object 'Object Repository/Pages/FirstPayVault/input_Address' is present&#xD;
&#xD;
2019-11-04 08:58:02 - [MESSAGE][PASSED] - Object: 'Object Repository/Pages/FirstPayVault/input_Address' is clicked on&#xD;
&#xD;
2019-11-04 08:58:02 - [MESSAGE][PASSED] - Text 'Street123' is set on object 'Object Repository/Pages/FirstPayVault/input_Address'&#xD;
&#xD;
2019-11-04 08:58:02 - [MESSAGE][PASSED] - utilities.SafeActions.safeType is PASSED&#xD;
&#xD;
2019-11-04 08:58:02 - [TEST_STEP][PASSED] - utilities.SafeActions.safeCheckForElement(findTestObject("Pages/FirstPayVault/chekBox_AddShippingInformation"), PageLoadTime): utilities.SafeActions.safeCheckForElement is PASSED&#xD;
&#xD;
2019-11-04 08:58:02 - [MESSAGE][PASSED] - Object 'Object Repository/Pages/FirstPayVault/chekBox_AddShippingInformation' is present&#xD;
&#xD;
2019-11-04 08:58:02 - [MESSAGE][PASSED] - Object 'Object Repository/Pages/FirstPayVault/chekBox_AddShippingInformation' is visible&#xD;
&#xD;
2019-11-04 08:58:02 - [MESSAGE][PASSED] - Object 'Object Repository/Pages/FirstPayVault/chekBox_AddShippingInformation' is present&#xD;
&#xD;
2019-11-04 08:58:03 - [MESSAGE][PASSED] - Object 'Object Repository/Pages/FirstPayVault/chekBox_AddShippingInformation' is checked&#xD;
&#xD;
2019-11-04 08:58:03 - [MESSAGE][PASSED] - utilities.SafeActions.safeCheckForElement is PASSED&#xD;
&#xD;
2019-11-04 08:58:03 - [TEST_STEP][PASSED] - utilities.SafeActions.safeType(findTestObject("Pages/FirstPayVault/input_ShippingMethod"), shippingMethod, "Enter Shipping Method", [PageLoadTime]): utilities.SafeActions.safeType is PASSED&#xD;
&#xD;
2019-11-04 08:58:03 - [MESSAGE][PASSED] - Object 'Object Repository/Pages/FirstPayVault/input_ShippingMethod' is present&#xD;
&#xD;
2019-11-04 08:58:03 - [MESSAGE][PASSED] - Object 'Object Repository/Pages/FirstPayVault/input_ShippingMethod' is present&#xD;
&#xD;
2019-11-04 08:58:04 - [MESSAGE][PASSED] - Object: 'Object Repository/Pages/FirstPayVault/input_ShippingMethod' is clicked on&#xD;
&#xD;
2019-11-04 08:58:04 - [MESSAGE][PASSED] - Text 'DTDC' is set on object 'Object Repository/Pages/FirstPayVault/input_ShippingMethod'&#xD;
&#xD;
2019-11-04 08:58:04 - [MESSAGE][PASSED] - utilities.SafeActions.safeType is PASSED&#xD;
&#xD;
2019-11-04 08:58:04 - [TEST_STEP][PASSED] - utilities.SafeActions.safeCheckForElement(findTestObject("Pages/FirstPayVault/checkbox_SameAsBillingInformation"), PageLoadTime): utilities.SafeActions.safeCheckForElement is PASSED&#xD;
&#xD;
2019-11-04 08:58:04 - [MESSAGE][PASSED] - Object 'Object Repository/Pages/FirstPayVault/checkbox_SameAsBillingInformation' is present&#xD;
&#xD;
2019-11-04 08:58:04 - [MESSAGE][PASSED] - Object 'Object Repository/Pages/FirstPayVault/checkbox_SameAsBillingInformation' is visible&#xD;
&#xD;
2019-11-04 08:58:04 - [MESSAGE][PASSED] - Object 'Object Repository/Pages/FirstPayVault/checkbox_SameAsBillingInformation' is present&#xD;
&#xD;
2019-11-04 08:58:05 - [MESSAGE][PASSED] - Object 'Object Repository/Pages/FirstPayVault/checkbox_SameAsBillingInformation' is checked&#xD;
&#xD;
2019-11-04 08:58:05 - [MESSAGE][PASSED] - utilities.SafeActions.safeCheckForElement is PASSED&#xD;
&#xD;
2019-11-04 08:58:05 - [TEST_STEP][PASSED] - utilities.SafeActions.safeClickwithScroll(findTestObject("Pages/FirstPayVault/button_Create"), "Click on Create Button", [PageLoadTime]): utilities.SafeActions.safeClickwithScroll is PASSED&#xD;
&#xD;
2019-11-04 08:58:05 - [MESSAGE][PASSED] - Object 'Object Repository/Pages/FirstPayVault/button_Create' is present&#xD;
&#xD;
2019-11-04 08:58:05 - [MESSAGE][PASSED] - Object 'Object Repository/Pages/FirstPayVault/button_Create' is visible&#xD;
&#xD;
2019-11-04 08:58:05 - [MESSAGE][INFO] - 1stPayVault_TestSuite.ts:waiting until Click on Create Button is Clickable&#xD;
&#xD;
2019-11-04 08:58:05 - [MESSAGE][PASSED] - Object 'Object Repository/Pages/FirstPayVault/button_Create' is clickable&#xD;
&#xD;
2019-11-04 08:58:05 - [MESSAGE][PASSED] - Object 'Object Repository/Pages/FirstPayVault/button_Create' is visible&#xD;
&#xD;
2019-11-04 08:58:06 - [MESSAGE][PASSED] - Object: 'Object Repository/Pages/FirstPayVault/button_Create' is clicked on&#xD;
&#xD;
2019-11-04 08:58:06 - [MESSAGE][INFO] - 1stPayVault_TestSuite.ts: Clicked on the Click on Create Button&#xD;
&#xD;
2019-11-04 08:58:06 - [MESSAGE][PASSED] - utilities.SafeActions.safeClickwithScroll is PASSED&#xD;
&#xD;
2019-11-04 08:58:06 - [TEST_STEP][PASSED] - delay(2): Delayed 2 second(s)&#xD;
&#xD;
2019-11-04 08:58:08 - [MESSAGE][PASSED] - Delayed 2 second(s)&#xD;
&#xD;
2019-11-04 08:58:08 - [TEST_STEP][PASSED] - popupSavedToVaultMessage = utilities.SafeActions.safeGetText(findTestObject("Pages/FirstPayVault/popup_SavedToVaultMessage"), PageLoadTime): utilities.SafeActions.safeGetText is PASSED&#xD;
&#xD;
2019-11-04 08:58:08 - [MESSAGE][PASSED] - Object 'Object Repository/Pages/FirstPayVault/popup_SavedToVaultMessage' is present&#xD;
&#xD;
2019-11-04 08:58:08 - [MESSAGE][PASSED] - Scroll to object 'Object Repository/Pages/FirstPayVault/popup_SavedToVaultMessage' successfully&#xD;
&#xD;
2019-11-04 08:58:08 - [MESSAGE][PASSED] - Object 'Object Repository/Pages/FirstPayVault/popup_SavedToVaultMessage' is present&#xD;
&#xD;
2019-11-04 08:58:09 - [MESSAGE][PASSED] - Text of object 'Object Repository/Pages/FirstPayVault/popup_SavedToVaultMessage' is: 'Successfully Saved to Vault'&#xD;
&#xD;
2019-11-04 08:58:09 - [MESSAGE][PASSED] - utilities.SafeActions.safeGetText is PASSED&#xD;
&#xD;
2019-11-04 08:58:09 - [TEST_STEP][PASSED] - flag = utilities.SafeActions.verifyPopupMessage("Successfully Saved to Vault", popupSavedToVaultMessage): Popup Message : Successfully Saved to Vault matched with expected message : Successfully Saved to Vault&#xD;
&#xD;
2019-11-04 08:58:09 - [MESSAGE][PASSED] - Popup Message : Successfully Saved to Vault matched with expected message : Successfully Saved to Vault&#xD;
&#xD;
2019-11-04 08:58:09 - [TEST_STEP][PASSED] - utilities.SafeActions.safeClickWithoutScroll(findTestObject("Pages/FirstPayVault/button_SearchVault_InPopup"), "Search Vault in Popup", [delayBetweenTestSteps]): utilities.SafeActions.safeClickWithoutScroll is PASSED&#xD;
&#xD;
2019-11-04 08:58:09 - [MESSAGE][INFO] - Safe Click Without scroll&#xD;
&#xD;
2019-11-04 08:58:09 - [MESSAGE][INFO] - 1stPayVault_TestSuite.ts:waiting until Search Vault in Popup is Clickable&#xD;
&#xD;
2019-11-04 08:58:09 - [MESSAGE][PASSED] - Object 'Object Repository/Pages/FirstPayVault/button_SearchVault_InPopup' is clickable&#xD;
&#xD;
2019-11-04 08:58:09 - [MESSAGE][PASSED] - Object 'Object Repository/Pages/FirstPayVault/button_SearchVault_InPopup' is visible&#xD;
&#xD;
2019-11-04 08:58:10 - [MESSAGE][PASSED] - Object: 'Object Repository/Pages/FirstPayVault/button_SearchVault_InPopup' is clicked on&#xD;
&#xD;
2019-11-04 08:58:10 - [MESSAGE][INFO] - 1stPayVault_TestSuite.ts: click on the Search Vault in Popup&#xD;
&#xD;
2019-11-04 08:58:10 - [MESSAGE][PASSED] - utilities.SafeActions.safeClickWithoutScroll is PASSED&#xD;
&#xD;
2019-11-04 08:58:10 - [TEST_STEP][PASSED] - scrollToElement(findTestObject("Pages/FirstPayVault/filter_SearchPayVaultByVaultReferenceNumber"), delayBetweenTestSteps): Scroll to object 'Object Repository/Pages/FirstPayVault/filter_SearchPayVaultByVaultReferenceNumber' successfully&#xD;
&#xD;
2019-11-04 08:58:10 - [MESSAGE][PASSED] - Scroll to object 'Object Repository/Pages/FirstPayVault/filter_SearchPayVaultByVaultReferenceNumber' successfully&#xD;
&#xD;
2019-11-04 08:58:10 - [TEST_STEP][PASSED] - utilities.SafeActions.safeType(findTestObject("Pages/FirstPayVault/filter_SearchPayVaultByVaultReferenceNumber"), vaultReference, "Enter Vault Reference Number", [delayBetweenTestSteps]): utilities.SafeActions.safeType is PASSED&#xD;
&#xD;
2019-11-04 08:58:10 - [MESSAGE][PASSED] - Object 'Object Repository/Pages/FirstPayVault/filter_SearchPayVaultByVaultReferenceNumber' is present&#xD;
&#xD;
2019-11-04 08:58:10 - [MESSAGE][PASSED] - Object 'Object Repository/Pages/FirstPayVault/filter_SearchPayVaultByVaultReferenceNumber' is present&#xD;
&#xD;
2019-11-04 08:58:11 - [MESSAGE][PASSED] - Object: 'Object Repository/Pages/FirstPayVault/filter_SearchPayVaultByVaultReferenceNumber' is clicked on&#xD;
&#xD;
2019-11-04 08:58:11 - [MESSAGE][PASSED] - Text '2019-11-04 08:57:54.896' is set on object 'Object Repository/Pages/FirstPayVault/filter_SearchPayVaultByVaultReferenceNumber'&#xD;
&#xD;
2019-11-04 08:58:11 - [MESSAGE][PASSED] - utilities.SafeActions.safeType is PASSED&#xD;
&#xD;
2019-11-04 08:58:11 - [TEST_STEP][PASSED] - utilities.SafeActions.safeClickWithoutScroll(findTestObject("Pages/FirstPayVault/button_Search"), "Click On Search button", [PageLoadTime]): utilities.SafeActions.safeClickWithoutScroll is PASSED&#xD;
&#xD;
2019-11-04 08:58:11 - [MESSAGE][INFO] - Safe Click Without scroll&#xD;
&#xD;
2019-11-04 08:58:11 - [MESSAGE][INFO] - 1stPayVault_TestSuite.ts:waiting until Click On Search button is Clickable&#xD;
&#xD;
2019-11-04 08:58:11 - [MESSAGE][PASSED] - Object 'Object Repository/Pages/FirstPayVault/button_Search' is clickable&#xD;
&#xD;
2019-11-04 08:58:11 - [MESSAGE][PASSED] - Object 'Object Repository/Pages/FirstPayVault/button_Search' is visible&#xD;
&#xD;
2019-11-04 08:58:12 - [MESSAGE][PASSED] - Object: 'Object Repository/Pages/FirstPayVault/button_Search' is clicked on&#xD;
&#xD;
2019-11-04 08:58:12 - [MESSAGE][INFO] - 1stPayVault_TestSuite.ts: click on the Click On Search button&#xD;
&#xD;
2019-11-04 08:58:12 - [MESSAGE][PASSED] - utilities.SafeActions.safeClickWithoutScroll is PASSED&#xD;
&#xD;
2019-11-04 08:58:12 - [TEST_STEP][PASSED] - scrollToElement(findTestObject("Pages/Transaction_Management/invoice_ForTransaction"), PageLoadTime): Scroll to object 'Object Repository/Pages/Transaction_Management/invoice_ForTransaction' successfully&#xD;
&#xD;
2019-11-04 08:58:12 - [MESSAGE][PASSED] - Scroll to object 'Object Repository/Pages/Transaction_Management/invoice_ForTransaction' successfully&#xD;
&#xD;
2019-11-04 08:58:12 - [TEST_STEP][PASSED] - pages.FirstPayVault.verifyInvoiceRecord(findTestObject("Pages/FirstPayVault/footer_NextButton"), findTestObject("Pages/FirstPayVault/page_Number"), vaultReference): The Vault is found in page 1&#xD;
&#xD;
2019-11-04 08:58:13 - [MESSAGE][PASSED] - Text of object 'Object Repository/Pages/FirstPayVault/page_Number' is: 'Page 1 of 1'&#xD;
&#xD;
2019-11-04 08:58:13 - [MESSAGE][PASSED] - The Vault is found in page 1&#xD;
&#xD;
2019-11-04 08:58:13 - [TEST_STEP][PASSED] - closeBrowser(): Browser is closed&#xD;
&#xD;
2019-11-04 08:58:15 - [MESSAGE][PASSED] - Browser is closed&#xD;
&#xD;
2019-11-04 08:58:15 - [TEST_STEP][PASSED] - Start listener action : sampleAfterTestCase: null&#xD;
&#xD;
2019-11-04 08:58:15 - [TEST_STEP][PASSED] - println(testCaseContext.getTestCaseId()): null&#xD;
&#xD;
2019-11-04 08:58:15 - [TEST_STEP][PASSED] - println(testCaseContext.getTestCaseStatus()): null&#xD;
&#xD;
2019-11-04 08:58:15 - [TEST_STEP][PASSED] - testCaseName = testCaseContext.getTestCaseId(): null&#xD;
&#xD;
2019-11-04 08:58:15 - [TEST_STEP][PASSED] - strCount = testCaseName.lastIndexOf("/"): null&#xD;
&#xD;
2019-11-04 08:58:15 - [TEST_STEP][PASSED] - testCaseName = testCaseName.substring(strCount): null&#xD;
&#xD;
2019-11-04 08:58:15 - [TEST_STEP][PASSED] - println(testCaseName): null&#xD;
&#xD;
2019-11-04 08:58:15 - [TEST_STEP][PASSED] - if (getTestCaseStatus().equalsIgnoreCase("Error")): null&#xD;
&#xD;
2019-11-04 08:58:15 - [TEST_STEP][PASSED] - Start listener action : sampleAfterTestCase: null</system-out>
            <system-err></system-err>
        </testcase>
        <testcase name="Test Cases/FirstView/FirstPayVault/VPOS_1stPayVault_Create_Vault_Retail" classname="Test Cases/FirstView/FirstPayVault/VPOS_1stPayVault_Create_Vault_Retail" status="PASSED">
            <system-out>2019-11-04 08:58:15 - [TEST_CASE][PASSED] - Test Cases/FirstView/FirstPayVault/VPOS_1stPayVault_Create_Vault_Retail: Test Cases/FirstView/FirstPayVault/VPOS_1stPayVault_Create_Vault_Retail&#xD;
&#xD;
2019-11-04 08:58:15 - [TEST_STEP][PASSED] - Start listener action : sampleBeforeTestCase: null&#xD;
&#xD;
2019-11-04 08:58:15 - [TEST_STEP][PASSED] - println(testCaseContext.getTestCaseId()): null&#xD;
&#xD;
2019-11-04 08:58:15 - [TEST_STEP][PASSED] - println(testCaseContext.getTestCaseVariables()): null&#xD;
&#xD;
2019-11-04 08:58:16 - [TEST_STEP][PASSED] - utilities.SafeActions.openBrowser(URL, [PageLoadTime]): utilities.SafeActions.openBrowser is PASSED&#xD;
&#xD;
2019-11-04 08:58:16 - [MESSAGE][INFO] - Opening Browser&#xD;
&#xD;
2019-11-04 08:58:16 - [MESSAGE][INFO] - Starting 'Firefox' driver&#xD;
&#xD;
2019-11-04 08:58:22 - [MESSAGE][PASSED] - Browser is opened with url: 'https://q-www-firstview-net.faps.net/MVC/Account/Login'&#xD;
&#xD;
2019-11-04 08:58:22 - [MESSAGE][PASSED] - Current window maximized&#xD;
&#xD;
2019-11-04 08:58:22 - [MESSAGE][INFO] - Browser Launched Successfully&#xD;
&#xD;
2019-11-04 08:58:22 - [MESSAGE][PASSED] - utilities.SafeActions.openBrowser is PASSED&#xD;
&#xD;
2019-11-04 08:58:22 - [TEST_STEP][PASSED] - pages.Login.login(uName, password): pages.Login.login is PASSED&#xD;
&#xD;
2019-11-04 08:58:22 - [MESSAGE][PASSED] - Object 'Object Repository/Pages/Login/userName' is present&#xD;
&#xD;
2019-11-04 08:58:22 - [MESSAGE][PASSED] - Object 'Object Repository/Pages/Login/userName' is present&#xD;
&#xD;
2019-11-04 08:58:23 - [MESSAGE][PASSED] - Object: 'Object Repository/Pages/Login/userName' is clicked on&#xD;
&#xD;
2019-11-04 08:58:23 - [MESSAGE][PASSED] - Text 'ZenQRetail' is set on object 'Object Repository/Pages/Login/userName'&#xD;
&#xD;
2019-11-04 08:58:23 - [MESSAGE][PASSED] - Object 'Object Repository/Pages/Login/password' is present&#xD;
&#xD;
2019-11-04 08:58:23 - [MESSAGE][PASSED] - Object 'Object Repository/Pages/Login/password' is present&#xD;
&#xD;
2019-11-04 08:58:24 - [MESSAGE][PASSED] - Object: 'Object Repository/Pages/Login/password' is clicked on&#xD;
&#xD;
2019-11-04 08:58:24 - [MESSAGE][PASSED] - Text 'P@ssword1' is set on object 'Object Repository/Pages/Login/password'&#xD;
&#xD;
2019-11-04 08:58:24 - [MESSAGE][INFO] - Safe Click Without scroll&#xD;
&#xD;
2019-11-04 08:58:24 - [MESSAGE][INFO] - 1stPayVault_TestSuite.ts:waiting until Click on Login is Clickable&#xD;
&#xD;
2019-11-04 08:58:24 - [MESSAGE][PASSED] - Object 'Object Repository/Pages/Login/login' is clickable&#xD;
&#xD;
2019-11-04 08:58:24 - [MESSAGE][PASSED] - Object 'Object Repository/Pages/Login/login' is visible&#xD;
&#xD;
2019-11-04 08:58:26 - [MESSAGE][PASSED] - Object: 'Object Repository/Pages/Login/login' is clicked on&#xD;
&#xD;
2019-11-04 08:58:26 - [MESSAGE][INFO] - 1stPayVault_TestSuite.ts: click on the Click on Login&#xD;
&#xD;
2019-11-04 08:58:26 - [MESSAGE][PASSED] - pages.Login.login is PASSED&#xD;
&#xD;
2019-11-04 08:58:26 - [TEST_STEP][PASSED] - callTestCase(findTestCase("FirstView/Login/TC_SendCode"), [:], STOP_ON_FAILURE): Call Test Case 'Test Cases/FirstView/Login/TC_SendCode' successfully&#xD;
&#xD;
2019-11-04 08:58:26 - [TEST_CASE][PASSED] - Test Cases/FirstView/Login/TC_SendCode: Test Cases/FirstView/Login/TC_SendCode&#xD;
&#xD;
2019-11-04 08:58:26 - [TEST_STEP][PASSED] - flag = pages.SendCode.verifyPage(): pages.SendCode.verifyPage is PASSED&#xD;
&#xD;
2019-11-04 08:58:27 - [MESSAGE][PASSED] - Object 'Object Repository/Pages/SendCodeToValidate/header_SendCodeToValidate' is present and visible in viewport&#xD;
&#xD;
2019-11-04 08:58:27 - [MESSAGE][PASSED] - pages.SendCode.verifyPage is PASSED&#xD;
&#xD;
2019-11-04 08:58:27 - [TEST_STEP][PASSED] - if (flag): pages.SendCode.clickonUserSettings is PASSED&#xD;
&#xD;
2019-11-04 08:58:27 - [TEST_STEP][PASSED] - pages.SendCode.clickonUserSettings(): pages.SendCode.clickonUserSettings is PASSED&#xD;
&#xD;
2019-11-04 08:58:27 - [MESSAGE][PASSED] - Object 'Object Repository/Pages/SendCodeToValidate/link_UserSettings' is present&#xD;
&#xD;
2019-11-04 08:58:27 - [MESSAGE][PASSED] - Object 'Object Repository/Pages/SendCodeToValidate/link_UserSettings' is visible&#xD;
&#xD;
2019-11-04 08:58:27 - [MESSAGE][INFO] - 1stPayVault_TestSuite.ts:waiting until Click on User Settings is Clickable&#xD;
&#xD;
2019-11-04 08:58:27 - [MESSAGE][PASSED] - Object 'Object Repository/Pages/SendCodeToValidate/link_UserSettings' is clickable&#xD;
&#xD;
2019-11-04 08:58:27 - [MESSAGE][PASSED] - Object 'Object Repository/Pages/SendCodeToValidate/link_UserSettings' is visible&#xD;
&#xD;
2019-11-04 08:58:28 - [MESSAGE][PASSED] - Object: 'Object Repository/Pages/SendCodeToValidate/link_UserSettings' is clicked on&#xD;
&#xD;
2019-11-04 08:58:28 - [MESSAGE][INFO] - 1stPayVault_TestSuite.ts: Clicked on the Click on User Settings&#xD;
&#xD;
2019-11-04 08:58:28 - [MESSAGE][PASSED] - pages.SendCode.clickonUserSettings is PASSED&#xD;
&#xD;
2019-11-04 08:58:28 - [MESSAGE][PASSED] - Call Test Case 'Test Cases/FirstView/Login/TC_SendCode' successfully&#xD;
&#xD;
2019-11-04 08:58:28 - [TEST_STEP][PASSED] - callTestCase(findTestCase("FirstView/Login/TC_FirstView"), [:], STOP_ON_FAILURE): Call Test Case 'Test Cases/FirstView/Login/TC_FirstView' successfully&#xD;
&#xD;
2019-11-04 08:58:28 - [TEST_CASE][PASSED] - Test Cases/FirstView/Login/TC_FirstView: Test Cases/FirstView/Login/TC_FirstView&#xD;
&#xD;
2019-11-04 08:58:28 - [TEST_STEP][PASSED] - delay(3): Delayed 3 second(s)&#xD;
&#xD;
2019-11-04 08:58:31 - [MESSAGE][PASSED] - Delayed 3 second(s)&#xD;
&#xD;
2019-11-04 08:58:31 - [TEST_STEP][PASSED] - utilities.SafeActions.javascriptclick(findTestObject("Pages/FirstView/link_Home"), delayForElement): utilities.SafeActions.javascriptclick is PASSED&#xD;
&#xD;
2019-11-04 08:58:32 - [MESSAGE][PASSED] - utilities.SafeActions.javascriptclick is PASSED&#xD;
&#xD;
2019-11-04 08:58:32 - [TEST_STEP][PASSED] - utilities.SafeActions.safeClickWithoutScroll(findTestObject("Pages/FirstView/link_VPOS"), "Click on VPOS button in First View screen", [PageLoadTime]): utilities.SafeActions.safeClickWithoutScroll is PASSED&#xD;
&#xD;
2019-11-04 08:58:32 - [MESSAGE][INFO] - Safe Click Without scroll&#xD;
&#xD;
2019-11-04 08:58:32 - [MESSAGE][INFO] - 1stPayVault_TestSuite.ts:waiting until Click on VPOS button in First View screen is Clickable&#xD;
&#xD;
2019-11-04 08:58:33 - [MESSAGE][PASSED] - Object 'Object Repository/Pages/FirstView/link_VPOS' is clickable&#xD;
&#xD;
2019-11-04 08:58:33 - [MESSAGE][PASSED] - Object 'Object Repository/Pages/FirstView/link_VPOS' is visible&#xD;
&#xD;
2019-11-04 08:58:34 - [MESSAGE][PASSED] - Object: 'Object Repository/Pages/FirstView/link_VPOS' is clicked on&#xD;
&#xD;
2019-11-04 08:58:34 - [MESSAGE][INFO] - 1stPayVault_TestSuite.ts: click on the Click on VPOS button in First View screen&#xD;
&#xD;
2019-11-04 08:58:34 - [MESSAGE][PASSED] - utilities.SafeActions.safeClickWithoutScroll is PASSED&#xD;
&#xD;
2019-11-04 08:58:34 - [MESSAGE][PASSED] - Call Test Case 'Test Cases/FirstView/Login/TC_FirstView' successfully&#xD;
&#xD;
2019-11-04 08:58:34 - [TEST_STEP][PASSED] - switchToWindowTitle("Transcenter - VPOS"): Switched to window with title: 'Transcenter - VPOS'&#xD;
&#xD;
2019-11-04 08:58:36 - [MESSAGE][PASSED] - Switched to window with title: 'Transcenter - VPOS'&#xD;
&#xD;
2019-11-04 08:58:36 - [TEST_STEP][PASSED] - focus(findTestObject("Pages/FirstPayVault/tab_FirstPayVault")): Object: 'Object Repository/Pages/FirstPayVault/tab_FirstPayVault' is focused&#xD;
&#xD;
2019-11-04 08:58:38 - [MESSAGE][PASSED] - Object: 'Object Repository/Pages/FirstPayVault/tab_FirstPayVault' is focused&#xD;
&#xD;
2019-11-04 08:58:38 - [TEST_STEP][PASSED] - utilities.SafeActions.javascriptclick(findTestObject("Pages/FirstPayVault/tab_FirstPayVault"), PageLoadTime): utilities.SafeActions.javascriptclick is PASSED&#xD;
&#xD;
2019-11-04 08:58:39 - [MESSAGE][PASSED] - utilities.SafeActions.javascriptclick is PASSED&#xD;
&#xD;
2019-11-04 08:58:39 - [TEST_STEP][PASSED] - delay(2): Delayed 2 second(s)&#xD;
&#xD;
2019-11-04 08:58:41 - [MESSAGE][PASSED] - Delayed 2 second(s)&#xD;
&#xD;
2019-11-04 08:58:41 - [TEST_STEP][PASSED] - utilities.SafeActions.safeClickWithoutScroll(findTestObject("Pages/FirstPayVault/tab_FirstPayVault"), "Click on FistPayVault tab", [delayForElement]): utilities.SafeActions.safeClickWithoutScroll is PASSED&#xD;
&#xD;
2019-11-04 08:58:41 - [MESSAGE][INFO] - Safe Click Without scroll&#xD;
&#xD;
2019-11-04 08:58:41 - [MESSAGE][INFO] - 1stPayVault_TestSuite.ts:waiting until Click on FistPayVault tab is Clickable&#xD;
&#xD;
2019-11-04 08:58:41 - [MESSAGE][PASSED] - Object 'Object Repository/Pages/FirstPayVault/tab_FirstPayVault' is clickable&#xD;
&#xD;
2019-11-04 08:58:41 - [MESSAGE][PASSED] - Object 'Object Repository/Pages/FirstPayVault/tab_FirstPayVault' is visible&#xD;
&#xD;
2019-11-04 08:58:41 - [MESSAGE][PASSED] - Object: 'Object Repository/Pages/FirstPayVault/tab_FirstPayVault' is clicked on&#xD;
&#xD;
2019-11-04 08:58:41 - [MESSAGE][INFO] - 1stPayVault_TestSuite.ts: click on the Click on FistPayVault tab&#xD;
&#xD;
2019-11-04 08:58:41 - [MESSAGE][PASSED] - utilities.SafeActions.safeClickWithoutScroll is PASSED&#xD;
&#xD;
2019-11-04 08:58:41 - [TEST_STEP][PASSED] - utilities.SafeActions.safeClickWithoutScroll(findTestObject("Pages/FirstPayVault/button_CreateVault"), "Click on CreateVault button", [PageLoadTime]): utilities.SafeActions.safeClickWithoutScroll is PASSED&#xD;
&#xD;
2019-11-04 08:58:42 - [MESSAGE][INFO] - Safe Click Without scroll&#xD;
&#xD;
2019-11-04 08:58:42 - [MESSAGE][INFO] - 1stPayVault_TestSuite.ts:waiting until Click on CreateVault button is Clickable&#xD;
&#xD;
2019-11-04 08:58:42 - [MESSAGE][PASSED] - Object 'Object Repository/Pages/FirstPayVault/button_CreateVault' is clickable&#xD;
&#xD;
2019-11-04 08:58:42 - [MESSAGE][PASSED] - Object 'Object Repository/Pages/FirstPayVault/button_CreateVault' is visible&#xD;
&#xD;
2019-11-04 08:58:43 - [MESSAGE][PASSED] - Object: 'Object Repository/Pages/FirstPayVault/button_CreateVault' is clicked on&#xD;
&#xD;
2019-11-04 08:58:43 - [MESSAGE][INFO] - 1stPayVault_TestSuite.ts: click on the Click on CreateVault button&#xD;
&#xD;
2019-11-04 08:58:43 - [MESSAGE][PASSED] - utilities.SafeActions.safeClickWithoutScroll is PASSED&#xD;
&#xD;
2019-11-04 08:58:43 - [TEST_STEP][PASSED] - vaultReference = utilities.SafeActions.timeWithMilliSeconds(): utilities.SafeActions.timeWithMilliSeconds is PASSED&#xD;
&#xD;
2019-11-04 08:58:43 - [MESSAGE][PASSED] - utilities.SafeActions.timeWithMilliSeconds is PASSED&#xD;
&#xD;
2019-11-04 08:58:43 - [TEST_STEP][PASSED] - utilities.SafeActions.safeType(findTestObject("Pages/FirstPayVault/input_VaultReferenceNumber"), vaultReference, "Entering Vault Reference Number", [PageLoadTime]): utilities.SafeActions.safeType is PASSED&#xD;
&#xD;
2019-11-04 08:58:43 - [MESSAGE][PASSED] - Object 'Object Repository/Pages/FirstPayVault/input_VaultReferenceNumber' is present&#xD;
&#xD;
2019-11-04 08:58:43 - [MESSAGE][PASSED] - Object 'Object Repository/Pages/FirstPayVault/input_VaultReferenceNumber' is present&#xD;
&#xD;
2019-11-04 08:58:43 - [MESSAGE][PASSED] - Object: 'Object Repository/Pages/FirstPayVault/input_VaultReferenceNumber' is clicked on&#xD;
&#xD;
2019-11-04 08:58:44 - [MESSAGE][PASSED] - Text '2019-11-04 08:58:43.043' is set on object 'Object Repository/Pages/FirstPayVault/input_VaultReferenceNumber'&#xD;
&#xD;
2019-11-04 08:58:44 - [MESSAGE][PASSED] - utilities.SafeActions.safeType is PASSED&#xD;
&#xD;
2019-11-04 08:58:44 - [TEST_STEP][PASSED] - utilities.SafeActions.safeType(findTestObject("Pages/FirstPayVault/input_CreditCardNumber"), visaCardNumber, "Entering Card Number", [PageLoadTime]): utilities.SafeActions.safeType is PASSED&#xD;
&#xD;
2019-11-04 08:58:44 - [MESSAGE][PASSED] - Object 'Object Repository/Pages/FirstPayVault/input_CreditCardNumber' is present&#xD;
&#xD;
2019-11-04 08:58:44 - [MESSAGE][PASSED] - Object 'Object Repository/Pages/FirstPayVault/input_CreditCardNumber' is present&#xD;
&#xD;
2019-11-04 08:58:45 - [MESSAGE][PASSED] - Object: 'Object Repository/Pages/FirstPayVault/input_CreditCardNumber' is clicked on&#xD;
&#xD;
2019-11-04 08:58:45 - [MESSAGE][PASSED] - Text '4111111111111111' is set on object 'Object Repository/Pages/FirstPayVault/input_CreditCardNumber'&#xD;
&#xD;
2019-11-04 08:58:45 - [MESSAGE][PASSED] - utilities.SafeActions.safeType is PASSED&#xD;
&#xD;
2019-11-04 08:58:45 - [TEST_STEP][PASSED] - utilities.SafeActions.safeSelectOptionInDropDownByVisibleText(findTestObject("Pages/FirstPayVault/dropDown_ExpirationMonth"), cardMonth, "Expiration Month", [PageLoadTime]): utilities.SafeActions.safeSelectOptionInDropDownByVisibleText is PASSED&#xD;
&#xD;
2019-11-04 08:58:45 - [MESSAGE][PASSED] - Object 'Object Repository/Pages/FirstPayVault/dropDown_ExpirationMonth' is visible&#xD;
&#xD;
2019-11-04 08:58:45 - [MESSAGE][PASSED] - Object 'Object Repository/Pages/FirstPayVault/dropDown_ExpirationMonth' is present&#xD;
&#xD;
2019-11-04 08:58:46 - [MESSAGE][PASSED] - Object: 'Object Repository/Pages/FirstPayVault/dropDown_ExpirationMonth' is clicked on&#xD;
&#xD;
2019-11-04 08:58:46 - [MESSAGE][PASSED] - All options with label 'September' are selected in object 'Object Repository/Pages/FirstPayVault/dropDown_ExpirationMonth' &#xD;
&#xD;
2019-11-04 08:58:46 - [MESSAGE][PASSED] - utilities.SafeActions.safeSelectOptionInDropDownByVisibleText is PASSED&#xD;
&#xD;
2019-11-04 08:58:46 - [TEST_STEP][PASSED] - utilities.SafeActions.safeSelectOptionInDropDownByVisibleText(findTestObject("Pages/FirstPayVault/dropDown_ExpirationYear"), cardYear, "year", [PageLoadTime]): utilities.SafeActions.safeSelectOptionInDropDownByVisibleText is PASSED&#xD;
&#xD;
2019-11-04 08:58:46 - [MESSAGE][PASSED] - Object 'Object Repository/Pages/FirstPayVault/dropDown_ExpirationYear' is visible&#xD;
&#xD;
2019-11-04 08:58:46 - [MESSAGE][PASSED] - Object 'Object Repository/Pages/FirstPayVault/dropDown_ExpirationYear' is present&#xD;
&#xD;
2019-11-04 08:58:47 - [MESSAGE][PASSED] - Object: 'Object Repository/Pages/FirstPayVault/dropDown_ExpirationYear' is clicked on&#xD;
&#xD;
2019-11-04 08:58:47 - [MESSAGE][PASSED] - All options with label '2023' are selected in object 'Object Repository/Pages/FirstPayVault/dropDown_ExpirationYear' &#xD;
&#xD;
2019-11-04 08:58:47 - [MESSAGE][PASSED] - utilities.SafeActions.safeSelectOptionInDropDownByVisibleText is PASSED&#xD;
&#xD;
2019-11-04 08:58:47 - [TEST_STEP][PASSED] - utilities.SafeActions.safeType(findTestObject("Pages/FirstPayVault/input_ContactName"), contactName, "Enter Contact Name", [PageLoadTime]): utilities.SafeActions.safeType is PASSED&#xD;
&#xD;
2019-11-04 08:58:47 - [MESSAGE][PASSED] - Object 'Object Repository/Pages/FirstPayVault/input_ContactName' is present&#xD;
&#xD;
2019-11-04 08:58:47 - [MESSAGE][PASSED] - Object 'Object Repository/Pages/FirstPayVault/input_ContactName' is present&#xD;
&#xD;
2019-11-04 08:58:48 - [MESSAGE][PASSED] - Object: 'Object Repository/Pages/FirstPayVault/input_ContactName' is clicked on&#xD;
&#xD;
2019-11-04 08:58:48 - [MESSAGE][PASSED] - Text 'Venkata Sai' is set on object 'Object Repository/Pages/FirstPayVault/input_ContactName'&#xD;
&#xD;
2019-11-04 08:58:48 - [MESSAGE][PASSED] - utilities.SafeActions.safeType is PASSED&#xD;
&#xD;
2019-11-04 08:58:48 - [TEST_STEP][PASSED] - utilities.SafeActions.safeType(findTestObject("Pages/FirstPayVault/input_PostalCode"), postalCode, "Enter Postal Code", [PageLoadTime]): utilities.SafeActions.safeType is PASSED&#xD;
&#xD;
2019-11-04 08:58:48 - [MESSAGE][PASSED] - Object 'Object Repository/Pages/FirstPayVault/input_PostalCode' is present&#xD;
&#xD;
2019-11-04 08:58:48 - [MESSAGE][PASSED] - Object 'Object Repository/Pages/FirstPayVault/input_PostalCode' is present&#xD;
&#xD;
2019-11-04 08:58:49 - [MESSAGE][PASSED] - Object: 'Object Repository/Pages/FirstPayVault/input_PostalCode' is clicked on&#xD;
&#xD;
2019-11-04 08:58:49 - [MESSAGE][PASSED] - Text '76102' is set on object 'Object Repository/Pages/FirstPayVault/input_PostalCode'&#xD;
&#xD;
2019-11-04 08:58:49 - [MESSAGE][PASSED] - utilities.SafeActions.safeType is PASSED&#xD;
&#xD;
2019-11-04 08:58:49 - [TEST_STEP][PASSED] - utilities.SafeActions.safeType(findTestObject("Pages/FirstPayVault/input_Address"), address, "Enter ddress", [PageLoadTime]): utilities.SafeActions.safeType is PASSED&#xD;
&#xD;
2019-11-04 08:58:49 - [MESSAGE][PASSED] - Object 'Object Repository/Pages/FirstPayVault/input_Address' is present&#xD;
&#xD;
2019-11-04 08:58:49 - [MESSAGE][PASSED] - Object 'Object Repository/Pages/FirstPayVault/input_Address' is present&#xD;
&#xD;
2019-11-04 08:58:50 - [MESSAGE][PASSED] - Object: 'Object Repository/Pages/FirstPayVault/input_Address' is clicked on&#xD;
&#xD;
2019-11-04 08:58:50 - [MESSAGE][PASSED] - Text 'Street123' is set on object 'Object Repository/Pages/FirstPayVault/input_Address'&#xD;
&#xD;
2019-11-04 08:58:50 - [MESSAGE][PASSED] - utilities.SafeActions.safeType is PASSED&#xD;
&#xD;
2019-11-04 08:58:50 - [TEST_STEP][PASSED] - utilities.SafeActions.safeCheckForElement(findTestObject("Pages/FirstPayVault/chekBox_AddShippingInformation"), PageLoadTime): utilities.SafeActions.safeCheckForElement is PASSED&#xD;
&#xD;
2019-11-04 08:58:50 - [MESSAGE][PASSED] - Object 'Object Repository/Pages/FirstPayVault/chekBox_AddShippingInformation' is present&#xD;
&#xD;
2019-11-04 08:58:50 - [MESSAGE][PASSED] - Object 'Object Repository/Pages/FirstPayVault/chekBox_AddShippingInformation' is visible&#xD;
&#xD;
2019-11-04 08:58:50 - [MESSAGE][PASSED] - Object 'Object Repository/Pages/FirstPayVault/chekBox_AddShippingInformation' is present&#xD;
&#xD;
2019-11-04 08:58:51 - [MESSAGE][PASSED] - Object 'Object Repository/Pages/FirstPayVault/chekBox_AddShippingInformation' is checked&#xD;
&#xD;
2019-11-04 08:58:51 - [MESSAGE][PASSED] - utilities.SafeActions.safeCheckForElement is PASSED&#xD;
&#xD;
2019-11-04 08:58:51 - [TEST_STEP][PASSED] - utilities.SafeActions.safeType(findTestObject("Pages/FirstPayVault/input_ShippingMethod"), shippingMethod, "Enter Shipping Method", [PageLoadTime]): utilities.SafeActions.safeType is PASSED&#xD;
&#xD;
2019-11-04 08:58:51 - [MESSAGE][PASSED] - Object 'Object Repository/Pages/FirstPayVault/input_ShippingMethod' is present&#xD;
&#xD;
2019-11-04 08:58:51 - [MESSAGE][PASSED] - Object 'Object Repository/Pages/FirstPayVault/input_ShippingMethod' is present&#xD;
&#xD;
2019-11-04 08:58:52 - [MESSAGE][PASSED] - Object: 'Object Repository/Pages/FirstPayVault/input_ShippingMethod' is clicked on&#xD;
&#xD;
2019-11-04 08:58:52 - [MESSAGE][PASSED] - Text 'DTDC' is set on object 'Object Repository/Pages/FirstPayVault/input_ShippingMethod'&#xD;
&#xD;
2019-11-04 08:58:52 - [MESSAGE][PASSED] - utilities.SafeActions.safeType is PASSED&#xD;
&#xD;
2019-11-04 08:58:52 - [TEST_STEP][PASSED] - utilities.SafeActions.safeCheckForElement(findTestObject("Pages/FirstPayVault/checkbox_SameAsBillingInformation"), PageLoadTime): utilities.SafeActions.safeCheckForElement is PASSED&#xD;
&#xD;
2019-11-04 08:58:52 - [MESSAGE][PASSED] - Object 'Object Repository/Pages/FirstPayVault/checkbox_SameAsBillingInformation' is present&#xD;
&#xD;
2019-11-04 08:58:52 - [MESSAGE][PASSED] - Object 'Object Repository/Pages/FirstPayVault/checkbox_SameAsBillingInformation' is visible&#xD;
&#xD;
2019-11-04 08:58:52 - [MESSAGE][PASSED] - Object 'Object Repository/Pages/FirstPayVault/checkbox_SameAsBillingInformation' is present&#xD;
&#xD;
2019-11-04 08:58:53 - [MESSAGE][PASSED] - Object 'Object Repository/Pages/FirstPayVault/checkbox_SameAsBillingInformation' is checked&#xD;
&#xD;
2019-11-04 08:58:53 - [MESSAGE][PASSED] - utilities.SafeActions.safeCheckForElement is PASSED&#xD;
&#xD;
2019-11-04 08:58:53 - [TEST_STEP][PASSED] - utilities.SafeActions.safeClickwithScroll(findTestObject("Pages/FirstPayVault/button_Create"), "Click on Create Button", [PageLoadTime]): utilities.SafeActions.safeClickwithScroll is PASSED&#xD;
&#xD;
2019-11-04 08:58:53 - [MESSAGE][PASSED] - Object 'Object Repository/Pages/FirstPayVault/button_Create' is present&#xD;
&#xD;
2019-11-04 08:58:53 - [MESSAGE][PASSED] - Object 'Object Repository/Pages/FirstPayVault/button_Create' is visible&#xD;
&#xD;
2019-11-04 08:58:53 - [MESSAGE][INFO] - 1stPayVault_TestSuite.ts:waiting until Click on Create Button is Clickable&#xD;
&#xD;
2019-11-04 08:58:53 - [MESSAGE][PASSED] - Object 'Object Repository/Pages/FirstPayVault/button_Create' is clickable&#xD;
&#xD;
2019-11-04 08:58:53 - [MESSAGE][PASSED] - Object 'Object Repository/Pages/FirstPayVault/button_Create' is visible&#xD;
&#xD;
2019-11-04 08:58:54 - [MESSAGE][PASSED] - Object: 'Object Repository/Pages/FirstPayVault/button_Create' is clicked on&#xD;
&#xD;
2019-11-04 08:58:54 - [MESSAGE][INFO] - 1stPayVault_TestSuite.ts: Clicked on the Click on Create Button&#xD;
&#xD;
2019-11-04 08:58:54 - [MESSAGE][PASSED] - utilities.SafeActions.safeClickwithScroll is PASSED&#xD;
&#xD;
2019-11-04 08:58:54 - [TEST_STEP][PASSED] - delay(2): Delayed 2 second(s)&#xD;
&#xD;
2019-11-04 08:58:56 - [MESSAGE][PASSED] - Delayed 2 second(s)&#xD;
&#xD;
2019-11-04 08:58:56 - [TEST_STEP][PASSED] - popupSavedToVaultMessage = utilities.SafeActions.safeGetText(findTestObject("Pages/FirstPayVault/popup_SavedToVaultMessage"), elementTime): utilities.SafeActions.safeGetText is PASSED&#xD;
&#xD;
2019-11-04 08:58:56 - [MESSAGE][PASSED] - Object 'Object Repository/Pages/FirstPayVault/popup_SavedToVaultMessage' is present&#xD;
&#xD;
2019-11-04 08:58:56 - [MESSAGE][PASSED] - Scroll to object 'Object Repository/Pages/FirstPayVault/popup_SavedToVaultMessage' successfully&#xD;
&#xD;
2019-11-04 08:58:56 - [MESSAGE][PASSED] - Object 'Object Repository/Pages/FirstPayVault/popup_SavedToVaultMessage' is present&#xD;
&#xD;
2019-11-04 08:58:57 - [MESSAGE][PASSED] - Text of object 'Object Repository/Pages/FirstPayVault/popup_SavedToVaultMessage' is: 'Successfully Saved to Vault'&#xD;
&#xD;
2019-11-04 08:58:57 - [MESSAGE][PASSED] - utilities.SafeActions.safeGetText is PASSED&#xD;
&#xD;
2019-11-04 08:58:57 - [TEST_STEP][PASSED] - flag = utilities.SafeActions.verifyPopupMessage("Successfully Saved to Vault", popupSavedToVaultMessage): Popup Message : Successfully Saved to Vault matched with expected message : Successfully Saved to Vault&#xD;
&#xD;
2019-11-04 08:58:57 - [MESSAGE][PASSED] - Popup Message : Successfully Saved to Vault matched with expected message : Successfully Saved to Vault&#xD;
&#xD;
2019-11-04 08:58:57 - [TEST_STEP][PASSED] - closeBrowser(): Browser is closed&#xD;
&#xD;
2019-11-04 08:58:59 - [MESSAGE][PASSED] - Browser is closed&#xD;
&#xD;
2019-11-04 08:58:59 - [TEST_STEP][PASSED] - Start listener action : sampleAfterTestCase: null&#xD;
&#xD;
2019-11-04 08:58:59 - [TEST_STEP][PASSED] - println(testCaseContext.getTestCaseId()): null&#xD;
&#xD;
2019-11-04 08:58:59 - [TEST_STEP][PASSED] - println(testCaseContext.getTestCaseStatus()): null&#xD;
&#xD;
2019-11-04 08:58:59 - [TEST_STEP][PASSED] - testCaseName = testCaseContext.getTestCaseId(): null&#xD;
&#xD;
2019-11-04 08:58:59 - [TEST_STEP][PASSED] - strCount = testCaseName.lastIndexOf("/"): null&#xD;
&#xD;
2019-11-04 08:58:59 - [TEST_STEP][PASSED] - testCaseName = testCaseName.substring(strCount): null&#xD;
&#xD;
2019-11-04 08:58:59 - [TEST_STEP][PASSED] - println(testCaseName): null&#xD;
&#xD;
2019-11-04 08:58:59 - [TEST_STEP][PASSED] - if (getTestCaseStatus().equalsIgnoreCase("Error")): null&#xD;
&#xD;
2019-11-04 08:58:59 - [TEST_STEP][PASSED] - Start listener action : sampleAfterTestCase: null</system-out>
            <system-err></system-err>
        </testcase>
        <system-out>2019-11-04 08:41:35 - [TEST_SUITE][INCOMPLETE] - 1stPayVault_TestSuite: null</system-out>
        <system-err>2019-11-04 08:41:35 - [TEST_SUITE][INCOMPLETE] - 1stPayVault_TestSuite: null</system-err>
    </testsuite>
</testsuites>
