<?xml version="1.0" encoding="UTF-8" standalone="yes"?>
<testsuites name="1stPayVault" time="1145" tests="0" failures="1" errors="8">
    <testsuite name="1stPayVault" tests="0" failures="1" errors="8" time="1145" timestamp="2019-10-29 05:09:30" hostname="venkata.annam - FW1-D-DTA-ZENQ1" id="Test Suites/FirstView/1stPayVault">
        <properties>
            <property name="deviceName" value=""/>
            <property name="devicePlatform" value=""/>
            <property name="logFolder" value="C:\\VPOS_Internal\\VPOS_Internal\\Reports\\20191029_050924\\FirstView\\1stPayVault\\20191029_050924"/>
            <property name="logFiles" value="C:\\VPOS_Internal\\VPOS_Internal\\Reports\\20191029_050924\\FirstView\\1stPayVault\\20191029_050924\\execution0.log"/>
            <property name="attachments" value="C:\\VPOS_Internal\\VPOS_Internal\\Reports\\20191029_050924\\FirstView\\1stPayVault\\20191029_050924\\1572343808396.png, C:\\VPOS_Internal\\VPOS_Internal\\Reports\\20191029_050924\\FirstView\\1stPayVault\\20191029_050924\\1572343809152.png, C:\\VPOS_Internal\\VPOS_Internal\\Reports\\20191029_050924\\FirstView\\1stPayVault\\20191029_050924\\1572343809288.png, C:\\VPOS_Internal\\VPOS_Internal\\Reports\\20191029_050924\\FirstView\\1stPayVault\\20191029_050924\\1572343901839.png, C:\\VPOS_Internal\\VPOS_Internal\\Reports\\20191029_050924\\FirstView\\1stPayVault\\20191029_050924\\1572343993955.png, C:\\VPOS_Internal\\VPOS_Internal\\Reports\\20191029_050924\\FirstView\\1stPayVault\\20191029_050924\\1572344116386.png, C:\\VPOS_Internal\\VPOS_Internal\\Reports\\20191029_050924\\FirstView\\1stPayVault\\20191029_050924\\1572344116484.png, C:\\VPOS_Internal\\VPOS_Internal\\Reports\\20191029_050924\\FirstView\\1stPayVault\\20191029_050924\\1572344240903.png, C:\\VPOS_Internal\\VPOS_Internal\\Reports\\20191029_050924\\FirstView\\1stPayVault\\20191029_050924\\1572344241269.png, C:\\VPOS_Internal\\VPOS_Internal\\Reports\\20191029_050924\\FirstView\\1stPayVault\\20191029_050924\\1572344335402.png, C:\\VPOS_Internal\\VPOS_Internal\\Reports\\20191029_050924\\FirstView\\1stPayVault\\20191029_050924\\1572344427403.png, C:\\VPOS_Internal\\VPOS_Internal\\Reports\\20191029_050924\\FirstView\\1stPayVault\\20191029_050924\\1572344512485.png, C:\\VPOS_Internal\\VPOS_Internal\\Reports\\20191029_050924\\FirstView\\1stPayVault\\20191029_050924\\1572344513044.png, C:\\VPOS_Internal\\VPOS_Internal\\Reports\\20191029_050924\\FirstView\\1stPayVault\\20191029_050924\\1572344513293.png, C:\\VPOS_Internal\\VPOS_Internal\\Reports\\20191029_050924\\FirstView\\1stPayVault\\20191029_050924\\1572344545175.png, C:\\VPOS_Internal\\VPOS_Internal\\Reports\\20191029_050924\\FirstView\\1stPayVault\\20191029_050924/Screenshots//TC_1st_Pay_Vault_003.png, C:\\VPOS_Internal\\VPOS_Internal\\Reports\\20191029_050924\\FirstView\\1stPayVault\\20191029_050924\\1572344589386.png, C:\\VPOS_Internal\\VPOS_Internal\\Reports\\20191029_050924\\FirstView\\1stPayVault\\20191029_050924\\1572344590079.png, C:\\VPOS_Internal\\VPOS_Internal\\Reports\\20191029_050924\\FirstView\\1stPayVault\\20191029_050924\\1572344590219.png, C:\\VPOS_Internal\\VPOS_Internal\\Reports\\20191029_050924\\FirstView\\1stPayVault\\20191029_050924\\1572344621595.png, C:\\VPOS_Internal\\VPOS_Internal\\Reports\\20191029_050924\\FirstView\\1stPayVault\\20191029_050924/Screenshots//TC_1st_Pay_Vault_004.png, C:\\VPOS_Internal\\VPOS_Internal\\Reports\\20191029_050924\\FirstView\\1stPayVault\\20191029_050924\\1572344651238.png, C:\\VPOS_Internal\\VPOS_Internal\\Reports\\20191029_050924\\FirstView\\1stPayVault\\20191029_050924\\1572344652024.png, C:\\VPOS_Internal\\VPOS_Internal\\Reports\\20191029_050924\\FirstView\\1stPayVault\\20191029_050924\\1572344652334.png, C:\\VPOS_Internal\\VPOS_Internal\\Reports\\20191029_050924\\FirstView\\1stPayVault\\20191029_050924\\1572344683696.png, C:\\VPOS_Internal\\VPOS_Internal\\Reports\\20191029_050924\\FirstView\\1stPayVault\\20191029_050924/Screenshots//TC_1st_Pay_Vault_005.png, C:\\VPOS_Internal\\VPOS_Internal\\Reports\\20191029_050924\\FirstView\\1stPayVault\\20191029_050924\\1572344712471.png, C:\\VPOS_Internal\\VPOS_Internal\\Reports\\20191029_050924\\FirstView\\1stPayVault\\20191029_050924\\1572344712824.png, C:\\VPOS_Internal\\VPOS_Internal\\Reports\\20191029_050924\\FirstView\\1stPayVault\\20191029_050924\\1572344712916.png, C:\\VPOS_Internal\\VPOS_Internal\\Reports\\20191029_050924\\FirstView\\1stPayVault\\20191029_050924\\1572344743599.png, C:\\VPOS_Internal\\VPOS_Internal\\Reports\\20191029_050924\\FirstView\\1stPayVault\\20191029_050924/Screenshots//TC_1st_Pay_Vault_006.png, C:\\VPOS_Internal\\VPOS_Internal\\Reports\\20191029_050924\\FirstView\\1stPayVault\\20191029_050924\\1572344768845.png, C:\\VPOS_Internal\\VPOS_Internal\\Reports\\20191029_050924\\FirstView\\1stPayVault\\20191029_050924\\1572344769268.png, C:\\VPOS_Internal\\VPOS_Internal\\Reports\\20191029_050924\\FirstView\\1stPayVault\\20191029_050924\\1572344769367.png, C:\\VPOS_Internal\\VPOS_Internal\\Reports\\20191029_050924\\FirstView\\1stPayVault\\20191029_050924\\1572344800157.png, C:\\VPOS_Internal\\VPOS_Internal\\Reports\\20191029_050924\\FirstView\\1stPayVault\\20191029_050924/Screenshots//TC_1st_Pay_Vault_009.png, C:\\VPOS_Internal\\VPOS_Internal\\Reports\\20191029_050924\\FirstView\\1stPayVault\\20191029_050924\\1572344826969.png, C:\\VPOS_Internal\\VPOS_Internal\\Reports\\20191029_050924\\FirstView\\1stPayVault\\20191029_050924\\1572344827446.png, C:\\VPOS_Internal\\VPOS_Internal\\Reports\\20191029_050924\\FirstView\\1stPayVault\\20191029_050924\\1572344827531.png, C:\\VPOS_Internal\\VPOS_Internal\\Reports\\20191029_050924\\FirstView\\1stPayVault\\20191029_050924\\1572344858220.png, C:\\VPOS_Internal\\VPOS_Internal\\Reports\\20191029_050924\\FirstView\\1stPayVault\\20191029_050924/Screenshots//TC_1st_Pay_Vault_010.png, C:\\VPOS_Internal\\VPOS_Internal\\Reports\\20191029_050924\\FirstView\\1stPayVault\\20191029_050924\\1572344885445.png, C:\\VPOS_Internal\\VPOS_Internal\\Reports\\20191029_050924\\FirstView\\1stPayVault\\20191029_050924\\1572344885848.png, C:\\VPOS_Internal\\VPOS_Internal\\Reports\\20191029_050924\\FirstView\\1stPayVault\\20191029_050924\\1572344885918.png, C:\\VPOS_Internal\\VPOS_Internal\\Reports\\20191029_050924\\FirstView\\1stPayVault\\20191029_050924\\1572344916617.png, C:\\VPOS_Internal\\VPOS_Internal\\Reports\\20191029_050924\\FirstView\\1stPayVault\\20191029_050924/Screenshots//TC_1st_Pay_Vault_011.png"/>
            <property name="hostName" value="venkata.annam - FW1-D-DTA-ZENQ1"/>
            <property name="os" value="Windows 10 64bit"/>
            <property name="katalonVersion" value="6.3.2.4"/>
            <property name="browser" value="Firefox 68.0"/>
            <property name="hostAddress" value="172.25.52.168"/>
            <property name="sessionId" value="1af9bd51-acd8-4755-a84c-24e417a6cfb4"/>
            <property name="seleniumVersion" value="3.141.59"/>
            <property name="proxyInformation" value="ProxyInformation{proxyOption=NO_PROXY, proxyServerType=HTTP, password=, proxyServerAddress=, proxyServerPort=0}"/>
            <property name="platform" value="Windows 10"/>
        </properties>
        <testcase name="Test Cases/FirstView/FirstPayVault/TC_1st_Pay_Vault_001" classname="Test Cases/FirstView/FirstPayVault/TC_1st_Pay_Vault_001" status="ERROR">
            <error type="ERROR" message="Test Cases/FirstView/FirstPayVault/TC_1st_Pay_Vault_001 FAILED.&#xA;Reason:&#xA;com.kms.katalon.core.exception.StepErrorException: 1stPayVault.ts:Click on FirstPayVault tab is not clickable in time - 60seconds&#xD;&#xA;&#x9;at com.kms.katalon.core.util.KeywordUtil.markError(KeywordUtil.java:65)&#xD;&#xA;&#x9;at com.kms.katalon.core.util.KeywordUtil$markError$0.call(Unknown Source)&#xD;&#xA;&#x9;at utilities.SafeActions.safeClickWithoutScroll(SafeActions.groovy:146)&#xD;&#xA;&#x9;at utilities.SafeActions.invokeMethod(SafeActions.groovy)&#xD;&#xA;&#x9;at com.kms.katalon.core.main.CustomKeywordDelegatingMetaClass.invokeStaticMethod(CustomKeywordDelegatingMetaClass.java:50)&#xD;&#xA;&#x9;at TC_1st_Pay_Vault_001.run(TC_1st_Pay_Vault_001:34)&#xD;&#xA;&#x9;at com.kms.katalon.core.main.ScriptEngine.run(ScriptEngine.java:194)&#xD;&#xA;&#x9;at com.kms.katalon.core.main.ScriptEngine.runScriptAsRawText(ScriptEngine.java:119)&#xD;&#xA;&#x9;at com.kms.katalon.core.main.TestCaseExecutor.runScript(TestCaseExecutor.java:337)&#xD;&#xA;&#x9;at com.kms.katalon.core.main.TestCaseExecutor.doExecute(TestCaseExecutor.java:328)&#xD;&#xA;&#x9;at com.kms.katalon.core.main.TestCaseExecutor.processExecutionPhase(TestCaseExecutor.java:307)&#xD;&#xA;&#x9;at com.kms.katalon.core.main.TestCaseExecutor.accessMainPhase(TestCaseExecutor.java:299)&#xD;&#xA;&#x9;at com.kms.katalon.core.main.TestCaseExecutor.execute(TestCaseExecutor.java:233)&#xD;&#xA;&#x9;at com.kms.katalon.core.main.TestSuiteExecutor.accessTestCaseMainPhase(TestSuiteExecutor.java:169)&#xD;&#xA;&#x9;at com.kms.katalon.core.main.TestSuiteExecutor.accessTestSuiteMainPhase(TestSuiteExecutor.java:142)&#xD;&#xA;&#x9;at com.kms.katalon.core.main.TestSuiteExecutor.execute(TestSuiteExecutor.java:91)&#xD;&#xA;&#x9;at com.kms.katalon.core.main.TestCaseMain.startTestSuite(TestCaseMain.java:157)&#xD;&#xA;&#x9;at com.kms.katalon.core.main.TestCaseMain$startTestSuite$0.call(Unknown Source)&#xD;&#xA;&#x9;at TempTestSuite1572343764272.run(TempTestSuite1572343764272.groovy:35)&#xD;&#xA;"/>
            <system-out>2019-10-29 05:09:32 - [TEST_CASE][ERROR] - Test Cases/FirstView/FirstPayVault/TC_1st_Pay_Vault_001: Test Cases/FirstView/FirstPayVault/TC_1st_Pay_Vault_001 FAILED.
Reason:
com.kms.katalon.core.exception.StepErrorException: 1stPayVault.ts:Click on FirstPayVault tab is not clickable in time - 60seconds&#xD;
	at com.kms.katalon.core.util.KeywordUtil.markError(KeywordUtil.java:65)&#xD;
	at com.kms.katalon.core.util.KeywordUtil$markError$0.call(Unknown Source)&#xD;
	at utilities.SafeActions.safeClickWithoutScroll(SafeActions.groovy:146)&#xD;
	at utilities.SafeActions.invokeMethod(SafeActions.groovy)&#xD;
	at com.kms.katalon.core.main.CustomKeywordDelegatingMetaClass.invokeStaticMethod(CustomKeywordDelegatingMetaClass.java:50)&#xD;
	at TC_1st_Pay_Vault_001.run(TC_1st_Pay_Vault_001:34)&#xD;
	at com.kms.katalon.core.main.ScriptEngine.run(ScriptEngine.java:194)&#xD;
	at com.kms.katalon.core.main.ScriptEngine.runScriptAsRawText(ScriptEngine.java:119)&#xD;
	at com.kms.katalon.core.main.TestCaseExecutor.runScript(TestCaseExecutor.java:337)&#xD;
	at com.kms.katalon.core.main.TestCaseExecutor.doExecute(TestCaseExecutor.java:328)&#xD;
	at com.kms.katalon.core.main.TestCaseExecutor.processExecutionPhase(TestCaseExecutor.java:307)&#xD;
	at com.kms.katalon.core.main.TestCaseExecutor.accessMainPhase(TestCaseExecutor.java:299)&#xD;
	at com.kms.katalon.core.main.TestCaseExecutor.execute(TestCaseExecutor.java:233)&#xD;
	at com.kms.katalon.core.main.TestSuiteExecutor.accessTestCaseMainPhase(TestSuiteExecutor.java:169)&#xD;
	at com.kms.katalon.core.main.TestSuiteExecutor.accessTestSuiteMainPhase(TestSuiteExecutor.java:142)&#xD;
	at com.kms.katalon.core.main.TestSuiteExecutor.execute(TestSuiteExecutor.java:91)&#xD;
	at com.kms.katalon.core.main.TestCaseMain.startTestSuite(TestCaseMain.java:157)&#xD;
	at com.kms.katalon.core.main.TestCaseMain$startTestSuite$0.call(Unknown Source)&#xD;
	at TempTestSuite1572343764272.run(TempTestSuite1572343764272.groovy:35)&#xD;
&#xD;
&#xD;
2019-10-29 05:09:32 - [TEST_STEP][PASSED] - Start listener action : sampleBeforeTestCase: null&#xD;
&#xD;
2019-10-29 05:09:32 - [TEST_STEP][PASSED] - println(testCaseContext.getTestCaseId()): null&#xD;
&#xD;
2019-10-29 05:09:32 - [TEST_STEP][PASSED] - println(testCaseContext.getTestCaseVariables()): null&#xD;
&#xD;
2019-10-29 05:09:33 - [TEST_STEP][NOT_RUN] - utilities.SafeActions.openBrowser(Old_URL, [PageLoadTime]): NOT_RUN: utilities.SafeActions.openBrowser(Old_URL, [PageLoadTime])&#xD;
&#xD;
2019-10-29 05:09:33 - [MESSAGE][NOT_RUN] - NOT_RUN: utilities.SafeActions.openBrowser(Old_URL, [PageLoadTime])&#xD;
&#xD;
2019-10-29 05:09:33 - [TEST_STEP][NOT_RUN] - delay(6): NOT_RUN: delay(6)&#xD;
&#xD;
2019-10-29 05:09:33 - [MESSAGE][NOT_RUN] - NOT_RUN: delay(6)&#xD;
&#xD;
2019-10-29 05:09:33 - [TEST_STEP][NOT_RUN] - utilities.SafeActions.safeSelectOptionInDropDownByVisibleText(findTestObject("Pages/Sale/dropDown_AccountType"), "ranjanatest2 - 888814981372/001 Account Type: Retail", "Select by Value", [25]): NOT_RUN: utilities.SafeActions.safeSelectOptionInDropDownByVisibleText(findTestObject("Pages/Sale/dropDown_AccountType"), "ranjanatest2 - 888814981372/001 Account Type: Retail", "Select by Value", [25])&#xD;
&#xD;
2019-10-29 05:09:33 - [MESSAGE][NOT_RUN] - NOT_RUN: utilities.SafeActions.safeSelectOptionInDropDownByVisibleText(findTestObject("Pages/Sale/dropDown_AccountType"), "ranjanatest2 - 888814981372/001 Account Type: Retail", "Select by Value", [25])&#xD;
&#xD;
2019-10-29 05:09:33 - [TEST_STEP][PASSED] - utilities.SafeActions.openBrowser(URL, [PageLoadTime]): utilities.SafeActions.openBrowser is PASSED&#xD;
&#xD;
2019-10-29 05:09:33 - [MESSAGE][INFO] - Opening Browser&#xD;
&#xD;
2019-10-29 05:09:34 - [MESSAGE][INFO] - Starting 'Firefox' driver&#xD;
&#xD;
2019-10-29 05:09:34 - [MESSAGE][INFO] - Action delay is set to 0 seconds&#xD;
&#xD;
2019-10-29 05:09:44 - [MESSAGE][PASSED] - Browser is opened with url: 'https://q-www-firstview-net.faps.net/MVC/Account/Login'&#xD;
&#xD;
2019-10-29 05:09:44 - [MESSAGE][PASSED] - Current window maximized&#xD;
&#xD;
2019-10-29 05:09:44 - [MESSAGE][INFO] - Browser Launched Successfully&#xD;
&#xD;
2019-10-29 05:09:44 - [MESSAGE][PASSED] - utilities.SafeActions.openBrowser is PASSED&#xD;
&#xD;
2019-10-29 05:09:44 - [TEST_STEP][PASSED] - pages.Login.login(uName, password): pages.Login.login is PASSED&#xD;
&#xD;
2019-10-29 05:09:44 - [MESSAGE][PASSED] - Object 'Object Repository/Pages/Login/userName' is present&#xD;
&#xD;
2019-10-29 05:09:44 - [MESSAGE][PASSED] - Scroll to object 'Object Repository/Pages/Login/userName' successfully&#xD;
&#xD;
2019-10-29 05:09:44 - [MESSAGE][PASSED] - Object 'Object Repository/Pages/Login/userName' is present&#xD;
&#xD;
2019-10-29 05:09:45 - [MESSAGE][PASSED] - Object: 'Object Repository/Pages/Login/userName' is clicked on&#xD;
&#xD;
2019-10-29 05:09:46 - [MESSAGE][PASSED] - Text 'ZenQRetail' is set on object 'Object Repository/Pages/Login/userName'&#xD;
&#xD;
2019-10-29 05:09:46 - [MESSAGE][PASSED] - Object 'Object Repository/Pages/Login/password' is present&#xD;
&#xD;
2019-10-29 05:09:46 - [MESSAGE][PASSED] - Scroll to object 'Object Repository/Pages/Login/password' successfully&#xD;
&#xD;
2019-10-29 05:09:46 - [MESSAGE][PASSED] - Object 'Object Repository/Pages/Login/password' is present&#xD;
&#xD;
2019-10-29 05:09:47 - [MESSAGE][PASSED] - Object: 'Object Repository/Pages/Login/password' is clicked on&#xD;
&#xD;
2019-10-29 05:09:47 - [MESSAGE][PASSED] - Text 'P@ssword1' is set on object 'Object Repository/Pages/Login/password'&#xD;
&#xD;
2019-10-29 05:09:47 - [MESSAGE][INFO] - Safe Click Without scroll&#xD;
&#xD;
2019-10-29 05:09:47 - [MESSAGE][INFO] - 1stPayVault.ts:waiting until Click on Login is Clickable&#xD;
&#xD;
2019-10-29 05:09:47 - [MESSAGE][PASSED] - Object 'Object Repository/Pages/Login/login' is clickable&#xD;
&#xD;
2019-10-29 05:09:47 - [MESSAGE][PASSED] - Object 'Object Repository/Pages/Login/login' is visible&#xD;
&#xD;
2019-10-29 05:09:49 - [MESSAGE][PASSED] - Object: 'Object Repository/Pages/Login/login' is clicked on&#xD;
&#xD;
2019-10-29 05:09:49 - [MESSAGE][INFO] - 1stPayVault.ts: click on the Click on Login&#xD;
&#xD;
2019-10-29 05:09:49 - [MESSAGE][PASSED] - pages.Login.login is PASSED&#xD;
&#xD;
2019-10-29 05:09:49 - [TEST_STEP][PASSED] - callTestCase(findTestCase("FirstView/Login/TC_SendCode"), [:], STOP_ON_FAILURE): Call Test Case 'Test Cases/FirstView/Login/TC_SendCode' successfully&#xD;
&#xD;
2019-10-29 05:09:50 - [TEST_CASE][PASSED] - Test Cases/FirstView/Login/TC_SendCode: Test Cases/FirstView/Login/TC_SendCode&#xD;
&#xD;
2019-10-29 05:09:50 - [TEST_STEP][PASSED] - flag = pages.SendCode.verifyPage(): pages.SendCode.verifyPage is PASSED&#xD;
&#xD;
2019-10-29 05:09:50 - [MESSAGE][PASSED] - Object 'Object Repository/Pages/SendCodeToValidate/header_SendCodeToValidate' is present and visible in viewport&#xD;
&#xD;
2019-10-29 05:09:50 - [MESSAGE][PASSED] - pages.SendCode.verifyPage is PASSED&#xD;
&#xD;
2019-10-29 05:09:50 - [TEST_STEP][PASSED] - if (flag): pages.SendCode.clickonUserSettings is PASSED&#xD;
&#xD;
2019-10-29 05:09:50 - [TEST_STEP][PASSED] - pages.SendCode.clickonUserSettings(): pages.SendCode.clickonUserSettings is PASSED&#xD;
&#xD;
2019-10-29 05:09:50 - [MESSAGE][PASSED] - Object 'Object Repository/Pages/SendCodeToValidate/link_UserSettings' is present&#xD;
&#xD;
2019-10-29 05:09:51 - [MESSAGE][PASSED] - Object 'Object Repository/Pages/SendCodeToValidate/link_UserSettings' is visible&#xD;
&#xD;
2019-10-29 05:09:51 - [MESSAGE][INFO] - 1stPayVault.ts:waiting until Click on User Settings is Clickable&#xD;
&#xD;
2019-10-29 05:09:51 - [MESSAGE][PASSED] - Object 'Object Repository/Pages/SendCodeToValidate/link_UserSettings' is clickable&#xD;
&#xD;
2019-10-29 05:09:51 - [MESSAGE][PASSED] - Object 'Object Repository/Pages/SendCodeToValidate/link_UserSettings' is visible&#xD;
&#xD;
2019-10-29 05:09:53 - [MESSAGE][PASSED] - Object: 'Object Repository/Pages/SendCodeToValidate/link_UserSettings' is clicked on&#xD;
&#xD;
2019-10-29 05:09:53 - [MESSAGE][INFO] - 1stPayVault.ts: Clicked on the Click on User Settings&#xD;
&#xD;
2019-10-29 05:09:53 - [MESSAGE][PASSED] - pages.SendCode.clickonUserSettings is PASSED&#xD;
&#xD;
2019-10-29 05:09:53 - [MESSAGE][PASSED] - Call Test Case 'Test Cases/FirstView/Login/TC_SendCode' successfully&#xD;
&#xD;
2019-10-29 05:09:53 - [TEST_STEP][PASSED] - callTestCase(findTestCase("FirstView/Login/TC_FirstView"), [:], STOP_ON_FAILURE): Call Test Case 'Test Cases/FirstView/Login/TC_FirstView' successfully&#xD;
&#xD;
2019-10-29 05:09:53 - [TEST_CASE][PASSED] - Test Cases/FirstView/Login/TC_FirstView: Test Cases/FirstView/Login/TC_FirstView&#xD;
&#xD;
2019-10-29 05:09:54 - [TEST_STEP][NOT_RUN] - utilities.SafeActions.safeClickWithoutScroll(findTestObject("Pages/FirstView/link_Home"), "Click on Home button in First View screen", [PageLoadTime]): NOT_RUN: utilities.SafeActions.safeClickWithoutScroll(findTestObject("Pages/FirstView/link_Home"), "Click on Home button in First View screen", [PageLoadTime])&#xD;
&#xD;
2019-10-29 05:09:54 - [MESSAGE][NOT_RUN] - NOT_RUN: utilities.SafeActions.safeClickWithoutScroll(findTestObject("Pages/FirstView/link_Home"), "Click on Home button in First View screen", [PageLoadTime])&#xD;
&#xD;
2019-10-29 05:09:54 - [TEST_STEP][PASSED] - utilities.SafeActions.javascriptclick(findTestObject("Pages/FirstView/link_Home"), delayForElement): utilities.SafeActions.javascriptclick is PASSED&#xD;
&#xD;
2019-10-29 05:09:54 - [MESSAGE][PASSED] - utilities.SafeActions.javascriptclick is PASSED&#xD;
&#xD;
2019-10-29 05:09:54 - [TEST_STEP][PASSED] - utilities.SafeActions.safeClickWithoutScroll(findTestObject("Pages/FirstView/link_VPOS"), "Click on VPOS button in First View screen", [PageLoadTime]): utilities.SafeActions.safeClickWithoutScroll is PASSED&#xD;
&#xD;
2019-10-29 05:09:54 - [MESSAGE][INFO] - Safe Click Without scroll&#xD;
&#xD;
2019-10-29 05:09:54 - [MESSAGE][INFO] - 1stPayVault.ts:waiting until Click on VPOS button in First View screen is Clickable&#xD;
&#xD;
2019-10-29 05:09:55 - [MESSAGE][PASSED] - Object 'Object Repository/Pages/FirstView/link_VPOS' is clickable&#xD;
&#xD;
2019-10-29 05:09:55 - [MESSAGE][PASSED] - Object 'Object Repository/Pages/FirstView/link_VPOS' is visible&#xD;
&#xD;
2019-10-29 05:09:56 - [MESSAGE][PASSED] - Object: 'Object Repository/Pages/FirstView/link_VPOS' is clicked on&#xD;
&#xD;
2019-10-29 05:09:56 - [MESSAGE][INFO] - 1stPayVault.ts: click on the Click on VPOS button in First View screen&#xD;
&#xD;
2019-10-29 05:09:56 - [MESSAGE][PASSED] - utilities.SafeActions.safeClickWithoutScroll is PASSED&#xD;
&#xD;
2019-10-29 05:09:56 - [MESSAGE][PASSED] - Call Test Case 'Test Cases/FirstView/Login/TC_FirstView' successfully&#xD;
&#xD;
2019-10-29 05:09:56 - [TEST_STEP][PASSED] - switchToWindowTitle("Transcenter - VPOS"): Switched to window with title: 'Transcenter - VPOS'&#xD;
&#xD;
2019-10-29 05:10:01 - [MESSAGE][PASSED] - Switched to window with title: 'Transcenter - VPOS'&#xD;
&#xD;
2019-10-29 05:10:01 - [TEST_STEP][ERROR] - utilities.SafeActions.safeClickWithoutScroll(findTestObject("Pages/FirstPayVault/tab_FirstPayVault"), "Click on FirstPayVault tab", [PageLoadTime]): com.kms.katalon.core.exception.StepErrorException: 1stPayVault.ts:Click on FirstPayVault tab is not clickable in time - 60seconds&#xD;
&#xD;
2019-10-29 05:10:01 - [MESSAGE][INFO] - Safe Click Without scroll&#xD;
&#xD;
2019-10-29 05:10:01 - [MESSAGE][INFO] - 1stPayVault.ts:waiting until Click on FirstPayVault tab is Clickable&#xD;
&#xD;
2019-10-29 05:10:04 - [MESSAGE][PASSED] - Object 'Object Repository/Pages/FirstPayVault/tab_FirstPayVault' is clickable&#xD;
&#xD;
2019-10-29 05:10:05 - [MESSAGE][PASSED] - Object 'Object Repository/Pages/FirstPayVault/tab_FirstPayVault' is visible&#xD;
&#xD;
2019-10-29 05:10:08 - [MESSAGE][FAILED] - Unable to click on object 'Object Repository/Pages/FirstPayVault/tab_FirstPayVault' (Root cause: com.kms.katalon.core.exception.StepFailedException: Unable to click on object 'Object Repository/Pages/FirstPayVault/tab_FirstPayVault'&#xD;
	at com.kms.katalon.core.webui.keyword.internal.WebUIKeywordMain.stepFailed(WebUIKeywordMain.groovy:64)&#xD;
	at com.kms.katalon.core.webui.keyword.internal.WebUIKeywordMain.runKeyword(WebUIKeywordMain.groovy:26)&#xD;
	at com.kms.katalon.core.webui.keyword.builtin.ClickKeyword.click(ClickKeyword.groovy:86)&#xD;
	at com.kms.katalon.core.webui.keyword.builtin.ClickKeyword.execute(ClickKeyword.groovy:67)&#xD;
	at com.kms.katalon.core.keyword.internal.KeywordExecutor.executeKeywordForPlatform(KeywordExecutor.groovy:56)&#xD;
	at com.kms.katalon.core.webui.keyword.WebUiBuiltInKeywords.click(WebUiBuiltInKeywords.groovy:616)&#xD;
	at com.kms.katalon.core.webui.keyword.WebUiBuiltInKeywords$click$4.call(Unknown Source)&#xD;
	at utilities.SafeActions.safeClickWithoutScroll(SafeActions.groovy:138)&#xD;
	at utilities.SafeActions.invokeMethod(SafeActions.groovy)&#xD;
	at com.kms.katalon.core.main.CustomKeywordDelegatingMetaClass.invokeStaticMethod(CustomKeywordDelegatingMetaClass.java:50)&#xD;
	at TC_1st_Pay_Vault_001.run(TC_1st_Pay_Vault_001:34)&#xD;
	at com.kms.katalon.core.main.ScriptEngine.run(ScriptEngine.java:194)&#xD;
	at com.kms.katalon.core.main.ScriptEngine.runScriptAsRawText(ScriptEngine.java:119)&#xD;
	at com.kms.katalon.core.main.TestCaseExecutor.runScript(TestCaseExecutor.java:337)&#xD;
	at com.kms.katalon.core.main.TestCaseExecutor.doExecute(TestCaseExecutor.java:328)&#xD;
	at com.kms.katalon.core.main.TestCaseExecutor.processExecutionPhase(TestCaseExecutor.java:307)&#xD;
	at com.kms.katalon.core.main.TestCaseExecutor.accessMainPhase(TestCaseExecutor.java:299)&#xD;
	at com.kms.katalon.core.main.TestCaseExecutor.execute(TestCaseExecutor.java:233)&#xD;
	at com.kms.katalon.core.main.TestSuiteExecutor.accessTestCaseMainPhase(TestSuiteExecutor.java:169)&#xD;
	at com.kms.katalon.core.main.TestSuiteExecutor.accessTestSuiteMainPhase(TestSuiteExecutor.java:142)&#xD;
	at com.kms.katalon.core.main.TestSuiteExecutor.execute(TestSuiteExecutor.java:91)&#xD;
	at com.kms.katalon.core.main.TestCaseMain.startTestSuite(TestCaseMain.java:157)&#xD;
	at com.kms.katalon.core.main.TestCaseMain$startTestSuite$0.call(Unknown Source)&#xD;
	at TempTestSuite1572343764272.run(TempTestSuite1572343764272.groovy:35)&#xD;
Caused by: org.openqa.selenium.ElementClickInterceptedException: Element &lt;span class="title title_center"&gt; is not clickable at point (296,163) because another element &lt;div id="transcenter-modal-progress" class="modal fade show"&gt; obscures it
Build info: version: '3.141.59', revision: 'e82be7d358', time: '2018-11-14T08:25:53'
System info: host: 'FW1-D-DTA-ZENQ1', ip: '172.25.52.168', os.name: 'Windows 10', os.arch: 'amd64', os.version: '10.0', java.version: '1.8.0_181'
Driver info: com.kms.katalon.core.webui.driver.firefox.CGeckoDriver
Capabilities {acceptInsecureCerts: true, browserName: firefox, browserVersion: 68.0.2, javascriptEnabled: true, moz:accessibilityChecks: false, moz:buildID: 20190813150448, moz:geckodriverVersion: 0.23.0, moz:headless: false, moz:processID: 356844, moz:profile: C:\Users\venkata.annam\AppD..., moz:shutdownTimeout: 60000, moz:useNonSpecCompliantPointerOrigin: false, moz:webdriverClick: true, pageLoadStrategy: normal, platform: WINDOWS, platformName: WINDOWS, platformVersion: 10.0, proxy: Proxy(direct), rotatable: false, setWindowRect: true, strictFileInteractability: false, timeouts: {implicit: 0, pageLoad: 300000, script: 30000}, unhandledPromptBehavior: dismiss and notify}
Session ID: f296087a-e625-47d2-b9e0-cf764c128a1d&#xD;
	at org.openqa.selenium.remote.http.W3CHttpResponseCodec.createException(W3CHttpResponseCodec.java:187)&#xD;
	at org.openqa.selenium.remote.http.W3CHttpResponseCodec.decode(W3CHttpResponseCodec.java:122)&#xD;
	at org.openqa.selenium.remote.http.W3CHttpResponseCodec.decode(W3CHttpResponseCodec.java:49)&#xD;
	at org.openqa.selenium.remote.HttpCommandExecutor.execute(HttpCommandExecutor.java:158)&#xD;
	at org.openqa.selenium.remote.service.DriverCommandExecutor.execute(DriverCommandExecutor.java:83)&#xD;
	at org.openqa.selenium.remote.RemoteWebDriver.execute(RemoteWebDriver.java:552)&#xD;
	at com.kms.katalon.selenium.driver.CFirefoxDriver.execute(CFirefoxDriver.java:28)&#xD;
	at org.openqa.selenium.remote.RemoteWebElement.execute(RemoteWebElement.java:285)&#xD;
	at org.openqa.selenium.remote.RemoteWebElement.click(RemoteWebElement.java:84)&#xD;
	at com.kms.katalon.core.webui.keyword.builtin.ClickKeyword$_click_closure1.doCall(ClickKeyword.groovy:79)&#xD;
	at com.kms.katalon.core.webui.keyword.builtin.ClickKeyword$_click_closure1.call(ClickKeyword.groovy)&#xD;
	at com.kms.katalon.core.webui.keyword.internal.WebUIKeywordMain.runKeyword(WebUIKeywordMain.groovy:20)&#xD;
	at com.kms.katalon.core.webui.keyword.builtin.ClickKeyword.click(ClickKeyword.groovy:86)&#xD;
	at com.kms.katalon.core.webui.keyword.builtin.ClickKeyword.execute(ClickKeyword.groovy:67)&#xD;
	at com.kms.katalon.core.keyword.internal.KeywordExecutor.executeKeywordForPlatform(KeywordExecutor.groovy:56)&#xD;
	at com.kms.katalon.core.webui.keyword.WebUiBuiltInKeywords.click(WebUiBuiltInKeywords.groovy:616)&#xD;
	at com.kms.katalon.core.webui.keyword.WebUiBuiltInKeywords$click$4.call(Unknown Source)&#xD;
	at utilities.SafeActions.safeClickWithoutScroll(SafeActions.groovy:138)&#xD;
	at utilities.SafeActions.invokeMethod(SafeActions.groovy)&#xD;
	at com.kms.katalon.core.main.CustomKeywordDelegatingMetaClass.invokeStaticMethod(CustomKeywordDelegatingMetaClass.java:50)&#xD;
	at Script1568366871628.run(Script1568366871628.groovy:34)&#xD;
	... 13 more&#xD;
)&#xD;
[[ATTACHMENT|C:\\VPOS_Internal\\VPOS_Internal\\Reports\\20191029_050924\\FirstView\\1stPayVault\\20191029_050924\\1572343808396.png]]&#xD;
&#xD;
2019-10-29 05:10:08 - [MESSAGE][ERROR] - com.kms.katalon.core.exception.StepErrorException: 1stPayVault.ts:Click on FirstPayVault tab is not clickable in time - 60seconds&#xD;
&#xD;
2019-10-29 05:10:08 - [TEST_STEP][ERROR] - utilities.SafeActions.safeClickWithoutScroll(findTestObject("Pages/FirstPayVault/button_CreateVault"), "Click on CreateVault button", [PageLoadTime]): com.kms.katalon.core.exception.StepErrorException: 1stPayVault.ts:Click on CreateVault button is not Clickable&#xD;
&#xD;
2019-10-29 05:10:08 - [MESSAGE][INFO] - Safe Click Without scroll&#xD;
&#xD;
2019-10-29 05:10:08 - [MESSAGE][INFO] - 1stPayVault.ts:waiting until Click on CreateVault button is Clickable&#xD;
&#xD;
2019-10-29 05:10:08 - [MESSAGE][PASSED] - Object 'Object Repository/Pages/FirstPayVault/button_CreateVault' is clickable&#xD;
&#xD;
2019-10-29 05:10:09 - [MESSAGE][FAILED] - Object 'Object Repository/Pages/FirstPayVault/button_CreateVault' is NOT visible (Root cause: com.kms.katalon.core.exception.StepFailedException: Object 'Object Repository/Pages/FirstPayVault/button_CreateVault' is NOT visible&#xD;
	at com.kms.katalon.core.webui.keyword.internal.WebUIKeywordMain.stepFailed(WebUIKeywordMain.groovy:64)&#xD;
	at com.kms.katalon.core.webui.keyword.builtin.VerifyElementVisibleKeyword$_verifyElementVisible_closure1.doCall(VerifyElementVisibleKeyword.groovy:83)&#xD;
	at com.kms.katalon.core.webui.keyword.builtin.VerifyElementVisibleKeyword$_verifyElementVisible_closure1.call(VerifyElementVisibleKeyword.groovy)&#xD;
	at com.kms.katalon.core.webui.keyword.internal.WebUIKeywordMain.runKeyword(WebUIKeywordMain.groovy:20)&#xD;
	at com.kms.katalon.core.webui.keyword.builtin.VerifyElementVisibleKeyword.verifyElementVisible(VerifyElementVisibleKeyword.groovy:97)&#xD;
	at com.kms.katalon.core.webui.keyword.builtin.VerifyElementVisibleKeyword.execute(VerifyElementVisibleKeyword.groovy:67)&#xD;
	at com.kms.katalon.core.keyword.internal.KeywordExecutor.executeKeywordForPlatform(KeywordExecutor.groovy:56)&#xD;
	at com.kms.katalon.core.webui.keyword.WebUiBuiltInKeywords.verifyElementVisible(WebUiBuiltInKeywords.groovy:372)&#xD;
	at com.kms.katalon.core.webui.keyword.WebUiBuiltInKeywords$verifyElementVisible$7.call(Unknown Source)&#xD;
	at utilities.SafeActions.waitUntilClickable(SafeActions.groovy:173)&#xD;
	at utilities.SafeActions.safeClickWithoutScroll(SafeActions.groovy:136)&#xD;
	at utilities.SafeActions.invokeMethod(SafeActions.groovy)&#xD;
	at com.kms.katalon.core.main.CustomKeywordDelegatingMetaClass.invokeStaticMethod(CustomKeywordDelegatingMetaClass.java:50)&#xD;
	at TC_1st_Pay_Vault_001.run(TC_1st_Pay_Vault_001:37)&#xD;
	at com.kms.katalon.core.main.ScriptEngine.run(ScriptEngine.java:194)&#xD;
	at com.kms.katalon.core.main.ScriptEngine.runScriptAsRawText(ScriptEngine.java:119)&#xD;
	at com.kms.katalon.core.main.TestCaseExecutor.runScript(TestCaseExecutor.java:337)&#xD;
	at com.kms.katalon.core.main.TestCaseExecutor.doExecute(TestCaseExecutor.java:328)&#xD;
	at com.kms.katalon.core.main.TestCaseExecutor.processExecutionPhase(TestCaseExecutor.java:307)&#xD;
	at com.kms.katalon.core.main.TestCaseExecutor.accessMainPhase(TestCaseExecutor.java:299)&#xD;
	at com.kms.katalon.core.main.TestCaseExecutor.execute(TestCaseExecutor.java:233)&#xD;
	at com.kms.katalon.core.main.TestSuiteExecutor.accessTestCaseMainPhase(TestSuiteExecutor.java:169)&#xD;
	at com.kms.katalon.core.main.TestSuiteExecutor.accessTestSuiteMainPhase(TestSuiteExecutor.java:142)&#xD;
	at com.kms.katalon.core.main.TestSuiteExecutor.execute(TestSuiteExecutor.java:91)&#xD;
	at com.kms.katalon.core.main.TestCaseMain.startTestSuite(TestCaseMain.java:157)&#xD;
	at com.kms.katalon.core.main.TestCaseMain$startTestSuite$0.call(Unknown Source)&#xD;
	at TempTestSuite1572343764272.run(TempTestSuite1572343764272.groovy:35)&#xD;
)&#xD;
[[ATTACHMENT|C:\\VPOS_Internal\\VPOS_Internal\\Reports\\20191029_050924\\FirstView\\1stPayVault\\20191029_050924\\1572343809152.png]]&#xD;
&#xD;
2019-10-29 05:10:09 - [MESSAGE][FAILED] - Unable to verify object 'Object Repository/Pages/FirstPayVault/button_CreateVault' is visible (Root cause: com.kms.katalon.core.exception.StepFailedException: Unable to verify object 'Object Repository/Pages/FirstPayVault/button_CreateVault' is visible&#xD;
	at com.kms.katalon.core.webui.keyword.internal.WebUIKeywordMain.stepFailed(WebUIKeywordMain.groovy:64)&#xD;
	at com.kms.katalon.core.webui.keyword.internal.WebUIKeywordMain.runKeyword(WebUIKeywordMain.groovy:26)&#xD;
	at com.kms.katalon.core.webui.keyword.builtin.VerifyElementVisibleKeyword.verifyElementVisible(VerifyElementVisibleKeyword.groovy:97)&#xD;
	at com.kms.katalon.core.webui.keyword.builtin.VerifyElementVisibleKeyword.execute(VerifyElementVisibleKeyword.groovy:67)&#xD;
	at com.kms.katalon.core.keyword.internal.KeywordExecutor.executeKeywordForPlatform(KeywordExecutor.groovy:56)&#xD;
	at com.kms.katalon.core.webui.keyword.WebUiBuiltInKeywords.verifyElementVisible(WebUiBuiltInKeywords.groovy:372)&#xD;
	at com.kms.katalon.core.webui.keyword.WebUiBuiltInKeywords$verifyElementVisible$7.call(Unknown Source)&#xD;
	at utilities.SafeActions.waitUntilClickable(SafeActions.groovy:173)&#xD;
	at utilities.SafeActions.safeClickWithoutScroll(SafeActions.groovy:136)&#xD;
	at utilities.SafeActions.invokeMethod(SafeActions.groovy)&#xD;
	at com.kms.katalon.core.main.CustomKeywordDelegatingMetaClass.invokeStaticMethod(CustomKeywordDelegatingMetaClass.java:50)&#xD;
	at TC_1st_Pay_Vault_001.run(TC_1st_Pay_Vault_001:37)&#xD;
	at com.kms.katalon.core.main.ScriptEngine.run(ScriptEngine.java:194)&#xD;
	at com.kms.katalon.core.main.ScriptEngine.runScriptAsRawText(ScriptEngine.java:119)&#xD;
	at com.kms.katalon.core.main.TestCaseExecutor.runScript(TestCaseExecutor.java:337)&#xD;
	at com.kms.katalon.core.main.TestCaseExecutor.doExecute(TestCaseExecutor.java:328)&#xD;
	at com.kms.katalon.core.main.TestCaseExecutor.processExecutionPhase(TestCaseExecutor.java:307)&#xD;
	at com.kms.katalon.core.main.TestCaseExecutor.accessMainPhase(TestCaseExecutor.java:299)&#xD;
	at com.kms.katalon.core.main.TestCaseExecutor.execute(TestCaseExecutor.java:233)&#xD;
	at com.kms.katalon.core.main.TestSuiteExecutor.accessTestCaseMainPhase(TestSuiteExecutor.java:169)&#xD;
	at com.kms.katalon.core.main.TestSuiteExecutor.accessTestSuiteMainPhase(TestSuiteExecutor.java:142)&#xD;
	at com.kms.katalon.core.main.TestSuiteExecutor.execute(TestSuiteExecutor.java:91)&#xD;
	at com.kms.katalon.core.main.TestCaseMain.startTestSuite(TestCaseMain.java:157)&#xD;
	at com.kms.katalon.core.main.TestCaseMain$startTestSuite$0.call(Unknown Source)&#xD;
	at TempTestSuite1572343764272.run(TempTestSuite1572343764272.groovy:35)&#xD;
Caused by: com.kms.katalon.core.exception.StepFailedException: Object 'Object Repository/Pages/FirstPayVault/button_CreateVault' is NOT visible&#xD;
	at com.kms.katalon.core.webui.keyword.internal.WebUIKeywordMain.stepFailed(WebUIKeywordMain.groovy:64)&#xD;
	at com.kms.katalon.core.webui.keyword.builtin.VerifyElementVisibleKeyword$_verifyElementVisible_closure1.doCall(VerifyElementVisibleKeyword.groovy:83)&#xD;
	at com.kms.katalon.core.webui.keyword.builtin.VerifyElementVisibleKeyword$_verifyElementVisible_closure1.call(VerifyElementVisibleKeyword.groovy)&#xD;
	at com.kms.katalon.core.webui.keyword.internal.WebUIKeywordMain.runKeyword(WebUIKeywordMain.groovy:20)&#xD;
	... 23 more&#xD;
)&#xD;
[[ATTACHMENT|C:\\VPOS_Internal\\VPOS_Internal\\Reports\\20191029_050924\\FirstView\\1stPayVault\\20191029_050924\\1572343809288.png]]&#xD;
&#xD;
2019-10-29 05:10:09 - [MESSAGE][FAILED] - 1stPayVault.ts:Click on CreateVault button is not clickable in time - 60seconds&#xD;
&#xD;
2019-10-29 05:10:09 - [MESSAGE][ERROR] - com.kms.katalon.core.exception.StepErrorException: 1stPayVault.ts:Click on CreateVault button is not Clickable&#xD;
&#xD;
2019-10-29 05:10:09 - [TEST_STEP][PASSED] - vaultReference = utilities.SafeActions.timeWithMilliSeconds(): utilities.SafeActions.timeWithMilliSeconds is PASSED&#xD;
&#xD;
2019-10-29 05:10:09 - [MESSAGE][PASSED] - utilities.SafeActions.timeWithMilliSeconds is PASSED&#xD;
&#xD;
2019-10-29 05:10:09 - [TEST_STEP][ERROR] - utilities.SafeActions.safeType(findTestObject("Pages/FirstPayVault/input_VaultReferenceNumber"), vaultReference, "Entering Vault Reference Number", [PageLoadTime]): com.kms.katalon.core.exception.StepErrorException: unable to enter2019-10-29 05:10:09.482 in Entering Vault Reference Number in time -60seconds&#xD;
&#xD;
2019-10-29 05:11:11 - [MESSAGE][INFO] - Unable to find the element located by 'By.xpath: //label[text()='1stPayVault Reference Number']/parent::div/following-sibling::div//input[@id='text-refund-info-amount']'. Please recheck the objects properties to make sure the desired element is located. &#xD;
&#xD;
2019-10-29 05:11:11 - [MESSAGE][WARNING] - Object 'Object Repository/Pages/FirstPayVault/input_VaultReferenceNumber' is not present after 60 second(s)&#xD;
&#xD;
2019-10-29 05:11:41 - [MESSAGE][INFO] - Unable to find the element located by 'By.xpath: //label[text()='1stPayVault Reference Number']/parent::div/following-sibling::div//input[@id='text-refund-info-amount']'. Please recheck the objects properties to make sure the desired element is located. &#xD;
&#xD;
2019-10-29 05:11:42 - [MESSAGE][FAILED] - Unable to scroll to object 'Object Repository/Pages/FirstPayVault/input_VaultReferenceNumber' (Root cause: com.kms.katalon.core.exception.StepFailedException: Unable to scroll to object 'Object Repository/Pages/FirstPayVault/input_VaultReferenceNumber'&#xD;
	at com.kms.katalon.core.webui.keyword.internal.WebUIKeywordMain.stepFailed(WebUIKeywordMain.groovy:64)&#xD;
	at com.kms.katalon.core.webui.keyword.internal.WebUIKeywordMain.runKeyword(WebUIKeywordMain.groovy:26)&#xD;
	at com.kms.katalon.core.webui.keyword.builtin.ScrollToElementKeyword.scrollToElement(ScrollToElementKeyword.groovy:88)&#xD;
	at com.kms.katalon.core.webui.keyword.builtin.ScrollToElementKeyword.execute(ScrollToElementKeyword.groovy:68)&#xD;
	at com.kms.katalon.core.keyword.internal.KeywordExecutor.executeKeywordForPlatform(KeywordExecutor.groovy:56)&#xD;
	at com.kms.katalon.core.webui.keyword.WebUiBuiltInKeywords.scrollToElement(WebUiBuiltInKeywords.groovy:2975)&#xD;
	at com.kms.katalon.core.webui.keyword.WebUiBuiltInKeywords$scrollToElement$2.call(Unknown Source)&#xD;
	at utilities.SafeActions.safeType(SafeActions.groovy:67)&#xD;
	at utilities.SafeActions.invokeMethod(SafeActions.groovy)&#xD;
	at com.kms.katalon.core.main.CustomKeywordDelegatingMetaClass.invokeStaticMethod(CustomKeywordDelegatingMetaClass.java:50)&#xD;
	at TC_1st_Pay_Vault_001.run(TC_1st_Pay_Vault_001:43)&#xD;
	at com.kms.katalon.core.main.ScriptEngine.run(ScriptEngine.java:194)&#xD;
	at com.kms.katalon.core.main.ScriptEngine.runScriptAsRawText(ScriptEngine.java:119)&#xD;
	at com.kms.katalon.core.main.TestCaseExecutor.runScript(TestCaseExecutor.java:337)&#xD;
	at com.kms.katalon.core.main.TestCaseExecutor.doExecute(TestCaseExecutor.java:328)&#xD;
	at com.kms.katalon.core.main.TestCaseExecutor.processExecutionPhase(TestCaseExecutor.java:307)&#xD;
	at com.kms.katalon.core.main.TestCaseExecutor.accessMainPhase(TestCaseExecutor.java:299)&#xD;
	at com.kms.katalon.core.main.TestCaseExecutor.execute(TestCaseExecutor.java:233)&#xD;
	at com.kms.katalon.core.main.TestSuiteExecutor.accessTestCaseMainPhase(TestSuiteExecutor.java:169)&#xD;
	at com.kms.katalon.core.main.TestSuiteExecutor.accessTestSuiteMainPhase(TestSuiteExecutor.java:142)&#xD;
	at com.kms.katalon.core.main.TestSuiteExecutor.execute(TestSuiteExecutor.java:91)&#xD;
	at com.kms.katalon.core.main.TestCaseMain.startTestSuite(TestCaseMain.java:157)&#xD;
	at com.kms.katalon.core.main.TestCaseMain$startTestSuite$0.call(Unknown Source)&#xD;
	at TempTestSuite1572343764272.run(TempTestSuite1572343764272.groovy:35)&#xD;
Caused by: com.kms.katalon.core.webui.exception.WebElementNotFoundException: Web element with id: 'Object Repository/Pages/FirstPayVault/input_VaultReferenceNumber' located by 'By.xpath: //label[text()='1stPayVault Reference Number']/parent::div/following-sibling::div//input[@id='text-refund-info-amount']' not found&#xD;
	at com.kms.katalon.core.webui.common.WebUiCommonHelper.findWebElement(WebUiCommonHelper.java:1097)&#xD;
	at com.kms.katalon.core.webui.keyword.internal.WebUIAbstractKeyword.findWebElement(WebUIAbstractKeyword.groovy:27)&#xD;
	at com.kms.katalon.core.webui.keyword.internal.WebUIAbstractKeyword.findWebElement(WebUIAbstractKeyword.groovy:26)&#xD;
	at com.kms.katalon.core.webui.keyword.builtin.ScrollToElementKeyword$_scrollToElement_closure1.doCall(ScrollToElementKeyword.groovy:79)&#xD;
	at com.kms.katalon.core.webui.keyword.builtin.ScrollToElementKeyword$_scrollToElement_closure1.call(ScrollToElementKeyword.groovy)&#xD;
	at com.kms.katalon.core.webui.keyword.internal.WebUIKeywordMain.runKeyword(WebUIKeywordMain.groovy:20)&#xD;
	at com.kms.katalon.core.webui.keyword.builtin.ScrollToElementKeyword.scrollToElement(ScrollToElementKeyword.groovy:88)&#xD;
	at com.kms.katalon.core.webui.keyword.builtin.ScrollToElementKeyword.execute(ScrollToElementKeyword.groovy:68)&#xD;
	at com.kms.katalon.core.keyword.internal.KeywordExecutor.executeKeywordForPlatform(KeywordExecutor.groovy:56)&#xD;
	at com.kms.katalon.core.webui.keyword.WebUiBuiltInKeywords.scrollToElement(WebUiBuiltInKeywords.groovy:2975)&#xD;
	at com.kms.katalon.core.webui.keyword.WebUiBuiltInKeywords$scrollToElement$2.call(Unknown Source)&#xD;
	at utilities.SafeActions.safeType(SafeActions.groovy:67)&#xD;
	at utilities.SafeActions.invokeMethod(SafeActions.groovy)&#xD;
	at com.kms.katalon.core.main.CustomKeywordDelegatingMetaClass.invokeStaticMethod(CustomKeywordDelegatingMetaClass.java:50)&#xD;
	at Script1568366871628.run(Script1568366871628.groovy:43)&#xD;
	... 13 more&#xD;
)&#xD;
[[ATTACHMENT|C:\\VPOS_Internal\\VPOS_Internal\\Reports\\20191029_050924\\FirstView\\1stPayVault\\20191029_050924\\1572343901839.png]]&#xD;
&#xD;
2019-10-29 05:11:42 - [MESSAGE][ERROR] - com.kms.katalon.core.exception.StepErrorException: unable to enter2019-10-29 05:10:09.482 in Entering Vault Reference Number in time -60seconds&#xD;
&#xD;
2019-10-29 05:11:42 - [TEST_STEP][ERROR] - utilities.SafeActions.safeType(findTestObject("Pages/FirstPayVault/input_CreditCardNumber"), visaCardNumber, "Entering Card Number", [PageLoadTime]): com.kms.katalon.core.exception.StepErrorException: unable to enter4111111111111111 in Entering Card Number in time -60seconds&#xD;
&#xD;
2019-10-29 05:12:43 - [MESSAGE][INFO] - Unable to find the element located by 'By.xpath: //div[@id='first-pay-vault-card-info-container']//input[@id="text-card-number"]'. Please recheck the objects properties to make sure the desired element is located. &#xD;
&#xD;
2019-10-29 05:12:43 - [MESSAGE][WARNING] - Object 'Object Repository/Pages/FirstPayVault/input_CreditCardNumber' is not present after 60 second(s)&#xD;
&#xD;
2019-10-29 05:13:13 - [MESSAGE][INFO] - Unable to find the element located by 'By.xpath: //div[@id='first-pay-vault-card-info-container']//input[@id="text-card-number"]'. Please recheck the objects properties to make sure the desired element is located. &#xD;
&#xD;
2019-10-29 05:13:14 - [MESSAGE][FAILED] - Unable to scroll to object 'Object Repository/Pages/FirstPayVault/input_CreditCardNumber' (Root cause: com.kms.katalon.core.exception.StepFailedException: Unable to scroll to object 'Object Repository/Pages/FirstPayVault/input_CreditCardNumber'&#xD;
	at com.kms.katalon.core.webui.keyword.internal.WebUIKeywordMain.stepFailed(WebUIKeywordMain.groovy:64)&#xD;
	at com.kms.katalon.core.webui.keyword.internal.WebUIKeywordMain.runKeyword(WebUIKeywordMain.groovy:26)&#xD;
	at com.kms.katalon.core.webui.keyword.builtin.ScrollToElementKeyword.scrollToElement(ScrollToElementKeyword.groovy:88)&#xD;
	at com.kms.katalon.core.webui.keyword.builtin.ScrollToElementKeyword.execute(ScrollToElementKeyword.groovy:68)&#xD;
	at com.kms.katalon.core.keyword.internal.KeywordExecutor.executeKeywordForPlatform(KeywordExecutor.groovy:56)&#xD;
	at com.kms.katalon.core.webui.keyword.WebUiBuiltInKeywords.scrollToElement(WebUiBuiltInKeywords.groovy:2975)&#xD;
	at com.kms.katalon.core.webui.keyword.WebUiBuiltInKeywords$scrollToElement$2.call(Unknown Source)&#xD;
	at utilities.SafeActions.safeType(SafeActions.groovy:67)&#xD;
	at utilities.SafeActions.invokeMethod(SafeActions.groovy)&#xD;
	at com.kms.katalon.core.main.CustomKeywordDelegatingMetaClass.invokeStaticMethod(CustomKeywordDelegatingMetaClass.java:50)&#xD;
	at TC_1st_Pay_Vault_001.run(TC_1st_Pay_Vault_001:46)&#xD;
	at com.kms.katalon.core.main.ScriptEngine.run(ScriptEngine.java:194)&#xD;
	at com.kms.katalon.core.main.ScriptEngine.runScriptAsRawText(ScriptEngine.java:119)&#xD;
	at com.kms.katalon.core.main.TestCaseExecutor.runScript(TestCaseExecutor.java:337)&#xD;
	at com.kms.katalon.core.main.TestCaseExecutor.doExecute(TestCaseExecutor.java:328)&#xD;
	at com.kms.katalon.core.main.TestCaseExecutor.processExecutionPhase(TestCaseExecutor.java:307)&#xD;
	at com.kms.katalon.core.main.TestCaseExecutor.accessMainPhase(TestCaseExecutor.java:299)&#xD;
	at com.kms.katalon.core.main.TestCaseExecutor.execute(TestCaseExecutor.java:233)&#xD;
	at com.kms.katalon.core.main.TestSuiteExecutor.accessTestCaseMainPhase(TestSuiteExecutor.java:169)&#xD;
	at com.kms.katalon.core.main.TestSuiteExecutor.accessTestSuiteMainPhase(TestSuiteExecutor.java:142)&#xD;
	at com.kms.katalon.core.main.TestSuiteExecutor.execute(TestSuiteExecutor.java:91)&#xD;
	at com.kms.katalon.core.main.TestCaseMain.startTestSuite(TestCaseMain.java:157)&#xD;
	at com.kms.katalon.core.main.TestCaseMain$startTestSuite$0.call(Unknown Source)&#xD;
	at TempTestSuite1572343764272.run(TempTestSuite1572343764272.groovy:35)&#xD;
Caused by: com.kms.katalon.core.webui.exception.WebElementNotFoundException: Web element with id: 'Object Repository/Pages/FirstPayVault/input_CreditCardNumber' located by 'By.xpath: //div[@id='first-pay-vault-card-info-container']//input[@id="text-card-number"]' not found&#xD;
	at com.kms.katalon.core.webui.common.WebUiCommonHelper.findWebElement(WebUiCommonHelper.java:1097)&#xD;
	at com.kms.katalon.core.webui.keyword.internal.WebUIAbstractKeyword.findWebElement(WebUIAbstractKeyword.groovy:27)&#xD;
	at com.kms.katalon.core.webui.keyword.internal.WebUIAbstractKeyword.findWebElement(WebUIAbstractKeyword.groovy:26)&#xD;
	at com.kms.katalon.core.webui.keyword.builtin.ScrollToElementKeyword$_scrollToElement_closure1.doCall(ScrollToElementKeyword.groovy:79)&#xD;
	at com.kms.katalon.core.webui.keyword.builtin.ScrollToElementKeyword$_scrollToElement_closure1.call(ScrollToElementKeyword.groovy)&#xD;
	at com.kms.katalon.core.webui.keyword.internal.WebUIKeywordMain.runKeyword(WebUIKeywordMain.groovy:20)&#xD;
	at com.kms.katalon.core.webui.keyword.builtin.ScrollToElementKeyword.scrollToElement(ScrollToElementKeyword.groovy:88)&#xD;
	at com.kms.katalon.core.webui.keyword.builtin.ScrollToElementKeyword.execute(ScrollToElementKeyword.groovy:68)&#xD;
	at com.kms.katalon.core.keyword.internal.KeywordExecutor.executeKeywordForPlatform(KeywordExecutor.groovy:56)&#xD;
	at com.kms.katalon.core.webui.keyword.WebUiBuiltInKeywords.scrollToElement(WebUiBuiltInKeywords.groovy:2975)&#xD;
	at com.kms.katalon.core.webui.keyword.WebUiBuiltInKeywords$scrollToElement$2.call(Unknown Source)&#xD;
	at utilities.SafeActions.safeType(SafeActions.groovy:67)&#xD;
	at utilities.SafeActions.invokeMethod(SafeActions.groovy)&#xD;
	at com.kms.katalon.core.main.CustomKeywordDelegatingMetaClass.invokeStaticMethod(CustomKeywordDelegatingMetaClass.java:50)&#xD;
	at Script1568366871628.run(Script1568366871628.groovy:46)&#xD;
	... 13 more&#xD;
)&#xD;
[[ATTACHMENT|C:\\VPOS_Internal\\VPOS_Internal\\Reports\\20191029_050924\\FirstView\\1stPayVault\\20191029_050924\\1572343993955.png]]&#xD;
&#xD;
2019-10-29 05:13:14 - [MESSAGE][ERROR] - com.kms.katalon.core.exception.StepErrorException: unable to enter4111111111111111 in Entering Card Number in time -60seconds&#xD;
&#xD;
2019-10-29 05:13:14 - [TEST_STEP][ERROR] - utilities.SafeActions.safeSelectOptionInDropDownByVisibleText(findTestObject("Pages/FirstPayVault/dropDown_ExpirationMonth"), cardMonth, "Expiration Month", [PageLoadTime]): com.kms.katalon.core.exception.StepErrorException: 1stPayVault.ts:unable to selectSeptember in Expiration Month in time -60seconds&#xD;
&#xD;
2019-10-29 05:14:15 - [MESSAGE][INFO] - Unable to find the element located by 'By.xpath: //div[@id='first-pay-vault-card-info-container']//select[contains(@id,"select-expiration-month")]'. Please recheck the objects properties to make sure the desired element is located. &#xD;
&#xD;
2019-10-29 05:14:15 - [MESSAGE][WARNING] - Web element with id: 'Object Repository/Pages/FirstPayVault/dropDown_ExpirationMonth' located by 'By.xpath: //div[@id='first-pay-vault-card-info-container']//select[contains(@id,"select-expiration-month")]' not found&#xD;
&#xD;
2019-10-29 05:15:16 - [MESSAGE][INFO] - Unable to find the element located by 'By.xpath: //div[@id='first-pay-vault-card-info-container']//select[contains(@id,"select-expiration-month")]'. Please recheck the objects properties to make sure the desired element is located. &#xD;
&#xD;
2019-10-29 05:15:16 - [MESSAGE][FAILED] - com.kms.katalon.core.webui.exception.WebElementNotFoundException: Web element with id: 'Object Repository/Pages/FirstPayVault/dropDown_ExpirationMonth' located by 'By.xpath: //div[@id='first-pay-vault-card-info-container']//select[contains(@id,"select-expiration-month")]' not found (Root cause: com.kms.katalon.core.exception.StepFailedException: com.kms.katalon.core.webui.exception.WebElementNotFoundException: Web element with id: 'Object Repository/Pages/FirstPayVault/dropDown_ExpirationMonth' located by 'By.xpath: //div[@id='first-pay-vault-card-info-container']//select[contains(@id,"select-expiration-month")]' not found&#xD;
	at com.kms.katalon.core.webui.keyword.internal.WebUIKeywordMain.stepFailed(WebUIKeywordMain.groovy:64)&#xD;
	at com.kms.katalon.core.webui.keyword.builtin.VerifyElementPresentKeyword$_verifyElementPresent_closure1.doCall(VerifyElementPresentKeyword.groovy:85)&#xD;
	at com.kms.katalon.core.webui.keyword.builtin.VerifyElementPresentKeyword$_verifyElementPresent_closure1.call(VerifyElementPresentKeyword.groovy)&#xD;
	at com.kms.katalon.core.webui.keyword.internal.WebUIKeywordMain.runKeyword(WebUIKeywordMain.groovy:20)&#xD;
	at com.kms.katalon.core.webui.keyword.builtin.VerifyElementPresentKeyword.verifyElementPresent(VerifyElementPresentKeyword.groovy:92)&#xD;
	at com.kms.katalon.core.webui.keyword.builtin.VerifyElementPresentKeyword.execute(VerifyElementPresentKeyword.groovy:68)&#xD;
	at com.kms.katalon.core.keyword.internal.KeywordExecutor.executeKeywordForPlatform(KeywordExecutor.groovy:56)&#xD;
	at com.kms.katalon.core.webui.keyword.WebUiBuiltInKeywords.verifyElementPresent(WebUiBuiltInKeywords.groovy:1434)&#xD;
	at com.kms.katalon.core.webui.keyword.WebUiBuiltInKeywords$verifyElementPresent$3.call(Unknown Source)&#xD;
	at utilities.SafeActions.safeSelectOptionInDropDownByVisibleText(SafeActions.groovy:110)&#xD;
	at utilities.SafeActions.invokeMethod(SafeActions.groovy)&#xD;
	at com.kms.katalon.core.main.CustomKeywordDelegatingMetaClass.invokeStaticMethod(CustomKeywordDelegatingMetaClass.java:50)&#xD;
	at TC_1st_Pay_Vault_001.run(TC_1st_Pay_Vault_001:52)&#xD;
	at com.kms.katalon.core.main.ScriptEngine.run(ScriptEngine.java:194)&#xD;
	at com.kms.katalon.core.main.ScriptEngine.runScriptAsRawText(ScriptEngine.java:119)&#xD;
	at com.kms.katalon.core.main.TestCaseExecutor.runScript(TestCaseExecutor.java:337)&#xD;
	at com.kms.katalon.core.main.TestCaseExecutor.doExecute(TestCaseExecutor.java:328)&#xD;
	at com.kms.katalon.core.main.TestCaseExecutor.processExecutionPhase(TestCaseExecutor.java:307)&#xD;
	at com.kms.katalon.core.main.TestCaseExecutor.accessMainPhase(TestCaseExecutor.java:299)&#xD;
	at com.kms.katalon.core.main.TestCaseExecutor.execute(TestCaseExecutor.java:233)&#xD;
	at com.kms.katalon.core.main.TestSuiteExecutor.accessTestCaseMainPhase(TestSuiteExecutor.java:169)&#xD;
	at com.kms.katalon.core.main.TestSuiteExecutor.accessTestSuiteMainPhase(TestSuiteExecutor.java:142)&#xD;
	at com.kms.katalon.core.main.TestSuiteExecutor.execute(TestSuiteExecutor.java:91)&#xD;
	at com.kms.katalon.core.main.TestCaseMain.startTestSuite(TestCaseMain.java:157)&#xD;
	at com.kms.katalon.core.main.TestCaseMain$startTestSuite$0.call(Unknown Source)&#xD;
	at TempTestSuite1572343764272.run(TempTestSuite1572343764272.groovy:35)&#xD;
)&#xD;
[[ATTACHMENT|C:\\VPOS_Internal\\VPOS_Internal\\Reports\\20191029_050924\\FirstView\\1stPayVault\\20191029_050924\\1572344116386.png]]&#xD;
&#xD;
2019-10-29 05:15:16 - [MESSAGE][FAILED] - Unable to verify object 'Object Repository/Pages/FirstPayVault/dropDown_ExpirationMonth' is present (Root cause: com.kms.katalon.core.exception.StepFailedException: Unable to verify object 'Object Repository/Pages/FirstPayVault/dropDown_ExpirationMonth' is present&#xD;
	at com.kms.katalon.core.webui.keyword.internal.WebUIKeywordMain.stepFailed(WebUIKeywordMain.groovy:64)&#xD;
	at com.kms.katalon.core.webui.keyword.internal.WebUIKeywordMain.runKeyword(WebUIKeywordMain.groovy:26)&#xD;
	at com.kms.katalon.core.webui.keyword.builtin.VerifyElementPresentKeyword.verifyElementPresent(VerifyElementPresentKeyword.groovy:92)&#xD;
	at com.kms.katalon.core.webui.keyword.builtin.VerifyElementPresentKeyword.execute(VerifyElementPresentKeyword.groovy:68)&#xD;
	at com.kms.katalon.core.keyword.internal.KeywordExecutor.executeKeywordForPlatform(KeywordExecutor.groovy:56)&#xD;
	at com.kms.katalon.core.webui.keyword.WebUiBuiltInKeywords.verifyElementPresent(WebUiBuiltInKeywords.groovy:1434)&#xD;
	at com.kms.katalon.core.webui.keyword.WebUiBuiltInKeywords$verifyElementPresent$3.call(Unknown Source)&#xD;
	at utilities.SafeActions.safeSelectOptionInDropDownByVisibleText(SafeActions.groovy:110)&#xD;
	at utilities.SafeActions.invokeMethod(SafeActions.groovy)&#xD;
	at com.kms.katalon.core.main.CustomKeywordDelegatingMetaClass.invokeStaticMethod(CustomKeywordDelegatingMetaClass.java:50)&#xD;
	at TC_1st_Pay_Vault_001.run(TC_1st_Pay_Vault_001:52)&#xD;
	at com.kms.katalon.core.main.ScriptEngine.run(ScriptEngine.java:194)&#xD;
	at com.kms.katalon.core.main.ScriptEngine.runScriptAsRawText(ScriptEngine.java:119)&#xD;
	at com.kms.katalon.core.main.TestCaseExecutor.runScript(TestCaseExecutor.java:337)&#xD;
	at com.kms.katalon.core.main.TestCaseExecutor.doExecute(TestCaseExecutor.java:328)&#xD;
	at com.kms.katalon.core.main.TestCaseExecutor.processExecutionPhase(TestCaseExecutor.java:307)&#xD;
	at com.kms.katalon.core.main.TestCaseExecutor.accessMainPhase(TestCaseExecutor.java:299)&#xD;
	at com.kms.katalon.core.main.TestCaseExecutor.execute(TestCaseExecutor.java:233)&#xD;
	at com.kms.katalon.core.main.TestSuiteExecutor.accessTestCaseMainPhase(TestSuiteExecutor.java:169)&#xD;
	at com.kms.katalon.core.main.TestSuiteExecutor.accessTestSuiteMainPhase(TestSuiteExecutor.java:142)&#xD;
	at com.kms.katalon.core.main.TestSuiteExecutor.execute(TestSuiteExecutor.java:91)&#xD;
	at com.kms.katalon.core.main.TestCaseMain.startTestSuite(TestCaseMain.java:157)&#xD;
	at com.kms.katalon.core.main.TestCaseMain$startTestSuite$0.call(Unknown Source)&#xD;
	at TempTestSuite1572343764272.run(TempTestSuite1572343764272.groovy:35)&#xD;
Caused by: com.kms.katalon.core.exception.StepFailedException: com.kms.katalon.core.webui.exception.WebElementNotFoundException: Web element with id: 'Object Repository/Pages/FirstPayVault/dropDown_ExpirationMonth' located by 'By.xpath: //div[@id='first-pay-vault-card-info-container']//select[contains(@id,"select-expiration-month")]' not found&#xD;
	at com.kms.katalon.core.webui.keyword.internal.WebUIKeywordMain.stepFailed(WebUIKeywordMain.groovy:64)&#xD;
	at com.kms.katalon.core.webui.keyword.builtin.VerifyElementPresentKeyword$_verifyElementPresent_closure1.doCall(VerifyElementPresentKeyword.groovy:85)&#xD;
	at com.kms.katalon.core.webui.keyword.builtin.VerifyElementPresentKeyword$_verifyElementPresent_closure1.call(VerifyElementPresentKeyword.groovy)&#xD;
	at com.kms.katalon.core.webui.keyword.internal.WebUIKeywordMain.runKeyword(WebUIKeywordMain.groovy:20)&#xD;
	... 22 more&#xD;
)&#xD;
[[ATTACHMENT|C:\\VPOS_Internal\\VPOS_Internal\\Reports\\20191029_050924\\FirstView\\1stPayVault\\20191029_050924\\1572344116484.png]]&#xD;
&#xD;
2019-10-29 05:15:16 - [MESSAGE][ERROR] - com.kms.katalon.core.exception.StepErrorException: 1stPayVault.ts:unable to selectSeptember in Expiration Month in time -60seconds&#xD;
&#xD;
2019-10-29 05:15:16 - [TEST_STEP][ERROR] - utilities.SafeActions.safeSelectOptionInDropDownByVisibleText(findTestObject("Pages/FirstPayVault/dropDown_ExpirationYear"), cardYear, "year", [PageLoadTime]): com.kms.katalon.core.exception.StepErrorException: 1stPayVault.ts:unable to select2023 in year in time -60seconds&#xD;
&#xD;
2019-10-29 05:16:17 - [MESSAGE][INFO] - Unable to find the element located by 'By.xpath: //div[@id='first-pay-vault-card-info-container']//select[contains(@id,"select-expiration-year")]'. Please recheck the objects properties to make sure the desired element is located. &#xD;
&#xD;
2019-10-29 05:16:17 - [MESSAGE][WARNING] - Web element with id: 'Object Repository/Pages/FirstPayVault/dropDown_ExpirationYear' located by 'By.xpath: //div[@id='first-pay-vault-card-info-container']//select[contains(@id,"select-expiration-year")]' not found&#xD;
&#xD;
2019-10-29 05:17:20 - [MESSAGE][INFO] - Unable to find the element located by 'By.xpath: //div[@id='first-pay-vault-card-info-container']//select[contains(@id,"select-expiration-year")]'. Please recheck the objects properties to make sure the desired element is located. &#xD;
&#xD;
2019-10-29 05:17:21 - [MESSAGE][FAILED] - com.kms.katalon.core.webui.exception.WebElementNotFoundException: Web element with id: 'Object Repository/Pages/FirstPayVault/dropDown_ExpirationYear' located by 'By.xpath: //div[@id='first-pay-vault-card-info-container']//select[contains(@id,"select-expiration-year")]' not found (Root cause: com.kms.katalon.core.exception.StepFailedException: com.kms.katalon.core.webui.exception.WebElementNotFoundException: Web element with id: 'Object Repository/Pages/FirstPayVault/dropDown_ExpirationYear' located by 'By.xpath: //div[@id='first-pay-vault-card-info-container']//select[contains(@id,"select-expiration-year")]' not found&#xD;
	at com.kms.katalon.core.webui.keyword.internal.WebUIKeywordMain.stepFailed(WebUIKeywordMain.groovy:64)&#xD;
	at com.kms.katalon.core.webui.keyword.builtin.VerifyElementPresentKeyword$_verifyElementPresent_closure1.doCall(VerifyElementPresentKeyword.groovy:85)&#xD;
	at com.kms.katalon.core.webui.keyword.builtin.VerifyElementPresentKeyword$_verifyElementPresent_closure1.call(VerifyElementPresentKeyword.groovy)&#xD;
	at com.kms.katalon.core.webui.keyword.internal.WebUIKeywordMain.runKeyword(WebUIKeywordMain.groovy:20)&#xD;
	at com.kms.katalon.core.webui.keyword.builtin.VerifyElementPresentKeyword.verifyElementPresent(VerifyElementPresentKeyword.groovy:92)&#xD;
	at com.kms.katalon.core.webui.keyword.builtin.VerifyElementPresentKeyword.execute(VerifyElementPresentKeyword.groovy:68)&#xD;
	at com.kms.katalon.core.keyword.internal.KeywordExecutor.executeKeywordForPlatform(KeywordExecutor.groovy:56)&#xD;
	at com.kms.katalon.core.webui.keyword.WebUiBuiltInKeywords.verifyElementPresent(WebUiBuiltInKeywords.groovy:1434)&#xD;
	at com.kms.katalon.core.webui.keyword.WebUiBuiltInKeywords$verifyElementPresent$3.call(Unknown Source)&#xD;
	at utilities.SafeActions.safeSelectOptionInDropDownByVisibleText(SafeActions.groovy:110)&#xD;
	at utilities.SafeActions.invokeMethod(SafeActions.groovy)&#xD;
	at com.kms.katalon.core.main.CustomKeywordDelegatingMetaClass.invokeStaticMethod(CustomKeywordDelegatingMetaClass.java:50)&#xD;
	at TC_1st_Pay_Vault_001.run(TC_1st_Pay_Vault_001:55)&#xD;
	at com.kms.katalon.core.main.ScriptEngine.run(ScriptEngine.java:194)&#xD;
	at com.kms.katalon.core.main.ScriptEngine.runScriptAsRawText(ScriptEngine.java:119)&#xD;
	at com.kms.katalon.core.main.TestCaseExecutor.runScript(TestCaseExecutor.java:337)&#xD;
	at com.kms.katalon.core.main.TestCaseExecutor.doExecute(TestCaseExecutor.java:328)&#xD;
	at com.kms.katalon.core.main.TestCaseExecutor.processExecutionPhase(TestCaseExecutor.java:307)&#xD;
	at com.kms.katalon.core.main.TestCaseExecutor.accessMainPhase(TestCaseExecutor.java:299)&#xD;
	at com.kms.katalon.core.main.TestCaseExecutor.execute(TestCaseExecutor.java:233)&#xD;
	at com.kms.katalon.core.main.TestSuiteExecutor.accessTestCaseMainPhase(TestSuiteExecutor.java:169)&#xD;
	at com.kms.katalon.core.main.TestSuiteExecutor.accessTestSuiteMainPhase(TestSuiteExecutor.java:142)&#xD;
	at com.kms.katalon.core.main.TestSuiteExecutor.execute(TestSuiteExecutor.java:91)&#xD;
	at com.kms.katalon.core.main.TestCaseMain.startTestSuite(TestCaseMain.java:157)&#xD;
	at com.kms.katalon.core.main.TestCaseMain$startTestSuite$0.call(Unknown Source)&#xD;
	at TempTestSuite1572343764272.run(TempTestSuite1572343764272.groovy:35)&#xD;
)&#xD;
[[ATTACHMENT|C:\\VPOS_Internal\\VPOS_Internal\\Reports\\20191029_050924\\FirstView\\1stPayVault\\20191029_050924\\1572344240903.png]]&#xD;
&#xD;
2019-10-29 05:17:21 - [MESSAGE][FAILED] - Unable to verify object 'Object Repository/Pages/FirstPayVault/dropDown_ExpirationYear' is present (Root cause: com.kms.katalon.core.exception.StepFailedException: Unable to verify object 'Object Repository/Pages/FirstPayVault/dropDown_ExpirationYear' is present&#xD;
	at com.kms.katalon.core.webui.keyword.internal.WebUIKeywordMain.stepFailed(WebUIKeywordMain.groovy:64)&#xD;
	at com.kms.katalon.core.webui.keyword.internal.WebUIKeywordMain.runKeyword(WebUIKeywordMain.groovy:26)&#xD;
	at com.kms.katalon.core.webui.keyword.builtin.VerifyElementPresentKeyword.verifyElementPresent(VerifyElementPresentKeyword.groovy:92)&#xD;
	at com.kms.katalon.core.webui.keyword.builtin.VerifyElementPresentKeyword.execute(VerifyElementPresentKeyword.groovy:68)&#xD;
	at com.kms.katalon.core.keyword.internal.KeywordExecutor.executeKeywordForPlatform(KeywordExecutor.groovy:56)&#xD;
	at com.kms.katalon.core.webui.keyword.WebUiBuiltInKeywords.verifyElementPresent(WebUiBuiltInKeywords.groovy:1434)&#xD;
	at com.kms.katalon.core.webui.keyword.WebUiBuiltInKeywords$verifyElementPresent$3.call(Unknown Source)&#xD;
	at utilities.SafeActions.safeSelectOptionInDropDownByVisibleText(SafeActions.groovy:110)&#xD;
	at utilities.SafeActions.invokeMethod(SafeActions.groovy)&#xD;
	at com.kms.katalon.core.main.CustomKeywordDelegatingMetaClass.invokeStaticMethod(CustomKeywordDelegatingMetaClass.java:50)&#xD;
	at TC_1st_Pay_Vault_001.run(TC_1st_Pay_Vault_001:55)&#xD;
	at com.kms.katalon.core.main.ScriptEngine.run(ScriptEngine.java:194)&#xD;
	at com.kms.katalon.core.main.ScriptEngine.runScriptAsRawText(ScriptEngine.java:119)&#xD;
	at com.kms.katalon.core.main.TestCaseExecutor.runScript(TestCaseExecutor.java:337)&#xD;
	at com.kms.katalon.core.main.TestCaseExecutor.doExecute(TestCaseExecutor.java:328)&#xD;
	at com.kms.katalon.core.main.TestCaseExecutor.processExecutionPhase(TestCaseExecutor.java:307)&#xD;
	at com.kms.katalon.core.main.TestCaseExecutor.accessMainPhase(TestCaseExecutor.java:299)&#xD;
	at com.kms.katalon.core.main.TestCaseExecutor.execute(TestCaseExecutor.java:233)&#xD;
	at com.kms.katalon.core.main.TestSuiteExecutor.accessTestCaseMainPhase(TestSuiteExecutor.java:169)&#xD;
	at com.kms.katalon.core.main.TestSuiteExecutor.accessTestSuiteMainPhase(TestSuiteExecutor.java:142)&#xD;
	at com.kms.katalon.core.main.TestSuiteExecutor.execute(TestSuiteExecutor.java:91)&#xD;
	at com.kms.katalon.core.main.TestCaseMain.startTestSuite(TestCaseMain.java:157)&#xD;
	at com.kms.katalon.core.main.TestCaseMain$startTestSuite$0.call(Unknown Source)&#xD;
	at TempTestSuite1572343764272.run(TempTestSuite1572343764272.groovy:35)&#xD;
Caused by: com.kms.katalon.core.exception.StepFailedException: com.kms.katalon.core.webui.exception.WebElementNotFoundException: Web element with id: 'Object Repository/Pages/FirstPayVault/dropDown_ExpirationYear' located by 'By.xpath: //div[@id='first-pay-vault-card-info-container']//select[contains(@id,"select-expiration-year")]' not found&#xD;
	at com.kms.katalon.core.webui.keyword.internal.WebUIKeywordMain.stepFailed(WebUIKeywordMain.groovy:64)&#xD;
	at com.kms.katalon.core.webui.keyword.builtin.VerifyElementPresentKeyword$_verifyElementPresent_closure1.doCall(VerifyElementPresentKeyword.groovy:85)&#xD;
	at com.kms.katalon.core.webui.keyword.builtin.VerifyElementPresentKeyword$_verifyElementPresent_closure1.call(VerifyElementPresentKeyword.groovy)&#xD;
	at com.kms.katalon.core.webui.keyword.internal.WebUIKeywordMain.runKeyword(WebUIKeywordMain.groovy:20)&#xD;
	... 22 more&#xD;
)&#xD;
[[ATTACHMENT|C:\\VPOS_Internal\\VPOS_Internal\\Reports\\20191029_050924\\FirstView\\1stPayVault\\20191029_050924\\1572344241269.png]]&#xD;
&#xD;
2019-10-29 05:17:21 - [MESSAGE][ERROR] - com.kms.katalon.core.exception.StepErrorException: 1stPayVault.ts:unable to select2023 in year in time -60seconds&#xD;
&#xD;
2019-10-29 05:17:21 - [TEST_STEP][ERROR] - utilities.SafeActions.safeType(findTestObject("Pages/FirstPayVault/input_ContactName"), contactName, "Enter Contact Name", [PageLoadTime]): com.kms.katalon.core.exception.StepErrorException: unable to enterVenkata Sai in Enter Contact Name in time -60seconds&#xD;
&#xD;
2019-10-29 05:18:24 - [MESSAGE][INFO] - Unable to find the element located by 'By.xpath: //input[@id='text-cardholder-verification-first-name']'. Please recheck the objects properties to make sure the desired element is located. &#xD;
&#xD;
2019-10-29 05:18:24 - [MESSAGE][WARNING] - Object 'Object Repository/Pages/FirstPayVault/input_ContactName' is not present after 60 second(s)&#xD;
&#xD;
2019-10-29 05:18:55 - [MESSAGE][INFO] - Unable to find the element located by 'By.xpath: //input[@id='text-cardholder-verification-first-name']'. Please recheck the objects properties to make sure the desired element is located. &#xD;
&#xD;
2019-10-29 05:18:55 - [MESSAGE][FAILED] - Unable to scroll to object 'Object Repository/Pages/FirstPayVault/input_ContactName' (Root cause: com.kms.katalon.core.exception.StepFailedException: Unable to scroll to object 'Object Repository/Pages/FirstPayVault/input_ContactName'&#xD;
	at com.kms.katalon.core.webui.keyword.internal.WebUIKeywordMain.stepFailed(WebUIKeywordMain.groovy:64)&#xD;
	at com.kms.katalon.core.webui.keyword.internal.WebUIKeywordMain.runKeyword(WebUIKeywordMain.groovy:26)&#xD;
	at com.kms.katalon.core.webui.keyword.builtin.ScrollToElementKeyword.scrollToElement(ScrollToElementKeyword.groovy:88)&#xD;
	at com.kms.katalon.core.webui.keyword.builtin.ScrollToElementKeyword.execute(ScrollToElementKeyword.groovy:68)&#xD;
	at com.kms.katalon.core.keyword.internal.KeywordExecutor.executeKeywordForPlatform(KeywordExecutor.groovy:56)&#xD;
	at com.kms.katalon.core.webui.keyword.WebUiBuiltInKeywords.scrollToElement(WebUiBuiltInKeywords.groovy:2975)&#xD;
	at com.kms.katalon.core.webui.keyword.WebUiBuiltInKeywords$scrollToElement$2.call(Unknown Source)&#xD;
	at utilities.SafeActions.safeType(SafeActions.groovy:67)&#xD;
	at utilities.SafeActions.invokeMethod(SafeActions.groovy)&#xD;
	at com.kms.katalon.core.main.CustomKeywordDelegatingMetaClass.invokeStaticMethod(CustomKeywordDelegatingMetaClass.java:50)&#xD;
	at TC_1st_Pay_Vault_001.run(TC_1st_Pay_Vault_001:59)&#xD;
	at com.kms.katalon.core.main.ScriptEngine.run(ScriptEngine.java:194)&#xD;
	at com.kms.katalon.core.main.ScriptEngine.runScriptAsRawText(ScriptEngine.java:119)&#xD;
	at com.kms.katalon.core.main.TestCaseExecutor.runScript(TestCaseExecutor.java:337)&#xD;
	at com.kms.katalon.core.main.TestCaseExecutor.doExecute(TestCaseExecutor.java:328)&#xD;
	at com.kms.katalon.core.main.TestCaseExecutor.processExecutionPhase(TestCaseExecutor.java:307)&#xD;
	at com.kms.katalon.core.main.TestCaseExecutor.accessMainPhase(TestCaseExecutor.java:299)&#xD;
	at com.kms.katalon.core.main.TestCaseExecutor.execute(TestCaseExecutor.java:233)&#xD;
	at com.kms.katalon.core.main.TestSuiteExecutor.accessTestCaseMainPhase(TestSuiteExecutor.java:169)&#xD;
	at com.kms.katalon.core.main.TestSuiteExecutor.accessTestSuiteMainPhase(TestSuiteExecutor.java:142)&#xD;
	at com.kms.katalon.core.main.TestSuiteExecutor.execute(TestSuiteExecutor.java:91)&#xD;
	at com.kms.katalon.core.main.TestCaseMain.startTestSuite(TestCaseMain.java:157)&#xD;
	at com.kms.katalon.core.main.TestCaseMain$startTestSuite$0.call(Unknown Source)&#xD;
	at TempTestSuite1572343764272.run(TempTestSuite1572343764272.groovy:35)&#xD;
Caused by: com.kms.katalon.core.webui.exception.WebElementNotFoundException: Web element with id: 'Object Repository/Pages/FirstPayVault/input_ContactName' located by 'By.xpath: //input[@id='text-cardholder-verification-first-name']' not found&#xD;
	at com.kms.katalon.core.webui.common.WebUiCommonHelper.findWebElement(WebUiCommonHelper.java:1097)&#xD;
	at com.kms.katalon.core.webui.keyword.internal.WebUIAbstractKeyword.findWebElement(WebUIAbstractKeyword.groovy:27)&#xD;
	at com.kms.katalon.core.webui.keyword.internal.WebUIAbstractKeyword.findWebElement(WebUIAbstractKeyword.groovy:26)&#xD;
	at com.kms.katalon.core.webui.keyword.builtin.ScrollToElementKeyword$_scrollToElement_closure1.doCall(ScrollToElementKeyword.groovy:79)&#xD;
	at com.kms.katalon.core.webui.keyword.builtin.ScrollToElementKeyword$_scrollToElement_closure1.call(ScrollToElementKeyword.groovy)&#xD;
	at com.kms.katalon.core.webui.keyword.internal.WebUIKeywordMain.runKeyword(WebUIKeywordMain.groovy:20)&#xD;
	at com.kms.katalon.core.webui.keyword.builtin.ScrollToElementKeyword.scrollToElement(ScrollToElementKeyword.groovy:88)&#xD;
	at com.kms.katalon.core.webui.keyword.builtin.ScrollToElementKeyword.execute(ScrollToElementKeyword.groovy:68)&#xD;
	at com.kms.katalon.core.keyword.internal.KeywordExecutor.executeKeywordForPlatform(KeywordExecutor.groovy:56)&#xD;
	at com.kms.katalon.core.webui.keyword.WebUiBuiltInKeywords.scrollToElement(WebUiBuiltInKeywords.groovy:2975)&#xD;
	at com.kms.katalon.core.webui.keyword.WebUiBuiltInKeywords$scrollToElement$2.call(Unknown Source)&#xD;
	at utilities.SafeActions.safeType(SafeActions.groovy:67)&#xD;
	at utilities.SafeActions.invokeMethod(SafeActions.groovy)&#xD;
	at com.kms.katalon.core.main.CustomKeywordDelegatingMetaClass.invokeStaticMethod(CustomKeywordDelegatingMetaClass.java:50)&#xD;
	at Script1568366871628.run(Script1568366871628.groovy:59)&#xD;
	... 13 more&#xD;
)&#xD;
[[ATTACHMENT|C:\\VPOS_Internal\\VPOS_Internal\\Reports\\20191029_050924\\FirstView\\1stPayVault\\20191029_050924\\1572344335402.png]]&#xD;
&#xD;
2019-10-29 05:18:55 - [MESSAGE][ERROR] - com.kms.katalon.core.exception.StepErrorException: unable to enterVenkata Sai in Enter Contact Name in time -60seconds&#xD;
&#xD;
2019-10-29 05:18:55 - [TEST_STEP][ERROR] - utilities.SafeActions.safeType(findTestObject("Pages/FirstPayVault/input_PostalCode"), postalCode, "Enter Postal Code", [PageLoadTime]): com.kms.katalon.core.exception.StepErrorException: unable to enter76102 in Enter Postal Code in time -60seconds&#xD;
&#xD;
2019-10-29 05:19:56 - [MESSAGE][INFO] - Unable to find the element located by 'By.xpath: //form[@id='form-first-pay-credit-card-billing-address']//input[@id='text-cardholder-verification-postal-code']'. Please recheck the objects properties to make sure the desired element is located. &#xD;
&#xD;
2019-10-29 05:19:56 - [MESSAGE][WARNING] - Object 'Object Repository/Pages/FirstPayVault/input_PostalCode' is not present after 60 second(s)&#xD;
&#xD;
2019-10-29 05:20:27 - [MESSAGE][INFO] - Unable to find the element located by 'By.xpath: //form[@id='form-first-pay-credit-card-billing-address']//input[@id='text-cardholder-verification-postal-code']'. Please recheck the objects properties to make sure the desired element is located. &#xD;
&#xD;
2019-10-29 05:20:27 - [MESSAGE][FAILED] - Unable to scroll to object 'Object Repository/Pages/FirstPayVault/input_PostalCode' (Root cause: com.kms.katalon.core.exception.StepFailedException: Unable to scroll to object 'Object Repository/Pages/FirstPayVault/input_PostalCode'&#xD;
	at com.kms.katalon.core.webui.keyword.internal.WebUIKeywordMain.stepFailed(WebUIKeywordMain.groovy:64)&#xD;
	at com.kms.katalon.core.webui.keyword.internal.WebUIKeywordMain.runKeyword(WebUIKeywordMain.groovy:26)&#xD;
	at com.kms.katalon.core.webui.keyword.builtin.ScrollToElementKeyword.scrollToElement(ScrollToElementKeyword.groovy:88)&#xD;
	at com.kms.katalon.core.webui.keyword.builtin.ScrollToElementKeyword.execute(ScrollToElementKeyword.groovy:68)&#xD;
	at com.kms.katalon.core.keyword.internal.KeywordExecutor.executeKeywordForPlatform(KeywordExecutor.groovy:56)&#xD;
	at com.kms.katalon.core.webui.keyword.WebUiBuiltInKeywords.scrollToElement(WebUiBuiltInKeywords.groovy:2975)&#xD;
	at com.kms.katalon.core.webui.keyword.WebUiBuiltInKeywords$scrollToElement$2.call(Unknown Source)&#xD;
	at utilities.SafeActions.safeType(SafeActions.groovy:67)&#xD;
	at utilities.SafeActions.invokeMethod(SafeActions.groovy)&#xD;
	at com.kms.katalon.core.main.CustomKeywordDelegatingMetaClass.invokeStaticMethod(CustomKeywordDelegatingMetaClass.java:50)&#xD;
	at TC_1st_Pay_Vault_001.run(TC_1st_Pay_Vault_001:62)&#xD;
	at com.kms.katalon.core.main.ScriptEngine.run(ScriptEngine.java:194)&#xD;
	at com.kms.katalon.core.main.ScriptEngine.runScriptAsRawText(ScriptEngine.java:119)&#xD;
	at com.kms.katalon.core.main.TestCaseExecutor.runScript(TestCaseExecutor.java:337)&#xD;
	at com.kms.katalon.core.main.TestCaseExecutor.doExecute(TestCaseExecutor.java:328)&#xD;
	at com.kms.katalon.core.main.TestCaseExecutor.processExecutionPhase(TestCaseExecutor.java:307)&#xD;
	at com.kms.katalon.core.main.TestCaseExecutor.accessMainPhase(TestCaseExecutor.java:299)&#xD;
	at com.kms.katalon.core.main.TestCaseExecutor.execute(TestCaseExecutor.java:233)&#xD;
	at com.kms.katalon.core.main.TestSuiteExecutor.accessTestCaseMainPhase(TestSuiteExecutor.java:169)&#xD;
	at com.kms.katalon.core.main.TestSuiteExecutor.accessTestSuiteMainPhase(TestSuiteExecutor.java:142)&#xD;
	at com.kms.katalon.core.main.TestSuiteExecutor.execute(TestSuiteExecutor.java:91)&#xD;
	at com.kms.katalon.core.main.TestCaseMain.startTestSuite(TestCaseMain.java:157)&#xD;
	at com.kms.katalon.core.main.TestCaseMain$startTestSuite$0.call(Unknown Source)&#xD;
	at TempTestSuite1572343764272.run(TempTestSuite1572343764272.groovy:35)&#xD;
Caused by: com.kms.katalon.core.webui.exception.WebElementNotFoundException: Web element with id: 'Object Repository/Pages/FirstPayVault/input_PostalCode' located by 'By.xpath: //form[@id='form-first-pay-credit-card-billing-address']//input[@id='text-cardholder-verification-postal-code']' not found&#xD;
	at com.kms.katalon.core.webui.common.WebUiCommonHelper.findWebElement(WebUiCommonHelper.java:1097)&#xD;
	at com.kms.katalon.core.webui.keyword.internal.WebUIAbstractKeyword.findWebElement(WebUIAbstractKeyword.groovy:27)&#xD;
	at com.kms.katalon.core.webui.keyword.internal.WebUIAbstractKeyword.findWebElement(WebUIAbstractKeyword.groovy:26)&#xD;
	at com.kms.katalon.core.webui.keyword.builtin.ScrollToElementKeyword$_scrollToElement_closure1.doCall(ScrollToElementKeyword.groovy:79)&#xD;
	at com.kms.katalon.core.webui.keyword.builtin.ScrollToElementKeyword$_scrollToElement_closure1.call(ScrollToElementKeyword.groovy)&#xD;
	at com.kms.katalon.core.webui.keyword.internal.WebUIKeywordMain.runKeyword(WebUIKeywordMain.groovy:20)&#xD;
	at com.kms.katalon.core.webui.keyword.builtin.ScrollToElementKeyword.scrollToElement(ScrollToElementKeyword.groovy:88)&#xD;
	at com.kms.katalon.core.webui.keyword.builtin.ScrollToElementKeyword.execute(ScrollToElementKeyword.groovy:68)&#xD;
	at com.kms.katalon.core.keyword.internal.KeywordExecutor.executeKeywordForPlatform(KeywordExecutor.groovy:56)&#xD;
	at com.kms.katalon.core.webui.keyword.WebUiBuiltInKeywords.scrollToElement(WebUiBuiltInKeywords.groovy:2975)&#xD;
	at com.kms.katalon.core.webui.keyword.WebUiBuiltInKeywords$scrollToElement$2.call(Unknown Source)&#xD;
	at utilities.SafeActions.safeType(SafeActions.groovy:67)&#xD;
	at utilities.SafeActions.invokeMethod(SafeActions.groovy)&#xD;
	at com.kms.katalon.core.main.CustomKeywordDelegatingMetaClass.invokeStaticMethod(CustomKeywordDelegatingMetaClass.java:50)&#xD;
	at Script1568366871628.run(Script1568366871628.groovy:62)&#xD;
	... 13 more&#xD;
)&#xD;
[[ATTACHMENT|C:\\VPOS_Internal\\VPOS_Internal\\Reports\\20191029_050924\\FirstView\\1stPayVault\\20191029_050924\\1572344427403.png]]&#xD;
&#xD;
2019-10-29 05:20:27 - [MESSAGE][ERROR] - com.kms.katalon.core.exception.StepErrorException: unable to enter76102 in Enter Postal Code in time -60seconds&#xD;
&#xD;
2019-10-29 05:20:27 - [TEST_STEP][ERROR] - utilities.SafeActions.safeType(findTestObject("Pages/FirstPayVault/input_Address"), address, "Enter ddress", [PageLoadTime]): com.kms.katalon.core.exception.StepErrorException: unable to enterStreet123 in Enter ddress in time -60seconds&#xD;
&#xD;
2019-10-29 05:21:12 - [MESSAGE][WARNING] - Cannot take screenshot&#xD;
&#xD;
2019-10-29 05:21:12 - [MESSAGE][FAILED] - Unable to wait for object 'Object Repository/Pages/FirstPayVault/input_Address' to be present (Root cause: com.kms.katalon.core.exception.StepFailedException: Unable to wait for object 'Object Repository/Pages/FirstPayVault/input_Address' to be present&#xD;
	at com.kms.katalon.core.webui.keyword.internal.WebUIKeywordMain.stepFailed(WebUIKeywordMain.groovy:64)&#xD;
	at com.kms.katalon.core.webui.keyword.internal.WebUIKeywordMain.runKeyword(WebUIKeywordMain.groovy:26)&#xD;
	at com.kms.katalon.core.webui.keyword.builtin.WaitForElementPresentKeyword.waitForElementPresent(WaitForElementPresentKeyword.groovy:95)&#xD;
	at com.kms.katalon.core.webui.keyword.builtin.WaitForElementPresentKeyword.execute(WaitForElementPresentKeyword.groovy:68)&#xD;
	at com.kms.katalon.core.keyword.internal.KeywordExecutor.executeKeywordForPlatform(KeywordExecutor.groovy:56)&#xD;
	at com.kms.katalon.core.webui.keyword.WebUiBuiltInKeywords.waitForElementPresent(WebUiBuiltInKeywords.groovy:343)&#xD;
	at com.kms.katalon.core.webui.keyword.WebUiBuiltInKeywords$waitForElementPresent$1.call(Unknown Source)&#xD;
	at utilities.SafeActions.safeType(SafeActions.groovy:65)&#xD;
	at utilities.SafeActions.invokeMethod(SafeActions.groovy)&#xD;
	at com.kms.katalon.core.main.CustomKeywordDelegatingMetaClass.invokeStaticMethod(CustomKeywordDelegatingMetaClass.java:50)&#xD;
	at TC_1st_Pay_Vault_001.run(TC_1st_Pay_Vault_001:65)&#xD;
	at com.kms.katalon.core.main.ScriptEngine.run(ScriptEngine.java:194)&#xD;
	at com.kms.katalon.core.main.ScriptEngine.runScriptAsRawText(ScriptEngine.java:119)&#xD;
	at com.kms.katalon.core.main.TestCaseExecutor.runScript(TestCaseExecutor.java:337)&#xD;
	at com.kms.katalon.core.main.TestCaseExecutor.doExecute(TestCaseExecutor.java:328)&#xD;
	at com.kms.katalon.core.main.TestCaseExecutor.processExecutionPhase(TestCaseExecutor.java:307)&#xD;
	at com.kms.katalon.core.main.TestCaseExecutor.accessMainPhase(TestCaseExecutor.java:299)&#xD;
	at com.kms.katalon.core.main.TestCaseExecutor.execute(TestCaseExecutor.java:233)&#xD;
	at com.kms.katalon.core.main.TestSuiteExecutor.accessTestCaseMainPhase(TestSuiteExecutor.java:169)&#xD;
	at com.kms.katalon.core.main.TestSuiteExecutor.accessTestSuiteMainPhase(TestSuiteExecutor.java:142)&#xD;
	at com.kms.katalon.core.main.TestSuiteExecutor.execute(TestSuiteExecutor.java:91)&#xD;
	at com.kms.katalon.core.main.TestCaseMain.startTestSuite(TestCaseMain.java:157)&#xD;
	at com.kms.katalon.core.main.TestCaseMain$startTestSuite$0.call(Unknown Source)&#xD;
	at TempTestSuite1572343764272.run(TempTestSuite1572343764272.groovy:35)&#xD;
Caused by: org.openqa.selenium.WebDriverException: Failed to decode response from marionette
Build info: version: '3.141.59', revision: 'e82be7d358', time: '2018-11-14T08:25:53'
System info: host: 'FW1-D-DTA-ZENQ1', ip: '172.25.52.168', os.name: 'Windows 10', os.arch: 'amd64', os.version: '10.0', java.version: '1.8.0_181'
Driver info: com.kms.katalon.core.webui.driver.firefox.CGeckoDriver
Capabilities {acceptInsecureCerts: true, browserName: firefox, browserVersion: 68.0.2, javascriptEnabled: true, moz:accessibilityChecks: false, moz:buildID: 20190813150448, moz:geckodriverVersion: 0.23.0, moz:headless: false, moz:processID: 356844, moz:profile: C:\Users\venkata.annam\AppD..., moz:shutdownTimeout: 60000, moz:useNonSpecCompliantPointerOrigin: false, moz:webdriverClick: true, pageLoadStrategy: normal, platform: WINDOWS, platformName: WINDOWS, platformVersion: 10.0, proxy: Proxy(direct), rotatable: false, setWindowRect: true, strictFileInteractability: false, timeouts: {implicit: 0, pageLoad: 300000, script: 30000}, unhandledPromptBehavior: dismiss and notify}
Session ID: f296087a-e625-47d2-b9e0-cf764c128a1d
*** Element info: {Using=xpath, value=//form[@id='form-first-pay-credit-card-billing-address']//input[@id='text-cardholder-verification-address']}&#xD;
	at org.openqa.selenium.remote.http.W3CHttpResponseCodec.createException(W3CHttpResponseCodec.java:187)&#xD;
	at org.openqa.selenium.remote.http.W3CHttpResponseCodec.decode(W3CHttpResponseCodec.java:122)&#xD;
	at org.openqa.selenium.remote.http.W3CHttpResponseCodec.decode(W3CHttpResponseCodec.java:49)&#xD;
	at org.openqa.selenium.remote.HttpCommandExecutor.execute(HttpCommandExecutor.java:158)&#xD;
	at org.openqa.selenium.remote.service.DriverCommandExecutor.execute(DriverCommandExecutor.java:83)&#xD;
	at org.openqa.selenium.remote.RemoteWebDriver.execute(RemoteWebDriver.java:552)&#xD;
	at com.kms.katalon.selenium.driver.CFirefoxDriver.execute(CFirefoxDriver.java:28)&#xD;
	at org.openqa.selenium.remote.RemoteWebDriver.findElements(RemoteWebDriver.java:353)&#xD;
	at org.openqa.selenium.remote.RemoteWebDriver.findElementsByXPath(RemoteWebDriver.java:432)&#xD;
	at org.openqa.selenium.By$ByXPath.findElements(By.java:348)&#xD;
	at org.openqa.selenium.remote.RemoteWebDriver.findElements(RemoteWebDriver.java:311)&#xD;
	at com.kms.katalon.core.webui.common.WebUiCommonHelper.findWebElements(WebUiCommonHelper.java:761)&#xD;
	at com.kms.katalon.core.webui.common.WebUiCommonHelper.findWebElement(WebUiCommonHelper.java:1093)&#xD;
	at com.kms.katalon.core.webui.keyword.internal.WebUIAbstractKeyword.findWebElement(WebUIAbstractKeyword.groovy:27)&#xD;
	at com.kms.katalon.core.webui.keyword.builtin.WaitForElementPresentKeyword$_waitForElementPresent_closure1.doCall(WaitForElementPresentKeyword.groovy:81)&#xD;
	at com.kms.katalon.core.webui.keyword.builtin.WaitForElementPresentKeyword$_waitForElementPresent_closure1.call(WaitForElementPresentKeyword.groovy)&#xD;
	at com.kms.katalon.core.webui.keyword.internal.WebUIKeywordMain.runKeyword(WebUIKeywordMain.groovy:20)&#xD;
	at com.kms.katalon.core.webui.keyword.builtin.WaitForElementPresentKeyword.waitForElementPresent(WaitForElementPresentKeyword.groovy:95)&#xD;
	at com.kms.katalon.core.webui.keyword.builtin.WaitForElementPresentKeyword.execute(WaitForElementPresentKeyword.groovy:68)&#xD;
	at com.kms.katalon.core.keyword.internal.KeywordExecutor.executeKeywordForPlatform(KeywordExecutor.groovy:56)&#xD;
	at com.kms.katalon.core.webui.keyword.WebUiBuiltInKeywords.waitForElementPresent(WebUiBuiltInKeywords.groovy:343)&#xD;
	at com.kms.katalon.core.webui.keyword.WebUiBuiltInKeywords$waitForElementPresent$1.call(Unknown Source)&#xD;
	at utilities.SafeActions.safeType(SafeActions.groovy:65)&#xD;
	at utilities.SafeActions.invokeMethod(SafeActions.groovy)&#xD;
	at com.kms.katalon.core.main.CustomKeywordDelegatingMetaClass.invokeStaticMethod(CustomKeywordDelegatingMetaClass.java:50)&#xD;
	at Script1568366871628.run(Script1568366871628.groovy:65)&#xD;
	... 13 more&#xD;
)&#xD;
&#xD;
2019-10-29 05:21:12 - [MESSAGE][ERROR] - com.kms.katalon.core.exception.StepErrorException: unable to enterStreet123 in Enter ddress in time -60seconds&#xD;
&#xD;
2019-10-29 05:21:12 - [TEST_STEP][FAILED] - utilities.SafeActions.safeCheckForElement(findTestObject("Pages/FirstPayVault/chekBox_AddShippingInformation"), PageLoadTime): Cannot take screenshot&#xD;
&#xD;
2019-10-29 05:21:12 - [MESSAGE][WARNING] - Cannot take screenshot&#xD;
&#xD;
2019-10-29 05:21:12 - [MESSAGE][FAILED] - Unable to wait for object 'Object Repository/Pages/FirstPayVault/chekBox_AddShippingInformation' to be present (Root cause: com.kms.katalon.core.exception.StepFailedException: Unable to wait for object 'Object Repository/Pages/FirstPayVault/chekBox_AddShippingInformation' to be present&#xD;
	at com.kms.katalon.core.webui.keyword.internal.WebUIKeywordMain.stepFailed(WebUIKeywordMain.groovy:64)&#xD;
	at com.kms.katalon.core.webui.keyword.internal.WebUIKeywordMain.runKeyword(WebUIKeywordMain.groovy:26)&#xD;
	at com.kms.katalon.core.webui.keyword.builtin.WaitForElementPresentKeyword.waitForElementPresent(WaitForElementPresentKeyword.groovy:95)&#xD;
	at com.kms.katalon.core.webui.keyword.builtin.WaitForElementPresentKeyword.execute(WaitForElementPresentKeyword.groovy:68)&#xD;
	at com.kms.katalon.core.keyword.internal.KeywordExecutor.executeKeywordForPlatform(KeywordExecutor.groovy:56)&#xD;
	at com.kms.katalon.core.webui.keyword.WebUiBuiltInKeywords.waitForElementPresent(WebUiBuiltInKeywords.groovy:343)&#xD;
	at com.kms.katalon.core.webui.keyword.WebUiBuiltInKeywords$waitForElementPresent$1.call(Unknown Source)&#xD;
	at utilities.SafeActions.safeCheckForElement(SafeActions.groovy:259)&#xD;
	at utilities.SafeActions.invokeMethod(SafeActions.groovy)&#xD;
	at com.kms.katalon.core.main.CustomKeywordDelegatingMetaClass.invokeStaticMethod(CustomKeywordDelegatingMetaClass.java:50)&#xD;
	at TC_1st_Pay_Vault_001.run(TC_1st_Pay_Vault_001:67)&#xD;
	at com.kms.katalon.core.main.ScriptEngine.run(ScriptEngine.java:194)&#xD;
	at com.kms.katalon.core.main.ScriptEngine.runScriptAsRawText(ScriptEngine.java:119)&#xD;
	at com.kms.katalon.core.main.TestCaseExecutor.runScript(TestCaseExecutor.java:337)&#xD;
	at com.kms.katalon.core.main.TestCaseExecutor.doExecute(TestCaseExecutor.java:328)&#xD;
	at com.kms.katalon.core.main.TestCaseExecutor.processExecutionPhase(TestCaseExecutor.java:307)&#xD;
	at com.kms.katalon.core.main.TestCaseExecutor.accessMainPhase(TestCaseExecutor.java:299)&#xD;
	at com.kms.katalon.core.main.TestCaseExecutor.execute(TestCaseExecutor.java:233)&#xD;
	at com.kms.katalon.core.main.TestSuiteExecutor.accessTestCaseMainPhase(TestSuiteExecutor.java:169)&#xD;
	at com.kms.katalon.core.main.TestSuiteExecutor.accessTestSuiteMainPhase(TestSuiteExecutor.java:142)&#xD;
	at com.kms.katalon.core.main.TestSuiteExecutor.execute(TestSuiteExecutor.java:91)&#xD;
	at com.kms.katalon.core.main.TestCaseMain.startTestSuite(TestCaseMain.java:157)&#xD;
	at com.kms.katalon.core.main.TestCaseMain$startTestSuite$0.call(Unknown Source)&#xD;
	at TempTestSuite1572343764272.run(TempTestSuite1572343764272.groovy:35)&#xD;
Caused by: org.openqa.selenium.NoSuchSessionException: Tried to run command without establishing a connection
Build info: version: '3.141.59', revision: 'e82be7d358', time: '2018-11-14T08:25:53'
System info: host: 'FW1-D-DTA-ZENQ1', ip: '172.25.52.168', os.name: 'Windows 10', os.arch: 'amd64', os.version: '10.0', java.version: '1.8.0_181'
Driver info: com.kms.katalon.core.webui.driver.firefox.CGeckoDriver
Capabilities {acceptInsecureCerts: true, browserName: firefox, browserVersion: 68.0.2, javascriptEnabled: true, moz:accessibilityChecks: false, moz:buildID: 20190813150448, moz:geckodriverVersion: 0.23.0, moz:headless: false, moz:processID: 356844, moz:profile: C:\Users\venkata.annam\AppD..., moz:shutdownTimeout: 60000, moz:useNonSpecCompliantPointerOrigin: false, moz:webdriverClick: true, pageLoadStrategy: normal, platform: WINDOWS, platformName: WINDOWS, platformVersion: 10.0, proxy: Proxy(direct), rotatable: false, setWindowRect: true, strictFileInteractability: false, timeouts: {implicit: 0, pageLoad: 300000, script: 30000}, unhandledPromptBehavior: dismiss and notify}
Session ID: f296087a-e625-47d2-b9e0-cf764c128a1d
*** Element info: {Using=xpath, value=//label[@for='checkbox-shipping-info']}&#xD;
	at org.openqa.selenium.remote.http.W3CHttpResponseCodec.createException(W3CHttpResponseCodec.java:187)&#xD;
	at org.openqa.selenium.remote.http.W3CHttpResponseCodec.decode(W3CHttpResponseCodec.java:122)&#xD;
	at org.openqa.selenium.remote.http.W3CHttpResponseCodec.decode(W3CHttpResponseCodec.java:49)&#xD;
	at org.openqa.selenium.remote.HttpCommandExecutor.execute(HttpCommandExecutor.java:158)&#xD;
	at org.openqa.selenium.remote.service.DriverCommandExecutor.execute(DriverCommandExecutor.java:83)&#xD;
	at org.openqa.selenium.remote.RemoteWebDriver.execute(RemoteWebDriver.java:552)&#xD;
	at com.kms.katalon.selenium.driver.CFirefoxDriver.execute(CFirefoxDriver.java:28)&#xD;
	at org.openqa.selenium.remote.RemoteWebDriver.findElements(RemoteWebDriver.java:353)&#xD;
	at org.openqa.selenium.remote.RemoteWebDriver.findElementsByXPath(RemoteWebDriver.java:432)&#xD;
	at org.openqa.selenium.By$ByXPath.findElements(By.java:348)&#xD;
	at org.openqa.selenium.remote.RemoteWebDriver.findElements(RemoteWebDriver.java:311)&#xD;
	at com.kms.katalon.core.webui.common.WebUiCommonHelper.findWebElements(WebUiCommonHelper.java:761)&#xD;
	at com.kms.katalon.core.webui.common.WebUiCommonHelper.findWebElement(WebUiCommonHelper.java:1093)&#xD;
	at com.kms.katalon.core.webui.keyword.internal.WebUIAbstractKeyword.findWebElement(WebUIAbstractKeyword.groovy:27)&#xD;
	at com.kms.katalon.core.webui.keyword.builtin.WaitForElementPresentKeyword$_waitForElementPresent_closure1.doCall(WaitForElementPresentKeyword.groovy:81)&#xD;
	at com.kms.katalon.core.webui.keyword.builtin.WaitForElementPresentKeyword$_waitForElementPresent_closure1.call(WaitForElementPresentKeyword.groovy)&#xD;
	at com.kms.katalon.core.webui.keyword.internal.WebUIKeywordMain.runKeyword(WebUIKeywordMain.groovy:20)&#xD;
	at com.kms.katalon.core.webui.keyword.builtin.WaitForElementPresentKeyword.waitForElementPresent(WaitForElementPresentKeyword.groovy:95)&#xD;
	at com.kms.katalon.core.webui.keyword.builtin.WaitForElementPresentKeyword.execute(WaitForElementPresentKeyword.groovy:68)&#xD;
	at com.kms.katalon.core.keyword.internal.KeywordExecutor.executeKeywordForPlatform(KeywordExecutor.groovy:56)&#xD;
	at com.kms.katalon.core.webui.keyword.WebUiBuiltInKeywords.waitForElementPresent(WebUiBuiltInKeywords.groovy:343)&#xD;
	at com.kms.katalon.core.webui.keyword.WebUiBuiltInKeywords$waitForElementPresent$1.call(Unknown Source)&#xD;
	at utilities.SafeActions.safeCheckForElement(SafeActions.groovy:259)&#xD;
	at utilities.SafeActions.invokeMethod(SafeActions.groovy)&#xD;
	at com.kms.katalon.core.main.CustomKeywordDelegatingMetaClass.invokeStaticMethod(CustomKeywordDelegatingMetaClass.java:50)&#xD;
	at Script1568366871628.run(Script1568366871628.groovy:67)&#xD;
	... 13 more&#xD;
)&#xD;
&#xD;
2019-10-29 05:21:12 - [MESSAGE][WARNING] - Cannot take screenshot&#xD;
&#xD;
2019-10-29 05:21:12 - [MESSAGE][FAILED] - Cannot take screenshot (Root cause: com.kms.katalon.core.exception.StepFailedException: Cannot take screenshot&#xD;
	at com.kms.katalon.core.webui.keyword.internal.WebUIKeywordMain.stepFailed(WebUIKeywordMain.groovy:64)&#xD;
	at com.kms.katalon.core.webui.keyword.internal.WebUIKeywordMain.runKeyword(WebUIKeywordMain.groovy:26)&#xD;
	at com.kms.katalon.core.webui.keyword.builtin.TakeScreenshotKeyword.takeScreenshot(TakeScreenshotKeyword.groovy:88)&#xD;
	at com.kms.katalon.core.webui.keyword.builtin.TakeScreenshotKeyword.execute(TakeScreenshotKeyword.groovy:71)&#xD;
	at com.kms.katalon.core.keyword.internal.KeywordExecutor.executeKeywordForPlatform(KeywordExecutor.groovy:56)&#xD;
	at com.kms.katalon.core.webui.keyword.WebUiBuiltInKeywords.takeScreenshot(WebUiBuiltInKeywords.groovy:2881)&#xD;
	at com.kms.katalon.core.webui.keyword.WebUiBuiltInKeywords$takeScreenshot$11.call(Unknown Source)&#xD;
	at utilities.SafeActions.safeCheckForElement(SafeActions.groovy:271)&#xD;
	at utilities.SafeActions.invokeMethod(SafeActions.groovy)&#xD;
	at com.kms.katalon.core.main.CustomKeywordDelegatingMetaClass.invokeStaticMethod(CustomKeywordDelegatingMetaClass.java:50)&#xD;
	at TC_1st_Pay_Vault_001.run(TC_1st_Pay_Vault_001:67)&#xD;
	at com.kms.katalon.core.main.ScriptEngine.run(ScriptEngine.java:194)&#xD;
	at com.kms.katalon.core.main.ScriptEngine.runScriptAsRawText(ScriptEngine.java:119)&#xD;
	at com.kms.katalon.core.main.TestCaseExecutor.runScript(TestCaseExecutor.java:337)&#xD;
	at com.kms.katalon.core.main.TestCaseExecutor.doExecute(TestCaseExecutor.java:328)&#xD;
	at com.kms.katalon.core.main.TestCaseExecutor.processExecutionPhase(TestCaseExecutor.java:307)&#xD;
	at com.kms.katalon.core.main.TestCaseExecutor.accessMainPhase(TestCaseExecutor.java:299)&#xD;
	at com.kms.katalon.core.main.TestCaseExecutor.execute(TestCaseExecutor.java:233)&#xD;
	at com.kms.katalon.core.main.TestSuiteExecutor.accessTestCaseMainPhase(TestSuiteExecutor.java:169)&#xD;
	at com.kms.katalon.core.main.TestSuiteExecutor.accessTestSuiteMainPhase(TestSuiteExecutor.java:142)&#xD;
	at com.kms.katalon.core.main.TestSuiteExecutor.execute(TestSuiteExecutor.java:91)&#xD;
	at com.kms.katalon.core.main.TestCaseMain.startTestSuite(TestCaseMain.java:157)&#xD;
	at com.kms.katalon.core.main.TestCaseMain$startTestSuite$0.call(Unknown Source)&#xD;
	at TempTestSuite1572343764272.run(TempTestSuite1572343764272.groovy:35)&#xD;
Caused by: org.openqa.selenium.NoSuchSessionException: Tried to run command without establishing a connection
Build info: version: '3.141.59', revision: 'e82be7d358', time: '2018-11-14T08:25:53'
System info: host: 'FW1-D-DTA-ZENQ1', ip: '172.25.52.168', os.name: 'Windows 10', os.arch: 'amd64', os.version: '10.0', java.version: '1.8.0_181'
Driver info: com.kms.katalon.core.webui.driver.firefox.CGeckoDriver
Capabilities {acceptInsecureCerts: true, browserName: firefox, browserVersion: 68.0.2, javascriptEnabled: true, moz:accessibilityChecks: false, moz:buildID: 20190813150448, moz:geckodriverVersion: 0.23.0, moz:headless: false, moz:processID: 356844, moz:profile: C:\Users\venkata.annam\AppD..., moz:shutdownTimeout: 60000, moz:useNonSpecCompliantPointerOrigin: false, moz:webdriverClick: true, pageLoadStrategy: normal, platform: WINDOWS, platformName: WINDOWS, platformVersion: 10.0, proxy: Proxy(direct), rotatable: false, setWindowRect: true, strictFileInteractability: false, timeouts: {implicit: 0, pageLoad: 300000, script: 30000}, unhandledPromptBehavior: dismiss and notify}
Session ID: f296087a-e625-47d2-b9e0-cf764c128a1d&#xD;
	at org.openqa.selenium.remote.http.W3CHttpResponseCodec.createException(W3CHttpResponseCodec.java:187)&#xD;
	at org.openqa.selenium.remote.http.W3CHttpResponseCodec.decode(W3CHttpResponseCodec.java:122)&#xD;
	at org.openqa.selenium.remote.http.W3CHttpResponseCodec.decode(W3CHttpResponseCodec.java:49)&#xD;
	at org.openqa.selenium.remote.HttpCommandExecutor.execute(HttpCommandExecutor.java:158)&#xD;
	at org.openqa.selenium.remote.service.DriverCommandExecutor.execute(DriverCommandExecutor.java:83)&#xD;
	at org.openqa.selenium.remote.RemoteWebDriver.execute(RemoteWebDriver.java:552)&#xD;
	at com.kms.katalon.selenium.driver.CFirefoxDriver.execute(CFirefoxDriver.java:28)&#xD;
	at org.openqa.selenium.remote.RemoteWebDriver.execute(RemoteWebDriver.java:609)&#xD;
	at org.openqa.selenium.remote.RemoteWebDriver.getScreenshotAs(RemoteWebDriver.java:295)&#xD;
	at com.kms.katalon.core.webui.util.FileUtil.takesScreenshot(FileUtil.java:27)&#xD;
	at com.kms.katalon.core.webui.keyword.builtin.TakeScreenshotKeyword$_takeScreenshot_closure1.doCall(TakeScreenshotKeyword.groovy:89)&#xD;
	at com.kms.katalon.core.webui.keyword.builtin.TakeScreenshotKeyword$_takeScreenshot_closure1.call(TakeScreenshotKeyword.groovy)&#xD;
	at com.kms.katalon.core.webui.keyword.internal.WebUIKeywordMain.runKeyword(WebUIKeywordMain.groovy:20)&#xD;
	at com.kms.katalon.core.webui.keyword.builtin.TakeScreenshotKeyword.takeScreenshot(TakeScreenshotKeyword.groovy:88)&#xD;
	at com.kms.katalon.core.webui.keyword.builtin.TakeScreenshotKeyword.execute(TakeScreenshotKeyword.groovy:71)&#xD;
	at com.kms.katalon.core.keyword.internal.KeywordExecutor.executeKeywordForPlatform(KeywordExecutor.groovy:56)&#xD;
	at com.kms.katalon.core.webui.keyword.WebUiBuiltInKeywords.takeScreenshot(WebUiBuiltInKeywords.groovy:2881)&#xD;
	at com.kms.katalon.core.webui.keyword.WebUiBuiltInKeywords$takeScreenshot$11.call(Unknown Source)&#xD;
	at utilities.SafeActions.safeCheckForElement(SafeActions.groovy:271)&#xD;
	at utilities.SafeActions.invokeMethod(SafeActions.groovy)&#xD;
	at com.kms.katalon.core.main.CustomKeywordDelegatingMetaClass.invokeStaticMethod(CustomKeywordDelegatingMetaClass.java:50)&#xD;
	at Script1568366871628.run(Script1568366871628.groovy:67)&#xD;
	... 13 more&#xD;
)&#xD;
&#xD;
2019-10-29 05:21:12 - [MESSAGE][FAILED] - Cannot take screenshot&#xD;
&#xD;
2019-10-29 05:21:12 - [TEST_STEP][ERROR] - Start listener action : sampleAfterTestCase: com.kms.katalon.core.exception.StepFailedException: Cannot take screenshot&#xD;
&#xD;
2019-10-29 05:21:12 - [TEST_STEP][PASSED] - println(testCaseContext.getTestCaseId()): null&#xD;
&#xD;
2019-10-29 05:21:12 - [TEST_STEP][PASSED] - println(testCaseContext.getTestCaseStatus()): null&#xD;
&#xD;
2019-10-29 05:21:12 - [TEST_STEP][PASSED] - testCaseName = testCaseContext.getTestCaseId(): null&#xD;
&#xD;
2019-10-29 05:21:12 - [TEST_STEP][PASSED] - strCount = testCaseName.lastIndexOf("/"): null&#xD;
&#xD;
2019-10-29 05:21:12 - [TEST_STEP][PASSED] - testCaseName = testCaseName.substring(strCount): null&#xD;
&#xD;
2019-10-29 05:21:12 - [TEST_STEP][PASSED] - println(testCaseName): null&#xD;
&#xD;
2019-10-29 05:21:12 - [TEST_STEP][ERROR] - if (getTestCaseStatus().equalsIgnoreCase("Error")): com.kms.katalon.core.exception.StepFailedException: Cannot take screenshot&#xD;
&#xD;
2019-10-29 05:21:12 - [TEST_STEP][ERROR] - takeScreenshot(getReportFolder() + "/Screenshots/" + testCaseName + ".png"): com.kms.katalon.core.exception.StepFailedException: Cannot take screenshot&#xD;
&#xD;
2019-10-29 05:21:12 - [MESSAGE][WARNING] - Cannot take screenshot&#xD;
&#xD;
2019-10-29 05:21:12 - [MESSAGE][FAILED] - Cannot take screenshot (Root cause: com.kms.katalon.core.exception.StepFailedException: Cannot take screenshot&#xD;
	at com.kms.katalon.core.webui.keyword.internal.WebUIKeywordMain.stepFailed(WebUIKeywordMain.groovy:64)&#xD;
	at com.kms.katalon.core.webui.keyword.internal.WebUIKeywordMain.runKeyword(WebUIKeywordMain.groovy:26)&#xD;
	at com.kms.katalon.core.webui.keyword.builtin.TakeScreenshotKeyword.takeScreenshot(TakeScreenshotKeyword.groovy:88)&#xD;
	at com.kms.katalon.core.webui.keyword.builtin.TakeScreenshotKeyword.execute(TakeScreenshotKeyword.groovy:71)&#xD;
	at com.kms.katalon.core.keyword.internal.KeywordExecutor.executeKeywordForPlatform(KeywordExecutor.groovy:56)&#xD;
	at com.kms.katalon.core.webui.keyword.WebUiBuiltInKeywords.takeScreenshot(WebUiBuiltInKeywords.groovy:2881)&#xD;
	at com.kms.katalon.core.webui.keyword.WebUiBuiltInKeywords$takeScreenshot$11.call(Unknown Source)&#xD;
	at NewTestListener_1.sampleAfterTestCase(NewTestListener_1.groovy:49)&#xD;
	at NewTestListener_1.invokeMethod(NewTestListener_1.groovy)&#xD;
	at com.kms.katalon.core.context.internal.TestHooker.invokeMethod(TestHooker.java:111)&#xD;
	at com.kms.katalon.core.context.internal.TestHooker.lambda$3(TestHooker.java:95)&#xD;
	at com.kms.katalon.core.context.internal.TestHooker.invokeContextMethods(TestHooker.java:94)&#xD;
	at com.kms.katalon.core.context.internal.TestListenerCollector.lambda$3(TestListenerCollector.java:88)&#xD;
	at com.kms.katalon.core.context.internal.TestListenerCollector.handleListenerEvent(TestListenerCollector.java:85)&#xD;
	at com.kms.katalon.core.context.internal.ExecutionEventManager.publicEvent(ExecutionEventManager.java:36)&#xD;
	at com.kms.katalon.core.main.TestCaseExecutor.execute(TestCaseExecutor.java:249)&#xD;
	at com.kms.katalon.core.main.TestSuiteExecutor.accessTestCaseMainPhase(TestSuiteExecutor.java:169)&#xD;
	at com.kms.katalon.core.main.TestSuiteExecutor.accessTestSuiteMainPhase(TestSuiteExecutor.java:142)&#xD;
	at com.kms.katalon.core.main.TestSuiteExecutor.execute(TestSuiteExecutor.java:91)&#xD;
	at com.kms.katalon.core.main.TestCaseMain.startTestSuite(TestCaseMain.java:157)&#xD;
	at com.kms.katalon.core.main.TestCaseMain$startTestSuite$0.call(Unknown Source)&#xD;
	at TempTestSuite1572343764272.run(TempTestSuite1572343764272.groovy:35)&#xD;
Caused by: org.openqa.selenium.NoSuchSessionException: Tried to run command without establishing a connection
Build info: version: '3.141.59', revision: 'e82be7d358', time: '2018-11-14T08:25:53'
System info: host: 'FW1-D-DTA-ZENQ1', ip: '172.25.52.168', os.name: 'Windows 10', os.arch: 'amd64', os.version: '10.0', java.version: '1.8.0_181'
Driver info: com.kms.katalon.core.webui.driver.firefox.CGeckoDriver
Capabilities {acceptInsecureCerts: true, browserName: firefox, browserVersion: 68.0.2, javascriptEnabled: true, moz:accessibilityChecks: false, moz:buildID: 20190813150448, moz:geckodriverVersion: 0.23.0, moz:headless: false, moz:processID: 356844, moz:profile: C:\Users\venkata.annam\AppD..., moz:shutdownTimeout: 60000, moz:useNonSpecCompliantPointerOrigin: false, moz:webdriverClick: true, pageLoadStrategy: normal, platform: WINDOWS, platformName: WINDOWS, platformVersion: 10.0, proxy: Proxy(direct), rotatable: false, setWindowRect: true, strictFileInteractability: false, timeouts: {implicit: 0, pageLoad: 300000, script: 30000}, unhandledPromptBehavior: dismiss and notify}
Session ID: f296087a-e625-47d2-b9e0-cf764c128a1d&#xD;
	at org.openqa.selenium.remote.http.W3CHttpResponseCodec.createException(W3CHttpResponseCodec.java:187)&#xD;
	at org.openqa.selenium.remote.http.W3CHttpResponseCodec.decode(W3CHttpResponseCodec.java:122)&#xD;
	at org.openqa.selenium.remote.http.W3CHttpResponseCodec.decode(W3CHttpResponseCodec.java:49)&#xD;
	at org.openqa.selenium.remote.HttpCommandExecutor.execute(HttpCommandExecutor.java:158)&#xD;
	at org.openqa.selenium.remote.service.DriverCommandExecutor.execute(DriverCommandExecutor.java:83)&#xD;
	at org.openqa.selenium.remote.RemoteWebDriver.execute(RemoteWebDriver.java:552)&#xD;
	at com.kms.katalon.selenium.driver.CFirefoxDriver.execute(CFirefoxDriver.java:28)&#xD;
	at org.openqa.selenium.remote.RemoteWebDriver.execute(RemoteWebDriver.java:609)&#xD;
	at org.openqa.selenium.remote.RemoteWebDriver.getScreenshotAs(RemoteWebDriver.java:295)&#xD;
	at com.kms.katalon.core.webui.util.FileUtil.takesScreenshot(FileUtil.java:27)&#xD;
	at com.kms.katalon.core.webui.keyword.builtin.TakeScreenshotKeyword$_takeScreenshot_closure1.doCall(TakeScreenshotKeyword.groovy:89)&#xD;
	at com.kms.katalon.core.webui.keyword.builtin.TakeScreenshotKeyword$_takeScreenshot_closure1.call(TakeScreenshotKeyword.groovy)&#xD;
	at com.kms.katalon.core.webui.keyword.internal.WebUIKeywordMain.runKeyword(WebUIKeywordMain.groovy:20)&#xD;
	... 20 more&#xD;
)&#xD;
&#xD;
2019-10-29 05:21:12 - [MESSAGE][ERROR] - com.kms.katalon.core.exception.StepFailedException: Cannot take screenshot&#xD;
&#xD;
2019-10-29 05:21:12 - [TEST_STEP][PASSED] - Start listener action : sampleAfterTestCase: null</system-out>
            <system-err>2019-10-29 05:09:32 - [TEST_CASE][ERROR] - Test Cases/FirstView/FirstPayVault/TC_1st_Pay_Vault_001: Test Cases/FirstView/FirstPayVault/TC_1st_Pay_Vault_001 FAILED.
Reason:
com.kms.katalon.core.exception.StepErrorException: 1stPayVault.ts:Click on FirstPayVault tab is not clickable in time - 60seconds&#xD;
	at com.kms.katalon.core.util.KeywordUtil.markError(KeywordUtil.java:65)&#xD;
	at com.kms.katalon.core.util.KeywordUtil$markError$0.call(Unknown Source)&#xD;
	at utilities.SafeActions.safeClickWithoutScroll(SafeActions.groovy:146)&#xD;
	at utilities.SafeActions.invokeMethod(SafeActions.groovy)&#xD;
	at com.kms.katalon.core.main.CustomKeywordDelegatingMetaClass.invokeStaticMethod(CustomKeywordDelegatingMetaClass.java:50)&#xD;
	at TC_1st_Pay_Vault_001.run(TC_1st_Pay_Vault_001:34)&#xD;
	at com.kms.katalon.core.main.ScriptEngine.run(ScriptEngine.java:194)&#xD;
	at com.kms.katalon.core.main.ScriptEngine.runScriptAsRawText(ScriptEngine.java:119)&#xD;
	at com.kms.katalon.core.main.TestCaseExecutor.runScript(TestCaseExecutor.java:337)&#xD;
	at com.kms.katalon.core.main.TestCaseExecutor.doExecute(TestCaseExecutor.java:328)&#xD;
	at com.kms.katalon.core.main.TestCaseExecutor.processExecutionPhase(TestCaseExecutor.java:307)&#xD;
	at com.kms.katalon.core.main.TestCaseExecutor.accessMainPhase(TestCaseExecutor.java:299)&#xD;
	at com.kms.katalon.core.main.TestCaseExecutor.execute(TestCaseExecutor.java:233)&#xD;
	at com.kms.katalon.core.main.TestSuiteExecutor.accessTestCaseMainPhase(TestSuiteExecutor.java:169)&#xD;
	at com.kms.katalon.core.main.TestSuiteExecutor.accessTestSuiteMainPhase(TestSuiteExecutor.java:142)&#xD;
	at com.kms.katalon.core.main.TestSuiteExecutor.execute(TestSuiteExecutor.java:91)&#xD;
	at com.kms.katalon.core.main.TestCaseMain.startTestSuite(TestCaseMain.java:157)&#xD;
	at com.kms.katalon.core.main.TestCaseMain$startTestSuite$0.call(Unknown Source)&#xD;
	at TempTestSuite1572343764272.run(TempTestSuite1572343764272.groovy:35)</system-err>
        </testcase>
        <testcase name="Test Cases/FirstView/FirstPayVault/TC_1st_Pay_Vault_002" classname="Test Cases/FirstView/FirstPayVault/TC_1st_Pay_Vault_002" status="FAILED">
            <failure type="FAILED" message="Test Cases/FirstView/FirstPayVault/TC_1st_Pay_Vault_002 FAILED.&#xA;Reason:&#xA;com.kms.katalon.core.exception.StepFailedException: unable to open Browser with url:https://q-www-firstview-net.faps.net/MVC/Account/Login&#xD;&#xA;&#x9;at com.kms.katalon.core.util.KeywordUtil.markFailed(KeywordUtil.java:19)&#xD;&#xA;&#x9;at utilities.SafeActions.openBrowser(SafeActions.groovy:56)&#xD;&#xA;&#x9;at utilities.SafeActions.invokeMethod(SafeActions.groovy)&#xD;&#xA;&#x9;at com.kms.katalon.core.main.CustomKeywordDelegatingMetaClass.invokeStaticMethod(CustomKeywordDelegatingMetaClass.java:50)&#xD;&#xA;&#x9;at TC_1st_Pay_Vault_002.run(TC_1st_Pay_Vault_002:23)&#xD;&#xA;&#x9;at com.kms.katalon.core.main.ScriptEngine.run(ScriptEngine.java:194)&#xD;&#xA;&#x9;at com.kms.katalon.core.main.ScriptEngine.runScriptAsRawText(ScriptEngine.java:119)&#xD;&#xA;&#x9;at com.kms.katalon.core.main.TestCaseExecutor.runScript(TestCaseExecutor.java:337)&#xD;&#xA;&#x9;at com.kms.katalon.core.main.TestCaseExecutor.doExecute(TestCaseExecutor.java:328)&#xD;&#xA;&#x9;at com.kms.katalon.core.main.TestCaseExecutor.processExecutionPhase(TestCaseExecutor.java:307)&#xD;&#xA;&#x9;at com.kms.katalon.core.main.TestCaseExecutor.accessMainPhase(TestCaseExecutor.java:299)&#xD;&#xA;&#x9;at com.kms.katalon.core.main.TestCaseExecutor.execute(TestCaseExecutor.java:233)&#xD;&#xA;&#x9;at com.kms.katalon.core.main.TestSuiteExecutor.accessTestCaseMainPhase(TestSuiteExecutor.java:169)&#xD;&#xA;&#x9;at com.kms.katalon.core.main.TestSuiteExecutor.accessTestSuiteMainPhase(TestSuiteExecutor.java:142)&#xD;&#xA;&#x9;at com.kms.katalon.core.main.TestSuiteExecutor.execute(TestSuiteExecutor.java:91)&#xD;&#xA;&#x9;at com.kms.katalon.core.main.TestCaseMain.startTestSuite(TestCaseMain.java:157)&#xD;&#xA;&#x9;at com.kms.katalon.core.main.TestCaseMain$startTestSuite$0.call(Unknown Source)&#xD;&#xA;&#x9;at TempTestSuite1572343764272.run(TempTestSuite1572343764272.groovy:35)&#xD;&#xA;"/>
            <system-out>2019-10-29 05:21:12 - [TEST_CASE][FAILED] - Test Cases/FirstView/FirstPayVault/TC_1st_Pay_Vault_002: Test Cases/FirstView/FirstPayVault/TC_1st_Pay_Vault_002 FAILED.
Reason:
com.kms.katalon.core.exception.StepFailedException: unable to open Browser with url:https://q-www-firstview-net.faps.net/MVC/Account/Login&#xD;
	at com.kms.katalon.core.util.KeywordUtil.markFailed(KeywordUtil.java:19)&#xD;
	at utilities.SafeActions.openBrowser(SafeActions.groovy:56)&#xD;
	at utilities.SafeActions.invokeMethod(SafeActions.groovy)&#xD;
	at com.kms.katalon.core.main.CustomKeywordDelegatingMetaClass.invokeStaticMethod(CustomKeywordDelegatingMetaClass.java:50)&#xD;
	at TC_1st_Pay_Vault_002.run(TC_1st_Pay_Vault_002:23)&#xD;
	at com.kms.katalon.core.main.ScriptEngine.run(ScriptEngine.java:194)&#xD;
	at com.kms.katalon.core.main.ScriptEngine.runScriptAsRawText(ScriptEngine.java:119)&#xD;
	at com.kms.katalon.core.main.TestCaseExecutor.runScript(TestCaseExecutor.java:337)&#xD;
	at com.kms.katalon.core.main.TestCaseExecutor.doExecute(TestCaseExecutor.java:328)&#xD;
	at com.kms.katalon.core.main.TestCaseExecutor.processExecutionPhase(TestCaseExecutor.java:307)&#xD;
	at com.kms.katalon.core.main.TestCaseExecutor.accessMainPhase(TestCaseExecutor.java:299)&#xD;
	at com.kms.katalon.core.main.TestCaseExecutor.execute(TestCaseExecutor.java:233)&#xD;
	at com.kms.katalon.core.main.TestSuiteExecutor.accessTestCaseMainPhase(TestSuiteExecutor.java:169)&#xD;
	at com.kms.katalon.core.main.TestSuiteExecutor.accessTestSuiteMainPhase(TestSuiteExecutor.java:142)&#xD;
	at com.kms.katalon.core.main.TestSuiteExecutor.execute(TestSuiteExecutor.java:91)&#xD;
	at com.kms.katalon.core.main.TestCaseMain.startTestSuite(TestCaseMain.java:157)&#xD;
	at com.kms.katalon.core.main.TestCaseMain$startTestSuite$0.call(Unknown Source)&#xD;
	at TempTestSuite1572343764272.run(TempTestSuite1572343764272.groovy:35)&#xD;
&#xD;
&#xD;
2019-10-29 05:21:13 - [TEST_STEP][PASSED] - Start listener action : sampleBeforeTestCase: null&#xD;
&#xD;
2019-10-29 05:21:13 - [TEST_STEP][PASSED] - println(testCaseContext.getTestCaseId()): null&#xD;
&#xD;
2019-10-29 05:21:13 - [TEST_STEP][PASSED] - println(testCaseContext.getTestCaseVariables()): null&#xD;
&#xD;
2019-10-29 05:21:13 - [TEST_STEP][NOT_RUN] - utilities.SafeActions.openBrowser(Old_URL, [PageLoadTime]): NOT_RUN: utilities.SafeActions.openBrowser(Old_URL, [PageLoadTime])&#xD;
&#xD;
2019-10-29 05:21:13 - [MESSAGE][NOT_RUN] - NOT_RUN: utilities.SafeActions.openBrowser(Old_URL, [PageLoadTime])&#xD;
&#xD;
2019-10-29 05:21:13 - [TEST_STEP][NOT_RUN] - delay(6): NOT_RUN: delay(6)&#xD;
&#xD;
2019-10-29 05:21:13 - [MESSAGE][NOT_RUN] - NOT_RUN: delay(6)&#xD;
&#xD;
2019-10-29 05:21:13 - [TEST_STEP][NOT_RUN] - utilities.SafeActions.safeSelectOptionInDropDownByVisibleText(findTestObject("Pages/Sale/dropDown_AccountType"), "ranjanatest2 - 888814981372/001 Account Type: Retail", "Select by Value", [25]): NOT_RUN: utilities.SafeActions.safeSelectOptionInDropDownByVisibleText(findTestObject("Pages/Sale/dropDown_AccountType"), "ranjanatest2 - 888814981372/001 Account Type: Retail", "Select by Value", [25])&#xD;
&#xD;
2019-10-29 05:21:13 - [MESSAGE][NOT_RUN] - NOT_RUN: utilities.SafeActions.safeSelectOptionInDropDownByVisibleText(findTestObject("Pages/Sale/dropDown_AccountType"), "ranjanatest2 - 888814981372/001 Account Type: Retail", "Select by Value", [25])&#xD;
&#xD;
2019-10-29 05:21:13 - [TEST_STEP][FAILED] - utilities.SafeActions.openBrowser(URL, [PageLoadTime]): com.kms.katalon.core.exception.StepFailedException: unable to open Browser with url:https://q-www-firstview-net.faps.net/MVC/Account/Login&#xD;
&#xD;
2019-10-29 05:21:13 - [MESSAGE][INFO] - Opening Browser&#xD;
&#xD;
2019-10-29 05:21:13 - [MESSAGE][WARNING] - A browser is already opened. Closing browser and opening a new one&#xD;
&#xD;
2019-10-29 05:21:13 - [MESSAGE][FAILED] - Unable to open browser with url: 'https://q-www-firstview-net.faps.net/MVC/Account/Login' (Root cause: com.kms.katalon.core.exception.StepFailedException: Unable to open browser with url: 'https://q-www-firstview-net.faps.net/MVC/Account/Login'&#xD;
	at com.kms.katalon.core.webui.keyword.internal.WebUIKeywordMain.stepFailed(WebUIKeywordMain.groovy:64)&#xD;
	at com.kms.katalon.core.webui.keyword.internal.WebUIKeywordMain.runKeyword(WebUIKeywordMain.groovy:26)&#xD;
	at com.kms.katalon.core.webui.keyword.builtin.OpenBrowserKeyword.openBrowser(OpenBrowserKeyword.groovy:81)&#xD;
	at com.kms.katalon.core.webui.keyword.builtin.OpenBrowserKeyword.execute(OpenBrowserKeyword.groovy:67)&#xD;
	at com.kms.katalon.core.keyword.internal.KeywordExecutor.executeKeywordForPlatform(KeywordExecutor.groovy:56)&#xD;
	at com.kms.katalon.core.webui.keyword.WebUiBuiltInKeywords.openBrowser(WebUiBuiltInKeywords.groovy:60)&#xD;
	at com.kms.katalon.core.webui.keyword.WebUiBuiltInKeywords$openBrowser.call(Unknown Source)&#xD;
	at utilities.SafeActions.openBrowser(SafeActions.groovy:46)&#xD;
	at utilities.SafeActions.invokeMethod(SafeActions.groovy)&#xD;
	at com.kms.katalon.core.main.CustomKeywordDelegatingMetaClass.invokeStaticMethod(CustomKeywordDelegatingMetaClass.java:50)&#xD;
	at TC_1st_Pay_Vault_002.run(TC_1st_Pay_Vault_002:23)&#xD;
	at com.kms.katalon.core.main.ScriptEngine.run(ScriptEngine.java:194)&#xD;
	at com.kms.katalon.core.main.ScriptEngine.runScriptAsRawText(ScriptEngine.java:119)&#xD;
	at com.kms.katalon.core.main.TestCaseExecutor.runScript(TestCaseExecutor.java:337)&#xD;
	at com.kms.katalon.core.main.TestCaseExecutor.doExecute(TestCaseExecutor.java:328)&#xD;
	at com.kms.katalon.core.main.TestCaseExecutor.processExecutionPhase(TestCaseExecutor.java:307)&#xD;
	at com.kms.katalon.core.main.TestCaseExecutor.accessMainPhase(TestCaseExecutor.java:299)&#xD;
	at com.kms.katalon.core.main.TestCaseExecutor.execute(TestCaseExecutor.java:233)&#xD;
	at com.kms.katalon.core.main.TestSuiteExecutor.accessTestCaseMainPhase(TestSuiteExecutor.java:169)&#xD;
	at com.kms.katalon.core.main.TestSuiteExecutor.accessTestSuiteMainPhase(TestSuiteExecutor.java:142)&#xD;
	at com.kms.katalon.core.main.TestSuiteExecutor.execute(TestSuiteExecutor.java:91)&#xD;
	at com.kms.katalon.core.main.TestCaseMain.startTestSuite(TestCaseMain.java:157)&#xD;
	at com.kms.katalon.core.main.TestCaseMain$startTestSuite$0.call(Unknown Source)&#xD;
	at TempTestSuite1572343764272.run(TempTestSuite1572343764272.groovy:35)&#xD;
Caused by: org.openqa.selenium.NoSuchSessionException: Tried to run command without establishing a connection
Build info: version: '3.141.59', revision: 'e82be7d358', time: '2018-11-14T08:25:53'
System info: host: 'FW1-D-DTA-ZENQ1', ip: '172.25.52.168', os.name: 'Windows 10', os.arch: 'amd64', os.version: '10.0', java.version: '1.8.0_181'
Driver info: com.kms.katalon.core.webui.driver.firefox.CGeckoDriver
Capabilities {acceptInsecureCerts: true, browserName: firefox, browserVersion: 68.0.2, javascriptEnabled: true, moz:accessibilityChecks: false, moz:buildID: 20190813150448, moz:geckodriverVersion: 0.23.0, moz:headless: false, moz:processID: 356844, moz:profile: C:\Users\venkata.annam\AppD..., moz:shutdownTimeout: 60000, moz:useNonSpecCompliantPointerOrigin: false, moz:webdriverClick: true, pageLoadStrategy: normal, platform: WINDOWS, platformName: WINDOWS, platformVersion: 10.0, proxy: Proxy(direct), rotatable: false, setWindowRect: true, strictFileInteractability: false, timeouts: {implicit: 0, pageLoad: 300000, script: 30000}, unhandledPromptBehavior: dismiss and notify}
Session ID: f296087a-e625-47d2-b9e0-cf764c128a1d&#xD;
	at org.openqa.selenium.remote.http.W3CHttpResponseCodec.createException(W3CHttpResponseCodec.java:187)&#xD;
	at org.openqa.selenium.remote.http.W3CHttpResponseCodec.decode(W3CHttpResponseCodec.java:122)&#xD;
	at org.openqa.selenium.remote.http.W3CHttpResponseCodec.decode(W3CHttpResponseCodec.java:49)&#xD;
	at org.openqa.selenium.remote.HttpCommandExecutor.execute(HttpCommandExecutor.java:158)&#xD;
	at org.openqa.selenium.remote.service.DriverCommandExecutor.execute(DriverCommandExecutor.java:83)&#xD;
	at org.openqa.selenium.remote.RemoteWebDriver.execute(RemoteWebDriver.java:552)&#xD;
	at com.kms.katalon.selenium.driver.CFirefoxDriver.execute(CFirefoxDriver.java:28)&#xD;
	at org.openqa.selenium.remote.RemoteWebDriver.execute(RemoteWebDriver.java:609)&#xD;
	at org.openqa.selenium.remote.RemoteWebDriver.quit(RemoteWebDriver.java:452)&#xD;
	at com.kms.katalon.core.webui.driver.DriverFactory.closeWebDriver(DriverFactory.java:1189)&#xD;
	at com.kms.katalon.core.webui.driver.DriverFactory.startNewBrowser(DriverFactory.java:261)&#xD;
	at com.kms.katalon.core.webui.driver.DriverFactory.openWebDriver(DriverFactory.java:199)&#xD;
	at com.kms.katalon.core.webui.keyword.builtin.OpenBrowserKeyword$_openBrowser_closure1.doCall(OpenBrowserKeyword.groovy:74)&#xD;
	at com.kms.katalon.core.webui.keyword.builtin.OpenBrowserKeyword$_openBrowser_closure1.call(OpenBrowserKeyword.groovy)&#xD;
	at com.kms.katalon.core.webui.keyword.internal.WebUIKeywordMain.runKeyword(WebUIKeywordMain.groovy:20)&#xD;
	at com.kms.katalon.core.webui.keyword.builtin.OpenBrowserKeyword.openBrowser(OpenBrowserKeyword.groovy:81)&#xD;
	at com.kms.katalon.core.webui.keyword.builtin.OpenBrowserKeyword.execute(OpenBrowserKeyword.groovy:67)&#xD;
	at com.kms.katalon.core.keyword.internal.KeywordExecutor.executeKeywordForPlatform(KeywordExecutor.groovy:56)&#xD;
	at com.kms.katalon.core.webui.keyword.WebUiBuiltInKeywords.openBrowser(WebUiBuiltInKeywords.groovy:60)&#xD;
	at com.kms.katalon.core.webui.keyword.WebUiBuiltInKeywords$openBrowser.call(Unknown Source)&#xD;
	at utilities.SafeActions.openBrowser(SafeActions.groovy:46)&#xD;
	at utilities.SafeActions.invokeMethod(SafeActions.groovy)&#xD;
	at com.kms.katalon.core.main.CustomKeywordDelegatingMetaClass.invokeStaticMethod(CustomKeywordDelegatingMetaClass.java:50)&#xD;
	at Script1568708411486.run(Script1568708411486.groovy:23)&#xD;
	... 13 more&#xD;
)&#xD;
&#xD;
2019-10-29 05:21:13 - [MESSAGE][FAILED] - unable to open Browser with url:https://q-www-firstview-net.faps.net/MVC/Account/Login&#xD;
&#xD;
2019-10-29 05:21:13 - [MESSAGE][FAILED] - com.kms.katalon.core.exception.StepFailedException: unable to open Browser with url:https://q-www-firstview-net.faps.net/MVC/Account/Login&#xD;
&#xD;
2019-10-29 05:21:13 - [TEST_STEP][ERROR] - pages.Login.login(uName, password): com.kms.katalon.core.exception.StepErrorException: unable to enterZenQRetail in Enter userName in time -10seconds&#xD;
&#xD;
2019-10-29 05:21:14 - [MESSAGE][WARNING] - Cannot take screenshot&#xD;
&#xD;
2019-10-29 05:21:14 - [MESSAGE][FAILED] - Unable to wait for object 'Object Repository/Pages/Login/userName' to be present (Root cause: com.kms.katalon.core.exception.StepFailedException: Unable to wait for object 'Object Repository/Pages/Login/userName' to be present&#xD;
	at com.kms.katalon.core.webui.keyword.internal.WebUIKeywordMain.stepFailed(WebUIKeywordMain.groovy:64)&#xD;
	at com.kms.katalon.core.webui.keyword.internal.WebUIKeywordMain.runKeyword(WebUIKeywordMain.groovy:26)&#xD;
	at com.kms.katalon.core.webui.keyword.builtin.WaitForElementPresentKeyword.waitForElementPresent(WaitForElementPresentKeyword.groovy:95)&#xD;
	at com.kms.katalon.core.webui.keyword.builtin.WaitForElementPresentKeyword.execute(WaitForElementPresentKeyword.groovy:68)&#xD;
	at com.kms.katalon.core.keyword.internal.KeywordExecutor.executeKeywordForPlatform(KeywordExecutor.groovy:56)&#xD;
	at com.kms.katalon.core.webui.keyword.WebUiBuiltInKeywords.waitForElementPresent(WebUiBuiltInKeywords.groovy:343)&#xD;
	at com.kms.katalon.core.webui.keyword.WebUiBuiltInKeywords$waitForElementPresent$1.call(Unknown Source)&#xD;
	at utilities.SafeActions.safeType(SafeActions.groovy:65)&#xD;
	at pages.Login.login(Login.groovy:26)&#xD;
	at pages.Login.invokeMethod(Login.groovy)&#xD;
	at com.kms.katalon.core.main.CustomKeywordDelegatingMetaClass.invokeStaticMethod(CustomKeywordDelegatingMetaClass.java:50)&#xD;
	at TC_1st_Pay_Vault_002.run(TC_1st_Pay_Vault_002:25)&#xD;
	at com.kms.katalon.core.main.ScriptEngine.run(ScriptEngine.java:194)&#xD;
	at com.kms.katalon.core.main.ScriptEngine.runScriptAsRawText(ScriptEngine.java:119)&#xD;
	at com.kms.katalon.core.main.TestCaseExecutor.runScript(TestCaseExecutor.java:337)&#xD;
	at com.kms.katalon.core.main.TestCaseExecutor.doExecute(TestCaseExecutor.java:328)&#xD;
	at com.kms.katalon.core.main.TestCaseExecutor.processExecutionPhase(TestCaseExecutor.java:307)&#xD;
	at com.kms.katalon.core.main.TestCaseExecutor.accessMainPhase(TestCaseExecutor.java:299)&#xD;
	at com.kms.katalon.core.main.TestCaseExecutor.execute(TestCaseExecutor.java:233)&#xD;
	at com.kms.katalon.core.main.TestSuiteExecutor.accessTestCaseMainPhase(TestSuiteExecutor.java:169)&#xD;
	at com.kms.katalon.core.main.TestSuiteExecutor.accessTestSuiteMainPhase(TestSuiteExecutor.java:142)&#xD;
	at com.kms.katalon.core.main.TestSuiteExecutor.execute(TestSuiteExecutor.java:91)&#xD;
	at com.kms.katalon.core.main.TestCaseMain.startTestSuite(TestCaseMain.java:157)&#xD;
	at com.kms.katalon.core.main.TestCaseMain$startTestSuite$0.call(Unknown Source)&#xD;
	at TempTestSuite1572343764272.run(TempTestSuite1572343764272.groovy:35)&#xD;
Caused by: org.openqa.selenium.NoSuchSessionException: Session ID is null. Using WebDriver after calling quit()?
Build info: version: '3.141.59', revision: 'e82be7d358', time: '2018-11-14T08:25:53'
System info: host: 'FW1-D-DTA-ZENQ1', ip: '172.25.52.168', os.name: 'Windows 10', os.arch: 'amd64', os.version: '10.0', java.version: '1.8.0_181'
Driver info: driver.version: CFirefoxDriver&#xD;
	at org.openqa.selenium.remote.HttpCommandExecutor.execute(HttpCommandExecutor.java:125)&#xD;
	at org.openqa.selenium.remote.service.DriverCommandExecutor.execute(DriverCommandExecutor.java:83)&#xD;
	at org.openqa.selenium.remote.RemoteWebDriver.execute(RemoteWebDriver.java:552)&#xD;
	at com.kms.katalon.selenium.driver.CFirefoxDriver.execute(CFirefoxDriver.java:28)&#xD;
	at org.openqa.selenium.remote.RemoteWebDriver$RemoteTargetLocator.window(RemoteWebDriver.java:903)&#xD;
	at com.kms.katalon.core.webui.driver.DriverFactory.switchToAvailableWindow(DriverFactory.java:819)&#xD;
	at com.kms.katalon.core.webui.driver.DriverFactory.verifyWebDriver(DriverFactory.java:702)&#xD;
	at com.kms.katalon.core.webui.driver.DriverFactory.getWebDriver(DriverFactory.java:685)&#xD;
	at com.kms.katalon.core.webui.common.WebUiCommonHelper.findWebElements(WebUiCommonHelper.java:712)&#xD;
	at com.kms.katalon.core.webui.common.WebUiCommonHelper.findWebElement(WebUiCommonHelper.java:1093)&#xD;
	at com.kms.katalon.core.webui.keyword.internal.WebUIAbstractKeyword.findWebElement(WebUIAbstractKeyword.groovy:27)&#xD;
	at com.kms.katalon.core.webui.keyword.builtin.WaitForElementPresentKeyword$_waitForElementPresent_closure1.doCall(WaitForElementPresentKeyword.groovy:81)&#xD;
	at com.kms.katalon.core.webui.keyword.builtin.WaitForElementPresentKeyword$_waitForElementPresent_closure1.call(WaitForElementPresentKeyword.groovy)&#xD;
	at com.kms.katalon.core.webui.keyword.internal.WebUIKeywordMain.runKeyword(WebUIKeywordMain.groovy:20)&#xD;
	at com.kms.katalon.core.webui.keyword.builtin.WaitForElementPresentKeyword.waitForElementPresent(WaitForElementPresentKeyword.groovy:95)&#xD;
	at com.kms.katalon.core.webui.keyword.builtin.WaitForElementPresentKeyword.execute(WaitForElementPresentKeyword.groovy:68)&#xD;
	at com.kms.katalon.core.keyword.internal.KeywordExecutor.executeKeywordForPlatform(KeywordExecutor.groovy:56)&#xD;
	at com.kms.katalon.core.webui.keyword.WebUiBuiltInKeywords.waitForElementPresent(WebUiBuiltInKeywords.groovy:343)&#xD;
	at com.kms.katalon.core.webui.keyword.WebUiBuiltInKeywords$waitForElementPresent$1.call(Unknown Source)&#xD;
	at utilities.SafeActions.safeType(SafeActions.groovy:65)&#xD;
	at pages.Login.login(Login.groovy:26)&#xD;
	at pages.Login.invokeMethod(Login.groovy)&#xD;
	at com.kms.katalon.core.main.CustomKeywordDelegatingMetaClass.invokeStaticMethod(CustomKeywordDelegatingMetaClass.java:50)&#xD;
	at Script1568708411486.run(Script1568708411486.groovy:25)&#xD;
	... 13 more&#xD;
)&#xD;
&#xD;
2019-10-29 05:21:14 - [MESSAGE][WARNING] - Cannot take screenshot&#xD;
&#xD;
2019-10-29 05:21:14 - [MESSAGE][FAILED] - Unable to wait for object 'Object Repository/Pages/Login/password' to be present (Root cause: com.kms.katalon.core.exception.StepFailedException: Unable to wait for object 'Object Repository/Pages/Login/password' to be present&#xD;
	at com.kms.katalon.core.webui.keyword.internal.WebUIKeywordMain.stepFailed(WebUIKeywordMain.groovy:64)&#xD;
	at com.kms.katalon.core.webui.keyword.internal.WebUIKeywordMain.runKeyword(WebUIKeywordMain.groovy:26)&#xD;
	at com.kms.katalon.core.webui.keyword.builtin.WaitForElementPresentKeyword.waitForElementPresent(WaitForElementPresentKeyword.groovy:95)&#xD;
	at com.kms.katalon.core.webui.keyword.builtin.WaitForElementPresentKeyword.execute(WaitForElementPresentKeyword.groovy:68)&#xD;
	at com.kms.katalon.core.keyword.internal.KeywordExecutor.executeKeywordForPlatform(KeywordExecutor.groovy:56)&#xD;
	at com.kms.katalon.core.webui.keyword.WebUiBuiltInKeywords.waitForElementPresent(WebUiBuiltInKeywords.groovy:343)&#xD;
	at com.kms.katalon.core.webui.keyword.WebUiBuiltInKeywords$waitForElementPresent$1.call(Unknown Source)&#xD;
	at utilities.SafeActions.safeType(SafeActions.groovy:65)&#xD;
	at pages.Login.login(Login.groovy:27)&#xD;
	at pages.Login.invokeMethod(Login.groovy)&#xD;
	at com.kms.katalon.core.main.CustomKeywordDelegatingMetaClass.invokeStaticMethod(CustomKeywordDelegatingMetaClass.java:50)&#xD;
	at TC_1st_Pay_Vault_002.run(TC_1st_Pay_Vault_002:25)&#xD;
	at com.kms.katalon.core.main.ScriptEngine.run(ScriptEngine.java:194)&#xD;
	at com.kms.katalon.core.main.ScriptEngine.runScriptAsRawText(ScriptEngine.java:119)&#xD;
	at com.kms.katalon.core.main.TestCaseExecutor.runScript(TestCaseExecutor.java:337)&#xD;
	at com.kms.katalon.core.main.TestCaseExecutor.doExecute(TestCaseExecutor.java:328)&#xD;
	at com.kms.katalon.core.main.TestCaseExecutor.processExecutionPhase(TestCaseExecutor.java:307)&#xD;
	at com.kms.katalon.core.main.TestCaseExecutor.accessMainPhase(TestCaseExecutor.java:299)&#xD;
	at com.kms.katalon.core.main.TestCaseExecutor.execute(TestCaseExecutor.java:233)&#xD;
	at com.kms.katalon.core.main.TestSuiteExecutor.accessTestCaseMainPhase(TestSuiteExecutor.java:169)&#xD;
	at com.kms.katalon.core.main.TestSuiteExecutor.accessTestSuiteMainPhase(TestSuiteExecutor.java:142)&#xD;
	at com.kms.katalon.core.main.TestSuiteExecutor.execute(TestSuiteExecutor.java:91)&#xD;
	at com.kms.katalon.core.main.TestCaseMain.startTestSuite(TestCaseMain.java:157)&#xD;
	at com.kms.katalon.core.main.TestCaseMain$startTestSuite$0.call(Unknown Source)&#xD;
	at TempTestSuite1572343764272.run(TempTestSuite1572343764272.groovy:35)&#xD;
Caused by: org.openqa.selenium.NoSuchSessionException: Session ID is null. Using WebDriver after calling quit()?
Build info: version: '3.141.59', revision: 'e82be7d358', time: '2018-11-14T08:25:53'
System info: host: 'FW1-D-DTA-ZENQ1', ip: '172.25.52.168', os.name: 'Windows 10', os.arch: 'amd64', os.version: '10.0', java.version: '1.8.0_181'
Driver info: driver.version: CFirefoxDriver&#xD;
	at org.openqa.selenium.remote.HttpCommandExecutor.execute(HttpCommandExecutor.java:125)&#xD;
	at org.openqa.selenium.remote.service.DriverCommandExecutor.execute(DriverCommandExecutor.java:83)&#xD;
	at org.openqa.selenium.remote.RemoteWebDriver.execute(RemoteWebDriver.java:552)&#xD;
	at com.kms.katalon.selenium.driver.CFirefoxDriver.execute(CFirefoxDriver.java:28)&#xD;
	at org.openqa.selenium.remote.RemoteWebDriver$RemoteTargetLocator.window(RemoteWebDriver.java:903)&#xD;
	at com.kms.katalon.core.webui.driver.DriverFactory.switchToAvailableWindow(DriverFactory.java:819)&#xD;
	at com.kms.katalon.core.webui.driver.DriverFactory.verifyWebDriver(DriverFactory.java:702)&#xD;
	at com.kms.katalon.core.webui.driver.DriverFactory.getWebDriver(DriverFactory.java:685)&#xD;
	at com.kms.katalon.core.webui.common.WebUiCommonHelper.findWebElements(WebUiCommonHelper.java:712)&#xD;
	at com.kms.katalon.core.webui.common.WebUiCommonHelper.findWebElement(WebUiCommonHelper.java:1093)&#xD;
	at com.kms.katalon.core.webui.keyword.internal.WebUIAbstractKeyword.findWebElement(WebUIAbstractKeyword.groovy:27)&#xD;
	at com.kms.katalon.core.webui.keyword.builtin.WaitForElementPresentKeyword$_waitForElementPresent_closure1.doCall(WaitForElementPresentKeyword.groovy:81)&#xD;
	at com.kms.katalon.core.webui.keyword.builtin.WaitForElementPresentKeyword$_waitForElementPresent_closure1.call(WaitForElementPresentKeyword.groovy)&#xD;
	at com.kms.katalon.core.webui.keyword.internal.WebUIKeywordMain.runKeyword(WebUIKeywordMain.groovy:20)&#xD;
	at com.kms.katalon.core.webui.keyword.builtin.WaitForElementPresentKeyword.waitForElementPresent(WaitForElementPresentKeyword.groovy:95)&#xD;
	at com.kms.katalon.core.webui.keyword.builtin.WaitForElementPresentKeyword.execute(WaitForElementPresentKeyword.groovy:68)&#xD;
	at com.kms.katalon.core.keyword.internal.KeywordExecutor.executeKeywordForPlatform(KeywordExecutor.groovy:56)&#xD;
	at com.kms.katalon.core.webui.keyword.WebUiBuiltInKeywords.waitForElementPresent(WebUiBuiltInKeywords.groovy:343)&#xD;
	at com.kms.katalon.core.webui.keyword.WebUiBuiltInKeywords$waitForElementPresent$1.call(Unknown Source)&#xD;
	at utilities.SafeActions.safeType(SafeActions.groovy:65)&#xD;
	at pages.Login.login(Login.groovy:27)&#xD;
	at pages.Login.invokeMethod(Login.groovy)&#xD;
	at com.kms.katalon.core.main.CustomKeywordDelegatingMetaClass.invokeStaticMethod(CustomKeywordDelegatingMetaClass.java:50)&#xD;
	at Script1568708411486.run(Script1568708411486.groovy:25)&#xD;
	... 13 more&#xD;
)&#xD;
&#xD;
2019-10-29 05:21:14 - [MESSAGE][INFO] - Safe Click Without scroll&#xD;
&#xD;
2019-10-29 05:21:14 - [MESSAGE][INFO] - 1stPayVault.ts:waiting until Click on Login is Clickable&#xD;
&#xD;
2019-10-29 05:21:14 - [MESSAGE][WARNING] - Cannot take screenshot&#xD;
&#xD;
2019-10-29 05:21:15 - [MESSAGE][FAILED] - Unable to wait for object 'Object Repository/Pages/Login/login' to be clickable (Root cause: com.kms.katalon.core.exception.StepFailedException: Unable to wait for object 'Object Repository/Pages/Login/login' to be clickable&#xD;
	at com.kms.katalon.core.webui.keyword.internal.WebUIKeywordMain.stepFailed(WebUIKeywordMain.groovy:64)&#xD;
	at com.kms.katalon.core.webui.keyword.internal.WebUIKeywordMain.runKeyword(WebUIKeywordMain.groovy:26)&#xD;
	at com.kms.katalon.core.webui.keyword.builtin.WaitForElementClickableKeyword.waitForElementClickable(WaitForElementClickableKeyword.groovy:108)&#xD;
	at com.kms.katalon.core.webui.keyword.builtin.WaitForElementClickableKeyword.execute(WaitForElementClickableKeyword.groovy:68)&#xD;
	at com.kms.katalon.core.keyword.internal.KeywordExecutor.executeKeywordForPlatform(KeywordExecutor.groovy:56)&#xD;
	at com.kms.katalon.core.webui.keyword.WebUiBuiltInKeywords.waitForElementClickable(WebUiBuiltInKeywords.groovy:500)&#xD;
	at com.kms.katalon.core.webui.keyword.WebUiBuiltInKeywords$waitForElementClickable$6.call(Unknown Source)&#xD;
	at utilities.SafeActions.waitUntilClickable(SafeActions.groovy:172)&#xD;
	at utilities.SafeActions.safeClickWithoutScroll(SafeActions.groovy:136)&#xD;
	at pages.Login.login(Login.groovy:28)&#xD;
	at pages.Login.invokeMethod(Login.groovy)&#xD;
	at com.kms.katalon.core.main.CustomKeywordDelegatingMetaClass.invokeStaticMethod(CustomKeywordDelegatingMetaClass.java:50)&#xD;
	at TC_1st_Pay_Vault_002.run(TC_1st_Pay_Vault_002:25)&#xD;
	at com.kms.katalon.core.main.ScriptEngine.run(ScriptEngine.java:194)&#xD;
	at com.kms.katalon.core.main.ScriptEngine.runScriptAsRawText(ScriptEngine.java:119)&#xD;
	at com.kms.katalon.core.main.TestCaseExecutor.runScript(TestCaseExecutor.java:337)&#xD;
	at com.kms.katalon.core.main.TestCaseExecutor.doExecute(TestCaseExecutor.java:328)&#xD;
	at com.kms.katalon.core.main.TestCaseExecutor.processExecutionPhase(TestCaseExecutor.java:307)&#xD;
	at com.kms.katalon.core.main.TestCaseExecutor.accessMainPhase(TestCaseExecutor.java:299)&#xD;
	at com.kms.katalon.core.main.TestCaseExecutor.execute(TestCaseExecutor.java:233)&#xD;
	at com.kms.katalon.core.main.TestSuiteExecutor.accessTestCaseMainPhase(TestSuiteExecutor.java:169)&#xD;
	at com.kms.katalon.core.main.TestSuiteExecutor.accessTestSuiteMainPhase(TestSuiteExecutor.java:142)&#xD;
	at com.kms.katalon.core.main.TestSuiteExecutor.execute(TestSuiteExecutor.java:91)&#xD;
	at com.kms.katalon.core.main.TestCaseMain.startTestSuite(TestCaseMain.java:157)&#xD;
	at com.kms.katalon.core.main.TestCaseMain$startTestSuite$0.call(Unknown Source)&#xD;
	at TempTestSuite1572343764272.run(TempTestSuite1572343764272.groovy:35)&#xD;
Caused by: org.openqa.selenium.NoSuchSessionException: Session ID is null. Using WebDriver after calling quit()?
Build info: version: '3.141.59', revision: 'e82be7d358', time: '2018-11-14T08:25:53'
System info: host: 'FW1-D-DTA-ZENQ1', ip: '172.25.52.168', os.name: 'Windows 10', os.arch: 'amd64', os.version: '10.0', java.version: '1.8.0_181'
Driver info: driver.version: CFirefoxDriver&#xD;
	at org.openqa.selenium.remote.HttpCommandExecutor.execute(HttpCommandExecutor.java:125)&#xD;
	at org.openqa.selenium.remote.service.DriverCommandExecutor.execute(DriverCommandExecutor.java:83)&#xD;
	at org.openqa.selenium.remote.RemoteWebDriver.execute(RemoteWebDriver.java:552)&#xD;
	at com.kms.katalon.selenium.driver.CFirefoxDriver.execute(CFirefoxDriver.java:28)&#xD;
	at org.openqa.selenium.remote.RemoteWebDriver$RemoteTargetLocator.window(RemoteWebDriver.java:903)&#xD;
	at com.kms.katalon.core.webui.driver.DriverFactory.switchToAvailableWindow(DriverFactory.java:819)&#xD;
	at com.kms.katalon.core.webui.driver.DriverFactory.verifyWebDriver(DriverFactory.java:702)&#xD;
	at com.kms.katalon.core.webui.driver.DriverFactory.getWebDriver(DriverFactory.java:685)&#xD;
	at com.kms.katalon.core.webui.common.WebUiCommonHelper.findWebElements(WebUiCommonHelper.java:712)&#xD;
	at com.kms.katalon.core.webui.common.WebUiCommonHelper.findWebElement(WebUiCommonHelper.java:1093)&#xD;
	at com.kms.katalon.core.webui.keyword.internal.WebUIAbstractKeyword.findWebElement(WebUIAbstractKeyword.groovy:27)&#xD;
	at com.kms.katalon.core.webui.keyword.builtin.WaitForElementClickableKeyword$_waitForElementClickable_closure1.doCall(WaitForElementClickableKeyword.groovy:80)&#xD;
	at com.kms.katalon.core.webui.keyword.builtin.WaitForElementClickableKeyword$_waitForElementClickable_closure1.call(WaitForElementClickableKeyword.groovy)&#xD;
	at com.kms.katalon.core.webui.keyword.internal.WebUIKeywordMain.runKeyword(WebUIKeywordMain.groovy:20)&#xD;
	at com.kms.katalon.core.webui.keyword.builtin.WaitForElementClickableKeyword.waitForElementClickable(WaitForElementClickableKeyword.groovy:108)&#xD;
	at com.kms.katalon.core.webui.keyword.builtin.WaitForElementClickableKeyword.execute(WaitForElementClickableKeyword.groovy:68)&#xD;
	at com.kms.katalon.core.keyword.internal.KeywordExecutor.executeKeywordForPlatform(KeywordExecutor.groovy:56)&#xD;
	at com.kms.katalon.core.webui.keyword.WebUiBuiltInKeywords.waitForElementClickable(WebUiBuiltInKeywords.groovy:500)&#xD;
	at com.kms.katalon.core.webui.keyword.WebUiBuiltInKeywords$waitForElementClickable$6.call(Unknown Source)&#xD;
	at utilities.SafeActions.waitUntilClickable(SafeActions.groovy:172)&#xD;
	at utilities.SafeActions.safeClickWithoutScroll(SafeActions.groovy:136)&#xD;
	at pages.Login.login(Login.groovy:28)&#xD;
	at pages.Login.invokeMethod(Login.groovy)&#xD;
	at com.kms.katalon.core.main.CustomKeywordDelegatingMetaClass.invokeStaticMethod(CustomKeywordDelegatingMetaClass.java:50)&#xD;
	at Script1568708411486.run(Script1568708411486.groovy:25)&#xD;
	... 13 more&#xD;
)&#xD;
&#xD;
2019-10-29 05:21:15 - [MESSAGE][FAILED] - 1stPayVault.ts:Click on Login is not clickable in time - 10seconds&#xD;
&#xD;
2019-10-29 05:21:15 - [MESSAGE][ERROR] - com.kms.katalon.core.exception.StepErrorException: unable to enterZenQRetail in Enter userName in time -10seconds&#xD;
&#xD;
2019-10-29 05:21:15 - [TEST_STEP][FAILED] - callTestCase(findTestCase("FirstView/Login/TC_SendCode"), [:], STOP_ON_FAILURE): Unable to call Test Case 'Test Cases/FirstView/Login/TC_SendCode' (Root cause: com.kms.katalon.core.exception.StepFailedException: Call Test Case 'Test Cases/FirstView/Login/TC_SendCode' failed&#xD;
	at com.kms.katalon.core.keyword.builtin.CallTestCaseKeyword$_callTestCase_closure1.doCall(CallTestCaseKeyword.groovy:63)&#xD;
	at com.kms.katalon.core.keyword.builtin.CallTestCaseKeyword$_callTestCase_closure1.call(CallTestCaseKeyword.groovy)&#xD;
	at com.kms.katalon.core.keyword.internal.KeywordMain.runKeyword(KeywordMain.groovy:68)&#xD;
	at com.kms.katalon.core.keyword.builtin.CallTestCaseKeyword.callTestCase(CallTestCaseKeyword.groovy:81)&#xD;
	at com.kms.katalon.core.keyword.builtin.CallTestCaseKeyword.execute(CallTestCaseKeyword.groovy:44)&#xD;
	at com.kms.katalon.core.keyword.internal.KeywordExecutor.executeKeywordForPlatform(KeywordExecutor.groovy:56)&#xD;
	at com.kms.katalon.core.keyword.BuiltinKeywords.callTestCase(BuiltinKeywords.groovy:334)&#xD;
	at TC_1st_Pay_Vault_002.run(TC_1st_Pay_Vault_002:27)&#xD;
	at com.kms.katalon.core.main.ScriptEngine.run(ScriptEngine.java:194)&#xD;
	at com.kms.katalon.core.main.ScriptEngine.runScriptAsRawText(ScriptEngine.java:119)&#xD;
	at com.kms.katalon.core.main.TestCaseExecutor.runScript(TestCaseExecutor.java:337)&#xD;
	at com.kms.katalon.core.main.TestCaseExecutor.doExecute(TestCaseExecutor.java:328)&#xD;
	at com.kms.katalon.core.main.TestCaseExecutor.processExecutionPhase(TestCaseExecutor.java:307)&#xD;
	at com.kms.katalon.core.main.TestCaseExecutor.accessMainPhase(TestCaseExecutor.java:299)&#xD;
	at com.kms.katalon.core.main.TestCaseExecutor.execute(TestCaseExecutor.java:233)&#xD;
	at com.kms.katalon.core.main.TestSuiteExecutor.accessTestCaseMainPhase(TestSuiteExecutor.java:169)&#xD;
	at com.kms.katalon.core.main.TestSuiteExecutor.accessTestSuiteMainPhase(TestSuiteExecutor.java:142)&#xD;
	at com.kms.katalon.core.main.TestSuiteExecutor.execute(TestSuiteExecutor.java:91)&#xD;
	at com.kms.katalon.core.main.TestCaseMain.startTestSuite(TestCaseMain.java:157)&#xD;
	at com.kms.katalon.core.main.TestCaseMain$startTestSuite$0.call(Unknown Source)&#xD;
	at TempTestSuite1572343764272.run(TempTestSuite1572343764272.groovy:35)&#xD;
Caused by: com.kms.katalon.core.exception.StepFailedException: Unable to verify if object 'Object Repository/Pages/SendCodeToValidate/header_SendCodeToValidate' is visible in viewport&#xD;
	at com.kms.katalon.core.webui.keyword.internal.WebUIKeywordMain.stepFailed(WebUIKeywordMain.groovy:64)&#xD;
	at com.kms.katalon.core.webui.keyword.internal.WebUIKeywordMain.runKeyword(WebUIKeywordMain.groovy:26)&#xD;
	at com.kms.katalon.core.webui.keyword.builtin.VerifyElementVisibleInViewportKeyword.verifyElementVisibleInViewport(VerifyElementVisibleInViewportKeyword.groovy:86)&#xD;
	at com.kms.katalon.core.webui.keyword.builtin.VerifyElementVisibleInViewportKeyword.execute(VerifyElementVisibleInViewportKeyword.groovy:68)&#xD;
	at com.kms.katalon.core.keyword.internal.KeywordExecutor.executeKeywordForPlatform(KeywordExecutor.groovy:56)&#xD;
	at com.kms.katalon.core.webui.keyword.WebUiBuiltInKeywords.verifyElementInViewport(WebUiBuiltInKeywords.groovy:3023)&#xD;
	at com.kms.katalon.core.webui.keyword.WebUiBuiltInKeywords$verifyElementInViewport$8.call(Unknown Source)&#xD;
	at pages.SendCode.verifyPage(SendCode.groovy:26)&#xD;
	at pages.SendCode.invokeMethod(SendCode.groovy)&#xD;
	at com.kms.katalon.core.main.CustomKeywordDelegatingMetaClass.invokeStaticMethod(CustomKeywordDelegatingMetaClass.java:50)&#xD;
	at TC_SendCode.run(TC_SendCode:16)&#xD;
	at com.kms.katalon.core.main.ScriptEngine.run(ScriptEngine.java:194)&#xD;
	at com.kms.katalon.core.main.ScriptEngine.runScriptAsRawText(ScriptEngine.java:119)&#xD;
	at com.kms.katalon.core.main.TestCaseExecutor.runScript(TestCaseExecutor.java:337)&#xD;
	at com.kms.katalon.core.main.TestCaseExecutor.doExecute(TestCaseExecutor.java:328)&#xD;
	at com.kms.katalon.core.main.TestCaseExecutor.processExecutionPhase(TestCaseExecutor.java:307)&#xD;
	at com.kms.katalon.core.main.TestCaseExecutor.accessMainPhase(TestCaseExecutor.java:299)&#xD;
	at com.kms.katalon.core.main.TestCaseExecutor.execute(TestCaseExecutor.java:233)&#xD;
	at com.kms.katalon.core.main.TestCaseMain.runTestCase(TestCaseMain.java:114)&#xD;
	at com.kms.katalon.core.keyword.builtin.CallTestCaseKeyword$_callTestCase_closure1.doCall(CallTestCaseKeyword.groovy:59)&#xD;
	... 20 more&#xD;
Caused by: org.openqa.selenium.NoSuchSessionException: Session ID is null. Using WebDriver after calling quit()?
Build info: version: '3.141.59', revision: 'e82be7d358', time: '2018-11-14T08:25:53'
System info: host: 'FW1-D-DTA-ZENQ1', ip: '172.25.52.168', os.name: 'Windows 10', os.arch: 'amd64', os.version: '10.0', java.version: '1.8.0_181'
Driver info: driver.version: CFirefoxDriver&#xD;
	at org.openqa.selenium.remote.HttpCommandExecutor.execute(HttpCommandExecutor.java:125)&#xD;
	at org.openqa.selenium.remote.service.DriverCommandExecutor.execute(DriverCommandExecutor.java:83)&#xD;
	at org.openqa.selenium.remote.RemoteWebDriver.execute(RemoteWebDriver.java:552)&#xD;
	at com.kms.katalon.selenium.driver.CFirefoxDriver.execute(CFirefoxDriver.java:28)&#xD;
	at org.openqa.selenium.remote.RemoteWebDriver$RemoteTargetLocator.window(RemoteWebDriver.java:903)&#xD;
	at com.kms.katalon.core.webui.driver.DriverFactory.switchToAvailableWindow(DriverFactory.java:819)&#xD;
	at com.kms.katalon.core.webui.driver.DriverFactory.verifyWebDriver(DriverFactory.java:702)&#xD;
	at com.kms.katalon.core.webui.driver.DriverFactory.getWebDriver(DriverFactory.java:685)&#xD;
	at com.kms.katalon.core.webui.keyword.builtin.VerifyElementVisibleInViewportKeyword$_verifyElementVisibleInViewport_closure1.doCall(VerifyElementVisibleInViewportKeyword.groovy:74)&#xD;
	at com.kms.katalon.core.webui.keyword.builtin.VerifyElementVisibleInViewportKeyword$_verifyElementVisibleInViewport_closure1.call(VerifyElementVisibleInViewportKeyword.groovy)&#xD;
	at com.kms.katalon.core.webui.keyword.internal.WebUIKeywordMain.runKeyword(WebUIKeywordMain.groovy:20)&#xD;
	... 38 more&#xD;
)&#xD;
&#xD;
2019-10-29 05:21:15 - [TEST_CASE][FAILED] - Test Cases/FirstView/Login/TC_SendCode: Test Cases/FirstView/Login/TC_SendCode FAILED.
Reason:
com.kms.katalon.core.exception.StepFailedException: Unable to verify if object 'Object Repository/Pages/SendCodeToValidate/header_SendCodeToValidate' is visible in viewport&#xD;
	at com.kms.katalon.core.webui.keyword.internal.WebUIKeywordMain.stepFailed(WebUIKeywordMain.groovy:64)&#xD;
	at com.kms.katalon.core.webui.keyword.internal.WebUIKeywordMain.runKeyword(WebUIKeywordMain.groovy:26)&#xD;
	at com.kms.katalon.core.webui.keyword.builtin.VerifyElementVisibleInViewportKeyword.verifyElementVisibleInViewport(VerifyElementVisibleInViewportKeyword.groovy:86)&#xD;
	at com.kms.katalon.core.webui.keyword.builtin.VerifyElementVisibleInViewportKeyword.execute(VerifyElementVisibleInViewportKeyword.groovy:68)&#xD;
	at com.kms.katalon.core.keyword.internal.KeywordExecutor.executeKeywordForPlatform(KeywordExecutor.groovy:56)&#xD;
	at com.kms.katalon.core.webui.keyword.WebUiBuiltInKeywords.verifyElementInViewport(WebUiBuiltInKeywords.groovy:3023)&#xD;
	at com.kms.katalon.core.webui.keyword.WebUiBuiltInKeywords$verifyElementInViewport$8.call(Unknown Source)&#xD;
	at pages.SendCode.verifyPage(SendCode.groovy:26)&#xD;
	at pages.SendCode.invokeMethod(SendCode.groovy)&#xD;
	at com.kms.katalon.core.main.CustomKeywordDelegatingMetaClass.invokeStaticMethod(CustomKeywordDelegatingMetaClass.java:50)&#xD;
	at TC_SendCode.run(TC_SendCode:16)&#xD;
	at com.kms.katalon.core.main.ScriptEngine.run(ScriptEngine.java:194)&#xD;
	at com.kms.katalon.core.main.ScriptEngine.runScriptAsRawText(ScriptEngine.java:119)&#xD;
	at com.kms.katalon.core.main.TestCaseExecutor.runScript(TestCaseExecutor.java:337)&#xD;
	at com.kms.katalon.core.main.TestCaseExecutor.doExecute(TestCaseExecutor.java:328)&#xD;
	at com.kms.katalon.core.main.TestCaseExecutor.processExecutionPhase(TestCaseExecutor.java:307)&#xD;
	at com.kms.katalon.core.main.TestCaseExecutor.accessMainPhase(TestCaseExecutor.java:299)&#xD;
	at com.kms.katalon.core.main.TestCaseExecutor.execute(TestCaseExecutor.java:233)&#xD;
	at com.kms.katalon.core.main.TestCaseMain.runTestCase(TestCaseMain.java:114)&#xD;
	at com.kms.katalon.core.keyword.builtin.CallTestCaseKeyword$_callTestCase_closure1.doCall(CallTestCaseKeyword.groovy:59)&#xD;
	at com.kms.katalon.core.keyword.builtin.CallTestCaseKeyword$_callTestCase_closure1.call(CallTestCaseKeyword.groovy)&#xD;
	at com.kms.katalon.core.keyword.internal.KeywordMain.runKeyword(KeywordMain.groovy:68)&#xD;
	at com.kms.katalon.core.keyword.builtin.CallTestCaseKeyword.callTestCase(CallTestCaseKeyword.groovy:81)&#xD;
	at com.kms.katalon.core.keyword.builtin.CallTestCaseKeyword.execute(CallTestCaseKeyword.groovy:44)&#xD;
	at com.kms.katalon.core.keyword.internal.KeywordExecutor.executeKeywordForPlatform(KeywordExecutor.groovy:56)&#xD;
	at com.kms.katalon.core.keyword.BuiltinKeywords.callTestCase(BuiltinKeywords.groovy:334)&#xD;
	at TC_1st_Pay_Vault_002.run(TC_1st_Pay_Vault_002:27)&#xD;
	at com.kms.katalon.core.main.ScriptEngine.run(ScriptEngine.java:194)&#xD;
	at com.kms.katalon.core.main.ScriptEngine.runScriptAsRawText(ScriptEngine.java:119)&#xD;
	at com.kms.katalon.core.main.TestCaseExecutor.runScript(TestCaseExecutor.java:337)&#xD;
	at com.kms.katalon.core.main.TestCaseExecutor.doExecute(TestCaseExecutor.java:328)&#xD;
	at com.kms.katalon.core.main.TestCaseExecutor.processExecutionPhase(TestCaseExecutor.java:307)&#xD;
	at com.kms.katalon.core.main.TestCaseExecutor.accessMainPhase(TestCaseExecutor.java:299)&#xD;
	at com.kms.katalon.core.main.TestCaseExecutor.execute(TestCaseExecutor.java:233)&#xD;
	at com.kms.katalon.core.main.TestSuiteExecutor.accessTestCaseMainPhase(TestSuiteExecutor.java:169)&#xD;
	at com.kms.katalon.core.main.TestSuiteExecutor.accessTestSuiteMainPhase(TestSuiteExecutor.java:142)&#xD;
	at com.kms.katalon.core.main.TestSuiteExecutor.execute(TestSuiteExecutor.java:91)&#xD;
	at com.kms.katalon.core.main.TestCaseMain.startTestSuite(TestCaseMain.java:157)&#xD;
	at com.kms.katalon.core.main.TestCaseMain$startTestSuite$0.call(Unknown Source)&#xD;
	at TempTestSuite1572343764272.run(TempTestSuite1572343764272.groovy:35)&#xD;
Caused by: org.openqa.selenium.NoSuchSessionException: Session ID is null. Using WebDriver after calling quit()?
Build info: version: '3.141.59', revision: 'e82be7d358', time: '2018-11-14T08:25:53'
System info: host: 'FW1-D-DTA-ZENQ1', ip: '172.25.52.168', os.name: 'Windows 10', os.arch: 'amd64', os.version: '10.0', java.version: '1.8.0_181'
Driver info: driver.version: CFirefoxDriver&#xD;
	at org.openqa.selenium.remote.HttpCommandExecutor.execute(HttpCommandExecutor.java:125)&#xD;
	at org.openqa.selenium.remote.service.DriverCommandExecutor.execute(DriverCommandExecutor.java:83)&#xD;
	at org.openqa.selenium.remote.RemoteWebDriver.execute(RemoteWebDriver.java:552)&#xD;
	at com.kms.katalon.selenium.driver.CFirefoxDriver.execute(CFirefoxDriver.java:28)&#xD;
	at org.openqa.selenium.remote.RemoteWebDriver$RemoteTargetLocator.window(RemoteWebDriver.java:903)&#xD;
	at com.kms.katalon.core.webui.driver.DriverFactory.switchToAvailableWindow(DriverFactory.java:819)&#xD;
	at com.kms.katalon.core.webui.driver.DriverFactory.verifyWebDriver(DriverFactory.java:702)&#xD;
	at com.kms.katalon.core.webui.driver.DriverFactory.getWebDriver(DriverFactory.java:685)&#xD;
	at com.kms.katalon.core.webui.keyword.builtin.VerifyElementVisibleInViewportKeyword$_verifyElementVisibleInViewport_closure1.doCall(VerifyElementVisibleInViewportKeyword.groovy:74)&#xD;
	at com.kms.katalon.core.webui.keyword.builtin.VerifyElementVisibleInViewportKeyword$_verifyElementVisibleInViewport_closure1.call(VerifyElementVisibleInViewportKeyword.groovy)&#xD;
	at com.kms.katalon.core.webui.keyword.internal.WebUIKeywordMain.runKeyword(WebUIKeywordMain.groovy:20)&#xD;
	... 38 more&#xD;
&#xD;
&#xD;
2019-10-29 05:21:15 - [TEST_STEP][FAILED] - flag = pages.SendCode.verifyPage(): Unable to verify if object 'Object Repository/Pages/SendCodeToValidate/header_SendCodeToValidate' is visible in viewport&#xD;
&#xD;
2019-10-29 05:21:15 - [MESSAGE][WARNING] - Cannot take screenshot&#xD;
&#xD;
2019-10-29 05:21:15 - [MESSAGE][FAILED] - Unable to verify if object 'Object Repository/Pages/SendCodeToValidate/header_SendCodeToValidate' is visible in viewport (Root cause: com.kms.katalon.core.exception.StepFailedException: Unable to verify if object 'Object Repository/Pages/SendCodeToValidate/header_SendCodeToValidate' is visible in viewport&#xD;
	at com.kms.katalon.core.webui.keyword.internal.WebUIKeywordMain.stepFailed(WebUIKeywordMain.groovy:64)&#xD;
	at com.kms.katalon.core.webui.keyword.internal.WebUIKeywordMain.runKeyword(WebUIKeywordMain.groovy:26)&#xD;
	at com.kms.katalon.core.webui.keyword.builtin.VerifyElementVisibleInViewportKeyword.verifyElementVisibleInViewport(VerifyElementVisibleInViewportKeyword.groovy:86)&#xD;
	at com.kms.katalon.core.webui.keyword.builtin.VerifyElementVisibleInViewportKeyword.execute(VerifyElementVisibleInViewportKeyword.groovy:68)&#xD;
	at com.kms.katalon.core.keyword.internal.KeywordExecutor.executeKeywordForPlatform(KeywordExecutor.groovy:56)&#xD;
	at com.kms.katalon.core.webui.keyword.WebUiBuiltInKeywords.verifyElementInViewport(WebUiBuiltInKeywords.groovy:3023)&#xD;
	at com.kms.katalon.core.webui.keyword.WebUiBuiltInKeywords$verifyElementInViewport$8.call(Unknown Source)&#xD;
	at pages.SendCode.verifyPage(SendCode.groovy:26)&#xD;
	at pages.SendCode.invokeMethod(SendCode.groovy)&#xD;
	at com.kms.katalon.core.main.CustomKeywordDelegatingMetaClass.invokeStaticMethod(CustomKeywordDelegatingMetaClass.java:50)&#xD;
	at TC_SendCode.run(TC_SendCode:16)&#xD;
	at com.kms.katalon.core.main.ScriptEngine.run(ScriptEngine.java:194)&#xD;
	at com.kms.katalon.core.main.ScriptEngine.runScriptAsRawText(ScriptEngine.java:119)&#xD;
	at com.kms.katalon.core.main.TestCaseExecutor.runScript(TestCaseExecutor.java:337)&#xD;
	at com.kms.katalon.core.main.TestCaseExecutor.doExecute(TestCaseExecutor.java:328)&#xD;
	at com.kms.katalon.core.main.TestCaseExecutor.processExecutionPhase(TestCaseExecutor.java:307)&#xD;
	at com.kms.katalon.core.main.TestCaseExecutor.accessMainPhase(TestCaseExecutor.java:299)&#xD;
	at com.kms.katalon.core.main.TestCaseExecutor.execute(TestCaseExecutor.java:233)&#xD;
	at com.kms.katalon.core.main.TestCaseMain.runTestCase(TestCaseMain.java:114)&#xD;
	at com.kms.katalon.core.keyword.builtin.CallTestCaseKeyword$_callTestCase_closure1.doCall(CallTestCaseKeyword.groovy:59)&#xD;
	at com.kms.katalon.core.keyword.builtin.CallTestCaseKeyword$_callTestCase_closure1.call(CallTestCaseKeyword.groovy)&#xD;
	at com.kms.katalon.core.keyword.internal.KeywordMain.runKeyword(KeywordMain.groovy:68)&#xD;
	at com.kms.katalon.core.keyword.builtin.CallTestCaseKeyword.callTestCase(CallTestCaseKeyword.groovy:81)&#xD;
	at com.kms.katalon.core.keyword.builtin.CallTestCaseKeyword.execute(CallTestCaseKeyword.groovy:44)&#xD;
	at com.kms.katalon.core.keyword.internal.KeywordExecutor.executeKeywordForPlatform(KeywordExecutor.groovy:56)&#xD;
	at com.kms.katalon.core.keyword.BuiltinKeywords.callTestCase(BuiltinKeywords.groovy:334)&#xD;
	at TC_1st_Pay_Vault_002.run(TC_1st_Pay_Vault_002:27)&#xD;
	at com.kms.katalon.core.main.ScriptEngine.run(ScriptEngine.java:194)&#xD;
	at com.kms.katalon.core.main.ScriptEngine.runScriptAsRawText(ScriptEngine.java:119)&#xD;
	at com.kms.katalon.core.main.TestCaseExecutor.runScript(TestCaseExecutor.java:337)&#xD;
	at com.kms.katalon.core.main.TestCaseExecutor.doExecute(TestCaseExecutor.java:328)&#xD;
	at com.kms.katalon.core.main.TestCaseExecutor.processExecutionPhase(TestCaseExecutor.java:307)&#xD;
	at com.kms.katalon.core.main.TestCaseExecutor.accessMainPhase(TestCaseExecutor.java:299)&#xD;
	at com.kms.katalon.core.main.TestCaseExecutor.execute(TestCaseExecutor.java:233)&#xD;
	at com.kms.katalon.core.main.TestSuiteExecutor.accessTestCaseMainPhase(TestSuiteExecutor.java:169)&#xD;
	at com.kms.katalon.core.main.TestSuiteExecutor.accessTestSuiteMainPhase(TestSuiteExecutor.java:142)&#xD;
	at com.kms.katalon.core.main.TestSuiteExecutor.execute(TestSuiteExecutor.java:91)&#xD;
	at com.kms.katalon.core.main.TestCaseMain.startTestSuite(TestCaseMain.java:157)&#xD;
	at com.kms.katalon.core.main.TestCaseMain$startTestSuite$0.call(Unknown Source)&#xD;
	at TempTestSuite1572343764272.run(TempTestSuite1572343764272.groovy:35)&#xD;
Caused by: org.openqa.selenium.NoSuchSessionException: Session ID is null. Using WebDriver after calling quit()?
Build info: version: '3.141.59', revision: 'e82be7d358', time: '2018-11-14T08:25:53'
System info: host: 'FW1-D-DTA-ZENQ1', ip: '172.25.52.168', os.name: 'Windows 10', os.arch: 'amd64', os.version: '10.0', java.version: '1.8.0_181'
Driver info: driver.version: CFirefoxDriver&#xD;
	at org.openqa.selenium.remote.HttpCommandExecutor.execute(HttpCommandExecutor.java:125)&#xD;
	at org.openqa.selenium.remote.service.DriverCommandExecutor.execute(DriverCommandExecutor.java:83)&#xD;
	at org.openqa.selenium.remote.RemoteWebDriver.execute(RemoteWebDriver.java:552)&#xD;
	at com.kms.katalon.selenium.driver.CFirefoxDriver.execute(CFirefoxDriver.java:28)&#xD;
	at org.openqa.selenium.remote.RemoteWebDriver$RemoteTargetLocator.window(RemoteWebDriver.java:903)&#xD;
	at com.kms.katalon.core.webui.driver.DriverFactory.switchToAvailableWindow(DriverFactory.java:819)&#xD;
	at com.kms.katalon.core.webui.driver.DriverFactory.verifyWebDriver(DriverFactory.java:702)&#xD;
	at com.kms.katalon.core.webui.driver.DriverFactory.getWebDriver(DriverFactory.java:685)&#xD;
	at com.kms.katalon.core.webui.keyword.builtin.VerifyElementVisibleInViewportKeyword$_verifyElementVisibleInViewport_closure1.doCall(VerifyElementVisibleInViewportKeyword.groovy:74)&#xD;
	at com.kms.katalon.core.webui.keyword.builtin.VerifyElementVisibleInViewportKeyword$_verifyElementVisibleInViewport_closure1.call(VerifyElementVisibleInViewportKeyword.groovy)&#xD;
	at com.kms.katalon.core.webui.keyword.internal.WebUIKeywordMain.runKeyword(WebUIKeywordMain.groovy:20)&#xD;
	at com.kms.katalon.core.webui.keyword.builtin.VerifyElementVisibleInViewportKeyword.verifyElementVisibleInViewport(VerifyElementVisibleInViewportKeyword.groovy:86)&#xD;
	at com.kms.katalon.core.webui.keyword.builtin.VerifyElementVisibleInViewportKeyword.execute(VerifyElementVisibleInViewportKeyword.groovy:68)&#xD;
	at com.kms.katalon.core.keyword.internal.KeywordExecutor.executeKeywordForPlatform(KeywordExecutor.groovy:56)&#xD;
	at com.kms.katalon.core.webui.keyword.WebUiBuiltInKeywords.verifyElementInViewport(WebUiBuiltInKeywords.groovy:3023)&#xD;
	at com.kms.katalon.core.webui.keyword.WebUiBuiltInKeywords$verifyElementInViewport$8.call(Unknown Source)&#xD;
	at pages.SendCode.verifyPage(SendCode.groovy:26)&#xD;
	at pages.SendCode.invokeMethod(SendCode.groovy)&#xD;
	at com.kms.katalon.core.main.CustomKeywordDelegatingMetaClass.invokeStaticMethod(CustomKeywordDelegatingMetaClass.java:50)&#xD;
	at Script1571901658003.run(Script1571901658003.groovy:16)&#xD;
	at com.kms.katalon.core.main.ScriptEngine.run(ScriptEngine.java:194)&#xD;
	at com.kms.katalon.core.main.ScriptEngine.runScriptAsRawText(ScriptEngine.java:119)&#xD;
	at com.kms.katalon.core.main.TestCaseExecutor.runScript(TestCaseExecutor.java:337)&#xD;
	at com.kms.katalon.core.main.TestCaseExecutor.doExecute(TestCaseExecutor.java:328)&#xD;
	at com.kms.katalon.core.main.TestCaseExecutor.processExecutionPhase(TestCaseExecutor.java:307)&#xD;
	at com.kms.katalon.core.main.TestCaseExecutor.accessMainPhase(TestCaseExecutor.java:299)&#xD;
	at com.kms.katalon.core.main.TestCaseExecutor.execute(TestCaseExecutor.java:233)&#xD;
	at com.kms.katalon.core.main.TestCaseMain.runTestCase(TestCaseMain.java:114)&#xD;
	at com.kms.katalon.core.keyword.builtin.CallTestCaseKeyword$_callTestCase_closure1.doCall(CallTestCaseKeyword.groovy:59)&#xD;
	at com.kms.katalon.core.keyword.builtin.CallTestCaseKeyword$_callTestCase_closure1.call(CallTestCaseKeyword.groovy)&#xD;
	at com.kms.katalon.core.keyword.internal.KeywordMain.runKeyword(KeywordMain.groovy:68)&#xD;
	at com.kms.katalon.core.keyword.builtin.CallTestCaseKeyword.callTestCase(CallTestCaseKeyword.groovy:81)&#xD;
	at com.kms.katalon.core.keyword.builtin.CallTestCaseKeyword.execute(CallTestCaseKeyword.groovy:44)&#xD;
	at com.kms.katalon.core.keyword.internal.KeywordExecutor.executeKeywordForPlatform(KeywordExecutor.groovy:56)&#xD;
	at com.kms.katalon.core.keyword.BuiltinKeywords.callTestCase(BuiltinKeywords.groovy:334)&#xD;
	at Script1568708411486.run(Script1568708411486.groovy:27)&#xD;
	... 13 more&#xD;
)&#xD;
&#xD;
2019-10-29 05:21:15 - [MESSAGE][FAILED] - Unable to verify if object 'Object Repository/Pages/SendCodeToValidate/header_SendCodeToValidate' is visible in viewport&#xD;
&#xD;
2019-10-29 05:21:15 - [MESSAGE][FAILED] - Unable to call Test Case 'Test Cases/FirstView/Login/TC_SendCode' (Root cause: com.kms.katalon.core.exception.StepFailedException: Call Test Case 'Test Cases/FirstView/Login/TC_SendCode' failed&#xD;
	at com.kms.katalon.core.keyword.builtin.CallTestCaseKeyword$_callTestCase_closure1.doCall(CallTestCaseKeyword.groovy:63)&#xD;
	at com.kms.katalon.core.keyword.builtin.CallTestCaseKeyword$_callTestCase_closure1.call(CallTestCaseKeyword.groovy)&#xD;
	at com.kms.katalon.core.keyword.internal.KeywordMain.runKeyword(KeywordMain.groovy:68)&#xD;
	at com.kms.katalon.core.keyword.builtin.CallTestCaseKeyword.callTestCase(CallTestCaseKeyword.groovy:81)&#xD;
	at com.kms.katalon.core.keyword.builtin.CallTestCaseKeyword.execute(CallTestCaseKeyword.groovy:44)&#xD;
	at com.kms.katalon.core.keyword.internal.KeywordExecutor.executeKeywordForPlatform(KeywordExecutor.groovy:56)&#xD;
	at com.kms.katalon.core.keyword.BuiltinKeywords.callTestCase(BuiltinKeywords.groovy:334)&#xD;
	at TC_1st_Pay_Vault_002.run(TC_1st_Pay_Vault_002:27)&#xD;
	at com.kms.katalon.core.main.ScriptEngine.run(ScriptEngine.java:194)&#xD;
	at com.kms.katalon.core.main.ScriptEngine.runScriptAsRawText(ScriptEngine.java:119)&#xD;
	at com.kms.katalon.core.main.TestCaseExecutor.runScript(TestCaseExecutor.java:337)&#xD;
	at com.kms.katalon.core.main.TestCaseExecutor.doExecute(TestCaseExecutor.java:328)&#xD;
	at com.kms.katalon.core.main.TestCaseExecutor.processExecutionPhase(TestCaseExecutor.java:307)&#xD;
	at com.kms.katalon.core.main.TestCaseExecutor.accessMainPhase(TestCaseExecutor.java:299)&#xD;
	at com.kms.katalon.core.main.TestCaseExecutor.execute(TestCaseExecutor.java:233)&#xD;
	at com.kms.katalon.core.main.TestSuiteExecutor.accessTestCaseMainPhase(TestSuiteExecutor.java:169)&#xD;
	at com.kms.katalon.core.main.TestSuiteExecutor.accessTestSuiteMainPhase(TestSuiteExecutor.java:142)&#xD;
	at com.kms.katalon.core.main.TestSuiteExecutor.execute(TestSuiteExecutor.java:91)&#xD;
	at com.kms.katalon.core.main.TestCaseMain.startTestSuite(TestCaseMain.java:157)&#xD;
	at com.kms.katalon.core.main.TestCaseMain$startTestSuite$0.call(Unknown Source)&#xD;
	at TempTestSuite1572343764272.run(TempTestSuite1572343764272.groovy:35)&#xD;
Caused by: com.kms.katalon.core.exception.StepFailedException: Unable to verify if object 'Object Repository/Pages/SendCodeToValidate/header_SendCodeToValidate' is visible in viewport&#xD;
	at com.kms.katalon.core.webui.keyword.internal.WebUIKeywordMain.stepFailed(WebUIKeywordMain.groovy:64)&#xD;
	at com.kms.katalon.core.webui.keyword.internal.WebUIKeywordMain.runKeyword(WebUIKeywordMain.groovy:26)&#xD;
	at com.kms.katalon.core.webui.keyword.builtin.VerifyElementVisibleInViewportKeyword.verifyElementVisibleInViewport(VerifyElementVisibleInViewportKeyword.groovy:86)&#xD;
	at com.kms.katalon.core.webui.keyword.builtin.VerifyElementVisibleInViewportKeyword.execute(VerifyElementVisibleInViewportKeyword.groovy:68)&#xD;
	at com.kms.katalon.core.keyword.internal.KeywordExecutor.executeKeywordForPlatform(KeywordExecutor.groovy:56)&#xD;
	at com.kms.katalon.core.webui.keyword.WebUiBuiltInKeywords.verifyElementInViewport(WebUiBuiltInKeywords.groovy:3023)&#xD;
	at com.kms.katalon.core.webui.keyword.WebUiBuiltInKeywords$verifyElementInViewport$8.call(Unknown Source)&#xD;
	at pages.SendCode.verifyPage(SendCode.groovy:26)&#xD;
	at pages.SendCode.invokeMethod(SendCode.groovy)&#xD;
	at com.kms.katalon.core.main.CustomKeywordDelegatingMetaClass.invokeStaticMethod(CustomKeywordDelegatingMetaClass.java:50)&#xD;
	at TC_SendCode.run(TC_SendCode:16)&#xD;
	at com.kms.katalon.core.main.ScriptEngine.run(ScriptEngine.java:194)&#xD;
	at com.kms.katalon.core.main.ScriptEngine.runScriptAsRawText(ScriptEngine.java:119)&#xD;
	at com.kms.katalon.core.main.TestCaseExecutor.runScript(TestCaseExecutor.java:337)&#xD;
	at com.kms.katalon.core.main.TestCaseExecutor.doExecute(TestCaseExecutor.java:328)&#xD;
	at com.kms.katalon.core.main.TestCaseExecutor.processExecutionPhase(TestCaseExecutor.java:307)&#xD;
	at com.kms.katalon.core.main.TestCaseExecutor.accessMainPhase(TestCaseExecutor.java:299)&#xD;
	at com.kms.katalon.core.main.TestCaseExecutor.execute(TestCaseExecutor.java:233)&#xD;
	at com.kms.katalon.core.main.TestCaseMain.runTestCase(TestCaseMain.java:114)&#xD;
	at com.kms.katalon.core.keyword.builtin.CallTestCaseKeyword$_callTestCase_closure1.doCall(CallTestCaseKeyword.groovy:59)&#xD;
	... 20 more&#xD;
Caused by: org.openqa.selenium.NoSuchSessionException: Session ID is null. Using WebDriver after calling quit()?
Build info: version: '3.141.59', revision: 'e82be7d358', time: '2018-11-14T08:25:53'
System info: host: 'FW1-D-DTA-ZENQ1', ip: '172.25.52.168', os.name: 'Windows 10', os.arch: 'amd64', os.version: '10.0', java.version: '1.8.0_181'
Driver info: driver.version: CFirefoxDriver&#xD;
	at org.openqa.selenium.remote.HttpCommandExecutor.execute(HttpCommandExecutor.java:125)&#xD;
	at org.openqa.selenium.remote.service.DriverCommandExecutor.execute(DriverCommandExecutor.java:83)&#xD;
	at org.openqa.selenium.remote.RemoteWebDriver.execute(RemoteWebDriver.java:552)&#xD;
	at com.kms.katalon.selenium.driver.CFirefoxDriver.execute(CFirefoxDriver.java:28)&#xD;
	at org.openqa.selenium.remote.RemoteWebDriver$RemoteTargetLocator.window(RemoteWebDriver.java:903)&#xD;
	at com.kms.katalon.core.webui.driver.DriverFactory.switchToAvailableWindow(DriverFactory.java:819)&#xD;
	at com.kms.katalon.core.webui.driver.DriverFactory.verifyWebDriver(DriverFactory.java:702)&#xD;
	at com.kms.katalon.core.webui.driver.DriverFactory.getWebDriver(DriverFactory.java:685)&#xD;
	at com.kms.katalon.core.webui.keyword.builtin.VerifyElementVisibleInViewportKeyword$_verifyElementVisibleInViewport_closure1.doCall(VerifyElementVisibleInViewportKeyword.groovy:74)&#xD;
	at com.kms.katalon.core.webui.keyword.builtin.VerifyElementVisibleInViewportKeyword$_verifyElementVisibleInViewport_closure1.call(VerifyElementVisibleInViewportKeyword.groovy)&#xD;
	at com.kms.katalon.core.webui.keyword.internal.WebUIKeywordMain.runKeyword(WebUIKeywordMain.groovy:20)&#xD;
	... 38 more&#xD;
)&#xD;
&#xD;
2019-10-29 05:21:15 - [TEST_STEP][PASSED] - Start listener action : sampleAfterTestCase: null&#xD;
&#xD;
2019-10-29 05:21:15 - [TEST_STEP][PASSED] - println(testCaseContext.getTestCaseId()): null&#xD;
&#xD;
2019-10-29 05:21:15 - [TEST_STEP][PASSED] - println(testCaseContext.getTestCaseStatus()): null&#xD;
&#xD;
2019-10-29 05:21:15 - [TEST_STEP][PASSED] - testCaseName = testCaseContext.getTestCaseId(): null&#xD;
&#xD;
2019-10-29 05:21:15 - [TEST_STEP][PASSED] - strCount = testCaseName.lastIndexOf("/"): null&#xD;
&#xD;
2019-10-29 05:21:15 - [TEST_STEP][PASSED] - testCaseName = testCaseName.substring(strCount): null&#xD;
&#xD;
2019-10-29 05:21:15 - [TEST_STEP][PASSED] - println(testCaseName): null&#xD;
&#xD;
2019-10-29 05:21:15 - [TEST_STEP][PASSED] - if (getTestCaseStatus().equalsIgnoreCase("Error")): null&#xD;
&#xD;
2019-10-29 05:21:15 - [TEST_STEP][PASSED] - Start listener action : sampleAfterTestCase: null</system-out>
            <system-err>2019-10-29 05:21:12 - [TEST_CASE][FAILED] - Test Cases/FirstView/FirstPayVault/TC_1st_Pay_Vault_002: Test Cases/FirstView/FirstPayVault/TC_1st_Pay_Vault_002 FAILED.
Reason:
com.kms.katalon.core.exception.StepFailedException: unable to open Browser with url:https://q-www-firstview-net.faps.net/MVC/Account/Login&#xD;
	at com.kms.katalon.core.util.KeywordUtil.markFailed(KeywordUtil.java:19)&#xD;
	at utilities.SafeActions.openBrowser(SafeActions.groovy:56)&#xD;
	at utilities.SafeActions.invokeMethod(SafeActions.groovy)&#xD;
	at com.kms.katalon.core.main.CustomKeywordDelegatingMetaClass.invokeStaticMethod(CustomKeywordDelegatingMetaClass.java:50)&#xD;
	at TC_1st_Pay_Vault_002.run(TC_1st_Pay_Vault_002:23)&#xD;
	at com.kms.katalon.core.main.ScriptEngine.run(ScriptEngine.java:194)&#xD;
	at com.kms.katalon.core.main.ScriptEngine.runScriptAsRawText(ScriptEngine.java:119)&#xD;
	at com.kms.katalon.core.main.TestCaseExecutor.runScript(TestCaseExecutor.java:337)&#xD;
	at com.kms.katalon.core.main.TestCaseExecutor.doExecute(TestCaseExecutor.java:328)&#xD;
	at com.kms.katalon.core.main.TestCaseExecutor.processExecutionPhase(TestCaseExecutor.java:307)&#xD;
	at com.kms.katalon.core.main.TestCaseExecutor.accessMainPhase(TestCaseExecutor.java:299)&#xD;
	at com.kms.katalon.core.main.TestCaseExecutor.execute(TestCaseExecutor.java:233)&#xD;
	at com.kms.katalon.core.main.TestSuiteExecutor.accessTestCaseMainPhase(TestSuiteExecutor.java:169)&#xD;
	at com.kms.katalon.core.main.TestSuiteExecutor.accessTestSuiteMainPhase(TestSuiteExecutor.java:142)&#xD;
	at com.kms.katalon.core.main.TestSuiteExecutor.execute(TestSuiteExecutor.java:91)&#xD;
	at com.kms.katalon.core.main.TestCaseMain.startTestSuite(TestCaseMain.java:157)&#xD;
	at com.kms.katalon.core.main.TestCaseMain$startTestSuite$0.call(Unknown Source)&#xD;
	at TempTestSuite1572343764272.run(TempTestSuite1572343764272.groovy:35)</system-err>
        </testcase>
        <testcase name="Test Cases/FirstView/FirstPayVault/TC_1st_Pay_Vault_003" classname="Test Cases/FirstView/FirstPayVault/TC_1st_Pay_Vault_003" status="ERROR">
            <error type="ERROR" message="Test Cases/FirstView/FirstPayVault/TC_1st_Pay_Vault_003 FAILED.&#xA;Reason:&#xA;com.kms.katalon.core.exception.StepErrorException: 1stPayVault.ts:Click on FirstPayVault tab is not clickable in time - 60seconds&#xD;&#xA;&#x9;at com.kms.katalon.core.util.KeywordUtil.markError(KeywordUtil.java:65)&#xD;&#xA;&#x9;at com.kms.katalon.core.util.KeywordUtil$markError$0.call(Unknown Source)&#xD;&#xA;&#x9;at utilities.SafeActions.safeClickWithoutScroll(SafeActions.groovy:146)&#xD;&#xA;&#x9;at utilities.SafeActions.invokeMethod(SafeActions.groovy)&#xD;&#xA;&#x9;at com.kms.katalon.core.main.CustomKeywordDelegatingMetaClass.invokeStaticMethod(CustomKeywordDelegatingMetaClass.java:50)&#xD;&#xA;&#x9;at TC_1st_Pay_Vault_003.run(TC_1st_Pay_Vault_003:34)&#xD;&#xA;&#x9;at com.kms.katalon.core.main.ScriptEngine.run(ScriptEngine.java:194)&#xD;&#xA;&#x9;at com.kms.katalon.core.main.ScriptEngine.runScriptAsRawText(ScriptEngine.java:119)&#xD;&#xA;&#x9;at com.kms.katalon.core.main.TestCaseExecutor.runScript(TestCaseExecutor.java:337)&#xD;&#xA;&#x9;at com.kms.katalon.core.main.TestCaseExecutor.doExecute(TestCaseExecutor.java:328)&#xD;&#xA;&#x9;at com.kms.katalon.core.main.TestCaseExecutor.processExecutionPhase(TestCaseExecutor.java:307)&#xD;&#xA;&#x9;at com.kms.katalon.core.main.TestCaseExecutor.accessMainPhase(TestCaseExecutor.java:299)&#xD;&#xA;&#x9;at com.kms.katalon.core.main.TestCaseExecutor.execute(TestCaseExecutor.java:233)&#xD;&#xA;&#x9;at com.kms.katalon.core.main.TestSuiteExecutor.accessTestCaseMainPhase(TestSuiteExecutor.java:169)&#xD;&#xA;&#x9;at com.kms.katalon.core.main.TestSuiteExecutor.accessTestSuiteMainPhase(TestSuiteExecutor.java:142)&#xD;&#xA;&#x9;at com.kms.katalon.core.main.TestSuiteExecutor.execute(TestSuiteExecutor.java:91)&#xD;&#xA;&#x9;at com.kms.katalon.core.main.TestCaseMain.startTestSuite(TestCaseMain.java:157)&#xD;&#xA;&#x9;at com.kms.katalon.core.main.TestCaseMain$startTestSuite$0.call(Unknown Source)&#xD;&#xA;&#x9;at TempTestSuite1572343764272.run(TempTestSuite1572343764272.groovy:35)&#xD;&#xA;"/>
            <system-out>2019-10-29 05:21:15 - [TEST_CASE][ERROR] - Test Cases/FirstView/FirstPayVault/TC_1st_Pay_Vault_003: Test Cases/FirstView/FirstPayVault/TC_1st_Pay_Vault_003 FAILED.
Reason:
com.kms.katalon.core.exception.StepErrorException: 1stPayVault.ts:Click on FirstPayVault tab is not clickable in time - 60seconds&#xD;
	at com.kms.katalon.core.util.KeywordUtil.markError(KeywordUtil.java:65)&#xD;
	at com.kms.katalon.core.util.KeywordUtil$markError$0.call(Unknown Source)&#xD;
	at utilities.SafeActions.safeClickWithoutScroll(SafeActions.groovy:146)&#xD;
	at utilities.SafeActions.invokeMethod(SafeActions.groovy)&#xD;
	at com.kms.katalon.core.main.CustomKeywordDelegatingMetaClass.invokeStaticMethod(CustomKeywordDelegatingMetaClass.java:50)&#xD;
	at TC_1st_Pay_Vault_003.run(TC_1st_Pay_Vault_003:34)&#xD;
	at com.kms.katalon.core.main.ScriptEngine.run(ScriptEngine.java:194)&#xD;
	at com.kms.katalon.core.main.ScriptEngine.runScriptAsRawText(ScriptEngine.java:119)&#xD;
	at com.kms.katalon.core.main.TestCaseExecutor.runScript(TestCaseExecutor.java:337)&#xD;
	at com.kms.katalon.core.main.TestCaseExecutor.doExecute(TestCaseExecutor.java:328)&#xD;
	at com.kms.katalon.core.main.TestCaseExecutor.processExecutionPhase(TestCaseExecutor.java:307)&#xD;
	at com.kms.katalon.core.main.TestCaseExecutor.accessMainPhase(TestCaseExecutor.java:299)&#xD;
	at com.kms.katalon.core.main.TestCaseExecutor.execute(TestCaseExecutor.java:233)&#xD;
	at com.kms.katalon.core.main.TestSuiteExecutor.accessTestCaseMainPhase(TestSuiteExecutor.java:169)&#xD;
	at com.kms.katalon.core.main.TestSuiteExecutor.accessTestSuiteMainPhase(TestSuiteExecutor.java:142)&#xD;
	at com.kms.katalon.core.main.TestSuiteExecutor.execute(TestSuiteExecutor.java:91)&#xD;
	at com.kms.katalon.core.main.TestCaseMain.startTestSuite(TestCaseMain.java:157)&#xD;
	at com.kms.katalon.core.main.TestCaseMain$startTestSuite$0.call(Unknown Source)&#xD;
	at TempTestSuite1572343764272.run(TempTestSuite1572343764272.groovy:35)&#xD;
&#xD;
&#xD;
2019-10-29 05:21:15 - [TEST_STEP][PASSED] - Start listener action : sampleBeforeTestCase: null&#xD;
&#xD;
2019-10-29 05:21:15 - [TEST_STEP][PASSED] - println(testCaseContext.getTestCaseId()): null&#xD;
&#xD;
2019-10-29 05:21:15 - [TEST_STEP][PASSED] - println(testCaseContext.getTestCaseVariables()): null&#xD;
&#xD;
2019-10-29 05:21:16 - [TEST_STEP][NOT_RUN] - utilities.SafeActions.openBrowser(Old_URL, [PageLoadTime]): NOT_RUN: utilities.SafeActions.openBrowser(Old_URL, [PageLoadTime])&#xD;
&#xD;
2019-10-29 05:21:16 - [MESSAGE][NOT_RUN] - NOT_RUN: utilities.SafeActions.openBrowser(Old_URL, [PageLoadTime])&#xD;
&#xD;
2019-10-29 05:21:16 - [TEST_STEP][NOT_RUN] - delay(6): NOT_RUN: delay(6)&#xD;
&#xD;
2019-10-29 05:21:16 - [MESSAGE][NOT_RUN] - NOT_RUN: delay(6)&#xD;
&#xD;
2019-10-29 05:21:16 - [TEST_STEP][NOT_RUN] - utilities.SafeActions.safeSelectOptionInDropDownByVisibleText(findTestObject("Pages/Sale/dropDown_AccountType"), "ranjanatest2 - 888814981372/001 Account Type: Retail", "Select by Value", [25]): NOT_RUN: utilities.SafeActions.safeSelectOptionInDropDownByVisibleText(findTestObject("Pages/Sale/dropDown_AccountType"), "ranjanatest2 - 888814981372/001 Account Type: Retail", "Select by Value", [25])&#xD;
&#xD;
2019-10-29 05:21:16 - [MESSAGE][NOT_RUN] - NOT_RUN: utilities.SafeActions.safeSelectOptionInDropDownByVisibleText(findTestObject("Pages/Sale/dropDown_AccountType"), "ranjanatest2 - 888814981372/001 Account Type: Retail", "Select by Value", [25])&#xD;
&#xD;
2019-10-29 05:21:16 - [TEST_STEP][PASSED] - utilities.SafeActions.openBrowser(URL, [PageLoadTime]): utilities.SafeActions.openBrowser is PASSED&#xD;
&#xD;
2019-10-29 05:21:16 - [MESSAGE][INFO] - Opening Browser&#xD;
&#xD;
2019-10-29 05:21:16 - [MESSAGE][INFO] - Starting 'Firefox' driver&#xD;
&#xD;
2019-10-29 05:21:30 - [MESSAGE][PASSED] - Browser is opened with url: 'https://q-www-firstview-net.faps.net/MVC/Account/Login'&#xD;
&#xD;
2019-10-29 05:21:30 - [MESSAGE][PASSED] - Current window maximized&#xD;
&#xD;
2019-10-29 05:21:30 - [MESSAGE][INFO] - Browser Launched Successfully&#xD;
&#xD;
2019-10-29 05:21:30 - [MESSAGE][PASSED] - utilities.SafeActions.openBrowser is PASSED&#xD;
&#xD;
2019-10-29 05:21:30 - [TEST_STEP][PASSED] - pages.Login.login(uName, password): pages.Login.login is PASSED&#xD;
&#xD;
2019-10-29 05:21:30 - [MESSAGE][PASSED] - Object 'Object Repository/Pages/Login/userName' is present&#xD;
&#xD;
2019-10-29 05:21:30 - [MESSAGE][PASSED] - Scroll to object 'Object Repository/Pages/Login/userName' successfully&#xD;
&#xD;
2019-10-29 05:21:30 - [MESSAGE][PASSED] - Object 'Object Repository/Pages/Login/userName' is present&#xD;
&#xD;
2019-10-29 05:21:31 - [MESSAGE][PASSED] - Object: 'Object Repository/Pages/Login/userName' is clicked on&#xD;
&#xD;
2019-10-29 05:21:31 - [MESSAGE][PASSED] - Text 'ZenQRetail' is set on object 'Object Repository/Pages/Login/userName'&#xD;
&#xD;
2019-10-29 05:21:31 - [MESSAGE][PASSED] - Object 'Object Repository/Pages/Login/password' is present&#xD;
&#xD;
2019-10-29 05:21:31 - [MESSAGE][PASSED] - Scroll to object 'Object Repository/Pages/Login/password' successfully&#xD;
&#xD;
2019-10-29 05:21:31 - [MESSAGE][PASSED] - Object 'Object Repository/Pages/Login/password' is present&#xD;
&#xD;
2019-10-29 05:21:32 - [MESSAGE][PASSED] - Object: 'Object Repository/Pages/Login/password' is clicked on&#xD;
&#xD;
2019-10-29 05:21:32 - [MESSAGE][PASSED] - Text 'P@ssword1' is set on object 'Object Repository/Pages/Login/password'&#xD;
&#xD;
2019-10-29 05:21:32 - [MESSAGE][INFO] - Safe Click Without scroll&#xD;
&#xD;
2019-10-29 05:21:32 - [MESSAGE][INFO] - 1stPayVault.ts:waiting until Click on Login is Clickable&#xD;
&#xD;
2019-10-29 05:21:32 - [MESSAGE][PASSED] - Object 'Object Repository/Pages/Login/login' is clickable&#xD;
&#xD;
2019-10-29 05:21:32 - [MESSAGE][PASSED] - Object 'Object Repository/Pages/Login/login' is visible&#xD;
&#xD;
2019-10-29 05:21:35 - [MESSAGE][PASSED] - Object: 'Object Repository/Pages/Login/login' is clicked on&#xD;
&#xD;
2019-10-29 05:21:35 - [MESSAGE][INFO] - 1stPayVault.ts: click on the Click on Login&#xD;
&#xD;
2019-10-29 05:21:35 - [MESSAGE][PASSED] - pages.Login.login is PASSED&#xD;
&#xD;
2019-10-29 05:21:35 - [TEST_STEP][PASSED] - callTestCase(findTestCase("FirstView/Login/TC_SendCode"), [:], STOP_ON_FAILURE): Call Test Case 'Test Cases/FirstView/Login/TC_SendCode' successfully&#xD;
&#xD;
2019-10-29 05:21:35 - [TEST_CASE][PASSED] - Test Cases/FirstView/Login/TC_SendCode: Test Cases/FirstView/Login/TC_SendCode&#xD;
&#xD;
2019-10-29 05:21:35 - [TEST_STEP][PASSED] - flag = pages.SendCode.verifyPage(): pages.SendCode.verifyPage is PASSED&#xD;
&#xD;
2019-10-29 05:21:35 - [MESSAGE][PASSED] - Object 'Object Repository/Pages/SendCodeToValidate/header_SendCodeToValidate' is present and visible in viewport&#xD;
&#xD;
2019-10-29 05:21:35 - [MESSAGE][PASSED] - pages.SendCode.verifyPage is PASSED&#xD;
&#xD;
2019-10-29 05:21:35 - [TEST_STEP][PASSED] - if (flag): pages.SendCode.clickonUserSettings is PASSED&#xD;
&#xD;
2019-10-29 05:21:35 - [TEST_STEP][PASSED] - pages.SendCode.clickonUserSettings(): pages.SendCode.clickonUserSettings is PASSED&#xD;
&#xD;
2019-10-29 05:21:36 - [MESSAGE][PASSED] - Object 'Object Repository/Pages/SendCodeToValidate/link_UserSettings' is present&#xD;
&#xD;
2019-10-29 05:21:36 - [MESSAGE][PASSED] - Object 'Object Repository/Pages/SendCodeToValidate/link_UserSettings' is visible&#xD;
&#xD;
2019-10-29 05:21:36 - [MESSAGE][INFO] - 1stPayVault.ts:waiting until Click on User Settings is Clickable&#xD;
&#xD;
2019-10-29 05:21:36 - [MESSAGE][PASSED] - Object 'Object Repository/Pages/SendCodeToValidate/link_UserSettings' is clickable&#xD;
&#xD;
2019-10-29 05:21:36 - [MESSAGE][PASSED] - Object 'Object Repository/Pages/SendCodeToValidate/link_UserSettings' is visible&#xD;
&#xD;
2019-10-29 05:21:39 - [MESSAGE][PASSED] - Object: 'Object Repository/Pages/SendCodeToValidate/link_UserSettings' is clicked on&#xD;
&#xD;
2019-10-29 05:21:39 - [MESSAGE][INFO] - 1stPayVault.ts: Clicked on the Click on User Settings&#xD;
&#xD;
2019-10-29 05:21:39 - [MESSAGE][PASSED] - pages.SendCode.clickonUserSettings is PASSED&#xD;
&#xD;
2019-10-29 05:21:39 - [MESSAGE][PASSED] - Call Test Case 'Test Cases/FirstView/Login/TC_SendCode' successfully&#xD;
&#xD;
2019-10-29 05:21:39 - [TEST_STEP][PASSED] - callTestCase(findTestCase("FirstView/Login/TC_FirstView"), [:], STOP_ON_FAILURE): Call Test Case 'Test Cases/FirstView/Login/TC_FirstView' successfully&#xD;
&#xD;
2019-10-29 05:21:39 - [TEST_CASE][PASSED] - Test Cases/FirstView/Login/TC_FirstView: Test Cases/FirstView/Login/TC_FirstView&#xD;
&#xD;
2019-10-29 05:21:39 - [TEST_STEP][NOT_RUN] - utilities.SafeActions.safeClickWithoutScroll(findTestObject("Pages/FirstView/link_Home"), "Click on Home button in First View screen", [PageLoadTime]): NOT_RUN: utilities.SafeActions.safeClickWithoutScroll(findTestObject("Pages/FirstView/link_Home"), "Click on Home button in First View screen", [PageLoadTime])&#xD;
&#xD;
2019-10-29 05:21:39 - [MESSAGE][NOT_RUN] - NOT_RUN: utilities.SafeActions.safeClickWithoutScroll(findTestObject("Pages/FirstView/link_Home"), "Click on Home button in First View screen", [PageLoadTime])&#xD;
&#xD;
2019-10-29 05:21:39 - [TEST_STEP][PASSED] - utilities.SafeActions.javascriptclick(findTestObject("Pages/FirstView/link_Home"), delayForElement): utilities.SafeActions.javascriptclick is PASSED&#xD;
&#xD;
2019-10-29 05:21:39 - [MESSAGE][PASSED] - utilities.SafeActions.javascriptclick is PASSED&#xD;
&#xD;
2019-10-29 05:21:39 - [TEST_STEP][PASSED] - utilities.SafeActions.safeClickWithoutScroll(findTestObject("Pages/FirstView/link_VPOS"), "Click on VPOS button in First View screen", [PageLoadTime]): utilities.SafeActions.safeClickWithoutScroll is PASSED&#xD;
&#xD;
2019-10-29 05:21:39 - [MESSAGE][INFO] - Safe Click Without scroll&#xD;
&#xD;
2019-10-29 05:21:39 - [MESSAGE][INFO] - 1stPayVault.ts:waiting until Click on VPOS button in First View screen is Clickable&#xD;
&#xD;
2019-10-29 05:21:40 - [MESSAGE][PASSED] - Object 'Object Repository/Pages/FirstView/link_VPOS' is clickable&#xD;
&#xD;
2019-10-29 05:21:41 - [MESSAGE][PASSED] - Object 'Object Repository/Pages/FirstView/link_VPOS' is visible&#xD;
&#xD;
2019-10-29 05:21:42 - [MESSAGE][PASSED] - Object: 'Object Repository/Pages/FirstView/link_VPOS' is clicked on&#xD;
&#xD;
2019-10-29 05:21:42 - [MESSAGE][INFO] - 1stPayVault.ts: click on the Click on VPOS button in First View screen&#xD;
&#xD;
2019-10-29 05:21:42 - [MESSAGE][PASSED] - utilities.SafeActions.safeClickWithoutScroll is PASSED&#xD;
&#xD;
2019-10-29 05:21:42 - [MESSAGE][PASSED] - Call Test Case 'Test Cases/FirstView/Login/TC_FirstView' successfully&#xD;
&#xD;
2019-10-29 05:21:42 - [TEST_STEP][PASSED] - switchToWindowTitle("Transcenter - VPOS"): Switched to window with title: 'Transcenter - VPOS'&#xD;
&#xD;
2019-10-29 05:21:47 - [MESSAGE][PASSED] - Switched to window with title: 'Transcenter - VPOS'&#xD;
&#xD;
2019-10-29 05:21:47 - [TEST_STEP][ERROR] - utilities.SafeActions.safeClickWithoutScroll(findTestObject("Pages/FirstPayVault/tab_FirstPayVault"), "Click on FirstPayVault tab", [PageLoadTime]): com.kms.katalon.core.exception.StepErrorException: 1stPayVault.ts:Click on FirstPayVault tab is not clickable in time - 60seconds&#xD;
&#xD;
2019-10-29 05:21:47 - [MESSAGE][INFO] - Safe Click Without scroll&#xD;
&#xD;
2019-10-29 05:21:47 - [MESSAGE][INFO] - 1stPayVault.ts:waiting until Click on FirstPayVault tab is Clickable&#xD;
&#xD;
2019-10-29 05:21:51 - [MESSAGE][PASSED] - Object 'Object Repository/Pages/FirstPayVault/tab_FirstPayVault' is clickable&#xD;
&#xD;
2019-10-29 05:21:51 - [MESSAGE][PASSED] - Object 'Object Repository/Pages/FirstPayVault/tab_FirstPayVault' is visible&#xD;
&#xD;
2019-10-29 05:21:52 - [MESSAGE][FAILED] - Unable to click on object 'Object Repository/Pages/FirstPayVault/tab_FirstPayVault' (Root cause: com.kms.katalon.core.exception.StepFailedException: Unable to click on object 'Object Repository/Pages/FirstPayVault/tab_FirstPayVault'&#xD;
	at com.kms.katalon.core.webui.keyword.internal.WebUIKeywordMain.stepFailed(WebUIKeywordMain.groovy:64)&#xD;
	at com.kms.katalon.core.webui.keyword.internal.WebUIKeywordMain.runKeyword(WebUIKeywordMain.groovy:26)&#xD;
	at com.kms.katalon.core.webui.keyword.builtin.ClickKeyword.click(ClickKeyword.groovy:86)&#xD;
	at com.kms.katalon.core.webui.keyword.builtin.ClickKeyword.execute(ClickKeyword.groovy:67)&#xD;
	at com.kms.katalon.core.keyword.internal.KeywordExecutor.executeKeywordForPlatform(KeywordExecutor.groovy:56)&#xD;
	at com.kms.katalon.core.webui.keyword.WebUiBuiltInKeywords.click(WebUiBuiltInKeywords.groovy:616)&#xD;
	at com.kms.katalon.core.webui.keyword.WebUiBuiltInKeywords$click$4.call(Unknown Source)&#xD;
	at utilities.SafeActions.safeClickWithoutScroll(SafeActions.groovy:138)&#xD;
	at utilities.SafeActions.invokeMethod(SafeActions.groovy)&#xD;
	at com.kms.katalon.core.main.CustomKeywordDelegatingMetaClass.invokeStaticMethod(CustomKeywordDelegatingMetaClass.java:50)&#xD;
	at TC_1st_Pay_Vault_003.run(TC_1st_Pay_Vault_003:34)&#xD;
	at com.kms.katalon.core.main.ScriptEngine.run(ScriptEngine.java:194)&#xD;
	at com.kms.katalon.core.main.ScriptEngine.runScriptAsRawText(ScriptEngine.java:119)&#xD;
	at com.kms.katalon.core.main.TestCaseExecutor.runScript(TestCaseExecutor.java:337)&#xD;
	at com.kms.katalon.core.main.TestCaseExecutor.doExecute(TestCaseExecutor.java:328)&#xD;
	at com.kms.katalon.core.main.TestCaseExecutor.processExecutionPhase(TestCaseExecutor.java:307)&#xD;
	at com.kms.katalon.core.main.TestCaseExecutor.accessMainPhase(TestCaseExecutor.java:299)&#xD;
	at com.kms.katalon.core.main.TestCaseExecutor.execute(TestCaseExecutor.java:233)&#xD;
	at com.kms.katalon.core.main.TestSuiteExecutor.accessTestCaseMainPhase(TestSuiteExecutor.java:169)&#xD;
	at com.kms.katalon.core.main.TestSuiteExecutor.accessTestSuiteMainPhase(TestSuiteExecutor.java:142)&#xD;
	at com.kms.katalon.core.main.TestSuiteExecutor.execute(TestSuiteExecutor.java:91)&#xD;
	at com.kms.katalon.core.main.TestCaseMain.startTestSuite(TestCaseMain.java:157)&#xD;
	at com.kms.katalon.core.main.TestCaseMain$startTestSuite$0.call(Unknown Source)&#xD;
	at TempTestSuite1572343764272.run(TempTestSuite1572343764272.groovy:35)&#xD;
Caused by: org.openqa.selenium.ElementClickInterceptedException: Element &lt;span class="title title_center"&gt; is not clickable at point (296,163) because another element &lt;div id="transcenter-modal-progress" class="modal fade show"&gt; obscures it
Build info: version: '3.141.59', revision: 'e82be7d358', time: '2018-11-14T08:25:53'
System info: host: 'FW1-D-DTA-ZENQ1', ip: '172.25.52.168', os.name: 'Windows 10', os.arch: 'amd64', os.version: '10.0', java.version: '1.8.0_181'
Driver info: com.kms.katalon.core.webui.driver.firefox.CGeckoDriver
Capabilities {acceptInsecureCerts: true, browserName: firefox, browserVersion: 68.0.2, javascriptEnabled: true, moz:accessibilityChecks: false, moz:buildID: 20190813150448, moz:geckodriverVersion: 0.23.0, moz:headless: false, moz:processID: 357076, moz:profile: C:\Users\venkata.annam\AppD..., moz:shutdownTimeout: 60000, moz:useNonSpecCompliantPointerOrigin: false, moz:webdriverClick: true, pageLoadStrategy: normal, platform: WINDOWS, platformName: WINDOWS, platformVersion: 10.0, proxy: Proxy(direct), rotatable: false, setWindowRect: true, strictFileInteractability: false, timeouts: {implicit: 0, pageLoad: 300000, script: 30000}, unhandledPromptBehavior: dismiss and notify}
Session ID: 18903a7c-d9ec-445e-8295-d1af028297a3&#xD;
	at org.openqa.selenium.remote.http.W3CHttpResponseCodec.createException(W3CHttpResponseCodec.java:187)&#xD;
	at org.openqa.selenium.remote.http.W3CHttpResponseCodec.decode(W3CHttpResponseCodec.java:122)&#xD;
	at org.openqa.selenium.remote.http.W3CHttpResponseCodec.decode(W3CHttpResponseCodec.java:49)&#xD;
	at org.openqa.selenium.remote.HttpCommandExecutor.execute(HttpCommandExecutor.java:158)&#xD;
	at org.openqa.selenium.remote.service.DriverCommandExecutor.execute(DriverCommandExecutor.java:83)&#xD;
	at org.openqa.selenium.remote.RemoteWebDriver.execute(RemoteWebDriver.java:552)&#xD;
	at com.kms.katalon.selenium.driver.CFirefoxDriver.execute(CFirefoxDriver.java:28)&#xD;
	at org.openqa.selenium.remote.RemoteWebElement.execute(RemoteWebElement.java:285)&#xD;
	at org.openqa.selenium.remote.RemoteWebElement.click(RemoteWebElement.java:84)&#xD;
	at com.kms.katalon.core.webui.keyword.builtin.ClickKeyword$_click_closure1.doCall(ClickKeyword.groovy:79)&#xD;
	at com.kms.katalon.core.webui.keyword.builtin.ClickKeyword$_click_closure1.call(ClickKeyword.groovy)&#xD;
	at com.kms.katalon.core.webui.keyword.internal.WebUIKeywordMain.runKeyword(WebUIKeywordMain.groovy:20)&#xD;
	at com.kms.katalon.core.webui.keyword.builtin.ClickKeyword.click(ClickKeyword.groovy:86)&#xD;
	at com.kms.katalon.core.webui.keyword.builtin.ClickKeyword.execute(ClickKeyword.groovy:67)&#xD;
	at com.kms.katalon.core.keyword.internal.KeywordExecutor.executeKeywordForPlatform(KeywordExecutor.groovy:56)&#xD;
	at com.kms.katalon.core.webui.keyword.WebUiBuiltInKeywords.click(WebUiBuiltInKeywords.groovy:616)&#xD;
	at com.kms.katalon.core.webui.keyword.WebUiBuiltInKeywords$click$4.call(Unknown Source)&#xD;
	at utilities.SafeActions.safeClickWithoutScroll(SafeActions.groovy:138)&#xD;
	at utilities.SafeActions.invokeMethod(SafeActions.groovy)&#xD;
	at com.kms.katalon.core.main.CustomKeywordDelegatingMetaClass.invokeStaticMethod(CustomKeywordDelegatingMetaClass.java:50)&#xD;
	at Script1568713577559.run(Script1568713577559.groovy:34)&#xD;
	... 13 more&#xD;
)&#xD;
[[ATTACHMENT|C:\\VPOS_Internal\\VPOS_Internal\\Reports\\20191029_050924\\FirstView\\1stPayVault\\20191029_050924\\1572344512485.png]]&#xD;
&#xD;
2019-10-29 05:21:52 - [MESSAGE][ERROR] - com.kms.katalon.core.exception.StepErrorException: 1stPayVault.ts:Click on FirstPayVault tab is not clickable in time - 60seconds&#xD;
&#xD;
2019-10-29 05:21:52 - [TEST_STEP][ERROR] - utilities.SafeActions.safeClickWithoutScroll(findTestObject("Pages/FirstPayVault/button_CreateVault"), "Click on CreateVault button", [PageLoadTime]): com.kms.katalon.core.exception.StepErrorException: 1stPayVault.ts:Click on CreateVault button is not Clickable&#xD;
&#xD;
2019-10-29 05:21:52 - [MESSAGE][INFO] - Safe Click Without scroll&#xD;
&#xD;
2019-10-29 05:21:52 - [MESSAGE][INFO] - 1stPayVault.ts:waiting until Click on CreateVault button is Clickable&#xD;
&#xD;
2019-10-29 05:21:52 - [MESSAGE][PASSED] - Object 'Object Repository/Pages/FirstPayVault/button_CreateVault' is clickable&#xD;
&#xD;
2019-10-29 05:21:53 - [MESSAGE][FAILED] - Object 'Object Repository/Pages/FirstPayVault/button_CreateVault' is NOT visible (Root cause: com.kms.katalon.core.exception.StepFailedException: Object 'Object Repository/Pages/FirstPayVault/button_CreateVault' is NOT visible&#xD;
	at com.kms.katalon.core.webui.keyword.internal.WebUIKeywordMain.stepFailed(WebUIKeywordMain.groovy:64)&#xD;
	at com.kms.katalon.core.webui.keyword.builtin.VerifyElementVisibleKeyword$_verifyElementVisible_closure1.doCall(VerifyElementVisibleKeyword.groovy:83)&#xD;
	at com.kms.katalon.core.webui.keyword.builtin.VerifyElementVisibleKeyword$_verifyElementVisible_closure1.call(VerifyElementVisibleKeyword.groovy)&#xD;
	at com.kms.katalon.core.webui.keyword.internal.WebUIKeywordMain.runKeyword(WebUIKeywordMain.groovy:20)&#xD;
	at com.kms.katalon.core.webui.keyword.builtin.VerifyElementVisibleKeyword.verifyElementVisible(VerifyElementVisibleKeyword.groovy:97)&#xD;
	at com.kms.katalon.core.webui.keyword.builtin.VerifyElementVisibleKeyword.execute(VerifyElementVisibleKeyword.groovy:67)&#xD;
	at com.kms.katalon.core.keyword.internal.KeywordExecutor.executeKeywordForPlatform(KeywordExecutor.groovy:56)&#xD;
	at com.kms.katalon.core.webui.keyword.WebUiBuiltInKeywords.verifyElementVisible(WebUiBuiltInKeywords.groovy:372)&#xD;
	at com.kms.katalon.core.webui.keyword.WebUiBuiltInKeywords$verifyElementVisible$7.call(Unknown Source)&#xD;
	at utilities.SafeActions.waitUntilClickable(SafeActions.groovy:173)&#xD;
	at utilities.SafeActions.safeClickWithoutScroll(SafeActions.groovy:136)&#xD;
	at utilities.SafeActions.invokeMethod(SafeActions.groovy)&#xD;
	at com.kms.katalon.core.main.CustomKeywordDelegatingMetaClass.invokeStaticMethod(CustomKeywordDelegatingMetaClass.java:50)&#xD;
	at TC_1st_Pay_Vault_003.run(TC_1st_Pay_Vault_003:37)&#xD;
	at com.kms.katalon.core.main.ScriptEngine.run(ScriptEngine.java:194)&#xD;
	at com.kms.katalon.core.main.ScriptEngine.runScriptAsRawText(ScriptEngine.java:119)&#xD;
	at com.kms.katalon.core.main.TestCaseExecutor.runScript(TestCaseExecutor.java:337)&#xD;
	at com.kms.katalon.core.main.TestCaseExecutor.doExecute(TestCaseExecutor.java:328)&#xD;
	at com.kms.katalon.core.main.TestCaseExecutor.processExecutionPhase(TestCaseExecutor.java:307)&#xD;
	at com.kms.katalon.core.main.TestCaseExecutor.accessMainPhase(TestCaseExecutor.java:299)&#xD;
	at com.kms.katalon.core.main.TestCaseExecutor.execute(TestCaseExecutor.java:233)&#xD;
	at com.kms.katalon.core.main.TestSuiteExecutor.accessTestCaseMainPhase(TestSuiteExecutor.java:169)&#xD;
	at com.kms.katalon.core.main.TestSuiteExecutor.accessTestSuiteMainPhase(TestSuiteExecutor.java:142)&#xD;
	at com.kms.katalon.core.main.TestSuiteExecutor.execute(TestSuiteExecutor.java:91)&#xD;
	at com.kms.katalon.core.main.TestCaseMain.startTestSuite(TestCaseMain.java:157)&#xD;
	at com.kms.katalon.core.main.TestCaseMain$startTestSuite$0.call(Unknown Source)&#xD;
	at TempTestSuite1572343764272.run(TempTestSuite1572343764272.groovy:35)&#xD;
)&#xD;
[[ATTACHMENT|C:\\VPOS_Internal\\VPOS_Internal\\Reports\\20191029_050924\\FirstView\\1stPayVault\\20191029_050924\\1572344513044.png]]&#xD;
&#xD;
2019-10-29 05:21:53 - [MESSAGE][FAILED] - Unable to verify object 'Object Repository/Pages/FirstPayVault/button_CreateVault' is visible (Root cause: com.kms.katalon.core.exception.StepFailedException: Unable to verify object 'Object Repository/Pages/FirstPayVault/button_CreateVault' is visible&#xD;
	at com.kms.katalon.core.webui.keyword.internal.WebUIKeywordMain.stepFailed(WebUIKeywordMain.groovy:64)&#xD;
	at com.kms.katalon.core.webui.keyword.internal.WebUIKeywordMain.runKeyword(WebUIKeywordMain.groovy:26)&#xD;
	at com.kms.katalon.core.webui.keyword.builtin.VerifyElementVisibleKeyword.verifyElementVisible(VerifyElementVisibleKeyword.groovy:97)&#xD;
	at com.kms.katalon.core.webui.keyword.builtin.VerifyElementVisibleKeyword.execute(VerifyElementVisibleKeyword.groovy:67)&#xD;
	at com.kms.katalon.core.keyword.internal.KeywordExecutor.executeKeywordForPlatform(KeywordExecutor.groovy:56)&#xD;
	at com.kms.katalon.core.webui.keyword.WebUiBuiltInKeywords.verifyElementVisible(WebUiBuiltInKeywords.groovy:372)&#xD;
	at com.kms.katalon.core.webui.keyword.WebUiBuiltInKeywords$verifyElementVisible$7.call(Unknown Source)&#xD;
	at utilities.SafeActions.waitUntilClickable(SafeActions.groovy:173)&#xD;
	at utilities.SafeActions.safeClickWithoutScroll(SafeActions.groovy:136)&#xD;
	at utilities.SafeActions.invokeMethod(SafeActions.groovy)&#xD;
	at com.kms.katalon.core.main.CustomKeywordDelegatingMetaClass.invokeStaticMethod(CustomKeywordDelegatingMetaClass.java:50)&#xD;
	at TC_1st_Pay_Vault_003.run(TC_1st_Pay_Vault_003:37)&#xD;
	at com.kms.katalon.core.main.ScriptEngine.run(ScriptEngine.java:194)&#xD;
	at com.kms.katalon.core.main.ScriptEngine.runScriptAsRawText(ScriptEngine.java:119)&#xD;
	at com.kms.katalon.core.main.TestCaseExecutor.runScript(TestCaseExecutor.java:337)&#xD;
	at com.kms.katalon.core.main.TestCaseExecutor.doExecute(TestCaseExecutor.java:328)&#xD;
	at com.kms.katalon.core.main.TestCaseExecutor.processExecutionPhase(TestCaseExecutor.java:307)&#xD;
	at com.kms.katalon.core.main.TestCaseExecutor.accessMainPhase(TestCaseExecutor.java:299)&#xD;
	at com.kms.katalon.core.main.TestCaseExecutor.execute(TestCaseExecutor.java:233)&#xD;
	at com.kms.katalon.core.main.TestSuiteExecutor.accessTestCaseMainPhase(TestSuiteExecutor.java:169)&#xD;
	at com.kms.katalon.core.main.TestSuiteExecutor.accessTestSuiteMainPhase(TestSuiteExecutor.java:142)&#xD;
	at com.kms.katalon.core.main.TestSuiteExecutor.execute(TestSuiteExecutor.java:91)&#xD;
	at com.kms.katalon.core.main.TestCaseMain.startTestSuite(TestCaseMain.java:157)&#xD;
	at com.kms.katalon.core.main.TestCaseMain$startTestSuite$0.call(Unknown Source)&#xD;
	at TempTestSuite1572343764272.run(TempTestSuite1572343764272.groovy:35)&#xD;
Caused by: com.kms.katalon.core.exception.StepFailedException: Object 'Object Repository/Pages/FirstPayVault/button_CreateVault' is NOT visible&#xD;
	at com.kms.katalon.core.webui.keyword.internal.WebUIKeywordMain.stepFailed(WebUIKeywordMain.groovy:64)&#xD;
	at com.kms.katalon.core.webui.keyword.builtin.VerifyElementVisibleKeyword$_verifyElementVisible_closure1.doCall(VerifyElementVisibleKeyword.groovy:83)&#xD;
	at com.kms.katalon.core.webui.keyword.builtin.VerifyElementVisibleKeyword$_verifyElementVisible_closure1.call(VerifyElementVisibleKeyword.groovy)&#xD;
	at com.kms.katalon.core.webui.keyword.internal.WebUIKeywordMain.runKeyword(WebUIKeywordMain.groovy:20)&#xD;
	... 23 more&#xD;
)&#xD;
[[ATTACHMENT|C:\\VPOS_Internal\\VPOS_Internal\\Reports\\20191029_050924\\FirstView\\1stPayVault\\20191029_050924\\1572344513293.png]]&#xD;
&#xD;
2019-10-29 05:21:53 - [MESSAGE][FAILED] - 1stPayVault.ts:Click on CreateVault button is not clickable in time - 60seconds&#xD;
&#xD;
2019-10-29 05:21:53 - [MESSAGE][ERROR] - com.kms.katalon.core.exception.StepErrorException: 1stPayVault.ts:Click on CreateVault button is not Clickable&#xD;
&#xD;
2019-10-29 05:21:53 - [TEST_STEP][FAILED] - scrollToElement(findTestObject("Pages/FirstPayVault/input_VaultReferenceNumber"), PageLoadTime): Unable to scroll to object 'Object Repository/Pages/FirstPayVault/input_VaultReferenceNumber' (Root cause: com.kms.katalon.core.exception.StepFailedException: Unable to scroll to object 'Object Repository/Pages/FirstPayVault/input_VaultReferenceNumber'&#xD;
	at com.kms.katalon.core.webui.keyword.internal.WebUIKeywordMain.stepFailed(WebUIKeywordMain.groovy:64)&#xD;
	at com.kms.katalon.core.webui.keyword.internal.WebUIKeywordMain.runKeyword(WebUIKeywordMain.groovy:26)&#xD;
	at com.kms.katalon.core.webui.keyword.builtin.ScrollToElementKeyword.scrollToElement(ScrollToElementKeyword.groovy:88)&#xD;
	at com.kms.katalon.core.webui.keyword.builtin.ScrollToElementKeyword.execute(ScrollToElementKeyword.groovy:68)&#xD;
	at com.kms.katalon.core.keyword.internal.KeywordExecutor.executeKeywordForPlatform(KeywordExecutor.groovy:56)&#xD;
	at com.kms.katalon.core.webui.keyword.WebUiBuiltInKeywords.scrollToElement(WebUiBuiltInKeywords.groovy:2975)&#xD;
	at com.kms.katalon.core.webui.keyword.WebUiBuiltInKeywords$scrollToElement$2.call(Unknown Source)&#xD;
	at TC_1st_Pay_Vault_003.run(TC_1st_Pay_Vault_003:39)&#xD;
	at com.kms.katalon.core.main.ScriptEngine.run(ScriptEngine.java:194)&#xD;
	at com.kms.katalon.core.main.ScriptEngine.runScriptAsRawText(ScriptEngine.java:119)&#xD;
	at com.kms.katalon.core.main.TestCaseExecutor.runScript(TestCaseExecutor.java:337)&#xD;
	at com.kms.katalon.core.main.TestCaseExecutor.doExecute(TestCaseExecutor.java:328)&#xD;
	at com.kms.katalon.core.main.TestCaseExecutor.processExecutionPhase(TestCaseExecutor.java:307)&#xD;
	at com.kms.katalon.core.main.TestCaseExecutor.accessMainPhase(TestCaseExecutor.java:299)&#xD;
	at com.kms.katalon.core.main.TestCaseExecutor.execute(TestCaseExecutor.java:233)&#xD;
	at com.kms.katalon.core.main.TestSuiteExecutor.accessTestCaseMainPhase(TestSuiteExecutor.java:169)&#xD;
	at com.kms.katalon.core.main.TestSuiteExecutor.accessTestSuiteMainPhase(TestSuiteExecutor.java:142)&#xD;
	at com.kms.katalon.core.main.TestSuiteExecutor.execute(TestSuiteExecutor.java:91)&#xD;
	at com.kms.katalon.core.main.TestCaseMain.startTestSuite(TestCaseMain.java:157)&#xD;
	at com.kms.katalon.core.main.TestCaseMain$startTestSuite$0.call(Unknown Source)&#xD;
	at TempTestSuite1572343764272.run(TempTestSuite1572343764272.groovy:35)&#xD;
Caused by: com.kms.katalon.core.webui.exception.WebElementNotFoundException: Web element with id: 'Object Repository/Pages/FirstPayVault/input_VaultReferenceNumber' located by 'By.xpath: //label[text()='1stPayVault Reference Number']/parent::div/following-sibling::div//input[@id='text-refund-info-amount']' not found&#xD;
	at com.kms.katalon.core.webui.common.WebUiCommonHelper.findWebElement(WebUiCommonHelper.java:1097)&#xD;
	at com.kms.katalon.core.webui.keyword.internal.WebUIAbstractKeyword.findWebElement(WebUIAbstractKeyword.groovy:27)&#xD;
	at com.kms.katalon.core.webui.keyword.internal.WebUIAbstractKeyword.findWebElement(WebUIAbstractKeyword.groovy:26)&#xD;
	at com.kms.katalon.core.webui.keyword.builtin.ScrollToElementKeyword$_scrollToElement_closure1.doCall(ScrollToElementKeyword.groovy:79)&#xD;
	at com.kms.katalon.core.webui.keyword.builtin.ScrollToElementKeyword$_scrollToElement_closure1.call(ScrollToElementKeyword.groovy)&#xD;
	at com.kms.katalon.core.webui.keyword.internal.WebUIKeywordMain.runKeyword(WebUIKeywordMain.groovy:20)&#xD;
	at com.kms.katalon.core.webui.keyword.builtin.ScrollToElementKeyword.scrollToElement(ScrollToElementKeyword.groovy:88)&#xD;
	at com.kms.katalon.core.webui.keyword.builtin.ScrollToElementKeyword.execute(ScrollToElementKeyword.groovy:68)&#xD;
	at com.kms.katalon.core.keyword.internal.KeywordExecutor.executeKeywordForPlatform(KeywordExecutor.groovy:56)&#xD;
	at com.kms.katalon.core.webui.keyword.WebUiBuiltInKeywords.scrollToElement(WebUiBuiltInKeywords.groovy:2975)&#xD;
	at com.kms.katalon.core.webui.keyword.WebUiBuiltInKeywords$scrollToElement$2.call(Unknown Source)&#xD;
	at Script1568713577559.run(Script1568713577559.groovy:39)&#xD;
	... 13 more&#xD;
)&#xD;
&#xD;
2019-10-29 05:22:25 - [MESSAGE][INFO] - Unable to find the element located by 'By.xpath: //label[text()='1stPayVault Reference Number']/parent::div/following-sibling::div//input[@id='text-refund-info-amount']'. Please recheck the objects properties to make sure the desired element is located. &#xD;
&#xD;
2019-10-29 05:22:25 - [MESSAGE][FAILED] - Unable to scroll to object 'Object Repository/Pages/FirstPayVault/input_VaultReferenceNumber' (Root cause: com.kms.katalon.core.exception.StepFailedException: Unable to scroll to object 'Object Repository/Pages/FirstPayVault/input_VaultReferenceNumber'&#xD;
	at com.kms.katalon.core.webui.keyword.internal.WebUIKeywordMain.stepFailed(WebUIKeywordMain.groovy:64)&#xD;
	at com.kms.katalon.core.webui.keyword.internal.WebUIKeywordMain.runKeyword(WebUIKeywordMain.groovy:26)&#xD;
	at com.kms.katalon.core.webui.keyword.builtin.ScrollToElementKeyword.scrollToElement(ScrollToElementKeyword.groovy:88)&#xD;
	at com.kms.katalon.core.webui.keyword.builtin.ScrollToElementKeyword.execute(ScrollToElementKeyword.groovy:68)&#xD;
	at com.kms.katalon.core.keyword.internal.KeywordExecutor.executeKeywordForPlatform(KeywordExecutor.groovy:56)&#xD;
	at com.kms.katalon.core.webui.keyword.WebUiBuiltInKeywords.scrollToElement(WebUiBuiltInKeywords.groovy:2975)&#xD;
	at com.kms.katalon.core.webui.keyword.WebUiBuiltInKeywords$scrollToElement$2.call(Unknown Source)&#xD;
	at TC_1st_Pay_Vault_003.run(TC_1st_Pay_Vault_003:39)&#xD;
	at com.kms.katalon.core.main.ScriptEngine.run(ScriptEngine.java:194)&#xD;
	at com.kms.katalon.core.main.ScriptEngine.runScriptAsRawText(ScriptEngine.java:119)&#xD;
	at com.kms.katalon.core.main.TestCaseExecutor.runScript(TestCaseExecutor.java:337)&#xD;
	at com.kms.katalon.core.main.TestCaseExecutor.doExecute(TestCaseExecutor.java:328)&#xD;
	at com.kms.katalon.core.main.TestCaseExecutor.processExecutionPhase(TestCaseExecutor.java:307)&#xD;
	at com.kms.katalon.core.main.TestCaseExecutor.accessMainPhase(TestCaseExecutor.java:299)&#xD;
	at com.kms.katalon.core.main.TestCaseExecutor.execute(TestCaseExecutor.java:233)&#xD;
	at com.kms.katalon.core.main.TestSuiteExecutor.accessTestCaseMainPhase(TestSuiteExecutor.java:169)&#xD;
	at com.kms.katalon.core.main.TestSuiteExecutor.accessTestSuiteMainPhase(TestSuiteExecutor.java:142)&#xD;
	at com.kms.katalon.core.main.TestSuiteExecutor.execute(TestSuiteExecutor.java:91)&#xD;
	at com.kms.katalon.core.main.TestCaseMain.startTestSuite(TestCaseMain.java:157)&#xD;
	at com.kms.katalon.core.main.TestCaseMain$startTestSuite$0.call(Unknown Source)&#xD;
	at TempTestSuite1572343764272.run(TempTestSuite1572343764272.groovy:35)&#xD;
Caused by: com.kms.katalon.core.webui.exception.WebElementNotFoundException: Web element with id: 'Object Repository/Pages/FirstPayVault/input_VaultReferenceNumber' located by 'By.xpath: //label[text()='1stPayVault Reference Number']/parent::div/following-sibling::div//input[@id='text-refund-info-amount']' not found&#xD;
	at com.kms.katalon.core.webui.common.WebUiCommonHelper.findWebElement(WebUiCommonHelper.java:1097)&#xD;
	at com.kms.katalon.core.webui.keyword.internal.WebUIAbstractKeyword.findWebElement(WebUIAbstractKeyword.groovy:27)&#xD;
	at com.kms.katalon.core.webui.keyword.internal.WebUIAbstractKeyword.findWebElement(WebUIAbstractKeyword.groovy:26)&#xD;
	at com.kms.katalon.core.webui.keyword.builtin.ScrollToElementKeyword$_scrollToElement_closure1.doCall(ScrollToElementKeyword.groovy:79)&#xD;
	at com.kms.katalon.core.webui.keyword.builtin.ScrollToElementKeyword$_scrollToElement_closure1.call(ScrollToElementKeyword.groovy)&#xD;
	at com.kms.katalon.core.webui.keyword.internal.WebUIKeywordMain.runKeyword(WebUIKeywordMain.groovy:20)&#xD;
	at com.kms.katalon.core.webui.keyword.builtin.ScrollToElementKeyword.scrollToElement(ScrollToElementKeyword.groovy:88)&#xD;
	at com.kms.katalon.core.webui.keyword.builtin.ScrollToElementKeyword.execute(ScrollToElementKeyword.groovy:68)&#xD;
	at com.kms.katalon.core.keyword.internal.KeywordExecutor.executeKeywordForPlatform(KeywordExecutor.groovy:56)&#xD;
	at com.kms.katalon.core.webui.keyword.WebUiBuiltInKeywords.scrollToElement(WebUiBuiltInKeywords.groovy:2975)&#xD;
	at com.kms.katalon.core.webui.keyword.WebUiBuiltInKeywords$scrollToElement$2.call(Unknown Source)&#xD;
	at Script1568713577559.run(Script1568713577559.groovy:39)&#xD;
	... 13 more&#xD;
)&#xD;
[[ATTACHMENT|C:\\VPOS_Internal\\VPOS_Internal\\Reports\\20191029_050924\\FirstView\\1stPayVault\\20191029_050924\\1572344545175.png]]&#xD;
&#xD;
2019-10-29 05:22:25 - [TEST_STEP][PASSED] - Start listener action : sampleAfterTestCase: Taking screenshot successfully&#xD;
&#xD;
2019-10-29 05:22:25 - [TEST_STEP][PASSED] - println(testCaseContext.getTestCaseId()): null&#xD;
&#xD;
2019-10-29 05:22:25 - [TEST_STEP][PASSED] - println(testCaseContext.getTestCaseStatus()): null&#xD;
&#xD;
2019-10-29 05:22:25 - [TEST_STEP][PASSED] - testCaseName = testCaseContext.getTestCaseId(): null&#xD;
&#xD;
2019-10-29 05:22:25 - [TEST_STEP][PASSED] - strCount = testCaseName.lastIndexOf("/"): null&#xD;
&#xD;
2019-10-29 05:22:25 - [TEST_STEP][PASSED] - testCaseName = testCaseName.substring(strCount): null&#xD;
&#xD;
2019-10-29 05:22:25 - [TEST_STEP][PASSED] - println(testCaseName): null&#xD;
&#xD;
2019-10-29 05:22:25 - [TEST_STEP][PASSED] - if (getTestCaseStatus().equalsIgnoreCase("Error")): Taking screenshot successfully&#xD;
&#xD;
2019-10-29 05:22:25 - [TEST_STEP][PASSED] - takeScreenshot(getReportFolder() + "/Screenshots/" + testCaseName + ".png"): Taking screenshot successfully&#xD;
&#xD;
2019-10-29 05:22:25 - [MESSAGE][PASSED] - Taking screenshot successfully&#xD;
[[ATTACHMENT|C:\\VPOS_Internal\\VPOS_Internal\\Reports\\20191029_050924\\FirstView\\1stPayVault\\20191029_050924/Screenshots//TC_1st_Pay_Vault_003.png]]&#xD;
&#xD;
2019-10-29 05:22:25 - [TEST_STEP][PASSED] - Start listener action : sampleAfterTestCase: null</system-out>
            <system-err>2019-10-29 05:21:15 - [TEST_CASE][ERROR] - Test Cases/FirstView/FirstPayVault/TC_1st_Pay_Vault_003: Test Cases/FirstView/FirstPayVault/TC_1st_Pay_Vault_003 FAILED.
Reason:
com.kms.katalon.core.exception.StepErrorException: 1stPayVault.ts:Click on FirstPayVault tab is not clickable in time - 60seconds&#xD;
	at com.kms.katalon.core.util.KeywordUtil.markError(KeywordUtil.java:65)&#xD;
	at com.kms.katalon.core.util.KeywordUtil$markError$0.call(Unknown Source)&#xD;
	at utilities.SafeActions.safeClickWithoutScroll(SafeActions.groovy:146)&#xD;
	at utilities.SafeActions.invokeMethod(SafeActions.groovy)&#xD;
	at com.kms.katalon.core.main.CustomKeywordDelegatingMetaClass.invokeStaticMethod(CustomKeywordDelegatingMetaClass.java:50)&#xD;
	at TC_1st_Pay_Vault_003.run(TC_1st_Pay_Vault_003:34)&#xD;
	at com.kms.katalon.core.main.ScriptEngine.run(ScriptEngine.java:194)&#xD;
	at com.kms.katalon.core.main.ScriptEngine.runScriptAsRawText(ScriptEngine.java:119)&#xD;
	at com.kms.katalon.core.main.TestCaseExecutor.runScript(TestCaseExecutor.java:337)&#xD;
	at com.kms.katalon.core.main.TestCaseExecutor.doExecute(TestCaseExecutor.java:328)&#xD;
	at com.kms.katalon.core.main.TestCaseExecutor.processExecutionPhase(TestCaseExecutor.java:307)&#xD;
	at com.kms.katalon.core.main.TestCaseExecutor.accessMainPhase(TestCaseExecutor.java:299)&#xD;
	at com.kms.katalon.core.main.TestCaseExecutor.execute(TestCaseExecutor.java:233)&#xD;
	at com.kms.katalon.core.main.TestSuiteExecutor.accessTestCaseMainPhase(TestSuiteExecutor.java:169)&#xD;
	at com.kms.katalon.core.main.TestSuiteExecutor.accessTestSuiteMainPhase(TestSuiteExecutor.java:142)&#xD;
	at com.kms.katalon.core.main.TestSuiteExecutor.execute(TestSuiteExecutor.java:91)&#xD;
	at com.kms.katalon.core.main.TestCaseMain.startTestSuite(TestCaseMain.java:157)&#xD;
	at com.kms.katalon.core.main.TestCaseMain$startTestSuite$0.call(Unknown Source)&#xD;
	at TempTestSuite1572343764272.run(TempTestSuite1572343764272.groovy:35)</system-err>
        </testcase>
        <testcase name="Test Cases/FirstView/FirstPayVault/TC_1st_Pay_Vault_004" classname="Test Cases/FirstView/FirstPayVault/TC_1st_Pay_Vault_004" status="ERROR">
            <error type="ERROR" message="Test Cases/FirstView/FirstPayVault/TC_1st_Pay_Vault_004 FAILED.&#xA;Reason:&#xA;com.kms.katalon.core.exception.StepErrorException: 1stPayVault.ts:Click on FirstPayVault tab is not clickable in time - 60seconds&#xD;&#xA;&#x9;at com.kms.katalon.core.util.KeywordUtil.markError(KeywordUtil.java:65)&#xD;&#xA;&#x9;at com.kms.katalon.core.util.KeywordUtil$markError$0.call(Unknown Source)&#xD;&#xA;&#x9;at utilities.SafeActions.safeClickWithoutScroll(SafeActions.groovy:146)&#xD;&#xA;&#x9;at utilities.SafeActions.invokeMethod(SafeActions.groovy)&#xD;&#xA;&#x9;at com.kms.katalon.core.main.CustomKeywordDelegatingMetaClass.invokeStaticMethod(CustomKeywordDelegatingMetaClass.java:50)&#xD;&#xA;&#x9;at TC_1st_Pay_Vault_004.run(TC_1st_Pay_Vault_004:34)&#xD;&#xA;&#x9;at com.kms.katalon.core.main.ScriptEngine.run(ScriptEngine.java:194)&#xD;&#xA;&#x9;at com.kms.katalon.core.main.ScriptEngine.runScriptAsRawText(ScriptEngine.java:119)&#xD;&#xA;&#x9;at com.kms.katalon.core.main.TestCaseExecutor.runScript(TestCaseExecutor.java:337)&#xD;&#xA;&#x9;at com.kms.katalon.core.main.TestCaseExecutor.doExecute(TestCaseExecutor.java:328)&#xD;&#xA;&#x9;at com.kms.katalon.core.main.TestCaseExecutor.processExecutionPhase(TestCaseExecutor.java:307)&#xD;&#xA;&#x9;at com.kms.katalon.core.main.TestCaseExecutor.accessMainPhase(TestCaseExecutor.java:299)&#xD;&#xA;&#x9;at com.kms.katalon.core.main.TestCaseExecutor.execute(TestCaseExecutor.java:233)&#xD;&#xA;&#x9;at com.kms.katalon.core.main.TestSuiteExecutor.accessTestCaseMainPhase(TestSuiteExecutor.java:169)&#xD;&#xA;&#x9;at com.kms.katalon.core.main.TestSuiteExecutor.accessTestSuiteMainPhase(TestSuiteExecutor.java:142)&#xD;&#xA;&#x9;at com.kms.katalon.core.main.TestSuiteExecutor.execute(TestSuiteExecutor.java:91)&#xD;&#xA;&#x9;at com.kms.katalon.core.main.TestCaseMain.startTestSuite(TestCaseMain.java:157)&#xD;&#xA;&#x9;at com.kms.katalon.core.main.TestCaseMain$startTestSuite$0.call(Unknown Source)&#xD;&#xA;&#x9;at TempTestSuite1572343764272.run(TempTestSuite1572343764272.groovy:35)&#xD;&#xA;"/>
            <system-out>2019-10-29 05:22:25 - [TEST_CASE][ERROR] - Test Cases/FirstView/FirstPayVault/TC_1st_Pay_Vault_004: Test Cases/FirstView/FirstPayVault/TC_1st_Pay_Vault_004 FAILED.
Reason:
com.kms.katalon.core.exception.StepErrorException: 1stPayVault.ts:Click on FirstPayVault tab is not clickable in time - 60seconds&#xD;
	at com.kms.katalon.core.util.KeywordUtil.markError(KeywordUtil.java:65)&#xD;
	at com.kms.katalon.core.util.KeywordUtil$markError$0.call(Unknown Source)&#xD;
	at utilities.SafeActions.safeClickWithoutScroll(SafeActions.groovy:146)&#xD;
	at utilities.SafeActions.invokeMethod(SafeActions.groovy)&#xD;
	at com.kms.katalon.core.main.CustomKeywordDelegatingMetaClass.invokeStaticMethod(CustomKeywordDelegatingMetaClass.java:50)&#xD;
	at TC_1st_Pay_Vault_004.run(TC_1st_Pay_Vault_004:34)&#xD;
	at com.kms.katalon.core.main.ScriptEngine.run(ScriptEngine.java:194)&#xD;
	at com.kms.katalon.core.main.ScriptEngine.runScriptAsRawText(ScriptEngine.java:119)&#xD;
	at com.kms.katalon.core.main.TestCaseExecutor.runScript(TestCaseExecutor.java:337)&#xD;
	at com.kms.katalon.core.main.TestCaseExecutor.doExecute(TestCaseExecutor.java:328)&#xD;
	at com.kms.katalon.core.main.TestCaseExecutor.processExecutionPhase(TestCaseExecutor.java:307)&#xD;
	at com.kms.katalon.core.main.TestCaseExecutor.accessMainPhase(TestCaseExecutor.java:299)&#xD;
	at com.kms.katalon.core.main.TestCaseExecutor.execute(TestCaseExecutor.java:233)&#xD;
	at com.kms.katalon.core.main.TestSuiteExecutor.accessTestCaseMainPhase(TestSuiteExecutor.java:169)&#xD;
	at com.kms.katalon.core.main.TestSuiteExecutor.accessTestSuiteMainPhase(TestSuiteExecutor.java:142)&#xD;
	at com.kms.katalon.core.main.TestSuiteExecutor.execute(TestSuiteExecutor.java:91)&#xD;
	at com.kms.katalon.core.main.TestCaseMain.startTestSuite(TestCaseMain.java:157)&#xD;
	at com.kms.katalon.core.main.TestCaseMain$startTestSuite$0.call(Unknown Source)&#xD;
	at TempTestSuite1572343764272.run(TempTestSuite1572343764272.groovy:35)&#xD;
&#xD;
&#xD;
2019-10-29 05:22:25 - [TEST_STEP][PASSED] - Start listener action : sampleBeforeTestCase: null&#xD;
&#xD;
2019-10-29 05:22:25 - [TEST_STEP][PASSED] - println(testCaseContext.getTestCaseId()): null&#xD;
&#xD;
2019-10-29 05:22:25 - [TEST_STEP][PASSED] - println(testCaseContext.getTestCaseVariables()): null&#xD;
&#xD;
2019-10-29 05:22:26 - [TEST_STEP][NOT_RUN] - utilities.SafeActions.openBrowser(Old_URL, [PageLoadTime]): NOT_RUN: utilities.SafeActions.openBrowser(Old_URL, [PageLoadTime])&#xD;
&#xD;
2019-10-29 05:22:26 - [MESSAGE][NOT_RUN] - NOT_RUN: utilities.SafeActions.openBrowser(Old_URL, [PageLoadTime])&#xD;
&#xD;
2019-10-29 05:22:26 - [TEST_STEP][NOT_RUN] - delay(6): NOT_RUN: delay(6)&#xD;
&#xD;
2019-10-29 05:22:26 - [MESSAGE][NOT_RUN] - NOT_RUN: delay(6)&#xD;
&#xD;
2019-10-29 05:22:26 - [TEST_STEP][NOT_RUN] - utilities.SafeActions.safeSelectOptionInDropDownByVisibleText(findTestObject("Pages/Sale/dropDown_AccountType"), "ranjanatest2 - 888814981372/001 Account Type: Retail", "Select by Value", [25]): NOT_RUN: utilities.SafeActions.safeSelectOptionInDropDownByVisibleText(findTestObject("Pages/Sale/dropDown_AccountType"), "ranjanatest2 - 888814981372/001 Account Type: Retail", "Select by Value", [25])&#xD;
&#xD;
2019-10-29 05:22:26 - [MESSAGE][NOT_RUN] - NOT_RUN: utilities.SafeActions.safeSelectOptionInDropDownByVisibleText(findTestObject("Pages/Sale/dropDown_AccountType"), "ranjanatest2 - 888814981372/001 Account Type: Retail", "Select by Value", [25])&#xD;
&#xD;
2019-10-29 05:22:26 - [TEST_STEP][PASSED] - utilities.SafeActions.openBrowser(URL, [PageLoadTime]): utilities.SafeActions.openBrowser is PASSED&#xD;
&#xD;
2019-10-29 05:22:26 - [MESSAGE][INFO] - Opening Browser&#xD;
&#xD;
2019-10-29 05:22:26 - [MESSAGE][WARNING] - A browser is already opened. Closing browser and opening a new one&#xD;
&#xD;
2019-10-29 05:22:31 - [MESSAGE][INFO] - Starting 'Firefox' driver&#xD;
&#xD;
2019-10-29 05:22:47 - [MESSAGE][PASSED] - Browser is opened with url: 'https://q-www-firstview-net.faps.net/MVC/Account/Login'&#xD;
&#xD;
2019-10-29 05:22:47 - [MESSAGE][PASSED] - Current window maximized&#xD;
&#xD;
2019-10-29 05:22:47 - [MESSAGE][INFO] - Browser Launched Successfully&#xD;
&#xD;
2019-10-29 05:22:47 - [MESSAGE][PASSED] - utilities.SafeActions.openBrowser is PASSED&#xD;
&#xD;
2019-10-29 05:22:47 - [TEST_STEP][PASSED] - pages.Login.login(uName, password): pages.Login.login is PASSED&#xD;
&#xD;
2019-10-29 05:22:48 - [MESSAGE][PASSED] - Object 'Object Repository/Pages/Login/userName' is present&#xD;
&#xD;
2019-10-29 05:22:48 - [MESSAGE][PASSED] - Scroll to object 'Object Repository/Pages/Login/userName' successfully&#xD;
&#xD;
2019-10-29 05:22:48 - [MESSAGE][PASSED] - Object 'Object Repository/Pages/Login/userName' is present&#xD;
&#xD;
2019-10-29 05:22:49 - [MESSAGE][PASSED] - Object: 'Object Repository/Pages/Login/userName' is clicked on&#xD;
&#xD;
2019-10-29 05:22:49 - [MESSAGE][PASSED] - Text 'ZenQRetail' is set on object 'Object Repository/Pages/Login/userName'&#xD;
&#xD;
2019-10-29 05:22:49 - [MESSAGE][PASSED] - Object 'Object Repository/Pages/Login/password' is present&#xD;
&#xD;
2019-10-29 05:22:49 - [MESSAGE][PASSED] - Scroll to object 'Object Repository/Pages/Login/password' successfully&#xD;
&#xD;
2019-10-29 05:22:49 - [MESSAGE][PASSED] - Object 'Object Repository/Pages/Login/password' is present&#xD;
&#xD;
2019-10-29 05:22:50 - [MESSAGE][PASSED] - Object: 'Object Repository/Pages/Login/password' is clicked on&#xD;
&#xD;
2019-10-29 05:22:50 - [MESSAGE][PASSED] - Text 'P@ssword1' is set on object 'Object Repository/Pages/Login/password'&#xD;
&#xD;
2019-10-29 05:22:50 - [MESSAGE][INFO] - Safe Click Without scroll&#xD;
&#xD;
2019-10-29 05:22:50 - [MESSAGE][INFO] - 1stPayVault.ts:waiting until Click on Login is Clickable&#xD;
&#xD;
2019-10-29 05:22:50 - [MESSAGE][PASSED] - Object 'Object Repository/Pages/Login/login' is clickable&#xD;
&#xD;
2019-10-29 05:22:50 - [MESSAGE][PASSED] - Object 'Object Repository/Pages/Login/login' is visible&#xD;
&#xD;
2019-10-29 05:22:52 - [MESSAGE][PASSED] - Object: 'Object Repository/Pages/Login/login' is clicked on&#xD;
&#xD;
2019-10-29 05:22:52 - [MESSAGE][INFO] - 1stPayVault.ts: click on the Click on Login&#xD;
&#xD;
2019-10-29 05:22:52 - [MESSAGE][PASSED] - pages.Login.login is PASSED&#xD;
&#xD;
2019-10-29 05:22:52 - [TEST_STEP][PASSED] - callTestCase(findTestCase("FirstView/Login/TC_SendCode"), [:], STOP_ON_FAILURE): Call Test Case 'Test Cases/FirstView/Login/TC_SendCode' successfully&#xD;
&#xD;
2019-10-29 05:22:53 - [TEST_CASE][PASSED] - Test Cases/FirstView/Login/TC_SendCode: Test Cases/FirstView/Login/TC_SendCode&#xD;
&#xD;
2019-10-29 05:22:53 - [TEST_STEP][PASSED] - flag = pages.SendCode.verifyPage(): pages.SendCode.verifyPage is PASSED&#xD;
&#xD;
2019-10-29 05:22:53 - [MESSAGE][PASSED] - Object 'Object Repository/Pages/SendCodeToValidate/header_SendCodeToValidate' is present and visible in viewport&#xD;
&#xD;
2019-10-29 05:22:53 - [MESSAGE][PASSED] - pages.SendCode.verifyPage is PASSED&#xD;
&#xD;
2019-10-29 05:22:53 - [TEST_STEP][PASSED] - if (flag): pages.SendCode.clickonUserSettings is PASSED&#xD;
&#xD;
2019-10-29 05:22:53 - [TEST_STEP][PASSED] - pages.SendCode.clickonUserSettings(): pages.SendCode.clickonUserSettings is PASSED&#xD;
&#xD;
2019-10-29 05:22:53 - [MESSAGE][PASSED] - Object 'Object Repository/Pages/SendCodeToValidate/link_UserSettings' is present&#xD;
&#xD;
2019-10-29 05:22:53 - [MESSAGE][PASSED] - Object 'Object Repository/Pages/SendCodeToValidate/link_UserSettings' is visible&#xD;
&#xD;
2019-10-29 05:22:53 - [MESSAGE][INFO] - 1stPayVault.ts:waiting until Click on User Settings is Clickable&#xD;
&#xD;
2019-10-29 05:22:53 - [MESSAGE][PASSED] - Object 'Object Repository/Pages/SendCodeToValidate/link_UserSettings' is clickable&#xD;
&#xD;
2019-10-29 05:22:53 - [MESSAGE][PASSED] - Object 'Object Repository/Pages/SendCodeToValidate/link_UserSettings' is visible&#xD;
&#xD;
2019-10-29 05:22:56 - [MESSAGE][PASSED] - Object: 'Object Repository/Pages/SendCodeToValidate/link_UserSettings' is clicked on&#xD;
&#xD;
2019-10-29 05:22:56 - [MESSAGE][INFO] - 1stPayVault.ts: Clicked on the Click on User Settings&#xD;
&#xD;
2019-10-29 05:22:56 - [MESSAGE][PASSED] - pages.SendCode.clickonUserSettings is PASSED&#xD;
&#xD;
2019-10-29 05:22:56 - [MESSAGE][PASSED] - Call Test Case 'Test Cases/FirstView/Login/TC_SendCode' successfully&#xD;
&#xD;
2019-10-29 05:22:56 - [TEST_STEP][PASSED] - callTestCase(findTestCase("FirstView/Login/TC_FirstView"), [:], STOP_ON_FAILURE): Call Test Case 'Test Cases/FirstView/Login/TC_FirstView' successfully&#xD;
&#xD;
2019-10-29 05:22:56 - [TEST_CASE][PASSED] - Test Cases/FirstView/Login/TC_FirstView: Test Cases/FirstView/Login/TC_FirstView&#xD;
&#xD;
2019-10-29 05:22:56 - [TEST_STEP][NOT_RUN] - utilities.SafeActions.safeClickWithoutScroll(findTestObject("Pages/FirstView/link_Home"), "Click on Home button in First View screen", [PageLoadTime]): NOT_RUN: utilities.SafeActions.safeClickWithoutScroll(findTestObject("Pages/FirstView/link_Home"), "Click on Home button in First View screen", [PageLoadTime])&#xD;
&#xD;
2019-10-29 05:22:56 - [MESSAGE][NOT_RUN] - NOT_RUN: utilities.SafeActions.safeClickWithoutScroll(findTestObject("Pages/FirstView/link_Home"), "Click on Home button in First View screen", [PageLoadTime])&#xD;
&#xD;
2019-10-29 05:22:56 - [TEST_STEP][PASSED] - utilities.SafeActions.javascriptclick(findTestObject("Pages/FirstView/link_Home"), delayForElement): utilities.SafeActions.javascriptclick is PASSED&#xD;
&#xD;
2019-10-29 05:22:57 - [MESSAGE][PASSED] - utilities.SafeActions.javascriptclick is PASSED&#xD;
&#xD;
2019-10-29 05:22:57 - [TEST_STEP][PASSED] - utilities.SafeActions.safeClickWithoutScroll(findTestObject("Pages/FirstView/link_VPOS"), "Click on VPOS button in First View screen", [PageLoadTime]): utilities.SafeActions.safeClickWithoutScroll is PASSED&#xD;
&#xD;
2019-10-29 05:22:57 - [MESSAGE][INFO] - Safe Click Without scroll&#xD;
&#xD;
2019-10-29 05:22:57 - [MESSAGE][INFO] - 1stPayVault.ts:waiting until Click on VPOS button in First View screen is Clickable&#xD;
&#xD;
2019-10-29 05:22:59 - [MESSAGE][PASSED] - Object 'Object Repository/Pages/FirstView/link_VPOS' is clickable&#xD;
&#xD;
2019-10-29 05:22:59 - [MESSAGE][PASSED] - Object 'Object Repository/Pages/FirstView/link_VPOS' is visible&#xD;
&#xD;
2019-10-29 05:23:00 - [MESSAGE][PASSED] - Object: 'Object Repository/Pages/FirstView/link_VPOS' is clicked on&#xD;
&#xD;
2019-10-29 05:23:00 - [MESSAGE][INFO] - 1stPayVault.ts: click on the Click on VPOS button in First View screen&#xD;
&#xD;
2019-10-29 05:23:00 - [MESSAGE][PASSED] - utilities.SafeActions.safeClickWithoutScroll is PASSED&#xD;
&#xD;
2019-10-29 05:23:00 - [MESSAGE][PASSED] - Call Test Case 'Test Cases/FirstView/Login/TC_FirstView' successfully&#xD;
&#xD;
2019-10-29 05:23:00 - [TEST_STEP][PASSED] - switchToWindowTitle("Transcenter - VPOS"): Switched to window with title: 'Transcenter - VPOS'&#xD;
&#xD;
2019-10-29 05:23:04 - [MESSAGE][PASSED] - Switched to window with title: 'Transcenter - VPOS'&#xD;
&#xD;
2019-10-29 05:23:04 - [TEST_STEP][ERROR] - utilities.SafeActions.safeClickWithoutScroll(findTestObject("Pages/FirstPayVault/tab_FirstPayVault"), "Click on FirstPayVault tab", [PageLoadTime]): com.kms.katalon.core.exception.StepErrorException: 1stPayVault.ts:Click on FirstPayVault tab is not clickable in time - 60seconds&#xD;
&#xD;
2019-10-29 05:23:04 - [MESSAGE][INFO] - Safe Click Without scroll&#xD;
&#xD;
2019-10-29 05:23:04 - [MESSAGE][INFO] - 1stPayVault.ts:waiting until Click on FirstPayVault tab is Clickable&#xD;
&#xD;
2019-10-29 05:23:08 - [MESSAGE][PASSED] - Object 'Object Repository/Pages/FirstPayVault/tab_FirstPayVault' is clickable&#xD;
&#xD;
2019-10-29 05:23:08 - [MESSAGE][PASSED] - Object 'Object Repository/Pages/FirstPayVault/tab_FirstPayVault' is visible&#xD;
&#xD;
2019-10-29 05:23:09 - [MESSAGE][FAILED] - Unable to click on object 'Object Repository/Pages/FirstPayVault/tab_FirstPayVault' (Root cause: com.kms.katalon.core.exception.StepFailedException: Unable to click on object 'Object Repository/Pages/FirstPayVault/tab_FirstPayVault'&#xD;
	at com.kms.katalon.core.webui.keyword.internal.WebUIKeywordMain.stepFailed(WebUIKeywordMain.groovy:64)&#xD;
	at com.kms.katalon.core.webui.keyword.internal.WebUIKeywordMain.runKeyword(WebUIKeywordMain.groovy:26)&#xD;
	at com.kms.katalon.core.webui.keyword.builtin.ClickKeyword.click(ClickKeyword.groovy:86)&#xD;
	at com.kms.katalon.core.webui.keyword.builtin.ClickKeyword.execute(ClickKeyword.groovy:67)&#xD;
	at com.kms.katalon.core.keyword.internal.KeywordExecutor.executeKeywordForPlatform(KeywordExecutor.groovy:56)&#xD;
	at com.kms.katalon.core.webui.keyword.WebUiBuiltInKeywords.click(WebUiBuiltInKeywords.groovy:616)&#xD;
	at com.kms.katalon.core.webui.keyword.WebUiBuiltInKeywords$click$4.call(Unknown Source)&#xD;
	at utilities.SafeActions.safeClickWithoutScroll(SafeActions.groovy:138)&#xD;
	at utilities.SafeActions.invokeMethod(SafeActions.groovy)&#xD;
	at com.kms.katalon.core.main.CustomKeywordDelegatingMetaClass.invokeStaticMethod(CustomKeywordDelegatingMetaClass.java:50)&#xD;
	at TC_1st_Pay_Vault_004.run(TC_1st_Pay_Vault_004:34)&#xD;
	at com.kms.katalon.core.main.ScriptEngine.run(ScriptEngine.java:194)&#xD;
	at com.kms.katalon.core.main.ScriptEngine.runScriptAsRawText(ScriptEngine.java:119)&#xD;
	at com.kms.katalon.core.main.TestCaseExecutor.runScript(TestCaseExecutor.java:337)&#xD;
	at com.kms.katalon.core.main.TestCaseExecutor.doExecute(TestCaseExecutor.java:328)&#xD;
	at com.kms.katalon.core.main.TestCaseExecutor.processExecutionPhase(TestCaseExecutor.java:307)&#xD;
	at com.kms.katalon.core.main.TestCaseExecutor.accessMainPhase(TestCaseExecutor.java:299)&#xD;
	at com.kms.katalon.core.main.TestCaseExecutor.execute(TestCaseExecutor.java:233)&#xD;
	at com.kms.katalon.core.main.TestSuiteExecutor.accessTestCaseMainPhase(TestSuiteExecutor.java:169)&#xD;
	at com.kms.katalon.core.main.TestSuiteExecutor.accessTestSuiteMainPhase(TestSuiteExecutor.java:142)&#xD;
	at com.kms.katalon.core.main.TestSuiteExecutor.execute(TestSuiteExecutor.java:91)&#xD;
	at com.kms.katalon.core.main.TestCaseMain.startTestSuite(TestCaseMain.java:157)&#xD;
	at com.kms.katalon.core.main.TestCaseMain$startTestSuite$0.call(Unknown Source)&#xD;
	at TempTestSuite1572343764272.run(TempTestSuite1572343764272.groovy:35)&#xD;
Caused by: org.openqa.selenium.ElementClickInterceptedException: Element &lt;span class="title title_center"&gt; is not clickable at point (296,163) because another element &lt;div id="transcenter-modal-progress" class="modal fade show"&gt; obscures it
Build info: version: '3.141.59', revision: 'e82be7d358', time: '2018-11-14T08:25:53'
System info: host: 'FW1-D-DTA-ZENQ1', ip: '172.25.52.168', os.name: 'Windows 10', os.arch: 'amd64', os.version: '10.0', java.version: '1.8.0_181'
Driver info: com.kms.katalon.core.webui.driver.firefox.CGeckoDriver
Capabilities {acceptInsecureCerts: true, browserName: firefox, browserVersion: 68.0.2, javascriptEnabled: true, moz:accessibilityChecks: false, moz:buildID: 20190813150448, moz:geckodriverVersion: 0.23.0, moz:headless: false, moz:processID: 372588, moz:profile: C:\Users\venkata.annam\AppD..., moz:shutdownTimeout: 60000, moz:useNonSpecCompliantPointerOrigin: false, moz:webdriverClick: true, pageLoadStrategy: normal, platform: WINDOWS, platformName: WINDOWS, platformVersion: 10.0, proxy: Proxy(direct), rotatable: false, setWindowRect: true, strictFileInteractability: false, timeouts: {implicit: 0, pageLoad: 300000, script: 30000}, unhandledPromptBehavior: dismiss and notify}
Session ID: 9aa9f9e5-cd70-4fcb-acda-573dc0a1cd3e&#xD;
	at org.openqa.selenium.remote.http.W3CHttpResponseCodec.createException(W3CHttpResponseCodec.java:187)&#xD;
	at org.openqa.selenium.remote.http.W3CHttpResponseCodec.decode(W3CHttpResponseCodec.java:122)&#xD;
	at org.openqa.selenium.remote.http.W3CHttpResponseCodec.decode(W3CHttpResponseCodec.java:49)&#xD;
	at org.openqa.selenium.remote.HttpCommandExecutor.execute(HttpCommandExecutor.java:158)&#xD;
	at org.openqa.selenium.remote.service.DriverCommandExecutor.execute(DriverCommandExecutor.java:83)&#xD;
	at org.openqa.selenium.remote.RemoteWebDriver.execute(RemoteWebDriver.java:552)&#xD;
	at com.kms.katalon.selenium.driver.CFirefoxDriver.execute(CFirefoxDriver.java:28)&#xD;
	at org.openqa.selenium.remote.RemoteWebElement.execute(RemoteWebElement.java:285)&#xD;
	at org.openqa.selenium.remote.RemoteWebElement.click(RemoteWebElement.java:84)&#xD;
	at com.kms.katalon.core.webui.keyword.builtin.ClickKeyword$_click_closure1.doCall(ClickKeyword.groovy:79)&#xD;
	at com.kms.katalon.core.webui.keyword.builtin.ClickKeyword$_click_closure1.call(ClickKeyword.groovy)&#xD;
	at com.kms.katalon.core.webui.keyword.internal.WebUIKeywordMain.runKeyword(WebUIKeywordMain.groovy:20)&#xD;
	at com.kms.katalon.core.webui.keyword.builtin.ClickKeyword.click(ClickKeyword.groovy:86)&#xD;
	at com.kms.katalon.core.webui.keyword.builtin.ClickKeyword.execute(ClickKeyword.groovy:67)&#xD;
	at com.kms.katalon.core.keyword.internal.KeywordExecutor.executeKeywordForPlatform(KeywordExecutor.groovy:56)&#xD;
	at com.kms.katalon.core.webui.keyword.WebUiBuiltInKeywords.click(WebUiBuiltInKeywords.groovy:616)&#xD;
	at com.kms.katalon.core.webui.keyword.WebUiBuiltInKeywords$click$4.call(Unknown Source)&#xD;
	at utilities.SafeActions.safeClickWithoutScroll(SafeActions.groovy:138)&#xD;
	at utilities.SafeActions.invokeMethod(SafeActions.groovy)&#xD;
	at com.kms.katalon.core.main.CustomKeywordDelegatingMetaClass.invokeStaticMethod(CustomKeywordDelegatingMetaClass.java:50)&#xD;
	at Script1568795840843.run(Script1568795840843.groovy:34)&#xD;
	... 13 more&#xD;
)&#xD;
[[ATTACHMENT|C:\\VPOS_Internal\\VPOS_Internal\\Reports\\20191029_050924\\FirstView\\1stPayVault\\20191029_050924\\1572344589386.png]]&#xD;
&#xD;
2019-10-29 05:23:09 - [MESSAGE][ERROR] - com.kms.katalon.core.exception.StepErrorException: 1stPayVault.ts:Click on FirstPayVault tab is not clickable in time - 60seconds&#xD;
&#xD;
2019-10-29 05:23:09 - [TEST_STEP][ERROR] - utilities.SafeActions.safeClickWithoutScroll(findTestObject("Pages/FirstPayVault/button_CreateVault"), "Click on CreateVault button", [PageLoadTime]): com.kms.katalon.core.exception.StepErrorException: 1stPayVault.ts:Click on CreateVault button is not Clickable&#xD;
&#xD;
2019-10-29 05:23:09 - [MESSAGE][INFO] - Safe Click Without scroll&#xD;
&#xD;
2019-10-29 05:23:09 - [MESSAGE][INFO] - 1stPayVault.ts:waiting until Click on CreateVault button is Clickable&#xD;
&#xD;
2019-10-29 05:23:09 - [MESSAGE][PASSED] - Object 'Object Repository/Pages/FirstPayVault/button_CreateVault' is clickable&#xD;
&#xD;
2019-10-29 05:23:10 - [MESSAGE][FAILED] - Object 'Object Repository/Pages/FirstPayVault/button_CreateVault' is NOT visible (Root cause: com.kms.katalon.core.exception.StepFailedException: Object 'Object Repository/Pages/FirstPayVault/button_CreateVault' is NOT visible&#xD;
	at com.kms.katalon.core.webui.keyword.internal.WebUIKeywordMain.stepFailed(WebUIKeywordMain.groovy:64)&#xD;
	at com.kms.katalon.core.webui.keyword.builtin.VerifyElementVisibleKeyword$_verifyElementVisible_closure1.doCall(VerifyElementVisibleKeyword.groovy:83)&#xD;
	at com.kms.katalon.core.webui.keyword.builtin.VerifyElementVisibleKeyword$_verifyElementVisible_closure1.call(VerifyElementVisibleKeyword.groovy)&#xD;
	at com.kms.katalon.core.webui.keyword.internal.WebUIKeywordMain.runKeyword(WebUIKeywordMain.groovy:20)&#xD;
	at com.kms.katalon.core.webui.keyword.builtin.VerifyElementVisibleKeyword.verifyElementVisible(VerifyElementVisibleKeyword.groovy:97)&#xD;
	at com.kms.katalon.core.webui.keyword.builtin.VerifyElementVisibleKeyword.execute(VerifyElementVisibleKeyword.groovy:67)&#xD;
	at com.kms.katalon.core.keyword.internal.KeywordExecutor.executeKeywordForPlatform(KeywordExecutor.groovy:56)&#xD;
	at com.kms.katalon.core.webui.keyword.WebUiBuiltInKeywords.verifyElementVisible(WebUiBuiltInKeywords.groovy:372)&#xD;
	at com.kms.katalon.core.webui.keyword.WebUiBuiltInKeywords$verifyElementVisible$7.call(Unknown Source)&#xD;
	at utilities.SafeActions.waitUntilClickable(SafeActions.groovy:173)&#xD;
	at utilities.SafeActions.safeClickWithoutScroll(SafeActions.groovy:136)&#xD;
	at utilities.SafeActions.invokeMethod(SafeActions.groovy)&#xD;
	at com.kms.katalon.core.main.CustomKeywordDelegatingMetaClass.invokeStaticMethod(CustomKeywordDelegatingMetaClass.java:50)&#xD;
	at TC_1st_Pay_Vault_004.run(TC_1st_Pay_Vault_004:37)&#xD;
	at com.kms.katalon.core.main.ScriptEngine.run(ScriptEngine.java:194)&#xD;
	at com.kms.katalon.core.main.ScriptEngine.runScriptAsRawText(ScriptEngine.java:119)&#xD;
	at com.kms.katalon.core.main.TestCaseExecutor.runScript(TestCaseExecutor.java:337)&#xD;
	at com.kms.katalon.core.main.TestCaseExecutor.doExecute(TestCaseExecutor.java:328)&#xD;
	at com.kms.katalon.core.main.TestCaseExecutor.processExecutionPhase(TestCaseExecutor.java:307)&#xD;
	at com.kms.katalon.core.main.TestCaseExecutor.accessMainPhase(TestCaseExecutor.java:299)&#xD;
	at com.kms.katalon.core.main.TestCaseExecutor.execute(TestCaseExecutor.java:233)&#xD;
	at com.kms.katalon.core.main.TestSuiteExecutor.accessTestCaseMainPhase(TestSuiteExecutor.java:169)&#xD;
	at com.kms.katalon.core.main.TestSuiteExecutor.accessTestSuiteMainPhase(TestSuiteExecutor.java:142)&#xD;
	at com.kms.katalon.core.main.TestSuiteExecutor.execute(TestSuiteExecutor.java:91)&#xD;
	at com.kms.katalon.core.main.TestCaseMain.startTestSuite(TestCaseMain.java:157)&#xD;
	at com.kms.katalon.core.main.TestCaseMain$startTestSuite$0.call(Unknown Source)&#xD;
	at TempTestSuite1572343764272.run(TempTestSuite1572343764272.groovy:35)&#xD;
)&#xD;
[[ATTACHMENT|C:\\VPOS_Internal\\VPOS_Internal\\Reports\\20191029_050924\\FirstView\\1stPayVault\\20191029_050924\\1572344590079.png]]&#xD;
&#xD;
2019-10-29 05:23:10 - [MESSAGE][FAILED] - Unable to verify object 'Object Repository/Pages/FirstPayVault/button_CreateVault' is visible (Root cause: com.kms.katalon.core.exception.StepFailedException: Unable to verify object 'Object Repository/Pages/FirstPayVault/button_CreateVault' is visible&#xD;
	at com.kms.katalon.core.webui.keyword.internal.WebUIKeywordMain.stepFailed(WebUIKeywordMain.groovy:64)&#xD;
	at com.kms.katalon.core.webui.keyword.internal.WebUIKeywordMain.runKeyword(WebUIKeywordMain.groovy:26)&#xD;
	at com.kms.katalon.core.webui.keyword.builtin.VerifyElementVisibleKeyword.verifyElementVisible(VerifyElementVisibleKeyword.groovy:97)&#xD;
	at com.kms.katalon.core.webui.keyword.builtin.VerifyElementVisibleKeyword.execute(VerifyElementVisibleKeyword.groovy:67)&#xD;
	at com.kms.katalon.core.keyword.internal.KeywordExecutor.executeKeywordForPlatform(KeywordExecutor.groovy:56)&#xD;
	at com.kms.katalon.core.webui.keyword.WebUiBuiltInKeywords.verifyElementVisible(WebUiBuiltInKeywords.groovy:372)&#xD;
	at com.kms.katalon.core.webui.keyword.WebUiBuiltInKeywords$verifyElementVisible$7.call(Unknown Source)&#xD;
	at utilities.SafeActions.waitUntilClickable(SafeActions.groovy:173)&#xD;
	at utilities.SafeActions.safeClickWithoutScroll(SafeActions.groovy:136)&#xD;
	at utilities.SafeActions.invokeMethod(SafeActions.groovy)&#xD;
	at com.kms.katalon.core.main.CustomKeywordDelegatingMetaClass.invokeStaticMethod(CustomKeywordDelegatingMetaClass.java:50)&#xD;
	at TC_1st_Pay_Vault_004.run(TC_1st_Pay_Vault_004:37)&#xD;
	at com.kms.katalon.core.main.ScriptEngine.run(ScriptEngine.java:194)&#xD;
	at com.kms.katalon.core.main.ScriptEngine.runScriptAsRawText(ScriptEngine.java:119)&#xD;
	at com.kms.katalon.core.main.TestCaseExecutor.runScript(TestCaseExecutor.java:337)&#xD;
	at com.kms.katalon.core.main.TestCaseExecutor.doExecute(TestCaseExecutor.java:328)&#xD;
	at com.kms.katalon.core.main.TestCaseExecutor.processExecutionPhase(TestCaseExecutor.java:307)&#xD;
	at com.kms.katalon.core.main.TestCaseExecutor.accessMainPhase(TestCaseExecutor.java:299)&#xD;
	at com.kms.katalon.core.main.TestCaseExecutor.execute(TestCaseExecutor.java:233)&#xD;
	at com.kms.katalon.core.main.TestSuiteExecutor.accessTestCaseMainPhase(TestSuiteExecutor.java:169)&#xD;
	at com.kms.katalon.core.main.TestSuiteExecutor.accessTestSuiteMainPhase(TestSuiteExecutor.java:142)&#xD;
	at com.kms.katalon.core.main.TestSuiteExecutor.execute(TestSuiteExecutor.java:91)&#xD;
	at com.kms.katalon.core.main.TestCaseMain.startTestSuite(TestCaseMain.java:157)&#xD;
	at com.kms.katalon.core.main.TestCaseMain$startTestSuite$0.call(Unknown Source)&#xD;
	at TempTestSuite1572343764272.run(TempTestSuite1572343764272.groovy:35)&#xD;
Caused by: com.kms.katalon.core.exception.StepFailedException: Object 'Object Repository/Pages/FirstPayVault/button_CreateVault' is NOT visible&#xD;
	at com.kms.katalon.core.webui.keyword.internal.WebUIKeywordMain.stepFailed(WebUIKeywordMain.groovy:64)&#xD;
	at com.kms.katalon.core.webui.keyword.builtin.VerifyElementVisibleKeyword$_verifyElementVisible_closure1.doCall(VerifyElementVisibleKeyword.groovy:83)&#xD;
	at com.kms.katalon.core.webui.keyword.builtin.VerifyElementVisibleKeyword$_verifyElementVisible_closure1.call(VerifyElementVisibleKeyword.groovy)&#xD;
	at com.kms.katalon.core.webui.keyword.internal.WebUIKeywordMain.runKeyword(WebUIKeywordMain.groovy:20)&#xD;
	... 23 more&#xD;
)&#xD;
[[ATTACHMENT|C:\\VPOS_Internal\\VPOS_Internal\\Reports\\20191029_050924\\FirstView\\1stPayVault\\20191029_050924\\1572344590219.png]]&#xD;
&#xD;
2019-10-29 05:23:10 - [MESSAGE][FAILED] - 1stPayVault.ts:Click on CreateVault button is not clickable in time - 60seconds&#xD;
&#xD;
2019-10-29 05:23:10 - [MESSAGE][ERROR] - com.kms.katalon.core.exception.StepErrorException: 1stPayVault.ts:Click on CreateVault button is not Clickable&#xD;
&#xD;
2019-10-29 05:23:10 - [TEST_STEP][FAILED] - scrollToElement(findTestObject("Pages/FirstPayVault/input_VaultReferenceNumber"), PageLoadTime): Unable to scroll to object 'Object Repository/Pages/FirstPayVault/input_VaultReferenceNumber' (Root cause: com.kms.katalon.core.exception.StepFailedException: Unable to scroll to object 'Object Repository/Pages/FirstPayVault/input_VaultReferenceNumber'&#xD;
	at com.kms.katalon.core.webui.keyword.internal.WebUIKeywordMain.stepFailed(WebUIKeywordMain.groovy:64)&#xD;
	at com.kms.katalon.core.webui.keyword.internal.WebUIKeywordMain.runKeyword(WebUIKeywordMain.groovy:26)&#xD;
	at com.kms.katalon.core.webui.keyword.builtin.ScrollToElementKeyword.scrollToElement(ScrollToElementKeyword.groovy:88)&#xD;
	at com.kms.katalon.core.webui.keyword.builtin.ScrollToElementKeyword.execute(ScrollToElementKeyword.groovy:68)&#xD;
	at com.kms.katalon.core.keyword.internal.KeywordExecutor.executeKeywordForPlatform(KeywordExecutor.groovy:56)&#xD;
	at com.kms.katalon.core.webui.keyword.WebUiBuiltInKeywords.scrollToElement(WebUiBuiltInKeywords.groovy:2975)&#xD;
	at com.kms.katalon.core.webui.keyword.WebUiBuiltInKeywords$scrollToElement$2.call(Unknown Source)&#xD;
	at TC_1st_Pay_Vault_004.run(TC_1st_Pay_Vault_004:39)&#xD;
	at com.kms.katalon.core.main.ScriptEngine.run(ScriptEngine.java:194)&#xD;
	at com.kms.katalon.core.main.ScriptEngine.runScriptAsRawText(ScriptEngine.java:119)&#xD;
	at com.kms.katalon.core.main.TestCaseExecutor.runScript(TestCaseExecutor.java:337)&#xD;
	at com.kms.katalon.core.main.TestCaseExecutor.doExecute(TestCaseExecutor.java:328)&#xD;
	at com.kms.katalon.core.main.TestCaseExecutor.processExecutionPhase(TestCaseExecutor.java:307)&#xD;
	at com.kms.katalon.core.main.TestCaseExecutor.accessMainPhase(TestCaseExecutor.java:299)&#xD;
	at com.kms.katalon.core.main.TestCaseExecutor.execute(TestCaseExecutor.java:233)&#xD;
	at com.kms.katalon.core.main.TestSuiteExecutor.accessTestCaseMainPhase(TestSuiteExecutor.java:169)&#xD;
	at com.kms.katalon.core.main.TestSuiteExecutor.accessTestSuiteMainPhase(TestSuiteExecutor.java:142)&#xD;
	at com.kms.katalon.core.main.TestSuiteExecutor.execute(TestSuiteExecutor.java:91)&#xD;
	at com.kms.katalon.core.main.TestCaseMain.startTestSuite(TestCaseMain.java:157)&#xD;
	at com.kms.katalon.core.main.TestCaseMain$startTestSuite$0.call(Unknown Source)&#xD;
	at TempTestSuite1572343764272.run(TempTestSuite1572343764272.groovy:35)&#xD;
Caused by: com.kms.katalon.core.webui.exception.WebElementNotFoundException: Web element with id: 'Object Repository/Pages/FirstPayVault/input_VaultReferenceNumber' located by 'By.xpath: //label[text()='1stPayVault Reference Number']/parent::div/following-sibling::div//input[@id='text-refund-info-amount']' not found&#xD;
	at com.kms.katalon.core.webui.common.WebUiCommonHelper.findWebElement(WebUiCommonHelper.java:1097)&#xD;
	at com.kms.katalon.core.webui.keyword.internal.WebUIAbstractKeyword.findWebElement(WebUIAbstractKeyword.groovy:27)&#xD;
	at com.kms.katalon.core.webui.keyword.internal.WebUIAbstractKeyword.findWebElement(WebUIAbstractKeyword.groovy:26)&#xD;
	at com.kms.katalon.core.webui.keyword.builtin.ScrollToElementKeyword$_scrollToElement_closure1.doCall(ScrollToElementKeyword.groovy:79)&#xD;
	at com.kms.katalon.core.webui.keyword.builtin.ScrollToElementKeyword$_scrollToElement_closure1.call(ScrollToElementKeyword.groovy)&#xD;
	at com.kms.katalon.core.webui.keyword.internal.WebUIKeywordMain.runKeyword(WebUIKeywordMain.groovy:20)&#xD;
	at com.kms.katalon.core.webui.keyword.builtin.ScrollToElementKeyword.scrollToElement(ScrollToElementKeyword.groovy:88)&#xD;
	at com.kms.katalon.core.webui.keyword.builtin.ScrollToElementKeyword.execute(ScrollToElementKeyword.groovy:68)&#xD;
	at com.kms.katalon.core.keyword.internal.KeywordExecutor.executeKeywordForPlatform(KeywordExecutor.groovy:56)&#xD;
	at com.kms.katalon.core.webui.keyword.WebUiBuiltInKeywords.scrollToElement(WebUiBuiltInKeywords.groovy:2975)&#xD;
	at com.kms.katalon.core.webui.keyword.WebUiBuiltInKeywords$scrollToElement$2.call(Unknown Source)&#xD;
	at Script1568795840843.run(Script1568795840843.groovy:39)&#xD;
	... 13 more&#xD;
)&#xD;
&#xD;
2019-10-29 05:23:41 - [MESSAGE][INFO] - Unable to find the element located by 'By.xpath: //label[text()='1stPayVault Reference Number']/parent::div/following-sibling::div//input[@id='text-refund-info-amount']'. Please recheck the objects properties to make sure the desired element is located. &#xD;
&#xD;
2019-10-29 05:23:41 - [MESSAGE][FAILED] - Unable to scroll to object 'Object Repository/Pages/FirstPayVault/input_VaultReferenceNumber' (Root cause: com.kms.katalon.core.exception.StepFailedException: Unable to scroll to object 'Object Repository/Pages/FirstPayVault/input_VaultReferenceNumber'&#xD;
	at com.kms.katalon.core.webui.keyword.internal.WebUIKeywordMain.stepFailed(WebUIKeywordMain.groovy:64)&#xD;
	at com.kms.katalon.core.webui.keyword.internal.WebUIKeywordMain.runKeyword(WebUIKeywordMain.groovy:26)&#xD;
	at com.kms.katalon.core.webui.keyword.builtin.ScrollToElementKeyword.scrollToElement(ScrollToElementKeyword.groovy:88)&#xD;
	at com.kms.katalon.core.webui.keyword.builtin.ScrollToElementKeyword.execute(ScrollToElementKeyword.groovy:68)&#xD;
	at com.kms.katalon.core.keyword.internal.KeywordExecutor.executeKeywordForPlatform(KeywordExecutor.groovy:56)&#xD;
	at com.kms.katalon.core.webui.keyword.WebUiBuiltInKeywords.scrollToElement(WebUiBuiltInKeywords.groovy:2975)&#xD;
	at com.kms.katalon.core.webui.keyword.WebUiBuiltInKeywords$scrollToElement$2.call(Unknown Source)&#xD;
	at TC_1st_Pay_Vault_004.run(TC_1st_Pay_Vault_004:39)&#xD;
	at com.kms.katalon.core.main.ScriptEngine.run(ScriptEngine.java:194)&#xD;
	at com.kms.katalon.core.main.ScriptEngine.runScriptAsRawText(ScriptEngine.java:119)&#xD;
	at com.kms.katalon.core.main.TestCaseExecutor.runScript(TestCaseExecutor.java:337)&#xD;
	at com.kms.katalon.core.main.TestCaseExecutor.doExecute(TestCaseExecutor.java:328)&#xD;
	at com.kms.katalon.core.main.TestCaseExecutor.processExecutionPhase(TestCaseExecutor.java:307)&#xD;
	at com.kms.katalon.core.main.TestCaseExecutor.accessMainPhase(TestCaseExecutor.java:299)&#xD;
	at com.kms.katalon.core.main.TestCaseExecutor.execute(TestCaseExecutor.java:233)&#xD;
	at com.kms.katalon.core.main.TestSuiteExecutor.accessTestCaseMainPhase(TestSuiteExecutor.java:169)&#xD;
	at com.kms.katalon.core.main.TestSuiteExecutor.accessTestSuiteMainPhase(TestSuiteExecutor.java:142)&#xD;
	at com.kms.katalon.core.main.TestSuiteExecutor.execute(TestSuiteExecutor.java:91)&#xD;
	at com.kms.katalon.core.main.TestCaseMain.startTestSuite(TestCaseMain.java:157)&#xD;
	at com.kms.katalon.core.main.TestCaseMain$startTestSuite$0.call(Unknown Source)&#xD;
	at TempTestSuite1572343764272.run(TempTestSuite1572343764272.groovy:35)&#xD;
Caused by: com.kms.katalon.core.webui.exception.WebElementNotFoundException: Web element with id: 'Object Repository/Pages/FirstPayVault/input_VaultReferenceNumber' located by 'By.xpath: //label[text()='1stPayVault Reference Number']/parent::div/following-sibling::div//input[@id='text-refund-info-amount']' not found&#xD;
	at com.kms.katalon.core.webui.common.WebUiCommonHelper.findWebElement(WebUiCommonHelper.java:1097)&#xD;
	at com.kms.katalon.core.webui.keyword.internal.WebUIAbstractKeyword.findWebElement(WebUIAbstractKeyword.groovy:27)&#xD;
	at com.kms.katalon.core.webui.keyword.internal.WebUIAbstractKeyword.findWebElement(WebUIAbstractKeyword.groovy:26)&#xD;
	at com.kms.katalon.core.webui.keyword.builtin.ScrollToElementKeyword$_scrollToElement_closure1.doCall(ScrollToElementKeyword.groovy:79)&#xD;
	at com.kms.katalon.core.webui.keyword.builtin.ScrollToElementKeyword$_scrollToElement_closure1.call(ScrollToElementKeyword.groovy)&#xD;
	at com.kms.katalon.core.webui.keyword.internal.WebUIKeywordMain.runKeyword(WebUIKeywordMain.groovy:20)&#xD;
	at com.kms.katalon.core.webui.keyword.builtin.ScrollToElementKeyword.scrollToElement(ScrollToElementKeyword.groovy:88)&#xD;
	at com.kms.katalon.core.webui.keyword.builtin.ScrollToElementKeyword.execute(ScrollToElementKeyword.groovy:68)&#xD;
	at com.kms.katalon.core.keyword.internal.KeywordExecutor.executeKeywordForPlatform(KeywordExecutor.groovy:56)&#xD;
	at com.kms.katalon.core.webui.keyword.WebUiBuiltInKeywords.scrollToElement(WebUiBuiltInKeywords.groovy:2975)&#xD;
	at com.kms.katalon.core.webui.keyword.WebUiBuiltInKeywords$scrollToElement$2.call(Unknown Source)&#xD;
	at Script1568795840843.run(Script1568795840843.groovy:39)&#xD;
	... 13 more&#xD;
)&#xD;
[[ATTACHMENT|C:\\VPOS_Internal\\VPOS_Internal\\Reports\\20191029_050924\\FirstView\\1stPayVault\\20191029_050924\\1572344621595.png]]&#xD;
&#xD;
2019-10-29 05:23:41 - [TEST_STEP][PASSED] - Start listener action : sampleAfterTestCase: Taking screenshot successfully&#xD;
&#xD;
2019-10-29 05:23:41 - [TEST_STEP][PASSED] - println(testCaseContext.getTestCaseId()): null&#xD;
&#xD;
2019-10-29 05:23:41 - [TEST_STEP][PASSED] - println(testCaseContext.getTestCaseStatus()): null&#xD;
&#xD;
2019-10-29 05:23:41 - [TEST_STEP][PASSED] - testCaseName = testCaseContext.getTestCaseId(): null&#xD;
&#xD;
2019-10-29 05:23:41 - [TEST_STEP][PASSED] - strCount = testCaseName.lastIndexOf("/"): null&#xD;
&#xD;
2019-10-29 05:23:41 - [TEST_STEP][PASSED] - testCaseName = testCaseName.substring(strCount): null&#xD;
&#xD;
2019-10-29 05:23:41 - [TEST_STEP][PASSED] - println(testCaseName): null&#xD;
&#xD;
2019-10-29 05:23:41 - [TEST_STEP][PASSED] - if (getTestCaseStatus().equalsIgnoreCase("Error")): Taking screenshot successfully&#xD;
&#xD;
2019-10-29 05:23:41 - [TEST_STEP][PASSED] - takeScreenshot(getReportFolder() + "/Screenshots/" + testCaseName + ".png"): Taking screenshot successfully&#xD;
&#xD;
2019-10-29 05:23:41 - [MESSAGE][PASSED] - Taking screenshot successfully&#xD;
[[ATTACHMENT|C:\\VPOS_Internal\\VPOS_Internal\\Reports\\20191029_050924\\FirstView\\1stPayVault\\20191029_050924/Screenshots//TC_1st_Pay_Vault_004.png]]&#xD;
&#xD;
2019-10-29 05:23:41 - [TEST_STEP][PASSED] - Start listener action : sampleAfterTestCase: null</system-out>
            <system-err>2019-10-29 05:22:25 - [TEST_CASE][ERROR] - Test Cases/FirstView/FirstPayVault/TC_1st_Pay_Vault_004: Test Cases/FirstView/FirstPayVault/TC_1st_Pay_Vault_004 FAILED.
Reason:
com.kms.katalon.core.exception.StepErrorException: 1stPayVault.ts:Click on FirstPayVault tab is not clickable in time - 60seconds&#xD;
	at com.kms.katalon.core.util.KeywordUtil.markError(KeywordUtil.java:65)&#xD;
	at com.kms.katalon.core.util.KeywordUtil$markError$0.call(Unknown Source)&#xD;
	at utilities.SafeActions.safeClickWithoutScroll(SafeActions.groovy:146)&#xD;
	at utilities.SafeActions.invokeMethod(SafeActions.groovy)&#xD;
	at com.kms.katalon.core.main.CustomKeywordDelegatingMetaClass.invokeStaticMethod(CustomKeywordDelegatingMetaClass.java:50)&#xD;
	at TC_1st_Pay_Vault_004.run(TC_1st_Pay_Vault_004:34)&#xD;
	at com.kms.katalon.core.main.ScriptEngine.run(ScriptEngine.java:194)&#xD;
	at com.kms.katalon.core.main.ScriptEngine.runScriptAsRawText(ScriptEngine.java:119)&#xD;
	at com.kms.katalon.core.main.TestCaseExecutor.runScript(TestCaseExecutor.java:337)&#xD;
	at com.kms.katalon.core.main.TestCaseExecutor.doExecute(TestCaseExecutor.java:328)&#xD;
	at com.kms.katalon.core.main.TestCaseExecutor.processExecutionPhase(TestCaseExecutor.java:307)&#xD;
	at com.kms.katalon.core.main.TestCaseExecutor.accessMainPhase(TestCaseExecutor.java:299)&#xD;
	at com.kms.katalon.core.main.TestCaseExecutor.execute(TestCaseExecutor.java:233)&#xD;
	at com.kms.katalon.core.main.TestSuiteExecutor.accessTestCaseMainPhase(TestSuiteExecutor.java:169)&#xD;
	at com.kms.katalon.core.main.TestSuiteExecutor.accessTestSuiteMainPhase(TestSuiteExecutor.java:142)&#xD;
	at com.kms.katalon.core.main.TestSuiteExecutor.execute(TestSuiteExecutor.java:91)&#xD;
	at com.kms.katalon.core.main.TestCaseMain.startTestSuite(TestCaseMain.java:157)&#xD;
	at com.kms.katalon.core.main.TestCaseMain$startTestSuite$0.call(Unknown Source)&#xD;
	at TempTestSuite1572343764272.run(TempTestSuite1572343764272.groovy:35)</system-err>
        </testcase>
        <testcase name="Test Cases/FirstView/FirstPayVault/TC_1st_Pay_Vault_005" classname="Test Cases/FirstView/FirstPayVault/TC_1st_Pay_Vault_005" status="ERROR">
            <error type="ERROR" message="Test Cases/FirstView/FirstPayVault/TC_1st_Pay_Vault_005 FAILED.&#xA;Reason:&#xA;com.kms.katalon.core.exception.StepErrorException: 1stPayVault.ts:Click on FirstPayVault tab is not clickable in time - 60seconds&#xD;&#xA;&#x9;at com.kms.katalon.core.util.KeywordUtil.markError(KeywordUtil.java:65)&#xD;&#xA;&#x9;at com.kms.katalon.core.util.KeywordUtil$markError$0.call(Unknown Source)&#xD;&#xA;&#x9;at utilities.SafeActions.safeClickWithoutScroll(SafeActions.groovy:146)&#xD;&#xA;&#x9;at utilities.SafeActions.invokeMethod(SafeActions.groovy)&#xD;&#xA;&#x9;at com.kms.katalon.core.main.CustomKeywordDelegatingMetaClass.invokeStaticMethod(CustomKeywordDelegatingMetaClass.java:50)&#xD;&#xA;&#x9;at TC_1st_Pay_Vault_005.run(TC_1st_Pay_Vault_005:35)&#xD;&#xA;&#x9;at com.kms.katalon.core.main.ScriptEngine.run(ScriptEngine.java:194)&#xD;&#xA;&#x9;at com.kms.katalon.core.main.ScriptEngine.runScriptAsRawText(ScriptEngine.java:119)&#xD;&#xA;&#x9;at com.kms.katalon.core.main.TestCaseExecutor.runScript(TestCaseExecutor.java:337)&#xD;&#xA;&#x9;at com.kms.katalon.core.main.TestCaseExecutor.doExecute(TestCaseExecutor.java:328)&#xD;&#xA;&#x9;at com.kms.katalon.core.main.TestCaseExecutor.processExecutionPhase(TestCaseExecutor.java:307)&#xD;&#xA;&#x9;at com.kms.katalon.core.main.TestCaseExecutor.accessMainPhase(TestCaseExecutor.java:299)&#xD;&#xA;&#x9;at com.kms.katalon.core.main.TestCaseExecutor.execute(TestCaseExecutor.java:233)&#xD;&#xA;&#x9;at com.kms.katalon.core.main.TestSuiteExecutor.accessTestCaseMainPhase(TestSuiteExecutor.java:169)&#xD;&#xA;&#x9;at com.kms.katalon.core.main.TestSuiteExecutor.accessTestSuiteMainPhase(TestSuiteExecutor.java:142)&#xD;&#xA;&#x9;at com.kms.katalon.core.main.TestSuiteExecutor.execute(TestSuiteExecutor.java:91)&#xD;&#xA;&#x9;at com.kms.katalon.core.main.TestCaseMain.startTestSuite(TestCaseMain.java:157)&#xD;&#xA;&#x9;at com.kms.katalon.core.main.TestCaseMain$startTestSuite$0.call(Unknown Source)&#xD;&#xA;&#x9;at TempTestSuite1572343764272.run(TempTestSuite1572343764272.groovy:35)&#xD;&#xA;"/>
            <system-out>2019-10-29 05:23:41 - [TEST_CASE][ERROR] - Test Cases/FirstView/FirstPayVault/TC_1st_Pay_Vault_005: Test Cases/FirstView/FirstPayVault/TC_1st_Pay_Vault_005 FAILED.
Reason:
com.kms.katalon.core.exception.StepErrorException: 1stPayVault.ts:Click on FirstPayVault tab is not clickable in time - 60seconds&#xD;
	at com.kms.katalon.core.util.KeywordUtil.markError(KeywordUtil.java:65)&#xD;
	at com.kms.katalon.core.util.KeywordUtil$markError$0.call(Unknown Source)&#xD;
	at utilities.SafeActions.safeClickWithoutScroll(SafeActions.groovy:146)&#xD;
	at utilities.SafeActions.invokeMethod(SafeActions.groovy)&#xD;
	at com.kms.katalon.core.main.CustomKeywordDelegatingMetaClass.invokeStaticMethod(CustomKeywordDelegatingMetaClass.java:50)&#xD;
	at TC_1st_Pay_Vault_005.run(TC_1st_Pay_Vault_005:35)&#xD;
	at com.kms.katalon.core.main.ScriptEngine.run(ScriptEngine.java:194)&#xD;
	at com.kms.katalon.core.main.ScriptEngine.runScriptAsRawText(ScriptEngine.java:119)&#xD;
	at com.kms.katalon.core.main.TestCaseExecutor.runScript(TestCaseExecutor.java:337)&#xD;
	at com.kms.katalon.core.main.TestCaseExecutor.doExecute(TestCaseExecutor.java:328)&#xD;
	at com.kms.katalon.core.main.TestCaseExecutor.processExecutionPhase(TestCaseExecutor.java:307)&#xD;
	at com.kms.katalon.core.main.TestCaseExecutor.accessMainPhase(TestCaseExecutor.java:299)&#xD;
	at com.kms.katalon.core.main.TestCaseExecutor.execute(TestCaseExecutor.java:233)&#xD;
	at com.kms.katalon.core.main.TestSuiteExecutor.accessTestCaseMainPhase(TestSuiteExecutor.java:169)&#xD;
	at com.kms.katalon.core.main.TestSuiteExecutor.accessTestSuiteMainPhase(TestSuiteExecutor.java:142)&#xD;
	at com.kms.katalon.core.main.TestSuiteExecutor.execute(TestSuiteExecutor.java:91)&#xD;
	at com.kms.katalon.core.main.TestCaseMain.startTestSuite(TestCaseMain.java:157)&#xD;
	at com.kms.katalon.core.main.TestCaseMain$startTestSuite$0.call(Unknown Source)&#xD;
	at TempTestSuite1572343764272.run(TempTestSuite1572343764272.groovy:35)&#xD;
&#xD;
&#xD;
2019-10-29 05:23:42 - [TEST_STEP][PASSED] - Start listener action : sampleBeforeTestCase: null&#xD;
&#xD;
2019-10-29 05:23:42 - [TEST_STEP][PASSED] - println(testCaseContext.getTestCaseId()): null&#xD;
&#xD;
2019-10-29 05:23:42 - [TEST_STEP][PASSED] - println(testCaseContext.getTestCaseVariables()): null&#xD;
&#xD;
2019-10-29 05:23:42 - [TEST_STEP][NOT_RUN] - utilities.SafeActions.safeClickWithoutScrollOnLabel(Old_URL, [PageLoadTime], []): NOT_RUN: utilities.SafeActions.safeClickWithoutScrollOnLabel(Old_URL, [PageLoadTime], [])&#xD;
&#xD;
2019-10-29 05:23:42 - [MESSAGE][NOT_RUN] - NOT_RUN: utilities.SafeActions.safeClickWithoutScrollOnLabel(Old_URL, [PageLoadTime], [])&#xD;
&#xD;
2019-10-29 05:23:42 - [TEST_STEP][NOT_RUN] - delay(6): NOT_RUN: delay(6)&#xD;
&#xD;
2019-10-29 05:23:42 - [MESSAGE][NOT_RUN] - NOT_RUN: delay(6)&#xD;
&#xD;
2019-10-29 05:23:42 - [TEST_STEP][NOT_RUN] - utilities.SafeActions.safeSelectOptionInDropDownByVisibleText(findTestObject("Pages/Sale/dropDown_AccountType"), "ranjanatest2 - 888814981372/001 Account Type: Retail", "Select by Value", [25]): NOT_RUN: utilities.SafeActions.safeSelectOptionInDropDownByVisibleText(findTestObject("Pages/Sale/dropDown_AccountType"), "ranjanatest2 - 888814981372/001 Account Type: Retail", "Select by Value", [25])&#xD;
&#xD;
2019-10-29 05:23:42 - [MESSAGE][NOT_RUN] - NOT_RUN: utilities.SafeActions.safeSelectOptionInDropDownByVisibleText(findTestObject("Pages/Sale/dropDown_AccountType"), "ranjanatest2 - 888814981372/001 Account Type: Retail", "Select by Value", [25])&#xD;
&#xD;
2019-10-29 05:23:42 - [TEST_STEP][PASSED] - utilities.SafeActions.openBrowser(URL, [PageLoadTime]): utilities.SafeActions.openBrowser is PASSED&#xD;
&#xD;
2019-10-29 05:23:42 - [MESSAGE][INFO] - Opening Browser&#xD;
&#xD;
2019-10-29 05:23:42 - [MESSAGE][WARNING] - A browser is already opened. Closing browser and opening a new one&#xD;
&#xD;
2019-10-29 05:23:44 - [MESSAGE][INFO] - Starting 'Firefox' driver&#xD;
&#xD;
2019-10-29 05:23:52 - [MESSAGE][PASSED] - Browser is opened with url: 'https://q-www-firstview-net.faps.net/MVC/Account/Login'&#xD;
&#xD;
2019-10-29 05:23:52 - [MESSAGE][PASSED] - Current window maximized&#xD;
&#xD;
2019-10-29 05:23:52 - [MESSAGE][INFO] - Browser Launched Successfully&#xD;
&#xD;
2019-10-29 05:23:52 - [MESSAGE][PASSED] - utilities.SafeActions.openBrowser is PASSED&#xD;
&#xD;
2019-10-29 05:23:52 - [TEST_STEP][PASSED] - pages.Login.login(uName, password): pages.Login.login is PASSED&#xD;
&#xD;
2019-10-29 05:23:52 - [MESSAGE][PASSED] - Object 'Object Repository/Pages/Login/userName' is present&#xD;
&#xD;
2019-10-29 05:23:52 - [MESSAGE][PASSED] - Scroll to object 'Object Repository/Pages/Login/userName' successfully&#xD;
&#xD;
2019-10-29 05:23:52 - [MESSAGE][PASSED] - Object 'Object Repository/Pages/Login/userName' is present&#xD;
&#xD;
2019-10-29 05:23:53 - [MESSAGE][PASSED] - Object: 'Object Repository/Pages/Login/userName' is clicked on&#xD;
&#xD;
2019-10-29 05:23:53 - [MESSAGE][PASSED] - Text 'ZenQRetail' is set on object 'Object Repository/Pages/Login/userName'&#xD;
&#xD;
2019-10-29 05:23:53 - [MESSAGE][PASSED] - Object 'Object Repository/Pages/Login/password' is present&#xD;
&#xD;
2019-10-29 05:23:53 - [MESSAGE][PASSED] - Scroll to object 'Object Repository/Pages/Login/password' successfully&#xD;
&#xD;
2019-10-29 05:23:53 - [MESSAGE][PASSED] - Object 'Object Repository/Pages/Login/password' is present&#xD;
&#xD;
2019-10-29 05:23:54 - [MESSAGE][PASSED] - Object: 'Object Repository/Pages/Login/password' is clicked on&#xD;
&#xD;
2019-10-29 05:23:54 - [MESSAGE][PASSED] - Text 'P@ssword1' is set on object 'Object Repository/Pages/Login/password'&#xD;
&#xD;
2019-10-29 05:23:54 - [MESSAGE][INFO] - Safe Click Without scroll&#xD;
&#xD;
2019-10-29 05:23:54 - [MESSAGE][INFO] - 1stPayVault.ts:waiting until Click on Login is Clickable&#xD;
&#xD;
2019-10-29 05:23:54 - [MESSAGE][PASSED] - Object 'Object Repository/Pages/Login/login' is clickable&#xD;
&#xD;
2019-10-29 05:23:54 - [MESSAGE][PASSED] - Object 'Object Repository/Pages/Login/login' is visible&#xD;
&#xD;
2019-10-29 05:23:56 - [MESSAGE][PASSED] - Object: 'Object Repository/Pages/Login/login' is clicked on&#xD;
&#xD;
2019-10-29 05:23:56 - [MESSAGE][INFO] - 1stPayVault.ts: click on the Click on Login&#xD;
&#xD;
2019-10-29 05:23:56 - [MESSAGE][PASSED] - pages.Login.login is PASSED&#xD;
&#xD;
2019-10-29 05:23:56 - [TEST_STEP][PASSED] - callTestCase(findTestCase("FirstView/Login/TC_SendCode"), [:], STOP_ON_FAILURE): Call Test Case 'Test Cases/FirstView/Login/TC_SendCode' successfully&#xD;
&#xD;
2019-10-29 05:23:56 - [TEST_CASE][PASSED] - Test Cases/FirstView/Login/TC_SendCode: Test Cases/FirstView/Login/TC_SendCode&#xD;
&#xD;
2019-10-29 05:23:56 - [TEST_STEP][PASSED] - flag = pages.SendCode.verifyPage(): pages.SendCode.verifyPage is PASSED&#xD;
&#xD;
2019-10-29 05:23:57 - [MESSAGE][PASSED] - Object 'Object Repository/Pages/SendCodeToValidate/header_SendCodeToValidate' is present and visible in viewport&#xD;
&#xD;
2019-10-29 05:23:57 - [MESSAGE][PASSED] - pages.SendCode.verifyPage is PASSED&#xD;
&#xD;
2019-10-29 05:23:57 - [TEST_STEP][PASSED] - if (flag): pages.SendCode.clickonUserSettings is PASSED&#xD;
&#xD;
2019-10-29 05:23:57 - [TEST_STEP][PASSED] - pages.SendCode.clickonUserSettings(): pages.SendCode.clickonUserSettings is PASSED&#xD;
&#xD;
2019-10-29 05:23:57 - [MESSAGE][PASSED] - Object 'Object Repository/Pages/SendCodeToValidate/link_UserSettings' is present&#xD;
&#xD;
2019-10-29 05:23:57 - [MESSAGE][PASSED] - Object 'Object Repository/Pages/SendCodeToValidate/link_UserSettings' is visible&#xD;
&#xD;
2019-10-29 05:23:57 - [MESSAGE][INFO] - 1stPayVault.ts:waiting until Click on User Settings is Clickable&#xD;
&#xD;
2019-10-29 05:23:57 - [MESSAGE][PASSED] - Object 'Object Repository/Pages/SendCodeToValidate/link_UserSettings' is clickable&#xD;
&#xD;
2019-10-29 05:23:57 - [MESSAGE][PASSED] - Object 'Object Repository/Pages/SendCodeToValidate/link_UserSettings' is visible&#xD;
&#xD;
2019-10-29 05:23:59 - [MESSAGE][PASSED] - Object: 'Object Repository/Pages/SendCodeToValidate/link_UserSettings' is clicked on&#xD;
&#xD;
2019-10-29 05:23:59 - [MESSAGE][INFO] - 1stPayVault.ts: Clicked on the Click on User Settings&#xD;
&#xD;
2019-10-29 05:23:59 - [MESSAGE][PASSED] - pages.SendCode.clickonUserSettings is PASSED&#xD;
&#xD;
2019-10-29 05:23:59 - [MESSAGE][PASSED] - Call Test Case 'Test Cases/FirstView/Login/TC_SendCode' successfully&#xD;
&#xD;
2019-10-29 05:23:59 - [TEST_STEP][PASSED] - callTestCase(findTestCase("FirstView/Login/TC_FirstView"), [:], STOP_ON_FAILURE): Call Test Case 'Test Cases/FirstView/Login/TC_FirstView' successfully&#xD;
&#xD;
2019-10-29 05:23:59 - [TEST_CASE][PASSED] - Test Cases/FirstView/Login/TC_FirstView: Test Cases/FirstView/Login/TC_FirstView&#xD;
&#xD;
2019-10-29 05:23:59 - [TEST_STEP][NOT_RUN] - utilities.SafeActions.safeClickWithoutScroll(findTestObject("Pages/FirstView/link_Home"), "Click on Home button in First View screen", [PageLoadTime]): NOT_RUN: utilities.SafeActions.safeClickWithoutScroll(findTestObject("Pages/FirstView/link_Home"), "Click on Home button in First View screen", [PageLoadTime])&#xD;
&#xD;
2019-10-29 05:23:59 - [MESSAGE][NOT_RUN] - NOT_RUN: utilities.SafeActions.safeClickWithoutScroll(findTestObject("Pages/FirstView/link_Home"), "Click on Home button in First View screen", [PageLoadTime])&#xD;
&#xD;
2019-10-29 05:23:59 - [TEST_STEP][PASSED] - utilities.SafeActions.javascriptclick(findTestObject("Pages/FirstView/link_Home"), delayForElement): utilities.SafeActions.javascriptclick is PASSED&#xD;
&#xD;
2019-10-29 05:23:59 - [MESSAGE][PASSED] - utilities.SafeActions.javascriptclick is PASSED&#xD;
&#xD;
2019-10-29 05:23:59 - [TEST_STEP][PASSED] - utilities.SafeActions.safeClickWithoutScroll(findTestObject("Pages/FirstView/link_VPOS"), "Click on VPOS button in First View screen", [PageLoadTime]): utilities.SafeActions.safeClickWithoutScroll is PASSED&#xD;
&#xD;
2019-10-29 05:23:59 - [MESSAGE][INFO] - Safe Click Without scroll&#xD;
&#xD;
2019-10-29 05:23:59 - [MESSAGE][INFO] - 1stPayVault.ts:waiting until Click on VPOS button in First View screen is Clickable&#xD;
&#xD;
2019-10-29 05:24:01 - [MESSAGE][PASSED] - Object 'Object Repository/Pages/FirstView/link_VPOS' is clickable&#xD;
&#xD;
2019-10-29 05:24:01 - [MESSAGE][PASSED] - Object 'Object Repository/Pages/FirstView/link_VPOS' is visible&#xD;
&#xD;
2019-10-29 05:24:02 - [MESSAGE][PASSED] - Object: 'Object Repository/Pages/FirstView/link_VPOS' is clicked on&#xD;
&#xD;
2019-10-29 05:24:02 - [MESSAGE][INFO] - 1stPayVault.ts: click on the Click on VPOS button in First View screen&#xD;
&#xD;
2019-10-29 05:24:02 - [MESSAGE][PASSED] - utilities.SafeActions.safeClickWithoutScroll is PASSED&#xD;
&#xD;
2019-10-29 05:24:02 - [MESSAGE][PASSED] - Call Test Case 'Test Cases/FirstView/Login/TC_FirstView' successfully&#xD;
&#xD;
2019-10-29 05:24:02 - [TEST_STEP][PASSED] - switchToWindowTitle("Transcenter - VPOS"): Switched to window with title: 'Transcenter - VPOS'&#xD;
&#xD;
2019-10-29 05:24:07 - [MESSAGE][PASSED] - Switched to window with title: 'Transcenter - VPOS'&#xD;
&#xD;
2019-10-29 05:24:07 - [TEST_STEP][ERROR] - utilities.SafeActions.safeClickWithoutScroll(findTestObject("Pages/FirstPayVault/tab_FirstPayVault"), "Click on FirstPayVault tab", [PageLoadTime]): com.kms.katalon.core.exception.StepErrorException: 1stPayVault.ts:Click on FirstPayVault tab is not clickable in time - 60seconds&#xD;
&#xD;
2019-10-29 05:24:07 - [MESSAGE][INFO] - Safe Click Without scroll&#xD;
&#xD;
2019-10-29 05:24:07 - [MESSAGE][INFO] - 1stPayVault.ts:waiting until Click on FirstPayVault tab is Clickable&#xD;
&#xD;
2019-10-29 05:24:09 - [MESSAGE][PASSED] - Object 'Object Repository/Pages/FirstPayVault/tab_FirstPayVault' is clickable&#xD;
&#xD;
2019-10-29 05:24:10 - [MESSAGE][PASSED] - Object 'Object Repository/Pages/FirstPayVault/tab_FirstPayVault' is visible&#xD;
&#xD;
2019-10-29 05:24:11 - [MESSAGE][FAILED] - Unable to click on object 'Object Repository/Pages/FirstPayVault/tab_FirstPayVault' (Root cause: com.kms.katalon.core.exception.StepFailedException: Unable to click on object 'Object Repository/Pages/FirstPayVault/tab_FirstPayVault'&#xD;
	at com.kms.katalon.core.webui.keyword.internal.WebUIKeywordMain.stepFailed(WebUIKeywordMain.groovy:64)&#xD;
	at com.kms.katalon.core.webui.keyword.internal.WebUIKeywordMain.runKeyword(WebUIKeywordMain.groovy:26)&#xD;
	at com.kms.katalon.core.webui.keyword.builtin.ClickKeyword.click(ClickKeyword.groovy:86)&#xD;
	at com.kms.katalon.core.webui.keyword.builtin.ClickKeyword.execute(ClickKeyword.groovy:67)&#xD;
	at com.kms.katalon.core.keyword.internal.KeywordExecutor.executeKeywordForPlatform(KeywordExecutor.groovy:56)&#xD;
	at com.kms.katalon.core.webui.keyword.WebUiBuiltInKeywords.click(WebUiBuiltInKeywords.groovy:616)&#xD;
	at com.kms.katalon.core.webui.keyword.WebUiBuiltInKeywords$click$4.call(Unknown Source)&#xD;
	at utilities.SafeActions.safeClickWithoutScroll(SafeActions.groovy:138)&#xD;
	at utilities.SafeActions.invokeMethod(SafeActions.groovy)&#xD;
	at com.kms.katalon.core.main.CustomKeywordDelegatingMetaClass.invokeStaticMethod(CustomKeywordDelegatingMetaClass.java:50)&#xD;
	at TC_1st_Pay_Vault_005.run(TC_1st_Pay_Vault_005:35)&#xD;
	at com.kms.katalon.core.main.ScriptEngine.run(ScriptEngine.java:194)&#xD;
	at com.kms.katalon.core.main.ScriptEngine.runScriptAsRawText(ScriptEngine.java:119)&#xD;
	at com.kms.katalon.core.main.TestCaseExecutor.runScript(TestCaseExecutor.java:337)&#xD;
	at com.kms.katalon.core.main.TestCaseExecutor.doExecute(TestCaseExecutor.java:328)&#xD;
	at com.kms.katalon.core.main.TestCaseExecutor.processExecutionPhase(TestCaseExecutor.java:307)&#xD;
	at com.kms.katalon.core.main.TestCaseExecutor.accessMainPhase(TestCaseExecutor.java:299)&#xD;
	at com.kms.katalon.core.main.TestCaseExecutor.execute(TestCaseExecutor.java:233)&#xD;
	at com.kms.katalon.core.main.TestSuiteExecutor.accessTestCaseMainPhase(TestSuiteExecutor.java:169)&#xD;
	at com.kms.katalon.core.main.TestSuiteExecutor.accessTestSuiteMainPhase(TestSuiteExecutor.java:142)&#xD;
	at com.kms.katalon.core.main.TestSuiteExecutor.execute(TestSuiteExecutor.java:91)&#xD;
	at com.kms.katalon.core.main.TestCaseMain.startTestSuite(TestCaseMain.java:157)&#xD;
	at com.kms.katalon.core.main.TestCaseMain$startTestSuite$0.call(Unknown Source)&#xD;
	at TempTestSuite1572343764272.run(TempTestSuite1572343764272.groovy:35)&#xD;
Caused by: org.openqa.selenium.ElementClickInterceptedException: Element &lt;span class="title title_center"&gt; is not clickable at point (296,163) because another element &lt;div id="transcenter-modal-progress" class="modal fade show"&gt; obscures it
Build info: version: '3.141.59', revision: 'e82be7d358', time: '2018-11-14T08:25:53'
System info: host: 'FW1-D-DTA-ZENQ1', ip: '172.25.52.168', os.name: 'Windows 10', os.arch: 'amd64', os.version: '10.0', java.version: '1.8.0_181'
Driver info: com.kms.katalon.core.webui.driver.firefox.CGeckoDriver
Capabilities {acceptInsecureCerts: true, browserName: firefox, browserVersion: 68.0.2, javascriptEnabled: true, moz:accessibilityChecks: false, moz:buildID: 20190813150448, moz:geckodriverVersion: 0.23.0, moz:headless: false, moz:processID: 114780, moz:profile: C:\Users\venkata.annam\AppD..., moz:shutdownTimeout: 60000, moz:useNonSpecCompliantPointerOrigin: false, moz:webdriverClick: true, pageLoadStrategy: normal, platform: WINDOWS, platformName: WINDOWS, platformVersion: 10.0, proxy: Proxy(direct), rotatable: false, setWindowRect: true, strictFileInteractability: false, timeouts: {implicit: 0, pageLoad: 300000, script: 30000}, unhandledPromptBehavior: dismiss and notify}
Session ID: f0eb80b5-9fb6-4aee-8453-9c3e3260a8c4&#xD;
	at org.openqa.selenium.remote.http.W3CHttpResponseCodec.createException(W3CHttpResponseCodec.java:187)&#xD;
	at org.openqa.selenium.remote.http.W3CHttpResponseCodec.decode(W3CHttpResponseCodec.java:122)&#xD;
	at org.openqa.selenium.remote.http.W3CHttpResponseCodec.decode(W3CHttpResponseCodec.java:49)&#xD;
	at org.openqa.selenium.remote.HttpCommandExecutor.execute(HttpCommandExecutor.java:158)&#xD;
	at org.openqa.selenium.remote.service.DriverCommandExecutor.execute(DriverCommandExecutor.java:83)&#xD;
	at org.openqa.selenium.remote.RemoteWebDriver.execute(RemoteWebDriver.java:552)&#xD;
	at com.kms.katalon.selenium.driver.CFirefoxDriver.execute(CFirefoxDriver.java:28)&#xD;
	at org.openqa.selenium.remote.RemoteWebElement.execute(RemoteWebElement.java:285)&#xD;
	at org.openqa.selenium.remote.RemoteWebElement.click(RemoteWebElement.java:84)&#xD;
	at com.kms.katalon.core.webui.keyword.builtin.ClickKeyword$_click_closure1.doCall(ClickKeyword.groovy:79)&#xD;
	at com.kms.katalon.core.webui.keyword.builtin.ClickKeyword$_click_closure1.call(ClickKeyword.groovy)&#xD;
	at com.kms.katalon.core.webui.keyword.internal.WebUIKeywordMain.runKeyword(WebUIKeywordMain.groovy:20)&#xD;
	at com.kms.katalon.core.webui.keyword.builtin.ClickKeyword.click(ClickKeyword.groovy:86)&#xD;
	at com.kms.katalon.core.webui.keyword.builtin.ClickKeyword.execute(ClickKeyword.groovy:67)&#xD;
	at com.kms.katalon.core.keyword.internal.KeywordExecutor.executeKeywordForPlatform(KeywordExecutor.groovy:56)&#xD;
	at com.kms.katalon.core.webui.keyword.WebUiBuiltInKeywords.click(WebUiBuiltInKeywords.groovy:616)&#xD;
	at com.kms.katalon.core.webui.keyword.WebUiBuiltInKeywords$click$4.call(Unknown Source)&#xD;
	at utilities.SafeActions.safeClickWithoutScroll(SafeActions.groovy:138)&#xD;
	at utilities.SafeActions.invokeMethod(SafeActions.groovy)&#xD;
	at com.kms.katalon.core.main.CustomKeywordDelegatingMetaClass.invokeStaticMethod(CustomKeywordDelegatingMetaClass.java:50)&#xD;
	at Script1568802771275.run(Script1568802771275.groovy:35)&#xD;
	... 13 more&#xD;
)&#xD;
[[ATTACHMENT|C:\\VPOS_Internal\\VPOS_Internal\\Reports\\20191029_050924\\FirstView\\1stPayVault\\20191029_050924\\1572344651238.png]]&#xD;
&#xD;
2019-10-29 05:24:11 - [MESSAGE][ERROR] - com.kms.katalon.core.exception.StepErrorException: 1stPayVault.ts:Click on FirstPayVault tab is not clickable in time - 60seconds&#xD;
&#xD;
2019-10-29 05:24:11 - [TEST_STEP][ERROR] - utilities.SafeActions.safeClickWithoutScroll(findTestObject("Pages/FirstPayVault/button_CreateVault"), "Click on CreateVault button", [PageLoadTime]): com.kms.katalon.core.exception.StepErrorException: 1stPayVault.ts:Click on CreateVault button is not Clickable&#xD;
&#xD;
2019-10-29 05:24:11 - [MESSAGE][INFO] - Safe Click Without scroll&#xD;
&#xD;
2019-10-29 05:24:11 - [MESSAGE][INFO] - 1stPayVault.ts:waiting until Click on CreateVault button is Clickable&#xD;
&#xD;
2019-10-29 05:24:11 - [MESSAGE][PASSED] - Object 'Object Repository/Pages/FirstPayVault/button_CreateVault' is clickable&#xD;
&#xD;
2019-10-29 05:24:12 - [MESSAGE][FAILED] - Object 'Object Repository/Pages/FirstPayVault/button_CreateVault' is NOT visible (Root cause: com.kms.katalon.core.exception.StepFailedException: Object 'Object Repository/Pages/FirstPayVault/button_CreateVault' is NOT visible&#xD;
	at com.kms.katalon.core.webui.keyword.internal.WebUIKeywordMain.stepFailed(WebUIKeywordMain.groovy:64)&#xD;
	at com.kms.katalon.core.webui.keyword.builtin.VerifyElementVisibleKeyword$_verifyElementVisible_closure1.doCall(VerifyElementVisibleKeyword.groovy:83)&#xD;
	at com.kms.katalon.core.webui.keyword.builtin.VerifyElementVisibleKeyword$_verifyElementVisible_closure1.call(VerifyElementVisibleKeyword.groovy)&#xD;
	at com.kms.katalon.core.webui.keyword.internal.WebUIKeywordMain.runKeyword(WebUIKeywordMain.groovy:20)&#xD;
	at com.kms.katalon.core.webui.keyword.builtin.VerifyElementVisibleKeyword.verifyElementVisible(VerifyElementVisibleKeyword.groovy:97)&#xD;
	at com.kms.katalon.core.webui.keyword.builtin.VerifyElementVisibleKeyword.execute(VerifyElementVisibleKeyword.groovy:67)&#xD;
	at com.kms.katalon.core.keyword.internal.KeywordExecutor.executeKeywordForPlatform(KeywordExecutor.groovy:56)&#xD;
	at com.kms.katalon.core.webui.keyword.WebUiBuiltInKeywords.verifyElementVisible(WebUiBuiltInKeywords.groovy:372)&#xD;
	at com.kms.katalon.core.webui.keyword.WebUiBuiltInKeywords$verifyElementVisible$7.call(Unknown Source)&#xD;
	at utilities.SafeActions.waitUntilClickable(SafeActions.groovy:173)&#xD;
	at utilities.SafeActions.safeClickWithoutScroll(SafeActions.groovy:136)&#xD;
	at utilities.SafeActions.invokeMethod(SafeActions.groovy)&#xD;
	at com.kms.katalon.core.main.CustomKeywordDelegatingMetaClass.invokeStaticMethod(CustomKeywordDelegatingMetaClass.java:50)&#xD;
	at TC_1st_Pay_Vault_005.run(TC_1st_Pay_Vault_005:38)&#xD;
	at com.kms.katalon.core.main.ScriptEngine.run(ScriptEngine.java:194)&#xD;
	at com.kms.katalon.core.main.ScriptEngine.runScriptAsRawText(ScriptEngine.java:119)&#xD;
	at com.kms.katalon.core.main.TestCaseExecutor.runScript(TestCaseExecutor.java:337)&#xD;
	at com.kms.katalon.core.main.TestCaseExecutor.doExecute(TestCaseExecutor.java:328)&#xD;
	at com.kms.katalon.core.main.TestCaseExecutor.processExecutionPhase(TestCaseExecutor.java:307)&#xD;
	at com.kms.katalon.core.main.TestCaseExecutor.accessMainPhase(TestCaseExecutor.java:299)&#xD;
	at com.kms.katalon.core.main.TestCaseExecutor.execute(TestCaseExecutor.java:233)&#xD;
	at com.kms.katalon.core.main.TestSuiteExecutor.accessTestCaseMainPhase(TestSuiteExecutor.java:169)&#xD;
	at com.kms.katalon.core.main.TestSuiteExecutor.accessTestSuiteMainPhase(TestSuiteExecutor.java:142)&#xD;
	at com.kms.katalon.core.main.TestSuiteExecutor.execute(TestSuiteExecutor.java:91)&#xD;
	at com.kms.katalon.core.main.TestCaseMain.startTestSuite(TestCaseMain.java:157)&#xD;
	at com.kms.katalon.core.main.TestCaseMain$startTestSuite$0.call(Unknown Source)&#xD;
	at TempTestSuite1572343764272.run(TempTestSuite1572343764272.groovy:35)&#xD;
)&#xD;
[[ATTACHMENT|C:\\VPOS_Internal\\VPOS_Internal\\Reports\\20191029_050924\\FirstView\\1stPayVault\\20191029_050924\\1572344652024.png]]&#xD;
&#xD;
2019-10-29 05:24:12 - [MESSAGE][FAILED] - Unable to verify object 'Object Repository/Pages/FirstPayVault/button_CreateVault' is visible (Root cause: com.kms.katalon.core.exception.StepFailedException: Unable to verify object 'Object Repository/Pages/FirstPayVault/button_CreateVault' is visible&#xD;
	at com.kms.katalon.core.webui.keyword.internal.WebUIKeywordMain.stepFailed(WebUIKeywordMain.groovy:64)&#xD;
	at com.kms.katalon.core.webui.keyword.internal.WebUIKeywordMain.runKeyword(WebUIKeywordMain.groovy:26)&#xD;
	at com.kms.katalon.core.webui.keyword.builtin.VerifyElementVisibleKeyword.verifyElementVisible(VerifyElementVisibleKeyword.groovy:97)&#xD;
	at com.kms.katalon.core.webui.keyword.builtin.VerifyElementVisibleKeyword.execute(VerifyElementVisibleKeyword.groovy:67)&#xD;
	at com.kms.katalon.core.keyword.internal.KeywordExecutor.executeKeywordForPlatform(KeywordExecutor.groovy:56)&#xD;
	at com.kms.katalon.core.webui.keyword.WebUiBuiltInKeywords.verifyElementVisible(WebUiBuiltInKeywords.groovy:372)&#xD;
	at com.kms.katalon.core.webui.keyword.WebUiBuiltInKeywords$verifyElementVisible$7.call(Unknown Source)&#xD;
	at utilities.SafeActions.waitUntilClickable(SafeActions.groovy:173)&#xD;
	at utilities.SafeActions.safeClickWithoutScroll(SafeActions.groovy:136)&#xD;
	at utilities.SafeActions.invokeMethod(SafeActions.groovy)&#xD;
	at com.kms.katalon.core.main.CustomKeywordDelegatingMetaClass.invokeStaticMethod(CustomKeywordDelegatingMetaClass.java:50)&#xD;
	at TC_1st_Pay_Vault_005.run(TC_1st_Pay_Vault_005:38)&#xD;
	at com.kms.katalon.core.main.ScriptEngine.run(ScriptEngine.java:194)&#xD;
	at com.kms.katalon.core.main.ScriptEngine.runScriptAsRawText(ScriptEngine.java:119)&#xD;
	at com.kms.katalon.core.main.TestCaseExecutor.runScript(TestCaseExecutor.java:337)&#xD;
	at com.kms.katalon.core.main.TestCaseExecutor.doExecute(TestCaseExecutor.java:328)&#xD;
	at com.kms.katalon.core.main.TestCaseExecutor.processExecutionPhase(TestCaseExecutor.java:307)&#xD;
	at com.kms.katalon.core.main.TestCaseExecutor.accessMainPhase(TestCaseExecutor.java:299)&#xD;
	at com.kms.katalon.core.main.TestCaseExecutor.execute(TestCaseExecutor.java:233)&#xD;
	at com.kms.katalon.core.main.TestSuiteExecutor.accessTestCaseMainPhase(TestSuiteExecutor.java:169)&#xD;
	at com.kms.katalon.core.main.TestSuiteExecutor.accessTestSuiteMainPhase(TestSuiteExecutor.java:142)&#xD;
	at com.kms.katalon.core.main.TestSuiteExecutor.execute(TestSuiteExecutor.java:91)&#xD;
	at com.kms.katalon.core.main.TestCaseMain.startTestSuite(TestCaseMain.java:157)&#xD;
	at com.kms.katalon.core.main.TestCaseMain$startTestSuite$0.call(Unknown Source)&#xD;
	at TempTestSuite1572343764272.run(TempTestSuite1572343764272.groovy:35)&#xD;
Caused by: com.kms.katalon.core.exception.StepFailedException: Object 'Object Repository/Pages/FirstPayVault/button_CreateVault' is NOT visible&#xD;
	at com.kms.katalon.core.webui.keyword.internal.WebUIKeywordMain.stepFailed(WebUIKeywordMain.groovy:64)&#xD;
	at com.kms.katalon.core.webui.keyword.builtin.VerifyElementVisibleKeyword$_verifyElementVisible_closure1.doCall(VerifyElementVisibleKeyword.groovy:83)&#xD;
	at com.kms.katalon.core.webui.keyword.builtin.VerifyElementVisibleKeyword$_verifyElementVisible_closure1.call(VerifyElementVisibleKeyword.groovy)&#xD;
	at com.kms.katalon.core.webui.keyword.internal.WebUIKeywordMain.runKeyword(WebUIKeywordMain.groovy:20)&#xD;
	... 23 more&#xD;
)&#xD;
[[ATTACHMENT|C:\\VPOS_Internal\\VPOS_Internal\\Reports\\20191029_050924\\FirstView\\1stPayVault\\20191029_050924\\1572344652334.png]]&#xD;
&#xD;
2019-10-29 05:24:12 - [MESSAGE][FAILED] - 1stPayVault.ts:Click on CreateVault button is not clickable in time - 60seconds&#xD;
&#xD;
2019-10-29 05:24:12 - [MESSAGE][ERROR] - com.kms.katalon.core.exception.StepErrorException: 1stPayVault.ts:Click on CreateVault button is not Clickable&#xD;
&#xD;
2019-10-29 05:24:12 - [TEST_STEP][FAILED] - scrollToElement(findTestObject("Pages/FirstPayVault/input_VaultReferenceNumber"), PageLoadTime): Unable to scroll to object 'Object Repository/Pages/FirstPayVault/input_VaultReferenceNumber' (Root cause: com.kms.katalon.core.exception.StepFailedException: Unable to scroll to object 'Object Repository/Pages/FirstPayVault/input_VaultReferenceNumber'&#xD;
	at com.kms.katalon.core.webui.keyword.internal.WebUIKeywordMain.stepFailed(WebUIKeywordMain.groovy:64)&#xD;
	at com.kms.katalon.core.webui.keyword.internal.WebUIKeywordMain.runKeyword(WebUIKeywordMain.groovy:26)&#xD;
	at com.kms.katalon.core.webui.keyword.builtin.ScrollToElementKeyword.scrollToElement(ScrollToElementKeyword.groovy:88)&#xD;
	at com.kms.katalon.core.webui.keyword.builtin.ScrollToElementKeyword.execute(ScrollToElementKeyword.groovy:68)&#xD;
	at com.kms.katalon.core.keyword.internal.KeywordExecutor.executeKeywordForPlatform(KeywordExecutor.groovy:56)&#xD;
	at com.kms.katalon.core.webui.keyword.WebUiBuiltInKeywords.scrollToElement(WebUiBuiltInKeywords.groovy:2975)&#xD;
	at com.kms.katalon.core.webui.keyword.WebUiBuiltInKeywords$scrollToElement$2.call(Unknown Source)&#xD;
	at TC_1st_Pay_Vault_005.run(TC_1st_Pay_Vault_005:40)&#xD;
	at com.kms.katalon.core.main.ScriptEngine.run(ScriptEngine.java:194)&#xD;
	at com.kms.katalon.core.main.ScriptEngine.runScriptAsRawText(ScriptEngine.java:119)&#xD;
	at com.kms.katalon.core.main.TestCaseExecutor.runScript(TestCaseExecutor.java:337)&#xD;
	at com.kms.katalon.core.main.TestCaseExecutor.doExecute(TestCaseExecutor.java:328)&#xD;
	at com.kms.katalon.core.main.TestCaseExecutor.processExecutionPhase(TestCaseExecutor.java:307)&#xD;
	at com.kms.katalon.core.main.TestCaseExecutor.accessMainPhase(TestCaseExecutor.java:299)&#xD;
	at com.kms.katalon.core.main.TestCaseExecutor.execute(TestCaseExecutor.java:233)&#xD;
	at com.kms.katalon.core.main.TestSuiteExecutor.accessTestCaseMainPhase(TestSuiteExecutor.java:169)&#xD;
	at com.kms.katalon.core.main.TestSuiteExecutor.accessTestSuiteMainPhase(TestSuiteExecutor.java:142)&#xD;
	at com.kms.katalon.core.main.TestSuiteExecutor.execute(TestSuiteExecutor.java:91)&#xD;
	at com.kms.katalon.core.main.TestCaseMain.startTestSuite(TestCaseMain.java:157)&#xD;
	at com.kms.katalon.core.main.TestCaseMain$startTestSuite$0.call(Unknown Source)&#xD;
	at TempTestSuite1572343764272.run(TempTestSuite1572343764272.groovy:35)&#xD;
Caused by: com.kms.katalon.core.webui.exception.WebElementNotFoundException: Web element with id: 'Object Repository/Pages/FirstPayVault/input_VaultReferenceNumber' located by 'By.xpath: //label[text()='1stPayVault Reference Number']/parent::div/following-sibling::div//input[@id='text-refund-info-amount']' not found&#xD;
	at com.kms.katalon.core.webui.common.WebUiCommonHelper.findWebElement(WebUiCommonHelper.java:1097)&#xD;
	at com.kms.katalon.core.webui.keyword.internal.WebUIAbstractKeyword.findWebElement(WebUIAbstractKeyword.groovy:27)&#xD;
	at com.kms.katalon.core.webui.keyword.internal.WebUIAbstractKeyword.findWebElement(WebUIAbstractKeyword.groovy:26)&#xD;
	at com.kms.katalon.core.webui.keyword.builtin.ScrollToElementKeyword$_scrollToElement_closure1.doCall(ScrollToElementKeyword.groovy:79)&#xD;
	at com.kms.katalon.core.webui.keyword.builtin.ScrollToElementKeyword$_scrollToElement_closure1.call(ScrollToElementKeyword.groovy)&#xD;
	at com.kms.katalon.core.webui.keyword.internal.WebUIKeywordMain.runKeyword(WebUIKeywordMain.groovy:20)&#xD;
	at com.kms.katalon.core.webui.keyword.builtin.ScrollToElementKeyword.scrollToElement(ScrollToElementKeyword.groovy:88)&#xD;
	at com.kms.katalon.core.webui.keyword.builtin.ScrollToElementKeyword.execute(ScrollToElementKeyword.groovy:68)&#xD;
	at com.kms.katalon.core.keyword.internal.KeywordExecutor.executeKeywordForPlatform(KeywordExecutor.groovy:56)&#xD;
	at com.kms.katalon.core.webui.keyword.WebUiBuiltInKeywords.scrollToElement(WebUiBuiltInKeywords.groovy:2975)&#xD;
	at com.kms.katalon.core.webui.keyword.WebUiBuiltInKeywords$scrollToElement$2.call(Unknown Source)&#xD;
	at Script1568802771275.run(Script1568802771275.groovy:40)&#xD;
	... 13 more&#xD;
)&#xD;
&#xD;
2019-10-29 05:24:43 - [MESSAGE][INFO] - Unable to find the element located by 'By.xpath: //label[text()='1stPayVault Reference Number']/parent::div/following-sibling::div//input[@id='text-refund-info-amount']'. Please recheck the objects properties to make sure the desired element is located. &#xD;
&#xD;
2019-10-29 05:24:43 - [MESSAGE][FAILED] - Unable to scroll to object 'Object Repository/Pages/FirstPayVault/input_VaultReferenceNumber' (Root cause: com.kms.katalon.core.exception.StepFailedException: Unable to scroll to object 'Object Repository/Pages/FirstPayVault/input_VaultReferenceNumber'&#xD;
	at com.kms.katalon.core.webui.keyword.internal.WebUIKeywordMain.stepFailed(WebUIKeywordMain.groovy:64)&#xD;
	at com.kms.katalon.core.webui.keyword.internal.WebUIKeywordMain.runKeyword(WebUIKeywordMain.groovy:26)&#xD;
	at com.kms.katalon.core.webui.keyword.builtin.ScrollToElementKeyword.scrollToElement(ScrollToElementKeyword.groovy:88)&#xD;
	at com.kms.katalon.core.webui.keyword.builtin.ScrollToElementKeyword.execute(ScrollToElementKeyword.groovy:68)&#xD;
	at com.kms.katalon.core.keyword.internal.KeywordExecutor.executeKeywordForPlatform(KeywordExecutor.groovy:56)&#xD;
	at com.kms.katalon.core.webui.keyword.WebUiBuiltInKeywords.scrollToElement(WebUiBuiltInKeywords.groovy:2975)&#xD;
	at com.kms.katalon.core.webui.keyword.WebUiBuiltInKeywords$scrollToElement$2.call(Unknown Source)&#xD;
	at TC_1st_Pay_Vault_005.run(TC_1st_Pay_Vault_005:40)&#xD;
	at com.kms.katalon.core.main.ScriptEngine.run(ScriptEngine.java:194)&#xD;
	at com.kms.katalon.core.main.ScriptEngine.runScriptAsRawText(ScriptEngine.java:119)&#xD;
	at com.kms.katalon.core.main.TestCaseExecutor.runScript(TestCaseExecutor.java:337)&#xD;
	at com.kms.katalon.core.main.TestCaseExecutor.doExecute(TestCaseExecutor.java:328)&#xD;
	at com.kms.katalon.core.main.TestCaseExecutor.processExecutionPhase(TestCaseExecutor.java:307)&#xD;
	at com.kms.katalon.core.main.TestCaseExecutor.accessMainPhase(TestCaseExecutor.java:299)&#xD;
	at com.kms.katalon.core.main.TestCaseExecutor.execute(TestCaseExecutor.java:233)&#xD;
	at com.kms.katalon.core.main.TestSuiteExecutor.accessTestCaseMainPhase(TestSuiteExecutor.java:169)&#xD;
	at com.kms.katalon.core.main.TestSuiteExecutor.accessTestSuiteMainPhase(TestSuiteExecutor.java:142)&#xD;
	at com.kms.katalon.core.main.TestSuiteExecutor.execute(TestSuiteExecutor.java:91)&#xD;
	at com.kms.katalon.core.main.TestCaseMain.startTestSuite(TestCaseMain.java:157)&#xD;
	at com.kms.katalon.core.main.TestCaseMain$startTestSuite$0.call(Unknown Source)&#xD;
	at TempTestSuite1572343764272.run(TempTestSuite1572343764272.groovy:35)&#xD;
Caused by: com.kms.katalon.core.webui.exception.WebElementNotFoundException: Web element with id: 'Object Repository/Pages/FirstPayVault/input_VaultReferenceNumber' located by 'By.xpath: //label[text()='1stPayVault Reference Number']/parent::div/following-sibling::div//input[@id='text-refund-info-amount']' not found&#xD;
	at com.kms.katalon.core.webui.common.WebUiCommonHelper.findWebElement(WebUiCommonHelper.java:1097)&#xD;
	at com.kms.katalon.core.webui.keyword.internal.WebUIAbstractKeyword.findWebElement(WebUIAbstractKeyword.groovy:27)&#xD;
	at com.kms.katalon.core.webui.keyword.internal.WebUIAbstractKeyword.findWebElement(WebUIAbstractKeyword.groovy:26)&#xD;
	at com.kms.katalon.core.webui.keyword.builtin.ScrollToElementKeyword$_scrollToElement_closure1.doCall(ScrollToElementKeyword.groovy:79)&#xD;
	at com.kms.katalon.core.webui.keyword.builtin.ScrollToElementKeyword$_scrollToElement_closure1.call(ScrollToElementKeyword.groovy)&#xD;
	at com.kms.katalon.core.webui.keyword.internal.WebUIKeywordMain.runKeyword(WebUIKeywordMain.groovy:20)&#xD;
	at com.kms.katalon.core.webui.keyword.builtin.ScrollToElementKeyword.scrollToElement(ScrollToElementKeyword.groovy:88)&#xD;
	at com.kms.katalon.core.webui.keyword.builtin.ScrollToElementKeyword.execute(ScrollToElementKeyword.groovy:68)&#xD;
	at com.kms.katalon.core.keyword.internal.KeywordExecutor.executeKeywordForPlatform(KeywordExecutor.groovy:56)&#xD;
	at com.kms.katalon.core.webui.keyword.WebUiBuiltInKeywords.scrollToElement(WebUiBuiltInKeywords.groovy:2975)&#xD;
	at com.kms.katalon.core.webui.keyword.WebUiBuiltInKeywords$scrollToElement$2.call(Unknown Source)&#xD;
	at Script1568802771275.run(Script1568802771275.groovy:40)&#xD;
	... 13 more&#xD;
)&#xD;
[[ATTACHMENT|C:\\VPOS_Internal\\VPOS_Internal\\Reports\\20191029_050924\\FirstView\\1stPayVault\\20191029_050924\\1572344683696.png]]&#xD;
&#xD;
2019-10-29 05:24:43 - [TEST_STEP][PASSED] - Start listener action : sampleAfterTestCase: Taking screenshot successfully&#xD;
&#xD;
2019-10-29 05:24:43 - [TEST_STEP][PASSED] - println(testCaseContext.getTestCaseId()): null&#xD;
&#xD;
2019-10-29 05:24:43 - [TEST_STEP][PASSED] - println(testCaseContext.getTestCaseStatus()): null&#xD;
&#xD;
2019-10-29 05:24:43 - [TEST_STEP][PASSED] - testCaseName = testCaseContext.getTestCaseId(): null&#xD;
&#xD;
2019-10-29 05:24:43 - [TEST_STEP][PASSED] - strCount = testCaseName.lastIndexOf("/"): null&#xD;
&#xD;
2019-10-29 05:24:43 - [TEST_STEP][PASSED] - testCaseName = testCaseName.substring(strCount): null&#xD;
&#xD;
2019-10-29 05:24:43 - [TEST_STEP][PASSED] - println(testCaseName): null&#xD;
&#xD;
2019-10-29 05:24:43 - [TEST_STEP][PASSED] - if (getTestCaseStatus().equalsIgnoreCase("Error")): Taking screenshot successfully&#xD;
&#xD;
2019-10-29 05:24:43 - [TEST_STEP][PASSED] - takeScreenshot(getReportFolder() + "/Screenshots/" + testCaseName + ".png"): Taking screenshot successfully&#xD;
&#xD;
2019-10-29 05:24:43 - [MESSAGE][PASSED] - Taking screenshot successfully&#xD;
[[ATTACHMENT|C:\\VPOS_Internal\\VPOS_Internal\\Reports\\20191029_050924\\FirstView\\1stPayVault\\20191029_050924/Screenshots//TC_1st_Pay_Vault_005.png]]&#xD;
&#xD;
2019-10-29 05:24:43 - [TEST_STEP][PASSED] - Start listener action : sampleAfterTestCase: null</system-out>
            <system-err>2019-10-29 05:23:41 - [TEST_CASE][ERROR] - Test Cases/FirstView/FirstPayVault/TC_1st_Pay_Vault_005: Test Cases/FirstView/FirstPayVault/TC_1st_Pay_Vault_005 FAILED.
Reason:
com.kms.katalon.core.exception.StepErrorException: 1stPayVault.ts:Click on FirstPayVault tab is not clickable in time - 60seconds&#xD;
	at com.kms.katalon.core.util.KeywordUtil.markError(KeywordUtil.java:65)&#xD;
	at com.kms.katalon.core.util.KeywordUtil$markError$0.call(Unknown Source)&#xD;
	at utilities.SafeActions.safeClickWithoutScroll(SafeActions.groovy:146)&#xD;
	at utilities.SafeActions.invokeMethod(SafeActions.groovy)&#xD;
	at com.kms.katalon.core.main.CustomKeywordDelegatingMetaClass.invokeStaticMethod(CustomKeywordDelegatingMetaClass.java:50)&#xD;
	at TC_1st_Pay_Vault_005.run(TC_1st_Pay_Vault_005:35)&#xD;
	at com.kms.katalon.core.main.ScriptEngine.run(ScriptEngine.java:194)&#xD;
	at com.kms.katalon.core.main.ScriptEngine.runScriptAsRawText(ScriptEngine.java:119)&#xD;
	at com.kms.katalon.core.main.TestCaseExecutor.runScript(TestCaseExecutor.java:337)&#xD;
	at com.kms.katalon.core.main.TestCaseExecutor.doExecute(TestCaseExecutor.java:328)&#xD;
	at com.kms.katalon.core.main.TestCaseExecutor.processExecutionPhase(TestCaseExecutor.java:307)&#xD;
	at com.kms.katalon.core.main.TestCaseExecutor.accessMainPhase(TestCaseExecutor.java:299)&#xD;
	at com.kms.katalon.core.main.TestCaseExecutor.execute(TestCaseExecutor.java:233)&#xD;
	at com.kms.katalon.core.main.TestSuiteExecutor.accessTestCaseMainPhase(TestSuiteExecutor.java:169)&#xD;
	at com.kms.katalon.core.main.TestSuiteExecutor.accessTestSuiteMainPhase(TestSuiteExecutor.java:142)&#xD;
	at com.kms.katalon.core.main.TestSuiteExecutor.execute(TestSuiteExecutor.java:91)&#xD;
	at com.kms.katalon.core.main.TestCaseMain.startTestSuite(TestCaseMain.java:157)&#xD;
	at com.kms.katalon.core.main.TestCaseMain$startTestSuite$0.call(Unknown Source)&#xD;
	at TempTestSuite1572343764272.run(TempTestSuite1572343764272.groovy:35)</system-err>
        </testcase>
        <testcase name="Test Cases/FirstView/FirstPayVault/TC_1st_Pay_Vault_006" classname="Test Cases/FirstView/FirstPayVault/TC_1st_Pay_Vault_006" status="ERROR">
            <error type="ERROR" message="Test Cases/FirstView/FirstPayVault/TC_1st_Pay_Vault_006 FAILED.&#xA;Reason:&#xA;com.kms.katalon.core.exception.StepErrorException: 1stPayVault.ts:Click on FirstPayVault tab is not clickable in time - 60seconds&#xD;&#xA;&#x9;at com.kms.katalon.core.util.KeywordUtil.markError(KeywordUtil.java:65)&#xD;&#xA;&#x9;at com.kms.katalon.core.util.KeywordUtil$markError$0.call(Unknown Source)&#xD;&#xA;&#x9;at utilities.SafeActions.safeClickWithoutScroll(SafeActions.groovy:146)&#xD;&#xA;&#x9;at utilities.SafeActions.invokeMethod(SafeActions.groovy)&#xD;&#xA;&#x9;at com.kms.katalon.core.main.CustomKeywordDelegatingMetaClass.invokeStaticMethod(CustomKeywordDelegatingMetaClass.java:50)&#xD;&#xA;&#x9;at TC_1st_Pay_Vault_006.run(TC_1st_Pay_Vault_006:34)&#xD;&#xA;&#x9;at com.kms.katalon.core.main.ScriptEngine.run(ScriptEngine.java:194)&#xD;&#xA;&#x9;at com.kms.katalon.core.main.ScriptEngine.runScriptAsRawText(ScriptEngine.java:119)&#xD;&#xA;&#x9;at com.kms.katalon.core.main.TestCaseExecutor.runScript(TestCaseExecutor.java:337)&#xD;&#xA;&#x9;at com.kms.katalon.core.main.TestCaseExecutor.doExecute(TestCaseExecutor.java:328)&#xD;&#xA;&#x9;at com.kms.katalon.core.main.TestCaseExecutor.processExecutionPhase(TestCaseExecutor.java:307)&#xD;&#xA;&#x9;at com.kms.katalon.core.main.TestCaseExecutor.accessMainPhase(TestCaseExecutor.java:299)&#xD;&#xA;&#x9;at com.kms.katalon.core.main.TestCaseExecutor.execute(TestCaseExecutor.java:233)&#xD;&#xA;&#x9;at com.kms.katalon.core.main.TestSuiteExecutor.accessTestCaseMainPhase(TestSuiteExecutor.java:169)&#xD;&#xA;&#x9;at com.kms.katalon.core.main.TestSuiteExecutor.accessTestSuiteMainPhase(TestSuiteExecutor.java:142)&#xD;&#xA;&#x9;at com.kms.katalon.core.main.TestSuiteExecutor.execute(TestSuiteExecutor.java:91)&#xD;&#xA;&#x9;at com.kms.katalon.core.main.TestCaseMain.startTestSuite(TestCaseMain.java:157)&#xD;&#xA;&#x9;at com.kms.katalon.core.main.TestCaseMain$startTestSuite$0.call(Unknown Source)&#xD;&#xA;&#x9;at TempTestSuite1572343764272.run(TempTestSuite1572343764272.groovy:35)&#xD;&#xA;"/>
            <system-out>2019-10-29 05:24:43 - [TEST_CASE][ERROR] - Test Cases/FirstView/FirstPayVault/TC_1st_Pay_Vault_006: Test Cases/FirstView/FirstPayVault/TC_1st_Pay_Vault_006 FAILED.
Reason:
com.kms.katalon.core.exception.StepErrorException: 1stPayVault.ts:Click on FirstPayVault tab is not clickable in time - 60seconds&#xD;
	at com.kms.katalon.core.util.KeywordUtil.markError(KeywordUtil.java:65)&#xD;
	at com.kms.katalon.core.util.KeywordUtil$markError$0.call(Unknown Source)&#xD;
	at utilities.SafeActions.safeClickWithoutScroll(SafeActions.groovy:146)&#xD;
	at utilities.SafeActions.invokeMethod(SafeActions.groovy)&#xD;
	at com.kms.katalon.core.main.CustomKeywordDelegatingMetaClass.invokeStaticMethod(CustomKeywordDelegatingMetaClass.java:50)&#xD;
	at TC_1st_Pay_Vault_006.run(TC_1st_Pay_Vault_006:34)&#xD;
	at com.kms.katalon.core.main.ScriptEngine.run(ScriptEngine.java:194)&#xD;
	at com.kms.katalon.core.main.ScriptEngine.runScriptAsRawText(ScriptEngine.java:119)&#xD;
	at com.kms.katalon.core.main.TestCaseExecutor.runScript(TestCaseExecutor.java:337)&#xD;
	at com.kms.katalon.core.main.TestCaseExecutor.doExecute(TestCaseExecutor.java:328)&#xD;
	at com.kms.katalon.core.main.TestCaseExecutor.processExecutionPhase(TestCaseExecutor.java:307)&#xD;
	at com.kms.katalon.core.main.TestCaseExecutor.accessMainPhase(TestCaseExecutor.java:299)&#xD;
	at com.kms.katalon.core.main.TestCaseExecutor.execute(TestCaseExecutor.java:233)&#xD;
	at com.kms.katalon.core.main.TestSuiteExecutor.accessTestCaseMainPhase(TestSuiteExecutor.java:169)&#xD;
	at com.kms.katalon.core.main.TestSuiteExecutor.accessTestSuiteMainPhase(TestSuiteExecutor.java:142)&#xD;
	at com.kms.katalon.core.main.TestSuiteExecutor.execute(TestSuiteExecutor.java:91)&#xD;
	at com.kms.katalon.core.main.TestCaseMain.startTestSuite(TestCaseMain.java:157)&#xD;
	at com.kms.katalon.core.main.TestCaseMain$startTestSuite$0.call(Unknown Source)&#xD;
	at TempTestSuite1572343764272.run(TempTestSuite1572343764272.groovy:35)&#xD;
&#xD;
&#xD;
2019-10-29 05:24:44 - [TEST_STEP][PASSED] - Start listener action : sampleBeforeTestCase: null&#xD;
&#xD;
2019-10-29 05:24:44 - [TEST_STEP][PASSED] - println(testCaseContext.getTestCaseId()): null&#xD;
&#xD;
2019-10-29 05:24:44 - [TEST_STEP][PASSED] - println(testCaseContext.getTestCaseVariables()): null&#xD;
&#xD;
2019-10-29 05:24:44 - [TEST_STEP][NOT_RUN] - utilities.SafeActions.openBrowser(Old_URL, [PageLoadTime]): NOT_RUN: utilities.SafeActions.openBrowser(Old_URL, [PageLoadTime])&#xD;
&#xD;
2019-10-29 05:24:44 - [MESSAGE][NOT_RUN] - NOT_RUN: utilities.SafeActions.openBrowser(Old_URL, [PageLoadTime])&#xD;
&#xD;
2019-10-29 05:24:44 - [TEST_STEP][NOT_RUN] - delay(6): NOT_RUN: delay(6)&#xD;
&#xD;
2019-10-29 05:24:44 - [MESSAGE][NOT_RUN] - NOT_RUN: delay(6)&#xD;
&#xD;
2019-10-29 05:24:44 - [TEST_STEP][NOT_RUN] - utilities.SafeActions.safeSelectOptionInDropDownByVisibleText(findTestObject("Pages/Sale/dropDown_AccountType"), "ranjanatest2 - 888814981372/001 Account Type: Retail", "Select by Value", [25]): NOT_RUN: utilities.SafeActions.safeSelectOptionInDropDownByVisibleText(findTestObject("Pages/Sale/dropDown_AccountType"), "ranjanatest2 - 888814981372/001 Account Type: Retail", "Select by Value", [25])&#xD;
&#xD;
2019-10-29 05:24:44 - [MESSAGE][NOT_RUN] - NOT_RUN: utilities.SafeActions.safeSelectOptionInDropDownByVisibleText(findTestObject("Pages/Sale/dropDown_AccountType"), "ranjanatest2 - 888814981372/001 Account Type: Retail", "Select by Value", [25])&#xD;
&#xD;
2019-10-29 05:24:44 - [TEST_STEP][PASSED] - utilities.SafeActions.openBrowser(URL, [PageLoadTime]): utilities.SafeActions.openBrowser is PASSED&#xD;
&#xD;
2019-10-29 05:24:44 - [MESSAGE][INFO] - Opening Browser&#xD;
&#xD;
2019-10-29 05:24:44 - [MESSAGE][WARNING] - A browser is already opened. Closing browser and opening a new one&#xD;
&#xD;
2019-10-29 05:24:46 - [MESSAGE][INFO] - Starting 'Firefox' driver&#xD;
&#xD;
2019-10-29 05:24:52 - [MESSAGE][PASSED] - Browser is opened with url: 'https://q-www-firstview-net.faps.net/MVC/Account/Login'&#xD;
&#xD;
2019-10-29 05:24:52 - [MESSAGE][PASSED] - Current window maximized&#xD;
&#xD;
2019-10-29 05:24:52 - [MESSAGE][INFO] - Browser Launched Successfully&#xD;
&#xD;
2019-10-29 05:24:52 - [MESSAGE][PASSED] - utilities.SafeActions.openBrowser is PASSED&#xD;
&#xD;
2019-10-29 05:24:52 - [TEST_STEP][PASSED] - pages.Login.login(uName, password): pages.Login.login is PASSED&#xD;
&#xD;
2019-10-29 05:24:52 - [MESSAGE][PASSED] - Object 'Object Repository/Pages/Login/userName' is present&#xD;
&#xD;
2019-10-29 05:24:52 - [MESSAGE][PASSED] - Scroll to object 'Object Repository/Pages/Login/userName' successfully&#xD;
&#xD;
2019-10-29 05:24:52 - [MESSAGE][PASSED] - Object 'Object Repository/Pages/Login/userName' is present&#xD;
&#xD;
2019-10-29 05:24:53 - [MESSAGE][PASSED] - Object: 'Object Repository/Pages/Login/userName' is clicked on&#xD;
&#xD;
2019-10-29 05:24:53 - [MESSAGE][PASSED] - Text 'ZenQRetail' is set on object 'Object Repository/Pages/Login/userName'&#xD;
&#xD;
2019-10-29 05:24:53 - [MESSAGE][PASSED] - Object 'Object Repository/Pages/Login/password' is present&#xD;
&#xD;
2019-10-29 05:24:53 - [MESSAGE][PASSED] - Scroll to object 'Object Repository/Pages/Login/password' successfully&#xD;
&#xD;
2019-10-29 05:24:53 - [MESSAGE][PASSED] - Object 'Object Repository/Pages/Login/password' is present&#xD;
&#xD;
2019-10-29 05:24:54 - [MESSAGE][PASSED] - Object: 'Object Repository/Pages/Login/password' is clicked on&#xD;
&#xD;
2019-10-29 05:24:54 - [MESSAGE][PASSED] - Text 'P@ssword1' is set on object 'Object Repository/Pages/Login/password'&#xD;
&#xD;
2019-10-29 05:24:54 - [MESSAGE][INFO] - Safe Click Without scroll&#xD;
&#xD;
2019-10-29 05:24:54 - [MESSAGE][INFO] - 1stPayVault.ts:waiting until Click on Login is Clickable&#xD;
&#xD;
2019-10-29 05:24:54 - [MESSAGE][PASSED] - Object 'Object Repository/Pages/Login/login' is clickable&#xD;
&#xD;
2019-10-29 05:24:54 - [MESSAGE][PASSED] - Object 'Object Repository/Pages/Login/login' is visible&#xD;
&#xD;
2019-10-29 05:24:57 - [MESSAGE][PASSED] - Object: 'Object Repository/Pages/Login/login' is clicked on&#xD;
&#xD;
2019-10-29 05:24:57 - [MESSAGE][INFO] - 1stPayVault.ts: click on the Click on Login&#xD;
&#xD;
2019-10-29 05:24:57 - [MESSAGE][PASSED] - pages.Login.login is PASSED&#xD;
&#xD;
2019-10-29 05:24:57 - [TEST_STEP][PASSED] - callTestCase(findTestCase("FirstView/Login/TC_SendCode"), [:], STOP_ON_FAILURE): Call Test Case 'Test Cases/FirstView/Login/TC_SendCode' successfully&#xD;
&#xD;
2019-10-29 05:24:57 - [TEST_CASE][PASSED] - Test Cases/FirstView/Login/TC_SendCode: Test Cases/FirstView/Login/TC_SendCode&#xD;
&#xD;
2019-10-29 05:24:57 - [TEST_STEP][PASSED] - flag = pages.SendCode.verifyPage(): pages.SendCode.verifyPage is PASSED&#xD;
&#xD;
2019-10-29 05:24:57 - [MESSAGE][PASSED] - Object 'Object Repository/Pages/SendCodeToValidate/header_SendCodeToValidate' is present and visible in viewport&#xD;
&#xD;
2019-10-29 05:24:57 - [MESSAGE][PASSED] - pages.SendCode.verifyPage is PASSED&#xD;
&#xD;
2019-10-29 05:24:57 - [TEST_STEP][PASSED] - if (flag): pages.SendCode.clickonUserSettings is PASSED&#xD;
&#xD;
2019-10-29 05:24:57 - [TEST_STEP][PASSED] - pages.SendCode.clickonUserSettings(): pages.SendCode.clickonUserSettings is PASSED&#xD;
&#xD;
2019-10-29 05:24:57 - [MESSAGE][PASSED] - Object 'Object Repository/Pages/SendCodeToValidate/link_UserSettings' is present&#xD;
&#xD;
2019-10-29 05:24:57 - [MESSAGE][PASSED] - Object 'Object Repository/Pages/SendCodeToValidate/link_UserSettings' is visible&#xD;
&#xD;
2019-10-29 05:24:57 - [MESSAGE][INFO] - 1stPayVault.ts:waiting until Click on User Settings is Clickable&#xD;
&#xD;
2019-10-29 05:24:57 - [MESSAGE][PASSED] - Object 'Object Repository/Pages/SendCodeToValidate/link_UserSettings' is clickable&#xD;
&#xD;
2019-10-29 05:24:57 - [MESSAGE][PASSED] - Object 'Object Repository/Pages/SendCodeToValidate/link_UserSettings' is visible&#xD;
&#xD;
2019-10-29 05:25:01 - [MESSAGE][PASSED] - Object: 'Object Repository/Pages/SendCodeToValidate/link_UserSettings' is clicked on&#xD;
&#xD;
2019-10-29 05:25:01 - [MESSAGE][INFO] - 1stPayVault.ts: Clicked on the Click on User Settings&#xD;
&#xD;
2019-10-29 05:25:01 - [MESSAGE][PASSED] - pages.SendCode.clickonUserSettings is PASSED&#xD;
&#xD;
2019-10-29 05:25:01 - [MESSAGE][PASSED] - Call Test Case 'Test Cases/FirstView/Login/TC_SendCode' successfully&#xD;
&#xD;
2019-10-29 05:25:01 - [TEST_STEP][PASSED] - callTestCase(findTestCase("FirstView/Login/TC_FirstView"), [:], STOP_ON_FAILURE): Call Test Case 'Test Cases/FirstView/Login/TC_FirstView' successfully&#xD;
&#xD;
2019-10-29 05:25:01 - [TEST_CASE][PASSED] - Test Cases/FirstView/Login/TC_FirstView: Test Cases/FirstView/Login/TC_FirstView&#xD;
&#xD;
2019-10-29 05:25:01 - [TEST_STEP][NOT_RUN] - utilities.SafeActions.safeClickWithoutScroll(findTestObject("Pages/FirstView/link_Home"), "Click on Home button in First View screen", [PageLoadTime]): NOT_RUN: utilities.SafeActions.safeClickWithoutScroll(findTestObject("Pages/FirstView/link_Home"), "Click on Home button in First View screen", [PageLoadTime])&#xD;
&#xD;
2019-10-29 05:25:01 - [MESSAGE][NOT_RUN] - NOT_RUN: utilities.SafeActions.safeClickWithoutScroll(findTestObject("Pages/FirstView/link_Home"), "Click on Home button in First View screen", [PageLoadTime])&#xD;
&#xD;
2019-10-29 05:25:01 - [TEST_STEP][PASSED] - utilities.SafeActions.javascriptclick(findTestObject("Pages/FirstView/link_Home"), delayForElement): utilities.SafeActions.javascriptclick is PASSED&#xD;
&#xD;
2019-10-29 05:25:02 - [MESSAGE][PASSED] - utilities.SafeActions.javascriptclick is PASSED&#xD;
&#xD;
2019-10-29 05:25:02 - [TEST_STEP][PASSED] - utilities.SafeActions.safeClickWithoutScroll(findTestObject("Pages/FirstView/link_VPOS"), "Click on VPOS button in First View screen", [PageLoadTime]): utilities.SafeActions.safeClickWithoutScroll is PASSED&#xD;
&#xD;
2019-10-29 05:25:02 - [MESSAGE][INFO] - Safe Click Without scroll&#xD;
&#xD;
2019-10-29 05:25:02 - [MESSAGE][INFO] - 1stPayVault.ts:waiting until Click on VPOS button in First View screen is Clickable&#xD;
&#xD;
2019-10-29 05:25:04 - [MESSAGE][PASSED] - Object 'Object Repository/Pages/FirstView/link_VPOS' is clickable&#xD;
&#xD;
2019-10-29 05:25:04 - [MESSAGE][PASSED] - Object 'Object Repository/Pages/FirstView/link_VPOS' is visible&#xD;
&#xD;
2019-10-29 05:25:05 - [MESSAGE][PASSED] - Object: 'Object Repository/Pages/FirstView/link_VPOS' is clicked on&#xD;
&#xD;
2019-10-29 05:25:05 - [MESSAGE][INFO] - 1stPayVault.ts: click on the Click on VPOS button in First View screen&#xD;
&#xD;
2019-10-29 05:25:05 - [MESSAGE][PASSED] - utilities.SafeActions.safeClickWithoutScroll is PASSED&#xD;
&#xD;
2019-10-29 05:25:05 - [MESSAGE][PASSED] - Call Test Case 'Test Cases/FirstView/Login/TC_FirstView' successfully&#xD;
&#xD;
2019-10-29 05:25:05 - [TEST_STEP][PASSED] - switchToWindowTitle("Transcenter - VPOS"): Switched to window with title: 'Transcenter - VPOS'&#xD;
&#xD;
2019-10-29 05:25:09 - [MESSAGE][PASSED] - Switched to window with title: 'Transcenter - VPOS'&#xD;
&#xD;
2019-10-29 05:25:09 - [TEST_STEP][ERROR] - utilities.SafeActions.safeClickWithoutScroll(findTestObject("Pages/FirstPayVault/tab_FirstPayVault"), "Click on FirstPayVault tab", [PageLoadTime]): com.kms.katalon.core.exception.StepErrorException: 1stPayVault.ts:Click on FirstPayVault tab is not clickable in time - 60seconds&#xD;
&#xD;
2019-10-29 05:25:09 - [MESSAGE][INFO] - Safe Click Without scroll&#xD;
&#xD;
2019-10-29 05:25:09 - [MESSAGE][INFO] - 1stPayVault.ts:waiting until Click on FirstPayVault tab is Clickable&#xD;
&#xD;
2019-10-29 05:25:11 - [MESSAGE][PASSED] - Object 'Object Repository/Pages/FirstPayVault/tab_FirstPayVault' is clickable&#xD;
&#xD;
2019-10-29 05:25:11 - [MESSAGE][PASSED] - Object 'Object Repository/Pages/FirstPayVault/tab_FirstPayVault' is visible&#xD;
&#xD;
2019-10-29 05:25:12 - [MESSAGE][FAILED] - Unable to click on object 'Object Repository/Pages/FirstPayVault/tab_FirstPayVault' (Root cause: com.kms.katalon.core.exception.StepFailedException: Unable to click on object 'Object Repository/Pages/FirstPayVault/tab_FirstPayVault'&#xD;
	at com.kms.katalon.core.webui.keyword.internal.WebUIKeywordMain.stepFailed(WebUIKeywordMain.groovy:64)&#xD;
	at com.kms.katalon.core.webui.keyword.internal.WebUIKeywordMain.runKeyword(WebUIKeywordMain.groovy:26)&#xD;
	at com.kms.katalon.core.webui.keyword.builtin.ClickKeyword.click(ClickKeyword.groovy:86)&#xD;
	at com.kms.katalon.core.webui.keyword.builtin.ClickKeyword.execute(ClickKeyword.groovy:67)&#xD;
	at com.kms.katalon.core.keyword.internal.KeywordExecutor.executeKeywordForPlatform(KeywordExecutor.groovy:56)&#xD;
	at com.kms.katalon.core.webui.keyword.WebUiBuiltInKeywords.click(WebUiBuiltInKeywords.groovy:616)&#xD;
	at com.kms.katalon.core.webui.keyword.WebUiBuiltInKeywords$click$4.call(Unknown Source)&#xD;
	at utilities.SafeActions.safeClickWithoutScroll(SafeActions.groovy:138)&#xD;
	at utilities.SafeActions.invokeMethod(SafeActions.groovy)&#xD;
	at com.kms.katalon.core.main.CustomKeywordDelegatingMetaClass.invokeStaticMethod(CustomKeywordDelegatingMetaClass.java:50)&#xD;
	at TC_1st_Pay_Vault_006.run(TC_1st_Pay_Vault_006:34)&#xD;
	at com.kms.katalon.core.main.ScriptEngine.run(ScriptEngine.java:194)&#xD;
	at com.kms.katalon.core.main.ScriptEngine.runScriptAsRawText(ScriptEngine.java:119)&#xD;
	at com.kms.katalon.core.main.TestCaseExecutor.runScript(TestCaseExecutor.java:337)&#xD;
	at com.kms.katalon.core.main.TestCaseExecutor.doExecute(TestCaseExecutor.java:328)&#xD;
	at com.kms.katalon.core.main.TestCaseExecutor.processExecutionPhase(TestCaseExecutor.java:307)&#xD;
	at com.kms.katalon.core.main.TestCaseExecutor.accessMainPhase(TestCaseExecutor.java:299)&#xD;
	at com.kms.katalon.core.main.TestCaseExecutor.execute(TestCaseExecutor.java:233)&#xD;
	at com.kms.katalon.core.main.TestSuiteExecutor.accessTestCaseMainPhase(TestSuiteExecutor.java:169)&#xD;
	at com.kms.katalon.core.main.TestSuiteExecutor.accessTestSuiteMainPhase(TestSuiteExecutor.java:142)&#xD;
	at com.kms.katalon.core.main.TestSuiteExecutor.execute(TestSuiteExecutor.java:91)&#xD;
	at com.kms.katalon.core.main.TestCaseMain.startTestSuite(TestCaseMain.java:157)&#xD;
	at com.kms.katalon.core.main.TestCaseMain$startTestSuite$0.call(Unknown Source)&#xD;
	at TempTestSuite1572343764272.run(TempTestSuite1572343764272.groovy:35)&#xD;
Caused by: org.openqa.selenium.ElementClickInterceptedException: Element &lt;span class="title title_center"&gt; is not clickable at point (296,163) because another element &lt;div id="transcenter-modal-progress" class="modal fade show"&gt; obscures it
Build info: version: '3.141.59', revision: 'e82be7d358', time: '2018-11-14T08:25:53'
System info: host: 'FW1-D-DTA-ZENQ1', ip: '172.25.52.168', os.name: 'Windows 10', os.arch: 'amd64', os.version: '10.0', java.version: '1.8.0_181'
Driver info: com.kms.katalon.core.webui.driver.firefox.CGeckoDriver
Capabilities {acceptInsecureCerts: true, browserName: firefox, browserVersion: 68.0.2, javascriptEnabled: true, moz:accessibilityChecks: false, moz:buildID: 20190813150448, moz:geckodriverVersion: 0.23.0, moz:headless: false, moz:processID: 389256, moz:profile: C:\Users\venkata.annam\AppD..., moz:shutdownTimeout: 60000, moz:useNonSpecCompliantPointerOrigin: false, moz:webdriverClick: true, pageLoadStrategy: normal, platform: WINDOWS, platformName: WINDOWS, platformVersion: 10.0, proxy: Proxy(direct), rotatable: false, setWindowRect: true, strictFileInteractability: false, timeouts: {implicit: 0, pageLoad: 300000, script: 30000}, unhandledPromptBehavior: dismiss and notify}
Session ID: 2755f434-40cf-4faa-bc67-11b68dc772dd&#xD;
	at org.openqa.selenium.remote.http.W3CHttpResponseCodec.createException(W3CHttpResponseCodec.java:187)&#xD;
	at org.openqa.selenium.remote.http.W3CHttpResponseCodec.decode(W3CHttpResponseCodec.java:122)&#xD;
	at org.openqa.selenium.remote.http.W3CHttpResponseCodec.decode(W3CHttpResponseCodec.java:49)&#xD;
	at org.openqa.selenium.remote.HttpCommandExecutor.execute(HttpCommandExecutor.java:158)&#xD;
	at org.openqa.selenium.remote.service.DriverCommandExecutor.execute(DriverCommandExecutor.java:83)&#xD;
	at org.openqa.selenium.remote.RemoteWebDriver.execute(RemoteWebDriver.java:552)&#xD;
	at com.kms.katalon.selenium.driver.CFirefoxDriver.execute(CFirefoxDriver.java:28)&#xD;
	at org.openqa.selenium.remote.RemoteWebElement.execute(RemoteWebElement.java:285)&#xD;
	at org.openqa.selenium.remote.RemoteWebElement.click(RemoteWebElement.java:84)&#xD;
	at com.kms.katalon.core.webui.keyword.builtin.ClickKeyword$_click_closure1.doCall(ClickKeyword.groovy:79)&#xD;
	at com.kms.katalon.core.webui.keyword.builtin.ClickKeyword$_click_closure1.call(ClickKeyword.groovy)&#xD;
	at com.kms.katalon.core.webui.keyword.internal.WebUIKeywordMain.runKeyword(WebUIKeywordMain.groovy:20)&#xD;
	at com.kms.katalon.core.webui.keyword.builtin.ClickKeyword.click(ClickKeyword.groovy:86)&#xD;
	at com.kms.katalon.core.webui.keyword.builtin.ClickKeyword.execute(ClickKeyword.groovy:67)&#xD;
	at com.kms.katalon.core.keyword.internal.KeywordExecutor.executeKeywordForPlatform(KeywordExecutor.groovy:56)&#xD;
	at com.kms.katalon.core.webui.keyword.WebUiBuiltInKeywords.click(WebUiBuiltInKeywords.groovy:616)&#xD;
	at com.kms.katalon.core.webui.keyword.WebUiBuiltInKeywords$click$4.call(Unknown Source)&#xD;
	at utilities.SafeActions.safeClickWithoutScroll(SafeActions.groovy:138)&#xD;
	at utilities.SafeActions.invokeMethod(SafeActions.groovy)&#xD;
	at com.kms.katalon.core.main.CustomKeywordDelegatingMetaClass.invokeStaticMethod(CustomKeywordDelegatingMetaClass.java:50)&#xD;
	at Script1568892237954.run(Script1568892237954.groovy:34)&#xD;
	... 13 more&#xD;
)&#xD;
[[ATTACHMENT|C:\\VPOS_Internal\\VPOS_Internal\\Reports\\20191029_050924\\FirstView\\1stPayVault\\20191029_050924\\1572344712471.png]]&#xD;
&#xD;
2019-10-29 05:25:12 - [MESSAGE][ERROR] - com.kms.katalon.core.exception.StepErrorException: 1stPayVault.ts:Click on FirstPayVault tab is not clickable in time - 60seconds&#xD;
&#xD;
2019-10-29 05:25:12 - [TEST_STEP][ERROR] - utilities.SafeActions.safeClickWithoutScroll(findTestObject("Pages/FirstPayVault/button_CreateVault"), "Click on CreateVault button", [PageLoadTime]): com.kms.katalon.core.exception.StepErrorException: 1stPayVault.ts:Click on CreateVault button is not Clickable&#xD;
&#xD;
2019-10-29 05:25:12 - [MESSAGE][INFO] - Safe Click Without scroll&#xD;
&#xD;
2019-10-29 05:25:12 - [MESSAGE][INFO] - 1stPayVault.ts:waiting until Click on CreateVault button is Clickable&#xD;
&#xD;
2019-10-29 05:25:12 - [MESSAGE][PASSED] - Object 'Object Repository/Pages/FirstPayVault/button_CreateVault' is clickable&#xD;
&#xD;
2019-10-29 05:25:12 - [MESSAGE][FAILED] - Object 'Object Repository/Pages/FirstPayVault/button_CreateVault' is NOT visible (Root cause: com.kms.katalon.core.exception.StepFailedException: Object 'Object Repository/Pages/FirstPayVault/button_CreateVault' is NOT visible&#xD;
	at com.kms.katalon.core.webui.keyword.internal.WebUIKeywordMain.stepFailed(WebUIKeywordMain.groovy:64)&#xD;
	at com.kms.katalon.core.webui.keyword.builtin.VerifyElementVisibleKeyword$_verifyElementVisible_closure1.doCall(VerifyElementVisibleKeyword.groovy:83)&#xD;
	at com.kms.katalon.core.webui.keyword.builtin.VerifyElementVisibleKeyword$_verifyElementVisible_closure1.call(VerifyElementVisibleKeyword.groovy)&#xD;
	at com.kms.katalon.core.webui.keyword.internal.WebUIKeywordMain.runKeyword(WebUIKeywordMain.groovy:20)&#xD;
	at com.kms.katalon.core.webui.keyword.builtin.VerifyElementVisibleKeyword.verifyElementVisible(VerifyElementVisibleKeyword.groovy:97)&#xD;
	at com.kms.katalon.core.webui.keyword.builtin.VerifyElementVisibleKeyword.execute(VerifyElementVisibleKeyword.groovy:67)&#xD;
	at com.kms.katalon.core.keyword.internal.KeywordExecutor.executeKeywordForPlatform(KeywordExecutor.groovy:56)&#xD;
	at com.kms.katalon.core.webui.keyword.WebUiBuiltInKeywords.verifyElementVisible(WebUiBuiltInKeywords.groovy:372)&#xD;
	at com.kms.katalon.core.webui.keyword.WebUiBuiltInKeywords$verifyElementVisible$7.call(Unknown Source)&#xD;
	at utilities.SafeActions.waitUntilClickable(SafeActions.groovy:173)&#xD;
	at utilities.SafeActions.safeClickWithoutScroll(SafeActions.groovy:136)&#xD;
	at utilities.SafeActions.invokeMethod(SafeActions.groovy)&#xD;
	at com.kms.katalon.core.main.CustomKeywordDelegatingMetaClass.invokeStaticMethod(CustomKeywordDelegatingMetaClass.java:50)&#xD;
	at TC_1st_Pay_Vault_006.run(TC_1st_Pay_Vault_006:37)&#xD;
	at com.kms.katalon.core.main.ScriptEngine.run(ScriptEngine.java:194)&#xD;
	at com.kms.katalon.core.main.ScriptEngine.runScriptAsRawText(ScriptEngine.java:119)&#xD;
	at com.kms.katalon.core.main.TestCaseExecutor.runScript(TestCaseExecutor.java:337)&#xD;
	at com.kms.katalon.core.main.TestCaseExecutor.doExecute(TestCaseExecutor.java:328)&#xD;
	at com.kms.katalon.core.main.TestCaseExecutor.processExecutionPhase(TestCaseExecutor.java:307)&#xD;
	at com.kms.katalon.core.main.TestCaseExecutor.accessMainPhase(TestCaseExecutor.java:299)&#xD;
	at com.kms.katalon.core.main.TestCaseExecutor.execute(TestCaseExecutor.java:233)&#xD;
	at com.kms.katalon.core.main.TestSuiteExecutor.accessTestCaseMainPhase(TestSuiteExecutor.java:169)&#xD;
	at com.kms.katalon.core.main.TestSuiteExecutor.accessTestSuiteMainPhase(TestSuiteExecutor.java:142)&#xD;
	at com.kms.katalon.core.main.TestSuiteExecutor.execute(TestSuiteExecutor.java:91)&#xD;
	at com.kms.katalon.core.main.TestCaseMain.startTestSuite(TestCaseMain.java:157)&#xD;
	at com.kms.katalon.core.main.TestCaseMain$startTestSuite$0.call(Unknown Source)&#xD;
	at TempTestSuite1572343764272.run(TempTestSuite1572343764272.groovy:35)&#xD;
)&#xD;
[[ATTACHMENT|C:\\VPOS_Internal\\VPOS_Internal\\Reports\\20191029_050924\\FirstView\\1stPayVault\\20191029_050924\\1572344712824.png]]&#xD;
&#xD;
2019-10-29 05:25:13 - [MESSAGE][FAILED] - Unable to verify object 'Object Repository/Pages/FirstPayVault/button_CreateVault' is visible (Root cause: com.kms.katalon.core.exception.StepFailedException: Unable to verify object 'Object Repository/Pages/FirstPayVault/button_CreateVault' is visible&#xD;
	at com.kms.katalon.core.webui.keyword.internal.WebUIKeywordMain.stepFailed(WebUIKeywordMain.groovy:64)&#xD;
	at com.kms.katalon.core.webui.keyword.internal.WebUIKeywordMain.runKeyword(WebUIKeywordMain.groovy:26)&#xD;
	at com.kms.katalon.core.webui.keyword.builtin.VerifyElementVisibleKeyword.verifyElementVisible(VerifyElementVisibleKeyword.groovy:97)&#xD;
	at com.kms.katalon.core.webui.keyword.builtin.VerifyElementVisibleKeyword.execute(VerifyElementVisibleKeyword.groovy:67)&#xD;
	at com.kms.katalon.core.keyword.internal.KeywordExecutor.executeKeywordForPlatform(KeywordExecutor.groovy:56)&#xD;
	at com.kms.katalon.core.webui.keyword.WebUiBuiltInKeywords.verifyElementVisible(WebUiBuiltInKeywords.groovy:372)&#xD;
	at com.kms.katalon.core.webui.keyword.WebUiBuiltInKeywords$verifyElementVisible$7.call(Unknown Source)&#xD;
	at utilities.SafeActions.waitUntilClickable(SafeActions.groovy:173)&#xD;
	at utilities.SafeActions.safeClickWithoutScroll(SafeActions.groovy:136)&#xD;
	at utilities.SafeActions.invokeMethod(SafeActions.groovy)&#xD;
	at com.kms.katalon.core.main.CustomKeywordDelegatingMetaClass.invokeStaticMethod(CustomKeywordDelegatingMetaClass.java:50)&#xD;
	at TC_1st_Pay_Vault_006.run(TC_1st_Pay_Vault_006:37)&#xD;
	at com.kms.katalon.core.main.ScriptEngine.run(ScriptEngine.java:194)&#xD;
	at com.kms.katalon.core.main.ScriptEngine.runScriptAsRawText(ScriptEngine.java:119)&#xD;
	at com.kms.katalon.core.main.TestCaseExecutor.runScript(TestCaseExecutor.java:337)&#xD;
	at com.kms.katalon.core.main.TestCaseExecutor.doExecute(TestCaseExecutor.java:328)&#xD;
	at com.kms.katalon.core.main.TestCaseExecutor.processExecutionPhase(TestCaseExecutor.java:307)&#xD;
	at com.kms.katalon.core.main.TestCaseExecutor.accessMainPhase(TestCaseExecutor.java:299)&#xD;
	at com.kms.katalon.core.main.TestCaseExecutor.execute(TestCaseExecutor.java:233)&#xD;
	at com.kms.katalon.core.main.TestSuiteExecutor.accessTestCaseMainPhase(TestSuiteExecutor.java:169)&#xD;
	at com.kms.katalon.core.main.TestSuiteExecutor.accessTestSuiteMainPhase(TestSuiteExecutor.java:142)&#xD;
	at com.kms.katalon.core.main.TestSuiteExecutor.execute(TestSuiteExecutor.java:91)&#xD;
	at com.kms.katalon.core.main.TestCaseMain.startTestSuite(TestCaseMain.java:157)&#xD;
	at com.kms.katalon.core.main.TestCaseMain$startTestSuite$0.call(Unknown Source)&#xD;
	at TempTestSuite1572343764272.run(TempTestSuite1572343764272.groovy:35)&#xD;
Caused by: com.kms.katalon.core.exception.StepFailedException: Object 'Object Repository/Pages/FirstPayVault/button_CreateVault' is NOT visible&#xD;
	at com.kms.katalon.core.webui.keyword.internal.WebUIKeywordMain.stepFailed(WebUIKeywordMain.groovy:64)&#xD;
	at com.kms.katalon.core.webui.keyword.builtin.VerifyElementVisibleKeyword$_verifyElementVisible_closure1.doCall(VerifyElementVisibleKeyword.groovy:83)&#xD;
	at com.kms.katalon.core.webui.keyword.builtin.VerifyElementVisibleKeyword$_verifyElementVisible_closure1.call(VerifyElementVisibleKeyword.groovy)&#xD;
	at com.kms.katalon.core.webui.keyword.internal.WebUIKeywordMain.runKeyword(WebUIKeywordMain.groovy:20)&#xD;
	... 23 more&#xD;
)&#xD;
[[ATTACHMENT|C:\\VPOS_Internal\\VPOS_Internal\\Reports\\20191029_050924\\FirstView\\1stPayVault\\20191029_050924\\1572344712916.png]]&#xD;
&#xD;
2019-10-29 05:25:13 - [MESSAGE][FAILED] - 1stPayVault.ts:Click on CreateVault button is not clickable in time - 60seconds&#xD;
&#xD;
2019-10-29 05:25:13 - [MESSAGE][ERROR] - com.kms.katalon.core.exception.StepErrorException: 1stPayVault.ts:Click on CreateVault button is not Clickable&#xD;
&#xD;
2019-10-29 05:25:13 - [TEST_STEP][FAILED] - scrollToElement(findTestObject("Pages/FirstPayVault/input_VaultReferenceNumber"), PageLoadTime): Unable to scroll to object 'Object Repository/Pages/FirstPayVault/input_VaultReferenceNumber' (Root cause: com.kms.katalon.core.exception.StepFailedException: Unable to scroll to object 'Object Repository/Pages/FirstPayVault/input_VaultReferenceNumber'&#xD;
	at com.kms.katalon.core.webui.keyword.internal.WebUIKeywordMain.stepFailed(WebUIKeywordMain.groovy:64)&#xD;
	at com.kms.katalon.core.webui.keyword.internal.WebUIKeywordMain.runKeyword(WebUIKeywordMain.groovy:26)&#xD;
	at com.kms.katalon.core.webui.keyword.builtin.ScrollToElementKeyword.scrollToElement(ScrollToElementKeyword.groovy:88)&#xD;
	at com.kms.katalon.core.webui.keyword.builtin.ScrollToElementKeyword.execute(ScrollToElementKeyword.groovy:68)&#xD;
	at com.kms.katalon.core.keyword.internal.KeywordExecutor.executeKeywordForPlatform(KeywordExecutor.groovy:56)&#xD;
	at com.kms.katalon.core.webui.keyword.WebUiBuiltInKeywords.scrollToElement(WebUiBuiltInKeywords.groovy:2975)&#xD;
	at com.kms.katalon.core.webui.keyword.WebUiBuiltInKeywords$scrollToElement$2.call(Unknown Source)&#xD;
	at TC_1st_Pay_Vault_006.run(TC_1st_Pay_Vault_006:39)&#xD;
	at com.kms.katalon.core.main.ScriptEngine.run(ScriptEngine.java:194)&#xD;
	at com.kms.katalon.core.main.ScriptEngine.runScriptAsRawText(ScriptEngine.java:119)&#xD;
	at com.kms.katalon.core.main.TestCaseExecutor.runScript(TestCaseExecutor.java:337)&#xD;
	at com.kms.katalon.core.main.TestCaseExecutor.doExecute(TestCaseExecutor.java:328)&#xD;
	at com.kms.katalon.core.main.TestCaseExecutor.processExecutionPhase(TestCaseExecutor.java:307)&#xD;
	at com.kms.katalon.core.main.TestCaseExecutor.accessMainPhase(TestCaseExecutor.java:299)&#xD;
	at com.kms.katalon.core.main.TestCaseExecutor.execute(TestCaseExecutor.java:233)&#xD;
	at com.kms.katalon.core.main.TestSuiteExecutor.accessTestCaseMainPhase(TestSuiteExecutor.java:169)&#xD;
	at com.kms.katalon.core.main.TestSuiteExecutor.accessTestSuiteMainPhase(TestSuiteExecutor.java:142)&#xD;
	at com.kms.katalon.core.main.TestSuiteExecutor.execute(TestSuiteExecutor.java:91)&#xD;
	at com.kms.katalon.core.main.TestCaseMain.startTestSuite(TestCaseMain.java:157)&#xD;
	at com.kms.katalon.core.main.TestCaseMain$startTestSuite$0.call(Unknown Source)&#xD;
	at TempTestSuite1572343764272.run(TempTestSuite1572343764272.groovy:35)&#xD;
Caused by: com.kms.katalon.core.webui.exception.WebElementNotFoundException: Web element with id: 'Object Repository/Pages/FirstPayVault/input_VaultReferenceNumber' located by 'By.xpath: //label[text()='1stPayVault Reference Number']/parent::div/following-sibling::div//input[@id='text-refund-info-amount']' not found&#xD;
	at com.kms.katalon.core.webui.common.WebUiCommonHelper.findWebElement(WebUiCommonHelper.java:1097)&#xD;
	at com.kms.katalon.core.webui.keyword.internal.WebUIAbstractKeyword.findWebElement(WebUIAbstractKeyword.groovy:27)&#xD;
	at com.kms.katalon.core.webui.keyword.internal.WebUIAbstractKeyword.findWebElement(WebUIAbstractKeyword.groovy:26)&#xD;
	at com.kms.katalon.core.webui.keyword.builtin.ScrollToElementKeyword$_scrollToElement_closure1.doCall(ScrollToElementKeyword.groovy:79)&#xD;
	at com.kms.katalon.core.webui.keyword.builtin.ScrollToElementKeyword$_scrollToElement_closure1.call(ScrollToElementKeyword.groovy)&#xD;
	at com.kms.katalon.core.webui.keyword.internal.WebUIKeywordMain.runKeyword(WebUIKeywordMain.groovy:20)&#xD;
	at com.kms.katalon.core.webui.keyword.builtin.ScrollToElementKeyword.scrollToElement(ScrollToElementKeyword.groovy:88)&#xD;
	at com.kms.katalon.core.webui.keyword.builtin.ScrollToElementKeyword.execute(ScrollToElementKeyword.groovy:68)&#xD;
	at com.kms.katalon.core.keyword.internal.KeywordExecutor.executeKeywordForPlatform(KeywordExecutor.groovy:56)&#xD;
	at com.kms.katalon.core.webui.keyword.WebUiBuiltInKeywords.scrollToElement(WebUiBuiltInKeywords.groovy:2975)&#xD;
	at com.kms.katalon.core.webui.keyword.WebUiBuiltInKeywords$scrollToElement$2.call(Unknown Source)&#xD;
	at Script1568892237954.run(Script1568892237954.groovy:39)&#xD;
	... 13 more&#xD;
)&#xD;
&#xD;
2019-10-29 05:25:43 - [MESSAGE][INFO] - Unable to find the element located by 'By.xpath: //label[text()='1stPayVault Reference Number']/parent::div/following-sibling::div//input[@id='text-refund-info-amount']'. Please recheck the objects properties to make sure the desired element is located. &#xD;
&#xD;
2019-10-29 05:25:43 - [MESSAGE][FAILED] - Unable to scroll to object 'Object Repository/Pages/FirstPayVault/input_VaultReferenceNumber' (Root cause: com.kms.katalon.core.exception.StepFailedException: Unable to scroll to object 'Object Repository/Pages/FirstPayVault/input_VaultReferenceNumber'&#xD;
	at com.kms.katalon.core.webui.keyword.internal.WebUIKeywordMain.stepFailed(WebUIKeywordMain.groovy:64)&#xD;
	at com.kms.katalon.core.webui.keyword.internal.WebUIKeywordMain.runKeyword(WebUIKeywordMain.groovy:26)&#xD;
	at com.kms.katalon.core.webui.keyword.builtin.ScrollToElementKeyword.scrollToElement(ScrollToElementKeyword.groovy:88)&#xD;
	at com.kms.katalon.core.webui.keyword.builtin.ScrollToElementKeyword.execute(ScrollToElementKeyword.groovy:68)&#xD;
	at com.kms.katalon.core.keyword.internal.KeywordExecutor.executeKeywordForPlatform(KeywordExecutor.groovy:56)&#xD;
	at com.kms.katalon.core.webui.keyword.WebUiBuiltInKeywords.scrollToElement(WebUiBuiltInKeywords.groovy:2975)&#xD;
	at com.kms.katalon.core.webui.keyword.WebUiBuiltInKeywords$scrollToElement$2.call(Unknown Source)&#xD;
	at TC_1st_Pay_Vault_006.run(TC_1st_Pay_Vault_006:39)&#xD;
	at com.kms.katalon.core.main.ScriptEngine.run(ScriptEngine.java:194)&#xD;
	at com.kms.katalon.core.main.ScriptEngine.runScriptAsRawText(ScriptEngine.java:119)&#xD;
	at com.kms.katalon.core.main.TestCaseExecutor.runScript(TestCaseExecutor.java:337)&#xD;
	at com.kms.katalon.core.main.TestCaseExecutor.doExecute(TestCaseExecutor.java:328)&#xD;
	at com.kms.katalon.core.main.TestCaseExecutor.processExecutionPhase(TestCaseExecutor.java:307)&#xD;
	at com.kms.katalon.core.main.TestCaseExecutor.accessMainPhase(TestCaseExecutor.java:299)&#xD;
	at com.kms.katalon.core.main.TestCaseExecutor.execute(TestCaseExecutor.java:233)&#xD;
	at com.kms.katalon.core.main.TestSuiteExecutor.accessTestCaseMainPhase(TestSuiteExecutor.java:169)&#xD;
	at com.kms.katalon.core.main.TestSuiteExecutor.accessTestSuiteMainPhase(TestSuiteExecutor.java:142)&#xD;
	at com.kms.katalon.core.main.TestSuiteExecutor.execute(TestSuiteExecutor.java:91)&#xD;
	at com.kms.katalon.core.main.TestCaseMain.startTestSuite(TestCaseMain.java:157)&#xD;
	at com.kms.katalon.core.main.TestCaseMain$startTestSuite$0.call(Unknown Source)&#xD;
	at TempTestSuite1572343764272.run(TempTestSuite1572343764272.groovy:35)&#xD;
Caused by: com.kms.katalon.core.webui.exception.WebElementNotFoundException: Web element with id: 'Object Repository/Pages/FirstPayVault/input_VaultReferenceNumber' located by 'By.xpath: //label[text()='1stPayVault Reference Number']/parent::div/following-sibling::div//input[@id='text-refund-info-amount']' not found&#xD;
	at com.kms.katalon.core.webui.common.WebUiCommonHelper.findWebElement(WebUiCommonHelper.java:1097)&#xD;
	at com.kms.katalon.core.webui.keyword.internal.WebUIAbstractKeyword.findWebElement(WebUIAbstractKeyword.groovy:27)&#xD;
	at com.kms.katalon.core.webui.keyword.internal.WebUIAbstractKeyword.findWebElement(WebUIAbstractKeyword.groovy:26)&#xD;
	at com.kms.katalon.core.webui.keyword.builtin.ScrollToElementKeyword$_scrollToElement_closure1.doCall(ScrollToElementKeyword.groovy:79)&#xD;
	at com.kms.katalon.core.webui.keyword.builtin.ScrollToElementKeyword$_scrollToElement_closure1.call(ScrollToElementKeyword.groovy)&#xD;
	at com.kms.katalon.core.webui.keyword.internal.WebUIKeywordMain.runKeyword(WebUIKeywordMain.groovy:20)&#xD;
	at com.kms.katalon.core.webui.keyword.builtin.ScrollToElementKeyword.scrollToElement(ScrollToElementKeyword.groovy:88)&#xD;
	at com.kms.katalon.core.webui.keyword.builtin.ScrollToElementKeyword.execute(ScrollToElementKeyword.groovy:68)&#xD;
	at com.kms.katalon.core.keyword.internal.KeywordExecutor.executeKeywordForPlatform(KeywordExecutor.groovy:56)&#xD;
	at com.kms.katalon.core.webui.keyword.WebUiBuiltInKeywords.scrollToElement(WebUiBuiltInKeywords.groovy:2975)&#xD;
	at com.kms.katalon.core.webui.keyword.WebUiBuiltInKeywords$scrollToElement$2.call(Unknown Source)&#xD;
	at Script1568892237954.run(Script1568892237954.groovy:39)&#xD;
	... 13 more&#xD;
)&#xD;
[[ATTACHMENT|C:\\VPOS_Internal\\VPOS_Internal\\Reports\\20191029_050924\\FirstView\\1stPayVault\\20191029_050924\\1572344743599.png]]&#xD;
&#xD;
2019-10-29 05:25:43 - [TEST_STEP][PASSED] - Start listener action : sampleAfterTestCase: Taking screenshot successfully&#xD;
&#xD;
2019-10-29 05:25:43 - [TEST_STEP][PASSED] - println(testCaseContext.getTestCaseId()): null&#xD;
&#xD;
2019-10-29 05:25:43 - [TEST_STEP][PASSED] - println(testCaseContext.getTestCaseStatus()): null&#xD;
&#xD;
2019-10-29 05:25:43 - [TEST_STEP][PASSED] - testCaseName = testCaseContext.getTestCaseId(): null&#xD;
&#xD;
2019-10-29 05:25:43 - [TEST_STEP][PASSED] - strCount = testCaseName.lastIndexOf("/"): null&#xD;
&#xD;
2019-10-29 05:25:43 - [TEST_STEP][PASSED] - testCaseName = testCaseName.substring(strCount): null&#xD;
&#xD;
2019-10-29 05:25:43 - [TEST_STEP][PASSED] - println(testCaseName): null&#xD;
&#xD;
2019-10-29 05:25:43 - [TEST_STEP][PASSED] - if (getTestCaseStatus().equalsIgnoreCase("Error")): Taking screenshot successfully&#xD;
&#xD;
2019-10-29 05:25:43 - [TEST_STEP][PASSED] - takeScreenshot(getReportFolder() + "/Screenshots/" + testCaseName + ".png"): Taking screenshot successfully&#xD;
&#xD;
2019-10-29 05:25:43 - [MESSAGE][PASSED] - Taking screenshot successfully&#xD;
[[ATTACHMENT|C:\\VPOS_Internal\\VPOS_Internal\\Reports\\20191029_050924\\FirstView\\1stPayVault\\20191029_050924/Screenshots//TC_1st_Pay_Vault_006.png]]&#xD;
&#xD;
2019-10-29 05:25:43 - [TEST_STEP][PASSED] - Start listener action : sampleAfterTestCase: null</system-out>
            <system-err>2019-10-29 05:24:43 - [TEST_CASE][ERROR] - Test Cases/FirstView/FirstPayVault/TC_1st_Pay_Vault_006: Test Cases/FirstView/FirstPayVault/TC_1st_Pay_Vault_006 FAILED.
Reason:
com.kms.katalon.core.exception.StepErrorException: 1stPayVault.ts:Click on FirstPayVault tab is not clickable in time - 60seconds&#xD;
	at com.kms.katalon.core.util.KeywordUtil.markError(KeywordUtil.java:65)&#xD;
	at com.kms.katalon.core.util.KeywordUtil$markError$0.call(Unknown Source)&#xD;
	at utilities.SafeActions.safeClickWithoutScroll(SafeActions.groovy:146)&#xD;
	at utilities.SafeActions.invokeMethod(SafeActions.groovy)&#xD;
	at com.kms.katalon.core.main.CustomKeywordDelegatingMetaClass.invokeStaticMethod(CustomKeywordDelegatingMetaClass.java:50)&#xD;
	at TC_1st_Pay_Vault_006.run(TC_1st_Pay_Vault_006:34)&#xD;
	at com.kms.katalon.core.main.ScriptEngine.run(ScriptEngine.java:194)&#xD;
	at com.kms.katalon.core.main.ScriptEngine.runScriptAsRawText(ScriptEngine.java:119)&#xD;
	at com.kms.katalon.core.main.TestCaseExecutor.runScript(TestCaseExecutor.java:337)&#xD;
	at com.kms.katalon.core.main.TestCaseExecutor.doExecute(TestCaseExecutor.java:328)&#xD;
	at com.kms.katalon.core.main.TestCaseExecutor.processExecutionPhase(TestCaseExecutor.java:307)&#xD;
	at com.kms.katalon.core.main.TestCaseExecutor.accessMainPhase(TestCaseExecutor.java:299)&#xD;
	at com.kms.katalon.core.main.TestCaseExecutor.execute(TestCaseExecutor.java:233)&#xD;
	at com.kms.katalon.core.main.TestSuiteExecutor.accessTestCaseMainPhase(TestSuiteExecutor.java:169)&#xD;
	at com.kms.katalon.core.main.TestSuiteExecutor.accessTestSuiteMainPhase(TestSuiteExecutor.java:142)&#xD;
	at com.kms.katalon.core.main.TestSuiteExecutor.execute(TestSuiteExecutor.java:91)&#xD;
	at com.kms.katalon.core.main.TestCaseMain.startTestSuite(TestCaseMain.java:157)&#xD;
	at com.kms.katalon.core.main.TestCaseMain$startTestSuite$0.call(Unknown Source)&#xD;
	at TempTestSuite1572343764272.run(TempTestSuite1572343764272.groovy:35)</system-err>
        </testcase>
        <testcase name="Test Cases/FirstView/FirstPayVault/TC_1st_Pay_Vault_009" classname="Test Cases/FirstView/FirstPayVault/TC_1st_Pay_Vault_009" status="ERROR">
            <error type="ERROR" message="Test Cases/FirstView/FirstPayVault/TC_1st_Pay_Vault_009 FAILED.&#xA;Reason:&#xA;com.kms.katalon.core.exception.StepErrorException: 1stPayVault.ts:Click on FirstPayVault tab is not clickable in time - 60seconds&#xD;&#xA;&#x9;at com.kms.katalon.core.util.KeywordUtil.markError(KeywordUtil.java:65)&#xD;&#xA;&#x9;at com.kms.katalon.core.util.KeywordUtil$markError$0.call(Unknown Source)&#xD;&#xA;&#x9;at utilities.SafeActions.safeClickWithoutScroll(SafeActions.groovy:146)&#xD;&#xA;&#x9;at utilities.SafeActions.invokeMethod(SafeActions.groovy)&#xD;&#xA;&#x9;at com.kms.katalon.core.main.CustomKeywordDelegatingMetaClass.invokeStaticMethod(CustomKeywordDelegatingMetaClass.java:50)&#xD;&#xA;&#x9;at TC_1st_Pay_Vault_009.run(TC_1st_Pay_Vault_009:34)&#xD;&#xA;&#x9;at com.kms.katalon.core.main.ScriptEngine.run(ScriptEngine.java:194)&#xD;&#xA;&#x9;at com.kms.katalon.core.main.ScriptEngine.runScriptAsRawText(ScriptEngine.java:119)&#xD;&#xA;&#x9;at com.kms.katalon.core.main.TestCaseExecutor.runScript(TestCaseExecutor.java:337)&#xD;&#xA;&#x9;at com.kms.katalon.core.main.TestCaseExecutor.doExecute(TestCaseExecutor.java:328)&#xD;&#xA;&#x9;at com.kms.katalon.core.main.TestCaseExecutor.processExecutionPhase(TestCaseExecutor.java:307)&#xD;&#xA;&#x9;at com.kms.katalon.core.main.TestCaseExecutor.accessMainPhase(TestCaseExecutor.java:299)&#xD;&#xA;&#x9;at com.kms.katalon.core.main.TestCaseExecutor.execute(TestCaseExecutor.java:233)&#xD;&#xA;&#x9;at com.kms.katalon.core.main.TestSuiteExecutor.accessTestCaseMainPhase(TestSuiteExecutor.java:169)&#xD;&#xA;&#x9;at com.kms.katalon.core.main.TestSuiteExecutor.accessTestSuiteMainPhase(TestSuiteExecutor.java:142)&#xD;&#xA;&#x9;at com.kms.katalon.core.main.TestSuiteExecutor.execute(TestSuiteExecutor.java:91)&#xD;&#xA;&#x9;at com.kms.katalon.core.main.TestCaseMain.startTestSuite(TestCaseMain.java:157)&#xD;&#xA;&#x9;at com.kms.katalon.core.main.TestCaseMain$startTestSuite$0.call(Unknown Source)&#xD;&#xA;&#x9;at TempTestSuite1572343764272.run(TempTestSuite1572343764272.groovy:35)&#xD;&#xA;"/>
            <system-out>2019-10-29 05:25:43 - [TEST_CASE][ERROR] - Test Cases/FirstView/FirstPayVault/TC_1st_Pay_Vault_009: Test Cases/FirstView/FirstPayVault/TC_1st_Pay_Vault_009 FAILED.
Reason:
com.kms.katalon.core.exception.StepErrorException: 1stPayVault.ts:Click on FirstPayVault tab is not clickable in time - 60seconds&#xD;
	at com.kms.katalon.core.util.KeywordUtil.markError(KeywordUtil.java:65)&#xD;
	at com.kms.katalon.core.util.KeywordUtil$markError$0.call(Unknown Source)&#xD;
	at utilities.SafeActions.safeClickWithoutScroll(SafeActions.groovy:146)&#xD;
	at utilities.SafeActions.invokeMethod(SafeActions.groovy)&#xD;
	at com.kms.katalon.core.main.CustomKeywordDelegatingMetaClass.invokeStaticMethod(CustomKeywordDelegatingMetaClass.java:50)&#xD;
	at TC_1st_Pay_Vault_009.run(TC_1st_Pay_Vault_009:34)&#xD;
	at com.kms.katalon.core.main.ScriptEngine.run(ScriptEngine.java:194)&#xD;
	at com.kms.katalon.core.main.ScriptEngine.runScriptAsRawText(ScriptEngine.java:119)&#xD;
	at com.kms.katalon.core.main.TestCaseExecutor.runScript(TestCaseExecutor.java:337)&#xD;
	at com.kms.katalon.core.main.TestCaseExecutor.doExecute(TestCaseExecutor.java:328)&#xD;
	at com.kms.katalon.core.main.TestCaseExecutor.processExecutionPhase(TestCaseExecutor.java:307)&#xD;
	at com.kms.katalon.core.main.TestCaseExecutor.accessMainPhase(TestCaseExecutor.java:299)&#xD;
	at com.kms.katalon.core.main.TestCaseExecutor.execute(TestCaseExecutor.java:233)&#xD;
	at com.kms.katalon.core.main.TestSuiteExecutor.accessTestCaseMainPhase(TestSuiteExecutor.java:169)&#xD;
	at com.kms.katalon.core.main.TestSuiteExecutor.accessTestSuiteMainPhase(TestSuiteExecutor.java:142)&#xD;
	at com.kms.katalon.core.main.TestSuiteExecutor.execute(TestSuiteExecutor.java:91)&#xD;
	at com.kms.katalon.core.main.TestCaseMain.startTestSuite(TestCaseMain.java:157)&#xD;
	at com.kms.katalon.core.main.TestCaseMain$startTestSuite$0.call(Unknown Source)&#xD;
	at TempTestSuite1572343764272.run(TempTestSuite1572343764272.groovy:35)&#xD;
&#xD;
&#xD;
2019-10-29 05:25:44 - [TEST_STEP][PASSED] - Start listener action : sampleBeforeTestCase: null&#xD;
&#xD;
2019-10-29 05:25:44 - [TEST_STEP][PASSED] - println(testCaseContext.getTestCaseId()): null&#xD;
&#xD;
2019-10-29 05:25:44 - [TEST_STEP][PASSED] - println(testCaseContext.getTestCaseVariables()): null&#xD;
&#xD;
2019-10-29 05:25:44 - [TEST_STEP][NOT_RUN] - utilities.SafeActions.openBrowser(Old_URL, [PageLoadTime]): NOT_RUN: utilities.SafeActions.openBrowser(Old_URL, [PageLoadTime])&#xD;
&#xD;
2019-10-29 05:25:44 - [MESSAGE][NOT_RUN] - NOT_RUN: utilities.SafeActions.openBrowser(Old_URL, [PageLoadTime])&#xD;
&#xD;
2019-10-29 05:25:44 - [TEST_STEP][NOT_RUN] - delay(6): NOT_RUN: delay(6)&#xD;
&#xD;
2019-10-29 05:25:44 - [MESSAGE][NOT_RUN] - NOT_RUN: delay(6)&#xD;
&#xD;
2019-10-29 05:25:44 - [TEST_STEP][NOT_RUN] - utilities.SafeActions.safeSelectOptionInDropDownByVisibleText(findTestObject("Pages/Sale/dropDown_AccountType"), "ranjanatest2 - 888814981372/001 Account Type: Retail", "Select by Value", [25]): NOT_RUN: utilities.SafeActions.safeSelectOptionInDropDownByVisibleText(findTestObject("Pages/Sale/dropDown_AccountType"), "ranjanatest2 - 888814981372/001 Account Type: Retail", "Select by Value", [25])&#xD;
&#xD;
2019-10-29 05:25:44 - [MESSAGE][NOT_RUN] - NOT_RUN: utilities.SafeActions.safeSelectOptionInDropDownByVisibleText(findTestObject("Pages/Sale/dropDown_AccountType"), "ranjanatest2 - 888814981372/001 Account Type: Retail", "Select by Value", [25])&#xD;
&#xD;
2019-10-29 05:25:44 - [TEST_STEP][PASSED] - utilities.SafeActions.openBrowser(URL, [PageLoadTime]): utilities.SafeActions.openBrowser is PASSED&#xD;
&#xD;
2019-10-29 05:25:44 - [MESSAGE][INFO] - Opening Browser&#xD;
&#xD;
2019-10-29 05:25:44 - [MESSAGE][WARNING] - A browser is already opened. Closing browser and opening a new one&#xD;
&#xD;
2019-10-29 05:25:45 - [MESSAGE][INFO] - Starting 'Firefox' driver&#xD;
&#xD;
2019-10-29 05:25:52 - [MESSAGE][PASSED] - Browser is opened with url: 'https://q-www-firstview-net.faps.net/MVC/Account/Login'&#xD;
&#xD;
2019-10-29 05:25:52 - [MESSAGE][PASSED] - Current window maximized&#xD;
&#xD;
2019-10-29 05:25:52 - [MESSAGE][INFO] - Browser Launched Successfully&#xD;
&#xD;
2019-10-29 05:25:52 - [MESSAGE][PASSED] - utilities.SafeActions.openBrowser is PASSED&#xD;
&#xD;
2019-10-29 05:25:52 - [TEST_STEP][PASSED] - pages.Login.login(uName, password): pages.Login.login is PASSED&#xD;
&#xD;
2019-10-29 05:25:52 - [MESSAGE][PASSED] - Object 'Object Repository/Pages/Login/userName' is present&#xD;
&#xD;
2019-10-29 05:25:52 - [MESSAGE][PASSED] - Scroll to object 'Object Repository/Pages/Login/userName' successfully&#xD;
&#xD;
2019-10-29 05:25:52 - [MESSAGE][PASSED] - Object 'Object Repository/Pages/Login/userName' is present&#xD;
&#xD;
2019-10-29 05:25:53 - [MESSAGE][PASSED] - Object: 'Object Repository/Pages/Login/userName' is clicked on&#xD;
&#xD;
2019-10-29 05:25:53 - [MESSAGE][PASSED] - Text 'ZenQRetail' is set on object 'Object Repository/Pages/Login/userName'&#xD;
&#xD;
2019-10-29 05:25:53 - [MESSAGE][PASSED] - Object 'Object Repository/Pages/Login/password' is present&#xD;
&#xD;
2019-10-29 05:25:53 - [MESSAGE][PASSED] - Scroll to object 'Object Repository/Pages/Login/password' successfully&#xD;
&#xD;
2019-10-29 05:25:53 - [MESSAGE][PASSED] - Object 'Object Repository/Pages/Login/password' is present&#xD;
&#xD;
2019-10-29 05:25:54 - [MESSAGE][PASSED] - Object: 'Object Repository/Pages/Login/password' is clicked on&#xD;
&#xD;
2019-10-29 05:25:54 - [MESSAGE][PASSED] - Text 'P@ssword1' is set on object 'Object Repository/Pages/Login/password'&#xD;
&#xD;
2019-10-29 05:25:54 - [MESSAGE][INFO] - Safe Click Without scroll&#xD;
&#xD;
2019-10-29 05:25:54 - [MESSAGE][INFO] - 1stPayVault.ts:waiting until Click on Login is Clickable&#xD;
&#xD;
2019-10-29 05:25:54 - [MESSAGE][PASSED] - Object 'Object Repository/Pages/Login/login' is clickable&#xD;
&#xD;
2019-10-29 05:25:54 - [MESSAGE][PASSED] - Object 'Object Repository/Pages/Login/login' is visible&#xD;
&#xD;
2019-10-29 05:25:56 - [MESSAGE][PASSED] - Object: 'Object Repository/Pages/Login/login' is clicked on&#xD;
&#xD;
2019-10-29 05:25:56 - [MESSAGE][INFO] - 1stPayVault.ts: click on the Click on Login&#xD;
&#xD;
2019-10-29 05:25:56 - [MESSAGE][PASSED] - pages.Login.login is PASSED&#xD;
&#xD;
2019-10-29 05:25:56 - [TEST_STEP][PASSED] - callTestCase(findTestCase("FirstView/Login/TC_SendCode"), [:], STOP_ON_FAILURE): Call Test Case 'Test Cases/FirstView/Login/TC_SendCode' successfully&#xD;
&#xD;
2019-10-29 05:25:56 - [TEST_CASE][PASSED] - Test Cases/FirstView/Login/TC_SendCode: Test Cases/FirstView/Login/TC_SendCode&#xD;
&#xD;
2019-10-29 05:25:56 - [TEST_STEP][PASSED] - flag = pages.SendCode.verifyPage(): pages.SendCode.verifyPage is PASSED&#xD;
&#xD;
2019-10-29 05:25:57 - [MESSAGE][PASSED] - Object 'Object Repository/Pages/SendCodeToValidate/header_SendCodeToValidate' is present and visible in viewport&#xD;
&#xD;
2019-10-29 05:25:57 - [MESSAGE][PASSED] - pages.SendCode.verifyPage is PASSED&#xD;
&#xD;
2019-10-29 05:25:57 - [TEST_STEP][PASSED] - if (flag): pages.SendCode.clickonUserSettings is PASSED&#xD;
&#xD;
2019-10-29 05:25:57 - [TEST_STEP][PASSED] - pages.SendCode.clickonUserSettings(): pages.SendCode.clickonUserSettings is PASSED&#xD;
&#xD;
2019-10-29 05:25:57 - [MESSAGE][PASSED] - Object 'Object Repository/Pages/SendCodeToValidate/link_UserSettings' is present&#xD;
&#xD;
2019-10-29 05:25:57 - [MESSAGE][PASSED] - Object 'Object Repository/Pages/SendCodeToValidate/link_UserSettings' is visible&#xD;
&#xD;
2019-10-29 05:25:57 - [MESSAGE][INFO] - 1stPayVault.ts:waiting until Click on User Settings is Clickable&#xD;
&#xD;
2019-10-29 05:25:57 - [MESSAGE][PASSED] - Object 'Object Repository/Pages/SendCodeToValidate/link_UserSettings' is clickable&#xD;
&#xD;
2019-10-29 05:25:57 - [MESSAGE][PASSED] - Object 'Object Repository/Pages/SendCodeToValidate/link_UserSettings' is visible&#xD;
&#xD;
2019-10-29 05:25:59 - [MESSAGE][PASSED] - Object: 'Object Repository/Pages/SendCodeToValidate/link_UserSettings' is clicked on&#xD;
&#xD;
2019-10-29 05:25:59 - [MESSAGE][INFO] - 1stPayVault.ts: Clicked on the Click on User Settings&#xD;
&#xD;
2019-10-29 05:25:59 - [MESSAGE][PASSED] - pages.SendCode.clickonUserSettings is PASSED&#xD;
&#xD;
2019-10-29 05:25:59 - [MESSAGE][PASSED] - Call Test Case 'Test Cases/FirstView/Login/TC_SendCode' successfully&#xD;
&#xD;
2019-10-29 05:25:59 - [TEST_STEP][PASSED] - callTestCase(findTestCase("FirstView/Login/TC_FirstView"), [:], STOP_ON_FAILURE): Call Test Case 'Test Cases/FirstView/Login/TC_FirstView' successfully&#xD;
&#xD;
2019-10-29 05:25:59 - [TEST_CASE][PASSED] - Test Cases/FirstView/Login/TC_FirstView: Test Cases/FirstView/Login/TC_FirstView&#xD;
&#xD;
2019-10-29 05:25:59 - [TEST_STEP][NOT_RUN] - utilities.SafeActions.safeClickWithoutScroll(findTestObject("Pages/FirstView/link_Home"), "Click on Home button in First View screen", [PageLoadTime]): NOT_RUN: utilities.SafeActions.safeClickWithoutScroll(findTestObject("Pages/FirstView/link_Home"), "Click on Home button in First View screen", [PageLoadTime])&#xD;
&#xD;
2019-10-29 05:25:59 - [MESSAGE][NOT_RUN] - NOT_RUN: utilities.SafeActions.safeClickWithoutScroll(findTestObject("Pages/FirstView/link_Home"), "Click on Home button in First View screen", [PageLoadTime])&#xD;
&#xD;
2019-10-29 05:25:59 - [TEST_STEP][PASSED] - utilities.SafeActions.javascriptclick(findTestObject("Pages/FirstView/link_Home"), delayForElement): utilities.SafeActions.javascriptclick is PASSED&#xD;
&#xD;
2019-10-29 05:25:59 - [MESSAGE][PASSED] - utilities.SafeActions.javascriptclick is PASSED&#xD;
&#xD;
2019-10-29 05:25:59 - [TEST_STEP][PASSED] - utilities.SafeActions.safeClickWithoutScroll(findTestObject("Pages/FirstView/link_VPOS"), "Click on VPOS button in First View screen", [PageLoadTime]): utilities.SafeActions.safeClickWithoutScroll is PASSED&#xD;
&#xD;
2019-10-29 05:25:59 - [MESSAGE][INFO] - Safe Click Without scroll&#xD;
&#xD;
2019-10-29 05:25:59 - [MESSAGE][INFO] - 1stPayVault.ts:waiting until Click on VPOS button in First View screen is Clickable&#xD;
&#xD;
2019-10-29 05:26:00 - [MESSAGE][PASSED] - Object 'Object Repository/Pages/FirstView/link_VPOS' is clickable&#xD;
&#xD;
2019-10-29 05:26:00 - [MESSAGE][PASSED] - Object 'Object Repository/Pages/FirstView/link_VPOS' is visible&#xD;
&#xD;
2019-10-29 05:26:01 - [MESSAGE][PASSED] - Object: 'Object Repository/Pages/FirstView/link_VPOS' is clicked on&#xD;
&#xD;
2019-10-29 05:26:01 - [MESSAGE][INFO] - 1stPayVault.ts: click on the Click on VPOS button in First View screen&#xD;
&#xD;
2019-10-29 05:26:01 - [MESSAGE][PASSED] - utilities.SafeActions.safeClickWithoutScroll is PASSED&#xD;
&#xD;
2019-10-29 05:26:01 - [MESSAGE][PASSED] - Call Test Case 'Test Cases/FirstView/Login/TC_FirstView' successfully&#xD;
&#xD;
2019-10-29 05:26:01 - [TEST_STEP][PASSED] - switchToWindowTitle("Transcenter - VPOS"): Switched to window with title: 'Transcenter - VPOS'&#xD;
&#xD;
2019-10-29 05:26:05 - [MESSAGE][PASSED] - Switched to window with title: 'Transcenter - VPOS'&#xD;
&#xD;
2019-10-29 05:26:05 - [TEST_STEP][ERROR] - utilities.SafeActions.safeClickWithoutScroll(findTestObject("Pages/FirstPayVault/tab_FirstPayVault"), "Click on FirstPayVault tab", [PageLoadTime]): com.kms.katalon.core.exception.StepErrorException: 1stPayVault.ts:Click on FirstPayVault tab is not clickable in time - 60seconds&#xD;
&#xD;
2019-10-29 05:26:05 - [MESSAGE][INFO] - Safe Click Without scroll&#xD;
&#xD;
2019-10-29 05:26:05 - [MESSAGE][INFO] - 1stPayVault.ts:waiting until Click on FirstPayVault tab is Clickable&#xD;
&#xD;
2019-10-29 05:26:07 - [MESSAGE][PASSED] - Object 'Object Repository/Pages/FirstPayVault/tab_FirstPayVault' is clickable&#xD;
&#xD;
2019-10-29 05:26:08 - [MESSAGE][PASSED] - Object 'Object Repository/Pages/FirstPayVault/tab_FirstPayVault' is visible&#xD;
&#xD;
2019-10-29 05:26:08 - [MESSAGE][FAILED] - Unable to click on object 'Object Repository/Pages/FirstPayVault/tab_FirstPayVault' (Root cause: com.kms.katalon.core.exception.StepFailedException: Unable to click on object 'Object Repository/Pages/FirstPayVault/tab_FirstPayVault'&#xD;
	at com.kms.katalon.core.webui.keyword.internal.WebUIKeywordMain.stepFailed(WebUIKeywordMain.groovy:64)&#xD;
	at com.kms.katalon.core.webui.keyword.internal.WebUIKeywordMain.runKeyword(WebUIKeywordMain.groovy:26)&#xD;
	at com.kms.katalon.core.webui.keyword.builtin.ClickKeyword.click(ClickKeyword.groovy:86)&#xD;
	at com.kms.katalon.core.webui.keyword.builtin.ClickKeyword.execute(ClickKeyword.groovy:67)&#xD;
	at com.kms.katalon.core.keyword.internal.KeywordExecutor.executeKeywordForPlatform(KeywordExecutor.groovy:56)&#xD;
	at com.kms.katalon.core.webui.keyword.WebUiBuiltInKeywords.click(WebUiBuiltInKeywords.groovy:616)&#xD;
	at com.kms.katalon.core.webui.keyword.WebUiBuiltInKeywords$click$4.call(Unknown Source)&#xD;
	at utilities.SafeActions.safeClickWithoutScroll(SafeActions.groovy:138)&#xD;
	at utilities.SafeActions.invokeMethod(SafeActions.groovy)&#xD;
	at com.kms.katalon.core.main.CustomKeywordDelegatingMetaClass.invokeStaticMethod(CustomKeywordDelegatingMetaClass.java:50)&#xD;
	at TC_1st_Pay_Vault_009.run(TC_1st_Pay_Vault_009:34)&#xD;
	at com.kms.katalon.core.main.ScriptEngine.run(ScriptEngine.java:194)&#xD;
	at com.kms.katalon.core.main.ScriptEngine.runScriptAsRawText(ScriptEngine.java:119)&#xD;
	at com.kms.katalon.core.main.TestCaseExecutor.runScript(TestCaseExecutor.java:337)&#xD;
	at com.kms.katalon.core.main.TestCaseExecutor.doExecute(TestCaseExecutor.java:328)&#xD;
	at com.kms.katalon.core.main.TestCaseExecutor.processExecutionPhase(TestCaseExecutor.java:307)&#xD;
	at com.kms.katalon.core.main.TestCaseExecutor.accessMainPhase(TestCaseExecutor.java:299)&#xD;
	at com.kms.katalon.core.main.TestCaseExecutor.execute(TestCaseExecutor.java:233)&#xD;
	at com.kms.katalon.core.main.TestSuiteExecutor.accessTestCaseMainPhase(TestSuiteExecutor.java:169)&#xD;
	at com.kms.katalon.core.main.TestSuiteExecutor.accessTestSuiteMainPhase(TestSuiteExecutor.java:142)&#xD;
	at com.kms.katalon.core.main.TestSuiteExecutor.execute(TestSuiteExecutor.java:91)&#xD;
	at com.kms.katalon.core.main.TestCaseMain.startTestSuite(TestCaseMain.java:157)&#xD;
	at com.kms.katalon.core.main.TestCaseMain$startTestSuite$0.call(Unknown Source)&#xD;
	at TempTestSuite1572343764272.run(TempTestSuite1572343764272.groovy:35)&#xD;
Caused by: org.openqa.selenium.ElementClickInterceptedException: Element &lt;span class="title title_center"&gt; is not clickable at point (296,163) because another element &lt;div id="transcenter-modal-progress" class="modal fade show"&gt; obscures it
Build info: version: '3.141.59', revision: 'e82be7d358', time: '2018-11-14T08:25:53'
System info: host: 'FW1-D-DTA-ZENQ1', ip: '172.25.52.168', os.name: 'Windows 10', os.arch: 'amd64', os.version: '10.0', java.version: '1.8.0_181'
Driver info: com.kms.katalon.core.webui.driver.firefox.CGeckoDriver
Capabilities {acceptInsecureCerts: true, browserName: firefox, browserVersion: 68.0.2, javascriptEnabled: true, moz:accessibilityChecks: false, moz:buildID: 20190813150448, moz:geckodriverVersion: 0.23.0, moz:headless: false, moz:processID: 369180, moz:profile: C:\Users\venkata.annam\AppD..., moz:shutdownTimeout: 60000, moz:useNonSpecCompliantPointerOrigin: false, moz:webdriverClick: true, pageLoadStrategy: normal, platform: WINDOWS, platformName: WINDOWS, platformVersion: 10.0, proxy: Proxy(direct), rotatable: false, setWindowRect: true, strictFileInteractability: false, timeouts: {implicit: 0, pageLoad: 300000, script: 30000}, unhandledPromptBehavior: dismiss and notify}
Session ID: 4687cbdb-c78e-4cb3-b643-e031e5c667b7&#xD;
	at org.openqa.selenium.remote.http.W3CHttpResponseCodec.createException(W3CHttpResponseCodec.java:187)&#xD;
	at org.openqa.selenium.remote.http.W3CHttpResponseCodec.decode(W3CHttpResponseCodec.java:122)&#xD;
	at org.openqa.selenium.remote.http.W3CHttpResponseCodec.decode(W3CHttpResponseCodec.java:49)&#xD;
	at org.openqa.selenium.remote.HttpCommandExecutor.execute(HttpCommandExecutor.java:158)&#xD;
	at org.openqa.selenium.remote.service.DriverCommandExecutor.execute(DriverCommandExecutor.java:83)&#xD;
	at org.openqa.selenium.remote.RemoteWebDriver.execute(RemoteWebDriver.java:552)&#xD;
	at com.kms.katalon.selenium.driver.CFirefoxDriver.execute(CFirefoxDriver.java:28)&#xD;
	at org.openqa.selenium.remote.RemoteWebElement.execute(RemoteWebElement.java:285)&#xD;
	at org.openqa.selenium.remote.RemoteWebElement.click(RemoteWebElement.java:84)&#xD;
	at com.kms.katalon.core.webui.keyword.builtin.ClickKeyword$_click_closure1.doCall(ClickKeyword.groovy:79)&#xD;
	at com.kms.katalon.core.webui.keyword.builtin.ClickKeyword$_click_closure1.call(ClickKeyword.groovy)&#xD;
	at com.kms.katalon.core.webui.keyword.internal.WebUIKeywordMain.runKeyword(WebUIKeywordMain.groovy:20)&#xD;
	at com.kms.katalon.core.webui.keyword.builtin.ClickKeyword.click(ClickKeyword.groovy:86)&#xD;
	at com.kms.katalon.core.webui.keyword.builtin.ClickKeyword.execute(ClickKeyword.groovy:67)&#xD;
	at com.kms.katalon.core.keyword.internal.KeywordExecutor.executeKeywordForPlatform(KeywordExecutor.groovy:56)&#xD;
	at com.kms.katalon.core.webui.keyword.WebUiBuiltInKeywords.click(WebUiBuiltInKeywords.groovy:616)&#xD;
	at com.kms.katalon.core.webui.keyword.WebUiBuiltInKeywords$click$4.call(Unknown Source)&#xD;
	at utilities.SafeActions.safeClickWithoutScroll(SafeActions.groovy:138)&#xD;
	at utilities.SafeActions.invokeMethod(SafeActions.groovy)&#xD;
	at com.kms.katalon.core.main.CustomKeywordDelegatingMetaClass.invokeStaticMethod(CustomKeywordDelegatingMetaClass.java:50)&#xD;
	at Script1568973226735.run(Script1568973226735.groovy:34)&#xD;
	... 13 more&#xD;
)&#xD;
[[ATTACHMENT|C:\\VPOS_Internal\\VPOS_Internal\\Reports\\20191029_050924\\FirstView\\1stPayVault\\20191029_050924\\1572344768845.png]]&#xD;
&#xD;
2019-10-29 05:26:08 - [MESSAGE][ERROR] - com.kms.katalon.core.exception.StepErrorException: 1stPayVault.ts:Click on FirstPayVault tab is not clickable in time - 60seconds&#xD;
&#xD;
2019-10-29 05:26:08 - [TEST_STEP][ERROR] - utilities.SafeActions.safeClickWithoutScroll(findTestObject("Pages/FirstPayVault/button_CreateVault"), "Click on CreateVault button", [PageLoadTime]): com.kms.katalon.core.exception.StepErrorException: 1stPayVault.ts:Click on CreateVault button is not Clickable&#xD;
&#xD;
2019-10-29 05:26:09 - [MESSAGE][INFO] - Safe Click Without scroll&#xD;
&#xD;
2019-10-29 05:26:09 - [MESSAGE][INFO] - 1stPayVault.ts:waiting until Click on CreateVault button is Clickable&#xD;
&#xD;
2019-10-29 05:26:09 - [MESSAGE][PASSED] - Object 'Object Repository/Pages/FirstPayVault/button_CreateVault' is clickable&#xD;
&#xD;
2019-10-29 05:26:09 - [MESSAGE][FAILED] - Object 'Object Repository/Pages/FirstPayVault/button_CreateVault' is NOT visible (Root cause: com.kms.katalon.core.exception.StepFailedException: Object 'Object Repository/Pages/FirstPayVault/button_CreateVault' is NOT visible&#xD;
	at com.kms.katalon.core.webui.keyword.internal.WebUIKeywordMain.stepFailed(WebUIKeywordMain.groovy:64)&#xD;
	at com.kms.katalon.core.webui.keyword.builtin.VerifyElementVisibleKeyword$_verifyElementVisible_closure1.doCall(VerifyElementVisibleKeyword.groovy:83)&#xD;
	at com.kms.katalon.core.webui.keyword.builtin.VerifyElementVisibleKeyword$_verifyElementVisible_closure1.call(VerifyElementVisibleKeyword.groovy)&#xD;
	at com.kms.katalon.core.webui.keyword.internal.WebUIKeywordMain.runKeyword(WebUIKeywordMain.groovy:20)&#xD;
	at com.kms.katalon.core.webui.keyword.builtin.VerifyElementVisibleKeyword.verifyElementVisible(VerifyElementVisibleKeyword.groovy:97)&#xD;
	at com.kms.katalon.core.webui.keyword.builtin.VerifyElementVisibleKeyword.execute(VerifyElementVisibleKeyword.groovy:67)&#xD;
	at com.kms.katalon.core.keyword.internal.KeywordExecutor.executeKeywordForPlatform(KeywordExecutor.groovy:56)&#xD;
	at com.kms.katalon.core.webui.keyword.WebUiBuiltInKeywords.verifyElementVisible(WebUiBuiltInKeywords.groovy:372)&#xD;
	at com.kms.katalon.core.webui.keyword.WebUiBuiltInKeywords$verifyElementVisible$7.call(Unknown Source)&#xD;
	at utilities.SafeActions.waitUntilClickable(SafeActions.groovy:173)&#xD;
	at utilities.SafeActions.safeClickWithoutScroll(SafeActions.groovy:136)&#xD;
	at utilities.SafeActions.invokeMethod(SafeActions.groovy)&#xD;
	at com.kms.katalon.core.main.CustomKeywordDelegatingMetaClass.invokeStaticMethod(CustomKeywordDelegatingMetaClass.java:50)&#xD;
	at TC_1st_Pay_Vault_009.run(TC_1st_Pay_Vault_009:37)&#xD;
	at com.kms.katalon.core.main.ScriptEngine.run(ScriptEngine.java:194)&#xD;
	at com.kms.katalon.core.main.ScriptEngine.runScriptAsRawText(ScriptEngine.java:119)&#xD;
	at com.kms.katalon.core.main.TestCaseExecutor.runScript(TestCaseExecutor.java:337)&#xD;
	at com.kms.katalon.core.main.TestCaseExecutor.doExecute(TestCaseExecutor.java:328)&#xD;
	at com.kms.katalon.core.main.TestCaseExecutor.processExecutionPhase(TestCaseExecutor.java:307)&#xD;
	at com.kms.katalon.core.main.TestCaseExecutor.accessMainPhase(TestCaseExecutor.java:299)&#xD;
	at com.kms.katalon.core.main.TestCaseExecutor.execute(TestCaseExecutor.java:233)&#xD;
	at com.kms.katalon.core.main.TestSuiteExecutor.accessTestCaseMainPhase(TestSuiteExecutor.java:169)&#xD;
	at com.kms.katalon.core.main.TestSuiteExecutor.accessTestSuiteMainPhase(TestSuiteExecutor.java:142)&#xD;
	at com.kms.katalon.core.main.TestSuiteExecutor.execute(TestSuiteExecutor.java:91)&#xD;
	at com.kms.katalon.core.main.TestCaseMain.startTestSuite(TestCaseMain.java:157)&#xD;
	at com.kms.katalon.core.main.TestCaseMain$startTestSuite$0.call(Unknown Source)&#xD;
	at TempTestSuite1572343764272.run(TempTestSuite1572343764272.groovy:35)&#xD;
)&#xD;
[[ATTACHMENT|C:\\VPOS_Internal\\VPOS_Internal\\Reports\\20191029_050924\\FirstView\\1stPayVault\\20191029_050924\\1572344769268.png]]&#xD;
&#xD;
2019-10-29 05:26:09 - [MESSAGE][FAILED] - Unable to verify object 'Object Repository/Pages/FirstPayVault/button_CreateVault' is visible (Root cause: com.kms.katalon.core.exception.StepFailedException: Unable to verify object 'Object Repository/Pages/FirstPayVault/button_CreateVault' is visible&#xD;
	at com.kms.katalon.core.webui.keyword.internal.WebUIKeywordMain.stepFailed(WebUIKeywordMain.groovy:64)&#xD;
	at com.kms.katalon.core.webui.keyword.internal.WebUIKeywordMain.runKeyword(WebUIKeywordMain.groovy:26)&#xD;
	at com.kms.katalon.core.webui.keyword.builtin.VerifyElementVisibleKeyword.verifyElementVisible(VerifyElementVisibleKeyword.groovy:97)&#xD;
	at com.kms.katalon.core.webui.keyword.builtin.VerifyElementVisibleKeyword.execute(VerifyElementVisibleKeyword.groovy:67)&#xD;
	at com.kms.katalon.core.keyword.internal.KeywordExecutor.executeKeywordForPlatform(KeywordExecutor.groovy:56)&#xD;
	at com.kms.katalon.core.webui.keyword.WebUiBuiltInKeywords.verifyElementVisible(WebUiBuiltInKeywords.groovy:372)&#xD;
	at com.kms.katalon.core.webui.keyword.WebUiBuiltInKeywords$verifyElementVisible$7.call(Unknown Source)&#xD;
	at utilities.SafeActions.waitUntilClickable(SafeActions.groovy:173)&#xD;
	at utilities.SafeActions.safeClickWithoutScroll(SafeActions.groovy:136)&#xD;
	at utilities.SafeActions.invokeMethod(SafeActions.groovy)&#xD;
	at com.kms.katalon.core.main.CustomKeywordDelegatingMetaClass.invokeStaticMethod(CustomKeywordDelegatingMetaClass.java:50)&#xD;
	at TC_1st_Pay_Vault_009.run(TC_1st_Pay_Vault_009:37)&#xD;
	at com.kms.katalon.core.main.ScriptEngine.run(ScriptEngine.java:194)&#xD;
	at com.kms.katalon.core.main.ScriptEngine.runScriptAsRawText(ScriptEngine.java:119)&#xD;
	at com.kms.katalon.core.main.TestCaseExecutor.runScript(TestCaseExecutor.java:337)&#xD;
	at com.kms.katalon.core.main.TestCaseExecutor.doExecute(TestCaseExecutor.java:328)&#xD;
	at com.kms.katalon.core.main.TestCaseExecutor.processExecutionPhase(TestCaseExecutor.java:307)&#xD;
	at com.kms.katalon.core.main.TestCaseExecutor.accessMainPhase(TestCaseExecutor.java:299)&#xD;
	at com.kms.katalon.core.main.TestCaseExecutor.execute(TestCaseExecutor.java:233)&#xD;
	at com.kms.katalon.core.main.TestSuiteExecutor.accessTestCaseMainPhase(TestSuiteExecutor.java:169)&#xD;
	at com.kms.katalon.core.main.TestSuiteExecutor.accessTestSuiteMainPhase(TestSuiteExecutor.java:142)&#xD;
	at com.kms.katalon.core.main.TestSuiteExecutor.execute(TestSuiteExecutor.java:91)&#xD;
	at com.kms.katalon.core.main.TestCaseMain.startTestSuite(TestCaseMain.java:157)&#xD;
	at com.kms.katalon.core.main.TestCaseMain$startTestSuite$0.call(Unknown Source)&#xD;
	at TempTestSuite1572343764272.run(TempTestSuite1572343764272.groovy:35)&#xD;
Caused by: com.kms.katalon.core.exception.StepFailedException: Object 'Object Repository/Pages/FirstPayVault/button_CreateVault' is NOT visible&#xD;
	at com.kms.katalon.core.webui.keyword.internal.WebUIKeywordMain.stepFailed(WebUIKeywordMain.groovy:64)&#xD;
	at com.kms.katalon.core.webui.keyword.builtin.VerifyElementVisibleKeyword$_verifyElementVisible_closure1.doCall(VerifyElementVisibleKeyword.groovy:83)&#xD;
	at com.kms.katalon.core.webui.keyword.builtin.VerifyElementVisibleKeyword$_verifyElementVisible_closure1.call(VerifyElementVisibleKeyword.groovy)&#xD;
	at com.kms.katalon.core.webui.keyword.internal.WebUIKeywordMain.runKeyword(WebUIKeywordMain.groovy:20)&#xD;
	... 23 more&#xD;
)&#xD;
[[ATTACHMENT|C:\\VPOS_Internal\\VPOS_Internal\\Reports\\20191029_050924\\FirstView\\1stPayVault\\20191029_050924\\1572344769367.png]]&#xD;
&#xD;
2019-10-29 05:26:09 - [MESSAGE][FAILED] - 1stPayVault.ts:Click on CreateVault button is not clickable in time - 60seconds&#xD;
&#xD;
2019-10-29 05:26:09 - [MESSAGE][ERROR] - com.kms.katalon.core.exception.StepErrorException: 1stPayVault.ts:Click on CreateVault button is not Clickable&#xD;
&#xD;
2019-10-29 05:26:09 - [TEST_STEP][FAILED] - scrollToElement(findTestObject("Pages/FirstPayVault/input_VaultReferenceNumber"), PageLoadTime): Unable to scroll to object 'Object Repository/Pages/FirstPayVault/input_VaultReferenceNumber' (Root cause: com.kms.katalon.core.exception.StepFailedException: Unable to scroll to object 'Object Repository/Pages/FirstPayVault/input_VaultReferenceNumber'&#xD;
	at com.kms.katalon.core.webui.keyword.internal.WebUIKeywordMain.stepFailed(WebUIKeywordMain.groovy:64)&#xD;
	at com.kms.katalon.core.webui.keyword.internal.WebUIKeywordMain.runKeyword(WebUIKeywordMain.groovy:26)&#xD;
	at com.kms.katalon.core.webui.keyword.builtin.ScrollToElementKeyword.scrollToElement(ScrollToElementKeyword.groovy:88)&#xD;
	at com.kms.katalon.core.webui.keyword.builtin.ScrollToElementKeyword.execute(ScrollToElementKeyword.groovy:68)&#xD;
	at com.kms.katalon.core.keyword.internal.KeywordExecutor.executeKeywordForPlatform(KeywordExecutor.groovy:56)&#xD;
	at com.kms.katalon.core.webui.keyword.WebUiBuiltInKeywords.scrollToElement(WebUiBuiltInKeywords.groovy:2975)&#xD;
	at com.kms.katalon.core.webui.keyword.WebUiBuiltInKeywords$scrollToElement$2.call(Unknown Source)&#xD;
	at TC_1st_Pay_Vault_009.run(TC_1st_Pay_Vault_009:39)&#xD;
	at com.kms.katalon.core.main.ScriptEngine.run(ScriptEngine.java:194)&#xD;
	at com.kms.katalon.core.main.ScriptEngine.runScriptAsRawText(ScriptEngine.java:119)&#xD;
	at com.kms.katalon.core.main.TestCaseExecutor.runScript(TestCaseExecutor.java:337)&#xD;
	at com.kms.katalon.core.main.TestCaseExecutor.doExecute(TestCaseExecutor.java:328)&#xD;
	at com.kms.katalon.core.main.TestCaseExecutor.processExecutionPhase(TestCaseExecutor.java:307)&#xD;
	at com.kms.katalon.core.main.TestCaseExecutor.accessMainPhase(TestCaseExecutor.java:299)&#xD;
	at com.kms.katalon.core.main.TestCaseExecutor.execute(TestCaseExecutor.java:233)&#xD;
	at com.kms.katalon.core.main.TestSuiteExecutor.accessTestCaseMainPhase(TestSuiteExecutor.java:169)&#xD;
	at com.kms.katalon.core.main.TestSuiteExecutor.accessTestSuiteMainPhase(TestSuiteExecutor.java:142)&#xD;
	at com.kms.katalon.core.main.TestSuiteExecutor.execute(TestSuiteExecutor.java:91)&#xD;
	at com.kms.katalon.core.main.TestCaseMain.startTestSuite(TestCaseMain.java:157)&#xD;
	at com.kms.katalon.core.main.TestCaseMain$startTestSuite$0.call(Unknown Source)&#xD;
	at TempTestSuite1572343764272.run(TempTestSuite1572343764272.groovy:35)&#xD;
Caused by: com.kms.katalon.core.webui.exception.WebElementNotFoundException: Web element with id: 'Object Repository/Pages/FirstPayVault/input_VaultReferenceNumber' located by 'By.xpath: //label[text()='1stPayVault Reference Number']/parent::div/following-sibling::div//input[@id='text-refund-info-amount']' not found&#xD;
	at com.kms.katalon.core.webui.common.WebUiCommonHelper.findWebElement(WebUiCommonHelper.java:1097)&#xD;
	at com.kms.katalon.core.webui.keyword.internal.WebUIAbstractKeyword.findWebElement(WebUIAbstractKeyword.groovy:27)&#xD;
	at com.kms.katalon.core.webui.keyword.internal.WebUIAbstractKeyword.findWebElement(WebUIAbstractKeyword.groovy:26)&#xD;
	at com.kms.katalon.core.webui.keyword.builtin.ScrollToElementKeyword$_scrollToElement_closure1.doCall(ScrollToElementKeyword.groovy:79)&#xD;
	at com.kms.katalon.core.webui.keyword.builtin.ScrollToElementKeyword$_scrollToElement_closure1.call(ScrollToElementKeyword.groovy)&#xD;
	at com.kms.katalon.core.webui.keyword.internal.WebUIKeywordMain.runKeyword(WebUIKeywordMain.groovy:20)&#xD;
	at com.kms.katalon.core.webui.keyword.builtin.ScrollToElementKeyword.scrollToElement(ScrollToElementKeyword.groovy:88)&#xD;
	at com.kms.katalon.core.webui.keyword.builtin.ScrollToElementKeyword.execute(ScrollToElementKeyword.groovy:68)&#xD;
	at com.kms.katalon.core.keyword.internal.KeywordExecutor.executeKeywordForPlatform(KeywordExecutor.groovy:56)&#xD;
	at com.kms.katalon.core.webui.keyword.WebUiBuiltInKeywords.scrollToElement(WebUiBuiltInKeywords.groovy:2975)&#xD;
	at com.kms.katalon.core.webui.keyword.WebUiBuiltInKeywords$scrollToElement$2.call(Unknown Source)&#xD;
	at Script1568973226735.run(Script1568973226735.groovy:39)&#xD;
	... 13 more&#xD;
)&#xD;
&#xD;
2019-10-29 05:26:40 - [MESSAGE][INFO] - Unable to find the element located by 'By.xpath: //label[text()='1stPayVault Reference Number']/parent::div/following-sibling::div//input[@id='text-refund-info-amount']'. Please recheck the objects properties to make sure the desired element is located. &#xD;
&#xD;
2019-10-29 05:26:40 - [MESSAGE][FAILED] - Unable to scroll to object 'Object Repository/Pages/FirstPayVault/input_VaultReferenceNumber' (Root cause: com.kms.katalon.core.exception.StepFailedException: Unable to scroll to object 'Object Repository/Pages/FirstPayVault/input_VaultReferenceNumber'&#xD;
	at com.kms.katalon.core.webui.keyword.internal.WebUIKeywordMain.stepFailed(WebUIKeywordMain.groovy:64)&#xD;
	at com.kms.katalon.core.webui.keyword.internal.WebUIKeywordMain.runKeyword(WebUIKeywordMain.groovy:26)&#xD;
	at com.kms.katalon.core.webui.keyword.builtin.ScrollToElementKeyword.scrollToElement(ScrollToElementKeyword.groovy:88)&#xD;
	at com.kms.katalon.core.webui.keyword.builtin.ScrollToElementKeyword.execute(ScrollToElementKeyword.groovy:68)&#xD;
	at com.kms.katalon.core.keyword.internal.KeywordExecutor.executeKeywordForPlatform(KeywordExecutor.groovy:56)&#xD;
	at com.kms.katalon.core.webui.keyword.WebUiBuiltInKeywords.scrollToElement(WebUiBuiltInKeywords.groovy:2975)&#xD;
	at com.kms.katalon.core.webui.keyword.WebUiBuiltInKeywords$scrollToElement$2.call(Unknown Source)&#xD;
	at TC_1st_Pay_Vault_009.run(TC_1st_Pay_Vault_009:39)&#xD;
	at com.kms.katalon.core.main.ScriptEngine.run(ScriptEngine.java:194)&#xD;
	at com.kms.katalon.core.main.ScriptEngine.runScriptAsRawText(ScriptEngine.java:119)&#xD;
	at com.kms.katalon.core.main.TestCaseExecutor.runScript(TestCaseExecutor.java:337)&#xD;
	at com.kms.katalon.core.main.TestCaseExecutor.doExecute(TestCaseExecutor.java:328)&#xD;
	at com.kms.katalon.core.main.TestCaseExecutor.processExecutionPhase(TestCaseExecutor.java:307)&#xD;
	at com.kms.katalon.core.main.TestCaseExecutor.accessMainPhase(TestCaseExecutor.java:299)&#xD;
	at com.kms.katalon.core.main.TestCaseExecutor.execute(TestCaseExecutor.java:233)&#xD;
	at com.kms.katalon.core.main.TestSuiteExecutor.accessTestCaseMainPhase(TestSuiteExecutor.java:169)&#xD;
	at com.kms.katalon.core.main.TestSuiteExecutor.accessTestSuiteMainPhase(TestSuiteExecutor.java:142)&#xD;
	at com.kms.katalon.core.main.TestSuiteExecutor.execute(TestSuiteExecutor.java:91)&#xD;
	at com.kms.katalon.core.main.TestCaseMain.startTestSuite(TestCaseMain.java:157)&#xD;
	at com.kms.katalon.core.main.TestCaseMain$startTestSuite$0.call(Unknown Source)&#xD;
	at TempTestSuite1572343764272.run(TempTestSuite1572343764272.groovy:35)&#xD;
Caused by: com.kms.katalon.core.webui.exception.WebElementNotFoundException: Web element with id: 'Object Repository/Pages/FirstPayVault/input_VaultReferenceNumber' located by 'By.xpath: //label[text()='1stPayVault Reference Number']/parent::div/following-sibling::div//input[@id='text-refund-info-amount']' not found&#xD;
	at com.kms.katalon.core.webui.common.WebUiCommonHelper.findWebElement(WebUiCommonHelper.java:1097)&#xD;
	at com.kms.katalon.core.webui.keyword.internal.WebUIAbstractKeyword.findWebElement(WebUIAbstractKeyword.groovy:27)&#xD;
	at com.kms.katalon.core.webui.keyword.internal.WebUIAbstractKeyword.findWebElement(WebUIAbstractKeyword.groovy:26)&#xD;
	at com.kms.katalon.core.webui.keyword.builtin.ScrollToElementKeyword$_scrollToElement_closure1.doCall(ScrollToElementKeyword.groovy:79)&#xD;
	at com.kms.katalon.core.webui.keyword.builtin.ScrollToElementKeyword$_scrollToElement_closure1.call(ScrollToElementKeyword.groovy)&#xD;
	at com.kms.katalon.core.webui.keyword.internal.WebUIKeywordMain.runKeyword(WebUIKeywordMain.groovy:20)&#xD;
	at com.kms.katalon.core.webui.keyword.builtin.ScrollToElementKeyword.scrollToElement(ScrollToElementKeyword.groovy:88)&#xD;
	at com.kms.katalon.core.webui.keyword.builtin.ScrollToElementKeyword.execute(ScrollToElementKeyword.groovy:68)&#xD;
	at com.kms.katalon.core.keyword.internal.KeywordExecutor.executeKeywordForPlatform(KeywordExecutor.groovy:56)&#xD;
	at com.kms.katalon.core.webui.keyword.WebUiBuiltInKeywords.scrollToElement(WebUiBuiltInKeywords.groovy:2975)&#xD;
	at com.kms.katalon.core.webui.keyword.WebUiBuiltInKeywords$scrollToElement$2.call(Unknown Source)&#xD;
	at Script1568973226735.run(Script1568973226735.groovy:39)&#xD;
	... 13 more&#xD;
)&#xD;
[[ATTACHMENT|C:\\VPOS_Internal\\VPOS_Internal\\Reports\\20191029_050924\\FirstView\\1stPayVault\\20191029_050924\\1572344800157.png]]&#xD;
&#xD;
2019-10-29 05:26:40 - [TEST_STEP][PASSED] - Start listener action : sampleAfterTestCase: Taking screenshot successfully&#xD;
&#xD;
2019-10-29 05:26:40 - [TEST_STEP][PASSED] - println(testCaseContext.getTestCaseId()): null&#xD;
&#xD;
2019-10-29 05:26:40 - [TEST_STEP][PASSED] - println(testCaseContext.getTestCaseStatus()): null&#xD;
&#xD;
2019-10-29 05:26:40 - [TEST_STEP][PASSED] - testCaseName = testCaseContext.getTestCaseId(): null&#xD;
&#xD;
2019-10-29 05:26:40 - [TEST_STEP][PASSED] - strCount = testCaseName.lastIndexOf("/"): null&#xD;
&#xD;
2019-10-29 05:26:40 - [TEST_STEP][PASSED] - testCaseName = testCaseName.substring(strCount): null&#xD;
&#xD;
2019-10-29 05:26:40 - [TEST_STEP][PASSED] - println(testCaseName): null&#xD;
&#xD;
2019-10-29 05:26:40 - [TEST_STEP][PASSED] - if (getTestCaseStatus().equalsIgnoreCase("Error")): Taking screenshot successfully&#xD;
&#xD;
2019-10-29 05:26:40 - [TEST_STEP][PASSED] - takeScreenshot(getReportFolder() + "/Screenshots/" + testCaseName + ".png"): Taking screenshot successfully&#xD;
&#xD;
2019-10-29 05:26:40 - [MESSAGE][PASSED] - Taking screenshot successfully&#xD;
[[ATTACHMENT|C:\\VPOS_Internal\\VPOS_Internal\\Reports\\20191029_050924\\FirstView\\1stPayVault\\20191029_050924/Screenshots//TC_1st_Pay_Vault_009.png]]&#xD;
&#xD;
2019-10-29 05:26:40 - [TEST_STEP][PASSED] - Start listener action : sampleAfterTestCase: null</system-out>
            <system-err>2019-10-29 05:25:43 - [TEST_CASE][ERROR] - Test Cases/FirstView/FirstPayVault/TC_1st_Pay_Vault_009: Test Cases/FirstView/FirstPayVault/TC_1st_Pay_Vault_009 FAILED.
Reason:
com.kms.katalon.core.exception.StepErrorException: 1stPayVault.ts:Click on FirstPayVault tab is not clickable in time - 60seconds&#xD;
	at com.kms.katalon.core.util.KeywordUtil.markError(KeywordUtil.java:65)&#xD;
	at com.kms.katalon.core.util.KeywordUtil$markError$0.call(Unknown Source)&#xD;
	at utilities.SafeActions.safeClickWithoutScroll(SafeActions.groovy:146)&#xD;
	at utilities.SafeActions.invokeMethod(SafeActions.groovy)&#xD;
	at com.kms.katalon.core.main.CustomKeywordDelegatingMetaClass.invokeStaticMethod(CustomKeywordDelegatingMetaClass.java:50)&#xD;
	at TC_1st_Pay_Vault_009.run(TC_1st_Pay_Vault_009:34)&#xD;
	at com.kms.katalon.core.main.ScriptEngine.run(ScriptEngine.java:194)&#xD;
	at com.kms.katalon.core.main.ScriptEngine.runScriptAsRawText(ScriptEngine.java:119)&#xD;
	at com.kms.katalon.core.main.TestCaseExecutor.runScript(TestCaseExecutor.java:337)&#xD;
	at com.kms.katalon.core.main.TestCaseExecutor.doExecute(TestCaseExecutor.java:328)&#xD;
	at com.kms.katalon.core.main.TestCaseExecutor.processExecutionPhase(TestCaseExecutor.java:307)&#xD;
	at com.kms.katalon.core.main.TestCaseExecutor.accessMainPhase(TestCaseExecutor.java:299)&#xD;
	at com.kms.katalon.core.main.TestCaseExecutor.execute(TestCaseExecutor.java:233)&#xD;
	at com.kms.katalon.core.main.TestSuiteExecutor.accessTestCaseMainPhase(TestSuiteExecutor.java:169)&#xD;
	at com.kms.katalon.core.main.TestSuiteExecutor.accessTestSuiteMainPhase(TestSuiteExecutor.java:142)&#xD;
	at com.kms.katalon.core.main.TestSuiteExecutor.execute(TestSuiteExecutor.java:91)&#xD;
	at com.kms.katalon.core.main.TestCaseMain.startTestSuite(TestCaseMain.java:157)&#xD;
	at com.kms.katalon.core.main.TestCaseMain$startTestSuite$0.call(Unknown Source)&#xD;
	at TempTestSuite1572343764272.run(TempTestSuite1572343764272.groovy:35)</system-err>
        </testcase>
        <testcase name="Test Cases/FirstView/FirstPayVault/TC_1st_Pay_Vault_010" classname="Test Cases/FirstView/FirstPayVault/TC_1st_Pay_Vault_010" status="ERROR">
            <error type="ERROR" message="Test Cases/FirstView/FirstPayVault/TC_1st_Pay_Vault_010 FAILED.&#xA;Reason:&#xA;com.kms.katalon.core.exception.StepErrorException: 1stPayVault.ts:Click on FirstPayVault tab is not clickable in time - 60seconds&#xD;&#xA;&#x9;at com.kms.katalon.core.util.KeywordUtil.markError(KeywordUtil.java:65)&#xD;&#xA;&#x9;at com.kms.katalon.core.util.KeywordUtil$markError$0.call(Unknown Source)&#xD;&#xA;&#x9;at utilities.SafeActions.safeClickWithoutScroll(SafeActions.groovy:146)&#xD;&#xA;&#x9;at utilities.SafeActions.invokeMethod(SafeActions.groovy)&#xD;&#xA;&#x9;at com.kms.katalon.core.main.CustomKeywordDelegatingMetaClass.invokeStaticMethod(CustomKeywordDelegatingMetaClass.java:50)&#xD;&#xA;&#x9;at TC_1st_Pay_Vault_010.run(TC_1st_Pay_Vault_010:34)&#xD;&#xA;&#x9;at com.kms.katalon.core.main.ScriptEngine.run(ScriptEngine.java:194)&#xD;&#xA;&#x9;at com.kms.katalon.core.main.ScriptEngine.runScriptAsRawText(ScriptEngine.java:119)&#xD;&#xA;&#x9;at com.kms.katalon.core.main.TestCaseExecutor.runScript(TestCaseExecutor.java:337)&#xD;&#xA;&#x9;at com.kms.katalon.core.main.TestCaseExecutor.doExecute(TestCaseExecutor.java:328)&#xD;&#xA;&#x9;at com.kms.katalon.core.main.TestCaseExecutor.processExecutionPhase(TestCaseExecutor.java:307)&#xD;&#xA;&#x9;at com.kms.katalon.core.main.TestCaseExecutor.accessMainPhase(TestCaseExecutor.java:299)&#xD;&#xA;&#x9;at com.kms.katalon.core.main.TestCaseExecutor.execute(TestCaseExecutor.java:233)&#xD;&#xA;&#x9;at com.kms.katalon.core.main.TestSuiteExecutor.accessTestCaseMainPhase(TestSuiteExecutor.java:169)&#xD;&#xA;&#x9;at com.kms.katalon.core.main.TestSuiteExecutor.accessTestSuiteMainPhase(TestSuiteExecutor.java:142)&#xD;&#xA;&#x9;at com.kms.katalon.core.main.TestSuiteExecutor.execute(TestSuiteExecutor.java:91)&#xD;&#xA;&#x9;at com.kms.katalon.core.main.TestCaseMain.startTestSuite(TestCaseMain.java:157)&#xD;&#xA;&#x9;at com.kms.katalon.core.main.TestCaseMain$startTestSuite$0.call(Unknown Source)&#xD;&#xA;&#x9;at TempTestSuite1572343764272.run(TempTestSuite1572343764272.groovy:35)&#xD;&#xA;"/>
            <system-out>2019-10-29 05:26:40 - [TEST_CASE][ERROR] - Test Cases/FirstView/FirstPayVault/TC_1st_Pay_Vault_010: Test Cases/FirstView/FirstPayVault/TC_1st_Pay_Vault_010 FAILED.
Reason:
com.kms.katalon.core.exception.StepErrorException: 1stPayVault.ts:Click on FirstPayVault tab is not clickable in time - 60seconds&#xD;
	at com.kms.katalon.core.util.KeywordUtil.markError(KeywordUtil.java:65)&#xD;
	at com.kms.katalon.core.util.KeywordUtil$markError$0.call(Unknown Source)&#xD;
	at utilities.SafeActions.safeClickWithoutScroll(SafeActions.groovy:146)&#xD;
	at utilities.SafeActions.invokeMethod(SafeActions.groovy)&#xD;
	at com.kms.katalon.core.main.CustomKeywordDelegatingMetaClass.invokeStaticMethod(CustomKeywordDelegatingMetaClass.java:50)&#xD;
	at TC_1st_Pay_Vault_010.run(TC_1st_Pay_Vault_010:34)&#xD;
	at com.kms.katalon.core.main.ScriptEngine.run(ScriptEngine.java:194)&#xD;
	at com.kms.katalon.core.main.ScriptEngine.runScriptAsRawText(ScriptEngine.java:119)&#xD;
	at com.kms.katalon.core.main.TestCaseExecutor.runScript(TestCaseExecutor.java:337)&#xD;
	at com.kms.katalon.core.main.TestCaseExecutor.doExecute(TestCaseExecutor.java:328)&#xD;
	at com.kms.katalon.core.main.TestCaseExecutor.processExecutionPhase(TestCaseExecutor.java:307)&#xD;
	at com.kms.katalon.core.main.TestCaseExecutor.accessMainPhase(TestCaseExecutor.java:299)&#xD;
	at com.kms.katalon.core.main.TestCaseExecutor.execute(TestCaseExecutor.java:233)&#xD;
	at com.kms.katalon.core.main.TestSuiteExecutor.accessTestCaseMainPhase(TestSuiteExecutor.java:169)&#xD;
	at com.kms.katalon.core.main.TestSuiteExecutor.accessTestSuiteMainPhase(TestSuiteExecutor.java:142)&#xD;
	at com.kms.katalon.core.main.TestSuiteExecutor.execute(TestSuiteExecutor.java:91)&#xD;
	at com.kms.katalon.core.main.TestCaseMain.startTestSuite(TestCaseMain.java:157)&#xD;
	at com.kms.katalon.core.main.TestCaseMain$startTestSuite$0.call(Unknown Source)&#xD;
	at TempTestSuite1572343764272.run(TempTestSuite1572343764272.groovy:35)&#xD;
&#xD;
&#xD;
2019-10-29 05:26:40 - [TEST_STEP][PASSED] - Start listener action : sampleBeforeTestCase: null&#xD;
&#xD;
2019-10-29 05:26:40 - [TEST_STEP][PASSED] - println(testCaseContext.getTestCaseId()): null&#xD;
&#xD;
2019-10-29 05:26:40 - [TEST_STEP][PASSED] - println(testCaseContext.getTestCaseVariables()): null&#xD;
&#xD;
2019-10-29 05:26:41 - [TEST_STEP][NOT_RUN] - utilities.SafeActions.openBrowser(Old_URL, [PageLoadTime]): NOT_RUN: utilities.SafeActions.openBrowser(Old_URL, [PageLoadTime])&#xD;
&#xD;
2019-10-29 05:26:41 - [MESSAGE][NOT_RUN] - NOT_RUN: utilities.SafeActions.openBrowser(Old_URL, [PageLoadTime])&#xD;
&#xD;
2019-10-29 05:26:41 - [TEST_STEP][NOT_RUN] - delay(6): NOT_RUN: delay(6)&#xD;
&#xD;
2019-10-29 05:26:41 - [MESSAGE][NOT_RUN] - NOT_RUN: delay(6)&#xD;
&#xD;
2019-10-29 05:26:41 - [TEST_STEP][NOT_RUN] - utilities.SafeActions.safeSelectOptionInDropDownByVisibleText(findTestObject("Pages/Sale/dropDown_AccountType"), "ranjanatest2 - 888814981372/001 Account Type: Retail", "Select by Value", [25]): NOT_RUN: utilities.SafeActions.safeSelectOptionInDropDownByVisibleText(findTestObject("Pages/Sale/dropDown_AccountType"), "ranjanatest2 - 888814981372/001 Account Type: Retail", "Select by Value", [25])&#xD;
&#xD;
2019-10-29 05:26:41 - [MESSAGE][NOT_RUN] - NOT_RUN: utilities.SafeActions.safeSelectOptionInDropDownByVisibleText(findTestObject("Pages/Sale/dropDown_AccountType"), "ranjanatest2 - 888814981372/001 Account Type: Retail", "Select by Value", [25])&#xD;
&#xD;
2019-10-29 05:26:41 - [TEST_STEP][PASSED] - utilities.SafeActions.openBrowser(URL, [PageLoadTime]): utilities.SafeActions.openBrowser is PASSED&#xD;
&#xD;
2019-10-29 05:26:41 - [MESSAGE][INFO] - Opening Browser&#xD;
&#xD;
2019-10-29 05:26:41 - [MESSAGE][WARNING] - A browser is already opened. Closing browser and opening a new one&#xD;
&#xD;
2019-10-29 05:26:43 - [MESSAGE][INFO] - Starting 'Firefox' driver&#xD;
&#xD;
2019-10-29 05:26:50 - [MESSAGE][PASSED] - Browser is opened with url: 'https://q-www-firstview-net.faps.net/MVC/Account/Login'&#xD;
&#xD;
2019-10-29 05:26:50 - [MESSAGE][PASSED] - Current window maximized&#xD;
&#xD;
2019-10-29 05:26:50 - [MESSAGE][INFO] - Browser Launched Successfully&#xD;
&#xD;
2019-10-29 05:26:50 - [MESSAGE][PASSED] - utilities.SafeActions.openBrowser is PASSED&#xD;
&#xD;
2019-10-29 05:26:50 - [TEST_STEP][PASSED] - pages.Login.login(uName, password): pages.Login.login is PASSED&#xD;
&#xD;
2019-10-29 05:26:50 - [MESSAGE][PASSED] - Object 'Object Repository/Pages/Login/userName' is present&#xD;
&#xD;
2019-10-29 05:26:50 - [MESSAGE][PASSED] - Scroll to object 'Object Repository/Pages/Login/userName' successfully&#xD;
&#xD;
2019-10-29 05:26:50 - [MESSAGE][PASSED] - Object 'Object Repository/Pages/Login/userName' is present&#xD;
&#xD;
2019-10-29 05:26:51 - [MESSAGE][PASSED] - Object: 'Object Repository/Pages/Login/userName' is clicked on&#xD;
&#xD;
2019-10-29 05:26:51 - [MESSAGE][PASSED] - Text 'ZenQRetail' is set on object 'Object Repository/Pages/Login/userName'&#xD;
&#xD;
2019-10-29 05:26:51 - [MESSAGE][PASSED] - Object 'Object Repository/Pages/Login/password' is present&#xD;
&#xD;
2019-10-29 05:26:51 - [MESSAGE][PASSED] - Scroll to object 'Object Repository/Pages/Login/password' successfully&#xD;
&#xD;
2019-10-29 05:26:51 - [MESSAGE][PASSED] - Object 'Object Repository/Pages/Login/password' is present&#xD;
&#xD;
2019-10-29 05:26:52 - [MESSAGE][PASSED] - Object: 'Object Repository/Pages/Login/password' is clicked on&#xD;
&#xD;
2019-10-29 05:26:52 - [MESSAGE][PASSED] - Text 'P@ssword1' is set on object 'Object Repository/Pages/Login/password'&#xD;
&#xD;
2019-10-29 05:26:52 - [MESSAGE][INFO] - Safe Click Without scroll&#xD;
&#xD;
2019-10-29 05:26:52 - [MESSAGE][INFO] - 1stPayVault.ts:waiting until Click on Login is Clickable&#xD;
&#xD;
2019-10-29 05:26:52 - [MESSAGE][PASSED] - Object 'Object Repository/Pages/Login/login' is clickable&#xD;
&#xD;
2019-10-29 05:26:52 - [MESSAGE][PASSED] - Object 'Object Repository/Pages/Login/login' is visible&#xD;
&#xD;
2019-10-29 05:26:54 - [MESSAGE][PASSED] - Object: 'Object Repository/Pages/Login/login' is clicked on&#xD;
&#xD;
2019-10-29 05:26:54 - [MESSAGE][INFO] - 1stPayVault.ts: click on the Click on Login&#xD;
&#xD;
2019-10-29 05:26:54 - [MESSAGE][PASSED] - pages.Login.login is PASSED&#xD;
&#xD;
2019-10-29 05:26:54 - [TEST_STEP][PASSED] - callTestCase(findTestCase("FirstView/Login/TC_SendCode"), [:], STOP_ON_FAILURE): Call Test Case 'Test Cases/FirstView/Login/TC_SendCode' successfully&#xD;
&#xD;
2019-10-29 05:26:54 - [TEST_CASE][PASSED] - Test Cases/FirstView/Login/TC_SendCode: Test Cases/FirstView/Login/TC_SendCode&#xD;
&#xD;
2019-10-29 05:26:54 - [TEST_STEP][PASSED] - flag = pages.SendCode.verifyPage(): pages.SendCode.verifyPage is PASSED&#xD;
&#xD;
2019-10-29 05:26:54 - [MESSAGE][PASSED] - Object 'Object Repository/Pages/SendCodeToValidate/header_SendCodeToValidate' is present and visible in viewport&#xD;
&#xD;
2019-10-29 05:26:54 - [MESSAGE][PASSED] - pages.SendCode.verifyPage is PASSED&#xD;
&#xD;
2019-10-29 05:26:54 - [TEST_STEP][PASSED] - if (flag): pages.SendCode.clickonUserSettings is PASSED&#xD;
&#xD;
2019-10-29 05:26:54 - [TEST_STEP][PASSED] - pages.SendCode.clickonUserSettings(): pages.SendCode.clickonUserSettings is PASSED&#xD;
&#xD;
2019-10-29 05:26:55 - [MESSAGE][PASSED] - Object 'Object Repository/Pages/SendCodeToValidate/link_UserSettings' is present&#xD;
&#xD;
2019-10-29 05:26:55 - [MESSAGE][PASSED] - Object 'Object Repository/Pages/SendCodeToValidate/link_UserSettings' is visible&#xD;
&#xD;
2019-10-29 05:26:55 - [MESSAGE][INFO] - 1stPayVault.ts:waiting until Click on User Settings is Clickable&#xD;
&#xD;
2019-10-29 05:26:55 - [MESSAGE][PASSED] - Object 'Object Repository/Pages/SendCodeToValidate/link_UserSettings' is clickable&#xD;
&#xD;
2019-10-29 05:26:55 - [MESSAGE][PASSED] - Object 'Object Repository/Pages/SendCodeToValidate/link_UserSettings' is visible&#xD;
&#xD;
2019-10-29 05:26:57 - [MESSAGE][PASSED] - Object: 'Object Repository/Pages/SendCodeToValidate/link_UserSettings' is clicked on&#xD;
&#xD;
2019-10-29 05:26:57 - [MESSAGE][INFO] - 1stPayVault.ts: Clicked on the Click on User Settings&#xD;
&#xD;
2019-10-29 05:26:57 - [MESSAGE][PASSED] - pages.SendCode.clickonUserSettings is PASSED&#xD;
&#xD;
2019-10-29 05:26:57 - [MESSAGE][PASSED] - Call Test Case 'Test Cases/FirstView/Login/TC_SendCode' successfully&#xD;
&#xD;
2019-10-29 05:26:57 - [TEST_STEP][PASSED] - callTestCase(findTestCase("FirstView/Login/TC_FirstView"), [:], STOP_ON_FAILURE): Call Test Case 'Test Cases/FirstView/Login/TC_FirstView' successfully&#xD;
&#xD;
2019-10-29 05:26:57 - [TEST_CASE][PASSED] - Test Cases/FirstView/Login/TC_FirstView: Test Cases/FirstView/Login/TC_FirstView&#xD;
&#xD;
2019-10-29 05:26:57 - [TEST_STEP][NOT_RUN] - utilities.SafeActions.safeClickWithoutScroll(findTestObject("Pages/FirstView/link_Home"), "Click on Home button in First View screen", [PageLoadTime]): NOT_RUN: utilities.SafeActions.safeClickWithoutScroll(findTestObject("Pages/FirstView/link_Home"), "Click on Home button in First View screen", [PageLoadTime])&#xD;
&#xD;
2019-10-29 05:26:57 - [MESSAGE][NOT_RUN] - NOT_RUN: utilities.SafeActions.safeClickWithoutScroll(findTestObject("Pages/FirstView/link_Home"), "Click on Home button in First View screen", [PageLoadTime])&#xD;
&#xD;
2019-10-29 05:26:57 - [TEST_STEP][PASSED] - utilities.SafeActions.javascriptclick(findTestObject("Pages/FirstView/link_Home"), delayForElement): utilities.SafeActions.javascriptclick is PASSED&#xD;
&#xD;
2019-10-29 05:26:57 - [MESSAGE][PASSED] - utilities.SafeActions.javascriptclick is PASSED&#xD;
&#xD;
2019-10-29 05:26:57 - [TEST_STEP][PASSED] - utilities.SafeActions.safeClickWithoutScroll(findTestObject("Pages/FirstView/link_VPOS"), "Click on VPOS button in First View screen", [PageLoadTime]): utilities.SafeActions.safeClickWithoutScroll is PASSED&#xD;
&#xD;
2019-10-29 05:26:57 - [MESSAGE][INFO] - Safe Click Without scroll&#xD;
&#xD;
2019-10-29 05:26:57 - [MESSAGE][INFO] - 1stPayVault.ts:waiting until Click on VPOS button in First View screen is Clickable&#xD;
&#xD;
2019-10-29 05:26:58 - [MESSAGE][PASSED] - Object 'Object Repository/Pages/FirstView/link_VPOS' is clickable&#xD;
&#xD;
2019-10-29 05:26:58 - [MESSAGE][PASSED] - Object 'Object Repository/Pages/FirstView/link_VPOS' is visible&#xD;
&#xD;
2019-10-29 05:26:59 - [MESSAGE][PASSED] - Object: 'Object Repository/Pages/FirstView/link_VPOS' is clicked on&#xD;
&#xD;
2019-10-29 05:26:59 - [MESSAGE][INFO] - 1stPayVault.ts: click on the Click on VPOS button in First View screen&#xD;
&#xD;
2019-10-29 05:26:59 - [MESSAGE][PASSED] - utilities.SafeActions.safeClickWithoutScroll is PASSED&#xD;
&#xD;
2019-10-29 05:26:59 - [MESSAGE][PASSED] - Call Test Case 'Test Cases/FirstView/Login/TC_FirstView' successfully&#xD;
&#xD;
2019-10-29 05:26:59 - [TEST_STEP][PASSED] - switchToWindowTitle("Transcenter - VPOS"): Switched to window with title: 'Transcenter - VPOS'&#xD;
&#xD;
2019-10-29 05:27:03 - [MESSAGE][PASSED] - Switched to window with title: 'Transcenter - VPOS'&#xD;
&#xD;
2019-10-29 05:27:04 - [TEST_STEP][ERROR] - utilities.SafeActions.safeClickWithoutScroll(findTestObject("Pages/FirstPayVault/tab_FirstPayVault"), "Click on FirstPayVault tab", [PageLoadTime]): com.kms.katalon.core.exception.StepErrorException: 1stPayVault.ts:Click on FirstPayVault tab is not clickable in time - 60seconds&#xD;
&#xD;
2019-10-29 05:27:04 - [MESSAGE][INFO] - Safe Click Without scroll&#xD;
&#xD;
2019-10-29 05:27:04 - [MESSAGE][INFO] - 1stPayVault.ts:waiting until Click on FirstPayVault tab is Clickable&#xD;
&#xD;
2019-10-29 05:27:06 - [MESSAGE][PASSED] - Object 'Object Repository/Pages/FirstPayVault/tab_FirstPayVault' is clickable&#xD;
&#xD;
2019-10-29 05:27:06 - [MESSAGE][PASSED] - Object 'Object Repository/Pages/FirstPayVault/tab_FirstPayVault' is visible&#xD;
&#xD;
2019-10-29 05:27:07 - [MESSAGE][FAILED] - Unable to click on object 'Object Repository/Pages/FirstPayVault/tab_FirstPayVault' (Root cause: com.kms.katalon.core.exception.StepFailedException: Unable to click on object 'Object Repository/Pages/FirstPayVault/tab_FirstPayVault'&#xD;
	at com.kms.katalon.core.webui.keyword.internal.WebUIKeywordMain.stepFailed(WebUIKeywordMain.groovy:64)&#xD;
	at com.kms.katalon.core.webui.keyword.internal.WebUIKeywordMain.runKeyword(WebUIKeywordMain.groovy:26)&#xD;
	at com.kms.katalon.core.webui.keyword.builtin.ClickKeyword.click(ClickKeyword.groovy:86)&#xD;
	at com.kms.katalon.core.webui.keyword.builtin.ClickKeyword.execute(ClickKeyword.groovy:67)&#xD;
	at com.kms.katalon.core.keyword.internal.KeywordExecutor.executeKeywordForPlatform(KeywordExecutor.groovy:56)&#xD;
	at com.kms.katalon.core.webui.keyword.WebUiBuiltInKeywords.click(WebUiBuiltInKeywords.groovy:616)&#xD;
	at com.kms.katalon.core.webui.keyword.WebUiBuiltInKeywords$click$4.call(Unknown Source)&#xD;
	at utilities.SafeActions.safeClickWithoutScroll(SafeActions.groovy:138)&#xD;
	at utilities.SafeActions.invokeMethod(SafeActions.groovy)&#xD;
	at com.kms.katalon.core.main.CustomKeywordDelegatingMetaClass.invokeStaticMethod(CustomKeywordDelegatingMetaClass.java:50)&#xD;
	at TC_1st_Pay_Vault_010.run(TC_1st_Pay_Vault_010:34)&#xD;
	at com.kms.katalon.core.main.ScriptEngine.run(ScriptEngine.java:194)&#xD;
	at com.kms.katalon.core.main.ScriptEngine.runScriptAsRawText(ScriptEngine.java:119)&#xD;
	at com.kms.katalon.core.main.TestCaseExecutor.runScript(TestCaseExecutor.java:337)&#xD;
	at com.kms.katalon.core.main.TestCaseExecutor.doExecute(TestCaseExecutor.java:328)&#xD;
	at com.kms.katalon.core.main.TestCaseExecutor.processExecutionPhase(TestCaseExecutor.java:307)&#xD;
	at com.kms.katalon.core.main.TestCaseExecutor.accessMainPhase(TestCaseExecutor.java:299)&#xD;
	at com.kms.katalon.core.main.TestCaseExecutor.execute(TestCaseExecutor.java:233)&#xD;
	at com.kms.katalon.core.main.TestSuiteExecutor.accessTestCaseMainPhase(TestSuiteExecutor.java:169)&#xD;
	at com.kms.katalon.core.main.TestSuiteExecutor.accessTestSuiteMainPhase(TestSuiteExecutor.java:142)&#xD;
	at com.kms.katalon.core.main.TestSuiteExecutor.execute(TestSuiteExecutor.java:91)&#xD;
	at com.kms.katalon.core.main.TestCaseMain.startTestSuite(TestCaseMain.java:157)&#xD;
	at com.kms.katalon.core.main.TestCaseMain$startTestSuite$0.call(Unknown Source)&#xD;
	at TempTestSuite1572343764272.run(TempTestSuite1572343764272.groovy:35)&#xD;
Caused by: org.openqa.selenium.ElementClickInterceptedException: Element &lt;span class="title title_center"&gt; is not clickable at point (296,163) because another element &lt;div id="transcenter-modal-progress" class="modal fade show"&gt; obscures it
Build info: version: '3.141.59', revision: 'e82be7d358', time: '2018-11-14T08:25:53'
System info: host: 'FW1-D-DTA-ZENQ1', ip: '172.25.52.168', os.name: 'Windows 10', os.arch: 'amd64', os.version: '10.0', java.version: '1.8.0_181'
Driver info: com.kms.katalon.core.webui.driver.firefox.CGeckoDriver
Capabilities {acceptInsecureCerts: true, browserName: firefox, browserVersion: 68.0.2, javascriptEnabled: true, moz:accessibilityChecks: false, moz:buildID: 20190813150448, moz:geckodriverVersion: 0.23.0, moz:headless: false, moz:processID: 104640, moz:profile: C:\Users\venkata.annam\AppD..., moz:shutdownTimeout: 60000, moz:useNonSpecCompliantPointerOrigin: false, moz:webdriverClick: true, pageLoadStrategy: normal, platform: WINDOWS, platformName: WINDOWS, platformVersion: 10.0, proxy: Proxy(direct), rotatable: false, setWindowRect: true, strictFileInteractability: false, timeouts: {implicit: 0, pageLoad: 300000, script: 30000}, unhandledPromptBehavior: dismiss and notify}
Session ID: 960107fe-a884-432f-9280-386e192ce854&#xD;
	at org.openqa.selenium.remote.http.W3CHttpResponseCodec.createException(W3CHttpResponseCodec.java:187)&#xD;
	at org.openqa.selenium.remote.http.W3CHttpResponseCodec.decode(W3CHttpResponseCodec.java:122)&#xD;
	at org.openqa.selenium.remote.http.W3CHttpResponseCodec.decode(W3CHttpResponseCodec.java:49)&#xD;
	at org.openqa.selenium.remote.HttpCommandExecutor.execute(HttpCommandExecutor.java:158)&#xD;
	at org.openqa.selenium.remote.service.DriverCommandExecutor.execute(DriverCommandExecutor.java:83)&#xD;
	at org.openqa.selenium.remote.RemoteWebDriver.execute(RemoteWebDriver.java:552)&#xD;
	at com.kms.katalon.selenium.driver.CFirefoxDriver.execute(CFirefoxDriver.java:28)&#xD;
	at org.openqa.selenium.remote.RemoteWebElement.execute(RemoteWebElement.java:285)&#xD;
	at org.openqa.selenium.remote.RemoteWebElement.click(RemoteWebElement.java:84)&#xD;
	at com.kms.katalon.core.webui.keyword.builtin.ClickKeyword$_click_closure1.doCall(ClickKeyword.groovy:79)&#xD;
	at com.kms.katalon.core.webui.keyword.builtin.ClickKeyword$_click_closure1.call(ClickKeyword.groovy)&#xD;
	at com.kms.katalon.core.webui.keyword.internal.WebUIKeywordMain.runKeyword(WebUIKeywordMain.groovy:20)&#xD;
	at com.kms.katalon.core.webui.keyword.builtin.ClickKeyword.click(ClickKeyword.groovy:86)&#xD;
	at com.kms.katalon.core.webui.keyword.builtin.ClickKeyword.execute(ClickKeyword.groovy:67)&#xD;
	at com.kms.katalon.core.keyword.internal.KeywordExecutor.executeKeywordForPlatform(KeywordExecutor.groovy:56)&#xD;
	at com.kms.katalon.core.webui.keyword.WebUiBuiltInKeywords.click(WebUiBuiltInKeywords.groovy:616)&#xD;
	at com.kms.katalon.core.webui.keyword.WebUiBuiltInKeywords$click$4.call(Unknown Source)&#xD;
	at utilities.SafeActions.safeClickWithoutScroll(SafeActions.groovy:138)&#xD;
	at utilities.SafeActions.invokeMethod(SafeActions.groovy)&#xD;
	at com.kms.katalon.core.main.CustomKeywordDelegatingMetaClass.invokeStaticMethod(CustomKeywordDelegatingMetaClass.java:50)&#xD;
	at Script1568975190938.run(Script1568975190938.groovy:34)&#xD;
	... 13 more&#xD;
)&#xD;
[[ATTACHMENT|C:\\VPOS_Internal\\VPOS_Internal\\Reports\\20191029_050924\\FirstView\\1stPayVault\\20191029_050924\\1572344826969.png]]&#xD;
&#xD;
2019-10-29 05:27:07 - [MESSAGE][ERROR] - com.kms.katalon.core.exception.StepErrorException: 1stPayVault.ts:Click on FirstPayVault tab is not clickable in time - 60seconds&#xD;
&#xD;
2019-10-29 05:27:07 - [TEST_STEP][ERROR] - utilities.SafeActions.safeClickWithoutScroll(findTestObject("Pages/FirstPayVault/button_CreateVault"), "Click on CreateVault button", [PageLoadTime]): com.kms.katalon.core.exception.StepErrorException: 1stPayVault.ts:Click on CreateVault button is not Clickable&#xD;
&#xD;
2019-10-29 05:27:07 - [MESSAGE][INFO] - Safe Click Without scroll&#xD;
&#xD;
2019-10-29 05:27:07 - [MESSAGE][INFO] - 1stPayVault.ts:waiting until Click on CreateVault button is Clickable&#xD;
&#xD;
2019-10-29 05:27:07 - [MESSAGE][PASSED] - Object 'Object Repository/Pages/FirstPayVault/button_CreateVault' is clickable&#xD;
&#xD;
2019-10-29 05:27:07 - [MESSAGE][FAILED] - Object 'Object Repository/Pages/FirstPayVault/button_CreateVault' is NOT visible (Root cause: com.kms.katalon.core.exception.StepFailedException: Object 'Object Repository/Pages/FirstPayVault/button_CreateVault' is NOT visible&#xD;
	at com.kms.katalon.core.webui.keyword.internal.WebUIKeywordMain.stepFailed(WebUIKeywordMain.groovy:64)&#xD;
	at com.kms.katalon.core.webui.keyword.builtin.VerifyElementVisibleKeyword$_verifyElementVisible_closure1.doCall(VerifyElementVisibleKeyword.groovy:83)&#xD;
	at com.kms.katalon.core.webui.keyword.builtin.VerifyElementVisibleKeyword$_verifyElementVisible_closure1.call(VerifyElementVisibleKeyword.groovy)&#xD;
	at com.kms.katalon.core.webui.keyword.internal.WebUIKeywordMain.runKeyword(WebUIKeywordMain.groovy:20)&#xD;
	at com.kms.katalon.core.webui.keyword.builtin.VerifyElementVisibleKeyword.verifyElementVisible(VerifyElementVisibleKeyword.groovy:97)&#xD;
	at com.kms.katalon.core.webui.keyword.builtin.VerifyElementVisibleKeyword.execute(VerifyElementVisibleKeyword.groovy:67)&#xD;
	at com.kms.katalon.core.keyword.internal.KeywordExecutor.executeKeywordForPlatform(KeywordExecutor.groovy:56)&#xD;
	at com.kms.katalon.core.webui.keyword.WebUiBuiltInKeywords.verifyElementVisible(WebUiBuiltInKeywords.groovy:372)&#xD;
	at com.kms.katalon.core.webui.keyword.WebUiBuiltInKeywords$verifyElementVisible$7.call(Unknown Source)&#xD;
	at utilities.SafeActions.waitUntilClickable(SafeActions.groovy:173)&#xD;
	at utilities.SafeActions.safeClickWithoutScroll(SafeActions.groovy:136)&#xD;
	at utilities.SafeActions.invokeMethod(SafeActions.groovy)&#xD;
	at com.kms.katalon.core.main.CustomKeywordDelegatingMetaClass.invokeStaticMethod(CustomKeywordDelegatingMetaClass.java:50)&#xD;
	at TC_1st_Pay_Vault_010.run(TC_1st_Pay_Vault_010:37)&#xD;
	at com.kms.katalon.core.main.ScriptEngine.run(ScriptEngine.java:194)&#xD;
	at com.kms.katalon.core.main.ScriptEngine.runScriptAsRawText(ScriptEngine.java:119)&#xD;
	at com.kms.katalon.core.main.TestCaseExecutor.runScript(TestCaseExecutor.java:337)&#xD;
	at com.kms.katalon.core.main.TestCaseExecutor.doExecute(TestCaseExecutor.java:328)&#xD;
	at com.kms.katalon.core.main.TestCaseExecutor.processExecutionPhase(TestCaseExecutor.java:307)&#xD;
	at com.kms.katalon.core.main.TestCaseExecutor.accessMainPhase(TestCaseExecutor.java:299)&#xD;
	at com.kms.katalon.core.main.TestCaseExecutor.execute(TestCaseExecutor.java:233)&#xD;
	at com.kms.katalon.core.main.TestSuiteExecutor.accessTestCaseMainPhase(TestSuiteExecutor.java:169)&#xD;
	at com.kms.katalon.core.main.TestSuiteExecutor.accessTestSuiteMainPhase(TestSuiteExecutor.java:142)&#xD;
	at com.kms.katalon.core.main.TestSuiteExecutor.execute(TestSuiteExecutor.java:91)&#xD;
	at com.kms.katalon.core.main.TestCaseMain.startTestSuite(TestCaseMain.java:157)&#xD;
	at com.kms.katalon.core.main.TestCaseMain$startTestSuite$0.call(Unknown Source)&#xD;
	at TempTestSuite1572343764272.run(TempTestSuite1572343764272.groovy:35)&#xD;
)&#xD;
[[ATTACHMENT|C:\\VPOS_Internal\\VPOS_Internal\\Reports\\20191029_050924\\FirstView\\1stPayVault\\20191029_050924\\1572344827446.png]]&#xD;
&#xD;
2019-10-29 05:27:07 - [MESSAGE][FAILED] - Unable to verify object 'Object Repository/Pages/FirstPayVault/button_CreateVault' is visible (Root cause: com.kms.katalon.core.exception.StepFailedException: Unable to verify object 'Object Repository/Pages/FirstPayVault/button_CreateVault' is visible&#xD;
	at com.kms.katalon.core.webui.keyword.internal.WebUIKeywordMain.stepFailed(WebUIKeywordMain.groovy:64)&#xD;
	at com.kms.katalon.core.webui.keyword.internal.WebUIKeywordMain.runKeyword(WebUIKeywordMain.groovy:26)&#xD;
	at com.kms.katalon.core.webui.keyword.builtin.VerifyElementVisibleKeyword.verifyElementVisible(VerifyElementVisibleKeyword.groovy:97)&#xD;
	at com.kms.katalon.core.webui.keyword.builtin.VerifyElementVisibleKeyword.execute(VerifyElementVisibleKeyword.groovy:67)&#xD;
	at com.kms.katalon.core.keyword.internal.KeywordExecutor.executeKeywordForPlatform(KeywordExecutor.groovy:56)&#xD;
	at com.kms.katalon.core.webui.keyword.WebUiBuiltInKeywords.verifyElementVisible(WebUiBuiltInKeywords.groovy:372)&#xD;
	at com.kms.katalon.core.webui.keyword.WebUiBuiltInKeywords$verifyElementVisible$7.call(Unknown Source)&#xD;
	at utilities.SafeActions.waitUntilClickable(SafeActions.groovy:173)&#xD;
	at utilities.SafeActions.safeClickWithoutScroll(SafeActions.groovy:136)&#xD;
	at utilities.SafeActions.invokeMethod(SafeActions.groovy)&#xD;
	at com.kms.katalon.core.main.CustomKeywordDelegatingMetaClass.invokeStaticMethod(CustomKeywordDelegatingMetaClass.java:50)&#xD;
	at TC_1st_Pay_Vault_010.run(TC_1st_Pay_Vault_010:37)&#xD;
	at com.kms.katalon.core.main.ScriptEngine.run(ScriptEngine.java:194)&#xD;
	at com.kms.katalon.core.main.ScriptEngine.runScriptAsRawText(ScriptEngine.java:119)&#xD;
	at com.kms.katalon.core.main.TestCaseExecutor.runScript(TestCaseExecutor.java:337)&#xD;
	at com.kms.katalon.core.main.TestCaseExecutor.doExecute(TestCaseExecutor.java:328)&#xD;
	at com.kms.katalon.core.main.TestCaseExecutor.processExecutionPhase(TestCaseExecutor.java:307)&#xD;
	at com.kms.katalon.core.main.TestCaseExecutor.accessMainPhase(TestCaseExecutor.java:299)&#xD;
	at com.kms.katalon.core.main.TestCaseExecutor.execute(TestCaseExecutor.java:233)&#xD;
	at com.kms.katalon.core.main.TestSuiteExecutor.accessTestCaseMainPhase(TestSuiteExecutor.java:169)&#xD;
	at com.kms.katalon.core.main.TestSuiteExecutor.accessTestSuiteMainPhase(TestSuiteExecutor.java:142)&#xD;
	at com.kms.katalon.core.main.TestSuiteExecutor.execute(TestSuiteExecutor.java:91)&#xD;
	at com.kms.katalon.core.main.TestCaseMain.startTestSuite(TestCaseMain.java:157)&#xD;
	at com.kms.katalon.core.main.TestCaseMain$startTestSuite$0.call(Unknown Source)&#xD;
	at TempTestSuite1572343764272.run(TempTestSuite1572343764272.groovy:35)&#xD;
Caused by: com.kms.katalon.core.exception.StepFailedException: Object 'Object Repository/Pages/FirstPayVault/button_CreateVault' is NOT visible&#xD;
	at com.kms.katalon.core.webui.keyword.internal.WebUIKeywordMain.stepFailed(WebUIKeywordMain.groovy:64)&#xD;
	at com.kms.katalon.core.webui.keyword.builtin.VerifyElementVisibleKeyword$_verifyElementVisible_closure1.doCall(VerifyElementVisibleKeyword.groovy:83)&#xD;
	at com.kms.katalon.core.webui.keyword.builtin.VerifyElementVisibleKeyword$_verifyElementVisible_closure1.call(VerifyElementVisibleKeyword.groovy)&#xD;
	at com.kms.katalon.core.webui.keyword.internal.WebUIKeywordMain.runKeyword(WebUIKeywordMain.groovy:20)&#xD;
	... 23 more&#xD;
)&#xD;
[[ATTACHMENT|C:\\VPOS_Internal\\VPOS_Internal\\Reports\\20191029_050924\\FirstView\\1stPayVault\\20191029_050924\\1572344827531.png]]&#xD;
&#xD;
2019-10-29 05:27:07 - [MESSAGE][FAILED] - 1stPayVault.ts:Click on CreateVault button is not clickable in time - 60seconds&#xD;
&#xD;
2019-10-29 05:27:07 - [MESSAGE][ERROR] - com.kms.katalon.core.exception.StepErrorException: 1stPayVault.ts:Click on CreateVault button is not Clickable&#xD;
&#xD;
2019-10-29 05:27:07 - [TEST_STEP][FAILED] - scrollToElement(findTestObject("Pages/FirstPayVault/input_VaultReferenceNumber"), PageLoadTime): Unable to scroll to object 'Object Repository/Pages/FirstPayVault/input_VaultReferenceNumber' (Root cause: com.kms.katalon.core.exception.StepFailedException: Unable to scroll to object 'Object Repository/Pages/FirstPayVault/input_VaultReferenceNumber'&#xD;
	at com.kms.katalon.core.webui.keyword.internal.WebUIKeywordMain.stepFailed(WebUIKeywordMain.groovy:64)&#xD;
	at com.kms.katalon.core.webui.keyword.internal.WebUIKeywordMain.runKeyword(WebUIKeywordMain.groovy:26)&#xD;
	at com.kms.katalon.core.webui.keyword.builtin.ScrollToElementKeyword.scrollToElement(ScrollToElementKeyword.groovy:88)&#xD;
	at com.kms.katalon.core.webui.keyword.builtin.ScrollToElementKeyword.execute(ScrollToElementKeyword.groovy:68)&#xD;
	at com.kms.katalon.core.keyword.internal.KeywordExecutor.executeKeywordForPlatform(KeywordExecutor.groovy:56)&#xD;
	at com.kms.katalon.core.webui.keyword.WebUiBuiltInKeywords.scrollToElement(WebUiBuiltInKeywords.groovy:2975)&#xD;
	at com.kms.katalon.core.webui.keyword.WebUiBuiltInKeywords$scrollToElement$2.call(Unknown Source)&#xD;
	at TC_1st_Pay_Vault_010.run(TC_1st_Pay_Vault_010:39)&#xD;
	at com.kms.katalon.core.main.ScriptEngine.run(ScriptEngine.java:194)&#xD;
	at com.kms.katalon.core.main.ScriptEngine.runScriptAsRawText(ScriptEngine.java:119)&#xD;
	at com.kms.katalon.core.main.TestCaseExecutor.runScript(TestCaseExecutor.java:337)&#xD;
	at com.kms.katalon.core.main.TestCaseExecutor.doExecute(TestCaseExecutor.java:328)&#xD;
	at com.kms.katalon.core.main.TestCaseExecutor.processExecutionPhase(TestCaseExecutor.java:307)&#xD;
	at com.kms.katalon.core.main.TestCaseExecutor.accessMainPhase(TestCaseExecutor.java:299)&#xD;
	at com.kms.katalon.core.main.TestCaseExecutor.execute(TestCaseExecutor.java:233)&#xD;
	at com.kms.katalon.core.main.TestSuiteExecutor.accessTestCaseMainPhase(TestSuiteExecutor.java:169)&#xD;
	at com.kms.katalon.core.main.TestSuiteExecutor.accessTestSuiteMainPhase(TestSuiteExecutor.java:142)&#xD;
	at com.kms.katalon.core.main.TestSuiteExecutor.execute(TestSuiteExecutor.java:91)&#xD;
	at com.kms.katalon.core.main.TestCaseMain.startTestSuite(TestCaseMain.java:157)&#xD;
	at com.kms.katalon.core.main.TestCaseMain$startTestSuite$0.call(Unknown Source)&#xD;
	at TempTestSuite1572343764272.run(TempTestSuite1572343764272.groovy:35)&#xD;
Caused by: com.kms.katalon.core.webui.exception.WebElementNotFoundException: Web element with id: 'Object Repository/Pages/FirstPayVault/input_VaultReferenceNumber' located by 'By.xpath: //label[text()='1stPayVault Reference Number']/parent::div/following-sibling::div//input[@id='text-refund-info-amount']' not found&#xD;
	at com.kms.katalon.core.webui.common.WebUiCommonHelper.findWebElement(WebUiCommonHelper.java:1097)&#xD;
	at com.kms.katalon.core.webui.keyword.internal.WebUIAbstractKeyword.findWebElement(WebUIAbstractKeyword.groovy:27)&#xD;
	at com.kms.katalon.core.webui.keyword.internal.WebUIAbstractKeyword.findWebElement(WebUIAbstractKeyword.groovy:26)&#xD;
	at com.kms.katalon.core.webui.keyword.builtin.ScrollToElementKeyword$_scrollToElement_closure1.doCall(ScrollToElementKeyword.groovy:79)&#xD;
	at com.kms.katalon.core.webui.keyword.builtin.ScrollToElementKeyword$_scrollToElement_closure1.call(ScrollToElementKeyword.groovy)&#xD;
	at com.kms.katalon.core.webui.keyword.internal.WebUIKeywordMain.runKeyword(WebUIKeywordMain.groovy:20)&#xD;
	at com.kms.katalon.core.webui.keyword.builtin.ScrollToElementKeyword.scrollToElement(ScrollToElementKeyword.groovy:88)&#xD;
	at com.kms.katalon.core.webui.keyword.builtin.ScrollToElementKeyword.execute(ScrollToElementKeyword.groovy:68)&#xD;
	at com.kms.katalon.core.keyword.internal.KeywordExecutor.executeKeywordForPlatform(KeywordExecutor.groovy:56)&#xD;
	at com.kms.katalon.core.webui.keyword.WebUiBuiltInKeywords.scrollToElement(WebUiBuiltInKeywords.groovy:2975)&#xD;
	at com.kms.katalon.core.webui.keyword.WebUiBuiltInKeywords$scrollToElement$2.call(Unknown Source)&#xD;
	at Script1568975190938.run(Script1568975190938.groovy:39)&#xD;
	... 13 more&#xD;
)&#xD;
&#xD;
2019-10-29 05:27:38 - [MESSAGE][INFO] - Unable to find the element located by 'By.xpath: //label[text()='1stPayVault Reference Number']/parent::div/following-sibling::div//input[@id='text-refund-info-amount']'. Please recheck the objects properties to make sure the desired element is located. &#xD;
&#xD;
2019-10-29 05:27:38 - [MESSAGE][FAILED] - Unable to scroll to object 'Object Repository/Pages/FirstPayVault/input_VaultReferenceNumber' (Root cause: com.kms.katalon.core.exception.StepFailedException: Unable to scroll to object 'Object Repository/Pages/FirstPayVault/input_VaultReferenceNumber'&#xD;
	at com.kms.katalon.core.webui.keyword.internal.WebUIKeywordMain.stepFailed(WebUIKeywordMain.groovy:64)&#xD;
	at com.kms.katalon.core.webui.keyword.internal.WebUIKeywordMain.runKeyword(WebUIKeywordMain.groovy:26)&#xD;
	at com.kms.katalon.core.webui.keyword.builtin.ScrollToElementKeyword.scrollToElement(ScrollToElementKeyword.groovy:88)&#xD;
	at com.kms.katalon.core.webui.keyword.builtin.ScrollToElementKeyword.execute(ScrollToElementKeyword.groovy:68)&#xD;
	at com.kms.katalon.core.keyword.internal.KeywordExecutor.executeKeywordForPlatform(KeywordExecutor.groovy:56)&#xD;
	at com.kms.katalon.core.webui.keyword.WebUiBuiltInKeywords.scrollToElement(WebUiBuiltInKeywords.groovy:2975)&#xD;
	at com.kms.katalon.core.webui.keyword.WebUiBuiltInKeywords$scrollToElement$2.call(Unknown Source)&#xD;
	at TC_1st_Pay_Vault_010.run(TC_1st_Pay_Vault_010:39)&#xD;
	at com.kms.katalon.core.main.ScriptEngine.run(ScriptEngine.java:194)&#xD;
	at com.kms.katalon.core.main.ScriptEngine.runScriptAsRawText(ScriptEngine.java:119)&#xD;
	at com.kms.katalon.core.main.TestCaseExecutor.runScript(TestCaseExecutor.java:337)&#xD;
	at com.kms.katalon.core.main.TestCaseExecutor.doExecute(TestCaseExecutor.java:328)&#xD;
	at com.kms.katalon.core.main.TestCaseExecutor.processExecutionPhase(TestCaseExecutor.java:307)&#xD;
	at com.kms.katalon.core.main.TestCaseExecutor.accessMainPhase(TestCaseExecutor.java:299)&#xD;
	at com.kms.katalon.core.main.TestCaseExecutor.execute(TestCaseExecutor.java:233)&#xD;
	at com.kms.katalon.core.main.TestSuiteExecutor.accessTestCaseMainPhase(TestSuiteExecutor.java:169)&#xD;
	at com.kms.katalon.core.main.TestSuiteExecutor.accessTestSuiteMainPhase(TestSuiteExecutor.java:142)&#xD;
	at com.kms.katalon.core.main.TestSuiteExecutor.execute(TestSuiteExecutor.java:91)&#xD;
	at com.kms.katalon.core.main.TestCaseMain.startTestSuite(TestCaseMain.java:157)&#xD;
	at com.kms.katalon.core.main.TestCaseMain$startTestSuite$0.call(Unknown Source)&#xD;
	at TempTestSuite1572343764272.run(TempTestSuite1572343764272.groovy:35)&#xD;
Caused by: com.kms.katalon.core.webui.exception.WebElementNotFoundException: Web element with id: 'Object Repository/Pages/FirstPayVault/input_VaultReferenceNumber' located by 'By.xpath: //label[text()='1stPayVault Reference Number']/parent::div/following-sibling::div//input[@id='text-refund-info-amount']' not found&#xD;
	at com.kms.katalon.core.webui.common.WebUiCommonHelper.findWebElement(WebUiCommonHelper.java:1097)&#xD;
	at com.kms.katalon.core.webui.keyword.internal.WebUIAbstractKeyword.findWebElement(WebUIAbstractKeyword.groovy:27)&#xD;
	at com.kms.katalon.core.webui.keyword.internal.WebUIAbstractKeyword.findWebElement(WebUIAbstractKeyword.groovy:26)&#xD;
	at com.kms.katalon.core.webui.keyword.builtin.ScrollToElementKeyword$_scrollToElement_closure1.doCall(ScrollToElementKeyword.groovy:79)&#xD;
	at com.kms.katalon.core.webui.keyword.builtin.ScrollToElementKeyword$_scrollToElement_closure1.call(ScrollToElementKeyword.groovy)&#xD;
	at com.kms.katalon.core.webui.keyword.internal.WebUIKeywordMain.runKeyword(WebUIKeywordMain.groovy:20)&#xD;
	at com.kms.katalon.core.webui.keyword.builtin.ScrollToElementKeyword.scrollToElement(ScrollToElementKeyword.groovy:88)&#xD;
	at com.kms.katalon.core.webui.keyword.builtin.ScrollToElementKeyword.execute(ScrollToElementKeyword.groovy:68)&#xD;
	at com.kms.katalon.core.keyword.internal.KeywordExecutor.executeKeywordForPlatform(KeywordExecutor.groovy:56)&#xD;
	at com.kms.katalon.core.webui.keyword.WebUiBuiltInKeywords.scrollToElement(WebUiBuiltInKeywords.groovy:2975)&#xD;
	at com.kms.katalon.core.webui.keyword.WebUiBuiltInKeywords$scrollToElement$2.call(Unknown Source)&#xD;
	at Script1568975190938.run(Script1568975190938.groovy:39)&#xD;
	... 13 more&#xD;
)&#xD;
[[ATTACHMENT|C:\\VPOS_Internal\\VPOS_Internal\\Reports\\20191029_050924\\FirstView\\1stPayVault\\20191029_050924\\1572344858220.png]]&#xD;
&#xD;
2019-10-29 05:27:38 - [TEST_STEP][PASSED] - Start listener action : sampleAfterTestCase: Taking screenshot successfully&#xD;
&#xD;
2019-10-29 05:27:38 - [TEST_STEP][PASSED] - println(testCaseContext.getTestCaseId()): null&#xD;
&#xD;
2019-10-29 05:27:38 - [TEST_STEP][PASSED] - println(testCaseContext.getTestCaseStatus()): null&#xD;
&#xD;
2019-10-29 05:27:38 - [TEST_STEP][PASSED] - testCaseName = testCaseContext.getTestCaseId(): null&#xD;
&#xD;
2019-10-29 05:27:38 - [TEST_STEP][PASSED] - strCount = testCaseName.lastIndexOf("/"): null&#xD;
&#xD;
2019-10-29 05:27:38 - [TEST_STEP][PASSED] - testCaseName = testCaseName.substring(strCount): null&#xD;
&#xD;
2019-10-29 05:27:38 - [TEST_STEP][PASSED] - println(testCaseName): null&#xD;
&#xD;
2019-10-29 05:27:38 - [TEST_STEP][PASSED] - if (getTestCaseStatus().equalsIgnoreCase("Error")): Taking screenshot successfully&#xD;
&#xD;
2019-10-29 05:27:38 - [TEST_STEP][PASSED] - takeScreenshot(getReportFolder() + "/Screenshots/" + testCaseName + ".png"): Taking screenshot successfully&#xD;
&#xD;
2019-10-29 05:27:38 - [MESSAGE][PASSED] - Taking screenshot successfully&#xD;
[[ATTACHMENT|C:\\VPOS_Internal\\VPOS_Internal\\Reports\\20191029_050924\\FirstView\\1stPayVault\\20191029_050924/Screenshots//TC_1st_Pay_Vault_010.png]]&#xD;
&#xD;
2019-10-29 05:27:38 - [TEST_STEP][PASSED] - Start listener action : sampleAfterTestCase: null</system-out>
            <system-err>2019-10-29 05:26:40 - [TEST_CASE][ERROR] - Test Cases/FirstView/FirstPayVault/TC_1st_Pay_Vault_010: Test Cases/FirstView/FirstPayVault/TC_1st_Pay_Vault_010 FAILED.
Reason:
com.kms.katalon.core.exception.StepErrorException: 1stPayVault.ts:Click on FirstPayVault tab is not clickable in time - 60seconds&#xD;
	at com.kms.katalon.core.util.KeywordUtil.markError(KeywordUtil.java:65)&#xD;
	at com.kms.katalon.core.util.KeywordUtil$markError$0.call(Unknown Source)&#xD;
	at utilities.SafeActions.safeClickWithoutScroll(SafeActions.groovy:146)&#xD;
	at utilities.SafeActions.invokeMethod(SafeActions.groovy)&#xD;
	at com.kms.katalon.core.main.CustomKeywordDelegatingMetaClass.invokeStaticMethod(CustomKeywordDelegatingMetaClass.java:50)&#xD;
	at TC_1st_Pay_Vault_010.run(TC_1st_Pay_Vault_010:34)&#xD;
	at com.kms.katalon.core.main.ScriptEngine.run(ScriptEngine.java:194)&#xD;
	at com.kms.katalon.core.main.ScriptEngine.runScriptAsRawText(ScriptEngine.java:119)&#xD;
	at com.kms.katalon.core.main.TestCaseExecutor.runScript(TestCaseExecutor.java:337)&#xD;
	at com.kms.katalon.core.main.TestCaseExecutor.doExecute(TestCaseExecutor.java:328)&#xD;
	at com.kms.katalon.core.main.TestCaseExecutor.processExecutionPhase(TestCaseExecutor.java:307)&#xD;
	at com.kms.katalon.core.main.TestCaseExecutor.accessMainPhase(TestCaseExecutor.java:299)&#xD;
	at com.kms.katalon.core.main.TestCaseExecutor.execute(TestCaseExecutor.java:233)&#xD;
	at com.kms.katalon.core.main.TestSuiteExecutor.accessTestCaseMainPhase(TestSuiteExecutor.java:169)&#xD;
	at com.kms.katalon.core.main.TestSuiteExecutor.accessTestSuiteMainPhase(TestSuiteExecutor.java:142)&#xD;
	at com.kms.katalon.core.main.TestSuiteExecutor.execute(TestSuiteExecutor.java:91)&#xD;
	at com.kms.katalon.core.main.TestCaseMain.startTestSuite(TestCaseMain.java:157)&#xD;
	at com.kms.katalon.core.main.TestCaseMain$startTestSuite$0.call(Unknown Source)&#xD;
	at TempTestSuite1572343764272.run(TempTestSuite1572343764272.groovy:35)</system-err>
        </testcase>
        <testcase name="Test Cases/FirstView/FirstPayVault/TC_1st_Pay_Vault_011" classname="Test Cases/FirstView/FirstPayVault/TC_1st_Pay_Vault_011" status="ERROR">
            <error type="ERROR" message="Test Cases/FirstView/FirstPayVault/TC_1st_Pay_Vault_011 FAILED.&#xA;Reason:&#xA;com.kms.katalon.core.exception.StepErrorException: 1stPayVault.ts:Click on FirstPayVault tab is not clickable in time - 60seconds&#xD;&#xA;&#x9;at com.kms.katalon.core.util.KeywordUtil.markError(KeywordUtil.java:65)&#xD;&#xA;&#x9;at com.kms.katalon.core.util.KeywordUtil$markError$0.call(Unknown Source)&#xD;&#xA;&#x9;at utilities.SafeActions.safeClickWithoutScroll(SafeActions.groovy:146)&#xD;&#xA;&#x9;at utilities.SafeActions.invokeMethod(SafeActions.groovy)&#xD;&#xA;&#x9;at com.kms.katalon.core.main.CustomKeywordDelegatingMetaClass.invokeStaticMethod(CustomKeywordDelegatingMetaClass.java:50)&#xD;&#xA;&#x9;at TC_1st_Pay_Vault_011.run(TC_1st_Pay_Vault_011:34)&#xD;&#xA;&#x9;at com.kms.katalon.core.main.ScriptEngine.run(ScriptEngine.java:194)&#xD;&#xA;&#x9;at com.kms.katalon.core.main.ScriptEngine.runScriptAsRawText(ScriptEngine.java:119)&#xD;&#xA;&#x9;at com.kms.katalon.core.main.TestCaseExecutor.runScript(TestCaseExecutor.java:337)&#xD;&#xA;&#x9;at com.kms.katalon.core.main.TestCaseExecutor.doExecute(TestCaseExecutor.java:328)&#xD;&#xA;&#x9;at com.kms.katalon.core.main.TestCaseExecutor.processExecutionPhase(TestCaseExecutor.java:307)&#xD;&#xA;&#x9;at com.kms.katalon.core.main.TestCaseExecutor.accessMainPhase(TestCaseExecutor.java:299)&#xD;&#xA;&#x9;at com.kms.katalon.core.main.TestCaseExecutor.execute(TestCaseExecutor.java:233)&#xD;&#xA;&#x9;at com.kms.katalon.core.main.TestSuiteExecutor.accessTestCaseMainPhase(TestSuiteExecutor.java:169)&#xD;&#xA;&#x9;at com.kms.katalon.core.main.TestSuiteExecutor.accessTestSuiteMainPhase(TestSuiteExecutor.java:142)&#xD;&#xA;&#x9;at com.kms.katalon.core.main.TestSuiteExecutor.execute(TestSuiteExecutor.java:91)&#xD;&#xA;&#x9;at com.kms.katalon.core.main.TestCaseMain.startTestSuite(TestCaseMain.java:157)&#xD;&#xA;&#x9;at com.kms.katalon.core.main.TestCaseMain$startTestSuite$0.call(Unknown Source)&#xD;&#xA;&#x9;at TempTestSuite1572343764272.run(TempTestSuite1572343764272.groovy:35)&#xD;&#xA;"/>
            <system-out>2019-10-29 05:27:38 - [TEST_CASE][ERROR] - Test Cases/FirstView/FirstPayVault/TC_1st_Pay_Vault_011: Test Cases/FirstView/FirstPayVault/TC_1st_Pay_Vault_011 FAILED.
Reason:
com.kms.katalon.core.exception.StepErrorException: 1stPayVault.ts:Click on FirstPayVault tab is not clickable in time - 60seconds&#xD;
	at com.kms.katalon.core.util.KeywordUtil.markError(KeywordUtil.java:65)&#xD;
	at com.kms.katalon.core.util.KeywordUtil$markError$0.call(Unknown Source)&#xD;
	at utilities.SafeActions.safeClickWithoutScroll(SafeActions.groovy:146)&#xD;
	at utilities.SafeActions.invokeMethod(SafeActions.groovy)&#xD;
	at com.kms.katalon.core.main.CustomKeywordDelegatingMetaClass.invokeStaticMethod(CustomKeywordDelegatingMetaClass.java:50)&#xD;
	at TC_1st_Pay_Vault_011.run(TC_1st_Pay_Vault_011:34)&#xD;
	at com.kms.katalon.core.main.ScriptEngine.run(ScriptEngine.java:194)&#xD;
	at com.kms.katalon.core.main.ScriptEngine.runScriptAsRawText(ScriptEngine.java:119)&#xD;
	at com.kms.katalon.core.main.TestCaseExecutor.runScript(TestCaseExecutor.java:337)&#xD;
	at com.kms.katalon.core.main.TestCaseExecutor.doExecute(TestCaseExecutor.java:328)&#xD;
	at com.kms.katalon.core.main.TestCaseExecutor.processExecutionPhase(TestCaseExecutor.java:307)&#xD;
	at com.kms.katalon.core.main.TestCaseExecutor.accessMainPhase(TestCaseExecutor.java:299)&#xD;
	at com.kms.katalon.core.main.TestCaseExecutor.execute(TestCaseExecutor.java:233)&#xD;
	at com.kms.katalon.core.main.TestSuiteExecutor.accessTestCaseMainPhase(TestSuiteExecutor.java:169)&#xD;
	at com.kms.katalon.core.main.TestSuiteExecutor.accessTestSuiteMainPhase(TestSuiteExecutor.java:142)&#xD;
	at com.kms.katalon.core.main.TestSuiteExecutor.execute(TestSuiteExecutor.java:91)&#xD;
	at com.kms.katalon.core.main.TestCaseMain.startTestSuite(TestCaseMain.java:157)&#xD;
	at com.kms.katalon.core.main.TestCaseMain$startTestSuite$0.call(Unknown Source)&#xD;
	at TempTestSuite1572343764272.run(TempTestSuite1572343764272.groovy:35)&#xD;
&#xD;
&#xD;
2019-10-29 05:27:38 - [TEST_STEP][PASSED] - Start listener action : sampleBeforeTestCase: null&#xD;
&#xD;
2019-10-29 05:27:38 - [TEST_STEP][PASSED] - println(testCaseContext.getTestCaseId()): null&#xD;
&#xD;
2019-10-29 05:27:38 - [TEST_STEP][PASSED] - println(testCaseContext.getTestCaseVariables()): null&#xD;
&#xD;
2019-10-29 05:27:38 - [TEST_STEP][NOT_RUN] - utilities.SafeActions.openBrowser(Old_URL, [PageLoadTime]): NOT_RUN: utilities.SafeActions.openBrowser(Old_URL, [PageLoadTime])&#xD;
&#xD;
2019-10-29 05:27:38 - [MESSAGE][NOT_RUN] - NOT_RUN: utilities.SafeActions.openBrowser(Old_URL, [PageLoadTime])&#xD;
&#xD;
2019-10-29 05:27:38 - [TEST_STEP][NOT_RUN] - delay(6): NOT_RUN: delay(6)&#xD;
&#xD;
2019-10-29 05:27:38 - [MESSAGE][NOT_RUN] - NOT_RUN: delay(6)&#xD;
&#xD;
2019-10-29 05:27:38 - [TEST_STEP][NOT_RUN] - utilities.SafeActions.safeSelectOptionInDropDownByVisibleText(findTestObject("Pages/Sale/dropDown_AccountType"), "ranjanatest2 - 888814981372/001 Account Type: Retail", "Select by Value", [25]): NOT_RUN: utilities.SafeActions.safeSelectOptionInDropDownByVisibleText(findTestObject("Pages/Sale/dropDown_AccountType"), "ranjanatest2 - 888814981372/001 Account Type: Retail", "Select by Value", [25])&#xD;
&#xD;
2019-10-29 05:27:38 - [MESSAGE][NOT_RUN] - NOT_RUN: utilities.SafeActions.safeSelectOptionInDropDownByVisibleText(findTestObject("Pages/Sale/dropDown_AccountType"), "ranjanatest2 - 888814981372/001 Account Type: Retail", "Select by Value", [25])&#xD;
&#xD;
2019-10-29 05:27:38 - [TEST_STEP][PASSED] - utilities.SafeActions.openBrowser(URL, [PageLoadTime]): utilities.SafeActions.openBrowser is PASSED&#xD;
&#xD;
2019-10-29 05:27:38 - [MESSAGE][INFO] - Opening Browser&#xD;
&#xD;
2019-10-29 05:27:38 - [MESSAGE][WARNING] - A browser is already opened. Closing browser and opening a new one&#xD;
&#xD;
2019-10-29 05:27:40 - [MESSAGE][INFO] - Starting 'Firefox' driver&#xD;
&#xD;
2019-10-29 05:27:47 - [MESSAGE][PASSED] - Browser is opened with url: 'https://q-www-firstview-net.faps.net/MVC/Account/Login'&#xD;
&#xD;
2019-10-29 05:27:47 - [MESSAGE][PASSED] - Current window maximized&#xD;
&#xD;
2019-10-29 05:27:47 - [MESSAGE][INFO] - Browser Launched Successfully&#xD;
&#xD;
2019-10-29 05:27:47 - [MESSAGE][PASSED] - utilities.SafeActions.openBrowser is PASSED&#xD;
&#xD;
2019-10-29 05:27:47 - [TEST_STEP][PASSED] - pages.Login.login(uName, password): pages.Login.login is PASSED&#xD;
&#xD;
2019-10-29 05:27:47 - [MESSAGE][PASSED] - Object 'Object Repository/Pages/Login/userName' is present&#xD;
&#xD;
2019-10-29 05:27:47 - [MESSAGE][PASSED] - Scroll to object 'Object Repository/Pages/Login/userName' successfully&#xD;
&#xD;
2019-10-29 05:27:47 - [MESSAGE][PASSED] - Object 'Object Repository/Pages/Login/userName' is present&#xD;
&#xD;
2019-10-29 05:27:48 - [MESSAGE][PASSED] - Object: 'Object Repository/Pages/Login/userName' is clicked on&#xD;
&#xD;
2019-10-29 05:27:48 - [MESSAGE][PASSED] - Text 'ZenQRetail' is set on object 'Object Repository/Pages/Login/userName'&#xD;
&#xD;
2019-10-29 05:27:48 - [MESSAGE][PASSED] - Object 'Object Repository/Pages/Login/password' is present&#xD;
&#xD;
2019-10-29 05:27:48 - [MESSAGE][PASSED] - Scroll to object 'Object Repository/Pages/Login/password' successfully&#xD;
&#xD;
2019-10-29 05:27:48 - [MESSAGE][PASSED] - Object 'Object Repository/Pages/Login/password' is present&#xD;
&#xD;
2019-10-29 05:27:49 - [MESSAGE][PASSED] - Object: 'Object Repository/Pages/Login/password' is clicked on&#xD;
&#xD;
2019-10-29 05:27:49 - [MESSAGE][PASSED] - Text 'P@ssword1' is set on object 'Object Repository/Pages/Login/password'&#xD;
&#xD;
2019-10-29 05:27:49 - [MESSAGE][INFO] - Safe Click Without scroll&#xD;
&#xD;
2019-10-29 05:27:49 - [MESSAGE][INFO] - 1stPayVault.ts:waiting until Click on Login is Clickable&#xD;
&#xD;
2019-10-29 05:27:49 - [MESSAGE][PASSED] - Object 'Object Repository/Pages/Login/login' is clickable&#xD;
&#xD;
2019-10-29 05:27:49 - [MESSAGE][PASSED] - Object 'Object Repository/Pages/Login/login' is visible&#xD;
&#xD;
2019-10-29 05:27:52 - [MESSAGE][PASSED] - Object: 'Object Repository/Pages/Login/login' is clicked on&#xD;
&#xD;
2019-10-29 05:27:52 - [MESSAGE][INFO] - 1stPayVault.ts: click on the Click on Login&#xD;
&#xD;
2019-10-29 05:27:52 - [MESSAGE][PASSED] - pages.Login.login is PASSED&#xD;
&#xD;
2019-10-29 05:27:52 - [TEST_STEP][PASSED] - callTestCase(findTestCase("FirstView/Login/TC_SendCode"), [:], STOP_ON_FAILURE): Call Test Case 'Test Cases/FirstView/Login/TC_SendCode' successfully&#xD;
&#xD;
2019-10-29 05:27:52 - [TEST_CASE][PASSED] - Test Cases/FirstView/Login/TC_SendCode: Test Cases/FirstView/Login/TC_SendCode&#xD;
&#xD;
2019-10-29 05:27:52 - [TEST_STEP][PASSED] - flag = pages.SendCode.verifyPage(): pages.SendCode.verifyPage is PASSED&#xD;
&#xD;
2019-10-29 05:27:52 - [MESSAGE][PASSED] - Object 'Object Repository/Pages/SendCodeToValidate/header_SendCodeToValidate' is present and visible in viewport&#xD;
&#xD;
2019-10-29 05:27:52 - [MESSAGE][PASSED] - pages.SendCode.verifyPage is PASSED&#xD;
&#xD;
2019-10-29 05:27:52 - [TEST_STEP][PASSED] - if (flag): pages.SendCode.clickonUserSettings is PASSED&#xD;
&#xD;
2019-10-29 05:27:52 - [TEST_STEP][PASSED] - pages.SendCode.clickonUserSettings(): pages.SendCode.clickonUserSettings is PASSED&#xD;
&#xD;
2019-10-29 05:27:52 - [MESSAGE][PASSED] - Object 'Object Repository/Pages/SendCodeToValidate/link_UserSettings' is present&#xD;
&#xD;
2019-10-29 05:27:52 - [MESSAGE][PASSED] - Object 'Object Repository/Pages/SendCodeToValidate/link_UserSettings' is visible&#xD;
&#xD;
2019-10-29 05:27:52 - [MESSAGE][INFO] - 1stPayVault.ts:waiting until Click on User Settings is Clickable&#xD;
&#xD;
2019-10-29 05:27:52 - [MESSAGE][PASSED] - Object 'Object Repository/Pages/SendCodeToValidate/link_UserSettings' is clickable&#xD;
&#xD;
2019-10-29 05:27:52 - [MESSAGE][PASSED] - Object 'Object Repository/Pages/SendCodeToValidate/link_UserSettings' is visible&#xD;
&#xD;
2019-10-29 05:27:54 - [MESSAGE][PASSED] - Object: 'Object Repository/Pages/SendCodeToValidate/link_UserSettings' is clicked on&#xD;
&#xD;
2019-10-29 05:27:54 - [MESSAGE][INFO] - 1stPayVault.ts: Clicked on the Click on User Settings&#xD;
&#xD;
2019-10-29 05:27:54 - [MESSAGE][PASSED] - pages.SendCode.clickonUserSettings is PASSED&#xD;
&#xD;
2019-10-29 05:27:54 - [MESSAGE][PASSED] - Call Test Case 'Test Cases/FirstView/Login/TC_SendCode' successfully&#xD;
&#xD;
2019-10-29 05:27:54 - [TEST_STEP][PASSED] - callTestCase(findTestCase("FirstView/Login/TC_FirstView"), [:], STOP_ON_FAILURE): Call Test Case 'Test Cases/FirstView/Login/TC_FirstView' successfully&#xD;
&#xD;
2019-10-29 05:27:54 - [TEST_CASE][PASSED] - Test Cases/FirstView/Login/TC_FirstView: Test Cases/FirstView/Login/TC_FirstView&#xD;
&#xD;
2019-10-29 05:27:54 - [TEST_STEP][NOT_RUN] - utilities.SafeActions.safeClickWithoutScroll(findTestObject("Pages/FirstView/link_Home"), "Click on Home button in First View screen", [PageLoadTime]): NOT_RUN: utilities.SafeActions.safeClickWithoutScroll(findTestObject("Pages/FirstView/link_Home"), "Click on Home button in First View screen", [PageLoadTime])&#xD;
&#xD;
2019-10-29 05:27:54 - [MESSAGE][NOT_RUN] - NOT_RUN: utilities.SafeActions.safeClickWithoutScroll(findTestObject("Pages/FirstView/link_Home"), "Click on Home button in First View screen", [PageLoadTime])&#xD;
&#xD;
2019-10-29 05:27:54 - [TEST_STEP][PASSED] - utilities.SafeActions.javascriptclick(findTestObject("Pages/FirstView/link_Home"), delayForElement): utilities.SafeActions.javascriptclick is PASSED&#xD;
&#xD;
2019-10-29 05:27:55 - [MESSAGE][PASSED] - utilities.SafeActions.javascriptclick is PASSED&#xD;
&#xD;
2019-10-29 05:27:55 - [TEST_STEP][PASSED] - utilities.SafeActions.safeClickWithoutScroll(findTestObject("Pages/FirstView/link_VPOS"), "Click on VPOS button in First View screen", [PageLoadTime]): utilities.SafeActions.safeClickWithoutScroll is PASSED&#xD;
&#xD;
2019-10-29 05:27:55 - [MESSAGE][INFO] - Safe Click Without scroll&#xD;
&#xD;
2019-10-29 05:27:55 - [MESSAGE][INFO] - 1stPayVault.ts:waiting until Click on VPOS button in First View screen is Clickable&#xD;
&#xD;
2019-10-29 05:27:56 - [MESSAGE][PASSED] - Object 'Object Repository/Pages/FirstView/link_VPOS' is clickable&#xD;
&#xD;
2019-10-29 05:27:56 - [MESSAGE][PASSED] - Object 'Object Repository/Pages/FirstView/link_VPOS' is visible&#xD;
&#xD;
2019-10-29 05:27:57 - [MESSAGE][PASSED] - Object: 'Object Repository/Pages/FirstView/link_VPOS' is clicked on&#xD;
&#xD;
2019-10-29 05:27:57 - [MESSAGE][INFO] - 1stPayVault.ts: click on the Click on VPOS button in First View screen&#xD;
&#xD;
2019-10-29 05:27:57 - [MESSAGE][PASSED] - utilities.SafeActions.safeClickWithoutScroll is PASSED&#xD;
&#xD;
2019-10-29 05:27:57 - [MESSAGE][PASSED] - Call Test Case 'Test Cases/FirstView/Login/TC_FirstView' successfully&#xD;
&#xD;
2019-10-29 05:27:57 - [TEST_STEP][PASSED] - switchToWindowTitle("Transcenter - VPOS"): Switched to window with title: 'Transcenter - VPOS'&#xD;
&#xD;
2019-10-29 05:28:01 - [MESSAGE][PASSED] - Switched to window with title: 'Transcenter - VPOS'&#xD;
&#xD;
2019-10-29 05:28:01 - [TEST_STEP][ERROR] - utilities.SafeActions.safeClickWithoutScroll(findTestObject("Pages/FirstPayVault/tab_FirstPayVault"), "Click on FirstPayVault tab", [PageLoadTime]): com.kms.katalon.core.exception.StepErrorException: 1stPayVault.ts:Click on FirstPayVault tab is not clickable in time - 60seconds&#xD;
&#xD;
2019-10-29 05:28:01 - [MESSAGE][INFO] - Safe Click Without scroll&#xD;
&#xD;
2019-10-29 05:28:01 - [MESSAGE][INFO] - 1stPayVault.ts:waiting until Click on FirstPayVault tab is Clickable&#xD;
&#xD;
2019-10-29 05:28:04 - [MESSAGE][PASSED] - Object 'Object Repository/Pages/FirstPayVault/tab_FirstPayVault' is clickable&#xD;
&#xD;
2019-10-29 05:28:04 - [MESSAGE][PASSED] - Object 'Object Repository/Pages/FirstPayVault/tab_FirstPayVault' is visible&#xD;
&#xD;
2019-10-29 05:28:05 - [MESSAGE][FAILED] - Unable to click on object 'Object Repository/Pages/FirstPayVault/tab_FirstPayVault' (Root cause: com.kms.katalon.core.exception.StepFailedException: Unable to click on object 'Object Repository/Pages/FirstPayVault/tab_FirstPayVault'&#xD;
	at com.kms.katalon.core.webui.keyword.internal.WebUIKeywordMain.stepFailed(WebUIKeywordMain.groovy:64)&#xD;
	at com.kms.katalon.core.webui.keyword.internal.WebUIKeywordMain.runKeyword(WebUIKeywordMain.groovy:26)&#xD;
	at com.kms.katalon.core.webui.keyword.builtin.ClickKeyword.click(ClickKeyword.groovy:86)&#xD;
	at com.kms.katalon.core.webui.keyword.builtin.ClickKeyword.execute(ClickKeyword.groovy:67)&#xD;
	at com.kms.katalon.core.keyword.internal.KeywordExecutor.executeKeywordForPlatform(KeywordExecutor.groovy:56)&#xD;
	at com.kms.katalon.core.webui.keyword.WebUiBuiltInKeywords.click(WebUiBuiltInKeywords.groovy:616)&#xD;
	at com.kms.katalon.core.webui.keyword.WebUiBuiltInKeywords$click$4.call(Unknown Source)&#xD;
	at utilities.SafeActions.safeClickWithoutScroll(SafeActions.groovy:138)&#xD;
	at utilities.SafeActions.invokeMethod(SafeActions.groovy)&#xD;
	at com.kms.katalon.core.main.CustomKeywordDelegatingMetaClass.invokeStaticMethod(CustomKeywordDelegatingMetaClass.java:50)&#xD;
	at TC_1st_Pay_Vault_011.run(TC_1st_Pay_Vault_011:34)&#xD;
	at com.kms.katalon.core.main.ScriptEngine.run(ScriptEngine.java:194)&#xD;
	at com.kms.katalon.core.main.ScriptEngine.runScriptAsRawText(ScriptEngine.java:119)&#xD;
	at com.kms.katalon.core.main.TestCaseExecutor.runScript(TestCaseExecutor.java:337)&#xD;
	at com.kms.katalon.core.main.TestCaseExecutor.doExecute(TestCaseExecutor.java:328)&#xD;
	at com.kms.katalon.core.main.TestCaseExecutor.processExecutionPhase(TestCaseExecutor.java:307)&#xD;
	at com.kms.katalon.core.main.TestCaseExecutor.accessMainPhase(TestCaseExecutor.java:299)&#xD;
	at com.kms.katalon.core.main.TestCaseExecutor.execute(TestCaseExecutor.java:233)&#xD;
	at com.kms.katalon.core.main.TestSuiteExecutor.accessTestCaseMainPhase(TestSuiteExecutor.java:169)&#xD;
	at com.kms.katalon.core.main.TestSuiteExecutor.accessTestSuiteMainPhase(TestSuiteExecutor.java:142)&#xD;
	at com.kms.katalon.core.main.TestSuiteExecutor.execute(TestSuiteExecutor.java:91)&#xD;
	at com.kms.katalon.core.main.TestCaseMain.startTestSuite(TestCaseMain.java:157)&#xD;
	at com.kms.katalon.core.main.TestCaseMain$startTestSuite$0.call(Unknown Source)&#xD;
	at TempTestSuite1572343764272.run(TempTestSuite1572343764272.groovy:35)&#xD;
Caused by: org.openqa.selenium.ElementClickInterceptedException: Element &lt;span class="title title_center"&gt; is not clickable at point (296,163) because another element &lt;div id="transcenter-modal-progress" class="modal fade show"&gt; obscures it
Build info: version: '3.141.59', revision: 'e82be7d358', time: '2018-11-14T08:25:53'
System info: host: 'FW1-D-DTA-ZENQ1', ip: '172.25.52.168', os.name: 'Windows 10', os.arch: 'amd64', os.version: '10.0', java.version: '1.8.0_181'
Driver info: com.kms.katalon.core.webui.driver.firefox.CGeckoDriver
Capabilities {acceptInsecureCerts: true, browserName: firefox, browserVersion: 68.0.2, javascriptEnabled: true, moz:accessibilityChecks: false, moz:buildID: 20190813150448, moz:geckodriverVersion: 0.23.0, moz:headless: false, moz:processID: 268196, moz:profile: C:\Users\venkata.annam\AppD..., moz:shutdownTimeout: 60000, moz:useNonSpecCompliantPointerOrigin: false, moz:webdriverClick: true, pageLoadStrategy: normal, platform: WINDOWS, platformName: WINDOWS, platformVersion: 10.0, proxy: Proxy(direct), rotatable: false, setWindowRect: true, strictFileInteractability: false, timeouts: {implicit: 0, pageLoad: 300000, script: 30000}, unhandledPromptBehavior: dismiss and notify}
Session ID: 1af9bd51-acd8-4755-a84c-24e417a6cfb4&#xD;
	at org.openqa.selenium.remote.http.W3CHttpResponseCodec.createException(W3CHttpResponseCodec.java:187)&#xD;
	at org.openqa.selenium.remote.http.W3CHttpResponseCodec.decode(W3CHttpResponseCodec.java:122)&#xD;
	at org.openqa.selenium.remote.http.W3CHttpResponseCodec.decode(W3CHttpResponseCodec.java:49)&#xD;
	at org.openqa.selenium.remote.HttpCommandExecutor.execute(HttpCommandExecutor.java:158)&#xD;
	at org.openqa.selenium.remote.service.DriverCommandExecutor.execute(DriverCommandExecutor.java:83)&#xD;
	at org.openqa.selenium.remote.RemoteWebDriver.execute(RemoteWebDriver.java:552)&#xD;
	at com.kms.katalon.selenium.driver.CFirefoxDriver.execute(CFirefoxDriver.java:28)&#xD;
	at org.openqa.selenium.remote.RemoteWebElement.execute(RemoteWebElement.java:285)&#xD;
	at org.openqa.selenium.remote.RemoteWebElement.click(RemoteWebElement.java:84)&#xD;
	at com.kms.katalon.core.webui.keyword.builtin.ClickKeyword$_click_closure1.doCall(ClickKeyword.groovy:79)&#xD;
	at com.kms.katalon.core.webui.keyword.builtin.ClickKeyword$_click_closure1.call(ClickKeyword.groovy)&#xD;
	at com.kms.katalon.core.webui.keyword.internal.WebUIKeywordMain.runKeyword(WebUIKeywordMain.groovy:20)&#xD;
	at com.kms.katalon.core.webui.keyword.builtin.ClickKeyword.click(ClickKeyword.groovy:86)&#xD;
	at com.kms.katalon.core.webui.keyword.builtin.ClickKeyword.execute(ClickKeyword.groovy:67)&#xD;
	at com.kms.katalon.core.keyword.internal.KeywordExecutor.executeKeywordForPlatform(KeywordExecutor.groovy:56)&#xD;
	at com.kms.katalon.core.webui.keyword.WebUiBuiltInKeywords.click(WebUiBuiltInKeywords.groovy:616)&#xD;
	at com.kms.katalon.core.webui.keyword.WebUiBuiltInKeywords$click$4.call(Unknown Source)&#xD;
	at utilities.SafeActions.safeClickWithoutScroll(SafeActions.groovy:138)&#xD;
	at utilities.SafeActions.invokeMethod(SafeActions.groovy)&#xD;
	at com.kms.katalon.core.main.CustomKeywordDelegatingMetaClass.invokeStaticMethod(CustomKeywordDelegatingMetaClass.java:50)&#xD;
	at Script1568974597892.run(Script1568974597892.groovy:34)&#xD;
	... 13 more&#xD;
)&#xD;
[[ATTACHMENT|C:\\VPOS_Internal\\VPOS_Internal\\Reports\\20191029_050924\\FirstView\\1stPayVault\\20191029_050924\\1572344885445.png]]&#xD;
&#xD;
2019-10-29 05:28:05 - [MESSAGE][ERROR] - com.kms.katalon.core.exception.StepErrorException: 1stPayVault.ts:Click on FirstPayVault tab is not clickable in time - 60seconds&#xD;
&#xD;
2019-10-29 05:28:05 - [TEST_STEP][ERROR] - utilities.SafeActions.safeClickWithoutScroll(findTestObject("Pages/FirstPayVault/button_CreateVault"), "Click on CreateVault button", [PageLoadTime]): com.kms.katalon.core.exception.StepErrorException: 1stPayVault.ts:Click on CreateVault button is not Clickable&#xD;
&#xD;
2019-10-29 05:28:05 - [MESSAGE][INFO] - Safe Click Without scroll&#xD;
&#xD;
2019-10-29 05:28:05 - [MESSAGE][INFO] - 1stPayVault.ts:waiting until Click on CreateVault button is Clickable&#xD;
&#xD;
2019-10-29 05:28:05 - [MESSAGE][PASSED] - Object 'Object Repository/Pages/FirstPayVault/button_CreateVault' is clickable&#xD;
&#xD;
2019-10-29 05:28:05 - [MESSAGE][FAILED] - Object 'Object Repository/Pages/FirstPayVault/button_CreateVault' is NOT visible (Root cause: com.kms.katalon.core.exception.StepFailedException: Object 'Object Repository/Pages/FirstPayVault/button_CreateVault' is NOT visible&#xD;
	at com.kms.katalon.core.webui.keyword.internal.WebUIKeywordMain.stepFailed(WebUIKeywordMain.groovy:64)&#xD;
	at com.kms.katalon.core.webui.keyword.builtin.VerifyElementVisibleKeyword$_verifyElementVisible_closure1.doCall(VerifyElementVisibleKeyword.groovy:83)&#xD;
	at com.kms.katalon.core.webui.keyword.builtin.VerifyElementVisibleKeyword$_verifyElementVisible_closure1.call(VerifyElementVisibleKeyword.groovy)&#xD;
	at com.kms.katalon.core.webui.keyword.internal.WebUIKeywordMain.runKeyword(WebUIKeywordMain.groovy:20)&#xD;
	at com.kms.katalon.core.webui.keyword.builtin.VerifyElementVisibleKeyword.verifyElementVisible(VerifyElementVisibleKeyword.groovy:97)&#xD;
	at com.kms.katalon.core.webui.keyword.builtin.VerifyElementVisibleKeyword.execute(VerifyElementVisibleKeyword.groovy:67)&#xD;
	at com.kms.katalon.core.keyword.internal.KeywordExecutor.executeKeywordForPlatform(KeywordExecutor.groovy:56)&#xD;
	at com.kms.katalon.core.webui.keyword.WebUiBuiltInKeywords.verifyElementVisible(WebUiBuiltInKeywords.groovy:372)&#xD;
	at com.kms.katalon.core.webui.keyword.WebUiBuiltInKeywords$verifyElementVisible$7.call(Unknown Source)&#xD;
	at utilities.SafeActions.waitUntilClickable(SafeActions.groovy:173)&#xD;
	at utilities.SafeActions.safeClickWithoutScroll(SafeActions.groovy:136)&#xD;
	at utilities.SafeActions.invokeMethod(SafeActions.groovy)&#xD;
	at com.kms.katalon.core.main.CustomKeywordDelegatingMetaClass.invokeStaticMethod(CustomKeywordDelegatingMetaClass.java:50)&#xD;
	at TC_1st_Pay_Vault_011.run(TC_1st_Pay_Vault_011:37)&#xD;
	at com.kms.katalon.core.main.ScriptEngine.run(ScriptEngine.java:194)&#xD;
	at com.kms.katalon.core.main.ScriptEngine.runScriptAsRawText(ScriptEngine.java:119)&#xD;
	at com.kms.katalon.core.main.TestCaseExecutor.runScript(TestCaseExecutor.java:337)&#xD;
	at com.kms.katalon.core.main.TestCaseExecutor.doExecute(TestCaseExecutor.java:328)&#xD;
	at com.kms.katalon.core.main.TestCaseExecutor.processExecutionPhase(TestCaseExecutor.java:307)&#xD;
	at com.kms.katalon.core.main.TestCaseExecutor.accessMainPhase(TestCaseExecutor.java:299)&#xD;
	at com.kms.katalon.core.main.TestCaseExecutor.execute(TestCaseExecutor.java:233)&#xD;
	at com.kms.katalon.core.main.TestSuiteExecutor.accessTestCaseMainPhase(TestSuiteExecutor.java:169)&#xD;
	at com.kms.katalon.core.main.TestSuiteExecutor.accessTestSuiteMainPhase(TestSuiteExecutor.java:142)&#xD;
	at com.kms.katalon.core.main.TestSuiteExecutor.execute(TestSuiteExecutor.java:91)&#xD;
	at com.kms.katalon.core.main.TestCaseMain.startTestSuite(TestCaseMain.java:157)&#xD;
	at com.kms.katalon.core.main.TestCaseMain$startTestSuite$0.call(Unknown Source)&#xD;
	at TempTestSuite1572343764272.run(TempTestSuite1572343764272.groovy:35)&#xD;
)&#xD;
[[ATTACHMENT|C:\\VPOS_Internal\\VPOS_Internal\\Reports\\20191029_050924\\FirstView\\1stPayVault\\20191029_050924\\1572344885848.png]]&#xD;
&#xD;
2019-10-29 05:28:05 - [MESSAGE][FAILED] - Unable to verify object 'Object Repository/Pages/FirstPayVault/button_CreateVault' is visible (Root cause: com.kms.katalon.core.exception.StepFailedException: Unable to verify object 'Object Repository/Pages/FirstPayVault/button_CreateVault' is visible&#xD;
	at com.kms.katalon.core.webui.keyword.internal.WebUIKeywordMain.stepFailed(WebUIKeywordMain.groovy:64)&#xD;
	at com.kms.katalon.core.webui.keyword.internal.WebUIKeywordMain.runKeyword(WebUIKeywordMain.groovy:26)&#xD;
	at com.kms.katalon.core.webui.keyword.builtin.VerifyElementVisibleKeyword.verifyElementVisible(VerifyElementVisibleKeyword.groovy:97)&#xD;
	at com.kms.katalon.core.webui.keyword.builtin.VerifyElementVisibleKeyword.execute(VerifyElementVisibleKeyword.groovy:67)&#xD;
	at com.kms.katalon.core.keyword.internal.KeywordExecutor.executeKeywordForPlatform(KeywordExecutor.groovy:56)&#xD;
	at com.kms.katalon.core.webui.keyword.WebUiBuiltInKeywords.verifyElementVisible(WebUiBuiltInKeywords.groovy:372)&#xD;
	at com.kms.katalon.core.webui.keyword.WebUiBuiltInKeywords$verifyElementVisible$7.call(Unknown Source)&#xD;
	at utilities.SafeActions.waitUntilClickable(SafeActions.groovy:173)&#xD;
	at utilities.SafeActions.safeClickWithoutScroll(SafeActions.groovy:136)&#xD;
	at utilities.SafeActions.invokeMethod(SafeActions.groovy)&#xD;
	at com.kms.katalon.core.main.CustomKeywordDelegatingMetaClass.invokeStaticMethod(CustomKeywordDelegatingMetaClass.java:50)&#xD;
	at TC_1st_Pay_Vault_011.run(TC_1st_Pay_Vault_011:37)&#xD;
	at com.kms.katalon.core.main.ScriptEngine.run(ScriptEngine.java:194)&#xD;
	at com.kms.katalon.core.main.ScriptEngine.runScriptAsRawText(ScriptEngine.java:119)&#xD;
	at com.kms.katalon.core.main.TestCaseExecutor.runScript(TestCaseExecutor.java:337)&#xD;
	at com.kms.katalon.core.main.TestCaseExecutor.doExecute(TestCaseExecutor.java:328)&#xD;
	at com.kms.katalon.core.main.TestCaseExecutor.processExecutionPhase(TestCaseExecutor.java:307)&#xD;
	at com.kms.katalon.core.main.TestCaseExecutor.accessMainPhase(TestCaseExecutor.java:299)&#xD;
	at com.kms.katalon.core.main.TestCaseExecutor.execute(TestCaseExecutor.java:233)&#xD;
	at com.kms.katalon.core.main.TestSuiteExecutor.accessTestCaseMainPhase(TestSuiteExecutor.java:169)&#xD;
	at com.kms.katalon.core.main.TestSuiteExecutor.accessTestSuiteMainPhase(TestSuiteExecutor.java:142)&#xD;
	at com.kms.katalon.core.main.TestSuiteExecutor.execute(TestSuiteExecutor.java:91)&#xD;
	at com.kms.katalon.core.main.TestCaseMain.startTestSuite(TestCaseMain.java:157)&#xD;
	at com.kms.katalon.core.main.TestCaseMain$startTestSuite$0.call(Unknown Source)&#xD;
	at TempTestSuite1572343764272.run(TempTestSuite1572343764272.groovy:35)&#xD;
Caused by: com.kms.katalon.core.exception.StepFailedException: Object 'Object Repository/Pages/FirstPayVault/button_CreateVault' is NOT visible&#xD;
	at com.kms.katalon.core.webui.keyword.internal.WebUIKeywordMain.stepFailed(WebUIKeywordMain.groovy:64)&#xD;
	at com.kms.katalon.core.webui.keyword.builtin.VerifyElementVisibleKeyword$_verifyElementVisible_closure1.doCall(VerifyElementVisibleKeyword.groovy:83)&#xD;
	at com.kms.katalon.core.webui.keyword.builtin.VerifyElementVisibleKeyword$_verifyElementVisible_closure1.call(VerifyElementVisibleKeyword.groovy)&#xD;
	at com.kms.katalon.core.webui.keyword.internal.WebUIKeywordMain.runKeyword(WebUIKeywordMain.groovy:20)&#xD;
	... 23 more&#xD;
)&#xD;
[[ATTACHMENT|C:\\VPOS_Internal\\VPOS_Internal\\Reports\\20191029_050924\\FirstView\\1stPayVault\\20191029_050924\\1572344885918.png]]&#xD;
&#xD;
2019-10-29 05:28:05 - [MESSAGE][FAILED] - 1stPayVault.ts:Click on CreateVault button is not clickable in time - 60seconds&#xD;
&#xD;
2019-10-29 05:28:05 - [MESSAGE][ERROR] - com.kms.katalon.core.exception.StepErrorException: 1stPayVault.ts:Click on CreateVault button is not Clickable&#xD;
&#xD;
2019-10-29 05:28:06 - [TEST_STEP][FAILED] - scrollToElement(findTestObject("Pages/FirstPayVault/input_VaultReferenceNumber"), 5): Unable to scroll to object 'Object Repository/Pages/FirstPayVault/input_VaultReferenceNumber' (Root cause: com.kms.katalon.core.exception.StepFailedException: Unable to scroll to object 'Object Repository/Pages/FirstPayVault/input_VaultReferenceNumber'&#xD;
	at com.kms.katalon.core.webui.keyword.internal.WebUIKeywordMain.stepFailed(WebUIKeywordMain.groovy:64)&#xD;
	at com.kms.katalon.core.webui.keyword.internal.WebUIKeywordMain.runKeyword(WebUIKeywordMain.groovy:26)&#xD;
	at com.kms.katalon.core.webui.keyword.builtin.ScrollToElementKeyword.scrollToElement(ScrollToElementKeyword.groovy:88)&#xD;
	at com.kms.katalon.core.webui.keyword.builtin.ScrollToElementKeyword.execute(ScrollToElementKeyword.groovy:68)&#xD;
	at com.kms.katalon.core.keyword.internal.KeywordExecutor.executeKeywordForPlatform(KeywordExecutor.groovy:56)&#xD;
	at com.kms.katalon.core.webui.keyword.WebUiBuiltInKeywords.scrollToElement(WebUiBuiltInKeywords.groovy:2975)&#xD;
	at com.kms.katalon.core.webui.keyword.WebUiBuiltInKeywords$scrollToElement$2.call(Unknown Source)&#xD;
	at TC_1st_Pay_Vault_011.run(TC_1st_Pay_Vault_011:39)&#xD;
	at com.kms.katalon.core.main.ScriptEngine.run(ScriptEngine.java:194)&#xD;
	at com.kms.katalon.core.main.ScriptEngine.runScriptAsRawText(ScriptEngine.java:119)&#xD;
	at com.kms.katalon.core.main.TestCaseExecutor.runScript(TestCaseExecutor.java:337)&#xD;
	at com.kms.katalon.core.main.TestCaseExecutor.doExecute(TestCaseExecutor.java:328)&#xD;
	at com.kms.katalon.core.main.TestCaseExecutor.processExecutionPhase(TestCaseExecutor.java:307)&#xD;
	at com.kms.katalon.core.main.TestCaseExecutor.accessMainPhase(TestCaseExecutor.java:299)&#xD;
	at com.kms.katalon.core.main.TestCaseExecutor.execute(TestCaseExecutor.java:233)&#xD;
	at com.kms.katalon.core.main.TestSuiteExecutor.accessTestCaseMainPhase(TestSuiteExecutor.java:169)&#xD;
	at com.kms.katalon.core.main.TestSuiteExecutor.accessTestSuiteMainPhase(TestSuiteExecutor.java:142)&#xD;
	at com.kms.katalon.core.main.TestSuiteExecutor.execute(TestSuiteExecutor.java:91)&#xD;
	at com.kms.katalon.core.main.TestCaseMain.startTestSuite(TestCaseMain.java:157)&#xD;
	at com.kms.katalon.core.main.TestCaseMain$startTestSuite$0.call(Unknown Source)&#xD;
	at TempTestSuite1572343764272.run(TempTestSuite1572343764272.groovy:35)&#xD;
Caused by: com.kms.katalon.core.webui.exception.WebElementNotFoundException: Web element with id: 'Object Repository/Pages/FirstPayVault/input_VaultReferenceNumber' located by 'By.xpath: //label[text()='1stPayVault Reference Number']/parent::div/following-sibling::div//input[@id='text-refund-info-amount']' not found&#xD;
	at com.kms.katalon.core.webui.common.WebUiCommonHelper.findWebElement(WebUiCommonHelper.java:1097)&#xD;
	at com.kms.katalon.core.webui.keyword.internal.WebUIAbstractKeyword.findWebElement(WebUIAbstractKeyword.groovy:27)&#xD;
	at com.kms.katalon.core.webui.keyword.internal.WebUIAbstractKeyword.findWebElement(WebUIAbstractKeyword.groovy:26)&#xD;
	at com.kms.katalon.core.webui.keyword.builtin.ScrollToElementKeyword$_scrollToElement_closure1.doCall(ScrollToElementKeyword.groovy:79)&#xD;
	at com.kms.katalon.core.webui.keyword.builtin.ScrollToElementKeyword$_scrollToElement_closure1.call(ScrollToElementKeyword.groovy)&#xD;
	at com.kms.katalon.core.webui.keyword.internal.WebUIKeywordMain.runKeyword(WebUIKeywordMain.groovy:20)&#xD;
	at com.kms.katalon.core.webui.keyword.builtin.ScrollToElementKeyword.scrollToElement(ScrollToElementKeyword.groovy:88)&#xD;
	at com.kms.katalon.core.webui.keyword.builtin.ScrollToElementKeyword.execute(ScrollToElementKeyword.groovy:68)&#xD;
	at com.kms.katalon.core.keyword.internal.KeywordExecutor.executeKeywordForPlatform(KeywordExecutor.groovy:56)&#xD;
	at com.kms.katalon.core.webui.keyword.WebUiBuiltInKeywords.scrollToElement(WebUiBuiltInKeywords.groovy:2975)&#xD;
	at com.kms.katalon.core.webui.keyword.WebUiBuiltInKeywords$scrollToElement$2.call(Unknown Source)&#xD;
	at Script1568974597892.run(Script1568974597892.groovy:39)&#xD;
	... 13 more&#xD;
)&#xD;
&#xD;
2019-10-29 05:28:36 - [MESSAGE][INFO] - Unable to find the element located by 'By.xpath: //label[text()='1stPayVault Reference Number']/parent::div/following-sibling::div//input[@id='text-refund-info-amount']'. Please recheck the objects properties to make sure the desired element is located. &#xD;
&#xD;
2019-10-29 05:28:36 - [MESSAGE][FAILED] - Unable to scroll to object 'Object Repository/Pages/FirstPayVault/input_VaultReferenceNumber' (Root cause: com.kms.katalon.core.exception.StepFailedException: Unable to scroll to object 'Object Repository/Pages/FirstPayVault/input_VaultReferenceNumber'&#xD;
	at com.kms.katalon.core.webui.keyword.internal.WebUIKeywordMain.stepFailed(WebUIKeywordMain.groovy:64)&#xD;
	at com.kms.katalon.core.webui.keyword.internal.WebUIKeywordMain.runKeyword(WebUIKeywordMain.groovy:26)&#xD;
	at com.kms.katalon.core.webui.keyword.builtin.ScrollToElementKeyword.scrollToElement(ScrollToElementKeyword.groovy:88)&#xD;
	at com.kms.katalon.core.webui.keyword.builtin.ScrollToElementKeyword.execute(ScrollToElementKeyword.groovy:68)&#xD;
	at com.kms.katalon.core.keyword.internal.KeywordExecutor.executeKeywordForPlatform(KeywordExecutor.groovy:56)&#xD;
	at com.kms.katalon.core.webui.keyword.WebUiBuiltInKeywords.scrollToElement(WebUiBuiltInKeywords.groovy:2975)&#xD;
	at com.kms.katalon.core.webui.keyword.WebUiBuiltInKeywords$scrollToElement$2.call(Unknown Source)&#xD;
	at TC_1st_Pay_Vault_011.run(TC_1st_Pay_Vault_011:39)&#xD;
	at com.kms.katalon.core.main.ScriptEngine.run(ScriptEngine.java:194)&#xD;
	at com.kms.katalon.core.main.ScriptEngine.runScriptAsRawText(ScriptEngine.java:119)&#xD;
	at com.kms.katalon.core.main.TestCaseExecutor.runScript(TestCaseExecutor.java:337)&#xD;
	at com.kms.katalon.core.main.TestCaseExecutor.doExecute(TestCaseExecutor.java:328)&#xD;
	at com.kms.katalon.core.main.TestCaseExecutor.processExecutionPhase(TestCaseExecutor.java:307)&#xD;
	at com.kms.katalon.core.main.TestCaseExecutor.accessMainPhase(TestCaseExecutor.java:299)&#xD;
	at com.kms.katalon.core.main.TestCaseExecutor.execute(TestCaseExecutor.java:233)&#xD;
	at com.kms.katalon.core.main.TestSuiteExecutor.accessTestCaseMainPhase(TestSuiteExecutor.java:169)&#xD;
	at com.kms.katalon.core.main.TestSuiteExecutor.accessTestSuiteMainPhase(TestSuiteExecutor.java:142)&#xD;
	at com.kms.katalon.core.main.TestSuiteExecutor.execute(TestSuiteExecutor.java:91)&#xD;
	at com.kms.katalon.core.main.TestCaseMain.startTestSuite(TestCaseMain.java:157)&#xD;
	at com.kms.katalon.core.main.TestCaseMain$startTestSuite$0.call(Unknown Source)&#xD;
	at TempTestSuite1572343764272.run(TempTestSuite1572343764272.groovy:35)&#xD;
Caused by: com.kms.katalon.core.webui.exception.WebElementNotFoundException: Web element with id: 'Object Repository/Pages/FirstPayVault/input_VaultReferenceNumber' located by 'By.xpath: //label[text()='1stPayVault Reference Number']/parent::div/following-sibling::div//input[@id='text-refund-info-amount']' not found&#xD;
	at com.kms.katalon.core.webui.common.WebUiCommonHelper.findWebElement(WebUiCommonHelper.java:1097)&#xD;
	at com.kms.katalon.core.webui.keyword.internal.WebUIAbstractKeyword.findWebElement(WebUIAbstractKeyword.groovy:27)&#xD;
	at com.kms.katalon.core.webui.keyword.internal.WebUIAbstractKeyword.findWebElement(WebUIAbstractKeyword.groovy:26)&#xD;
	at com.kms.katalon.core.webui.keyword.builtin.ScrollToElementKeyword$_scrollToElement_closure1.doCall(ScrollToElementKeyword.groovy:79)&#xD;
	at com.kms.katalon.core.webui.keyword.builtin.ScrollToElementKeyword$_scrollToElement_closure1.call(ScrollToElementKeyword.groovy)&#xD;
	at com.kms.katalon.core.webui.keyword.internal.WebUIKeywordMain.runKeyword(WebUIKeywordMain.groovy:20)&#xD;
	at com.kms.katalon.core.webui.keyword.builtin.ScrollToElementKeyword.scrollToElement(ScrollToElementKeyword.groovy:88)&#xD;
	at com.kms.katalon.core.webui.keyword.builtin.ScrollToElementKeyword.execute(ScrollToElementKeyword.groovy:68)&#xD;
	at com.kms.katalon.core.keyword.internal.KeywordExecutor.executeKeywordForPlatform(KeywordExecutor.groovy:56)&#xD;
	at com.kms.katalon.core.webui.keyword.WebUiBuiltInKeywords.scrollToElement(WebUiBuiltInKeywords.groovy:2975)&#xD;
	at com.kms.katalon.core.webui.keyword.WebUiBuiltInKeywords$scrollToElement$2.call(Unknown Source)&#xD;
	at Script1568974597892.run(Script1568974597892.groovy:39)&#xD;
	... 13 more&#xD;
)&#xD;
[[ATTACHMENT|C:\\VPOS_Internal\\VPOS_Internal\\Reports\\20191029_050924\\FirstView\\1stPayVault\\20191029_050924\\1572344916617.png]]&#xD;
&#xD;
2019-10-29 05:28:36 - [TEST_STEP][PASSED] - Start listener action : sampleAfterTestCase: Taking screenshot successfully&#xD;
&#xD;
2019-10-29 05:28:36 - [TEST_STEP][PASSED] - println(testCaseContext.getTestCaseId()): null&#xD;
&#xD;
2019-10-29 05:28:36 - [TEST_STEP][PASSED] - println(testCaseContext.getTestCaseStatus()): null&#xD;
&#xD;
2019-10-29 05:28:36 - [TEST_STEP][PASSED] - testCaseName = testCaseContext.getTestCaseId(): null&#xD;
&#xD;
2019-10-29 05:28:36 - [TEST_STEP][PASSED] - strCount = testCaseName.lastIndexOf("/"): null&#xD;
&#xD;
2019-10-29 05:28:36 - [TEST_STEP][PASSED] - testCaseName = testCaseName.substring(strCount): null&#xD;
&#xD;
2019-10-29 05:28:36 - [TEST_STEP][PASSED] - println(testCaseName): null&#xD;
&#xD;
2019-10-29 05:28:36 - [TEST_STEP][PASSED] - if (getTestCaseStatus().equalsIgnoreCase("Error")): Taking screenshot successfully&#xD;
&#xD;
2019-10-29 05:28:36 - [TEST_STEP][PASSED] - takeScreenshot(getReportFolder() + "/Screenshots/" + testCaseName + ".png"): Taking screenshot successfully&#xD;
&#xD;
2019-10-29 05:28:36 - [MESSAGE][PASSED] - Taking screenshot successfully&#xD;
[[ATTACHMENT|C:\\VPOS_Internal\\VPOS_Internal\\Reports\\20191029_050924\\FirstView\\1stPayVault\\20191029_050924/Screenshots//TC_1st_Pay_Vault_011.png]]&#xD;
&#xD;
2019-10-29 05:28:36 - [TEST_STEP][PASSED] - Start listener action : sampleAfterTestCase: null</system-out>
            <system-err>2019-10-29 05:27:38 - [TEST_CASE][ERROR] - Test Cases/FirstView/FirstPayVault/TC_1st_Pay_Vault_011: Test Cases/FirstView/FirstPayVault/TC_1st_Pay_Vault_011 FAILED.
Reason:
com.kms.katalon.core.exception.StepErrorException: 1stPayVault.ts:Click on FirstPayVault tab is not clickable in time - 60seconds&#xD;
	at com.kms.katalon.core.util.KeywordUtil.markError(KeywordUtil.java:65)&#xD;
	at com.kms.katalon.core.util.KeywordUtil$markError$0.call(Unknown Source)&#xD;
	at utilities.SafeActions.safeClickWithoutScroll(SafeActions.groovy:146)&#xD;
	at utilities.SafeActions.invokeMethod(SafeActions.groovy)&#xD;
	at com.kms.katalon.core.main.CustomKeywordDelegatingMetaClass.invokeStaticMethod(CustomKeywordDelegatingMetaClass.java:50)&#xD;
	at TC_1st_Pay_Vault_011.run(TC_1st_Pay_Vault_011:34)&#xD;
	at com.kms.katalon.core.main.ScriptEngine.run(ScriptEngine.java:194)&#xD;
	at com.kms.katalon.core.main.ScriptEngine.runScriptAsRawText(ScriptEngine.java:119)&#xD;
	at com.kms.katalon.core.main.TestCaseExecutor.runScript(TestCaseExecutor.java:337)&#xD;
	at com.kms.katalon.core.main.TestCaseExecutor.doExecute(TestCaseExecutor.java:328)&#xD;
	at com.kms.katalon.core.main.TestCaseExecutor.processExecutionPhase(TestCaseExecutor.java:307)&#xD;
	at com.kms.katalon.core.main.TestCaseExecutor.accessMainPhase(TestCaseExecutor.java:299)&#xD;
	at com.kms.katalon.core.main.TestCaseExecutor.execute(TestCaseExecutor.java:233)&#xD;
	at com.kms.katalon.core.main.TestSuiteExecutor.accessTestCaseMainPhase(TestSuiteExecutor.java:169)&#xD;
	at com.kms.katalon.core.main.TestSuiteExecutor.accessTestSuiteMainPhase(TestSuiteExecutor.java:142)&#xD;
	at com.kms.katalon.core.main.TestSuiteExecutor.execute(TestSuiteExecutor.java:91)&#xD;
	at com.kms.katalon.core.main.TestCaseMain.startTestSuite(TestCaseMain.java:157)&#xD;
	at com.kms.katalon.core.main.TestCaseMain$startTestSuite$0.call(Unknown Source)&#xD;
	at TempTestSuite1572343764272.run(TempTestSuite1572343764272.groovy:35)</system-err>
        </testcase>
        <system-out>2019-10-29 05:09:30 - [TEST_SUITE][INCOMPLETE] - 1stPayVault: null</system-out>
        <system-err>2019-10-29 05:09:30 - [TEST_SUITE][INCOMPLETE] - 1stPayVault: null</system-err>
    </testsuite>
</testsuites>
