<?xml version="1.0" encoding="UTF-8" standalone="yes"?>
<testsuites name="1stPayVault" time="280" tests="5" failures="0" errors="0">
    <testsuite name="1stPayVault" tests="5" failures="0" errors="0" time="280" timestamp="2019-09-19 06:13:05" hostname="venkata.annam - FW1-D-DTA-ZENQ1" id="Test Suites/FirstView/1stPayVault">
        <properties>
            <property name="deviceName" value=""/>
            <property name="devicePlatform" value=""/>
            <property name="logFolder" value="C:\\Users\\venkata.annam\\Katalon Studio\\VPOS\\VPOS_Automation\\Reports\\20190919_061301\\FirstView\\1stPayVault\\20190919_061301"/>
            <property name="logFiles" value="C:\\Users\\venkata.annam\\Katalon Studio\\VPOS\\VPOS_Automation\\Reports\\20190919_061301\\FirstView\\1stPayVault\\20190919_061301\\execution0.log"/>
            <property name="attachments" value=""/>
            <property name="hostName" value="venkata.annam - FW1-D-DTA-ZENQ1"/>
            <property name="os" value="Windows 10 64bit"/>
            <property name="katalonVersion" value="6.3.2.4"/>
            <property name="browser" value="Firefox 68.0"/>
            <property name="hostAddress" value="172.25.52.168"/>
            <property name="sessionId" value="50620578-52ff-48b9-8d92-f58af67238eb"/>
            <property name="seleniumVersion" value="3.141.59"/>
            <property name="proxyInformation" value="ProxyInformation{proxyOption=NO_PROXY, proxyServerType=HTTP, password=, proxyServerAddress=, proxyServerPort=0}"/>
            <property name="platform" value="Windows 10"/>
        </properties>
        <testcase name="Test Cases/FirstView/FirstPayVault/TC_1st_Pay_Vault_001" classname="Test Cases/FirstView/FirstPayVault/TC_1st_Pay_Vault_001" status="PASSED">
            <system-out>2019-09-19 06:13:05 - [TEST_CASE][PASSED] - Test Cases/FirstView/FirstPayVault/TC_1st_Pay_Vault_001: Test Cases/FirstView/FirstPayVault/TC_1st_Pay_Vault_001&#xD;
&#xD;
2019-09-19 06:13:06 - [TEST_STEP][PASSED] - utilities.SafeActions.openBrowser(URL, [PageLoadTime]): utilities.SafeActions.openBrowser is PASSED&#xD;
&#xD;
2019-09-19 06:13:06 - [MESSAGE][INFO] - Opening Browser&#xD;
&#xD;
2019-09-19 06:13:06 - [MESSAGE][INFO] - Starting 'Firefox' driver&#xD;
&#xD;
2019-09-19 06:13:07 - [MESSAGE][INFO] - Action delay is set to 0 seconds&#xD;
&#xD;
2019-09-19 06:13:16 - [MESSAGE][PASSED] - Browser is opened with url: 'http://172.25.48.28/secure/VPOS/VPOS/Vpos'&#xD;
&#xD;
2019-09-19 06:13:16 - [MESSAGE][PASSED] - Current window maximized&#xD;
&#xD;
2019-09-19 06:13:16 - [MESSAGE][INFO] - Browser Launched Successfully&#xD;
&#xD;
2019-09-19 06:13:16 - [MESSAGE][PASSED] - utilities.SafeActions.openBrowser is PASSED&#xD;
&#xD;
2019-09-19 06:13:16 - [TEST_STEP][PASSED] - delay(6): Delayed 6 second(s)&#xD;
&#xD;
2019-09-19 06:13:22 - [MESSAGE][PASSED] - Delayed 6 second(s)&#xD;
&#xD;
2019-09-19 06:13:22 - [TEST_STEP][PASSED] - utilities.SafeActions.safeSelectOptionInDropDownByVisibleText(findTestObject("Pages/Sale/dropDown_AccountType"), "ranjanatest2 - 888814981372/001 Account Type: Retail", "Select by Value", [25]): utilities.SafeActions.safeSelectOptionInDropDownByVisibleText is PASSED&#xD;
&#xD;
2019-09-19 06:13:22 - [MESSAGE][PASSED] - Object 'Object Repository/Pages/Sale/dropDown_AccountType' is present&#xD;
&#xD;
2019-09-19 06:13:23 - [MESSAGE][PASSED] - Object: 'Object Repository/Pages/Sale/dropDown_AccountType' is clicked on&#xD;
&#xD;
2019-09-19 06:13:23 - [MESSAGE][PASSED] - All options with label 'ranjanatest2 - 888814981372/001 Account Type: Retail' are selected in object 'Object Repository/Pages/Sale/dropDown_AccountType' &#xD;
&#xD;
2019-09-19 06:13:23 - [MESSAGE][PASSED] - utilities.SafeActions.safeSelectOptionInDropDownByVisibleText is PASSED&#xD;
&#xD;
2019-09-19 06:13:23 - [TEST_STEP][PASSED] - utilities.SafeActions.safeClickWithoutScroll(findTestObject("Pages/FirstPayVault/tab_FirstPayVault"), "Click on FirstPayVault tab", [5]): utilities.SafeActions.safeClickWithoutScroll is PASSED&#xD;
&#xD;
2019-09-19 06:13:23 - [MESSAGE][INFO] - Safe Click Without scroll&#xD;
&#xD;
2019-09-19 06:13:23 - [MESSAGE][INFO] - 1stPayVault.ts:waiting until Click on FirstPayVault tab is Clickable&#xD;
&#xD;
2019-09-19 06:13:23 - [MESSAGE][PASSED] - Object 'Object Repository/Pages/FirstPayVault/tab_FirstPayVault' is clickable&#xD;
&#xD;
2019-09-19 06:13:23 - [MESSAGE][PASSED] - Object 'Object Repository/Pages/FirstPayVault/tab_FirstPayVault' is visible&#xD;
&#xD;
2019-09-19 06:13:24 - [MESSAGE][PASSED] - Object: 'Object Repository/Pages/FirstPayVault/tab_FirstPayVault' is clicked on&#xD;
&#xD;
2019-09-19 06:13:24 - [MESSAGE][INFO] - 1stPayVault.ts: click on the Click on FirstPayVault tab&#xD;
&#xD;
2019-09-19 06:13:24 - [MESSAGE][PASSED] - utilities.SafeActions.safeClickWithoutScroll is PASSED&#xD;
&#xD;
2019-09-19 06:13:24 - [TEST_STEP][PASSED] - utilities.SafeActions.safeClickWithoutScroll(findTestObject("Pages/FirstPayVault/button_CreateVault"), "Click on CreateVault button", [5]): utilities.SafeActions.safeClickWithoutScroll is PASSED&#xD;
&#xD;
2019-09-19 06:13:24 - [MESSAGE][INFO] - Safe Click Without scroll&#xD;
&#xD;
2019-09-19 06:13:24 - [MESSAGE][INFO] - 1stPayVault.ts:waiting until Click on CreateVault button is Clickable&#xD;
&#xD;
2019-09-19 06:13:24 - [MESSAGE][PASSED] - Object 'Object Repository/Pages/FirstPayVault/button_CreateVault' is clickable&#xD;
&#xD;
2019-09-19 06:13:24 - [MESSAGE][PASSED] - Object 'Object Repository/Pages/FirstPayVault/button_CreateVault' is visible&#xD;
&#xD;
2019-09-19 06:13:25 - [MESSAGE][PASSED] - Object: 'Object Repository/Pages/FirstPayVault/button_CreateVault' is clicked on&#xD;
&#xD;
2019-09-19 06:13:25 - [MESSAGE][INFO] - 1stPayVault.ts: click on the Click on CreateVault button&#xD;
&#xD;
2019-09-19 06:13:25 - [MESSAGE][PASSED] - utilities.SafeActions.safeClickWithoutScroll is PASSED&#xD;
&#xD;
2019-09-19 06:13:25 - [TEST_STEP][PASSED] - scrollToElement(findTestObject("Pages/FirstPayVault/input_VaultReferenceNumber"), 5): Scroll to object 'Object Repository/Pages/FirstPayVault/input_VaultReferenceNumber' successfully&#xD;
&#xD;
2019-09-19 06:13:25 - [MESSAGE][PASSED] - Scroll to object 'Object Repository/Pages/FirstPayVault/input_VaultReferenceNumber' successfully&#xD;
&#xD;
2019-09-19 06:13:25 - [TEST_STEP][PASSED] - vaultReference = utilities.SafeActions.timeWithMilliSeconds(): utilities.SafeActions.timeWithMilliSeconds is PASSED&#xD;
&#xD;
2019-09-19 06:13:25 - [MESSAGE][PASSED] - utilities.SafeActions.timeWithMilliSeconds is PASSED&#xD;
&#xD;
2019-09-19 06:13:25 - [TEST_STEP][PASSED] - utilities.SafeActions.safeType(findTestObject("Pages/FirstPayVault/input_VaultReferenceNumber"), vaultReference, "Entering Vault Reference Number", [5]): utilities.SafeActions.safeType is PASSED&#xD;
&#xD;
2019-09-19 06:13:26 - [MESSAGE][PASSED] - Object 'Object Repository/Pages/FirstPayVault/input_VaultReferenceNumber' is present&#xD;
&#xD;
2019-09-19 06:13:26 - [MESSAGE][PASSED] - Object: 'Object Repository/Pages/FirstPayVault/input_VaultReferenceNumber' is clicked on&#xD;
&#xD;
2019-09-19 06:13:27 - [MESSAGE][PASSED] - Text '2019-09-19 06:13:25.876' is set on object 'Object Repository/Pages/FirstPayVault/input_VaultReferenceNumber'&#xD;
&#xD;
2019-09-19 06:13:27 - [MESSAGE][PASSED] - utilities.SafeActions.safeType is PASSED&#xD;
&#xD;
2019-09-19 06:13:27 - [TEST_STEP][PASSED] - utilities.SafeActions.safeType(findTestObject("Pages/FirstPayVault/input_CreditCardNumber"), "4111111111111111", "Entering Card Number", [10]): utilities.SafeActions.safeType is PASSED&#xD;
&#xD;
2019-09-19 06:13:27 - [MESSAGE][PASSED] - Object 'Object Repository/Pages/FirstPayVault/input_CreditCardNumber' is present&#xD;
&#xD;
2019-09-19 06:13:28 - [MESSAGE][PASSED] - Object: 'Object Repository/Pages/FirstPayVault/input_CreditCardNumber' is clicked on&#xD;
&#xD;
2019-09-19 06:13:28 - [MESSAGE][PASSED] - Text '4111111111111111' is set on object 'Object Repository/Pages/FirstPayVault/input_CreditCardNumber'&#xD;
&#xD;
2019-09-19 06:13:28 - [MESSAGE][PASSED] - utilities.SafeActions.safeType is PASSED&#xD;
&#xD;
2019-09-19 06:13:28 - [TEST_STEP][PASSED] - delay(4): Delayed 4 second(s)&#xD;
&#xD;
2019-09-19 06:13:32 - [MESSAGE][PASSED] - Delayed 4 second(s)&#xD;
&#xD;
2019-09-19 06:13:32 - [TEST_STEP][PASSED] - utilities.SafeActions.safeSelectOptionInDropDownByVisibleText(findTestObject("Pages/FirstPayVault/dropDown_ExpirationMonth"), "September", "Expiration Month", [5]): utilities.SafeActions.safeSelectOptionInDropDownByVisibleText is PASSED&#xD;
&#xD;
2019-09-19 06:13:32 - [MESSAGE][PASSED] - Object 'Object Repository/Pages/FirstPayVault/dropDown_ExpirationMonth' is present&#xD;
&#xD;
2019-09-19 06:13:33 - [MESSAGE][PASSED] - Object: 'Object Repository/Pages/FirstPayVault/dropDown_ExpirationMonth' is clicked on&#xD;
&#xD;
2019-09-19 06:13:33 - [MESSAGE][PASSED] - All options with label 'September' are selected in object 'Object Repository/Pages/FirstPayVault/dropDown_ExpirationMonth' &#xD;
&#xD;
2019-09-19 06:13:33 - [MESSAGE][PASSED] - utilities.SafeActions.safeSelectOptionInDropDownByVisibleText is PASSED&#xD;
&#xD;
2019-09-19 06:13:33 - [TEST_STEP][PASSED] - utilities.SafeActions.safeSelectOptionInDropDownByVisibleText(findTestObject("Pages/FirstPayVault/dropDown_ExpirationYear"), "2023", "year", [5]): utilities.SafeActions.safeSelectOptionInDropDownByVisibleText is PASSED&#xD;
&#xD;
2019-09-19 06:13:33 - [MESSAGE][PASSED] - Object 'Object Repository/Pages/FirstPayVault/dropDown_ExpirationYear' is present&#xD;
&#xD;
2019-09-19 06:13:34 - [MESSAGE][PASSED] - Object: 'Object Repository/Pages/FirstPayVault/dropDown_ExpirationYear' is clicked on&#xD;
&#xD;
2019-09-19 06:13:34 - [MESSAGE][PASSED] - All options with label '2023' are selected in object 'Object Repository/Pages/FirstPayVault/dropDown_ExpirationYear' &#xD;
&#xD;
2019-09-19 06:13:34 - [MESSAGE][PASSED] - utilities.SafeActions.safeSelectOptionInDropDownByVisibleText is PASSED&#xD;
&#xD;
2019-09-19 06:13:34 - [TEST_STEP][PASSED] - delay(2): Delayed 2 second(s)&#xD;
&#xD;
2019-09-19 06:13:36 - [MESSAGE][PASSED] - Delayed 2 second(s)&#xD;
&#xD;
2019-09-19 06:13:36 - [TEST_STEP][PASSED] - utilities.SafeActions.safeType(findTestObject("Pages/FirstPayVault/input_ContactName"), "Venkata Sai", "Enter Contact Name", [5]): utilities.SafeActions.safeType is PASSED&#xD;
&#xD;
2019-09-19 06:13:36 - [MESSAGE][PASSED] - Object 'Object Repository/Pages/FirstPayVault/input_ContactName' is present&#xD;
&#xD;
2019-09-19 06:13:37 - [MESSAGE][PASSED] - Object: 'Object Repository/Pages/FirstPayVault/input_ContactName' is clicked on&#xD;
&#xD;
2019-09-19 06:13:37 - [MESSAGE][PASSED] - Text 'Venkata Sai' is set on object 'Object Repository/Pages/FirstPayVault/input_ContactName'&#xD;
&#xD;
2019-09-19 06:13:37 - [MESSAGE][PASSED] - utilities.SafeActions.safeType is PASSED&#xD;
&#xD;
2019-09-19 06:13:37 - [TEST_STEP][PASSED] - utilities.SafeActions.safeType(findTestObject("Pages/FirstPayVault/input_PostalCode"), "76102", "Enter Postal Code", [5]): utilities.SafeActions.safeType is PASSED&#xD;
&#xD;
2019-09-19 06:13:37 - [MESSAGE][PASSED] - Object 'Object Repository/Pages/FirstPayVault/input_PostalCode' is present&#xD;
&#xD;
2019-09-19 06:13:38 - [MESSAGE][PASSED] - Object: 'Object Repository/Pages/FirstPayVault/input_PostalCode' is clicked on&#xD;
&#xD;
2019-09-19 06:13:38 - [MESSAGE][PASSED] - Text '76102' is set on object 'Object Repository/Pages/FirstPayVault/input_PostalCode'&#xD;
&#xD;
2019-09-19 06:13:38 - [MESSAGE][PASSED] - utilities.SafeActions.safeType is PASSED&#xD;
&#xD;
2019-09-19 06:13:38 - [TEST_STEP][PASSED] - utilities.SafeActions.safeType(findTestObject("Pages/FirstPayVault/input_Address"), "James Street", "Enter ddress", [5]): utilities.SafeActions.safeType is PASSED&#xD;
&#xD;
2019-09-19 06:13:38 - [MESSAGE][PASSED] - Object 'Object Repository/Pages/FirstPayVault/input_Address' is present&#xD;
&#xD;
2019-09-19 06:13:39 - [MESSAGE][PASSED] - Object: 'Object Repository/Pages/FirstPayVault/input_Address' is clicked on&#xD;
&#xD;
2019-09-19 06:13:39 - [MESSAGE][PASSED] - Text 'James Street' is set on object 'Object Repository/Pages/FirstPayVault/input_Address'&#xD;
&#xD;
2019-09-19 06:13:39 - [MESSAGE][PASSED] - utilities.SafeActions.safeType is PASSED&#xD;
&#xD;
2019-09-19 06:13:39 - [TEST_STEP][PASSED] - utilities.SafeActions.safeCheckForElement(findTestObject("Pages/FirstPayVault/chekBox_AddShippingInformation"), 5): utilities.SafeActions.safeCheckForElement is PASSED&#xD;
&#xD;
2019-09-19 06:13:39 - [MESSAGE][PASSED] - Object 'Object Repository/Pages/FirstPayVault/chekBox_AddShippingInformation' is present&#xD;
&#xD;
2019-09-19 06:13:40 - [MESSAGE][PASSED] - Object 'Object Repository/Pages/FirstPayVault/chekBox_AddShippingInformation' is checked&#xD;
&#xD;
2019-09-19 06:13:40 - [MESSAGE][PASSED] - utilities.SafeActions.safeCheckForElement is PASSED&#xD;
&#xD;
2019-09-19 06:13:40 - [TEST_STEP][PASSED] - utilities.SafeActions.safeType(findTestObject("Pages/FirstPayVault/input_ShippingMethod"), "DTDC", "Enter Shipping Method", [5]): utilities.SafeActions.safeType is PASSED&#xD;
&#xD;
2019-09-19 06:13:40 - [MESSAGE][PASSED] - Object 'Object Repository/Pages/FirstPayVault/input_ShippingMethod' is present&#xD;
&#xD;
2019-09-19 06:13:41 - [MESSAGE][PASSED] - Object: 'Object Repository/Pages/FirstPayVault/input_ShippingMethod' is clicked on&#xD;
&#xD;
2019-09-19 06:13:41 - [MESSAGE][PASSED] - Text 'DTDC' is set on object 'Object Repository/Pages/FirstPayVault/input_ShippingMethod'&#xD;
&#xD;
2019-09-19 06:13:41 - [MESSAGE][PASSED] - utilities.SafeActions.safeType is PASSED&#xD;
&#xD;
2019-09-19 06:13:41 - [TEST_STEP][PASSED] - utilities.SafeActions.safeCheckForElement(findTestObject("Pages/FirstPayVault/checkbox_SameAsBillingInformation"), 5): utilities.SafeActions.safeCheckForElement is PASSED&#xD;
&#xD;
2019-09-19 06:13:41 - [MESSAGE][PASSED] - Object 'Object Repository/Pages/FirstPayVault/checkbox_SameAsBillingInformation' is present&#xD;
&#xD;
2019-09-19 06:13:42 - [MESSAGE][PASSED] - Object 'Object Repository/Pages/FirstPayVault/checkbox_SameAsBillingInformation' is checked&#xD;
&#xD;
2019-09-19 06:13:42 - [MESSAGE][PASSED] - utilities.SafeActions.safeCheckForElement is PASSED&#xD;
&#xD;
2019-09-19 06:13:42 - [TEST_STEP][PASSED] - utilities.SafeActions.safeClickwithScroll(findTestObject("Pages/FirstPayVault/button_Create"), "Click on Create Button", [5]): utilities.SafeActions.safeClickwithScroll is PASSED&#xD;
&#xD;
2019-09-19 06:13:42 - [MESSAGE][PASSED] - Scroll to object 'Object Repository/Pages/FirstPayVault/button_Create' successfully&#xD;
&#xD;
2019-09-19 06:13:42 - [MESSAGE][INFO] - 1stPayVault.ts:waiting until Click on Create Button is Clickable&#xD;
&#xD;
2019-09-19 06:13:42 - [MESSAGE][PASSED] - Object 'Object Repository/Pages/FirstPayVault/button_Create' is clickable&#xD;
&#xD;
2019-09-19 06:13:42 - [MESSAGE][PASSED] - Object 'Object Repository/Pages/FirstPayVault/button_Create' is visible&#xD;
&#xD;
2019-09-19 06:13:43 - [MESSAGE][PASSED] - Object: 'Object Repository/Pages/FirstPayVault/button_Create' is clicked on&#xD;
&#xD;
2019-09-19 06:13:43 - [MESSAGE][INFO] - 1stPayVault.ts: Clicked on the Click on Create Button&#xD;
&#xD;
2019-09-19 06:13:43 - [MESSAGE][PASSED] - utilities.SafeActions.safeClickwithScroll is PASSED&#xD;
&#xD;
2019-09-19 06:13:43 - [TEST_STEP][PASSED] - delay(2): Delayed 2 second(s)&#xD;
&#xD;
2019-09-19 06:13:45 - [MESSAGE][PASSED] - Delayed 2 second(s)&#xD;
&#xD;
2019-09-19 06:13:45 - [TEST_STEP][PASSED] - popupSavedToVaultMessage = utilities.SafeActions.safeGetText(findTestObject("Pages/FirstPayVault/popup_SavedToVaultMessage"), 5): utilities.SafeActions.safeGetText is PASSED&#xD;
&#xD;
2019-09-19 06:13:45 - [MESSAGE][PASSED] - Object 'Object Repository/Pages/FirstPayVault/popup_SavedToVaultMessage' is present&#xD;
&#xD;
2019-09-19 06:13:46 - [MESSAGE][PASSED] - Text of object 'Object Repository/Pages/FirstPayVault/popup_SavedToVaultMessage' is: 'Successfully Saved to Vault'&#xD;
&#xD;
2019-09-19 06:13:46 - [MESSAGE][PASSED] - utilities.SafeActions.safeGetText is PASSED&#xD;
&#xD;
2019-09-19 06:13:46 - [TEST_STEP][PASSED] - flag = utilities.SafeActions.verifyPopupMessage("Successfully Saved to Vault", popupSavedToVaultMessage): Popup Message : Successfully Saved to Vault matched with expected message : Successfully Saved to Vault&#xD;
&#xD;
2019-09-19 06:13:46 - [MESSAGE][PASSED] - Popup Message : Successfully Saved to Vault matched with expected message : Successfully Saved to Vault&#xD;
&#xD;
2019-09-19 06:13:46 - [TEST_STEP][PASSED] - closeBrowser(): Browser is closed&#xD;
&#xD;
2019-09-19 06:13:48 - [MESSAGE][PASSED] - Browser is closed&#xD;
&#xD;
2019-09-19 06:13:48 - [TEST_STEP][PASSED] - Start listener action : sampleAfterTestCase: null</system-out>
            <system-err></system-err>
        </testcase>
        <testcase name="Test Cases/FirstView/FirstPayVault/TC_1st_Pay_Vault_002" classname="Test Cases/FirstView/FirstPayVault/TC_1st_Pay_Vault_002" status="PASSED">
            <system-out>2019-09-19 06:13:48 - [TEST_CASE][PASSED] - Test Cases/FirstView/FirstPayVault/TC_1st_Pay_Vault_002: Test Cases/FirstView/FirstPayVault/TC_1st_Pay_Vault_002&#xD;
&#xD;
2019-09-19 06:13:48 - [TEST_STEP][PASSED] - utilities.SafeActions.openBrowser(URL, [PageLoadTime]): utilities.SafeActions.openBrowser is PASSED&#xD;
&#xD;
2019-09-19 06:13:48 - [MESSAGE][INFO] - Opening Browser&#xD;
&#xD;
2019-09-19 06:13:48 - [MESSAGE][INFO] - Starting 'Firefox' driver&#xD;
&#xD;
2019-09-19 06:13:56 - [MESSAGE][PASSED] - Browser is opened with url: 'http://172.25.48.28/secure/VPOS/VPOS/Vpos'&#xD;
&#xD;
2019-09-19 06:13:56 - [MESSAGE][PASSED] - Current window maximized&#xD;
&#xD;
2019-09-19 06:13:56 - [MESSAGE][INFO] - Browser Launched Successfully&#xD;
&#xD;
2019-09-19 06:13:56 - [MESSAGE][PASSED] - utilities.SafeActions.openBrowser is PASSED&#xD;
&#xD;
2019-09-19 06:13:56 - [TEST_STEP][PASSED] - delay(6): Delayed 6 second(s)&#xD;
&#xD;
2019-09-19 06:14:02 - [MESSAGE][PASSED] - Delayed 6 second(s)&#xD;
&#xD;
2019-09-19 06:14:02 - [TEST_STEP][PASSED] - utilities.SafeActions.safeSelectOptionInDropDownByVisibleText(findTestObject("Pages/Sale/dropDown_AccountType"), "ranjanatest2 - 888814981372/001 Account Type: Retail", "Select by Value", [25]): utilities.SafeActions.safeSelectOptionInDropDownByVisibleText is PASSED&#xD;
&#xD;
2019-09-19 06:14:02 - [MESSAGE][PASSED] - Object 'Object Repository/Pages/Sale/dropDown_AccountType' is present&#xD;
&#xD;
2019-09-19 06:14:03 - [MESSAGE][PASSED] - Object: 'Object Repository/Pages/Sale/dropDown_AccountType' is clicked on&#xD;
&#xD;
2019-09-19 06:14:03 - [MESSAGE][PASSED] - All options with label 'ranjanatest2 - 888814981372/001 Account Type: Retail' are selected in object 'Object Repository/Pages/Sale/dropDown_AccountType' &#xD;
&#xD;
2019-09-19 06:14:03 - [MESSAGE][PASSED] - utilities.SafeActions.safeSelectOptionInDropDownByVisibleText is PASSED&#xD;
&#xD;
2019-09-19 06:14:03 - [TEST_STEP][PASSED] - utilities.SafeActions.safeClickWithoutScroll(findTestObject("Pages/FirstPayVault/tab_FirstPayVault"), "Click on FirstPayVault tab", [5]): utilities.SafeActions.safeClickWithoutScroll is PASSED&#xD;
&#xD;
2019-09-19 06:14:03 - [MESSAGE][INFO] - Safe Click Without scroll&#xD;
&#xD;
2019-09-19 06:14:03 - [MESSAGE][INFO] - 1stPayVault.ts:waiting until Click on FirstPayVault tab is Clickable&#xD;
&#xD;
2019-09-19 06:14:03 - [MESSAGE][PASSED] - Object 'Object Repository/Pages/FirstPayVault/tab_FirstPayVault' is clickable&#xD;
&#xD;
2019-09-19 06:14:03 - [MESSAGE][PASSED] - Object 'Object Repository/Pages/FirstPayVault/tab_FirstPayVault' is visible&#xD;
&#xD;
2019-09-19 06:14:04 - [MESSAGE][PASSED] - Object: 'Object Repository/Pages/FirstPayVault/tab_FirstPayVault' is clicked on&#xD;
&#xD;
2019-09-19 06:14:04 - [MESSAGE][INFO] - 1stPayVault.ts: click on the Click on FirstPayVault tab&#xD;
&#xD;
2019-09-19 06:14:04 - [MESSAGE][PASSED] - utilities.SafeActions.safeClickWithoutScroll is PASSED&#xD;
&#xD;
2019-09-19 06:14:04 - [TEST_STEP][PASSED] - utilities.SafeActions.safeClickWithoutScroll(findTestObject("Pages/FirstPayVault/button_CreateVault"), "Click on CreateVault button", [5]): utilities.SafeActions.safeClickWithoutScroll is PASSED&#xD;
&#xD;
2019-09-19 06:14:04 - [MESSAGE][INFO] - Safe Click Without scroll&#xD;
&#xD;
2019-09-19 06:14:04 - [MESSAGE][INFO] - 1stPayVault.ts:waiting until Click on CreateVault button is Clickable&#xD;
&#xD;
2019-09-19 06:14:04 - [MESSAGE][PASSED] - Object 'Object Repository/Pages/FirstPayVault/button_CreateVault' is clickable&#xD;
&#xD;
2019-09-19 06:14:04 - [MESSAGE][PASSED] - Object 'Object Repository/Pages/FirstPayVault/button_CreateVault' is visible&#xD;
&#xD;
2019-09-19 06:14:05 - [MESSAGE][PASSED] - Object: 'Object Repository/Pages/FirstPayVault/button_CreateVault' is clicked on&#xD;
&#xD;
2019-09-19 06:14:05 - [MESSAGE][INFO] - 1stPayVault.ts: click on the Click on CreateVault button&#xD;
&#xD;
2019-09-19 06:14:05 - [MESSAGE][PASSED] - utilities.SafeActions.safeClickWithoutScroll is PASSED&#xD;
&#xD;
2019-09-19 06:14:05 - [TEST_STEP][PASSED] - scrollToElement(findTestObject("Pages/FirstPayVault/input_VaultReferenceNumber"), 5): Scroll to object 'Object Repository/Pages/FirstPayVault/input_VaultReferenceNumber' successfully&#xD;
&#xD;
2019-09-19 06:14:05 - [MESSAGE][PASSED] - Scroll to object 'Object Repository/Pages/FirstPayVault/input_VaultReferenceNumber' successfully&#xD;
&#xD;
2019-09-19 06:14:05 - [TEST_STEP][PASSED] - vaultReference = utilities.SafeActions.timeWithMilliSeconds(): utilities.SafeActions.timeWithMilliSeconds is PASSED&#xD;
&#xD;
2019-09-19 06:14:05 - [MESSAGE][PASSED] - utilities.SafeActions.timeWithMilliSeconds is PASSED&#xD;
&#xD;
2019-09-19 06:14:05 - [TEST_STEP][PASSED] - utilities.SafeActions.safeType(findTestObject("Pages/FirstPayVault/input_VaultReferenceNumber"), vaultReference, "Entering Vault Reference Number", [5]): utilities.SafeActions.safeType is PASSED&#xD;
&#xD;
2019-09-19 06:14:05 - [MESSAGE][PASSED] - Object 'Object Repository/Pages/FirstPayVault/input_VaultReferenceNumber' is present&#xD;
&#xD;
2019-09-19 06:14:06 - [MESSAGE][PASSED] - Object: 'Object Repository/Pages/FirstPayVault/input_VaultReferenceNumber' is clicked on&#xD;
&#xD;
2019-09-19 06:14:06 - [MESSAGE][PASSED] - Text '2019-09-19 06:14:05.532' is set on object 'Object Repository/Pages/FirstPayVault/input_VaultReferenceNumber'&#xD;
&#xD;
2019-09-19 06:14:06 - [MESSAGE][PASSED] - utilities.SafeActions.safeType is PASSED&#xD;
&#xD;
2019-09-19 06:14:06 - [TEST_STEP][PASSED] - utilities.SafeActions.safeType(findTestObject("Pages/FirstPayVault/input_CreditCardNumber"), "4111111111111111", "Entering Card Number", [10]): utilities.SafeActions.safeType is PASSED&#xD;
&#xD;
2019-09-19 06:14:06 - [MESSAGE][PASSED] - Object 'Object Repository/Pages/FirstPayVault/input_CreditCardNumber' is present&#xD;
&#xD;
2019-09-19 06:14:07 - [MESSAGE][PASSED] - Object: 'Object Repository/Pages/FirstPayVault/input_CreditCardNumber' is clicked on&#xD;
&#xD;
2019-09-19 06:14:07 - [MESSAGE][PASSED] - Text '4111111111111111' is set on object 'Object Repository/Pages/FirstPayVault/input_CreditCardNumber'&#xD;
&#xD;
2019-09-19 06:14:07 - [MESSAGE][PASSED] - utilities.SafeActions.safeType is PASSED&#xD;
&#xD;
2019-09-19 06:14:07 - [TEST_STEP][PASSED] - delay(4): Delayed 4 second(s)&#xD;
&#xD;
2019-09-19 06:14:11 - [MESSAGE][PASSED] - Delayed 4 second(s)&#xD;
&#xD;
2019-09-19 06:14:11 - [TEST_STEP][PASSED] - utilities.SafeActions.safeSelectOptionInDropDownByVisibleText(findTestObject("Pages/FirstPayVault/dropDown_ExpirationMonth"), "September", "Expiration Month", [5]): utilities.SafeActions.safeSelectOptionInDropDownByVisibleText is PASSED&#xD;
&#xD;
2019-09-19 06:14:11 - [MESSAGE][PASSED] - Object 'Object Repository/Pages/FirstPayVault/dropDown_ExpirationMonth' is present&#xD;
&#xD;
2019-09-19 06:14:12 - [MESSAGE][PASSED] - Object: 'Object Repository/Pages/FirstPayVault/dropDown_ExpirationMonth' is clicked on&#xD;
&#xD;
2019-09-19 06:14:12 - [MESSAGE][PASSED] - All options with label 'September' are selected in object 'Object Repository/Pages/FirstPayVault/dropDown_ExpirationMonth' &#xD;
&#xD;
2019-09-19 06:14:12 - [MESSAGE][PASSED] - utilities.SafeActions.safeSelectOptionInDropDownByVisibleText is PASSED&#xD;
&#xD;
2019-09-19 06:14:12 - [TEST_STEP][PASSED] - utilities.SafeActions.safeSelectOptionInDropDownByVisibleText(findTestObject("Pages/FirstPayVault/dropDown_ExpirationYear"), "2023", "year", [5]): utilities.SafeActions.safeSelectOptionInDropDownByVisibleText is PASSED&#xD;
&#xD;
2019-09-19 06:14:13 - [MESSAGE][PASSED] - Object 'Object Repository/Pages/FirstPayVault/dropDown_ExpirationYear' is present&#xD;
&#xD;
2019-09-19 06:14:13 - [MESSAGE][PASSED] - Object: 'Object Repository/Pages/FirstPayVault/dropDown_ExpirationYear' is clicked on&#xD;
&#xD;
2019-09-19 06:14:14 - [MESSAGE][PASSED] - All options with label '2023' are selected in object 'Object Repository/Pages/FirstPayVault/dropDown_ExpirationYear' &#xD;
&#xD;
2019-09-19 06:14:14 - [MESSAGE][PASSED] - utilities.SafeActions.safeSelectOptionInDropDownByVisibleText is PASSED&#xD;
&#xD;
2019-09-19 06:14:14 - [TEST_STEP][PASSED] - delay(2): Delayed 2 second(s)&#xD;
&#xD;
2019-09-19 06:14:16 - [MESSAGE][PASSED] - Delayed 2 second(s)&#xD;
&#xD;
2019-09-19 06:14:16 - [TEST_STEP][PASSED] - utilities.SafeActions.safeType(findTestObject("Pages/FirstPayVault/input_ContactName"), "Venkata Sai", "Enter Contact Name", [5]): utilities.SafeActions.safeType is PASSED&#xD;
&#xD;
2019-09-19 06:14:16 - [MESSAGE][PASSED] - Object 'Object Repository/Pages/FirstPayVault/input_ContactName' is present&#xD;
&#xD;
2019-09-19 06:14:17 - [MESSAGE][PASSED] - Object: 'Object Repository/Pages/FirstPayVault/input_ContactName' is clicked on&#xD;
&#xD;
2019-09-19 06:14:17 - [MESSAGE][PASSED] - Text 'Venkata Sai' is set on object 'Object Repository/Pages/FirstPayVault/input_ContactName'&#xD;
&#xD;
2019-09-19 06:14:17 - [MESSAGE][PASSED] - utilities.SafeActions.safeType is PASSED&#xD;
&#xD;
2019-09-19 06:14:17 - [TEST_STEP][PASSED] - utilities.SafeActions.safeType(findTestObject("Pages/FirstPayVault/input_PostalCode"), "76102", "Enter Postal Code", [5]): utilities.SafeActions.safeType is PASSED&#xD;
&#xD;
2019-09-19 06:14:17 - [MESSAGE][PASSED] - Object 'Object Repository/Pages/FirstPayVault/input_PostalCode' is present&#xD;
&#xD;
2019-09-19 06:14:18 - [MESSAGE][PASSED] - Object: 'Object Repository/Pages/FirstPayVault/input_PostalCode' is clicked on&#xD;
&#xD;
2019-09-19 06:14:18 - [MESSAGE][PASSED] - Text '76102' is set on object 'Object Repository/Pages/FirstPayVault/input_PostalCode'&#xD;
&#xD;
2019-09-19 06:14:18 - [MESSAGE][PASSED] - utilities.SafeActions.safeType is PASSED&#xD;
&#xD;
2019-09-19 06:14:18 - [TEST_STEP][PASSED] - utilities.SafeActions.safeType(findTestObject("Pages/FirstPayVault/input_Address"), "James Street", "Enter ddress", [5]): utilities.SafeActions.safeType is PASSED&#xD;
&#xD;
2019-09-19 06:14:18 - [MESSAGE][PASSED] - Object 'Object Repository/Pages/FirstPayVault/input_Address' is present&#xD;
&#xD;
2019-09-19 06:14:19 - [MESSAGE][PASSED] - Object: 'Object Repository/Pages/FirstPayVault/input_Address' is clicked on&#xD;
&#xD;
2019-09-19 06:14:19 - [MESSAGE][PASSED] - Text 'James Street' is set on object 'Object Repository/Pages/FirstPayVault/input_Address'&#xD;
&#xD;
2019-09-19 06:14:19 - [MESSAGE][PASSED] - utilities.SafeActions.safeType is PASSED&#xD;
&#xD;
2019-09-19 06:14:19 - [TEST_STEP][PASSED] - utilities.SafeActions.safeCheckForElement(findTestObject("Pages/FirstPayVault/chekBox_AddShippingInformation"), 5): utilities.SafeActions.safeCheckForElement is PASSED&#xD;
&#xD;
2019-09-19 06:14:19 - [MESSAGE][PASSED] - Object 'Object Repository/Pages/FirstPayVault/chekBox_AddShippingInformation' is present&#xD;
&#xD;
2019-09-19 06:14:19 - [MESSAGE][PASSED] - Object 'Object Repository/Pages/FirstPayVault/chekBox_AddShippingInformation' is checked&#xD;
&#xD;
2019-09-19 06:14:19 - [MESSAGE][PASSED] - utilities.SafeActions.safeCheckForElement is PASSED&#xD;
&#xD;
2019-09-19 06:14:19 - [TEST_STEP][PASSED] - utilities.SafeActions.safeType(findTestObject("Pages/FirstPayVault/input_ShippingMethod"), "DTDC", "Enter Shipping Method", [5]): utilities.SafeActions.safeType is PASSED&#xD;
&#xD;
2019-09-19 06:14:20 - [MESSAGE][PASSED] - Object 'Object Repository/Pages/FirstPayVault/input_ShippingMethod' is present&#xD;
&#xD;
2019-09-19 06:14:20 - [MESSAGE][PASSED] - Object: 'Object Repository/Pages/FirstPayVault/input_ShippingMethod' is clicked on&#xD;
&#xD;
2019-09-19 06:14:20 - [MESSAGE][PASSED] - Text 'DTDC' is set on object 'Object Repository/Pages/FirstPayVault/input_ShippingMethod'&#xD;
&#xD;
2019-09-19 06:14:20 - [MESSAGE][PASSED] - utilities.SafeActions.safeType is PASSED&#xD;
&#xD;
2019-09-19 06:14:20 - [TEST_STEP][PASSED] - utilities.SafeActions.safeCheckForElement(findTestObject("Pages/FirstPayVault/checkbox_SameAsBillingInformation"), 5): utilities.SafeActions.safeCheckForElement is PASSED&#xD;
&#xD;
2019-09-19 06:14:21 - [MESSAGE][PASSED] - Object 'Object Repository/Pages/FirstPayVault/checkbox_SameAsBillingInformation' is present&#xD;
&#xD;
2019-09-19 06:14:21 - [MESSAGE][PASSED] - Object 'Object Repository/Pages/FirstPayVault/checkbox_SameAsBillingInformation' is checked&#xD;
&#xD;
2019-09-19 06:14:21 - [MESSAGE][PASSED] - utilities.SafeActions.safeCheckForElement is PASSED&#xD;
&#xD;
2019-09-19 06:14:21 - [TEST_STEP][PASSED] - utilities.SafeActions.safeClickwithScroll(findTestObject("Pages/FirstPayVault/button_Create"), "Click on Create Button", [5]): utilities.SafeActions.safeClickwithScroll is PASSED&#xD;
&#xD;
2019-09-19 06:14:21 - [MESSAGE][PASSED] - Scroll to object 'Object Repository/Pages/FirstPayVault/button_Create' successfully&#xD;
&#xD;
2019-09-19 06:14:21 - [MESSAGE][INFO] - 1stPayVault.ts:waiting until Click on Create Button is Clickable&#xD;
&#xD;
2019-09-19 06:14:21 - [MESSAGE][PASSED] - Object 'Object Repository/Pages/FirstPayVault/button_Create' is clickable&#xD;
&#xD;
2019-09-19 06:14:21 - [MESSAGE][PASSED] - Object 'Object Repository/Pages/FirstPayVault/button_Create' is visible&#xD;
&#xD;
2019-09-19 06:14:22 - [MESSAGE][PASSED] - Object: 'Object Repository/Pages/FirstPayVault/button_Create' is clicked on&#xD;
&#xD;
2019-09-19 06:14:22 - [MESSAGE][INFO] - 1stPayVault.ts: Clicked on the Click on Create Button&#xD;
&#xD;
2019-09-19 06:14:22 - [MESSAGE][PASSED] - utilities.SafeActions.safeClickwithScroll is PASSED&#xD;
&#xD;
2019-09-19 06:14:22 - [TEST_STEP][PASSED] - delay(2): Delayed 2 second(s)&#xD;
&#xD;
2019-09-19 06:14:24 - [MESSAGE][PASSED] - Delayed 2 second(s)&#xD;
&#xD;
2019-09-19 06:14:24 - [TEST_STEP][PASSED] - popupSavedToVaultMessage = utilities.SafeActions.safeGetText(findTestObject("Pages/FirstPayVault/popup_SavedToVaultMessage"), 5): utilities.SafeActions.safeGetText is PASSED&#xD;
&#xD;
2019-09-19 06:14:24 - [MESSAGE][PASSED] - Object 'Object Repository/Pages/FirstPayVault/popup_SavedToVaultMessage' is present&#xD;
&#xD;
2019-09-19 06:14:25 - [MESSAGE][PASSED] - Text of object 'Object Repository/Pages/FirstPayVault/popup_SavedToVaultMessage' is: 'Successfully Saved to Vault'&#xD;
&#xD;
2019-09-19 06:14:25 - [MESSAGE][PASSED] - utilities.SafeActions.safeGetText is PASSED&#xD;
&#xD;
2019-09-19 06:14:25 - [TEST_STEP][PASSED] - flag = utilities.SafeActions.verifyPopupMessage("Successfully Saved to Vault", popupSavedToVaultMessage): Popup Message : Successfully Saved to Vault matched with expected message : Successfully Saved to Vault&#xD;
&#xD;
2019-09-19 06:14:25 - [MESSAGE][PASSED] - Popup Message : Successfully Saved to Vault matched with expected message : Successfully Saved to Vault&#xD;
&#xD;
2019-09-19 06:14:25 - [TEST_STEP][PASSED] - delay(2): Delayed 2 second(s)&#xD;
&#xD;
2019-09-19 06:14:27 - [MESSAGE][PASSED] - Delayed 2 second(s)&#xD;
&#xD;
2019-09-19 06:14:27 - [TEST_STEP][PASSED] - utilities.SafeActions.safeClickWithoutScroll(findTestObject("Pages/FirstPayVault/button_RunASale_InPopup"), "Click on Run A Sale in Popup", [delayBetweenTestSteps]): utilities.SafeActions.safeClickWithoutScroll is PASSED&#xD;
&#xD;
2019-09-19 06:14:27 - [MESSAGE][INFO] - Safe Click Without scroll&#xD;
&#xD;
2019-09-19 06:14:27 - [MESSAGE][INFO] - 1stPayVault.ts:waiting until Click on Run A Sale in Popup is Clickable&#xD;
&#xD;
2019-09-19 06:14:27 - [MESSAGE][PASSED] - Object 'Object Repository/Pages/FirstPayVault/button_RunASale_InPopup' is clickable&#xD;
&#xD;
2019-09-19 06:14:27 - [MESSAGE][PASSED] - Object 'Object Repository/Pages/FirstPayVault/button_RunASale_InPopup' is visible&#xD;
&#xD;
2019-09-19 06:14:28 - [MESSAGE][PASSED] - Object: 'Object Repository/Pages/FirstPayVault/button_RunASale_InPopup' is clicked on&#xD;
&#xD;
2019-09-19 06:14:28 - [MESSAGE][INFO] - 1stPayVault.ts: click on the Click on Run A Sale in Popup&#xD;
&#xD;
2019-09-19 06:14:28 - [MESSAGE][PASSED] - utilities.SafeActions.safeClickWithoutScroll is PASSED&#xD;
&#xD;
2019-09-19 06:14:28 - [TEST_STEP][PASSED] - delay(1): Delayed 1 second(s)&#xD;
&#xD;
2019-09-19 06:14:29 - [MESSAGE][PASSED] - Delayed 1 second(s)&#xD;
&#xD;
2019-09-19 06:14:29 - [TEST_STEP][PASSED] - value = utilities.SafeActions.getAttributeValue(findTestObject("Pages/Sale/tab_Sale_Active"), "Sale"): The screen is Sale screen&#xD;
&#xD;
2019-09-19 06:14:29 - [MESSAGE][PASSED] - Attribute 'class' of object 'Object Repository/Pages/Sale/tab_Sale_Active' is: 'active_tab tabs__link'&#xD;
&#xD;
2019-09-19 06:14:29 - [MESSAGE][PASSED] - The screen is Sale screen&#xD;
&#xD;
2019-09-19 06:14:29 - [TEST_STEP][PASSED] - closeBrowser(): Browser is closed&#xD;
&#xD;
2019-09-19 06:14:31 - [MESSAGE][PASSED] - Browser is closed&#xD;
&#xD;
2019-09-19 06:14:31 - [TEST_STEP][PASSED] - Start listener action : sampleAfterTestCase: null</system-out>
            <system-err></system-err>
        </testcase>
        <testcase name="Test Cases/FirstView/FirstPayVault/TC_1st_Pay_Vault_003" classname="Test Cases/FirstView/FirstPayVault/TC_1st_Pay_Vault_003" status="PASSED">
            <system-out>2019-09-19 06:14:31 - [TEST_CASE][PASSED] - Test Cases/FirstView/FirstPayVault/TC_1st_Pay_Vault_003: Test Cases/FirstView/FirstPayVault/TC_1st_Pay_Vault_003&#xD;
&#xD;
2019-09-19 06:14:31 - [TEST_STEP][PASSED] - utilities.SafeActions.openBrowser(URL, [PageLoadTime]): utilities.SafeActions.openBrowser is PASSED&#xD;
&#xD;
2019-09-19 06:14:31 - [MESSAGE][INFO] - Opening Browser&#xD;
&#xD;
2019-09-19 06:14:31 - [MESSAGE][INFO] - Starting 'Firefox' driver&#xD;
&#xD;
2019-09-19 06:14:40 - [MESSAGE][PASSED] - Browser is opened with url: 'http://172.25.48.28/secure/VPOS/VPOS/Vpos'&#xD;
&#xD;
2019-09-19 06:14:40 - [MESSAGE][PASSED] - Current window maximized&#xD;
&#xD;
2019-09-19 06:14:40 - [MESSAGE][INFO] - Browser Launched Successfully&#xD;
&#xD;
2019-09-19 06:14:40 - [MESSAGE][PASSED] - utilities.SafeActions.openBrowser is PASSED&#xD;
&#xD;
2019-09-19 06:14:40 - [TEST_STEP][PASSED] - delay(6): Delayed 6 second(s)&#xD;
&#xD;
2019-09-19 06:14:46 - [MESSAGE][PASSED] - Delayed 6 second(s)&#xD;
&#xD;
2019-09-19 06:14:46 - [TEST_STEP][PASSED] - utilities.SafeActions.safeSelectOptionInDropDownByVisibleText(findTestObject("Pages/Sale/dropDown_AccountType"), "ranjanatest2 - 888814981372/001 Account Type: Retail", "Select by Value", [25]): utilities.SafeActions.safeSelectOptionInDropDownByVisibleText is PASSED&#xD;
&#xD;
2019-09-19 06:14:46 - [MESSAGE][PASSED] - Object 'Object Repository/Pages/Sale/dropDown_AccountType' is present&#xD;
&#xD;
2019-09-19 06:14:47 - [MESSAGE][PASSED] - Object: 'Object Repository/Pages/Sale/dropDown_AccountType' is clicked on&#xD;
&#xD;
2019-09-19 06:14:47 - [MESSAGE][PASSED] - All options with label 'ranjanatest2 - 888814981372/001 Account Type: Retail' are selected in object 'Object Repository/Pages/Sale/dropDown_AccountType' &#xD;
&#xD;
2019-09-19 06:14:47 - [MESSAGE][PASSED] - utilities.SafeActions.safeSelectOptionInDropDownByVisibleText is PASSED&#xD;
&#xD;
2019-09-19 06:14:47 - [TEST_STEP][PASSED] - utilities.SafeActions.safeClickWithoutScroll(findTestObject("Pages/FirstPayVault/tab_FirstPayVault"), "Click on FirstPayVault tab", [5]): utilities.SafeActions.safeClickWithoutScroll is PASSED&#xD;
&#xD;
2019-09-19 06:14:47 - [MESSAGE][INFO] - Safe Click Without scroll&#xD;
&#xD;
2019-09-19 06:14:47 - [MESSAGE][INFO] - 1stPayVault.ts:waiting until Click on FirstPayVault tab is Clickable&#xD;
&#xD;
2019-09-19 06:14:47 - [MESSAGE][PASSED] - Object 'Object Repository/Pages/FirstPayVault/tab_FirstPayVault' is clickable&#xD;
&#xD;
2019-09-19 06:14:47 - [MESSAGE][PASSED] - Object 'Object Repository/Pages/FirstPayVault/tab_FirstPayVault' is visible&#xD;
&#xD;
2019-09-19 06:14:48 - [MESSAGE][PASSED] - Object: 'Object Repository/Pages/FirstPayVault/tab_FirstPayVault' is clicked on&#xD;
&#xD;
2019-09-19 06:14:48 - [MESSAGE][INFO] - 1stPayVault.ts: click on the Click on FirstPayVault tab&#xD;
&#xD;
2019-09-19 06:14:48 - [MESSAGE][PASSED] - utilities.SafeActions.safeClickWithoutScroll is PASSED&#xD;
&#xD;
2019-09-19 06:14:48 - [TEST_STEP][PASSED] - utilities.SafeActions.safeClickWithoutScroll(findTestObject("Pages/FirstPayVault/button_CreateVault"), "Click on CreateVault button", [5]): utilities.SafeActions.safeClickWithoutScroll is PASSED&#xD;
&#xD;
2019-09-19 06:14:48 - [MESSAGE][INFO] - Safe Click Without scroll&#xD;
&#xD;
2019-09-19 06:14:48 - [MESSAGE][INFO] - 1stPayVault.ts:waiting until Click on CreateVault button is Clickable&#xD;
&#xD;
2019-09-19 06:14:48 - [MESSAGE][PASSED] - Object 'Object Repository/Pages/FirstPayVault/button_CreateVault' is clickable&#xD;
&#xD;
2019-09-19 06:14:48 - [MESSAGE][PASSED] - Object 'Object Repository/Pages/FirstPayVault/button_CreateVault' is visible&#xD;
&#xD;
2019-09-19 06:14:49 - [MESSAGE][PASSED] - Object: 'Object Repository/Pages/FirstPayVault/button_CreateVault' is clicked on&#xD;
&#xD;
2019-09-19 06:14:49 - [MESSAGE][INFO] - 1stPayVault.ts: click on the Click on CreateVault button&#xD;
&#xD;
2019-09-19 06:14:49 - [MESSAGE][PASSED] - utilities.SafeActions.safeClickWithoutScroll is PASSED&#xD;
&#xD;
2019-09-19 06:14:49 - [TEST_STEP][PASSED] - scrollToElement(findTestObject("Pages/FirstPayVault/input_VaultReferenceNumber"), 5): Scroll to object 'Object Repository/Pages/FirstPayVault/input_VaultReferenceNumber' successfully&#xD;
&#xD;
2019-09-19 06:14:49 - [MESSAGE][PASSED] - Scroll to object 'Object Repository/Pages/FirstPayVault/input_VaultReferenceNumber' successfully&#xD;
&#xD;
2019-09-19 06:14:49 - [TEST_STEP][PASSED] - vaultReference = utilities.SafeActions.timeWithMilliSeconds(): utilities.SafeActions.timeWithMilliSeconds is PASSED&#xD;
&#xD;
2019-09-19 06:14:49 - [MESSAGE][PASSED] - utilities.SafeActions.timeWithMilliSeconds is PASSED&#xD;
&#xD;
2019-09-19 06:14:49 - [TEST_STEP][PASSED] - utilities.SafeActions.safeType(findTestObject("Pages/FirstPayVault/input_VaultReferenceNumber"), vaultReference, "Entering Vault Reference Number", [5]): utilities.SafeActions.safeType is PASSED&#xD;
&#xD;
2019-09-19 06:14:49 - [MESSAGE][PASSED] - Object 'Object Repository/Pages/FirstPayVault/input_VaultReferenceNumber' is present&#xD;
&#xD;
2019-09-19 06:14:50 - [MESSAGE][PASSED] - Object: 'Object Repository/Pages/FirstPayVault/input_VaultReferenceNumber' is clicked on&#xD;
&#xD;
2019-09-19 06:14:50 - [MESSAGE][PASSED] - Text '2019-09-19 06:14:49.454' is set on object 'Object Repository/Pages/FirstPayVault/input_VaultReferenceNumber'&#xD;
&#xD;
2019-09-19 06:14:50 - [MESSAGE][PASSED] - utilities.SafeActions.safeType is PASSED&#xD;
&#xD;
2019-09-19 06:14:50 - [TEST_STEP][PASSED] - utilities.SafeActions.safeType(findTestObject("Pages/FirstPayVault/input_CreditCardNumber"), visaCardNumber, "Entering Card Number", [10]): utilities.SafeActions.safeType is PASSED&#xD;
&#xD;
2019-09-19 06:14:50 - [MESSAGE][PASSED] - Object 'Object Repository/Pages/FirstPayVault/input_CreditCardNumber' is present&#xD;
&#xD;
2019-09-19 06:14:51 - [MESSAGE][PASSED] - Object: 'Object Repository/Pages/FirstPayVault/input_CreditCardNumber' is clicked on&#xD;
&#xD;
2019-09-19 06:14:51 - [MESSAGE][PASSED] - Text '4111111111111111' is set on object 'Object Repository/Pages/FirstPayVault/input_CreditCardNumber'&#xD;
&#xD;
2019-09-19 06:14:51 - [MESSAGE][PASSED] - utilities.SafeActions.safeType is PASSED&#xD;
&#xD;
2019-09-19 06:14:51 - [TEST_STEP][PASSED] - delay(4): Delayed 4 second(s)&#xD;
&#xD;
2019-09-19 06:14:55 - [MESSAGE][PASSED] - Delayed 4 second(s)&#xD;
&#xD;
2019-09-19 06:14:55 - [TEST_STEP][PASSED] - utilities.SafeActions.safeSelectOptionInDropDownByVisibleText(findTestObject("Pages/FirstPayVault/dropDown_ExpirationMonth"), cardMonth, "Expiration Month", [5]): utilities.SafeActions.safeSelectOptionInDropDownByVisibleText is PASSED&#xD;
&#xD;
2019-09-19 06:14:55 - [MESSAGE][PASSED] - Object 'Object Repository/Pages/FirstPayVault/dropDown_ExpirationMonth' is present&#xD;
&#xD;
2019-09-19 06:14:56 - [MESSAGE][PASSED] - Object: 'Object Repository/Pages/FirstPayVault/dropDown_ExpirationMonth' is clicked on&#xD;
&#xD;
2019-09-19 06:14:56 - [MESSAGE][PASSED] - All options with label 'September' are selected in object 'Object Repository/Pages/FirstPayVault/dropDown_ExpirationMonth' &#xD;
&#xD;
2019-09-19 06:14:56 - [MESSAGE][PASSED] - utilities.SafeActions.safeSelectOptionInDropDownByVisibleText is PASSED&#xD;
&#xD;
2019-09-19 06:14:56 - [TEST_STEP][PASSED] - utilities.SafeActions.safeSelectOptionInDropDownByVisibleText(findTestObject("Pages/FirstPayVault/dropDown_ExpirationYear"), cardYear, "year", [5]): utilities.SafeActions.safeSelectOptionInDropDownByVisibleText is PASSED&#xD;
&#xD;
2019-09-19 06:14:57 - [MESSAGE][PASSED] - Object 'Object Repository/Pages/FirstPayVault/dropDown_ExpirationYear' is present&#xD;
&#xD;
2019-09-19 06:14:57 - [MESSAGE][PASSED] - Object: 'Object Repository/Pages/FirstPayVault/dropDown_ExpirationYear' is clicked on&#xD;
&#xD;
2019-09-19 06:14:58 - [MESSAGE][PASSED] - All options with label '2022' are selected in object 'Object Repository/Pages/FirstPayVault/dropDown_ExpirationYear' &#xD;
&#xD;
2019-09-19 06:14:58 - [MESSAGE][PASSED] - utilities.SafeActions.safeSelectOptionInDropDownByVisibleText is PASSED&#xD;
&#xD;
2019-09-19 06:14:58 - [TEST_STEP][PASSED] - delay(2): Delayed 2 second(s)&#xD;
&#xD;
2019-09-19 06:15:00 - [MESSAGE][PASSED] - Delayed 2 second(s)&#xD;
&#xD;
2019-09-19 06:15:00 - [TEST_STEP][PASSED] - utilities.SafeActions.safeType(findTestObject("Pages/FirstPayVault/input_ContactName"), customerName, "Enter Contact Name", [5]): utilities.SafeActions.safeType is PASSED&#xD;
&#xD;
2019-09-19 06:15:00 - [MESSAGE][PASSED] - Object 'Object Repository/Pages/FirstPayVault/input_ContactName' is present&#xD;
&#xD;
2019-09-19 06:15:01 - [MESSAGE][PASSED] - Object: 'Object Repository/Pages/FirstPayVault/input_ContactName' is clicked on&#xD;
&#xD;
2019-09-19 06:15:01 - [MESSAGE][PASSED] - Text 'Venkat Sai' is set on object 'Object Repository/Pages/FirstPayVault/input_ContactName'&#xD;
&#xD;
2019-09-19 06:15:01 - [MESSAGE][PASSED] - utilities.SafeActions.safeType is PASSED&#xD;
&#xD;
2019-09-19 06:15:01 - [TEST_STEP][PASSED] - utilities.SafeActions.safeType(findTestObject("Pages/FirstPayVault/input_PostalCode"), "76102", "Enter Postal Code", [5]): utilities.SafeActions.safeType is PASSED&#xD;
&#xD;
2019-09-19 06:15:01 - [MESSAGE][PASSED] - Object 'Object Repository/Pages/FirstPayVault/input_PostalCode' is present&#xD;
&#xD;
2019-09-19 06:15:02 - [MESSAGE][PASSED] - Object: 'Object Repository/Pages/FirstPayVault/input_PostalCode' is clicked on&#xD;
&#xD;
2019-09-19 06:15:02 - [MESSAGE][PASSED] - Text '76102' is set on object 'Object Repository/Pages/FirstPayVault/input_PostalCode'&#xD;
&#xD;
2019-09-19 06:15:02 - [MESSAGE][PASSED] - utilities.SafeActions.safeType is PASSED&#xD;
&#xD;
2019-09-19 06:15:02 - [TEST_STEP][PASSED] - utilities.SafeActions.safeType(findTestObject("Pages/FirstPayVault/input_Address"), "James Street", "Enter ddress", [5]): utilities.SafeActions.safeType is PASSED&#xD;
&#xD;
2019-09-19 06:15:02 - [MESSAGE][PASSED] - Object 'Object Repository/Pages/FirstPayVault/input_Address' is present&#xD;
&#xD;
2019-09-19 06:15:03 - [MESSAGE][PASSED] - Object: 'Object Repository/Pages/FirstPayVault/input_Address' is clicked on&#xD;
&#xD;
2019-09-19 06:15:03 - [MESSAGE][PASSED] - Text 'James Street' is set on object 'Object Repository/Pages/FirstPayVault/input_Address'&#xD;
&#xD;
2019-09-19 06:15:03 - [MESSAGE][PASSED] - utilities.SafeActions.safeType is PASSED&#xD;
&#xD;
2019-09-19 06:15:03 - [TEST_STEP][PASSED] - utilities.SafeActions.safeCheckForElement(findTestObject("Pages/FirstPayVault/chekBox_AddShippingInformation"), 5): utilities.SafeActions.safeCheckForElement is PASSED&#xD;
&#xD;
2019-09-19 06:15:03 - [MESSAGE][PASSED] - Object 'Object Repository/Pages/FirstPayVault/chekBox_AddShippingInformation' is present&#xD;
&#xD;
2019-09-19 06:15:04 - [MESSAGE][PASSED] - Object 'Object Repository/Pages/FirstPayVault/chekBox_AddShippingInformation' is checked&#xD;
&#xD;
2019-09-19 06:15:04 - [MESSAGE][PASSED] - utilities.SafeActions.safeCheckForElement is PASSED&#xD;
&#xD;
2019-09-19 06:15:04 - [TEST_STEP][PASSED] - utilities.SafeActions.safeType(findTestObject("Pages/FirstPayVault/input_ShippingMethod"), "DTDC", "Enter Shipping Method", [5]): utilities.SafeActions.safeType is PASSED&#xD;
&#xD;
2019-09-19 06:15:04 - [MESSAGE][PASSED] - Object 'Object Repository/Pages/FirstPayVault/input_ShippingMethod' is present&#xD;
&#xD;
2019-09-19 06:15:05 - [MESSAGE][PASSED] - Object: 'Object Repository/Pages/FirstPayVault/input_ShippingMethod' is clicked on&#xD;
&#xD;
2019-09-19 06:15:05 - [MESSAGE][PASSED] - Text 'DTDC' is set on object 'Object Repository/Pages/FirstPayVault/input_ShippingMethod'&#xD;
&#xD;
2019-09-19 06:15:05 - [MESSAGE][PASSED] - utilities.SafeActions.safeType is PASSED&#xD;
&#xD;
2019-09-19 06:15:05 - [TEST_STEP][PASSED] - utilities.SafeActions.safeCheckForElement(findTestObject("Pages/FirstPayVault/checkbox_SameAsBillingInformation"), 5): utilities.SafeActions.safeCheckForElement is PASSED&#xD;
&#xD;
2019-09-19 06:15:05 - [MESSAGE][PASSED] - Object 'Object Repository/Pages/FirstPayVault/checkbox_SameAsBillingInformation' is present&#xD;
&#xD;
2019-09-19 06:15:06 - [MESSAGE][PASSED] - Object 'Object Repository/Pages/FirstPayVault/checkbox_SameAsBillingInformation' is checked&#xD;
&#xD;
2019-09-19 06:15:06 - [MESSAGE][PASSED] - utilities.SafeActions.safeCheckForElement is PASSED&#xD;
&#xD;
2019-09-19 06:15:06 - [TEST_STEP][PASSED] - utilities.SafeActions.safeClickwithScroll(findTestObject("Pages/FirstPayVault/button_Create"), "Click on Create Button", [5]): utilities.SafeActions.safeClickwithScroll is PASSED&#xD;
&#xD;
2019-09-19 06:15:06 - [MESSAGE][PASSED] - Scroll to object 'Object Repository/Pages/FirstPayVault/button_Create' successfully&#xD;
&#xD;
2019-09-19 06:15:06 - [MESSAGE][INFO] - 1stPayVault.ts:waiting until Click on Create Button is Clickable&#xD;
&#xD;
2019-09-19 06:15:06 - [MESSAGE][PASSED] - Object 'Object Repository/Pages/FirstPayVault/button_Create' is clickable&#xD;
&#xD;
2019-09-19 06:15:06 - [MESSAGE][PASSED] - Object 'Object Repository/Pages/FirstPayVault/button_Create' is visible&#xD;
&#xD;
2019-09-19 06:15:07 - [MESSAGE][PASSED] - Object: 'Object Repository/Pages/FirstPayVault/button_Create' is clicked on&#xD;
&#xD;
2019-09-19 06:15:07 - [MESSAGE][INFO] - 1stPayVault.ts: Clicked on the Click on Create Button&#xD;
&#xD;
2019-09-19 06:15:07 - [MESSAGE][PASSED] - utilities.SafeActions.safeClickwithScroll is PASSED&#xD;
&#xD;
2019-09-19 06:15:07 - [TEST_STEP][PASSED] - delay(2): Delayed 2 second(s)&#xD;
&#xD;
2019-09-19 06:15:09 - [MESSAGE][PASSED] - Delayed 2 second(s)&#xD;
&#xD;
2019-09-19 06:15:09 - [TEST_STEP][PASSED] - popupSavedToVaultMessage = utilities.SafeActions.safeGetText(findTestObject("Pages/FirstPayVault/popup_SavedToVaultMessage"), 5): utilities.SafeActions.safeGetText is PASSED&#xD;
&#xD;
2019-09-19 06:15:09 - [MESSAGE][PASSED] - Object 'Object Repository/Pages/FirstPayVault/popup_SavedToVaultMessage' is present&#xD;
&#xD;
2019-09-19 06:15:10 - [MESSAGE][PASSED] - Text of object 'Object Repository/Pages/FirstPayVault/popup_SavedToVaultMessage' is: 'Successfully Saved to Vault'&#xD;
&#xD;
2019-09-19 06:15:10 - [MESSAGE][PASSED] - utilities.SafeActions.safeGetText is PASSED&#xD;
&#xD;
2019-09-19 06:15:10 - [TEST_STEP][PASSED] - flag = utilities.SafeActions.verifyPopupMessage("Successfully Saved to Vault", popupSavedToVaultMessage): Popup Message : Successfully Saved to Vault matched with expected message : Successfully Saved to Vault&#xD;
&#xD;
2019-09-19 06:15:10 - [MESSAGE][PASSED] - Popup Message : Successfully Saved to Vault matched with expected message : Successfully Saved to Vault&#xD;
&#xD;
2019-09-19 06:15:10 - [TEST_STEP][PASSED] - delay(2): Delayed 2 second(s)&#xD;
&#xD;
2019-09-19 06:15:12 - [MESSAGE][PASSED] - Delayed 2 second(s)&#xD;
&#xD;
2019-09-19 06:15:12 - [TEST_STEP][PASSED] - utilities.SafeActions.safeClickWithoutScroll(findTestObject("Pages/FirstPayVault/button_RunSaleWithThisVault_InPopup"), "Click on Run Sale With This Vault in Popup", [delayBetweenTestSteps]): utilities.SafeActions.safeClickWithoutScroll is PASSED&#xD;
&#xD;
2019-09-19 06:15:12 - [MESSAGE][INFO] - Safe Click Without scroll&#xD;
&#xD;
2019-09-19 06:15:12 - [MESSAGE][INFO] - 1stPayVault.ts:waiting until Click on Run Sale With This Vault in Popup is Clickable&#xD;
&#xD;
2019-09-19 06:15:12 - [MESSAGE][PASSED] - Object 'Object Repository/Pages/FirstPayVault/button_RunSaleWithThisVault_InPopup' is clickable&#xD;
&#xD;
2019-09-19 06:15:12 - [MESSAGE][PASSED] - Object 'Object Repository/Pages/FirstPayVault/button_RunSaleWithThisVault_InPopup' is visible&#xD;
&#xD;
2019-09-19 06:15:13 - [MESSAGE][PASSED] - Object: 'Object Repository/Pages/FirstPayVault/button_RunSaleWithThisVault_InPopup' is clicked on&#xD;
&#xD;
2019-09-19 06:15:13 - [MESSAGE][INFO] - 1stPayVault.ts: click on the Click on Run Sale With This Vault in Popup&#xD;
&#xD;
2019-09-19 06:15:13 - [MESSAGE][PASSED] - utilities.SafeActions.safeClickWithoutScroll is PASSED&#xD;
&#xD;
2019-09-19 06:15:13 - [TEST_STEP][PASSED] - delay(1): Delayed 1 second(s)&#xD;
&#xD;
2019-09-19 06:15:14 - [MESSAGE][PASSED] - Delayed 1 second(s)&#xD;
&#xD;
2019-09-19 06:15:14 - [TEST_STEP][PASSED] - value = utilities.SafeActions.getAttributeValue(findTestObject("Pages/FirstPayVault/tab_1stPayVault_Active"), "1st_PayVault"): The screen is 1st_PayVault screen&#xD;
&#xD;
2019-09-19 06:15:14 - [MESSAGE][PASSED] - Attribute 'class' of object 'Object Repository/Pages/FirstPayVault/tab_1stPayVault_Active' is: 'active_tab tabs__link'&#xD;
&#xD;
2019-09-19 06:15:14 - [MESSAGE][PASSED] - The screen is 1st_PayVault screen&#xD;
&#xD;
2019-09-19 06:15:14 - [TEST_STEP][PASSED] - scrollToElement(findTestObject("Pages/FirstPayVault/input_Amount"), 5): Scroll to object 'Object Repository/Pages/FirstPayVault/input_Amount' successfully&#xD;
&#xD;
2019-09-19 06:15:14 - [MESSAGE][PASSED] - Scroll to object 'Object Repository/Pages/FirstPayVault/input_Amount' successfully&#xD;
&#xD;
2019-09-19 06:15:14 - [TEST_STEP][PASSED] - utilities.SafeActions.safeType(findTestObject("Pages/FirstPayVault/input_Amount"), "450", "Enter Amount", [5]): utilities.SafeActions.safeType is PASSED&#xD;
&#xD;
2019-09-19 06:15:14 - [MESSAGE][PASSED] - Object 'Object Repository/Pages/FirstPayVault/input_Amount' is present&#xD;
&#xD;
2019-09-19 06:15:15 - [MESSAGE][PASSED] - Object: 'Object Repository/Pages/FirstPayVault/input_Amount' is clicked on&#xD;
&#xD;
2019-09-19 06:15:15 - [MESSAGE][PASSED] - Text '450' is set on object 'Object Repository/Pages/FirstPayVault/input_Amount'&#xD;
&#xD;
2019-09-19 06:15:15 - [MESSAGE][PASSED] - utilities.SafeActions.safeType is PASSED&#xD;
&#xD;
2019-09-19 06:15:15 - [TEST_STEP][PASSED] - salesTax = utilities.SafeActions.safeGetText(findTestObject("Pages/FirstPayVault/input_SalesTaxUnderAmount"), delayBetweenTestSteps): utilities.SafeActions.safeGetText is PASSED&#xD;
&#xD;
2019-09-19 06:15:15 - [MESSAGE][PASSED] - Object 'Object Repository/Pages/FirstPayVault/input_SalesTaxUnderAmount' is present&#xD;
&#xD;
2019-09-19 06:15:16 - [MESSAGE][PASSED] - Text of object 'Object Repository/Pages/FirstPayVault/input_SalesTaxUnderAmount' is: '$45.00'&#xD;
&#xD;
2019-09-19 06:15:16 - [MESSAGE][PASSED] - utilities.SafeActions.safeGetText is PASSED&#xD;
&#xD;
2019-09-19 06:15:16 - [TEST_STEP][PASSED] - pages.FirstPayVault.verifyAmountIsNotZero(salesTax): pages.FirstPayVault.verifyAmountIsNotZero is PASSED&#xD;
&#xD;
2019-09-19 06:15:16 - [MESSAGE][PASSED] - pages.FirstPayVault.verifyAmountIsNotZero is PASSED&#xD;
&#xD;
2019-09-19 06:15:16 - [TEST_STEP][PASSED] - scrollToElement(findTestObject("Pages/FirstPayVault/input_CreditCardNumberForVerification"), delayBetweenTestSteps): Scroll to object 'Object Repository/Pages/FirstPayVault/input_CreditCardNumberForVerification' successfully&#xD;
&#xD;
2019-09-19 06:15:16 - [MESSAGE][PASSED] - Scroll to object 'Object Repository/Pages/FirstPayVault/input_CreditCardNumberForVerification' successfully&#xD;
&#xD;
2019-09-19 06:15:16 - [TEST_STEP][PASSED] - cardNumber = utilities.SafeActions.getAttribute(findTestObject("Pages/FirstPayVault/input_CreditCardNumberForVerification"), "1st Pay Vault"): utilities.SafeActions.getAttribute is PASSED&#xD;
&#xD;
2019-09-19 06:15:16 - [MESSAGE][PASSED] - Attribute 'value' of object 'Object Repository/Pages/FirstPayVault/input_CreditCardNumberForVerification' is: '411111******1111'&#xD;
&#xD;
2019-09-19 06:15:16 - [MESSAGE][PASSED] - utilities.SafeActions.getAttribute is PASSED&#xD;
&#xD;
2019-09-19 06:15:16 - [TEST_STEP][PASSED] - pages.FirstPayVault.verifycardNumber(cardNumber, visaCardNumber): Actual String : 4111111111111111 matched with Expected message : 411111******1111&#xD;
&#xD;
2019-09-19 06:15:16 - [MESSAGE][PASSED] - Actual String : 4111111111111111 matched with Expected message : 411111******1111&#xD;
&#xD;
2019-09-19 06:15:16 - [TEST_STEP][PASSED] - expirationYear = utilities.SafeActions.getAttribute(findTestObject("Pages/FirstPayVault/dropDownExpirationYearForVerification"), "1st Pay Vault"): utilities.SafeActions.getAttribute is PASSED&#xD;
&#xD;
2019-09-19 06:15:16 - [MESSAGE][PASSED] - Attribute 'value' of object 'Object Repository/Pages/FirstPayVault/dropDownExpirationYearForVerification' is: '2022'&#xD;
&#xD;
2019-09-19 06:15:16 - [MESSAGE][PASSED] - utilities.SafeActions.getAttribute is PASSED&#xD;
&#xD;
2019-09-19 06:15:16 - [TEST_STEP][PASSED] - pages.FirstPayVault.verifyStrings(expirationYear, cardYear): Actual String : 2022 matched with Expected message : 2022&#xD;
&#xD;
2019-09-19 06:15:16 - [MESSAGE][PASSED] - Actual String : 2022 matched with Expected message : 2022&#xD;
&#xD;
2019-09-19 06:15:16 - [TEST_STEP][PASSED] - scrollToElement(findTestObject("Pages/FirstPayVault/input_VerifyCardHolderName"), 5): Scroll to object 'Object Repository/Pages/FirstPayVault/input_VerifyCardHolderName' successfully&#xD;
&#xD;
2019-09-19 06:15:16 - [MESSAGE][PASSED] - Scroll to object 'Object Repository/Pages/FirstPayVault/input_VerifyCardHolderName' successfully&#xD;
&#xD;
2019-09-19 06:15:16 - [TEST_STEP][PASSED] - name = utilities.SafeActions.getAttribute(findTestObject("Pages/FirstPayVault/input_VerifyCardHolderName"), "1stPayVault"): utilities.SafeActions.getAttribute is PASSED&#xD;
&#xD;
2019-09-19 06:15:16 - [MESSAGE][PASSED] - Attribute 'value' of object 'Object Repository/Pages/FirstPayVault/input_VerifyCardHolderName' is: 'Venkat Sai'&#xD;
&#xD;
2019-09-19 06:15:16 - [MESSAGE][PASSED] - utilities.SafeActions.getAttribute is PASSED&#xD;
&#xD;
2019-09-19 06:15:16 - [TEST_STEP][PASSED] - pages.FirstPayVault.verifyStrings(name, customerName): Actual String : Venkat Sai matched with Expected message : Venkat Sai&#xD;
&#xD;
2019-09-19 06:15:16 - [MESSAGE][PASSED] - Actual String : Venkat Sai matched with Expected message : Venkat Sai&#xD;
&#xD;
2019-09-19 06:15:16 - [TEST_STEP][PASSED] - scrollToElement(findTestObject("Pages/FirstPayVault/checkbox_TaxExempt"), 5): Scroll to object 'Object Repository/Pages/FirstPayVault/checkbox_TaxExempt' successfully&#xD;
&#xD;
2019-09-19 06:15:17 - [MESSAGE][PASSED] - Scroll to object 'Object Repository/Pages/FirstPayVault/checkbox_TaxExempt' successfully&#xD;
&#xD;
2019-09-19 06:15:17 - [TEST_STEP][PASSED] - salesTax = utilities.SafeActions.safeGetText(findTestObject("Pages/FirstPayVault/amount_UnderPurchaseCardInformation"), delayBetweenTestSteps): utilities.SafeActions.safeGetText is PASSED&#xD;
&#xD;
2019-09-19 06:15:17 - [MESSAGE][PASSED] - Object 'Object Repository/Pages/FirstPayVault/amount_UnderPurchaseCardInformation' is present&#xD;
&#xD;
2019-09-19 06:15:17 - [MESSAGE][PASSED] - Text of object 'Object Repository/Pages/FirstPayVault/amount_UnderPurchaseCardInformation' is: '$45.00'&#xD;
&#xD;
2019-09-19 06:15:17 - [MESSAGE][PASSED] - utilities.SafeActions.safeGetText is PASSED&#xD;
&#xD;
2019-09-19 06:15:17 - [TEST_STEP][PASSED] - pages.FirstPayVault.verifyAmountIsNotZero(salesTax): pages.FirstPayVault.verifyAmountIsNotZero is PASSED&#xD;
&#xD;
2019-09-19 06:15:17 - [MESSAGE][PASSED] - pages.FirstPayVault.verifyAmountIsNotZero is PASSED&#xD;
&#xD;
2019-09-19 06:15:17 - [TEST_STEP][PASSED] - utilities.SafeActions.safeCheckForElement(findTestObject("Pages/FirstPayVault/checkbox_TaxExempt"), 5): utilities.SafeActions.safeCheckForElement is PASSED&#xD;
&#xD;
2019-09-19 06:15:17 - [MESSAGE][PASSED] - Object 'Object Repository/Pages/FirstPayVault/checkbox_TaxExempt' is present&#xD;
&#xD;
2019-09-19 06:15:18 - [MESSAGE][PASSED] - Object 'Object Repository/Pages/FirstPayVault/checkbox_TaxExempt' is checked&#xD;
&#xD;
2019-09-19 06:15:18 - [MESSAGE][PASSED] - utilities.SafeActions.safeCheckForElement is PASSED&#xD;
&#xD;
2019-09-19 06:15:18 - [TEST_STEP][PASSED] - utilities.SafeActions.safeClickwithScroll(findTestObject("Pages/FirstPayVault/button_Checkout"), "Click on Checkout", [5]): utilities.SafeActions.safeClickwithScroll is PASSED&#xD;
&#xD;
2019-09-19 06:15:18 - [MESSAGE][PASSED] - Scroll to object 'Object Repository/Pages/FirstPayVault/button_Checkout' successfully&#xD;
&#xD;
2019-09-19 06:15:18 - [MESSAGE][INFO] - 1stPayVault.ts:waiting until Click on Checkout is Clickable&#xD;
&#xD;
2019-09-19 06:15:18 - [MESSAGE][PASSED] - Object 'Object Repository/Pages/FirstPayVault/button_Checkout' is clickable&#xD;
&#xD;
2019-09-19 06:15:18 - [MESSAGE][PASSED] - Object 'Object Repository/Pages/FirstPayVault/button_Checkout' is visible&#xD;
&#xD;
2019-09-19 06:15:19 - [MESSAGE][PASSED] - Object: 'Object Repository/Pages/FirstPayVault/button_Checkout' is clicked on&#xD;
&#xD;
2019-09-19 06:15:19 - [MESSAGE][INFO] - 1stPayVault.ts: Clicked on the Click on Checkout&#xD;
&#xD;
2019-09-19 06:15:19 - [MESSAGE][PASSED] - utilities.SafeActions.safeClickwithScroll is PASSED&#xD;
&#xD;
2019-09-19 06:15:19 - [TEST_STEP][PASSED] - pages.Sale.verifyTransactionCompletePage(findTestObject("Pages/Sale/heading_TransactionComplete")): The screen is Transaction Complete screen&#xD;
&#xD;
2019-09-19 06:15:22 - [MESSAGE][PASSED] - Object 'Object Repository/Pages/Sale/heading_TransactionComplete' is present&#xD;
&#xD;
2019-09-19 06:15:22 - [MESSAGE][PASSED] - The screen is Transaction Complete screen&#xD;
&#xD;
2019-09-19 06:15:22 - [TEST_STEP][PASSED] - delay(delayBetweenTestSteps): Delayed 3 second(s)&#xD;
&#xD;
2019-09-19 06:15:25 - [MESSAGE][PASSED] - Delayed 3 second(s)&#xD;
&#xD;
2019-09-19 06:15:25 - [TEST_STEP][PASSED] - utilities.SafeActions.safeClickWithoutScroll(findTestObject("Pages/FirstPayVault/button_Return_InTransactionComplete"), "Click On Return Button", [5]): utilities.SafeActions.safeClickWithoutScroll is PASSED&#xD;
&#xD;
2019-09-19 06:15:26 - [MESSAGE][INFO] - Safe Click Without scroll&#xD;
&#xD;
2019-09-19 06:15:26 - [MESSAGE][INFO] - 1stPayVault.ts:waiting until Click On Return Button is Clickable&#xD;
&#xD;
2019-09-19 06:15:26 - [MESSAGE][PASSED] - Object 'Object Repository/Pages/FirstPayVault/button_Return_InTransactionComplete' is clickable&#xD;
&#xD;
2019-09-19 06:15:26 - [MESSAGE][PASSED] - Object 'Object Repository/Pages/FirstPayVault/button_Return_InTransactionComplete' is visible&#xD;
&#xD;
2019-09-19 06:15:26 - [MESSAGE][PASSED] - Object: 'Object Repository/Pages/FirstPayVault/button_Return_InTransactionComplete' is clicked on&#xD;
&#xD;
2019-09-19 06:15:26 - [MESSAGE][INFO] - 1stPayVault.ts: click on the Click On Return Button&#xD;
&#xD;
2019-09-19 06:15:26 - [MESSAGE][PASSED] - utilities.SafeActions.safeClickWithoutScroll is PASSED&#xD;
&#xD;
2019-09-19 06:15:26 - [TEST_STEP][PASSED] - delay(delayBetweenTestSteps): Delayed 3 second(s)&#xD;
&#xD;
2019-09-19 06:15:29 - [MESSAGE][PASSED] - Delayed 3 second(s)&#xD;
&#xD;
2019-09-19 06:15:29 - [TEST_STEP][PASSED] - closeBrowser(): Browser is closed&#xD;
&#xD;
2019-09-19 06:15:31 - [MESSAGE][PASSED] - Browser is closed&#xD;
&#xD;
2019-09-19 06:15:31 - [TEST_STEP][PASSED] - Start listener action : sampleAfterTestCase: null</system-out>
            <system-err></system-err>
        </testcase>
        <testcase name="Test Cases/FirstView/FirstPayVault/TC_1st_Pay_Vault_004" classname="Test Cases/FirstView/FirstPayVault/TC_1st_Pay_Vault_004" status="PASSED">
            <system-out>2019-09-19 06:15:31 - [TEST_CASE][PASSED] - Test Cases/FirstView/FirstPayVault/TC_1st_Pay_Vault_004: Test Cases/FirstView/FirstPayVault/TC_1st_Pay_Vault_004&#xD;
&#xD;
2019-09-19 06:15:32 - [TEST_STEP][PASSED] - utilities.SafeActions.openBrowser(URL, [PageLoadTime]): utilities.SafeActions.openBrowser is PASSED&#xD;
&#xD;
2019-09-19 06:15:32 - [MESSAGE][INFO] - Opening Browser&#xD;
&#xD;
2019-09-19 06:15:32 - [MESSAGE][INFO] - Starting 'Firefox' driver&#xD;
&#xD;
2019-09-19 06:15:40 - [MESSAGE][PASSED] - Browser is opened with url: 'http://172.25.48.28/secure/VPOS/VPOS/Vpos'&#xD;
&#xD;
2019-09-19 06:15:40 - [MESSAGE][PASSED] - Current window maximized&#xD;
&#xD;
2019-09-19 06:15:40 - [MESSAGE][INFO] - Browser Launched Successfully&#xD;
&#xD;
2019-09-19 06:15:40 - [MESSAGE][PASSED] - utilities.SafeActions.openBrowser is PASSED&#xD;
&#xD;
2019-09-19 06:15:40 - [TEST_STEP][PASSED] - delay(6): Delayed 6 second(s)&#xD;
&#xD;
2019-09-19 06:15:46 - [MESSAGE][PASSED] - Delayed 6 second(s)&#xD;
&#xD;
2019-09-19 06:15:46 - [TEST_STEP][PASSED] - utilities.SafeActions.safeSelectOptionInDropDownByVisibleText(findTestObject("Pages/Sale/dropDown_AccountType"), "ranjanatest2 - 888814981372/001 Account Type: Retail", "Select by Value", [25]): utilities.SafeActions.safeSelectOptionInDropDownByVisibleText is PASSED&#xD;
&#xD;
2019-09-19 06:15:46 - [MESSAGE][PASSED] - Object 'Object Repository/Pages/Sale/dropDown_AccountType' is present&#xD;
&#xD;
2019-09-19 06:15:47 - [MESSAGE][PASSED] - Object: 'Object Repository/Pages/Sale/dropDown_AccountType' is clicked on&#xD;
&#xD;
2019-09-19 06:15:47 - [MESSAGE][PASSED] - All options with label 'ranjanatest2 - 888814981372/001 Account Type: Retail' are selected in object 'Object Repository/Pages/Sale/dropDown_AccountType' &#xD;
&#xD;
2019-09-19 06:15:47 - [MESSAGE][PASSED] - utilities.SafeActions.safeSelectOptionInDropDownByVisibleText is PASSED&#xD;
&#xD;
2019-09-19 06:15:47 - [TEST_STEP][PASSED] - utilities.SafeActions.safeClickWithoutScroll(findTestObject("Pages/FirstPayVault/tab_FirstPayVault"), "Click on FirstPayVault tab", [5]): utilities.SafeActions.safeClickWithoutScroll is PASSED&#xD;
&#xD;
2019-09-19 06:15:47 - [MESSAGE][INFO] - Safe Click Without scroll&#xD;
&#xD;
2019-09-19 06:15:47 - [MESSAGE][INFO] - 1stPayVault.ts:waiting until Click on FirstPayVault tab is Clickable&#xD;
&#xD;
2019-09-19 06:15:47 - [MESSAGE][PASSED] - Object 'Object Repository/Pages/FirstPayVault/tab_FirstPayVault' is clickable&#xD;
&#xD;
2019-09-19 06:15:48 - [MESSAGE][PASSED] - Object 'Object Repository/Pages/FirstPayVault/tab_FirstPayVault' is visible&#xD;
&#xD;
2019-09-19 06:15:48 - [MESSAGE][PASSED] - Object: 'Object Repository/Pages/FirstPayVault/tab_FirstPayVault' is clicked on&#xD;
&#xD;
2019-09-19 06:15:48 - [MESSAGE][INFO] - 1stPayVault.ts: click on the Click on FirstPayVault tab&#xD;
&#xD;
2019-09-19 06:15:48 - [MESSAGE][PASSED] - utilities.SafeActions.safeClickWithoutScroll is PASSED&#xD;
&#xD;
2019-09-19 06:15:48 - [TEST_STEP][PASSED] - utilities.SafeActions.safeClickWithoutScroll(findTestObject("Pages/FirstPayVault/button_CreateVault"), "Click on CreateVault button", [5]): utilities.SafeActions.safeClickWithoutScroll is PASSED&#xD;
&#xD;
2019-09-19 06:15:48 - [MESSAGE][INFO] - Safe Click Without scroll&#xD;
&#xD;
2019-09-19 06:15:48 - [MESSAGE][INFO] - 1stPayVault.ts:waiting until Click on CreateVault button is Clickable&#xD;
&#xD;
2019-09-19 06:15:48 - [MESSAGE][PASSED] - Object 'Object Repository/Pages/FirstPayVault/button_CreateVault' is clickable&#xD;
&#xD;
2019-09-19 06:15:48 - [MESSAGE][PASSED] - Object 'Object Repository/Pages/FirstPayVault/button_CreateVault' is visible&#xD;
&#xD;
2019-09-19 06:15:49 - [MESSAGE][PASSED] - Object: 'Object Repository/Pages/FirstPayVault/button_CreateVault' is clicked on&#xD;
&#xD;
2019-09-19 06:15:49 - [MESSAGE][INFO] - 1stPayVault.ts: click on the Click on CreateVault button&#xD;
&#xD;
2019-09-19 06:15:49 - [MESSAGE][PASSED] - utilities.SafeActions.safeClickWithoutScroll is PASSED&#xD;
&#xD;
2019-09-19 06:15:49 - [TEST_STEP][PASSED] - scrollToElement(findTestObject("Pages/FirstPayVault/input_VaultReferenceNumber"), 5): Scroll to object 'Object Repository/Pages/FirstPayVault/input_VaultReferenceNumber' successfully&#xD;
&#xD;
2019-09-19 06:15:50 - [MESSAGE][PASSED] - Scroll to object 'Object Repository/Pages/FirstPayVault/input_VaultReferenceNumber' successfully&#xD;
&#xD;
2019-09-19 06:15:50 - [TEST_STEP][PASSED] - vaultReference = utilities.SafeActions.timeWithMilliSeconds(): utilities.SafeActions.timeWithMilliSeconds is PASSED&#xD;
&#xD;
2019-09-19 06:15:50 - [MESSAGE][PASSED] - utilities.SafeActions.timeWithMilliSeconds is PASSED&#xD;
&#xD;
2019-09-19 06:15:50 - [TEST_STEP][PASSED] - utilities.SafeActions.safeType(findTestObject("Pages/FirstPayVault/input_VaultReferenceNumber"), vaultReference, "Entering Vault Reference Number", [5]): utilities.SafeActions.safeType is PASSED&#xD;
&#xD;
2019-09-19 06:15:50 - [MESSAGE][PASSED] - Object 'Object Repository/Pages/FirstPayVault/input_VaultReferenceNumber' is present&#xD;
&#xD;
2019-09-19 06:15:50 - [MESSAGE][PASSED] - Object: 'Object Repository/Pages/FirstPayVault/input_VaultReferenceNumber' is clicked on&#xD;
&#xD;
2019-09-19 06:15:51 - [MESSAGE][PASSED] - Text '2019-09-19 06:15:50.064' is set on object 'Object Repository/Pages/FirstPayVault/input_VaultReferenceNumber'&#xD;
&#xD;
2019-09-19 06:15:51 - [MESSAGE][PASSED] - utilities.SafeActions.safeType is PASSED&#xD;
&#xD;
2019-09-19 06:15:51 - [TEST_STEP][PASSED] - utilities.SafeActions.safeType(findTestObject("Pages/FirstPayVault/input_CreditCardNumber"), visaCardNumber, "Entering Card Number", [10]): utilities.SafeActions.safeType is PASSED&#xD;
&#xD;
2019-09-19 06:15:51 - [MESSAGE][PASSED] - Object 'Object Repository/Pages/FirstPayVault/input_CreditCardNumber' is present&#xD;
&#xD;
2019-09-19 06:15:51 - [MESSAGE][PASSED] - Object: 'Object Repository/Pages/FirstPayVault/input_CreditCardNumber' is clicked on&#xD;
&#xD;
2019-09-19 06:15:52 - [MESSAGE][PASSED] - Text '4111111111111111' is set on object 'Object Repository/Pages/FirstPayVault/input_CreditCardNumber'&#xD;
&#xD;
2019-09-19 06:15:52 - [MESSAGE][PASSED] - utilities.SafeActions.safeType is PASSED&#xD;
&#xD;
2019-09-19 06:15:52 - [TEST_STEP][PASSED] - delay(4): Delayed 4 second(s)&#xD;
&#xD;
2019-09-19 06:15:56 - [MESSAGE][PASSED] - Delayed 4 second(s)&#xD;
&#xD;
2019-09-19 06:15:56 - [TEST_STEP][PASSED] - utilities.SafeActions.safeSelectOptionInDropDownByVisibleText(findTestObject("Pages/FirstPayVault/dropDown_ExpirationMonth"), cardMonth, "Expiration Month", [5]): utilities.SafeActions.safeSelectOptionInDropDownByVisibleText is PASSED&#xD;
&#xD;
2019-09-19 06:15:56 - [MESSAGE][PASSED] - Object 'Object Repository/Pages/FirstPayVault/dropDown_ExpirationMonth' is present&#xD;
&#xD;
2019-09-19 06:15:56 - [MESSAGE][PASSED] - Object: 'Object Repository/Pages/FirstPayVault/dropDown_ExpirationMonth' is clicked on&#xD;
&#xD;
2019-09-19 06:15:57 - [MESSAGE][PASSED] - All options with label 'September' are selected in object 'Object Repository/Pages/FirstPayVault/dropDown_ExpirationMonth' &#xD;
&#xD;
2019-09-19 06:15:57 - [MESSAGE][PASSED] - utilities.SafeActions.safeSelectOptionInDropDownByVisibleText is PASSED&#xD;
&#xD;
2019-09-19 06:15:57 - [TEST_STEP][PASSED] - utilities.SafeActions.safeSelectOptionInDropDownByVisibleText(findTestObject("Pages/FirstPayVault/dropDown_ExpirationYear"), cardYear, "year", [5]): utilities.SafeActions.safeSelectOptionInDropDownByVisibleText is PASSED&#xD;
&#xD;
2019-09-19 06:15:57 - [MESSAGE][PASSED] - Object 'Object Repository/Pages/FirstPayVault/dropDown_ExpirationYear' is present&#xD;
&#xD;
2019-09-19 06:15:58 - [MESSAGE][PASSED] - Object: 'Object Repository/Pages/FirstPayVault/dropDown_ExpirationYear' is clicked on&#xD;
&#xD;
2019-09-19 06:15:58 - [MESSAGE][PASSED] - All options with label '2032' are selected in object 'Object Repository/Pages/FirstPayVault/dropDown_ExpirationYear' &#xD;
&#xD;
2019-09-19 06:15:58 - [MESSAGE][PASSED] - utilities.SafeActions.safeSelectOptionInDropDownByVisibleText is PASSED&#xD;
&#xD;
2019-09-19 06:15:58 - [TEST_STEP][PASSED] - delay(2): Delayed 2 second(s)&#xD;
&#xD;
2019-09-19 06:16:00 - [MESSAGE][PASSED] - Delayed 2 second(s)&#xD;
&#xD;
2019-09-19 06:16:00 - [TEST_STEP][PASSED] - utilities.SafeActions.safeType(findTestObject("Pages/FirstPayVault/input_ContactName"), customerName, "Enter Contact Name", [5]): utilities.SafeActions.safeType is PASSED&#xD;
&#xD;
2019-09-19 06:16:00 - [MESSAGE][PASSED] - Object 'Object Repository/Pages/FirstPayVault/input_ContactName' is present&#xD;
&#xD;
2019-09-19 06:16:01 - [MESSAGE][PASSED] - Object: 'Object Repository/Pages/FirstPayVault/input_ContactName' is clicked on&#xD;
&#xD;
2019-09-19 06:16:01 - [MESSAGE][PASSED] - Text 'Venkata Sai' is set on object 'Object Repository/Pages/FirstPayVault/input_ContactName'&#xD;
&#xD;
2019-09-19 06:16:01 - [MESSAGE][PASSED] - utilities.SafeActions.safeType is PASSED&#xD;
&#xD;
2019-09-19 06:16:01 - [TEST_STEP][PASSED] - utilities.SafeActions.safeType(findTestObject("Pages/FirstPayVault/input_PostalCode"), "76102", "Enter Postal Code", [5]): utilities.SafeActions.safeType is PASSED&#xD;
&#xD;
2019-09-19 06:16:01 - [MESSAGE][PASSED] - Object 'Object Repository/Pages/FirstPayVault/input_PostalCode' is present&#xD;
&#xD;
2019-09-19 06:16:02 - [MESSAGE][PASSED] - Object: 'Object Repository/Pages/FirstPayVault/input_PostalCode' is clicked on&#xD;
&#xD;
2019-09-19 06:16:02 - [MESSAGE][PASSED] - Text '76102' is set on object 'Object Repository/Pages/FirstPayVault/input_PostalCode'&#xD;
&#xD;
2019-09-19 06:16:02 - [MESSAGE][PASSED] - utilities.SafeActions.safeType is PASSED&#xD;
&#xD;
2019-09-19 06:16:02 - [TEST_STEP][PASSED] - utilities.SafeActions.safeType(findTestObject("Pages/FirstPayVault/input_Address"), "James Street", "Enter ddress", [5]): utilities.SafeActions.safeType is PASSED&#xD;
&#xD;
2019-09-19 06:16:02 - [MESSAGE][PASSED] - Object 'Object Repository/Pages/FirstPayVault/input_Address' is present&#xD;
&#xD;
2019-09-19 06:16:03 - [MESSAGE][PASSED] - Object: 'Object Repository/Pages/FirstPayVault/input_Address' is clicked on&#xD;
&#xD;
2019-09-19 06:16:03 - [MESSAGE][PASSED] - Text 'James Street' is set on object 'Object Repository/Pages/FirstPayVault/input_Address'&#xD;
&#xD;
2019-09-19 06:16:03 - [MESSAGE][PASSED] - utilities.SafeActions.safeType is PASSED&#xD;
&#xD;
2019-09-19 06:16:03 - [TEST_STEP][PASSED] - utilities.SafeActions.safeCheckForElement(findTestObject("Pages/FirstPayVault/chekBox_AddShippingInformation"), 5): utilities.SafeActions.safeCheckForElement is PASSED&#xD;
&#xD;
2019-09-19 06:16:03 - [MESSAGE][PASSED] - Object 'Object Repository/Pages/FirstPayVault/chekBox_AddShippingInformation' is present&#xD;
&#xD;
2019-09-19 06:16:04 - [MESSAGE][PASSED] - Object 'Object Repository/Pages/FirstPayVault/chekBox_AddShippingInformation' is checked&#xD;
&#xD;
2019-09-19 06:16:04 - [MESSAGE][PASSED] - utilities.SafeActions.safeCheckForElement is PASSED&#xD;
&#xD;
2019-09-19 06:16:04 - [TEST_STEP][PASSED] - utilities.SafeActions.safeType(findTestObject("Pages/FirstPayVault/input_ShippingMethod"), "DTDC", "Enter Shipping Method", [5]): utilities.SafeActions.safeType is PASSED&#xD;
&#xD;
2019-09-19 06:16:04 - [MESSAGE][PASSED] - Object 'Object Repository/Pages/FirstPayVault/input_ShippingMethod' is present&#xD;
&#xD;
2019-09-19 06:16:05 - [MESSAGE][PASSED] - Object: 'Object Repository/Pages/FirstPayVault/input_ShippingMethod' is clicked on&#xD;
&#xD;
2019-09-19 06:16:05 - [MESSAGE][PASSED] - Text 'DTDC' is set on object 'Object Repository/Pages/FirstPayVault/input_ShippingMethod'&#xD;
&#xD;
2019-09-19 06:16:05 - [MESSAGE][PASSED] - utilities.SafeActions.safeType is PASSED&#xD;
&#xD;
2019-09-19 06:16:05 - [TEST_STEP][PASSED] - utilities.SafeActions.safeCheckForElement(findTestObject("Pages/FirstPayVault/checkbox_SameAsBillingInformation"), 5): utilities.SafeActions.safeCheckForElement is PASSED&#xD;
&#xD;
2019-09-19 06:16:05 - [MESSAGE][PASSED] - Object 'Object Repository/Pages/FirstPayVault/checkbox_SameAsBillingInformation' is present&#xD;
&#xD;
2019-09-19 06:16:06 - [MESSAGE][PASSED] - Object 'Object Repository/Pages/FirstPayVault/checkbox_SameAsBillingInformation' is checked&#xD;
&#xD;
2019-09-19 06:16:06 - [MESSAGE][PASSED] - utilities.SafeActions.safeCheckForElement is PASSED&#xD;
&#xD;
2019-09-19 06:16:06 - [TEST_STEP][PASSED] - utilities.SafeActions.safeClickwithScroll(findTestObject("Pages/FirstPayVault/button_Create"), "Click on Create Button", [5]): utilities.SafeActions.safeClickwithScroll is PASSED&#xD;
&#xD;
2019-09-19 06:16:06 - [MESSAGE][PASSED] - Scroll to object 'Object Repository/Pages/FirstPayVault/button_Create' successfully&#xD;
&#xD;
2019-09-19 06:16:06 - [MESSAGE][INFO] - 1stPayVault.ts:waiting until Click on Create Button is Clickable&#xD;
&#xD;
2019-09-19 06:16:06 - [MESSAGE][PASSED] - Object 'Object Repository/Pages/FirstPayVault/button_Create' is clickable&#xD;
&#xD;
2019-09-19 06:16:06 - [MESSAGE][PASSED] - Object 'Object Repository/Pages/FirstPayVault/button_Create' is visible&#xD;
&#xD;
2019-09-19 06:16:07 - [MESSAGE][PASSED] - Object: 'Object Repository/Pages/FirstPayVault/button_Create' is clicked on&#xD;
&#xD;
2019-09-19 06:16:07 - [MESSAGE][INFO] - 1stPayVault.ts: Clicked on the Click on Create Button&#xD;
&#xD;
2019-09-19 06:16:07 - [MESSAGE][PASSED] - utilities.SafeActions.safeClickwithScroll is PASSED&#xD;
&#xD;
2019-09-19 06:16:07 - [TEST_STEP][PASSED] - delay(2): Delayed 2 second(s)&#xD;
&#xD;
2019-09-19 06:16:09 - [MESSAGE][PASSED] - Delayed 2 second(s)&#xD;
&#xD;
2019-09-19 06:16:09 - [TEST_STEP][PASSED] - popupSavedToVaultMessage = utilities.SafeActions.safeGetText(findTestObject("Pages/FirstPayVault/popup_SavedToVaultMessage"), 5): utilities.SafeActions.safeGetText is PASSED&#xD;
&#xD;
2019-09-19 06:16:09 - [MESSAGE][PASSED] - Object 'Object Repository/Pages/FirstPayVault/popup_SavedToVaultMessage' is present&#xD;
&#xD;
2019-09-19 06:16:09 - [MESSAGE][PASSED] - Text of object 'Object Repository/Pages/FirstPayVault/popup_SavedToVaultMessage' is: 'Successfully Saved to Vault'&#xD;
&#xD;
2019-09-19 06:16:09 - [MESSAGE][PASSED] - utilities.SafeActions.safeGetText is PASSED&#xD;
&#xD;
2019-09-19 06:16:09 - [TEST_STEP][PASSED] - flag = utilities.SafeActions.verifyPopupMessage("Successfully Saved to Vault", popupSavedToVaultMessage): Popup Message : Successfully Saved to Vault matched with expected message : Successfully Saved to Vault&#xD;
&#xD;
2019-09-19 06:16:09 - [MESSAGE][PASSED] - Popup Message : Successfully Saved to Vault matched with expected message : Successfully Saved to Vault&#xD;
&#xD;
2019-09-19 06:16:09 - [TEST_STEP][PASSED] - delay(2): Delayed 2 second(s)&#xD;
&#xD;
2019-09-19 06:16:11 - [MESSAGE][PASSED] - Delayed 2 second(s)&#xD;
&#xD;
2019-09-19 06:16:11 - [TEST_STEP][PASSED] - utilities.SafeActions.safeClickWithoutScroll(findTestObject("Pages/FirstPayVault/button_RunSaleWithThisVault_InPopup"), "Click on Run Sale With This Vault in Popup", [delayBetweenTestSteps]): utilities.SafeActions.safeClickWithoutScroll is PASSED&#xD;
&#xD;
2019-09-19 06:16:11 - [MESSAGE][INFO] - Safe Click Without scroll&#xD;
&#xD;
2019-09-19 06:16:11 - [MESSAGE][INFO] - 1stPayVault.ts:waiting until Click on Run Sale With This Vault in Popup is Clickable&#xD;
&#xD;
2019-09-19 06:16:11 - [MESSAGE][PASSED] - Object 'Object Repository/Pages/FirstPayVault/button_RunSaleWithThisVault_InPopup' is clickable&#xD;
&#xD;
2019-09-19 06:16:11 - [MESSAGE][PASSED] - Object 'Object Repository/Pages/FirstPayVault/button_RunSaleWithThisVault_InPopup' is visible&#xD;
&#xD;
2019-09-19 06:16:12 - [MESSAGE][PASSED] - Object: 'Object Repository/Pages/FirstPayVault/button_RunSaleWithThisVault_InPopup' is clicked on&#xD;
&#xD;
2019-09-19 06:16:12 - [MESSAGE][INFO] - 1stPayVault.ts: click on the Click on Run Sale With This Vault in Popup&#xD;
&#xD;
2019-09-19 06:16:12 - [MESSAGE][PASSED] - utilities.SafeActions.safeClickWithoutScroll is PASSED&#xD;
&#xD;
2019-09-19 06:16:12 - [TEST_STEP][PASSED] - delay(1): Delayed 1 second(s)&#xD;
&#xD;
2019-09-19 06:16:13 - [MESSAGE][PASSED] - Delayed 1 second(s)&#xD;
&#xD;
2019-09-19 06:16:13 - [TEST_STEP][PASSED] - value = utilities.SafeActions.getAttributeValue(findTestObject("Pages/FirstPayVault/tab_1stPayVault_Active"), "1st_PayVault"): The screen is 1st_PayVault screen&#xD;
&#xD;
2019-09-19 06:16:14 - [MESSAGE][PASSED] - Attribute 'class' of object 'Object Repository/Pages/FirstPayVault/tab_1stPayVault_Active' is: 'active_tab tabs__link'&#xD;
&#xD;
2019-09-19 06:16:14 - [MESSAGE][PASSED] - The screen is 1st_PayVault screen&#xD;
&#xD;
2019-09-19 06:16:14 - [TEST_STEP][PASSED] - scrollToElement(findTestObject("Pages/FirstPayVault/input_Amount"), 5): Scroll to object 'Object Repository/Pages/FirstPayVault/input_Amount' successfully&#xD;
&#xD;
2019-09-19 06:16:14 - [MESSAGE][PASSED] - Scroll to object 'Object Repository/Pages/FirstPayVault/input_Amount' successfully&#xD;
&#xD;
2019-09-19 06:16:14 - [TEST_STEP][PASSED] - utilities.SafeActions.safeType(findTestObject("Pages/FirstPayVault/input_Amount"), "450", "Enter Amount", [5]): utilities.SafeActions.safeType is PASSED&#xD;
&#xD;
2019-09-19 06:16:14 - [MESSAGE][PASSED] - Object 'Object Repository/Pages/FirstPayVault/input_Amount' is present&#xD;
&#xD;
2019-09-19 06:16:15 - [MESSAGE][PASSED] - Object: 'Object Repository/Pages/FirstPayVault/input_Amount' is clicked on&#xD;
&#xD;
2019-09-19 06:16:15 - [MESSAGE][PASSED] - Text '450' is set on object 'Object Repository/Pages/FirstPayVault/input_Amount'&#xD;
&#xD;
2019-09-19 06:16:15 - [MESSAGE][PASSED] - utilities.SafeActions.safeType is PASSED&#xD;
&#xD;
2019-09-19 06:16:15 - [TEST_STEP][PASSED] - salesTax = utilities.SafeActions.safeGetText(findTestObject("Pages/FirstPayVault/input_SalesTaxUnderAmount"), delayBetweenTestSteps): utilities.SafeActions.safeGetText is PASSED&#xD;
&#xD;
2019-09-19 06:16:15 - [MESSAGE][PASSED] - Object 'Object Repository/Pages/FirstPayVault/input_SalesTaxUnderAmount' is present&#xD;
&#xD;
2019-09-19 06:16:15 - [MESSAGE][PASSED] - Text of object 'Object Repository/Pages/FirstPayVault/input_SalesTaxUnderAmount' is: '$45.00'&#xD;
&#xD;
2019-09-19 06:16:15 - [MESSAGE][PASSED] - utilities.SafeActions.safeGetText is PASSED&#xD;
&#xD;
2019-09-19 06:16:15 - [TEST_STEP][PASSED] - pages.FirstPayVault.verifyAmountIsNotZero(salesTax): pages.FirstPayVault.verifyAmountIsNotZero is PASSED&#xD;
&#xD;
2019-09-19 06:16:15 - [MESSAGE][PASSED] - pages.FirstPayVault.verifyAmountIsNotZero is PASSED&#xD;
&#xD;
2019-09-19 06:16:15 - [TEST_STEP][PASSED] - scrollToElement(findTestObject("Pages/FirstPayVault/input_CreditCardNumberForVerification"), delayBetweenTestSteps): Scroll to object 'Object Repository/Pages/FirstPayVault/input_CreditCardNumberForVerification' successfully&#xD;
&#xD;
2019-09-19 06:16:15 - [MESSAGE][PASSED] - Scroll to object 'Object Repository/Pages/FirstPayVault/input_CreditCardNumberForVerification' successfully&#xD;
&#xD;
2019-09-19 06:16:15 - [TEST_STEP][PASSED] - cardNumber = utilities.SafeActions.getAttribute(findTestObject("Pages/FirstPayVault/input_CreditCardNumberForVerification"), "1st Pay Vault"): utilities.SafeActions.getAttribute is PASSED&#xD;
&#xD;
2019-09-19 06:16:15 - [MESSAGE][PASSED] - Attribute 'value' of object 'Object Repository/Pages/FirstPayVault/input_CreditCardNumberForVerification' is: '411111******1111'&#xD;
&#xD;
2019-09-19 06:16:15 - [MESSAGE][PASSED] - utilities.SafeActions.getAttribute is PASSED&#xD;
&#xD;
2019-09-19 06:16:15 - [TEST_STEP][PASSED] - pages.FirstPayVault.verifycardNumber(cardNumber, visaCardNumber): Actual String : 4111111111111111 matched with Expected message : 411111******1111&#xD;
&#xD;
2019-09-19 06:16:15 - [MESSAGE][PASSED] - Actual String : 4111111111111111 matched with Expected message : 411111******1111&#xD;
&#xD;
2019-09-19 06:16:15 - [TEST_STEP][PASSED] - expirationYear = utilities.SafeActions.getAttribute(findTestObject("Pages/FirstPayVault/dropDownExpirationYearForVerification"), "1st Pay Vault"): utilities.SafeActions.getAttribute is PASSED&#xD;
&#xD;
2019-09-19 06:16:16 - [MESSAGE][PASSED] - Attribute 'value' of object 'Object Repository/Pages/FirstPayVault/dropDownExpirationYearForVerification' is: '2032'&#xD;
&#xD;
2019-09-19 06:16:16 - [MESSAGE][PASSED] - utilities.SafeActions.getAttribute is PASSED&#xD;
&#xD;
2019-09-19 06:16:16 - [TEST_STEP][PASSED] - pages.FirstPayVault.verifyStrings(expirationYear, cardYear): Actual String : 2032 matched with Expected message : 2032&#xD;
&#xD;
2019-09-19 06:16:16 - [MESSAGE][PASSED] - Actual String : 2032 matched with Expected message : 2032&#xD;
&#xD;
2019-09-19 06:16:16 - [TEST_STEP][PASSED] - scrollToElement(findTestObject("Pages/FirstPayVault/input_VerifyCardHolderName"), 5): Scroll to object 'Object Repository/Pages/FirstPayVault/input_VerifyCardHolderName' successfully&#xD;
&#xD;
2019-09-19 06:16:16 - [MESSAGE][PASSED] - Scroll to object 'Object Repository/Pages/FirstPayVault/input_VerifyCardHolderName' successfully&#xD;
&#xD;
2019-09-19 06:16:16 - [TEST_STEP][PASSED] - name = utilities.SafeActions.getAttribute(findTestObject("Pages/FirstPayVault/input_VerifyCardHolderName"), "1stPayVault"): utilities.SafeActions.getAttribute is PASSED&#xD;
&#xD;
2019-09-19 06:16:16 - [MESSAGE][PASSED] - Attribute 'value' of object 'Object Repository/Pages/FirstPayVault/input_VerifyCardHolderName' is: 'Venkata Sai'&#xD;
&#xD;
2019-09-19 06:16:16 - [MESSAGE][PASSED] - utilities.SafeActions.getAttribute is PASSED&#xD;
&#xD;
2019-09-19 06:16:16 - [TEST_STEP][PASSED] - pages.FirstPayVault.verifyStrings(name, customerName): Actual String : Venkata Sai matched with Expected message : Venkata Sai&#xD;
&#xD;
2019-09-19 06:16:16 - [MESSAGE][PASSED] - Actual String : Venkata Sai matched with Expected message : Venkata Sai&#xD;
&#xD;
2019-09-19 06:16:16 - [TEST_STEP][PASSED] - scrollToElement(findTestObject("Pages/FirstPayVault/checkbox_TaxExempt"), 5): Scroll to object 'Object Repository/Pages/FirstPayVault/checkbox_TaxExempt' successfully&#xD;
&#xD;
2019-09-19 06:16:16 - [MESSAGE][PASSED] - Scroll to object 'Object Repository/Pages/FirstPayVault/checkbox_TaxExempt' successfully&#xD;
&#xD;
2019-09-19 06:16:16 - [TEST_STEP][PASSED] - salesTax = utilities.SafeActions.safeGetText(findTestObject("Pages/FirstPayVault/amount_UnderPurchaseCardInformation"), delayBetweenTestSteps): utilities.SafeActions.safeGetText is PASSED&#xD;
&#xD;
2019-09-19 06:16:16 - [MESSAGE][PASSED] - Object 'Object Repository/Pages/FirstPayVault/amount_UnderPurchaseCardInformation' is present&#xD;
&#xD;
2019-09-19 06:16:16 - [MESSAGE][PASSED] - Text of object 'Object Repository/Pages/FirstPayVault/amount_UnderPurchaseCardInformation' is: '$45.00'&#xD;
&#xD;
2019-09-19 06:16:16 - [MESSAGE][PASSED] - utilities.SafeActions.safeGetText is PASSED&#xD;
&#xD;
2019-09-19 06:16:16 - [TEST_STEP][PASSED] - pages.FirstPayVault.verifyAmountIsNotZero(salesTax): pages.FirstPayVault.verifyAmountIsNotZero is PASSED&#xD;
&#xD;
2019-09-19 06:16:16 - [MESSAGE][PASSED] - pages.FirstPayVault.verifyAmountIsNotZero is PASSED&#xD;
&#xD;
2019-09-19 06:16:16 - [TEST_STEP][PASSED] - utilities.SafeActions.safeCheckForElement(findTestObject("Pages/FirstPayVault/checkbox_TaxExempt"), 5): utilities.SafeActions.safeCheckForElement is PASSED&#xD;
&#xD;
2019-09-19 06:16:17 - [MESSAGE][PASSED] - Object 'Object Repository/Pages/FirstPayVault/checkbox_TaxExempt' is present&#xD;
&#xD;
2019-09-19 06:16:17 - [MESSAGE][PASSED] - Object 'Object Repository/Pages/FirstPayVault/checkbox_TaxExempt' is checked&#xD;
&#xD;
2019-09-19 06:16:17 - [MESSAGE][PASSED] - utilities.SafeActions.safeCheckForElement is PASSED&#xD;
&#xD;
2019-09-19 06:16:17 - [TEST_STEP][PASSED] - utilities.SafeActions.safeClickwithScroll(findTestObject("Pages/FirstPayVault/button_Checkout"), "Click on Checkout", [5]): utilities.SafeActions.safeClickwithScroll is PASSED&#xD;
&#xD;
2019-09-19 06:16:17 - [MESSAGE][PASSED] - Scroll to object 'Object Repository/Pages/FirstPayVault/button_Checkout' successfully&#xD;
&#xD;
2019-09-19 06:16:17 - [MESSAGE][INFO] - 1stPayVault.ts:waiting until Click on Checkout is Clickable&#xD;
&#xD;
2019-09-19 06:16:17 - [MESSAGE][PASSED] - Object 'Object Repository/Pages/FirstPayVault/button_Checkout' is clickable&#xD;
&#xD;
2019-09-19 06:16:17 - [MESSAGE][PASSED] - Object 'Object Repository/Pages/FirstPayVault/button_Checkout' is visible&#xD;
&#xD;
2019-09-19 06:16:18 - [MESSAGE][PASSED] - Object: 'Object Repository/Pages/FirstPayVault/button_Checkout' is clicked on&#xD;
&#xD;
2019-09-19 06:16:18 - [MESSAGE][INFO] - 1stPayVault.ts: Clicked on the Click on Checkout&#xD;
&#xD;
2019-09-19 06:16:18 - [MESSAGE][PASSED] - utilities.SafeActions.safeClickwithScroll is PASSED&#xD;
&#xD;
2019-09-19 06:16:18 - [TEST_STEP][PASSED] - pages.Sale.verifyTransactionCompletePage(findTestObject("Pages/Sale/heading_TransactionComplete")): The screen is Transaction Complete screen&#xD;
&#xD;
2019-09-19 06:16:19 - [MESSAGE][PASSED] - Object 'Object Repository/Pages/Sale/heading_TransactionComplete' is present&#xD;
&#xD;
2019-09-19 06:16:19 - [MESSAGE][PASSED] - The screen is Transaction Complete screen&#xD;
&#xD;
2019-09-19 06:16:19 - [TEST_STEP][PASSED] - delay(delayBetweenTestSteps): Delayed 3 second(s)&#xD;
&#xD;
2019-09-19 06:16:22 - [MESSAGE][PASSED] - Delayed 3 second(s)&#xD;
&#xD;
2019-09-19 06:16:22 - [TEST_STEP][PASSED] - utilities.SafeActions.safeClickWithoutScroll(findTestObject("Pages/FirstPayVault/button_Return_InTransactionComplete"), "Click On Return Button", [5]): utilities.SafeActions.safeClickWithoutScroll is PASSED&#xD;
&#xD;
2019-09-19 06:16:22 - [MESSAGE][INFO] - Safe Click Without scroll&#xD;
&#xD;
2019-09-19 06:16:22 - [MESSAGE][INFO] - 1stPayVault.ts:waiting until Click On Return Button is Clickable&#xD;
&#xD;
2019-09-19 06:16:22 - [MESSAGE][PASSED] - Object 'Object Repository/Pages/FirstPayVault/button_Return_InTransactionComplete' is clickable&#xD;
&#xD;
2019-09-19 06:16:22 - [MESSAGE][PASSED] - Object 'Object Repository/Pages/FirstPayVault/button_Return_InTransactionComplete' is visible&#xD;
&#xD;
2019-09-19 06:16:23 - [MESSAGE][PASSED] - Object: 'Object Repository/Pages/FirstPayVault/button_Return_InTransactionComplete' is clicked on&#xD;
&#xD;
2019-09-19 06:16:23 - [MESSAGE][INFO] - 1stPayVault.ts: click on the Click On Return Button&#xD;
&#xD;
2019-09-19 06:16:23 - [MESSAGE][PASSED] - utilities.SafeActions.safeClickWithoutScroll is PASSED&#xD;
&#xD;
2019-09-19 06:16:23 - [TEST_STEP][PASSED] - utilities.SafeActions.safeClickwithScroll(findTestObject("Pages/FirstPayVault/button_SearchVault"), "Click on Search Vault", [10]): utilities.SafeActions.safeClickwithScroll is PASSED&#xD;
&#xD;
2019-09-19 06:16:23 - [MESSAGE][PASSED] - Scroll to object 'Object Repository/Pages/FirstPayVault/button_SearchVault' successfully&#xD;
&#xD;
2019-09-19 06:16:23 - [MESSAGE][INFO] - 1stPayVault.ts:waiting until Click on Search Vault is Clickable&#xD;
&#xD;
2019-09-19 06:16:23 - [MESSAGE][PASSED] - Object 'Object Repository/Pages/FirstPayVault/button_SearchVault' is clickable&#xD;
&#xD;
2019-09-19 06:16:23 - [MESSAGE][PASSED] - Object 'Object Repository/Pages/FirstPayVault/button_SearchVault' is visible&#xD;
&#xD;
2019-09-19 06:16:24 - [MESSAGE][PASSED] - Object: 'Object Repository/Pages/FirstPayVault/button_SearchVault' is clicked on&#xD;
&#xD;
2019-09-19 06:16:24 - [MESSAGE][INFO] - 1stPayVault.ts: Clicked on the Click on Search Vault&#xD;
&#xD;
2019-09-19 06:16:24 - [MESSAGE][PASSED] - utilities.SafeActions.safeClickwithScroll is PASSED&#xD;
&#xD;
2019-09-19 06:16:24 - [TEST_STEP][PASSED] - utilities.SafeActions.safeClickWithoutScroll(findTestObject("Pages/FirstPayVault/button_Search"), "Click On Search button", [5]): utilities.SafeActions.safeClickWithoutScroll is PASSED&#xD;
&#xD;
2019-09-19 06:16:24 - [MESSAGE][INFO] - Safe Click Without scroll&#xD;
&#xD;
2019-09-19 06:16:24 - [MESSAGE][INFO] - 1stPayVault.ts:waiting until Click On Search button is Clickable&#xD;
&#xD;
2019-09-19 06:16:24 - [MESSAGE][PASSED] - Object 'Object Repository/Pages/FirstPayVault/button_Search' is clickable&#xD;
&#xD;
2019-09-19 06:16:24 - [MESSAGE][PASSED] - Object 'Object Repository/Pages/FirstPayVault/button_Search' is visible&#xD;
&#xD;
2019-09-19 06:16:25 - [MESSAGE][PASSED] - Object: 'Object Repository/Pages/FirstPayVault/button_Search' is clicked on&#xD;
&#xD;
2019-09-19 06:16:25 - [MESSAGE][INFO] - 1stPayVault.ts: click on the Click On Search button&#xD;
&#xD;
2019-09-19 06:16:25 - [MESSAGE][PASSED] - utilities.SafeActions.safeClickWithoutScroll is PASSED&#xD;
&#xD;
2019-09-19 06:16:25 - [TEST_STEP][PASSED] - scrollToElement(findTestObject("Pages/Transaction_Management/invoice_ForTransaction"), 5): Scroll to object 'Object Repository/Pages/Transaction_Management/invoice_ForTransaction' successfully&#xD;
&#xD;
2019-09-19 06:16:26 - [MESSAGE][PASSED] - Scroll to object 'Object Repository/Pages/Transaction_Management/invoice_ForTransaction' successfully&#xD;
&#xD;
2019-09-19 06:16:26 - [TEST_STEP][PASSED] - pages.FirstPayVault.verifyInvoiceRecord(findTestObject("Pages/FirstPayVault/footer_NextButton"), findTestObject("Pages/FirstPayVault/page_Number"), vaultReference): The Vault is found in page 1&#xD;
&#xD;
2019-09-19 06:16:26 - [MESSAGE][PASSED] - Text of object 'Object Repository/Pages/FirstPayVault/page_Number' is: 'Page 1 of 12'&#xD;
&#xD;
2019-09-19 06:16:26 - [MESSAGE][PASSED] - The Vault is found in page 1&#xD;
&#xD;
2019-09-19 06:16:27 - [TEST_STEP][PASSED] - delay(2): Delayed 2 second(s)&#xD;
&#xD;
2019-09-19 06:16:29 - [MESSAGE][PASSED] - Delayed 2 second(s)&#xD;
&#xD;
2019-09-19 06:16:29 - [TEST_STEP][PASSED] - closeBrowser(): Browser is closed&#xD;
&#xD;
2019-09-19 06:16:30 - [MESSAGE][PASSED] - Browser is closed&#xD;
&#xD;
2019-09-19 06:16:30 - [TEST_STEP][PASSED] - Start listener action : sampleAfterTestCase: null</system-out>
            <system-err></system-err>
        </testcase>
        <testcase name="Test Cases/FirstView/FirstPayVault/TC_1st_Pay_Vault_005" classname="Test Cases/FirstView/FirstPayVault/TC_1st_Pay_Vault_005" status="PASSED">
            <system-out>2019-09-19 06:16:30 - [TEST_CASE][PASSED] - Test Cases/FirstView/FirstPayVault/TC_1st_Pay_Vault_005: Test Cases/FirstView/FirstPayVault/TC_1st_Pay_Vault_005&#xD;
&#xD;
2019-09-19 06:16:31 - [TEST_STEP][PASSED] - utilities.SafeActions.openBrowser(URL, [PageLoadTime]): utilities.SafeActions.openBrowser is PASSED&#xD;
&#xD;
2019-09-19 06:16:31 - [MESSAGE][INFO] - Opening Browser&#xD;
&#xD;
2019-09-19 06:16:31 - [MESSAGE][INFO] - Starting 'Firefox' driver&#xD;
&#xD;
2019-09-19 06:16:39 - [MESSAGE][PASSED] - Browser is opened with url: 'http://172.25.48.28/secure/VPOS/VPOS/Vpos'&#xD;
&#xD;
2019-09-19 06:16:39 - [MESSAGE][PASSED] - Current window maximized&#xD;
&#xD;
2019-09-19 06:16:39 - [MESSAGE][INFO] - Browser Launched Successfully&#xD;
&#xD;
2019-09-19 06:16:39 - [MESSAGE][PASSED] - utilities.SafeActions.openBrowser is PASSED&#xD;
&#xD;
2019-09-19 06:16:39 - [TEST_STEP][PASSED] - delay(6): Delayed 6 second(s)&#xD;
&#xD;
2019-09-19 06:16:45 - [MESSAGE][PASSED] - Delayed 6 second(s)&#xD;
&#xD;
2019-09-19 06:16:45 - [TEST_STEP][PASSED] - utilities.SafeActions.safeSelectOptionInDropDownByVisibleText(findTestObject("Pages/Sale/dropDown_AccountType"), "ranjanatest2 - 888814981372/001 Account Type: Retail", "Select by Value", [25]): utilities.SafeActions.safeSelectOptionInDropDownByVisibleText is PASSED&#xD;
&#xD;
2019-09-19 06:16:46 - [MESSAGE][PASSED] - Object 'Object Repository/Pages/Sale/dropDown_AccountType' is present&#xD;
&#xD;
2019-09-19 06:16:46 - [MESSAGE][PASSED] - Object: 'Object Repository/Pages/Sale/dropDown_AccountType' is clicked on&#xD;
&#xD;
2019-09-19 06:16:47 - [MESSAGE][PASSED] - All options with label 'ranjanatest2 - 888814981372/001 Account Type: Retail' are selected in object 'Object Repository/Pages/Sale/dropDown_AccountType' &#xD;
&#xD;
2019-09-19 06:16:47 - [MESSAGE][PASSED] - utilities.SafeActions.safeSelectOptionInDropDownByVisibleText is PASSED&#xD;
&#xD;
2019-09-19 06:16:47 - [TEST_STEP][PASSED] - utilities.SafeActions.safeClickWithoutScroll(findTestObject("Pages/FirstPayVault/tab_FirstPayVault"), "Click on FirstPayVault tab", [5]): utilities.SafeActions.safeClickWithoutScroll is PASSED&#xD;
&#xD;
2019-09-19 06:16:47 - [MESSAGE][INFO] - Safe Click Without scroll&#xD;
&#xD;
2019-09-19 06:16:47 - [MESSAGE][INFO] - 1stPayVault.ts:waiting until Click on FirstPayVault tab is Clickable&#xD;
&#xD;
2019-09-19 06:16:47 - [MESSAGE][PASSED] - Object 'Object Repository/Pages/FirstPayVault/tab_FirstPayVault' is clickable&#xD;
&#xD;
2019-09-19 06:16:47 - [MESSAGE][PASSED] - Object 'Object Repository/Pages/FirstPayVault/tab_FirstPayVault' is visible&#xD;
&#xD;
2019-09-19 06:16:47 - [MESSAGE][PASSED] - Object: 'Object Repository/Pages/FirstPayVault/tab_FirstPayVault' is clicked on&#xD;
&#xD;
2019-09-19 06:16:47 - [MESSAGE][INFO] - 1stPayVault.ts: click on the Click on FirstPayVault tab&#xD;
&#xD;
2019-09-19 06:16:47 - [MESSAGE][PASSED] - utilities.SafeActions.safeClickWithoutScroll is PASSED&#xD;
&#xD;
2019-09-19 06:16:47 - [TEST_STEP][PASSED] - utilities.SafeActions.safeClickWithoutScroll(findTestObject("Pages/FirstPayVault/button_CreateVault"), "Click on CreateVault button", [5]): utilities.SafeActions.safeClickWithoutScroll is PASSED&#xD;
&#xD;
2019-09-19 06:16:48 - [MESSAGE][INFO] - Safe Click Without scroll&#xD;
&#xD;
2019-09-19 06:16:48 - [MESSAGE][INFO] - 1stPayVault.ts:waiting until Click on CreateVault button is Clickable&#xD;
&#xD;
2019-09-19 06:16:48 - [MESSAGE][PASSED] - Object 'Object Repository/Pages/FirstPayVault/button_CreateVault' is clickable&#xD;
&#xD;
2019-09-19 06:16:48 - [MESSAGE][PASSED] - Object 'Object Repository/Pages/FirstPayVault/button_CreateVault' is visible&#xD;
&#xD;
2019-09-19 06:16:49 - [MESSAGE][PASSED] - Object: 'Object Repository/Pages/FirstPayVault/button_CreateVault' is clicked on&#xD;
&#xD;
2019-09-19 06:16:49 - [MESSAGE][INFO] - 1stPayVault.ts: click on the Click on CreateVault button&#xD;
&#xD;
2019-09-19 06:16:49 - [MESSAGE][PASSED] - utilities.SafeActions.safeClickWithoutScroll is PASSED&#xD;
&#xD;
2019-09-19 06:16:49 - [TEST_STEP][PASSED] - scrollToElement(findTestObject("Pages/FirstPayVault/input_VaultReferenceNumber"), 5): Scroll to object 'Object Repository/Pages/FirstPayVault/input_VaultReferenceNumber' successfully&#xD;
&#xD;
2019-09-19 06:16:49 - [MESSAGE][PASSED] - Scroll to object 'Object Repository/Pages/FirstPayVault/input_VaultReferenceNumber' successfully&#xD;
&#xD;
2019-09-19 06:16:49 - [TEST_STEP][PASSED] - vaultReference = utilities.SafeActions.timeWithMilliSeconds(): utilities.SafeActions.timeWithMilliSeconds is PASSED&#xD;
&#xD;
2019-09-19 06:16:49 - [MESSAGE][PASSED] - utilities.SafeActions.timeWithMilliSeconds is PASSED&#xD;
&#xD;
2019-09-19 06:16:49 - [TEST_STEP][PASSED] - utilities.SafeActions.safeType(findTestObject("Pages/FirstPayVault/input_VaultReferenceNumber"), vaultReference, "Entering Vault Reference Number", [5]): utilities.SafeActions.safeType is PASSED&#xD;
&#xD;
2019-09-19 06:16:49 - [MESSAGE][PASSED] - Object 'Object Repository/Pages/FirstPayVault/input_VaultReferenceNumber' is present&#xD;
&#xD;
2019-09-19 06:16:50 - [MESSAGE][PASSED] - Object: 'Object Repository/Pages/FirstPayVault/input_VaultReferenceNumber' is clicked on&#xD;
&#xD;
2019-09-19 06:16:50 - [MESSAGE][PASSED] - Text '2019-09-19 06:16:49.253' is set on object 'Object Repository/Pages/FirstPayVault/input_VaultReferenceNumber'&#xD;
&#xD;
2019-09-19 06:16:50 - [MESSAGE][PASSED] - utilities.SafeActions.safeType is PASSED&#xD;
&#xD;
2019-09-19 06:16:50 - [TEST_STEP][PASSED] - utilities.SafeActions.safeType(findTestObject("Pages/FirstPayVault/input_CreditCardNumber"), visaCardNumber, "Entering Card Number", [10]): utilities.SafeActions.safeType is PASSED&#xD;
&#xD;
2019-09-19 06:16:50 - [MESSAGE][PASSED] - Object 'Object Repository/Pages/FirstPayVault/input_CreditCardNumber' is present&#xD;
&#xD;
2019-09-19 06:16:51 - [MESSAGE][PASSED] - Object: 'Object Repository/Pages/FirstPayVault/input_CreditCardNumber' is clicked on&#xD;
&#xD;
2019-09-19 06:16:51 - [MESSAGE][PASSED] - Text '4111111111111111' is set on object 'Object Repository/Pages/FirstPayVault/input_CreditCardNumber'&#xD;
&#xD;
2019-09-19 06:16:51 - [MESSAGE][PASSED] - utilities.SafeActions.safeType is PASSED&#xD;
&#xD;
2019-09-19 06:16:51 - [TEST_STEP][PASSED] - delay(4): Delayed 4 second(s)&#xD;
&#xD;
2019-09-19 06:16:55 - [MESSAGE][PASSED] - Delayed 4 second(s)&#xD;
&#xD;
2019-09-19 06:16:55 - [TEST_STEP][PASSED] - utilities.SafeActions.safeSelectOptionInDropDownByVisibleText(findTestObject("Pages/FirstPayVault/dropDown_ExpirationMonth"), cardMonth, "Expiration Month", [5]): utilities.SafeActions.safeSelectOptionInDropDownByVisibleText is PASSED&#xD;
&#xD;
2019-09-19 06:16:55 - [MESSAGE][PASSED] - Object 'Object Repository/Pages/FirstPayVault/dropDown_ExpirationMonth' is present&#xD;
&#xD;
2019-09-19 06:16:56 - [MESSAGE][PASSED] - Object: 'Object Repository/Pages/FirstPayVault/dropDown_ExpirationMonth' is clicked on&#xD;
&#xD;
2019-09-19 06:16:56 - [MESSAGE][PASSED] - All options with label 'September' are selected in object 'Object Repository/Pages/FirstPayVault/dropDown_ExpirationMonth' &#xD;
&#xD;
2019-09-19 06:16:56 - [MESSAGE][PASSED] - utilities.SafeActions.safeSelectOptionInDropDownByVisibleText is PASSED&#xD;
&#xD;
2019-09-19 06:16:56 - [TEST_STEP][PASSED] - utilities.SafeActions.safeSelectOptionInDropDownByVisibleText(findTestObject("Pages/FirstPayVault/dropDown_ExpirationYear"), cardYear, "year", [5]): utilities.SafeActions.safeSelectOptionInDropDownByVisibleText is PASSED&#xD;
&#xD;
2019-09-19 06:16:56 - [MESSAGE][PASSED] - Object 'Object Repository/Pages/FirstPayVault/dropDown_ExpirationYear' is present&#xD;
&#xD;
2019-09-19 06:16:57 - [MESSAGE][PASSED] - Object: 'Object Repository/Pages/FirstPayVault/dropDown_ExpirationYear' is clicked on&#xD;
&#xD;
2019-09-19 06:16:57 - [MESSAGE][PASSED] - All options with label '2032' are selected in object 'Object Repository/Pages/FirstPayVault/dropDown_ExpirationYear' &#xD;
&#xD;
2019-09-19 06:16:57 - [MESSAGE][PASSED] - utilities.SafeActions.safeSelectOptionInDropDownByVisibleText is PASSED&#xD;
&#xD;
2019-09-19 06:16:57 - [TEST_STEP][PASSED] - delay(2): Delayed 2 second(s)&#xD;
&#xD;
2019-09-19 06:16:59 - [MESSAGE][PASSED] - Delayed 2 second(s)&#xD;
&#xD;
2019-09-19 06:16:59 - [TEST_STEP][PASSED] - utilities.SafeActions.safeType(findTestObject("Pages/FirstPayVault/input_ContactName"), customerName, "Enter Contact Name", [5]): utilities.SafeActions.safeType is PASSED&#xD;
&#xD;
2019-09-19 06:16:59 - [MESSAGE][PASSED] - Object 'Object Repository/Pages/FirstPayVault/input_ContactName' is present&#xD;
&#xD;
2019-09-19 06:17:00 - [MESSAGE][PASSED] - Object: 'Object Repository/Pages/FirstPayVault/input_ContactName' is clicked on&#xD;
&#xD;
2019-09-19 06:17:00 - [MESSAGE][PASSED] - Text 'Venkata Sai' is set on object 'Object Repository/Pages/FirstPayVault/input_ContactName'&#xD;
&#xD;
2019-09-19 06:17:00 - [MESSAGE][PASSED] - utilities.SafeActions.safeType is PASSED&#xD;
&#xD;
2019-09-19 06:17:00 - [TEST_STEP][PASSED] - utilities.SafeActions.safeType(findTestObject("Pages/FirstPayVault/input_PostalCode"), "76102", "Enter Postal Code", [5]): utilities.SafeActions.safeType is PASSED&#xD;
&#xD;
2019-09-19 06:17:00 - [MESSAGE][PASSED] - Object 'Object Repository/Pages/FirstPayVault/input_PostalCode' is present&#xD;
&#xD;
2019-09-19 06:17:01 - [MESSAGE][PASSED] - Object: 'Object Repository/Pages/FirstPayVault/input_PostalCode' is clicked on&#xD;
&#xD;
2019-09-19 06:17:01 - [MESSAGE][PASSED] - Text '76102' is set on object 'Object Repository/Pages/FirstPayVault/input_PostalCode'&#xD;
&#xD;
2019-09-19 06:17:01 - [MESSAGE][PASSED] - utilities.SafeActions.safeType is PASSED&#xD;
&#xD;
2019-09-19 06:17:01 - [TEST_STEP][PASSED] - utilities.SafeActions.safeType(findTestObject("Pages/FirstPayVault/input_Address"), "James Street", "Enter ddress", [5]): utilities.SafeActions.safeType is PASSED&#xD;
&#xD;
2019-09-19 06:17:01 - [MESSAGE][PASSED] - Object 'Object Repository/Pages/FirstPayVault/input_Address' is present&#xD;
&#xD;
2019-09-19 06:17:02 - [MESSAGE][PASSED] - Object: 'Object Repository/Pages/FirstPayVault/input_Address' is clicked on&#xD;
&#xD;
2019-09-19 06:17:02 - [MESSAGE][PASSED] - Text 'James Street' is set on object 'Object Repository/Pages/FirstPayVault/input_Address'&#xD;
&#xD;
2019-09-19 06:17:02 - [MESSAGE][PASSED] - utilities.SafeActions.safeType is PASSED&#xD;
&#xD;
2019-09-19 06:17:02 - [TEST_STEP][PASSED] - utilities.SafeActions.safeCheckForElement(findTestObject("Pages/FirstPayVault/chekBox_AddShippingInformation"), 5): utilities.SafeActions.safeCheckForElement is PASSED&#xD;
&#xD;
2019-09-19 06:17:02 - [MESSAGE][PASSED] - Object 'Object Repository/Pages/FirstPayVault/chekBox_AddShippingInformation' is present&#xD;
&#xD;
2019-09-19 06:17:03 - [MESSAGE][PASSED] - Object 'Object Repository/Pages/FirstPayVault/chekBox_AddShippingInformation' is checked&#xD;
&#xD;
2019-09-19 06:17:03 - [MESSAGE][PASSED] - utilities.SafeActions.safeCheckForElement is PASSED&#xD;
&#xD;
2019-09-19 06:17:03 - [TEST_STEP][PASSED] - utilities.SafeActions.safeType(findTestObject("Pages/FirstPayVault/input_ShippingMethod"), "DTDC", "Enter Shipping Method", [5]): utilities.SafeActions.safeType is PASSED&#xD;
&#xD;
2019-09-19 06:17:03 - [MESSAGE][PASSED] - Object 'Object Repository/Pages/FirstPayVault/input_ShippingMethod' is present&#xD;
&#xD;
2019-09-19 06:17:04 - [MESSAGE][PASSED] - Object: 'Object Repository/Pages/FirstPayVault/input_ShippingMethod' is clicked on&#xD;
&#xD;
2019-09-19 06:17:04 - [MESSAGE][PASSED] - Text 'DTDC' is set on object 'Object Repository/Pages/FirstPayVault/input_ShippingMethod'&#xD;
&#xD;
2019-09-19 06:17:04 - [MESSAGE][PASSED] - utilities.SafeActions.safeType is PASSED&#xD;
&#xD;
2019-09-19 06:17:04 - [TEST_STEP][PASSED] - utilities.SafeActions.safeCheckForElement(findTestObject("Pages/FirstPayVault/checkbox_SameAsBillingInformation"), 5): utilities.SafeActions.safeCheckForElement is PASSED&#xD;
&#xD;
2019-09-19 06:17:04 - [MESSAGE][PASSED] - Object 'Object Repository/Pages/FirstPayVault/checkbox_SameAsBillingInformation' is present&#xD;
&#xD;
2019-09-19 06:17:05 - [MESSAGE][PASSED] - Object 'Object Repository/Pages/FirstPayVault/checkbox_SameAsBillingInformation' is checked&#xD;
&#xD;
2019-09-19 06:17:05 - [MESSAGE][PASSED] - utilities.SafeActions.safeCheckForElement is PASSED&#xD;
&#xD;
2019-09-19 06:17:05 - [TEST_STEP][PASSED] - utilities.SafeActions.safeClickwithScroll(findTestObject("Pages/FirstPayVault/button_Create"), "Click on Create Button", [5]): utilities.SafeActions.safeClickwithScroll is PASSED&#xD;
&#xD;
2019-09-19 06:17:05 - [MESSAGE][PASSED] - Scroll to object 'Object Repository/Pages/FirstPayVault/button_Create' successfully&#xD;
&#xD;
2019-09-19 06:17:05 - [MESSAGE][INFO] - 1stPayVault.ts:waiting until Click on Create Button is Clickable&#xD;
&#xD;
2019-09-19 06:17:05 - [MESSAGE][PASSED] - Object 'Object Repository/Pages/FirstPayVault/button_Create' is clickable&#xD;
&#xD;
2019-09-19 06:17:05 - [MESSAGE][PASSED] - Object 'Object Repository/Pages/FirstPayVault/button_Create' is visible&#xD;
&#xD;
2019-09-19 06:17:06 - [MESSAGE][PASSED] - Object: 'Object Repository/Pages/FirstPayVault/button_Create' is clicked on&#xD;
&#xD;
2019-09-19 06:17:06 - [MESSAGE][INFO] - 1stPayVault.ts: Clicked on the Click on Create Button&#xD;
&#xD;
2019-09-19 06:17:06 - [MESSAGE][PASSED] - utilities.SafeActions.safeClickwithScroll is PASSED&#xD;
&#xD;
2019-09-19 06:17:06 - [TEST_STEP][PASSED] - delay(2): Delayed 2 second(s)&#xD;
&#xD;
2019-09-19 06:17:08 - [MESSAGE][PASSED] - Delayed 2 second(s)&#xD;
&#xD;
2019-09-19 06:17:08 - [TEST_STEP][PASSED] - popupSavedToVaultMessage = utilities.SafeActions.safeGetText(findTestObject("Pages/FirstPayVault/popup_SavedToVaultMessage"), 5): utilities.SafeActions.safeGetText is PASSED&#xD;
&#xD;
2019-09-19 06:17:08 - [MESSAGE][PASSED] - Object 'Object Repository/Pages/FirstPayVault/popup_SavedToVaultMessage' is present&#xD;
&#xD;
2019-09-19 06:17:09 - [MESSAGE][PASSED] - Text of object 'Object Repository/Pages/FirstPayVault/popup_SavedToVaultMessage' is: 'Successfully Saved to Vault'&#xD;
&#xD;
2019-09-19 06:17:09 - [MESSAGE][PASSED] - utilities.SafeActions.safeGetText is PASSED&#xD;
&#xD;
2019-09-19 06:17:09 - [TEST_STEP][PASSED] - flag = utilities.SafeActions.verifyPopupMessage("Successfully Saved to Vault", popupSavedToVaultMessage): Popup Message : Successfully Saved to Vault matched with expected message : Successfully Saved to Vault&#xD;
&#xD;
2019-09-19 06:17:09 - [MESSAGE][PASSED] - Popup Message : Successfully Saved to Vault matched with expected message : Successfully Saved to Vault&#xD;
&#xD;
2019-09-19 06:17:09 - [TEST_STEP][PASSED] - delay(2): Delayed 2 second(s)&#xD;
&#xD;
2019-09-19 06:17:11 - [MESSAGE][PASSED] - Delayed 2 second(s)&#xD;
&#xD;
2019-09-19 06:17:11 - [TEST_STEP][PASSED] - utilities.SafeActions.safeClickWithoutScroll(findTestObject("Pages/FirstPayVault/button_RunSaleWithThisVault_InPopup"), "Click on Run Sale With This Vault in Popup", [delayBetweenTestSteps]): utilities.SafeActions.safeClickWithoutScroll is PASSED&#xD;
&#xD;
2019-09-19 06:17:11 - [MESSAGE][INFO] - Safe Click Without scroll&#xD;
&#xD;
2019-09-19 06:17:11 - [MESSAGE][INFO] - 1stPayVault.ts:waiting until Click on Run Sale With This Vault in Popup is Clickable&#xD;
&#xD;
2019-09-19 06:17:11 - [MESSAGE][PASSED] - Object 'Object Repository/Pages/FirstPayVault/button_RunSaleWithThisVault_InPopup' is clickable&#xD;
&#xD;
2019-09-19 06:17:11 - [MESSAGE][PASSED] - Object 'Object Repository/Pages/FirstPayVault/button_RunSaleWithThisVault_InPopup' is visible&#xD;
&#xD;
2019-09-19 06:17:12 - [MESSAGE][PASSED] - Object: 'Object Repository/Pages/FirstPayVault/button_RunSaleWithThisVault_InPopup' is clicked on&#xD;
&#xD;
2019-09-19 06:17:12 - [MESSAGE][INFO] - 1stPayVault.ts: click on the Click on Run Sale With This Vault in Popup&#xD;
&#xD;
2019-09-19 06:17:12 - [MESSAGE][PASSED] - utilities.SafeActions.safeClickWithoutScroll is PASSED&#xD;
&#xD;
2019-09-19 06:17:12 - [TEST_STEP][PASSED] - delay(1): Delayed 1 second(s)&#xD;
&#xD;
2019-09-19 06:17:13 - [MESSAGE][PASSED] - Delayed 1 second(s)&#xD;
&#xD;
2019-09-19 06:17:13 - [TEST_STEP][PASSED] - value = utilities.SafeActions.getAttributeValue(findTestObject("Pages/FirstPayVault/tab_1stPayVault_Active"), "1st_PayVault"): The screen is 1st_PayVault screen&#xD;
&#xD;
2019-09-19 06:17:13 - [MESSAGE][PASSED] - Attribute 'class' of object 'Object Repository/Pages/FirstPayVault/tab_1stPayVault_Active' is: 'active_tab tabs__link'&#xD;
&#xD;
2019-09-19 06:17:13 - [MESSAGE][PASSED] - The screen is 1st_PayVault screen&#xD;
&#xD;
2019-09-19 06:17:13 - [TEST_STEP][PASSED] - scrollToElement(findTestObject("Pages/FirstPayVault/input_Amount"), 5): Scroll to object 'Object Repository/Pages/FirstPayVault/input_Amount' successfully&#xD;
&#xD;
2019-09-19 06:17:13 - [MESSAGE][PASSED] - Scroll to object 'Object Repository/Pages/FirstPayVault/input_Amount' successfully&#xD;
&#xD;
2019-09-19 06:17:13 - [TEST_STEP][PASSED] - utilities.SafeActions.safeType(findTestObject("Pages/FirstPayVault/input_Amount"), "450", "Enter Amount", [5]): utilities.SafeActions.safeType is PASSED&#xD;
&#xD;
2019-09-19 06:17:13 - [MESSAGE][PASSED] - Object 'Object Repository/Pages/FirstPayVault/input_Amount' is present&#xD;
&#xD;
2019-09-19 06:17:14 - [MESSAGE][PASSED] - Object: 'Object Repository/Pages/FirstPayVault/input_Amount' is clicked on&#xD;
&#xD;
2019-09-19 06:17:14 - [MESSAGE][PASSED] - Text '450' is set on object 'Object Repository/Pages/FirstPayVault/input_Amount'&#xD;
&#xD;
2019-09-19 06:17:14 - [MESSAGE][PASSED] - utilities.SafeActions.safeType is PASSED&#xD;
&#xD;
2019-09-19 06:17:14 - [TEST_STEP][PASSED] - salesTax = utilities.SafeActions.safeGetText(findTestObject("Pages/FirstPayVault/input_SalesTaxUnderAmount"), delayBetweenTestSteps): utilities.SafeActions.safeGetText is PASSED&#xD;
&#xD;
2019-09-19 06:17:14 - [MESSAGE][PASSED] - Object 'Object Repository/Pages/FirstPayVault/input_SalesTaxUnderAmount' is present&#xD;
&#xD;
2019-09-19 06:17:15 - [MESSAGE][PASSED] - Text of object 'Object Repository/Pages/FirstPayVault/input_SalesTaxUnderAmount' is: '$45.00'&#xD;
&#xD;
2019-09-19 06:17:15 - [MESSAGE][PASSED] - utilities.SafeActions.safeGetText is PASSED&#xD;
&#xD;
2019-09-19 06:17:15 - [TEST_STEP][PASSED] - pages.FirstPayVault.verifyAmountIsNotZero(salesTax): pages.FirstPayVault.verifyAmountIsNotZero is PASSED&#xD;
&#xD;
2019-09-19 06:17:15 - [MESSAGE][PASSED] - pages.FirstPayVault.verifyAmountIsNotZero is PASSED&#xD;
&#xD;
2019-09-19 06:17:15 - [TEST_STEP][PASSED] - scrollToElement(findTestObject("Pages/FirstPayVault/input_CreditCardNumberForVerification"), delayBetweenTestSteps): Scroll to object 'Object Repository/Pages/FirstPayVault/input_CreditCardNumberForVerification' successfully&#xD;
&#xD;
2019-09-19 06:17:15 - [MESSAGE][PASSED] - Scroll to object 'Object Repository/Pages/FirstPayVault/input_CreditCardNumberForVerification' successfully&#xD;
&#xD;
2019-09-19 06:17:15 - [TEST_STEP][PASSED] - cardNumber = utilities.SafeActions.getAttribute(findTestObject("Pages/FirstPayVault/input_CreditCardNumberForVerification"), "1st Pay Vault"): utilities.SafeActions.getAttribute is PASSED&#xD;
&#xD;
2019-09-19 06:17:15 - [MESSAGE][PASSED] - Attribute 'value' of object 'Object Repository/Pages/FirstPayVault/input_CreditCardNumberForVerification' is: '411111******1111'&#xD;
&#xD;
2019-09-19 06:17:15 - [MESSAGE][PASSED] - utilities.SafeActions.getAttribute is PASSED&#xD;
&#xD;
2019-09-19 06:17:15 - [TEST_STEP][PASSED] - pages.FirstPayVault.verifycardNumber(cardNumber, visaCardNumber): Actual String : 4111111111111111 matched with Expected message : 411111******1111&#xD;
&#xD;
2019-09-19 06:17:15 - [MESSAGE][PASSED] - Actual String : 4111111111111111 matched with Expected message : 411111******1111&#xD;
&#xD;
2019-09-19 06:17:15 - [TEST_STEP][PASSED] - expirationYear = utilities.SafeActions.getAttribute(findTestObject("Pages/FirstPayVault/dropDownExpirationYearForVerification"), "1st Pay Vault"): utilities.SafeActions.getAttribute is PASSED&#xD;
&#xD;
2019-09-19 06:17:15 - [MESSAGE][PASSED] - Attribute 'value' of object 'Object Repository/Pages/FirstPayVault/dropDownExpirationYearForVerification' is: '2032'&#xD;
&#xD;
2019-09-19 06:17:15 - [MESSAGE][PASSED] - utilities.SafeActions.getAttribute is PASSED&#xD;
&#xD;
2019-09-19 06:17:15 - [TEST_STEP][PASSED] - pages.FirstPayVault.verifyStrings(expirationYear, cardYear): Actual String : 2032 matched with Expected message : 2032&#xD;
&#xD;
2019-09-19 06:17:15 - [MESSAGE][PASSED] - Actual String : 2032 matched with Expected message : 2032&#xD;
&#xD;
2019-09-19 06:17:15 - [TEST_STEP][PASSED] - scrollToElement(findTestObject("Pages/FirstPayVault/input_VerifyCardHolderName"), 5): Scroll to object 'Object Repository/Pages/FirstPayVault/input_VerifyCardHolderName' successfully&#xD;
&#xD;
2019-09-19 06:17:15 - [MESSAGE][PASSED] - Scroll to object 'Object Repository/Pages/FirstPayVault/input_VerifyCardHolderName' successfully&#xD;
&#xD;
2019-09-19 06:17:15 - [TEST_STEP][PASSED] - name = utilities.SafeActions.getAttribute(findTestObject("Pages/FirstPayVault/input_VerifyCardHolderName"), "1stPayVault"): utilities.SafeActions.getAttribute is PASSED&#xD;
&#xD;
2019-09-19 06:17:15 - [MESSAGE][PASSED] - Attribute 'value' of object 'Object Repository/Pages/FirstPayVault/input_VerifyCardHolderName' is: 'Venkata Sai'&#xD;
&#xD;
2019-09-19 06:17:15 - [MESSAGE][PASSED] - utilities.SafeActions.getAttribute is PASSED&#xD;
&#xD;
2019-09-19 06:17:15 - [TEST_STEP][PASSED] - pages.FirstPayVault.verifyStrings(name, customerName): Actual String : Venkata Sai matched with Expected message : Venkata Sai&#xD;
&#xD;
2019-09-19 06:17:15 - [MESSAGE][PASSED] - Actual String : Venkata Sai matched with Expected message : Venkata Sai&#xD;
&#xD;
2019-09-19 06:17:15 - [TEST_STEP][PASSED] - scrollToElement(findTestObject("Pages/FirstPayVault/checkbox_TaxExempt"), 5): Scroll to object 'Object Repository/Pages/FirstPayVault/checkbox_TaxExempt' successfully&#xD;
&#xD;
2019-09-19 06:17:15 - [MESSAGE][PASSED] - Scroll to object 'Object Repository/Pages/FirstPayVault/checkbox_TaxExempt' successfully&#xD;
&#xD;
2019-09-19 06:17:15 - [TEST_STEP][PASSED] - salesTax = utilities.SafeActions.safeGetText(findTestObject("Pages/FirstPayVault/amount_UnderPurchaseCardInformation"), delayBetweenTestSteps): utilities.SafeActions.safeGetText is PASSED&#xD;
&#xD;
2019-09-19 06:17:15 - [MESSAGE][PASSED] - Object 'Object Repository/Pages/FirstPayVault/amount_UnderPurchaseCardInformation' is present&#xD;
&#xD;
2019-09-19 06:17:16 - [MESSAGE][PASSED] - Text of object 'Object Repository/Pages/FirstPayVault/amount_UnderPurchaseCardInformation' is: '$45.00'&#xD;
&#xD;
2019-09-19 06:17:16 - [MESSAGE][PASSED] - utilities.SafeActions.safeGetText is PASSED&#xD;
&#xD;
2019-09-19 06:17:16 - [TEST_STEP][PASSED] - pages.FirstPayVault.verifyAmountIsNotZero(salesTax): pages.FirstPayVault.verifyAmountIsNotZero is PASSED&#xD;
&#xD;
2019-09-19 06:17:16 - [MESSAGE][PASSED] - pages.FirstPayVault.verifyAmountIsNotZero is PASSED&#xD;
&#xD;
2019-09-19 06:17:16 - [TEST_STEP][PASSED] - utilities.SafeActions.safeCheckForElement(findTestObject("Pages/FirstPayVault/checkbox_TaxExempt"), 5): utilities.SafeActions.safeCheckForElement is PASSED&#xD;
&#xD;
2019-09-19 06:17:16 - [MESSAGE][PASSED] - Object 'Object Repository/Pages/FirstPayVault/checkbox_TaxExempt' is present&#xD;
&#xD;
2019-09-19 06:17:17 - [MESSAGE][PASSED] - Object 'Object Repository/Pages/FirstPayVault/checkbox_TaxExempt' is checked&#xD;
&#xD;
2019-09-19 06:17:17 - [MESSAGE][PASSED] - utilities.SafeActions.safeCheckForElement is PASSED&#xD;
&#xD;
2019-09-19 06:17:17 - [TEST_STEP][PASSED] - utilities.SafeActions.safeClickwithScroll(findTestObject("Pages/FirstPayVault/button_Checkout"), "Click on Checkout", [5]): utilities.SafeActions.safeClickwithScroll is PASSED&#xD;
&#xD;
2019-09-19 06:17:17 - [MESSAGE][PASSED] - Scroll to object 'Object Repository/Pages/FirstPayVault/button_Checkout' successfully&#xD;
&#xD;
2019-09-19 06:17:17 - [MESSAGE][INFO] - 1stPayVault.ts:waiting until Click on Checkout is Clickable&#xD;
&#xD;
2019-09-19 06:17:17 - [MESSAGE][PASSED] - Object 'Object Repository/Pages/FirstPayVault/button_Checkout' is clickable&#xD;
&#xD;
2019-09-19 06:17:17 - [MESSAGE][PASSED] - Object 'Object Repository/Pages/FirstPayVault/button_Checkout' is visible&#xD;
&#xD;
2019-09-19 06:17:18 - [MESSAGE][PASSED] - Object: 'Object Repository/Pages/FirstPayVault/button_Checkout' is clicked on&#xD;
&#xD;
2019-09-19 06:17:18 - [MESSAGE][INFO] - 1stPayVault.ts: Clicked on the Click on Checkout&#xD;
&#xD;
2019-09-19 06:17:18 - [MESSAGE][PASSED] - utilities.SafeActions.safeClickwithScroll is PASSED&#xD;
&#xD;
2019-09-19 06:17:18 - [TEST_STEP][PASSED] - pages.Sale.verifyTransactionCompletePage(findTestObject("Pages/Sale/heading_TransactionComplete")): The screen is Transaction Complete screen&#xD;
&#xD;
2019-09-19 06:17:18 - [MESSAGE][PASSED] - Object 'Object Repository/Pages/Sale/heading_TransactionComplete' is present&#xD;
&#xD;
2019-09-19 06:17:18 - [MESSAGE][PASSED] - The screen is Transaction Complete screen&#xD;
&#xD;
2019-09-19 06:17:18 - [TEST_STEP][PASSED] - delay(delayBetweenTestSteps): Delayed 3 second(s)&#xD;
&#xD;
2019-09-19 06:17:21 - [MESSAGE][PASSED] - Delayed 3 second(s)&#xD;
&#xD;
2019-09-19 06:17:21 - [TEST_STEP][PASSED] - utilities.SafeActions.safeClickWithoutScroll(findTestObject("Pages/FirstPayVault/button_Return_InTransactionComplete"), "Click On Return Button", [5]): utilities.SafeActions.safeClickWithoutScroll is PASSED&#xD;
&#xD;
2019-09-19 06:17:22 - [MESSAGE][INFO] - Safe Click Without scroll&#xD;
&#xD;
2019-09-19 06:17:22 - [MESSAGE][INFO] - 1stPayVault.ts:waiting until Click On Return Button is Clickable&#xD;
&#xD;
2019-09-19 06:17:22 - [MESSAGE][PASSED] - Object 'Object Repository/Pages/FirstPayVault/button_Return_InTransactionComplete' is clickable&#xD;
&#xD;
2019-09-19 06:17:22 - [MESSAGE][PASSED] - Object 'Object Repository/Pages/FirstPayVault/button_Return_InTransactionComplete' is visible&#xD;
&#xD;
2019-09-19 06:17:22 - [MESSAGE][PASSED] - Object: 'Object Repository/Pages/FirstPayVault/button_Return_InTransactionComplete' is clicked on&#xD;
&#xD;
2019-09-19 06:17:22 - [MESSAGE][INFO] - 1stPayVault.ts: click on the Click On Return Button&#xD;
&#xD;
2019-09-19 06:17:22 - [MESSAGE][PASSED] - utilities.SafeActions.safeClickWithoutScroll is PASSED&#xD;
&#xD;
2019-09-19 06:17:22 - [TEST_STEP][PASSED] - utilities.SafeActions.safeClickwithScroll(findTestObject("Pages/FirstPayVault/button_SearchVault"), "Click on Search Vault", [10]): utilities.SafeActions.safeClickwithScroll is PASSED&#xD;
&#xD;
2019-09-19 06:17:23 - [MESSAGE][PASSED] - Scroll to object 'Object Repository/Pages/FirstPayVault/button_SearchVault' successfully&#xD;
&#xD;
2019-09-19 06:17:23 - [MESSAGE][INFO] - 1stPayVault.ts:waiting until Click on Search Vault is Clickable&#xD;
&#xD;
2019-09-19 06:17:23 - [MESSAGE][PASSED] - Object 'Object Repository/Pages/FirstPayVault/button_SearchVault' is clickable&#xD;
&#xD;
2019-09-19 06:17:23 - [MESSAGE][PASSED] - Object 'Object Repository/Pages/FirstPayVault/button_SearchVault' is visible&#xD;
&#xD;
2019-09-19 06:17:23 - [MESSAGE][PASSED] - Object: 'Object Repository/Pages/FirstPayVault/button_SearchVault' is clicked on&#xD;
&#xD;
2019-09-19 06:17:23 - [MESSAGE][INFO] - 1stPayVault.ts: Clicked on the Click on Search Vault&#xD;
&#xD;
2019-09-19 06:17:23 - [MESSAGE][PASSED] - utilities.SafeActions.safeClickwithScroll is PASSED&#xD;
&#xD;
2019-09-19 06:17:23 - [TEST_STEP][PASSED] - utilities.SafeActions.safeClickWithoutScroll(findTestObject("Pages/FirstPayVault/button_Search"), "Click On Search button", [5]): utilities.SafeActions.safeClickWithoutScroll is PASSED&#xD;
&#xD;
2019-09-19 06:17:24 - [MESSAGE][INFO] - Safe Click Without scroll&#xD;
&#xD;
2019-09-19 06:17:24 - [MESSAGE][INFO] - 1stPayVault.ts:waiting until Click On Search button is Clickable&#xD;
&#xD;
2019-09-19 06:17:24 - [MESSAGE][PASSED] - Object 'Object Repository/Pages/FirstPayVault/button_Search' is clickable&#xD;
&#xD;
2019-09-19 06:17:24 - [MESSAGE][PASSED] - Object 'Object Repository/Pages/FirstPayVault/button_Search' is visible&#xD;
&#xD;
2019-09-19 06:17:24 - [MESSAGE][PASSED] - Object: 'Object Repository/Pages/FirstPayVault/button_Search' is clicked on&#xD;
&#xD;
2019-09-19 06:17:24 - [MESSAGE][INFO] - 1stPayVault.ts: click on the Click On Search button&#xD;
&#xD;
2019-09-19 06:17:24 - [MESSAGE][PASSED] - utilities.SafeActions.safeClickWithoutScroll is PASSED&#xD;
&#xD;
2019-09-19 06:17:24 - [TEST_STEP][PASSED] - scrollToElement(findTestObject("Pages/Transaction_Management/invoice_ForTransaction"), 5): Scroll to object 'Object Repository/Pages/Transaction_Management/invoice_ForTransaction' successfully&#xD;
&#xD;
2019-09-19 06:17:26 - [MESSAGE][PASSED] - Scroll to object 'Object Repository/Pages/Transaction_Management/invoice_ForTransaction' successfully&#xD;
&#xD;
2019-09-19 06:17:26 - [TEST_STEP][PASSED] - pages.FirstPayVault.verifyInvoiceRecord(findTestObject("Pages/FirstPayVault/footer_NextButton"), findTestObject("Pages/FirstPayVault/page_Number"), vaultReference): The Vault is found in page 1&#xD;
&#xD;
2019-09-19 06:17:26 - [MESSAGE][PASSED] - Text of object 'Object Repository/Pages/FirstPayVault/page_Number' is: 'Page 1 of 12'&#xD;
&#xD;
2019-09-19 06:17:26 - [MESSAGE][PASSED] - The Vault is found in page 1&#xD;
&#xD;
2019-09-19 06:17:26 - [TEST_STEP][PASSED] - delay(2): Delayed 2 second(s)&#xD;
&#xD;
2019-09-19 06:17:28 - [MESSAGE][PASSED] - Delayed 2 second(s)&#xD;
&#xD;
2019-09-19 06:17:28 - [TEST_STEP][PASSED] - pages.FirstPayVault.clickOnEdit(findTestObject("Pages/FirstPayVault/footer_NextButton"), findTestObject("Pages/FirstPayVault/page_Number"), findTestObject("Pages/FirstPayVault/button_deleteFromVault"), vaultReference): Delayed 4 second(s)&#xD;
&#xD;
2019-09-19 06:17:29 - [MESSAGE][PASSED] - Text of object 'Object Repository/Pages/FirstPayVault/page_Number' is: 'Page 1 of 12'&#xD;
&#xD;
2019-09-19 06:17:29 - [MESSAGE][PASSED] - The Vault is found in page 1&#xD;
&#xD;
2019-09-19 06:17:31 - [MESSAGE][PASSED] - Delayed 2 second(s)&#xD;
&#xD;
2019-09-19 06:17:35 - [MESSAGE][PASSED] - Delayed 4 second(s)&#xD;
&#xD;
2019-09-19 06:17:36 - [TEST_STEP][PASSED] - scrollToElement(findTestObject("Pages/FirstPayVault/dropDownExpirationMonthForVerification"), delayBetweenTestSteps): Scroll to object 'Object Repository/Pages/FirstPayVault/dropDownExpirationMonthForVerification' successfully&#xD;
&#xD;
2019-09-19 06:17:36 - [MESSAGE][PASSED] - Scroll to object 'Object Repository/Pages/FirstPayVault/dropDownExpirationMonthForVerification' successfully&#xD;
&#xD;
2019-09-19 06:17:36 - [TEST_STEP][PASSED] - utilities.SafeActions.safeSelectOptionInDropDownByVisibleText(findTestObject("Pages/FirstPayVault/dropDownExpirationMonthForVerification"), cardMonthUpdate, "Update expiration Month", [5]): utilities.SafeActions.safeSelectOptionInDropDownByVisibleText is PASSED&#xD;
&#xD;
2019-09-19 06:17:36 - [MESSAGE][PASSED] - Object 'Object Repository/Pages/FirstPayVault/dropDownExpirationMonthForVerification' is present&#xD;
&#xD;
2019-09-19 06:17:37 - [MESSAGE][PASSED] - Object: 'Object Repository/Pages/FirstPayVault/dropDownExpirationMonthForVerification' is clicked on&#xD;
&#xD;
2019-09-19 06:17:37 - [MESSAGE][PASSED] - All options with label 'October' are selected in object 'Object Repository/Pages/FirstPayVault/dropDownExpirationMonthForVerification' &#xD;
&#xD;
2019-09-19 06:17:37 - [MESSAGE][PASSED] - utilities.SafeActions.safeSelectOptionInDropDownByVisibleText is PASSED&#xD;
&#xD;
2019-09-19 06:17:37 - [TEST_STEP][PASSED] - scrollToElement(findTestObject("Pages/FirstPayVault/button_Update"), delayBetweenTestSteps): Scroll to object 'Object Repository/Pages/FirstPayVault/button_Update' successfully&#xD;
&#xD;
2019-09-19 06:17:37 - [MESSAGE][PASSED] - Scroll to object 'Object Repository/Pages/FirstPayVault/button_Update' successfully&#xD;
&#xD;
2019-09-19 06:17:37 - [TEST_STEP][PASSED] - utilities.SafeActions.safeClickwithScroll(findTestObject("Pages/FirstPayVault/button_Update"), "Click On Update", [delayBetweenTestSteps]): utilities.SafeActions.safeClickwithScroll is PASSED&#xD;
&#xD;
2019-09-19 06:17:37 - [MESSAGE][PASSED] - Scroll to object 'Object Repository/Pages/FirstPayVault/button_Update' successfully&#xD;
&#xD;
2019-09-19 06:17:37 - [MESSAGE][INFO] - 1stPayVault.ts:waiting until Click On Update is Clickable&#xD;
&#xD;
2019-09-19 06:17:37 - [MESSAGE][PASSED] - Object 'Object Repository/Pages/FirstPayVault/button_Update' is clickable&#xD;
&#xD;
2019-09-19 06:17:37 - [MESSAGE][PASSED] - Object 'Object Repository/Pages/FirstPayVault/button_Update' is visible&#xD;
&#xD;
2019-09-19 06:17:38 - [MESSAGE][PASSED] - Object: 'Object Repository/Pages/FirstPayVault/button_Update' is clicked on&#xD;
&#xD;
2019-09-19 06:17:38 - [MESSAGE][INFO] - 1stPayVault.ts: Clicked on the Click On Update&#xD;
&#xD;
2019-09-19 06:17:38 - [MESSAGE][PASSED] - utilities.SafeActions.safeClickwithScroll is PASSED&#xD;
&#xD;
2019-09-19 06:17:38 - [TEST_STEP][PASSED] - delay(2): Delayed 2 second(s)&#xD;
&#xD;
2019-09-19 06:17:40 - [MESSAGE][PASSED] - Delayed 2 second(s)&#xD;
&#xD;
2019-09-19 06:17:40 - [TEST_STEP][PASSED] - popupUpdatedToVaultMessage = utilities.SafeActions.safeGetText(findTestObject("Pages/FirstPayVault/popup_SavedToVaultMessage"), 5): utilities.SafeActions.safeGetText is PASSED&#xD;
&#xD;
2019-09-19 06:17:40 - [MESSAGE][PASSED] - Object 'Object Repository/Pages/FirstPayVault/popup_SavedToVaultMessage' is present&#xD;
&#xD;
2019-09-19 06:17:41 - [MESSAGE][PASSED] - Text of object 'Object Repository/Pages/FirstPayVault/popup_SavedToVaultMessage' is: 'Successfully Saved to Vault'&#xD;
&#xD;
2019-09-19 06:17:41 - [MESSAGE][PASSED] - utilities.SafeActions.safeGetText is PASSED&#xD;
&#xD;
2019-09-19 06:17:41 - [TEST_STEP][PASSED] - flag = utilities.SafeActions.verifyPopupMessage("Successfully Saved to Vault", popupUpdatedToVaultMessage): Popup Message : Successfully Saved to Vault matched with expected message : Successfully Saved to Vault&#xD;
&#xD;
2019-09-19 06:17:41 - [MESSAGE][PASSED] - Popup Message : Successfully Saved to Vault matched with expected message : Successfully Saved to Vault&#xD;
&#xD;
2019-09-19 06:17:41 - [TEST_STEP][PASSED] - delay(2): Delayed 2 second(s)&#xD;
&#xD;
2019-09-19 06:17:43 - [MESSAGE][PASSED] - Delayed 2 second(s)&#xD;
&#xD;
2019-09-19 06:17:43 - [TEST_STEP][PASSED] - closeBrowser(): Browser is closed&#xD;
&#xD;
2019-09-19 06:17:45 - [MESSAGE][PASSED] - Browser is closed&#xD;
&#xD;
2019-09-19 06:17:45 - [TEST_STEP][PASSED] - Start listener action : sampleAfterTestCase: null</system-out>
            <system-err></system-err>
        </testcase>
        <system-out>2019-09-19 06:13:05 - [TEST_SUITE][INCOMPLETE] - 1stPayVault: null</system-out>
        <system-err>2019-09-19 06:13:05 - [TEST_SUITE][INCOMPLETE] - 1stPayVault: null</system-err>
    </testsuite>
</testsuites>
