<?xml version="1.0" encoding="UTF-8" standalone="yes"?>
<testsuites name="1stPayVault_TestSuite" time="1324" tests="10" failures="1" errors="0">
    <testsuite name="1stPayVault_TestSuite" tests="10" failures="1" errors="0" time="1324" timestamp="2019-11-04 07:24:34" hostname="venkata.annam - FW1-D-DTA-ZENQ1" id="Test Suites/FirstView/1stPayVault_TestSuite">
        <properties>
            <property name="deviceName" value=""/>
            <property name="devicePlatform" value=""/>
            <property name="logFolder" value="C:\\VPOS_Git_31-10-2019\\VPOS_Internal\\Reports\\20191104_072422\\FirstView\\1stPayVault_TestSuite\\20191104_072422"/>
            <property name="logFiles" value="C:\\VPOS_Git_31-10-2019\\VPOS_Internal\\Reports\\20191104_072422\\FirstView\\1stPayVault_TestSuite\\20191104_072422\\execution0.log"/>
            <property name="attachments" value="C:\\VPOS_Git_31-10-2019\\VPOS_Internal\\Reports\\20191104_072422\\FirstView\\1stPayVault_TestSuite\\20191104_072422\\1572875117918.png, C:\\VPOS_Git_31-10-2019\\VPOS_Internal\\Reports\\20191104_072422\\FirstView\\1stPayVault_TestSuite\\20191104_072422\\1572875118077.png, C:\\VPOS_Git_31-10-2019\\VPOS_Internal\\Reports\\20191104_072422\\FirstView\\1stPayVault_TestSuite\\20191104_072422\\1572875148915.png"/>
            <property name="hostName" value="venkata.annam - FW1-D-DTA-ZENQ1"/>
            <property name="os" value="Windows 10 64bit"/>
            <property name="katalonVersion" value="6.3.2.4"/>
            <property name="browser" value="Firefox 70.0"/>
            <property name="hostAddress" value="172.25.52.168"/>
            <property name="sessionId" value="58d23030-6ee7-4381-b6e2-8dba6b92a0c8"/>
            <property name="seleniumVersion" value="3.141.59"/>
            <property name="proxyInformation" value="ProxyInformation{proxyOption=NO_PROXY, proxyServerType=HTTP, password=, proxyServerAddress=, proxyServerPort=0}"/>
            <property name="platform" value="Windows 10"/>
        </properties>
        <testcase name="Test Cases/FirstView/FirstPayVault/VPOS_1stPayVault_Verify_SaleScreen_On_Clicking_RunASale_Retail" classname="Test Cases/FirstView/FirstPayVault/VPOS_1stPayVault_Verify_SaleScreen_On_Clicking_RunASale_Retail" status="PASSED">
            <system-out>2019-11-04 07:24:37 - [TEST_CASE][PASSED] - Test Cases/FirstView/FirstPayVault/VPOS_1stPayVault_Verify_SaleScreen_On_Clicking_RunASale_Retail: Test Cases/FirstView/FirstPayVault/VPOS_1stPayVault_Verify_SaleScreen_On_Clicking_RunASale_Retail&#xD;
&#xD;
2019-11-04 07:24:40 - [TEST_STEP][PASSED] - Start listener action : sampleBeforeTestCase: null&#xD;
&#xD;
2019-11-04 07:24:40 - [TEST_STEP][PASSED] - println(testCaseContext.getTestCaseId()): null&#xD;
&#xD;
2019-11-04 07:24:40 - [TEST_STEP][PASSED] - println(testCaseContext.getTestCaseVariables()): null&#xD;
&#xD;
2019-11-04 07:24:42 - [TEST_STEP][PASSED] - utilities.SafeActions.openBrowser(URL, [PageLoadTime]): utilities.SafeActions.openBrowser is PASSED&#xD;
&#xD;
2019-11-04 07:24:42 - [MESSAGE][INFO] - Opening Browser&#xD;
&#xD;
2019-11-04 07:24:44 - [MESSAGE][INFO] - Starting 'Firefox' driver&#xD;
&#xD;
2019-11-04 07:24:45 - [MESSAGE][INFO] - Action delay is set to 0 seconds&#xD;
&#xD;
2019-11-04 07:25:12 - [MESSAGE][PASSED] - Browser is opened with url: 'https://q-www-firstview-net.faps.net/MVC/Account/Login'&#xD;
&#xD;
2019-11-04 07:25:13 - [MESSAGE][PASSED] - Current window maximized&#xD;
&#xD;
2019-11-04 07:25:13 - [MESSAGE][INFO] - Browser Launched Successfully&#xD;
&#xD;
2019-11-04 07:25:13 - [MESSAGE][PASSED] - utilities.SafeActions.openBrowser is PASSED&#xD;
&#xD;
2019-11-04 07:25:13 - [TEST_STEP][PASSED] - pages.Login.login(uName, password): pages.Login.login is PASSED&#xD;
&#xD;
2019-11-04 07:25:13 - [MESSAGE][PASSED] - Object 'Object Repository/Pages/Login/userName' is present&#xD;
&#xD;
2019-11-04 07:25:13 - [MESSAGE][PASSED] - Object 'Object Repository/Pages/Login/userName' is present&#xD;
&#xD;
2019-11-04 07:25:14 - [MESSAGE][PASSED] - Object: 'Object Repository/Pages/Login/userName' is clicked on&#xD;
&#xD;
2019-11-04 07:25:14 - [MESSAGE][PASSED] - Text 'ZenQRetail' is set on object 'Object Repository/Pages/Login/userName'&#xD;
&#xD;
2019-11-04 07:25:15 - [MESSAGE][PASSED] - Object 'Object Repository/Pages/Login/password' is present&#xD;
&#xD;
2019-11-04 07:25:15 - [MESSAGE][PASSED] - Object 'Object Repository/Pages/Login/password' is present&#xD;
&#xD;
2019-11-04 07:25:15 - [MESSAGE][PASSED] - Object: 'Object Repository/Pages/Login/password' is clicked on&#xD;
&#xD;
2019-11-04 07:25:15 - [MESSAGE][PASSED] - Text 'P@ssword1' is set on object 'Object Repository/Pages/Login/password'&#xD;
&#xD;
2019-11-04 07:25:16 - [MESSAGE][INFO] - Safe Click Without scroll&#xD;
&#xD;
2019-11-04 07:25:16 - [MESSAGE][INFO] - 1stPayVault_TestSuite.ts:waiting until Click on Login is Clickable&#xD;
&#xD;
2019-11-04 07:25:16 - [MESSAGE][PASSED] - Object 'Object Repository/Pages/Login/login' is clickable&#xD;
&#xD;
2019-11-04 07:25:16 - [MESSAGE][PASSED] - Object 'Object Repository/Pages/Login/login' is visible&#xD;
&#xD;
2019-11-04 07:25:19 - [MESSAGE][PASSED] - Object: 'Object Repository/Pages/Login/login' is clicked on&#xD;
&#xD;
2019-11-04 07:25:19 - [MESSAGE][INFO] - 1stPayVault_TestSuite.ts: click on the Click on Login&#xD;
&#xD;
2019-11-04 07:25:19 - [MESSAGE][PASSED] - pages.Login.login is PASSED&#xD;
&#xD;
2019-11-04 07:25:19 - [TEST_STEP][PASSED] - callTestCase(findTestCase("FirstView/Login/TC_SendCode"), [:], STOP_ON_FAILURE): Call Test Case 'Test Cases/FirstView/Login/TC_SendCode' successfully&#xD;
&#xD;
2019-11-04 07:25:20 - [TEST_CASE][PASSED] - Test Cases/FirstView/Login/TC_SendCode: Test Cases/FirstView/Login/TC_SendCode&#xD;
&#xD;
2019-11-04 07:25:20 - [TEST_STEP][PASSED] - flag = pages.SendCode.verifyPage(): pages.SendCode.verifyPage is PASSED&#xD;
&#xD;
2019-11-04 07:25:21 - [MESSAGE][PASSED] - Object 'Object Repository/Pages/SendCodeToValidate/header_SendCodeToValidate' is present and visible in viewport&#xD;
&#xD;
2019-11-04 07:25:21 - [MESSAGE][PASSED] - pages.SendCode.verifyPage is PASSED&#xD;
&#xD;
2019-11-04 07:25:21 - [TEST_STEP][PASSED] - if (flag): pages.SendCode.clickonUserSettings is PASSED&#xD;
&#xD;
2019-11-04 07:25:21 - [TEST_STEP][PASSED] - pages.SendCode.clickonUserSettings(): pages.SendCode.clickonUserSettings is PASSED&#xD;
&#xD;
2019-11-04 07:25:21 - [MESSAGE][PASSED] - Object 'Object Repository/Pages/SendCodeToValidate/link_UserSettings' is present&#xD;
&#xD;
2019-11-04 07:25:21 - [MESSAGE][PASSED] - Object 'Object Repository/Pages/SendCodeToValidate/link_UserSettings' is visible&#xD;
&#xD;
2019-11-04 07:25:21 - [MESSAGE][INFO] - 1stPayVault_TestSuite.ts:waiting until Click on User Settings is Clickable&#xD;
&#xD;
2019-11-04 07:25:21 - [MESSAGE][PASSED] - Object 'Object Repository/Pages/SendCodeToValidate/link_UserSettings' is clickable&#xD;
&#xD;
2019-11-04 07:25:22 - [MESSAGE][PASSED] - Object 'Object Repository/Pages/SendCodeToValidate/link_UserSettings' is visible&#xD;
&#xD;
2019-11-04 07:25:24 - [MESSAGE][PASSED] - Object: 'Object Repository/Pages/SendCodeToValidate/link_UserSettings' is clicked on&#xD;
&#xD;
2019-11-04 07:25:24 - [MESSAGE][INFO] - 1stPayVault_TestSuite.ts: Clicked on the Click on User Settings&#xD;
&#xD;
2019-11-04 07:25:24 - [MESSAGE][PASSED] - pages.SendCode.clickonUserSettings is PASSED&#xD;
&#xD;
2019-11-04 07:25:24 - [MESSAGE][PASSED] - Call Test Case 'Test Cases/FirstView/Login/TC_SendCode' successfully&#xD;
&#xD;
2019-11-04 07:25:24 - [TEST_STEP][PASSED] - callTestCase(findTestCase("FirstView/Login/TC_FirstView"), [:], STOP_ON_FAILURE): Call Test Case 'Test Cases/FirstView/Login/TC_FirstView' successfully&#xD;
&#xD;
2019-11-04 07:25:24 - [TEST_CASE][PASSED] - Test Cases/FirstView/Login/TC_FirstView: Test Cases/FirstView/Login/TC_FirstView&#xD;
&#xD;
2019-11-04 07:25:27 - [TEST_STEP][NOT_RUN] - utilities.SafeActions.safeClickWithoutScroll(findTestObject("Pages/FirstView/link_Home"), "Click on Home button in First View screen", [PageLoadTime]): NOT_RUN: utilities.SafeActions.safeClickWithoutScroll(findTestObject("Pages/FirstView/link_Home"), "Click on Home button in First View screen", [PageLoadTime])&#xD;
&#xD;
2019-11-04 07:25:27 - [MESSAGE][NOT_RUN] - NOT_RUN: utilities.SafeActions.safeClickWithoutScroll(findTestObject("Pages/FirstView/link_Home"), "Click on Home button in First View screen", [PageLoadTime])&#xD;
&#xD;
2019-11-04 07:25:27 - [TEST_STEP][PASSED] - delay(3): Delayed 3 second(s)&#xD;
&#xD;
2019-11-04 07:25:30 - [MESSAGE][PASSED] - Delayed 3 second(s)&#xD;
&#xD;
2019-11-04 07:25:30 - [TEST_STEP][PASSED] - utilities.SafeActions.javascriptclick(findTestObject("Pages/FirstView/link_Home"), delayForElement): utilities.SafeActions.javascriptclick is PASSED&#xD;
&#xD;
2019-11-04 07:25:30 - [MESSAGE][PASSED] - utilities.SafeActions.javascriptclick is PASSED&#xD;
&#xD;
2019-11-04 07:25:30 - [TEST_STEP][PASSED] - utilities.SafeActions.safeClickWithoutScroll(findTestObject("Pages/FirstView/link_VPOS"), "Click on VPOS button in First View screen", [PageLoadTime]): utilities.SafeActions.safeClickWithoutScroll is PASSED&#xD;
&#xD;
2019-11-04 07:25:30 - [MESSAGE][INFO] - Safe Click Without scroll&#xD;
&#xD;
2019-11-04 07:25:30 - [MESSAGE][INFO] - 1stPayVault_TestSuite.ts:waiting until Click on VPOS button in First View screen is Clickable&#xD;
&#xD;
2019-11-04 07:25:32 - [MESSAGE][PASSED] - Object 'Object Repository/Pages/FirstView/link_VPOS' is clickable&#xD;
&#xD;
2019-11-04 07:25:32 - [MESSAGE][PASSED] - Object 'Object Repository/Pages/FirstView/link_VPOS' is visible&#xD;
&#xD;
2019-11-04 07:25:35 - [MESSAGE][PASSED] - Object: 'Object Repository/Pages/FirstView/link_VPOS' is clicked on&#xD;
&#xD;
2019-11-04 07:25:35 - [MESSAGE][INFO] - 1stPayVault_TestSuite.ts: click on the Click on VPOS button in First View screen&#xD;
&#xD;
2019-11-04 07:25:35 - [MESSAGE][PASSED] - utilities.SafeActions.safeClickWithoutScroll is PASSED&#xD;
&#xD;
2019-11-04 07:25:35 - [MESSAGE][PASSED] - Call Test Case 'Test Cases/FirstView/Login/TC_FirstView' successfully&#xD;
&#xD;
2019-11-04 07:25:35 - [TEST_STEP][PASSED] - switchToWindowTitle("Transcenter - VPOS"): Switched to window with title: 'Transcenter - VPOS'&#xD;
&#xD;
2019-11-04 07:25:38 - [MESSAGE][PASSED] - Switched to window with title: 'Transcenter - VPOS'&#xD;
&#xD;
2019-11-04 07:25:38 - [TEST_STEP][PASSED] - focus(findTestObject("Pages/FirstPayVault/tab_FirstPayVault")): Object: 'Object Repository/Pages/FirstPayVault/tab_FirstPayVault' is focused&#xD;
&#xD;
2019-11-04 07:25:45 - [MESSAGE][PASSED] - Object: 'Object Repository/Pages/FirstPayVault/tab_FirstPayVault' is focused&#xD;
&#xD;
2019-11-04 07:25:45 - [TEST_STEP][PASSED] - utilities.SafeActions.javascriptclick(findTestObject("Pages/FirstPayVault/tab_FirstPayVault"), PageLoadTime): utilities.SafeActions.javascriptclick is PASSED&#xD;
&#xD;
2019-11-04 07:25:45 - [MESSAGE][PASSED] - utilities.SafeActions.javascriptclick is PASSED&#xD;
&#xD;
2019-11-04 07:25:45 - [TEST_STEP][PASSED] - delay(2): Delayed 2 second(s)&#xD;
&#xD;
2019-11-04 07:25:47 - [MESSAGE][PASSED] - Delayed 2 second(s)&#xD;
&#xD;
2019-11-04 07:25:47 - [TEST_STEP][PASSED] - utilities.SafeActions.safeClickWithoutScroll(findTestObject("Pages/FirstPayVault/tab_FirstPayVault"), "Click on FistPayVault tab", [delayForElement]): utilities.SafeActions.safeClickWithoutScroll is PASSED&#xD;
&#xD;
2019-11-04 07:25:48 - [MESSAGE][INFO] - Safe Click Without scroll&#xD;
&#xD;
2019-11-04 07:25:48 - [MESSAGE][INFO] - 1stPayVault_TestSuite.ts:waiting until Click on FistPayVault tab is Clickable&#xD;
&#xD;
2019-11-04 07:25:48 - [MESSAGE][PASSED] - Object 'Object Repository/Pages/FirstPayVault/tab_FirstPayVault' is clickable&#xD;
&#xD;
2019-11-04 07:25:48 - [MESSAGE][PASSED] - Object 'Object Repository/Pages/FirstPayVault/tab_FirstPayVault' is visible&#xD;
&#xD;
2019-11-04 07:25:50 - [MESSAGE][PASSED] - Object: 'Object Repository/Pages/FirstPayVault/tab_FirstPayVault' is clicked on&#xD;
&#xD;
2019-11-04 07:25:50 - [MESSAGE][INFO] - 1stPayVault_TestSuite.ts: click on the Click on FistPayVault tab&#xD;
&#xD;
2019-11-04 07:25:50 - [MESSAGE][PASSED] - utilities.SafeActions.safeClickWithoutScroll is PASSED&#xD;
&#xD;
2019-11-04 07:25:50 - [TEST_STEP][PASSED] - utilities.SafeActions.safeClickWithoutScroll(findTestObject("Pages/FirstPayVault/button_CreateVault"), "Click on CreateVault button", [PageLoadTime]): utilities.SafeActions.safeClickWithoutScroll is PASSED&#xD;
&#xD;
2019-11-04 07:25:50 - [MESSAGE][INFO] - Safe Click Without scroll&#xD;
&#xD;
2019-11-04 07:25:50 - [MESSAGE][INFO] - 1stPayVault_TestSuite.ts:waiting until Click on CreateVault button is Clickable&#xD;
&#xD;
2019-11-04 07:25:50 - [MESSAGE][PASSED] - Object 'Object Repository/Pages/FirstPayVault/button_CreateVault' is clickable&#xD;
&#xD;
2019-11-04 07:25:50 - [MESSAGE][PASSED] - Object 'Object Repository/Pages/FirstPayVault/button_CreateVault' is visible&#xD;
&#xD;
2019-11-04 07:25:52 - [MESSAGE][PASSED] - Object: 'Object Repository/Pages/FirstPayVault/button_CreateVault' is clicked on&#xD;
&#xD;
2019-11-04 07:25:52 - [MESSAGE][INFO] - 1stPayVault_TestSuite.ts: click on the Click on CreateVault button&#xD;
&#xD;
2019-11-04 07:25:52 - [MESSAGE][PASSED] - utilities.SafeActions.safeClickWithoutScroll is PASSED&#xD;
&#xD;
2019-11-04 07:25:52 - [TEST_STEP][PASSED] - scrollToElement(findTestObject("Pages/FirstPayVault/input_VaultReferenceNumber"), PageLoadTime): Scroll to object 'Object Repository/Pages/FirstPayVault/input_VaultReferenceNumber' successfully&#xD;
&#xD;
2019-11-04 07:25:52 - [MESSAGE][PASSED] - Scroll to object 'Object Repository/Pages/FirstPayVault/input_VaultReferenceNumber' successfully&#xD;
&#xD;
2019-11-04 07:25:52 - [TEST_STEP][PASSED] - vaultReference = utilities.SafeActions.timeWithMilliSeconds(): utilities.SafeActions.timeWithMilliSeconds is PASSED&#xD;
&#xD;
2019-11-04 07:25:52 - [MESSAGE][PASSED] - utilities.SafeActions.timeWithMilliSeconds is PASSED&#xD;
&#xD;
2019-11-04 07:25:52 - [TEST_STEP][PASSED] - utilities.SafeActions.safeType(findTestObject("Pages/FirstPayVault/input_VaultReferenceNumber"), vaultReference, "Entering Vault Reference Number", [PageLoadTime]): utilities.SafeActions.safeType is PASSED&#xD;
&#xD;
2019-11-04 07:25:53 - [MESSAGE][PASSED] - Object 'Object Repository/Pages/FirstPayVault/input_VaultReferenceNumber' is present&#xD;
&#xD;
2019-11-04 07:25:53 - [MESSAGE][PASSED] - Object 'Object Repository/Pages/FirstPayVault/input_VaultReferenceNumber' is present&#xD;
&#xD;
2019-11-04 07:25:54 - [MESSAGE][PASSED] - Object: 'Object Repository/Pages/FirstPayVault/input_VaultReferenceNumber' is clicked on&#xD;
&#xD;
2019-11-04 07:25:55 - [MESSAGE][PASSED] - Text '2019-11-04 07:25:52.964' is set on object 'Object Repository/Pages/FirstPayVault/input_VaultReferenceNumber'&#xD;
&#xD;
2019-11-04 07:25:55 - [MESSAGE][PASSED] - utilities.SafeActions.safeType is PASSED&#xD;
&#xD;
2019-11-04 07:25:55 - [TEST_STEP][PASSED] - utilities.SafeActions.safeType(findTestObject("Pages/FirstPayVault/input_CreditCardNumber"), visaCardNumber, "Entering Card Number", [PageLoadTime]): utilities.SafeActions.safeType is PASSED&#xD;
&#xD;
2019-11-04 07:25:55 - [MESSAGE][PASSED] - Object 'Object Repository/Pages/FirstPayVault/input_CreditCardNumber' is present&#xD;
&#xD;
2019-11-04 07:25:55 - [MESSAGE][PASSED] - Object 'Object Repository/Pages/FirstPayVault/input_CreditCardNumber' is present&#xD;
&#xD;
2019-11-04 07:25:56 - [MESSAGE][PASSED] - Object: 'Object Repository/Pages/FirstPayVault/input_CreditCardNumber' is clicked on&#xD;
&#xD;
2019-11-04 07:25:56 - [MESSAGE][PASSED] - Text '4111111111111111' is set on object 'Object Repository/Pages/FirstPayVault/input_CreditCardNumber'&#xD;
&#xD;
2019-11-04 07:25:56 - [MESSAGE][PASSED] - utilities.SafeActions.safeType is PASSED&#xD;
&#xD;
2019-11-04 07:25:56 - [TEST_STEP][PASSED] - utilities.SafeActions.safeSelectOptionInDropDownByVisibleText(findTestObject("Pages/FirstPayVault/dropDown_ExpirationMonth"), cardMonth, "Expiration Month", [PageLoadTime]): utilities.SafeActions.safeSelectOptionInDropDownByVisibleText is PASSED&#xD;
&#xD;
2019-11-04 07:25:56 - [MESSAGE][PASSED] - Object 'Object Repository/Pages/FirstPayVault/dropDown_ExpirationMonth' is visible&#xD;
&#xD;
2019-11-04 07:25:56 - [MESSAGE][PASSED] - Object 'Object Repository/Pages/FirstPayVault/dropDown_ExpirationMonth' is present&#xD;
&#xD;
2019-11-04 07:25:57 - [MESSAGE][PASSED] - Object: 'Object Repository/Pages/FirstPayVault/dropDown_ExpirationMonth' is clicked on&#xD;
&#xD;
2019-11-04 07:25:58 - [MESSAGE][PASSED] - All options with label 'September' are selected in object 'Object Repository/Pages/FirstPayVault/dropDown_ExpirationMonth' &#xD;
&#xD;
2019-11-04 07:25:58 - [MESSAGE][PASSED] - utilities.SafeActions.safeSelectOptionInDropDownByVisibleText is PASSED&#xD;
&#xD;
2019-11-04 07:25:58 - [TEST_STEP][PASSED] - utilities.SafeActions.safeSelectOptionInDropDownByVisibleText(findTestObject("Pages/FirstPayVault/dropDown_ExpirationYear"), cardYear, "year", [PageLoadTime]): utilities.SafeActions.safeSelectOptionInDropDownByVisibleText is PASSED&#xD;
&#xD;
2019-11-04 07:25:58 - [MESSAGE][PASSED] - Object 'Object Repository/Pages/FirstPayVault/dropDown_ExpirationYear' is visible&#xD;
&#xD;
2019-11-04 07:25:58 - [MESSAGE][PASSED] - Object 'Object Repository/Pages/FirstPayVault/dropDown_ExpirationYear' is present&#xD;
&#xD;
2019-11-04 07:25:59 - [MESSAGE][PASSED] - Object: 'Object Repository/Pages/FirstPayVault/dropDown_ExpirationYear' is clicked on&#xD;
&#xD;
2019-11-04 07:25:59 - [MESSAGE][PASSED] - All options with label '2023' are selected in object 'Object Repository/Pages/FirstPayVault/dropDown_ExpirationYear' &#xD;
&#xD;
2019-11-04 07:25:59 - [MESSAGE][PASSED] - utilities.SafeActions.safeSelectOptionInDropDownByVisibleText is PASSED&#xD;
&#xD;
2019-11-04 07:25:59 - [TEST_STEP][PASSED] - utilities.SafeActions.safeType(findTestObject("Pages/FirstPayVault/input_ContactName"), contactName, "Enter Contact Name", [PageLoadTime]): utilities.SafeActions.safeType is PASSED&#xD;
&#xD;
2019-11-04 07:25:59 - [MESSAGE][PASSED] - Object 'Object Repository/Pages/FirstPayVault/input_ContactName' is present&#xD;
&#xD;
2019-11-04 07:25:59 - [MESSAGE][PASSED] - Object 'Object Repository/Pages/FirstPayVault/input_ContactName' is present&#xD;
&#xD;
2019-11-04 07:26:00 - [MESSAGE][PASSED] - Object: 'Object Repository/Pages/FirstPayVault/input_ContactName' is clicked on&#xD;
&#xD;
2019-11-04 07:26:00 - [MESSAGE][PASSED] - Text 'Venkata Sai' is set on object 'Object Repository/Pages/FirstPayVault/input_ContactName'&#xD;
&#xD;
2019-11-04 07:26:00 - [MESSAGE][PASSED] - utilities.SafeActions.safeType is PASSED&#xD;
&#xD;
2019-11-04 07:26:00 - [TEST_STEP][PASSED] - utilities.SafeActions.safeType(findTestObject("Pages/FirstPayVault/input_PostalCode"), postalCode, "Enter Postal Code", [PageLoadTime]): utilities.SafeActions.safeType is PASSED&#xD;
&#xD;
2019-11-04 07:26:01 - [MESSAGE][PASSED] - Object 'Object Repository/Pages/FirstPayVault/input_PostalCode' is present&#xD;
&#xD;
2019-11-04 07:26:01 - [MESSAGE][PASSED] - Object 'Object Repository/Pages/FirstPayVault/input_PostalCode' is present&#xD;
&#xD;
2019-11-04 07:26:01 - [MESSAGE][PASSED] - Object: 'Object Repository/Pages/FirstPayVault/input_PostalCode' is clicked on&#xD;
&#xD;
2019-11-04 07:26:02 - [MESSAGE][PASSED] - Text '76102' is set on object 'Object Repository/Pages/FirstPayVault/input_PostalCode'&#xD;
&#xD;
2019-11-04 07:26:02 - [MESSAGE][PASSED] - utilities.SafeActions.safeType is PASSED&#xD;
&#xD;
2019-11-04 07:26:02 - [TEST_STEP][PASSED] - utilities.SafeActions.safeType(findTestObject("Pages/FirstPayVault/input_Address"), address, "Enter ddress", [PageLoadTime]): utilities.SafeActions.safeType is PASSED&#xD;
&#xD;
2019-11-04 07:26:02 - [MESSAGE][PASSED] - Object 'Object Repository/Pages/FirstPayVault/input_Address' is present&#xD;
&#xD;
2019-11-04 07:26:02 - [MESSAGE][PASSED] - Object 'Object Repository/Pages/FirstPayVault/input_Address' is present&#xD;
&#xD;
2019-11-04 07:26:03 - [MESSAGE][PASSED] - Object: 'Object Repository/Pages/FirstPayVault/input_Address' is clicked on&#xD;
&#xD;
2019-11-04 07:26:03 - [MESSAGE][PASSED] - Text 'Street123' is set on object 'Object Repository/Pages/FirstPayVault/input_Address'&#xD;
&#xD;
2019-11-04 07:26:03 - [MESSAGE][PASSED] - utilities.SafeActions.safeType is PASSED&#xD;
&#xD;
2019-11-04 07:26:03 - [TEST_STEP][PASSED] - utilities.SafeActions.safeCheckForElement(findTestObject("Pages/FirstPayVault/chekBox_AddShippingInformation"), PageLoadTime): utilities.SafeActions.safeCheckForElement is PASSED&#xD;
&#xD;
2019-11-04 07:26:03 - [MESSAGE][PASSED] - Object 'Object Repository/Pages/FirstPayVault/chekBox_AddShippingInformation' is present&#xD;
&#xD;
2019-11-04 07:26:03 - [MESSAGE][PASSED] - Object 'Object Repository/Pages/FirstPayVault/chekBox_AddShippingInformation' is visible&#xD;
&#xD;
2019-11-04 07:26:03 - [MESSAGE][PASSED] - Object 'Object Repository/Pages/FirstPayVault/chekBox_AddShippingInformation' is present&#xD;
&#xD;
2019-11-04 07:26:04 - [MESSAGE][PASSED] - Object 'Object Repository/Pages/FirstPayVault/chekBox_AddShippingInformation' is checked&#xD;
&#xD;
2019-11-04 07:26:04 - [MESSAGE][PASSED] - utilities.SafeActions.safeCheckForElement is PASSED&#xD;
&#xD;
2019-11-04 07:26:04 - [TEST_STEP][PASSED] - utilities.SafeActions.safeType(findTestObject("Pages/FirstPayVault/input_ShippingMethod"), shippingMethod, "Enter Shipping Method", [PageLoadTime]): utilities.SafeActions.safeType is PASSED&#xD;
&#xD;
2019-11-04 07:26:05 - [MESSAGE][PASSED] - Object 'Object Repository/Pages/FirstPayVault/input_ShippingMethod' is present&#xD;
&#xD;
2019-11-04 07:26:05 - [MESSAGE][PASSED] - Object 'Object Repository/Pages/FirstPayVault/input_ShippingMethod' is present&#xD;
&#xD;
2019-11-04 07:26:05 - [MESSAGE][PASSED] - Object: 'Object Repository/Pages/FirstPayVault/input_ShippingMethod' is clicked on&#xD;
&#xD;
2019-11-04 07:26:06 - [MESSAGE][PASSED] - Text 'DTDC' is set on object 'Object Repository/Pages/FirstPayVault/input_ShippingMethod'&#xD;
&#xD;
2019-11-04 07:26:06 - [MESSAGE][PASSED] - utilities.SafeActions.safeType is PASSED&#xD;
&#xD;
2019-11-04 07:26:06 - [TEST_STEP][PASSED] - utilities.SafeActions.safeCheckForElement(findTestObject("Pages/FirstPayVault/checkbox_SameAsBillingInformation"), PageLoadTime): utilities.SafeActions.safeCheckForElement is PASSED&#xD;
&#xD;
2019-11-04 07:26:06 - [MESSAGE][PASSED] - Object 'Object Repository/Pages/FirstPayVault/checkbox_SameAsBillingInformation' is present&#xD;
&#xD;
2019-11-04 07:26:06 - [MESSAGE][PASSED] - Object 'Object Repository/Pages/FirstPayVault/checkbox_SameAsBillingInformation' is visible&#xD;
&#xD;
2019-11-04 07:26:06 - [MESSAGE][PASSED] - Object 'Object Repository/Pages/FirstPayVault/checkbox_SameAsBillingInformation' is present&#xD;
&#xD;
2019-11-04 07:26:07 - [MESSAGE][PASSED] - Object 'Object Repository/Pages/FirstPayVault/checkbox_SameAsBillingInformation' is checked&#xD;
&#xD;
2019-11-04 07:26:07 - [MESSAGE][PASSED] - utilities.SafeActions.safeCheckForElement is PASSED&#xD;
&#xD;
2019-11-04 07:26:07 - [TEST_STEP][PASSED] - utilities.SafeActions.safeClickwithScroll(findTestObject("Pages/FirstPayVault/button_Create"), "Click on Create Button", [PageLoadTime]): utilities.SafeActions.safeClickwithScroll is PASSED&#xD;
&#xD;
2019-11-04 07:26:07 - [MESSAGE][PASSED] - Object 'Object Repository/Pages/FirstPayVault/button_Create' is present&#xD;
&#xD;
2019-11-04 07:26:07 - [MESSAGE][PASSED] - Object 'Object Repository/Pages/FirstPayVault/button_Create' is visible&#xD;
&#xD;
2019-11-04 07:26:07 - [MESSAGE][INFO] - 1stPayVault_TestSuite.ts:waiting until Click on Create Button is Clickable&#xD;
&#xD;
2019-11-04 07:26:07 - [MESSAGE][PASSED] - Object 'Object Repository/Pages/FirstPayVault/button_Create' is clickable&#xD;
&#xD;
2019-11-04 07:26:07 - [MESSAGE][PASSED] - Object 'Object Repository/Pages/FirstPayVault/button_Create' is visible&#xD;
&#xD;
2019-11-04 07:26:08 - [MESSAGE][PASSED] - Object: 'Object Repository/Pages/FirstPayVault/button_Create' is clicked on&#xD;
&#xD;
2019-11-04 07:26:08 - [MESSAGE][INFO] - 1stPayVault_TestSuite.ts: Clicked on the Click on Create Button&#xD;
&#xD;
2019-11-04 07:26:08 - [MESSAGE][PASSED] - utilities.SafeActions.safeClickwithScroll is PASSED&#xD;
&#xD;
2019-11-04 07:26:08 - [TEST_STEP][PASSED] - delay(2): Delayed 2 second(s)&#xD;
&#xD;
2019-11-04 07:26:10 - [MESSAGE][PASSED] - Delayed 2 second(s)&#xD;
&#xD;
2019-11-04 07:26:10 - [TEST_STEP][PASSED] - popupSavedToVaultMessage = utilities.SafeActions.safeGetText(findTestObject("Pages/FirstPayVault/popup_SavedToVaultMessage"), PageLoadTime): utilities.SafeActions.safeGetText is PASSED&#xD;
&#xD;
2019-11-04 07:26:10 - [MESSAGE][PASSED] - Object 'Object Repository/Pages/FirstPayVault/popup_SavedToVaultMessage' is present&#xD;
&#xD;
2019-11-04 07:26:10 - [MESSAGE][PASSED] - Scroll to object 'Object Repository/Pages/FirstPayVault/popup_SavedToVaultMessage' successfully&#xD;
&#xD;
2019-11-04 07:26:10 - [MESSAGE][PASSED] - Object 'Object Repository/Pages/FirstPayVault/popup_SavedToVaultMessage' is present&#xD;
&#xD;
2019-11-04 07:26:11 - [MESSAGE][PASSED] - Text of object 'Object Repository/Pages/FirstPayVault/popup_SavedToVaultMessage' is: 'Successfully Saved to Vault'&#xD;
&#xD;
2019-11-04 07:26:11 - [MESSAGE][PASSED] - utilities.SafeActions.safeGetText is PASSED&#xD;
&#xD;
2019-11-04 07:26:11 - [TEST_STEP][PASSED] - flag = utilities.SafeActions.verifyPopupMessage("Successfully Saved to Vault", popupSavedToVaultMessage): Popup Message : Successfully Saved to Vault matched with expected message : Successfully Saved to Vault&#xD;
&#xD;
2019-11-04 07:26:11 - [MESSAGE][PASSED] - Popup Message : Successfully Saved to Vault matched with expected message : Successfully Saved to Vault&#xD;
&#xD;
2019-11-04 07:26:11 - [TEST_STEP][PASSED] - utilities.SafeActions.safeClickWithoutScroll(findTestObject("Pages/FirstPayVault/button_RunASale_InPopup"), "Click on Run A Sale in Popup", [delayBetweenTestSteps]): utilities.SafeActions.safeClickWithoutScroll is PASSED&#xD;
&#xD;
2019-11-04 07:26:11 - [MESSAGE][INFO] - Safe Click Without scroll&#xD;
&#xD;
2019-11-04 07:26:11 - [MESSAGE][INFO] - 1stPayVault_TestSuite.ts:waiting until Click on Run A Sale in Popup is Clickable&#xD;
&#xD;
2019-11-04 07:26:11 - [MESSAGE][PASSED] - Object 'Object Repository/Pages/FirstPayVault/button_RunASale_InPopup' is clickable&#xD;
&#xD;
2019-11-04 07:26:11 - [MESSAGE][PASSED] - Object 'Object Repository/Pages/FirstPayVault/button_RunASale_InPopup' is visible&#xD;
&#xD;
2019-11-04 07:26:13 - [MESSAGE][PASSED] - Object: 'Object Repository/Pages/FirstPayVault/button_RunASale_InPopup' is clicked on&#xD;
&#xD;
2019-11-04 07:26:13 - [MESSAGE][INFO] - 1stPayVault_TestSuite.ts: click on the Click on Run A Sale in Popup&#xD;
&#xD;
2019-11-04 07:26:13 - [MESSAGE][PASSED] - utilities.SafeActions.safeClickWithoutScroll is PASSED&#xD;
&#xD;
2019-11-04 07:26:13 - [TEST_STEP][PASSED] - value = utilities.SafeActions.getAttributeValue(findTestObject("Pages/Sale/tab_Sale_Active"), "Sale"): The screen is Sale screen&#xD;
&#xD;
2019-11-04 07:26:14 - [MESSAGE][PASSED] - Attribute 'class' of object 'Object Repository/Pages/Sale/tab_Sale_Active' is: 'active_tab tabs__link'&#xD;
&#xD;
2019-11-04 07:26:14 - [MESSAGE][PASSED] - The screen is Sale screen&#xD;
&#xD;
2019-11-04 07:26:14 - [TEST_STEP][PASSED] - closeBrowser(): Browser is closed&#xD;
&#xD;
2019-11-04 07:26:31 - [MESSAGE][PASSED] - Browser is closed&#xD;
&#xD;
2019-11-04 07:26:31 - [TEST_STEP][PASSED] - Start listener action : sampleAfterTestCase: null&#xD;
&#xD;
2019-11-04 07:26:31 - [TEST_STEP][PASSED] - println(testCaseContext.getTestCaseId()): null&#xD;
&#xD;
2019-11-04 07:26:31 - [TEST_STEP][PASSED] - println(testCaseContext.getTestCaseStatus()): null&#xD;
&#xD;
2019-11-04 07:26:31 - [TEST_STEP][PASSED] - testCaseName = testCaseContext.getTestCaseId(): null&#xD;
&#xD;
2019-11-04 07:26:31 - [TEST_STEP][PASSED] - strCount = testCaseName.lastIndexOf("/"): null&#xD;
&#xD;
2019-11-04 07:26:31 - [TEST_STEP][PASSED] - testCaseName = testCaseName.substring(strCount): null&#xD;
&#xD;
2019-11-04 07:26:31 - [TEST_STEP][PASSED] - println(testCaseName): null&#xD;
&#xD;
2019-11-04 07:26:31 - [TEST_STEP][PASSED] - if (getTestCaseStatus().equalsIgnoreCase("Error")): null&#xD;
&#xD;
2019-11-04 07:26:31 - [TEST_STEP][PASSED] - Start listener action : sampleAfterTestCase: null</system-out>
            <system-err></system-err>
        </testcase>
        <testcase name="Test Cases/FirstView/FirstPayVault/VPOS_1stPayVault_Verify_TransactionCompleteScreen_on_Run_Sale_WithThis_Vault_Retail" classname="Test Cases/FirstView/FirstPayVault/VPOS_1stPayVault_Verify_TransactionCompleteScreen_on_Run_Sale_WithThis_Vault_Retail" status="PASSED">
            <system-out>2019-11-04 07:26:31 - [TEST_CASE][PASSED] - Test Cases/FirstView/FirstPayVault/VPOS_1stPayVault_Verify_TransactionCompleteScreen_on_Run_Sale_WithThis_Vault_Retail: Test Cases/FirstView/FirstPayVault/VPOS_1stPayVault_Verify_TransactionCompleteScreen_on_Run_Sale_WithThis_Vault_Retail&#xD;
&#xD;
2019-11-04 07:26:32 - [TEST_STEP][PASSED] - Start listener action : sampleBeforeTestCase: null&#xD;
&#xD;
2019-11-04 07:26:32 - [TEST_STEP][PASSED] - println(testCaseContext.getTestCaseId()): null&#xD;
&#xD;
2019-11-04 07:26:32 - [TEST_STEP][PASSED] - println(testCaseContext.getTestCaseVariables()): null&#xD;
&#xD;
2019-11-04 07:26:32 - [TEST_STEP][PASSED] - utilities.SafeActions.openBrowser(URL, [PageLoadTime]): utilities.SafeActions.openBrowser is PASSED&#xD;
&#xD;
2019-11-04 07:26:32 - [MESSAGE][INFO] - Opening Browser&#xD;
&#xD;
2019-11-04 07:26:32 - [MESSAGE][INFO] - Starting 'Firefox' driver&#xD;
&#xD;
2019-11-04 07:26:42 - [MESSAGE][PASSED] - Browser is opened with url: 'https://q-www-firstview-net.faps.net/MVC/Account/Login'&#xD;
&#xD;
2019-11-04 07:26:42 - [MESSAGE][PASSED] - Current window maximized&#xD;
&#xD;
2019-11-04 07:26:42 - [MESSAGE][INFO] - Browser Launched Successfully&#xD;
&#xD;
2019-11-04 07:26:42 - [MESSAGE][PASSED] - utilities.SafeActions.openBrowser is PASSED&#xD;
&#xD;
2019-11-04 07:26:42 - [TEST_STEP][PASSED] - pages.Login.login(uName, password): pages.Login.login is PASSED&#xD;
&#xD;
2019-11-04 07:26:43 - [MESSAGE][PASSED] - Object 'Object Repository/Pages/Login/userName' is present&#xD;
&#xD;
2019-11-04 07:26:43 - [MESSAGE][PASSED] - Object 'Object Repository/Pages/Login/userName' is present&#xD;
&#xD;
2019-11-04 07:26:43 - [MESSAGE][PASSED] - Object: 'Object Repository/Pages/Login/userName' is clicked on&#xD;
&#xD;
2019-11-04 07:26:43 - [MESSAGE][PASSED] - Text 'ZenQRetail' is set on object 'Object Repository/Pages/Login/userName'&#xD;
&#xD;
2019-11-04 07:26:43 - [MESSAGE][PASSED] - Object 'Object Repository/Pages/Login/password' is present&#xD;
&#xD;
2019-11-04 07:26:43 - [MESSAGE][PASSED] - Object 'Object Repository/Pages/Login/password' is present&#xD;
&#xD;
2019-11-04 07:26:44 - [MESSAGE][PASSED] - Object: 'Object Repository/Pages/Login/password' is clicked on&#xD;
&#xD;
2019-11-04 07:26:44 - [MESSAGE][PASSED] - Text 'P@ssword1' is set on object 'Object Repository/Pages/Login/password'&#xD;
&#xD;
2019-11-04 07:26:44 - [MESSAGE][INFO] - Safe Click Without scroll&#xD;
&#xD;
2019-11-04 07:26:44 - [MESSAGE][INFO] - 1stPayVault_TestSuite.ts:waiting until Click on Login is Clickable&#xD;
&#xD;
2019-11-04 07:26:44 - [MESSAGE][PASSED] - Object 'Object Repository/Pages/Login/login' is clickable&#xD;
&#xD;
2019-11-04 07:26:44 - [MESSAGE][PASSED] - Object 'Object Repository/Pages/Login/login' is visible&#xD;
&#xD;
2019-11-04 07:26:47 - [MESSAGE][PASSED] - Object: 'Object Repository/Pages/Login/login' is clicked on&#xD;
&#xD;
2019-11-04 07:26:47 - [MESSAGE][INFO] - 1stPayVault_TestSuite.ts: click on the Click on Login&#xD;
&#xD;
2019-11-04 07:26:47 - [MESSAGE][PASSED] - pages.Login.login is PASSED&#xD;
&#xD;
2019-11-04 07:26:47 - [TEST_STEP][PASSED] - callTestCase(findTestCase("FirstView/Login/TC_SendCode"), [:], STOP_ON_FAILURE): Call Test Case 'Test Cases/FirstView/Login/TC_SendCode' successfully&#xD;
&#xD;
2019-11-04 07:26:47 - [TEST_CASE][PASSED] - Test Cases/FirstView/Login/TC_SendCode: Test Cases/FirstView/Login/TC_SendCode&#xD;
&#xD;
2019-11-04 07:26:47 - [TEST_STEP][PASSED] - flag = pages.SendCode.verifyPage(): pages.SendCode.verifyPage is PASSED&#xD;
&#xD;
2019-11-04 07:26:47 - [MESSAGE][PASSED] - Object 'Object Repository/Pages/SendCodeToValidate/header_SendCodeToValidate' is present and visible in viewport&#xD;
&#xD;
2019-11-04 07:26:47 - [MESSAGE][PASSED] - pages.SendCode.verifyPage is PASSED&#xD;
&#xD;
2019-11-04 07:26:47 - [TEST_STEP][PASSED] - if (flag): pages.SendCode.clickonUserSettings is PASSED&#xD;
&#xD;
2019-11-04 07:26:47 - [TEST_STEP][PASSED] - pages.SendCode.clickonUserSettings(): pages.SendCode.clickonUserSettings is PASSED&#xD;
&#xD;
2019-11-04 07:26:47 - [MESSAGE][PASSED] - Object 'Object Repository/Pages/SendCodeToValidate/link_UserSettings' is present&#xD;
&#xD;
2019-11-04 07:26:47 - [MESSAGE][PASSED] - Object 'Object Repository/Pages/SendCodeToValidate/link_UserSettings' is visible&#xD;
&#xD;
2019-11-04 07:26:47 - [MESSAGE][INFO] - 1stPayVault_TestSuite.ts:waiting until Click on User Settings is Clickable&#xD;
&#xD;
2019-11-04 07:26:47 - [MESSAGE][PASSED] - Object 'Object Repository/Pages/SendCodeToValidate/link_UserSettings' is clickable&#xD;
&#xD;
2019-11-04 07:26:47 - [MESSAGE][PASSED] - Object 'Object Repository/Pages/SendCodeToValidate/link_UserSettings' is visible&#xD;
&#xD;
2019-11-04 07:26:49 - [MESSAGE][PASSED] - Object: 'Object Repository/Pages/SendCodeToValidate/link_UserSettings' is clicked on&#xD;
&#xD;
2019-11-04 07:26:49 - [MESSAGE][INFO] - 1stPayVault_TestSuite.ts: Clicked on the Click on User Settings&#xD;
&#xD;
2019-11-04 07:26:49 - [MESSAGE][PASSED] - pages.SendCode.clickonUserSettings is PASSED&#xD;
&#xD;
2019-11-04 07:26:49 - [MESSAGE][PASSED] - Call Test Case 'Test Cases/FirstView/Login/TC_SendCode' successfully&#xD;
&#xD;
2019-11-04 07:26:49 - [TEST_STEP][PASSED] - callTestCase(findTestCase("FirstView/Login/TC_FirstView"), [:], STOP_ON_FAILURE): Call Test Case 'Test Cases/FirstView/Login/TC_FirstView' successfully&#xD;
&#xD;
2019-11-04 07:26:49 - [TEST_CASE][PASSED] - Test Cases/FirstView/Login/TC_FirstView: Test Cases/FirstView/Login/TC_FirstView&#xD;
&#xD;
2019-11-04 07:26:49 - [TEST_STEP][NOT_RUN] - utilities.SafeActions.safeClickWithoutScroll(findTestObject("Pages/FirstView/link_Home"), "Click on Home button in First View screen", [PageLoadTime]): NOT_RUN: utilities.SafeActions.safeClickWithoutScroll(findTestObject("Pages/FirstView/link_Home"), "Click on Home button in First View screen", [PageLoadTime])&#xD;
&#xD;
2019-11-04 07:26:49 - [MESSAGE][NOT_RUN] - NOT_RUN: utilities.SafeActions.safeClickWithoutScroll(findTestObject("Pages/FirstView/link_Home"), "Click on Home button in First View screen", [PageLoadTime])&#xD;
&#xD;
2019-11-04 07:26:49 - [TEST_STEP][PASSED] - delay(3): Delayed 3 second(s)&#xD;
&#xD;
2019-11-04 07:26:52 - [MESSAGE][PASSED] - Delayed 3 second(s)&#xD;
&#xD;
2019-11-04 07:26:52 - [TEST_STEP][PASSED] - utilities.SafeActions.javascriptclick(findTestObject("Pages/FirstView/link_Home"), delayForElement): utilities.SafeActions.javascriptclick is PASSED&#xD;
&#xD;
2019-11-04 07:26:52 - [MESSAGE][PASSED] - utilities.SafeActions.javascriptclick is PASSED&#xD;
&#xD;
2019-11-04 07:26:52 - [TEST_STEP][PASSED] - utilities.SafeActions.safeClickWithoutScroll(findTestObject("Pages/FirstView/link_VPOS"), "Click on VPOS button in First View screen", [PageLoadTime]): utilities.SafeActions.safeClickWithoutScroll is PASSED&#xD;
&#xD;
2019-11-04 07:26:52 - [MESSAGE][INFO] - Safe Click Without scroll&#xD;
&#xD;
2019-11-04 07:26:52 - [MESSAGE][INFO] - 1stPayVault_TestSuite.ts:waiting until Click on VPOS button in First View screen is Clickable&#xD;
&#xD;
2019-11-04 07:26:54 - [MESSAGE][PASSED] - Object 'Object Repository/Pages/FirstView/link_VPOS' is clickable&#xD;
&#xD;
2019-11-04 07:26:54 - [MESSAGE][PASSED] - Object 'Object Repository/Pages/FirstView/link_VPOS' is visible&#xD;
&#xD;
2019-11-04 07:26:55 - [MESSAGE][PASSED] - Object: 'Object Repository/Pages/FirstView/link_VPOS' is clicked on&#xD;
&#xD;
2019-11-04 07:26:55 - [MESSAGE][INFO] - 1stPayVault_TestSuite.ts: click on the Click on VPOS button in First View screen&#xD;
&#xD;
2019-11-04 07:26:55 - [MESSAGE][PASSED] - utilities.SafeActions.safeClickWithoutScroll is PASSED&#xD;
&#xD;
2019-11-04 07:26:55 - [MESSAGE][PASSED] - Call Test Case 'Test Cases/FirstView/Login/TC_FirstView' successfully&#xD;
&#xD;
2019-11-04 07:26:55 - [TEST_STEP][PASSED] - switchToWindowTitle("Transcenter - VPOS"): Switched to window with title: 'Transcenter - VPOS'&#xD;
&#xD;
2019-11-04 07:26:59 - [MESSAGE][PASSED] - Switched to window with title: 'Transcenter - VPOS'&#xD;
&#xD;
2019-11-04 07:26:59 - [TEST_STEP][PASSED] - focus(findTestObject("Pages/FirstPayVault/tab_FirstPayVault")): Object: 'Object Repository/Pages/FirstPayVault/tab_FirstPayVault' is focused&#xD;
&#xD;
2019-11-04 07:27:03 - [MESSAGE][PASSED] - Object: 'Object Repository/Pages/FirstPayVault/tab_FirstPayVault' is focused&#xD;
&#xD;
2019-11-04 07:27:03 - [TEST_STEP][PASSED] - utilities.SafeActions.javascriptclick(findTestObject("Pages/FirstPayVault/tab_FirstPayVault"), PageLoadTime): utilities.SafeActions.javascriptclick is PASSED&#xD;
&#xD;
2019-11-04 07:27:03 - [MESSAGE][PASSED] - utilities.SafeActions.javascriptclick is PASSED&#xD;
&#xD;
2019-11-04 07:27:03 - [TEST_STEP][PASSED] - delay(2): Delayed 2 second(s)&#xD;
&#xD;
2019-11-04 07:27:05 - [MESSAGE][PASSED] - Delayed 2 second(s)&#xD;
&#xD;
2019-11-04 07:27:05 - [TEST_STEP][PASSED] - utilities.SafeActions.safeClickWithoutScroll(findTestObject("Pages/FirstPayVault/tab_FirstPayVault"), "Click on FistPayVault tab", [delayForElement]): utilities.SafeActions.safeClickWithoutScroll is PASSED&#xD;
&#xD;
2019-11-04 07:27:05 - [MESSAGE][INFO] - Safe Click Without scroll&#xD;
&#xD;
2019-11-04 07:27:05 - [MESSAGE][INFO] - 1stPayVault_TestSuite.ts:waiting until Click on FistPayVault tab is Clickable&#xD;
&#xD;
2019-11-04 07:27:05 - [MESSAGE][PASSED] - Object 'Object Repository/Pages/FirstPayVault/tab_FirstPayVault' is clickable&#xD;
&#xD;
2019-11-04 07:27:06 - [MESSAGE][PASSED] - Object 'Object Repository/Pages/FirstPayVault/tab_FirstPayVault' is visible&#xD;
&#xD;
2019-11-04 07:27:06 - [MESSAGE][PASSED] - Object: 'Object Repository/Pages/FirstPayVault/tab_FirstPayVault' is clicked on&#xD;
&#xD;
2019-11-04 07:27:06 - [MESSAGE][INFO] - 1stPayVault_TestSuite.ts: click on the Click on FistPayVault tab&#xD;
&#xD;
2019-11-04 07:27:06 - [MESSAGE][PASSED] - utilities.SafeActions.safeClickWithoutScroll is PASSED&#xD;
&#xD;
2019-11-04 07:27:06 - [TEST_STEP][PASSED] - utilities.SafeActions.safeClickWithoutScroll(findTestObject("Pages/FirstPayVault/button_CreateVault"), "Click on CreateVault button", [PageLoadTime]): utilities.SafeActions.safeClickWithoutScroll is PASSED&#xD;
&#xD;
2019-11-04 07:27:06 - [MESSAGE][INFO] - Safe Click Without scroll&#xD;
&#xD;
2019-11-04 07:27:06 - [MESSAGE][INFO] - 1stPayVault_TestSuite.ts:waiting until Click on CreateVault button is Clickable&#xD;
&#xD;
2019-11-04 07:27:06 - [MESSAGE][PASSED] - Object 'Object Repository/Pages/FirstPayVault/button_CreateVault' is clickable&#xD;
&#xD;
2019-11-04 07:27:06 - [MESSAGE][PASSED] - Object 'Object Repository/Pages/FirstPayVault/button_CreateVault' is visible&#xD;
&#xD;
2019-11-04 07:27:07 - [MESSAGE][PASSED] - Object: 'Object Repository/Pages/FirstPayVault/button_CreateVault' is clicked on&#xD;
&#xD;
2019-11-04 07:27:07 - [MESSAGE][INFO] - 1stPayVault_TestSuite.ts: click on the Click on CreateVault button&#xD;
&#xD;
2019-11-04 07:27:07 - [MESSAGE][PASSED] - utilities.SafeActions.safeClickWithoutScroll is PASSED&#xD;
&#xD;
2019-11-04 07:27:07 - [TEST_STEP][PASSED] - scrollToElement(findTestObject("Pages/FirstPayVault/input_VaultReferenceNumber"), PageLoadTime): Scroll to object 'Object Repository/Pages/FirstPayVault/input_VaultReferenceNumber' successfully&#xD;
&#xD;
2019-11-04 07:27:08 - [MESSAGE][PASSED] - Scroll to object 'Object Repository/Pages/FirstPayVault/input_VaultReferenceNumber' successfully&#xD;
&#xD;
2019-11-04 07:27:08 - [TEST_STEP][PASSED] - vaultReference = utilities.SafeActions.timeWithMilliSeconds(): utilities.SafeActions.timeWithMilliSeconds is PASSED&#xD;
&#xD;
2019-11-04 07:27:08 - [MESSAGE][PASSED] - utilities.SafeActions.timeWithMilliSeconds is PASSED&#xD;
&#xD;
2019-11-04 07:27:08 - [TEST_STEP][PASSED] - utilities.SafeActions.safeType(findTestObject("Pages/FirstPayVault/input_VaultReferenceNumber"), vaultReference, "Entering Vault Reference Number", [PageLoadTime]): utilities.SafeActions.safeType is PASSED&#xD;
&#xD;
2019-11-04 07:27:08 - [MESSAGE][PASSED] - Object 'Object Repository/Pages/FirstPayVault/input_VaultReferenceNumber' is present&#xD;
&#xD;
2019-11-04 07:27:08 - [MESSAGE][PASSED] - Object 'Object Repository/Pages/FirstPayVault/input_VaultReferenceNumber' is present&#xD;
&#xD;
2019-11-04 07:27:08 - [MESSAGE][PASSED] - Object: 'Object Repository/Pages/FirstPayVault/input_VaultReferenceNumber' is clicked on&#xD;
&#xD;
2019-11-04 07:27:09 - [MESSAGE][PASSED] - Text '2019-11-04 07:27:08.042' is set on object 'Object Repository/Pages/FirstPayVault/input_VaultReferenceNumber'&#xD;
&#xD;
2019-11-04 07:27:09 - [MESSAGE][PASSED] - utilities.SafeActions.safeType is PASSED&#xD;
&#xD;
2019-11-04 07:27:09 - [TEST_STEP][PASSED] - utilities.SafeActions.safeType(findTestObject("Pages/FirstPayVault/input_CreditCardNumber"), visaCardNumber, "Entering Card Number", [PageLoadTime]): utilities.SafeActions.safeType is PASSED&#xD;
&#xD;
2019-11-04 07:27:09 - [MESSAGE][PASSED] - Object 'Object Repository/Pages/FirstPayVault/input_CreditCardNumber' is present&#xD;
&#xD;
2019-11-04 07:27:09 - [MESSAGE][PASSED] - Object 'Object Repository/Pages/FirstPayVault/input_CreditCardNumber' is present&#xD;
&#xD;
2019-11-04 07:27:10 - [MESSAGE][PASSED] - Object: 'Object Repository/Pages/FirstPayVault/input_CreditCardNumber' is clicked on&#xD;
&#xD;
2019-11-04 07:27:10 - [MESSAGE][PASSED] - Text '4111111111111111' is set on object 'Object Repository/Pages/FirstPayVault/input_CreditCardNumber'&#xD;
&#xD;
2019-11-04 07:27:10 - [MESSAGE][PASSED] - utilities.SafeActions.safeType is PASSED&#xD;
&#xD;
2019-11-04 07:27:10 - [TEST_STEP][PASSED] - utilities.SafeActions.safeSelectOptionInDropDownByVisibleText(findTestObject("Pages/FirstPayVault/dropDown_ExpirationMonth"), cardMonth, "Expiration Month", [PageLoadTime]): utilities.SafeActions.safeSelectOptionInDropDownByVisibleText is PASSED&#xD;
&#xD;
2019-11-04 07:27:10 - [MESSAGE][PASSED] - Object 'Object Repository/Pages/FirstPayVault/dropDown_ExpirationMonth' is visible&#xD;
&#xD;
2019-11-04 07:27:10 - [MESSAGE][PASSED] - Object 'Object Repository/Pages/FirstPayVault/dropDown_ExpirationMonth' is present&#xD;
&#xD;
2019-11-04 07:27:11 - [MESSAGE][PASSED] - Object: 'Object Repository/Pages/FirstPayVault/dropDown_ExpirationMonth' is clicked on&#xD;
&#xD;
2019-11-04 07:27:11 - [MESSAGE][PASSED] - All options with label 'September' are selected in object 'Object Repository/Pages/FirstPayVault/dropDown_ExpirationMonth' &#xD;
&#xD;
2019-11-04 07:27:11 - [MESSAGE][PASSED] - utilities.SafeActions.safeSelectOptionInDropDownByVisibleText is PASSED&#xD;
&#xD;
2019-11-04 07:27:11 - [TEST_STEP][PASSED] - utilities.SafeActions.safeSelectOptionInDropDownByVisibleText(findTestObject("Pages/FirstPayVault/dropDown_ExpirationYear"), cardYear, "year", [PageLoadTime]): utilities.SafeActions.safeSelectOptionInDropDownByVisibleText is PASSED&#xD;
&#xD;
2019-11-04 07:27:11 - [MESSAGE][PASSED] - Object 'Object Repository/Pages/FirstPayVault/dropDown_ExpirationYear' is visible&#xD;
&#xD;
2019-11-04 07:27:11 - [MESSAGE][PASSED] - Object 'Object Repository/Pages/FirstPayVault/dropDown_ExpirationYear' is present&#xD;
&#xD;
2019-11-04 07:27:12 - [MESSAGE][PASSED] - Object: 'Object Repository/Pages/FirstPayVault/dropDown_ExpirationYear' is clicked on&#xD;
&#xD;
2019-11-04 07:27:12 - [MESSAGE][PASSED] - All options with label '2022' are selected in object 'Object Repository/Pages/FirstPayVault/dropDown_ExpirationYear' &#xD;
&#xD;
2019-11-04 07:27:12 - [MESSAGE][PASSED] - utilities.SafeActions.safeSelectOptionInDropDownByVisibleText is PASSED&#xD;
&#xD;
2019-11-04 07:27:12 - [TEST_STEP][PASSED] - utilities.SafeActions.safeType(findTestObject("Pages/FirstPayVault/input_ContactName"), customerName, "Enter Contact Name", [PageLoadTime]): utilities.SafeActions.safeType is PASSED&#xD;
&#xD;
2019-11-04 07:27:12 - [MESSAGE][PASSED] - Object 'Object Repository/Pages/FirstPayVault/input_ContactName' is present&#xD;
&#xD;
2019-11-04 07:27:12 - [MESSAGE][PASSED] - Object 'Object Repository/Pages/FirstPayVault/input_ContactName' is present&#xD;
&#xD;
2019-11-04 07:27:13 - [MESSAGE][PASSED] - Object: 'Object Repository/Pages/FirstPayVault/input_ContactName' is clicked on&#xD;
&#xD;
2019-11-04 07:27:13 - [MESSAGE][PASSED] - Text 'Venkat Sai' is set on object 'Object Repository/Pages/FirstPayVault/input_ContactName'&#xD;
&#xD;
2019-11-04 07:27:13 - [MESSAGE][PASSED] - utilities.SafeActions.safeType is PASSED&#xD;
&#xD;
2019-11-04 07:27:13 - [TEST_STEP][PASSED] - utilities.SafeActions.safeType(findTestObject("Pages/FirstPayVault/input_PostalCode"), postalCode, "Enter Postal Code", [PageLoadTime]): utilities.SafeActions.safeType is PASSED&#xD;
&#xD;
2019-11-04 07:27:14 - [MESSAGE][PASSED] - Object 'Object Repository/Pages/FirstPayVault/input_PostalCode' is present&#xD;
&#xD;
2019-11-04 07:27:14 - [MESSAGE][PASSED] - Object 'Object Repository/Pages/FirstPayVault/input_PostalCode' is present&#xD;
&#xD;
2019-11-04 07:27:14 - [MESSAGE][PASSED] - Object: 'Object Repository/Pages/FirstPayVault/input_PostalCode' is clicked on&#xD;
&#xD;
2019-11-04 07:27:14 - [MESSAGE][PASSED] - Text '76102' is set on object 'Object Repository/Pages/FirstPayVault/input_PostalCode'&#xD;
&#xD;
2019-11-04 07:27:14 - [MESSAGE][PASSED] - utilities.SafeActions.safeType is PASSED&#xD;
&#xD;
2019-11-04 07:27:14 - [TEST_STEP][PASSED] - utilities.SafeActions.safeType(findTestObject("Pages/FirstPayVault/input_Address"), address, "Enter ddress", [PageLoadTime]): utilities.SafeActions.safeType is PASSED&#xD;
&#xD;
2019-11-04 07:27:15 - [MESSAGE][PASSED] - Object 'Object Repository/Pages/FirstPayVault/input_Address' is present&#xD;
&#xD;
2019-11-04 07:27:15 - [MESSAGE][PASSED] - Object 'Object Repository/Pages/FirstPayVault/input_Address' is present&#xD;
&#xD;
2019-11-04 07:27:15 - [MESSAGE][PASSED] - Object: 'Object Repository/Pages/FirstPayVault/input_Address' is clicked on&#xD;
&#xD;
2019-11-04 07:27:16 - [MESSAGE][PASSED] - Text 'Street123' is set on object 'Object Repository/Pages/FirstPayVault/input_Address'&#xD;
&#xD;
2019-11-04 07:27:16 - [MESSAGE][PASSED] - utilities.SafeActions.safeType is PASSED&#xD;
&#xD;
2019-11-04 07:27:16 - [TEST_STEP][PASSED] - utilities.SafeActions.safeCheckForElement(findTestObject("Pages/FirstPayVault/chekBox_AddShippingInformation"), PageLoadTime): utilities.SafeActions.safeCheckForElement is PASSED&#xD;
&#xD;
2019-11-04 07:27:16 - [MESSAGE][PASSED] - Object 'Object Repository/Pages/FirstPayVault/chekBox_AddShippingInformation' is present&#xD;
&#xD;
2019-11-04 07:27:16 - [MESSAGE][PASSED] - Object 'Object Repository/Pages/FirstPayVault/chekBox_AddShippingInformation' is visible&#xD;
&#xD;
2019-11-04 07:27:16 - [MESSAGE][PASSED] - Object 'Object Repository/Pages/FirstPayVault/chekBox_AddShippingInformation' is present&#xD;
&#xD;
2019-11-04 07:27:17 - [MESSAGE][PASSED] - Object 'Object Repository/Pages/FirstPayVault/chekBox_AddShippingInformation' is checked&#xD;
&#xD;
2019-11-04 07:27:17 - [MESSAGE][PASSED] - utilities.SafeActions.safeCheckForElement is PASSED&#xD;
&#xD;
2019-11-04 07:27:17 - [TEST_STEP][PASSED] - utilities.SafeActions.safeType(findTestObject("Pages/FirstPayVault/input_ShippingMethod"), shippingMethod, "Enter Shipping Method", [PageLoadTime]): utilities.SafeActions.safeType is PASSED&#xD;
&#xD;
2019-11-04 07:27:17 - [MESSAGE][PASSED] - Object 'Object Repository/Pages/FirstPayVault/input_ShippingMethod' is present&#xD;
&#xD;
2019-11-04 07:27:17 - [MESSAGE][PASSED] - Object 'Object Repository/Pages/FirstPayVault/input_ShippingMethod' is present&#xD;
&#xD;
2019-11-04 07:27:17 - [MESSAGE][PASSED] - Object: 'Object Repository/Pages/FirstPayVault/input_ShippingMethod' is clicked on&#xD;
&#xD;
2019-11-04 07:27:18 - [MESSAGE][PASSED] - Text 'DTDC' is set on object 'Object Repository/Pages/FirstPayVault/input_ShippingMethod'&#xD;
&#xD;
2019-11-04 07:27:18 - [MESSAGE][PASSED] - utilities.SafeActions.safeType is PASSED&#xD;
&#xD;
2019-11-04 07:27:18 - [TEST_STEP][PASSED] - utilities.SafeActions.safeCheckForElement(findTestObject("Pages/FirstPayVault/checkbox_SameAsBillingInformation"), PageLoadTime): utilities.SafeActions.safeCheckForElement is PASSED&#xD;
&#xD;
2019-11-04 07:27:18 - [MESSAGE][PASSED] - Object 'Object Repository/Pages/FirstPayVault/checkbox_SameAsBillingInformation' is present&#xD;
&#xD;
2019-11-04 07:27:18 - [MESSAGE][PASSED] - Object 'Object Repository/Pages/FirstPayVault/checkbox_SameAsBillingInformation' is visible&#xD;
&#xD;
2019-11-04 07:27:18 - [MESSAGE][PASSED] - Object 'Object Repository/Pages/FirstPayVault/checkbox_SameAsBillingInformation' is present&#xD;
&#xD;
2019-11-04 07:27:19 - [MESSAGE][PASSED] - Object 'Object Repository/Pages/FirstPayVault/checkbox_SameAsBillingInformation' is checked&#xD;
&#xD;
2019-11-04 07:27:19 - [MESSAGE][PASSED] - utilities.SafeActions.safeCheckForElement is PASSED&#xD;
&#xD;
2019-11-04 07:27:19 - [TEST_STEP][PASSED] - utilities.SafeActions.safeClickwithScroll(findTestObject("Pages/FirstPayVault/button_Create"), "Click on Create Button", [PageLoadTime]): utilities.SafeActions.safeClickwithScroll is PASSED&#xD;
&#xD;
2019-11-04 07:27:19 - [MESSAGE][PASSED] - Object 'Object Repository/Pages/FirstPayVault/button_Create' is present&#xD;
&#xD;
2019-11-04 07:27:19 - [MESSAGE][PASSED] - Object 'Object Repository/Pages/FirstPayVault/button_Create' is visible&#xD;
&#xD;
2019-11-04 07:27:19 - [MESSAGE][INFO] - 1stPayVault_TestSuite.ts:waiting until Click on Create Button is Clickable&#xD;
&#xD;
2019-11-04 07:27:19 - [MESSAGE][PASSED] - Object 'Object Repository/Pages/FirstPayVault/button_Create' is clickable&#xD;
&#xD;
2019-11-04 07:27:19 - [MESSAGE][PASSED] - Object 'Object Repository/Pages/FirstPayVault/button_Create' is visible&#xD;
&#xD;
2019-11-04 07:27:20 - [MESSAGE][PASSED] - Object: 'Object Repository/Pages/FirstPayVault/button_Create' is clicked on&#xD;
&#xD;
2019-11-04 07:27:20 - [MESSAGE][INFO] - 1stPayVault_TestSuite.ts: Clicked on the Click on Create Button&#xD;
&#xD;
2019-11-04 07:27:20 - [MESSAGE][PASSED] - utilities.SafeActions.safeClickwithScroll is PASSED&#xD;
&#xD;
2019-11-04 07:27:20 - [TEST_STEP][PASSED] - popupSavedToVaultMessage = utilities.SafeActions.safeGetText(findTestObject("Pages/FirstPayVault/popup_SavedToVaultMessage"), PageLoadTime): utilities.SafeActions.safeGetText is PASSED&#xD;
&#xD;
2019-11-04 07:27:20 - [MESSAGE][PASSED] - Object 'Object Repository/Pages/FirstPayVault/popup_SavedToVaultMessage' is present&#xD;
&#xD;
2019-11-04 07:27:20 - [MESSAGE][PASSED] - Scroll to object 'Object Repository/Pages/FirstPayVault/popup_SavedToVaultMessage' successfully&#xD;
&#xD;
2019-11-04 07:27:20 - [MESSAGE][PASSED] - Object 'Object Repository/Pages/FirstPayVault/popup_SavedToVaultMessage' is present&#xD;
&#xD;
2019-11-04 07:27:21 - [MESSAGE][PASSED] - Text of object 'Object Repository/Pages/FirstPayVault/popup_SavedToVaultMessage' is: 'Successfully Saved to Vault'&#xD;
&#xD;
2019-11-04 07:27:21 - [MESSAGE][PASSED] - utilities.SafeActions.safeGetText is PASSED&#xD;
&#xD;
2019-11-04 07:27:21 - [TEST_STEP][PASSED] - flag = utilities.SafeActions.verifyPopupMessage("Successfully Saved to Vault", popupSavedToVaultMessage): Popup Message : Successfully Saved to Vault matched with expected message : Successfully Saved to Vault&#xD;
&#xD;
2019-11-04 07:27:21 - [MESSAGE][PASSED] - Popup Message : Successfully Saved to Vault matched with expected message : Successfully Saved to Vault&#xD;
&#xD;
2019-11-04 07:27:21 - [TEST_STEP][PASSED] - utilities.SafeActions.safeClickWithoutScroll(findTestObject("Pages/FirstPayVault/button_RunSaleWithThisVault_InPopup"), "Click on Run Sale With This Vault in Popup", [delayBetweenTestSteps]): utilities.SafeActions.safeClickWithoutScroll is PASSED&#xD;
&#xD;
2019-11-04 07:27:21 - [MESSAGE][INFO] - Safe Click Without scroll&#xD;
&#xD;
2019-11-04 07:27:21 - [MESSAGE][INFO] - 1stPayVault_TestSuite.ts:waiting until Click on Run Sale With This Vault in Popup is Clickable&#xD;
&#xD;
2019-11-04 07:27:21 - [MESSAGE][PASSED] - Object 'Object Repository/Pages/FirstPayVault/button_RunSaleWithThisVault_InPopup' is clickable&#xD;
&#xD;
2019-11-04 07:27:21 - [MESSAGE][PASSED] - Object 'Object Repository/Pages/FirstPayVault/button_RunSaleWithThisVault_InPopup' is visible&#xD;
&#xD;
2019-11-04 07:27:22 - [MESSAGE][PASSED] - Object: 'Object Repository/Pages/FirstPayVault/button_RunSaleWithThisVault_InPopup' is clicked on&#xD;
&#xD;
2019-11-04 07:27:22 - [MESSAGE][INFO] - 1stPayVault_TestSuite.ts: click on the Click on Run Sale With This Vault in Popup&#xD;
&#xD;
2019-11-04 07:27:22 - [MESSAGE][PASSED] - utilities.SafeActions.safeClickWithoutScroll is PASSED&#xD;
&#xD;
2019-11-04 07:27:22 - [TEST_STEP][PASSED] - value = utilities.SafeActions.getAttributeValue(findTestObject("Pages/FirstPayVault/tab_1stPayVault_Active"), "1st_PayVault"): The screen is 1st_PayVault screen&#xD;
&#xD;
2019-11-04 07:27:22 - [MESSAGE][PASSED] - Attribute 'class' of object 'Object Repository/Pages/FirstPayVault/tab_1stPayVault_Active' is: 'active_tab tabs__link'&#xD;
&#xD;
2019-11-04 07:27:22 - [MESSAGE][PASSED] - The screen is 1st_PayVault screen&#xD;
&#xD;
2019-11-04 07:27:22 - [TEST_STEP][PASSED] - scrollToElement(findTestObject("Pages/FirstPayVault/input_Amount"), PageLoadTime): Scroll to object 'Object Repository/Pages/FirstPayVault/input_Amount' successfully&#xD;
&#xD;
2019-11-04 07:27:23 - [MESSAGE][PASSED] - Scroll to object 'Object Repository/Pages/FirstPayVault/input_Amount' successfully&#xD;
&#xD;
2019-11-04 07:27:23 - [TEST_STEP][PASSED] - utilities.SafeActions.safeType(findTestObject("Pages/FirstPayVault/input_Amount"), amount, "Enter Amount", [PageLoadTime]): utilities.SafeActions.safeType is PASSED&#xD;
&#xD;
2019-11-04 07:27:23 - [MESSAGE][PASSED] - Object 'Object Repository/Pages/FirstPayVault/input_Amount' is present&#xD;
&#xD;
2019-11-04 07:27:23 - [MESSAGE][PASSED] - Object 'Object Repository/Pages/FirstPayVault/input_Amount' is present&#xD;
&#xD;
2019-11-04 07:27:24 - [MESSAGE][PASSED] - Object: 'Object Repository/Pages/FirstPayVault/input_Amount' is clicked on&#xD;
&#xD;
2019-11-04 07:27:24 - [MESSAGE][PASSED] - Text '450' is set on object 'Object Repository/Pages/FirstPayVault/input_Amount'&#xD;
&#xD;
2019-11-04 07:27:24 - [MESSAGE][PASSED] - utilities.SafeActions.safeType is PASSED&#xD;
&#xD;
2019-11-04 07:27:24 - [TEST_STEP][PASSED] - salesTax = utilities.SafeActions.safeGetText(findTestObject("Pages/FirstPayVault/input_SalesTaxUnderAmount"), delayBetweenTestSteps): utilities.SafeActions.safeGetText is PASSED&#xD;
&#xD;
2019-11-04 07:27:24 - [MESSAGE][PASSED] - Object 'Object Repository/Pages/FirstPayVault/input_SalesTaxUnderAmount' is present&#xD;
&#xD;
2019-11-04 07:27:24 - [MESSAGE][PASSED] - Scroll to object 'Object Repository/Pages/FirstPayVault/input_SalesTaxUnderAmount' successfully&#xD;
&#xD;
2019-11-04 07:27:24 - [MESSAGE][PASSED] - Object 'Object Repository/Pages/FirstPayVault/input_SalesTaxUnderAmount' is present&#xD;
&#xD;
2019-11-04 07:27:25 - [MESSAGE][PASSED] - Text of object 'Object Repository/Pages/FirstPayVault/input_SalesTaxUnderAmount' is: '$37.13'&#xD;
&#xD;
2019-11-04 07:27:25 - [MESSAGE][PASSED] - utilities.SafeActions.safeGetText is PASSED&#xD;
&#xD;
2019-11-04 07:27:25 - [TEST_STEP][PASSED] - pages.FirstPayVault.verifyAmountIsNotZero(salesTax): pages.FirstPayVault.verifyAmountIsNotZero is PASSED&#xD;
&#xD;
2019-11-04 07:27:25 - [MESSAGE][PASSED] - pages.FirstPayVault.verifyAmountIsNotZero is PASSED&#xD;
&#xD;
2019-11-04 07:27:25 - [TEST_STEP][PASSED] - scrollToElement(findTestObject("Pages/FirstPayVault/input_CreditCardNumberForVerification"), delayBetweenTestSteps): Scroll to object 'Object Repository/Pages/FirstPayVault/input_CreditCardNumberForVerification' successfully&#xD;
&#xD;
2019-11-04 07:27:25 - [MESSAGE][PASSED] - Scroll to object 'Object Repository/Pages/FirstPayVault/input_CreditCardNumberForVerification' successfully&#xD;
&#xD;
2019-11-04 07:27:25 - [TEST_STEP][PASSED] - cardNumber = utilities.SafeActions.getAttribute(findTestObject("Pages/FirstPayVault/input_CreditCardNumberForVerification"), "1st Pay Vault"): utilities.SafeActions.getAttribute is PASSED&#xD;
&#xD;
2019-11-04 07:27:25 - [MESSAGE][PASSED] - Attribute 'value' of object 'Object Repository/Pages/FirstPayVault/input_CreditCardNumberForVerification' is: '411111******1111'&#xD;
&#xD;
2019-11-04 07:27:25 - [MESSAGE][PASSED] - utilities.SafeActions.getAttribute is PASSED&#xD;
&#xD;
2019-11-04 07:27:25 - [TEST_STEP][PASSED] - pages.FirstPayVault.verifyCardNumber(cardNumber, visaCardNumber): Actual String : 4111111111111111 matched with Expected message : 411111******1111&#xD;
&#xD;
2019-11-04 07:27:25 - [MESSAGE][PASSED] - Actual String : 4111111111111111 matched with Expected message : 411111******1111&#xD;
&#xD;
2019-11-04 07:27:25 - [TEST_STEP][PASSED] - expirationYear = utilities.SafeActions.getAttribute(findTestObject("Pages/FirstPayVault/dropDownExpirationYearForVerification"), "1st Pay Vault"): utilities.SafeActions.getAttribute is PASSED&#xD;
&#xD;
2019-11-04 07:27:25 - [MESSAGE][PASSED] - Attribute 'value' of object 'Object Repository/Pages/FirstPayVault/dropDownExpirationYearForVerification' is: '2022'&#xD;
&#xD;
2019-11-04 07:27:25 - [MESSAGE][PASSED] - utilities.SafeActions.getAttribute is PASSED&#xD;
&#xD;
2019-11-04 07:27:25 - [TEST_STEP][PASSED] - pages.FirstPayVault.verifyStrings(expirationYear, cardYear): Actual String : 2022 matched with Expected message : 2022&#xD;
&#xD;
2019-11-04 07:27:25 - [MESSAGE][PASSED] - Actual String : 2022 matched with Expected message : 2022&#xD;
&#xD;
2019-11-04 07:27:25 - [TEST_STEP][PASSED] - scrollToElement(findTestObject("Pages/FirstPayVault/input_VerifyCardHolderName"), PageLoadTime): Scroll to object 'Object Repository/Pages/FirstPayVault/input_VerifyCardHolderName' successfully&#xD;
&#xD;
2019-11-04 07:27:25 - [MESSAGE][PASSED] - Scroll to object 'Object Repository/Pages/FirstPayVault/input_VerifyCardHolderName' successfully&#xD;
&#xD;
2019-11-04 07:27:25 - [TEST_STEP][PASSED] - name = utilities.SafeActions.getAttribute(findTestObject("Pages/FirstPayVault/input_VerifyCardHolderName"), "1stPayVault"): utilities.SafeActions.getAttribute is PASSED&#xD;
&#xD;
2019-11-04 07:27:25 - [MESSAGE][PASSED] - Attribute 'value' of object 'Object Repository/Pages/FirstPayVault/input_VerifyCardHolderName' is: 'Venkat Sai'&#xD;
&#xD;
2019-11-04 07:27:25 - [MESSAGE][PASSED] - utilities.SafeActions.getAttribute is PASSED&#xD;
&#xD;
2019-11-04 07:27:25 - [TEST_STEP][PASSED] - pages.FirstPayVault.verifyStrings(name, customerName): Actual String : Venkat Sai matched with Expected message : Venkat Sai&#xD;
&#xD;
2019-11-04 07:27:25 - [MESSAGE][PASSED] - Actual String : Venkat Sai matched with Expected message : Venkat Sai&#xD;
&#xD;
2019-11-04 07:27:25 - [TEST_STEP][PASSED] - scrollToElement(findTestObject("Pages/FirstPayVault/checkbox_TaxExempt"), PageLoadTime): Scroll to object 'Object Repository/Pages/FirstPayVault/checkbox_TaxExempt' successfully&#xD;
&#xD;
2019-11-04 07:27:25 - [MESSAGE][PASSED] - Scroll to object 'Object Repository/Pages/FirstPayVault/checkbox_TaxExempt' successfully&#xD;
&#xD;
2019-11-04 07:27:25 - [TEST_STEP][PASSED] - pages.FirstPayVault.verifyAmountIsNotZero(salesTax): pages.FirstPayVault.verifyAmountIsNotZero is PASSED&#xD;
&#xD;
2019-11-04 07:27:25 - [MESSAGE][PASSED] - pages.FirstPayVault.verifyAmountIsNotZero is PASSED&#xD;
&#xD;
2019-11-04 07:27:25 - [TEST_STEP][PASSED] - utilities.SafeActions.safeCheckForElement(findTestObject("Pages/FirstPayVault/checkbox_TaxExempt"), PageLoadTime): utilities.SafeActions.safeCheckForElement is PASSED&#xD;
&#xD;
2019-11-04 07:27:26 - [MESSAGE][PASSED] - Object 'Object Repository/Pages/FirstPayVault/checkbox_TaxExempt' is present&#xD;
&#xD;
2019-11-04 07:27:26 - [MESSAGE][PASSED] - Object 'Object Repository/Pages/FirstPayVault/checkbox_TaxExempt' is visible&#xD;
&#xD;
2019-11-04 07:27:26 - [MESSAGE][PASSED] - Object 'Object Repository/Pages/FirstPayVault/checkbox_TaxExempt' is present&#xD;
&#xD;
2019-11-04 07:27:26 - [MESSAGE][PASSED] - Object 'Object Repository/Pages/FirstPayVault/checkbox_TaxExempt' is checked&#xD;
&#xD;
2019-11-04 07:27:26 - [MESSAGE][PASSED] - utilities.SafeActions.safeCheckForElement is PASSED&#xD;
&#xD;
2019-11-04 07:27:26 - [TEST_STEP][PASSED] - utilities.SafeActions.safeClickwithScroll(findTestObject("Pages/FirstPayVault/button_Checkout"), "Click on Checkout", [PageLoadTime]): utilities.SafeActions.safeClickwithScroll is PASSED&#xD;
&#xD;
2019-11-04 07:27:27 - [MESSAGE][PASSED] - Object 'Object Repository/Pages/FirstPayVault/button_Checkout' is present&#xD;
&#xD;
2019-11-04 07:27:27 - [MESSAGE][PASSED] - Object 'Object Repository/Pages/FirstPayVault/button_Checkout' is visible&#xD;
&#xD;
2019-11-04 07:27:27 - [MESSAGE][INFO] - 1stPayVault_TestSuite.ts:waiting until Click on Checkout is Clickable&#xD;
&#xD;
2019-11-04 07:27:27 - [MESSAGE][PASSED] - Object 'Object Repository/Pages/FirstPayVault/button_Checkout' is clickable&#xD;
&#xD;
2019-11-04 07:27:27 - [MESSAGE][PASSED] - Object 'Object Repository/Pages/FirstPayVault/button_Checkout' is visible&#xD;
&#xD;
2019-11-04 07:27:28 - [MESSAGE][PASSED] - Object: 'Object Repository/Pages/FirstPayVault/button_Checkout' is clicked on&#xD;
&#xD;
2019-11-04 07:27:28 - [MESSAGE][INFO] - 1stPayVault_TestSuite.ts: Clicked on the Click on Checkout&#xD;
&#xD;
2019-11-04 07:27:28 - [MESSAGE][PASSED] - utilities.SafeActions.safeClickwithScroll is PASSED&#xD;
&#xD;
2019-11-04 07:27:28 - [TEST_STEP][PASSED] - pages.Sale.verifyTransactionCompletePage(findTestObject("Pages/Sale/heading_TransactionComplete")): The screen is Transaction Complete screen&#xD;
&#xD;
2019-11-04 07:27:28 - [MESSAGE][PASSED] - Object 'Object Repository/Pages/Sale/heading_TransactionComplete' is present&#xD;
&#xD;
2019-11-04 07:27:29 - [MESSAGE][PASSED] - The screen is Transaction Complete screen&#xD;
&#xD;
2019-11-04 07:27:29 - [TEST_STEP][PASSED] - utilities.SafeActions.safeClickWithoutScroll(findTestObject("Pages/FirstPayVault/button_ReturnToSale_InTransactionComplete"), "Click On Return Button", [PageLoadTime]): utilities.SafeActions.safeClickWithoutScroll is PASSED&#xD;
&#xD;
2019-11-04 07:27:29 - [MESSAGE][INFO] - Safe Click Without scroll&#xD;
&#xD;
2019-11-04 07:27:29 - [MESSAGE][INFO] - 1stPayVault_TestSuite.ts:waiting until Click On Return Button is Clickable&#xD;
&#xD;
2019-11-04 07:27:29 - [MESSAGE][PASSED] - Object 'Object Repository/Pages/FirstPayVault/button_ReturnToSale_InTransactionComplete' is clickable&#xD;
&#xD;
2019-11-04 07:27:29 - [MESSAGE][PASSED] - Object 'Object Repository/Pages/FirstPayVault/button_ReturnToSale_InTransactionComplete' is visible&#xD;
&#xD;
2019-11-04 07:27:30 - [MESSAGE][PASSED] - Object: 'Object Repository/Pages/FirstPayVault/button_ReturnToSale_InTransactionComplete' is clicked on&#xD;
&#xD;
2019-11-04 07:27:30 - [MESSAGE][INFO] - 1stPayVault_TestSuite.ts: click on the Click On Return Button&#xD;
&#xD;
2019-11-04 07:27:30 - [MESSAGE][PASSED] - utilities.SafeActions.safeClickWithoutScroll is PASSED&#xD;
&#xD;
2019-11-04 07:27:30 - [TEST_STEP][PASSED] - delay(2): Delayed 2 second(s)&#xD;
&#xD;
2019-11-04 07:27:32 - [MESSAGE][PASSED] - Delayed 2 second(s)&#xD;
&#xD;
2019-11-04 07:27:32 - [TEST_STEP][PASSED] - closeBrowser(): Browser is closed&#xD;
&#xD;
2019-11-04 07:27:34 - [MESSAGE][PASSED] - Browser is closed&#xD;
&#xD;
2019-11-04 07:27:34 - [TEST_STEP][PASSED] - Start listener action : sampleAfterTestCase: null&#xD;
&#xD;
2019-11-04 07:27:34 - [TEST_STEP][PASSED] - println(testCaseContext.getTestCaseId()): null&#xD;
&#xD;
2019-11-04 07:27:34 - [TEST_STEP][PASSED] - println(testCaseContext.getTestCaseStatus()): null&#xD;
&#xD;
2019-11-04 07:27:34 - [TEST_STEP][PASSED] - testCaseName = testCaseContext.getTestCaseId(): null&#xD;
&#xD;
2019-11-04 07:27:34 - [TEST_STEP][PASSED] - strCount = testCaseName.lastIndexOf("/"): null&#xD;
&#xD;
2019-11-04 07:27:34 - [TEST_STEP][PASSED] - testCaseName = testCaseName.substring(strCount): null&#xD;
&#xD;
2019-11-04 07:27:34 - [TEST_STEP][PASSED] - println(testCaseName): null&#xD;
&#xD;
2019-11-04 07:27:34 - [TEST_STEP][PASSED] - if (getTestCaseStatus().equalsIgnoreCase("Error")): null&#xD;
&#xD;
2019-11-04 07:27:34 - [TEST_STEP][PASSED] - Start listener action : sampleAfterTestCase: null</system-out>
            <system-err></system-err>
        </testcase>
        <testcase name="Test Cases/FirstView/FirstPayVault/VPOS_1stPayVault_Validate_CreatedVault_Presence_By_SearchVault_Retail" classname="Test Cases/FirstView/FirstPayVault/VPOS_1stPayVault_Validate_CreatedVault_Presence_By_SearchVault_Retail" status="PASSED">
            <system-out>2019-11-04 07:27:34 - [TEST_CASE][PASSED] - Test Cases/FirstView/FirstPayVault/VPOS_1stPayVault_Validate_CreatedVault_Presence_By_SearchVault_Retail: Test Cases/FirstView/FirstPayVault/VPOS_1stPayVault_Validate_CreatedVault_Presence_By_SearchVault_Retail&#xD;
&#xD;
2019-11-04 07:27:34 - [TEST_STEP][PASSED] - Start listener action : sampleBeforeTestCase: null&#xD;
&#xD;
2019-11-04 07:27:34 - [TEST_STEP][PASSED] - println(testCaseContext.getTestCaseId()): null&#xD;
&#xD;
2019-11-04 07:27:34 - [TEST_STEP][PASSED] - println(testCaseContext.getTestCaseVariables()): null&#xD;
&#xD;
2019-11-04 07:27:34 - [TEST_STEP][PASSED] - utilities.SafeActions.openBrowser(URL, [PageLoadTime]): utilities.SafeActions.openBrowser is PASSED&#xD;
&#xD;
2019-11-04 07:27:34 - [MESSAGE][INFO] - Opening Browser&#xD;
&#xD;
2019-11-04 07:27:34 - [MESSAGE][INFO] - Starting 'Firefox' driver&#xD;
&#xD;
2019-11-04 07:27:42 - [MESSAGE][PASSED] - Browser is opened with url: 'https://q-www-firstview-net.faps.net/MVC/Account/Login'&#xD;
&#xD;
2019-11-04 07:27:42 - [MESSAGE][PASSED] - Current window maximized&#xD;
&#xD;
2019-11-04 07:27:42 - [MESSAGE][INFO] - Browser Launched Successfully&#xD;
&#xD;
2019-11-04 07:27:42 - [MESSAGE][PASSED] - utilities.SafeActions.openBrowser is PASSED&#xD;
&#xD;
2019-11-04 07:27:42 - [TEST_STEP][PASSED] - pages.Login.login(uName, password): pages.Login.login is PASSED&#xD;
&#xD;
2019-11-04 07:27:42 - [MESSAGE][PASSED] - Object 'Object Repository/Pages/Login/userName' is present&#xD;
&#xD;
2019-11-04 07:27:42 - [MESSAGE][PASSED] - Object 'Object Repository/Pages/Login/userName' is present&#xD;
&#xD;
2019-11-04 07:27:43 - [MESSAGE][PASSED] - Object: 'Object Repository/Pages/Login/userName' is clicked on&#xD;
&#xD;
2019-11-04 07:27:43 - [MESSAGE][PASSED] - Text 'ZenQRetail' is set on object 'Object Repository/Pages/Login/userName'&#xD;
&#xD;
2019-11-04 07:27:43 - [MESSAGE][PASSED] - Object 'Object Repository/Pages/Login/password' is present&#xD;
&#xD;
2019-11-04 07:27:43 - [MESSAGE][PASSED] - Object 'Object Repository/Pages/Login/password' is present&#xD;
&#xD;
2019-11-04 07:27:44 - [MESSAGE][PASSED] - Object: 'Object Repository/Pages/Login/password' is clicked on&#xD;
&#xD;
2019-11-04 07:27:44 - [MESSAGE][PASSED] - Text 'P@ssword1' is set on object 'Object Repository/Pages/Login/password'&#xD;
&#xD;
2019-11-04 07:27:44 - [MESSAGE][INFO] - Safe Click Without scroll&#xD;
&#xD;
2019-11-04 07:27:44 - [MESSAGE][INFO] - 1stPayVault_TestSuite.ts:waiting until Click on Login is Clickable&#xD;
&#xD;
2019-11-04 07:27:44 - [MESSAGE][PASSED] - Object 'Object Repository/Pages/Login/login' is clickable&#xD;
&#xD;
2019-11-04 07:27:44 - [MESSAGE][PASSED] - Object 'Object Repository/Pages/Login/login' is visible&#xD;
&#xD;
2019-11-04 07:27:46 - [MESSAGE][PASSED] - Object: 'Object Repository/Pages/Login/login' is clicked on&#xD;
&#xD;
2019-11-04 07:27:46 - [MESSAGE][INFO] - 1stPayVault_TestSuite.ts: click on the Click on Login&#xD;
&#xD;
2019-11-04 07:27:46 - [MESSAGE][PASSED] - pages.Login.login is PASSED&#xD;
&#xD;
2019-11-04 07:27:46 - [TEST_STEP][PASSED] - callTestCase(findTestCase("FirstView/Login/TC_SendCode"), [:], STOP_ON_FAILURE): Call Test Case 'Test Cases/FirstView/Login/TC_SendCode' successfully&#xD;
&#xD;
2019-11-04 07:27:46 - [TEST_CASE][PASSED] - Test Cases/FirstView/Login/TC_SendCode: Test Cases/FirstView/Login/TC_SendCode&#xD;
&#xD;
2019-11-04 07:27:46 - [TEST_STEP][PASSED] - flag = pages.SendCode.verifyPage(): pages.SendCode.verifyPage is PASSED&#xD;
&#xD;
2019-11-04 07:27:46 - [MESSAGE][PASSED] - Object 'Object Repository/Pages/SendCodeToValidate/header_SendCodeToValidate' is present and visible in viewport&#xD;
&#xD;
2019-11-04 07:27:46 - [MESSAGE][PASSED] - pages.SendCode.verifyPage is PASSED&#xD;
&#xD;
2019-11-04 07:27:46 - [TEST_STEP][PASSED] - if (flag): pages.SendCode.clickonUserSettings is PASSED&#xD;
&#xD;
2019-11-04 07:27:46 - [TEST_STEP][PASSED] - pages.SendCode.clickonUserSettings(): pages.SendCode.clickonUserSettings is PASSED&#xD;
&#xD;
2019-11-04 07:27:47 - [MESSAGE][PASSED] - Object 'Object Repository/Pages/SendCodeToValidate/link_UserSettings' is present&#xD;
&#xD;
2019-11-04 07:27:47 - [MESSAGE][PASSED] - Object 'Object Repository/Pages/SendCodeToValidate/link_UserSettings' is visible&#xD;
&#xD;
2019-11-04 07:27:47 - [MESSAGE][INFO] - 1stPayVault_TestSuite.ts:waiting until Click on User Settings is Clickable&#xD;
&#xD;
2019-11-04 07:27:47 - [MESSAGE][PASSED] - Object 'Object Repository/Pages/SendCodeToValidate/link_UserSettings' is clickable&#xD;
&#xD;
2019-11-04 07:27:47 - [MESSAGE][PASSED] - Object 'Object Repository/Pages/SendCodeToValidate/link_UserSettings' is visible&#xD;
&#xD;
2019-11-04 07:27:48 - [MESSAGE][PASSED] - Object: 'Object Repository/Pages/SendCodeToValidate/link_UserSettings' is clicked on&#xD;
&#xD;
2019-11-04 07:27:48 - [MESSAGE][INFO] - 1stPayVault_TestSuite.ts: Clicked on the Click on User Settings&#xD;
&#xD;
2019-11-04 07:27:48 - [MESSAGE][PASSED] - pages.SendCode.clickonUserSettings is PASSED&#xD;
&#xD;
2019-11-04 07:27:48 - [MESSAGE][PASSED] - Call Test Case 'Test Cases/FirstView/Login/TC_SendCode' successfully&#xD;
&#xD;
2019-11-04 07:27:48 - [TEST_STEP][PASSED] - callTestCase(findTestCase("FirstView/Login/TC_FirstView"), [:], STOP_ON_FAILURE): Call Test Case 'Test Cases/FirstView/Login/TC_FirstView' successfully&#xD;
&#xD;
2019-11-04 07:27:48 - [TEST_CASE][PASSED] - Test Cases/FirstView/Login/TC_FirstView: Test Cases/FirstView/Login/TC_FirstView&#xD;
&#xD;
2019-11-04 07:27:48 - [TEST_STEP][NOT_RUN] - utilities.SafeActions.safeClickWithoutScroll(findTestObject("Pages/FirstView/link_Home"), "Click on Home button in First View screen", [PageLoadTime]): NOT_RUN: utilities.SafeActions.safeClickWithoutScroll(findTestObject("Pages/FirstView/link_Home"), "Click on Home button in First View screen", [PageLoadTime])&#xD;
&#xD;
2019-11-04 07:27:48 - [MESSAGE][NOT_RUN] - NOT_RUN: utilities.SafeActions.safeClickWithoutScroll(findTestObject("Pages/FirstView/link_Home"), "Click on Home button in First View screen", [PageLoadTime])&#xD;
&#xD;
2019-11-04 07:27:48 - [TEST_STEP][PASSED] - delay(3): Delayed 3 second(s)&#xD;
&#xD;
2019-11-04 07:27:51 - [MESSAGE][PASSED] - Delayed 3 second(s)&#xD;
&#xD;
2019-11-04 07:27:51 - [TEST_STEP][PASSED] - utilities.SafeActions.javascriptclick(findTestObject("Pages/FirstView/link_Home"), delayForElement): utilities.SafeActions.javascriptclick is PASSED&#xD;
&#xD;
2019-11-04 07:27:51 - [MESSAGE][PASSED] - utilities.SafeActions.javascriptclick is PASSED&#xD;
&#xD;
2019-11-04 07:27:51 - [TEST_STEP][PASSED] - utilities.SafeActions.safeClickWithoutScroll(findTestObject("Pages/FirstView/link_VPOS"), "Click on VPOS button in First View screen", [PageLoadTime]): utilities.SafeActions.safeClickWithoutScroll is PASSED&#xD;
&#xD;
2019-11-04 07:27:52 - [MESSAGE][INFO] - Safe Click Without scroll&#xD;
&#xD;
2019-11-04 07:27:52 - [MESSAGE][INFO] - 1stPayVault_TestSuite.ts:waiting until Click on VPOS button in First View screen is Clickable&#xD;
&#xD;
2019-11-04 07:27:53 - [MESSAGE][PASSED] - Object 'Object Repository/Pages/FirstView/link_VPOS' is clickable&#xD;
&#xD;
2019-11-04 07:27:53 - [MESSAGE][PASSED] - Object 'Object Repository/Pages/FirstView/link_VPOS' is visible&#xD;
&#xD;
2019-11-04 07:27:54 - [MESSAGE][PASSED] - Object: 'Object Repository/Pages/FirstView/link_VPOS' is clicked on&#xD;
&#xD;
2019-11-04 07:27:54 - [MESSAGE][INFO] - 1stPayVault_TestSuite.ts: click on the Click on VPOS button in First View screen&#xD;
&#xD;
2019-11-04 07:27:54 - [MESSAGE][PASSED] - utilities.SafeActions.safeClickWithoutScroll is PASSED&#xD;
&#xD;
2019-11-04 07:27:54 - [MESSAGE][PASSED] - Call Test Case 'Test Cases/FirstView/Login/TC_FirstView' successfully&#xD;
&#xD;
2019-11-04 07:27:54 - [TEST_STEP][PASSED] - switchToWindowTitle("Transcenter - VPOS"): Switched to window with title: 'Transcenter - VPOS'&#xD;
&#xD;
2019-11-04 07:27:58 - [MESSAGE][PASSED] - Switched to window with title: 'Transcenter - VPOS'&#xD;
&#xD;
2019-11-04 07:27:58 - [TEST_STEP][PASSED] - focus(findTestObject("Pages/FirstPayVault/tab_FirstPayVault")): Object: 'Object Repository/Pages/FirstPayVault/tab_FirstPayVault' is focused&#xD;
&#xD;
2019-11-04 07:28:02 - [MESSAGE][PASSED] - Object: 'Object Repository/Pages/FirstPayVault/tab_FirstPayVault' is focused&#xD;
&#xD;
2019-11-04 07:28:02 - [TEST_STEP][PASSED] - utilities.SafeActions.javascriptclick(findTestObject("Pages/FirstPayVault/tab_FirstPayVault"), PageLoadTime): utilities.SafeActions.javascriptclick is PASSED&#xD;
&#xD;
2019-11-04 07:28:02 - [MESSAGE][PASSED] - utilities.SafeActions.javascriptclick is PASSED&#xD;
&#xD;
2019-11-04 07:28:02 - [TEST_STEP][PASSED] - delay(2): Delayed 2 second(s)&#xD;
&#xD;
2019-11-04 07:28:04 - [MESSAGE][PASSED] - Delayed 2 second(s)&#xD;
&#xD;
2019-11-04 07:28:04 - [TEST_STEP][PASSED] - utilities.SafeActions.safeClickWithoutScroll(findTestObject("Pages/FirstPayVault/tab_FirstPayVault"), "Click on FistPayVault tab", [delayForElement]): utilities.SafeActions.safeClickWithoutScroll is PASSED&#xD;
&#xD;
2019-11-04 07:28:04 - [MESSAGE][INFO] - Safe Click Without scroll&#xD;
&#xD;
2019-11-04 07:28:04 - [MESSAGE][INFO] - 1stPayVault_TestSuite.ts:waiting until Click on FistPayVault tab is Clickable&#xD;
&#xD;
2019-11-04 07:28:04 - [MESSAGE][PASSED] - Object 'Object Repository/Pages/FirstPayVault/tab_FirstPayVault' is clickable&#xD;
&#xD;
2019-11-04 07:28:04 - [MESSAGE][PASSED] - Object 'Object Repository/Pages/FirstPayVault/tab_FirstPayVault' is visible&#xD;
&#xD;
2019-11-04 07:28:05 - [MESSAGE][PASSED] - Object: 'Object Repository/Pages/FirstPayVault/tab_FirstPayVault' is clicked on&#xD;
&#xD;
2019-11-04 07:28:05 - [MESSAGE][INFO] - 1stPayVault_TestSuite.ts: click on the Click on FistPayVault tab&#xD;
&#xD;
2019-11-04 07:28:05 - [MESSAGE][PASSED] - utilities.SafeActions.safeClickWithoutScroll is PASSED&#xD;
&#xD;
2019-11-04 07:28:05 - [TEST_STEP][PASSED] - utilities.SafeActions.safeClickWithoutScroll(findTestObject("Pages/FirstPayVault/button_CreateVault"), "Click on CreateVault button", [PageLoadTime]): utilities.SafeActions.safeClickWithoutScroll is PASSED&#xD;
&#xD;
2019-11-04 07:28:05 - [MESSAGE][INFO] - Safe Click Without scroll&#xD;
&#xD;
2019-11-04 07:28:05 - [MESSAGE][INFO] - 1stPayVault_TestSuite.ts:waiting until Click on CreateVault button is Clickable&#xD;
&#xD;
2019-11-04 07:28:05 - [MESSAGE][PASSED] - Object 'Object Repository/Pages/FirstPayVault/button_CreateVault' is clickable&#xD;
&#xD;
2019-11-04 07:28:05 - [MESSAGE][PASSED] - Object 'Object Repository/Pages/FirstPayVault/button_CreateVault' is visible&#xD;
&#xD;
2019-11-04 07:28:07 - [MESSAGE][PASSED] - Object: 'Object Repository/Pages/FirstPayVault/button_CreateVault' is clicked on&#xD;
&#xD;
2019-11-04 07:28:07 - [MESSAGE][INFO] - 1stPayVault_TestSuite.ts: click on the Click on CreateVault button&#xD;
&#xD;
2019-11-04 07:28:07 - [MESSAGE][PASSED] - utilities.SafeActions.safeClickWithoutScroll is PASSED&#xD;
&#xD;
2019-11-04 07:28:07 - [TEST_STEP][PASSED] - scrollToElement(findTestObject("Pages/FirstPayVault/input_VaultReferenceNumber"), PageLoadTime): Scroll to object 'Object Repository/Pages/FirstPayVault/input_VaultReferenceNumber' successfully&#xD;
&#xD;
2019-11-04 07:28:07 - [MESSAGE][PASSED] - Scroll to object 'Object Repository/Pages/FirstPayVault/input_VaultReferenceNumber' successfully&#xD;
&#xD;
2019-11-04 07:28:07 - [TEST_STEP][PASSED] - vaultReference = utilities.SafeActions.timeWithMilliSeconds(): utilities.SafeActions.timeWithMilliSeconds is PASSED&#xD;
&#xD;
2019-11-04 07:28:07 - [MESSAGE][PASSED] - utilities.SafeActions.timeWithMilliSeconds is PASSED&#xD;
&#xD;
2019-11-04 07:28:07 - [TEST_STEP][PASSED] - utilities.SafeActions.safeType(findTestObject("Pages/FirstPayVault/input_VaultReferenceNumber"), vaultReference, "Entering Vault Reference Number", [PageLoadTime]): utilities.SafeActions.safeType is PASSED&#xD;
&#xD;
2019-11-04 07:28:07 - [MESSAGE][PASSED] - Object 'Object Repository/Pages/FirstPayVault/input_VaultReferenceNumber' is present&#xD;
&#xD;
2019-11-04 07:28:07 - [MESSAGE][PASSED] - Object 'Object Repository/Pages/FirstPayVault/input_VaultReferenceNumber' is present&#xD;
&#xD;
2019-11-04 07:28:08 - [MESSAGE][PASSED] - Object: 'Object Repository/Pages/FirstPayVault/input_VaultReferenceNumber' is clicked on&#xD;
&#xD;
2019-11-04 07:28:08 - [MESSAGE][PASSED] - Text '2019-11-04 07:28:07.157' is set on object 'Object Repository/Pages/FirstPayVault/input_VaultReferenceNumber'&#xD;
&#xD;
2019-11-04 07:28:08 - [MESSAGE][PASSED] - utilities.SafeActions.safeType is PASSED&#xD;
&#xD;
2019-11-04 07:28:08 - [TEST_STEP][PASSED] - utilities.SafeActions.safeType(findTestObject("Pages/FirstPayVault/input_CreditCardNumber"), visaCardNumber, "Entering Card Number", [PageLoadTime]): utilities.SafeActions.safeType is PASSED&#xD;
&#xD;
2019-11-04 07:28:08 - [MESSAGE][PASSED] - Object 'Object Repository/Pages/FirstPayVault/input_CreditCardNumber' is present&#xD;
&#xD;
2019-11-04 07:28:08 - [MESSAGE][PASSED] - Object 'Object Repository/Pages/FirstPayVault/input_CreditCardNumber' is present&#xD;
&#xD;
2019-11-04 07:28:09 - [MESSAGE][PASSED] - Object: 'Object Repository/Pages/FirstPayVault/input_CreditCardNumber' is clicked on&#xD;
&#xD;
2019-11-04 07:28:09 - [MESSAGE][PASSED] - Text '4111111111111111' is set on object 'Object Repository/Pages/FirstPayVault/input_CreditCardNumber'&#xD;
&#xD;
2019-11-04 07:28:09 - [MESSAGE][PASSED] - utilities.SafeActions.safeType is PASSED&#xD;
&#xD;
2019-11-04 07:28:09 - [TEST_STEP][PASSED] - utilities.SafeActions.safeSelectOptionInDropDownByVisibleText(findTestObject("Pages/FirstPayVault/dropDown_ExpirationMonth"), cardMonth, "Expiration Month", [PageLoadTime]): utilities.SafeActions.safeSelectOptionInDropDownByVisibleText is PASSED&#xD;
&#xD;
2019-11-04 07:28:09 - [MESSAGE][PASSED] - Object 'Object Repository/Pages/FirstPayVault/dropDown_ExpirationMonth' is visible&#xD;
&#xD;
2019-11-04 07:28:09 - [MESSAGE][PASSED] - Object 'Object Repository/Pages/FirstPayVault/dropDown_ExpirationMonth' is present&#xD;
&#xD;
2019-11-04 07:28:10 - [MESSAGE][PASSED] - Object: 'Object Repository/Pages/FirstPayVault/dropDown_ExpirationMonth' is clicked on&#xD;
&#xD;
2019-11-04 07:28:11 - [MESSAGE][PASSED] - All options with label 'September' are selected in object 'Object Repository/Pages/FirstPayVault/dropDown_ExpirationMonth' &#xD;
&#xD;
2019-11-04 07:28:11 - [MESSAGE][PASSED] - utilities.SafeActions.safeSelectOptionInDropDownByVisibleText is PASSED&#xD;
&#xD;
2019-11-04 07:28:11 - [TEST_STEP][PASSED] - utilities.SafeActions.safeSelectOptionInDropDownByVisibleText(findTestObject("Pages/FirstPayVault/dropDown_ExpirationYear"), cardYear, "year", [PageLoadTime]): utilities.SafeActions.safeSelectOptionInDropDownByVisibleText is PASSED&#xD;
&#xD;
2019-11-04 07:28:11 - [MESSAGE][PASSED] - Object 'Object Repository/Pages/FirstPayVault/dropDown_ExpirationYear' is visible&#xD;
&#xD;
2019-11-04 07:28:11 - [MESSAGE][PASSED] - Object 'Object Repository/Pages/FirstPayVault/dropDown_ExpirationYear' is present&#xD;
&#xD;
2019-11-04 07:28:12 - [MESSAGE][PASSED] - Object: 'Object Repository/Pages/FirstPayVault/dropDown_ExpirationYear' is clicked on&#xD;
&#xD;
2019-11-04 07:28:12 - [MESSAGE][PASSED] - All options with label '2022' are selected in object 'Object Repository/Pages/FirstPayVault/dropDown_ExpirationYear' &#xD;
&#xD;
2019-11-04 07:28:12 - [MESSAGE][PASSED] - utilities.SafeActions.safeSelectOptionInDropDownByVisibleText is PASSED&#xD;
&#xD;
2019-11-04 07:28:12 - [TEST_STEP][PASSED] - utilities.SafeActions.safeType(findTestObject("Pages/FirstPayVault/input_ContactName"), customerName, "Enter Contact Name", [PageLoadTime]): utilities.SafeActions.safeType is PASSED&#xD;
&#xD;
2019-11-04 07:28:12 - [MESSAGE][PASSED] - Object 'Object Repository/Pages/FirstPayVault/input_ContactName' is present&#xD;
&#xD;
2019-11-04 07:28:12 - [MESSAGE][PASSED] - Object 'Object Repository/Pages/FirstPayVault/input_ContactName' is present&#xD;
&#xD;
2019-11-04 07:28:13 - [MESSAGE][PASSED] - Object: 'Object Repository/Pages/FirstPayVault/input_ContactName' is clicked on&#xD;
&#xD;
2019-11-04 07:28:13 - [MESSAGE][PASSED] - Text 'Venkat Sai' is set on object 'Object Repository/Pages/FirstPayVault/input_ContactName'&#xD;
&#xD;
2019-11-04 07:28:13 - [MESSAGE][PASSED] - utilities.SafeActions.safeType is PASSED&#xD;
&#xD;
2019-11-04 07:28:13 - [TEST_STEP][PASSED] - utilities.SafeActions.safeType(findTestObject("Pages/FirstPayVault/input_PostalCode"), postalCode, "Enter Postal Code", [PageLoadTime]): utilities.SafeActions.safeType is PASSED&#xD;
&#xD;
2019-11-04 07:28:13 - [MESSAGE][PASSED] - Object 'Object Repository/Pages/FirstPayVault/input_PostalCode' is present&#xD;
&#xD;
2019-11-04 07:28:13 - [MESSAGE][PASSED] - Object 'Object Repository/Pages/FirstPayVault/input_PostalCode' is present&#xD;
&#xD;
2019-11-04 07:28:14 - [MESSAGE][PASSED] - Object: 'Object Repository/Pages/FirstPayVault/input_PostalCode' is clicked on&#xD;
&#xD;
2019-11-04 07:28:14 - [MESSAGE][PASSED] - Text '76102' is set on object 'Object Repository/Pages/FirstPayVault/input_PostalCode'&#xD;
&#xD;
2019-11-04 07:28:14 - [MESSAGE][PASSED] - utilities.SafeActions.safeType is PASSED&#xD;
&#xD;
2019-11-04 07:28:14 - [TEST_STEP][PASSED] - utilities.SafeActions.safeType(findTestObject("Pages/FirstPayVault/input_Address"), address, "Enter ddress", [PageLoadTime]): utilities.SafeActions.safeType is PASSED&#xD;
&#xD;
2019-11-04 07:28:14 - [MESSAGE][PASSED] - Object 'Object Repository/Pages/FirstPayVault/input_Address' is present&#xD;
&#xD;
2019-11-04 07:28:14 - [MESSAGE][PASSED] - Object 'Object Repository/Pages/FirstPayVault/input_Address' is present&#xD;
&#xD;
2019-11-04 07:28:15 - [MESSAGE][PASSED] - Object: 'Object Repository/Pages/FirstPayVault/input_Address' is clicked on&#xD;
&#xD;
2019-11-04 07:28:15 - [MESSAGE][PASSED] - Text 'Street123' is set on object 'Object Repository/Pages/FirstPayVault/input_Address'&#xD;
&#xD;
2019-11-04 07:28:15 - [MESSAGE][PASSED] - utilities.SafeActions.safeType is PASSED&#xD;
&#xD;
2019-11-04 07:28:15 - [TEST_STEP][PASSED] - utilities.SafeActions.safeCheckForElement(findTestObject("Pages/FirstPayVault/chekBox_AddShippingInformation"), PageLoadTime): utilities.SafeActions.safeCheckForElement is PASSED&#xD;
&#xD;
2019-11-04 07:28:15 - [MESSAGE][PASSED] - Object 'Object Repository/Pages/FirstPayVault/chekBox_AddShippingInformation' is present&#xD;
&#xD;
2019-11-04 07:28:15 - [MESSAGE][PASSED] - Object 'Object Repository/Pages/FirstPayVault/chekBox_AddShippingInformation' is visible&#xD;
&#xD;
2019-11-04 07:28:15 - [MESSAGE][PASSED] - Object 'Object Repository/Pages/FirstPayVault/chekBox_AddShippingInformation' is present&#xD;
&#xD;
2019-11-04 07:28:16 - [MESSAGE][PASSED] - Object 'Object Repository/Pages/FirstPayVault/chekBox_AddShippingInformation' is checked&#xD;
&#xD;
2019-11-04 07:28:16 - [MESSAGE][PASSED] - utilities.SafeActions.safeCheckForElement is PASSED&#xD;
&#xD;
2019-11-04 07:28:16 - [TEST_STEP][PASSED] - utilities.SafeActions.safeType(findTestObject("Pages/FirstPayVault/input_ShippingMethod"), shippingMethod, "Enter Shipping Method", [PageLoadTime]): utilities.SafeActions.safeType is PASSED&#xD;
&#xD;
2019-11-04 07:28:16 - [MESSAGE][PASSED] - Object 'Object Repository/Pages/FirstPayVault/input_ShippingMethod' is present&#xD;
&#xD;
2019-11-04 07:28:16 - [MESSAGE][PASSED] - Object 'Object Repository/Pages/FirstPayVault/input_ShippingMethod' is present&#xD;
&#xD;
2019-11-04 07:28:17 - [MESSAGE][PASSED] - Object: 'Object Repository/Pages/FirstPayVault/input_ShippingMethod' is clicked on&#xD;
&#xD;
2019-11-04 07:28:17 - [MESSAGE][PASSED] - Text 'DTDC' is set on object 'Object Repository/Pages/FirstPayVault/input_ShippingMethod'&#xD;
&#xD;
2019-11-04 07:28:17 - [MESSAGE][PASSED] - utilities.SafeActions.safeType is PASSED&#xD;
&#xD;
2019-11-04 07:28:17 - [TEST_STEP][PASSED] - utilities.SafeActions.safeCheckForElement(findTestObject("Pages/FirstPayVault/checkbox_SameAsBillingInformation"), PageLoadTime): utilities.SafeActions.safeCheckForElement is PASSED&#xD;
&#xD;
2019-11-04 07:28:17 - [MESSAGE][PASSED] - Object 'Object Repository/Pages/FirstPayVault/checkbox_SameAsBillingInformation' is present&#xD;
&#xD;
2019-11-04 07:28:17 - [MESSAGE][PASSED] - Object 'Object Repository/Pages/FirstPayVault/checkbox_SameAsBillingInformation' is visible&#xD;
&#xD;
2019-11-04 07:28:17 - [MESSAGE][PASSED] - Object 'Object Repository/Pages/FirstPayVault/checkbox_SameAsBillingInformation' is present&#xD;
&#xD;
2019-11-04 07:28:18 - [MESSAGE][PASSED] - Object 'Object Repository/Pages/FirstPayVault/checkbox_SameAsBillingInformation' is checked&#xD;
&#xD;
2019-11-04 07:28:18 - [MESSAGE][PASSED] - utilities.SafeActions.safeCheckForElement is PASSED&#xD;
&#xD;
2019-11-04 07:28:18 - [TEST_STEP][PASSED] - utilities.SafeActions.safeClickwithScroll(findTestObject("Pages/FirstPayVault/button_Create"), "Click on Create Button", [PageLoadTime]): utilities.SafeActions.safeClickwithScroll is PASSED&#xD;
&#xD;
2019-11-04 07:28:18 - [MESSAGE][PASSED] - Object 'Object Repository/Pages/FirstPayVault/button_Create' is present&#xD;
&#xD;
2019-11-04 07:28:18 - [MESSAGE][PASSED] - Object 'Object Repository/Pages/FirstPayVault/button_Create' is visible&#xD;
&#xD;
2019-11-04 07:28:18 - [MESSAGE][INFO] - 1stPayVault_TestSuite.ts:waiting until Click on Create Button is Clickable&#xD;
&#xD;
2019-11-04 07:28:18 - [MESSAGE][PASSED] - Object 'Object Repository/Pages/FirstPayVault/button_Create' is clickable&#xD;
&#xD;
2019-11-04 07:28:18 - [MESSAGE][PASSED] - Object 'Object Repository/Pages/FirstPayVault/button_Create' is visible&#xD;
&#xD;
2019-11-04 07:28:19 - [MESSAGE][PASSED] - Object: 'Object Repository/Pages/FirstPayVault/button_Create' is clicked on&#xD;
&#xD;
2019-11-04 07:28:19 - [MESSAGE][INFO] - 1stPayVault_TestSuite.ts: Clicked on the Click on Create Button&#xD;
&#xD;
2019-11-04 07:28:19 - [MESSAGE][PASSED] - utilities.SafeActions.safeClickwithScroll is PASSED&#xD;
&#xD;
2019-11-04 07:28:19 - [TEST_STEP][PASSED] - popupSavedToVaultMessage = utilities.SafeActions.safeGetText(findTestObject("Pages/FirstPayVault/popup_SavedToVaultMessage"), PageLoadTime): utilities.SafeActions.safeGetText is PASSED&#xD;
&#xD;
2019-11-04 07:28:19 - [MESSAGE][PASSED] - Object 'Object Repository/Pages/FirstPayVault/popup_SavedToVaultMessage' is present&#xD;
&#xD;
2019-11-04 07:28:19 - [MESSAGE][PASSED] - Scroll to object 'Object Repository/Pages/FirstPayVault/popup_SavedToVaultMessage' successfully&#xD;
&#xD;
2019-11-04 07:28:19 - [MESSAGE][PASSED] - Object 'Object Repository/Pages/FirstPayVault/popup_SavedToVaultMessage' is present&#xD;
&#xD;
2019-11-04 07:28:20 - [MESSAGE][PASSED] - Text of object 'Object Repository/Pages/FirstPayVault/popup_SavedToVaultMessage' is: 'Successfully Saved to Vault'&#xD;
&#xD;
2019-11-04 07:28:20 - [MESSAGE][PASSED] - utilities.SafeActions.safeGetText is PASSED&#xD;
&#xD;
2019-11-04 07:28:20 - [TEST_STEP][PASSED] - flag = utilities.SafeActions.verifyPopupMessage("Successfully Saved to Vault", popupSavedToVaultMessage): Popup Message : Successfully Saved to Vault matched with expected message : Successfully Saved to Vault&#xD;
&#xD;
2019-11-04 07:28:20 - [MESSAGE][PASSED] - Popup Message : Successfully Saved to Vault matched with expected message : Successfully Saved to Vault&#xD;
&#xD;
2019-11-04 07:28:20 - [TEST_STEP][PASSED] - utilities.SafeActions.safeClickWithoutScroll(findTestObject("Pages/FirstPayVault/button_RunSaleWithThisVault_InPopup"), "Click on Run Sale With This Vault in Popup", [delayBetweenTestSteps]): utilities.SafeActions.safeClickWithoutScroll is PASSED&#xD;
&#xD;
2019-11-04 07:28:20 - [MESSAGE][INFO] - Safe Click Without scroll&#xD;
&#xD;
2019-11-04 07:28:20 - [MESSAGE][INFO] - 1stPayVault_TestSuite.ts:waiting until Click on Run Sale With This Vault in Popup is Clickable&#xD;
&#xD;
2019-11-04 07:28:20 - [MESSAGE][PASSED] - Object 'Object Repository/Pages/FirstPayVault/button_RunSaleWithThisVault_InPopup' is clickable&#xD;
&#xD;
2019-11-04 07:28:20 - [MESSAGE][PASSED] - Object 'Object Repository/Pages/FirstPayVault/button_RunSaleWithThisVault_InPopup' is visible&#xD;
&#xD;
2019-11-04 07:28:21 - [MESSAGE][PASSED] - Object: 'Object Repository/Pages/FirstPayVault/button_RunSaleWithThisVault_InPopup' is clicked on&#xD;
&#xD;
2019-11-04 07:28:21 - [MESSAGE][INFO] - 1stPayVault_TestSuite.ts: click on the Click on Run Sale With This Vault in Popup&#xD;
&#xD;
2019-11-04 07:28:21 - [MESSAGE][PASSED] - utilities.SafeActions.safeClickWithoutScroll is PASSED&#xD;
&#xD;
2019-11-04 07:28:21 - [TEST_STEP][PASSED] - value = utilities.SafeActions.getAttributeValue(findTestObject("Pages/FirstPayVault/tab_1stPayVault_Active"), "1st_PayVault"): The screen is 1st_PayVault screen&#xD;
&#xD;
2019-11-04 07:28:21 - [MESSAGE][PASSED] - Attribute 'class' of object 'Object Repository/Pages/FirstPayVault/tab_1stPayVault_Active' is: 'active_tab tabs__link'&#xD;
&#xD;
2019-11-04 07:28:21 - [MESSAGE][PASSED] - The screen is 1st_PayVault screen&#xD;
&#xD;
2019-11-04 07:28:21 - [TEST_STEP][PASSED] - scrollToElement(findTestObject("Pages/FirstPayVault/input_Amount"), PageLoadTime): Scroll to object 'Object Repository/Pages/FirstPayVault/input_Amount' successfully&#xD;
&#xD;
2019-11-04 07:28:21 - [MESSAGE][PASSED] - Scroll to object 'Object Repository/Pages/FirstPayVault/input_Amount' successfully&#xD;
&#xD;
2019-11-04 07:28:21 - [TEST_STEP][PASSED] - utilities.SafeActions.safeType(findTestObject("Pages/FirstPayVault/input_Amount"), amount, "Enter Amount", [PageLoadTime]): utilities.SafeActions.safeType is PASSED&#xD;
&#xD;
2019-11-04 07:28:21 - [MESSAGE][PASSED] - Object 'Object Repository/Pages/FirstPayVault/input_Amount' is present&#xD;
&#xD;
2019-11-04 07:28:21 - [MESSAGE][PASSED] - Object 'Object Repository/Pages/FirstPayVault/input_Amount' is present&#xD;
&#xD;
2019-11-04 07:28:22 - [MESSAGE][PASSED] - Object: 'Object Repository/Pages/FirstPayVault/input_Amount' is clicked on&#xD;
&#xD;
2019-11-04 07:28:22 - [MESSAGE][PASSED] - Text '450' is set on object 'Object Repository/Pages/FirstPayVault/input_Amount'&#xD;
&#xD;
2019-11-04 07:28:22 - [MESSAGE][PASSED] - utilities.SafeActions.safeType is PASSED&#xD;
&#xD;
2019-11-04 07:28:22 - [TEST_STEP][PASSED] - salesTax = utilities.SafeActions.safeGetText(findTestObject("Pages/FirstPayVault/input_SalesTaxUnderAmount"), delayBetweenTestSteps): utilities.SafeActions.safeGetText is PASSED&#xD;
&#xD;
2019-11-04 07:28:22 - [MESSAGE][PASSED] - Object 'Object Repository/Pages/FirstPayVault/input_SalesTaxUnderAmount' is present&#xD;
&#xD;
2019-11-04 07:28:22 - [MESSAGE][PASSED] - Scroll to object 'Object Repository/Pages/FirstPayVault/input_SalesTaxUnderAmount' successfully&#xD;
&#xD;
2019-11-04 07:28:22 - [MESSAGE][PASSED] - Object 'Object Repository/Pages/FirstPayVault/input_SalesTaxUnderAmount' is present&#xD;
&#xD;
2019-11-04 07:28:23 - [MESSAGE][PASSED] - Text of object 'Object Repository/Pages/FirstPayVault/input_SalesTaxUnderAmount' is: '$37.13'&#xD;
&#xD;
2019-11-04 07:28:23 - [MESSAGE][PASSED] - utilities.SafeActions.safeGetText is PASSED&#xD;
&#xD;
2019-11-04 07:28:23 - [TEST_STEP][PASSED] - pages.FirstPayVault.verifyAmountIsNotZero(salesTax): pages.FirstPayVault.verifyAmountIsNotZero is PASSED&#xD;
&#xD;
2019-11-04 07:28:23 - [MESSAGE][PASSED] - pages.FirstPayVault.verifyAmountIsNotZero is PASSED&#xD;
&#xD;
2019-11-04 07:28:23 - [TEST_STEP][PASSED] - scrollToElement(findTestObject("Pages/FirstPayVault/input_CreditCardNumberForVerification"), delayBetweenTestSteps): Scroll to object 'Object Repository/Pages/FirstPayVault/input_CreditCardNumberForVerification' successfully&#xD;
&#xD;
2019-11-04 07:28:23 - [MESSAGE][PASSED] - Scroll to object 'Object Repository/Pages/FirstPayVault/input_CreditCardNumberForVerification' successfully&#xD;
&#xD;
2019-11-04 07:28:23 - [TEST_STEP][PASSED] - cardNumber = utilities.SafeActions.getAttribute(findTestObject("Pages/FirstPayVault/input_CreditCardNumberForVerification"), "1st Pay Vault"): utilities.SafeActions.getAttribute is PASSED&#xD;
&#xD;
2019-11-04 07:28:23 - [MESSAGE][PASSED] - Attribute 'value' of object 'Object Repository/Pages/FirstPayVault/input_CreditCardNumberForVerification' is: '411111******1111'&#xD;
&#xD;
2019-11-04 07:28:23 - [MESSAGE][PASSED] - utilities.SafeActions.getAttribute is PASSED&#xD;
&#xD;
2019-11-04 07:28:23 - [TEST_STEP][PASSED] - pages.FirstPayVault.verifyCardNumber(cardNumber, visaCardNumber): Actual String : 4111111111111111 matched with Expected message : 411111******1111&#xD;
&#xD;
2019-11-04 07:28:23 - [MESSAGE][PASSED] - Actual String : 4111111111111111 matched with Expected message : 411111******1111&#xD;
&#xD;
2019-11-04 07:28:23 - [TEST_STEP][PASSED] - expirationYear = utilities.SafeActions.getAttribute(findTestObject("Pages/FirstPayVault/dropDownExpirationYearForVerification"), "1st Pay Vault"): utilities.SafeActions.getAttribute is PASSED&#xD;
&#xD;
2019-11-04 07:28:23 - [MESSAGE][PASSED] - Attribute 'value' of object 'Object Repository/Pages/FirstPayVault/dropDownExpirationYearForVerification' is: '2022'&#xD;
&#xD;
2019-11-04 07:28:23 - [MESSAGE][PASSED] - utilities.SafeActions.getAttribute is PASSED&#xD;
&#xD;
2019-11-04 07:28:23 - [TEST_STEP][PASSED] - pages.FirstPayVault.verifyStrings(expirationYear, cardYear): Actual String : 2022 matched with Expected message : 2022&#xD;
&#xD;
2019-11-04 07:28:23 - [MESSAGE][PASSED] - Actual String : 2022 matched with Expected message : 2022&#xD;
&#xD;
2019-11-04 07:28:23 - [TEST_STEP][PASSED] - scrollToElement(findTestObject("Pages/FirstPayVault/input_VerifyCardHolderName"), PageLoadTime): Scroll to object 'Object Repository/Pages/FirstPayVault/input_VerifyCardHolderName' successfully&#xD;
&#xD;
2019-11-04 07:28:23 - [MESSAGE][PASSED] - Scroll to object 'Object Repository/Pages/FirstPayVault/input_VerifyCardHolderName' successfully&#xD;
&#xD;
2019-11-04 07:28:23 - [TEST_STEP][PASSED] - name = utilities.SafeActions.getAttribute(findTestObject("Pages/FirstPayVault/input_VerifyCardHolderName"), "1stPayVault"): utilities.SafeActions.getAttribute is PASSED&#xD;
&#xD;
2019-11-04 07:28:23 - [MESSAGE][PASSED] - Attribute 'value' of object 'Object Repository/Pages/FirstPayVault/input_VerifyCardHolderName' is: 'Venkat Sai'&#xD;
&#xD;
2019-11-04 07:28:23 - [MESSAGE][PASSED] - utilities.SafeActions.getAttribute is PASSED&#xD;
&#xD;
2019-11-04 07:28:23 - [TEST_STEP][PASSED] - pages.FirstPayVault.verifyStrings(name, customerName): Actual String : Venkat Sai matched with Expected message : Venkat Sai&#xD;
&#xD;
2019-11-04 07:28:23 - [MESSAGE][PASSED] - Actual String : Venkat Sai matched with Expected message : Venkat Sai&#xD;
&#xD;
2019-11-04 07:28:23 - [TEST_STEP][PASSED] - scrollToElement(findTestObject("Pages/FirstPayVault/checkbox_TaxExempt"), PageLoadTime): Scroll to object 'Object Repository/Pages/FirstPayVault/checkbox_TaxExempt' successfully&#xD;
&#xD;
2019-11-04 07:28:24 - [MESSAGE][PASSED] - Scroll to object 'Object Repository/Pages/FirstPayVault/checkbox_TaxExempt' successfully&#xD;
&#xD;
2019-11-04 07:28:24 - [TEST_STEP][PASSED] - pages.FirstPayVault.verifyAmountIsNotZero(salesTax): pages.FirstPayVault.verifyAmountIsNotZero is PASSED&#xD;
&#xD;
2019-11-04 07:28:24 - [MESSAGE][PASSED] - pages.FirstPayVault.verifyAmountIsNotZero is PASSED&#xD;
&#xD;
2019-11-04 07:28:24 - [TEST_STEP][PASSED] - utilities.SafeActions.safeCheckForElement(findTestObject("Pages/FirstPayVault/checkbox_TaxExempt"), PageLoadTime): utilities.SafeActions.safeCheckForElement is PASSED&#xD;
&#xD;
2019-11-04 07:28:24 - [MESSAGE][PASSED] - Object 'Object Repository/Pages/FirstPayVault/checkbox_TaxExempt' is present&#xD;
&#xD;
2019-11-04 07:28:24 - [MESSAGE][PASSED] - Object 'Object Repository/Pages/FirstPayVault/checkbox_TaxExempt' is visible&#xD;
&#xD;
2019-11-04 07:28:24 - [MESSAGE][PASSED] - Object 'Object Repository/Pages/FirstPayVault/checkbox_TaxExempt' is present&#xD;
&#xD;
2019-11-04 07:28:25 - [MESSAGE][PASSED] - Object 'Object Repository/Pages/FirstPayVault/checkbox_TaxExempt' is checked&#xD;
&#xD;
2019-11-04 07:28:25 - [MESSAGE][PASSED] - utilities.SafeActions.safeCheckForElement is PASSED&#xD;
&#xD;
2019-11-04 07:28:25 - [TEST_STEP][PASSED] - utilities.SafeActions.safeClickwithScroll(findTestObject("Pages/FirstPayVault/button_Checkout"), "Click on Checkout", [PageLoadTime]): utilities.SafeActions.safeClickwithScroll is PASSED&#xD;
&#xD;
2019-11-04 07:28:25 - [MESSAGE][PASSED] - Object 'Object Repository/Pages/FirstPayVault/button_Checkout' is present&#xD;
&#xD;
2019-11-04 07:28:25 - [MESSAGE][PASSED] - Object 'Object Repository/Pages/FirstPayVault/button_Checkout' is visible&#xD;
&#xD;
2019-11-04 07:28:25 - [MESSAGE][INFO] - 1stPayVault_TestSuite.ts:waiting until Click on Checkout is Clickable&#xD;
&#xD;
2019-11-04 07:28:25 - [MESSAGE][PASSED] - Object 'Object Repository/Pages/FirstPayVault/button_Checkout' is clickable&#xD;
&#xD;
2019-11-04 07:28:25 - [MESSAGE][PASSED] - Object 'Object Repository/Pages/FirstPayVault/button_Checkout' is visible&#xD;
&#xD;
2019-11-04 07:28:26 - [MESSAGE][PASSED] - Object: 'Object Repository/Pages/FirstPayVault/button_Checkout' is clicked on&#xD;
&#xD;
2019-11-04 07:28:26 - [MESSAGE][INFO] - 1stPayVault_TestSuite.ts: Clicked on the Click on Checkout&#xD;
&#xD;
2019-11-04 07:28:26 - [MESSAGE][PASSED] - utilities.SafeActions.safeClickwithScroll is PASSED&#xD;
&#xD;
2019-11-04 07:28:26 - [TEST_STEP][PASSED] - pages.Sale.verifyTransactionCompletePage(findTestObject("Pages/Sale/heading_TransactionComplete")): The screen is Transaction Complete screen&#xD;
&#xD;
2019-11-04 07:28:26 - [MESSAGE][PASSED] - Object 'Object Repository/Pages/Sale/heading_TransactionComplete' is present&#xD;
&#xD;
2019-11-04 07:28:27 - [MESSAGE][PASSED] - The screen is Transaction Complete screen&#xD;
&#xD;
2019-11-04 07:28:27 - [TEST_STEP][PASSED] - utilities.SafeActions.safeClickWithoutScroll(findTestObject("Pages/FirstPayVault/button_ReturnToSale_InTransactionComplete"), "Click On Return Button", [PageLoadTime]): utilities.SafeActions.safeClickWithoutScroll is PASSED&#xD;
&#xD;
2019-11-04 07:28:27 - [MESSAGE][INFO] - Safe Click Without scroll&#xD;
&#xD;
2019-11-04 07:28:27 - [MESSAGE][INFO] - 1stPayVault_TestSuite.ts:waiting until Click On Return Button is Clickable&#xD;
&#xD;
2019-11-04 07:28:27 - [MESSAGE][PASSED] - Object 'Object Repository/Pages/FirstPayVault/button_ReturnToSale_InTransactionComplete' is clickable&#xD;
&#xD;
2019-11-04 07:28:27 - [MESSAGE][PASSED] - Object 'Object Repository/Pages/FirstPayVault/button_ReturnToSale_InTransactionComplete' is visible&#xD;
&#xD;
2019-11-04 07:28:28 - [MESSAGE][PASSED] - Object: 'Object Repository/Pages/FirstPayVault/button_ReturnToSale_InTransactionComplete' is clicked on&#xD;
&#xD;
2019-11-04 07:28:28 - [MESSAGE][INFO] - 1stPayVault_TestSuite.ts: click on the Click On Return Button&#xD;
&#xD;
2019-11-04 07:28:28 - [MESSAGE][PASSED] - utilities.SafeActions.safeClickWithoutScroll is PASSED&#xD;
&#xD;
2019-11-04 07:28:28 - [TEST_STEP][PASSED] - utilities.SafeActions.safeClickWithoutScroll(findTestObject("Pages/FirstPayVault/tab_FirstPayVault"), "Click on FirstPayVault tab", [PageLoadTime]): utilities.SafeActions.safeClickWithoutScroll is PASSED&#xD;
&#xD;
2019-11-04 07:28:28 - [MESSAGE][INFO] - Safe Click Without scroll&#xD;
&#xD;
2019-11-04 07:28:28 - [MESSAGE][INFO] - 1stPayVault_TestSuite.ts:waiting until Click on FirstPayVault tab is Clickable&#xD;
&#xD;
2019-11-04 07:28:28 - [MESSAGE][PASSED] - Object 'Object Repository/Pages/FirstPayVault/tab_FirstPayVault' is clickable&#xD;
&#xD;
2019-11-04 07:28:28 - [MESSAGE][PASSED] - Object 'Object Repository/Pages/FirstPayVault/tab_FirstPayVault' is visible&#xD;
&#xD;
2019-11-04 07:28:29 - [MESSAGE][PASSED] - Object: 'Object Repository/Pages/FirstPayVault/tab_FirstPayVault' is clicked on&#xD;
&#xD;
2019-11-04 07:28:29 - [MESSAGE][INFO] - 1stPayVault_TestSuite.ts: click on the Click on FirstPayVault tab&#xD;
&#xD;
2019-11-04 07:28:29 - [MESSAGE][PASSED] - utilities.SafeActions.safeClickWithoutScroll is PASSED&#xD;
&#xD;
2019-11-04 07:28:29 - [TEST_STEP][PASSED] - utilities.SafeActions.safeClickwithScroll(findTestObject("Pages/FirstPayVault/button_SearchVault"), "Click on Search Vault", [PageLoadTime]): utilities.SafeActions.safeClickwithScroll is PASSED&#xD;
&#xD;
2019-11-04 07:28:29 - [MESSAGE][PASSED] - Object 'Object Repository/Pages/FirstPayVault/button_SearchVault' is present&#xD;
&#xD;
2019-11-04 07:28:29 - [MESSAGE][PASSED] - Object 'Object Repository/Pages/FirstPayVault/button_SearchVault' is visible&#xD;
&#xD;
2019-11-04 07:28:29 - [MESSAGE][INFO] - 1stPayVault_TestSuite.ts:waiting until Click on Search Vault is Clickable&#xD;
&#xD;
2019-11-04 07:28:29 - [MESSAGE][PASSED] - Object 'Object Repository/Pages/FirstPayVault/button_SearchVault' is clickable&#xD;
&#xD;
2019-11-04 07:28:29 - [MESSAGE][PASSED] - Object 'Object Repository/Pages/FirstPayVault/button_SearchVault' is visible&#xD;
&#xD;
2019-11-04 07:28:30 - [MESSAGE][PASSED] - Object: 'Object Repository/Pages/FirstPayVault/button_SearchVault' is clicked on&#xD;
&#xD;
2019-11-04 07:28:30 - [MESSAGE][INFO] - 1stPayVault_TestSuite.ts: Clicked on the Click on Search Vault&#xD;
&#xD;
2019-11-04 07:28:30 - [MESSAGE][PASSED] - utilities.SafeActions.safeClickwithScroll is PASSED&#xD;
&#xD;
2019-11-04 07:28:30 - [TEST_STEP][PASSED] - utilities.SafeActions.safeClickWithoutScroll(findTestObject("Pages/FirstPayVault/button_Search"), "Click On Search button", [PageLoadTime]): utilities.SafeActions.safeClickWithoutScroll is PASSED&#xD;
&#xD;
2019-11-04 07:28:30 - [MESSAGE][INFO] - Safe Click Without scroll&#xD;
&#xD;
2019-11-04 07:28:30 - [MESSAGE][INFO] - 1stPayVault_TestSuite.ts:waiting until Click On Search button is Clickable&#xD;
&#xD;
2019-11-04 07:28:30 - [MESSAGE][PASSED] - Object 'Object Repository/Pages/FirstPayVault/button_Search' is clickable&#xD;
&#xD;
2019-11-04 07:28:30 - [MESSAGE][PASSED] - Object 'Object Repository/Pages/FirstPayVault/button_Search' is visible&#xD;
&#xD;
2019-11-04 07:28:31 - [MESSAGE][PASSED] - Object: 'Object Repository/Pages/FirstPayVault/button_Search' is clicked on&#xD;
&#xD;
2019-11-04 07:28:31 - [MESSAGE][INFO] - 1stPayVault_TestSuite.ts: click on the Click On Search button&#xD;
&#xD;
2019-11-04 07:28:31 - [MESSAGE][PASSED] - utilities.SafeActions.safeClickWithoutScroll is PASSED&#xD;
&#xD;
2019-11-04 07:28:31 - [TEST_STEP][PASSED] - scrollToElement(findTestObject("Pages/Transaction_Management/invoice_ForTransaction"), PageLoadTime): Scroll to object 'Object Repository/Pages/Transaction_Management/invoice_ForTransaction' successfully&#xD;
&#xD;
2019-11-04 07:28:33 - [MESSAGE][PASSED] - Scroll to object 'Object Repository/Pages/Transaction_Management/invoice_ForTransaction' successfully&#xD;
&#xD;
2019-11-04 07:28:33 - [TEST_STEP][PASSED] - pages.FirstPayVault.verifyInvoiceRecord(findTestObject("Pages/FirstPayVault/footer_NextButton"), findTestObject("Pages/FirstPayVault/page_Number"), vaultReference): The Vault is found in page 1&#xD;
&#xD;
2019-11-04 07:28:34 - [MESSAGE][PASSED] - Text of object 'Object Repository/Pages/FirstPayVault/page_Number' is: 'Page 1 of 45'&#xD;
&#xD;
2019-11-04 07:28:34 - [MESSAGE][PASSED] - The Vault is found in page 1&#xD;
&#xD;
2019-11-04 07:28:34 - [TEST_STEP][PASSED] - closeBrowser(): Browser is closed&#xD;
&#xD;
2019-11-04 07:28:36 - [MESSAGE][PASSED] - Browser is closed&#xD;
&#xD;
2019-11-04 07:28:36 - [TEST_STEP][PASSED] - Start listener action : sampleAfterTestCase: null&#xD;
&#xD;
2019-11-04 07:28:36 - [TEST_STEP][PASSED] - println(testCaseContext.getTestCaseId()): null&#xD;
&#xD;
2019-11-04 07:28:36 - [TEST_STEP][PASSED] - println(testCaseContext.getTestCaseStatus()): null&#xD;
&#xD;
2019-11-04 07:28:36 - [TEST_STEP][PASSED] - testCaseName = testCaseContext.getTestCaseId(): null&#xD;
&#xD;
2019-11-04 07:28:36 - [TEST_STEP][PASSED] - strCount = testCaseName.lastIndexOf("/"): null&#xD;
&#xD;
2019-11-04 07:28:36 - [TEST_STEP][PASSED] - testCaseName = testCaseName.substring(strCount): null&#xD;
&#xD;
2019-11-04 07:28:36 - [TEST_STEP][PASSED] - println(testCaseName): null&#xD;
&#xD;
2019-11-04 07:28:36 - [TEST_STEP][PASSED] - if (getTestCaseStatus().equalsIgnoreCase("Error")): null&#xD;
&#xD;
2019-11-04 07:28:36 - [TEST_STEP][PASSED] - Start listener action : sampleAfterTestCase: null</system-out>
            <system-err></system-err>
        </testcase>
        <testcase name="Test Cases/FirstView/FirstPayVault/VPOS_1stPayVault_UpdateCardMonth_By_Clicking_Edit_On_SearchedVault" classname="Test Cases/FirstView/FirstPayVault/VPOS_1stPayVault_UpdateCardMonth_By_Clicking_Edit_On_SearchedVault" status="PASSED">
            <system-out>2019-11-04 07:28:36 - [TEST_CASE][PASSED] - Test Cases/FirstView/FirstPayVault/VPOS_1stPayVault_UpdateCardMonth_By_Clicking_Edit_On_SearchedVault: Test Cases/FirstView/FirstPayVault/VPOS_1stPayVault_UpdateCardMonth_By_Clicking_Edit_On_SearchedVault&#xD;
&#xD;
2019-11-04 07:28:37 - [TEST_STEP][PASSED] - Start listener action : sampleBeforeTestCase: null&#xD;
&#xD;
2019-11-04 07:28:37 - [TEST_STEP][PASSED] - println(testCaseContext.getTestCaseId()): null&#xD;
&#xD;
2019-11-04 07:28:37 - [TEST_STEP][PASSED] - println(testCaseContext.getTestCaseVariables()): null&#xD;
&#xD;
2019-11-04 07:28:37 - [TEST_STEP][PASSED] - utilities.SafeActions.openBrowser(URL, [PageLoadTime]): utilities.SafeActions.openBrowser is PASSED&#xD;
&#xD;
2019-11-04 07:28:37 - [MESSAGE][INFO] - Opening Browser&#xD;
&#xD;
2019-11-04 07:28:37 - [MESSAGE][INFO] - Starting 'Firefox' driver&#xD;
&#xD;
2019-11-04 07:28:45 - [MESSAGE][PASSED] - Browser is opened with url: 'https://q-www-firstview-net.faps.net/MVC/Account/Login'&#xD;
&#xD;
2019-11-04 07:28:45 - [MESSAGE][PASSED] - Current window maximized&#xD;
&#xD;
2019-11-04 07:28:45 - [MESSAGE][INFO] - Browser Launched Successfully&#xD;
&#xD;
2019-11-04 07:28:45 - [MESSAGE][PASSED] - utilities.SafeActions.openBrowser is PASSED&#xD;
&#xD;
2019-11-04 07:28:45 - [TEST_STEP][PASSED] - pages.Login.login(uName, password): pages.Login.login is PASSED&#xD;
&#xD;
2019-11-04 07:28:45 - [MESSAGE][PASSED] - Object 'Object Repository/Pages/Login/userName' is present&#xD;
&#xD;
2019-11-04 07:28:45 - [MESSAGE][PASSED] - Object 'Object Repository/Pages/Login/userName' is present&#xD;
&#xD;
2019-11-04 07:28:46 - [MESSAGE][PASSED] - Object: 'Object Repository/Pages/Login/userName' is clicked on&#xD;
&#xD;
2019-11-04 07:28:46 - [MESSAGE][PASSED] - Text 'ZenQRetail' is set on object 'Object Repository/Pages/Login/userName'&#xD;
&#xD;
2019-11-04 07:28:46 - [MESSAGE][PASSED] - Object 'Object Repository/Pages/Login/password' is present&#xD;
&#xD;
2019-11-04 07:28:46 - [MESSAGE][PASSED] - Object 'Object Repository/Pages/Login/password' is present&#xD;
&#xD;
2019-11-04 07:28:47 - [MESSAGE][PASSED] - Object: 'Object Repository/Pages/Login/password' is clicked on&#xD;
&#xD;
2019-11-04 07:28:47 - [MESSAGE][PASSED] - Text 'P@ssword1' is set on object 'Object Repository/Pages/Login/password'&#xD;
&#xD;
2019-11-04 07:28:47 - [MESSAGE][INFO] - Safe Click Without scroll&#xD;
&#xD;
2019-11-04 07:28:47 - [MESSAGE][INFO] - 1stPayVault_TestSuite.ts:waiting until Click on Login is Clickable&#xD;
&#xD;
2019-11-04 07:28:47 - [MESSAGE][PASSED] - Object 'Object Repository/Pages/Login/login' is clickable&#xD;
&#xD;
2019-11-04 07:28:47 - [MESSAGE][PASSED] - Object 'Object Repository/Pages/Login/login' is visible&#xD;
&#xD;
2019-11-04 07:28:49 - [MESSAGE][PASSED] - Object: 'Object Repository/Pages/Login/login' is clicked on&#xD;
&#xD;
2019-11-04 07:28:49 - [MESSAGE][INFO] - 1stPayVault_TestSuite.ts: click on the Click on Login&#xD;
&#xD;
2019-11-04 07:28:49 - [MESSAGE][PASSED] - pages.Login.login is PASSED&#xD;
&#xD;
2019-11-04 07:28:49 - [TEST_STEP][PASSED] - callTestCase(findTestCase("FirstView/Login/TC_SendCode"), [:], STOP_ON_FAILURE): Call Test Case 'Test Cases/FirstView/Login/TC_SendCode' successfully&#xD;
&#xD;
2019-11-04 07:28:49 - [TEST_CASE][PASSED] - Test Cases/FirstView/Login/TC_SendCode: Test Cases/FirstView/Login/TC_SendCode&#xD;
&#xD;
2019-11-04 07:28:50 - [TEST_STEP][PASSED] - flag = pages.SendCode.verifyPage(): pages.SendCode.verifyPage is PASSED&#xD;
&#xD;
2019-11-04 07:28:50 - [MESSAGE][PASSED] - Object 'Object Repository/Pages/SendCodeToValidate/header_SendCodeToValidate' is present and visible in viewport&#xD;
&#xD;
2019-11-04 07:28:50 - [MESSAGE][PASSED] - pages.SendCode.verifyPage is PASSED&#xD;
&#xD;
2019-11-04 07:28:50 - [TEST_STEP][PASSED] - if (flag): pages.SendCode.clickonUserSettings is PASSED&#xD;
&#xD;
2019-11-04 07:28:50 - [TEST_STEP][PASSED] - pages.SendCode.clickonUserSettings(): pages.SendCode.clickonUserSettings is PASSED&#xD;
&#xD;
2019-11-04 07:28:50 - [MESSAGE][PASSED] - Object 'Object Repository/Pages/SendCodeToValidate/link_UserSettings' is present&#xD;
&#xD;
2019-11-04 07:28:50 - [MESSAGE][PASSED] - Object 'Object Repository/Pages/SendCodeToValidate/link_UserSettings' is visible&#xD;
&#xD;
2019-11-04 07:28:50 - [MESSAGE][INFO] - 1stPayVault_TestSuite.ts:waiting until Click on User Settings is Clickable&#xD;
&#xD;
2019-11-04 07:28:50 - [MESSAGE][PASSED] - Object 'Object Repository/Pages/SendCodeToValidate/link_UserSettings' is clickable&#xD;
&#xD;
2019-11-04 07:28:50 - [MESSAGE][PASSED] - Object 'Object Repository/Pages/SendCodeToValidate/link_UserSettings' is visible&#xD;
&#xD;
2019-11-04 07:28:52 - [MESSAGE][PASSED] - Object: 'Object Repository/Pages/SendCodeToValidate/link_UserSettings' is clicked on&#xD;
&#xD;
2019-11-04 07:28:52 - [MESSAGE][INFO] - 1stPayVault_TestSuite.ts: Clicked on the Click on User Settings&#xD;
&#xD;
2019-11-04 07:28:52 - [MESSAGE][PASSED] - pages.SendCode.clickonUserSettings is PASSED&#xD;
&#xD;
2019-11-04 07:28:52 - [MESSAGE][PASSED] - Call Test Case 'Test Cases/FirstView/Login/TC_SendCode' successfully&#xD;
&#xD;
2019-11-04 07:28:52 - [TEST_STEP][PASSED] - callTestCase(findTestCase("FirstView/Login/TC_FirstView"), [:], STOP_ON_FAILURE): Call Test Case 'Test Cases/FirstView/Login/TC_FirstView' successfully&#xD;
&#xD;
2019-11-04 07:28:52 - [TEST_CASE][PASSED] - Test Cases/FirstView/Login/TC_FirstView: Test Cases/FirstView/Login/TC_FirstView&#xD;
&#xD;
2019-11-04 07:28:52 - [TEST_STEP][NOT_RUN] - utilities.SafeActions.safeClickWithoutScroll(findTestObject("Pages/FirstView/link_Home"), "Click on Home button in First View screen", [PageLoadTime]): NOT_RUN: utilities.SafeActions.safeClickWithoutScroll(findTestObject("Pages/FirstView/link_Home"), "Click on Home button in First View screen", [PageLoadTime])&#xD;
&#xD;
2019-11-04 07:28:52 - [MESSAGE][NOT_RUN] - NOT_RUN: utilities.SafeActions.safeClickWithoutScroll(findTestObject("Pages/FirstView/link_Home"), "Click on Home button in First View screen", [PageLoadTime])&#xD;
&#xD;
2019-11-04 07:28:52 - [TEST_STEP][PASSED] - delay(3): Delayed 3 second(s)&#xD;
&#xD;
2019-11-04 07:28:55 - [MESSAGE][PASSED] - Delayed 3 second(s)&#xD;
&#xD;
2019-11-04 07:28:55 - [TEST_STEP][PASSED] - utilities.SafeActions.javascriptclick(findTestObject("Pages/FirstView/link_Home"), delayForElement): utilities.SafeActions.javascriptclick is PASSED&#xD;
&#xD;
2019-11-04 07:28:55 - [MESSAGE][PASSED] - utilities.SafeActions.javascriptclick is PASSED&#xD;
&#xD;
2019-11-04 07:28:55 - [TEST_STEP][PASSED] - utilities.SafeActions.safeClickWithoutScroll(findTestObject("Pages/FirstView/link_VPOS"), "Click on VPOS button in First View screen", [PageLoadTime]): utilities.SafeActions.safeClickWithoutScroll is PASSED&#xD;
&#xD;
2019-11-04 07:28:56 - [MESSAGE][INFO] - Safe Click Without scroll&#xD;
&#xD;
2019-11-04 07:28:56 - [MESSAGE][INFO] - 1stPayVault_TestSuite.ts:waiting until Click on VPOS button in First View screen is Clickable&#xD;
&#xD;
2019-11-04 07:28:57 - [MESSAGE][PASSED] - Object 'Object Repository/Pages/FirstView/link_VPOS' is clickable&#xD;
&#xD;
2019-11-04 07:28:57 - [MESSAGE][PASSED] - Object 'Object Repository/Pages/FirstView/link_VPOS' is visible&#xD;
&#xD;
2019-11-04 07:28:59 - [MESSAGE][PASSED] - Object: 'Object Repository/Pages/FirstView/link_VPOS' is clicked on&#xD;
&#xD;
2019-11-04 07:28:59 - [MESSAGE][INFO] - 1stPayVault_TestSuite.ts: click on the Click on VPOS button in First View screen&#xD;
&#xD;
2019-11-04 07:28:59 - [MESSAGE][PASSED] - utilities.SafeActions.safeClickWithoutScroll is PASSED&#xD;
&#xD;
2019-11-04 07:28:59 - [MESSAGE][PASSED] - Call Test Case 'Test Cases/FirstView/Login/TC_FirstView' successfully&#xD;
&#xD;
2019-11-04 07:28:59 - [TEST_STEP][PASSED] - switchToWindowTitle("Transcenter - VPOS"): Switched to window with title: 'Transcenter - VPOS'&#xD;
&#xD;
2019-11-04 07:29:02 - [MESSAGE][PASSED] - Switched to window with title: 'Transcenter - VPOS'&#xD;
&#xD;
2019-11-04 07:29:02 - [TEST_STEP][PASSED] - focus(findTestObject("Pages/FirstPayVault/tab_FirstPayVault")): Object: 'Object Repository/Pages/FirstPayVault/tab_FirstPayVault' is focused&#xD;
&#xD;
2019-11-04 07:29:06 - [MESSAGE][PASSED] - Object: 'Object Repository/Pages/FirstPayVault/tab_FirstPayVault' is focused&#xD;
&#xD;
2019-11-04 07:29:06 - [TEST_STEP][PASSED] - utilities.SafeActions.javascriptclick(findTestObject("Pages/FirstPayVault/tab_FirstPayVault"), PageLoadTime): utilities.SafeActions.javascriptclick is PASSED&#xD;
&#xD;
2019-11-04 07:29:06 - [MESSAGE][PASSED] - utilities.SafeActions.javascriptclick is PASSED&#xD;
&#xD;
2019-11-04 07:29:06 - [TEST_STEP][PASSED] - delay(2): Delayed 2 second(s)&#xD;
&#xD;
2019-11-04 07:29:08 - [MESSAGE][PASSED] - Delayed 2 second(s)&#xD;
&#xD;
2019-11-04 07:29:08 - [TEST_STEP][PASSED] - utilities.SafeActions.safeClickWithoutScroll(findTestObject("Pages/FirstPayVault/tab_FirstPayVault"), "Click on FistPayVault tab", [delayForElement]): utilities.SafeActions.safeClickWithoutScroll is PASSED&#xD;
&#xD;
2019-11-04 07:29:08 - [MESSAGE][INFO] - Safe Click Without scroll&#xD;
&#xD;
2019-11-04 07:29:08 - [MESSAGE][INFO] - 1stPayVault_TestSuite.ts:waiting until Click on FistPayVault tab is Clickable&#xD;
&#xD;
2019-11-04 07:29:08 - [MESSAGE][PASSED] - Object 'Object Repository/Pages/FirstPayVault/tab_FirstPayVault' is clickable&#xD;
&#xD;
2019-11-04 07:29:08 - [MESSAGE][PASSED] - Object 'Object Repository/Pages/FirstPayVault/tab_FirstPayVault' is visible&#xD;
&#xD;
2019-11-04 07:29:09 - [MESSAGE][PASSED] - Object: 'Object Repository/Pages/FirstPayVault/tab_FirstPayVault' is clicked on&#xD;
&#xD;
2019-11-04 07:29:09 - [MESSAGE][INFO] - 1stPayVault_TestSuite.ts: click on the Click on FistPayVault tab&#xD;
&#xD;
2019-11-04 07:29:09 - [MESSAGE][PASSED] - utilities.SafeActions.safeClickWithoutScroll is PASSED&#xD;
&#xD;
2019-11-04 07:29:09 - [TEST_STEP][PASSED] - utilities.SafeActions.safeClickWithoutScroll(findTestObject("Pages/FirstPayVault/button_CreateVault"), "Click on CreateVault button", [PageLoadTime]): utilities.SafeActions.safeClickWithoutScroll is PASSED&#xD;
&#xD;
2019-11-04 07:29:09 - [MESSAGE][INFO] - Safe Click Without scroll&#xD;
&#xD;
2019-11-04 07:29:09 - [MESSAGE][INFO] - 1stPayVault_TestSuite.ts:waiting until Click on CreateVault button is Clickable&#xD;
&#xD;
2019-11-04 07:29:09 - [MESSAGE][PASSED] - Object 'Object Repository/Pages/FirstPayVault/button_CreateVault' is clickable&#xD;
&#xD;
2019-11-04 07:29:09 - [MESSAGE][PASSED] - Object 'Object Repository/Pages/FirstPayVault/button_CreateVault' is visible&#xD;
&#xD;
2019-11-04 07:29:10 - [MESSAGE][PASSED] - Object: 'Object Repository/Pages/FirstPayVault/button_CreateVault' is clicked on&#xD;
&#xD;
2019-11-04 07:29:10 - [MESSAGE][INFO] - 1stPayVault_TestSuite.ts: click on the Click on CreateVault button&#xD;
&#xD;
2019-11-04 07:29:10 - [MESSAGE][PASSED] - utilities.SafeActions.safeClickWithoutScroll is PASSED&#xD;
&#xD;
2019-11-04 07:29:10 - [TEST_STEP][PASSED] - scrollToElement(findTestObject("Pages/FirstPayVault/input_VaultReferenceNumber"), PageLoadTime): Scroll to object 'Object Repository/Pages/FirstPayVault/input_VaultReferenceNumber' successfully&#xD;
&#xD;
2019-11-04 07:29:11 - [MESSAGE][PASSED] - Scroll to object 'Object Repository/Pages/FirstPayVault/input_VaultReferenceNumber' successfully&#xD;
&#xD;
2019-11-04 07:29:11 - [TEST_STEP][PASSED] - vaultReference = utilities.SafeActions.timeWithMilliSeconds(): utilities.SafeActions.timeWithMilliSeconds is PASSED&#xD;
&#xD;
2019-11-04 07:29:11 - [MESSAGE][PASSED] - utilities.SafeActions.timeWithMilliSeconds is PASSED&#xD;
&#xD;
2019-11-04 07:29:11 - [TEST_STEP][PASSED] - utilities.SafeActions.safeType(findTestObject("Pages/FirstPayVault/input_VaultReferenceNumber"), vaultReference, "Entering Vault Reference Number", [PageLoadTime]): utilities.SafeActions.safeType is PASSED&#xD;
&#xD;
2019-11-04 07:29:11 - [MESSAGE][PASSED] - Object 'Object Repository/Pages/FirstPayVault/input_VaultReferenceNumber' is present&#xD;
&#xD;
2019-11-04 07:29:11 - [MESSAGE][PASSED] - Object 'Object Repository/Pages/FirstPayVault/input_VaultReferenceNumber' is present&#xD;
&#xD;
2019-11-04 07:29:12 - [MESSAGE][PASSED] - Object: 'Object Repository/Pages/FirstPayVault/input_VaultReferenceNumber' is clicked on&#xD;
&#xD;
2019-11-04 07:29:12 - [MESSAGE][PASSED] - Text '2019-11-04 07:29:11.092' is set on object 'Object Repository/Pages/FirstPayVault/input_VaultReferenceNumber'&#xD;
&#xD;
2019-11-04 07:29:12 - [MESSAGE][PASSED] - utilities.SafeActions.safeType is PASSED&#xD;
&#xD;
2019-11-04 07:29:12 - [TEST_STEP][PASSED] - utilities.SafeActions.safeType(findTestObject("Pages/FirstPayVault/input_CreditCardNumber"), visaCardNumber, "Entering Card Number", [PageLoadTime]): utilities.SafeActions.safeType is PASSED&#xD;
&#xD;
2019-11-04 07:29:12 - [MESSAGE][PASSED] - Object 'Object Repository/Pages/FirstPayVault/input_CreditCardNumber' is present&#xD;
&#xD;
2019-11-04 07:29:12 - [MESSAGE][PASSED] - Object 'Object Repository/Pages/FirstPayVault/input_CreditCardNumber' is present&#xD;
&#xD;
2019-11-04 07:29:13 - [MESSAGE][PASSED] - Object: 'Object Repository/Pages/FirstPayVault/input_CreditCardNumber' is clicked on&#xD;
&#xD;
2019-11-04 07:29:13 - [MESSAGE][PASSED] - Text '4111111111111111' is set on object 'Object Repository/Pages/FirstPayVault/input_CreditCardNumber'&#xD;
&#xD;
2019-11-04 07:29:13 - [MESSAGE][PASSED] - utilities.SafeActions.safeType is PASSED&#xD;
&#xD;
2019-11-04 07:29:13 - [TEST_STEP][PASSED] - utilities.SafeActions.safeSelectOptionInDropDownByVisibleText(findTestObject("Pages/FirstPayVault/dropDown_ExpirationMonth"), cardMonth, "Expiration Month", [PageLoadTime]): utilities.SafeActions.safeSelectOptionInDropDownByVisibleText is PASSED&#xD;
&#xD;
2019-11-04 07:29:14 - [MESSAGE][PASSED] - Object 'Object Repository/Pages/FirstPayVault/dropDown_ExpirationMonth' is visible&#xD;
&#xD;
2019-11-04 07:29:14 - [MESSAGE][PASSED] - Object 'Object Repository/Pages/FirstPayVault/dropDown_ExpirationMonth' is present&#xD;
&#xD;
2019-11-04 07:29:15 - [MESSAGE][PASSED] - Object: 'Object Repository/Pages/FirstPayVault/dropDown_ExpirationMonth' is clicked on&#xD;
&#xD;
2019-11-04 07:29:15 - [MESSAGE][PASSED] - All options with label 'September' are selected in object 'Object Repository/Pages/FirstPayVault/dropDown_ExpirationMonth' &#xD;
&#xD;
2019-11-04 07:29:15 - [MESSAGE][PASSED] - utilities.SafeActions.safeSelectOptionInDropDownByVisibleText is PASSED&#xD;
&#xD;
2019-11-04 07:29:15 - [TEST_STEP][PASSED] - utilities.SafeActions.safeSelectOptionInDropDownByVisibleText(findTestObject("Pages/FirstPayVault/dropDown_ExpirationYear"), cardYear, "year", [PageLoadTime]): utilities.SafeActions.safeSelectOptionInDropDownByVisibleText is PASSED&#xD;
&#xD;
2019-11-04 07:29:15 - [MESSAGE][PASSED] - Object 'Object Repository/Pages/FirstPayVault/dropDown_ExpirationYear' is visible&#xD;
&#xD;
2019-11-04 07:29:15 - [MESSAGE][PASSED] - Object 'Object Repository/Pages/FirstPayVault/dropDown_ExpirationYear' is present&#xD;
&#xD;
2019-11-04 07:29:16 - [MESSAGE][PASSED] - Object: 'Object Repository/Pages/FirstPayVault/dropDown_ExpirationYear' is clicked on&#xD;
&#xD;
2019-11-04 07:29:17 - [MESSAGE][PASSED] - All options with label '2032' are selected in object 'Object Repository/Pages/FirstPayVault/dropDown_ExpirationYear' &#xD;
&#xD;
2019-11-04 07:29:17 - [MESSAGE][PASSED] - utilities.SafeActions.safeSelectOptionInDropDownByVisibleText is PASSED&#xD;
&#xD;
2019-11-04 07:29:17 - [TEST_STEP][PASSED] - utilities.SafeActions.safeType(findTestObject("Pages/FirstPayVault/input_ContactName"), customerName, "Enter Contact Name", [PageLoadTime]): utilities.SafeActions.safeType is PASSED&#xD;
&#xD;
2019-11-04 07:29:17 - [MESSAGE][PASSED] - Object 'Object Repository/Pages/FirstPayVault/input_ContactName' is present&#xD;
&#xD;
2019-11-04 07:29:17 - [MESSAGE][PASSED] - Object 'Object Repository/Pages/FirstPayVault/input_ContactName' is present&#xD;
&#xD;
2019-11-04 07:29:18 - [MESSAGE][PASSED] - Object: 'Object Repository/Pages/FirstPayVault/input_ContactName' is clicked on&#xD;
&#xD;
2019-11-04 07:29:18 - [MESSAGE][PASSED] - Text 'Venkata Sai' is set on object 'Object Repository/Pages/FirstPayVault/input_ContactName'&#xD;
&#xD;
2019-11-04 07:29:18 - [MESSAGE][PASSED] - utilities.SafeActions.safeType is PASSED&#xD;
&#xD;
2019-11-04 07:29:18 - [TEST_STEP][PASSED] - utilities.SafeActions.safeType(findTestObject("Pages/FirstPayVault/input_PostalCode"), postalCode, "Enter Postal Code", [PageLoadTime]): utilities.SafeActions.safeType is PASSED&#xD;
&#xD;
2019-11-04 07:29:18 - [MESSAGE][PASSED] - Object 'Object Repository/Pages/FirstPayVault/input_PostalCode' is present&#xD;
&#xD;
2019-11-04 07:29:18 - [MESSAGE][PASSED] - Object 'Object Repository/Pages/FirstPayVault/input_PostalCode' is present&#xD;
&#xD;
2019-11-04 07:29:19 - [MESSAGE][PASSED] - Object: 'Object Repository/Pages/FirstPayVault/input_PostalCode' is clicked on&#xD;
&#xD;
2019-11-04 07:29:19 - [MESSAGE][PASSED] - Text '76102' is set on object 'Object Repository/Pages/FirstPayVault/input_PostalCode'&#xD;
&#xD;
2019-11-04 07:29:19 - [MESSAGE][PASSED] - utilities.SafeActions.safeType is PASSED&#xD;
&#xD;
2019-11-04 07:29:19 - [TEST_STEP][PASSED] - utilities.SafeActions.safeType(findTestObject("Pages/FirstPayVault/input_Address"), address, "Enter ddress", [PageLoadTime]): utilities.SafeActions.safeType is PASSED&#xD;
&#xD;
2019-11-04 07:29:19 - [MESSAGE][PASSED] - Object 'Object Repository/Pages/FirstPayVault/input_Address' is present&#xD;
&#xD;
2019-11-04 07:29:19 - [MESSAGE][PASSED] - Object 'Object Repository/Pages/FirstPayVault/input_Address' is present&#xD;
&#xD;
2019-11-04 07:29:20 - [MESSAGE][PASSED] - Object: 'Object Repository/Pages/FirstPayVault/input_Address' is clicked on&#xD;
&#xD;
2019-11-04 07:29:20 - [MESSAGE][PASSED] - Text 'Street123' is set on object 'Object Repository/Pages/FirstPayVault/input_Address'&#xD;
&#xD;
2019-11-04 07:29:20 - [MESSAGE][PASSED] - utilities.SafeActions.safeType is PASSED&#xD;
&#xD;
2019-11-04 07:29:20 - [TEST_STEP][PASSED] - utilities.SafeActions.safeCheckForElement(findTestObject("Pages/FirstPayVault/chekBox_AddShippingInformation"), PageLoadTime): utilities.SafeActions.safeCheckForElement is PASSED&#xD;
&#xD;
2019-11-04 07:29:20 - [MESSAGE][PASSED] - Object 'Object Repository/Pages/FirstPayVault/chekBox_AddShippingInformation' is present&#xD;
&#xD;
2019-11-04 07:29:20 - [MESSAGE][PASSED] - Object 'Object Repository/Pages/FirstPayVault/chekBox_AddShippingInformation' is visible&#xD;
&#xD;
2019-11-04 07:29:20 - [MESSAGE][PASSED] - Object 'Object Repository/Pages/FirstPayVault/chekBox_AddShippingInformation' is present&#xD;
&#xD;
2019-11-04 07:29:21 - [MESSAGE][PASSED] - Object 'Object Repository/Pages/FirstPayVault/chekBox_AddShippingInformation' is checked&#xD;
&#xD;
2019-11-04 07:29:21 - [MESSAGE][PASSED] - utilities.SafeActions.safeCheckForElement is PASSED&#xD;
&#xD;
2019-11-04 07:29:21 - [TEST_STEP][PASSED] - utilities.SafeActions.safeType(findTestObject("Pages/FirstPayVault/input_ShippingMethod"), shippingMethod, "Enter Shipping Method", [PageLoadTime]): utilities.SafeActions.safeType is PASSED&#xD;
&#xD;
2019-11-04 07:29:21 - [MESSAGE][PASSED] - Object 'Object Repository/Pages/FirstPayVault/input_ShippingMethod' is present&#xD;
&#xD;
2019-11-04 07:29:21 - [MESSAGE][PASSED] - Object 'Object Repository/Pages/FirstPayVault/input_ShippingMethod' is present&#xD;
&#xD;
2019-11-04 07:29:22 - [MESSAGE][PASSED] - Object: 'Object Repository/Pages/FirstPayVault/input_ShippingMethod' is clicked on&#xD;
&#xD;
2019-11-04 07:29:22 - [MESSAGE][PASSED] - Text 'DTDC' is set on object 'Object Repository/Pages/FirstPayVault/input_ShippingMethod'&#xD;
&#xD;
2019-11-04 07:29:22 - [MESSAGE][PASSED] - utilities.SafeActions.safeType is PASSED&#xD;
&#xD;
2019-11-04 07:29:22 - [TEST_STEP][PASSED] - utilities.SafeActions.safeCheckForElement(findTestObject("Pages/FirstPayVault/checkbox_SameAsBillingInformation"), PageLoadTime): utilities.SafeActions.safeCheckForElement is PASSED&#xD;
&#xD;
2019-11-04 07:29:22 - [MESSAGE][PASSED] - Object 'Object Repository/Pages/FirstPayVault/checkbox_SameAsBillingInformation' is present&#xD;
&#xD;
2019-11-04 07:29:23 - [MESSAGE][PASSED] - Object 'Object Repository/Pages/FirstPayVault/checkbox_SameAsBillingInformation' is visible&#xD;
&#xD;
2019-11-04 07:29:23 - [MESSAGE][PASSED] - Object 'Object Repository/Pages/FirstPayVault/checkbox_SameAsBillingInformation' is present&#xD;
&#xD;
2019-11-04 07:29:23 - [MESSAGE][PASSED] - Object 'Object Repository/Pages/FirstPayVault/checkbox_SameAsBillingInformation' is checked&#xD;
&#xD;
2019-11-04 07:29:23 - [MESSAGE][PASSED] - utilities.SafeActions.safeCheckForElement is PASSED&#xD;
&#xD;
2019-11-04 07:29:23 - [TEST_STEP][PASSED] - utilities.SafeActions.safeClickwithScroll(findTestObject("Pages/FirstPayVault/button_Create"), "Click on Create Button", [PageLoadTime]): utilities.SafeActions.safeClickwithScroll is PASSED&#xD;
&#xD;
2019-11-04 07:29:23 - [MESSAGE][PASSED] - Object 'Object Repository/Pages/FirstPayVault/button_Create' is present&#xD;
&#xD;
2019-11-04 07:29:24 - [MESSAGE][PASSED] - Object 'Object Repository/Pages/FirstPayVault/button_Create' is visible&#xD;
&#xD;
2019-11-04 07:29:24 - [MESSAGE][INFO] - 1stPayVault_TestSuite.ts:waiting until Click on Create Button is Clickable&#xD;
&#xD;
2019-11-04 07:29:24 - [MESSAGE][PASSED] - Object 'Object Repository/Pages/FirstPayVault/button_Create' is clickable&#xD;
&#xD;
2019-11-04 07:29:24 - [MESSAGE][PASSED] - Object 'Object Repository/Pages/FirstPayVault/button_Create' is visible&#xD;
&#xD;
2019-11-04 07:29:24 - [MESSAGE][PASSED] - Object: 'Object Repository/Pages/FirstPayVault/button_Create' is clicked on&#xD;
&#xD;
2019-11-04 07:29:24 - [MESSAGE][INFO] - 1stPayVault_TestSuite.ts: Clicked on the Click on Create Button&#xD;
&#xD;
2019-11-04 07:29:24 - [MESSAGE][PASSED] - utilities.SafeActions.safeClickwithScroll is PASSED&#xD;
&#xD;
2019-11-04 07:29:24 - [TEST_STEP][PASSED] - popupSavedToVaultMessage = utilities.SafeActions.safeGetText(findTestObject("Pages/FirstPayVault/popup_SavedToVaultMessage"), PageLoadTime): utilities.SafeActions.safeGetText is PASSED&#xD;
&#xD;
2019-11-04 07:29:25 - [MESSAGE][PASSED] - Object 'Object Repository/Pages/FirstPayVault/popup_SavedToVaultMessage' is present&#xD;
&#xD;
2019-11-04 07:29:25 - [MESSAGE][PASSED] - Scroll to object 'Object Repository/Pages/FirstPayVault/popup_SavedToVaultMessage' successfully&#xD;
&#xD;
2019-11-04 07:29:25 - [MESSAGE][PASSED] - Object 'Object Repository/Pages/FirstPayVault/popup_SavedToVaultMessage' is present&#xD;
&#xD;
2019-11-04 07:29:25 - [MESSAGE][PASSED] - Text of object 'Object Repository/Pages/FirstPayVault/popup_SavedToVaultMessage' is: 'Successfully Saved to Vault'&#xD;
&#xD;
2019-11-04 07:29:25 - [MESSAGE][PASSED] - utilities.SafeActions.safeGetText is PASSED&#xD;
&#xD;
2019-11-04 07:29:25 - [TEST_STEP][PASSED] - flag = utilities.SafeActions.verifyPopupMessage("Successfully Saved to Vault", popupSavedToVaultMessage): Popup Message : Successfully Saved to Vault matched with expected message : Successfully Saved to Vault&#xD;
&#xD;
2019-11-04 07:29:25 - [MESSAGE][PASSED] - Popup Message : Successfully Saved to Vault matched with expected message : Successfully Saved to Vault&#xD;
&#xD;
2019-11-04 07:29:25 - [TEST_STEP][PASSED] - utilities.SafeActions.safeClickWithoutScroll(findTestObject("Pages/FirstPayVault/button_RunSaleWithThisVault_InPopup"), "Click on Run Sale With This Vault in Popup", [delayBetweenTestSteps]): utilities.SafeActions.safeClickWithoutScroll is PASSED&#xD;
&#xD;
2019-11-04 07:29:25 - [MESSAGE][INFO] - Safe Click Without scroll&#xD;
&#xD;
2019-11-04 07:29:25 - [MESSAGE][INFO] - 1stPayVault_TestSuite.ts:waiting until Click on Run Sale With This Vault in Popup is Clickable&#xD;
&#xD;
2019-11-04 07:29:25 - [MESSAGE][PASSED] - Object 'Object Repository/Pages/FirstPayVault/button_RunSaleWithThisVault_InPopup' is clickable&#xD;
&#xD;
2019-11-04 07:29:25 - [MESSAGE][PASSED] - Object 'Object Repository/Pages/FirstPayVault/button_RunSaleWithThisVault_InPopup' is visible&#xD;
&#xD;
2019-11-04 07:29:27 - [MESSAGE][PASSED] - Object: 'Object Repository/Pages/FirstPayVault/button_RunSaleWithThisVault_InPopup' is clicked on&#xD;
&#xD;
2019-11-04 07:29:27 - [MESSAGE][INFO] - 1stPayVault_TestSuite.ts: click on the Click on Run Sale With This Vault in Popup&#xD;
&#xD;
2019-11-04 07:29:27 - [MESSAGE][PASSED] - utilities.SafeActions.safeClickWithoutScroll is PASSED&#xD;
&#xD;
2019-11-04 07:29:27 - [TEST_STEP][PASSED] - value = utilities.SafeActions.getAttributeValue(findTestObject("Pages/FirstPayVault/tab_1stPayVault_Active"), "1st_PayVault"): The screen is 1st_PayVault screen&#xD;
&#xD;
2019-11-04 07:29:27 - [MESSAGE][PASSED] - Attribute 'class' of object 'Object Repository/Pages/FirstPayVault/tab_1stPayVault_Active' is: 'active_tab tabs__link'&#xD;
&#xD;
2019-11-04 07:29:27 - [MESSAGE][PASSED] - The screen is 1st_PayVault screen&#xD;
&#xD;
2019-11-04 07:29:27 - [TEST_STEP][PASSED] - scrollToElement(findTestObject("Pages/FirstPayVault/input_Amount"), PageLoadTime): Scroll to object 'Object Repository/Pages/FirstPayVault/input_Amount' successfully&#xD;
&#xD;
2019-11-04 07:29:28 - [MESSAGE][PASSED] - Scroll to object 'Object Repository/Pages/FirstPayVault/input_Amount' successfully&#xD;
&#xD;
2019-11-04 07:29:28 - [TEST_STEP][PASSED] - utilities.SafeActions.safeType(findTestObject("Pages/FirstPayVault/input_Amount"), amount, "Enter Amount", [PageLoadTime]): utilities.SafeActions.safeType is PASSED&#xD;
&#xD;
2019-11-04 07:29:28 - [MESSAGE][PASSED] - Object 'Object Repository/Pages/FirstPayVault/input_Amount' is present&#xD;
&#xD;
2019-11-04 07:29:28 - [MESSAGE][PASSED] - Object 'Object Repository/Pages/FirstPayVault/input_Amount' is present&#xD;
&#xD;
2019-11-04 07:29:28 - [MESSAGE][PASSED] - Object: 'Object Repository/Pages/FirstPayVault/input_Amount' is clicked on&#xD;
&#xD;
2019-11-04 07:29:28 - [MESSAGE][PASSED] - Text '450' is set on object 'Object Repository/Pages/FirstPayVault/input_Amount'&#xD;
&#xD;
2019-11-04 07:29:28 - [MESSAGE][PASSED] - utilities.SafeActions.safeType is PASSED&#xD;
&#xD;
2019-11-04 07:29:28 - [TEST_STEP][PASSED] - salesTax = utilities.SafeActions.safeGetText(findTestObject("Pages/FirstPayVault/input_SalesTaxUnderAmount"), delayBetweenTestSteps): utilities.SafeActions.safeGetText is PASSED&#xD;
&#xD;
2019-11-04 07:29:29 - [MESSAGE][PASSED] - Object 'Object Repository/Pages/FirstPayVault/input_SalesTaxUnderAmount' is present&#xD;
&#xD;
2019-11-04 07:29:29 - [MESSAGE][PASSED] - Scroll to object 'Object Repository/Pages/FirstPayVault/input_SalesTaxUnderAmount' successfully&#xD;
&#xD;
2019-11-04 07:29:29 - [MESSAGE][PASSED] - Object 'Object Repository/Pages/FirstPayVault/input_SalesTaxUnderAmount' is present&#xD;
&#xD;
2019-11-04 07:29:29 - [MESSAGE][PASSED] - Text of object 'Object Repository/Pages/FirstPayVault/input_SalesTaxUnderAmount' is: '$37.13'&#xD;
&#xD;
2019-11-04 07:29:29 - [MESSAGE][PASSED] - utilities.SafeActions.safeGetText is PASSED&#xD;
&#xD;
2019-11-04 07:29:29 - [TEST_STEP][PASSED] - pages.FirstPayVault.verifyAmountIsNotZero(salesTax): pages.FirstPayVault.verifyAmountIsNotZero is PASSED&#xD;
&#xD;
2019-11-04 07:29:29 - [MESSAGE][PASSED] - pages.FirstPayVault.verifyAmountIsNotZero is PASSED&#xD;
&#xD;
2019-11-04 07:29:29 - [TEST_STEP][PASSED] - scrollToElement(findTestObject("Pages/FirstPayVault/input_CreditCardNumberForVerification"), delayBetweenTestSteps): Scroll to object 'Object Repository/Pages/FirstPayVault/input_CreditCardNumberForVerification' successfully&#xD;
&#xD;
2019-11-04 07:29:30 - [MESSAGE][PASSED] - Scroll to object 'Object Repository/Pages/FirstPayVault/input_CreditCardNumberForVerification' successfully&#xD;
&#xD;
2019-11-04 07:29:30 - [TEST_STEP][PASSED] - cardNumber = utilities.SafeActions.getAttribute(findTestObject("Pages/FirstPayVault/input_CreditCardNumberForVerification"), "1st Pay Vault"): utilities.SafeActions.getAttribute is PASSED&#xD;
&#xD;
2019-11-04 07:29:30 - [MESSAGE][PASSED] - Attribute 'value' of object 'Object Repository/Pages/FirstPayVault/input_CreditCardNumberForVerification' is: '411111******1111'&#xD;
&#xD;
2019-11-04 07:29:30 - [MESSAGE][PASSED] - utilities.SafeActions.getAttribute is PASSED&#xD;
&#xD;
2019-11-04 07:29:30 - [TEST_STEP][PASSED] - pages.FirstPayVault.verifyCardNumber(cardNumber, visaCardNumber): Actual String : 4111111111111111 matched with Expected message : 411111******1111&#xD;
&#xD;
2019-11-04 07:29:30 - [MESSAGE][PASSED] - Actual String : 4111111111111111 matched with Expected message : 411111******1111&#xD;
&#xD;
2019-11-04 07:29:30 - [TEST_STEP][PASSED] - expirationYear = utilities.SafeActions.getAttribute(findTestObject("Pages/FirstPayVault/dropDownExpirationYearForVerification"), "1st Pay Vault"): utilities.SafeActions.getAttribute is PASSED&#xD;
&#xD;
2019-11-04 07:29:30 - [MESSAGE][PASSED] - Attribute 'value' of object 'Object Repository/Pages/FirstPayVault/dropDownExpirationYearForVerification' is: '2032'&#xD;
&#xD;
2019-11-04 07:29:30 - [MESSAGE][PASSED] - utilities.SafeActions.getAttribute is PASSED&#xD;
&#xD;
2019-11-04 07:29:30 - [TEST_STEP][PASSED] - pages.FirstPayVault.verifyStrings(expirationYear, cardYear): Actual String : 2032 matched with Expected message : 2032&#xD;
&#xD;
2019-11-04 07:29:30 - [MESSAGE][PASSED] - Actual String : 2032 matched with Expected message : 2032&#xD;
&#xD;
2019-11-04 07:29:30 - [TEST_STEP][PASSED] - scrollToElement(findTestObject("Pages/FirstPayVault/input_VerifyCardHolderName"), PageLoadTime): Scroll to object 'Object Repository/Pages/FirstPayVault/input_VerifyCardHolderName' successfully&#xD;
&#xD;
2019-11-04 07:29:30 - [MESSAGE][PASSED] - Scroll to object 'Object Repository/Pages/FirstPayVault/input_VerifyCardHolderName' successfully&#xD;
&#xD;
2019-11-04 07:29:30 - [TEST_STEP][PASSED] - name = utilities.SafeActions.getAttribute(findTestObject("Pages/FirstPayVault/input_VerifyCardHolderName"), "1stPayVault"): utilities.SafeActions.getAttribute is PASSED&#xD;
&#xD;
2019-11-04 07:29:30 - [MESSAGE][PASSED] - Attribute 'value' of object 'Object Repository/Pages/FirstPayVault/input_VerifyCardHolderName' is: 'Venkata Sai'&#xD;
&#xD;
2019-11-04 07:29:30 - [MESSAGE][PASSED] - utilities.SafeActions.getAttribute is PASSED&#xD;
&#xD;
2019-11-04 07:29:30 - [TEST_STEP][PASSED] - pages.FirstPayVault.verifyStrings(name, customerName): Actual String : Venkata Sai matched with Expected message : Venkata Sai&#xD;
&#xD;
2019-11-04 07:29:30 - [MESSAGE][PASSED] - Actual String : Venkata Sai matched with Expected message : Venkata Sai&#xD;
&#xD;
2019-11-04 07:29:30 - [TEST_STEP][PASSED] - scrollToElement(findTestObject("Pages/FirstPayVault/checkbox_TaxExempt"), PageLoadTime): Scroll to object 'Object Repository/Pages/FirstPayVault/checkbox_TaxExempt' successfully&#xD;
&#xD;
2019-11-04 07:29:31 - [MESSAGE][PASSED] - Scroll to object 'Object Repository/Pages/FirstPayVault/checkbox_TaxExempt' successfully&#xD;
&#xD;
2019-11-04 07:29:31 - [TEST_STEP][PASSED] - pages.FirstPayVault.verifyAmountIsNotZero(salesTax): pages.FirstPayVault.verifyAmountIsNotZero is PASSED&#xD;
&#xD;
2019-11-04 07:29:31 - [MESSAGE][PASSED] - pages.FirstPayVault.verifyAmountIsNotZero is PASSED&#xD;
&#xD;
2019-11-04 07:29:31 - [TEST_STEP][PASSED] - utilities.SafeActions.safeCheckForElement(findTestObject("Pages/FirstPayVault/checkbox_TaxExempt"), PageLoadTime): utilities.SafeActions.safeCheckForElement is PASSED&#xD;
&#xD;
2019-11-04 07:29:31 - [MESSAGE][PASSED] - Object 'Object Repository/Pages/FirstPayVault/checkbox_TaxExempt' is present&#xD;
&#xD;
2019-11-04 07:29:31 - [MESSAGE][PASSED] - Object 'Object Repository/Pages/FirstPayVault/checkbox_TaxExempt' is visible&#xD;
&#xD;
2019-11-04 07:29:31 - [MESSAGE][PASSED] - Object 'Object Repository/Pages/FirstPayVault/checkbox_TaxExempt' is present&#xD;
&#xD;
2019-11-04 07:29:32 - [MESSAGE][PASSED] - Object 'Object Repository/Pages/FirstPayVault/checkbox_TaxExempt' is checked&#xD;
&#xD;
2019-11-04 07:29:32 - [MESSAGE][PASSED] - utilities.SafeActions.safeCheckForElement is PASSED&#xD;
&#xD;
2019-11-04 07:29:32 - [TEST_STEP][PASSED] - utilities.SafeActions.safeClickwithScroll(findTestObject("Pages/FirstPayVault/button_Checkout"), "Click on Checkout", [PageLoadTime]): utilities.SafeActions.safeClickwithScroll is PASSED&#xD;
&#xD;
2019-11-04 07:29:32 - [MESSAGE][PASSED] - Object 'Object Repository/Pages/FirstPayVault/button_Checkout' is present&#xD;
&#xD;
2019-11-04 07:29:32 - [MESSAGE][PASSED] - Object 'Object Repository/Pages/FirstPayVault/button_Checkout' is visible&#xD;
&#xD;
2019-11-04 07:29:32 - [MESSAGE][INFO] - 1stPayVault_TestSuite.ts:waiting until Click on Checkout is Clickable&#xD;
&#xD;
2019-11-04 07:29:32 - [MESSAGE][PASSED] - Object 'Object Repository/Pages/FirstPayVault/button_Checkout' is clickable&#xD;
&#xD;
2019-11-04 07:29:32 - [MESSAGE][PASSED] - Object 'Object Repository/Pages/FirstPayVault/button_Checkout' is visible&#xD;
&#xD;
2019-11-04 07:29:33 - [MESSAGE][PASSED] - Object: 'Object Repository/Pages/FirstPayVault/button_Checkout' is clicked on&#xD;
&#xD;
2019-11-04 07:29:33 - [MESSAGE][INFO] - 1stPayVault_TestSuite.ts: Clicked on the Click on Checkout&#xD;
&#xD;
2019-11-04 07:29:33 - [MESSAGE][PASSED] - utilities.SafeActions.safeClickwithScroll is PASSED&#xD;
&#xD;
2019-11-04 07:29:33 - [TEST_STEP][PASSED] - pages.Sale.verifyTransactionCompletePage(findTestObject("Pages/Sale/heading_TransactionComplete")): The screen is Transaction Complete screen&#xD;
&#xD;
2019-11-04 07:29:33 - [MESSAGE][PASSED] - Object 'Object Repository/Pages/Sale/heading_TransactionComplete' is present&#xD;
&#xD;
2019-11-04 07:29:34 - [MESSAGE][PASSED] - The screen is Transaction Complete screen&#xD;
&#xD;
2019-11-04 07:29:34 - [TEST_STEP][PASSED] - utilities.SafeActions.safeClickWithoutScroll(findTestObject("Pages/FirstPayVault/button_ReturnToSale_InTransactionComplete"), "Click On Return Button", [PageLoadTime]): utilities.SafeActions.safeClickWithoutScroll is PASSED&#xD;
&#xD;
2019-11-04 07:29:34 - [MESSAGE][INFO] - Safe Click Without scroll&#xD;
&#xD;
2019-11-04 07:29:34 - [MESSAGE][INFO] - 1stPayVault_TestSuite.ts:waiting until Click On Return Button is Clickable&#xD;
&#xD;
2019-11-04 07:29:34 - [MESSAGE][PASSED] - Object 'Object Repository/Pages/FirstPayVault/button_ReturnToSale_InTransactionComplete' is clickable&#xD;
&#xD;
2019-11-04 07:29:34 - [MESSAGE][PASSED] - Object 'Object Repository/Pages/FirstPayVault/button_ReturnToSale_InTransactionComplete' is visible&#xD;
&#xD;
2019-11-04 07:29:36 - [MESSAGE][PASSED] - Object: 'Object Repository/Pages/FirstPayVault/button_ReturnToSale_InTransactionComplete' is clicked on&#xD;
&#xD;
2019-11-04 07:29:36 - [MESSAGE][INFO] - 1stPayVault_TestSuite.ts: click on the Click On Return Button&#xD;
&#xD;
2019-11-04 07:29:36 - [MESSAGE][PASSED] - utilities.SafeActions.safeClickWithoutScroll is PASSED&#xD;
&#xD;
2019-11-04 07:29:36 - [TEST_STEP][PASSED] - utilities.SafeActions.safeClickWithoutScroll(findTestObject("Pages/FirstPayVault/tab_FirstPayVault"), "Click on FirstPayVault tab", [PageLoadTime]): utilities.SafeActions.safeClickWithoutScroll is PASSED&#xD;
&#xD;
2019-11-04 07:29:36 - [MESSAGE][INFO] - Safe Click Without scroll&#xD;
&#xD;
2019-11-04 07:29:36 - [MESSAGE][INFO] - 1stPayVault_TestSuite.ts:waiting until Click on FirstPayVault tab is Clickable&#xD;
&#xD;
2019-11-04 07:29:36 - [MESSAGE][PASSED] - Object 'Object Repository/Pages/FirstPayVault/tab_FirstPayVault' is clickable&#xD;
&#xD;
2019-11-04 07:29:36 - [MESSAGE][PASSED] - Object 'Object Repository/Pages/FirstPayVault/tab_FirstPayVault' is visible&#xD;
&#xD;
2019-11-04 07:29:37 - [MESSAGE][PASSED] - Object: 'Object Repository/Pages/FirstPayVault/tab_FirstPayVault' is clicked on&#xD;
&#xD;
2019-11-04 07:29:37 - [MESSAGE][INFO] - 1stPayVault_TestSuite.ts: click on the Click on FirstPayVault tab&#xD;
&#xD;
2019-11-04 07:29:37 - [MESSAGE][PASSED] - utilities.SafeActions.safeClickWithoutScroll is PASSED&#xD;
&#xD;
2019-11-04 07:29:37 - [TEST_STEP][PASSED] - utilities.SafeActions.safeClickwithScroll(findTestObject("Pages/FirstPayVault/button_SearchVault"), "Click on Search Vault", [PageLoadTime]): utilities.SafeActions.safeClickwithScroll is PASSED&#xD;
&#xD;
2019-11-04 07:29:37 - [MESSAGE][PASSED] - Object 'Object Repository/Pages/FirstPayVault/button_SearchVault' is present&#xD;
&#xD;
2019-11-04 07:29:37 - [MESSAGE][PASSED] - Object 'Object Repository/Pages/FirstPayVault/button_SearchVault' is visible&#xD;
&#xD;
2019-11-04 07:29:37 - [MESSAGE][INFO] - 1stPayVault_TestSuite.ts:waiting until Click on Search Vault is Clickable&#xD;
&#xD;
2019-11-04 07:29:37 - [MESSAGE][PASSED] - Object 'Object Repository/Pages/FirstPayVault/button_SearchVault' is clickable&#xD;
&#xD;
2019-11-04 07:29:37 - [MESSAGE][PASSED] - Object 'Object Repository/Pages/FirstPayVault/button_SearchVault' is visible&#xD;
&#xD;
2019-11-04 07:29:38 - [MESSAGE][PASSED] - Object: 'Object Repository/Pages/FirstPayVault/button_SearchVault' is clicked on&#xD;
&#xD;
2019-11-04 07:29:38 - [MESSAGE][INFO] - 1stPayVault_TestSuite.ts: Clicked on the Click on Search Vault&#xD;
&#xD;
2019-11-04 07:29:38 - [MESSAGE][PASSED] - utilities.SafeActions.safeClickwithScroll is PASSED&#xD;
&#xD;
2019-11-04 07:29:38 - [TEST_STEP][PASSED] - utilities.SafeActions.safeClickWithoutScroll(findTestObject("Pages/FirstPayVault/button_Search"), "Click On Search button", [PageLoadTime]): utilities.SafeActions.safeClickWithoutScroll is PASSED&#xD;
&#xD;
2019-11-04 07:29:39 - [MESSAGE][INFO] - Safe Click Without scroll&#xD;
&#xD;
2019-11-04 07:29:39 - [MESSAGE][INFO] - 1stPayVault_TestSuite.ts:waiting until Click On Search button is Clickable&#xD;
&#xD;
2019-11-04 07:29:39 - [MESSAGE][PASSED] - Object 'Object Repository/Pages/FirstPayVault/button_Search' is clickable&#xD;
&#xD;
2019-11-04 07:29:39 - [MESSAGE][PASSED] - Object 'Object Repository/Pages/FirstPayVault/button_Search' is visible&#xD;
&#xD;
2019-11-04 07:29:40 - [MESSAGE][PASSED] - Object: 'Object Repository/Pages/FirstPayVault/button_Search' is clicked on&#xD;
&#xD;
2019-11-04 07:29:40 - [MESSAGE][INFO] - 1stPayVault_TestSuite.ts: click on the Click On Search button&#xD;
&#xD;
2019-11-04 07:29:40 - [MESSAGE][PASSED] - utilities.SafeActions.safeClickWithoutScroll is PASSED&#xD;
&#xD;
2019-11-04 07:29:40 - [TEST_STEP][PASSED] - scrollToElement(findTestObject("Pages/Transaction_Management/invoice_ForTransaction"), PageLoadTime): Scroll to object 'Object Repository/Pages/Transaction_Management/invoice_ForTransaction' successfully&#xD;
&#xD;
2019-11-04 07:29:43 - [MESSAGE][PASSED] - Scroll to object 'Object Repository/Pages/Transaction_Management/invoice_ForTransaction' successfully&#xD;
&#xD;
2019-11-04 07:29:43 - [TEST_STEP][PASSED] - pages.FirstPayVault.verifyInvoiceRecord(findTestObject("Pages/FirstPayVault/footer_NextButton"), findTestObject("Pages/FirstPayVault/page_Number"), vaultReference): The Vault is found in page 1&#xD;
&#xD;
2019-11-04 07:29:43 - [MESSAGE][PASSED] - Text of object 'Object Repository/Pages/FirstPayVault/page_Number' is: 'Page 1 of 45'&#xD;
&#xD;
2019-11-04 07:29:43 - [MESSAGE][PASSED] - The Vault is found in page 1&#xD;
&#xD;
2019-11-04 07:29:44 - [TEST_STEP][PASSED] - pages.FirstPayVault.clickOnEdit(findTestObject("Pages/FirstPayVault/footer_NextButton"), findTestObject("Pages/FirstPayVault/page_Number"), vaultReference): Delayed 6 second(s)&#xD;
&#xD;
2019-11-04 07:29:45 - [MESSAGE][PASSED] - Text of object 'Object Repository/Pages/FirstPayVault/page_Number' is: 'Page 1 of 45'&#xD;
&#xD;
2019-11-04 07:29:45 - [MESSAGE][PASSED] - The Vault is found in page 1&#xD;
&#xD;
2019-11-04 07:29:51 - [MESSAGE][PASSED] - Delayed 6 second(s)&#xD;
&#xD;
2019-11-04 07:29:54 - [TEST_STEP][PASSED] - scrollToElement(findTestObject("Pages/FirstPayVault/dropDownExpirationMonthForVerification"), delayBetweenTestSteps): Scroll to object 'Object Repository/Pages/FirstPayVault/dropDownExpirationMonthForVerification' successfully&#xD;
&#xD;
2019-11-04 07:29:54 - [MESSAGE][PASSED] - Scroll to object 'Object Repository/Pages/FirstPayVault/dropDownExpirationMonthForVerification' successfully&#xD;
&#xD;
2019-11-04 07:29:54 - [TEST_STEP][PASSED] - utilities.SafeActions.safeSelectOptionInDropDownByVisibleText(findTestObject("Pages/FirstPayVault/dropDownExpirationMonthForVerification"), cardMonthUpdate, "Update expiration Month", [PageLoadTime]): utilities.SafeActions.safeSelectOptionInDropDownByVisibleText is PASSED&#xD;
&#xD;
2019-11-04 07:29:54 - [MESSAGE][PASSED] - Object 'Object Repository/Pages/FirstPayVault/dropDownExpirationMonthForVerification' is visible&#xD;
&#xD;
2019-11-04 07:29:54 - [MESSAGE][PASSED] - Object 'Object Repository/Pages/FirstPayVault/dropDownExpirationMonthForVerification' is present&#xD;
&#xD;
2019-11-04 07:29:55 - [MESSAGE][PASSED] - Object: 'Object Repository/Pages/FirstPayVault/dropDownExpirationMonthForVerification' is clicked on&#xD;
&#xD;
2019-11-04 07:29:56 - [MESSAGE][PASSED] - All options with label 'October' are selected in object 'Object Repository/Pages/FirstPayVault/dropDownExpirationMonthForVerification' &#xD;
&#xD;
2019-11-04 07:29:56 - [MESSAGE][PASSED] - utilities.SafeActions.safeSelectOptionInDropDownByVisibleText is PASSED&#xD;
&#xD;
2019-11-04 07:29:56 - [TEST_STEP][PASSED] - utilities.SafeActions.safeCheckForElement(findTestObject("Pages/FirstPayVault/chekBox_AddShippingInformation"), PageLoadTime): utilities.SafeActions.safeCheckForElement is PASSED&#xD;
&#xD;
2019-11-04 07:29:56 - [MESSAGE][PASSED] - Object 'Object Repository/Pages/FirstPayVault/chekBox_AddShippingInformation' is present&#xD;
&#xD;
2019-11-04 07:29:56 - [MESSAGE][PASSED] - Object 'Object Repository/Pages/FirstPayVault/chekBox_AddShippingInformation' is visible&#xD;
&#xD;
2019-11-04 07:29:56 - [MESSAGE][PASSED] - Object 'Object Repository/Pages/FirstPayVault/chekBox_AddShippingInformation' is present&#xD;
&#xD;
2019-11-04 07:29:57 - [MESSAGE][PASSED] - Object 'Object Repository/Pages/FirstPayVault/chekBox_AddShippingInformation' is checked&#xD;
&#xD;
2019-11-04 07:29:57 - [MESSAGE][PASSED] - utilities.SafeActions.safeCheckForElement is PASSED&#xD;
&#xD;
2019-11-04 07:29:57 - [TEST_STEP][PASSED] - utilities.SafeActions.safeType(findTestObject("Pages/FirstPayVault/input_ShippingMethod"), shippingMethod, "Enter Shipping Method", [PageLoadTime]): utilities.SafeActions.safeType is PASSED&#xD;
&#xD;
2019-11-04 07:29:57 - [MESSAGE][PASSED] - Object 'Object Repository/Pages/FirstPayVault/input_ShippingMethod' is present&#xD;
&#xD;
2019-11-04 07:29:57 - [MESSAGE][PASSED] - Object 'Object Repository/Pages/FirstPayVault/input_ShippingMethod' is present&#xD;
&#xD;
2019-11-04 07:29:58 - [MESSAGE][PASSED] - Object: 'Object Repository/Pages/FirstPayVault/input_ShippingMethod' is clicked on&#xD;
&#xD;
2019-11-04 07:29:58 - [MESSAGE][PASSED] - Text 'DTDC' is set on object 'Object Repository/Pages/FirstPayVault/input_ShippingMethod'&#xD;
&#xD;
2019-11-04 07:29:58 - [MESSAGE][PASSED] - utilities.SafeActions.safeType is PASSED&#xD;
&#xD;
2019-11-04 07:29:58 - [TEST_STEP][PASSED] - utilities.SafeActions.safeCheckForElement(findTestObject("Pages/FirstPayVault/checkbox_SameAsBillingInformation"), PageLoadTime): utilities.SafeActions.safeCheckForElement is PASSED&#xD;
&#xD;
2019-11-04 07:29:58 - [MESSAGE][PASSED] - Object 'Object Repository/Pages/FirstPayVault/checkbox_SameAsBillingInformation' is present&#xD;
&#xD;
2019-11-04 07:29:58 - [MESSAGE][PASSED] - Object 'Object Repository/Pages/FirstPayVault/checkbox_SameAsBillingInformation' is visible&#xD;
&#xD;
2019-11-04 07:29:58 - [MESSAGE][PASSED] - Object 'Object Repository/Pages/FirstPayVault/checkbox_SameAsBillingInformation' is present&#xD;
&#xD;
2019-11-04 07:29:59 - [MESSAGE][PASSED] - Object 'Object Repository/Pages/FirstPayVault/checkbox_SameAsBillingInformation' is checked&#xD;
&#xD;
2019-11-04 07:29:59 - [MESSAGE][PASSED] - utilities.SafeActions.safeCheckForElement is PASSED&#xD;
&#xD;
2019-11-04 07:29:59 - [TEST_STEP][PASSED] - scrollToElement(findTestObject("Pages/FirstPayVault/button_Update"), delayBetweenTestSteps): Scroll to object 'Object Repository/Pages/FirstPayVault/button_Update' successfully&#xD;
&#xD;
2019-11-04 07:29:59 - [MESSAGE][PASSED] - Scroll to object 'Object Repository/Pages/FirstPayVault/button_Update' successfully&#xD;
&#xD;
2019-11-04 07:29:59 - [TEST_STEP][PASSED] - utilities.SafeActions.safeClickwithScroll(findTestObject("Pages/FirstPayVault/button_Update"), "Click On Update", [delayBetweenTestSteps]): utilities.SafeActions.safeClickwithScroll is PASSED&#xD;
&#xD;
2019-11-04 07:29:59 - [MESSAGE][PASSED] - Object 'Object Repository/Pages/FirstPayVault/button_Update' is present&#xD;
&#xD;
2019-11-04 07:29:59 - [MESSAGE][PASSED] - Object 'Object Repository/Pages/FirstPayVault/button_Update' is visible&#xD;
&#xD;
2019-11-04 07:29:59 - [MESSAGE][INFO] - 1stPayVault_TestSuite.ts:waiting until Click On Update is Clickable&#xD;
&#xD;
2019-11-04 07:29:59 - [MESSAGE][PASSED] - Object 'Object Repository/Pages/FirstPayVault/button_Update' is clickable&#xD;
&#xD;
2019-11-04 07:29:59 - [MESSAGE][PASSED] - Object 'Object Repository/Pages/FirstPayVault/button_Update' is visible&#xD;
&#xD;
2019-11-04 07:30:00 - [MESSAGE][PASSED] - Object: 'Object Repository/Pages/FirstPayVault/button_Update' is clicked on&#xD;
&#xD;
2019-11-04 07:30:00 - [MESSAGE][INFO] - 1stPayVault_TestSuite.ts: Clicked on the Click On Update&#xD;
&#xD;
2019-11-04 07:30:00 - [MESSAGE][PASSED] - utilities.SafeActions.safeClickwithScroll is PASSED&#xD;
&#xD;
2019-11-04 07:30:00 - [TEST_STEP][PASSED] - delay(2): Delayed 2 second(s)&#xD;
&#xD;
2019-11-04 07:30:02 - [MESSAGE][PASSED] - Delayed 2 second(s)&#xD;
&#xD;
2019-11-04 07:30:02 - [TEST_STEP][PASSED] - popupUpdatedToVaultMessage = utilities.SafeActions.safeGetText(findTestObject("Pages/FirstPayVault/popup_SavedToVaultMessage"), PageLoadTime): utilities.SafeActions.safeGetText is PASSED&#xD;
&#xD;
2019-11-04 07:30:03 - [MESSAGE][PASSED] - Object 'Object Repository/Pages/FirstPayVault/popup_SavedToVaultMessage' is present&#xD;
&#xD;
2019-11-04 07:30:03 - [MESSAGE][PASSED] - Scroll to object 'Object Repository/Pages/FirstPayVault/popup_SavedToVaultMessage' successfully&#xD;
&#xD;
2019-11-04 07:30:03 - [MESSAGE][PASSED] - Object 'Object Repository/Pages/FirstPayVault/popup_SavedToVaultMessage' is present&#xD;
&#xD;
2019-11-04 07:30:04 - [MESSAGE][PASSED] - Text of object 'Object Repository/Pages/FirstPayVault/popup_SavedToVaultMessage' is: 'Successfully Saved to Vault'&#xD;
&#xD;
2019-11-04 07:30:04 - [MESSAGE][PASSED] - utilities.SafeActions.safeGetText is PASSED&#xD;
&#xD;
2019-11-04 07:30:04 - [TEST_STEP][PASSED] - flag = utilities.SafeActions.verifyPopupMessage("Successfully Saved to Vault", popupUpdatedToVaultMessage): Popup Message : Successfully Saved to Vault matched with expected message : Successfully Saved to Vault&#xD;
&#xD;
2019-11-04 07:30:04 - [MESSAGE][PASSED] - Popup Message : Successfully Saved to Vault matched with expected message : Successfully Saved to Vault&#xD;
&#xD;
2019-11-04 07:30:04 - [TEST_STEP][PASSED] - closeBrowser(): Browser is closed&#xD;
&#xD;
2019-11-04 07:30:09 - [MESSAGE][PASSED] - Browser is closed&#xD;
&#xD;
2019-11-04 07:30:09 - [TEST_STEP][PASSED] - Start listener action : sampleAfterTestCase: null&#xD;
&#xD;
2019-11-04 07:30:09 - [TEST_STEP][PASSED] - println(testCaseContext.getTestCaseId()): null&#xD;
&#xD;
2019-11-04 07:30:09 - [TEST_STEP][PASSED] - println(testCaseContext.getTestCaseStatus()): null&#xD;
&#xD;
2019-11-04 07:30:09 - [TEST_STEP][PASSED] - testCaseName = testCaseContext.getTestCaseId(): null&#xD;
&#xD;
2019-11-04 07:30:09 - [TEST_STEP][PASSED] - strCount = testCaseName.lastIndexOf("/"): null&#xD;
&#xD;
2019-11-04 07:30:09 - [TEST_STEP][PASSED] - testCaseName = testCaseName.substring(strCount): null&#xD;
&#xD;
2019-11-04 07:30:09 - [TEST_STEP][PASSED] - println(testCaseName): null&#xD;
&#xD;
2019-11-04 07:30:09 - [TEST_STEP][PASSED] - if (getTestCaseStatus().equalsIgnoreCase("Error")): null&#xD;
&#xD;
2019-11-04 07:30:09 - [TEST_STEP][PASSED] - Start listener action : sampleAfterTestCase: null</system-out>
            <system-err></system-err>
        </testcase>
        <testcase name="Test Cases/FirstView/FirstPayVault/VPOS_1stPayVault_DeleteVault_By_Clicking_Delete_on_SearchedVault_Retail" classname="Test Cases/FirstView/FirstPayVault/VPOS_1stPayVault_DeleteVault_By_Clicking_Delete_on_SearchedVault_Retail" status="PASSED">
            <system-out>2019-11-04 07:30:09 - [TEST_CASE][PASSED] - Test Cases/FirstView/FirstPayVault/VPOS_1stPayVault_DeleteVault_By_Clicking_Delete_on_SearchedVault_Retail: Test Cases/FirstView/FirstPayVault/VPOS_1stPayVault_DeleteVault_By_Clicking_Delete_on_SearchedVault_Retail&#xD;
&#xD;
2019-11-04 07:30:10 - [TEST_STEP][PASSED] - Start listener action : sampleBeforeTestCase: null&#xD;
&#xD;
2019-11-04 07:30:10 - [TEST_STEP][PASSED] - println(testCaseContext.getTestCaseId()): null&#xD;
&#xD;
2019-11-04 07:30:10 - [TEST_STEP][PASSED] - println(testCaseContext.getTestCaseVariables()): null&#xD;
&#xD;
2019-11-04 07:30:11 - [TEST_STEP][PASSED] - utilities.SafeActions.openBrowser(URL, [PageLoadTime]): utilities.SafeActions.openBrowser is PASSED&#xD;
&#xD;
2019-11-04 07:30:11 - [MESSAGE][INFO] - Opening Browser&#xD;
&#xD;
2019-11-04 07:30:11 - [MESSAGE][INFO] - Starting 'Firefox' driver&#xD;
&#xD;
2019-11-04 07:30:23 - [MESSAGE][PASSED] - Browser is opened with url: 'https://q-www-firstview-net.faps.net/MVC/Account/Login'&#xD;
&#xD;
2019-11-04 07:30:23 - [MESSAGE][PASSED] - Current window maximized&#xD;
&#xD;
2019-11-04 07:30:23 - [MESSAGE][INFO] - Browser Launched Successfully&#xD;
&#xD;
2019-11-04 07:30:23 - [MESSAGE][PASSED] - utilities.SafeActions.openBrowser is PASSED&#xD;
&#xD;
2019-11-04 07:30:23 - [TEST_STEP][PASSED] - pages.Login.login(uName, password): pages.Login.login is PASSED&#xD;
&#xD;
2019-11-04 07:30:23 - [MESSAGE][PASSED] - Object 'Object Repository/Pages/Login/userName' is present&#xD;
&#xD;
2019-11-04 07:30:23 - [MESSAGE][PASSED] - Object 'Object Repository/Pages/Login/userName' is present&#xD;
&#xD;
2019-11-04 07:30:24 - [MESSAGE][PASSED] - Object: 'Object Repository/Pages/Login/userName' is clicked on&#xD;
&#xD;
2019-11-04 07:30:24 - [MESSAGE][PASSED] - Text 'ZenQRetail' is set on object 'Object Repository/Pages/Login/userName'&#xD;
&#xD;
2019-11-04 07:30:24 - [MESSAGE][PASSED] - Object 'Object Repository/Pages/Login/password' is present&#xD;
&#xD;
2019-11-04 07:30:24 - [MESSAGE][PASSED] - Object 'Object Repository/Pages/Login/password' is present&#xD;
&#xD;
2019-11-04 07:30:25 - [MESSAGE][PASSED] - Object: 'Object Repository/Pages/Login/password' is clicked on&#xD;
&#xD;
2019-11-04 07:30:25 - [MESSAGE][PASSED] - Text 'P@ssword1' is set on object 'Object Repository/Pages/Login/password'&#xD;
&#xD;
2019-11-04 07:30:25 - [MESSAGE][INFO] - Safe Click Without scroll&#xD;
&#xD;
2019-11-04 07:30:25 - [MESSAGE][INFO] - 1stPayVault_TestSuite.ts:waiting until Click on Login is Clickable&#xD;
&#xD;
2019-11-04 07:30:26 - [MESSAGE][PASSED] - Object 'Object Repository/Pages/Login/login' is clickable&#xD;
&#xD;
2019-11-04 07:30:26 - [MESSAGE][PASSED] - Object 'Object Repository/Pages/Login/login' is visible&#xD;
&#xD;
2019-11-04 07:30:28 - [MESSAGE][PASSED] - Object: 'Object Repository/Pages/Login/login' is clicked on&#xD;
&#xD;
2019-11-04 07:30:28 - [MESSAGE][INFO] - 1stPayVault_TestSuite.ts: click on the Click on Login&#xD;
&#xD;
2019-11-04 07:30:28 - [MESSAGE][PASSED] - pages.Login.login is PASSED&#xD;
&#xD;
2019-11-04 07:30:28 - [TEST_STEP][PASSED] - callTestCase(findTestCase("FirstView/Login/TC_SendCode"), [:], STOP_ON_FAILURE): Call Test Case 'Test Cases/FirstView/Login/TC_SendCode' successfully&#xD;
&#xD;
2019-11-04 07:30:28 - [TEST_CASE][PASSED] - Test Cases/FirstView/Login/TC_SendCode: Test Cases/FirstView/Login/TC_SendCode&#xD;
&#xD;
2019-11-04 07:30:28 - [TEST_STEP][PASSED] - flag = pages.SendCode.verifyPage(): pages.SendCode.verifyPage is PASSED&#xD;
&#xD;
2019-11-04 07:30:29 - [MESSAGE][PASSED] - Object 'Object Repository/Pages/SendCodeToValidate/header_SendCodeToValidate' is present and visible in viewport&#xD;
&#xD;
2019-11-04 07:30:29 - [MESSAGE][PASSED] - pages.SendCode.verifyPage is PASSED&#xD;
&#xD;
2019-11-04 07:30:29 - [TEST_STEP][PASSED] - if (flag): pages.SendCode.clickonUserSettings is PASSED&#xD;
&#xD;
2019-11-04 07:30:29 - [TEST_STEP][PASSED] - pages.SendCode.clickonUserSettings(): pages.SendCode.clickonUserSettings is PASSED&#xD;
&#xD;
2019-11-04 07:30:29 - [MESSAGE][PASSED] - Object 'Object Repository/Pages/SendCodeToValidate/link_UserSettings' is present&#xD;
&#xD;
2019-11-04 07:30:29 - [MESSAGE][PASSED] - Object 'Object Repository/Pages/SendCodeToValidate/link_UserSettings' is visible&#xD;
&#xD;
2019-11-04 07:30:29 - [MESSAGE][INFO] - 1stPayVault_TestSuite.ts:waiting until Click on User Settings is Clickable&#xD;
&#xD;
2019-11-04 07:30:29 - [MESSAGE][PASSED] - Object 'Object Repository/Pages/SendCodeToValidate/link_UserSettings' is clickable&#xD;
&#xD;
2019-11-04 07:30:29 - [MESSAGE][PASSED] - Object 'Object Repository/Pages/SendCodeToValidate/link_UserSettings' is visible&#xD;
&#xD;
2019-11-04 07:30:31 - [MESSAGE][PASSED] - Object: 'Object Repository/Pages/SendCodeToValidate/link_UserSettings' is clicked on&#xD;
&#xD;
2019-11-04 07:30:31 - [MESSAGE][INFO] - 1stPayVault_TestSuite.ts: Clicked on the Click on User Settings&#xD;
&#xD;
2019-11-04 07:30:31 - [MESSAGE][PASSED] - pages.SendCode.clickonUserSettings is PASSED&#xD;
&#xD;
2019-11-04 07:30:31 - [MESSAGE][PASSED] - Call Test Case 'Test Cases/FirstView/Login/TC_SendCode' successfully&#xD;
&#xD;
2019-11-04 07:30:31 - [TEST_STEP][PASSED] - callTestCase(findTestCase("FirstView/Login/TC_FirstView"), [:], STOP_ON_FAILURE): Call Test Case 'Test Cases/FirstView/Login/TC_FirstView' successfully&#xD;
&#xD;
2019-11-04 07:30:32 - [TEST_CASE][PASSED] - Test Cases/FirstView/Login/TC_FirstView: Test Cases/FirstView/Login/TC_FirstView&#xD;
&#xD;
2019-11-04 07:30:32 - [TEST_STEP][NOT_RUN] - utilities.SafeActions.safeClickWithoutScroll(findTestObject("Pages/FirstView/link_Home"), "Click on Home button in First View screen", [PageLoadTime]): NOT_RUN: utilities.SafeActions.safeClickWithoutScroll(findTestObject("Pages/FirstView/link_Home"), "Click on Home button in First View screen", [PageLoadTime])&#xD;
&#xD;
2019-11-04 07:30:32 - [MESSAGE][NOT_RUN] - NOT_RUN: utilities.SafeActions.safeClickWithoutScroll(findTestObject("Pages/FirstView/link_Home"), "Click on Home button in First View screen", [PageLoadTime])&#xD;
&#xD;
2019-11-04 07:30:32 - [TEST_STEP][PASSED] - delay(3): Delayed 3 second(s)&#xD;
&#xD;
2019-11-04 07:30:35 - [MESSAGE][PASSED] - Delayed 3 second(s)&#xD;
&#xD;
2019-11-04 07:30:35 - [TEST_STEP][PASSED] - utilities.SafeActions.javascriptclick(findTestObject("Pages/FirstView/link_Home"), delayForElement): utilities.SafeActions.javascriptclick is PASSED&#xD;
&#xD;
2019-11-04 07:30:35 - [MESSAGE][PASSED] - utilities.SafeActions.javascriptclick is PASSED&#xD;
&#xD;
2019-11-04 07:30:35 - [TEST_STEP][PASSED] - utilities.SafeActions.safeClickWithoutScroll(findTestObject("Pages/FirstView/link_VPOS"), "Click on VPOS button in First View screen", [PageLoadTime]): utilities.SafeActions.safeClickWithoutScroll is PASSED&#xD;
&#xD;
2019-11-04 07:30:35 - [MESSAGE][INFO] - Safe Click Without scroll&#xD;
&#xD;
2019-11-04 07:30:35 - [MESSAGE][INFO] - 1stPayVault_TestSuite.ts:waiting until Click on VPOS button in First View screen is Clickable&#xD;
&#xD;
2019-11-04 07:30:37 - [MESSAGE][PASSED] - Object 'Object Repository/Pages/FirstView/link_VPOS' is clickable&#xD;
&#xD;
2019-11-04 07:30:37 - [MESSAGE][PASSED] - Object 'Object Repository/Pages/FirstView/link_VPOS' is visible&#xD;
&#xD;
2019-11-04 07:30:39 - [MESSAGE][PASSED] - Object: 'Object Repository/Pages/FirstView/link_VPOS' is clicked on&#xD;
&#xD;
2019-11-04 07:30:39 - [MESSAGE][INFO] - 1stPayVault_TestSuite.ts: click on the Click on VPOS button in First View screen&#xD;
&#xD;
2019-11-04 07:30:39 - [MESSAGE][PASSED] - utilities.SafeActions.safeClickWithoutScroll is PASSED&#xD;
&#xD;
2019-11-04 07:30:39 - [MESSAGE][PASSED] - Call Test Case 'Test Cases/FirstView/Login/TC_FirstView' successfully&#xD;
&#xD;
2019-11-04 07:30:39 - [TEST_STEP][PASSED] - switchToWindowTitle("Transcenter - VPOS"): Switched to window with title: 'Transcenter - VPOS'&#xD;
&#xD;
2019-11-04 07:30:42 - [MESSAGE][PASSED] - Switched to window with title: 'Transcenter - VPOS'&#xD;
&#xD;
2019-11-04 07:30:42 - [TEST_STEP][PASSED] - focus(findTestObject("Pages/FirstPayVault/tab_FirstPayVault")): Object: 'Object Repository/Pages/FirstPayVault/tab_FirstPayVault' is focused&#xD;
&#xD;
2019-11-04 07:30:46 - [MESSAGE][PASSED] - Object: 'Object Repository/Pages/FirstPayVault/tab_FirstPayVault' is focused&#xD;
&#xD;
2019-11-04 07:30:46 - [TEST_STEP][PASSED] - utilities.SafeActions.javascriptclick(findTestObject("Pages/FirstPayVault/tab_FirstPayVault"), PageLoadTime): utilities.SafeActions.javascriptclick is PASSED&#xD;
&#xD;
2019-11-04 07:30:46 - [MESSAGE][PASSED] - utilities.SafeActions.javascriptclick is PASSED&#xD;
&#xD;
2019-11-04 07:30:46 - [TEST_STEP][PASSED] - delay(2): Delayed 2 second(s)&#xD;
&#xD;
2019-11-04 07:30:48 - [MESSAGE][PASSED] - Delayed 2 second(s)&#xD;
&#xD;
2019-11-04 07:30:48 - [TEST_STEP][PASSED] - utilities.SafeActions.safeClickWithoutScroll(findTestObject("Pages/FirstPayVault/tab_FirstPayVault"), "Click on FistPayVault tab", [delayForElement]): utilities.SafeActions.safeClickWithoutScroll is PASSED&#xD;
&#xD;
2019-11-04 07:30:48 - [MESSAGE][INFO] - Safe Click Without scroll&#xD;
&#xD;
2019-11-04 07:30:48 - [MESSAGE][INFO] - 1stPayVault_TestSuite.ts:waiting until Click on FistPayVault tab is Clickable&#xD;
&#xD;
2019-11-04 07:30:48 - [MESSAGE][PASSED] - Object 'Object Repository/Pages/FirstPayVault/tab_FirstPayVault' is clickable&#xD;
&#xD;
2019-11-04 07:30:48 - [MESSAGE][PASSED] - Object 'Object Repository/Pages/FirstPayVault/tab_FirstPayVault' is visible&#xD;
&#xD;
2019-11-04 07:30:49 - [MESSAGE][PASSED] - Object: 'Object Repository/Pages/FirstPayVault/tab_FirstPayVault' is clicked on&#xD;
&#xD;
2019-11-04 07:30:49 - [MESSAGE][INFO] - 1stPayVault_TestSuite.ts: click on the Click on FistPayVault tab&#xD;
&#xD;
2019-11-04 07:30:49 - [MESSAGE][PASSED] - utilities.SafeActions.safeClickWithoutScroll is PASSED&#xD;
&#xD;
2019-11-04 07:30:49 - [TEST_STEP][PASSED] - utilities.SafeActions.safeClickWithoutScroll(findTestObject("Pages/FirstPayVault/button_CreateVault"), "Click on CreateVault button", [PageLoadTime]): utilities.SafeActions.safeClickWithoutScroll is PASSED&#xD;
&#xD;
2019-11-04 07:30:49 - [MESSAGE][INFO] - Safe Click Without scroll&#xD;
&#xD;
2019-11-04 07:30:49 - [MESSAGE][INFO] - 1stPayVault_TestSuite.ts:waiting until Click on CreateVault button is Clickable&#xD;
&#xD;
2019-11-04 07:30:49 - [MESSAGE][PASSED] - Object 'Object Repository/Pages/FirstPayVault/button_CreateVault' is clickable&#xD;
&#xD;
2019-11-04 07:30:49 - [MESSAGE][PASSED] - Object 'Object Repository/Pages/FirstPayVault/button_CreateVault' is visible&#xD;
&#xD;
2019-11-04 07:30:51 - [MESSAGE][PASSED] - Object: 'Object Repository/Pages/FirstPayVault/button_CreateVault' is clicked on&#xD;
&#xD;
2019-11-04 07:30:51 - [MESSAGE][INFO] - 1stPayVault_TestSuite.ts: click on the Click on CreateVault button&#xD;
&#xD;
2019-11-04 07:30:51 - [MESSAGE][PASSED] - utilities.SafeActions.safeClickWithoutScroll is PASSED&#xD;
&#xD;
2019-11-04 07:30:51 - [TEST_STEP][PASSED] - scrollToElement(findTestObject("Pages/FirstPayVault/input_VaultReferenceNumber"), PageLoadTime): Scroll to object 'Object Repository/Pages/FirstPayVault/input_VaultReferenceNumber' successfully&#xD;
&#xD;
2019-11-04 07:30:51 - [MESSAGE][PASSED] - Scroll to object 'Object Repository/Pages/FirstPayVault/input_VaultReferenceNumber' successfully&#xD;
&#xD;
2019-11-04 07:30:51 - [TEST_STEP][PASSED] - vaultReference = utilities.SafeActions.timeWithMilliSeconds(): utilities.SafeActions.timeWithMilliSeconds is PASSED&#xD;
&#xD;
2019-11-04 07:30:51 - [MESSAGE][PASSED] - utilities.SafeActions.timeWithMilliSeconds is PASSED&#xD;
&#xD;
2019-11-04 07:30:51 - [TEST_STEP][PASSED] - utilities.SafeActions.safeType(findTestObject("Pages/FirstPayVault/input_VaultReferenceNumber"), vaultReference, "Entering Vault Reference Number", [PageLoadTime]): utilities.SafeActions.safeType is PASSED&#xD;
&#xD;
2019-11-04 07:30:51 - [MESSAGE][PASSED] - Object 'Object Repository/Pages/FirstPayVault/input_VaultReferenceNumber' is present&#xD;
&#xD;
2019-11-04 07:30:51 - [MESSAGE][PASSED] - Object 'Object Repository/Pages/FirstPayVault/input_VaultReferenceNumber' is present&#xD;
&#xD;
2019-11-04 07:30:52 - [MESSAGE][PASSED] - Object: 'Object Repository/Pages/FirstPayVault/input_VaultReferenceNumber' is clicked on&#xD;
&#xD;
2019-11-04 07:30:52 - [MESSAGE][PASSED] - Text '2019-11-04 07:30:51.339' is set on object 'Object Repository/Pages/FirstPayVault/input_VaultReferenceNumber'&#xD;
&#xD;
2019-11-04 07:30:52 - [MESSAGE][PASSED] - utilities.SafeActions.safeType is PASSED&#xD;
&#xD;
2019-11-04 07:30:52 - [TEST_STEP][PASSED] - utilities.SafeActions.safeType(findTestObject("Pages/FirstPayVault/input_CreditCardNumber"), visaCardNumber, "Entering Card Number", [PageLoadTime]): utilities.SafeActions.safeType is PASSED&#xD;
&#xD;
2019-11-04 07:30:52 - [MESSAGE][PASSED] - Object 'Object Repository/Pages/FirstPayVault/input_CreditCardNumber' is present&#xD;
&#xD;
2019-11-04 07:30:52 - [MESSAGE][PASSED] - Object 'Object Repository/Pages/FirstPayVault/input_CreditCardNumber' is present&#xD;
&#xD;
2019-11-04 07:30:53 - [MESSAGE][PASSED] - Object: 'Object Repository/Pages/FirstPayVault/input_CreditCardNumber' is clicked on&#xD;
&#xD;
2019-11-04 07:30:54 - [MESSAGE][PASSED] - Text '4111111111111111' is set on object 'Object Repository/Pages/FirstPayVault/input_CreditCardNumber'&#xD;
&#xD;
2019-11-04 07:30:54 - [MESSAGE][PASSED] - utilities.SafeActions.safeType is PASSED&#xD;
&#xD;
2019-11-04 07:30:54 - [TEST_STEP][PASSED] - utilities.SafeActions.safeSelectOptionInDropDownByVisibleText(findTestObject("Pages/FirstPayVault/dropDown_ExpirationMonth"), cardMonth, "Expiration Month", [PageLoadTime]): utilities.SafeActions.safeSelectOptionInDropDownByVisibleText is PASSED&#xD;
&#xD;
2019-11-04 07:30:54 - [MESSAGE][PASSED] - Object 'Object Repository/Pages/FirstPayVault/dropDown_ExpirationMonth' is visible&#xD;
&#xD;
2019-11-04 07:30:54 - [MESSAGE][PASSED] - Object 'Object Repository/Pages/FirstPayVault/dropDown_ExpirationMonth' is present&#xD;
&#xD;
2019-11-04 07:30:55 - [MESSAGE][PASSED] - Object: 'Object Repository/Pages/FirstPayVault/dropDown_ExpirationMonth' is clicked on&#xD;
&#xD;
2019-11-04 07:30:55 - [MESSAGE][PASSED] - All options with label 'September' are selected in object 'Object Repository/Pages/FirstPayVault/dropDown_ExpirationMonth' &#xD;
&#xD;
2019-11-04 07:30:55 - [MESSAGE][PASSED] - utilities.SafeActions.safeSelectOptionInDropDownByVisibleText is PASSED&#xD;
&#xD;
2019-11-04 07:30:55 - [TEST_STEP][PASSED] - utilities.SafeActions.safeSelectOptionInDropDownByVisibleText(findTestObject("Pages/FirstPayVault/dropDown_ExpirationYear"), cardYear, "year", [PageLoadTime]): utilities.SafeActions.safeSelectOptionInDropDownByVisibleText is PASSED&#xD;
&#xD;
2019-11-04 07:30:55 - [MESSAGE][PASSED] - Object 'Object Repository/Pages/FirstPayVault/dropDown_ExpirationYear' is visible&#xD;
&#xD;
2019-11-04 07:30:55 - [MESSAGE][PASSED] - Object 'Object Repository/Pages/FirstPayVault/dropDown_ExpirationYear' is present&#xD;
&#xD;
2019-11-04 07:30:56 - [MESSAGE][PASSED] - Object: 'Object Repository/Pages/FirstPayVault/dropDown_ExpirationYear' is clicked on&#xD;
&#xD;
2019-11-04 07:30:57 - [MESSAGE][PASSED] - All options with label '2032' are selected in object 'Object Repository/Pages/FirstPayVault/dropDown_ExpirationYear' &#xD;
&#xD;
2019-11-04 07:30:57 - [MESSAGE][PASSED] - utilities.SafeActions.safeSelectOptionInDropDownByVisibleText is PASSED&#xD;
&#xD;
2019-11-04 07:30:57 - [TEST_STEP][PASSED] - utilities.SafeActions.safeType(findTestObject("Pages/FirstPayVault/input_ContactName"), customerName, "Enter Contact Name", [PageLoadTime]): utilities.SafeActions.safeType is PASSED&#xD;
&#xD;
2019-11-04 07:30:57 - [MESSAGE][PASSED] - Object 'Object Repository/Pages/FirstPayVault/input_ContactName' is present&#xD;
&#xD;
2019-11-04 07:30:57 - [MESSAGE][PASSED] - Object 'Object Repository/Pages/FirstPayVault/input_ContactName' is present&#xD;
&#xD;
2019-11-04 07:30:58 - [MESSAGE][PASSED] - Object: 'Object Repository/Pages/FirstPayVault/input_ContactName' is clicked on&#xD;
&#xD;
2019-11-04 07:30:58 - [MESSAGE][PASSED] - Text 'Venkata Sai' is set on object 'Object Repository/Pages/FirstPayVault/input_ContactName'&#xD;
&#xD;
2019-11-04 07:30:58 - [MESSAGE][PASSED] - utilities.SafeActions.safeType is PASSED&#xD;
&#xD;
2019-11-04 07:30:58 - [TEST_STEP][PASSED] - utilities.SafeActions.safeType(findTestObject("Pages/FirstPayVault/input_PostalCode"), postalCode, "Enter Postal Code", [PageLoadTime]): utilities.SafeActions.safeType is PASSED&#xD;
&#xD;
2019-11-04 07:30:58 - [MESSAGE][PASSED] - Object 'Object Repository/Pages/FirstPayVault/input_PostalCode' is present&#xD;
&#xD;
2019-11-04 07:30:58 - [MESSAGE][PASSED] - Object 'Object Repository/Pages/FirstPayVault/input_PostalCode' is present&#xD;
&#xD;
2019-11-04 07:30:59 - [MESSAGE][PASSED] - Object: 'Object Repository/Pages/FirstPayVault/input_PostalCode' is clicked on&#xD;
&#xD;
2019-11-04 07:30:59 - [MESSAGE][PASSED] - Text '76102' is set on object 'Object Repository/Pages/FirstPayVault/input_PostalCode'&#xD;
&#xD;
2019-11-04 07:30:59 - [MESSAGE][PASSED] - utilities.SafeActions.safeType is PASSED&#xD;
&#xD;
2019-11-04 07:30:59 - [TEST_STEP][PASSED] - utilities.SafeActions.safeType(findTestObject("Pages/FirstPayVault/input_Address"), address, "Enter ddress", [PageLoadTime]): utilities.SafeActions.safeType is PASSED&#xD;
&#xD;
2019-11-04 07:30:59 - [MESSAGE][PASSED] - Object 'Object Repository/Pages/FirstPayVault/input_Address' is present&#xD;
&#xD;
2019-11-04 07:30:59 - [MESSAGE][PASSED] - Object 'Object Repository/Pages/FirstPayVault/input_Address' is present&#xD;
&#xD;
2019-11-04 07:31:00 - [MESSAGE][PASSED] - Object: 'Object Repository/Pages/FirstPayVault/input_Address' is clicked on&#xD;
&#xD;
2019-11-04 07:31:00 - [MESSAGE][PASSED] - Text 'Street123' is set on object 'Object Repository/Pages/FirstPayVault/input_Address'&#xD;
&#xD;
2019-11-04 07:31:00 - [MESSAGE][PASSED] - utilities.SafeActions.safeType is PASSED&#xD;
&#xD;
2019-11-04 07:31:00 - [TEST_STEP][PASSED] - utilities.SafeActions.safeCheckForElement(findTestObject("Pages/FirstPayVault/chekBox_AddShippingInformation"), PageLoadTime): utilities.SafeActions.safeCheckForElement is PASSED&#xD;
&#xD;
2019-11-04 07:31:00 - [MESSAGE][PASSED] - Object 'Object Repository/Pages/FirstPayVault/chekBox_AddShippingInformation' is present&#xD;
&#xD;
2019-11-04 07:31:00 - [MESSAGE][PASSED] - Object 'Object Repository/Pages/FirstPayVault/chekBox_AddShippingInformation' is visible&#xD;
&#xD;
2019-11-04 07:31:00 - [MESSAGE][PASSED] - Object 'Object Repository/Pages/FirstPayVault/chekBox_AddShippingInformation' is present&#xD;
&#xD;
2019-11-04 07:31:01 - [MESSAGE][PASSED] - Object 'Object Repository/Pages/FirstPayVault/chekBox_AddShippingInformation' is checked&#xD;
&#xD;
2019-11-04 07:31:01 - [MESSAGE][PASSED] - utilities.SafeActions.safeCheckForElement is PASSED&#xD;
&#xD;
2019-11-04 07:31:01 - [TEST_STEP][PASSED] - utilities.SafeActions.safeType(findTestObject("Pages/FirstPayVault/input_ShippingMethod"), shippingMethod, "Enter Shipping Method", [PageLoadTime]): utilities.SafeActions.safeType is PASSED&#xD;
&#xD;
2019-11-04 07:31:01 - [MESSAGE][PASSED] - Object 'Object Repository/Pages/FirstPayVault/input_ShippingMethod' is present&#xD;
&#xD;
2019-11-04 07:31:01 - [MESSAGE][PASSED] - Object 'Object Repository/Pages/FirstPayVault/input_ShippingMethod' is present&#xD;
&#xD;
2019-11-04 07:31:02 - [MESSAGE][PASSED] - Object: 'Object Repository/Pages/FirstPayVault/input_ShippingMethod' is clicked on&#xD;
&#xD;
2019-11-04 07:31:02 - [MESSAGE][PASSED] - Text 'DTDC' is set on object 'Object Repository/Pages/FirstPayVault/input_ShippingMethod'&#xD;
&#xD;
2019-11-04 07:31:02 - [MESSAGE][PASSED] - utilities.SafeActions.safeType is PASSED&#xD;
&#xD;
2019-11-04 07:31:02 - [TEST_STEP][PASSED] - utilities.SafeActions.safeCheckForElement(findTestObject("Pages/FirstPayVault/checkbox_SameAsBillingInformation"), PageLoadTime): utilities.SafeActions.safeCheckForElement is PASSED&#xD;
&#xD;
2019-11-04 07:31:02 - [MESSAGE][PASSED] - Object 'Object Repository/Pages/FirstPayVault/checkbox_SameAsBillingInformation' is present&#xD;
&#xD;
2019-11-04 07:31:02 - [MESSAGE][PASSED] - Object 'Object Repository/Pages/FirstPayVault/checkbox_SameAsBillingInformation' is visible&#xD;
&#xD;
2019-11-04 07:31:02 - [MESSAGE][PASSED] - Object 'Object Repository/Pages/FirstPayVault/checkbox_SameAsBillingInformation' is present&#xD;
&#xD;
2019-11-04 07:31:03 - [MESSAGE][PASSED] - Object 'Object Repository/Pages/FirstPayVault/checkbox_SameAsBillingInformation' is checked&#xD;
&#xD;
2019-11-04 07:31:03 - [MESSAGE][PASSED] - utilities.SafeActions.safeCheckForElement is PASSED&#xD;
&#xD;
2019-11-04 07:31:03 - [TEST_STEP][PASSED] - utilities.SafeActions.safeClickwithScroll(findTestObject("Pages/FirstPayVault/button_Create"), "Click on Create Button", [PageLoadTime]): utilities.SafeActions.safeClickwithScroll is PASSED&#xD;
&#xD;
2019-11-04 07:31:04 - [MESSAGE][PASSED] - Object 'Object Repository/Pages/FirstPayVault/button_Create' is present&#xD;
&#xD;
2019-11-04 07:31:04 - [MESSAGE][PASSED] - Object 'Object Repository/Pages/FirstPayVault/button_Create' is visible&#xD;
&#xD;
2019-11-04 07:31:04 - [MESSAGE][INFO] - 1stPayVault_TestSuite.ts:waiting until Click on Create Button is Clickable&#xD;
&#xD;
2019-11-04 07:31:04 - [MESSAGE][PASSED] - Object 'Object Repository/Pages/FirstPayVault/button_Create' is clickable&#xD;
&#xD;
2019-11-04 07:31:04 - [MESSAGE][PASSED] - Object 'Object Repository/Pages/FirstPayVault/button_Create' is visible&#xD;
&#xD;
2019-11-04 07:31:05 - [MESSAGE][PASSED] - Object: 'Object Repository/Pages/FirstPayVault/button_Create' is clicked on&#xD;
&#xD;
2019-11-04 07:31:05 - [MESSAGE][INFO] - 1stPayVault_TestSuite.ts: Clicked on the Click on Create Button&#xD;
&#xD;
2019-11-04 07:31:05 - [MESSAGE][PASSED] - utilities.SafeActions.safeClickwithScroll is PASSED&#xD;
&#xD;
2019-11-04 07:31:05 - [TEST_STEP][PASSED] - popupSavedToVaultMessage = utilities.SafeActions.safeGetText(findTestObject("Pages/FirstPayVault/popup_SavedToVaultMessage"), PageLoadTime): utilities.SafeActions.safeGetText is PASSED&#xD;
&#xD;
2019-11-04 07:31:05 - [MESSAGE][PASSED] - Object 'Object Repository/Pages/FirstPayVault/popup_SavedToVaultMessage' is present&#xD;
&#xD;
2019-11-04 07:31:05 - [MESSAGE][PASSED] - Scroll to object 'Object Repository/Pages/FirstPayVault/popup_SavedToVaultMessage' successfully&#xD;
&#xD;
2019-11-04 07:31:06 - [MESSAGE][PASSED] - Object 'Object Repository/Pages/FirstPayVault/popup_SavedToVaultMessage' is present&#xD;
&#xD;
2019-11-04 07:31:06 - [MESSAGE][PASSED] - Text of object 'Object Repository/Pages/FirstPayVault/popup_SavedToVaultMessage' is: 'Successfully Saved to Vault'&#xD;
&#xD;
2019-11-04 07:31:06 - [MESSAGE][PASSED] - utilities.SafeActions.safeGetText is PASSED&#xD;
&#xD;
2019-11-04 07:31:06 - [TEST_STEP][PASSED] - flag = utilities.SafeActions.verifyPopupMessage("Successfully Saved to Vault", popupSavedToVaultMessage): Popup Message : Successfully Saved to Vault matched with expected message : Successfully Saved to Vault&#xD;
&#xD;
2019-11-04 07:31:06 - [MESSAGE][PASSED] - Popup Message : Successfully Saved to Vault matched with expected message : Successfully Saved to Vault&#xD;
&#xD;
2019-11-04 07:31:06 - [TEST_STEP][PASSED] - utilities.SafeActions.safeClickWithoutScroll(findTestObject("Pages/FirstPayVault/button_RunSaleWithThisVault_InPopup"), "Click on Run Sale With This Vault in Popup", [delayBetweenTestSteps]): utilities.SafeActions.safeClickWithoutScroll is PASSED&#xD;
&#xD;
2019-11-04 07:31:06 - [MESSAGE][INFO] - Safe Click Without scroll&#xD;
&#xD;
2019-11-04 07:31:06 - [MESSAGE][INFO] - 1stPayVault_TestSuite.ts:waiting until Click on Run Sale With This Vault in Popup is Clickable&#xD;
&#xD;
2019-11-04 07:31:06 - [MESSAGE][PASSED] - Object 'Object Repository/Pages/FirstPayVault/button_RunSaleWithThisVault_InPopup' is clickable&#xD;
&#xD;
2019-11-04 07:31:06 - [MESSAGE][PASSED] - Object 'Object Repository/Pages/FirstPayVault/button_RunSaleWithThisVault_InPopup' is visible&#xD;
&#xD;
2019-11-04 07:31:08 - [MESSAGE][PASSED] - Object: 'Object Repository/Pages/FirstPayVault/button_RunSaleWithThisVault_InPopup' is clicked on&#xD;
&#xD;
2019-11-04 07:31:08 - [MESSAGE][INFO] - 1stPayVault_TestSuite.ts: click on the Click on Run Sale With This Vault in Popup&#xD;
&#xD;
2019-11-04 07:31:08 - [MESSAGE][PASSED] - utilities.SafeActions.safeClickWithoutScroll is PASSED&#xD;
&#xD;
2019-11-04 07:31:08 - [TEST_STEP][PASSED] - value = utilities.SafeActions.getAttributeValue(findTestObject("Pages/FirstPayVault/tab_1stPayVault_Active"), "1st_PayVault"): The screen is 1st_PayVault screen&#xD;
&#xD;
2019-11-04 07:31:08 - [MESSAGE][PASSED] - Attribute 'class' of object 'Object Repository/Pages/FirstPayVault/tab_1stPayVault_Active' is: 'active_tab tabs__link'&#xD;
&#xD;
2019-11-04 07:31:08 - [MESSAGE][PASSED] - The screen is 1st_PayVault screen&#xD;
&#xD;
2019-11-04 07:31:08 - [TEST_STEP][PASSED] - scrollToElement(findTestObject("Pages/FirstPayVault/input_Amount"), PageLoadTime): Scroll to object 'Object Repository/Pages/FirstPayVault/input_Amount' successfully&#xD;
&#xD;
2019-11-04 07:31:08 - [MESSAGE][PASSED] - Scroll to object 'Object Repository/Pages/FirstPayVault/input_Amount' successfully&#xD;
&#xD;
2019-11-04 07:31:08 - [TEST_STEP][PASSED] - utilities.SafeActions.safeType(findTestObject("Pages/FirstPayVault/input_Amount"), amount, "Enter Amount", [PageLoadTime]): utilities.SafeActions.safeType is PASSED&#xD;
&#xD;
2019-11-04 07:31:09 - [MESSAGE][PASSED] - Object 'Object Repository/Pages/FirstPayVault/input_Amount' is present&#xD;
&#xD;
2019-11-04 07:31:09 - [MESSAGE][PASSED] - Object 'Object Repository/Pages/FirstPayVault/input_Amount' is present&#xD;
&#xD;
2019-11-04 07:31:10 - [MESSAGE][PASSED] - Object: 'Object Repository/Pages/FirstPayVault/input_Amount' is clicked on&#xD;
&#xD;
2019-11-04 07:31:10 - [MESSAGE][PASSED] - Text '450' is set on object 'Object Repository/Pages/FirstPayVault/input_Amount'&#xD;
&#xD;
2019-11-04 07:31:10 - [MESSAGE][PASSED] - utilities.SafeActions.safeType is PASSED&#xD;
&#xD;
2019-11-04 07:31:10 - [TEST_STEP][PASSED] - salesTax = utilities.SafeActions.safeGetText(findTestObject("Pages/FirstPayVault/input_SalesTaxUnderAmount"), delayBetweenTestSteps): utilities.SafeActions.safeGetText is PASSED&#xD;
&#xD;
2019-11-04 07:31:10 - [MESSAGE][PASSED] - Object 'Object Repository/Pages/FirstPayVault/input_SalesTaxUnderAmount' is present&#xD;
&#xD;
2019-11-04 07:31:10 - [MESSAGE][PASSED] - Scroll to object 'Object Repository/Pages/FirstPayVault/input_SalesTaxUnderAmount' successfully&#xD;
&#xD;
2019-11-04 07:31:10 - [MESSAGE][PASSED] - Object 'Object Repository/Pages/FirstPayVault/input_SalesTaxUnderAmount' is present&#xD;
&#xD;
2019-11-04 07:31:11 - [MESSAGE][PASSED] - Text of object 'Object Repository/Pages/FirstPayVault/input_SalesTaxUnderAmount' is: '$37.13'&#xD;
&#xD;
2019-11-04 07:31:11 - [MESSAGE][PASSED] - utilities.SafeActions.safeGetText is PASSED&#xD;
&#xD;
2019-11-04 07:31:11 - [TEST_STEP][PASSED] - pages.FirstPayVault.verifyAmountIsNotZero(salesTax): pages.FirstPayVault.verifyAmountIsNotZero is PASSED&#xD;
&#xD;
2019-11-04 07:31:11 - [MESSAGE][PASSED] - pages.FirstPayVault.verifyAmountIsNotZero is PASSED&#xD;
&#xD;
2019-11-04 07:31:11 - [TEST_STEP][PASSED] - scrollToElement(findTestObject("Pages/FirstPayVault/input_CreditCardNumberForVerification"), delayBetweenTestSteps): Scroll to object 'Object Repository/Pages/FirstPayVault/input_CreditCardNumberForVerification' successfully&#xD;
&#xD;
2019-11-04 07:31:11 - [MESSAGE][PASSED] - Scroll to object 'Object Repository/Pages/FirstPayVault/input_CreditCardNumberForVerification' successfully&#xD;
&#xD;
2019-11-04 07:31:11 - [TEST_STEP][PASSED] - cardNumber = utilities.SafeActions.getAttribute(findTestObject("Pages/FirstPayVault/input_CreditCardNumberForVerification"), "1st Pay Vault"): utilities.SafeActions.getAttribute is PASSED&#xD;
&#xD;
2019-11-04 07:31:12 - [MESSAGE][PASSED] - Attribute 'value' of object 'Object Repository/Pages/FirstPayVault/input_CreditCardNumberForVerification' is: '411111******1111'&#xD;
&#xD;
2019-11-04 07:31:12 - [MESSAGE][PASSED] - utilities.SafeActions.getAttribute is PASSED&#xD;
&#xD;
2019-11-04 07:31:12 - [TEST_STEP][PASSED] - pages.FirstPayVault.verifyCardNumber(cardNumber, visaCardNumber): Actual String : 4111111111111111 matched with Expected message : 411111******1111&#xD;
&#xD;
2019-11-04 07:31:12 - [MESSAGE][PASSED] - Actual String : 4111111111111111 matched with Expected message : 411111******1111&#xD;
&#xD;
2019-11-04 07:31:12 - [TEST_STEP][PASSED] - expirationYear = utilities.SafeActions.getAttribute(findTestObject("Pages/FirstPayVault/dropDownExpirationYearForVerification"), "1st Pay Vault"): utilities.SafeActions.getAttribute is PASSED&#xD;
&#xD;
2019-11-04 07:31:12 - [MESSAGE][PASSED] - Attribute 'value' of object 'Object Repository/Pages/FirstPayVault/dropDownExpirationYearForVerification' is: '2032'&#xD;
&#xD;
2019-11-04 07:31:12 - [MESSAGE][PASSED] - utilities.SafeActions.getAttribute is PASSED&#xD;
&#xD;
2019-11-04 07:31:12 - [TEST_STEP][PASSED] - pages.FirstPayVault.verifyStrings(expirationYear, cardYear): Actual String : 2032 matched with Expected message : 2032&#xD;
&#xD;
2019-11-04 07:31:12 - [MESSAGE][PASSED] - Actual String : 2032 matched with Expected message : 2032&#xD;
&#xD;
2019-11-04 07:31:12 - [TEST_STEP][PASSED] - scrollToElement(findTestObject("Pages/FirstPayVault/input_VerifyCardHolderName"), PageLoadTime): Scroll to object 'Object Repository/Pages/FirstPayVault/input_VerifyCardHolderName' successfully&#xD;
&#xD;
2019-11-04 07:31:12 - [MESSAGE][PASSED] - Scroll to object 'Object Repository/Pages/FirstPayVault/input_VerifyCardHolderName' successfully&#xD;
&#xD;
2019-11-04 07:31:12 - [TEST_STEP][PASSED] - name = utilities.SafeActions.getAttribute(findTestObject("Pages/FirstPayVault/input_VerifyCardHolderName"), "1stPayVault"): utilities.SafeActions.getAttribute is PASSED&#xD;
&#xD;
2019-11-04 07:31:12 - [MESSAGE][PASSED] - Attribute 'value' of object 'Object Repository/Pages/FirstPayVault/input_VerifyCardHolderName' is: 'Venkata Sai'&#xD;
&#xD;
2019-11-04 07:31:12 - [MESSAGE][PASSED] - utilities.SafeActions.getAttribute is PASSED&#xD;
&#xD;
2019-11-04 07:31:12 - [TEST_STEP][PASSED] - pages.FirstPayVault.verifyStrings(name, customerName): Actual String : Venkata Sai matched with Expected message : Venkata Sai&#xD;
&#xD;
2019-11-04 07:31:12 - [MESSAGE][PASSED] - Actual String : Venkata Sai matched with Expected message : Venkata Sai&#xD;
&#xD;
2019-11-04 07:31:12 - [TEST_STEP][PASSED] - scrollToElement(findTestObject("Pages/FirstPayVault/checkbox_TaxExempt"), PageLoadTime): Scroll to object 'Object Repository/Pages/FirstPayVault/checkbox_TaxExempt' successfully&#xD;
&#xD;
2019-11-04 07:31:12 - [MESSAGE][PASSED] - Scroll to object 'Object Repository/Pages/FirstPayVault/checkbox_TaxExempt' successfully&#xD;
&#xD;
2019-11-04 07:31:12 - [TEST_STEP][PASSED] - pages.FirstPayVault.verifyAmountIsNotZero(salesTax): pages.FirstPayVault.verifyAmountIsNotZero is PASSED&#xD;
&#xD;
2019-11-04 07:31:12 - [MESSAGE][PASSED] - pages.FirstPayVault.verifyAmountIsNotZero is PASSED&#xD;
&#xD;
2019-11-04 07:31:12 - [TEST_STEP][PASSED] - utilities.SafeActions.safeCheckForElement(findTestObject("Pages/FirstPayVault/checkbox_TaxExempt"), PageLoadTime): utilities.SafeActions.safeCheckForElement is PASSED&#xD;
&#xD;
2019-11-04 07:31:12 - [MESSAGE][PASSED] - Object 'Object Repository/Pages/FirstPayVault/checkbox_TaxExempt' is present&#xD;
&#xD;
2019-11-04 07:31:12 - [MESSAGE][PASSED] - Object 'Object Repository/Pages/FirstPayVault/checkbox_TaxExempt' is visible&#xD;
&#xD;
2019-11-04 07:31:12 - [MESSAGE][PASSED] - Object 'Object Repository/Pages/FirstPayVault/checkbox_TaxExempt' is present&#xD;
&#xD;
2019-11-04 07:31:13 - [MESSAGE][PASSED] - Object 'Object Repository/Pages/FirstPayVault/checkbox_TaxExempt' is checked&#xD;
&#xD;
2019-11-04 07:31:13 - [MESSAGE][PASSED] - utilities.SafeActions.safeCheckForElement is PASSED&#xD;
&#xD;
2019-11-04 07:31:13 - [TEST_STEP][PASSED] - utilities.SafeActions.safeClickwithScroll(findTestObject("Pages/FirstPayVault/button_Checkout"), "Click on Checkout", [PageLoadTime]): utilities.SafeActions.safeClickwithScroll is PASSED&#xD;
&#xD;
2019-11-04 07:31:13 - [MESSAGE][PASSED] - Object 'Object Repository/Pages/FirstPayVault/button_Checkout' is present&#xD;
&#xD;
2019-11-04 07:31:13 - [MESSAGE][PASSED] - Object 'Object Repository/Pages/FirstPayVault/button_Checkout' is visible&#xD;
&#xD;
2019-11-04 07:31:13 - [MESSAGE][INFO] - 1stPayVault_TestSuite.ts:waiting until Click on Checkout is Clickable&#xD;
&#xD;
2019-11-04 07:31:13 - [MESSAGE][PASSED] - Object 'Object Repository/Pages/FirstPayVault/button_Checkout' is clickable&#xD;
&#xD;
2019-11-04 07:31:13 - [MESSAGE][PASSED] - Object 'Object Repository/Pages/FirstPayVault/button_Checkout' is visible&#xD;
&#xD;
2019-11-04 07:31:14 - [MESSAGE][PASSED] - Object: 'Object Repository/Pages/FirstPayVault/button_Checkout' is clicked on&#xD;
&#xD;
2019-11-04 07:31:14 - [MESSAGE][INFO] - 1stPayVault_TestSuite.ts: Clicked on the Click on Checkout&#xD;
&#xD;
2019-11-04 07:31:14 - [MESSAGE][PASSED] - utilities.SafeActions.safeClickwithScroll is PASSED&#xD;
&#xD;
2019-11-04 07:31:14 - [TEST_STEP][PASSED] - pages.Sale.verifyTransactionCompletePage(findTestObject("Pages/Sale/heading_TransactionComplete")): The screen is Transaction Complete screen&#xD;
&#xD;
2019-11-04 07:31:15 - [MESSAGE][PASSED] - Object 'Object Repository/Pages/Sale/heading_TransactionComplete' is present&#xD;
&#xD;
2019-11-04 07:31:16 - [MESSAGE][PASSED] - The screen is Transaction Complete screen&#xD;
&#xD;
2019-11-04 07:31:16 - [TEST_STEP][PASSED] - utilities.SafeActions.safeClickWithoutScroll(findTestObject("Pages/FirstPayVault/button_ReturnToSale_InTransactionComplete"), "Click On Return Button", [PageLoadTime]): utilities.SafeActions.safeClickWithoutScroll is PASSED&#xD;
&#xD;
2019-11-04 07:31:16 - [MESSAGE][INFO] - Safe Click Without scroll&#xD;
&#xD;
2019-11-04 07:31:16 - [MESSAGE][INFO] - 1stPayVault_TestSuite.ts:waiting until Click On Return Button is Clickable&#xD;
&#xD;
2019-11-04 07:31:16 - [MESSAGE][PASSED] - Object 'Object Repository/Pages/FirstPayVault/button_ReturnToSale_InTransactionComplete' is clickable&#xD;
&#xD;
2019-11-04 07:31:16 - [MESSAGE][PASSED] - Object 'Object Repository/Pages/FirstPayVault/button_ReturnToSale_InTransactionComplete' is visible&#xD;
&#xD;
2019-11-04 07:31:17 - [MESSAGE][PASSED] - Object: 'Object Repository/Pages/FirstPayVault/button_ReturnToSale_InTransactionComplete' is clicked on&#xD;
&#xD;
2019-11-04 07:31:17 - [MESSAGE][INFO] - 1stPayVault_TestSuite.ts: click on the Click On Return Button&#xD;
&#xD;
2019-11-04 07:31:17 - [MESSAGE][PASSED] - utilities.SafeActions.safeClickWithoutScroll is PASSED&#xD;
&#xD;
2019-11-04 07:31:17 - [TEST_STEP][PASSED] - utilities.SafeActions.safeClickWithoutScroll(findTestObject("Pages/FirstPayVault/tab_FirstPayVault"), "Click on FirstPayVault tab", [PageLoadTime]): utilities.SafeActions.safeClickWithoutScroll is PASSED&#xD;
&#xD;
2019-11-04 07:31:17 - [MESSAGE][INFO] - Safe Click Without scroll&#xD;
&#xD;
2019-11-04 07:31:17 - [MESSAGE][INFO] - 1stPayVault_TestSuite.ts:waiting until Click on FirstPayVault tab is Clickable&#xD;
&#xD;
2019-11-04 07:31:17 - [MESSAGE][PASSED] - Object 'Object Repository/Pages/FirstPayVault/tab_FirstPayVault' is clickable&#xD;
&#xD;
2019-11-04 07:31:17 - [MESSAGE][PASSED] - Object 'Object Repository/Pages/FirstPayVault/tab_FirstPayVault' is visible&#xD;
&#xD;
2019-11-04 07:31:19 - [MESSAGE][PASSED] - Object: 'Object Repository/Pages/FirstPayVault/tab_FirstPayVault' is clicked on&#xD;
&#xD;
2019-11-04 07:31:19 - [MESSAGE][INFO] - 1stPayVault_TestSuite.ts: click on the Click on FirstPayVault tab&#xD;
&#xD;
2019-11-04 07:31:19 - [MESSAGE][PASSED] - utilities.SafeActions.safeClickWithoutScroll is PASSED&#xD;
&#xD;
2019-11-04 07:31:19 - [TEST_STEP][PASSED] - utilities.SafeActions.safeClickwithScroll(findTestObject("Pages/FirstPayVault/button_SearchVault"), "Click on Search Vault", [PageLoadTime]): utilities.SafeActions.safeClickwithScroll is PASSED&#xD;
&#xD;
2019-11-04 07:31:19 - [MESSAGE][PASSED] - Object 'Object Repository/Pages/FirstPayVault/button_SearchVault' is present&#xD;
&#xD;
2019-11-04 07:31:19 - [MESSAGE][PASSED] - Object 'Object Repository/Pages/FirstPayVault/button_SearchVault' is visible&#xD;
&#xD;
2019-11-04 07:31:19 - [MESSAGE][INFO] - 1stPayVault_TestSuite.ts:waiting until Click on Search Vault is Clickable&#xD;
&#xD;
2019-11-04 07:31:19 - [MESSAGE][PASSED] - Object 'Object Repository/Pages/FirstPayVault/button_SearchVault' is clickable&#xD;
&#xD;
2019-11-04 07:31:19 - [MESSAGE][PASSED] - Object 'Object Repository/Pages/FirstPayVault/button_SearchVault' is visible&#xD;
&#xD;
2019-11-04 07:31:20 - [MESSAGE][PASSED] - Object: 'Object Repository/Pages/FirstPayVault/button_SearchVault' is clicked on&#xD;
&#xD;
2019-11-04 07:31:20 - [MESSAGE][INFO] - 1stPayVault_TestSuite.ts: Clicked on the Click on Search Vault&#xD;
&#xD;
2019-11-04 07:31:20 - [MESSAGE][PASSED] - utilities.SafeActions.safeClickwithScroll is PASSED&#xD;
&#xD;
2019-11-04 07:31:20 - [TEST_STEP][PASSED] - utilities.SafeActions.safeClickWithoutScroll(findTestObject("Pages/FirstPayVault/button_Search"), "Click On Search button", [PageLoadTime]): utilities.SafeActions.safeClickWithoutScroll is PASSED&#xD;
&#xD;
2019-11-04 07:31:20 - [MESSAGE][INFO] - Safe Click Without scroll&#xD;
&#xD;
2019-11-04 07:31:20 - [MESSAGE][INFO] - 1stPayVault_TestSuite.ts:waiting until Click On Search button is Clickable&#xD;
&#xD;
2019-11-04 07:31:20 - [MESSAGE][PASSED] - Object 'Object Repository/Pages/FirstPayVault/button_Search' is clickable&#xD;
&#xD;
2019-11-04 07:31:20 - [MESSAGE][PASSED] - Object 'Object Repository/Pages/FirstPayVault/button_Search' is visible&#xD;
&#xD;
2019-11-04 07:31:21 - [MESSAGE][PASSED] - Object: 'Object Repository/Pages/FirstPayVault/button_Search' is clicked on&#xD;
&#xD;
2019-11-04 07:31:21 - [MESSAGE][INFO] - 1stPayVault_TestSuite.ts: click on the Click On Search button&#xD;
&#xD;
2019-11-04 07:31:21 - [MESSAGE][PASSED] - utilities.SafeActions.safeClickWithoutScroll is PASSED&#xD;
&#xD;
2019-11-04 07:31:21 - [TEST_STEP][PASSED] - scrollToElement(findTestObject("Pages/Transaction_Management/invoice_ForTransaction"), PageLoadTime): Scroll to object 'Object Repository/Pages/Transaction_Management/invoice_ForTransaction' successfully&#xD;
&#xD;
2019-11-04 07:31:25 - [MESSAGE][PASSED] - Scroll to object 'Object Repository/Pages/Transaction_Management/invoice_ForTransaction' successfully&#xD;
&#xD;
2019-11-04 07:31:25 - [TEST_STEP][PASSED] - pages.FirstPayVault.verifyInvoiceRecord(findTestObject("Pages/FirstPayVault/footer_NextButton"), findTestObject("Pages/FirstPayVault/page_Number"), vaultReference): The Vault is found in page 1&#xD;
&#xD;
2019-11-04 07:31:26 - [MESSAGE][PASSED] - Text of object 'Object Repository/Pages/FirstPayVault/page_Number' is: 'Page 1 of 45'&#xD;
&#xD;
2019-11-04 07:31:26 - [MESSAGE][PASSED] - The Vault is found in page 1&#xD;
&#xD;
2019-11-04 07:31:26 - [TEST_STEP][PASSED] - pages.FirstPayVault.clickOnDelete(findTestObject("Pages/FirstPayVault/footer_NextButton"), findTestObject("Pages/FirstPayVault/page_Number"), findTestObject("Pages/FirstPayVault/button_deleteFromVault"), vaultReference): Object: 'Object Repository/Pages/FirstPayVault/button_deleteFromVault' is clicked on&#xD;
&#xD;
2019-11-04 07:31:28 - [MESSAGE][PASSED] - Text of object 'Object Repository/Pages/FirstPayVault/page_Number' is: 'Page 1 of 45'&#xD;
&#xD;
2019-11-04 07:31:28 - [MESSAGE][PASSED] - The Vault is found in page 1&#xD;
&#xD;
2019-11-04 07:31:34 - [MESSAGE][PASSED] - Delayed 6 second(s)&#xD;
&#xD;
2019-11-04 07:31:39 - [MESSAGE][PASSED] - Delayed 4 second(s)&#xD;
&#xD;
2019-11-04 07:31:40 - [MESSAGE][PASSED] - Object: 'Object Repository/Pages/FirstPayVault/button_deleteFromVault' is clicked on&#xD;
&#xD;
2019-11-04 07:31:40 - [TEST_STEP][PASSED] - delay(2): Delayed 2 second(s)&#xD;
&#xD;
2019-11-04 07:31:42 - [MESSAGE][PASSED] - Delayed 2 second(s)&#xD;
&#xD;
2019-11-04 07:31:42 - [TEST_STEP][PASSED] - deleteVaultPopupMessage = utilities.SafeActions.safeGetText(findTestObject("Pages/FirstPayVault/alertMessageAfterDeleteVault"), delayBetweenTestSteps): utilities.SafeActions.safeGetText is PASSED&#xD;
&#xD;
2019-11-04 07:31:43 - [MESSAGE][PASSED] - Object 'Object Repository/Pages/FirstPayVault/alertMessageAfterDeleteVault' is present&#xD;
&#xD;
2019-11-04 07:31:43 - [MESSAGE][PASSED] - Scroll to object 'Object Repository/Pages/FirstPayVault/alertMessageAfterDeleteVault' successfully&#xD;
&#xD;
2019-11-04 07:31:43 - [MESSAGE][PASSED] - Object 'Object Repository/Pages/FirstPayVault/alertMessageAfterDeleteVault' is present&#xD;
&#xD;
2019-11-04 07:31:43 - [MESSAGE][PASSED] - Text of object 'Object Repository/Pages/FirstPayVault/alertMessageAfterDeleteVault' is: 'Vault Deletion successfully completed'&#xD;
&#xD;
2019-11-04 07:31:43 - [MESSAGE][PASSED] - utilities.SafeActions.safeGetText is PASSED&#xD;
&#xD;
2019-11-04 07:31:43 - [TEST_STEP][PASSED] - utilities.SafeActions.verifyPopupMessage("Vault Deletion successfully completed", deleteVaultPopupMessage): Popup Message : Vault Deletion successfully completed matched with expected message : Vault Deletion successfully completed&#xD;
&#xD;
2019-11-04 07:31:43 - [MESSAGE][PASSED] - Popup Message : Vault Deletion successfully completed matched with expected message : Vault Deletion successfully completed&#xD;
&#xD;
2019-11-04 07:31:43 - [TEST_STEP][PASSED] - utilities.SafeActions.safeClickWithoutScroll(findTestObject("Pages/FirstPayVault/closeLocatorForDeletePopupMessage"), "Click on Close button", [PageLoadTime]): utilities.SafeActions.safeClickWithoutScroll is PASSED&#xD;
&#xD;
2019-11-04 07:31:43 - [MESSAGE][INFO] - Safe Click Without scroll&#xD;
&#xD;
2019-11-04 07:31:43 - [MESSAGE][INFO] - 1stPayVault_TestSuite.ts:waiting until Click on Close button is Clickable&#xD;
&#xD;
2019-11-04 07:31:43 - [MESSAGE][PASSED] - Object 'Object Repository/Pages/FirstPayVault/closeLocatorForDeletePopupMessage' is clickable&#xD;
&#xD;
2019-11-04 07:31:44 - [MESSAGE][PASSED] - Object 'Object Repository/Pages/FirstPayVault/closeLocatorForDeletePopupMessage' is visible&#xD;
&#xD;
2019-11-04 07:31:45 - [MESSAGE][PASSED] - Object: 'Object Repository/Pages/FirstPayVault/closeLocatorForDeletePopupMessage' is clicked on&#xD;
&#xD;
2019-11-04 07:31:45 - [MESSAGE][INFO] - 1stPayVault_TestSuite.ts: click on the Click on Close button&#xD;
&#xD;
2019-11-04 07:31:45 - [MESSAGE][PASSED] - utilities.SafeActions.safeClickWithoutScroll is PASSED&#xD;
&#xD;
2019-11-04 07:31:45 - [TEST_STEP][PASSED] - closeBrowser(): Browser is closed&#xD;
&#xD;
2019-11-04 07:31:48 - [MESSAGE][PASSED] - Browser is closed&#xD;
&#xD;
2019-11-04 07:31:48 - [TEST_STEP][PASSED] - Start listener action : sampleAfterTestCase: null&#xD;
&#xD;
2019-11-04 07:31:48 - [TEST_STEP][PASSED] - println(testCaseContext.getTestCaseId()): null&#xD;
&#xD;
2019-11-04 07:31:48 - [TEST_STEP][PASSED] - println(testCaseContext.getTestCaseStatus()): null&#xD;
&#xD;
2019-11-04 07:31:48 - [TEST_STEP][PASSED] - testCaseName = testCaseContext.getTestCaseId(): null&#xD;
&#xD;
2019-11-04 07:31:48 - [TEST_STEP][PASSED] - strCount = testCaseName.lastIndexOf("/"): null&#xD;
&#xD;
2019-11-04 07:31:48 - [TEST_STEP][PASSED] - testCaseName = testCaseName.substring(strCount): null&#xD;
&#xD;
2019-11-04 07:31:48 - [TEST_STEP][PASSED] - println(testCaseName): null&#xD;
&#xD;
2019-11-04 07:31:48 - [TEST_STEP][PASSED] - if (getTestCaseStatus().equalsIgnoreCase("Error")): null&#xD;
&#xD;
2019-11-04 07:31:48 - [TEST_STEP][PASSED] - Start listener action : sampleAfterTestCase: null</system-out>
            <system-err></system-err>
        </testcase>
        <testcase name="Test Cases/FirstView/FirstPayVault/VPOS_1stPayVault_SetRecurringPayment_By_Clicking_MakePayment_On_SearchedVault" classname="Test Cases/FirstView/FirstPayVault/VPOS_1stPayVault_SetRecurringPayment_By_Clicking_MakePayment_On_SearchedVault" status="PASSED">
            <system-out>2019-11-04 07:31:48 - [TEST_CASE][PASSED] - Test Cases/FirstView/FirstPayVault/VPOS_1stPayVault_SetRecurringPayment_By_Clicking_MakePayment_On_SearchedVault: Test Cases/FirstView/FirstPayVault/VPOS_1stPayVault_SetRecurringPayment_By_Clicking_MakePayment_On_SearchedVault&#xD;
&#xD;
2019-11-04 07:31:49 - [TEST_STEP][PASSED] - Start listener action : sampleBeforeTestCase: null&#xD;
&#xD;
2019-11-04 07:31:49 - [TEST_STEP][PASSED] - println(testCaseContext.getTestCaseId()): null&#xD;
&#xD;
2019-11-04 07:31:49 - [TEST_STEP][PASSED] - println(testCaseContext.getTestCaseVariables()): null&#xD;
&#xD;
2019-11-04 07:31:51 - [TEST_STEP][PASSED] - utilities.SafeActions.openBrowser(URL, [PageLoadTime]): utilities.SafeActions.openBrowser is PASSED&#xD;
&#xD;
2019-11-04 07:31:51 - [MESSAGE][INFO] - Opening Browser&#xD;
&#xD;
2019-11-04 07:31:51 - [MESSAGE][INFO] - Starting 'Firefox' driver&#xD;
&#xD;
2019-11-04 07:32:08 - [MESSAGE][PASSED] - Browser is opened with url: 'https://q-www-firstview-net.faps.net/MVC/Account/Login'&#xD;
&#xD;
2019-11-04 07:32:08 - [MESSAGE][PASSED] - Current window maximized&#xD;
&#xD;
2019-11-04 07:32:08 - [MESSAGE][INFO] - Browser Launched Successfully&#xD;
&#xD;
2019-11-04 07:32:08 - [MESSAGE][PASSED] - utilities.SafeActions.openBrowser is PASSED&#xD;
&#xD;
2019-11-04 07:32:08 - [TEST_STEP][PASSED] - pages.Login.login(uName, password): pages.Login.login is PASSED&#xD;
&#xD;
2019-11-04 07:32:08 - [MESSAGE][PASSED] - Object 'Object Repository/Pages/Login/userName' is present&#xD;
&#xD;
2019-11-04 07:32:08 - [MESSAGE][PASSED] - Object 'Object Repository/Pages/Login/userName' is present&#xD;
&#xD;
2019-11-04 07:32:09 - [MESSAGE][PASSED] - Object: 'Object Repository/Pages/Login/userName' is clicked on&#xD;
&#xD;
2019-11-04 07:32:09 - [MESSAGE][PASSED] - Text 'ZenQRetail' is set on object 'Object Repository/Pages/Login/userName'&#xD;
&#xD;
2019-11-04 07:32:09 - [MESSAGE][PASSED] - Object 'Object Repository/Pages/Login/password' is present&#xD;
&#xD;
2019-11-04 07:32:09 - [MESSAGE][PASSED] - Object 'Object Repository/Pages/Login/password' is present&#xD;
&#xD;
2019-11-04 07:32:10 - [MESSAGE][PASSED] - Object: 'Object Repository/Pages/Login/password' is clicked on&#xD;
&#xD;
2019-11-04 07:32:10 - [MESSAGE][PASSED] - Text 'P@ssword1' is set on object 'Object Repository/Pages/Login/password'&#xD;
&#xD;
2019-11-04 07:32:10 - [MESSAGE][INFO] - Safe Click Without scroll&#xD;
&#xD;
2019-11-04 07:32:10 - [MESSAGE][INFO] - 1stPayVault_TestSuite.ts:waiting until Click on Login is Clickable&#xD;
&#xD;
2019-11-04 07:32:10 - [MESSAGE][PASSED] - Object 'Object Repository/Pages/Login/login' is clickable&#xD;
&#xD;
2019-11-04 07:32:10 - [MESSAGE][PASSED] - Object 'Object Repository/Pages/Login/login' is visible&#xD;
&#xD;
2019-11-04 07:32:13 - [MESSAGE][PASSED] - Object: 'Object Repository/Pages/Login/login' is clicked on&#xD;
&#xD;
2019-11-04 07:32:13 - [MESSAGE][INFO] - 1stPayVault_TestSuite.ts: click on the Click on Login&#xD;
&#xD;
2019-11-04 07:32:13 - [MESSAGE][PASSED] - pages.Login.login is PASSED&#xD;
&#xD;
2019-11-04 07:32:13 - [TEST_STEP][PASSED] - callTestCase(findTestCase("FirstView/Login/TC_SendCode"), [:], STOP_ON_FAILURE): Call Test Case 'Test Cases/FirstView/Login/TC_SendCode' successfully&#xD;
&#xD;
2019-11-04 07:32:13 - [TEST_CASE][PASSED] - Test Cases/FirstView/Login/TC_SendCode: Test Cases/FirstView/Login/TC_SendCode&#xD;
&#xD;
2019-11-04 07:32:13 - [TEST_STEP][PASSED] - flag = pages.SendCode.verifyPage(): pages.SendCode.verifyPage is PASSED&#xD;
&#xD;
2019-11-04 07:32:13 - [MESSAGE][PASSED] - Object 'Object Repository/Pages/SendCodeToValidate/header_SendCodeToValidate' is present and visible in viewport&#xD;
&#xD;
2019-11-04 07:32:13 - [MESSAGE][PASSED] - pages.SendCode.verifyPage is PASSED&#xD;
&#xD;
2019-11-04 07:32:13 - [TEST_STEP][PASSED] - if (flag): pages.SendCode.clickonUserSettings is PASSED&#xD;
&#xD;
2019-11-04 07:32:13 - [TEST_STEP][PASSED] - pages.SendCode.clickonUserSettings(): pages.SendCode.clickonUserSettings is PASSED&#xD;
&#xD;
2019-11-04 07:32:14 - [MESSAGE][PASSED] - Object 'Object Repository/Pages/SendCodeToValidate/link_UserSettings' is present&#xD;
&#xD;
2019-11-04 07:32:14 - [MESSAGE][PASSED] - Object 'Object Repository/Pages/SendCodeToValidate/link_UserSettings' is visible&#xD;
&#xD;
2019-11-04 07:32:14 - [MESSAGE][INFO] - 1stPayVault_TestSuite.ts:waiting until Click on User Settings is Clickable&#xD;
&#xD;
2019-11-04 07:32:14 - [MESSAGE][PASSED] - Object 'Object Repository/Pages/SendCodeToValidate/link_UserSettings' is clickable&#xD;
&#xD;
2019-11-04 07:32:14 - [MESSAGE][PASSED] - Object 'Object Repository/Pages/SendCodeToValidate/link_UserSettings' is visible&#xD;
&#xD;
2019-11-04 07:32:16 - [MESSAGE][PASSED] - Object: 'Object Repository/Pages/SendCodeToValidate/link_UserSettings' is clicked on&#xD;
&#xD;
2019-11-04 07:32:16 - [MESSAGE][INFO] - 1stPayVault_TestSuite.ts: Clicked on the Click on User Settings&#xD;
&#xD;
2019-11-04 07:32:16 - [MESSAGE][PASSED] - pages.SendCode.clickonUserSettings is PASSED&#xD;
&#xD;
2019-11-04 07:32:16 - [MESSAGE][PASSED] - Call Test Case 'Test Cases/FirstView/Login/TC_SendCode' successfully&#xD;
&#xD;
2019-11-04 07:32:16 - [TEST_STEP][PASSED] - callTestCase(findTestCase("FirstView/Login/TC_FirstView"), [:], STOP_ON_FAILURE): Call Test Case 'Test Cases/FirstView/Login/TC_FirstView' successfully&#xD;
&#xD;
2019-11-04 07:32:16 - [TEST_CASE][PASSED] - Test Cases/FirstView/Login/TC_FirstView: Test Cases/FirstView/Login/TC_FirstView&#xD;
&#xD;
2019-11-04 07:32:16 - [TEST_STEP][NOT_RUN] - utilities.SafeActions.safeClickWithoutScroll(findTestObject("Pages/FirstView/link_Home"), "Click on Home button in First View screen", [PageLoadTime]): NOT_RUN: utilities.SafeActions.safeClickWithoutScroll(findTestObject("Pages/FirstView/link_Home"), "Click on Home button in First View screen", [PageLoadTime])&#xD;
&#xD;
2019-11-04 07:32:16 - [MESSAGE][NOT_RUN] - NOT_RUN: utilities.SafeActions.safeClickWithoutScroll(findTestObject("Pages/FirstView/link_Home"), "Click on Home button in First View screen", [PageLoadTime])&#xD;
&#xD;
2019-11-04 07:32:16 - [TEST_STEP][PASSED] - delay(3): Delayed 3 second(s)&#xD;
&#xD;
2019-11-04 07:32:19 - [MESSAGE][PASSED] - Delayed 3 second(s)&#xD;
&#xD;
2019-11-04 07:32:19 - [TEST_STEP][PASSED] - utilities.SafeActions.javascriptclick(findTestObject("Pages/FirstView/link_Home"), delayForElement): utilities.SafeActions.javascriptclick is PASSED&#xD;
&#xD;
2019-11-04 07:32:19 - [MESSAGE][PASSED] - utilities.SafeActions.javascriptclick is PASSED&#xD;
&#xD;
2019-11-04 07:32:19 - [TEST_STEP][PASSED] - utilities.SafeActions.safeClickWithoutScroll(findTestObject("Pages/FirstView/link_VPOS"), "Click on VPOS button in First View screen", [PageLoadTime]): utilities.SafeActions.safeClickWithoutScroll is PASSED&#xD;
&#xD;
2019-11-04 07:32:19 - [MESSAGE][INFO] - Safe Click Without scroll&#xD;
&#xD;
2019-11-04 07:32:19 - [MESSAGE][INFO] - 1stPayVault_TestSuite.ts:waiting until Click on VPOS button in First View screen is Clickable&#xD;
&#xD;
2019-11-04 07:32:21 - [MESSAGE][PASSED] - Object 'Object Repository/Pages/FirstView/link_VPOS' is clickable&#xD;
&#xD;
2019-11-04 07:32:21 - [MESSAGE][PASSED] - Object 'Object Repository/Pages/FirstView/link_VPOS' is visible&#xD;
&#xD;
2019-11-04 07:32:22 - [MESSAGE][PASSED] - Object: 'Object Repository/Pages/FirstView/link_VPOS' is clicked on&#xD;
&#xD;
2019-11-04 07:32:22 - [MESSAGE][INFO] - 1stPayVault_TestSuite.ts: click on the Click on VPOS button in First View screen&#xD;
&#xD;
2019-11-04 07:32:22 - [MESSAGE][PASSED] - utilities.SafeActions.safeClickWithoutScroll is PASSED&#xD;
&#xD;
2019-11-04 07:32:22 - [MESSAGE][PASSED] - Call Test Case 'Test Cases/FirstView/Login/TC_FirstView' successfully&#xD;
&#xD;
2019-11-04 07:32:22 - [TEST_STEP][PASSED] - switchToWindowTitle("Transcenter - VPOS"): Switched to window with title: 'Transcenter - VPOS'&#xD;
&#xD;
2019-11-04 07:32:25 - [MESSAGE][PASSED] - Switched to window with title: 'Transcenter - VPOS'&#xD;
&#xD;
2019-11-04 07:32:25 - [TEST_STEP][PASSED] - focus(findTestObject("Pages/FirstPayVault/tab_FirstPayVault")): Object: 'Object Repository/Pages/FirstPayVault/tab_FirstPayVault' is focused&#xD;
&#xD;
2019-11-04 07:32:30 - [MESSAGE][PASSED] - Object: 'Object Repository/Pages/FirstPayVault/tab_FirstPayVault' is focused&#xD;
&#xD;
2019-11-04 07:32:30 - [TEST_STEP][PASSED] - utilities.SafeActions.javascriptclick(findTestObject("Pages/FirstPayVault/tab_FirstPayVault"), PageLoadTime): utilities.SafeActions.javascriptclick is PASSED&#xD;
&#xD;
2019-11-04 07:32:30 - [MESSAGE][PASSED] - utilities.SafeActions.javascriptclick is PASSED&#xD;
&#xD;
2019-11-04 07:32:30 - [TEST_STEP][PASSED] - delay(2): Delayed 2 second(s)&#xD;
&#xD;
2019-11-04 07:32:32 - [MESSAGE][PASSED] - Delayed 2 second(s)&#xD;
&#xD;
2019-11-04 07:32:32 - [TEST_STEP][PASSED] - utilities.SafeActions.safeClickWithoutScroll(findTestObject("Pages/FirstPayVault/tab_FirstPayVault"), "Click on FistPayVault tab", [delayForElement]): utilities.SafeActions.safeClickWithoutScroll is PASSED&#xD;
&#xD;
2019-11-04 07:32:32 - [MESSAGE][INFO] - Safe Click Without scroll&#xD;
&#xD;
2019-11-04 07:32:32 - [MESSAGE][INFO] - 1stPayVault_TestSuite.ts:waiting until Click on FistPayVault tab is Clickable&#xD;
&#xD;
2019-11-04 07:32:32 - [MESSAGE][PASSED] - Object 'Object Repository/Pages/FirstPayVault/tab_FirstPayVault' is clickable&#xD;
&#xD;
2019-11-04 07:32:32 - [MESSAGE][PASSED] - Object 'Object Repository/Pages/FirstPayVault/tab_FirstPayVault' is visible&#xD;
&#xD;
2019-11-04 07:32:33 - [MESSAGE][PASSED] - Object: 'Object Repository/Pages/FirstPayVault/tab_FirstPayVault' is clicked on&#xD;
&#xD;
2019-11-04 07:32:33 - [MESSAGE][INFO] - 1stPayVault_TestSuite.ts: click on the Click on FistPayVault tab&#xD;
&#xD;
2019-11-04 07:32:33 - [MESSAGE][PASSED] - utilities.SafeActions.safeClickWithoutScroll is PASSED&#xD;
&#xD;
2019-11-04 07:32:33 - [TEST_STEP][PASSED] - utilities.SafeActions.safeClickWithoutScroll(findTestObject("Pages/FirstPayVault/button_CreateVault"), "Click on CreateVault button", [PageLoadTime]): utilities.SafeActions.safeClickWithoutScroll is PASSED&#xD;
&#xD;
2019-11-04 07:32:33 - [MESSAGE][INFO] - Safe Click Without scroll&#xD;
&#xD;
2019-11-04 07:32:33 - [MESSAGE][INFO] - 1stPayVault_TestSuite.ts:waiting until Click on CreateVault button is Clickable&#xD;
&#xD;
2019-11-04 07:32:33 - [MESSAGE][PASSED] - Object 'Object Repository/Pages/FirstPayVault/button_CreateVault' is clickable&#xD;
&#xD;
2019-11-04 07:32:33 - [MESSAGE][PASSED] - Object 'Object Repository/Pages/FirstPayVault/button_CreateVault' is visible&#xD;
&#xD;
2019-11-04 07:32:34 - [MESSAGE][PASSED] - Object: 'Object Repository/Pages/FirstPayVault/button_CreateVault' is clicked on&#xD;
&#xD;
2019-11-04 07:32:34 - [MESSAGE][INFO] - 1stPayVault_TestSuite.ts: click on the Click on CreateVault button&#xD;
&#xD;
2019-11-04 07:32:34 - [MESSAGE][PASSED] - utilities.SafeActions.safeClickWithoutScroll is PASSED&#xD;
&#xD;
2019-11-04 07:32:34 - [TEST_STEP][PASSED] - scrollToElement(findTestObject("Pages/FirstPayVault/input_VaultReferenceNumber"), PageLoadTime): Scroll to object 'Object Repository/Pages/FirstPayVault/input_VaultReferenceNumber' successfully&#xD;
&#xD;
2019-11-04 07:32:34 - [MESSAGE][PASSED] - Scroll to object 'Object Repository/Pages/FirstPayVault/input_VaultReferenceNumber' successfully&#xD;
&#xD;
2019-11-04 07:32:34 - [TEST_STEP][PASSED] - vaultReference = utilities.SafeActions.timeWithMilliSeconds(): utilities.SafeActions.timeWithMilliSeconds is PASSED&#xD;
&#xD;
2019-11-04 07:32:34 - [MESSAGE][PASSED] - utilities.SafeActions.timeWithMilliSeconds is PASSED&#xD;
&#xD;
2019-11-04 07:32:34 - [TEST_STEP][PASSED] - utilities.SafeActions.safeType(findTestObject("Pages/FirstPayVault/input_VaultReferenceNumber"), vaultReference, "Entering Vault Reference Number", [PageLoadTime]): utilities.SafeActions.safeType is PASSED&#xD;
&#xD;
2019-11-04 07:32:34 - [MESSAGE][PASSED] - Object 'Object Repository/Pages/FirstPayVault/input_VaultReferenceNumber' is present&#xD;
&#xD;
2019-11-04 07:32:34 - [MESSAGE][PASSED] - Object 'Object Repository/Pages/FirstPayVault/input_VaultReferenceNumber' is present&#xD;
&#xD;
2019-11-04 07:32:35 - [MESSAGE][PASSED] - Object: 'Object Repository/Pages/FirstPayVault/input_VaultReferenceNumber' is clicked on&#xD;
&#xD;
2019-11-04 07:32:35 - [MESSAGE][PASSED] - Text '2019-11-04 07:32:34.660' is set on object 'Object Repository/Pages/FirstPayVault/input_VaultReferenceNumber'&#xD;
&#xD;
2019-11-04 07:32:35 - [MESSAGE][PASSED] - utilities.SafeActions.safeType is PASSED&#xD;
&#xD;
2019-11-04 07:32:35 - [TEST_STEP][PASSED] - utilities.SafeActions.safeType(findTestObject("Pages/FirstPayVault/input_CreditCardNumber"), visaCardNumber, "Entering Card Number", [PageLoadTime]): utilities.SafeActions.safeType is PASSED&#xD;
&#xD;
2019-11-04 07:32:35 - [MESSAGE][PASSED] - Object 'Object Repository/Pages/FirstPayVault/input_CreditCardNumber' is present&#xD;
&#xD;
2019-11-04 07:32:35 - [MESSAGE][PASSED] - Object 'Object Repository/Pages/FirstPayVault/input_CreditCardNumber' is present&#xD;
&#xD;
2019-11-04 07:32:36 - [MESSAGE][PASSED] - Object: 'Object Repository/Pages/FirstPayVault/input_CreditCardNumber' is clicked on&#xD;
&#xD;
2019-11-04 07:32:36 - [MESSAGE][PASSED] - Text '4111111111111111' is set on object 'Object Repository/Pages/FirstPayVault/input_CreditCardNumber'&#xD;
&#xD;
2019-11-04 07:32:36 - [MESSAGE][PASSED] - utilities.SafeActions.safeType is PASSED&#xD;
&#xD;
2019-11-04 07:32:36 - [TEST_STEP][PASSED] - delay(2): Delayed 2 second(s)&#xD;
&#xD;
2019-11-04 07:32:38 - [MESSAGE][PASSED] - Delayed 2 second(s)&#xD;
&#xD;
2019-11-04 07:32:38 - [TEST_STEP][PASSED] - utilities.SafeActions.safeSelectOptionInDropDownByVisibleText(findTestObject("Pages/FirstPayVault/dropDown_ExpirationMonth"), cardMonth, "Expiration Month", [PageLoadTime]): utilities.SafeActions.safeSelectOptionInDropDownByVisibleText is PASSED&#xD;
&#xD;
2019-11-04 07:32:39 - [MESSAGE][PASSED] - Object 'Object Repository/Pages/FirstPayVault/dropDown_ExpirationMonth' is visible&#xD;
&#xD;
2019-11-04 07:32:39 - [MESSAGE][PASSED] - Object 'Object Repository/Pages/FirstPayVault/dropDown_ExpirationMonth' is present&#xD;
&#xD;
2019-11-04 07:32:40 - [MESSAGE][PASSED] - Object: 'Object Repository/Pages/FirstPayVault/dropDown_ExpirationMonth' is clicked on&#xD;
&#xD;
2019-11-04 07:32:40 - [MESSAGE][PASSED] - All options with label 'September' are selected in object 'Object Repository/Pages/FirstPayVault/dropDown_ExpirationMonth' &#xD;
&#xD;
2019-11-04 07:32:40 - [MESSAGE][PASSED] - utilities.SafeActions.safeSelectOptionInDropDownByVisibleText is PASSED&#xD;
&#xD;
2019-11-04 07:32:40 - [TEST_STEP][PASSED] - utilities.SafeActions.safeSelectOptionInDropDownByVisibleText(findTestObject("Pages/FirstPayVault/dropDown_ExpirationYear"), cardYear, "year", [PageLoadTime]): utilities.SafeActions.safeSelectOptionInDropDownByVisibleText is PASSED&#xD;
&#xD;
2019-11-04 07:32:40 - [MESSAGE][PASSED] - Object 'Object Repository/Pages/FirstPayVault/dropDown_ExpirationYear' is visible&#xD;
&#xD;
2019-11-04 07:32:40 - [MESSAGE][PASSED] - Object 'Object Repository/Pages/FirstPayVault/dropDown_ExpirationYear' is present&#xD;
&#xD;
2019-11-04 07:32:41 - [MESSAGE][PASSED] - Object: 'Object Repository/Pages/FirstPayVault/dropDown_ExpirationYear' is clicked on&#xD;
&#xD;
2019-11-04 07:32:41 - [MESSAGE][PASSED] - All options with label '2032' are selected in object 'Object Repository/Pages/FirstPayVault/dropDown_ExpirationYear' &#xD;
&#xD;
2019-11-04 07:32:41 - [MESSAGE][PASSED] - utilities.SafeActions.safeSelectOptionInDropDownByVisibleText is PASSED&#xD;
&#xD;
2019-11-04 07:32:41 - [TEST_STEP][PASSED] - delay(2): Delayed 2 second(s)&#xD;
&#xD;
2019-11-04 07:32:43 - [MESSAGE][PASSED] - Delayed 2 second(s)&#xD;
&#xD;
2019-11-04 07:32:43 - [TEST_STEP][PASSED] - utilities.SafeActions.safeType(findTestObject("Pages/FirstPayVault/input_ContactName"), customerName, "Enter Contact Name", [PageLoadTime]): utilities.SafeActions.safeType is PASSED&#xD;
&#xD;
2019-11-04 07:32:44 - [MESSAGE][PASSED] - Object 'Object Repository/Pages/FirstPayVault/input_ContactName' is present&#xD;
&#xD;
2019-11-04 07:32:44 - [MESSAGE][PASSED] - Object 'Object Repository/Pages/FirstPayVault/input_ContactName' is present&#xD;
&#xD;
2019-11-04 07:32:45 - [MESSAGE][PASSED] - Object: 'Object Repository/Pages/FirstPayVault/input_ContactName' is clicked on&#xD;
&#xD;
2019-11-04 07:32:45 - [MESSAGE][PASSED] - Text 'Venkata Sai' is set on object 'Object Repository/Pages/FirstPayVault/input_ContactName'&#xD;
&#xD;
2019-11-04 07:32:45 - [MESSAGE][PASSED] - utilities.SafeActions.safeType is PASSED&#xD;
&#xD;
2019-11-04 07:32:45 - [TEST_STEP][PASSED] - utilities.SafeActions.safeType(findTestObject("Pages/FirstPayVault/input_PostalCode"), postalCode, "Enter Postal Code", [PageLoadTime]): utilities.SafeActions.safeType is PASSED&#xD;
&#xD;
2019-11-04 07:32:45 - [MESSAGE][PASSED] - Object 'Object Repository/Pages/FirstPayVault/input_PostalCode' is present&#xD;
&#xD;
2019-11-04 07:32:45 - [MESSAGE][PASSED] - Object 'Object Repository/Pages/FirstPayVault/input_PostalCode' is present&#xD;
&#xD;
2019-11-04 07:32:46 - [MESSAGE][PASSED] - Object: 'Object Repository/Pages/FirstPayVault/input_PostalCode' is clicked on&#xD;
&#xD;
2019-11-04 07:32:46 - [MESSAGE][PASSED] - Text '76102' is set on object 'Object Repository/Pages/FirstPayVault/input_PostalCode'&#xD;
&#xD;
2019-11-04 07:32:46 - [MESSAGE][PASSED] - utilities.SafeActions.safeType is PASSED&#xD;
&#xD;
2019-11-04 07:32:46 - [TEST_STEP][PASSED] - utilities.SafeActions.safeType(findTestObject("Pages/FirstPayVault/input_Address"), address, "Enter ddress", [PageLoadTime]): utilities.SafeActions.safeType is PASSED&#xD;
&#xD;
2019-11-04 07:32:46 - [MESSAGE][PASSED] - Object 'Object Repository/Pages/FirstPayVault/input_Address' is present&#xD;
&#xD;
2019-11-04 07:32:46 - [MESSAGE][PASSED] - Object 'Object Repository/Pages/FirstPayVault/input_Address' is present&#xD;
&#xD;
2019-11-04 07:32:47 - [MESSAGE][PASSED] - Object: 'Object Repository/Pages/FirstPayVault/input_Address' is clicked on&#xD;
&#xD;
2019-11-04 07:32:47 - [MESSAGE][PASSED] - Text 'Street123' is set on object 'Object Repository/Pages/FirstPayVault/input_Address'&#xD;
&#xD;
2019-11-04 07:32:47 - [MESSAGE][PASSED] - utilities.SafeActions.safeType is PASSED&#xD;
&#xD;
2019-11-04 07:32:47 - [TEST_STEP][PASSED] - utilities.SafeActions.safeCheckForElement(findTestObject("Pages/FirstPayVault/chekBox_AddShippingInformation"), PageLoadTime): utilities.SafeActions.safeCheckForElement is PASSED&#xD;
&#xD;
2019-11-04 07:32:47 - [MESSAGE][PASSED] - Object 'Object Repository/Pages/FirstPayVault/chekBox_AddShippingInformation' is present&#xD;
&#xD;
2019-11-04 07:32:47 - [MESSAGE][PASSED] - Object 'Object Repository/Pages/FirstPayVault/chekBox_AddShippingInformation' is visible&#xD;
&#xD;
2019-11-04 07:32:47 - [MESSAGE][PASSED] - Object 'Object Repository/Pages/FirstPayVault/chekBox_AddShippingInformation' is present&#xD;
&#xD;
2019-11-04 07:32:49 - [MESSAGE][PASSED] - Object 'Object Repository/Pages/FirstPayVault/chekBox_AddShippingInformation' is checked&#xD;
&#xD;
2019-11-04 07:32:49 - [MESSAGE][PASSED] - utilities.SafeActions.safeCheckForElement is PASSED&#xD;
&#xD;
2019-11-04 07:32:49 - [TEST_STEP][PASSED] - utilities.SafeActions.safeType(findTestObject("Pages/FirstPayVault/input_ShippingMethod"), shippingMethod, "Enter Shipping Method", [PageLoadTime]): utilities.SafeActions.safeType is PASSED&#xD;
&#xD;
2019-11-04 07:32:49 - [MESSAGE][PASSED] - Object 'Object Repository/Pages/FirstPayVault/input_ShippingMethod' is present&#xD;
&#xD;
2019-11-04 07:32:49 - [MESSAGE][PASSED] - Object 'Object Repository/Pages/FirstPayVault/input_ShippingMethod' is present&#xD;
&#xD;
2019-11-04 07:32:50 - [MESSAGE][PASSED] - Object: 'Object Repository/Pages/FirstPayVault/input_ShippingMethod' is clicked on&#xD;
&#xD;
2019-11-04 07:32:50 - [MESSAGE][PASSED] - Text 'DTDC' is set on object 'Object Repository/Pages/FirstPayVault/input_ShippingMethod'&#xD;
&#xD;
2019-11-04 07:32:50 - [MESSAGE][PASSED] - utilities.SafeActions.safeType is PASSED&#xD;
&#xD;
2019-11-04 07:32:50 - [TEST_STEP][PASSED] - utilities.SafeActions.safeCheckForElement(findTestObject("Pages/FirstPayVault/checkbox_SameAsBillingInformation"), PageLoadTime): utilities.SafeActions.safeCheckForElement is PASSED&#xD;
&#xD;
2019-11-04 07:32:51 - [MESSAGE][PASSED] - Object 'Object Repository/Pages/FirstPayVault/checkbox_SameAsBillingInformation' is present&#xD;
&#xD;
2019-11-04 07:32:51 - [MESSAGE][PASSED] - Object 'Object Repository/Pages/FirstPayVault/checkbox_SameAsBillingInformation' is visible&#xD;
&#xD;
2019-11-04 07:32:51 - [MESSAGE][PASSED] - Object 'Object Repository/Pages/FirstPayVault/checkbox_SameAsBillingInformation' is present&#xD;
&#xD;
2019-11-04 07:32:52 - [MESSAGE][PASSED] - Object 'Object Repository/Pages/FirstPayVault/checkbox_SameAsBillingInformation' is checked&#xD;
&#xD;
2019-11-04 07:32:52 - [MESSAGE][PASSED] - utilities.SafeActions.safeCheckForElement is PASSED&#xD;
&#xD;
2019-11-04 07:32:52 - [TEST_STEP][PASSED] - utilities.SafeActions.safeClickwithScroll(findTestObject("Pages/FirstPayVault/button_Create"), "Click on Create Button", [PageLoadTime]): utilities.SafeActions.safeClickwithScroll is PASSED&#xD;
&#xD;
2019-11-04 07:32:52 - [MESSAGE][PASSED] - Object 'Object Repository/Pages/FirstPayVault/button_Create' is present&#xD;
&#xD;
2019-11-04 07:32:52 - [MESSAGE][PASSED] - Object 'Object Repository/Pages/FirstPayVault/button_Create' is visible&#xD;
&#xD;
2019-11-04 07:32:52 - [MESSAGE][INFO] - 1stPayVault_TestSuite.ts:waiting until Click on Create Button is Clickable&#xD;
&#xD;
2019-11-04 07:32:52 - [MESSAGE][PASSED] - Object 'Object Repository/Pages/FirstPayVault/button_Create' is clickable&#xD;
&#xD;
2019-11-04 07:32:52 - [MESSAGE][PASSED] - Object 'Object Repository/Pages/FirstPayVault/button_Create' is visible&#xD;
&#xD;
2019-11-04 07:32:53 - [MESSAGE][PASSED] - Object: 'Object Repository/Pages/FirstPayVault/button_Create' is clicked on&#xD;
&#xD;
2019-11-04 07:32:53 - [MESSAGE][INFO] - 1stPayVault_TestSuite.ts: Clicked on the Click on Create Button&#xD;
&#xD;
2019-11-04 07:32:53 - [MESSAGE][PASSED] - utilities.SafeActions.safeClickwithScroll is PASSED&#xD;
&#xD;
2019-11-04 07:32:53 - [TEST_STEP][PASSED] - delay(2): Delayed 2 second(s)&#xD;
&#xD;
2019-11-04 07:32:55 - [MESSAGE][PASSED] - Delayed 2 second(s)&#xD;
&#xD;
2019-11-04 07:32:55 - [TEST_STEP][PASSED] - popupSavedToVaultMessage = utilities.SafeActions.safeGetText(findTestObject("Pages/FirstPayVault/popup_SavedToVaultMessage"), PageLoadTime): utilities.SafeActions.safeGetText is PASSED&#xD;
&#xD;
2019-11-04 07:32:55 - [MESSAGE][PASSED] - Object 'Object Repository/Pages/FirstPayVault/popup_SavedToVaultMessage' is present&#xD;
&#xD;
2019-11-04 07:32:55 - [MESSAGE][PASSED] - Scroll to object 'Object Repository/Pages/FirstPayVault/popup_SavedToVaultMessage' successfully&#xD;
&#xD;
2019-11-04 07:32:55 - [MESSAGE][PASSED] - Object 'Object Repository/Pages/FirstPayVault/popup_SavedToVaultMessage' is present&#xD;
&#xD;
2019-11-04 07:32:56 - [MESSAGE][PASSED] - Text of object 'Object Repository/Pages/FirstPayVault/popup_SavedToVaultMessage' is: 'Successfully Saved to Vault'&#xD;
&#xD;
2019-11-04 07:32:56 - [MESSAGE][PASSED] - utilities.SafeActions.safeGetText is PASSED&#xD;
&#xD;
2019-11-04 07:32:56 - [TEST_STEP][PASSED] - flag = utilities.SafeActions.verifyPopupMessage("Successfully Saved to Vault", popupSavedToVaultMessage): Popup Message : Successfully Saved to Vault matched with expected message : Successfully Saved to Vault&#xD;
&#xD;
2019-11-04 07:32:56 - [MESSAGE][PASSED] - Popup Message : Successfully Saved to Vault matched with expected message : Successfully Saved to Vault&#xD;
&#xD;
2019-11-04 07:32:56 - [TEST_STEP][PASSED] - delay(2): Delayed 2 second(s)&#xD;
&#xD;
2019-11-04 07:32:58 - [MESSAGE][PASSED] - Delayed 2 second(s)&#xD;
&#xD;
2019-11-04 07:32:58 - [TEST_STEP][PASSED] - utilities.SafeActions.safeClickWithoutScroll(findTestObject("Pages/FirstPayVault/button_RunSaleWithThisVault_InPopup"), "Click on Run Sale With This Vault in Popup", [delayBetweenTestSteps]): utilities.SafeActions.safeClickWithoutScroll is PASSED&#xD;
&#xD;
2019-11-04 07:32:58 - [MESSAGE][INFO] - Safe Click Without scroll&#xD;
&#xD;
2019-11-04 07:32:58 - [MESSAGE][INFO] - 1stPayVault_TestSuite.ts:waiting until Click on Run Sale With This Vault in Popup is Clickable&#xD;
&#xD;
2019-11-04 07:32:58 - [MESSAGE][PASSED] - Object 'Object Repository/Pages/FirstPayVault/button_RunSaleWithThisVault_InPopup' is clickable&#xD;
&#xD;
2019-11-04 07:32:58 - [MESSAGE][PASSED] - Object 'Object Repository/Pages/FirstPayVault/button_RunSaleWithThisVault_InPopup' is visible&#xD;
&#xD;
2019-11-04 07:33:00 - [MESSAGE][PASSED] - Object: 'Object Repository/Pages/FirstPayVault/button_RunSaleWithThisVault_InPopup' is clicked on&#xD;
&#xD;
2019-11-04 07:33:00 - [MESSAGE][INFO] - 1stPayVault_TestSuite.ts: click on the Click on Run Sale With This Vault in Popup&#xD;
&#xD;
2019-11-04 07:33:00 - [MESSAGE][PASSED] - utilities.SafeActions.safeClickWithoutScroll is PASSED&#xD;
&#xD;
2019-11-04 07:33:00 - [TEST_STEP][PASSED] - delay(2): Delayed 2 second(s)&#xD;
&#xD;
2019-11-04 07:33:02 - [MESSAGE][PASSED] - Delayed 2 second(s)&#xD;
&#xD;
2019-11-04 07:33:02 - [TEST_STEP][PASSED] - value = utilities.SafeActions.getAttributeValue(findTestObject("Pages/FirstPayVault/tab_1stPayVault_Active"), "1st_PayVault"): The screen is 1st_PayVault screen&#xD;
&#xD;
2019-11-04 07:33:03 - [MESSAGE][PASSED] - Attribute 'class' of object 'Object Repository/Pages/FirstPayVault/tab_1stPayVault_Active' is: 'active_tab tabs__link'&#xD;
&#xD;
2019-11-04 07:33:03 - [MESSAGE][PASSED] - The screen is 1st_PayVault screen&#xD;
&#xD;
2019-11-04 07:33:03 - [TEST_STEP][PASSED] - scrollToElement(findTestObject("Pages/FirstPayVault/input_Amount"), PageLoadTime): Scroll to object 'Object Repository/Pages/FirstPayVault/input_Amount' successfully&#xD;
&#xD;
2019-11-04 07:33:03 - [MESSAGE][PASSED] - Scroll to object 'Object Repository/Pages/FirstPayVault/input_Amount' successfully&#xD;
&#xD;
2019-11-04 07:33:03 - [TEST_STEP][PASSED] - utilities.SafeActions.safeType(findTestObject("Pages/FirstPayVault/input_Amount"), amount, "Enter Amount", [PageLoadTime]): utilities.SafeActions.safeType is PASSED&#xD;
&#xD;
2019-11-04 07:33:03 - [MESSAGE][PASSED] - Object 'Object Repository/Pages/FirstPayVault/input_Amount' is present&#xD;
&#xD;
2019-11-04 07:33:03 - [MESSAGE][PASSED] - Object 'Object Repository/Pages/FirstPayVault/input_Amount' is present&#xD;
&#xD;
2019-11-04 07:33:04 - [MESSAGE][PASSED] - Object: 'Object Repository/Pages/FirstPayVault/input_Amount' is clicked on&#xD;
&#xD;
2019-11-04 07:33:05 - [MESSAGE][PASSED] - Text '450' is set on object 'Object Repository/Pages/FirstPayVault/input_Amount'&#xD;
&#xD;
2019-11-04 07:33:05 - [MESSAGE][PASSED] - utilities.SafeActions.safeType is PASSED&#xD;
&#xD;
2019-11-04 07:33:05 - [TEST_STEP][PASSED] - salesTax = utilities.SafeActions.safeGetText(findTestObject("Pages/FirstPayVault/input_SalesTaxUnderAmount"), delayBetweenTestSteps): utilities.SafeActions.safeGetText is PASSED&#xD;
&#xD;
2019-11-04 07:33:05 - [MESSAGE][PASSED] - Object 'Object Repository/Pages/FirstPayVault/input_SalesTaxUnderAmount' is present&#xD;
&#xD;
2019-11-04 07:33:05 - [MESSAGE][PASSED] - Scroll to object 'Object Repository/Pages/FirstPayVault/input_SalesTaxUnderAmount' successfully&#xD;
&#xD;
2019-11-04 07:33:05 - [MESSAGE][PASSED] - Object 'Object Repository/Pages/FirstPayVault/input_SalesTaxUnderAmount' is present&#xD;
&#xD;
2019-11-04 07:33:06 - [MESSAGE][PASSED] - Text of object 'Object Repository/Pages/FirstPayVault/input_SalesTaxUnderAmount' is: '$37.13'&#xD;
&#xD;
2019-11-04 07:33:06 - [MESSAGE][PASSED] - utilities.SafeActions.safeGetText is PASSED&#xD;
&#xD;
2019-11-04 07:33:06 - [TEST_STEP][PASSED] - pages.FirstPayVault.verifyAmountIsNotZero(salesTax): pages.FirstPayVault.verifyAmountIsNotZero is PASSED&#xD;
&#xD;
2019-11-04 07:33:06 - [MESSAGE][PASSED] - pages.FirstPayVault.verifyAmountIsNotZero is PASSED&#xD;
&#xD;
2019-11-04 07:33:06 - [TEST_STEP][PASSED] - scrollToElement(findTestObject("Pages/FirstPayVault/input_CreditCardNumberForVerification"), delayBetweenTestSteps): Scroll to object 'Object Repository/Pages/FirstPayVault/input_CreditCardNumberForVerification' successfully&#xD;
&#xD;
2019-11-04 07:33:06 - [MESSAGE][PASSED] - Scroll to object 'Object Repository/Pages/FirstPayVault/input_CreditCardNumberForVerification' successfully&#xD;
&#xD;
2019-11-04 07:33:06 - [TEST_STEP][PASSED] - cardNumber = utilities.SafeActions.getAttribute(findTestObject("Pages/FirstPayVault/input_CreditCardNumberForVerification"), "1st Pay Vault"): utilities.SafeActions.getAttribute is PASSED&#xD;
&#xD;
2019-11-04 07:33:06 - [MESSAGE][PASSED] - Attribute 'value' of object 'Object Repository/Pages/FirstPayVault/input_CreditCardNumberForVerification' is: '411111******1111'&#xD;
&#xD;
2019-11-04 07:33:06 - [MESSAGE][PASSED] - utilities.SafeActions.getAttribute is PASSED&#xD;
&#xD;
2019-11-04 07:33:06 - [TEST_STEP][PASSED] - pages.FirstPayVault.verifyCardNumber(cardNumber, visaCardNumber): Actual String : 4111111111111111 matched with Expected message : 411111******1111&#xD;
&#xD;
2019-11-04 07:33:06 - [MESSAGE][PASSED] - Actual String : 4111111111111111 matched with Expected message : 411111******1111&#xD;
&#xD;
2019-11-04 07:33:06 - [TEST_STEP][PASSED] - expirationYear = utilities.SafeActions.getAttribute(findTestObject("Pages/FirstPayVault/dropDownExpirationYearForVerification"), "1st Pay Vault"): utilities.SafeActions.getAttribute is PASSED&#xD;
&#xD;
2019-11-04 07:33:06 - [MESSAGE][PASSED] - Attribute 'value' of object 'Object Repository/Pages/FirstPayVault/dropDownExpirationYearForVerification' is: '2032'&#xD;
&#xD;
2019-11-04 07:33:06 - [MESSAGE][PASSED] - utilities.SafeActions.getAttribute is PASSED&#xD;
&#xD;
2019-11-04 07:33:06 - [TEST_STEP][PASSED] - pages.FirstPayVault.verifyStrings(expirationYear, cardYear): Actual String : 2032 matched with Expected message : 2032&#xD;
&#xD;
2019-11-04 07:33:06 - [MESSAGE][PASSED] - Actual String : 2032 matched with Expected message : 2032&#xD;
&#xD;
2019-11-04 07:33:06 - [TEST_STEP][PASSED] - scrollToElement(findTestObject("Pages/FirstPayVault/input_VerifyCardHolderName"), PageLoadTime): Scroll to object 'Object Repository/Pages/FirstPayVault/input_VerifyCardHolderName' successfully&#xD;
&#xD;
2019-11-04 07:33:06 - [MESSAGE][PASSED] - Scroll to object 'Object Repository/Pages/FirstPayVault/input_VerifyCardHolderName' successfully&#xD;
&#xD;
2019-11-04 07:33:06 - [TEST_STEP][PASSED] - name = utilities.SafeActions.getAttribute(findTestObject("Pages/FirstPayVault/input_VerifyCardHolderName"), "1stPayVault"): utilities.SafeActions.getAttribute is PASSED&#xD;
&#xD;
2019-11-04 07:33:07 - [MESSAGE][PASSED] - Attribute 'value' of object 'Object Repository/Pages/FirstPayVault/input_VerifyCardHolderName' is: 'Venkata Sai'&#xD;
&#xD;
2019-11-04 07:33:07 - [MESSAGE][PASSED] - utilities.SafeActions.getAttribute is PASSED&#xD;
&#xD;
2019-11-04 07:33:07 - [TEST_STEP][PASSED] - pages.FirstPayVault.verifyStrings(name, customerName): Actual String : Venkata Sai matched with Expected message : Venkata Sai&#xD;
&#xD;
2019-11-04 07:33:07 - [MESSAGE][PASSED] - Actual String : Venkata Sai matched with Expected message : Venkata Sai&#xD;
&#xD;
2019-11-04 07:33:07 - [TEST_STEP][PASSED] - scrollToElement(findTestObject("Pages/FirstPayVault/checkbox_TaxExempt"), PageLoadTime): Scroll to object 'Object Repository/Pages/FirstPayVault/checkbox_TaxExempt' successfully&#xD;
&#xD;
2019-11-04 07:33:07 - [MESSAGE][PASSED] - Scroll to object 'Object Repository/Pages/FirstPayVault/checkbox_TaxExempt' successfully&#xD;
&#xD;
2019-11-04 07:33:07 - [TEST_STEP][PASSED] - pages.FirstPayVault.verifyAmountIsNotZero(salesTax): pages.FirstPayVault.verifyAmountIsNotZero is PASSED&#xD;
&#xD;
2019-11-04 07:33:07 - [MESSAGE][PASSED] - pages.FirstPayVault.verifyAmountIsNotZero is PASSED&#xD;
&#xD;
2019-11-04 07:33:07 - [TEST_STEP][PASSED] - utilities.SafeActions.safeCheckForElement(findTestObject("Pages/FirstPayVault/checkbox_TaxExempt"), PageLoadTime): utilities.SafeActions.safeCheckForElement is PASSED&#xD;
&#xD;
2019-11-04 07:33:07 - [MESSAGE][PASSED] - Object 'Object Repository/Pages/FirstPayVault/checkbox_TaxExempt' is present&#xD;
&#xD;
2019-11-04 07:33:07 - [MESSAGE][PASSED] - Object 'Object Repository/Pages/FirstPayVault/checkbox_TaxExempt' is visible&#xD;
&#xD;
2019-11-04 07:33:07 - [MESSAGE][PASSED] - Object 'Object Repository/Pages/FirstPayVault/checkbox_TaxExempt' is present&#xD;
&#xD;
2019-11-04 07:33:08 - [MESSAGE][PASSED] - Object 'Object Repository/Pages/FirstPayVault/checkbox_TaxExempt' is checked&#xD;
&#xD;
2019-11-04 07:33:08 - [MESSAGE][PASSED] - utilities.SafeActions.safeCheckForElement is PASSED&#xD;
&#xD;
2019-11-04 07:33:08 - [TEST_STEP][PASSED] - utilities.SafeActions.safeClickwithScroll(findTestObject("Pages/FirstPayVault/button_Checkout"), "Click on Checkout", [PageLoadTime]): utilities.SafeActions.safeClickwithScroll is PASSED&#xD;
&#xD;
2019-11-04 07:33:08 - [MESSAGE][PASSED] - Object 'Object Repository/Pages/FirstPayVault/button_Checkout' is present&#xD;
&#xD;
2019-11-04 07:33:08 - [MESSAGE][PASSED] - Object 'Object Repository/Pages/FirstPayVault/button_Checkout' is visible&#xD;
&#xD;
2019-11-04 07:33:08 - [MESSAGE][INFO] - 1stPayVault_TestSuite.ts:waiting until Click on Checkout is Clickable&#xD;
&#xD;
2019-11-04 07:33:08 - [MESSAGE][PASSED] - Object 'Object Repository/Pages/FirstPayVault/button_Checkout' is clickable&#xD;
&#xD;
2019-11-04 07:33:08 - [MESSAGE][PASSED] - Object 'Object Repository/Pages/FirstPayVault/button_Checkout' is visible&#xD;
&#xD;
2019-11-04 07:33:10 - [MESSAGE][PASSED] - Object: 'Object Repository/Pages/FirstPayVault/button_Checkout' is clicked on&#xD;
&#xD;
2019-11-04 07:33:10 - [MESSAGE][INFO] - 1stPayVault_TestSuite.ts: Clicked on the Click on Checkout&#xD;
&#xD;
2019-11-04 07:33:11 - [MESSAGE][PASSED] - utilities.SafeActions.safeClickwithScroll is PASSED&#xD;
&#xD;
2019-11-04 07:33:11 - [TEST_STEP][PASSED] - pages.Sale.verifyTransactionCompletePage(findTestObject("Pages/Sale/heading_TransactionComplete")): The screen is Transaction Complete screen&#xD;
&#xD;
2019-11-04 07:33:11 - [MESSAGE][PASSED] - Object 'Object Repository/Pages/Sale/heading_TransactionComplete' is present&#xD;
&#xD;
2019-11-04 07:33:12 - [MESSAGE][PASSED] - The screen is Transaction Complete screen&#xD;
&#xD;
2019-11-04 07:33:12 - [TEST_STEP][PASSED] - delay(2): Delayed 2 second(s)&#xD;
&#xD;
2019-11-04 07:33:14 - [MESSAGE][PASSED] - Delayed 2 second(s)&#xD;
&#xD;
2019-11-04 07:33:14 - [TEST_STEP][PASSED] - utilities.SafeActions.safeClickWithoutScroll(findTestObject("Pages/FirstPayVault/button_ReturnToSale_InTransactionComplete"), "Click On Return Button", [PageLoadTime]): utilities.SafeActions.safeClickWithoutScroll is PASSED&#xD;
&#xD;
2019-11-04 07:33:15 - [MESSAGE][INFO] - Safe Click Without scroll&#xD;
&#xD;
2019-11-04 07:33:15 - [MESSAGE][INFO] - 1stPayVault_TestSuite.ts:waiting until Click On Return Button is Clickable&#xD;
&#xD;
2019-11-04 07:33:15 - [MESSAGE][PASSED] - Object 'Object Repository/Pages/FirstPayVault/button_ReturnToSale_InTransactionComplete' is clickable&#xD;
&#xD;
2019-11-04 07:33:15 - [MESSAGE][PASSED] - Object 'Object Repository/Pages/FirstPayVault/button_ReturnToSale_InTransactionComplete' is visible&#xD;
&#xD;
2019-11-04 07:33:17 - [MESSAGE][PASSED] - Object: 'Object Repository/Pages/FirstPayVault/button_ReturnToSale_InTransactionComplete' is clicked on&#xD;
&#xD;
2019-11-04 07:33:17 - [MESSAGE][INFO] - 1stPayVault_TestSuite.ts: click on the Click On Return Button&#xD;
&#xD;
2019-11-04 07:33:17 - [MESSAGE][PASSED] - utilities.SafeActions.safeClickWithoutScroll is PASSED&#xD;
&#xD;
2019-11-04 07:33:17 - [TEST_STEP][PASSED] - utilities.SafeActions.safeClickWithoutScroll(findTestObject("Pages/FirstPayVault/tab_FirstPayVault"), "Click on FirstPayVault tab", [PageLoadTime]): utilities.SafeActions.safeClickWithoutScroll is PASSED&#xD;
&#xD;
2019-11-04 07:33:17 - [MESSAGE][INFO] - Safe Click Without scroll&#xD;
&#xD;
2019-11-04 07:33:17 - [MESSAGE][INFO] - 1stPayVault_TestSuite.ts:waiting until Click on FirstPayVault tab is Clickable&#xD;
&#xD;
2019-11-04 07:33:18 - [MESSAGE][PASSED] - Object 'Object Repository/Pages/FirstPayVault/tab_FirstPayVault' is clickable&#xD;
&#xD;
2019-11-04 07:33:18 - [MESSAGE][PASSED] - Object 'Object Repository/Pages/FirstPayVault/tab_FirstPayVault' is visible&#xD;
&#xD;
2019-11-04 07:33:20 - [MESSAGE][PASSED] - Object: 'Object Repository/Pages/FirstPayVault/tab_FirstPayVault' is clicked on&#xD;
&#xD;
2019-11-04 07:33:20 - [MESSAGE][INFO] - 1stPayVault_TestSuite.ts: click on the Click on FirstPayVault tab&#xD;
&#xD;
2019-11-04 07:33:20 - [MESSAGE][PASSED] - utilities.SafeActions.safeClickWithoutScroll is PASSED&#xD;
&#xD;
2019-11-04 07:33:20 - [TEST_STEP][PASSED] - utilities.SafeActions.safeClickwithScroll(findTestObject("Pages/FirstPayVault/button_SearchVault"), "Click on Search Vault", [PageLoadTime]): utilities.SafeActions.safeClickwithScroll is PASSED&#xD;
&#xD;
2019-11-04 07:33:21 - [MESSAGE][PASSED] - Object 'Object Repository/Pages/FirstPayVault/button_SearchVault' is present&#xD;
&#xD;
2019-11-04 07:33:21 - [MESSAGE][PASSED] - Object 'Object Repository/Pages/FirstPayVault/button_SearchVault' is visible&#xD;
&#xD;
2019-11-04 07:33:21 - [MESSAGE][INFO] - 1stPayVault_TestSuite.ts:waiting until Click on Search Vault is Clickable&#xD;
&#xD;
2019-11-04 07:33:21 - [MESSAGE][PASSED] - Object 'Object Repository/Pages/FirstPayVault/button_SearchVault' is clickable&#xD;
&#xD;
2019-11-04 07:33:21 - [MESSAGE][PASSED] - Object 'Object Repository/Pages/FirstPayVault/button_SearchVault' is visible&#xD;
&#xD;
2019-11-04 07:33:23 - [MESSAGE][PASSED] - Object: 'Object Repository/Pages/FirstPayVault/button_SearchVault' is clicked on&#xD;
&#xD;
2019-11-04 07:33:23 - [MESSAGE][INFO] - 1stPayVault_TestSuite.ts: Clicked on the Click on Search Vault&#xD;
&#xD;
2019-11-04 07:33:23 - [MESSAGE][PASSED] - utilities.SafeActions.safeClickwithScroll is PASSED&#xD;
&#xD;
2019-11-04 07:33:23 - [TEST_STEP][PASSED] - utilities.SafeActions.safeClickWithoutScroll(findTestObject("Pages/FirstPayVault/button_Search"), "Click On Search button", [PageLoadTime]): utilities.SafeActions.safeClickWithoutScroll is PASSED&#xD;
&#xD;
2019-11-04 07:33:23 - [MESSAGE][INFO] - Safe Click Without scroll&#xD;
&#xD;
2019-11-04 07:33:23 - [MESSAGE][INFO] - 1stPayVault_TestSuite.ts:waiting until Click On Search button is Clickable&#xD;
&#xD;
2019-11-04 07:33:23 - [MESSAGE][PASSED] - Object 'Object Repository/Pages/FirstPayVault/button_Search' is clickable&#xD;
&#xD;
2019-11-04 07:33:23 - [MESSAGE][PASSED] - Object 'Object Repository/Pages/FirstPayVault/button_Search' is visible&#xD;
&#xD;
2019-11-04 07:33:24 - [MESSAGE][PASSED] - Object: 'Object Repository/Pages/FirstPayVault/button_Search' is clicked on&#xD;
&#xD;
2019-11-04 07:33:24 - [MESSAGE][INFO] - 1stPayVault_TestSuite.ts: click on the Click On Search button&#xD;
&#xD;
2019-11-04 07:33:24 - [MESSAGE][PASSED] - utilities.SafeActions.safeClickWithoutScroll is PASSED&#xD;
&#xD;
2019-11-04 07:33:24 - [TEST_STEP][PASSED] - scrollToElement(findTestObject("Pages/Transaction_Management/invoice_ForTransaction"), PageLoadTime): Scroll to object 'Object Repository/Pages/Transaction_Management/invoice_ForTransaction' successfully&#xD;
&#xD;
2019-11-04 07:33:28 - [MESSAGE][PASSED] - Scroll to object 'Object Repository/Pages/Transaction_Management/invoice_ForTransaction' successfully&#xD;
&#xD;
2019-11-04 07:33:28 - [TEST_STEP][PASSED] - pages.FirstPayVault.verifyInvoiceRecord(findTestObject("Pages/FirstPayVault/footer_NextButton"), findTestObject("Pages/FirstPayVault/page_Number"), vaultReference): The Vault is found in page 1&#xD;
&#xD;
2019-11-04 07:33:29 - [MESSAGE][PASSED] - Text of object 'Object Repository/Pages/FirstPayVault/page_Number' is: 'Page 1 of 45'&#xD;
&#xD;
2019-11-04 07:33:29 - [MESSAGE][PASSED] - The Vault is found in page 1&#xD;
&#xD;
2019-11-04 07:33:30 - [TEST_STEP][PASSED] - delay(2): Delayed 2 second(s)&#xD;
&#xD;
2019-11-04 07:33:32 - [MESSAGE][PASSED] - Delayed 2 second(s)&#xD;
&#xD;
2019-11-04 07:33:32 - [TEST_STEP][PASSED] - pages.FirstPayVault.clickOnMakeAPayment(findTestObject("Pages/FirstPayVault/footer_NextButton"), findTestObject("Pages/FirstPayVault/page_Number"), vaultReference): Delayed 6 second(s)&#xD;
&#xD;
2019-11-04 07:33:33 - [MESSAGE][PASSED] - Text of object 'Object Repository/Pages/FirstPayVault/page_Number' is: 'Page 1 of 45'&#xD;
&#xD;
2019-11-04 07:33:33 - [MESSAGE][PASSED] - The Vault is found in page 1&#xD;
&#xD;
2019-11-04 07:33:39 - [MESSAGE][PASSED] - Delayed 6 second(s)&#xD;
&#xD;
2019-11-04 07:33:41 - [TEST_STEP][PASSED] - scrollToElement(findTestObject("Pages/FirstPayVault/input_Amount"), delayBetweenTestSteps): Scroll to object 'Object Repository/Pages/FirstPayVault/input_Amount' successfully&#xD;
&#xD;
2019-11-04 07:33:41 - [MESSAGE][PASSED] - Scroll to object 'Object Repository/Pages/FirstPayVault/input_Amount' successfully&#xD;
&#xD;
2019-11-04 07:33:41 - [TEST_STEP][PASSED] - utilities.SafeActions.safeType(findTestObject("Pages/FirstPayVault/input_Amount"), amount, "Enter Amount", [PageLoadTime]): utilities.SafeActions.safeType is PASSED&#xD;
&#xD;
2019-11-04 07:33:41 - [MESSAGE][PASSED] - Object 'Object Repository/Pages/FirstPayVault/input_Amount' is present&#xD;
&#xD;
2019-11-04 07:33:42 - [MESSAGE][PASSED] - Object 'Object Repository/Pages/FirstPayVault/input_Amount' is present&#xD;
&#xD;
2019-11-04 07:33:43 - [MESSAGE][PASSED] - Object: 'Object Repository/Pages/FirstPayVault/input_Amount' is clicked on&#xD;
&#xD;
2019-11-04 07:33:43 - [MESSAGE][PASSED] - Text '450' is set on object 'Object Repository/Pages/FirstPayVault/input_Amount'&#xD;
&#xD;
2019-11-04 07:33:43 - [MESSAGE][PASSED] - utilities.SafeActions.safeType is PASSED&#xD;
&#xD;
2019-11-04 07:33:43 - [TEST_STEP][PASSED] - scrollToElement(findTestObject("Pages/FirstPayVault/checkBox_SetUpRecurringPayment"), delayBetweenTestSteps): Scroll to object 'Object Repository/Pages/FirstPayVault/checkBox_SetUpRecurringPayment' successfully&#xD;
&#xD;
2019-11-04 07:33:43 - [MESSAGE][PASSED] - Scroll to object 'Object Repository/Pages/FirstPayVault/checkBox_SetUpRecurringPayment' successfully&#xD;
&#xD;
2019-11-04 07:33:43 - [TEST_STEP][PASSED] - utilities.SafeActions.safeCheckForElement(findTestObject("Pages/FirstPayVault/checkBox_SetUpRecurringPayment"), delayBetweenTestSteps): utilities.SafeActions.safeCheckForElement is PASSED&#xD;
&#xD;
2019-11-04 07:33:43 - [MESSAGE][PASSED] - Object 'Object Repository/Pages/FirstPayVault/checkBox_SetUpRecurringPayment' is present&#xD;
&#xD;
2019-11-04 07:33:43 - [MESSAGE][PASSED] - Object 'Object Repository/Pages/FirstPayVault/checkBox_SetUpRecurringPayment' is visible&#xD;
&#xD;
2019-11-04 07:33:43 - [MESSAGE][PASSED] - Object 'Object Repository/Pages/FirstPayVault/checkBox_SetUpRecurringPayment' is present&#xD;
&#xD;
2019-11-04 07:33:44 - [MESSAGE][PASSED] - Object 'Object Repository/Pages/FirstPayVault/checkBox_SetUpRecurringPayment' is checked&#xD;
&#xD;
2019-11-04 07:33:44 - [MESSAGE][PASSED] - utilities.SafeActions.safeCheckForElement is PASSED&#xD;
&#xD;
2019-11-04 07:33:44 - [TEST_STEP][PASSED] - utilities.SafeActions.safeClickwithScroll(findTestObject("Pages/FirstPayVault/button_Checkout"), "Click on Checkout", [delayBetweenTestSteps]): utilities.SafeActions.safeClickwithScroll is PASSED&#xD;
&#xD;
2019-11-04 07:33:44 - [MESSAGE][PASSED] - Object 'Object Repository/Pages/FirstPayVault/button_Checkout' is present&#xD;
&#xD;
2019-11-04 07:33:44 - [MESSAGE][PASSED] - Object 'Object Repository/Pages/FirstPayVault/button_Checkout' is visible&#xD;
&#xD;
2019-11-04 07:33:44 - [MESSAGE][INFO] - 1stPayVault_TestSuite.ts:waiting until Click on Checkout is Clickable&#xD;
&#xD;
2019-11-04 07:33:45 - [MESSAGE][PASSED] - Object 'Object Repository/Pages/FirstPayVault/button_Checkout' is clickable&#xD;
&#xD;
2019-11-04 07:33:45 - [MESSAGE][PASSED] - Object 'Object Repository/Pages/FirstPayVault/button_Checkout' is visible&#xD;
&#xD;
2019-11-04 07:33:46 - [MESSAGE][PASSED] - Object: 'Object Repository/Pages/FirstPayVault/button_Checkout' is clicked on&#xD;
&#xD;
2019-11-04 07:33:46 - [MESSAGE][INFO] - 1stPayVault_TestSuite.ts: Clicked on the Click on Checkout&#xD;
&#xD;
2019-11-04 07:33:46 - [MESSAGE][PASSED] - utilities.SafeActions.safeClickwithScroll is PASSED&#xD;
&#xD;
2019-11-04 07:33:46 - [TEST_STEP][PASSED] - pages.Sale.verifyTransactionCompletePage(findTestObject("Pages/Sale/heading_TransactionComplete")): The screen is Transaction Complete screen&#xD;
&#xD;
2019-11-04 07:33:46 - [MESSAGE][PASSED] - Object 'Object Repository/Pages/Sale/heading_TransactionComplete' is present&#xD;
&#xD;
2019-11-04 07:33:47 - [MESSAGE][PASSED] - The screen is Transaction Complete screen&#xD;
&#xD;
2019-11-04 07:33:47 - [TEST_STEP][PASSED] - delay(2): Delayed 2 second(s)&#xD;
&#xD;
2019-11-04 07:33:49 - [MESSAGE][PASSED] - Delayed 2 second(s)&#xD;
&#xD;
2019-11-04 07:33:49 - [TEST_STEP][PASSED] - scrollToElement(findTestObject("Pages/Sale/label_RecurringPayment_TransactionCompleteScreen"), delayBetweenTestSteps): Scroll to object 'Object Repository/Pages/Sale/label_RecurringPayment_TransactionCompleteScreen' successfully&#xD;
&#xD;
2019-11-04 07:33:49 - [MESSAGE][PASSED] - Scroll to object 'Object Repository/Pages/Sale/label_RecurringPayment_TransactionCompleteScreen' successfully&#xD;
&#xD;
2019-11-04 07:33:49 - [TEST_STEP][PASSED] - utilities.SafeActions.safeClickWithoutScroll(findTestObject("Pages/FirstPayVault/date_StartDate"), "Click on Date Input", [PageLoadTime]): utilities.SafeActions.safeClickWithoutScroll is PASSED&#xD;
&#xD;
2019-11-04 07:33:49 - [MESSAGE][INFO] - Safe Click Without scroll&#xD;
&#xD;
2019-11-04 07:33:49 - [MESSAGE][INFO] - 1stPayVault_TestSuite.ts:waiting until Click on Date Input is Clickable&#xD;
&#xD;
2019-11-04 07:33:49 - [MESSAGE][PASSED] - Object 'Object Repository/Pages/FirstPayVault/date_StartDate' is clickable&#xD;
&#xD;
2019-11-04 07:33:49 - [MESSAGE][PASSED] - Object 'Object Repository/Pages/FirstPayVault/date_StartDate' is visible&#xD;
&#xD;
2019-11-04 07:33:50 - [MESSAGE][PASSED] - Object: 'Object Repository/Pages/FirstPayVault/date_StartDate' is clicked on&#xD;
&#xD;
2019-11-04 07:33:50 - [MESSAGE][INFO] - 1stPayVault_TestSuite.ts: click on the Click on Date Input&#xD;
&#xD;
2019-11-04 07:33:50 - [MESSAGE][PASSED] - utilities.SafeActions.safeClickWithoutScroll is PASSED&#xD;
&#xD;
2019-11-04 07:33:50 - [TEST_STEP][PASSED] - pages.Sale.selectMonthYear(findTestObject("Pages/Sale/link_MonthYear"), findTestObject("Pages/Sale/calender_NextButton"), cardMonth, cardYear): pages.Sale.selectMonthYear is PASSED&#xD;
&#xD;
2019-11-04 07:33:50 - [MESSAGE][PASSED] - Text of object 'Object Repository/Pages/Sale/link_MonthYear' is: 'November 2019'&#xD;
&#xD;
2019-11-04 07:33:50 - [MESSAGE][PASSED] - Object: 'Object Repository/Pages/Sale/calender_NextButton' is clicked on&#xD;
&#xD;
2019-11-04 07:33:51 - [MESSAGE][PASSED] - Text of object 'Object Repository/Pages/Sale/link_MonthYear' is: 'December 2019'&#xD;
&#xD;
2019-11-04 07:33:51 - [MESSAGE][PASSED] - Object: 'Object Repository/Pages/Sale/calender_NextButton' is clicked on&#xD;
&#xD;
2019-11-04 07:33:51 - [MESSAGE][PASSED] - Text of object 'Object Repository/Pages/Sale/link_MonthYear' is: 'January 2020'&#xD;
&#xD;
2019-11-04 07:33:51 - [MESSAGE][PASSED] - Object: 'Object Repository/Pages/Sale/calender_NextButton' is clicked on&#xD;
&#xD;
2019-11-04 07:33:51 - [MESSAGE][PASSED] - Text of object 'Object Repository/Pages/Sale/link_MonthYear' is: 'February 2020'&#xD;
&#xD;
2019-11-04 07:33:51 - [MESSAGE][PASSED] - Object: 'Object Repository/Pages/Sale/calender_NextButton' is clicked on&#xD;
&#xD;
2019-11-04 07:33:51 - [MESSAGE][PASSED] - Text of object 'Object Repository/Pages/Sale/link_MonthYear' is: 'March 2020'&#xD;
&#xD;
2019-11-04 07:33:52 - [MESSAGE][PASSED] - Object: 'Object Repository/Pages/Sale/calender_NextButton' is clicked on&#xD;
&#xD;
2019-11-04 07:33:52 - [MESSAGE][PASSED] - Text of object 'Object Repository/Pages/Sale/link_MonthYear' is: 'April 2020'&#xD;
&#xD;
2019-11-04 07:33:52 - [MESSAGE][PASSED] - Object: 'Object Repository/Pages/Sale/calender_NextButton' is clicked on&#xD;
&#xD;
2019-11-04 07:33:52 - [MESSAGE][PASSED] - Text of object 'Object Repository/Pages/Sale/link_MonthYear' is: 'May 2020'&#xD;
&#xD;
2019-11-04 07:33:52 - [MESSAGE][PASSED] - Object: 'Object Repository/Pages/Sale/calender_NextButton' is clicked on&#xD;
&#xD;
2019-11-04 07:33:52 - [MESSAGE][PASSED] - Text of object 'Object Repository/Pages/Sale/link_MonthYear' is: 'June 2020'&#xD;
&#xD;
2019-11-04 07:33:52 - [MESSAGE][PASSED] - Object: 'Object Repository/Pages/Sale/calender_NextButton' is clicked on&#xD;
&#xD;
2019-11-04 07:33:52 - [MESSAGE][PASSED] - Text of object 'Object Repository/Pages/Sale/link_MonthYear' is: 'July 2020'&#xD;
&#xD;
2019-11-04 07:33:53 - [MESSAGE][PASSED] - Object: 'Object Repository/Pages/Sale/calender_NextButton' is clicked on&#xD;
&#xD;
2019-11-04 07:33:53 - [MESSAGE][PASSED] - Text of object 'Object Repository/Pages/Sale/link_MonthYear' is: 'August 2020'&#xD;
&#xD;
2019-11-04 07:33:53 - [MESSAGE][PASSED] - Object: 'Object Repository/Pages/Sale/calender_NextButton' is clicked on&#xD;
&#xD;
2019-11-04 07:33:53 - [MESSAGE][PASSED] - Text of object 'Object Repository/Pages/Sale/link_MonthYear' is: 'September 2020'&#xD;
&#xD;
2019-11-04 07:33:53 - [MESSAGE][PASSED] - Object: 'Object Repository/Pages/Sale/calender_NextButton' is clicked on&#xD;
&#xD;
2019-11-04 07:33:53 - [MESSAGE][PASSED] - Text of object 'Object Repository/Pages/Sale/link_MonthYear' is: 'October 2020'&#xD;
&#xD;
2019-11-04 07:33:54 - [MESSAGE][PASSED] - Object: 'Object Repository/Pages/Sale/calender_NextButton' is clicked on&#xD;
&#xD;
2019-11-04 07:33:54 - [MESSAGE][PASSED] - Text of object 'Object Repository/Pages/Sale/link_MonthYear' is: 'November 2020'&#xD;
&#xD;
2019-11-04 07:33:54 - [MESSAGE][PASSED] - Object: 'Object Repository/Pages/Sale/calender_NextButton' is clicked on&#xD;
&#xD;
2019-11-04 07:33:54 - [MESSAGE][PASSED] - Text of object 'Object Repository/Pages/Sale/link_MonthYear' is: 'December 2020'&#xD;
&#xD;
2019-11-04 07:33:54 - [MESSAGE][PASSED] - Object: 'Object Repository/Pages/Sale/calender_NextButton' is clicked on&#xD;
&#xD;
2019-11-04 07:33:54 - [MESSAGE][PASSED] - Text of object 'Object Repository/Pages/Sale/link_MonthYear' is: 'January 2021'&#xD;
&#xD;
2019-11-04 07:33:54 - [MESSAGE][PASSED] - Object: 'Object Repository/Pages/Sale/calender_NextButton' is clicked on&#xD;
&#xD;
2019-11-04 07:33:54 - [MESSAGE][PASSED] - Text of object 'Object Repository/Pages/Sale/link_MonthYear' is: 'February 2021'&#xD;
&#xD;
2019-11-04 07:33:55 - [MESSAGE][PASSED] - Object: 'Object Repository/Pages/Sale/calender_NextButton' is clicked on&#xD;
&#xD;
2019-11-04 07:33:55 - [MESSAGE][PASSED] - Text of object 'Object Repository/Pages/Sale/link_MonthYear' is: 'March 2021'&#xD;
&#xD;
2019-11-04 07:33:55 - [MESSAGE][PASSED] - Object: 'Object Repository/Pages/Sale/calender_NextButton' is clicked on&#xD;
&#xD;
2019-11-04 07:33:55 - [MESSAGE][PASSED] - Text of object 'Object Repository/Pages/Sale/link_MonthYear' is: 'April 2021'&#xD;
&#xD;
2019-11-04 07:33:55 - [MESSAGE][PASSED] - Object: 'Object Repository/Pages/Sale/calender_NextButton' is clicked on&#xD;
&#xD;
2019-11-04 07:33:55 - [MESSAGE][PASSED] - Text of object 'Object Repository/Pages/Sale/link_MonthYear' is: 'May 2021'&#xD;
&#xD;
2019-11-04 07:33:55 - [MESSAGE][PASSED] - Object: 'Object Repository/Pages/Sale/calender_NextButton' is clicked on&#xD;
&#xD;
2019-11-04 07:33:55 - [MESSAGE][PASSED] - Text of object 'Object Repository/Pages/Sale/link_MonthYear' is: 'June 2021'&#xD;
&#xD;
2019-11-04 07:33:56 - [MESSAGE][PASSED] - Object: 'Object Repository/Pages/Sale/calender_NextButton' is clicked on&#xD;
&#xD;
2019-11-04 07:33:56 - [MESSAGE][PASSED] - Text of object 'Object Repository/Pages/Sale/link_MonthYear' is: 'July 2021'&#xD;
&#xD;
2019-11-04 07:33:56 - [MESSAGE][PASSED] - Object: 'Object Repository/Pages/Sale/calender_NextButton' is clicked on&#xD;
&#xD;
2019-11-04 07:33:56 - [MESSAGE][PASSED] - Text of object 'Object Repository/Pages/Sale/link_MonthYear' is: 'August 2021'&#xD;
&#xD;
2019-11-04 07:33:56 - [MESSAGE][PASSED] - Object: 'Object Repository/Pages/Sale/calender_NextButton' is clicked on&#xD;
&#xD;
2019-11-04 07:33:56 - [MESSAGE][PASSED] - Text of object 'Object Repository/Pages/Sale/link_MonthYear' is: 'September 2021'&#xD;
&#xD;
2019-11-04 07:33:57 - [MESSAGE][PASSED] - Object: 'Object Repository/Pages/Sale/calender_NextButton' is clicked on&#xD;
&#xD;
2019-11-04 07:33:57 - [MESSAGE][PASSED] - Text of object 'Object Repository/Pages/Sale/link_MonthYear' is: 'October 2021'&#xD;
&#xD;
2019-11-04 07:33:57 - [MESSAGE][PASSED] - Object: 'Object Repository/Pages/Sale/calender_NextButton' is clicked on&#xD;
&#xD;
2019-11-04 07:33:57 - [MESSAGE][PASSED] - Text of object 'Object Repository/Pages/Sale/link_MonthYear' is: 'November 2021'&#xD;
&#xD;
2019-11-04 07:33:57 - [MESSAGE][PASSED] - Object: 'Object Repository/Pages/Sale/calender_NextButton' is clicked on&#xD;
&#xD;
2019-11-04 07:33:57 - [MESSAGE][PASSED] - Text of object 'Object Repository/Pages/Sale/link_MonthYear' is: 'December 2021'&#xD;
&#xD;
2019-11-04 07:33:57 - [MESSAGE][PASSED] - Object: 'Object Repository/Pages/Sale/calender_NextButton' is clicked on&#xD;
&#xD;
2019-11-04 07:33:57 - [MESSAGE][PASSED] - Text of object 'Object Repository/Pages/Sale/link_MonthYear' is: 'January 2022'&#xD;
&#xD;
2019-11-04 07:33:58 - [MESSAGE][PASSED] - Object: 'Object Repository/Pages/Sale/calender_NextButton' is clicked on&#xD;
&#xD;
2019-11-04 07:33:58 - [MESSAGE][PASSED] - Text of object 'Object Repository/Pages/Sale/link_MonthYear' is: 'February 2022'&#xD;
&#xD;
2019-11-04 07:33:58 - [MESSAGE][PASSED] - Object: 'Object Repository/Pages/Sale/calender_NextButton' is clicked on&#xD;
&#xD;
2019-11-04 07:33:58 - [MESSAGE][PASSED] - Text of object 'Object Repository/Pages/Sale/link_MonthYear' is: 'March 2022'&#xD;
&#xD;
2019-11-04 07:33:58 - [MESSAGE][PASSED] - Object: 'Object Repository/Pages/Sale/calender_NextButton' is clicked on&#xD;
&#xD;
2019-11-04 07:33:58 - [MESSAGE][PASSED] - Text of object 'Object Repository/Pages/Sale/link_MonthYear' is: 'April 2022'&#xD;
&#xD;
2019-11-04 07:33:58 - [MESSAGE][PASSED] - Object: 'Object Repository/Pages/Sale/calender_NextButton' is clicked on&#xD;
&#xD;
2019-11-04 07:33:58 - [MESSAGE][PASSED] - Text of object 'Object Repository/Pages/Sale/link_MonthYear' is: 'May 2022'&#xD;
&#xD;
2019-11-04 07:33:59 - [MESSAGE][PASSED] - Object: 'Object Repository/Pages/Sale/calender_NextButton' is clicked on&#xD;
&#xD;
2019-11-04 07:33:59 - [MESSAGE][PASSED] - Text of object 'Object Repository/Pages/Sale/link_MonthYear' is: 'June 2022'&#xD;
&#xD;
2019-11-04 07:33:59 - [MESSAGE][PASSED] - Object: 'Object Repository/Pages/Sale/calender_NextButton' is clicked on&#xD;
&#xD;
2019-11-04 07:33:59 - [MESSAGE][PASSED] - Text of object 'Object Repository/Pages/Sale/link_MonthYear' is: 'July 2022'&#xD;
&#xD;
2019-11-04 07:33:59 - [MESSAGE][PASSED] - Object: 'Object Repository/Pages/Sale/calender_NextButton' is clicked on&#xD;
&#xD;
2019-11-04 07:33:59 - [MESSAGE][PASSED] - Text of object 'Object Repository/Pages/Sale/link_MonthYear' is: 'August 2022'&#xD;
&#xD;
2019-11-04 07:34:00 - [MESSAGE][PASSED] - Object: 'Object Repository/Pages/Sale/calender_NextButton' is clicked on&#xD;
&#xD;
2019-11-04 07:34:00 - [MESSAGE][PASSED] - Text of object 'Object Repository/Pages/Sale/link_MonthYear' is: 'September 2022'&#xD;
&#xD;
2019-11-04 07:34:00 - [MESSAGE][PASSED] - Object: 'Object Repository/Pages/Sale/calender_NextButton' is clicked on&#xD;
&#xD;
2019-11-04 07:34:00 - [MESSAGE][PASSED] - Text of object 'Object Repository/Pages/Sale/link_MonthYear' is: 'October 2022'&#xD;
&#xD;
2019-11-04 07:34:00 - [MESSAGE][PASSED] - Object: 'Object Repository/Pages/Sale/calender_NextButton' is clicked on&#xD;
&#xD;
2019-11-04 07:34:00 - [MESSAGE][PASSED] - Text of object 'Object Repository/Pages/Sale/link_MonthYear' is: 'November 2022'&#xD;
&#xD;
2019-11-04 07:34:00 - [MESSAGE][PASSED] - Object: 'Object Repository/Pages/Sale/calender_NextButton' is clicked on&#xD;
&#xD;
2019-11-04 07:34:01 - [MESSAGE][PASSED] - Text of object 'Object Repository/Pages/Sale/link_MonthYear' is: 'December 2022'&#xD;
&#xD;
2019-11-04 07:34:01 - [MESSAGE][PASSED] - Object: 'Object Repository/Pages/Sale/calender_NextButton' is clicked on&#xD;
&#xD;
2019-11-04 07:34:01 - [MESSAGE][PASSED] - Text of object 'Object Repository/Pages/Sale/link_MonthYear' is: 'January 2023'&#xD;
&#xD;
2019-11-04 07:34:01 - [MESSAGE][PASSED] - Object: 'Object Repository/Pages/Sale/calender_NextButton' is clicked on&#xD;
&#xD;
2019-11-04 07:34:01 - [MESSAGE][PASSED] - Text of object 'Object Repository/Pages/Sale/link_MonthYear' is: 'February 2023'&#xD;
&#xD;
2019-11-04 07:34:01 - [MESSAGE][PASSED] - Object: 'Object Repository/Pages/Sale/calender_NextButton' is clicked on&#xD;
&#xD;
2019-11-04 07:34:01 - [MESSAGE][PASSED] - Text of object 'Object Repository/Pages/Sale/link_MonthYear' is: 'March 2023'&#xD;
&#xD;
2019-11-04 07:34:02 - [MESSAGE][PASSED] - Object: 'Object Repository/Pages/Sale/calender_NextButton' is clicked on&#xD;
&#xD;
2019-11-04 07:34:02 - [MESSAGE][PASSED] - Text of object 'Object Repository/Pages/Sale/link_MonthYear' is: 'April 2023'&#xD;
&#xD;
2019-11-04 07:34:02 - [MESSAGE][PASSED] - Object: 'Object Repository/Pages/Sale/calender_NextButton' is clicked on&#xD;
&#xD;
2019-11-04 07:34:02 - [MESSAGE][PASSED] - Text of object 'Object Repository/Pages/Sale/link_MonthYear' is: 'May 2023'&#xD;
&#xD;
2019-11-04 07:34:02 - [MESSAGE][PASSED] - Object: 'Object Repository/Pages/Sale/calender_NextButton' is clicked on&#xD;
&#xD;
2019-11-04 07:34:02 - [MESSAGE][PASSED] - Text of object 'Object Repository/Pages/Sale/link_MonthYear' is: 'June 2023'&#xD;
&#xD;
2019-11-04 07:34:02 - [MESSAGE][PASSED] - Object: 'Object Repository/Pages/Sale/calender_NextButton' is clicked on&#xD;
&#xD;
2019-11-04 07:34:02 - [MESSAGE][PASSED] - Text of object 'Object Repository/Pages/Sale/link_MonthYear' is: 'July 2023'&#xD;
&#xD;
2019-11-04 07:34:03 - [MESSAGE][PASSED] - Object: 'Object Repository/Pages/Sale/calender_NextButton' is clicked on&#xD;
&#xD;
2019-11-04 07:34:03 - [MESSAGE][PASSED] - Text of object 'Object Repository/Pages/Sale/link_MonthYear' is: 'August 2023'&#xD;
&#xD;
2019-11-04 07:34:03 - [MESSAGE][PASSED] - Object: 'Object Repository/Pages/Sale/calender_NextButton' is clicked on&#xD;
&#xD;
2019-11-04 07:34:03 - [MESSAGE][PASSED] - Text of object 'Object Repository/Pages/Sale/link_MonthYear' is: 'September 2023'&#xD;
&#xD;
2019-11-04 07:34:03 - [MESSAGE][PASSED] - Object: 'Object Repository/Pages/Sale/calender_NextButton' is clicked on&#xD;
&#xD;
2019-11-04 07:34:03 - [MESSAGE][PASSED] - Text of object 'Object Repository/Pages/Sale/link_MonthYear' is: 'October 2023'&#xD;
&#xD;
2019-11-04 07:34:04 - [MESSAGE][PASSED] - Object: 'Object Repository/Pages/Sale/calender_NextButton' is clicked on&#xD;
&#xD;
2019-11-04 07:34:04 - [MESSAGE][PASSED] - Text of object 'Object Repository/Pages/Sale/link_MonthYear' is: 'November 2023'&#xD;
&#xD;
2019-11-04 07:34:05 - [MESSAGE][PASSED] - Object: 'Object Repository/Pages/Sale/calender_NextButton' is clicked on&#xD;
&#xD;
2019-11-04 07:34:05 - [MESSAGE][PASSED] - Text of object 'Object Repository/Pages/Sale/link_MonthYear' is: 'December 2023'&#xD;
&#xD;
2019-11-04 07:34:05 - [MESSAGE][PASSED] - Object: 'Object Repository/Pages/Sale/calender_NextButton' is clicked on&#xD;
&#xD;
2019-11-04 07:34:05 - [MESSAGE][PASSED] - Text of object 'Object Repository/Pages/Sale/link_MonthYear' is: 'January 2024'&#xD;
&#xD;
2019-11-04 07:34:05 - [MESSAGE][PASSED] - Object: 'Object Repository/Pages/Sale/calender_NextButton' is clicked on&#xD;
&#xD;
2019-11-04 07:34:05 - [MESSAGE][PASSED] - Text of object 'Object Repository/Pages/Sale/link_MonthYear' is: 'February 2024'&#xD;
&#xD;
2019-11-04 07:34:06 - [MESSAGE][PASSED] - Object: 'Object Repository/Pages/Sale/calender_NextButton' is clicked on&#xD;
&#xD;
2019-11-04 07:34:06 - [MESSAGE][PASSED] - Text of object 'Object Repository/Pages/Sale/link_MonthYear' is: 'March 2024'&#xD;
&#xD;
2019-11-04 07:34:06 - [MESSAGE][PASSED] - Object: 'Object Repository/Pages/Sale/calender_NextButton' is clicked on&#xD;
&#xD;
2019-11-04 07:34:06 - [MESSAGE][PASSED] - Text of object 'Object Repository/Pages/Sale/link_MonthYear' is: 'April 2024'&#xD;
&#xD;
2019-11-04 07:34:06 - [MESSAGE][PASSED] - Object: 'Object Repository/Pages/Sale/calender_NextButton' is clicked on&#xD;
&#xD;
2019-11-04 07:34:06 - [MESSAGE][PASSED] - Text of object 'Object Repository/Pages/Sale/link_MonthYear' is: 'May 2024'&#xD;
&#xD;
2019-11-04 07:34:07 - [MESSAGE][PASSED] - Object: 'Object Repository/Pages/Sale/calender_NextButton' is clicked on&#xD;
&#xD;
2019-11-04 07:34:07 - [MESSAGE][PASSED] - Text of object 'Object Repository/Pages/Sale/link_MonthYear' is: 'June 2024'&#xD;
&#xD;
2019-11-04 07:34:07 - [MESSAGE][PASSED] - Object: 'Object Repository/Pages/Sale/calender_NextButton' is clicked on&#xD;
&#xD;
2019-11-04 07:34:07 - [MESSAGE][PASSED] - Text of object 'Object Repository/Pages/Sale/link_MonthYear' is: 'July 2024'&#xD;
&#xD;
2019-11-04 07:34:07 - [MESSAGE][PASSED] - Object: 'Object Repository/Pages/Sale/calender_NextButton' is clicked on&#xD;
&#xD;
2019-11-04 07:34:07 - [MESSAGE][PASSED] - Text of object 'Object Repository/Pages/Sale/link_MonthYear' is: 'August 2024'&#xD;
&#xD;
2019-11-04 07:34:08 - [MESSAGE][PASSED] - Object: 'Object Repository/Pages/Sale/calender_NextButton' is clicked on&#xD;
&#xD;
2019-11-04 07:34:08 - [MESSAGE][PASSED] - Text of object 'Object Repository/Pages/Sale/link_MonthYear' is: 'September 2024'&#xD;
&#xD;
2019-11-04 07:34:08 - [MESSAGE][PASSED] - Object: 'Object Repository/Pages/Sale/calender_NextButton' is clicked on&#xD;
&#xD;
2019-11-04 07:34:08 - [MESSAGE][PASSED] - Text of object 'Object Repository/Pages/Sale/link_MonthYear' is: 'October 2024'&#xD;
&#xD;
2019-11-04 07:34:08 - [MESSAGE][PASSED] - Object: 'Object Repository/Pages/Sale/calender_NextButton' is clicked on&#xD;
&#xD;
2019-11-04 07:34:08 - [MESSAGE][PASSED] - Text of object 'Object Repository/Pages/Sale/link_MonthYear' is: 'November 2024'&#xD;
&#xD;
2019-11-04 07:34:08 - [MESSAGE][PASSED] - Object: 'Object Repository/Pages/Sale/calender_NextButton' is clicked on&#xD;
&#xD;
2019-11-04 07:34:08 - [MESSAGE][PASSED] - Text of object 'Object Repository/Pages/Sale/link_MonthYear' is: 'December 2024'&#xD;
&#xD;
2019-11-04 07:34:09 - [MESSAGE][PASSED] - Object: 'Object Repository/Pages/Sale/calender_NextButton' is clicked on&#xD;
&#xD;
2019-11-04 07:34:09 - [MESSAGE][PASSED] - Text of object 'Object Repository/Pages/Sale/link_MonthYear' is: 'January 2025'&#xD;
&#xD;
2019-11-04 07:34:09 - [MESSAGE][PASSED] - Object: 'Object Repository/Pages/Sale/calender_NextButton' is clicked on&#xD;
&#xD;
2019-11-04 07:34:09 - [MESSAGE][PASSED] - Text of object 'Object Repository/Pages/Sale/link_MonthYear' is: 'February 2025'&#xD;
&#xD;
2019-11-04 07:34:09 - [MESSAGE][PASSED] - Object: 'Object Repository/Pages/Sale/calender_NextButton' is clicked on&#xD;
&#xD;
2019-11-04 07:34:09 - [MESSAGE][PASSED] - Text of object 'Object Repository/Pages/Sale/link_MonthYear' is: 'March 2025'&#xD;
&#xD;
2019-11-04 07:34:10 - [MESSAGE][PASSED] - Object: 'Object Repository/Pages/Sale/calender_NextButton' is clicked on&#xD;
&#xD;
2019-11-04 07:34:10 - [MESSAGE][PASSED] - Text of object 'Object Repository/Pages/Sale/link_MonthYear' is: 'April 2025'&#xD;
&#xD;
2019-11-04 07:34:10 - [MESSAGE][PASSED] - Object: 'Object Repository/Pages/Sale/calender_NextButton' is clicked on&#xD;
&#xD;
2019-11-04 07:34:10 - [MESSAGE][PASSED] - Text of object 'Object Repository/Pages/Sale/link_MonthYear' is: 'May 2025'&#xD;
&#xD;
2019-11-04 07:34:10 - [MESSAGE][PASSED] - Object: 'Object Repository/Pages/Sale/calender_NextButton' is clicked on&#xD;
&#xD;
2019-11-04 07:34:10 - [MESSAGE][PASSED] - Text of object 'Object Repository/Pages/Sale/link_MonthYear' is: 'June 2025'&#xD;
&#xD;
2019-11-04 07:34:10 - [MESSAGE][PASSED] - Object: 'Object Repository/Pages/Sale/calender_NextButton' is clicked on&#xD;
&#xD;
2019-11-04 07:34:10 - [MESSAGE][PASSED] - Text of object 'Object Repository/Pages/Sale/link_MonthYear' is: 'July 2025'&#xD;
&#xD;
2019-11-04 07:34:11 - [MESSAGE][PASSED] - Object: 'Object Repository/Pages/Sale/calender_NextButton' is clicked on&#xD;
&#xD;
2019-11-04 07:34:11 - [MESSAGE][PASSED] - Text of object 'Object Repository/Pages/Sale/link_MonthYear' is: 'August 2025'&#xD;
&#xD;
2019-11-04 07:34:11 - [MESSAGE][PASSED] - Object: 'Object Repository/Pages/Sale/calender_NextButton' is clicked on&#xD;
&#xD;
2019-11-04 07:34:11 - [MESSAGE][PASSED] - Text of object 'Object Repository/Pages/Sale/link_MonthYear' is: 'September 2025'&#xD;
&#xD;
2019-11-04 07:34:11 - [MESSAGE][PASSED] - Object: 'Object Repository/Pages/Sale/calender_NextButton' is clicked on&#xD;
&#xD;
2019-11-04 07:34:11 - [MESSAGE][PASSED] - Text of object 'Object Repository/Pages/Sale/link_MonthYear' is: 'October 2025'&#xD;
&#xD;
2019-11-04 07:34:11 - [MESSAGE][PASSED] - Object: 'Object Repository/Pages/Sale/calender_NextButton' is clicked on&#xD;
&#xD;
2019-11-04 07:34:11 - [MESSAGE][PASSED] - Text of object 'Object Repository/Pages/Sale/link_MonthYear' is: 'November 2025'&#xD;
&#xD;
2019-11-04 07:34:12 - [MESSAGE][PASSED] - Object: 'Object Repository/Pages/Sale/calender_NextButton' is clicked on&#xD;
&#xD;
2019-11-04 07:34:12 - [MESSAGE][PASSED] - Text of object 'Object Repository/Pages/Sale/link_MonthYear' is: 'December 2025'&#xD;
&#xD;
2019-11-04 07:34:12 - [MESSAGE][PASSED] - Object: 'Object Repository/Pages/Sale/calender_NextButton' is clicked on&#xD;
&#xD;
2019-11-04 07:34:12 - [MESSAGE][PASSED] - Text of object 'Object Repository/Pages/Sale/link_MonthYear' is: 'January 2026'&#xD;
&#xD;
2019-11-04 07:34:12 - [MESSAGE][PASSED] - Object: 'Object Repository/Pages/Sale/calender_NextButton' is clicked on&#xD;
&#xD;
2019-11-04 07:34:12 - [MESSAGE][PASSED] - Text of object 'Object Repository/Pages/Sale/link_MonthYear' is: 'February 2026'&#xD;
&#xD;
2019-11-04 07:34:13 - [MESSAGE][PASSED] - Object: 'Object Repository/Pages/Sale/calender_NextButton' is clicked on&#xD;
&#xD;
2019-11-04 07:34:13 - [MESSAGE][PASSED] - Text of object 'Object Repository/Pages/Sale/link_MonthYear' is: 'March 2026'&#xD;
&#xD;
2019-11-04 07:34:13 - [MESSAGE][PASSED] - Object: 'Object Repository/Pages/Sale/calender_NextButton' is clicked on&#xD;
&#xD;
2019-11-04 07:34:13 - [MESSAGE][PASSED] - Text of object 'Object Repository/Pages/Sale/link_MonthYear' is: 'April 2026'&#xD;
&#xD;
2019-11-04 07:34:13 - [MESSAGE][PASSED] - Object: 'Object Repository/Pages/Sale/calender_NextButton' is clicked on&#xD;
&#xD;
2019-11-04 07:34:13 - [MESSAGE][PASSED] - Text of object 'Object Repository/Pages/Sale/link_MonthYear' is: 'May 2026'&#xD;
&#xD;
2019-11-04 07:34:13 - [MESSAGE][PASSED] - Object: 'Object Repository/Pages/Sale/calender_NextButton' is clicked on&#xD;
&#xD;
2019-11-04 07:34:13 - [MESSAGE][PASSED] - Text of object 'Object Repository/Pages/Sale/link_MonthYear' is: 'June 2026'&#xD;
&#xD;
2019-11-04 07:34:14 - [MESSAGE][PASSED] - Object: 'Object Repository/Pages/Sale/calender_NextButton' is clicked on&#xD;
&#xD;
2019-11-04 07:34:14 - [MESSAGE][PASSED] - Text of object 'Object Repository/Pages/Sale/link_MonthYear' is: 'July 2026'&#xD;
&#xD;
2019-11-04 07:34:14 - [MESSAGE][PASSED] - Object: 'Object Repository/Pages/Sale/calender_NextButton' is clicked on&#xD;
&#xD;
2019-11-04 07:34:14 - [MESSAGE][PASSED] - Text of object 'Object Repository/Pages/Sale/link_MonthYear' is: 'August 2026'&#xD;
&#xD;
2019-11-04 07:34:14 - [MESSAGE][PASSED] - Object: 'Object Repository/Pages/Sale/calender_NextButton' is clicked on&#xD;
&#xD;
2019-11-04 07:34:14 - [MESSAGE][PASSED] - Text of object 'Object Repository/Pages/Sale/link_MonthYear' is: 'September 2026'&#xD;
&#xD;
2019-11-04 07:34:14 - [MESSAGE][PASSED] - Object: 'Object Repository/Pages/Sale/calender_NextButton' is clicked on&#xD;
&#xD;
2019-11-04 07:34:14 - [MESSAGE][PASSED] - Text of object 'Object Repository/Pages/Sale/link_MonthYear' is: 'October 2026'&#xD;
&#xD;
2019-11-04 07:34:15 - [MESSAGE][PASSED] - Object: 'Object Repository/Pages/Sale/calender_NextButton' is clicked on&#xD;
&#xD;
2019-11-04 07:34:15 - [MESSAGE][PASSED] - Text of object 'Object Repository/Pages/Sale/link_MonthYear' is: 'November 2026'&#xD;
&#xD;
2019-11-04 07:34:15 - [MESSAGE][PASSED] - Object: 'Object Repository/Pages/Sale/calender_NextButton' is clicked on&#xD;
&#xD;
2019-11-04 07:34:15 - [MESSAGE][PASSED] - Text of object 'Object Repository/Pages/Sale/link_MonthYear' is: 'December 2026'&#xD;
&#xD;
2019-11-04 07:34:15 - [MESSAGE][PASSED] - Object: 'Object Repository/Pages/Sale/calender_NextButton' is clicked on&#xD;
&#xD;
2019-11-04 07:34:15 - [MESSAGE][PASSED] - Text of object 'Object Repository/Pages/Sale/link_MonthYear' is: 'January 2027'&#xD;
&#xD;
2019-11-04 07:34:15 - [MESSAGE][PASSED] - Object: 'Object Repository/Pages/Sale/calender_NextButton' is clicked on&#xD;
&#xD;
2019-11-04 07:34:15 - [MESSAGE][PASSED] - Text of object 'Object Repository/Pages/Sale/link_MonthYear' is: 'February 2027'&#xD;
&#xD;
2019-11-04 07:34:16 - [MESSAGE][PASSED] - Object: 'Object Repository/Pages/Sale/calender_NextButton' is clicked on&#xD;
&#xD;
2019-11-04 07:34:16 - [MESSAGE][PASSED] - Text of object 'Object Repository/Pages/Sale/link_MonthYear' is: 'March 2027'&#xD;
&#xD;
2019-11-04 07:34:16 - [MESSAGE][PASSED] - Object: 'Object Repository/Pages/Sale/calender_NextButton' is clicked on&#xD;
&#xD;
2019-11-04 07:34:16 - [MESSAGE][PASSED] - Text of object 'Object Repository/Pages/Sale/link_MonthYear' is: 'April 2027'&#xD;
&#xD;
2019-11-04 07:34:16 - [MESSAGE][PASSED] - Object: 'Object Repository/Pages/Sale/calender_NextButton' is clicked on&#xD;
&#xD;
2019-11-04 07:34:16 - [MESSAGE][PASSED] - Text of object 'Object Repository/Pages/Sale/link_MonthYear' is: 'May 2027'&#xD;
&#xD;
2019-11-04 07:34:16 - [MESSAGE][PASSED] - Object: 'Object Repository/Pages/Sale/calender_NextButton' is clicked on&#xD;
&#xD;
2019-11-04 07:34:16 - [MESSAGE][PASSED] - Text of object 'Object Repository/Pages/Sale/link_MonthYear' is: 'June 2027'&#xD;
&#xD;
2019-11-04 07:34:17 - [MESSAGE][PASSED] - Object: 'Object Repository/Pages/Sale/calender_NextButton' is clicked on&#xD;
&#xD;
2019-11-04 07:34:17 - [MESSAGE][PASSED] - Text of object 'Object Repository/Pages/Sale/link_MonthYear' is: 'July 2027'&#xD;
&#xD;
2019-11-04 07:34:17 - [MESSAGE][PASSED] - Object: 'Object Repository/Pages/Sale/calender_NextButton' is clicked on&#xD;
&#xD;
2019-11-04 07:34:17 - [MESSAGE][PASSED] - Text of object 'Object Repository/Pages/Sale/link_MonthYear' is: 'August 2027'&#xD;
&#xD;
2019-11-04 07:34:17 - [MESSAGE][PASSED] - Object: 'Object Repository/Pages/Sale/calender_NextButton' is clicked on&#xD;
&#xD;
2019-11-04 07:34:17 - [MESSAGE][PASSED] - Text of object 'Object Repository/Pages/Sale/link_MonthYear' is: 'September 2027'&#xD;
&#xD;
2019-11-04 07:34:18 - [MESSAGE][PASSED] - Object: 'Object Repository/Pages/Sale/calender_NextButton' is clicked on&#xD;
&#xD;
2019-11-04 07:34:18 - [MESSAGE][PASSED] - Text of object 'Object Repository/Pages/Sale/link_MonthYear' is: 'October 2027'&#xD;
&#xD;
2019-11-04 07:34:18 - [MESSAGE][PASSED] - Object: 'Object Repository/Pages/Sale/calender_NextButton' is clicked on&#xD;
&#xD;
2019-11-04 07:34:18 - [MESSAGE][PASSED] - Text of object 'Object Repository/Pages/Sale/link_MonthYear' is: 'November 2027'&#xD;
&#xD;
2019-11-04 07:34:18 - [MESSAGE][PASSED] - Object: 'Object Repository/Pages/Sale/calender_NextButton' is clicked on&#xD;
&#xD;
2019-11-04 07:34:18 - [MESSAGE][PASSED] - Text of object 'Object Repository/Pages/Sale/link_MonthYear' is: 'December 2027'&#xD;
&#xD;
2019-11-04 07:34:18 - [MESSAGE][PASSED] - Object: 'Object Repository/Pages/Sale/calender_NextButton' is clicked on&#xD;
&#xD;
2019-11-04 07:34:18 - [MESSAGE][PASSED] - Text of object 'Object Repository/Pages/Sale/link_MonthYear' is: 'January 2028'&#xD;
&#xD;
2019-11-04 07:34:19 - [MESSAGE][PASSED] - Object: 'Object Repository/Pages/Sale/calender_NextButton' is clicked on&#xD;
&#xD;
2019-11-04 07:34:19 - [MESSAGE][PASSED] - Text of object 'Object Repository/Pages/Sale/link_MonthYear' is: 'February 2028'&#xD;
&#xD;
2019-11-04 07:34:19 - [MESSAGE][PASSED] - Object: 'Object Repository/Pages/Sale/calender_NextButton' is clicked on&#xD;
&#xD;
2019-11-04 07:34:19 - [MESSAGE][PASSED] - Text of object 'Object Repository/Pages/Sale/link_MonthYear' is: 'March 2028'&#xD;
&#xD;
2019-11-04 07:34:19 - [MESSAGE][PASSED] - Object: 'Object Repository/Pages/Sale/calender_NextButton' is clicked on&#xD;
&#xD;
2019-11-04 07:34:19 - [MESSAGE][PASSED] - Text of object 'Object Repository/Pages/Sale/link_MonthYear' is: 'April 2028'&#xD;
&#xD;
2019-11-04 07:34:19 - [MESSAGE][PASSED] - Object: 'Object Repository/Pages/Sale/calender_NextButton' is clicked on&#xD;
&#xD;
2019-11-04 07:34:19 - [MESSAGE][PASSED] - Text of object 'Object Repository/Pages/Sale/link_MonthYear' is: 'May 2028'&#xD;
&#xD;
2019-11-04 07:34:20 - [MESSAGE][PASSED] - Object: 'Object Repository/Pages/Sale/calender_NextButton' is clicked on&#xD;
&#xD;
2019-11-04 07:34:20 - [MESSAGE][PASSED] - Text of object 'Object Repository/Pages/Sale/link_MonthYear' is: 'June 2028'&#xD;
&#xD;
2019-11-04 07:34:20 - [MESSAGE][PASSED] - Object: 'Object Repository/Pages/Sale/calender_NextButton' is clicked on&#xD;
&#xD;
2019-11-04 07:34:20 - [MESSAGE][PASSED] - Text of object 'Object Repository/Pages/Sale/link_MonthYear' is: 'July 2028'&#xD;
&#xD;
2019-11-04 07:34:20 - [MESSAGE][PASSED] - Object: 'Object Repository/Pages/Sale/calender_NextButton' is clicked on&#xD;
&#xD;
2019-11-04 07:34:20 - [MESSAGE][PASSED] - Text of object 'Object Repository/Pages/Sale/link_MonthYear' is: 'August 2028'&#xD;
&#xD;
2019-11-04 07:34:20 - [MESSAGE][PASSED] - Object: 'Object Repository/Pages/Sale/calender_NextButton' is clicked on&#xD;
&#xD;
2019-11-04 07:34:20 - [MESSAGE][PASSED] - Text of object 'Object Repository/Pages/Sale/link_MonthYear' is: 'September 2028'&#xD;
&#xD;
2019-11-04 07:34:21 - [MESSAGE][PASSED] - Object: 'Object Repository/Pages/Sale/calender_NextButton' is clicked on&#xD;
&#xD;
2019-11-04 07:34:21 - [MESSAGE][PASSED] - Text of object 'Object Repository/Pages/Sale/link_MonthYear' is: 'October 2028'&#xD;
&#xD;
2019-11-04 07:34:21 - [MESSAGE][PASSED] - Object: 'Object Repository/Pages/Sale/calender_NextButton' is clicked on&#xD;
&#xD;
2019-11-04 07:34:21 - [MESSAGE][PASSED] - Text of object 'Object Repository/Pages/Sale/link_MonthYear' is: 'November 2028'&#xD;
&#xD;
2019-11-04 07:34:21 - [MESSAGE][PASSED] - Object: 'Object Repository/Pages/Sale/calender_NextButton' is clicked on&#xD;
&#xD;
2019-11-04 07:34:21 - [MESSAGE][PASSED] - Text of object 'Object Repository/Pages/Sale/link_MonthYear' is: 'December 2028'&#xD;
&#xD;
2019-11-04 07:34:22 - [MESSAGE][PASSED] - Object: 'Object Repository/Pages/Sale/calender_NextButton' is clicked on&#xD;
&#xD;
2019-11-04 07:34:22 - [MESSAGE][PASSED] - Text of object 'Object Repository/Pages/Sale/link_MonthYear' is: 'January 2029'&#xD;
&#xD;
2019-11-04 07:34:22 - [MESSAGE][PASSED] - Object: 'Object Repository/Pages/Sale/calender_NextButton' is clicked on&#xD;
&#xD;
2019-11-04 07:34:22 - [MESSAGE][PASSED] - Text of object 'Object Repository/Pages/Sale/link_MonthYear' is: 'February 2029'&#xD;
&#xD;
2019-11-04 07:34:22 - [MESSAGE][PASSED] - Object: 'Object Repository/Pages/Sale/calender_NextButton' is clicked on&#xD;
&#xD;
2019-11-04 07:34:22 - [MESSAGE][PASSED] - Text of object 'Object Repository/Pages/Sale/link_MonthYear' is: 'March 2029'&#xD;
&#xD;
2019-11-04 07:34:22 - [MESSAGE][PASSED] - Object: 'Object Repository/Pages/Sale/calender_NextButton' is clicked on&#xD;
&#xD;
2019-11-04 07:34:22 - [MESSAGE][PASSED] - Text of object 'Object Repository/Pages/Sale/link_MonthYear' is: 'April 2029'&#xD;
&#xD;
2019-11-04 07:34:23 - [MESSAGE][PASSED] - Object: 'Object Repository/Pages/Sale/calender_NextButton' is clicked on&#xD;
&#xD;
2019-11-04 07:34:23 - [MESSAGE][PASSED] - Text of object 'Object Repository/Pages/Sale/link_MonthYear' is: 'May 2029'&#xD;
&#xD;
2019-11-04 07:34:23 - [MESSAGE][PASSED] - Object: 'Object Repository/Pages/Sale/calender_NextButton' is clicked on&#xD;
&#xD;
2019-11-04 07:34:23 - [MESSAGE][PASSED] - Text of object 'Object Repository/Pages/Sale/link_MonthYear' is: 'June 2029'&#xD;
&#xD;
2019-11-04 07:34:23 - [MESSAGE][PASSED] - Object: 'Object Repository/Pages/Sale/calender_NextButton' is clicked on&#xD;
&#xD;
2019-11-04 07:34:23 - [MESSAGE][PASSED] - Text of object 'Object Repository/Pages/Sale/link_MonthYear' is: 'July 2029'&#xD;
&#xD;
2019-11-04 07:34:23 - [MESSAGE][PASSED] - Object: 'Object Repository/Pages/Sale/calender_NextButton' is clicked on&#xD;
&#xD;
2019-11-04 07:34:23 - [MESSAGE][PASSED] - Text of object 'Object Repository/Pages/Sale/link_MonthYear' is: 'August 2029'&#xD;
&#xD;
2019-11-04 07:34:24 - [MESSAGE][PASSED] - Object: 'Object Repository/Pages/Sale/calender_NextButton' is clicked on&#xD;
&#xD;
2019-11-04 07:34:24 - [MESSAGE][PASSED] - Text of object 'Object Repository/Pages/Sale/link_MonthYear' is: 'September 2029'&#xD;
&#xD;
2019-11-04 07:34:24 - [MESSAGE][PASSED] - Object: 'Object Repository/Pages/Sale/calender_NextButton' is clicked on&#xD;
&#xD;
2019-11-04 07:34:24 - [MESSAGE][PASSED] - Text of object 'Object Repository/Pages/Sale/link_MonthYear' is: 'October 2029'&#xD;
&#xD;
2019-11-04 07:34:24 - [MESSAGE][PASSED] - Object: 'Object Repository/Pages/Sale/calender_NextButton' is clicked on&#xD;
&#xD;
2019-11-04 07:34:24 - [MESSAGE][PASSED] - Text of object 'Object Repository/Pages/Sale/link_MonthYear' is: 'November 2029'&#xD;
&#xD;
2019-11-04 07:34:25 - [MESSAGE][PASSED] - Object: 'Object Repository/Pages/Sale/calender_NextButton' is clicked on&#xD;
&#xD;
2019-11-04 07:34:25 - [MESSAGE][PASSED] - Text of object 'Object Repository/Pages/Sale/link_MonthYear' is: 'December 2029'&#xD;
&#xD;
2019-11-04 07:34:25 - [MESSAGE][PASSED] - Object: 'Object Repository/Pages/Sale/calender_NextButton' is clicked on&#xD;
&#xD;
2019-11-04 07:34:25 - [MESSAGE][PASSED] - Text of object 'Object Repository/Pages/Sale/link_MonthYear' is: 'January 2030'&#xD;
&#xD;
2019-11-04 07:34:25 - [MESSAGE][PASSED] - Object: 'Object Repository/Pages/Sale/calender_NextButton' is clicked on&#xD;
&#xD;
2019-11-04 07:34:25 - [MESSAGE][PASSED] - Text of object 'Object Repository/Pages/Sale/link_MonthYear' is: 'February 2030'&#xD;
&#xD;
2019-11-04 07:34:25 - [MESSAGE][PASSED] - Object: 'Object Repository/Pages/Sale/calender_NextButton' is clicked on&#xD;
&#xD;
2019-11-04 07:34:25 - [MESSAGE][PASSED] - Text of object 'Object Repository/Pages/Sale/link_MonthYear' is: 'March 2030'&#xD;
&#xD;
2019-11-04 07:34:26 - [MESSAGE][PASSED] - Object: 'Object Repository/Pages/Sale/calender_NextButton' is clicked on&#xD;
&#xD;
2019-11-04 07:34:26 - [MESSAGE][PASSED] - Text of object 'Object Repository/Pages/Sale/link_MonthYear' is: 'April 2030'&#xD;
&#xD;
2019-11-04 07:34:26 - [MESSAGE][PASSED] - Object: 'Object Repository/Pages/Sale/calender_NextButton' is clicked on&#xD;
&#xD;
2019-11-04 07:34:26 - [MESSAGE][PASSED] - Text of object 'Object Repository/Pages/Sale/link_MonthYear' is: 'May 2030'&#xD;
&#xD;
2019-11-04 07:34:26 - [MESSAGE][PASSED] - Object: 'Object Repository/Pages/Sale/calender_NextButton' is clicked on&#xD;
&#xD;
2019-11-04 07:34:26 - [MESSAGE][PASSED] - Text of object 'Object Repository/Pages/Sale/link_MonthYear' is: 'June 2030'&#xD;
&#xD;
2019-11-04 07:34:26 - [MESSAGE][PASSED] - Object: 'Object Repository/Pages/Sale/calender_NextButton' is clicked on&#xD;
&#xD;
2019-11-04 07:34:27 - [MESSAGE][PASSED] - Text of object 'Object Repository/Pages/Sale/link_MonthYear' is: 'July 2030'&#xD;
&#xD;
2019-11-04 07:34:27 - [MESSAGE][PASSED] - Object: 'Object Repository/Pages/Sale/calender_NextButton' is clicked on&#xD;
&#xD;
2019-11-04 07:34:27 - [MESSAGE][PASSED] - Text of object 'Object Repository/Pages/Sale/link_MonthYear' is: 'August 2030'&#xD;
&#xD;
2019-11-04 07:34:27 - [MESSAGE][PASSED] - Object: 'Object Repository/Pages/Sale/calender_NextButton' is clicked on&#xD;
&#xD;
2019-11-04 07:34:27 - [MESSAGE][PASSED] - Text of object 'Object Repository/Pages/Sale/link_MonthYear' is: 'September 2030'&#xD;
&#xD;
2019-11-04 07:34:27 - [MESSAGE][PASSED] - Object: 'Object Repository/Pages/Sale/calender_NextButton' is clicked on&#xD;
&#xD;
2019-11-04 07:34:27 - [MESSAGE][PASSED] - Text of object 'Object Repository/Pages/Sale/link_MonthYear' is: 'October 2030'&#xD;
&#xD;
2019-11-04 07:34:28 - [MESSAGE][PASSED] - Object: 'Object Repository/Pages/Sale/calender_NextButton' is clicked on&#xD;
&#xD;
2019-11-04 07:34:28 - [MESSAGE][PASSED] - Text of object 'Object Repository/Pages/Sale/link_MonthYear' is: 'November 2030'&#xD;
&#xD;
2019-11-04 07:34:28 - [MESSAGE][PASSED] - Object: 'Object Repository/Pages/Sale/calender_NextButton' is clicked on&#xD;
&#xD;
2019-11-04 07:34:28 - [MESSAGE][PASSED] - Text of object 'Object Repository/Pages/Sale/link_MonthYear' is: 'December 2030'&#xD;
&#xD;
2019-11-04 07:34:28 - [MESSAGE][PASSED] - Object: 'Object Repository/Pages/Sale/calender_NextButton' is clicked on&#xD;
&#xD;
2019-11-04 07:34:28 - [MESSAGE][PASSED] - Text of object 'Object Repository/Pages/Sale/link_MonthYear' is: 'January 2031'&#xD;
&#xD;
2019-11-04 07:34:29 - [MESSAGE][PASSED] - Object: 'Object Repository/Pages/Sale/calender_NextButton' is clicked on&#xD;
&#xD;
2019-11-04 07:34:29 - [MESSAGE][PASSED] - Text of object 'Object Repository/Pages/Sale/link_MonthYear' is: 'February 2031'&#xD;
&#xD;
2019-11-04 07:34:29 - [MESSAGE][PASSED] - Object: 'Object Repository/Pages/Sale/calender_NextButton' is clicked on&#xD;
&#xD;
2019-11-04 07:34:29 - [MESSAGE][PASSED] - Text of object 'Object Repository/Pages/Sale/link_MonthYear' is: 'March 2031'&#xD;
&#xD;
2019-11-04 07:34:29 - [MESSAGE][PASSED] - Object: 'Object Repository/Pages/Sale/calender_NextButton' is clicked on&#xD;
&#xD;
2019-11-04 07:34:29 - [MESSAGE][PASSED] - Text of object 'Object Repository/Pages/Sale/link_MonthYear' is: 'April 2031'&#xD;
&#xD;
2019-11-04 07:34:29 - [MESSAGE][PASSED] - Object: 'Object Repository/Pages/Sale/calender_NextButton' is clicked on&#xD;
&#xD;
2019-11-04 07:34:29 - [MESSAGE][PASSED] - Text of object 'Object Repository/Pages/Sale/link_MonthYear' is: 'May 2031'&#xD;
&#xD;
2019-11-04 07:34:30 - [MESSAGE][PASSED] - Object: 'Object Repository/Pages/Sale/calender_NextButton' is clicked on&#xD;
&#xD;
2019-11-04 07:34:30 - [MESSAGE][PASSED] - Text of object 'Object Repository/Pages/Sale/link_MonthYear' is: 'June 2031'&#xD;
&#xD;
2019-11-04 07:34:30 - [MESSAGE][PASSED] - Object: 'Object Repository/Pages/Sale/calender_NextButton' is clicked on&#xD;
&#xD;
2019-11-04 07:34:30 - [MESSAGE][PASSED] - Text of object 'Object Repository/Pages/Sale/link_MonthYear' is: 'July 2031'&#xD;
&#xD;
2019-11-04 07:34:30 - [MESSAGE][PASSED] - Object: 'Object Repository/Pages/Sale/calender_NextButton' is clicked on&#xD;
&#xD;
2019-11-04 07:34:30 - [MESSAGE][PASSED] - Text of object 'Object Repository/Pages/Sale/link_MonthYear' is: 'August 2031'&#xD;
&#xD;
2019-11-04 07:34:31 - [MESSAGE][PASSED] - Object: 'Object Repository/Pages/Sale/calender_NextButton' is clicked on&#xD;
&#xD;
2019-11-04 07:34:31 - [MESSAGE][PASSED] - Text of object 'Object Repository/Pages/Sale/link_MonthYear' is: 'September 2031'&#xD;
&#xD;
2019-11-04 07:34:31 - [MESSAGE][PASSED] - Object: 'Object Repository/Pages/Sale/calender_NextButton' is clicked on&#xD;
&#xD;
2019-11-04 07:34:31 - [MESSAGE][PASSED] - Text of object 'Object Repository/Pages/Sale/link_MonthYear' is: 'October 2031'&#xD;
&#xD;
2019-11-04 07:34:31 - [MESSAGE][PASSED] - Object: 'Object Repository/Pages/Sale/calender_NextButton' is clicked on&#xD;
&#xD;
2019-11-04 07:34:31 - [MESSAGE][PASSED] - Text of object 'Object Repository/Pages/Sale/link_MonthYear' is: 'November 2031'&#xD;
&#xD;
2019-11-04 07:34:31 - [MESSAGE][PASSED] - Object: 'Object Repository/Pages/Sale/calender_NextButton' is clicked on&#xD;
&#xD;
2019-11-04 07:34:31 - [MESSAGE][PASSED] - Text of object 'Object Repository/Pages/Sale/link_MonthYear' is: 'December 2031'&#xD;
&#xD;
2019-11-04 07:34:32 - [MESSAGE][PASSED] - Object: 'Object Repository/Pages/Sale/calender_NextButton' is clicked on&#xD;
&#xD;
2019-11-04 07:34:32 - [MESSAGE][PASSED] - Text of object 'Object Repository/Pages/Sale/link_MonthYear' is: 'January 2032'&#xD;
&#xD;
2019-11-04 07:34:32 - [MESSAGE][PASSED] - Object: 'Object Repository/Pages/Sale/calender_NextButton' is clicked on&#xD;
&#xD;
2019-11-04 07:34:32 - [MESSAGE][PASSED] - Text of object 'Object Repository/Pages/Sale/link_MonthYear' is: 'February 2032'&#xD;
&#xD;
2019-11-04 07:34:32 - [MESSAGE][PASSED] - Object: 'Object Repository/Pages/Sale/calender_NextButton' is clicked on&#xD;
&#xD;
2019-11-04 07:34:32 - [MESSAGE][PASSED] - Text of object 'Object Repository/Pages/Sale/link_MonthYear' is: 'March 2032'&#xD;
&#xD;
2019-11-04 07:34:33 - [MESSAGE][PASSED] - Object: 'Object Repository/Pages/Sale/calender_NextButton' is clicked on&#xD;
&#xD;
2019-11-04 07:34:33 - [MESSAGE][PASSED] - Text of object 'Object Repository/Pages/Sale/link_MonthYear' is: 'April 2032'&#xD;
&#xD;
2019-11-04 07:34:33 - [MESSAGE][PASSED] - Object: 'Object Repository/Pages/Sale/calender_NextButton' is clicked on&#xD;
&#xD;
2019-11-04 07:34:33 - [MESSAGE][PASSED] - Text of object 'Object Repository/Pages/Sale/link_MonthYear' is: 'May 2032'&#xD;
&#xD;
2019-11-04 07:34:33 - [MESSAGE][PASSED] - Object: 'Object Repository/Pages/Sale/calender_NextButton' is clicked on&#xD;
&#xD;
2019-11-04 07:34:33 - [MESSAGE][PASSED] - Text of object 'Object Repository/Pages/Sale/link_MonthYear' is: 'June 2032'&#xD;
&#xD;
2019-11-04 07:34:33 - [MESSAGE][PASSED] - Object: 'Object Repository/Pages/Sale/calender_NextButton' is clicked on&#xD;
&#xD;
2019-11-04 07:34:33 - [MESSAGE][PASSED] - Text of object 'Object Repository/Pages/Sale/link_MonthYear' is: 'July 2032'&#xD;
&#xD;
2019-11-04 07:34:34 - [MESSAGE][PASSED] - Object: 'Object Repository/Pages/Sale/calender_NextButton' is clicked on&#xD;
&#xD;
2019-11-04 07:34:34 - [MESSAGE][PASSED] - Text of object 'Object Repository/Pages/Sale/link_MonthYear' is: 'August 2032'&#xD;
&#xD;
2019-11-04 07:34:34 - [MESSAGE][PASSED] - Object: 'Object Repository/Pages/Sale/calender_NextButton' is clicked on&#xD;
&#xD;
2019-11-04 07:34:34 - [MESSAGE][PASSED] - Text of object 'Object Repository/Pages/Sale/link_MonthYear' is: 'September 2032'&#xD;
&#xD;
2019-11-04 07:34:34 - [MESSAGE][PASSED] - pages.Sale.selectMonthYear is PASSED&#xD;
&#xD;
2019-11-04 07:34:34 - [TEST_STEP][PASSED] - pages.Sale.selectDate(start_date_Value): pages.Sale.selectDate is PASSED&#xD;
&#xD;
2019-11-04 07:34:34 - [MESSAGE][PASSED] - Object: '' is clicked on&#xD;
&#xD;
2019-11-04 07:34:34 - [MESSAGE][PASSED] - pages.Sale.selectDate is PASSED&#xD;
&#xD;
2019-11-04 07:34:34 - [TEST_STEP][PASSED] - utilities.SafeActions.safeClickWithoutScroll(findTestObject("Pages/FirstPayVault/date_EndDate"), "Click on Date Input", [PageLoadTime]): utilities.SafeActions.safeClickWithoutScroll is PASSED&#xD;
&#xD;
2019-11-04 07:34:35 - [MESSAGE][INFO] - Safe Click Without scroll&#xD;
&#xD;
2019-11-04 07:34:35 - [MESSAGE][INFO] - 1stPayVault_TestSuite.ts:waiting until Click on Date Input is Clickable&#xD;
&#xD;
2019-11-04 07:34:35 - [MESSAGE][PASSED] - Object 'Object Repository/Pages/FirstPayVault/date_EndDate' is clickable&#xD;
&#xD;
2019-11-04 07:34:35 - [MESSAGE][PASSED] - Object 'Object Repository/Pages/FirstPayVault/date_EndDate' is visible&#xD;
&#xD;
2019-11-04 07:34:35 - [MESSAGE][PASSED] - Object: 'Object Repository/Pages/FirstPayVault/date_EndDate' is clicked on&#xD;
&#xD;
2019-11-04 07:34:35 - [MESSAGE][INFO] - 1stPayVault_TestSuite.ts: click on the Click on Date Input&#xD;
&#xD;
2019-11-04 07:34:35 - [MESSAGE][PASSED] - utilities.SafeActions.safeClickWithoutScroll is PASSED&#xD;
&#xD;
2019-11-04 07:34:35 - [TEST_STEP][PASSED] - pages.Sale.selectMonthYear(findTestObject("Pages/Sale/link_MonthYear"), findTestObject("Pages/Sale/calender_NextButton"), cardMonth, cardYear): pages.Sale.selectMonthYear is PASSED&#xD;
&#xD;
2019-11-04 07:34:36 - [MESSAGE][PASSED] - Text of object 'Object Repository/Pages/Sale/link_MonthYear' is: 'November 2019'&#xD;
&#xD;
2019-11-04 07:34:36 - [MESSAGE][PASSED] - Object: 'Object Repository/Pages/Sale/calender_NextButton' is clicked on&#xD;
&#xD;
2019-11-04 07:34:36 - [MESSAGE][PASSED] - Text of object 'Object Repository/Pages/Sale/link_MonthYear' is: 'December 2019'&#xD;
&#xD;
2019-11-04 07:34:36 - [MESSAGE][PASSED] - Object: 'Object Repository/Pages/Sale/calender_NextButton' is clicked on&#xD;
&#xD;
2019-11-04 07:34:36 - [MESSAGE][PASSED] - Text of object 'Object Repository/Pages/Sale/link_MonthYear' is: 'January 2020'&#xD;
&#xD;
2019-11-04 07:34:37 - [MESSAGE][PASSED] - Object: 'Object Repository/Pages/Sale/calender_NextButton' is clicked on&#xD;
&#xD;
2019-11-04 07:34:37 - [MESSAGE][PASSED] - Text of object 'Object Repository/Pages/Sale/link_MonthYear' is: 'February 2020'&#xD;
&#xD;
2019-11-04 07:34:37 - [MESSAGE][PASSED] - Object: 'Object Repository/Pages/Sale/calender_NextButton' is clicked on&#xD;
&#xD;
2019-11-04 07:34:37 - [MESSAGE][PASSED] - Text of object 'Object Repository/Pages/Sale/link_MonthYear' is: 'March 2020'&#xD;
&#xD;
2019-11-04 07:34:37 - [MESSAGE][PASSED] - Object: 'Object Repository/Pages/Sale/calender_NextButton' is clicked on&#xD;
&#xD;
2019-11-04 07:34:37 - [MESSAGE][PASSED] - Text of object 'Object Repository/Pages/Sale/link_MonthYear' is: 'April 2020'&#xD;
&#xD;
2019-11-04 07:34:37 - [MESSAGE][PASSED] - Object: 'Object Repository/Pages/Sale/calender_NextButton' is clicked on&#xD;
&#xD;
2019-11-04 07:34:37 - [MESSAGE][PASSED] - Text of object 'Object Repository/Pages/Sale/link_MonthYear' is: 'May 2020'&#xD;
&#xD;
2019-11-04 07:34:38 - [MESSAGE][PASSED] - Object: 'Object Repository/Pages/Sale/calender_NextButton' is clicked on&#xD;
&#xD;
2019-11-04 07:34:38 - [MESSAGE][PASSED] - Text of object 'Object Repository/Pages/Sale/link_MonthYear' is: 'June 2020'&#xD;
&#xD;
2019-11-04 07:34:38 - [MESSAGE][PASSED] - Object: 'Object Repository/Pages/Sale/calender_NextButton' is clicked on&#xD;
&#xD;
2019-11-04 07:34:38 - [MESSAGE][PASSED] - Text of object 'Object Repository/Pages/Sale/link_MonthYear' is: 'July 2020'&#xD;
&#xD;
2019-11-04 07:34:38 - [MESSAGE][PASSED] - Object: 'Object Repository/Pages/Sale/calender_NextButton' is clicked on&#xD;
&#xD;
2019-11-04 07:34:38 - [MESSAGE][PASSED] - Text of object 'Object Repository/Pages/Sale/link_MonthYear' is: 'August 2020'&#xD;
&#xD;
2019-11-04 07:34:38 - [MESSAGE][PASSED] - Object: 'Object Repository/Pages/Sale/calender_NextButton' is clicked on&#xD;
&#xD;
2019-11-04 07:34:38 - [MESSAGE][PASSED] - Text of object 'Object Repository/Pages/Sale/link_MonthYear' is: 'September 2020'&#xD;
&#xD;
2019-11-04 07:34:39 - [MESSAGE][PASSED] - Object: 'Object Repository/Pages/Sale/calender_NextButton' is clicked on&#xD;
&#xD;
2019-11-04 07:34:39 - [MESSAGE][PASSED] - Text of object 'Object Repository/Pages/Sale/link_MonthYear' is: 'October 2020'&#xD;
&#xD;
2019-11-04 07:34:39 - [MESSAGE][PASSED] - Object: 'Object Repository/Pages/Sale/calender_NextButton' is clicked on&#xD;
&#xD;
2019-11-04 07:34:39 - [MESSAGE][PASSED] - Text of object 'Object Repository/Pages/Sale/link_MonthYear' is: 'November 2020'&#xD;
&#xD;
2019-11-04 07:34:39 - [MESSAGE][PASSED] - Object: 'Object Repository/Pages/Sale/calender_NextButton' is clicked on&#xD;
&#xD;
2019-11-04 07:34:39 - [MESSAGE][PASSED] - Text of object 'Object Repository/Pages/Sale/link_MonthYear' is: 'December 2020'&#xD;
&#xD;
2019-11-04 07:34:39 - [MESSAGE][PASSED] - Object: 'Object Repository/Pages/Sale/calender_NextButton' is clicked on&#xD;
&#xD;
2019-11-04 07:34:39 - [MESSAGE][PASSED] - Text of object 'Object Repository/Pages/Sale/link_MonthYear' is: 'January 2021'&#xD;
&#xD;
2019-11-04 07:34:40 - [MESSAGE][PASSED] - Object: 'Object Repository/Pages/Sale/calender_NextButton' is clicked on&#xD;
&#xD;
2019-11-04 07:34:40 - [MESSAGE][PASSED] - Text of object 'Object Repository/Pages/Sale/link_MonthYear' is: 'February 2021'&#xD;
&#xD;
2019-11-04 07:34:40 - [MESSAGE][PASSED] - Object: 'Object Repository/Pages/Sale/calender_NextButton' is clicked on&#xD;
&#xD;
2019-11-04 07:34:40 - [MESSAGE][PASSED] - Text of object 'Object Repository/Pages/Sale/link_MonthYear' is: 'March 2021'&#xD;
&#xD;
2019-11-04 07:34:40 - [MESSAGE][PASSED] - Object: 'Object Repository/Pages/Sale/calender_NextButton' is clicked on&#xD;
&#xD;
2019-11-04 07:34:40 - [MESSAGE][PASSED] - Text of object 'Object Repository/Pages/Sale/link_MonthYear' is: 'April 2021'&#xD;
&#xD;
2019-11-04 07:34:41 - [MESSAGE][PASSED] - Object: 'Object Repository/Pages/Sale/calender_NextButton' is clicked on&#xD;
&#xD;
2019-11-04 07:34:41 - [MESSAGE][PASSED] - Text of object 'Object Repository/Pages/Sale/link_MonthYear' is: 'May 2021'&#xD;
&#xD;
2019-11-04 07:34:41 - [MESSAGE][PASSED] - Object: 'Object Repository/Pages/Sale/calender_NextButton' is clicked on&#xD;
&#xD;
2019-11-04 07:34:41 - [MESSAGE][PASSED] - Text of object 'Object Repository/Pages/Sale/link_MonthYear' is: 'June 2021'&#xD;
&#xD;
2019-11-04 07:34:41 - [MESSAGE][PASSED] - Object: 'Object Repository/Pages/Sale/calender_NextButton' is clicked on&#xD;
&#xD;
2019-11-04 07:34:41 - [MESSAGE][PASSED] - Text of object 'Object Repository/Pages/Sale/link_MonthYear' is: 'July 2021'&#xD;
&#xD;
2019-11-04 07:34:41 - [MESSAGE][PASSED] - Object: 'Object Repository/Pages/Sale/calender_NextButton' is clicked on&#xD;
&#xD;
2019-11-04 07:34:41 - [MESSAGE][PASSED] - Text of object 'Object Repository/Pages/Sale/link_MonthYear' is: 'August 2021'&#xD;
&#xD;
2019-11-04 07:34:42 - [MESSAGE][PASSED] - Object: 'Object Repository/Pages/Sale/calender_NextButton' is clicked on&#xD;
&#xD;
2019-11-04 07:34:42 - [MESSAGE][PASSED] - Text of object 'Object Repository/Pages/Sale/link_MonthYear' is: 'September 2021'&#xD;
&#xD;
2019-11-04 07:34:42 - [MESSAGE][PASSED] - Object: 'Object Repository/Pages/Sale/calender_NextButton' is clicked on&#xD;
&#xD;
2019-11-04 07:34:42 - [MESSAGE][PASSED] - Text of object 'Object Repository/Pages/Sale/link_MonthYear' is: 'October 2021'&#xD;
&#xD;
2019-11-04 07:34:42 - [MESSAGE][PASSED] - Object: 'Object Repository/Pages/Sale/calender_NextButton' is clicked on&#xD;
&#xD;
2019-11-04 07:34:42 - [MESSAGE][PASSED] - Text of object 'Object Repository/Pages/Sale/link_MonthYear' is: 'November 2021'&#xD;
&#xD;
2019-11-04 07:34:42 - [MESSAGE][PASSED] - Object: 'Object Repository/Pages/Sale/calender_NextButton' is clicked on&#xD;
&#xD;
2019-11-04 07:34:42 - [MESSAGE][PASSED] - Text of object 'Object Repository/Pages/Sale/link_MonthYear' is: 'December 2021'&#xD;
&#xD;
2019-11-04 07:34:43 - [MESSAGE][PASSED] - Object: 'Object Repository/Pages/Sale/calender_NextButton' is clicked on&#xD;
&#xD;
2019-11-04 07:34:43 - [MESSAGE][PASSED] - Text of object 'Object Repository/Pages/Sale/link_MonthYear' is: 'January 2022'&#xD;
&#xD;
2019-11-04 07:34:43 - [MESSAGE][PASSED] - Object: 'Object Repository/Pages/Sale/calender_NextButton' is clicked on&#xD;
&#xD;
2019-11-04 07:34:43 - [MESSAGE][PASSED] - Text of object 'Object Repository/Pages/Sale/link_MonthYear' is: 'February 2022'&#xD;
&#xD;
2019-11-04 07:34:43 - [MESSAGE][PASSED] - Object: 'Object Repository/Pages/Sale/calender_NextButton' is clicked on&#xD;
&#xD;
2019-11-04 07:34:43 - [MESSAGE][PASSED] - Text of object 'Object Repository/Pages/Sale/link_MonthYear' is: 'March 2022'&#xD;
&#xD;
2019-11-04 07:34:43 - [MESSAGE][PASSED] - Object: 'Object Repository/Pages/Sale/calender_NextButton' is clicked on&#xD;
&#xD;
2019-11-04 07:34:44 - [MESSAGE][PASSED] - Text of object 'Object Repository/Pages/Sale/link_MonthYear' is: 'April 2022'&#xD;
&#xD;
2019-11-04 07:34:44 - [MESSAGE][PASSED] - Object: 'Object Repository/Pages/Sale/calender_NextButton' is clicked on&#xD;
&#xD;
2019-11-04 07:34:44 - [MESSAGE][PASSED] - Text of object 'Object Repository/Pages/Sale/link_MonthYear' is: 'May 2022'&#xD;
&#xD;
2019-11-04 07:34:44 - [MESSAGE][PASSED] - Object: 'Object Repository/Pages/Sale/calender_NextButton' is clicked on&#xD;
&#xD;
2019-11-04 07:34:44 - [MESSAGE][PASSED] - Text of object 'Object Repository/Pages/Sale/link_MonthYear' is: 'June 2022'&#xD;
&#xD;
2019-11-04 07:34:44 - [MESSAGE][PASSED] - Object: 'Object Repository/Pages/Sale/calender_NextButton' is clicked on&#xD;
&#xD;
2019-11-04 07:34:44 - [MESSAGE][PASSED] - Text of object 'Object Repository/Pages/Sale/link_MonthYear' is: 'July 2022'&#xD;
&#xD;
2019-11-04 07:34:45 - [MESSAGE][PASSED] - Object: 'Object Repository/Pages/Sale/calender_NextButton' is clicked on&#xD;
&#xD;
2019-11-04 07:34:45 - [MESSAGE][PASSED] - Text of object 'Object Repository/Pages/Sale/link_MonthYear' is: 'August 2022'&#xD;
&#xD;
2019-11-04 07:34:45 - [MESSAGE][PASSED] - Object: 'Object Repository/Pages/Sale/calender_NextButton' is clicked on&#xD;
&#xD;
2019-11-04 07:34:45 - [MESSAGE][PASSED] - Text of object 'Object Repository/Pages/Sale/link_MonthYear' is: 'September 2022'&#xD;
&#xD;
2019-11-04 07:34:45 - [MESSAGE][PASSED] - Object: 'Object Repository/Pages/Sale/calender_NextButton' is clicked on&#xD;
&#xD;
2019-11-04 07:34:45 - [MESSAGE][PASSED] - Text of object 'Object Repository/Pages/Sale/link_MonthYear' is: 'October 2022'&#xD;
&#xD;
2019-11-04 07:34:46 - [MESSAGE][PASSED] - Object: 'Object Repository/Pages/Sale/calender_NextButton' is clicked on&#xD;
&#xD;
2019-11-04 07:34:46 - [MESSAGE][PASSED] - Text of object 'Object Repository/Pages/Sale/link_MonthYear' is: 'November 2022'&#xD;
&#xD;
2019-11-04 07:34:46 - [MESSAGE][PASSED] - Object: 'Object Repository/Pages/Sale/calender_NextButton' is clicked on&#xD;
&#xD;
2019-11-04 07:34:46 - [MESSAGE][PASSED] - Text of object 'Object Repository/Pages/Sale/link_MonthYear' is: 'December 2022'&#xD;
&#xD;
2019-11-04 07:34:47 - [MESSAGE][PASSED] - Object: 'Object Repository/Pages/Sale/calender_NextButton' is clicked on&#xD;
&#xD;
2019-11-04 07:34:47 - [MESSAGE][PASSED] - Text of object 'Object Repository/Pages/Sale/link_MonthYear' is: 'January 2023'&#xD;
&#xD;
2019-11-04 07:34:47 - [MESSAGE][PASSED] - Object: 'Object Repository/Pages/Sale/calender_NextButton' is clicked on&#xD;
&#xD;
2019-11-04 07:34:47 - [MESSAGE][PASSED] - Text of object 'Object Repository/Pages/Sale/link_MonthYear' is: 'February 2023'&#xD;
&#xD;
2019-11-04 07:34:47 - [MESSAGE][PASSED] - Object: 'Object Repository/Pages/Sale/calender_NextButton' is clicked on&#xD;
&#xD;
2019-11-04 07:34:47 - [MESSAGE][PASSED] - Text of object 'Object Repository/Pages/Sale/link_MonthYear' is: 'March 2023'&#xD;
&#xD;
2019-11-04 07:34:47 - [MESSAGE][PASSED] - Object: 'Object Repository/Pages/Sale/calender_NextButton' is clicked on&#xD;
&#xD;
2019-11-04 07:34:47 - [MESSAGE][PASSED] - Text of object 'Object Repository/Pages/Sale/link_MonthYear' is: 'April 2023'&#xD;
&#xD;
2019-11-04 07:34:48 - [MESSAGE][PASSED] - Object: 'Object Repository/Pages/Sale/calender_NextButton' is clicked on&#xD;
&#xD;
2019-11-04 07:34:48 - [MESSAGE][PASSED] - Text of object 'Object Repository/Pages/Sale/link_MonthYear' is: 'May 2023'&#xD;
&#xD;
2019-11-04 07:34:48 - [MESSAGE][PASSED] - Object: 'Object Repository/Pages/Sale/calender_NextButton' is clicked on&#xD;
&#xD;
2019-11-04 07:34:48 - [MESSAGE][PASSED] - Text of object 'Object Repository/Pages/Sale/link_MonthYear' is: 'June 2023'&#xD;
&#xD;
2019-11-04 07:34:48 - [MESSAGE][PASSED] - Object: 'Object Repository/Pages/Sale/calender_NextButton' is clicked on&#xD;
&#xD;
2019-11-04 07:34:48 - [MESSAGE][PASSED] - Text of object 'Object Repository/Pages/Sale/link_MonthYear' is: 'July 2023'&#xD;
&#xD;
2019-11-04 07:34:49 - [MESSAGE][PASSED] - Object: 'Object Repository/Pages/Sale/calender_NextButton' is clicked on&#xD;
&#xD;
2019-11-04 07:34:49 - [MESSAGE][PASSED] - Text of object 'Object Repository/Pages/Sale/link_MonthYear' is: 'August 2023'&#xD;
&#xD;
2019-11-04 07:34:49 - [MESSAGE][PASSED] - Object: 'Object Repository/Pages/Sale/calender_NextButton' is clicked on&#xD;
&#xD;
2019-11-04 07:34:49 - [MESSAGE][PASSED] - Text of object 'Object Repository/Pages/Sale/link_MonthYear' is: 'September 2023'&#xD;
&#xD;
2019-11-04 07:34:49 - [MESSAGE][PASSED] - Object: 'Object Repository/Pages/Sale/calender_NextButton' is clicked on&#xD;
&#xD;
2019-11-04 07:34:49 - [MESSAGE][PASSED] - Text of object 'Object Repository/Pages/Sale/link_MonthYear' is: 'October 2023'&#xD;
&#xD;
2019-11-04 07:34:50 - [MESSAGE][PASSED] - Object: 'Object Repository/Pages/Sale/calender_NextButton' is clicked on&#xD;
&#xD;
2019-11-04 07:34:50 - [MESSAGE][PASSED] - Text of object 'Object Repository/Pages/Sale/link_MonthYear' is: 'November 2023'&#xD;
&#xD;
2019-11-04 07:34:50 - [MESSAGE][PASSED] - Object: 'Object Repository/Pages/Sale/calender_NextButton' is clicked on&#xD;
&#xD;
2019-11-04 07:34:50 - [MESSAGE][PASSED] - Text of object 'Object Repository/Pages/Sale/link_MonthYear' is: 'December 2023'&#xD;
&#xD;
2019-11-04 07:34:50 - [MESSAGE][PASSED] - Object: 'Object Repository/Pages/Sale/calender_NextButton' is clicked on&#xD;
&#xD;
2019-11-04 07:34:50 - [MESSAGE][PASSED] - Text of object 'Object Repository/Pages/Sale/link_MonthYear' is: 'January 2024'&#xD;
&#xD;
2019-11-04 07:34:50 - [MESSAGE][PASSED] - Object: 'Object Repository/Pages/Sale/calender_NextButton' is clicked on&#xD;
&#xD;
2019-11-04 07:34:50 - [MESSAGE][PASSED] - Text of object 'Object Repository/Pages/Sale/link_MonthYear' is: 'February 2024'&#xD;
&#xD;
2019-11-04 07:34:51 - [MESSAGE][PASSED] - Object: 'Object Repository/Pages/Sale/calender_NextButton' is clicked on&#xD;
&#xD;
2019-11-04 07:34:51 - [MESSAGE][PASSED] - Text of object 'Object Repository/Pages/Sale/link_MonthYear' is: 'March 2024'&#xD;
&#xD;
2019-11-04 07:34:51 - [MESSAGE][PASSED] - Object: 'Object Repository/Pages/Sale/calender_NextButton' is clicked on&#xD;
&#xD;
2019-11-04 07:34:51 - [MESSAGE][PASSED] - Text of object 'Object Repository/Pages/Sale/link_MonthYear' is: 'April 2024'&#xD;
&#xD;
2019-11-04 07:34:51 - [MESSAGE][PASSED] - Object: 'Object Repository/Pages/Sale/calender_NextButton' is clicked on&#xD;
&#xD;
2019-11-04 07:34:51 - [MESSAGE][PASSED] - Text of object 'Object Repository/Pages/Sale/link_MonthYear' is: 'May 2024'&#xD;
&#xD;
2019-11-04 07:34:52 - [MESSAGE][PASSED] - Object: 'Object Repository/Pages/Sale/calender_NextButton' is clicked on&#xD;
&#xD;
2019-11-04 07:34:52 - [MESSAGE][PASSED] - Text of object 'Object Repository/Pages/Sale/link_MonthYear' is: 'June 2024'&#xD;
&#xD;
2019-11-04 07:34:52 - [MESSAGE][PASSED] - Object: 'Object Repository/Pages/Sale/calender_NextButton' is clicked on&#xD;
&#xD;
2019-11-04 07:34:52 - [MESSAGE][PASSED] - Text of object 'Object Repository/Pages/Sale/link_MonthYear' is: 'July 2024'&#xD;
&#xD;
2019-11-04 07:34:52 - [MESSAGE][PASSED] - Object: 'Object Repository/Pages/Sale/calender_NextButton' is clicked on&#xD;
&#xD;
2019-11-04 07:34:52 - [MESSAGE][PASSED] - Text of object 'Object Repository/Pages/Sale/link_MonthYear' is: 'August 2024'&#xD;
&#xD;
2019-11-04 07:34:52 - [MESSAGE][PASSED] - Object: 'Object Repository/Pages/Sale/calender_NextButton' is clicked on&#xD;
&#xD;
2019-11-04 07:34:52 - [MESSAGE][PASSED] - Text of object 'Object Repository/Pages/Sale/link_MonthYear' is: 'September 2024'&#xD;
&#xD;
2019-11-04 07:34:53 - [MESSAGE][PASSED] - Object: 'Object Repository/Pages/Sale/calender_NextButton' is clicked on&#xD;
&#xD;
2019-11-04 07:34:53 - [MESSAGE][PASSED] - Text of object 'Object Repository/Pages/Sale/link_MonthYear' is: 'October 2024'&#xD;
&#xD;
2019-11-04 07:34:53 - [MESSAGE][PASSED] - Object: 'Object Repository/Pages/Sale/calender_NextButton' is clicked on&#xD;
&#xD;
2019-11-04 07:34:53 - [MESSAGE][PASSED] - Text of object 'Object Repository/Pages/Sale/link_MonthYear' is: 'November 2024'&#xD;
&#xD;
2019-11-04 07:34:53 - [MESSAGE][PASSED] - Object: 'Object Repository/Pages/Sale/calender_NextButton' is clicked on&#xD;
&#xD;
2019-11-04 07:34:53 - [MESSAGE][PASSED] - Text of object 'Object Repository/Pages/Sale/link_MonthYear' is: 'December 2024'&#xD;
&#xD;
2019-11-04 07:34:54 - [MESSAGE][PASSED] - Object: 'Object Repository/Pages/Sale/calender_NextButton' is clicked on&#xD;
&#xD;
2019-11-04 07:34:54 - [MESSAGE][PASSED] - Text of object 'Object Repository/Pages/Sale/link_MonthYear' is: 'January 2025'&#xD;
&#xD;
2019-11-04 07:34:54 - [MESSAGE][PASSED] - Object: 'Object Repository/Pages/Sale/calender_NextButton' is clicked on&#xD;
&#xD;
2019-11-04 07:34:54 - [MESSAGE][PASSED] - Text of object 'Object Repository/Pages/Sale/link_MonthYear' is: 'February 2025'&#xD;
&#xD;
2019-11-04 07:34:54 - [MESSAGE][PASSED] - Object: 'Object Repository/Pages/Sale/calender_NextButton' is clicked on&#xD;
&#xD;
2019-11-04 07:34:54 - [MESSAGE][PASSED] - Text of object 'Object Repository/Pages/Sale/link_MonthYear' is: 'March 2025'&#xD;
&#xD;
2019-11-04 07:34:55 - [MESSAGE][PASSED] - Object: 'Object Repository/Pages/Sale/calender_NextButton' is clicked on&#xD;
&#xD;
2019-11-04 07:34:55 - [MESSAGE][PASSED] - Text of object 'Object Repository/Pages/Sale/link_MonthYear' is: 'April 2025'&#xD;
&#xD;
2019-11-04 07:34:55 - [MESSAGE][PASSED] - Object: 'Object Repository/Pages/Sale/calender_NextButton' is clicked on&#xD;
&#xD;
2019-11-04 07:34:55 - [MESSAGE][PASSED] - Text of object 'Object Repository/Pages/Sale/link_MonthYear' is: 'May 2025'&#xD;
&#xD;
2019-11-04 07:34:55 - [MESSAGE][PASSED] - Object: 'Object Repository/Pages/Sale/calender_NextButton' is clicked on&#xD;
&#xD;
2019-11-04 07:34:55 - [MESSAGE][PASSED] - Text of object 'Object Repository/Pages/Sale/link_MonthYear' is: 'June 2025'&#xD;
&#xD;
2019-11-04 07:34:55 - [MESSAGE][PASSED] - Object: 'Object Repository/Pages/Sale/calender_NextButton' is clicked on&#xD;
&#xD;
2019-11-04 07:34:55 - [MESSAGE][PASSED] - Text of object 'Object Repository/Pages/Sale/link_MonthYear' is: 'July 2025'&#xD;
&#xD;
2019-11-04 07:34:56 - [MESSAGE][PASSED] - Object: 'Object Repository/Pages/Sale/calender_NextButton' is clicked on&#xD;
&#xD;
2019-11-04 07:34:56 - [MESSAGE][PASSED] - Text of object 'Object Repository/Pages/Sale/link_MonthYear' is: 'August 2025'&#xD;
&#xD;
2019-11-04 07:34:56 - [MESSAGE][PASSED] - Object: 'Object Repository/Pages/Sale/calender_NextButton' is clicked on&#xD;
&#xD;
2019-11-04 07:34:56 - [MESSAGE][PASSED] - Text of object 'Object Repository/Pages/Sale/link_MonthYear' is: 'September 2025'&#xD;
&#xD;
2019-11-04 07:34:56 - [MESSAGE][PASSED] - Object: 'Object Repository/Pages/Sale/calender_NextButton' is clicked on&#xD;
&#xD;
2019-11-04 07:34:56 - [MESSAGE][PASSED] - Text of object 'Object Repository/Pages/Sale/link_MonthYear' is: 'October 2025'&#xD;
&#xD;
2019-11-04 07:34:57 - [MESSAGE][PASSED] - Object: 'Object Repository/Pages/Sale/calender_NextButton' is clicked on&#xD;
&#xD;
2019-11-04 07:34:57 - [MESSAGE][PASSED] - Text of object 'Object Repository/Pages/Sale/link_MonthYear' is: 'November 2025'&#xD;
&#xD;
2019-11-04 07:34:57 - [MESSAGE][PASSED] - Object: 'Object Repository/Pages/Sale/calender_NextButton' is clicked on&#xD;
&#xD;
2019-11-04 07:34:57 - [MESSAGE][PASSED] - Text of object 'Object Repository/Pages/Sale/link_MonthYear' is: 'December 2025'&#xD;
&#xD;
2019-11-04 07:34:57 - [MESSAGE][PASSED] - Object: 'Object Repository/Pages/Sale/calender_NextButton' is clicked on&#xD;
&#xD;
2019-11-04 07:34:57 - [MESSAGE][PASSED] - Text of object 'Object Repository/Pages/Sale/link_MonthYear' is: 'January 2026'&#xD;
&#xD;
2019-11-04 07:34:58 - [MESSAGE][PASSED] - Object: 'Object Repository/Pages/Sale/calender_NextButton' is clicked on&#xD;
&#xD;
2019-11-04 07:34:58 - [MESSAGE][PASSED] - Text of object 'Object Repository/Pages/Sale/link_MonthYear' is: 'February 2026'&#xD;
&#xD;
2019-11-04 07:34:58 - [MESSAGE][PASSED] - Object: 'Object Repository/Pages/Sale/calender_NextButton' is clicked on&#xD;
&#xD;
2019-11-04 07:34:58 - [MESSAGE][PASSED] - Text of object 'Object Repository/Pages/Sale/link_MonthYear' is: 'March 2026'&#xD;
&#xD;
2019-11-04 07:34:58 - [MESSAGE][PASSED] - Object: 'Object Repository/Pages/Sale/calender_NextButton' is clicked on&#xD;
&#xD;
2019-11-04 07:34:58 - [MESSAGE][PASSED] - Text of object 'Object Repository/Pages/Sale/link_MonthYear' is: 'April 2026'&#xD;
&#xD;
2019-11-04 07:34:58 - [MESSAGE][PASSED] - Object: 'Object Repository/Pages/Sale/calender_NextButton' is clicked on&#xD;
&#xD;
2019-11-04 07:34:58 - [MESSAGE][PASSED] - Text of object 'Object Repository/Pages/Sale/link_MonthYear' is: 'May 2026'&#xD;
&#xD;
2019-11-04 07:34:59 - [MESSAGE][PASSED] - Object: 'Object Repository/Pages/Sale/calender_NextButton' is clicked on&#xD;
&#xD;
2019-11-04 07:34:59 - [MESSAGE][PASSED] - Text of object 'Object Repository/Pages/Sale/link_MonthYear' is: 'June 2026'&#xD;
&#xD;
2019-11-04 07:34:59 - [MESSAGE][PASSED] - Object: 'Object Repository/Pages/Sale/calender_NextButton' is clicked on&#xD;
&#xD;
2019-11-04 07:34:59 - [MESSAGE][PASSED] - Text of object 'Object Repository/Pages/Sale/link_MonthYear' is: 'July 2026'&#xD;
&#xD;
2019-11-04 07:34:59 - [MESSAGE][PASSED] - Object: 'Object Repository/Pages/Sale/calender_NextButton' is clicked on&#xD;
&#xD;
2019-11-04 07:34:59 - [MESSAGE][PASSED] - Text of object 'Object Repository/Pages/Sale/link_MonthYear' is: 'August 2026'&#xD;
&#xD;
2019-11-04 07:35:00 - [MESSAGE][PASSED] - Object: 'Object Repository/Pages/Sale/calender_NextButton' is clicked on&#xD;
&#xD;
2019-11-04 07:35:00 - [MESSAGE][PASSED] - Text of object 'Object Repository/Pages/Sale/link_MonthYear' is: 'September 2026'&#xD;
&#xD;
2019-11-04 07:35:00 - [MESSAGE][PASSED] - Object: 'Object Repository/Pages/Sale/calender_NextButton' is clicked on&#xD;
&#xD;
2019-11-04 07:35:00 - [MESSAGE][PASSED] - Text of object 'Object Repository/Pages/Sale/link_MonthYear' is: 'October 2026'&#xD;
&#xD;
2019-11-04 07:35:00 - [MESSAGE][PASSED] - Object: 'Object Repository/Pages/Sale/calender_NextButton' is clicked on&#xD;
&#xD;
2019-11-04 07:35:00 - [MESSAGE][PASSED] - Text of object 'Object Repository/Pages/Sale/link_MonthYear' is: 'November 2026'&#xD;
&#xD;
2019-11-04 07:35:01 - [MESSAGE][PASSED] - Object: 'Object Repository/Pages/Sale/calender_NextButton' is clicked on&#xD;
&#xD;
2019-11-04 07:35:01 - [MESSAGE][PASSED] - Text of object 'Object Repository/Pages/Sale/link_MonthYear' is: 'December 2026'&#xD;
&#xD;
2019-11-04 07:35:01 - [MESSAGE][PASSED] - Object: 'Object Repository/Pages/Sale/calender_NextButton' is clicked on&#xD;
&#xD;
2019-11-04 07:35:01 - [MESSAGE][PASSED] - Text of object 'Object Repository/Pages/Sale/link_MonthYear' is: 'January 2027'&#xD;
&#xD;
2019-11-04 07:35:01 - [MESSAGE][PASSED] - Object: 'Object Repository/Pages/Sale/calender_NextButton' is clicked on&#xD;
&#xD;
2019-11-04 07:35:01 - [MESSAGE][PASSED] - Text of object 'Object Repository/Pages/Sale/link_MonthYear' is: 'February 2027'&#xD;
&#xD;
2019-11-04 07:35:01 - [MESSAGE][PASSED] - Object: 'Object Repository/Pages/Sale/calender_NextButton' is clicked on&#xD;
&#xD;
2019-11-04 07:35:01 - [MESSAGE][PASSED] - Text of object 'Object Repository/Pages/Sale/link_MonthYear' is: 'March 2027'&#xD;
&#xD;
2019-11-04 07:35:02 - [MESSAGE][PASSED] - Object: 'Object Repository/Pages/Sale/calender_NextButton' is clicked on&#xD;
&#xD;
2019-11-04 07:35:02 - [MESSAGE][PASSED] - Text of object 'Object Repository/Pages/Sale/link_MonthYear' is: 'April 2027'&#xD;
&#xD;
2019-11-04 07:35:02 - [MESSAGE][PASSED] - Object: 'Object Repository/Pages/Sale/calender_NextButton' is clicked on&#xD;
&#xD;
2019-11-04 07:35:02 - [MESSAGE][PASSED] - Text of object 'Object Repository/Pages/Sale/link_MonthYear' is: 'May 2027'&#xD;
&#xD;
2019-11-04 07:35:02 - [MESSAGE][PASSED] - Object: 'Object Repository/Pages/Sale/calender_NextButton' is clicked on&#xD;
&#xD;
2019-11-04 07:35:02 - [MESSAGE][PASSED] - Text of object 'Object Repository/Pages/Sale/link_MonthYear' is: 'June 2027'&#xD;
&#xD;
2019-11-04 07:35:03 - [MESSAGE][PASSED] - Object: 'Object Repository/Pages/Sale/calender_NextButton' is clicked on&#xD;
&#xD;
2019-11-04 07:35:03 - [MESSAGE][PASSED] - Text of object 'Object Repository/Pages/Sale/link_MonthYear' is: 'July 2027'&#xD;
&#xD;
2019-11-04 07:35:03 - [MESSAGE][PASSED] - Object: 'Object Repository/Pages/Sale/calender_NextButton' is clicked on&#xD;
&#xD;
2019-11-04 07:35:03 - [MESSAGE][PASSED] - Text of object 'Object Repository/Pages/Sale/link_MonthYear' is: 'August 2027'&#xD;
&#xD;
2019-11-04 07:35:03 - [MESSAGE][PASSED] - Object: 'Object Repository/Pages/Sale/calender_NextButton' is clicked on&#xD;
&#xD;
2019-11-04 07:35:03 - [MESSAGE][PASSED] - Text of object 'Object Repository/Pages/Sale/link_MonthYear' is: 'September 2027'&#xD;
&#xD;
2019-11-04 07:35:04 - [MESSAGE][PASSED] - Object: 'Object Repository/Pages/Sale/calender_NextButton' is clicked on&#xD;
&#xD;
2019-11-04 07:35:05 - [MESSAGE][PASSED] - Text of object 'Object Repository/Pages/Sale/link_MonthYear' is: 'October 2027'&#xD;
&#xD;
2019-11-04 07:35:05 - [MESSAGE][PASSED] - Object: 'Object Repository/Pages/Sale/calender_NextButton' is clicked on&#xD;
&#xD;
2019-11-04 07:35:05 - [MESSAGE][PASSED] - Text of object 'Object Repository/Pages/Sale/link_MonthYear' is: 'November 2027'&#xD;
&#xD;
2019-11-04 07:35:06 - [MESSAGE][PASSED] - Object: 'Object Repository/Pages/Sale/calender_NextButton' is clicked on&#xD;
&#xD;
2019-11-04 07:35:06 - [MESSAGE][PASSED] - Text of object 'Object Repository/Pages/Sale/link_MonthYear' is: 'December 2027'&#xD;
&#xD;
2019-11-04 07:35:06 - [MESSAGE][PASSED] - Object: 'Object Repository/Pages/Sale/calender_NextButton' is clicked on&#xD;
&#xD;
2019-11-04 07:35:06 - [MESSAGE][PASSED] - Text of object 'Object Repository/Pages/Sale/link_MonthYear' is: 'January 2028'&#xD;
&#xD;
2019-11-04 07:35:07 - [MESSAGE][PASSED] - Object: 'Object Repository/Pages/Sale/calender_NextButton' is clicked on&#xD;
&#xD;
2019-11-04 07:35:07 - [MESSAGE][PASSED] - Text of object 'Object Repository/Pages/Sale/link_MonthYear' is: 'February 2028'&#xD;
&#xD;
2019-11-04 07:35:07 - [MESSAGE][PASSED] - Object: 'Object Repository/Pages/Sale/calender_NextButton' is clicked on&#xD;
&#xD;
2019-11-04 07:35:07 - [MESSAGE][PASSED] - Text of object 'Object Repository/Pages/Sale/link_MonthYear' is: 'March 2028'&#xD;
&#xD;
2019-11-04 07:35:07 - [MESSAGE][PASSED] - Object: 'Object Repository/Pages/Sale/calender_NextButton' is clicked on&#xD;
&#xD;
2019-11-04 07:35:07 - [MESSAGE][PASSED] - Text of object 'Object Repository/Pages/Sale/link_MonthYear' is: 'April 2028'&#xD;
&#xD;
2019-11-04 07:35:08 - [MESSAGE][PASSED] - Object: 'Object Repository/Pages/Sale/calender_NextButton' is clicked on&#xD;
&#xD;
2019-11-04 07:35:08 - [MESSAGE][PASSED] - Text of object 'Object Repository/Pages/Sale/link_MonthYear' is: 'May 2028'&#xD;
&#xD;
2019-11-04 07:35:08 - [MESSAGE][PASSED] - Object: 'Object Repository/Pages/Sale/calender_NextButton' is clicked on&#xD;
&#xD;
2019-11-04 07:35:08 - [MESSAGE][PASSED] - Text of object 'Object Repository/Pages/Sale/link_MonthYear' is: 'June 2028'&#xD;
&#xD;
2019-11-04 07:35:08 - [MESSAGE][PASSED] - Object: 'Object Repository/Pages/Sale/calender_NextButton' is clicked on&#xD;
&#xD;
2019-11-04 07:35:08 - [MESSAGE][PASSED] - Text of object 'Object Repository/Pages/Sale/link_MonthYear' is: 'July 2028'&#xD;
&#xD;
2019-11-04 07:35:09 - [MESSAGE][PASSED] - Object: 'Object Repository/Pages/Sale/calender_NextButton' is clicked on&#xD;
&#xD;
2019-11-04 07:35:09 - [MESSAGE][PASSED] - Text of object 'Object Repository/Pages/Sale/link_MonthYear' is: 'August 2028'&#xD;
&#xD;
2019-11-04 07:35:09 - [MESSAGE][PASSED] - Object: 'Object Repository/Pages/Sale/calender_NextButton' is clicked on&#xD;
&#xD;
2019-11-04 07:35:09 - [MESSAGE][PASSED] - Text of object 'Object Repository/Pages/Sale/link_MonthYear' is: 'September 2028'&#xD;
&#xD;
2019-11-04 07:35:09 - [MESSAGE][PASSED] - Object: 'Object Repository/Pages/Sale/calender_NextButton' is clicked on&#xD;
&#xD;
2019-11-04 07:35:09 - [MESSAGE][PASSED] - Text of object 'Object Repository/Pages/Sale/link_MonthYear' is: 'October 2028'&#xD;
&#xD;
2019-11-04 07:35:10 - [MESSAGE][PASSED] - Object: 'Object Repository/Pages/Sale/calender_NextButton' is clicked on&#xD;
&#xD;
2019-11-04 07:35:10 - [MESSAGE][PASSED] - Text of object 'Object Repository/Pages/Sale/link_MonthYear' is: 'November 2028'&#xD;
&#xD;
2019-11-04 07:35:10 - [MESSAGE][PASSED] - Object: 'Object Repository/Pages/Sale/calender_NextButton' is clicked on&#xD;
&#xD;
2019-11-04 07:35:10 - [MESSAGE][PASSED] - Text of object 'Object Repository/Pages/Sale/link_MonthYear' is: 'December 2028'&#xD;
&#xD;
2019-11-04 07:35:10 - [MESSAGE][PASSED] - Object: 'Object Repository/Pages/Sale/calender_NextButton' is clicked on&#xD;
&#xD;
2019-11-04 07:35:10 - [MESSAGE][PASSED] - Text of object 'Object Repository/Pages/Sale/link_MonthYear' is: 'January 2029'&#xD;
&#xD;
2019-11-04 07:35:11 - [MESSAGE][PASSED] - Object: 'Object Repository/Pages/Sale/calender_NextButton' is clicked on&#xD;
&#xD;
2019-11-04 07:35:11 - [MESSAGE][PASSED] - Text of object 'Object Repository/Pages/Sale/link_MonthYear' is: 'February 2029'&#xD;
&#xD;
2019-11-04 07:35:11 - [MESSAGE][PASSED] - Object: 'Object Repository/Pages/Sale/calender_NextButton' is clicked on&#xD;
&#xD;
2019-11-04 07:35:11 - [MESSAGE][PASSED] - Text of object 'Object Repository/Pages/Sale/link_MonthYear' is: 'March 2029'&#xD;
&#xD;
2019-11-04 07:35:11 - [MESSAGE][PASSED] - Object: 'Object Repository/Pages/Sale/calender_NextButton' is clicked on&#xD;
&#xD;
2019-11-04 07:35:12 - [MESSAGE][PASSED] - Text of object 'Object Repository/Pages/Sale/link_MonthYear' is: 'April 2029'&#xD;
&#xD;
2019-11-04 07:35:12 - [MESSAGE][PASSED] - Object: 'Object Repository/Pages/Sale/calender_NextButton' is clicked on&#xD;
&#xD;
2019-11-04 07:35:12 - [MESSAGE][PASSED] - Text of object 'Object Repository/Pages/Sale/link_MonthYear' is: 'May 2029'&#xD;
&#xD;
2019-11-04 07:35:12 - [MESSAGE][PASSED] - Object: 'Object Repository/Pages/Sale/calender_NextButton' is clicked on&#xD;
&#xD;
2019-11-04 07:35:12 - [MESSAGE][PASSED] - Text of object 'Object Repository/Pages/Sale/link_MonthYear' is: 'June 2029'&#xD;
&#xD;
2019-11-04 07:35:13 - [MESSAGE][PASSED] - Object: 'Object Repository/Pages/Sale/calender_NextButton' is clicked on&#xD;
&#xD;
2019-11-04 07:35:13 - [MESSAGE][PASSED] - Text of object 'Object Repository/Pages/Sale/link_MonthYear' is: 'July 2029'&#xD;
&#xD;
2019-11-04 07:35:13 - [MESSAGE][PASSED] - Object: 'Object Repository/Pages/Sale/calender_NextButton' is clicked on&#xD;
&#xD;
2019-11-04 07:35:13 - [MESSAGE][PASSED] - Text of object 'Object Repository/Pages/Sale/link_MonthYear' is: 'August 2029'&#xD;
&#xD;
2019-11-04 07:35:13 - [MESSAGE][PASSED] - Object: 'Object Repository/Pages/Sale/calender_NextButton' is clicked on&#xD;
&#xD;
2019-11-04 07:35:13 - [MESSAGE][PASSED] - Text of object 'Object Repository/Pages/Sale/link_MonthYear' is: 'September 2029'&#xD;
&#xD;
2019-11-04 07:35:13 - [MESSAGE][PASSED] - Object: 'Object Repository/Pages/Sale/calender_NextButton' is clicked on&#xD;
&#xD;
2019-11-04 07:35:14 - [MESSAGE][PASSED] - Text of object 'Object Repository/Pages/Sale/link_MonthYear' is: 'October 2029'&#xD;
&#xD;
2019-11-04 07:35:14 - [MESSAGE][PASSED] - Object: 'Object Repository/Pages/Sale/calender_NextButton' is clicked on&#xD;
&#xD;
2019-11-04 07:35:14 - [MESSAGE][PASSED] - Text of object 'Object Repository/Pages/Sale/link_MonthYear' is: 'November 2029'&#xD;
&#xD;
2019-11-04 07:35:14 - [MESSAGE][PASSED] - Object: 'Object Repository/Pages/Sale/calender_NextButton' is clicked on&#xD;
&#xD;
2019-11-04 07:35:15 - [MESSAGE][PASSED] - Text of object 'Object Repository/Pages/Sale/link_MonthYear' is: 'December 2029'&#xD;
&#xD;
2019-11-04 07:35:15 - [MESSAGE][PASSED] - Object: 'Object Repository/Pages/Sale/calender_NextButton' is clicked on&#xD;
&#xD;
2019-11-04 07:35:15 - [MESSAGE][PASSED] - Text of object 'Object Repository/Pages/Sale/link_MonthYear' is: 'January 2030'&#xD;
&#xD;
2019-11-04 07:35:15 - [MESSAGE][PASSED] - Object: 'Object Repository/Pages/Sale/calender_NextButton' is clicked on&#xD;
&#xD;
2019-11-04 07:35:15 - [MESSAGE][PASSED] - Text of object 'Object Repository/Pages/Sale/link_MonthYear' is: 'February 2030'&#xD;
&#xD;
2019-11-04 07:35:15 - [MESSAGE][PASSED] - Object: 'Object Repository/Pages/Sale/calender_NextButton' is clicked on&#xD;
&#xD;
2019-11-04 07:35:16 - [MESSAGE][PASSED] - Text of object 'Object Repository/Pages/Sale/link_MonthYear' is: 'March 2030'&#xD;
&#xD;
2019-11-04 07:35:16 - [MESSAGE][PASSED] - Object: 'Object Repository/Pages/Sale/calender_NextButton' is clicked on&#xD;
&#xD;
2019-11-04 07:35:16 - [MESSAGE][PASSED] - Text of object 'Object Repository/Pages/Sale/link_MonthYear' is: 'April 2030'&#xD;
&#xD;
2019-11-04 07:35:16 - [MESSAGE][PASSED] - Object: 'Object Repository/Pages/Sale/calender_NextButton' is clicked on&#xD;
&#xD;
2019-11-04 07:35:16 - [MESSAGE][PASSED] - Text of object 'Object Repository/Pages/Sale/link_MonthYear' is: 'May 2030'&#xD;
&#xD;
2019-11-04 07:35:16 - [MESSAGE][PASSED] - Object: 'Object Repository/Pages/Sale/calender_NextButton' is clicked on&#xD;
&#xD;
2019-11-04 07:35:16 - [MESSAGE][PASSED] - Text of object 'Object Repository/Pages/Sale/link_MonthYear' is: 'June 2030'&#xD;
&#xD;
2019-11-04 07:35:17 - [MESSAGE][PASSED] - Object: 'Object Repository/Pages/Sale/calender_NextButton' is clicked on&#xD;
&#xD;
2019-11-04 07:35:17 - [MESSAGE][PASSED] - Text of object 'Object Repository/Pages/Sale/link_MonthYear' is: 'July 2030'&#xD;
&#xD;
2019-11-04 07:35:17 - [MESSAGE][PASSED] - Object: 'Object Repository/Pages/Sale/calender_NextButton' is clicked on&#xD;
&#xD;
2019-11-04 07:35:17 - [MESSAGE][PASSED] - Text of object 'Object Repository/Pages/Sale/link_MonthYear' is: 'August 2030'&#xD;
&#xD;
2019-11-04 07:35:17 - [MESSAGE][PASSED] - Object: 'Object Repository/Pages/Sale/calender_NextButton' is clicked on&#xD;
&#xD;
2019-11-04 07:35:17 - [MESSAGE][PASSED] - Text of object 'Object Repository/Pages/Sale/link_MonthYear' is: 'September 2030'&#xD;
&#xD;
2019-11-04 07:35:18 - [MESSAGE][PASSED] - Object: 'Object Repository/Pages/Sale/calender_NextButton' is clicked on&#xD;
&#xD;
2019-11-04 07:35:18 - [MESSAGE][PASSED] - Text of object 'Object Repository/Pages/Sale/link_MonthYear' is: 'October 2030'&#xD;
&#xD;
2019-11-04 07:35:18 - [MESSAGE][PASSED] - Object: 'Object Repository/Pages/Sale/calender_NextButton' is clicked on&#xD;
&#xD;
2019-11-04 07:35:18 - [MESSAGE][PASSED] - Text of object 'Object Repository/Pages/Sale/link_MonthYear' is: 'November 2030'&#xD;
&#xD;
2019-11-04 07:35:18 - [MESSAGE][PASSED] - Object: 'Object Repository/Pages/Sale/calender_NextButton' is clicked on&#xD;
&#xD;
2019-11-04 07:35:18 - [MESSAGE][PASSED] - Text of object 'Object Repository/Pages/Sale/link_MonthYear' is: 'December 2030'&#xD;
&#xD;
2019-11-04 07:35:18 - [MESSAGE][PASSED] - Object: 'Object Repository/Pages/Sale/calender_NextButton' is clicked on&#xD;
&#xD;
2019-11-04 07:35:19 - [MESSAGE][PASSED] - Text of object 'Object Repository/Pages/Sale/link_MonthYear' is: 'January 2031'&#xD;
&#xD;
2019-11-04 07:35:19 - [MESSAGE][PASSED] - Object: 'Object Repository/Pages/Sale/calender_NextButton' is clicked on&#xD;
&#xD;
2019-11-04 07:35:19 - [MESSAGE][PASSED] - Text of object 'Object Repository/Pages/Sale/link_MonthYear' is: 'February 2031'&#xD;
&#xD;
2019-11-04 07:35:19 - [MESSAGE][PASSED] - Object: 'Object Repository/Pages/Sale/calender_NextButton' is clicked on&#xD;
&#xD;
2019-11-04 07:35:19 - [MESSAGE][PASSED] - Text of object 'Object Repository/Pages/Sale/link_MonthYear' is: 'March 2031'&#xD;
&#xD;
2019-11-04 07:35:19 - [MESSAGE][PASSED] - Object: 'Object Repository/Pages/Sale/calender_NextButton' is clicked on&#xD;
&#xD;
2019-11-04 07:35:19 - [MESSAGE][PASSED] - Text of object 'Object Repository/Pages/Sale/link_MonthYear' is: 'April 2031'&#xD;
&#xD;
2019-11-04 07:35:20 - [MESSAGE][PASSED] - Object: 'Object Repository/Pages/Sale/calender_NextButton' is clicked on&#xD;
&#xD;
2019-11-04 07:35:20 - [MESSAGE][PASSED] - Text of object 'Object Repository/Pages/Sale/link_MonthYear' is: 'May 2031'&#xD;
&#xD;
2019-11-04 07:35:20 - [MESSAGE][PASSED] - Object: 'Object Repository/Pages/Sale/calender_NextButton' is clicked on&#xD;
&#xD;
2019-11-04 07:35:20 - [MESSAGE][PASSED] - Text of object 'Object Repository/Pages/Sale/link_MonthYear' is: 'June 2031'&#xD;
&#xD;
2019-11-04 07:35:20 - [MESSAGE][PASSED] - Object: 'Object Repository/Pages/Sale/calender_NextButton' is clicked on&#xD;
&#xD;
2019-11-04 07:35:20 - [MESSAGE][PASSED] - Text of object 'Object Repository/Pages/Sale/link_MonthYear' is: 'July 2031'&#xD;
&#xD;
2019-11-04 07:35:21 - [MESSAGE][PASSED] - Object: 'Object Repository/Pages/Sale/calender_NextButton' is clicked on&#xD;
&#xD;
2019-11-04 07:35:21 - [MESSAGE][PASSED] - Text of object 'Object Repository/Pages/Sale/link_MonthYear' is: 'August 2031'&#xD;
&#xD;
2019-11-04 07:35:21 - [MESSAGE][PASSED] - Object: 'Object Repository/Pages/Sale/calender_NextButton' is clicked on&#xD;
&#xD;
2019-11-04 07:35:21 - [MESSAGE][PASSED] - Text of object 'Object Repository/Pages/Sale/link_MonthYear' is: 'September 2031'&#xD;
&#xD;
2019-11-04 07:35:21 - [MESSAGE][PASSED] - Object: 'Object Repository/Pages/Sale/calender_NextButton' is clicked on&#xD;
&#xD;
2019-11-04 07:35:21 - [MESSAGE][PASSED] - Text of object 'Object Repository/Pages/Sale/link_MonthYear' is: 'October 2031'&#xD;
&#xD;
2019-11-04 07:35:22 - [MESSAGE][PASSED] - Object: 'Object Repository/Pages/Sale/calender_NextButton' is clicked on&#xD;
&#xD;
2019-11-04 07:35:22 - [MESSAGE][PASSED] - Text of object 'Object Repository/Pages/Sale/link_MonthYear' is: 'November 2031'&#xD;
&#xD;
2019-11-04 07:35:22 - [MESSAGE][PASSED] - Object: 'Object Repository/Pages/Sale/calender_NextButton' is clicked on&#xD;
&#xD;
2019-11-04 07:35:22 - [MESSAGE][PASSED] - Text of object 'Object Repository/Pages/Sale/link_MonthYear' is: 'December 2031'&#xD;
&#xD;
2019-11-04 07:35:22 - [MESSAGE][PASSED] - Object: 'Object Repository/Pages/Sale/calender_NextButton' is clicked on&#xD;
&#xD;
2019-11-04 07:35:22 - [MESSAGE][PASSED] - Text of object 'Object Repository/Pages/Sale/link_MonthYear' is: 'January 2032'&#xD;
&#xD;
2019-11-04 07:35:23 - [MESSAGE][PASSED] - Object: 'Object Repository/Pages/Sale/calender_NextButton' is clicked on&#xD;
&#xD;
2019-11-04 07:35:23 - [MESSAGE][PASSED] - Text of object 'Object Repository/Pages/Sale/link_MonthYear' is: 'February 2032'&#xD;
&#xD;
2019-11-04 07:35:23 - [MESSAGE][PASSED] - Object: 'Object Repository/Pages/Sale/calender_NextButton' is clicked on&#xD;
&#xD;
2019-11-04 07:35:23 - [MESSAGE][PASSED] - Text of object 'Object Repository/Pages/Sale/link_MonthYear' is: 'March 2032'&#xD;
&#xD;
2019-11-04 07:35:23 - [MESSAGE][PASSED] - Object: 'Object Repository/Pages/Sale/calender_NextButton' is clicked on&#xD;
&#xD;
2019-11-04 07:35:23 - [MESSAGE][PASSED] - Text of object 'Object Repository/Pages/Sale/link_MonthYear' is: 'April 2032'&#xD;
&#xD;
2019-11-04 07:35:24 - [MESSAGE][PASSED] - Object: 'Object Repository/Pages/Sale/calender_NextButton' is clicked on&#xD;
&#xD;
2019-11-04 07:35:24 - [MESSAGE][PASSED] - Text of object 'Object Repository/Pages/Sale/link_MonthYear' is: 'May 2032'&#xD;
&#xD;
2019-11-04 07:35:24 - [MESSAGE][PASSED] - Object: 'Object Repository/Pages/Sale/calender_NextButton' is clicked on&#xD;
&#xD;
2019-11-04 07:35:24 - [MESSAGE][PASSED] - Text of object 'Object Repository/Pages/Sale/link_MonthYear' is: 'June 2032'&#xD;
&#xD;
2019-11-04 07:35:25 - [MESSAGE][PASSED] - Object: 'Object Repository/Pages/Sale/calender_NextButton' is clicked on&#xD;
&#xD;
2019-11-04 07:35:25 - [MESSAGE][PASSED] - Text of object 'Object Repository/Pages/Sale/link_MonthYear' is: 'July 2032'&#xD;
&#xD;
2019-11-04 07:35:25 - [MESSAGE][PASSED] - Object: 'Object Repository/Pages/Sale/calender_NextButton' is clicked on&#xD;
&#xD;
2019-11-04 07:35:25 - [MESSAGE][PASSED] - Text of object 'Object Repository/Pages/Sale/link_MonthYear' is: 'August 2032'&#xD;
&#xD;
2019-11-04 07:35:25 - [MESSAGE][PASSED] - Object: 'Object Repository/Pages/Sale/calender_NextButton' is clicked on&#xD;
&#xD;
2019-11-04 07:35:26 - [MESSAGE][PASSED] - Text of object 'Object Repository/Pages/Sale/link_MonthYear' is: 'September 2032'&#xD;
&#xD;
2019-11-04 07:35:26 - [MESSAGE][PASSED] - pages.Sale.selectMonthYear is PASSED&#xD;
&#xD;
2019-11-04 07:35:26 - [TEST_STEP][PASSED] - pages.Sale.selectDate(end_date_Value): pages.Sale.selectDate is PASSED&#xD;
&#xD;
2019-11-04 07:35:26 - [MESSAGE][PASSED] - Object: '' is clicked on&#xD;
&#xD;
2019-11-04 07:35:26 - [MESSAGE][PASSED] - pages.Sale.selectDate is PASSED&#xD;
&#xD;
2019-11-04 07:35:26 - [TEST_STEP][PASSED] - utilities.SafeActions.safeSelectOptionInDropDownByVisibleText(findTestObject("Pages/Sale/dropDown_Frequency_TransactionComplete"), "Weekly", "Select By Value", [PageLoadTime]): utilities.SafeActions.safeSelectOptionInDropDownByVisibleText is PASSED&#xD;
&#xD;
2019-11-04 07:35:26 - [MESSAGE][PASSED] - Object 'Object Repository/Pages/Sale/dropDown_Frequency_TransactionComplete' is visible&#xD;
&#xD;
2019-11-04 07:35:26 - [MESSAGE][PASSED] - Object 'Object Repository/Pages/Sale/dropDown_Frequency_TransactionComplete' is present&#xD;
&#xD;
2019-11-04 07:35:27 - [MESSAGE][PASSED] - Object: 'Object Repository/Pages/Sale/dropDown_Frequency_TransactionComplete' is clicked on&#xD;
&#xD;
2019-11-04 07:35:27 - [MESSAGE][PASSED] - All options with label 'Weekly' are selected in object 'Object Repository/Pages/Sale/dropDown_Frequency_TransactionComplete' &#xD;
&#xD;
2019-11-04 07:35:27 - [MESSAGE][PASSED] - utilities.SafeActions.safeSelectOptionInDropDownByVisibleText is PASSED&#xD;
&#xD;
2019-11-04 07:35:27 - [TEST_STEP][PASSED] - utilities.SafeActions.safeCheckForElement(findTestObject("Pages/Sale/checkBox_Label_EmailReceipt_TransactionComplete"), PageLoadTime): utilities.SafeActions.safeCheckForElement is PASSED&#xD;
&#xD;
2019-11-04 07:35:28 - [MESSAGE][PASSED] - Object 'Object Repository/Pages/Sale/checkBox_Label_EmailReceipt_TransactionComplete' is present&#xD;
&#xD;
2019-11-04 07:35:28 - [MESSAGE][PASSED] - Object 'Object Repository/Pages/Sale/checkBox_Label_EmailReceipt_TransactionComplete' is visible&#xD;
&#xD;
2019-11-04 07:35:28 - [MESSAGE][PASSED] - Object 'Object Repository/Pages/Sale/checkBox_Label_EmailReceipt_TransactionComplete' is present&#xD;
&#xD;
2019-11-04 07:35:28 - [MESSAGE][PASSED] - Object 'Object Repository/Pages/Sale/checkBox_Label_EmailReceipt_TransactionComplete' is checked&#xD;
&#xD;
2019-11-04 07:35:28 - [MESSAGE][PASSED] - utilities.SafeActions.safeCheckForElement is PASSED&#xD;
&#xD;
2019-11-04 07:35:28 - [TEST_STEP][PASSED] - utilities.SafeActions.safeType(findTestObject("Pages/FirstPayVault/textBox_EmailAddress_TransactionComplete"), emailAddress, "Enter EmailAddress into text box", [PageLoadTime]): utilities.SafeActions.safeType is PASSED&#xD;
&#xD;
2019-11-04 07:35:29 - [MESSAGE][PASSED] - Object 'Object Repository/Pages/FirstPayVault/textBox_EmailAddress_TransactionComplete' is present&#xD;
&#xD;
2019-11-04 07:35:29 - [MESSAGE][PASSED] - Object 'Object Repository/Pages/FirstPayVault/textBox_EmailAddress_TransactionComplete' is present&#xD;
&#xD;
2019-11-04 07:35:30 - [MESSAGE][PASSED] - Object: 'Object Repository/Pages/FirstPayVault/textBox_EmailAddress_TransactionComplete' is clicked on&#xD;
&#xD;
2019-11-04 07:35:30 - [MESSAGE][PASSED] - Text 'Venkatasai.Annam@zenq.com' is set on object 'Object Repository/Pages/FirstPayVault/textBox_EmailAddress_TransactionComplete'&#xD;
&#xD;
2019-11-04 07:35:30 - [MESSAGE][PASSED] - utilities.SafeActions.safeType is PASSED&#xD;
&#xD;
2019-11-04 07:35:30 - [TEST_STEP][PASSED] - utilities.SafeActions.safeClickWithoutScroll(findTestObject("Pages/FirstPayVault/button_SaveSetUp"), "Click on Save and Return", [PageLoadTime]): utilities.SafeActions.safeClickWithoutScroll is PASSED&#xD;
&#xD;
2019-11-04 07:35:30 - [MESSAGE][INFO] - Safe Click Without scroll&#xD;
&#xD;
2019-11-04 07:35:30 - [MESSAGE][INFO] - 1stPayVault_TestSuite.ts:waiting until Click on Save and Return is Clickable&#xD;
&#xD;
2019-11-04 07:35:30 - [MESSAGE][PASSED] - Object 'Object Repository/Pages/FirstPayVault/button_SaveSetUp' is clickable&#xD;
&#xD;
2019-11-04 07:35:30 - [MESSAGE][PASSED] - Object 'Object Repository/Pages/FirstPayVault/button_SaveSetUp' is visible&#xD;
&#xD;
2019-11-04 07:35:31 - [MESSAGE][PASSED] - Object: 'Object Repository/Pages/FirstPayVault/button_SaveSetUp' is clicked on&#xD;
&#xD;
2019-11-04 07:35:31 - [MESSAGE][INFO] - 1stPayVault_TestSuite.ts: click on the Click on Save and Return&#xD;
&#xD;
2019-11-04 07:35:31 - [MESSAGE][PASSED] - utilities.SafeActions.safeClickWithoutScroll is PASSED&#xD;
&#xD;
2019-11-04 07:35:31 - [TEST_STEP][PASSED] - delay(2): Delayed 2 second(s)&#xD;
&#xD;
2019-11-04 07:35:33 - [MESSAGE][PASSED] - Delayed 2 second(s)&#xD;
&#xD;
2019-11-04 07:35:33 - [TEST_STEP][PASSED] - popUpMessage = utilities.SafeActions.safeGetText(findTestObject("Pages/FirstPayVault/popupMessage_TransactionComplete"), delayBetweenTestSteps): utilities.SafeActions.safeGetText is PASSED&#xD;
&#xD;
2019-11-04 07:35:34 - [MESSAGE][PASSED] - Object 'Object Repository/Pages/FirstPayVault/popupMessage_TransactionComplete' is present&#xD;
&#xD;
2019-11-04 07:35:34 - [MESSAGE][PASSED] - Scroll to object 'Object Repository/Pages/FirstPayVault/popupMessage_TransactionComplete' successfully&#xD;
&#xD;
2019-11-04 07:35:34 - [MESSAGE][PASSED] - Object 'Object Repository/Pages/FirstPayVault/popupMessage_TransactionComplete' is present&#xD;
&#xD;
2019-11-04 07:35:34 - [MESSAGE][PASSED] - Text of object 'Object Repository/Pages/FirstPayVault/popupMessage_TransactionComplete' is: 'Your Setup has been completed.'&#xD;
&#xD;
2019-11-04 07:35:34 - [MESSAGE][PASSED] - utilities.SafeActions.safeGetText is PASSED&#xD;
&#xD;
2019-11-04 07:35:34 - [TEST_STEP][PASSED] - utilities.SafeActions.verifyPopupMessage("Your Setup has been completed.", popUpMessage): Popup Message : Your Setup has been completed. matched with expected message : Your Setup has been completed.&#xD;
&#xD;
2019-11-04 07:35:34 - [MESSAGE][PASSED] - Popup Message : Your Setup has been completed. matched with expected message : Your Setup has been completed.&#xD;
&#xD;
2019-11-04 07:35:34 - [TEST_STEP][PASSED] - utilities.SafeActions.safeClickWithoutScroll(findTestObject("Pages/FirstPayVault/closeLocatorForDeletePopupMessage"), "Click on Save and Return", [PageLoadTime]): utilities.SafeActions.safeClickWithoutScroll is PASSED&#xD;
&#xD;
2019-11-04 07:35:34 - [MESSAGE][INFO] - Safe Click Without scroll&#xD;
&#xD;
2019-11-04 07:35:34 - [MESSAGE][INFO] - 1stPayVault_TestSuite.ts:waiting until Click on Save and Return is Clickable&#xD;
&#xD;
2019-11-04 07:35:34 - [MESSAGE][PASSED] - Object 'Object Repository/Pages/FirstPayVault/closeLocatorForDeletePopupMessage' is clickable&#xD;
&#xD;
2019-11-04 07:35:34 - [MESSAGE][PASSED] - Object 'Object Repository/Pages/FirstPayVault/closeLocatorForDeletePopupMessage' is visible&#xD;
&#xD;
2019-11-04 07:35:35 - [MESSAGE][PASSED] - Object: 'Object Repository/Pages/FirstPayVault/closeLocatorForDeletePopupMessage' is clicked on&#xD;
&#xD;
2019-11-04 07:35:35 - [MESSAGE][INFO] - 1stPayVault_TestSuite.ts: click on the Click on Save and Return&#xD;
&#xD;
2019-11-04 07:35:35 - [MESSAGE][PASSED] - utilities.SafeActions.safeClickWithoutScroll is PASSED&#xD;
&#xD;
2019-11-04 07:35:35 - [TEST_STEP][PASSED] - utilities.SafeActions.safeClickwithScroll(findTestObject("Pages/FirstPayVault/button_ReturnToSale_InTransactionComplete"), "Click on Save and Return", [PageLoadTime]): utilities.SafeActions.safeClickwithScroll is PASSED&#xD;
&#xD;
2019-11-04 07:35:35 - [MESSAGE][PASSED] - Object 'Object Repository/Pages/FirstPayVault/button_ReturnToSale_InTransactionComplete' is present&#xD;
&#xD;
2019-11-04 07:35:36 - [MESSAGE][PASSED] - Object 'Object Repository/Pages/FirstPayVault/button_ReturnToSale_InTransactionComplete' is visible&#xD;
&#xD;
2019-11-04 07:35:36 - [MESSAGE][INFO] - 1stPayVault_TestSuite.ts:waiting until Click on Save and Return is Clickable&#xD;
&#xD;
2019-11-04 07:35:36 - [MESSAGE][PASSED] - Object 'Object Repository/Pages/FirstPayVault/button_ReturnToSale_InTransactionComplete' is clickable&#xD;
&#xD;
2019-11-04 07:35:36 - [MESSAGE][PASSED] - Object 'Object Repository/Pages/FirstPayVault/button_ReturnToSale_InTransactionComplete' is visible&#xD;
&#xD;
2019-11-04 07:35:37 - [MESSAGE][PASSED] - Object: 'Object Repository/Pages/FirstPayVault/button_ReturnToSale_InTransactionComplete' is clicked on&#xD;
&#xD;
2019-11-04 07:35:37 - [MESSAGE][INFO] - 1stPayVault_TestSuite.ts: Clicked on the Click on Save and Return&#xD;
&#xD;
2019-11-04 07:35:37 - [MESSAGE][PASSED] - utilities.SafeActions.safeClickwithScroll is PASSED&#xD;
&#xD;
2019-11-04 07:35:37 - [TEST_STEP][PASSED] - closeBrowser(): Browser is closed&#xD;
&#xD;
2019-11-04 07:35:38 - [MESSAGE][PASSED] - Browser is closed&#xD;
&#xD;
2019-11-04 07:35:38 - [TEST_STEP][PASSED] - Start listener action : sampleAfterTestCase: null&#xD;
&#xD;
2019-11-04 07:35:38 - [TEST_STEP][PASSED] - println(testCaseContext.getTestCaseId()): null&#xD;
&#xD;
2019-11-04 07:35:38 - [TEST_STEP][PASSED] - println(testCaseContext.getTestCaseStatus()): null&#xD;
&#xD;
2019-11-04 07:35:38 - [TEST_STEP][PASSED] - testCaseName = testCaseContext.getTestCaseId(): null&#xD;
&#xD;
2019-11-04 07:35:38 - [TEST_STEP][PASSED] - strCount = testCaseName.lastIndexOf("/"): null&#xD;
&#xD;
2019-11-04 07:35:38 - [TEST_STEP][PASSED] - testCaseName = testCaseName.substring(strCount): null&#xD;
&#xD;
2019-11-04 07:35:38 - [TEST_STEP][PASSED] - println(testCaseName): null&#xD;
&#xD;
2019-11-04 07:35:38 - [TEST_STEP][PASSED] - if (getTestCaseStatus().equalsIgnoreCase("Error")): null&#xD;
&#xD;
2019-11-04 07:35:38 - [TEST_STEP][PASSED] - Start listener action : sampleAfterTestCase: null</system-out>
            <system-err></system-err>
        </testcase>
        <testcase name="Test Cases/FirstView/FirstPayVault/VPOS_1stPayVault_SetFuturePayment_By_Clicking_MakePayment_On_SearchedVault_Retail" classname="Test Cases/FirstView/FirstPayVault/VPOS_1stPayVault_SetFuturePayment_By_Clicking_MakePayment_On_SearchedVault_Retail" status="PASSED">
            <system-out>2019-11-04 07:35:38 - [TEST_CASE][PASSED] - Test Cases/FirstView/FirstPayVault/VPOS_1stPayVault_SetFuturePayment_By_Clicking_MakePayment_On_SearchedVault_Retail: Test Cases/FirstView/FirstPayVault/VPOS_1stPayVault_SetFuturePayment_By_Clicking_MakePayment_On_SearchedVault_Retail&#xD;
&#xD;
2019-11-04 07:35:40 - [TEST_STEP][PASSED] - Start listener action : sampleBeforeTestCase: null&#xD;
&#xD;
2019-11-04 07:35:40 - [TEST_STEP][PASSED] - println(testCaseContext.getTestCaseId()): null&#xD;
&#xD;
2019-11-04 07:35:40 - [TEST_STEP][PASSED] - println(testCaseContext.getTestCaseVariables()): null&#xD;
&#xD;
2019-11-04 07:35:40 - [TEST_STEP][PASSED] - utilities.SafeActions.openBrowser(URL, [PageLoadTime]): utilities.SafeActions.openBrowser is PASSED&#xD;
&#xD;
2019-11-04 07:35:40 - [MESSAGE][INFO] - Opening Browser&#xD;
&#xD;
2019-11-04 07:35:40 - [MESSAGE][INFO] - Starting 'Firefox' driver&#xD;
&#xD;
2019-11-04 07:35:48 - [MESSAGE][PASSED] - Browser is opened with url: 'https://q-www-firstview-net.faps.net/MVC/Account/Login'&#xD;
&#xD;
2019-11-04 07:35:48 - [MESSAGE][PASSED] - Current window maximized&#xD;
&#xD;
2019-11-04 07:35:48 - [MESSAGE][INFO] - Browser Launched Successfully&#xD;
&#xD;
2019-11-04 07:35:48 - [MESSAGE][PASSED] - utilities.SafeActions.openBrowser is PASSED&#xD;
&#xD;
2019-11-04 07:35:48 - [TEST_STEP][PASSED] - pages.Login.login(uName, password): pages.Login.login is PASSED&#xD;
&#xD;
2019-11-04 07:35:48 - [MESSAGE][PASSED] - Object 'Object Repository/Pages/Login/userName' is present&#xD;
&#xD;
2019-11-04 07:35:48 - [MESSAGE][PASSED] - Object 'Object Repository/Pages/Login/userName' is present&#xD;
&#xD;
2019-11-04 07:35:49 - [MESSAGE][PASSED] - Object: 'Object Repository/Pages/Login/userName' is clicked on&#xD;
&#xD;
2019-11-04 07:35:49 - [MESSAGE][PASSED] - Text 'ZenQRetail' is set on object 'Object Repository/Pages/Login/userName'&#xD;
&#xD;
2019-11-04 07:35:49 - [MESSAGE][PASSED] - Object 'Object Repository/Pages/Login/password' is present&#xD;
&#xD;
2019-11-04 07:35:49 - [MESSAGE][PASSED] - Object 'Object Repository/Pages/Login/password' is present&#xD;
&#xD;
2019-11-04 07:35:50 - [MESSAGE][PASSED] - Object: 'Object Repository/Pages/Login/password' is clicked on&#xD;
&#xD;
2019-11-04 07:35:50 - [MESSAGE][PASSED] - Text 'P@ssword1' is set on object 'Object Repository/Pages/Login/password'&#xD;
&#xD;
2019-11-04 07:35:50 - [MESSAGE][INFO] - Safe Click Without scroll&#xD;
&#xD;
2019-11-04 07:35:50 - [MESSAGE][INFO] - 1stPayVault_TestSuite.ts:waiting until Click on Login is Clickable&#xD;
&#xD;
2019-11-04 07:35:50 - [MESSAGE][PASSED] - Object 'Object Repository/Pages/Login/login' is clickable&#xD;
&#xD;
2019-11-04 07:35:50 - [MESSAGE][PASSED] - Object 'Object Repository/Pages/Login/login' is visible&#xD;
&#xD;
2019-11-04 07:35:52 - [MESSAGE][PASSED] - Object: 'Object Repository/Pages/Login/login' is clicked on&#xD;
&#xD;
2019-11-04 07:35:52 - [MESSAGE][INFO] - 1stPayVault_TestSuite.ts: click on the Click on Login&#xD;
&#xD;
2019-11-04 07:35:52 - [MESSAGE][PASSED] - pages.Login.login is PASSED&#xD;
&#xD;
2019-11-04 07:35:52 - [TEST_STEP][PASSED] - callTestCase(findTestCase("FirstView/Login/TC_SendCode"), [:], STOP_ON_FAILURE): Call Test Case 'Test Cases/FirstView/Login/TC_SendCode' successfully&#xD;
&#xD;
2019-11-04 07:35:52 - [TEST_CASE][PASSED] - Test Cases/FirstView/Login/TC_SendCode: Test Cases/FirstView/Login/TC_SendCode&#xD;
&#xD;
2019-11-04 07:35:52 - [TEST_STEP][PASSED] - flag = pages.SendCode.verifyPage(): pages.SendCode.verifyPage is PASSED&#xD;
&#xD;
2019-11-04 07:35:52 - [MESSAGE][PASSED] - Object 'Object Repository/Pages/SendCodeToValidate/header_SendCodeToValidate' is present and visible in viewport&#xD;
&#xD;
2019-11-04 07:35:52 - [MESSAGE][PASSED] - pages.SendCode.verifyPage is PASSED&#xD;
&#xD;
2019-11-04 07:35:52 - [TEST_STEP][PASSED] - if (flag): pages.SendCode.clickonUserSettings is PASSED&#xD;
&#xD;
2019-11-04 07:35:52 - [TEST_STEP][PASSED] - pages.SendCode.clickonUserSettings(): pages.SendCode.clickonUserSettings is PASSED&#xD;
&#xD;
2019-11-04 07:35:53 - [MESSAGE][PASSED] - Object 'Object Repository/Pages/SendCodeToValidate/link_UserSettings' is present&#xD;
&#xD;
2019-11-04 07:35:53 - [MESSAGE][PASSED] - Object 'Object Repository/Pages/SendCodeToValidate/link_UserSettings' is visible&#xD;
&#xD;
2019-11-04 07:35:53 - [MESSAGE][INFO] - 1stPayVault_TestSuite.ts:waiting until Click on User Settings is Clickable&#xD;
&#xD;
2019-11-04 07:35:53 - [MESSAGE][PASSED] - Object 'Object Repository/Pages/SendCodeToValidate/link_UserSettings' is clickable&#xD;
&#xD;
2019-11-04 07:35:53 - [MESSAGE][PASSED] - Object 'Object Repository/Pages/SendCodeToValidate/link_UserSettings' is visible&#xD;
&#xD;
2019-11-04 07:35:54 - [MESSAGE][PASSED] - Object: 'Object Repository/Pages/SendCodeToValidate/link_UserSettings' is clicked on&#xD;
&#xD;
2019-11-04 07:35:54 - [MESSAGE][INFO] - 1stPayVault_TestSuite.ts: Clicked on the Click on User Settings&#xD;
&#xD;
2019-11-04 07:35:54 - [MESSAGE][PASSED] - pages.SendCode.clickonUserSettings is PASSED&#xD;
&#xD;
2019-11-04 07:35:54 - [MESSAGE][PASSED] - Call Test Case 'Test Cases/FirstView/Login/TC_SendCode' successfully&#xD;
&#xD;
2019-11-04 07:35:54 - [TEST_STEP][PASSED] - callTestCase(findTestCase("FirstView/Login/TC_FirstView"), [:], STOP_ON_FAILURE): Call Test Case 'Test Cases/FirstView/Login/TC_FirstView' successfully&#xD;
&#xD;
2019-11-04 07:35:54 - [TEST_CASE][PASSED] - Test Cases/FirstView/Login/TC_FirstView: Test Cases/FirstView/Login/TC_FirstView&#xD;
&#xD;
2019-11-04 07:35:54 - [TEST_STEP][NOT_RUN] - utilities.SafeActions.safeClickWithoutScroll(findTestObject("Pages/FirstView/link_Home"), "Click on Home button in First View screen", [PageLoadTime]): NOT_RUN: utilities.SafeActions.safeClickWithoutScroll(findTestObject("Pages/FirstView/link_Home"), "Click on Home button in First View screen", [PageLoadTime])&#xD;
&#xD;
2019-11-04 07:35:54 - [MESSAGE][NOT_RUN] - NOT_RUN: utilities.SafeActions.safeClickWithoutScroll(findTestObject("Pages/FirstView/link_Home"), "Click on Home button in First View screen", [PageLoadTime])&#xD;
&#xD;
2019-11-04 07:35:54 - [TEST_STEP][PASSED] - delay(3): Delayed 3 second(s)&#xD;
&#xD;
2019-11-04 07:35:57 - [MESSAGE][PASSED] - Delayed 3 second(s)&#xD;
&#xD;
2019-11-04 07:35:57 - [TEST_STEP][PASSED] - utilities.SafeActions.javascriptclick(findTestObject("Pages/FirstView/link_Home"), delayForElement): utilities.SafeActions.javascriptclick is PASSED&#xD;
&#xD;
2019-11-04 07:35:57 - [MESSAGE][PASSED] - utilities.SafeActions.javascriptclick is PASSED&#xD;
&#xD;
2019-11-04 07:35:57 - [TEST_STEP][PASSED] - utilities.SafeActions.safeClickWithoutScroll(findTestObject("Pages/FirstView/link_VPOS"), "Click on VPOS button in First View screen", [PageLoadTime]): utilities.SafeActions.safeClickWithoutScroll is PASSED&#xD;
&#xD;
2019-11-04 07:35:57 - [MESSAGE][INFO] - Safe Click Without scroll&#xD;
&#xD;
2019-11-04 07:35:57 - [MESSAGE][INFO] - 1stPayVault_TestSuite.ts:waiting until Click on VPOS button in First View screen is Clickable&#xD;
&#xD;
2019-11-04 07:35:59 - [MESSAGE][PASSED] - Object 'Object Repository/Pages/FirstView/link_VPOS' is clickable&#xD;
&#xD;
2019-11-04 07:35:59 - [MESSAGE][PASSED] - Object 'Object Repository/Pages/FirstView/link_VPOS' is visible&#xD;
&#xD;
2019-11-04 07:36:00 - [MESSAGE][PASSED] - Object: 'Object Repository/Pages/FirstView/link_VPOS' is clicked on&#xD;
&#xD;
2019-11-04 07:36:00 - [MESSAGE][INFO] - 1stPayVault_TestSuite.ts: click on the Click on VPOS button in First View screen&#xD;
&#xD;
2019-11-04 07:36:00 - [MESSAGE][PASSED] - utilities.SafeActions.safeClickWithoutScroll is PASSED&#xD;
&#xD;
2019-11-04 07:36:00 - [MESSAGE][PASSED] - Call Test Case 'Test Cases/FirstView/Login/TC_FirstView' successfully&#xD;
&#xD;
2019-11-04 07:36:00 - [TEST_STEP][PASSED] - switchToWindowTitle("Transcenter - VPOS"): Switched to window with title: 'Transcenter - VPOS'&#xD;
&#xD;
2019-11-04 07:36:03 - [MESSAGE][PASSED] - Switched to window with title: 'Transcenter - VPOS'&#xD;
&#xD;
2019-11-04 07:36:03 - [TEST_STEP][PASSED] - focus(findTestObject("Pages/FirstPayVault/tab_FirstPayVault")): Object: 'Object Repository/Pages/FirstPayVault/tab_FirstPayVault' is focused&#xD;
&#xD;
2019-11-04 07:36:05 - [MESSAGE][PASSED] - Object: 'Object Repository/Pages/FirstPayVault/tab_FirstPayVault' is focused&#xD;
&#xD;
2019-11-04 07:36:05 - [TEST_STEP][PASSED] - utilities.SafeActions.javascriptclick(findTestObject("Pages/FirstPayVault/tab_FirstPayVault"), PageLoadTime): utilities.SafeActions.javascriptclick is PASSED&#xD;
&#xD;
2019-11-04 07:36:06 - [MESSAGE][PASSED] - utilities.SafeActions.javascriptclick is PASSED&#xD;
&#xD;
2019-11-04 07:36:06 - [TEST_STEP][PASSED] - delay(2): Delayed 2 second(s)&#xD;
&#xD;
2019-11-04 07:36:08 - [MESSAGE][PASSED] - Delayed 2 second(s)&#xD;
&#xD;
2019-11-04 07:36:08 - [TEST_STEP][PASSED] - utilities.SafeActions.safeClickWithoutScroll(findTestObject("Pages/FirstPayVault/tab_FirstPayVault"), "Click on FistPayVault tab", [delayForElement]): utilities.SafeActions.safeClickWithoutScroll is PASSED&#xD;
&#xD;
2019-11-04 07:36:08 - [MESSAGE][INFO] - Safe Click Without scroll&#xD;
&#xD;
2019-11-04 07:36:08 - [MESSAGE][INFO] - 1stPayVault_TestSuite.ts:waiting until Click on FistPayVault tab is Clickable&#xD;
&#xD;
2019-11-04 07:36:08 - [MESSAGE][PASSED] - Object 'Object Repository/Pages/FirstPayVault/tab_FirstPayVault' is clickable&#xD;
&#xD;
2019-11-04 07:36:08 - [MESSAGE][PASSED] - Object 'Object Repository/Pages/FirstPayVault/tab_FirstPayVault' is visible&#xD;
&#xD;
2019-11-04 07:36:09 - [MESSAGE][PASSED] - Object: 'Object Repository/Pages/FirstPayVault/tab_FirstPayVault' is clicked on&#xD;
&#xD;
2019-11-04 07:36:09 - [MESSAGE][INFO] - 1stPayVault_TestSuite.ts: click on the Click on FistPayVault tab&#xD;
&#xD;
2019-11-04 07:36:09 - [MESSAGE][PASSED] - utilities.SafeActions.safeClickWithoutScroll is PASSED&#xD;
&#xD;
2019-11-04 07:36:09 - [TEST_STEP][PASSED] - utilities.SafeActions.safeClickWithoutScroll(findTestObject("Pages/FirstPayVault/button_CreateVault"), "Click on CreateVault button", [PageLoadTime]): utilities.SafeActions.safeClickWithoutScroll is PASSED&#xD;
&#xD;
2019-11-04 07:36:09 - [MESSAGE][INFO] - Safe Click Without scroll&#xD;
&#xD;
2019-11-04 07:36:09 - [MESSAGE][INFO] - 1stPayVault_TestSuite.ts:waiting until Click on CreateVault button is Clickable&#xD;
&#xD;
2019-11-04 07:36:09 - [MESSAGE][PASSED] - Object 'Object Repository/Pages/FirstPayVault/button_CreateVault' is clickable&#xD;
&#xD;
2019-11-04 07:36:09 - [MESSAGE][PASSED] - Object 'Object Repository/Pages/FirstPayVault/button_CreateVault' is visible&#xD;
&#xD;
2019-11-04 07:36:10 - [MESSAGE][PASSED] - Object: 'Object Repository/Pages/FirstPayVault/button_CreateVault' is clicked on&#xD;
&#xD;
2019-11-04 07:36:10 - [MESSAGE][INFO] - 1stPayVault_TestSuite.ts: click on the Click on CreateVault button&#xD;
&#xD;
2019-11-04 07:36:10 - [MESSAGE][PASSED] - utilities.SafeActions.safeClickWithoutScroll is PASSED&#xD;
&#xD;
2019-11-04 07:36:10 - [TEST_STEP][PASSED] - scrollToElement(findTestObject("Pages/FirstPayVault/input_VaultReferenceNumber"), PageLoadTime): Scroll to object 'Object Repository/Pages/FirstPayVault/input_VaultReferenceNumber' successfully&#xD;
&#xD;
2019-11-04 07:36:10 - [MESSAGE][PASSED] - Scroll to object 'Object Repository/Pages/FirstPayVault/input_VaultReferenceNumber' successfully&#xD;
&#xD;
2019-11-04 07:36:10 - [TEST_STEP][PASSED] - vaultReference = utilities.SafeActions.timeWithMilliSeconds(): utilities.SafeActions.timeWithMilliSeconds is PASSED&#xD;
&#xD;
2019-11-04 07:36:10 - [MESSAGE][PASSED] - utilities.SafeActions.timeWithMilliSeconds is PASSED&#xD;
&#xD;
2019-11-04 07:36:10 - [TEST_STEP][PASSED] - utilities.SafeActions.safeType(findTestObject("Pages/FirstPayVault/input_VaultReferenceNumber"), vaultReference, "Entering Vault Reference Number", [PageLoadTime]): utilities.SafeActions.safeType is PASSED&#xD;
&#xD;
2019-11-04 07:36:10 - [MESSAGE][PASSED] - Object 'Object Repository/Pages/FirstPayVault/input_VaultReferenceNumber' is present&#xD;
&#xD;
2019-11-04 07:36:10 - [MESSAGE][PASSED] - Object 'Object Repository/Pages/FirstPayVault/input_VaultReferenceNumber' is present&#xD;
&#xD;
2019-11-04 07:36:11 - [MESSAGE][PASSED] - Object: 'Object Repository/Pages/FirstPayVault/input_VaultReferenceNumber' is clicked on&#xD;
&#xD;
2019-11-04 07:36:11 - [MESSAGE][PASSED] - Text '2019-11-04 07:36:10.261' is set on object 'Object Repository/Pages/FirstPayVault/input_VaultReferenceNumber'&#xD;
&#xD;
2019-11-04 07:36:11 - [MESSAGE][PASSED] - utilities.SafeActions.safeType is PASSED&#xD;
&#xD;
2019-11-04 07:36:11 - [TEST_STEP][PASSED] - utilities.SafeActions.safeType(findTestObject("Pages/FirstPayVault/input_CreditCardNumber"), visaCardNumber, "Entering Card Number", [PageLoadTime]): utilities.SafeActions.safeType is PASSED&#xD;
&#xD;
2019-11-04 07:36:11 - [MESSAGE][PASSED] - Object 'Object Repository/Pages/FirstPayVault/input_CreditCardNumber' is present&#xD;
&#xD;
2019-11-04 07:36:11 - [MESSAGE][PASSED] - Object 'Object Repository/Pages/FirstPayVault/input_CreditCardNumber' is present&#xD;
&#xD;
2019-11-04 07:36:12 - [MESSAGE][PASSED] - Object: 'Object Repository/Pages/FirstPayVault/input_CreditCardNumber' is clicked on&#xD;
&#xD;
2019-11-04 07:36:12 - [MESSAGE][PASSED] - Text '4111111111111111' is set on object 'Object Repository/Pages/FirstPayVault/input_CreditCardNumber'&#xD;
&#xD;
2019-11-04 07:36:12 - [MESSAGE][PASSED] - utilities.SafeActions.safeType is PASSED&#xD;
&#xD;
2019-11-04 07:36:12 - [TEST_STEP][PASSED] - delay(2): Delayed 2 second(s)&#xD;
&#xD;
2019-11-04 07:36:14 - [MESSAGE][PASSED] - Delayed 2 second(s)&#xD;
&#xD;
2019-11-04 07:36:14 - [TEST_STEP][PASSED] - utilities.SafeActions.safeSelectOptionInDropDownByVisibleText(findTestObject("Pages/FirstPayVault/dropDown_ExpirationMonth"), cardMonth, "Expiration Month", [PageLoadTime]): utilities.SafeActions.safeSelectOptionInDropDownByVisibleText is PASSED&#xD;
&#xD;
2019-11-04 07:36:14 - [MESSAGE][PASSED] - Object 'Object Repository/Pages/FirstPayVault/dropDown_ExpirationMonth' is visible&#xD;
&#xD;
2019-11-04 07:36:14 - [MESSAGE][PASSED] - Object 'Object Repository/Pages/FirstPayVault/dropDown_ExpirationMonth' is present&#xD;
&#xD;
2019-11-04 07:36:15 - [MESSAGE][PASSED] - Object: 'Object Repository/Pages/FirstPayVault/dropDown_ExpirationMonth' is clicked on&#xD;
&#xD;
2019-11-04 07:36:15 - [MESSAGE][PASSED] - All options with label 'September' are selected in object 'Object Repository/Pages/FirstPayVault/dropDown_ExpirationMonth' &#xD;
&#xD;
2019-11-04 07:36:15 - [MESSAGE][PASSED] - utilities.SafeActions.safeSelectOptionInDropDownByVisibleText is PASSED&#xD;
&#xD;
2019-11-04 07:36:15 - [TEST_STEP][PASSED] - utilities.SafeActions.safeSelectOptionInDropDownByVisibleText(findTestObject("Pages/FirstPayVault/dropDown_ExpirationYear"), cardYear, "year", [PageLoadTime]): utilities.SafeActions.safeSelectOptionInDropDownByVisibleText is PASSED&#xD;
&#xD;
2019-11-04 07:36:16 - [MESSAGE][PASSED] - Object 'Object Repository/Pages/FirstPayVault/dropDown_ExpirationYear' is visible&#xD;
&#xD;
2019-11-04 07:36:16 - [MESSAGE][PASSED] - Object 'Object Repository/Pages/FirstPayVault/dropDown_ExpirationYear' is present&#xD;
&#xD;
2019-11-04 07:36:16 - [MESSAGE][PASSED] - Object: 'Object Repository/Pages/FirstPayVault/dropDown_ExpirationYear' is clicked on&#xD;
&#xD;
2019-11-04 07:36:17 - [MESSAGE][PASSED] - All options with label '2032' are selected in object 'Object Repository/Pages/FirstPayVault/dropDown_ExpirationYear' &#xD;
&#xD;
2019-11-04 07:36:17 - [MESSAGE][PASSED] - utilities.SafeActions.safeSelectOptionInDropDownByVisibleText is PASSED&#xD;
&#xD;
2019-11-04 07:36:17 - [TEST_STEP][PASSED] - delay(2): Delayed 2 second(s)&#xD;
&#xD;
2019-11-04 07:36:19 - [MESSAGE][PASSED] - Delayed 2 second(s)&#xD;
&#xD;
2019-11-04 07:36:19 - [TEST_STEP][PASSED] - utilities.SafeActions.safeType(findTestObject("Pages/FirstPayVault/input_ContactName"), customerName, "Enter Contact Name", [PageLoadTime]): utilities.SafeActions.safeType is PASSED&#xD;
&#xD;
2019-11-04 07:36:19 - [MESSAGE][PASSED] - Object 'Object Repository/Pages/FirstPayVault/input_ContactName' is present&#xD;
&#xD;
2019-11-04 07:36:19 - [MESSAGE][PASSED] - Object 'Object Repository/Pages/FirstPayVault/input_ContactName' is present&#xD;
&#xD;
2019-11-04 07:36:20 - [MESSAGE][PASSED] - Object: 'Object Repository/Pages/FirstPayVault/input_ContactName' is clicked on&#xD;
&#xD;
2019-11-04 07:36:20 - [MESSAGE][PASSED] - Text 'Venkata Sai' is set on object 'Object Repository/Pages/FirstPayVault/input_ContactName'&#xD;
&#xD;
2019-11-04 07:36:20 - [MESSAGE][PASSED] - utilities.SafeActions.safeType is PASSED&#xD;
&#xD;
2019-11-04 07:36:20 - [TEST_STEP][PASSED] - utilities.SafeActions.safeType(findTestObject("Pages/FirstPayVault/input_PostalCode"), postalCode, "Enter Postal Code", [PageLoadTime]): utilities.SafeActions.safeType is PASSED&#xD;
&#xD;
2019-11-04 07:36:20 - [MESSAGE][PASSED] - Object 'Object Repository/Pages/FirstPayVault/input_PostalCode' is present&#xD;
&#xD;
2019-11-04 07:36:20 - [MESSAGE][PASSED] - Object 'Object Repository/Pages/FirstPayVault/input_PostalCode' is present&#xD;
&#xD;
2019-11-04 07:36:21 - [MESSAGE][PASSED] - Object: 'Object Repository/Pages/FirstPayVault/input_PostalCode' is clicked on&#xD;
&#xD;
2019-11-04 07:36:21 - [MESSAGE][PASSED] - Text '76102' is set on object 'Object Repository/Pages/FirstPayVault/input_PostalCode'&#xD;
&#xD;
2019-11-04 07:36:21 - [MESSAGE][PASSED] - utilities.SafeActions.safeType is PASSED&#xD;
&#xD;
2019-11-04 07:36:21 - [TEST_STEP][PASSED] - utilities.SafeActions.safeType(findTestObject("Pages/FirstPayVault/input_Address"), address, "Enter ddress", [PageLoadTime]): utilities.SafeActions.safeType is PASSED&#xD;
&#xD;
2019-11-04 07:36:21 - [MESSAGE][PASSED] - Object 'Object Repository/Pages/FirstPayVault/input_Address' is present&#xD;
&#xD;
2019-11-04 07:36:22 - [MESSAGE][PASSED] - Object 'Object Repository/Pages/FirstPayVault/input_Address' is present&#xD;
&#xD;
2019-11-04 07:36:22 - [MESSAGE][PASSED] - Object: 'Object Repository/Pages/FirstPayVault/input_Address' is clicked on&#xD;
&#xD;
2019-11-04 07:36:23 - [MESSAGE][PASSED] - Text 'Street123' is set on object 'Object Repository/Pages/FirstPayVault/input_Address'&#xD;
&#xD;
2019-11-04 07:36:23 - [MESSAGE][PASSED] - utilities.SafeActions.safeType is PASSED&#xD;
&#xD;
2019-11-04 07:36:23 - [TEST_STEP][PASSED] - utilities.SafeActions.safeCheckForElement(findTestObject("Pages/FirstPayVault/chekBox_AddShippingInformation"), PageLoadTime): utilities.SafeActions.safeCheckForElement is PASSED&#xD;
&#xD;
2019-11-04 07:36:23 - [MESSAGE][PASSED] - Object 'Object Repository/Pages/FirstPayVault/chekBox_AddShippingInformation' is present&#xD;
&#xD;
2019-11-04 07:36:23 - [MESSAGE][PASSED] - Object 'Object Repository/Pages/FirstPayVault/chekBox_AddShippingInformation' is visible&#xD;
&#xD;
2019-11-04 07:36:23 - [MESSAGE][PASSED] - Object 'Object Repository/Pages/FirstPayVault/chekBox_AddShippingInformation' is present&#xD;
&#xD;
2019-11-04 07:36:24 - [MESSAGE][PASSED] - Object 'Object Repository/Pages/FirstPayVault/chekBox_AddShippingInformation' is checked&#xD;
&#xD;
2019-11-04 07:36:24 - [MESSAGE][PASSED] - utilities.SafeActions.safeCheckForElement is PASSED&#xD;
&#xD;
2019-11-04 07:36:24 - [TEST_STEP][PASSED] - utilities.SafeActions.safeType(findTestObject("Pages/FirstPayVault/input_ShippingMethod"), shippingMethod, "Enter Shipping Method", [PageLoadTime]): utilities.SafeActions.safeType is PASSED&#xD;
&#xD;
2019-11-04 07:36:24 - [MESSAGE][PASSED] - Object 'Object Repository/Pages/FirstPayVault/input_ShippingMethod' is present&#xD;
&#xD;
2019-11-04 07:36:24 - [MESSAGE][PASSED] - Object 'Object Repository/Pages/FirstPayVault/input_ShippingMethod' is present&#xD;
&#xD;
2019-11-04 07:36:25 - [MESSAGE][PASSED] - Object: 'Object Repository/Pages/FirstPayVault/input_ShippingMethod' is clicked on&#xD;
&#xD;
2019-11-04 07:36:25 - [MESSAGE][PASSED] - Text 'DTDC' is set on object 'Object Repository/Pages/FirstPayVault/input_ShippingMethod'&#xD;
&#xD;
2019-11-04 07:36:25 - [MESSAGE][PASSED] - utilities.SafeActions.safeType is PASSED&#xD;
&#xD;
2019-11-04 07:36:25 - [TEST_STEP][PASSED] - utilities.SafeActions.safeCheckForElement(findTestObject("Pages/FirstPayVault/checkbox_SameAsBillingInformation"), PageLoadTime): utilities.SafeActions.safeCheckForElement is PASSED&#xD;
&#xD;
2019-11-04 07:36:25 - [MESSAGE][PASSED] - Object 'Object Repository/Pages/FirstPayVault/checkbox_SameAsBillingInformation' is present&#xD;
&#xD;
2019-11-04 07:36:25 - [MESSAGE][PASSED] - Object 'Object Repository/Pages/FirstPayVault/checkbox_SameAsBillingInformation' is visible&#xD;
&#xD;
2019-11-04 07:36:25 - [MESSAGE][PASSED] - Object 'Object Repository/Pages/FirstPayVault/checkbox_SameAsBillingInformation' is present&#xD;
&#xD;
2019-11-04 07:36:26 - [MESSAGE][PASSED] - Object 'Object Repository/Pages/FirstPayVault/checkbox_SameAsBillingInformation' is checked&#xD;
&#xD;
2019-11-04 07:36:26 - [MESSAGE][PASSED] - utilities.SafeActions.safeCheckForElement is PASSED&#xD;
&#xD;
2019-11-04 07:36:26 - [TEST_STEP][PASSED] - utilities.SafeActions.safeClickwithScroll(findTestObject("Pages/FirstPayVault/button_Create"), "Click on Create Button", [PageLoadTime]): utilities.SafeActions.safeClickwithScroll is PASSED&#xD;
&#xD;
2019-11-04 07:36:26 - [MESSAGE][PASSED] - Object 'Object Repository/Pages/FirstPayVault/button_Create' is present&#xD;
&#xD;
2019-11-04 07:36:26 - [MESSAGE][PASSED] - Object 'Object Repository/Pages/FirstPayVault/button_Create' is visible&#xD;
&#xD;
2019-11-04 07:36:26 - [MESSAGE][INFO] - 1stPayVault_TestSuite.ts:waiting until Click on Create Button is Clickable&#xD;
&#xD;
2019-11-04 07:36:26 - [MESSAGE][PASSED] - Object 'Object Repository/Pages/FirstPayVault/button_Create' is clickable&#xD;
&#xD;
2019-11-04 07:36:26 - [MESSAGE][PASSED] - Object 'Object Repository/Pages/FirstPayVault/button_Create' is visible&#xD;
&#xD;
2019-11-04 07:36:27 - [MESSAGE][PASSED] - Object: 'Object Repository/Pages/FirstPayVault/button_Create' is clicked on&#xD;
&#xD;
2019-11-04 07:36:27 - [MESSAGE][INFO] - 1stPayVault_TestSuite.ts: Clicked on the Click on Create Button&#xD;
&#xD;
2019-11-04 07:36:27 - [MESSAGE][PASSED] - utilities.SafeActions.safeClickwithScroll is PASSED&#xD;
&#xD;
2019-11-04 07:36:27 - [TEST_STEP][PASSED] - delay(2): Delayed 2 second(s)&#xD;
&#xD;
2019-11-04 07:36:29 - [MESSAGE][PASSED] - Delayed 2 second(s)&#xD;
&#xD;
2019-11-04 07:36:29 - [TEST_STEP][PASSED] - popupSavedToVaultMessage = utilities.SafeActions.safeGetText(findTestObject("Pages/FirstPayVault/popup_SavedToVaultMessage"), PageLoadTime): utilities.SafeActions.safeGetText is PASSED&#xD;
&#xD;
2019-11-04 07:36:29 - [MESSAGE][PASSED] - Object 'Object Repository/Pages/FirstPayVault/popup_SavedToVaultMessage' is present&#xD;
&#xD;
2019-11-04 07:36:29 - [MESSAGE][PASSED] - Scroll to object 'Object Repository/Pages/FirstPayVault/popup_SavedToVaultMessage' successfully&#xD;
&#xD;
2019-11-04 07:36:29 - [MESSAGE][PASSED] - Object 'Object Repository/Pages/FirstPayVault/popup_SavedToVaultMessage' is present&#xD;
&#xD;
2019-11-04 07:36:30 - [MESSAGE][PASSED] - Text of object 'Object Repository/Pages/FirstPayVault/popup_SavedToVaultMessage' is: 'Successfully Saved to Vault'&#xD;
&#xD;
2019-11-04 07:36:30 - [MESSAGE][PASSED] - utilities.SafeActions.safeGetText is PASSED&#xD;
&#xD;
2019-11-04 07:36:30 - [TEST_STEP][PASSED] - flag = utilities.SafeActions.verifyPopupMessage("Successfully Saved to Vault", popupSavedToVaultMessage): Popup Message : Successfully Saved to Vault matched with expected message : Successfully Saved to Vault&#xD;
&#xD;
2019-11-04 07:36:30 - [MESSAGE][PASSED] - Popup Message : Successfully Saved to Vault matched with expected message : Successfully Saved to Vault&#xD;
&#xD;
2019-11-04 07:36:30 - [TEST_STEP][PASSED] - delay(2): Delayed 2 second(s)&#xD;
&#xD;
2019-11-04 07:36:32 - [MESSAGE][PASSED] - Delayed 2 second(s)&#xD;
&#xD;
2019-11-04 07:36:32 - [TEST_STEP][PASSED] - utilities.SafeActions.safeClickWithoutScroll(findTestObject("Pages/FirstPayVault/button_RunSaleWithThisVault_InPopup"), "Click on Run Sale With This Vault in Popup", [delayBetweenTestSteps]): utilities.SafeActions.safeClickWithoutScroll is PASSED&#xD;
&#xD;
2019-11-04 07:36:32 - [MESSAGE][INFO] - Safe Click Without scroll&#xD;
&#xD;
2019-11-04 07:36:32 - [MESSAGE][INFO] - 1stPayVault_TestSuite.ts:waiting until Click on Run Sale With This Vault in Popup is Clickable&#xD;
&#xD;
2019-11-04 07:36:32 - [MESSAGE][PASSED] - Object 'Object Repository/Pages/FirstPayVault/button_RunSaleWithThisVault_InPopup' is clickable&#xD;
&#xD;
2019-11-04 07:36:32 - [MESSAGE][PASSED] - Object 'Object Repository/Pages/FirstPayVault/button_RunSaleWithThisVault_InPopup' is visible&#xD;
&#xD;
2019-11-04 07:36:33 - [MESSAGE][PASSED] - Object: 'Object Repository/Pages/FirstPayVault/button_RunSaleWithThisVault_InPopup' is clicked on&#xD;
&#xD;
2019-11-04 07:36:33 - [MESSAGE][INFO] - 1stPayVault_TestSuite.ts: click on the Click on Run Sale With This Vault in Popup&#xD;
&#xD;
2019-11-04 07:36:33 - [MESSAGE][PASSED] - utilities.SafeActions.safeClickWithoutScroll is PASSED&#xD;
&#xD;
2019-11-04 07:36:33 - [TEST_STEP][PASSED] - delay(2): Delayed 2 second(s)&#xD;
&#xD;
2019-11-04 07:36:35 - [MESSAGE][PASSED] - Delayed 2 second(s)&#xD;
&#xD;
2019-11-04 07:36:35 - [TEST_STEP][PASSED] - value = utilities.SafeActions.getAttributeValue(findTestObject("Pages/FirstPayVault/tab_1stPayVault_Active"), "1st_PayVault"): The screen is 1st_PayVault screen&#xD;
&#xD;
2019-11-04 07:36:35 - [MESSAGE][PASSED] - Attribute 'class' of object 'Object Repository/Pages/FirstPayVault/tab_1stPayVault_Active' is: 'active_tab tabs__link'&#xD;
&#xD;
2019-11-04 07:36:35 - [MESSAGE][PASSED] - The screen is 1st_PayVault screen&#xD;
&#xD;
2019-11-04 07:36:35 - [TEST_STEP][PASSED] - scrollToElement(findTestObject("Pages/FirstPayVault/input_Amount"), PageLoadTime): Scroll to object 'Object Repository/Pages/FirstPayVault/input_Amount' successfully&#xD;
&#xD;
2019-11-04 07:36:35 - [MESSAGE][PASSED] - Scroll to object 'Object Repository/Pages/FirstPayVault/input_Amount' successfully&#xD;
&#xD;
2019-11-04 07:36:35 - [TEST_STEP][PASSED] - utilities.SafeActions.safeType(findTestObject("Pages/FirstPayVault/input_Amount"), amount, "Enter Amount", [PageLoadTime]): utilities.SafeActions.safeType is PASSED&#xD;
&#xD;
2019-11-04 07:36:35 - [MESSAGE][PASSED] - Object 'Object Repository/Pages/FirstPayVault/input_Amount' is present&#xD;
&#xD;
2019-11-04 07:36:35 - [MESSAGE][PASSED] - Object 'Object Repository/Pages/FirstPayVault/input_Amount' is present&#xD;
&#xD;
2019-11-04 07:36:36 - [MESSAGE][PASSED] - Object: 'Object Repository/Pages/FirstPayVault/input_Amount' is clicked on&#xD;
&#xD;
2019-11-04 07:36:37 - [MESSAGE][PASSED] - Text '450' is set on object 'Object Repository/Pages/FirstPayVault/input_Amount'&#xD;
&#xD;
2019-11-04 07:36:37 - [MESSAGE][PASSED] - utilities.SafeActions.safeType is PASSED&#xD;
&#xD;
2019-11-04 07:36:37 - [TEST_STEP][PASSED] - salesTax = utilities.SafeActions.safeGetText(findTestObject("Pages/FirstPayVault/input_SalesTaxUnderAmount"), delayBetweenTestSteps): utilities.SafeActions.safeGetText is PASSED&#xD;
&#xD;
2019-11-04 07:36:37 - [MESSAGE][PASSED] - Object 'Object Repository/Pages/FirstPayVault/input_SalesTaxUnderAmount' is present&#xD;
&#xD;
2019-11-04 07:36:37 - [MESSAGE][PASSED] - Scroll to object 'Object Repository/Pages/FirstPayVault/input_SalesTaxUnderAmount' successfully&#xD;
&#xD;
2019-11-04 07:36:37 - [MESSAGE][PASSED] - Object 'Object Repository/Pages/FirstPayVault/input_SalesTaxUnderAmount' is present&#xD;
&#xD;
2019-11-04 07:36:37 - [MESSAGE][PASSED] - Text of object 'Object Repository/Pages/FirstPayVault/input_SalesTaxUnderAmount' is: '$37.13'&#xD;
&#xD;
2019-11-04 07:36:37 - [MESSAGE][PASSED] - utilities.SafeActions.safeGetText is PASSED&#xD;
&#xD;
2019-11-04 07:36:37 - [TEST_STEP][PASSED] - pages.FirstPayVault.verifyAmountIsNotZero(salesTax): pages.FirstPayVault.verifyAmountIsNotZero is PASSED&#xD;
&#xD;
2019-11-04 07:36:37 - [MESSAGE][PASSED] - pages.FirstPayVault.verifyAmountIsNotZero is PASSED&#xD;
&#xD;
2019-11-04 07:36:37 - [TEST_STEP][PASSED] - scrollToElement(findTestObject("Pages/FirstPayVault/input_CreditCardNumberForVerification"), delayBetweenTestSteps): Scroll to object 'Object Repository/Pages/FirstPayVault/input_CreditCardNumberForVerification' successfully&#xD;
&#xD;
2019-11-04 07:36:37 - [MESSAGE][PASSED] - Scroll to object 'Object Repository/Pages/FirstPayVault/input_CreditCardNumberForVerification' successfully&#xD;
&#xD;
2019-11-04 07:36:37 - [TEST_STEP][PASSED] - cardNumber = utilities.SafeActions.getAttribute(findTestObject("Pages/FirstPayVault/input_CreditCardNumberForVerification"), "1st Pay Vault"): utilities.SafeActions.getAttribute is PASSED&#xD;
&#xD;
2019-11-04 07:36:38 - [MESSAGE][PASSED] - Attribute 'value' of object 'Object Repository/Pages/FirstPayVault/input_CreditCardNumberForVerification' is: '411111******1111'&#xD;
&#xD;
2019-11-04 07:36:38 - [MESSAGE][PASSED] - utilities.SafeActions.getAttribute is PASSED&#xD;
&#xD;
2019-11-04 07:36:38 - [TEST_STEP][PASSED] - pages.FirstPayVault.verifyCardNumber(cardNumber, visaCardNumber): Actual String : 4111111111111111 matched with Expected message : 411111******1111&#xD;
&#xD;
2019-11-04 07:36:38 - [MESSAGE][PASSED] - Actual String : 4111111111111111 matched with Expected message : 411111******1111&#xD;
&#xD;
2019-11-04 07:36:38 - [TEST_STEP][PASSED] - expirationYear = utilities.SafeActions.getAttribute(findTestObject("Pages/FirstPayVault/dropDownExpirationYearForVerification"), "1st Pay Vault"): utilities.SafeActions.getAttribute is PASSED&#xD;
&#xD;
2019-11-04 07:36:38 - [MESSAGE][PASSED] - Attribute 'value' of object 'Object Repository/Pages/FirstPayVault/dropDownExpirationYearForVerification' is: '2032'&#xD;
&#xD;
2019-11-04 07:36:38 - [MESSAGE][PASSED] - utilities.SafeActions.getAttribute is PASSED&#xD;
&#xD;
2019-11-04 07:36:38 - [TEST_STEP][PASSED] - pages.FirstPayVault.verifyStrings(expirationYear, cardYear): Actual String : 2032 matched with Expected message : 2032&#xD;
&#xD;
2019-11-04 07:36:38 - [MESSAGE][PASSED] - Actual String : 2032 matched with Expected message : 2032&#xD;
&#xD;
2019-11-04 07:36:38 - [TEST_STEP][PASSED] - scrollToElement(findTestObject("Pages/FirstPayVault/input_VerifyCardHolderName"), PageLoadTime): Scroll to object 'Object Repository/Pages/FirstPayVault/input_VerifyCardHolderName' successfully&#xD;
&#xD;
2019-11-04 07:36:38 - [MESSAGE][PASSED] - Scroll to object 'Object Repository/Pages/FirstPayVault/input_VerifyCardHolderName' successfully&#xD;
&#xD;
2019-11-04 07:36:38 - [TEST_STEP][PASSED] - name = utilities.SafeActions.getAttribute(findTestObject("Pages/FirstPayVault/input_VerifyCardHolderName"), "1stPayVault"): utilities.SafeActions.getAttribute is PASSED&#xD;
&#xD;
2019-11-04 07:36:38 - [MESSAGE][PASSED] - Attribute 'value' of object 'Object Repository/Pages/FirstPayVault/input_VerifyCardHolderName' is: 'Venkata Sai'&#xD;
&#xD;
2019-11-04 07:36:38 - [MESSAGE][PASSED] - utilities.SafeActions.getAttribute is PASSED&#xD;
&#xD;
2019-11-04 07:36:38 - [TEST_STEP][PASSED] - pages.FirstPayVault.verifyStrings(name, customerName): Actual String : Venkata Sai matched with Expected message : Venkata Sai&#xD;
&#xD;
2019-11-04 07:36:38 - [MESSAGE][PASSED] - Actual String : Venkata Sai matched with Expected message : Venkata Sai&#xD;
&#xD;
2019-11-04 07:36:38 - [TEST_STEP][PASSED] - scrollToElement(findTestObject("Pages/FirstPayVault/checkbox_TaxExempt"), PageLoadTime): Scroll to object 'Object Repository/Pages/FirstPayVault/checkbox_TaxExempt' successfully&#xD;
&#xD;
2019-11-04 07:36:38 - [MESSAGE][PASSED] - Scroll to object 'Object Repository/Pages/FirstPayVault/checkbox_TaxExempt' successfully&#xD;
&#xD;
2019-11-04 07:36:38 - [TEST_STEP][PASSED] - pages.FirstPayVault.verifyAmountIsNotZero(salesTax): pages.FirstPayVault.verifyAmountIsNotZero is PASSED&#xD;
&#xD;
2019-11-04 07:36:38 - [MESSAGE][PASSED] - pages.FirstPayVault.verifyAmountIsNotZero is PASSED&#xD;
&#xD;
2019-11-04 07:36:38 - [TEST_STEP][PASSED] - utilities.SafeActions.safeCheckForElement(findTestObject("Pages/FirstPayVault/checkbox_TaxExempt"), PageLoadTime): utilities.SafeActions.safeCheckForElement is PASSED&#xD;
&#xD;
2019-11-04 07:36:38 - [MESSAGE][PASSED] - Object 'Object Repository/Pages/FirstPayVault/checkbox_TaxExempt' is present&#xD;
&#xD;
2019-11-04 07:36:38 - [MESSAGE][PASSED] - Object 'Object Repository/Pages/FirstPayVault/checkbox_TaxExempt' is visible&#xD;
&#xD;
2019-11-04 07:36:38 - [MESSAGE][PASSED] - Object 'Object Repository/Pages/FirstPayVault/checkbox_TaxExempt' is present&#xD;
&#xD;
2019-11-04 07:36:39 - [MESSAGE][PASSED] - Object 'Object Repository/Pages/FirstPayVault/checkbox_TaxExempt' is checked&#xD;
&#xD;
2019-11-04 07:36:39 - [MESSAGE][PASSED] - utilities.SafeActions.safeCheckForElement is PASSED&#xD;
&#xD;
2019-11-04 07:36:39 - [TEST_STEP][PASSED] - utilities.SafeActions.safeClickwithScroll(findTestObject("Pages/FirstPayVault/button_Checkout"), "Click on Checkout", [PageLoadTime]): utilities.SafeActions.safeClickwithScroll is PASSED&#xD;
&#xD;
2019-11-04 07:36:39 - [MESSAGE][PASSED] - Object 'Object Repository/Pages/FirstPayVault/button_Checkout' is present&#xD;
&#xD;
2019-11-04 07:36:39 - [MESSAGE][PASSED] - Object 'Object Repository/Pages/FirstPayVault/button_Checkout' is visible&#xD;
&#xD;
2019-11-04 07:36:39 - [MESSAGE][INFO] - 1stPayVault_TestSuite.ts:waiting until Click on Checkout is Clickable&#xD;
&#xD;
2019-11-04 07:36:39 - [MESSAGE][PASSED] - Object 'Object Repository/Pages/FirstPayVault/button_Checkout' is clickable&#xD;
&#xD;
2019-11-04 07:36:39 - [MESSAGE][PASSED] - Object 'Object Repository/Pages/FirstPayVault/button_Checkout' is visible&#xD;
&#xD;
2019-11-04 07:36:40 - [MESSAGE][PASSED] - Object: 'Object Repository/Pages/FirstPayVault/button_Checkout' is clicked on&#xD;
&#xD;
2019-11-04 07:36:40 - [MESSAGE][INFO] - 1stPayVault_TestSuite.ts: Clicked on the Click on Checkout&#xD;
&#xD;
2019-11-04 07:36:40 - [MESSAGE][PASSED] - utilities.SafeActions.safeClickwithScroll is PASSED&#xD;
&#xD;
2019-11-04 07:36:40 - [TEST_STEP][PASSED] - pages.Sale.verifyTransactionCompletePage(findTestObject("Pages/Sale/heading_TransactionComplete")): The screen is Transaction Complete screen&#xD;
&#xD;
2019-11-04 07:36:41 - [MESSAGE][PASSED] - Object 'Object Repository/Pages/Sale/heading_TransactionComplete' is present&#xD;
&#xD;
2019-11-04 07:36:42 - [MESSAGE][PASSED] - The screen is Transaction Complete screen&#xD;
&#xD;
2019-11-04 07:36:42 - [TEST_STEP][PASSED] - delay(2): Delayed 2 second(s)&#xD;
&#xD;
2019-11-04 07:36:44 - [MESSAGE][PASSED] - Delayed 2 second(s)&#xD;
&#xD;
2019-11-04 07:36:44 - [TEST_STEP][PASSED] - utilities.SafeActions.safeClickWithoutScroll(findTestObject("Pages/FirstPayVault/button_ReturnToSale_InTransactionComplete"), "Click On Return Button", [PageLoadTime]): utilities.SafeActions.safeClickWithoutScroll is PASSED&#xD;
&#xD;
2019-11-04 07:36:44 - [MESSAGE][INFO] - Safe Click Without scroll&#xD;
&#xD;
2019-11-04 07:36:44 - [MESSAGE][INFO] - 1stPayVault_TestSuite.ts:waiting until Click On Return Button is Clickable&#xD;
&#xD;
2019-11-04 07:36:44 - [MESSAGE][PASSED] - Object 'Object Repository/Pages/FirstPayVault/button_ReturnToSale_InTransactionComplete' is clickable&#xD;
&#xD;
2019-11-04 07:36:44 - [MESSAGE][PASSED] - Object 'Object Repository/Pages/FirstPayVault/button_ReturnToSale_InTransactionComplete' is visible&#xD;
&#xD;
2019-11-04 07:36:45 - [MESSAGE][PASSED] - Object: 'Object Repository/Pages/FirstPayVault/button_ReturnToSale_InTransactionComplete' is clicked on&#xD;
&#xD;
2019-11-04 07:36:45 - [MESSAGE][INFO] - 1stPayVault_TestSuite.ts: click on the Click On Return Button&#xD;
&#xD;
2019-11-04 07:36:45 - [MESSAGE][PASSED] - utilities.SafeActions.safeClickWithoutScroll is PASSED&#xD;
&#xD;
2019-11-04 07:36:45 - [TEST_STEP][PASSED] - utilities.SafeActions.safeClickWithoutScroll(findTestObject("Pages/FirstPayVault/tab_FirstPayVault"), "Click on FirstPayVault tab", [PageLoadTime]): utilities.SafeActions.safeClickWithoutScroll is PASSED&#xD;
&#xD;
2019-11-04 07:36:45 - [MESSAGE][INFO] - Safe Click Without scroll&#xD;
&#xD;
2019-11-04 07:36:45 - [MESSAGE][INFO] - 1stPayVault_TestSuite.ts:waiting until Click on FirstPayVault tab is Clickable&#xD;
&#xD;
2019-11-04 07:36:45 - [MESSAGE][PASSED] - Object 'Object Repository/Pages/FirstPayVault/tab_FirstPayVault' is clickable&#xD;
&#xD;
2019-11-04 07:36:45 - [MESSAGE][PASSED] - Object 'Object Repository/Pages/FirstPayVault/tab_FirstPayVault' is visible&#xD;
&#xD;
2019-11-04 07:36:46 - [MESSAGE][PASSED] - Object: 'Object Repository/Pages/FirstPayVault/tab_FirstPayVault' is clicked on&#xD;
&#xD;
2019-11-04 07:36:46 - [MESSAGE][INFO] - 1stPayVault_TestSuite.ts: click on the Click on FirstPayVault tab&#xD;
&#xD;
2019-11-04 07:36:46 - [MESSAGE][PASSED] - utilities.SafeActions.safeClickWithoutScroll is PASSED&#xD;
&#xD;
2019-11-04 07:36:46 - [TEST_STEP][PASSED] - utilities.SafeActions.safeClickwithScroll(findTestObject("Pages/FirstPayVault/button_SearchVault"), "Click on Search Vault", [PageLoadTime]): utilities.SafeActions.safeClickwithScroll is PASSED&#xD;
&#xD;
2019-11-04 07:36:46 - [MESSAGE][PASSED] - Object 'Object Repository/Pages/FirstPayVault/button_SearchVault' is present&#xD;
&#xD;
2019-11-04 07:36:46 - [MESSAGE][PASSED] - Object 'Object Repository/Pages/FirstPayVault/button_SearchVault' is visible&#xD;
&#xD;
2019-11-04 07:36:46 - [MESSAGE][INFO] - 1stPayVault_TestSuite.ts:waiting until Click on Search Vault is Clickable&#xD;
&#xD;
2019-11-04 07:36:46 - [MESSAGE][PASSED] - Object 'Object Repository/Pages/FirstPayVault/button_SearchVault' is clickable&#xD;
&#xD;
2019-11-04 07:36:47 - [MESSAGE][PASSED] - Object 'Object Repository/Pages/FirstPayVault/button_SearchVault' is visible&#xD;
&#xD;
2019-11-04 07:36:47 - [MESSAGE][PASSED] - Object: 'Object Repository/Pages/FirstPayVault/button_SearchVault' is clicked on&#xD;
&#xD;
2019-11-04 07:36:47 - [MESSAGE][INFO] - 1stPayVault_TestSuite.ts: Clicked on the Click on Search Vault&#xD;
&#xD;
2019-11-04 07:36:47 - [MESSAGE][PASSED] - utilities.SafeActions.safeClickwithScroll is PASSED&#xD;
&#xD;
2019-11-04 07:36:47 - [TEST_STEP][PASSED] - utilities.SafeActions.safeClickWithoutScroll(findTestObject("Pages/FirstPayVault/button_Search"), "Click On Search button", [PageLoadTime]): utilities.SafeActions.safeClickWithoutScroll is PASSED&#xD;
&#xD;
2019-11-04 07:36:47 - [MESSAGE][INFO] - Safe Click Without scroll&#xD;
&#xD;
2019-11-04 07:36:47 - [MESSAGE][INFO] - 1stPayVault_TestSuite.ts:waiting until Click On Search button is Clickable&#xD;
&#xD;
2019-11-04 07:36:48 - [MESSAGE][PASSED] - Object 'Object Repository/Pages/FirstPayVault/button_Search' is clickable&#xD;
&#xD;
2019-11-04 07:36:48 - [MESSAGE][PASSED] - Object 'Object Repository/Pages/FirstPayVault/button_Search' is visible&#xD;
&#xD;
2019-11-04 07:36:48 - [MESSAGE][PASSED] - Object: 'Object Repository/Pages/FirstPayVault/button_Search' is clicked on&#xD;
&#xD;
2019-11-04 07:36:48 - [MESSAGE][INFO] - 1stPayVault_TestSuite.ts: click on the Click On Search button&#xD;
&#xD;
2019-11-04 07:36:48 - [MESSAGE][PASSED] - utilities.SafeActions.safeClickWithoutScroll is PASSED&#xD;
&#xD;
2019-11-04 07:36:48 - [TEST_STEP][PASSED] - scrollToElement(findTestObject("Pages/Transaction_Management/invoice_ForTransaction"), PageLoadTime): Scroll to object 'Object Repository/Pages/Transaction_Management/invoice_ForTransaction' successfully&#xD;
&#xD;
2019-11-04 07:36:52 - [MESSAGE][PASSED] - Scroll to object 'Object Repository/Pages/Transaction_Management/invoice_ForTransaction' successfully&#xD;
&#xD;
2019-11-04 07:36:52 - [TEST_STEP][PASSED] - pages.FirstPayVault.verifyInvoiceRecord(findTestObject("Pages/FirstPayVault/footer_NextButton"), findTestObject("Pages/FirstPayVault/page_Number"), vaultReference): The Vault is found in page 1&#xD;
&#xD;
2019-11-04 07:36:52 - [MESSAGE][PASSED] - Text of object 'Object Repository/Pages/FirstPayVault/page_Number' is: 'Page 1 of 45'&#xD;
&#xD;
2019-11-04 07:36:52 - [MESSAGE][PASSED] - The Vault is found in page 1&#xD;
&#xD;
2019-11-04 07:36:53 - [TEST_STEP][PASSED] - delay(2): Delayed 2 second(s)&#xD;
&#xD;
2019-11-04 07:36:55 - [MESSAGE][PASSED] - Delayed 2 second(s)&#xD;
&#xD;
2019-11-04 07:36:55 - [TEST_STEP][PASSED] - pages.FirstPayVault.clickOnMakeAPayment(findTestObject("Pages/FirstPayVault/footer_NextButton"), findTestObject("Pages/FirstPayVault/page_Number"), vaultReference): Delayed 6 second(s)&#xD;
&#xD;
2019-11-04 07:36:55 - [MESSAGE][PASSED] - Text of object 'Object Repository/Pages/FirstPayVault/page_Number' is: 'Page 1 of 45'&#xD;
&#xD;
2019-11-04 07:36:55 - [MESSAGE][PASSED] - The Vault is found in page 1&#xD;
&#xD;
2019-11-04 07:37:01 - [MESSAGE][PASSED] - Delayed 6 second(s)&#xD;
&#xD;
2019-11-04 07:37:03 - [TEST_STEP][PASSED] - scrollToElement(findTestObject("Pages/FirstPayVault/input_Amount"), delayBetweenTestSteps): Scroll to object 'Object Repository/Pages/FirstPayVault/input_Amount' successfully&#xD;
&#xD;
2019-11-04 07:37:03 - [MESSAGE][PASSED] - Scroll to object 'Object Repository/Pages/FirstPayVault/input_Amount' successfully&#xD;
&#xD;
2019-11-04 07:37:03 - [TEST_STEP][PASSED] - utilities.SafeActions.safeType(findTestObject("Pages/FirstPayVault/input_Amount"), amount, "Enter Amount", [PageLoadTime]): utilities.SafeActions.safeType is PASSED&#xD;
&#xD;
2019-11-04 07:37:03 - [MESSAGE][PASSED] - Object 'Object Repository/Pages/FirstPayVault/input_Amount' is present&#xD;
&#xD;
2019-11-04 07:37:03 - [MESSAGE][PASSED] - Object 'Object Repository/Pages/FirstPayVault/input_Amount' is present&#xD;
&#xD;
2019-11-04 07:37:04 - [MESSAGE][PASSED] - Object: 'Object Repository/Pages/FirstPayVault/input_Amount' is clicked on&#xD;
&#xD;
2019-11-04 07:37:04 - [MESSAGE][PASSED] - Text '450' is set on object 'Object Repository/Pages/FirstPayVault/input_Amount'&#xD;
&#xD;
2019-11-04 07:37:04 - [MESSAGE][PASSED] - utilities.SafeActions.safeType is PASSED&#xD;
&#xD;
2019-11-04 07:37:04 - [TEST_STEP][PASSED] - scrollToElement(findTestObject("Pages/FirstPayVault/checkBox_SetAsFuturePayment"), delayBetweenTestSteps): Scroll to object 'Object Repository/Pages/FirstPayVault/checkBox_SetAsFuturePayment' successfully&#xD;
&#xD;
2019-11-04 07:37:04 - [MESSAGE][PASSED] - Scroll to object 'Object Repository/Pages/FirstPayVault/checkBox_SetAsFuturePayment' successfully&#xD;
&#xD;
2019-11-04 07:37:04 - [TEST_STEP][PASSED] - utilities.SafeActions.safeCheckForElement(findTestObject("Pages/FirstPayVault/checkBox_SetAsFuturePayment"), delayBetweenTestSteps): utilities.SafeActions.safeCheckForElement is PASSED&#xD;
&#xD;
2019-11-04 07:37:04 - [MESSAGE][PASSED] - Object 'Object Repository/Pages/FirstPayVault/checkBox_SetAsFuturePayment' is present&#xD;
&#xD;
2019-11-04 07:37:04 - [MESSAGE][PASSED] - Object 'Object Repository/Pages/FirstPayVault/checkBox_SetAsFuturePayment' is visible&#xD;
&#xD;
2019-11-04 07:37:04 - [MESSAGE][PASSED] - Object 'Object Repository/Pages/FirstPayVault/checkBox_SetAsFuturePayment' is present&#xD;
&#xD;
2019-11-04 07:37:05 - [MESSAGE][PASSED] - Object 'Object Repository/Pages/FirstPayVault/checkBox_SetAsFuturePayment' is checked&#xD;
&#xD;
2019-11-04 07:37:05 - [MESSAGE][PASSED] - utilities.SafeActions.safeCheckForElement is PASSED&#xD;
&#xD;
2019-11-04 07:37:05 - [TEST_STEP][PASSED] - utilities.SafeActions.safeClickWithoutScroll(findTestObject("Pages/FirstPayVault/date_FuturePayment"), "Click on FuturePayment Date", [delayForElement]): utilities.SafeActions.safeClickWithoutScroll is PASSED&#xD;
&#xD;
2019-11-04 07:37:05 - [MESSAGE][INFO] - Safe Click Without scroll&#xD;
&#xD;
2019-11-04 07:37:05 - [MESSAGE][INFO] - 1stPayVault_TestSuite.ts:waiting until Click on FuturePayment Date is Clickable&#xD;
&#xD;
2019-11-04 07:37:05 - [MESSAGE][PASSED] - Object 'Object Repository/Pages/FirstPayVault/date_FuturePayment' is clickable&#xD;
&#xD;
2019-11-04 07:37:05 - [MESSAGE][PASSED] - Object 'Object Repository/Pages/FirstPayVault/date_FuturePayment' is visible&#xD;
&#xD;
2019-11-04 07:37:06 - [MESSAGE][PASSED] - Object: 'Object Repository/Pages/FirstPayVault/date_FuturePayment' is clicked on&#xD;
&#xD;
2019-11-04 07:37:06 - [MESSAGE][INFO] - 1stPayVault_TestSuite.ts: click on the Click on FuturePayment Date&#xD;
&#xD;
2019-11-04 07:37:06 - [MESSAGE][PASSED] - utilities.SafeActions.safeClickWithoutScroll is PASSED&#xD;
&#xD;
2019-11-04 07:37:06 - [TEST_STEP][PASSED] - pages.Sale.selectMonthYear(findTestObject("Pages/Sale/link_MonthYear"), findTestObject("Pages/Sale/calender_NextButton"), cardMonth, cardYear): pages.Sale.selectMonthYear is PASSED&#xD;
&#xD;
2019-11-04 07:37:06 - [MESSAGE][PASSED] - Text of object 'Object Repository/Pages/Sale/link_MonthYear' is: 'November 2019'&#xD;
&#xD;
2019-11-04 07:37:06 - [MESSAGE][PASSED] - Object: 'Object Repository/Pages/Sale/calender_NextButton' is clicked on&#xD;
&#xD;
2019-11-04 07:37:06 - [MESSAGE][PASSED] - Text of object 'Object Repository/Pages/Sale/link_MonthYear' is: 'December 2019'&#xD;
&#xD;
2019-11-04 07:37:07 - [MESSAGE][PASSED] - Object: 'Object Repository/Pages/Sale/calender_NextButton' is clicked on&#xD;
&#xD;
2019-11-04 07:37:07 - [MESSAGE][PASSED] - Text of object 'Object Repository/Pages/Sale/link_MonthYear' is: 'January 2020'&#xD;
&#xD;
2019-11-04 07:37:07 - [MESSAGE][PASSED] - Object: 'Object Repository/Pages/Sale/calender_NextButton' is clicked on&#xD;
&#xD;
2019-11-04 07:37:07 - [MESSAGE][PASSED] - Text of object 'Object Repository/Pages/Sale/link_MonthYear' is: 'February 2020'&#xD;
&#xD;
2019-11-04 07:37:07 - [MESSAGE][PASSED] - Object: 'Object Repository/Pages/Sale/calender_NextButton' is clicked on&#xD;
&#xD;
2019-11-04 07:37:07 - [MESSAGE][PASSED] - Text of object 'Object Repository/Pages/Sale/link_MonthYear' is: 'March 2020'&#xD;
&#xD;
2019-11-04 07:37:07 - [MESSAGE][PASSED] - Object: 'Object Repository/Pages/Sale/calender_NextButton' is clicked on&#xD;
&#xD;
2019-11-04 07:37:08 - [MESSAGE][PASSED] - Text of object 'Object Repository/Pages/Sale/link_MonthYear' is: 'April 2020'&#xD;
&#xD;
2019-11-04 07:37:08 - [MESSAGE][PASSED] - Object: 'Object Repository/Pages/Sale/calender_NextButton' is clicked on&#xD;
&#xD;
2019-11-04 07:37:08 - [MESSAGE][PASSED] - Text of object 'Object Repository/Pages/Sale/link_MonthYear' is: 'May 2020'&#xD;
&#xD;
2019-11-04 07:37:08 - [MESSAGE][PASSED] - Object: 'Object Repository/Pages/Sale/calender_NextButton' is clicked on&#xD;
&#xD;
2019-11-04 07:37:08 - [MESSAGE][PASSED] - Text of object 'Object Repository/Pages/Sale/link_MonthYear' is: 'June 2020'&#xD;
&#xD;
2019-11-04 07:37:09 - [MESSAGE][PASSED] - Object: 'Object Repository/Pages/Sale/calender_NextButton' is clicked on&#xD;
&#xD;
2019-11-04 07:37:09 - [MESSAGE][PASSED] - Text of object 'Object Repository/Pages/Sale/link_MonthYear' is: 'July 2020'&#xD;
&#xD;
2019-11-04 07:37:09 - [MESSAGE][PASSED] - Object: 'Object Repository/Pages/Sale/calender_NextButton' is clicked on&#xD;
&#xD;
2019-11-04 07:37:09 - [MESSAGE][PASSED] - Text of object 'Object Repository/Pages/Sale/link_MonthYear' is: 'August 2020'&#xD;
&#xD;
2019-11-04 07:37:09 - [MESSAGE][PASSED] - Object: 'Object Repository/Pages/Sale/calender_NextButton' is clicked on&#xD;
&#xD;
2019-11-04 07:37:09 - [MESSAGE][PASSED] - Text of object 'Object Repository/Pages/Sale/link_MonthYear' is: 'September 2020'&#xD;
&#xD;
2019-11-04 07:37:09 - [MESSAGE][PASSED] - Object: 'Object Repository/Pages/Sale/calender_NextButton' is clicked on&#xD;
&#xD;
2019-11-04 07:37:09 - [MESSAGE][PASSED] - Text of object 'Object Repository/Pages/Sale/link_MonthYear' is: 'October 2020'&#xD;
&#xD;
2019-11-04 07:37:10 - [MESSAGE][PASSED] - Object: 'Object Repository/Pages/Sale/calender_NextButton' is clicked on&#xD;
&#xD;
2019-11-04 07:37:10 - [MESSAGE][PASSED] - Text of object 'Object Repository/Pages/Sale/link_MonthYear' is: 'November 2020'&#xD;
&#xD;
2019-11-04 07:37:10 - [MESSAGE][PASSED] - Object: 'Object Repository/Pages/Sale/calender_NextButton' is clicked on&#xD;
&#xD;
2019-11-04 07:37:10 - [MESSAGE][PASSED] - Text of object 'Object Repository/Pages/Sale/link_MonthYear' is: 'December 2020'&#xD;
&#xD;
2019-11-04 07:37:10 - [MESSAGE][PASSED] - Object: 'Object Repository/Pages/Sale/calender_NextButton' is clicked on&#xD;
&#xD;
2019-11-04 07:37:10 - [MESSAGE][PASSED] - Text of object 'Object Repository/Pages/Sale/link_MonthYear' is: 'January 2021'&#xD;
&#xD;
2019-11-04 07:37:11 - [MESSAGE][PASSED] - Object: 'Object Repository/Pages/Sale/calender_NextButton' is clicked on&#xD;
&#xD;
2019-11-04 07:37:11 - [MESSAGE][PASSED] - Text of object 'Object Repository/Pages/Sale/link_MonthYear' is: 'February 2021'&#xD;
&#xD;
2019-11-04 07:37:11 - [MESSAGE][PASSED] - Object: 'Object Repository/Pages/Sale/calender_NextButton' is clicked on&#xD;
&#xD;
2019-11-04 07:37:11 - [MESSAGE][PASSED] - Text of object 'Object Repository/Pages/Sale/link_MonthYear' is: 'March 2021'&#xD;
&#xD;
2019-11-04 07:37:11 - [MESSAGE][PASSED] - Object: 'Object Repository/Pages/Sale/calender_NextButton' is clicked on&#xD;
&#xD;
2019-11-04 07:37:11 - [MESSAGE][PASSED] - Text of object 'Object Repository/Pages/Sale/link_MonthYear' is: 'April 2021'&#xD;
&#xD;
2019-11-04 07:37:11 - [MESSAGE][PASSED] - Object: 'Object Repository/Pages/Sale/calender_NextButton' is clicked on&#xD;
&#xD;
2019-11-04 07:37:12 - [MESSAGE][PASSED] - Text of object 'Object Repository/Pages/Sale/link_MonthYear' is: 'May 2021'&#xD;
&#xD;
2019-11-04 07:37:12 - [MESSAGE][PASSED] - Object: 'Object Repository/Pages/Sale/calender_NextButton' is clicked on&#xD;
&#xD;
2019-11-04 07:37:12 - [MESSAGE][PASSED] - Text of object 'Object Repository/Pages/Sale/link_MonthYear' is: 'June 2021'&#xD;
&#xD;
2019-11-04 07:37:12 - [MESSAGE][PASSED] - Object: 'Object Repository/Pages/Sale/calender_NextButton' is clicked on&#xD;
&#xD;
2019-11-04 07:37:12 - [MESSAGE][PASSED] - Text of object 'Object Repository/Pages/Sale/link_MonthYear' is: 'July 2021'&#xD;
&#xD;
2019-11-04 07:37:12 - [MESSAGE][PASSED] - Object: 'Object Repository/Pages/Sale/calender_NextButton' is clicked on&#xD;
&#xD;
2019-11-04 07:37:12 - [MESSAGE][PASSED] - Text of object 'Object Repository/Pages/Sale/link_MonthYear' is: 'August 2021'&#xD;
&#xD;
2019-11-04 07:37:13 - [MESSAGE][PASSED] - Object: 'Object Repository/Pages/Sale/calender_NextButton' is clicked on&#xD;
&#xD;
2019-11-04 07:37:13 - [MESSAGE][PASSED] - Text of object 'Object Repository/Pages/Sale/link_MonthYear' is: 'September 2021'&#xD;
&#xD;
2019-11-04 07:37:13 - [MESSAGE][PASSED] - Object: 'Object Repository/Pages/Sale/calender_NextButton' is clicked on&#xD;
&#xD;
2019-11-04 07:37:13 - [MESSAGE][PASSED] - Text of object 'Object Repository/Pages/Sale/link_MonthYear' is: 'October 2021'&#xD;
&#xD;
2019-11-04 07:37:13 - [MESSAGE][PASSED] - Object: 'Object Repository/Pages/Sale/calender_NextButton' is clicked on&#xD;
&#xD;
2019-11-04 07:37:13 - [MESSAGE][PASSED] - Text of object 'Object Repository/Pages/Sale/link_MonthYear' is: 'November 2021'&#xD;
&#xD;
2019-11-04 07:37:13 - [MESSAGE][PASSED] - Object: 'Object Repository/Pages/Sale/calender_NextButton' is clicked on&#xD;
&#xD;
2019-11-04 07:37:13 - [MESSAGE][PASSED] - Text of object 'Object Repository/Pages/Sale/link_MonthYear' is: 'December 2021'&#xD;
&#xD;
2019-11-04 07:37:14 - [MESSAGE][PASSED] - Object: 'Object Repository/Pages/Sale/calender_NextButton' is clicked on&#xD;
&#xD;
2019-11-04 07:37:14 - [MESSAGE][PASSED] - Text of object 'Object Repository/Pages/Sale/link_MonthYear' is: 'January 2022'&#xD;
&#xD;
2019-11-04 07:37:14 - [MESSAGE][PASSED] - Object: 'Object Repository/Pages/Sale/calender_NextButton' is clicked on&#xD;
&#xD;
2019-11-04 07:37:14 - [MESSAGE][PASSED] - Text of object 'Object Repository/Pages/Sale/link_MonthYear' is: 'February 2022'&#xD;
&#xD;
2019-11-04 07:37:14 - [MESSAGE][PASSED] - Object: 'Object Repository/Pages/Sale/calender_NextButton' is clicked on&#xD;
&#xD;
2019-11-04 07:37:14 - [MESSAGE][PASSED] - Text of object 'Object Repository/Pages/Sale/link_MonthYear' is: 'March 2022'&#xD;
&#xD;
2019-11-04 07:37:15 - [MESSAGE][PASSED] - Object: 'Object Repository/Pages/Sale/calender_NextButton' is clicked on&#xD;
&#xD;
2019-11-04 07:37:15 - [MESSAGE][PASSED] - Text of object 'Object Repository/Pages/Sale/link_MonthYear' is: 'April 2022'&#xD;
&#xD;
2019-11-04 07:37:15 - [MESSAGE][PASSED] - Object: 'Object Repository/Pages/Sale/calender_NextButton' is clicked on&#xD;
&#xD;
2019-11-04 07:37:15 - [MESSAGE][PASSED] - Text of object 'Object Repository/Pages/Sale/link_MonthYear' is: 'May 2022'&#xD;
&#xD;
2019-11-04 07:37:15 - [MESSAGE][PASSED] - Object: 'Object Repository/Pages/Sale/calender_NextButton' is clicked on&#xD;
&#xD;
2019-11-04 07:37:15 - [MESSAGE][PASSED] - Text of object 'Object Repository/Pages/Sale/link_MonthYear' is: 'June 2022'&#xD;
&#xD;
2019-11-04 07:37:15 - [MESSAGE][PASSED] - Object: 'Object Repository/Pages/Sale/calender_NextButton' is clicked on&#xD;
&#xD;
2019-11-04 07:37:15 - [MESSAGE][PASSED] - Text of object 'Object Repository/Pages/Sale/link_MonthYear' is: 'July 2022'&#xD;
&#xD;
2019-11-04 07:37:16 - [MESSAGE][PASSED] - Object: 'Object Repository/Pages/Sale/calender_NextButton' is clicked on&#xD;
&#xD;
2019-11-04 07:37:16 - [MESSAGE][PASSED] - Text of object 'Object Repository/Pages/Sale/link_MonthYear' is: 'August 2022'&#xD;
&#xD;
2019-11-04 07:37:16 - [MESSAGE][PASSED] - Object: 'Object Repository/Pages/Sale/calender_NextButton' is clicked on&#xD;
&#xD;
2019-11-04 07:37:16 - [MESSAGE][PASSED] - Text of object 'Object Repository/Pages/Sale/link_MonthYear' is: 'September 2022'&#xD;
&#xD;
2019-11-04 07:37:16 - [MESSAGE][PASSED] - Object: 'Object Repository/Pages/Sale/calender_NextButton' is clicked on&#xD;
&#xD;
2019-11-04 07:37:16 - [MESSAGE][PASSED] - Text of object 'Object Repository/Pages/Sale/link_MonthYear' is: 'October 2022'&#xD;
&#xD;
2019-11-04 07:37:17 - [MESSAGE][PASSED] - Object: 'Object Repository/Pages/Sale/calender_NextButton' is clicked on&#xD;
&#xD;
2019-11-04 07:37:17 - [MESSAGE][PASSED] - Text of object 'Object Repository/Pages/Sale/link_MonthYear' is: 'November 2022'&#xD;
&#xD;
2019-11-04 07:37:17 - [MESSAGE][PASSED] - Object: 'Object Repository/Pages/Sale/calender_NextButton' is clicked on&#xD;
&#xD;
2019-11-04 07:37:17 - [MESSAGE][PASSED] - Text of object 'Object Repository/Pages/Sale/link_MonthYear' is: 'December 2022'&#xD;
&#xD;
2019-11-04 07:37:17 - [MESSAGE][PASSED] - Object: 'Object Repository/Pages/Sale/calender_NextButton' is clicked on&#xD;
&#xD;
2019-11-04 07:37:17 - [MESSAGE][PASSED] - Text of object 'Object Repository/Pages/Sale/link_MonthYear' is: 'January 2023'&#xD;
&#xD;
2019-11-04 07:37:17 - [MESSAGE][PASSED] - Object: 'Object Repository/Pages/Sale/calender_NextButton' is clicked on&#xD;
&#xD;
2019-11-04 07:37:17 - [MESSAGE][PASSED] - Text of object 'Object Repository/Pages/Sale/link_MonthYear' is: 'February 2023'&#xD;
&#xD;
2019-11-04 07:37:18 - [MESSAGE][PASSED] - Object: 'Object Repository/Pages/Sale/calender_NextButton' is clicked on&#xD;
&#xD;
2019-11-04 07:37:18 - [MESSAGE][PASSED] - Text of object 'Object Repository/Pages/Sale/link_MonthYear' is: 'March 2023'&#xD;
&#xD;
2019-11-04 07:37:18 - [MESSAGE][PASSED] - Object: 'Object Repository/Pages/Sale/calender_NextButton' is clicked on&#xD;
&#xD;
2019-11-04 07:37:18 - [MESSAGE][PASSED] - Text of object 'Object Repository/Pages/Sale/link_MonthYear' is: 'April 2023'&#xD;
&#xD;
2019-11-04 07:37:18 - [MESSAGE][PASSED] - Object: 'Object Repository/Pages/Sale/calender_NextButton' is clicked on&#xD;
&#xD;
2019-11-04 07:37:18 - [MESSAGE][PASSED] - Text of object 'Object Repository/Pages/Sale/link_MonthYear' is: 'May 2023'&#xD;
&#xD;
2019-11-04 07:37:19 - [MESSAGE][PASSED] - Object: 'Object Repository/Pages/Sale/calender_NextButton' is clicked on&#xD;
&#xD;
2019-11-04 07:37:19 - [MESSAGE][PASSED] - Text of object 'Object Repository/Pages/Sale/link_MonthYear' is: 'June 2023'&#xD;
&#xD;
2019-11-04 07:37:19 - [MESSAGE][PASSED] - Object: 'Object Repository/Pages/Sale/calender_NextButton' is clicked on&#xD;
&#xD;
2019-11-04 07:37:19 - [MESSAGE][PASSED] - Text of object 'Object Repository/Pages/Sale/link_MonthYear' is: 'July 2023'&#xD;
&#xD;
2019-11-04 07:37:19 - [MESSAGE][PASSED] - Object: 'Object Repository/Pages/Sale/calender_NextButton' is clicked on&#xD;
&#xD;
2019-11-04 07:37:19 - [MESSAGE][PASSED] - Text of object 'Object Repository/Pages/Sale/link_MonthYear' is: 'August 2023'&#xD;
&#xD;
2019-11-04 07:37:19 - [MESSAGE][PASSED] - Object: 'Object Repository/Pages/Sale/calender_NextButton' is clicked on&#xD;
&#xD;
2019-11-04 07:37:19 - [MESSAGE][PASSED] - Text of object 'Object Repository/Pages/Sale/link_MonthYear' is: 'September 2023'&#xD;
&#xD;
2019-11-04 07:37:20 - [MESSAGE][PASSED] - Object: 'Object Repository/Pages/Sale/calender_NextButton' is clicked on&#xD;
&#xD;
2019-11-04 07:37:20 - [MESSAGE][PASSED] - Text of object 'Object Repository/Pages/Sale/link_MonthYear' is: 'October 2023'&#xD;
&#xD;
2019-11-04 07:37:20 - [MESSAGE][PASSED] - Object: 'Object Repository/Pages/Sale/calender_NextButton' is clicked on&#xD;
&#xD;
2019-11-04 07:37:20 - [MESSAGE][PASSED] - Text of object 'Object Repository/Pages/Sale/link_MonthYear' is: 'November 2023'&#xD;
&#xD;
2019-11-04 07:37:20 - [MESSAGE][PASSED] - Object: 'Object Repository/Pages/Sale/calender_NextButton' is clicked on&#xD;
&#xD;
2019-11-04 07:37:20 - [MESSAGE][PASSED] - Text of object 'Object Repository/Pages/Sale/link_MonthYear' is: 'December 2023'&#xD;
&#xD;
2019-11-04 07:37:21 - [MESSAGE][PASSED] - Object: 'Object Repository/Pages/Sale/calender_NextButton' is clicked on&#xD;
&#xD;
2019-11-04 07:37:21 - [MESSAGE][PASSED] - Text of object 'Object Repository/Pages/Sale/link_MonthYear' is: 'January 2024'&#xD;
&#xD;
2019-11-04 07:37:21 - [MESSAGE][PASSED] - Object: 'Object Repository/Pages/Sale/calender_NextButton' is clicked on&#xD;
&#xD;
2019-11-04 07:37:21 - [MESSAGE][PASSED] - Text of object 'Object Repository/Pages/Sale/link_MonthYear' is: 'February 2024'&#xD;
&#xD;
2019-11-04 07:37:21 - [MESSAGE][PASSED] - Object: 'Object Repository/Pages/Sale/calender_NextButton' is clicked on&#xD;
&#xD;
2019-11-04 07:37:21 - [MESSAGE][PASSED] - Text of object 'Object Repository/Pages/Sale/link_MonthYear' is: 'March 2024'&#xD;
&#xD;
2019-11-04 07:37:21 - [MESSAGE][PASSED] - Object: 'Object Repository/Pages/Sale/calender_NextButton' is clicked on&#xD;
&#xD;
2019-11-04 07:37:21 - [MESSAGE][PASSED] - Text of object 'Object Repository/Pages/Sale/link_MonthYear' is: 'April 2024'&#xD;
&#xD;
2019-11-04 07:37:22 - [MESSAGE][PASSED] - Object: 'Object Repository/Pages/Sale/calender_NextButton' is clicked on&#xD;
&#xD;
2019-11-04 07:37:22 - [MESSAGE][PASSED] - Text of object 'Object Repository/Pages/Sale/link_MonthYear' is: 'May 2024'&#xD;
&#xD;
2019-11-04 07:37:22 - [MESSAGE][PASSED] - Object: 'Object Repository/Pages/Sale/calender_NextButton' is clicked on&#xD;
&#xD;
2019-11-04 07:37:22 - [MESSAGE][PASSED] - Text of object 'Object Repository/Pages/Sale/link_MonthYear' is: 'June 2024'&#xD;
&#xD;
2019-11-04 07:37:22 - [MESSAGE][PASSED] - Object: 'Object Repository/Pages/Sale/calender_NextButton' is clicked on&#xD;
&#xD;
2019-11-04 07:37:22 - [MESSAGE][PASSED] - Text of object 'Object Repository/Pages/Sale/link_MonthYear' is: 'July 2024'&#xD;
&#xD;
2019-11-04 07:37:23 - [MESSAGE][PASSED] - Object: 'Object Repository/Pages/Sale/calender_NextButton' is clicked on&#xD;
&#xD;
2019-11-04 07:37:23 - [MESSAGE][PASSED] - Text of object 'Object Repository/Pages/Sale/link_MonthYear' is: 'August 2024'&#xD;
&#xD;
2019-11-04 07:37:23 - [MESSAGE][PASSED] - Object: 'Object Repository/Pages/Sale/calender_NextButton' is clicked on&#xD;
&#xD;
2019-11-04 07:37:23 - [MESSAGE][PASSED] - Text of object 'Object Repository/Pages/Sale/link_MonthYear' is: 'September 2024'&#xD;
&#xD;
2019-11-04 07:37:23 - [MESSAGE][PASSED] - Object: 'Object Repository/Pages/Sale/calender_NextButton' is clicked on&#xD;
&#xD;
2019-11-04 07:37:23 - [MESSAGE][PASSED] - Text of object 'Object Repository/Pages/Sale/link_MonthYear' is: 'October 2024'&#xD;
&#xD;
2019-11-04 07:37:24 - [MESSAGE][PASSED] - Object: 'Object Repository/Pages/Sale/calender_NextButton' is clicked on&#xD;
&#xD;
2019-11-04 07:37:24 - [MESSAGE][PASSED] - Text of object 'Object Repository/Pages/Sale/link_MonthYear' is: 'November 2024'&#xD;
&#xD;
2019-11-04 07:37:24 - [MESSAGE][PASSED] - Object: 'Object Repository/Pages/Sale/calender_NextButton' is clicked on&#xD;
&#xD;
2019-11-04 07:37:24 - [MESSAGE][PASSED] - Text of object 'Object Repository/Pages/Sale/link_MonthYear' is: 'December 2024'&#xD;
&#xD;
2019-11-04 07:37:24 - [MESSAGE][PASSED] - Object: 'Object Repository/Pages/Sale/calender_NextButton' is clicked on&#xD;
&#xD;
2019-11-04 07:37:24 - [MESSAGE][PASSED] - Text of object 'Object Repository/Pages/Sale/link_MonthYear' is: 'January 2025'&#xD;
&#xD;
2019-11-04 07:37:24 - [MESSAGE][PASSED] - Object: 'Object Repository/Pages/Sale/calender_NextButton' is clicked on&#xD;
&#xD;
2019-11-04 07:37:24 - [MESSAGE][PASSED] - Text of object 'Object Repository/Pages/Sale/link_MonthYear' is: 'February 2025'&#xD;
&#xD;
2019-11-04 07:37:25 - [MESSAGE][PASSED] - Object: 'Object Repository/Pages/Sale/calender_NextButton' is clicked on&#xD;
&#xD;
2019-11-04 07:37:25 - [MESSAGE][PASSED] - Text of object 'Object Repository/Pages/Sale/link_MonthYear' is: 'March 2025'&#xD;
&#xD;
2019-11-04 07:37:25 - [MESSAGE][PASSED] - Object: 'Object Repository/Pages/Sale/calender_NextButton' is clicked on&#xD;
&#xD;
2019-11-04 07:37:25 - [MESSAGE][PASSED] - Text of object 'Object Repository/Pages/Sale/link_MonthYear' is: 'April 2025'&#xD;
&#xD;
2019-11-04 07:37:25 - [MESSAGE][PASSED] - Object: 'Object Repository/Pages/Sale/calender_NextButton' is clicked on&#xD;
&#xD;
2019-11-04 07:37:25 - [MESSAGE][PASSED] - Text of object 'Object Repository/Pages/Sale/link_MonthYear' is: 'May 2025'&#xD;
&#xD;
2019-11-04 07:37:25 - [MESSAGE][PASSED] - Object: 'Object Repository/Pages/Sale/calender_NextButton' is clicked on&#xD;
&#xD;
2019-11-04 07:37:26 - [MESSAGE][PASSED] - Text of object 'Object Repository/Pages/Sale/link_MonthYear' is: 'June 2025'&#xD;
&#xD;
2019-11-04 07:37:26 - [MESSAGE][PASSED] - Object: 'Object Repository/Pages/Sale/calender_NextButton' is clicked on&#xD;
&#xD;
2019-11-04 07:37:26 - [MESSAGE][PASSED] - Text of object 'Object Repository/Pages/Sale/link_MonthYear' is: 'July 2025'&#xD;
&#xD;
2019-11-04 07:37:26 - [MESSAGE][PASSED] - Object: 'Object Repository/Pages/Sale/calender_NextButton' is clicked on&#xD;
&#xD;
2019-11-04 07:37:26 - [MESSAGE][PASSED] - Text of object 'Object Repository/Pages/Sale/link_MonthYear' is: 'August 2025'&#xD;
&#xD;
2019-11-04 07:37:26 - [MESSAGE][PASSED] - Object: 'Object Repository/Pages/Sale/calender_NextButton' is clicked on&#xD;
&#xD;
2019-11-04 07:37:26 - [MESSAGE][PASSED] - Text of object 'Object Repository/Pages/Sale/link_MonthYear' is: 'September 2025'&#xD;
&#xD;
2019-11-04 07:37:27 - [MESSAGE][PASSED] - Object: 'Object Repository/Pages/Sale/calender_NextButton' is clicked on&#xD;
&#xD;
2019-11-04 07:37:27 - [MESSAGE][PASSED] - Text of object 'Object Repository/Pages/Sale/link_MonthYear' is: 'October 2025'&#xD;
&#xD;
2019-11-04 07:37:27 - [MESSAGE][PASSED] - Object: 'Object Repository/Pages/Sale/calender_NextButton' is clicked on&#xD;
&#xD;
2019-11-04 07:37:27 - [MESSAGE][PASSED] - Text of object 'Object Repository/Pages/Sale/link_MonthYear' is: 'November 2025'&#xD;
&#xD;
2019-11-04 07:37:27 - [MESSAGE][PASSED] - Object: 'Object Repository/Pages/Sale/calender_NextButton' is clicked on&#xD;
&#xD;
2019-11-04 07:37:27 - [MESSAGE][PASSED] - Text of object 'Object Repository/Pages/Sale/link_MonthYear' is: 'December 2025'&#xD;
&#xD;
2019-11-04 07:37:27 - [MESSAGE][PASSED] - Object: 'Object Repository/Pages/Sale/calender_NextButton' is clicked on&#xD;
&#xD;
2019-11-04 07:37:27 - [MESSAGE][PASSED] - Text of object 'Object Repository/Pages/Sale/link_MonthYear' is: 'January 2026'&#xD;
&#xD;
2019-11-04 07:37:28 - [MESSAGE][PASSED] - Object: 'Object Repository/Pages/Sale/calender_NextButton' is clicked on&#xD;
&#xD;
2019-11-04 07:37:28 - [MESSAGE][PASSED] - Text of object 'Object Repository/Pages/Sale/link_MonthYear' is: 'February 2026'&#xD;
&#xD;
2019-11-04 07:37:28 - [MESSAGE][PASSED] - Object: 'Object Repository/Pages/Sale/calender_NextButton' is clicked on&#xD;
&#xD;
2019-11-04 07:37:28 - [MESSAGE][PASSED] - Text of object 'Object Repository/Pages/Sale/link_MonthYear' is: 'March 2026'&#xD;
&#xD;
2019-11-04 07:37:28 - [MESSAGE][PASSED] - Object: 'Object Repository/Pages/Sale/calender_NextButton' is clicked on&#xD;
&#xD;
2019-11-04 07:37:28 - [MESSAGE][PASSED] - Text of object 'Object Repository/Pages/Sale/link_MonthYear' is: 'April 2026'&#xD;
&#xD;
2019-11-04 07:37:28 - [MESSAGE][PASSED] - Object: 'Object Repository/Pages/Sale/calender_NextButton' is clicked on&#xD;
&#xD;
2019-11-04 07:37:28 - [MESSAGE][PASSED] - Text of object 'Object Repository/Pages/Sale/link_MonthYear' is: 'May 2026'&#xD;
&#xD;
2019-11-04 07:37:29 - [MESSAGE][PASSED] - Object: 'Object Repository/Pages/Sale/calender_NextButton' is clicked on&#xD;
&#xD;
2019-11-04 07:37:29 - [MESSAGE][PASSED] - Text of object 'Object Repository/Pages/Sale/link_MonthYear' is: 'June 2026'&#xD;
&#xD;
2019-11-04 07:37:29 - [MESSAGE][PASSED] - Object: 'Object Repository/Pages/Sale/calender_NextButton' is clicked on&#xD;
&#xD;
2019-11-04 07:37:29 - [MESSAGE][PASSED] - Text of object 'Object Repository/Pages/Sale/link_MonthYear' is: 'July 2026'&#xD;
&#xD;
2019-11-04 07:37:29 - [MESSAGE][PASSED] - Object: 'Object Repository/Pages/Sale/calender_NextButton' is clicked on&#xD;
&#xD;
2019-11-04 07:37:29 - [MESSAGE][PASSED] - Text of object 'Object Repository/Pages/Sale/link_MonthYear' is: 'August 2026'&#xD;
&#xD;
2019-11-04 07:37:30 - [MESSAGE][PASSED] - Object: 'Object Repository/Pages/Sale/calender_NextButton' is clicked on&#xD;
&#xD;
2019-11-04 07:37:30 - [MESSAGE][PASSED] - Text of object 'Object Repository/Pages/Sale/link_MonthYear' is: 'September 2026'&#xD;
&#xD;
2019-11-04 07:37:30 - [MESSAGE][PASSED] - Object: 'Object Repository/Pages/Sale/calender_NextButton' is clicked on&#xD;
&#xD;
2019-11-04 07:37:30 - [MESSAGE][PASSED] - Text of object 'Object Repository/Pages/Sale/link_MonthYear' is: 'October 2026'&#xD;
&#xD;
2019-11-04 07:37:30 - [MESSAGE][PASSED] - Object: 'Object Repository/Pages/Sale/calender_NextButton' is clicked on&#xD;
&#xD;
2019-11-04 07:37:30 - [MESSAGE][PASSED] - Text of object 'Object Repository/Pages/Sale/link_MonthYear' is: 'November 2026'&#xD;
&#xD;
2019-11-04 07:37:30 - [MESSAGE][PASSED] - Object: 'Object Repository/Pages/Sale/calender_NextButton' is clicked on&#xD;
&#xD;
2019-11-04 07:37:30 - [MESSAGE][PASSED] - Text of object 'Object Repository/Pages/Sale/link_MonthYear' is: 'December 2026'&#xD;
&#xD;
2019-11-04 07:37:31 - [MESSAGE][PASSED] - Object: 'Object Repository/Pages/Sale/calender_NextButton' is clicked on&#xD;
&#xD;
2019-11-04 07:37:31 - [MESSAGE][PASSED] - Text of object 'Object Repository/Pages/Sale/link_MonthYear' is: 'January 2027'&#xD;
&#xD;
2019-11-04 07:37:31 - [MESSAGE][PASSED] - Object: 'Object Repository/Pages/Sale/calender_NextButton' is clicked on&#xD;
&#xD;
2019-11-04 07:37:31 - [MESSAGE][PASSED] - Text of object 'Object Repository/Pages/Sale/link_MonthYear' is: 'February 2027'&#xD;
&#xD;
2019-11-04 07:37:31 - [MESSAGE][PASSED] - Object: 'Object Repository/Pages/Sale/calender_NextButton' is clicked on&#xD;
&#xD;
2019-11-04 07:37:31 - [MESSAGE][PASSED] - Text of object 'Object Repository/Pages/Sale/link_MonthYear' is: 'March 2027'&#xD;
&#xD;
2019-11-04 07:37:31 - [MESSAGE][PASSED] - Object: 'Object Repository/Pages/Sale/calender_NextButton' is clicked on&#xD;
&#xD;
2019-11-04 07:37:31 - [MESSAGE][PASSED] - Text of object 'Object Repository/Pages/Sale/link_MonthYear' is: 'April 2027'&#xD;
&#xD;
2019-11-04 07:37:32 - [MESSAGE][PASSED] - Object: 'Object Repository/Pages/Sale/calender_NextButton' is clicked on&#xD;
&#xD;
2019-11-04 07:37:32 - [MESSAGE][PASSED] - Text of object 'Object Repository/Pages/Sale/link_MonthYear' is: 'May 2027'&#xD;
&#xD;
2019-11-04 07:37:32 - [MESSAGE][PASSED] - Object: 'Object Repository/Pages/Sale/calender_NextButton' is clicked on&#xD;
&#xD;
2019-11-04 07:37:32 - [MESSAGE][PASSED] - Text of object 'Object Repository/Pages/Sale/link_MonthYear' is: 'June 2027'&#xD;
&#xD;
2019-11-04 07:37:32 - [MESSAGE][PASSED] - Object: 'Object Repository/Pages/Sale/calender_NextButton' is clicked on&#xD;
&#xD;
2019-11-04 07:37:32 - [MESSAGE][PASSED] - Text of object 'Object Repository/Pages/Sale/link_MonthYear' is: 'July 2027'&#xD;
&#xD;
2019-11-04 07:37:32 - [MESSAGE][PASSED] - Object: 'Object Repository/Pages/Sale/calender_NextButton' is clicked on&#xD;
&#xD;
2019-11-04 07:37:32 - [MESSAGE][PASSED] - Text of object 'Object Repository/Pages/Sale/link_MonthYear' is: 'August 2027'&#xD;
&#xD;
2019-11-04 07:37:33 - [MESSAGE][PASSED] - Object: 'Object Repository/Pages/Sale/calender_NextButton' is clicked on&#xD;
&#xD;
2019-11-04 07:37:33 - [MESSAGE][PASSED] - Text of object 'Object Repository/Pages/Sale/link_MonthYear' is: 'September 2027'&#xD;
&#xD;
2019-11-04 07:37:33 - [MESSAGE][PASSED] - Object: 'Object Repository/Pages/Sale/calender_NextButton' is clicked on&#xD;
&#xD;
2019-11-04 07:37:33 - [MESSAGE][PASSED] - Text of object 'Object Repository/Pages/Sale/link_MonthYear' is: 'October 2027'&#xD;
&#xD;
2019-11-04 07:37:33 - [MESSAGE][PASSED] - Object: 'Object Repository/Pages/Sale/calender_NextButton' is clicked on&#xD;
&#xD;
2019-11-04 07:37:33 - [MESSAGE][PASSED] - Text of object 'Object Repository/Pages/Sale/link_MonthYear' is: 'November 2027'&#xD;
&#xD;
2019-11-04 07:37:34 - [MESSAGE][PASSED] - Object: 'Object Repository/Pages/Sale/calender_NextButton' is clicked on&#xD;
&#xD;
2019-11-04 07:37:34 - [MESSAGE][PASSED] - Text of object 'Object Repository/Pages/Sale/link_MonthYear' is: 'December 2027'&#xD;
&#xD;
2019-11-04 07:37:34 - [MESSAGE][PASSED] - Object: 'Object Repository/Pages/Sale/calender_NextButton' is clicked on&#xD;
&#xD;
2019-11-04 07:37:34 - [MESSAGE][PASSED] - Text of object 'Object Repository/Pages/Sale/link_MonthYear' is: 'January 2028'&#xD;
&#xD;
2019-11-04 07:37:34 - [MESSAGE][PASSED] - Object: 'Object Repository/Pages/Sale/calender_NextButton' is clicked on&#xD;
&#xD;
2019-11-04 07:37:34 - [MESSAGE][PASSED] - Text of object 'Object Repository/Pages/Sale/link_MonthYear' is: 'February 2028'&#xD;
&#xD;
2019-11-04 07:37:34 - [MESSAGE][PASSED] - Object: 'Object Repository/Pages/Sale/calender_NextButton' is clicked on&#xD;
&#xD;
2019-11-04 07:37:34 - [MESSAGE][PASSED] - Text of object 'Object Repository/Pages/Sale/link_MonthYear' is: 'March 2028'&#xD;
&#xD;
2019-11-04 07:37:35 - [MESSAGE][PASSED] - Object: 'Object Repository/Pages/Sale/calender_NextButton' is clicked on&#xD;
&#xD;
2019-11-04 07:37:35 - [MESSAGE][PASSED] - Text of object 'Object Repository/Pages/Sale/link_MonthYear' is: 'April 2028'&#xD;
&#xD;
2019-11-04 07:37:35 - [MESSAGE][PASSED] - Object: 'Object Repository/Pages/Sale/calender_NextButton' is clicked on&#xD;
&#xD;
2019-11-04 07:37:35 - [MESSAGE][PASSED] - Text of object 'Object Repository/Pages/Sale/link_MonthYear' is: 'May 2028'&#xD;
&#xD;
2019-11-04 07:37:35 - [MESSAGE][PASSED] - Object: 'Object Repository/Pages/Sale/calender_NextButton' is clicked on&#xD;
&#xD;
2019-11-04 07:37:35 - [MESSAGE][PASSED] - Text of object 'Object Repository/Pages/Sale/link_MonthYear' is: 'June 2028'&#xD;
&#xD;
2019-11-04 07:37:35 - [MESSAGE][PASSED] - Object: 'Object Repository/Pages/Sale/calender_NextButton' is clicked on&#xD;
&#xD;
2019-11-04 07:37:35 - [MESSAGE][PASSED] - Text of object 'Object Repository/Pages/Sale/link_MonthYear' is: 'July 2028'&#xD;
&#xD;
2019-11-04 07:37:36 - [MESSAGE][PASSED] - Object: 'Object Repository/Pages/Sale/calender_NextButton' is clicked on&#xD;
&#xD;
2019-11-04 07:37:36 - [MESSAGE][PASSED] - Text of object 'Object Repository/Pages/Sale/link_MonthYear' is: 'August 2028'&#xD;
&#xD;
2019-11-04 07:37:36 - [MESSAGE][PASSED] - Object: 'Object Repository/Pages/Sale/calender_NextButton' is clicked on&#xD;
&#xD;
2019-11-04 07:37:36 - [MESSAGE][PASSED] - Text of object 'Object Repository/Pages/Sale/link_MonthYear' is: 'September 2028'&#xD;
&#xD;
2019-11-04 07:37:36 - [MESSAGE][PASSED] - Object: 'Object Repository/Pages/Sale/calender_NextButton' is clicked on&#xD;
&#xD;
2019-11-04 07:37:36 - [MESSAGE][PASSED] - Text of object 'Object Repository/Pages/Sale/link_MonthYear' is: 'October 2028'&#xD;
&#xD;
2019-11-04 07:37:36 - [MESSAGE][PASSED] - Object: 'Object Repository/Pages/Sale/calender_NextButton' is clicked on&#xD;
&#xD;
2019-11-04 07:37:36 - [MESSAGE][PASSED] - Text of object 'Object Repository/Pages/Sale/link_MonthYear' is: 'November 2028'&#xD;
&#xD;
2019-11-04 07:37:37 - [MESSAGE][PASSED] - Object: 'Object Repository/Pages/Sale/calender_NextButton' is clicked on&#xD;
&#xD;
2019-11-04 07:37:37 - [MESSAGE][PASSED] - Text of object 'Object Repository/Pages/Sale/link_MonthYear' is: 'December 2028'&#xD;
&#xD;
2019-11-04 07:37:37 - [MESSAGE][PASSED] - Object: 'Object Repository/Pages/Sale/calender_NextButton' is clicked on&#xD;
&#xD;
2019-11-04 07:37:37 - [MESSAGE][PASSED] - Text of object 'Object Repository/Pages/Sale/link_MonthYear' is: 'January 2029'&#xD;
&#xD;
2019-11-04 07:37:37 - [MESSAGE][PASSED] - Object: 'Object Repository/Pages/Sale/calender_NextButton' is clicked on&#xD;
&#xD;
2019-11-04 07:37:37 - [MESSAGE][PASSED] - Text of object 'Object Repository/Pages/Sale/link_MonthYear' is: 'February 2029'&#xD;
&#xD;
2019-11-04 07:37:38 - [MESSAGE][PASSED] - Object: 'Object Repository/Pages/Sale/calender_NextButton' is clicked on&#xD;
&#xD;
2019-11-04 07:37:38 - [MESSAGE][PASSED] - Text of object 'Object Repository/Pages/Sale/link_MonthYear' is: 'March 2029'&#xD;
&#xD;
2019-11-04 07:37:38 - [MESSAGE][PASSED] - Object: 'Object Repository/Pages/Sale/calender_NextButton' is clicked on&#xD;
&#xD;
2019-11-04 07:37:38 - [MESSAGE][PASSED] - Text of object 'Object Repository/Pages/Sale/link_MonthYear' is: 'April 2029'&#xD;
&#xD;
2019-11-04 07:37:38 - [MESSAGE][PASSED] - Object: 'Object Repository/Pages/Sale/calender_NextButton' is clicked on&#xD;
&#xD;
2019-11-04 07:37:38 - [MESSAGE][PASSED] - Text of object 'Object Repository/Pages/Sale/link_MonthYear' is: 'May 2029'&#xD;
&#xD;
2019-11-04 07:37:38 - [MESSAGE][PASSED] - Object: 'Object Repository/Pages/Sale/calender_NextButton' is clicked on&#xD;
&#xD;
2019-11-04 07:37:38 - [MESSAGE][PASSED] - Text of object 'Object Repository/Pages/Sale/link_MonthYear' is: 'June 2029'&#xD;
&#xD;
2019-11-04 07:37:39 - [MESSAGE][PASSED] - Object: 'Object Repository/Pages/Sale/calender_NextButton' is clicked on&#xD;
&#xD;
2019-11-04 07:37:39 - [MESSAGE][PASSED] - Text of object 'Object Repository/Pages/Sale/link_MonthYear' is: 'July 2029'&#xD;
&#xD;
2019-11-04 07:37:39 - [MESSAGE][PASSED] - Object: 'Object Repository/Pages/Sale/calender_NextButton' is clicked on&#xD;
&#xD;
2019-11-04 07:37:39 - [MESSAGE][PASSED] - Text of object 'Object Repository/Pages/Sale/link_MonthYear' is: 'August 2029'&#xD;
&#xD;
2019-11-04 07:37:39 - [MESSAGE][PASSED] - Object: 'Object Repository/Pages/Sale/calender_NextButton' is clicked on&#xD;
&#xD;
2019-11-04 07:37:39 - [MESSAGE][PASSED] - Text of object 'Object Repository/Pages/Sale/link_MonthYear' is: 'September 2029'&#xD;
&#xD;
2019-11-04 07:37:39 - [MESSAGE][PASSED] - Object: 'Object Repository/Pages/Sale/calender_NextButton' is clicked on&#xD;
&#xD;
2019-11-04 07:37:39 - [MESSAGE][PASSED] - Text of object 'Object Repository/Pages/Sale/link_MonthYear' is: 'October 2029'&#xD;
&#xD;
2019-11-04 07:37:40 - [MESSAGE][PASSED] - Object: 'Object Repository/Pages/Sale/calender_NextButton' is clicked on&#xD;
&#xD;
2019-11-04 07:37:40 - [MESSAGE][PASSED] - Text of object 'Object Repository/Pages/Sale/link_MonthYear' is: 'November 2029'&#xD;
&#xD;
2019-11-04 07:37:40 - [MESSAGE][PASSED] - Object: 'Object Repository/Pages/Sale/calender_NextButton' is clicked on&#xD;
&#xD;
2019-11-04 07:37:40 - [MESSAGE][PASSED] - Text of object 'Object Repository/Pages/Sale/link_MonthYear' is: 'December 2029'&#xD;
&#xD;
2019-11-04 07:37:40 - [MESSAGE][PASSED] - Object: 'Object Repository/Pages/Sale/calender_NextButton' is clicked on&#xD;
&#xD;
2019-11-04 07:37:40 - [MESSAGE][PASSED] - Text of object 'Object Repository/Pages/Sale/link_MonthYear' is: 'January 2030'&#xD;
&#xD;
2019-11-04 07:37:41 - [MESSAGE][PASSED] - Object: 'Object Repository/Pages/Sale/calender_NextButton' is clicked on&#xD;
&#xD;
2019-11-04 07:37:41 - [MESSAGE][PASSED] - Text of object 'Object Repository/Pages/Sale/link_MonthYear' is: 'February 2030'&#xD;
&#xD;
2019-11-04 07:37:41 - [MESSAGE][PASSED] - Object: 'Object Repository/Pages/Sale/calender_NextButton' is clicked on&#xD;
&#xD;
2019-11-04 07:37:41 - [MESSAGE][PASSED] - Text of object 'Object Repository/Pages/Sale/link_MonthYear' is: 'March 2030'&#xD;
&#xD;
2019-11-04 07:37:41 - [MESSAGE][PASSED] - Object: 'Object Repository/Pages/Sale/calender_NextButton' is clicked on&#xD;
&#xD;
2019-11-04 07:37:41 - [MESSAGE][PASSED] - Text of object 'Object Repository/Pages/Sale/link_MonthYear' is: 'April 2030'&#xD;
&#xD;
2019-11-04 07:37:41 - [MESSAGE][PASSED] - Object: 'Object Repository/Pages/Sale/calender_NextButton' is clicked on&#xD;
&#xD;
2019-11-04 07:37:41 - [MESSAGE][PASSED] - Text of object 'Object Repository/Pages/Sale/link_MonthYear' is: 'May 2030'&#xD;
&#xD;
2019-11-04 07:37:42 - [MESSAGE][PASSED] - Object: 'Object Repository/Pages/Sale/calender_NextButton' is clicked on&#xD;
&#xD;
2019-11-04 07:37:42 - [MESSAGE][PASSED] - Text of object 'Object Repository/Pages/Sale/link_MonthYear' is: 'June 2030'&#xD;
&#xD;
2019-11-04 07:37:42 - [MESSAGE][PASSED] - Object: 'Object Repository/Pages/Sale/calender_NextButton' is clicked on&#xD;
&#xD;
2019-11-04 07:37:42 - [MESSAGE][PASSED] - Text of object 'Object Repository/Pages/Sale/link_MonthYear' is: 'July 2030'&#xD;
&#xD;
2019-11-04 07:37:42 - [MESSAGE][PASSED] - Object: 'Object Repository/Pages/Sale/calender_NextButton' is clicked on&#xD;
&#xD;
2019-11-04 07:37:42 - [MESSAGE][PASSED] - Text of object 'Object Repository/Pages/Sale/link_MonthYear' is: 'August 2030'&#xD;
&#xD;
2019-11-04 07:37:42 - [MESSAGE][PASSED] - Object: 'Object Repository/Pages/Sale/calender_NextButton' is clicked on&#xD;
&#xD;
2019-11-04 07:37:42 - [MESSAGE][PASSED] - Text of object 'Object Repository/Pages/Sale/link_MonthYear' is: 'September 2030'&#xD;
&#xD;
2019-11-04 07:37:43 - [MESSAGE][PASSED] - Object: 'Object Repository/Pages/Sale/calender_NextButton' is clicked on&#xD;
&#xD;
2019-11-04 07:37:43 - [MESSAGE][PASSED] - Text of object 'Object Repository/Pages/Sale/link_MonthYear' is: 'October 2030'&#xD;
&#xD;
2019-11-04 07:37:43 - [MESSAGE][PASSED] - Object: 'Object Repository/Pages/Sale/calender_NextButton' is clicked on&#xD;
&#xD;
2019-11-04 07:37:43 - [MESSAGE][PASSED] - Text of object 'Object Repository/Pages/Sale/link_MonthYear' is: 'November 2030'&#xD;
&#xD;
2019-11-04 07:37:43 - [MESSAGE][PASSED] - Object: 'Object Repository/Pages/Sale/calender_NextButton' is clicked on&#xD;
&#xD;
2019-11-04 07:37:43 - [MESSAGE][PASSED] - Text of object 'Object Repository/Pages/Sale/link_MonthYear' is: 'December 2030'&#xD;
&#xD;
2019-11-04 07:37:43 - [MESSAGE][PASSED] - Object: 'Object Repository/Pages/Sale/calender_NextButton' is clicked on&#xD;
&#xD;
2019-11-04 07:37:43 - [MESSAGE][PASSED] - Text of object 'Object Repository/Pages/Sale/link_MonthYear' is: 'January 2031'&#xD;
&#xD;
2019-11-04 07:37:44 - [MESSAGE][PASSED] - Object: 'Object Repository/Pages/Sale/calender_NextButton' is clicked on&#xD;
&#xD;
2019-11-04 07:37:44 - [MESSAGE][PASSED] - Text of object 'Object Repository/Pages/Sale/link_MonthYear' is: 'February 2031'&#xD;
&#xD;
2019-11-04 07:37:44 - [MESSAGE][PASSED] - Object: 'Object Repository/Pages/Sale/calender_NextButton' is clicked on&#xD;
&#xD;
2019-11-04 07:37:44 - [MESSAGE][PASSED] - Text of object 'Object Repository/Pages/Sale/link_MonthYear' is: 'March 2031'&#xD;
&#xD;
2019-11-04 07:37:44 - [MESSAGE][PASSED] - Object: 'Object Repository/Pages/Sale/calender_NextButton' is clicked on&#xD;
&#xD;
2019-11-04 07:37:44 - [MESSAGE][PASSED] - Text of object 'Object Repository/Pages/Sale/link_MonthYear' is: 'April 2031'&#xD;
&#xD;
2019-11-04 07:37:45 - [MESSAGE][PASSED] - Object: 'Object Repository/Pages/Sale/calender_NextButton' is clicked on&#xD;
&#xD;
2019-11-04 07:37:45 - [MESSAGE][PASSED] - Text of object 'Object Repository/Pages/Sale/link_MonthYear' is: 'May 2031'&#xD;
&#xD;
2019-11-04 07:37:45 - [MESSAGE][PASSED] - Object: 'Object Repository/Pages/Sale/calender_NextButton' is clicked on&#xD;
&#xD;
2019-11-04 07:37:45 - [MESSAGE][PASSED] - Text of object 'Object Repository/Pages/Sale/link_MonthYear' is: 'June 2031'&#xD;
&#xD;
2019-11-04 07:37:45 - [MESSAGE][PASSED] - Object: 'Object Repository/Pages/Sale/calender_NextButton' is clicked on&#xD;
&#xD;
2019-11-04 07:37:45 - [MESSAGE][PASSED] - Text of object 'Object Repository/Pages/Sale/link_MonthYear' is: 'July 2031'&#xD;
&#xD;
2019-11-04 07:37:45 - [MESSAGE][PASSED] - Object: 'Object Repository/Pages/Sale/calender_NextButton' is clicked on&#xD;
&#xD;
2019-11-04 07:37:45 - [MESSAGE][PASSED] - Text of object 'Object Repository/Pages/Sale/link_MonthYear' is: 'August 2031'&#xD;
&#xD;
2019-11-04 07:37:46 - [MESSAGE][PASSED] - Object: 'Object Repository/Pages/Sale/calender_NextButton' is clicked on&#xD;
&#xD;
2019-11-04 07:37:46 - [MESSAGE][PASSED] - Text of object 'Object Repository/Pages/Sale/link_MonthYear' is: 'September 2031'&#xD;
&#xD;
2019-11-04 07:37:46 - [MESSAGE][PASSED] - Object: 'Object Repository/Pages/Sale/calender_NextButton' is clicked on&#xD;
&#xD;
2019-11-04 07:37:46 - [MESSAGE][PASSED] - Text of object 'Object Repository/Pages/Sale/link_MonthYear' is: 'October 2031'&#xD;
&#xD;
2019-11-04 07:37:46 - [MESSAGE][PASSED] - Object: 'Object Repository/Pages/Sale/calender_NextButton' is clicked on&#xD;
&#xD;
2019-11-04 07:37:46 - [MESSAGE][PASSED] - Text of object 'Object Repository/Pages/Sale/link_MonthYear' is: 'November 2031'&#xD;
&#xD;
2019-11-04 07:37:47 - [MESSAGE][PASSED] - Object: 'Object Repository/Pages/Sale/calender_NextButton' is clicked on&#xD;
&#xD;
2019-11-04 07:37:47 - [MESSAGE][PASSED] - Text of object 'Object Repository/Pages/Sale/link_MonthYear' is: 'December 2031'&#xD;
&#xD;
2019-11-04 07:37:47 - [MESSAGE][PASSED] - Object: 'Object Repository/Pages/Sale/calender_NextButton' is clicked on&#xD;
&#xD;
2019-11-04 07:37:47 - [MESSAGE][PASSED] - Text of object 'Object Repository/Pages/Sale/link_MonthYear' is: 'January 2032'&#xD;
&#xD;
2019-11-04 07:37:47 - [MESSAGE][PASSED] - Object: 'Object Repository/Pages/Sale/calender_NextButton' is clicked on&#xD;
&#xD;
2019-11-04 07:37:47 - [MESSAGE][PASSED] - Text of object 'Object Repository/Pages/Sale/link_MonthYear' is: 'February 2032'&#xD;
&#xD;
2019-11-04 07:37:48 - [MESSAGE][PASSED] - Object: 'Object Repository/Pages/Sale/calender_NextButton' is clicked on&#xD;
&#xD;
2019-11-04 07:37:48 - [MESSAGE][PASSED] - Text of object 'Object Repository/Pages/Sale/link_MonthYear' is: 'March 2032'&#xD;
&#xD;
2019-11-04 07:37:48 - [MESSAGE][PASSED] - Object: 'Object Repository/Pages/Sale/calender_NextButton' is clicked on&#xD;
&#xD;
2019-11-04 07:37:48 - [MESSAGE][PASSED] - Text of object 'Object Repository/Pages/Sale/link_MonthYear' is: 'April 2032'&#xD;
&#xD;
2019-11-04 07:37:48 - [MESSAGE][PASSED] - Object: 'Object Repository/Pages/Sale/calender_NextButton' is clicked on&#xD;
&#xD;
2019-11-04 07:37:48 - [MESSAGE][PASSED] - Text of object 'Object Repository/Pages/Sale/link_MonthYear' is: 'May 2032'&#xD;
&#xD;
2019-11-04 07:37:49 - [MESSAGE][PASSED] - Object: 'Object Repository/Pages/Sale/calender_NextButton' is clicked on&#xD;
&#xD;
2019-11-04 07:37:49 - [MESSAGE][PASSED] - Text of object 'Object Repository/Pages/Sale/link_MonthYear' is: 'June 2032'&#xD;
&#xD;
2019-11-04 07:37:49 - [MESSAGE][PASSED] - Object: 'Object Repository/Pages/Sale/calender_NextButton' is clicked on&#xD;
&#xD;
2019-11-04 07:37:49 - [MESSAGE][PASSED] - Text of object 'Object Repository/Pages/Sale/link_MonthYear' is: 'July 2032'&#xD;
&#xD;
2019-11-04 07:37:49 - [MESSAGE][PASSED] - Object: 'Object Repository/Pages/Sale/calender_NextButton' is clicked on&#xD;
&#xD;
2019-11-04 07:37:49 - [MESSAGE][PASSED] - Text of object 'Object Repository/Pages/Sale/link_MonthYear' is: 'August 2032'&#xD;
&#xD;
2019-11-04 07:37:49 - [MESSAGE][PASSED] - Object: 'Object Repository/Pages/Sale/calender_NextButton' is clicked on&#xD;
&#xD;
2019-11-04 07:37:49 - [MESSAGE][PASSED] - Text of object 'Object Repository/Pages/Sale/link_MonthYear' is: 'September 2032'&#xD;
&#xD;
2019-11-04 07:37:49 - [MESSAGE][PASSED] - pages.Sale.selectMonthYear is PASSED&#xD;
&#xD;
2019-11-04 07:37:49 - [TEST_STEP][PASSED] - pages.Sale.selectDate(start_date_Value): pages.Sale.selectDate is PASSED&#xD;
&#xD;
2019-11-04 07:37:50 - [MESSAGE][PASSED] - Object: '' is clicked on&#xD;
&#xD;
2019-11-04 07:37:50 - [MESSAGE][PASSED] - pages.Sale.selectDate is PASSED&#xD;
&#xD;
2019-11-04 07:37:50 - [TEST_STEP][PASSED] - utilities.SafeActions.safeClickwithScroll(findTestObject("Pages/FirstPayVault/button_Checkout"), "Click on Checkout", [delayBetweenTestSteps]): utilities.SafeActions.safeClickwithScroll is PASSED&#xD;
&#xD;
2019-11-04 07:37:50 - [MESSAGE][PASSED] - Object 'Object Repository/Pages/FirstPayVault/button_Checkout' is present&#xD;
&#xD;
2019-11-04 07:37:50 - [MESSAGE][PASSED] - Object 'Object Repository/Pages/FirstPayVault/button_Checkout' is visible&#xD;
&#xD;
2019-11-04 07:37:50 - [MESSAGE][INFO] - 1stPayVault_TestSuite.ts:waiting until Click on Checkout is Clickable&#xD;
&#xD;
2019-11-04 07:37:50 - [MESSAGE][PASSED] - Object 'Object Repository/Pages/FirstPayVault/button_Checkout' is clickable&#xD;
&#xD;
2019-11-04 07:37:50 - [MESSAGE][PASSED] - Object 'Object Repository/Pages/FirstPayVault/button_Checkout' is visible&#xD;
&#xD;
2019-11-04 07:37:51 - [MESSAGE][PASSED] - Object: 'Object Repository/Pages/FirstPayVault/button_Checkout' is clicked on&#xD;
&#xD;
2019-11-04 07:37:51 - [MESSAGE][INFO] - 1stPayVault_TestSuite.ts: Clicked on the Click on Checkout&#xD;
&#xD;
2019-11-04 07:37:51 - [MESSAGE][PASSED] - utilities.SafeActions.safeClickwithScroll is PASSED&#xD;
&#xD;
2019-11-04 07:37:51 - [TEST_STEP][PASSED] - pages.Sale.verifyTransactionCompletePage(findTestObject("Pages/Sale/heading_TransactionComplete")): The screen is Transaction Complete screen&#xD;
&#xD;
2019-11-04 07:37:51 - [MESSAGE][PASSED] - Object 'Object Repository/Pages/Sale/heading_TransactionComplete' is present&#xD;
&#xD;
2019-11-04 07:37:52 - [MESSAGE][PASSED] - The screen is Transaction Complete screen&#xD;
&#xD;
2019-11-04 07:37:52 - [TEST_STEP][PASSED] - delay(2): Delayed 2 second(s)&#xD;
&#xD;
2019-11-04 07:37:54 - [MESSAGE][PASSED] - Delayed 2 second(s)&#xD;
&#xD;
2019-11-04 07:37:54 - [TEST_STEP][PASSED] - total_Amount = utilities.SafeActions.safeGetText(findTestObject("Pages/Refund/totalAmount"), delayForElement): utilities.SafeActions.safeGetText is PASSED&#xD;
&#xD;
2019-11-04 07:37:54 - [MESSAGE][PASSED] - Object 'Object Repository/Pages/Refund/totalAmount' is present&#xD;
&#xD;
2019-11-04 07:37:54 - [MESSAGE][PASSED] - Scroll to object 'Object Repository/Pages/Refund/totalAmount' successfully&#xD;
&#xD;
2019-11-04 07:37:54 - [MESSAGE][PASSED] - Object 'Object Repository/Pages/Refund/totalAmount' is present&#xD;
&#xD;
2019-11-04 07:37:54 - [MESSAGE][PASSED] - Text of object 'Object Repository/Pages/Refund/totalAmount' is: '$487.13'&#xD;
&#xD;
2019-11-04 07:37:54 - [MESSAGE][PASSED] - utilities.SafeActions.safeGetText is PASSED&#xD;
&#xD;
2019-11-04 07:37:54 - [TEST_STEP][PASSED] - invoiceNumber = utilities.SafeActions.safeGetText(findTestObject("Pages/Refund/invoiceNumber"), delayForElement): utilities.SafeActions.safeGetText is PASSED&#xD;
&#xD;
2019-11-04 07:37:54 - [MESSAGE][PASSED] - Object 'Object Repository/Pages/Refund/invoiceNumber' is present&#xD;
&#xD;
2019-11-04 07:37:54 - [MESSAGE][PASSED] - Scroll to object 'Object Repository/Pages/Refund/invoiceNumber' successfully&#xD;
&#xD;
2019-11-04 07:37:54 - [MESSAGE][PASSED] - Object 'Object Repository/Pages/Refund/invoiceNumber' is present&#xD;
&#xD;
2019-11-04 07:37:55 - [MESSAGE][PASSED] - Text of object 'Object Repository/Pages/Refund/invoiceNumber' is: '157285662214220'&#xD;
&#xD;
2019-11-04 07:37:55 - [MESSAGE][PASSED] - utilities.SafeActions.safeGetText is PASSED&#xD;
&#xD;
2019-11-04 07:37:55 - [TEST_STEP][PASSED] - utilities.SafeActions.safeClickwithScroll(findTestObject("Pages/FirstPayVault/button_ReturnToVault_InTransactionComplete"), "Click on Return To Vault", [PageLoadTime]): utilities.SafeActions.safeClickwithScroll is PASSED&#xD;
&#xD;
2019-11-04 07:37:55 - [MESSAGE][PASSED] - Object 'Object Repository/Pages/FirstPayVault/button_ReturnToVault_InTransactionComplete' is present&#xD;
&#xD;
2019-11-04 07:37:55 - [MESSAGE][PASSED] - Object 'Object Repository/Pages/FirstPayVault/button_ReturnToVault_InTransactionComplete' is visible&#xD;
&#xD;
2019-11-04 07:37:55 - [MESSAGE][INFO] - 1stPayVault_TestSuite.ts:waiting until Click on Return To Vault is Clickable&#xD;
&#xD;
2019-11-04 07:37:55 - [MESSAGE][PASSED] - Object 'Object Repository/Pages/FirstPayVault/button_ReturnToVault_InTransactionComplete' is clickable&#xD;
&#xD;
2019-11-04 07:37:55 - [MESSAGE][PASSED] - Object 'Object Repository/Pages/FirstPayVault/button_ReturnToVault_InTransactionComplete' is visible&#xD;
&#xD;
2019-11-04 07:37:56 - [MESSAGE][PASSED] - Object: 'Object Repository/Pages/FirstPayVault/button_ReturnToVault_InTransactionComplete' is clicked on&#xD;
&#xD;
2019-11-04 07:37:56 - [MESSAGE][INFO] - 1stPayVault_TestSuite.ts: Clicked on the Click on Return To Vault&#xD;
&#xD;
2019-11-04 07:37:56 - [MESSAGE][PASSED] - utilities.SafeActions.safeClickwithScroll is PASSED&#xD;
&#xD;
2019-11-04 07:37:56 - [TEST_STEP][PASSED] - println(invoiceNumber): null&#xD;
&#xD;
2019-11-04 07:37:56 - [TEST_STEP][PASSED] - println(total_Amount): null&#xD;
&#xD;
2019-11-04 07:37:56 - [TEST_STEP][PASSED] - utilities.SafeActions.safeClickwithScroll(findTestObject("Pages/Future_Payments/tab_FuturePayments"), "Click on Future Payments Tab", [delayBetweenTestSteps]): utilities.SafeActions.safeClickwithScroll is PASSED&#xD;
&#xD;
2019-11-04 07:37:57 - [MESSAGE][PASSED] - Object 'Object Repository/Pages/Future_Payments/tab_FuturePayments' is present&#xD;
&#xD;
2019-11-04 07:37:57 - [MESSAGE][PASSED] - Object 'Object Repository/Pages/Future_Payments/tab_FuturePayments' is visible&#xD;
&#xD;
2019-11-04 07:37:57 - [MESSAGE][INFO] - 1stPayVault_TestSuite.ts:waiting until Click on Future Payments Tab is Clickable&#xD;
&#xD;
2019-11-04 07:37:57 - [MESSAGE][PASSED] - Object 'Object Repository/Pages/Future_Payments/tab_FuturePayments' is clickable&#xD;
&#xD;
2019-11-04 07:37:57 - [MESSAGE][PASSED] - Object 'Object Repository/Pages/Future_Payments/tab_FuturePayments' is visible&#xD;
&#xD;
2019-11-04 07:37:58 - [MESSAGE][PASSED] - Object: 'Object Repository/Pages/Future_Payments/tab_FuturePayments' is clicked on&#xD;
&#xD;
2019-11-04 07:37:58 - [MESSAGE][INFO] - 1stPayVault_TestSuite.ts: Clicked on the Click on Future Payments Tab&#xD;
&#xD;
2019-11-04 07:37:58 - [MESSAGE][PASSED] - utilities.SafeActions.safeClickwithScroll is PASSED&#xD;
&#xD;
2019-11-04 07:37:58 - [TEST_STEP][PASSED] - utilities.SafeActions.safeClickwithScroll(findTestObject("Pages/Future_Payments/search_Button"), "Search", [delayBetweenTestSteps]): utilities.SafeActions.safeClickwithScroll is PASSED&#xD;
&#xD;
2019-11-04 07:37:58 - [MESSAGE][PASSED] - Object 'Object Repository/Pages/Future_Payments/search_Button' is present&#xD;
&#xD;
2019-11-04 07:37:58 - [MESSAGE][PASSED] - Object 'Object Repository/Pages/Future_Payments/search_Button' is visible&#xD;
&#xD;
2019-11-04 07:37:58 - [MESSAGE][INFO] - 1stPayVault_TestSuite.ts:waiting until Search is Clickable&#xD;
&#xD;
2019-11-04 07:37:58 - [MESSAGE][PASSED] - Object 'Object Repository/Pages/Future_Payments/search_Button' is clickable&#xD;
&#xD;
2019-11-04 07:37:58 - [MESSAGE][PASSED] - Object 'Object Repository/Pages/Future_Payments/search_Button' is visible&#xD;
&#xD;
2019-11-04 07:37:59 - [MESSAGE][PASSED] - Object: 'Object Repository/Pages/Future_Payments/search_Button' is clicked on&#xD;
&#xD;
2019-11-04 07:37:59 - [MESSAGE][INFO] - 1stPayVault_TestSuite.ts: Clicked on the Search&#xD;
&#xD;
2019-11-04 07:37:59 - [MESSAGE][PASSED] - utilities.SafeActions.safeClickwithScroll is PASSED&#xD;
&#xD;
2019-11-04 07:37:59 - [TEST_STEP][PASSED] - scrollToElement(findTestObject("Pages/Future_Payments/invoiceForTransaction"), delayBetweenTestSteps): Scroll to object 'Object Repository/Pages/Future_Payments/invoiceForTransaction' successfully&#xD;
&#xD;
2019-11-04 07:37:59 - [MESSAGE][PASSED] - Scroll to object 'Object Repository/Pages/Future_Payments/invoiceForTransaction' successfully&#xD;
&#xD;
2019-11-04 07:37:59 - [TEST_STEP][PASSED] - pages.Future_Payments.verifyInvoiceRecord(findTestObject("Pages/Future_Payments/footer_NextButton"), findTestObject("Pages/Future_Payments/page_Number"), invoiceNumber, total_Amount): The Transaction is found in page 9&#xD;
&#xD;
2019-11-04 07:38:00 - [MESSAGE][PASSED] - Text of object 'Object Repository/Pages/Future_Payments/page_Number' is: 'Page 1 of 10'&#xD;
&#xD;
2019-11-04 07:38:05 - [MESSAGE][PASSED] - Delayed 5 second(s)&#xD;
&#xD;
2019-11-04 07:38:07 - [MESSAGE][PASSED] - Object: 'Object Repository/Pages/Future_Payments/footer_NextButton' is clicked on&#xD;
&#xD;
2019-11-04 07:38:07 - [MESSAGE][PASSED] - Text of object 'Object Repository/Pages/Future_Payments/page_Number' is: 'Page 2 of 10'&#xD;
&#xD;
2019-11-04 07:38:13 - [MESSAGE][PASSED] - Delayed 5 second(s)&#xD;
&#xD;
2019-11-04 07:38:14 - [MESSAGE][PASSED] - Object: 'Object Repository/Pages/Future_Payments/footer_NextButton' is clicked on&#xD;
&#xD;
2019-11-04 07:38:14 - [MESSAGE][PASSED] - Text of object 'Object Repository/Pages/Future_Payments/page_Number' is: 'Page 3 of 10'&#xD;
&#xD;
2019-11-04 07:38:19 - [MESSAGE][PASSED] - Delayed 5 second(s)&#xD;
&#xD;
2019-11-04 07:38:20 - [MESSAGE][PASSED] - Object: 'Object Repository/Pages/Future_Payments/footer_NextButton' is clicked on&#xD;
&#xD;
2019-11-04 07:38:20 - [MESSAGE][PASSED] - Text of object 'Object Repository/Pages/Future_Payments/page_Number' is: 'Page 4 of 10'&#xD;
&#xD;
2019-11-04 07:38:25 - [MESSAGE][PASSED] - Delayed 5 second(s)&#xD;
&#xD;
2019-11-04 07:38:26 - [MESSAGE][PASSED] - Object: 'Object Repository/Pages/Future_Payments/footer_NextButton' is clicked on&#xD;
&#xD;
2019-11-04 07:38:26 - [MESSAGE][PASSED] - Text of object 'Object Repository/Pages/Future_Payments/page_Number' is: 'Page 5 of 10'&#xD;
&#xD;
2019-11-04 07:38:32 - [MESSAGE][PASSED] - Delayed 5 second(s)&#xD;
&#xD;
2019-11-04 07:38:32 - [MESSAGE][PASSED] - Object: 'Object Repository/Pages/Future_Payments/footer_NextButton' is clicked on&#xD;
&#xD;
2019-11-04 07:38:32 - [MESSAGE][PASSED] - Text of object 'Object Repository/Pages/Future_Payments/page_Number' is: 'Page 6 of 10'&#xD;
&#xD;
2019-11-04 07:38:38 - [MESSAGE][PASSED] - Delayed 5 second(s)&#xD;
&#xD;
2019-11-04 07:38:39 - [MESSAGE][PASSED] - Object: 'Object Repository/Pages/Future_Payments/footer_NextButton' is clicked on&#xD;
&#xD;
2019-11-04 07:38:39 - [MESSAGE][PASSED] - Text of object 'Object Repository/Pages/Future_Payments/page_Number' is: 'Page 7 of 10'&#xD;
&#xD;
2019-11-04 07:38:44 - [MESSAGE][PASSED] - Delayed 5 second(s)&#xD;
&#xD;
2019-11-04 07:38:45 - [MESSAGE][PASSED] - Object: 'Object Repository/Pages/Future_Payments/footer_NextButton' is clicked on&#xD;
&#xD;
2019-11-04 07:38:45 - [MESSAGE][PASSED] - Text of object 'Object Repository/Pages/Future_Payments/page_Number' is: 'Page 8 of 10'&#xD;
&#xD;
2019-11-04 07:38:50 - [MESSAGE][PASSED] - Delayed 5 second(s)&#xD;
&#xD;
2019-11-04 07:38:51 - [MESSAGE][PASSED] - Object: 'Object Repository/Pages/Future_Payments/footer_NextButton' is clicked on&#xD;
&#xD;
2019-11-04 07:38:51 - [MESSAGE][PASSED] - Text of object 'Object Repository/Pages/Future_Payments/page_Number' is: 'Page 9 of 10'&#xD;
&#xD;
2019-11-04 07:38:52 - [MESSAGE][PASSED] - The Transaction is found in page 9&#xD;
&#xD;
2019-11-04 07:38:52 - [TEST_STEP][PASSED] - closeBrowser(): Browser is closed&#xD;
&#xD;
2019-11-04 07:38:54 - [MESSAGE][PASSED] - Browser is closed&#xD;
&#xD;
2019-11-04 07:38:54 - [TEST_STEP][PASSED] - Start listener action : sampleAfterTestCase: null&#xD;
&#xD;
2019-11-04 07:38:54 - [TEST_STEP][PASSED] - println(testCaseContext.getTestCaseId()): null&#xD;
&#xD;
2019-11-04 07:38:54 - [TEST_STEP][PASSED] - println(testCaseContext.getTestCaseStatus()): null&#xD;
&#xD;
2019-11-04 07:38:54 - [TEST_STEP][PASSED] - testCaseName = testCaseContext.getTestCaseId(): null&#xD;
&#xD;
2019-11-04 07:38:54 - [TEST_STEP][PASSED] - strCount = testCaseName.lastIndexOf("/"): null&#xD;
&#xD;
2019-11-04 07:38:54 - [TEST_STEP][PASSED] - testCaseName = testCaseName.substring(strCount): null&#xD;
&#xD;
2019-11-04 07:38:54 - [TEST_STEP][PASSED] - println(testCaseName): null&#xD;
&#xD;
2019-11-04 07:38:54 - [TEST_STEP][PASSED] - if (getTestCaseStatus().equalsIgnoreCase("Error")): null&#xD;
&#xD;
2019-11-04 07:38:54 - [TEST_STEP][PASSED] - Start listener action : sampleAfterTestCase: null</system-out>
            <system-err></system-err>
        </testcase>
        <testcase name="Test Cases/FirstView/FirstPayVault/VPOS_1stPayVault_Search_Vault_By_Date_Retail" classname="Test Cases/FirstView/FirstPayVault/VPOS_1stPayVault_Search_Vault_By_Date_Retail" status="PASSED">
            <system-out>2019-11-04 07:38:54 - [TEST_CASE][PASSED] - Test Cases/FirstView/FirstPayVault/VPOS_1stPayVault_Search_Vault_By_Date_Retail: Test Cases/FirstView/FirstPayVault/VPOS_1stPayVault_Search_Vault_By_Date_Retail&#xD;
&#xD;
2019-11-04 07:38:54 - [TEST_STEP][PASSED] - Start listener action : sampleBeforeTestCase: null&#xD;
&#xD;
2019-11-04 07:38:54 - [TEST_STEP][PASSED] - println(testCaseContext.getTestCaseId()): null&#xD;
&#xD;
2019-11-04 07:38:54 - [TEST_STEP][PASSED] - println(testCaseContext.getTestCaseVariables()): null&#xD;
&#xD;
2019-11-04 07:38:54 - [TEST_STEP][PASSED] - dateList = []: null&#xD;
&#xD;
2019-11-04 07:38:54 - [TEST_STEP][PASSED] - utilities.SafeActions.openBrowser(URL, [PageLoadTime]): utilities.SafeActions.openBrowser is PASSED&#xD;
&#xD;
2019-11-04 07:38:54 - [MESSAGE][INFO] - Opening Browser&#xD;
&#xD;
2019-11-04 07:38:54 - [MESSAGE][INFO] - Starting 'Firefox' driver&#xD;
&#xD;
2019-11-04 07:39:01 - [MESSAGE][PASSED] - Browser is opened with url: 'https://q-www-firstview-net.faps.net/MVC/Account/Login'&#xD;
&#xD;
2019-11-04 07:39:01 - [MESSAGE][PASSED] - Current window maximized&#xD;
&#xD;
2019-11-04 07:39:01 - [MESSAGE][INFO] - Browser Launched Successfully&#xD;
&#xD;
2019-11-04 07:39:01 - [MESSAGE][PASSED] - utilities.SafeActions.openBrowser is PASSED&#xD;
&#xD;
2019-11-04 07:39:01 - [TEST_STEP][PASSED] - pages.Login.login(uName, password): pages.Login.login is PASSED&#xD;
&#xD;
2019-11-04 07:39:01 - [MESSAGE][PASSED] - Object 'Object Repository/Pages/Login/userName' is present&#xD;
&#xD;
2019-11-04 07:39:01 - [MESSAGE][PASSED] - Object 'Object Repository/Pages/Login/userName' is present&#xD;
&#xD;
2019-11-04 07:39:02 - [MESSAGE][PASSED] - Object: 'Object Repository/Pages/Login/userName' is clicked on&#xD;
&#xD;
2019-11-04 07:39:02 - [MESSAGE][PASSED] - Text 'ZenQRetail' is set on object 'Object Repository/Pages/Login/userName'&#xD;
&#xD;
2019-11-04 07:39:02 - [MESSAGE][PASSED] - Object 'Object Repository/Pages/Login/password' is present&#xD;
&#xD;
2019-11-04 07:39:02 - [MESSAGE][PASSED] - Object 'Object Repository/Pages/Login/password' is present&#xD;
&#xD;
2019-11-04 07:39:03 - [MESSAGE][PASSED] - Object: 'Object Repository/Pages/Login/password' is clicked on&#xD;
&#xD;
2019-11-04 07:39:03 - [MESSAGE][PASSED] - Text 'P@ssword1' is set on object 'Object Repository/Pages/Login/password'&#xD;
&#xD;
2019-11-04 07:39:03 - [MESSAGE][INFO] - Safe Click Without scroll&#xD;
&#xD;
2019-11-04 07:39:03 - [MESSAGE][INFO] - 1stPayVault_TestSuite.ts:waiting until Click on Login is Clickable&#xD;
&#xD;
2019-11-04 07:39:03 - [MESSAGE][PASSED] - Object 'Object Repository/Pages/Login/login' is clickable&#xD;
&#xD;
2019-11-04 07:39:03 - [MESSAGE][PASSED] - Object 'Object Repository/Pages/Login/login' is visible&#xD;
&#xD;
2019-11-04 07:39:05 - [MESSAGE][PASSED] - Object: 'Object Repository/Pages/Login/login' is clicked on&#xD;
&#xD;
2019-11-04 07:39:05 - [MESSAGE][INFO] - 1stPayVault_TestSuite.ts: click on the Click on Login&#xD;
&#xD;
2019-11-04 07:39:05 - [MESSAGE][PASSED] - pages.Login.login is PASSED&#xD;
&#xD;
2019-11-04 07:39:05 - [TEST_STEP][PASSED] - callTestCase(findTestCase("FirstView/Login/TC_SendCode"), [:], STOP_ON_FAILURE): Call Test Case 'Test Cases/FirstView/Login/TC_SendCode' successfully&#xD;
&#xD;
2019-11-04 07:39:05 - [TEST_CASE][PASSED] - Test Cases/FirstView/Login/TC_SendCode: Test Cases/FirstView/Login/TC_SendCode&#xD;
&#xD;
2019-11-04 07:39:05 - [TEST_STEP][PASSED] - flag = pages.SendCode.verifyPage(): pages.SendCode.verifyPage is PASSED&#xD;
&#xD;
2019-11-04 07:39:06 - [MESSAGE][PASSED] - Object 'Object Repository/Pages/SendCodeToValidate/header_SendCodeToValidate' is present and visible in viewport&#xD;
&#xD;
2019-11-04 07:39:06 - [MESSAGE][PASSED] - pages.SendCode.verifyPage is PASSED&#xD;
&#xD;
2019-11-04 07:39:06 - [TEST_STEP][PASSED] - if (flag): pages.SendCode.clickonUserSettings is PASSED&#xD;
&#xD;
2019-11-04 07:39:06 - [TEST_STEP][PASSED] - pages.SendCode.clickonUserSettings(): pages.SendCode.clickonUserSettings is PASSED&#xD;
&#xD;
2019-11-04 07:39:06 - [MESSAGE][PASSED] - Object 'Object Repository/Pages/SendCodeToValidate/link_UserSettings' is present&#xD;
&#xD;
2019-11-04 07:39:06 - [MESSAGE][PASSED] - Object 'Object Repository/Pages/SendCodeToValidate/link_UserSettings' is visible&#xD;
&#xD;
2019-11-04 07:39:06 - [MESSAGE][INFO] - 1stPayVault_TestSuite.ts:waiting until Click on User Settings is Clickable&#xD;
&#xD;
2019-11-04 07:39:06 - [MESSAGE][PASSED] - Object 'Object Repository/Pages/SendCodeToValidate/link_UserSettings' is clickable&#xD;
&#xD;
2019-11-04 07:39:06 - [MESSAGE][PASSED] - Object 'Object Repository/Pages/SendCodeToValidate/link_UserSettings' is visible&#xD;
&#xD;
2019-11-04 07:39:08 - [MESSAGE][PASSED] - Object: 'Object Repository/Pages/SendCodeToValidate/link_UserSettings' is clicked on&#xD;
&#xD;
2019-11-04 07:39:08 - [MESSAGE][INFO] - 1stPayVault_TestSuite.ts: Clicked on the Click on User Settings&#xD;
&#xD;
2019-11-04 07:39:08 - [MESSAGE][PASSED] - pages.SendCode.clickonUserSettings is PASSED&#xD;
&#xD;
2019-11-04 07:39:08 - [MESSAGE][PASSED] - Call Test Case 'Test Cases/FirstView/Login/TC_SendCode' successfully&#xD;
&#xD;
2019-11-04 07:39:08 - [TEST_STEP][PASSED] - callTestCase(findTestCase("FirstView/Login/TC_FirstView"), [:], STOP_ON_FAILURE): Call Test Case 'Test Cases/FirstView/Login/TC_FirstView' successfully&#xD;
&#xD;
2019-11-04 07:39:08 - [TEST_CASE][PASSED] - Test Cases/FirstView/Login/TC_FirstView: Test Cases/FirstView/Login/TC_FirstView&#xD;
&#xD;
2019-11-04 07:39:08 - [TEST_STEP][NOT_RUN] - utilities.SafeActions.safeClickWithoutScroll(findTestObject("Pages/FirstView/link_Home"), "Click on Home button in First View screen", [PageLoadTime]): NOT_RUN: utilities.SafeActions.safeClickWithoutScroll(findTestObject("Pages/FirstView/link_Home"), "Click on Home button in First View screen", [PageLoadTime])&#xD;
&#xD;
2019-11-04 07:39:08 - [MESSAGE][NOT_RUN] - NOT_RUN: utilities.SafeActions.safeClickWithoutScroll(findTestObject("Pages/FirstView/link_Home"), "Click on Home button in First View screen", [PageLoadTime])&#xD;
&#xD;
2019-11-04 07:39:08 - [TEST_STEP][PASSED] - delay(3): Delayed 3 second(s)&#xD;
&#xD;
2019-11-04 07:39:11 - [MESSAGE][PASSED] - Delayed 3 second(s)&#xD;
&#xD;
2019-11-04 07:39:11 - [TEST_STEP][PASSED] - utilities.SafeActions.javascriptclick(findTestObject("Pages/FirstView/link_Home"), delayForElement): utilities.SafeActions.javascriptclick is PASSED&#xD;
&#xD;
2019-11-04 07:39:11 - [MESSAGE][PASSED] - utilities.SafeActions.javascriptclick is PASSED&#xD;
&#xD;
2019-11-04 07:39:11 - [TEST_STEP][PASSED] - utilities.SafeActions.safeClickWithoutScroll(findTestObject("Pages/FirstView/link_VPOS"), "Click on VPOS button in First View screen", [PageLoadTime]): utilities.SafeActions.safeClickWithoutScroll is PASSED&#xD;
&#xD;
2019-11-04 07:39:11 - [MESSAGE][INFO] - Safe Click Without scroll&#xD;
&#xD;
2019-11-04 07:39:11 - [MESSAGE][INFO] - 1stPayVault_TestSuite.ts:waiting until Click on VPOS button in First View screen is Clickable&#xD;
&#xD;
2019-11-04 07:39:12 - [MESSAGE][PASSED] - Object 'Object Repository/Pages/FirstView/link_VPOS' is clickable&#xD;
&#xD;
2019-11-04 07:39:12 - [MESSAGE][PASSED] - Object 'Object Repository/Pages/FirstView/link_VPOS' is visible&#xD;
&#xD;
2019-11-04 07:39:13 - [MESSAGE][PASSED] - Object: 'Object Repository/Pages/FirstView/link_VPOS' is clicked on&#xD;
&#xD;
2019-11-04 07:39:13 - [MESSAGE][INFO] - 1stPayVault_TestSuite.ts: click on the Click on VPOS button in First View screen&#xD;
&#xD;
2019-11-04 07:39:13 - [MESSAGE][PASSED] - utilities.SafeActions.safeClickWithoutScroll is PASSED&#xD;
&#xD;
2019-11-04 07:39:13 - [MESSAGE][PASSED] - Call Test Case 'Test Cases/FirstView/Login/TC_FirstView' successfully&#xD;
&#xD;
2019-11-04 07:39:13 - [TEST_STEP][PASSED] - switchToWindowTitle("Transcenter - VPOS"): Switched to window with title: 'Transcenter - VPOS'&#xD;
&#xD;
2019-11-04 07:39:18 - [MESSAGE][PASSED] - Switched to window with title: 'Transcenter - VPOS'&#xD;
&#xD;
2019-11-04 07:39:18 - [TEST_STEP][PASSED] - focus(findTestObject("Pages/FirstPayVault/tab_FirstPayVault")): Object: 'Object Repository/Pages/FirstPayVault/tab_FirstPayVault' is focused&#xD;
&#xD;
2019-11-04 07:39:20 - [MESSAGE][PASSED] - Object: 'Object Repository/Pages/FirstPayVault/tab_FirstPayVault' is focused&#xD;
&#xD;
2019-11-04 07:39:20 - [TEST_STEP][PASSED] - utilities.SafeActions.javascriptclick(findTestObject("Pages/FirstPayVault/tab_FirstPayVault"), PageLoadTime): utilities.SafeActions.javascriptclick is PASSED&#xD;
&#xD;
2019-11-04 07:39:21 - [MESSAGE][PASSED] - utilities.SafeActions.javascriptclick is PASSED&#xD;
&#xD;
2019-11-04 07:39:21 - [TEST_STEP][PASSED] - delay(2): Delayed 2 second(s)&#xD;
&#xD;
2019-11-04 07:39:23 - [MESSAGE][PASSED] - Delayed 2 second(s)&#xD;
&#xD;
2019-11-04 07:39:23 - [TEST_STEP][PASSED] - utilities.SafeActions.safeClickWithoutScroll(findTestObject("Pages/FirstPayVault/tab_FirstPayVault"), "Click on FistPayVault tab", [delayForElement]): utilities.SafeActions.safeClickWithoutScroll is PASSED&#xD;
&#xD;
2019-11-04 07:39:23 - [MESSAGE][INFO] - Safe Click Without scroll&#xD;
&#xD;
2019-11-04 07:39:23 - [MESSAGE][INFO] - 1stPayVault_TestSuite.ts:waiting until Click on FistPayVault tab is Clickable&#xD;
&#xD;
2019-11-04 07:39:23 - [MESSAGE][PASSED] - Object 'Object Repository/Pages/FirstPayVault/tab_FirstPayVault' is clickable&#xD;
&#xD;
2019-11-04 07:39:23 - [MESSAGE][PASSED] - Object 'Object Repository/Pages/FirstPayVault/tab_FirstPayVault' is visible&#xD;
&#xD;
2019-11-04 07:39:24 - [MESSAGE][PASSED] - Object: 'Object Repository/Pages/FirstPayVault/tab_FirstPayVault' is clicked on&#xD;
&#xD;
2019-11-04 07:39:24 - [MESSAGE][INFO] - 1stPayVault_TestSuite.ts: click on the Click on FistPayVault tab&#xD;
&#xD;
2019-11-04 07:39:24 - [MESSAGE][PASSED] - utilities.SafeActions.safeClickWithoutScroll is PASSED&#xD;
&#xD;
2019-11-04 07:39:24 - [TEST_STEP][PASSED] - utilities.SafeActions.safeClickWithoutScroll(findTestObject("Pages/FirstPayVault/button_CreateVault"), "Click on CreateVault button", [PageLoadTime]): utilities.SafeActions.safeClickWithoutScroll is PASSED&#xD;
&#xD;
2019-11-04 07:39:24 - [MESSAGE][INFO] - Safe Click Without scroll&#xD;
&#xD;
2019-11-04 07:39:24 - [MESSAGE][INFO] - 1stPayVault_TestSuite.ts:waiting until Click on CreateVault button is Clickable&#xD;
&#xD;
2019-11-04 07:39:24 - [MESSAGE][PASSED] - Object 'Object Repository/Pages/FirstPayVault/button_CreateVault' is clickable&#xD;
&#xD;
2019-11-04 07:39:24 - [MESSAGE][PASSED] - Object 'Object Repository/Pages/FirstPayVault/button_CreateVault' is visible&#xD;
&#xD;
2019-11-04 07:39:25 - [MESSAGE][PASSED] - Object: 'Object Repository/Pages/FirstPayVault/button_CreateVault' is clicked on&#xD;
&#xD;
2019-11-04 07:39:25 - [MESSAGE][INFO] - 1stPayVault_TestSuite.ts: click on the Click on CreateVault button&#xD;
&#xD;
2019-11-04 07:39:25 - [MESSAGE][PASSED] - utilities.SafeActions.safeClickWithoutScroll is PASSED&#xD;
&#xD;
2019-11-04 07:39:25 - [TEST_STEP][PASSED] - scrollToElement(findTestObject("Pages/FirstPayVault/input_VaultReferenceNumber"), PageLoadTime): Scroll to object 'Object Repository/Pages/FirstPayVault/input_VaultReferenceNumber' successfully&#xD;
&#xD;
2019-11-04 07:39:25 - [MESSAGE][PASSED] - Scroll to object 'Object Repository/Pages/FirstPayVault/input_VaultReferenceNumber' successfully&#xD;
&#xD;
2019-11-04 07:39:25 - [TEST_STEP][PASSED] - vaultReference = utilities.SafeActions.timeWithMilliSeconds(): utilities.SafeActions.timeWithMilliSeconds is PASSED&#xD;
&#xD;
2019-11-04 07:39:25 - [MESSAGE][PASSED] - utilities.SafeActions.timeWithMilliSeconds is PASSED&#xD;
&#xD;
2019-11-04 07:39:25 - [TEST_STEP][PASSED] - utilities.SafeActions.safeType(findTestObject("Pages/FirstPayVault/input_VaultReferenceNumber"), vaultReference, "Entering Vault Reference Number", [PageLoadTime]): utilities.SafeActions.safeType is PASSED&#xD;
&#xD;
2019-11-04 07:39:26 - [MESSAGE][PASSED] - Object 'Object Repository/Pages/FirstPayVault/input_VaultReferenceNumber' is present&#xD;
&#xD;
2019-11-04 07:39:26 - [MESSAGE][PASSED] - Object 'Object Repository/Pages/FirstPayVault/input_VaultReferenceNumber' is present&#xD;
&#xD;
2019-11-04 07:39:27 - [MESSAGE][PASSED] - Object: 'Object Repository/Pages/FirstPayVault/input_VaultReferenceNumber' is clicked on&#xD;
&#xD;
2019-11-04 07:39:27 - [MESSAGE][PASSED] - Text '2019-11-04 07:39:25.902' is set on object 'Object Repository/Pages/FirstPayVault/input_VaultReferenceNumber'&#xD;
&#xD;
2019-11-04 07:39:27 - [MESSAGE][PASSED] - utilities.SafeActions.safeType is PASSED&#xD;
&#xD;
2019-11-04 07:39:27 - [TEST_STEP][PASSED] - utilities.SafeActions.safeType(findTestObject("Pages/FirstPayVault/input_CreditCardNumber"), visaCardNumber, "Entering Card Number", [PageLoadTime]): utilities.SafeActions.safeType is PASSED&#xD;
&#xD;
2019-11-04 07:39:27 - [MESSAGE][PASSED] - Object 'Object Repository/Pages/FirstPayVault/input_CreditCardNumber' is present&#xD;
&#xD;
2019-11-04 07:39:27 - [MESSAGE][PASSED] - Object 'Object Repository/Pages/FirstPayVault/input_CreditCardNumber' is present&#xD;
&#xD;
2019-11-04 07:39:28 - [MESSAGE][PASSED] - Object: 'Object Repository/Pages/FirstPayVault/input_CreditCardNumber' is clicked on&#xD;
&#xD;
2019-11-04 07:39:28 - [MESSAGE][PASSED] - Text '4111111111111111' is set on object 'Object Repository/Pages/FirstPayVault/input_CreditCardNumber'&#xD;
&#xD;
2019-11-04 07:39:28 - [MESSAGE][PASSED] - utilities.SafeActions.safeType is PASSED&#xD;
&#xD;
2019-11-04 07:39:28 - [TEST_STEP][PASSED] - utilities.SafeActions.safeSelectOptionInDropDownByVisibleText(findTestObject("Pages/FirstPayVault/dropDown_ExpirationYear"), cardYear, "year", [PageLoadTime]): utilities.SafeActions.safeSelectOptionInDropDownByVisibleText is PASSED&#xD;
&#xD;
2019-11-04 07:39:28 - [MESSAGE][PASSED] - Object 'Object Repository/Pages/FirstPayVault/dropDown_ExpirationYear' is visible&#xD;
&#xD;
2019-11-04 07:39:28 - [MESSAGE][PASSED] - Object 'Object Repository/Pages/FirstPayVault/dropDown_ExpirationYear' is present&#xD;
&#xD;
2019-11-04 07:39:29 - [MESSAGE][PASSED] - Object: 'Object Repository/Pages/FirstPayVault/dropDown_ExpirationYear' is clicked on&#xD;
&#xD;
2019-11-04 07:39:29 - [MESSAGE][PASSED] - All options with label '2032' are selected in object 'Object Repository/Pages/FirstPayVault/dropDown_ExpirationYear' &#xD;
&#xD;
2019-11-04 07:39:29 - [MESSAGE][PASSED] - utilities.SafeActions.safeSelectOptionInDropDownByVisibleText is PASSED&#xD;
&#xD;
2019-11-04 07:39:29 - [TEST_STEP][PASSED] - utilities.SafeActions.safeSelectOptionInDropDownByVisibleText(findTestObject("Pages/FirstPayVault/dropDown_ExpirationMonth"), cardMonth, "Expiration Month", [PageLoadTime]): utilities.SafeActions.safeSelectOptionInDropDownByVisibleText is PASSED&#xD;
&#xD;
2019-11-04 07:39:30 - [MESSAGE][PASSED] - Object 'Object Repository/Pages/FirstPayVault/dropDown_ExpirationMonth' is visible&#xD;
&#xD;
2019-11-04 07:39:30 - [MESSAGE][PASSED] - Object 'Object Repository/Pages/FirstPayVault/dropDown_ExpirationMonth' is present&#xD;
&#xD;
2019-11-04 07:39:30 - [MESSAGE][PASSED] - Object: 'Object Repository/Pages/FirstPayVault/dropDown_ExpirationMonth' is clicked on&#xD;
&#xD;
2019-11-04 07:39:31 - [MESSAGE][PASSED] - All options with label 'September' are selected in object 'Object Repository/Pages/FirstPayVault/dropDown_ExpirationMonth' &#xD;
&#xD;
2019-11-04 07:39:31 - [MESSAGE][PASSED] - utilities.SafeActions.safeSelectOptionInDropDownByVisibleText is PASSED&#xD;
&#xD;
2019-11-04 07:39:31 - [TEST_STEP][PASSED] - utilities.SafeActions.safeType(findTestObject("Pages/FirstPayVault/input_ContactName"), customerName, "Enter Contact Name", [PageLoadTime]): utilities.SafeActions.safeType is PASSED&#xD;
&#xD;
2019-11-04 07:39:31 - [MESSAGE][PASSED] - Object 'Object Repository/Pages/FirstPayVault/input_ContactName' is present&#xD;
&#xD;
2019-11-04 07:39:31 - [MESSAGE][PASSED] - Object 'Object Repository/Pages/FirstPayVault/input_ContactName' is present&#xD;
&#xD;
2019-11-04 07:39:32 - [MESSAGE][PASSED] - Object: 'Object Repository/Pages/FirstPayVault/input_ContactName' is clicked on&#xD;
&#xD;
2019-11-04 07:39:32 - [MESSAGE][PASSED] - Text 'Venkata Sai' is set on object 'Object Repository/Pages/FirstPayVault/input_ContactName'&#xD;
&#xD;
2019-11-04 07:39:32 - [MESSAGE][PASSED] - utilities.SafeActions.safeType is PASSED&#xD;
&#xD;
2019-11-04 07:39:32 - [TEST_STEP][PASSED] - utilities.SafeActions.safeType(findTestObject("Pages/FirstPayVault/input_PostalCode"), postalCode, "Enter Postal Code", [PageLoadTime]): utilities.SafeActions.safeType is PASSED&#xD;
&#xD;
2019-11-04 07:39:32 - [MESSAGE][PASSED] - Object 'Object Repository/Pages/FirstPayVault/input_PostalCode' is present&#xD;
&#xD;
2019-11-04 07:39:32 - [MESSAGE][PASSED] - Object 'Object Repository/Pages/FirstPayVault/input_PostalCode' is present&#xD;
&#xD;
2019-11-04 07:39:33 - [MESSAGE][PASSED] - Object: 'Object Repository/Pages/FirstPayVault/input_PostalCode' is clicked on&#xD;
&#xD;
2019-11-04 07:39:33 - [MESSAGE][PASSED] - Text '76102' is set on object 'Object Repository/Pages/FirstPayVault/input_PostalCode'&#xD;
&#xD;
2019-11-04 07:39:33 - [MESSAGE][PASSED] - utilities.SafeActions.safeType is PASSED&#xD;
&#xD;
2019-11-04 07:39:33 - [TEST_STEP][PASSED] - utilities.SafeActions.safeType(findTestObject("Pages/FirstPayVault/input_Address"), address, "Enter ddress", [PageLoadTime]): utilities.SafeActions.safeType is PASSED&#xD;
&#xD;
2019-11-04 07:39:33 - [MESSAGE][PASSED] - Object 'Object Repository/Pages/FirstPayVault/input_Address' is present&#xD;
&#xD;
2019-11-04 07:39:33 - [MESSAGE][PASSED] - Object 'Object Repository/Pages/FirstPayVault/input_Address' is present&#xD;
&#xD;
2019-11-04 07:39:34 - [MESSAGE][PASSED] - Object: 'Object Repository/Pages/FirstPayVault/input_Address' is clicked on&#xD;
&#xD;
2019-11-04 07:39:34 - [MESSAGE][PASSED] - Text 'Street123' is set on object 'Object Repository/Pages/FirstPayVault/input_Address'&#xD;
&#xD;
2019-11-04 07:39:34 - [MESSAGE][PASSED] - utilities.SafeActions.safeType is PASSED&#xD;
&#xD;
2019-11-04 07:39:34 - [TEST_STEP][PASSED] - utilities.SafeActions.safeCheckForElement(findTestObject("Pages/FirstPayVault/chekBox_AddShippingInformation"), PageLoadTime): utilities.SafeActions.safeCheckForElement is PASSED&#xD;
&#xD;
2019-11-04 07:39:34 - [MESSAGE][PASSED] - Object 'Object Repository/Pages/FirstPayVault/chekBox_AddShippingInformation' is present&#xD;
&#xD;
2019-11-04 07:39:34 - [MESSAGE][PASSED] - Object 'Object Repository/Pages/FirstPayVault/chekBox_AddShippingInformation' is visible&#xD;
&#xD;
2019-11-04 07:39:34 - [MESSAGE][PASSED] - Object 'Object Repository/Pages/FirstPayVault/chekBox_AddShippingInformation' is present&#xD;
&#xD;
2019-11-04 07:39:35 - [MESSAGE][PASSED] - Object 'Object Repository/Pages/FirstPayVault/chekBox_AddShippingInformation' is checked&#xD;
&#xD;
2019-11-04 07:39:35 - [MESSAGE][PASSED] - utilities.SafeActions.safeCheckForElement is PASSED&#xD;
&#xD;
2019-11-04 07:39:35 - [TEST_STEP][PASSED] - utilities.SafeActions.safeType(findTestObject("Pages/FirstPayVault/input_ShippingMethod"), shippingMethod, "Enter Shipping Method", [PageLoadTime]): utilities.SafeActions.safeType is PASSED&#xD;
&#xD;
2019-11-04 07:39:35 - [MESSAGE][PASSED] - Object 'Object Repository/Pages/FirstPayVault/input_ShippingMethod' is present&#xD;
&#xD;
2019-11-04 07:39:35 - [MESSAGE][PASSED] - Object 'Object Repository/Pages/FirstPayVault/input_ShippingMethod' is present&#xD;
&#xD;
2019-11-04 07:39:36 - [MESSAGE][PASSED] - Object: 'Object Repository/Pages/FirstPayVault/input_ShippingMethod' is clicked on&#xD;
&#xD;
2019-11-04 07:39:36 - [MESSAGE][PASSED] - Text 'DTDC' is set on object 'Object Repository/Pages/FirstPayVault/input_ShippingMethod'&#xD;
&#xD;
2019-11-04 07:39:36 - [MESSAGE][PASSED] - utilities.SafeActions.safeType is PASSED&#xD;
&#xD;
2019-11-04 07:39:36 - [TEST_STEP][PASSED] - utilities.SafeActions.safeCheckForElement(findTestObject("Pages/FirstPayVault/checkbox_SameAsBillingInformation"), PageLoadTime): utilities.SafeActions.safeCheckForElement is PASSED&#xD;
&#xD;
2019-11-04 07:39:36 - [MESSAGE][PASSED] - Object 'Object Repository/Pages/FirstPayVault/checkbox_SameAsBillingInformation' is present&#xD;
&#xD;
2019-11-04 07:39:36 - [MESSAGE][PASSED] - Object 'Object Repository/Pages/FirstPayVault/checkbox_SameAsBillingInformation' is visible&#xD;
&#xD;
2019-11-04 07:39:36 - [MESSAGE][PASSED] - Object 'Object Repository/Pages/FirstPayVault/checkbox_SameAsBillingInformation' is present&#xD;
&#xD;
2019-11-04 07:39:37 - [MESSAGE][PASSED] - Object 'Object Repository/Pages/FirstPayVault/checkbox_SameAsBillingInformation' is checked&#xD;
&#xD;
2019-11-04 07:39:37 - [MESSAGE][PASSED] - utilities.SafeActions.safeCheckForElement is PASSED&#xD;
&#xD;
2019-11-04 07:39:37 - [TEST_STEP][PASSED] - utilities.SafeActions.safeClickwithScroll(findTestObject("Pages/FirstPayVault/button_Create"), "Click on Create Button", [PageLoadTime]): utilities.SafeActions.safeClickwithScroll is PASSED&#xD;
&#xD;
2019-11-04 07:39:37 - [MESSAGE][PASSED] - Object 'Object Repository/Pages/FirstPayVault/button_Create' is present&#xD;
&#xD;
2019-11-04 07:39:37 - [MESSAGE][PASSED] - Object 'Object Repository/Pages/FirstPayVault/button_Create' is visible&#xD;
&#xD;
2019-11-04 07:39:37 - [MESSAGE][INFO] - 1stPayVault_TestSuite.ts:waiting until Click on Create Button is Clickable&#xD;
&#xD;
2019-11-04 07:39:37 - [MESSAGE][PASSED] - Object 'Object Repository/Pages/FirstPayVault/button_Create' is clickable&#xD;
&#xD;
2019-11-04 07:39:37 - [MESSAGE][PASSED] - Object 'Object Repository/Pages/FirstPayVault/button_Create' is visible&#xD;
&#xD;
2019-11-04 07:39:38 - [MESSAGE][PASSED] - Object: 'Object Repository/Pages/FirstPayVault/button_Create' is clicked on&#xD;
&#xD;
2019-11-04 07:39:38 - [MESSAGE][INFO] - 1stPayVault_TestSuite.ts: Clicked on the Click on Create Button&#xD;
&#xD;
2019-11-04 07:39:38 - [MESSAGE][PASSED] - utilities.SafeActions.safeClickwithScroll is PASSED&#xD;
&#xD;
2019-11-04 07:39:38 - [TEST_STEP][PASSED] - delay(2): Delayed 2 second(s)&#xD;
&#xD;
2019-11-04 07:39:40 - [MESSAGE][PASSED] - Delayed 2 second(s)&#xD;
&#xD;
2019-11-04 07:39:40 - [TEST_STEP][PASSED] - popupSavedToVaultMessage = utilities.SafeActions.safeGetText(findTestObject("Pages/FirstPayVault/popup_SavedToVaultMessage"), PageLoadTime): utilities.SafeActions.safeGetText is PASSED&#xD;
&#xD;
2019-11-04 07:39:40 - [MESSAGE][PASSED] - Object 'Object Repository/Pages/FirstPayVault/popup_SavedToVaultMessage' is present&#xD;
&#xD;
2019-11-04 07:39:40 - [MESSAGE][PASSED] - Scroll to object 'Object Repository/Pages/FirstPayVault/popup_SavedToVaultMessage' successfully&#xD;
&#xD;
2019-11-04 07:39:40 - [MESSAGE][PASSED] - Object 'Object Repository/Pages/FirstPayVault/popup_SavedToVaultMessage' is present&#xD;
&#xD;
2019-11-04 07:39:41 - [MESSAGE][PASSED] - Text of object 'Object Repository/Pages/FirstPayVault/popup_SavedToVaultMessage' is: 'Successfully Saved to Vault'&#xD;
&#xD;
2019-11-04 07:39:41 - [MESSAGE][PASSED] - utilities.SafeActions.safeGetText is PASSED&#xD;
&#xD;
2019-11-04 07:39:41 - [TEST_STEP][PASSED] - flag = utilities.SafeActions.verifyPopupMessage("Successfully Saved to Vault", popupSavedToVaultMessage): Popup Message : Successfully Saved to Vault matched with expected message : Successfully Saved to Vault&#xD;
&#xD;
2019-11-04 07:39:41 - [MESSAGE][PASSED] - Popup Message : Successfully Saved to Vault matched with expected message : Successfully Saved to Vault&#xD;
&#xD;
2019-11-04 07:39:41 - [TEST_STEP][PASSED] - utilities.SafeActions.safeClickWithoutScroll(findTestObject("Pages/FirstPayVault/button_SearchVault_InPopup"), "Search Vault in Popup", [delayBetweenTestSteps]): utilities.SafeActions.safeClickWithoutScroll is PASSED&#xD;
&#xD;
2019-11-04 07:39:41 - [MESSAGE][INFO] - Safe Click Without scroll&#xD;
&#xD;
2019-11-04 07:39:41 - [MESSAGE][INFO] - 1stPayVault_TestSuite.ts:waiting until Search Vault in Popup is Clickable&#xD;
&#xD;
2019-11-04 07:39:41 - [MESSAGE][PASSED] - Object 'Object Repository/Pages/FirstPayVault/button_SearchVault_InPopup' is clickable&#xD;
&#xD;
2019-11-04 07:39:41 - [MESSAGE][PASSED] - Object 'Object Repository/Pages/FirstPayVault/button_SearchVault_InPopup' is visible&#xD;
&#xD;
2019-11-04 07:39:42 - [MESSAGE][PASSED] - Object: 'Object Repository/Pages/FirstPayVault/button_SearchVault_InPopup' is clicked on&#xD;
&#xD;
2019-11-04 07:39:42 - [MESSAGE][INFO] - 1stPayVault_TestSuite.ts: click on the Search Vault in Popup&#xD;
&#xD;
2019-11-04 07:39:42 - [MESSAGE][PASSED] - utilities.SafeActions.safeClickWithoutScroll is PASSED&#xD;
&#xD;
2019-11-04 07:39:42 - [TEST_STEP][PASSED] - utilities.SafeActions.safeClickwithScroll(findTestObject("Pages/FirstPayVault/date_StartDate_1stPayVault"), "Click on Date Input", [PageLoadTime]): utilities.SafeActions.safeClickwithScroll is PASSED&#xD;
&#xD;
2019-11-04 07:39:42 - [MESSAGE][PASSED] - Object 'Object Repository/Pages/FirstPayVault/date_StartDate_1stPayVault' is present&#xD;
&#xD;
2019-11-04 07:39:42 - [MESSAGE][PASSED] - Object 'Object Repository/Pages/FirstPayVault/date_StartDate_1stPayVault' is visible&#xD;
&#xD;
2019-11-04 07:39:42 - [MESSAGE][INFO] - 1stPayVault_TestSuite.ts:waiting until Click on Date Input is Clickable&#xD;
&#xD;
2019-11-04 07:39:42 - [MESSAGE][PASSED] - Object 'Object Repository/Pages/FirstPayVault/date_StartDate_1stPayVault' is clickable&#xD;
&#xD;
2019-11-04 07:39:42 - [MESSAGE][PASSED] - Object 'Object Repository/Pages/FirstPayVault/date_StartDate_1stPayVault' is visible&#xD;
&#xD;
2019-11-04 07:39:43 - [MESSAGE][PASSED] - Object: 'Object Repository/Pages/FirstPayVault/date_StartDate_1stPayVault' is clicked on&#xD;
&#xD;
2019-11-04 07:39:43 - [MESSAGE][INFO] - 1stPayVault_TestSuite.ts: Clicked on the Click on Date Input&#xD;
&#xD;
2019-11-04 07:39:43 - [MESSAGE][PASSED] - utilities.SafeActions.safeClickwithScroll is PASSED&#xD;
&#xD;
2019-11-04 07:39:43 - [TEST_STEP][PASSED] - dateValue = utilities.SafeActions.timeWithMilliSeconds(): utilities.SafeActions.timeWithMilliSeconds is PASSED&#xD;
&#xD;
2019-11-04 07:39:43 - [MESSAGE][PASSED] - utilities.SafeActions.timeWithMilliSeconds is PASSED&#xD;
&#xD;
2019-11-04 07:39:43 - [TEST_STEP][PASSED] - dateList = dateValue.split("-"): null&#xD;
&#xD;
2019-11-04 07:39:43 - [TEST_STEP][PASSED] - cardThisYear = dateList.get(0): null&#xD;
&#xD;
2019-11-04 07:39:43 - [TEST_STEP][PASSED] - cardThisMonth = dateList.get(1): null&#xD;
&#xD;
2019-11-04 07:39:43 - [TEST_STEP][PASSED] - start_date_Value = dateList.get(2): null&#xD;
&#xD;
2019-11-04 07:39:43 - [TEST_STEP][PASSED] - end_date_Value = dateList.get(2): null&#xD;
&#xD;
2019-11-04 07:39:43 - [TEST_STEP][PASSED] - cardMonthName = DateFormatSymbols().getMonths()[cardThisMonth.toInteger() - 1]: null&#xD;
&#xD;
2019-11-04 07:39:43 - [TEST_STEP][PASSED] - pages.Sale.selectMonthYear(findTestObject("Pages/Sale/link_MonthYear"), findTestObject("Pages/Sale/calender_NextButton"), cardMonthName, cardThisYear): pages.Sale.selectMonthYear is PASSED&#xD;
&#xD;
2019-11-04 07:39:43 - [MESSAGE][PASSED] - Text of object 'Object Repository/Pages/Sale/link_MonthYear' is: 'November 2019'&#xD;
&#xD;
2019-11-04 07:39:43 - [MESSAGE][PASSED] - pages.Sale.selectMonthYear is PASSED&#xD;
&#xD;
2019-11-04 07:39:43 - [TEST_STEP][PASSED] - pages.Sale.selectDate(trim().toInteger()): pages.Sale.selectDate is PASSED&#xD;
&#xD;
2019-11-04 07:39:43 - [MESSAGE][PASSED] - Object: '' is clicked on&#xD;
&#xD;
2019-11-04 07:39:43 - [MESSAGE][PASSED] - pages.Sale.selectDate is PASSED&#xD;
&#xD;
2019-11-04 07:39:43 - [TEST_STEP][PASSED] - utilities.SafeActions.safeClickWithoutScroll(findTestObject("Pages/FirstPayVault/date_EndDate_1stPayVault"), "Click on Date Input", [PageLoadTime]): utilities.SafeActions.safeClickWithoutScroll is PASSED&#xD;
&#xD;
2019-11-04 07:39:43 - [MESSAGE][INFO] - Safe Click Without scroll&#xD;
&#xD;
2019-11-04 07:39:43 - [MESSAGE][INFO] - 1stPayVault_TestSuite.ts:waiting until Click on Date Input is Clickable&#xD;
&#xD;
2019-11-04 07:39:43 - [MESSAGE][PASSED] - Object 'Object Repository/Pages/FirstPayVault/date_EndDate_1stPayVault' is clickable&#xD;
&#xD;
2019-11-04 07:39:43 - [MESSAGE][PASSED] - Object 'Object Repository/Pages/FirstPayVault/date_EndDate_1stPayVault' is visible&#xD;
&#xD;
2019-11-04 07:39:44 - [MESSAGE][PASSED] - Object: 'Object Repository/Pages/FirstPayVault/date_EndDate_1stPayVault' is clicked on&#xD;
&#xD;
2019-11-04 07:39:44 - [MESSAGE][INFO] - 1stPayVault_TestSuite.ts: click on the Click on Date Input&#xD;
&#xD;
2019-11-04 07:39:44 - [MESSAGE][PASSED] - utilities.SafeActions.safeClickWithoutScroll is PASSED&#xD;
&#xD;
2019-11-04 07:39:44 - [TEST_STEP][PASSED] - pages.Sale.selectMonthYear(findTestObject("Pages/Sale/link_MonthYear"), findTestObject("Pages/Sale/calender_NextButton"), cardMonthName, cardThisYear): pages.Sale.selectMonthYear is PASSED&#xD;
&#xD;
2019-11-04 07:39:44 - [MESSAGE][PASSED] - Text of object 'Object Repository/Pages/Sale/link_MonthYear' is: 'November 2019'&#xD;
&#xD;
2019-11-04 07:39:44 - [MESSAGE][PASSED] - pages.Sale.selectMonthYear is PASSED&#xD;
&#xD;
2019-11-04 07:39:44 - [TEST_STEP][PASSED] - pages.Sale.selectDate(trim().toInteger()): pages.Sale.selectDate is PASSED&#xD;
&#xD;
2019-11-04 07:39:45 - [MESSAGE][PASSED] - Object: '' is clicked on&#xD;
&#xD;
2019-11-04 07:39:45 - [MESSAGE][PASSED] - pages.Sale.selectDate is PASSED&#xD;
&#xD;
2019-11-04 07:39:45 - [TEST_STEP][PASSED] - utilities.SafeActions.safeClickWithoutScroll(findTestObject("Pages/FirstPayVault/button_Search"), "Click On Search button", [PageLoadTime]): utilities.SafeActions.safeClickWithoutScroll is PASSED&#xD;
&#xD;
2019-11-04 07:39:45 - [MESSAGE][INFO] - Safe Click Without scroll&#xD;
&#xD;
2019-11-04 07:39:45 - [MESSAGE][INFO] - 1stPayVault_TestSuite.ts:waiting until Click On Search button is Clickable&#xD;
&#xD;
2019-11-04 07:39:45 - [MESSAGE][PASSED] - Object 'Object Repository/Pages/FirstPayVault/button_Search' is clickable&#xD;
&#xD;
2019-11-04 07:39:45 - [MESSAGE][PASSED] - Object 'Object Repository/Pages/FirstPayVault/button_Search' is visible&#xD;
&#xD;
2019-11-04 07:39:46 - [MESSAGE][PASSED] - Object: 'Object Repository/Pages/FirstPayVault/button_Search' is clicked on&#xD;
&#xD;
2019-11-04 07:39:46 - [MESSAGE][INFO] - 1stPayVault_TestSuite.ts: click on the Click On Search button&#xD;
&#xD;
2019-11-04 07:39:46 - [MESSAGE][PASSED] - utilities.SafeActions.safeClickWithoutScroll is PASSED&#xD;
&#xD;
2019-11-04 07:39:46 - [TEST_STEP][PASSED] - scrollToElement(findTestObject("Pages/Transaction_Management/invoice_ForTransaction"), PageLoadTime): Scroll to object 'Object Repository/Pages/Transaction_Management/invoice_ForTransaction' successfully&#xD;
&#xD;
2019-11-04 07:39:49 - [MESSAGE][PASSED] - Scroll to object 'Object Repository/Pages/Transaction_Management/invoice_ForTransaction' successfully&#xD;
&#xD;
2019-11-04 07:39:49 - [TEST_STEP][PASSED] - pages.FirstPayVault.verifyInvoiceRecord(findTestObject("Pages/FirstPayVault/footer_NextButton"), findTestObject("Pages/FirstPayVault/page_Number"), vaultReference): The Vault is found in page 1&#xD;
&#xD;
2019-11-04 07:39:49 - [MESSAGE][PASSED] - Text of object 'Object Repository/Pages/FirstPayVault/page_Number' is: 'Page 1 of 5'&#xD;
&#xD;
2019-11-04 07:39:49 - [MESSAGE][PASSED] - The Vault is found in page 1&#xD;
&#xD;
2019-11-04 07:39:50 - [TEST_STEP][PASSED] - closeBrowser(): Browser is closed&#xD;
&#xD;
2019-11-04 07:39:52 - [MESSAGE][PASSED] - Browser is closed&#xD;
&#xD;
2019-11-04 07:39:52 - [TEST_STEP][PASSED] - Start listener action : sampleAfterTestCase: null&#xD;
&#xD;
2019-11-04 07:39:52 - [TEST_STEP][PASSED] - println(testCaseContext.getTestCaseId()): null&#xD;
&#xD;
2019-11-04 07:39:52 - [TEST_STEP][PASSED] - println(testCaseContext.getTestCaseStatus()): null&#xD;
&#xD;
2019-11-04 07:39:52 - [TEST_STEP][PASSED] - testCaseName = testCaseContext.getTestCaseId(): null&#xD;
&#xD;
2019-11-04 07:39:52 - [TEST_STEP][PASSED] - strCount = testCaseName.lastIndexOf("/"): null&#xD;
&#xD;
2019-11-04 07:39:52 - [TEST_STEP][PASSED] - testCaseName = testCaseName.substring(strCount): null&#xD;
&#xD;
2019-11-04 07:39:52 - [TEST_STEP][PASSED] - println(testCaseName): null&#xD;
&#xD;
2019-11-04 07:39:52 - [TEST_STEP][PASSED] - if (getTestCaseStatus().equalsIgnoreCase("Error")): null&#xD;
&#xD;
2019-11-04 07:39:52 - [TEST_STEP][PASSED] - Start listener action : sampleAfterTestCase: null</system-out>
            <system-err></system-err>
        </testcase>
        <testcase name="Test Cases/FirstView/FirstPayVault/VPOS_1stPayVault_Search_Vault_By_CardNumber_Retail" classname="Test Cases/FirstView/FirstPayVault/VPOS_1stPayVault_Search_Vault_By_CardNumber_Retail" status="PASSED">
            <system-out>2019-11-04 07:39:52 - [TEST_CASE][PASSED] - Test Cases/FirstView/FirstPayVault/VPOS_1stPayVault_Search_Vault_By_CardNumber_Retail: Test Cases/FirstView/FirstPayVault/VPOS_1stPayVault_Search_Vault_By_CardNumber_Retail&#xD;
&#xD;
2019-11-04 07:39:52 - [TEST_STEP][PASSED] - Start listener action : sampleBeforeTestCase: null&#xD;
&#xD;
2019-11-04 07:39:52 - [TEST_STEP][PASSED] - println(testCaseContext.getTestCaseId()): null&#xD;
&#xD;
2019-11-04 07:39:52 - [TEST_STEP][PASSED] - println(testCaseContext.getTestCaseVariables()): null&#xD;
&#xD;
2019-11-04 07:39:52 - [TEST_STEP][PASSED] - utilities.SafeActions.openBrowser(URL, [PageLoadTime]): utilities.SafeActions.openBrowser is PASSED&#xD;
&#xD;
2019-11-04 07:39:52 - [MESSAGE][INFO] - Opening Browser&#xD;
&#xD;
2019-11-04 07:39:52 - [MESSAGE][INFO] - Starting 'Firefox' driver&#xD;
&#xD;
2019-11-04 07:39:59 - [MESSAGE][PASSED] - Browser is opened with url: 'https://q-www-firstview-net.faps.net/MVC/Account/Login'&#xD;
&#xD;
2019-11-04 07:39:59 - [MESSAGE][PASSED] - Current window maximized&#xD;
&#xD;
2019-11-04 07:39:59 - [MESSAGE][INFO] - Browser Launched Successfully&#xD;
&#xD;
2019-11-04 07:39:59 - [MESSAGE][PASSED] - utilities.SafeActions.openBrowser is PASSED&#xD;
&#xD;
2019-11-04 07:39:59 - [TEST_STEP][PASSED] - pages.Login.login(uName, password): pages.Login.login is PASSED&#xD;
&#xD;
2019-11-04 07:39:59 - [MESSAGE][PASSED] - Object 'Object Repository/Pages/Login/userName' is present&#xD;
&#xD;
2019-11-04 07:39:59 - [MESSAGE][PASSED] - Object 'Object Repository/Pages/Login/userName' is present&#xD;
&#xD;
2019-11-04 07:40:00 - [MESSAGE][PASSED] - Object: 'Object Repository/Pages/Login/userName' is clicked on&#xD;
&#xD;
2019-11-04 07:40:00 - [MESSAGE][PASSED] - Text 'ZenQRetail' is set on object 'Object Repository/Pages/Login/userName'&#xD;
&#xD;
2019-11-04 07:40:00 - [MESSAGE][PASSED] - Object 'Object Repository/Pages/Login/password' is present&#xD;
&#xD;
2019-11-04 07:40:00 - [MESSAGE][PASSED] - Object 'Object Repository/Pages/Login/password' is present&#xD;
&#xD;
2019-11-04 07:40:01 - [MESSAGE][PASSED] - Object: 'Object Repository/Pages/Login/password' is clicked on&#xD;
&#xD;
2019-11-04 07:40:01 - [MESSAGE][PASSED] - Text 'P@ssword1' is set on object 'Object Repository/Pages/Login/password'&#xD;
&#xD;
2019-11-04 07:40:01 - [MESSAGE][INFO] - Safe Click Without scroll&#xD;
&#xD;
2019-11-04 07:40:01 - [MESSAGE][INFO] - 1stPayVault_TestSuite.ts:waiting until Click on Login is Clickable&#xD;
&#xD;
2019-11-04 07:40:01 - [MESSAGE][PASSED] - Object 'Object Repository/Pages/Login/login' is clickable&#xD;
&#xD;
2019-11-04 07:40:01 - [MESSAGE][PASSED] - Object 'Object Repository/Pages/Login/login' is visible&#xD;
&#xD;
2019-11-04 07:40:03 - [MESSAGE][PASSED] - Object: 'Object Repository/Pages/Login/login' is clicked on&#xD;
&#xD;
2019-11-04 07:40:03 - [MESSAGE][INFO] - 1stPayVault_TestSuite.ts: click on the Click on Login&#xD;
&#xD;
2019-11-04 07:40:03 - [MESSAGE][PASSED] - pages.Login.login is PASSED&#xD;
&#xD;
2019-11-04 07:40:03 - [TEST_STEP][PASSED] - callTestCase(findTestCase("FirstView/Login/TC_SendCode"), [:], STOP_ON_FAILURE): Call Test Case 'Test Cases/FirstView/Login/TC_SendCode' successfully&#xD;
&#xD;
2019-11-04 07:40:03 - [TEST_CASE][PASSED] - Test Cases/FirstView/Login/TC_SendCode: Test Cases/FirstView/Login/TC_SendCode&#xD;
&#xD;
2019-11-04 07:40:03 - [TEST_STEP][PASSED] - flag = pages.SendCode.verifyPage(): pages.SendCode.verifyPage is PASSED&#xD;
&#xD;
2019-11-04 07:40:03 - [MESSAGE][PASSED] - Object 'Object Repository/Pages/SendCodeToValidate/header_SendCodeToValidate' is present and visible in viewport&#xD;
&#xD;
2019-11-04 07:40:03 - [MESSAGE][PASSED] - pages.SendCode.verifyPage is PASSED&#xD;
&#xD;
2019-11-04 07:40:03 - [TEST_STEP][PASSED] - if (flag): pages.SendCode.clickonUserSettings is PASSED&#xD;
&#xD;
2019-11-04 07:40:03 - [TEST_STEP][PASSED] - pages.SendCode.clickonUserSettings(): pages.SendCode.clickonUserSettings is PASSED&#xD;
&#xD;
2019-11-04 07:40:03 - [MESSAGE][PASSED] - Object 'Object Repository/Pages/SendCodeToValidate/link_UserSettings' is present&#xD;
&#xD;
2019-11-04 07:40:04 - [MESSAGE][PASSED] - Object 'Object Repository/Pages/SendCodeToValidate/link_UserSettings' is visible&#xD;
&#xD;
2019-11-04 07:40:04 - [MESSAGE][INFO] - 1stPayVault_TestSuite.ts:waiting until Click on User Settings is Clickable&#xD;
&#xD;
2019-11-04 07:40:04 - [MESSAGE][PASSED] - Object 'Object Repository/Pages/SendCodeToValidate/link_UserSettings' is clickable&#xD;
&#xD;
2019-11-04 07:40:04 - [MESSAGE][PASSED] - Object 'Object Repository/Pages/SendCodeToValidate/link_UserSettings' is visible&#xD;
&#xD;
2019-11-04 07:40:05 - [MESSAGE][PASSED] - Object: 'Object Repository/Pages/SendCodeToValidate/link_UserSettings' is clicked on&#xD;
&#xD;
2019-11-04 07:40:05 - [MESSAGE][INFO] - 1stPayVault_TestSuite.ts: Clicked on the Click on User Settings&#xD;
&#xD;
2019-11-04 07:40:05 - [MESSAGE][PASSED] - pages.SendCode.clickonUserSettings is PASSED&#xD;
&#xD;
2019-11-04 07:40:05 - [MESSAGE][PASSED] - Call Test Case 'Test Cases/FirstView/Login/TC_SendCode' successfully&#xD;
&#xD;
2019-11-04 07:40:05 - [TEST_STEP][PASSED] - callTestCase(findTestCase("FirstView/Login/TC_FirstView"), [:], STOP_ON_FAILURE): Call Test Case 'Test Cases/FirstView/Login/TC_FirstView' successfully&#xD;
&#xD;
2019-11-04 07:40:05 - [TEST_CASE][PASSED] - Test Cases/FirstView/Login/TC_FirstView: Test Cases/FirstView/Login/TC_FirstView&#xD;
&#xD;
2019-11-04 07:40:05 - [TEST_STEP][NOT_RUN] - utilities.SafeActions.safeClickWithoutScroll(findTestObject("Pages/FirstView/link_Home"), "Click on Home button in First View screen", [PageLoadTime]): NOT_RUN: utilities.SafeActions.safeClickWithoutScroll(findTestObject("Pages/FirstView/link_Home"), "Click on Home button in First View screen", [PageLoadTime])&#xD;
&#xD;
2019-11-04 07:40:05 - [MESSAGE][NOT_RUN] - NOT_RUN: utilities.SafeActions.safeClickWithoutScroll(findTestObject("Pages/FirstView/link_Home"), "Click on Home button in First View screen", [PageLoadTime])&#xD;
&#xD;
2019-11-04 07:40:05 - [TEST_STEP][PASSED] - delay(3): Delayed 3 second(s)&#xD;
&#xD;
2019-11-04 07:40:08 - [MESSAGE][PASSED] - Delayed 3 second(s)&#xD;
&#xD;
2019-11-04 07:40:08 - [TEST_STEP][PASSED] - utilities.SafeActions.javascriptclick(findTestObject("Pages/FirstView/link_Home"), delayForElement): utilities.SafeActions.javascriptclick is PASSED&#xD;
&#xD;
2019-11-04 07:40:08 - [MESSAGE][PASSED] - utilities.SafeActions.javascriptclick is PASSED&#xD;
&#xD;
2019-11-04 07:40:08 - [TEST_STEP][PASSED] - utilities.SafeActions.safeClickWithoutScroll(findTestObject("Pages/FirstView/link_VPOS"), "Click on VPOS button in First View screen", [PageLoadTime]): utilities.SafeActions.safeClickWithoutScroll is PASSED&#xD;
&#xD;
2019-11-04 07:40:09 - [MESSAGE][INFO] - Safe Click Without scroll&#xD;
&#xD;
2019-11-04 07:40:09 - [MESSAGE][INFO] - 1stPayVault_TestSuite.ts:waiting until Click on VPOS button in First View screen is Clickable&#xD;
&#xD;
2019-11-04 07:40:10 - [MESSAGE][PASSED] - Object 'Object Repository/Pages/FirstView/link_VPOS' is clickable&#xD;
&#xD;
2019-11-04 07:40:10 - [MESSAGE][PASSED] - Object 'Object Repository/Pages/FirstView/link_VPOS' is visible&#xD;
&#xD;
2019-11-04 07:40:11 - [MESSAGE][PASSED] - Object: 'Object Repository/Pages/FirstView/link_VPOS' is clicked on&#xD;
&#xD;
2019-11-04 07:40:11 - [MESSAGE][INFO] - 1stPayVault_TestSuite.ts: click on the Click on VPOS button in First View screen&#xD;
&#xD;
2019-11-04 07:40:11 - [MESSAGE][PASSED] - utilities.SafeActions.safeClickWithoutScroll is PASSED&#xD;
&#xD;
2019-11-04 07:40:11 - [MESSAGE][PASSED] - Call Test Case 'Test Cases/FirstView/Login/TC_FirstView' successfully&#xD;
&#xD;
2019-11-04 07:40:11 - [TEST_STEP][PASSED] - switchToWindowTitle("Transcenter - VPOS"): Switched to window with title: 'Transcenter - VPOS'&#xD;
&#xD;
2019-11-04 07:40:13 - [MESSAGE][PASSED] - Switched to window with title: 'Transcenter - VPOS'&#xD;
&#xD;
2019-11-04 07:40:13 - [TEST_STEP][PASSED] - focus(findTestObject("Pages/FirstPayVault/tab_FirstPayVault")): Object: 'Object Repository/Pages/FirstPayVault/tab_FirstPayVault' is focused&#xD;
&#xD;
2019-11-04 07:40:15 - [MESSAGE][PASSED] - Object: 'Object Repository/Pages/FirstPayVault/tab_FirstPayVault' is focused&#xD;
&#xD;
2019-11-04 07:40:15 - [TEST_STEP][PASSED] - utilities.SafeActions.javascriptclick(findTestObject("Pages/FirstPayVault/tab_FirstPayVault"), PageLoadTime): utilities.SafeActions.javascriptclick is PASSED&#xD;
&#xD;
2019-11-04 07:40:16 - [MESSAGE][PASSED] - utilities.SafeActions.javascriptclick is PASSED&#xD;
&#xD;
2019-11-04 07:40:16 - [TEST_STEP][PASSED] - delay(2): Delayed 2 second(s)&#xD;
&#xD;
2019-11-04 07:40:18 - [MESSAGE][PASSED] - Delayed 2 second(s)&#xD;
&#xD;
2019-11-04 07:40:18 - [TEST_STEP][PASSED] - utilities.SafeActions.safeClickWithoutScroll(findTestObject("Pages/FirstPayVault/tab_FirstPayVault"), "Click on FistPayVault tab", [delayForElement]): utilities.SafeActions.safeClickWithoutScroll is PASSED&#xD;
&#xD;
2019-11-04 07:40:18 - [MESSAGE][INFO] - Safe Click Without scroll&#xD;
&#xD;
2019-11-04 07:40:18 - [MESSAGE][INFO] - 1stPayVault_TestSuite.ts:waiting until Click on FistPayVault tab is Clickable&#xD;
&#xD;
2019-11-04 07:40:18 - [MESSAGE][PASSED] - Object 'Object Repository/Pages/FirstPayVault/tab_FirstPayVault' is clickable&#xD;
&#xD;
2019-11-04 07:40:18 - [MESSAGE][PASSED] - Object 'Object Repository/Pages/FirstPayVault/tab_FirstPayVault' is visible&#xD;
&#xD;
2019-11-04 07:40:19 - [MESSAGE][PASSED] - Object: 'Object Repository/Pages/FirstPayVault/tab_FirstPayVault' is clicked on&#xD;
&#xD;
2019-11-04 07:40:19 - [MESSAGE][INFO] - 1stPayVault_TestSuite.ts: click on the Click on FistPayVault tab&#xD;
&#xD;
2019-11-04 07:40:19 - [MESSAGE][PASSED] - utilities.SafeActions.safeClickWithoutScroll is PASSED&#xD;
&#xD;
2019-11-04 07:40:19 - [TEST_STEP][PASSED] - utilities.SafeActions.safeClickWithoutScroll(findTestObject("Pages/FirstPayVault/button_CreateVault"), "Click on CreateVault button", [PageLoadTime]): utilities.SafeActions.safeClickWithoutScroll is PASSED&#xD;
&#xD;
2019-11-04 07:40:19 - [MESSAGE][INFO] - Safe Click Without scroll&#xD;
&#xD;
2019-11-04 07:40:19 - [MESSAGE][INFO] - 1stPayVault_TestSuite.ts:waiting until Click on CreateVault button is Clickable&#xD;
&#xD;
2019-11-04 07:40:19 - [MESSAGE][PASSED] - Object 'Object Repository/Pages/FirstPayVault/button_CreateVault' is clickable&#xD;
&#xD;
2019-11-04 07:40:19 - [MESSAGE][PASSED] - Object 'Object Repository/Pages/FirstPayVault/button_CreateVault' is visible&#xD;
&#xD;
2019-11-04 07:40:20 - [MESSAGE][PASSED] - Object: 'Object Repository/Pages/FirstPayVault/button_CreateVault' is clicked on&#xD;
&#xD;
2019-11-04 07:40:20 - [MESSAGE][INFO] - 1stPayVault_TestSuite.ts: click on the Click on CreateVault button&#xD;
&#xD;
2019-11-04 07:40:20 - [MESSAGE][PASSED] - utilities.SafeActions.safeClickWithoutScroll is PASSED&#xD;
&#xD;
2019-11-04 07:40:20 - [TEST_STEP][PASSED] - scrollToElement(findTestObject("Pages/FirstPayVault/input_VaultReferenceNumber"), PageLoadTime): Scroll to object 'Object Repository/Pages/FirstPayVault/input_VaultReferenceNumber' successfully&#xD;
&#xD;
2019-11-04 07:40:20 - [MESSAGE][PASSED] - Scroll to object 'Object Repository/Pages/FirstPayVault/input_VaultReferenceNumber' successfully&#xD;
&#xD;
2019-11-04 07:40:20 - [TEST_STEP][PASSED] - vaultReference = utilities.SafeActions.timeWithMilliSeconds(): utilities.SafeActions.timeWithMilliSeconds is PASSED&#xD;
&#xD;
2019-11-04 07:40:20 - [MESSAGE][PASSED] - utilities.SafeActions.timeWithMilliSeconds is PASSED&#xD;
&#xD;
2019-11-04 07:40:20 - [TEST_STEP][PASSED] - utilities.SafeActions.safeType(findTestObject("Pages/FirstPayVault/input_VaultReferenceNumber"), vaultReference, "Entering Vault Reference Number", [PageLoadTime]): utilities.SafeActions.safeType is PASSED&#xD;
&#xD;
2019-11-04 07:40:20 - [MESSAGE][PASSED] - Object 'Object Repository/Pages/FirstPayVault/input_VaultReferenceNumber' is present&#xD;
&#xD;
2019-11-04 07:40:20 - [MESSAGE][PASSED] - Object 'Object Repository/Pages/FirstPayVault/input_VaultReferenceNumber' is present&#xD;
&#xD;
2019-11-04 07:40:21 - [MESSAGE][PASSED] - Object: 'Object Repository/Pages/FirstPayVault/input_VaultReferenceNumber' is clicked on&#xD;
&#xD;
2019-11-04 07:40:21 - [MESSAGE][PASSED] - Text '2019-11-04 07:40:20.167' is set on object 'Object Repository/Pages/FirstPayVault/input_VaultReferenceNumber'&#xD;
&#xD;
2019-11-04 07:40:21 - [MESSAGE][PASSED] - utilities.SafeActions.safeType is PASSED&#xD;
&#xD;
2019-11-04 07:40:21 - [TEST_STEP][PASSED] - utilities.SafeActions.safeType(findTestObject("Pages/FirstPayVault/input_CreditCardNumber"), visaCardNumber, "Entering Card Number", [PageLoadTime]): utilities.SafeActions.safeType is PASSED&#xD;
&#xD;
2019-11-04 07:40:21 - [MESSAGE][PASSED] - Object 'Object Repository/Pages/FirstPayVault/input_CreditCardNumber' is present&#xD;
&#xD;
2019-11-04 07:40:21 - [MESSAGE][PASSED] - Object 'Object Repository/Pages/FirstPayVault/input_CreditCardNumber' is present&#xD;
&#xD;
2019-11-04 07:40:22 - [MESSAGE][PASSED] - Object: 'Object Repository/Pages/FirstPayVault/input_CreditCardNumber' is clicked on&#xD;
&#xD;
2019-11-04 07:40:22 - [MESSAGE][PASSED] - Text '4111111111111111' is set on object 'Object Repository/Pages/FirstPayVault/input_CreditCardNumber'&#xD;
&#xD;
2019-11-04 07:40:22 - [MESSAGE][PASSED] - utilities.SafeActions.safeType is PASSED&#xD;
&#xD;
2019-11-04 07:40:22 - [TEST_STEP][PASSED] - utilities.SafeActions.safeSelectOptionInDropDownByVisibleText(findTestObject("Pages/FirstPayVault/dropDown_ExpirationMonth"), cardMonth, "Expiration Month", [PageLoadTime]): utilities.SafeActions.safeSelectOptionInDropDownByVisibleText is PASSED&#xD;
&#xD;
2019-11-04 07:40:22 - [MESSAGE][PASSED] - Object 'Object Repository/Pages/FirstPayVault/dropDown_ExpirationMonth' is visible&#xD;
&#xD;
2019-11-04 07:40:22 - [MESSAGE][PASSED] - Object 'Object Repository/Pages/FirstPayVault/dropDown_ExpirationMonth' is present&#xD;
&#xD;
2019-11-04 07:40:23 - [MESSAGE][PASSED] - Object: 'Object Repository/Pages/FirstPayVault/dropDown_ExpirationMonth' is clicked on&#xD;
&#xD;
2019-11-04 07:40:23 - [MESSAGE][PASSED] - All options with label 'September' are selected in object 'Object Repository/Pages/FirstPayVault/dropDown_ExpirationMonth' &#xD;
&#xD;
2019-11-04 07:40:23 - [MESSAGE][PASSED] - utilities.SafeActions.safeSelectOptionInDropDownByVisibleText is PASSED&#xD;
&#xD;
2019-11-04 07:40:23 - [TEST_STEP][PASSED] - utilities.SafeActions.safeSelectOptionInDropDownByVisibleText(findTestObject("Pages/FirstPayVault/dropDown_ExpirationYear"), cardYear, "year", [PageLoadTime]): utilities.SafeActions.safeSelectOptionInDropDownByVisibleText is PASSED&#xD;
&#xD;
2019-11-04 07:40:23 - [MESSAGE][PASSED] - Object 'Object Repository/Pages/FirstPayVault/dropDown_ExpirationYear' is visible&#xD;
&#xD;
2019-11-04 07:40:23 - [MESSAGE][PASSED] - Object 'Object Repository/Pages/FirstPayVault/dropDown_ExpirationYear' is present&#xD;
&#xD;
2019-11-04 07:40:24 - [MESSAGE][PASSED] - Object: 'Object Repository/Pages/FirstPayVault/dropDown_ExpirationYear' is clicked on&#xD;
&#xD;
2019-11-04 07:40:24 - [MESSAGE][PASSED] - All options with label '2032' are selected in object 'Object Repository/Pages/FirstPayVault/dropDown_ExpirationYear' &#xD;
&#xD;
2019-11-04 07:40:24 - [MESSAGE][PASSED] - utilities.SafeActions.safeSelectOptionInDropDownByVisibleText is PASSED&#xD;
&#xD;
2019-11-04 07:40:24 - [TEST_STEP][PASSED] - utilities.SafeActions.safeType(findTestObject("Pages/FirstPayVault/input_ContactName"), customerName, "Enter Contact Name", [PageLoadTime]): utilities.SafeActions.safeType is PASSED&#xD;
&#xD;
2019-11-04 07:40:25 - [MESSAGE][PASSED] - Object 'Object Repository/Pages/FirstPayVault/input_ContactName' is present&#xD;
&#xD;
2019-11-04 07:40:25 - [MESSAGE][PASSED] - Object 'Object Repository/Pages/FirstPayVault/input_ContactName' is present&#xD;
&#xD;
2019-11-04 07:40:25 - [MESSAGE][PASSED] - Object: 'Object Repository/Pages/FirstPayVault/input_ContactName' is clicked on&#xD;
&#xD;
2019-11-04 07:40:25 - [MESSAGE][PASSED] - Text 'Venkata Sai' is set on object 'Object Repository/Pages/FirstPayVault/input_ContactName'&#xD;
&#xD;
2019-11-04 07:40:25 - [MESSAGE][PASSED] - utilities.SafeActions.safeType is PASSED&#xD;
&#xD;
2019-11-04 07:40:25 - [TEST_STEP][PASSED] - utilities.SafeActions.safeType(findTestObject("Pages/FirstPayVault/input_PostalCode"), postalCode, "Enter Postal Code", [PageLoadTime]): utilities.SafeActions.safeType is PASSED&#xD;
&#xD;
2019-11-04 07:40:26 - [MESSAGE][PASSED] - Object 'Object Repository/Pages/FirstPayVault/input_PostalCode' is present&#xD;
&#xD;
2019-11-04 07:40:26 - [MESSAGE][PASSED] - Object 'Object Repository/Pages/FirstPayVault/input_PostalCode' is present&#xD;
&#xD;
2019-11-04 07:40:26 - [MESSAGE][PASSED] - Object: 'Object Repository/Pages/FirstPayVault/input_PostalCode' is clicked on&#xD;
&#xD;
2019-11-04 07:40:27 - [MESSAGE][PASSED] - Text '76102' is set on object 'Object Repository/Pages/FirstPayVault/input_PostalCode'&#xD;
&#xD;
2019-11-04 07:40:27 - [MESSAGE][PASSED] - utilities.SafeActions.safeType is PASSED&#xD;
&#xD;
2019-11-04 07:40:27 - [TEST_STEP][PASSED] - utilities.SafeActions.safeType(findTestObject("Pages/FirstPayVault/input_Address"), address, "Enter ddress", [PageLoadTime]): utilities.SafeActions.safeType is PASSED&#xD;
&#xD;
2019-11-04 07:40:27 - [MESSAGE][PASSED] - Object 'Object Repository/Pages/FirstPayVault/input_Address' is present&#xD;
&#xD;
2019-11-04 07:40:27 - [MESSAGE][PASSED] - Object 'Object Repository/Pages/FirstPayVault/input_Address' is present&#xD;
&#xD;
2019-11-04 07:40:27 - [MESSAGE][PASSED] - Object: 'Object Repository/Pages/FirstPayVault/input_Address' is clicked on&#xD;
&#xD;
2019-11-04 07:40:28 - [MESSAGE][PASSED] - Text 'Street123' is set on object 'Object Repository/Pages/FirstPayVault/input_Address'&#xD;
&#xD;
2019-11-04 07:40:28 - [MESSAGE][PASSED] - utilities.SafeActions.safeType is PASSED&#xD;
&#xD;
2019-11-04 07:40:28 - [TEST_STEP][PASSED] - utilities.SafeActions.safeCheckForElement(findTestObject("Pages/FirstPayVault/chekBox_AddShippingInformation"), PageLoadTime): utilities.SafeActions.safeCheckForElement is PASSED&#xD;
&#xD;
2019-11-04 07:40:28 - [MESSAGE][PASSED] - Object 'Object Repository/Pages/FirstPayVault/chekBox_AddShippingInformation' is present&#xD;
&#xD;
2019-11-04 07:40:28 - [MESSAGE][PASSED] - Object 'Object Repository/Pages/FirstPayVault/chekBox_AddShippingInformation' is visible&#xD;
&#xD;
2019-11-04 07:40:28 - [MESSAGE][PASSED] - Object 'Object Repository/Pages/FirstPayVault/chekBox_AddShippingInformation' is present&#xD;
&#xD;
2019-11-04 07:40:29 - [MESSAGE][PASSED] - Object 'Object Repository/Pages/FirstPayVault/chekBox_AddShippingInformation' is checked&#xD;
&#xD;
2019-11-04 07:40:29 - [MESSAGE][PASSED] - utilities.SafeActions.safeCheckForElement is PASSED&#xD;
&#xD;
2019-11-04 07:40:29 - [TEST_STEP][PASSED] - utilities.SafeActions.safeType(findTestObject("Pages/FirstPayVault/input_ShippingMethod"), shippingMethod, "Enter Shipping Method", [PageLoadTime]): utilities.SafeActions.safeType is PASSED&#xD;
&#xD;
2019-11-04 07:40:29 - [MESSAGE][PASSED] - Object 'Object Repository/Pages/FirstPayVault/input_ShippingMethod' is present&#xD;
&#xD;
2019-11-04 07:40:29 - [MESSAGE][PASSED] - Object 'Object Repository/Pages/FirstPayVault/input_ShippingMethod' is present&#xD;
&#xD;
2019-11-04 07:40:29 - [MESSAGE][PASSED] - Object: 'Object Repository/Pages/FirstPayVault/input_ShippingMethod' is clicked on&#xD;
&#xD;
2019-11-04 07:40:30 - [MESSAGE][PASSED] - Text 'DTDC' is set on object 'Object Repository/Pages/FirstPayVault/input_ShippingMethod'&#xD;
&#xD;
2019-11-04 07:40:30 - [MESSAGE][PASSED] - utilities.SafeActions.safeType is PASSED&#xD;
&#xD;
2019-11-04 07:40:30 - [TEST_STEP][PASSED] - utilities.SafeActions.safeCheckForElement(findTestObject("Pages/FirstPayVault/checkbox_SameAsBillingInformation"), PageLoadTime): utilities.SafeActions.safeCheckForElement is PASSED&#xD;
&#xD;
2019-11-04 07:40:30 - [MESSAGE][PASSED] - Object 'Object Repository/Pages/FirstPayVault/checkbox_SameAsBillingInformation' is present&#xD;
&#xD;
2019-11-04 07:40:30 - [MESSAGE][PASSED] - Object 'Object Repository/Pages/FirstPayVault/checkbox_SameAsBillingInformation' is visible&#xD;
&#xD;
2019-11-04 07:40:30 - [MESSAGE][PASSED] - Object 'Object Repository/Pages/FirstPayVault/checkbox_SameAsBillingInformation' is present&#xD;
&#xD;
2019-11-04 07:40:31 - [MESSAGE][PASSED] - Object 'Object Repository/Pages/FirstPayVault/checkbox_SameAsBillingInformation' is checked&#xD;
&#xD;
2019-11-04 07:40:31 - [MESSAGE][PASSED] - utilities.SafeActions.safeCheckForElement is PASSED&#xD;
&#xD;
2019-11-04 07:40:31 - [TEST_STEP][PASSED] - utilities.SafeActions.safeClickwithScroll(findTestObject("Pages/FirstPayVault/button_Create"), "Click on Create Button", [PageLoadTime]): utilities.SafeActions.safeClickwithScroll is PASSED&#xD;
&#xD;
2019-11-04 07:40:31 - [MESSAGE][PASSED] - Object 'Object Repository/Pages/FirstPayVault/button_Create' is present&#xD;
&#xD;
2019-11-04 07:40:31 - [MESSAGE][PASSED] - Object 'Object Repository/Pages/FirstPayVault/button_Create' is visible&#xD;
&#xD;
2019-11-04 07:40:31 - [MESSAGE][INFO] - 1stPayVault_TestSuite.ts:waiting until Click on Create Button is Clickable&#xD;
&#xD;
2019-11-04 07:40:31 - [MESSAGE][PASSED] - Object 'Object Repository/Pages/FirstPayVault/button_Create' is clickable&#xD;
&#xD;
2019-11-04 07:40:31 - [MESSAGE][PASSED] - Object 'Object Repository/Pages/FirstPayVault/button_Create' is visible&#xD;
&#xD;
2019-11-04 07:40:32 - [MESSAGE][PASSED] - Object: 'Object Repository/Pages/FirstPayVault/button_Create' is clicked on&#xD;
&#xD;
2019-11-04 07:40:32 - [MESSAGE][INFO] - 1stPayVault_TestSuite.ts: Clicked on the Click on Create Button&#xD;
&#xD;
2019-11-04 07:40:32 - [MESSAGE][PASSED] - utilities.SafeActions.safeClickwithScroll is PASSED&#xD;
&#xD;
2019-11-04 07:40:32 - [TEST_STEP][PASSED] - delay(2): Delayed 2 second(s)&#xD;
&#xD;
2019-11-04 07:40:34 - [MESSAGE][PASSED] - Delayed 2 second(s)&#xD;
&#xD;
2019-11-04 07:40:34 - [TEST_STEP][PASSED] - popupSavedToVaultMessage = utilities.SafeActions.safeGetText(findTestObject("Pages/FirstPayVault/popup_SavedToVaultMessage"), PageLoadTime): utilities.SafeActions.safeGetText is PASSED&#xD;
&#xD;
2019-11-04 07:40:34 - [MESSAGE][PASSED] - Object 'Object Repository/Pages/FirstPayVault/popup_SavedToVaultMessage' is present&#xD;
&#xD;
2019-11-04 07:40:34 - [MESSAGE][PASSED] - Scroll to object 'Object Repository/Pages/FirstPayVault/popup_SavedToVaultMessage' successfully&#xD;
&#xD;
2019-11-04 07:40:34 - [MESSAGE][PASSED] - Object 'Object Repository/Pages/FirstPayVault/popup_SavedToVaultMessage' is present&#xD;
&#xD;
2019-11-04 07:40:34 - [MESSAGE][PASSED] - Text of object 'Object Repository/Pages/FirstPayVault/popup_SavedToVaultMessage' is: 'Successfully Saved to Vault'&#xD;
&#xD;
2019-11-04 07:40:34 - [MESSAGE][PASSED] - utilities.SafeActions.safeGetText is PASSED&#xD;
&#xD;
2019-11-04 07:40:34 - [TEST_STEP][PASSED] - flag = utilities.SafeActions.verifyPopupMessage("Successfully Saved to Vault", popupSavedToVaultMessage): Popup Message : Successfully Saved to Vault matched with expected message : Successfully Saved to Vault&#xD;
&#xD;
2019-11-04 07:40:34 - [MESSAGE][PASSED] - Popup Message : Successfully Saved to Vault matched with expected message : Successfully Saved to Vault&#xD;
&#xD;
2019-11-04 07:40:34 - [TEST_STEP][PASSED] - utilities.SafeActions.safeClickWithoutScroll(findTestObject("Pages/FirstPayVault/button_SearchVault_InPopup"), "Search Vault in Popup", [delayBetweenTestSteps]): utilities.SafeActions.safeClickWithoutScroll is PASSED&#xD;
&#xD;
2019-11-04 07:40:34 - [MESSAGE][INFO] - Safe Click Without scroll&#xD;
&#xD;
2019-11-04 07:40:34 - [MESSAGE][INFO] - 1stPayVault_TestSuite.ts:waiting until Search Vault in Popup is Clickable&#xD;
&#xD;
2019-11-04 07:40:34 - [MESSAGE][PASSED] - Object 'Object Repository/Pages/FirstPayVault/button_SearchVault_InPopup' is clickable&#xD;
&#xD;
2019-11-04 07:40:34 - [MESSAGE][PASSED] - Object 'Object Repository/Pages/FirstPayVault/button_SearchVault_InPopup' is visible&#xD;
&#xD;
2019-11-04 07:40:36 - [MESSAGE][PASSED] - Object: 'Object Repository/Pages/FirstPayVault/button_SearchVault_InPopup' is clicked on&#xD;
&#xD;
2019-11-04 07:40:36 - [MESSAGE][INFO] - 1stPayVault_TestSuite.ts: click on the Search Vault in Popup&#xD;
&#xD;
2019-11-04 07:40:36 - [MESSAGE][PASSED] - utilities.SafeActions.safeClickWithoutScroll is PASSED&#xD;
&#xD;
2019-11-04 07:40:36 - [TEST_STEP][PASSED] - scrollToElement(findTestObject("Pages/FirstPayVault/filter_FullCreditCardNumber"), delayBetweenTestSteps): Scroll to object 'Object Repository/Pages/FirstPayVault/filter_FullCreditCardNumber' successfully&#xD;
&#xD;
2019-11-04 07:40:36 - [MESSAGE][PASSED] - Scroll to object 'Object Repository/Pages/FirstPayVault/filter_FullCreditCardNumber' successfully&#xD;
&#xD;
2019-11-04 07:40:36 - [TEST_STEP][PASSED] - utilities.SafeActions.safeType(findTestObject("Pages/FirstPayVault/filter_FullCreditCardNumber"), visaCardNumber, "Enter full Credit Card Number", [delayBetweenTestSteps]): utilities.SafeActions.safeType is PASSED&#xD;
&#xD;
2019-11-04 07:40:36 - [MESSAGE][PASSED] - Object 'Object Repository/Pages/FirstPayVault/filter_FullCreditCardNumber' is present&#xD;
&#xD;
2019-11-04 07:40:36 - [MESSAGE][PASSED] - Object 'Object Repository/Pages/FirstPayVault/filter_FullCreditCardNumber' is present&#xD;
&#xD;
2019-11-04 07:40:37 - [MESSAGE][PASSED] - Object: 'Object Repository/Pages/FirstPayVault/filter_FullCreditCardNumber' is clicked on&#xD;
&#xD;
2019-11-04 07:40:37 - [MESSAGE][PASSED] - Text '4111111111111111' is set on object 'Object Repository/Pages/FirstPayVault/filter_FullCreditCardNumber'&#xD;
&#xD;
2019-11-04 07:40:37 - [MESSAGE][PASSED] - utilities.SafeActions.safeType is PASSED&#xD;
&#xD;
2019-11-04 07:40:37 - [TEST_STEP][PASSED] - utilities.SafeActions.safeClickWithoutScroll(findTestObject("Pages/FirstPayVault/button_Search"), "Click On Search button", [PageLoadTime]): utilities.SafeActions.safeClickWithoutScroll is PASSED&#xD;
&#xD;
2019-11-04 07:40:37 - [MESSAGE][INFO] - Safe Click Without scroll&#xD;
&#xD;
2019-11-04 07:40:37 - [MESSAGE][INFO] - 1stPayVault_TestSuite.ts:waiting until Click On Search button is Clickable&#xD;
&#xD;
2019-11-04 07:40:37 - [MESSAGE][PASSED] - Object 'Object Repository/Pages/FirstPayVault/button_Search' is clickable&#xD;
&#xD;
2019-11-04 07:40:37 - [MESSAGE][PASSED] - Object 'Object Repository/Pages/FirstPayVault/button_Search' is visible&#xD;
&#xD;
2019-11-04 07:40:38 - [MESSAGE][PASSED] - Object: 'Object Repository/Pages/FirstPayVault/button_Search' is clicked on&#xD;
&#xD;
2019-11-04 07:40:38 - [MESSAGE][INFO] - 1stPayVault_TestSuite.ts: click on the Click On Search button&#xD;
&#xD;
2019-11-04 07:40:38 - [MESSAGE][PASSED] - utilities.SafeActions.safeClickWithoutScroll is PASSED&#xD;
&#xD;
2019-11-04 07:40:38 - [TEST_STEP][PASSED] - scrollToElement(findTestObject("Pages/Transaction_Management/invoice_ForTransaction"), PageLoadTime): Scroll to object 'Object Repository/Pages/Transaction_Management/invoice_ForTransaction' successfully&#xD;
&#xD;
2019-11-04 07:40:41 - [MESSAGE][PASSED] - Scroll to object 'Object Repository/Pages/Transaction_Management/invoice_ForTransaction' successfully&#xD;
&#xD;
2019-11-04 07:40:41 - [TEST_STEP][PASSED] - pages.FirstPayVault.verifyAllRecordsFilteredByCardNumber(findTestObject("Pages/FirstPayVault/footer_NextButton"), findTestObject("Pages/FirstPayVault/page_Number"), visaCardNumber): All filtered Records have expected card Number&#xD;
&#xD;
2019-11-04 07:40:41 - [MESSAGE][PASSED] - Text of object 'Object Repository/Pages/FirstPayVault/page_Number' is: 'Page 1 of 44'&#xD;
&#xD;
2019-11-04 07:40:42 - [MESSAGE][PASSED] - Delayed 1 second(s)&#xD;
&#xD;
2019-11-04 07:40:43 - [MESSAGE][PASSED] - Object: 'Object Repository/Pages/FirstPayVault/footer_NextButton' is clicked on&#xD;
&#xD;
2019-11-04 07:40:45 - [MESSAGE][PASSED] - Delayed 2 second(s)&#xD;
&#xD;
2019-11-04 07:40:46 - [MESSAGE][PASSED] - Delayed 1 second(s)&#xD;
&#xD;
2019-11-04 07:40:46 - [MESSAGE][PASSED] - Object: 'Object Repository/Pages/FirstPayVault/footer_NextButton' is clicked on&#xD;
&#xD;
2019-11-04 07:40:48 - [MESSAGE][PASSED] - Delayed 2 second(s)&#xD;
&#xD;
2019-11-04 07:40:49 - [MESSAGE][PASSED] - Delayed 1 second(s)&#xD;
&#xD;
2019-11-04 07:40:50 - [MESSAGE][PASSED] - Object: 'Object Repository/Pages/FirstPayVault/footer_NextButton' is clicked on&#xD;
&#xD;
2019-11-04 07:40:52 - [MESSAGE][PASSED] - Delayed 2 second(s)&#xD;
&#xD;
2019-11-04 07:40:53 - [MESSAGE][PASSED] - Delayed 1 second(s)&#xD;
&#xD;
2019-11-04 07:40:53 - [MESSAGE][PASSED] - Object: 'Object Repository/Pages/FirstPayVault/footer_NextButton' is clicked on&#xD;
&#xD;
2019-11-04 07:40:55 - [MESSAGE][PASSED] - Delayed 2 second(s)&#xD;
&#xD;
2019-11-04 07:40:56 - [MESSAGE][PASSED] - Delayed 1 second(s)&#xD;
&#xD;
2019-11-04 07:40:57 - [MESSAGE][PASSED] - Object: 'Object Repository/Pages/FirstPayVault/footer_NextButton' is clicked on&#xD;
&#xD;
2019-11-04 07:40:59 - [MESSAGE][PASSED] - Delayed 2 second(s)&#xD;
&#xD;
2019-11-04 07:41:00 - [MESSAGE][PASSED] - Delayed 1 second(s)&#xD;
&#xD;
2019-11-04 07:41:00 - [MESSAGE][PASSED] - Object: 'Object Repository/Pages/FirstPayVault/footer_NextButton' is clicked on&#xD;
&#xD;
2019-11-04 07:41:02 - [MESSAGE][PASSED] - Delayed 2 second(s)&#xD;
&#xD;
2019-11-04 07:41:03 - [MESSAGE][PASSED] - Delayed 1 second(s)&#xD;
&#xD;
2019-11-04 07:41:04 - [MESSAGE][PASSED] - Object: 'Object Repository/Pages/FirstPayVault/footer_NextButton' is clicked on&#xD;
&#xD;
2019-11-04 07:41:06 - [MESSAGE][PASSED] - Delayed 2 second(s)&#xD;
&#xD;
2019-11-04 07:41:07 - [MESSAGE][PASSED] - Delayed 1 second(s)&#xD;
&#xD;
2019-11-04 07:41:07 - [MESSAGE][PASSED] - Object: 'Object Repository/Pages/FirstPayVault/footer_NextButton' is clicked on&#xD;
&#xD;
2019-11-04 07:41:09 - [MESSAGE][PASSED] - Delayed 2 second(s)&#xD;
&#xD;
2019-11-04 07:41:10 - [MESSAGE][PASSED] - Delayed 1 second(s)&#xD;
&#xD;
2019-11-04 07:41:11 - [MESSAGE][PASSED] - Object: 'Object Repository/Pages/FirstPayVault/footer_NextButton' is clicked on&#xD;
&#xD;
2019-11-04 07:41:13 - [MESSAGE][PASSED] - Delayed 2 second(s)&#xD;
&#xD;
2019-11-04 07:41:14 - [MESSAGE][PASSED] - Delayed 1 second(s)&#xD;
&#xD;
2019-11-04 07:41:14 - [MESSAGE][PASSED] - Object: 'Object Repository/Pages/FirstPayVault/footer_NextButton' is clicked on&#xD;
&#xD;
2019-11-04 07:41:16 - [MESSAGE][PASSED] - Delayed 2 second(s)&#xD;
&#xD;
2019-11-04 07:41:18 - [MESSAGE][PASSED] - Delayed 1 second(s)&#xD;
&#xD;
2019-11-04 07:41:18 - [MESSAGE][PASSED] - Object: 'Object Repository/Pages/FirstPayVault/footer_NextButton' is clicked on&#xD;
&#xD;
2019-11-04 07:41:20 - [MESSAGE][PASSED] - Delayed 2 second(s)&#xD;
&#xD;
2019-11-04 07:41:21 - [MESSAGE][PASSED] - Delayed 1 second(s)&#xD;
&#xD;
2019-11-04 07:41:21 - [MESSAGE][PASSED] - Object: 'Object Repository/Pages/FirstPayVault/footer_NextButton' is clicked on&#xD;
&#xD;
2019-11-04 07:41:23 - [MESSAGE][PASSED] - Delayed 2 second(s)&#xD;
&#xD;
2019-11-04 07:41:25 - [MESSAGE][PASSED] - Delayed 1 second(s)&#xD;
&#xD;
2019-11-04 07:41:25 - [MESSAGE][PASSED] - Object: 'Object Repository/Pages/FirstPayVault/footer_NextButton' is clicked on&#xD;
&#xD;
2019-11-04 07:41:27 - [MESSAGE][PASSED] - Delayed 2 second(s)&#xD;
&#xD;
2019-11-04 07:41:28 - [MESSAGE][PASSED] - Delayed 1 second(s)&#xD;
&#xD;
2019-11-04 07:41:28 - [MESSAGE][PASSED] - Object: 'Object Repository/Pages/FirstPayVault/footer_NextButton' is clicked on&#xD;
&#xD;
2019-11-04 07:41:30 - [MESSAGE][PASSED] - Delayed 2 second(s)&#xD;
&#xD;
2019-11-04 07:41:32 - [MESSAGE][PASSED] - Delayed 1 second(s)&#xD;
&#xD;
2019-11-04 07:41:32 - [MESSAGE][PASSED] - Object: 'Object Repository/Pages/FirstPayVault/footer_NextButton' is clicked on&#xD;
&#xD;
2019-11-04 07:41:34 - [MESSAGE][PASSED] - Delayed 2 second(s)&#xD;
&#xD;
2019-11-04 07:41:35 - [MESSAGE][PASSED] - Delayed 1 second(s)&#xD;
&#xD;
2019-11-04 07:41:35 - [MESSAGE][PASSED] - Object: 'Object Repository/Pages/FirstPayVault/footer_NextButton' is clicked on&#xD;
&#xD;
2019-11-04 07:41:37 - [MESSAGE][PASSED] - Delayed 2 second(s)&#xD;
&#xD;
2019-11-04 07:41:39 - [MESSAGE][PASSED] - Delayed 1 second(s)&#xD;
&#xD;
2019-11-04 07:41:39 - [MESSAGE][PASSED] - Object: 'Object Repository/Pages/FirstPayVault/footer_NextButton' is clicked on&#xD;
&#xD;
2019-11-04 07:41:41 - [MESSAGE][PASSED] - Delayed 2 second(s)&#xD;
&#xD;
2019-11-04 07:41:42 - [MESSAGE][PASSED] - Delayed 1 second(s)&#xD;
&#xD;
2019-11-04 07:41:42 - [MESSAGE][PASSED] - Object: 'Object Repository/Pages/FirstPayVault/footer_NextButton' is clicked on&#xD;
&#xD;
2019-11-04 07:41:44 - [MESSAGE][PASSED] - Delayed 2 second(s)&#xD;
&#xD;
2019-11-04 07:41:46 - [MESSAGE][PASSED] - Delayed 1 second(s)&#xD;
&#xD;
2019-11-04 07:41:46 - [MESSAGE][PASSED] - Object: 'Object Repository/Pages/FirstPayVault/footer_NextButton' is clicked on&#xD;
&#xD;
2019-11-04 07:41:48 - [MESSAGE][PASSED] - Delayed 2 second(s)&#xD;
&#xD;
2019-11-04 07:41:49 - [MESSAGE][PASSED] - Delayed 1 second(s)&#xD;
&#xD;
2019-11-04 07:41:49 - [MESSAGE][PASSED] - Object: 'Object Repository/Pages/FirstPayVault/footer_NextButton' is clicked on&#xD;
&#xD;
2019-11-04 07:41:51 - [MESSAGE][PASSED] - Delayed 2 second(s)&#xD;
&#xD;
2019-11-04 07:41:53 - [MESSAGE][PASSED] - Delayed 1 second(s)&#xD;
&#xD;
2019-11-04 07:41:53 - [MESSAGE][PASSED] - Object: 'Object Repository/Pages/FirstPayVault/footer_NextButton' is clicked on&#xD;
&#xD;
2019-11-04 07:41:55 - [MESSAGE][PASSED] - Delayed 2 second(s)&#xD;
&#xD;
2019-11-04 07:41:56 - [MESSAGE][PASSED] - Delayed 1 second(s)&#xD;
&#xD;
2019-11-04 07:41:56 - [MESSAGE][PASSED] - Object: 'Object Repository/Pages/FirstPayVault/footer_NextButton' is clicked on&#xD;
&#xD;
2019-11-04 07:41:58 - [MESSAGE][PASSED] - Delayed 2 second(s)&#xD;
&#xD;
2019-11-04 07:42:00 - [MESSAGE][PASSED] - Delayed 1 second(s)&#xD;
&#xD;
2019-11-04 07:42:00 - [MESSAGE][PASSED] - Object: 'Object Repository/Pages/FirstPayVault/footer_NextButton' is clicked on&#xD;
&#xD;
2019-11-04 07:42:02 - [MESSAGE][PASSED] - Delayed 2 second(s)&#xD;
&#xD;
2019-11-04 07:42:03 - [MESSAGE][PASSED] - Delayed 1 second(s)&#xD;
&#xD;
2019-11-04 07:42:03 - [MESSAGE][PASSED] - Object: 'Object Repository/Pages/FirstPayVault/footer_NextButton' is clicked on&#xD;
&#xD;
2019-11-04 07:42:05 - [MESSAGE][PASSED] - Delayed 2 second(s)&#xD;
&#xD;
2019-11-04 07:42:07 - [MESSAGE][PASSED] - Delayed 1 second(s)&#xD;
&#xD;
2019-11-04 07:42:07 - [MESSAGE][PASSED] - Object: 'Object Repository/Pages/FirstPayVault/footer_NextButton' is clicked on&#xD;
&#xD;
2019-11-04 07:42:09 - [MESSAGE][PASSED] - Delayed 2 second(s)&#xD;
&#xD;
2019-11-04 07:42:10 - [MESSAGE][PASSED] - Delayed 1 second(s)&#xD;
&#xD;
2019-11-04 07:42:10 - [MESSAGE][PASSED] - Object: 'Object Repository/Pages/FirstPayVault/footer_NextButton' is clicked on&#xD;
&#xD;
2019-11-04 07:42:12 - [MESSAGE][PASSED] - Delayed 2 second(s)&#xD;
&#xD;
2019-11-04 07:42:14 - [MESSAGE][PASSED] - Delayed 1 second(s)&#xD;
&#xD;
2019-11-04 07:42:14 - [MESSAGE][PASSED] - Object: 'Object Repository/Pages/FirstPayVault/footer_NextButton' is clicked on&#xD;
&#xD;
2019-11-04 07:42:16 - [MESSAGE][PASSED] - Delayed 2 second(s)&#xD;
&#xD;
2019-11-04 07:42:17 - [MESSAGE][PASSED] - Delayed 1 second(s)&#xD;
&#xD;
2019-11-04 07:42:18 - [MESSAGE][PASSED] - Object: 'Object Repository/Pages/FirstPayVault/footer_NextButton' is clicked on&#xD;
&#xD;
2019-11-04 07:42:20 - [MESSAGE][PASSED] - Delayed 2 second(s)&#xD;
&#xD;
2019-11-04 07:42:21 - [MESSAGE][PASSED] - Delayed 1 second(s)&#xD;
&#xD;
2019-11-04 07:42:21 - [MESSAGE][PASSED] - Object: 'Object Repository/Pages/FirstPayVault/footer_NextButton' is clicked on&#xD;
&#xD;
2019-11-04 07:42:23 - [MESSAGE][PASSED] - Delayed 2 second(s)&#xD;
&#xD;
2019-11-04 07:42:24 - [MESSAGE][PASSED] - Delayed 1 second(s)&#xD;
&#xD;
2019-11-04 07:42:25 - [MESSAGE][PASSED] - Object: 'Object Repository/Pages/FirstPayVault/footer_NextButton' is clicked on&#xD;
&#xD;
2019-11-04 07:42:27 - [MESSAGE][PASSED] - Delayed 2 second(s)&#xD;
&#xD;
2019-11-04 07:42:28 - [MESSAGE][PASSED] - Delayed 1 second(s)&#xD;
&#xD;
2019-11-04 07:42:28 - [MESSAGE][PASSED] - Object: 'Object Repository/Pages/FirstPayVault/footer_NextButton' is clicked on&#xD;
&#xD;
2019-11-04 07:42:30 - [MESSAGE][PASSED] - Delayed 2 second(s)&#xD;
&#xD;
2019-11-04 07:42:31 - [MESSAGE][PASSED] - Delayed 1 second(s)&#xD;
&#xD;
2019-11-04 07:42:32 - [MESSAGE][PASSED] - Object: 'Object Repository/Pages/FirstPayVault/footer_NextButton' is clicked on&#xD;
&#xD;
2019-11-04 07:42:34 - [MESSAGE][PASSED] - Delayed 2 second(s)&#xD;
&#xD;
2019-11-04 07:42:35 - [MESSAGE][PASSED] - Delayed 1 second(s)&#xD;
&#xD;
2019-11-04 07:42:35 - [MESSAGE][PASSED] - Object: 'Object Repository/Pages/FirstPayVault/footer_NextButton' is clicked on&#xD;
&#xD;
2019-11-04 07:42:37 - [MESSAGE][PASSED] - Delayed 2 second(s)&#xD;
&#xD;
2019-11-04 07:42:38 - [MESSAGE][PASSED] - Delayed 1 second(s)&#xD;
&#xD;
2019-11-04 07:42:39 - [MESSAGE][PASSED] - Object: 'Object Repository/Pages/FirstPayVault/footer_NextButton' is clicked on&#xD;
&#xD;
2019-11-04 07:42:41 - [MESSAGE][PASSED] - Delayed 2 second(s)&#xD;
&#xD;
2019-11-04 07:42:42 - [MESSAGE][PASSED] - Delayed 1 second(s)&#xD;
&#xD;
2019-11-04 07:42:42 - [MESSAGE][PASSED] - Object: 'Object Repository/Pages/FirstPayVault/footer_NextButton' is clicked on&#xD;
&#xD;
2019-11-04 07:42:44 - [MESSAGE][PASSED] - Delayed 2 second(s)&#xD;
&#xD;
2019-11-04 07:42:45 - [MESSAGE][PASSED] - Delayed 1 second(s)&#xD;
&#xD;
2019-11-04 07:42:45 - [MESSAGE][PASSED] - Object: 'Object Repository/Pages/FirstPayVault/footer_NextButton' is clicked on&#xD;
&#xD;
2019-11-04 07:42:47 - [MESSAGE][PASSED] - Delayed 2 second(s)&#xD;
&#xD;
2019-11-04 07:42:49 - [MESSAGE][PASSED] - Delayed 1 second(s)&#xD;
&#xD;
2019-11-04 07:42:49 - [MESSAGE][PASSED] - Object: 'Object Repository/Pages/FirstPayVault/footer_NextButton' is clicked on&#xD;
&#xD;
2019-11-04 07:42:51 - [MESSAGE][PASSED] - Delayed 2 second(s)&#xD;
&#xD;
2019-11-04 07:42:52 - [MESSAGE][PASSED] - Delayed 1 second(s)&#xD;
&#xD;
2019-11-04 07:42:52 - [MESSAGE][PASSED] - Object: 'Object Repository/Pages/FirstPayVault/footer_NextButton' is clicked on&#xD;
&#xD;
2019-11-04 07:42:54 - [MESSAGE][PASSED] - Delayed 2 second(s)&#xD;
&#xD;
2019-11-04 07:42:56 - [MESSAGE][PASSED] - Delayed 1 second(s)&#xD;
&#xD;
2019-11-04 07:42:56 - [MESSAGE][PASSED] - Object: 'Object Repository/Pages/FirstPayVault/footer_NextButton' is clicked on&#xD;
&#xD;
2019-11-04 07:42:58 - [MESSAGE][PASSED] - Delayed 2 second(s)&#xD;
&#xD;
2019-11-04 07:42:59 - [MESSAGE][PASSED] - Delayed 1 second(s)&#xD;
&#xD;
2019-11-04 07:42:59 - [MESSAGE][PASSED] - Object: 'Object Repository/Pages/FirstPayVault/footer_NextButton' is clicked on&#xD;
&#xD;
2019-11-04 07:43:01 - [MESSAGE][PASSED] - Delayed 2 second(s)&#xD;
&#xD;
2019-11-04 07:43:02 - [MESSAGE][PASSED] - Delayed 1 second(s)&#xD;
&#xD;
2019-11-04 07:43:03 - [MESSAGE][PASSED] - Object: 'Object Repository/Pages/FirstPayVault/footer_NextButton' is clicked on&#xD;
&#xD;
2019-11-04 07:43:05 - [MESSAGE][PASSED] - Delayed 2 second(s)&#xD;
&#xD;
2019-11-04 07:43:06 - [MESSAGE][PASSED] - Delayed 1 second(s)&#xD;
&#xD;
2019-11-04 07:43:06 - [MESSAGE][PASSED] - Object: 'Object Repository/Pages/FirstPayVault/footer_NextButton' is clicked on&#xD;
&#xD;
2019-11-04 07:43:08 - [MESSAGE][PASSED] - Delayed 2 second(s)&#xD;
&#xD;
2019-11-04 07:43:09 - [MESSAGE][PASSED] - Delayed 1 second(s)&#xD;
&#xD;
2019-11-04 07:43:10 - [MESSAGE][PASSED] - Object: 'Object Repository/Pages/FirstPayVault/footer_NextButton' is clicked on&#xD;
&#xD;
2019-11-04 07:43:12 - [MESSAGE][PASSED] - Delayed 2 second(s)&#xD;
&#xD;
2019-11-04 07:43:13 - [MESSAGE][PASSED] - Delayed 1 second(s)&#xD;
&#xD;
2019-11-04 07:43:13 - [MESSAGE][PASSED] - Object: 'Object Repository/Pages/FirstPayVault/footer_NextButton' is clicked on&#xD;
&#xD;
2019-11-04 07:43:15 - [MESSAGE][PASSED] - Delayed 2 second(s)&#xD;
&#xD;
2019-11-04 07:43:15 - [MESSAGE][PASSED] - All filtered Records have expected card Number&#xD;
&#xD;
2019-11-04 07:43:15 - [TEST_STEP][PASSED] - closeBrowser(): Browser is closed&#xD;
&#xD;
2019-11-04 07:43:23 - [MESSAGE][PASSED] - Browser is closed&#xD;
&#xD;
2019-11-04 07:43:23 - [TEST_STEP][PASSED] - Start listener action : sampleAfterTestCase: null&#xD;
&#xD;
2019-11-04 07:43:23 - [TEST_STEP][PASSED] - println(testCaseContext.getTestCaseId()): null&#xD;
&#xD;
2019-11-04 07:43:23 - [TEST_STEP][PASSED] - println(testCaseContext.getTestCaseStatus()): null&#xD;
&#xD;
2019-11-04 07:43:23 - [TEST_STEP][PASSED] - testCaseName = testCaseContext.getTestCaseId(): null&#xD;
&#xD;
2019-11-04 07:43:23 - [TEST_STEP][PASSED] - strCount = testCaseName.lastIndexOf("/"): null&#xD;
&#xD;
2019-11-04 07:43:23 - [TEST_STEP][PASSED] - testCaseName = testCaseName.substring(strCount): null&#xD;
&#xD;
2019-11-04 07:43:23 - [TEST_STEP][PASSED] - println(testCaseName): null&#xD;
&#xD;
2019-11-04 07:43:23 - [TEST_STEP][PASSED] - if (getTestCaseStatus().equalsIgnoreCase("Error")): null&#xD;
&#xD;
2019-11-04 07:43:23 - [TEST_STEP][PASSED] - Start listener action : sampleAfterTestCase: null</system-out>
            <system-err></system-err>
        </testcase>
        <testcase name="Test Cases/FirstView/FirstPayVault/VPOS_1stPayVault_Search_Vault_By_VaultReferenceNumber_Retail" classname="Test Cases/FirstView/FirstPayVault/VPOS_1stPayVault_Search_Vault_By_VaultReferenceNumber_Retail" status="FAILED">
            <failure type="FAILED" message="Test Cases/FirstView/FirstPayVault/VPOS_1stPayVault_Search_Vault_By_VaultReferenceNumber_Retail FAILED.&#xA;Reason:&#xA;com.kms.katalon.core.exception.StepFailedException: Popup Message :  didnot match with expected message : Successfully Saved to Vault&#xD;&#xA;&#x9;at com.kms.katalon.core.util.KeywordUtil.markFailed(KeywordUtil.java:19)&#xD;&#xA;&#x9;at utilities.SafeActions.verifyPopupMessage(SafeActions.groovy:299)&#xD;&#xA;&#x9;at utilities.SafeActions.invokeMethod(SafeActions.groovy)&#xD;&#xA;&#x9;at com.kms.katalon.core.main.CustomKeywordDelegatingMetaClass.invokeStaticMethod(CustomKeywordDelegatingMetaClass.java:50)&#xD;&#xA;&#x9;at VPOS_1stPayVault_Search_Vault_By_VaultReferenceNumber_Retail.run(VPOS_1stPayVault_Search_Vault_By_VaultReferenceNumber_Retail:89)&#xD;&#xA;&#x9;at com.kms.katalon.core.main.ScriptEngine.run(ScriptEngine.java:194)&#xD;&#xA;&#x9;at com.kms.katalon.core.main.ScriptEngine.runScriptAsRawText(ScriptEngine.java:119)&#xD;&#xA;&#x9;at com.kms.katalon.core.main.TestCaseExecutor.runScript(TestCaseExecutor.java:337)&#xD;&#xA;&#x9;at com.kms.katalon.core.main.TestCaseExecutor.doExecute(TestCaseExecutor.java:328)&#xD;&#xA;&#x9;at com.kms.katalon.core.main.TestCaseExecutor.processExecutionPhase(TestCaseExecutor.java:307)&#xD;&#xA;&#x9;at com.kms.katalon.core.main.TestCaseExecutor.accessMainPhase(TestCaseExecutor.java:299)&#xD;&#xA;&#x9;at com.kms.katalon.core.main.TestCaseExecutor.execute(TestCaseExecutor.java:233)&#xD;&#xA;&#x9;at com.kms.katalon.core.main.TestSuiteExecutor.accessTestCaseMainPhase(TestSuiteExecutor.java:169)&#xD;&#xA;&#x9;at com.kms.katalon.core.main.TestSuiteExecutor.accessTestSuiteMainPhase(TestSuiteExecutor.java:142)&#xD;&#xA;&#x9;at com.kms.katalon.core.main.TestSuiteExecutor.execute(TestSuiteExecutor.java:91)&#xD;&#xA;&#x9;at com.kms.katalon.core.main.TestCaseMain.startTestSuite(TestCaseMain.java:157)&#xD;&#xA;&#x9;at com.kms.katalon.core.main.TestCaseMain$startTestSuite$0.call(Unknown Source)&#xD;&#xA;&#x9;at TempTestSuite1572873862836.run(TempTestSuite1572873862836.groovy:35)&#xD;&#xA;"/>
            <system-out>2019-11-04 07:43:23 - [TEST_CASE][FAILED] - Test Cases/FirstView/FirstPayVault/VPOS_1stPayVault_Search_Vault_By_VaultReferenceNumber_Retail: Test Cases/FirstView/FirstPayVault/VPOS_1stPayVault_Search_Vault_By_VaultReferenceNumber_Retail FAILED.
Reason:
com.kms.katalon.core.exception.StepFailedException: Popup Message :  didnot match with expected message : Successfully Saved to Vault&#xD;
	at com.kms.katalon.core.util.KeywordUtil.markFailed(KeywordUtil.java:19)&#xD;
	at utilities.SafeActions.verifyPopupMessage(SafeActions.groovy:299)&#xD;
	at utilities.SafeActions.invokeMethod(SafeActions.groovy)&#xD;
	at com.kms.katalon.core.main.CustomKeywordDelegatingMetaClass.invokeStaticMethod(CustomKeywordDelegatingMetaClass.java:50)&#xD;
	at VPOS_1stPayVault_Search_Vault_By_VaultReferenceNumber_Retail.run(VPOS_1stPayVault_Search_Vault_By_VaultReferenceNumber_Retail:89)&#xD;
	at com.kms.katalon.core.main.ScriptEngine.run(ScriptEngine.java:194)&#xD;
	at com.kms.katalon.core.main.ScriptEngine.runScriptAsRawText(ScriptEngine.java:119)&#xD;
	at com.kms.katalon.core.main.TestCaseExecutor.runScript(TestCaseExecutor.java:337)&#xD;
	at com.kms.katalon.core.main.TestCaseExecutor.doExecute(TestCaseExecutor.java:328)&#xD;
	at com.kms.katalon.core.main.TestCaseExecutor.processExecutionPhase(TestCaseExecutor.java:307)&#xD;
	at com.kms.katalon.core.main.TestCaseExecutor.accessMainPhase(TestCaseExecutor.java:299)&#xD;
	at com.kms.katalon.core.main.TestCaseExecutor.execute(TestCaseExecutor.java:233)&#xD;
	at com.kms.katalon.core.main.TestSuiteExecutor.accessTestCaseMainPhase(TestSuiteExecutor.java:169)&#xD;
	at com.kms.katalon.core.main.TestSuiteExecutor.accessTestSuiteMainPhase(TestSuiteExecutor.java:142)&#xD;
	at com.kms.katalon.core.main.TestSuiteExecutor.execute(TestSuiteExecutor.java:91)&#xD;
	at com.kms.katalon.core.main.TestCaseMain.startTestSuite(TestCaseMain.java:157)&#xD;
	at com.kms.katalon.core.main.TestCaseMain$startTestSuite$0.call(Unknown Source)&#xD;
	at TempTestSuite1572873862836.run(TempTestSuite1572873862836.groovy:35)&#xD;
&#xD;
&#xD;
2019-11-04 07:43:23 - [TEST_STEP][PASSED] - Start listener action : sampleBeforeTestCase: null&#xD;
&#xD;
2019-11-04 07:43:23 - [TEST_STEP][PASSED] - println(testCaseContext.getTestCaseId()): null&#xD;
&#xD;
2019-11-04 07:43:23 - [TEST_STEP][PASSED] - println(testCaseContext.getTestCaseVariables()): null&#xD;
&#xD;
2019-11-04 07:43:24 - [TEST_STEP][PASSED] - utilities.SafeActions.openBrowser(URL, [PageLoadTime]): utilities.SafeActions.openBrowser is PASSED&#xD;
&#xD;
2019-11-04 07:43:24 - [MESSAGE][INFO] - Opening Browser&#xD;
&#xD;
2019-11-04 07:43:24 - [MESSAGE][INFO] - Starting 'Firefox' driver&#xD;
&#xD;
2019-11-04 07:43:37 - [MESSAGE][PASSED] - Browser is opened with url: 'https://q-www-firstview-net.faps.net/MVC/Account/Login'&#xD;
&#xD;
2019-11-04 07:43:37 - [MESSAGE][PASSED] - Current window maximized&#xD;
&#xD;
2019-11-04 07:43:37 - [MESSAGE][INFO] - Browser Launched Successfully&#xD;
&#xD;
2019-11-04 07:43:37 - [MESSAGE][PASSED] - utilities.SafeActions.openBrowser is PASSED&#xD;
&#xD;
2019-11-04 07:43:37 - [TEST_STEP][PASSED] - pages.Login.login(uName, password): pages.Login.login is PASSED&#xD;
&#xD;
2019-11-04 07:43:37 - [MESSAGE][PASSED] - Object 'Object Repository/Pages/Login/userName' is present&#xD;
&#xD;
2019-11-04 07:43:37 - [MESSAGE][PASSED] - Object 'Object Repository/Pages/Login/userName' is present&#xD;
&#xD;
2019-11-04 07:43:38 - [MESSAGE][PASSED] - Object: 'Object Repository/Pages/Login/userName' is clicked on&#xD;
&#xD;
2019-11-04 07:43:38 - [MESSAGE][PASSED] - Text 'ZenQRetail' is set on object 'Object Repository/Pages/Login/userName'&#xD;
&#xD;
2019-11-04 07:43:38 - [MESSAGE][PASSED] - Object 'Object Repository/Pages/Login/password' is present&#xD;
&#xD;
2019-11-04 07:43:38 - [MESSAGE][PASSED] - Object 'Object Repository/Pages/Login/password' is present&#xD;
&#xD;
2019-11-04 07:43:39 - [MESSAGE][PASSED] - Object: 'Object Repository/Pages/Login/password' is clicked on&#xD;
&#xD;
2019-11-04 07:43:39 - [MESSAGE][PASSED] - Text 'P@ssword1' is set on object 'Object Repository/Pages/Login/password'&#xD;
&#xD;
2019-11-04 07:43:39 - [MESSAGE][INFO] - Safe Click Without scroll&#xD;
&#xD;
2019-11-04 07:43:39 - [MESSAGE][INFO] - 1stPayVault_TestSuite.ts:waiting until Click on Login is Clickable&#xD;
&#xD;
2019-11-04 07:43:39 - [MESSAGE][PASSED] - Object 'Object Repository/Pages/Login/login' is clickable&#xD;
&#xD;
2019-11-04 07:43:39 - [MESSAGE][PASSED] - Object 'Object Repository/Pages/Login/login' is visible&#xD;
&#xD;
2019-11-04 07:43:42 - [MESSAGE][PASSED] - Object: 'Object Repository/Pages/Login/login' is clicked on&#xD;
&#xD;
2019-11-04 07:43:42 - [MESSAGE][INFO] - 1stPayVault_TestSuite.ts: click on the Click on Login&#xD;
&#xD;
2019-11-04 07:43:42 - [MESSAGE][PASSED] - pages.Login.login is PASSED&#xD;
&#xD;
2019-11-04 07:43:42 - [TEST_STEP][PASSED] - callTestCase(findTestCase("FirstView/Login/TC_SendCode"), [:], STOP_ON_FAILURE): Call Test Case 'Test Cases/FirstView/Login/TC_SendCode' successfully&#xD;
&#xD;
2019-11-04 07:43:42 - [TEST_CASE][PASSED] - Test Cases/FirstView/Login/TC_SendCode: Test Cases/FirstView/Login/TC_SendCode&#xD;
&#xD;
2019-11-04 07:43:42 - [TEST_STEP][PASSED] - flag = pages.SendCode.verifyPage(): pages.SendCode.verifyPage is PASSED&#xD;
&#xD;
2019-11-04 07:43:42 - [MESSAGE][PASSED] - Object 'Object Repository/Pages/SendCodeToValidate/header_SendCodeToValidate' is present and visible in viewport&#xD;
&#xD;
2019-11-04 07:43:42 - [MESSAGE][PASSED] - pages.SendCode.verifyPage is PASSED&#xD;
&#xD;
2019-11-04 07:43:42 - [TEST_STEP][PASSED] - if (flag): pages.SendCode.clickonUserSettings is PASSED&#xD;
&#xD;
2019-11-04 07:43:42 - [TEST_STEP][PASSED] - pages.SendCode.clickonUserSettings(): pages.SendCode.clickonUserSettings is PASSED&#xD;
&#xD;
2019-11-04 07:43:42 - [MESSAGE][PASSED] - Object 'Object Repository/Pages/SendCodeToValidate/link_UserSettings' is present&#xD;
&#xD;
2019-11-04 07:43:42 - [MESSAGE][PASSED] - Object 'Object Repository/Pages/SendCodeToValidate/link_UserSettings' is visible&#xD;
&#xD;
2019-11-04 07:43:42 - [MESSAGE][INFO] - 1stPayVault_TestSuite.ts:waiting until Click on User Settings is Clickable&#xD;
&#xD;
2019-11-04 07:43:42 - [MESSAGE][PASSED] - Object 'Object Repository/Pages/SendCodeToValidate/link_UserSettings' is clickable&#xD;
&#xD;
2019-11-04 07:43:42 - [MESSAGE][PASSED] - Object 'Object Repository/Pages/SendCodeToValidate/link_UserSettings' is visible&#xD;
&#xD;
2019-11-04 07:43:44 - [MESSAGE][PASSED] - Object: 'Object Repository/Pages/SendCodeToValidate/link_UserSettings' is clicked on&#xD;
&#xD;
2019-11-04 07:43:44 - [MESSAGE][INFO] - 1stPayVault_TestSuite.ts: Clicked on the Click on User Settings&#xD;
&#xD;
2019-11-04 07:43:44 - [MESSAGE][PASSED] - pages.SendCode.clickonUserSettings is PASSED&#xD;
&#xD;
2019-11-04 07:43:44 - [MESSAGE][PASSED] - Call Test Case 'Test Cases/FirstView/Login/TC_SendCode' successfully&#xD;
&#xD;
2019-11-04 07:43:44 - [TEST_STEP][PASSED] - callTestCase(findTestCase("FirstView/Login/TC_FirstView"), [:], STOP_ON_FAILURE): Call Test Case 'Test Cases/FirstView/Login/TC_FirstView' successfully&#xD;
&#xD;
2019-11-04 07:43:44 - [TEST_CASE][PASSED] - Test Cases/FirstView/Login/TC_FirstView: Test Cases/FirstView/Login/TC_FirstView&#xD;
&#xD;
2019-11-04 07:43:44 - [TEST_STEP][NOT_RUN] - utilities.SafeActions.safeClickWithoutScroll(findTestObject("Pages/FirstView/link_Home"), "Click on Home button in First View screen", [PageLoadTime]): NOT_RUN: utilities.SafeActions.safeClickWithoutScroll(findTestObject("Pages/FirstView/link_Home"), "Click on Home button in First View screen", [PageLoadTime])&#xD;
&#xD;
2019-11-04 07:43:44 - [MESSAGE][NOT_RUN] - NOT_RUN: utilities.SafeActions.safeClickWithoutScroll(findTestObject("Pages/FirstView/link_Home"), "Click on Home button in First View screen", [PageLoadTime])&#xD;
&#xD;
2019-11-04 07:43:44 - [TEST_STEP][PASSED] - delay(3): Delayed 3 second(s)&#xD;
&#xD;
2019-11-04 07:43:47 - [MESSAGE][PASSED] - Delayed 3 second(s)&#xD;
&#xD;
2019-11-04 07:43:47 - [TEST_STEP][PASSED] - utilities.SafeActions.javascriptclick(findTestObject("Pages/FirstView/link_Home"), delayForElement): utilities.SafeActions.javascriptclick is PASSED&#xD;
&#xD;
2019-11-04 07:43:47 - [MESSAGE][PASSED] - utilities.SafeActions.javascriptclick is PASSED&#xD;
&#xD;
2019-11-04 07:43:47 - [TEST_STEP][PASSED] - utilities.SafeActions.safeClickWithoutScroll(findTestObject("Pages/FirstView/link_VPOS"), "Click on VPOS button in First View screen", [PageLoadTime]): utilities.SafeActions.safeClickWithoutScroll is PASSED&#xD;
&#xD;
2019-11-04 07:43:47 - [MESSAGE][INFO] - Safe Click Without scroll&#xD;
&#xD;
2019-11-04 07:43:47 - [MESSAGE][INFO] - 1stPayVault_TestSuite.ts:waiting until Click on VPOS button in First View screen is Clickable&#xD;
&#xD;
2019-11-04 07:43:49 - [MESSAGE][PASSED] - Object 'Object Repository/Pages/FirstView/link_VPOS' is clickable&#xD;
&#xD;
2019-11-04 07:43:49 - [MESSAGE][PASSED] - Object 'Object Repository/Pages/FirstView/link_VPOS' is visible&#xD;
&#xD;
2019-11-04 07:43:50 - [MESSAGE][PASSED] - Object: 'Object Repository/Pages/FirstView/link_VPOS' is clicked on&#xD;
&#xD;
2019-11-04 07:43:50 - [MESSAGE][INFO] - 1stPayVault_TestSuite.ts: click on the Click on VPOS button in First View screen&#xD;
&#xD;
2019-11-04 07:43:50 - [MESSAGE][PASSED] - utilities.SafeActions.safeClickWithoutScroll is PASSED&#xD;
&#xD;
2019-11-04 07:43:50 - [MESSAGE][PASSED] - Call Test Case 'Test Cases/FirstView/Login/TC_FirstView' successfully&#xD;
&#xD;
2019-11-04 07:43:50 - [TEST_STEP][PASSED] - switchToWindowTitle("Transcenter - VPOS"): Switched to window with title: 'Transcenter - VPOS'&#xD;
&#xD;
2019-11-04 07:43:53 - [MESSAGE][PASSED] - Switched to window with title: 'Transcenter - VPOS'&#xD;
&#xD;
2019-11-04 07:43:53 - [TEST_STEP][PASSED] - focus(findTestObject("Pages/FirstPayVault/tab_FirstPayVault")): Object: 'Object Repository/Pages/FirstPayVault/tab_FirstPayVault' is focused&#xD;
&#xD;
2019-11-04 07:43:56 - [MESSAGE][PASSED] - Object: 'Object Repository/Pages/FirstPayVault/tab_FirstPayVault' is focused&#xD;
&#xD;
2019-11-04 07:43:56 - [TEST_STEP][PASSED] - utilities.SafeActions.javascriptclick(findTestObject("Pages/FirstPayVault/tab_FirstPayVault"), PageLoadTime): utilities.SafeActions.javascriptclick is PASSED&#xD;
&#xD;
2019-11-04 07:43:56 - [MESSAGE][PASSED] - utilities.SafeActions.javascriptclick is PASSED&#xD;
&#xD;
2019-11-04 07:43:56 - [TEST_STEP][PASSED] - delay(2): Delayed 2 second(s)&#xD;
&#xD;
2019-11-04 07:43:58 - [MESSAGE][PASSED] - Delayed 2 second(s)&#xD;
&#xD;
2019-11-04 07:43:58 - [TEST_STEP][PASSED] - utilities.SafeActions.safeClickWithoutScroll(findTestObject("Pages/FirstPayVault/tab_FirstPayVault"), "Click on FistPayVault tab", [delayForElement]): utilities.SafeActions.safeClickWithoutScroll is PASSED&#xD;
&#xD;
2019-11-04 07:43:59 - [MESSAGE][INFO] - Safe Click Without scroll&#xD;
&#xD;
2019-11-04 07:43:59 - [MESSAGE][INFO] - 1stPayVault_TestSuite.ts:waiting until Click on FistPayVault tab is Clickable&#xD;
&#xD;
2019-11-04 07:43:59 - [MESSAGE][PASSED] - Object 'Object Repository/Pages/FirstPayVault/tab_FirstPayVault' is clickable&#xD;
&#xD;
2019-11-04 07:43:59 - [MESSAGE][PASSED] - Object 'Object Repository/Pages/FirstPayVault/tab_FirstPayVault' is visible&#xD;
&#xD;
2019-11-04 07:44:00 - [MESSAGE][PASSED] - Object: 'Object Repository/Pages/FirstPayVault/tab_FirstPayVault' is clicked on&#xD;
&#xD;
2019-11-04 07:44:00 - [MESSAGE][INFO] - 1stPayVault_TestSuite.ts: click on the Click on FistPayVault tab&#xD;
&#xD;
2019-11-04 07:44:00 - [MESSAGE][PASSED] - utilities.SafeActions.safeClickWithoutScroll is PASSED&#xD;
&#xD;
2019-11-04 07:44:00 - [TEST_STEP][PASSED] - utilities.SafeActions.safeClickWithoutScroll(findTestObject("Pages/FirstPayVault/button_CreateVault"), "Click on CreateVault button", [PageLoadTime]): utilities.SafeActions.safeClickWithoutScroll is PASSED&#xD;
&#xD;
2019-11-04 07:44:00 - [MESSAGE][INFO] - Safe Click Without scroll&#xD;
&#xD;
2019-11-04 07:44:00 - [MESSAGE][INFO] - 1stPayVault_TestSuite.ts:waiting until Click on CreateVault button is Clickable&#xD;
&#xD;
2019-11-04 07:44:00 - [MESSAGE][PASSED] - Object 'Object Repository/Pages/FirstPayVault/button_CreateVault' is clickable&#xD;
&#xD;
2019-11-04 07:44:00 - [MESSAGE][PASSED] - Object 'Object Repository/Pages/FirstPayVault/button_CreateVault' is visible&#xD;
&#xD;
2019-11-04 07:44:01 - [MESSAGE][PASSED] - Object: 'Object Repository/Pages/FirstPayVault/button_CreateVault' is clicked on&#xD;
&#xD;
2019-11-04 07:44:01 - [MESSAGE][INFO] - 1stPayVault_TestSuite.ts: click on the Click on CreateVault button&#xD;
&#xD;
2019-11-04 07:44:01 - [MESSAGE][PASSED] - utilities.SafeActions.safeClickWithoutScroll is PASSED&#xD;
&#xD;
2019-11-04 07:44:01 - [TEST_STEP][PASSED] - scrollToElement(findTestObject("Pages/FirstPayVault/input_VaultReferenceNumber"), 5): Scroll to object 'Object Repository/Pages/FirstPayVault/input_VaultReferenceNumber' successfully&#xD;
&#xD;
2019-11-04 07:44:01 - [MESSAGE][PASSED] - Scroll to object 'Object Repository/Pages/FirstPayVault/input_VaultReferenceNumber' successfully&#xD;
&#xD;
2019-11-04 07:44:01 - [TEST_STEP][PASSED] - vaultReference = utilities.SafeActions.timeWithMilliSeconds(): utilities.SafeActions.timeWithMilliSeconds is PASSED&#xD;
&#xD;
2019-11-04 07:44:01 - [MESSAGE][PASSED] - utilities.SafeActions.timeWithMilliSeconds is PASSED&#xD;
&#xD;
2019-11-04 07:44:01 - [TEST_STEP][PASSED] - utilities.SafeActions.safeType(findTestObject("Pages/FirstPayVault/input_VaultReferenceNumber"), vaultReference, "Entering Vault Reference Number", [PageLoadTime]): utilities.SafeActions.safeType is PASSED&#xD;
&#xD;
2019-11-04 07:44:01 - [MESSAGE][PASSED] - Object 'Object Repository/Pages/FirstPayVault/input_VaultReferenceNumber' is present&#xD;
&#xD;
2019-11-04 07:44:01 - [MESSAGE][PASSED] - Object 'Object Repository/Pages/FirstPayVault/input_VaultReferenceNumber' is present&#xD;
&#xD;
2019-11-04 07:44:02 - [MESSAGE][PASSED] - Object: 'Object Repository/Pages/FirstPayVault/input_VaultReferenceNumber' is clicked on&#xD;
&#xD;
2019-11-04 07:44:02 - [MESSAGE][PASSED] - Text '2019-11-04 07:44:01.439' is set on object 'Object Repository/Pages/FirstPayVault/input_VaultReferenceNumber'&#xD;
&#xD;
2019-11-04 07:44:02 - [MESSAGE][PASSED] - utilities.SafeActions.safeType is PASSED&#xD;
&#xD;
2019-11-04 07:44:02 - [TEST_STEP][PASSED] - utilities.SafeActions.safeType(findTestObject("Pages/FirstPayVault/input_CreditCardNumber"), visaCardNumber, "Entering Card Number", [PageLoadTime]): utilities.SafeActions.safeType is PASSED&#xD;
&#xD;
2019-11-04 07:44:02 - [MESSAGE][PASSED] - Object 'Object Repository/Pages/FirstPayVault/input_CreditCardNumber' is present&#xD;
&#xD;
2019-11-04 07:44:02 - [MESSAGE][PASSED] - Object 'Object Repository/Pages/FirstPayVault/input_CreditCardNumber' is present&#xD;
&#xD;
2019-11-04 07:44:03 - [MESSAGE][PASSED] - Object: 'Object Repository/Pages/FirstPayVault/input_CreditCardNumber' is clicked on&#xD;
&#xD;
2019-11-04 07:44:03 - [MESSAGE][PASSED] - Text '4111111111111111' is set on object 'Object Repository/Pages/FirstPayVault/input_CreditCardNumber'&#xD;
&#xD;
2019-11-04 07:44:03 - [MESSAGE][PASSED] - utilities.SafeActions.safeType is PASSED&#xD;
&#xD;
2019-11-04 07:44:03 - [TEST_STEP][PASSED] - utilities.SafeActions.safeSelectOptionInDropDownByVisibleText(findTestObject("Pages/FirstPayVault/dropDown_ExpirationMonth"), cardMonth, "Expiration Month", [PageLoadTime]): utilities.SafeActions.safeSelectOptionInDropDownByVisibleText is PASSED&#xD;
&#xD;
2019-11-04 07:44:03 - [MESSAGE][PASSED] - Object 'Object Repository/Pages/FirstPayVault/dropDown_ExpirationMonth' is visible&#xD;
&#xD;
2019-11-04 07:44:03 - [MESSAGE][PASSED] - Object 'Object Repository/Pages/FirstPayVault/dropDown_ExpirationMonth' is present&#xD;
&#xD;
2019-11-04 07:44:04 - [MESSAGE][PASSED] - Object: 'Object Repository/Pages/FirstPayVault/dropDown_ExpirationMonth' is clicked on&#xD;
&#xD;
2019-11-04 07:44:05 - [MESSAGE][PASSED] - All options with label 'September' are selected in object 'Object Repository/Pages/FirstPayVault/dropDown_ExpirationMonth' &#xD;
&#xD;
2019-11-04 07:44:05 - [MESSAGE][PASSED] - utilities.SafeActions.safeSelectOptionInDropDownByVisibleText is PASSED&#xD;
&#xD;
2019-11-04 07:44:05 - [TEST_STEP][PASSED] - utilities.SafeActions.safeSelectOptionInDropDownByVisibleText(findTestObject("Pages/FirstPayVault/dropDown_ExpirationYear"), cardYear, "year", [PageLoadTime]): utilities.SafeActions.safeSelectOptionInDropDownByVisibleText is PASSED&#xD;
&#xD;
2019-11-04 07:44:05 - [MESSAGE][PASSED] - Object 'Object Repository/Pages/FirstPayVault/dropDown_ExpirationYear' is visible&#xD;
&#xD;
2019-11-04 07:44:05 - [MESSAGE][PASSED] - Object 'Object Repository/Pages/FirstPayVault/dropDown_ExpirationYear' is present&#xD;
&#xD;
2019-11-04 07:44:06 - [MESSAGE][PASSED] - Object: 'Object Repository/Pages/FirstPayVault/dropDown_ExpirationYear' is clicked on&#xD;
&#xD;
2019-11-04 07:44:06 - [MESSAGE][PASSED] - All options with label '2032' are selected in object 'Object Repository/Pages/FirstPayVault/dropDown_ExpirationYear' &#xD;
&#xD;
2019-11-04 07:44:06 - [MESSAGE][PASSED] - utilities.SafeActions.safeSelectOptionInDropDownByVisibleText is PASSED&#xD;
&#xD;
2019-11-04 07:44:06 - [TEST_STEP][PASSED] - utilities.SafeActions.safeType(findTestObject("Pages/FirstPayVault/input_ContactName"), customerName, "Enter Contact Name", [PageLoadTime]): utilities.SafeActions.safeType is PASSED&#xD;
&#xD;
2019-11-04 07:44:06 - [MESSAGE][PASSED] - Object 'Object Repository/Pages/FirstPayVault/input_ContactName' is present&#xD;
&#xD;
2019-11-04 07:44:06 - [MESSAGE][PASSED] - Object 'Object Repository/Pages/FirstPayVault/input_ContactName' is present&#xD;
&#xD;
2019-11-04 07:44:07 - [MESSAGE][PASSED] - Object: 'Object Repository/Pages/FirstPayVault/input_ContactName' is clicked on&#xD;
&#xD;
2019-11-04 07:44:07 - [MESSAGE][PASSED] - Text 'Venkata Sai' is set on object 'Object Repository/Pages/FirstPayVault/input_ContactName'&#xD;
&#xD;
2019-11-04 07:44:07 - [MESSAGE][PASSED] - utilities.SafeActions.safeType is PASSED&#xD;
&#xD;
2019-11-04 07:44:07 - [TEST_STEP][PASSED] - utilities.SafeActions.safeType(findTestObject("Pages/FirstPayVault/input_PostalCode"), postalCode, "Enter Postal Code", [PageLoadTime]): utilities.SafeActions.safeType is PASSED&#xD;
&#xD;
2019-11-04 07:44:07 - [MESSAGE][PASSED] - Object 'Object Repository/Pages/FirstPayVault/input_PostalCode' is present&#xD;
&#xD;
2019-11-04 07:44:07 - [MESSAGE][PASSED] - Object 'Object Repository/Pages/FirstPayVault/input_PostalCode' is present&#xD;
&#xD;
2019-11-04 07:44:08 - [MESSAGE][PASSED] - Object: 'Object Repository/Pages/FirstPayVault/input_PostalCode' is clicked on&#xD;
&#xD;
2019-11-04 07:44:08 - [MESSAGE][PASSED] - Text '76102' is set on object 'Object Repository/Pages/FirstPayVault/input_PostalCode'&#xD;
&#xD;
2019-11-04 07:44:08 - [MESSAGE][PASSED] - utilities.SafeActions.safeType is PASSED&#xD;
&#xD;
2019-11-04 07:44:08 - [TEST_STEP][PASSED] - utilities.SafeActions.safeType(findTestObject("Pages/FirstPayVault/input_Address"), address, "Enter ddress", [PageLoadTime]): utilities.SafeActions.safeType is PASSED&#xD;
&#xD;
2019-11-04 07:44:08 - [MESSAGE][PASSED] - Object 'Object Repository/Pages/FirstPayVault/input_Address' is present&#xD;
&#xD;
2019-11-04 07:44:08 - [MESSAGE][PASSED] - Object 'Object Repository/Pages/FirstPayVault/input_Address' is present&#xD;
&#xD;
2019-11-04 07:44:09 - [MESSAGE][PASSED] - Object: 'Object Repository/Pages/FirstPayVault/input_Address' is clicked on&#xD;
&#xD;
2019-11-04 07:44:09 - [MESSAGE][PASSED] - Text 'Street123' is set on object 'Object Repository/Pages/FirstPayVault/input_Address'&#xD;
&#xD;
2019-11-04 07:44:09 - [MESSAGE][PASSED] - utilities.SafeActions.safeType is PASSED&#xD;
&#xD;
2019-11-04 07:44:09 - [TEST_STEP][PASSED] - utilities.SafeActions.safeCheckForElement(findTestObject("Pages/FirstPayVault/chekBox_AddShippingInformation"), PageLoadTime): utilities.SafeActions.safeCheckForElement is PASSED&#xD;
&#xD;
2019-11-04 07:44:10 - [MESSAGE][PASSED] - Object 'Object Repository/Pages/FirstPayVault/chekBox_AddShippingInformation' is present&#xD;
&#xD;
2019-11-04 07:44:10 - [MESSAGE][PASSED] - Object 'Object Repository/Pages/FirstPayVault/chekBox_AddShippingInformation' is visible&#xD;
&#xD;
2019-11-04 07:44:10 - [MESSAGE][PASSED] - Object 'Object Repository/Pages/FirstPayVault/chekBox_AddShippingInformation' is present&#xD;
&#xD;
2019-11-04 07:44:11 - [MESSAGE][PASSED] - Object 'Object Repository/Pages/FirstPayVault/chekBox_AddShippingInformation' is checked&#xD;
&#xD;
2019-11-04 07:44:11 - [MESSAGE][PASSED] - utilities.SafeActions.safeCheckForElement is PASSED&#xD;
&#xD;
2019-11-04 07:44:11 - [TEST_STEP][PASSED] - utilities.SafeActions.safeType(findTestObject("Pages/FirstPayVault/input_ShippingMethod"), shippingMethod, "Enter Shipping Method", [PageLoadTime]): utilities.SafeActions.safeType is PASSED&#xD;
&#xD;
2019-11-04 07:44:11 - [MESSAGE][PASSED] - Object 'Object Repository/Pages/FirstPayVault/input_ShippingMethod' is present&#xD;
&#xD;
2019-11-04 07:44:11 - [MESSAGE][PASSED] - Object 'Object Repository/Pages/FirstPayVault/input_ShippingMethod' is present&#xD;
&#xD;
2019-11-04 07:44:11 - [MESSAGE][PASSED] - Object: 'Object Repository/Pages/FirstPayVault/input_ShippingMethod' is clicked on&#xD;
&#xD;
2019-11-04 07:44:11 - [MESSAGE][PASSED] - Text 'DTDC' is set on object 'Object Repository/Pages/FirstPayVault/input_ShippingMethod'&#xD;
&#xD;
2019-11-04 07:44:11 - [MESSAGE][PASSED] - utilities.SafeActions.safeType is PASSED&#xD;
&#xD;
2019-11-04 07:44:11 - [TEST_STEP][PASSED] - utilities.SafeActions.safeCheckForElement(findTestObject("Pages/FirstPayVault/checkbox_SameAsBillingInformation"), PageLoadTime): utilities.SafeActions.safeCheckForElement is PASSED&#xD;
&#xD;
2019-11-04 07:44:12 - [MESSAGE][PASSED] - Object 'Object Repository/Pages/FirstPayVault/checkbox_SameAsBillingInformation' is present&#xD;
&#xD;
2019-11-04 07:44:12 - [MESSAGE][PASSED] - Object 'Object Repository/Pages/FirstPayVault/checkbox_SameAsBillingInformation' is visible&#xD;
&#xD;
2019-11-04 07:44:12 - [MESSAGE][PASSED] - Object 'Object Repository/Pages/FirstPayVault/checkbox_SameAsBillingInformation' is present&#xD;
&#xD;
2019-11-04 07:44:13 - [MESSAGE][PASSED] - Object 'Object Repository/Pages/FirstPayVault/checkbox_SameAsBillingInformation' is checked&#xD;
&#xD;
2019-11-04 07:44:13 - [MESSAGE][PASSED] - utilities.SafeActions.safeCheckForElement is PASSED&#xD;
&#xD;
2019-11-04 07:44:13 - [TEST_STEP][PASSED] - utilities.SafeActions.safeClickwithScroll(findTestObject("Pages/FirstPayVault/button_Create"), "Click on Create Button", [PageLoadTime]): utilities.SafeActions.safeClickwithScroll is PASSED&#xD;
&#xD;
2019-11-04 07:44:13 - [MESSAGE][PASSED] - Object 'Object Repository/Pages/FirstPayVault/button_Create' is present&#xD;
&#xD;
2019-11-04 07:44:13 - [MESSAGE][PASSED] - Object 'Object Repository/Pages/FirstPayVault/button_Create' is visible&#xD;
&#xD;
2019-11-04 07:44:13 - [MESSAGE][INFO] - 1stPayVault_TestSuite.ts:waiting until Click on Create Button is Clickable&#xD;
&#xD;
2019-11-04 07:45:13 - [MESSAGE][WARNING] - Object 'Object Repository/Pages/FirstPayVault/button_Create' is not clickable after 60 second(s)&#xD;
&#xD;
2019-11-04 07:45:13 - [MESSAGE][PASSED] - Object 'Object Repository/Pages/FirstPayVault/button_Create' is visible&#xD;
&#xD;
2019-11-04 07:45:15 - [MESSAGE][PASSED] - Object: 'Object Repository/Pages/FirstPayVault/button_Create' is clicked on&#xD;
&#xD;
2019-11-04 07:45:15 - [MESSAGE][INFO] - 1stPayVault_TestSuite.ts: Clicked on the Click on Create Button&#xD;
&#xD;
2019-11-04 07:45:15 - [MESSAGE][PASSED] - utilities.SafeActions.safeClickwithScroll is PASSED&#xD;
&#xD;
2019-11-04 07:45:15 - [TEST_STEP][PASSED] - delay(2): Delayed 2 second(s)&#xD;
&#xD;
2019-11-04 07:45:17 - [MESSAGE][PASSED] - Delayed 2 second(s)&#xD;
&#xD;
2019-11-04 07:45:17 - [TEST_STEP][PASSED] - popupSavedToVaultMessage = utilities.SafeActions.safeGetText(findTestObject("Pages/FirstPayVault/popup_SavedToVaultMessage"), PageLoadTime): utilities.SafeActions.safeGetText is PASSED&#xD;
&#xD;
2019-11-04 07:45:17 - [MESSAGE][PASSED] - Object 'Object Repository/Pages/FirstPayVault/popup_SavedToVaultMessage' is present&#xD;
&#xD;
2019-11-04 07:45:17 - [MESSAGE][PASSED] - Scroll to object 'Object Repository/Pages/FirstPayVault/popup_SavedToVaultMessage' successfully&#xD;
&#xD;
2019-11-04 07:45:17 - [MESSAGE][PASSED] - Object 'Object Repository/Pages/FirstPayVault/popup_SavedToVaultMessage' is present&#xD;
&#xD;
2019-11-04 07:45:17 - [MESSAGE][PASSED] - Text of object 'Object Repository/Pages/FirstPayVault/popup_SavedToVaultMessage' is: ''&#xD;
&#xD;
2019-11-04 07:45:17 - [MESSAGE][PASSED] - utilities.SafeActions.safeGetText is PASSED&#xD;
&#xD;
2019-11-04 07:45:17 - [TEST_STEP][FAILED] - flag = utilities.SafeActions.verifyPopupMessage("Successfully Saved to Vault", popupSavedToVaultMessage): com.kms.katalon.core.exception.StepFailedException: Popup Message :  didnot match with expected message : Successfully Saved to Vault&#xD;
&#xD;
2019-11-04 07:45:17 - [MESSAGE][FAILED] - Popup Message :  didnot match with expected message : Successfully Saved to Vault&#xD;
&#xD;
2019-11-04 07:45:17 - [MESSAGE][FAILED] - com.kms.katalon.core.exception.StepFailedException: Popup Message :  didnot match with expected message : Successfully Saved to Vault&#xD;
&#xD;
2019-11-04 07:45:17 - [TEST_STEP][ERROR] - utilities.SafeActions.safeClickWithoutScroll(findTestObject("Pages/FirstPayVault/button_SearchVault_InPopup"), "Search Vault in Popup", [delayBetweenTestSteps]): com.kms.katalon.core.exception.StepErrorException: 1stPayVault_TestSuite.ts:Search Vault in Popup is not Clickable&#xD;
&#xD;
2019-11-04 07:45:17 - [MESSAGE][INFO] - Safe Click Without scroll&#xD;
&#xD;
2019-11-04 07:45:17 - [MESSAGE][INFO] - 1stPayVault_TestSuite.ts:waiting until Search Vault in Popup is Clickable&#xD;
&#xD;
2019-11-04 07:45:17 - [MESSAGE][PASSED] - Object 'Object Repository/Pages/FirstPayVault/button_SearchVault_InPopup' is clickable&#xD;
&#xD;
2019-11-04 07:45:18 - [MESSAGE][FAILED] - Object 'Object Repository/Pages/FirstPayVault/button_SearchVault_InPopup' is NOT visible (Root cause: com.kms.katalon.core.exception.StepFailedException: Object 'Object Repository/Pages/FirstPayVault/button_SearchVault_InPopup' is NOT visible&#xD;
	at com.kms.katalon.core.webui.keyword.internal.WebUIKeywordMain.stepFailed(WebUIKeywordMain.groovy:64)&#xD;
	at com.kms.katalon.core.webui.keyword.builtin.VerifyElementVisibleKeyword$_verifyElementVisible_closure1.doCall(VerifyElementVisibleKeyword.groovy:83)&#xD;
	at com.kms.katalon.core.webui.keyword.builtin.VerifyElementVisibleKeyword$_verifyElementVisible_closure1.call(VerifyElementVisibleKeyword.groovy)&#xD;
	at com.kms.katalon.core.webui.keyword.internal.WebUIKeywordMain.runKeyword(WebUIKeywordMain.groovy:20)&#xD;
	at com.kms.katalon.core.webui.keyword.builtin.VerifyElementVisibleKeyword.verifyElementVisible(VerifyElementVisibleKeyword.groovy:97)&#xD;
	at com.kms.katalon.core.webui.keyword.builtin.VerifyElementVisibleKeyword.execute(VerifyElementVisibleKeyword.groovy:67)&#xD;
	at com.kms.katalon.core.keyword.internal.KeywordExecutor.executeKeywordForPlatform(KeywordExecutor.groovy:56)&#xD;
	at com.kms.katalon.core.webui.keyword.WebUiBuiltInKeywords.verifyElementVisible(WebUiBuiltInKeywords.groovy:372)&#xD;
	at com.kms.katalon.core.webui.keyword.WebUiBuiltInKeywords$verifyElementVisible$6.call(Unknown Source)&#xD;
	at utilities.SafeActions.waitUntilClickable(SafeActions.groovy:174)&#xD;
	at utilities.SafeActions.safeClickWithoutScroll(SafeActions.groovy:137)&#xD;
	at utilities.SafeActions.invokeMethod(SafeActions.groovy)&#xD;
	at com.kms.katalon.core.main.CustomKeywordDelegatingMetaClass.invokeStaticMethod(CustomKeywordDelegatingMetaClass.java:50)&#xD;
	at VPOS_1stPayVault_Search_Vault_By_VaultReferenceNumber_Retail.run(VPOS_1stPayVault_Search_Vault_By_VaultReferenceNumber_Retail:92)&#xD;
	at com.kms.katalon.core.main.ScriptEngine.run(ScriptEngine.java:194)&#xD;
	at com.kms.katalon.core.main.ScriptEngine.runScriptAsRawText(ScriptEngine.java:119)&#xD;
	at com.kms.katalon.core.main.TestCaseExecutor.runScript(TestCaseExecutor.java:337)&#xD;
	at com.kms.katalon.core.main.TestCaseExecutor.doExecute(TestCaseExecutor.java:328)&#xD;
	at com.kms.katalon.core.main.TestCaseExecutor.processExecutionPhase(TestCaseExecutor.java:307)&#xD;
	at com.kms.katalon.core.main.TestCaseExecutor.accessMainPhase(TestCaseExecutor.java:299)&#xD;
	at com.kms.katalon.core.main.TestCaseExecutor.execute(TestCaseExecutor.java:233)&#xD;
	at com.kms.katalon.core.main.TestSuiteExecutor.accessTestCaseMainPhase(TestSuiteExecutor.java:169)&#xD;
	at com.kms.katalon.core.main.TestSuiteExecutor.accessTestSuiteMainPhase(TestSuiteExecutor.java:142)&#xD;
	at com.kms.katalon.core.main.TestSuiteExecutor.execute(TestSuiteExecutor.java:91)&#xD;
	at com.kms.katalon.core.main.TestCaseMain.startTestSuite(TestCaseMain.java:157)&#xD;
	at com.kms.katalon.core.main.TestCaseMain$startTestSuite$0.call(Unknown Source)&#xD;
	at TempTestSuite1572873862836.run(TempTestSuite1572873862836.groovy:35)&#xD;
)&#xD;
[[ATTACHMENT|C:\\VPOS_Git_31-10-2019\\VPOS_Internal\\Reports\\20191104_072422\\FirstView\\1stPayVault_TestSuite\\20191104_072422\\1572875117918.png]]&#xD;
&#xD;
2019-11-04 07:45:18 - [MESSAGE][FAILED] - Unable to verify object 'Object Repository/Pages/FirstPayVault/button_SearchVault_InPopup' is visible (Root cause: com.kms.katalon.core.exception.StepFailedException: Unable to verify object 'Object Repository/Pages/FirstPayVault/button_SearchVault_InPopup' is visible&#xD;
	at com.kms.katalon.core.webui.keyword.internal.WebUIKeywordMain.stepFailed(WebUIKeywordMain.groovy:64)&#xD;
	at com.kms.katalon.core.webui.keyword.internal.WebUIKeywordMain.runKeyword(WebUIKeywordMain.groovy:26)&#xD;
	at com.kms.katalon.core.webui.keyword.builtin.VerifyElementVisibleKeyword.verifyElementVisible(VerifyElementVisibleKeyword.groovy:97)&#xD;
	at com.kms.katalon.core.webui.keyword.builtin.VerifyElementVisibleKeyword.execute(VerifyElementVisibleKeyword.groovy:67)&#xD;
	at com.kms.katalon.core.keyword.internal.KeywordExecutor.executeKeywordForPlatform(KeywordExecutor.groovy:56)&#xD;
	at com.kms.katalon.core.webui.keyword.WebUiBuiltInKeywords.verifyElementVisible(WebUiBuiltInKeywords.groovy:372)&#xD;
	at com.kms.katalon.core.webui.keyword.WebUiBuiltInKeywords$verifyElementVisible$6.call(Unknown Source)&#xD;
	at utilities.SafeActions.waitUntilClickable(SafeActions.groovy:174)&#xD;
	at utilities.SafeActions.safeClickWithoutScroll(SafeActions.groovy:137)&#xD;
	at utilities.SafeActions.invokeMethod(SafeActions.groovy)&#xD;
	at com.kms.katalon.core.main.CustomKeywordDelegatingMetaClass.invokeStaticMethod(CustomKeywordDelegatingMetaClass.java:50)&#xD;
	at VPOS_1stPayVault_Search_Vault_By_VaultReferenceNumber_Retail.run(VPOS_1stPayVault_Search_Vault_By_VaultReferenceNumber_Retail:92)&#xD;
	at com.kms.katalon.core.main.ScriptEngine.run(ScriptEngine.java:194)&#xD;
	at com.kms.katalon.core.main.ScriptEngine.runScriptAsRawText(ScriptEngine.java:119)&#xD;
	at com.kms.katalon.core.main.TestCaseExecutor.runScript(TestCaseExecutor.java:337)&#xD;
	at com.kms.katalon.core.main.TestCaseExecutor.doExecute(TestCaseExecutor.java:328)&#xD;
	at com.kms.katalon.core.main.TestCaseExecutor.processExecutionPhase(TestCaseExecutor.java:307)&#xD;
	at com.kms.katalon.core.main.TestCaseExecutor.accessMainPhase(TestCaseExecutor.java:299)&#xD;
	at com.kms.katalon.core.main.TestCaseExecutor.execute(TestCaseExecutor.java:233)&#xD;
	at com.kms.katalon.core.main.TestSuiteExecutor.accessTestCaseMainPhase(TestSuiteExecutor.java:169)&#xD;
	at com.kms.katalon.core.main.TestSuiteExecutor.accessTestSuiteMainPhase(TestSuiteExecutor.java:142)&#xD;
	at com.kms.katalon.core.main.TestSuiteExecutor.execute(TestSuiteExecutor.java:91)&#xD;
	at com.kms.katalon.core.main.TestCaseMain.startTestSuite(TestCaseMain.java:157)&#xD;
	at com.kms.katalon.core.main.TestCaseMain$startTestSuite$0.call(Unknown Source)&#xD;
	at TempTestSuite1572873862836.run(TempTestSuite1572873862836.groovy:35)&#xD;
Caused by: com.kms.katalon.core.exception.StepFailedException: Object 'Object Repository/Pages/FirstPayVault/button_SearchVault_InPopup' is NOT visible&#xD;
	at com.kms.katalon.core.webui.keyword.internal.WebUIKeywordMain.stepFailed(WebUIKeywordMain.groovy:64)&#xD;
	at com.kms.katalon.core.webui.keyword.builtin.VerifyElementVisibleKeyword$_verifyElementVisible_closure1.doCall(VerifyElementVisibleKeyword.groovy:83)&#xD;
	at com.kms.katalon.core.webui.keyword.builtin.VerifyElementVisibleKeyword$_verifyElementVisible_closure1.call(VerifyElementVisibleKeyword.groovy)&#xD;
	at com.kms.katalon.core.webui.keyword.internal.WebUIKeywordMain.runKeyword(WebUIKeywordMain.groovy:20)&#xD;
	... 23 more&#xD;
)&#xD;
[[ATTACHMENT|C:\\VPOS_Git_31-10-2019\\VPOS_Internal\\Reports\\20191104_072422\\FirstView\\1stPayVault_TestSuite\\20191104_072422\\1572875118077.png]]&#xD;
&#xD;
2019-11-04 07:45:18 - [MESSAGE][FAILED] - 1stPayVault_TestSuite.ts:Search Vault in Popup is not clickable in time - 3seconds&#xD;
&#xD;
2019-11-04 07:45:18 - [MESSAGE][ERROR] - com.kms.katalon.core.exception.StepErrorException: 1stPayVault_TestSuite.ts:Search Vault in Popup is not Clickable&#xD;
&#xD;
2019-11-04 07:45:18 - [TEST_STEP][FAILED] - scrollToElement(findTestObject("Pages/FirstPayVault/filter_SearchPayVaultByVaultReferenceNumber"), delayBetweenTestSteps): Unable to scroll to object 'Object Repository/Pages/FirstPayVault/filter_SearchPayVaultByVaultReferenceNumber' (Root cause: com.kms.katalon.core.exception.StepFailedException: Unable to scroll to object 'Object Repository/Pages/FirstPayVault/filter_SearchPayVaultByVaultReferenceNumber'&#xD;
	at com.kms.katalon.core.webui.keyword.internal.WebUIKeywordMain.stepFailed(WebUIKeywordMain.groovy:64)&#xD;
	at com.kms.katalon.core.webui.keyword.internal.WebUIKeywordMain.runKeyword(WebUIKeywordMain.groovy:26)&#xD;
	at com.kms.katalon.core.webui.keyword.builtin.ScrollToElementKeyword.scrollToElement(ScrollToElementKeyword.groovy:88)&#xD;
	at com.kms.katalon.core.webui.keyword.builtin.ScrollToElementKeyword.execute(ScrollToElementKeyword.groovy:68)&#xD;
	at com.kms.katalon.core.keyword.internal.KeywordExecutor.executeKeywordForPlatform(KeywordExecutor.groovy:56)&#xD;
	at com.kms.katalon.core.webui.keyword.WebUiBuiltInKeywords.scrollToElement(WebUiBuiltInKeywords.groovy:2975)&#xD;
	at com.kms.katalon.core.webui.keyword.WebUiBuiltInKeywords$scrollToElement$10.call(Unknown Source)&#xD;
	at VPOS_1stPayVault_Search_Vault_By_VaultReferenceNumber_Retail.run(VPOS_1stPayVault_Search_Vault_By_VaultReferenceNumber_Retail:94)&#xD;
	at com.kms.katalon.core.main.ScriptEngine.run(ScriptEngine.java:194)&#xD;
	at com.kms.katalon.core.main.ScriptEngine.runScriptAsRawText(ScriptEngine.java:119)&#xD;
	at com.kms.katalon.core.main.TestCaseExecutor.runScript(TestCaseExecutor.java:337)&#xD;
	at com.kms.katalon.core.main.TestCaseExecutor.doExecute(TestCaseExecutor.java:328)&#xD;
	at com.kms.katalon.core.main.TestCaseExecutor.processExecutionPhase(TestCaseExecutor.java:307)&#xD;
	at com.kms.katalon.core.main.TestCaseExecutor.accessMainPhase(TestCaseExecutor.java:299)&#xD;
	at com.kms.katalon.core.main.TestCaseExecutor.execute(TestCaseExecutor.java:233)&#xD;
	at com.kms.katalon.core.main.TestSuiteExecutor.accessTestCaseMainPhase(TestSuiteExecutor.java:169)&#xD;
	at com.kms.katalon.core.main.TestSuiteExecutor.accessTestSuiteMainPhase(TestSuiteExecutor.java:142)&#xD;
	at com.kms.katalon.core.main.TestSuiteExecutor.execute(TestSuiteExecutor.java:91)&#xD;
	at com.kms.katalon.core.main.TestCaseMain.startTestSuite(TestCaseMain.java:157)&#xD;
	at com.kms.katalon.core.main.TestCaseMain$startTestSuite$0.call(Unknown Source)&#xD;
	at TempTestSuite1572873862836.run(TempTestSuite1572873862836.groovy:35)&#xD;
Caused by: com.kms.katalon.core.webui.exception.WebElementNotFoundException: Web element with id: 'Object Repository/Pages/FirstPayVault/filter_SearchPayVaultByVaultReferenceNumber' located by 'By.xpath: //input[@id='text-search-vault-ref-num']' not found&#xD;
	at com.kms.katalon.core.webui.common.WebUiCommonHelper.findWebElement(WebUiCommonHelper.java:1097)&#xD;
	at com.kms.katalon.core.webui.keyword.internal.WebUIAbstractKeyword.findWebElement(WebUIAbstractKeyword.groovy:27)&#xD;
	at com.kms.katalon.core.webui.keyword.internal.WebUIAbstractKeyword.findWebElement(WebUIAbstractKeyword.groovy:26)&#xD;
	at com.kms.katalon.core.webui.keyword.builtin.ScrollToElementKeyword$_scrollToElement_closure1.doCall(ScrollToElementKeyword.groovy:79)&#xD;
	at com.kms.katalon.core.webui.keyword.builtin.ScrollToElementKeyword$_scrollToElement_closure1.call(ScrollToElementKeyword.groovy)&#xD;
	at com.kms.katalon.core.webui.keyword.internal.WebUIKeywordMain.runKeyword(WebUIKeywordMain.groovy:20)&#xD;
	at com.kms.katalon.core.webui.keyword.builtin.ScrollToElementKeyword.scrollToElement(ScrollToElementKeyword.groovy:88)&#xD;
	at com.kms.katalon.core.webui.keyword.builtin.ScrollToElementKeyword.execute(ScrollToElementKeyword.groovy:68)&#xD;
	at com.kms.katalon.core.keyword.internal.KeywordExecutor.executeKeywordForPlatform(KeywordExecutor.groovy:56)&#xD;
	at com.kms.katalon.core.webui.keyword.WebUiBuiltInKeywords.scrollToElement(WebUiBuiltInKeywords.groovy:2975)&#xD;
	at com.kms.katalon.core.webui.keyword.WebUiBuiltInKeywords$scrollToElement$10.call(Unknown Source)&#xD;
	at Script1572607047983.run(Script1572607047983.groovy:94)&#xD;
	... 13 more&#xD;
)&#xD;
&#xD;
2019-11-04 07:45:48 - [MESSAGE][INFO] - Unable to find the element located by 'By.xpath: //input[@id='text-search-vault-ref-num']'. Please recheck the objects properties to make sure the desired element is located. &#xD;
&#xD;
2019-11-04 07:45:49 - [MESSAGE][FAILED] - Unable to scroll to object 'Object Repository/Pages/FirstPayVault/filter_SearchPayVaultByVaultReferenceNumber' (Root cause: com.kms.katalon.core.exception.StepFailedException: Unable to scroll to object 'Object Repository/Pages/FirstPayVault/filter_SearchPayVaultByVaultReferenceNumber'&#xD;
	at com.kms.katalon.core.webui.keyword.internal.WebUIKeywordMain.stepFailed(WebUIKeywordMain.groovy:64)&#xD;
	at com.kms.katalon.core.webui.keyword.internal.WebUIKeywordMain.runKeyword(WebUIKeywordMain.groovy:26)&#xD;
	at com.kms.katalon.core.webui.keyword.builtin.ScrollToElementKeyword.scrollToElement(ScrollToElementKeyword.groovy:88)&#xD;
	at com.kms.katalon.core.webui.keyword.builtin.ScrollToElementKeyword.execute(ScrollToElementKeyword.groovy:68)&#xD;
	at com.kms.katalon.core.keyword.internal.KeywordExecutor.executeKeywordForPlatform(KeywordExecutor.groovy:56)&#xD;
	at com.kms.katalon.core.webui.keyword.WebUiBuiltInKeywords.scrollToElement(WebUiBuiltInKeywords.groovy:2975)&#xD;
	at com.kms.katalon.core.webui.keyword.WebUiBuiltInKeywords$scrollToElement$10.call(Unknown Source)&#xD;
	at VPOS_1stPayVault_Search_Vault_By_VaultReferenceNumber_Retail.run(VPOS_1stPayVault_Search_Vault_By_VaultReferenceNumber_Retail:94)&#xD;
	at com.kms.katalon.core.main.ScriptEngine.run(ScriptEngine.java:194)&#xD;
	at com.kms.katalon.core.main.ScriptEngine.runScriptAsRawText(ScriptEngine.java:119)&#xD;
	at com.kms.katalon.core.main.TestCaseExecutor.runScript(TestCaseExecutor.java:337)&#xD;
	at com.kms.katalon.core.main.TestCaseExecutor.doExecute(TestCaseExecutor.java:328)&#xD;
	at com.kms.katalon.core.main.TestCaseExecutor.processExecutionPhase(TestCaseExecutor.java:307)&#xD;
	at com.kms.katalon.core.main.TestCaseExecutor.accessMainPhase(TestCaseExecutor.java:299)&#xD;
	at com.kms.katalon.core.main.TestCaseExecutor.execute(TestCaseExecutor.java:233)&#xD;
	at com.kms.katalon.core.main.TestSuiteExecutor.accessTestCaseMainPhase(TestSuiteExecutor.java:169)&#xD;
	at com.kms.katalon.core.main.TestSuiteExecutor.accessTestSuiteMainPhase(TestSuiteExecutor.java:142)&#xD;
	at com.kms.katalon.core.main.TestSuiteExecutor.execute(TestSuiteExecutor.java:91)&#xD;
	at com.kms.katalon.core.main.TestCaseMain.startTestSuite(TestCaseMain.java:157)&#xD;
	at com.kms.katalon.core.main.TestCaseMain$startTestSuite$0.call(Unknown Source)&#xD;
	at TempTestSuite1572873862836.run(TempTestSuite1572873862836.groovy:35)&#xD;
Caused by: com.kms.katalon.core.webui.exception.WebElementNotFoundException: Web element with id: 'Object Repository/Pages/FirstPayVault/filter_SearchPayVaultByVaultReferenceNumber' located by 'By.xpath: //input[@id='text-search-vault-ref-num']' not found&#xD;
	at com.kms.katalon.core.webui.common.WebUiCommonHelper.findWebElement(WebUiCommonHelper.java:1097)&#xD;
	at com.kms.katalon.core.webui.keyword.internal.WebUIAbstractKeyword.findWebElement(WebUIAbstractKeyword.groovy:27)&#xD;
	at com.kms.katalon.core.webui.keyword.internal.WebUIAbstractKeyword.findWebElement(WebUIAbstractKeyword.groovy:26)&#xD;
	at com.kms.katalon.core.webui.keyword.builtin.ScrollToElementKeyword$_scrollToElement_closure1.doCall(ScrollToElementKeyword.groovy:79)&#xD;
	at com.kms.katalon.core.webui.keyword.builtin.ScrollToElementKeyword$_scrollToElement_closure1.call(ScrollToElementKeyword.groovy)&#xD;
	at com.kms.katalon.core.webui.keyword.internal.WebUIKeywordMain.runKeyword(WebUIKeywordMain.groovy:20)&#xD;
	at com.kms.katalon.core.webui.keyword.builtin.ScrollToElementKeyword.scrollToElement(ScrollToElementKeyword.groovy:88)&#xD;
	at com.kms.katalon.core.webui.keyword.builtin.ScrollToElementKeyword.execute(ScrollToElementKeyword.groovy:68)&#xD;
	at com.kms.katalon.core.keyword.internal.KeywordExecutor.executeKeywordForPlatform(KeywordExecutor.groovy:56)&#xD;
	at com.kms.katalon.core.webui.keyword.WebUiBuiltInKeywords.scrollToElement(WebUiBuiltInKeywords.groovy:2975)&#xD;
	at com.kms.katalon.core.webui.keyword.WebUiBuiltInKeywords$scrollToElement$10.call(Unknown Source)&#xD;
	at Script1572607047983.run(Script1572607047983.groovy:94)&#xD;
	... 13 more&#xD;
)&#xD;
[[ATTACHMENT|C:\\VPOS_Git_31-10-2019\\VPOS_Internal\\Reports\\20191104_072422\\FirstView\\1stPayVault_TestSuite\\20191104_072422\\1572875148915.png]]&#xD;
&#xD;
2019-11-04 07:45:49 - [TEST_STEP][PASSED] - Start listener action : sampleAfterTestCase: null&#xD;
&#xD;
2019-11-04 07:45:49 - [TEST_STEP][PASSED] - println(testCaseContext.getTestCaseId()): null&#xD;
&#xD;
2019-11-04 07:45:49 - [TEST_STEP][PASSED] - println(testCaseContext.getTestCaseStatus()): null&#xD;
&#xD;
2019-11-04 07:45:49 - [TEST_STEP][PASSED] - testCaseName = testCaseContext.getTestCaseId(): null&#xD;
&#xD;
2019-11-04 07:45:49 - [TEST_STEP][PASSED] - strCount = testCaseName.lastIndexOf("/"): null&#xD;
&#xD;
2019-11-04 07:45:49 - [TEST_STEP][PASSED] - testCaseName = testCaseName.substring(strCount): null&#xD;
&#xD;
2019-11-04 07:45:49 - [TEST_STEP][PASSED] - println(testCaseName): null&#xD;
&#xD;
2019-11-04 07:45:49 - [TEST_STEP][PASSED] - if (getTestCaseStatus().equalsIgnoreCase("Error")): null&#xD;
&#xD;
2019-11-04 07:45:49 - [TEST_STEP][PASSED] - Start listener action : sampleAfterTestCase: null</system-out>
            <system-err>2019-11-04 07:43:23 - [TEST_CASE][FAILED] - Test Cases/FirstView/FirstPayVault/VPOS_1stPayVault_Search_Vault_By_VaultReferenceNumber_Retail: Test Cases/FirstView/FirstPayVault/VPOS_1stPayVault_Search_Vault_By_VaultReferenceNumber_Retail FAILED.
Reason:
com.kms.katalon.core.exception.StepFailedException: Popup Message :  didnot match with expected message : Successfully Saved to Vault&#xD;
	at com.kms.katalon.core.util.KeywordUtil.markFailed(KeywordUtil.java:19)&#xD;
	at utilities.SafeActions.verifyPopupMessage(SafeActions.groovy:299)&#xD;
	at utilities.SafeActions.invokeMethod(SafeActions.groovy)&#xD;
	at com.kms.katalon.core.main.CustomKeywordDelegatingMetaClass.invokeStaticMethod(CustomKeywordDelegatingMetaClass.java:50)&#xD;
	at VPOS_1stPayVault_Search_Vault_By_VaultReferenceNumber_Retail.run(VPOS_1stPayVault_Search_Vault_By_VaultReferenceNumber_Retail:89)&#xD;
	at com.kms.katalon.core.main.ScriptEngine.run(ScriptEngine.java:194)&#xD;
	at com.kms.katalon.core.main.ScriptEngine.runScriptAsRawText(ScriptEngine.java:119)&#xD;
	at com.kms.katalon.core.main.TestCaseExecutor.runScript(TestCaseExecutor.java:337)&#xD;
	at com.kms.katalon.core.main.TestCaseExecutor.doExecute(TestCaseExecutor.java:328)&#xD;
	at com.kms.katalon.core.main.TestCaseExecutor.processExecutionPhase(TestCaseExecutor.java:307)&#xD;
	at com.kms.katalon.core.main.TestCaseExecutor.accessMainPhase(TestCaseExecutor.java:299)&#xD;
	at com.kms.katalon.core.main.TestCaseExecutor.execute(TestCaseExecutor.java:233)&#xD;
	at com.kms.katalon.core.main.TestSuiteExecutor.accessTestCaseMainPhase(TestSuiteExecutor.java:169)&#xD;
	at com.kms.katalon.core.main.TestSuiteExecutor.accessTestSuiteMainPhase(TestSuiteExecutor.java:142)&#xD;
	at com.kms.katalon.core.main.TestSuiteExecutor.execute(TestSuiteExecutor.java:91)&#xD;
	at com.kms.katalon.core.main.TestCaseMain.startTestSuite(TestCaseMain.java:157)&#xD;
	at com.kms.katalon.core.main.TestCaseMain$startTestSuite$0.call(Unknown Source)&#xD;
	at TempTestSuite1572873862836.run(TempTestSuite1572873862836.groovy:35)</system-err>
        </testcase>
        <testcase name="Test Cases/FirstView/FirstPayVault/VPOS_1stPayVault_Create_Vault_Retail" classname="Test Cases/FirstView/FirstPayVault/VPOS_1stPayVault_Create_Vault_Retail" status="PASSED">
            <system-out>2019-11-04 07:45:49 - [TEST_CASE][PASSED] - Test Cases/FirstView/FirstPayVault/VPOS_1stPayVault_Create_Vault_Retail: Test Cases/FirstView/FirstPayVault/VPOS_1stPayVault_Create_Vault_Retail&#xD;
&#xD;
2019-11-04 07:45:49 - [TEST_STEP][PASSED] - Start listener action : sampleBeforeTestCase: null&#xD;
&#xD;
2019-11-04 07:45:49 - [TEST_STEP][PASSED] - println(testCaseContext.getTestCaseId()): null&#xD;
&#xD;
2019-11-04 07:45:49 - [TEST_STEP][PASSED] - println(testCaseContext.getTestCaseVariables()): null&#xD;
&#xD;
2019-11-04 07:45:50 - [TEST_STEP][PASSED] - utilities.SafeActions.openBrowser(URL, [PageLoadTime]): utilities.SafeActions.openBrowser is PASSED&#xD;
&#xD;
2019-11-04 07:45:50 - [MESSAGE][INFO] - Opening Browser&#xD;
&#xD;
2019-11-04 07:45:50 - [MESSAGE][WARNING] - A browser is already opened. Closing browser and opening a new one&#xD;
&#xD;
2019-11-04 07:45:52 - [MESSAGE][INFO] - Starting 'Firefox' driver&#xD;
&#xD;
2019-11-04 07:45:59 - [MESSAGE][PASSED] - Browser is opened with url: 'https://q-www-firstview-net.faps.net/MVC/Account/Login'&#xD;
&#xD;
2019-11-04 07:45:59 - [MESSAGE][PASSED] - Current window maximized&#xD;
&#xD;
2019-11-04 07:45:59 - [MESSAGE][INFO] - Browser Launched Successfully&#xD;
&#xD;
2019-11-04 07:46:00 - [MESSAGE][PASSED] - utilities.SafeActions.openBrowser is PASSED&#xD;
&#xD;
2019-11-04 07:46:00 - [TEST_STEP][PASSED] - pages.Login.login(uName, password): pages.Login.login is PASSED&#xD;
&#xD;
2019-11-04 07:46:00 - [MESSAGE][PASSED] - Object 'Object Repository/Pages/Login/userName' is present&#xD;
&#xD;
2019-11-04 07:46:00 - [MESSAGE][PASSED] - Object 'Object Repository/Pages/Login/userName' is present&#xD;
&#xD;
2019-11-04 07:46:01 - [MESSAGE][PASSED] - Object: 'Object Repository/Pages/Login/userName' is clicked on&#xD;
&#xD;
2019-11-04 07:46:01 - [MESSAGE][PASSED] - Text 'ZenQRetail' is set on object 'Object Repository/Pages/Login/userName'&#xD;
&#xD;
2019-11-04 07:46:01 - [MESSAGE][PASSED] - Object 'Object Repository/Pages/Login/password' is present&#xD;
&#xD;
2019-11-04 07:46:01 - [MESSAGE][PASSED] - Object 'Object Repository/Pages/Login/password' is present&#xD;
&#xD;
2019-11-04 07:46:02 - [MESSAGE][PASSED] - Object: 'Object Repository/Pages/Login/password' is clicked on&#xD;
&#xD;
2019-11-04 07:46:02 - [MESSAGE][PASSED] - Text 'P@ssword1' is set on object 'Object Repository/Pages/Login/password'&#xD;
&#xD;
2019-11-04 07:46:02 - [MESSAGE][INFO] - Safe Click Without scroll&#xD;
&#xD;
2019-11-04 07:46:02 - [MESSAGE][INFO] - 1stPayVault_TestSuite.ts:waiting until Click on Login is Clickable&#xD;
&#xD;
2019-11-04 07:46:02 - [MESSAGE][PASSED] - Object 'Object Repository/Pages/Login/login' is clickable&#xD;
&#xD;
2019-11-04 07:46:02 - [MESSAGE][PASSED] - Object 'Object Repository/Pages/Login/login' is visible&#xD;
&#xD;
2019-11-04 07:46:05 - [MESSAGE][PASSED] - Object: 'Object Repository/Pages/Login/login' is clicked on&#xD;
&#xD;
2019-11-04 07:46:05 - [MESSAGE][INFO] - 1stPayVault_TestSuite.ts: click on the Click on Login&#xD;
&#xD;
2019-11-04 07:46:05 - [MESSAGE][PASSED] - pages.Login.login is PASSED&#xD;
&#xD;
2019-11-04 07:46:05 - [TEST_STEP][PASSED] - callTestCase(findTestCase("FirstView/Login/TC_SendCode"), [:], STOP_ON_FAILURE): Call Test Case 'Test Cases/FirstView/Login/TC_SendCode' successfully&#xD;
&#xD;
2019-11-04 07:46:05 - [TEST_CASE][PASSED] - Test Cases/FirstView/Login/TC_SendCode: Test Cases/FirstView/Login/TC_SendCode&#xD;
&#xD;
2019-11-04 07:46:05 - [TEST_STEP][PASSED] - flag = pages.SendCode.verifyPage(): pages.SendCode.verifyPage is PASSED&#xD;
&#xD;
2019-11-04 07:46:05 - [MESSAGE][PASSED] - Object 'Object Repository/Pages/SendCodeToValidate/header_SendCodeToValidate' is present and visible in viewport&#xD;
&#xD;
2019-11-04 07:46:05 - [MESSAGE][PASSED] - pages.SendCode.verifyPage is PASSED&#xD;
&#xD;
2019-11-04 07:46:05 - [TEST_STEP][PASSED] - if (flag): pages.SendCode.clickonUserSettings is PASSED&#xD;
&#xD;
2019-11-04 07:46:05 - [TEST_STEP][PASSED] - pages.SendCode.clickonUserSettings(): pages.SendCode.clickonUserSettings is PASSED&#xD;
&#xD;
2019-11-04 07:46:05 - [MESSAGE][PASSED] - Object 'Object Repository/Pages/SendCodeToValidate/link_UserSettings' is present&#xD;
&#xD;
2019-11-04 07:46:05 - [MESSAGE][PASSED] - Object 'Object Repository/Pages/SendCodeToValidate/link_UserSettings' is visible&#xD;
&#xD;
2019-11-04 07:46:05 - [MESSAGE][INFO] - 1stPayVault_TestSuite.ts:waiting until Click on User Settings is Clickable&#xD;
&#xD;
2019-11-04 07:46:05 - [MESSAGE][PASSED] - Object 'Object Repository/Pages/SendCodeToValidate/link_UserSettings' is clickable&#xD;
&#xD;
2019-11-04 07:46:05 - [MESSAGE][PASSED] - Object 'Object Repository/Pages/SendCodeToValidate/link_UserSettings' is visible&#xD;
&#xD;
2019-11-04 07:46:07 - [MESSAGE][PASSED] - Object: 'Object Repository/Pages/SendCodeToValidate/link_UserSettings' is clicked on&#xD;
&#xD;
2019-11-04 07:46:07 - [MESSAGE][INFO] - 1stPayVault_TestSuite.ts: Clicked on the Click on User Settings&#xD;
&#xD;
2019-11-04 07:46:07 - [MESSAGE][PASSED] - pages.SendCode.clickonUserSettings is PASSED&#xD;
&#xD;
2019-11-04 07:46:07 - [MESSAGE][PASSED] - Call Test Case 'Test Cases/FirstView/Login/TC_SendCode' successfully&#xD;
&#xD;
2019-11-04 07:46:07 - [TEST_STEP][PASSED] - callTestCase(findTestCase("FirstView/Login/TC_FirstView"), [:], STOP_ON_FAILURE): Call Test Case 'Test Cases/FirstView/Login/TC_FirstView' successfully&#xD;
&#xD;
2019-11-04 07:46:07 - [TEST_CASE][PASSED] - Test Cases/FirstView/Login/TC_FirstView: Test Cases/FirstView/Login/TC_FirstView&#xD;
&#xD;
2019-11-04 07:46:07 - [TEST_STEP][NOT_RUN] - utilities.SafeActions.safeClickWithoutScroll(findTestObject("Pages/FirstView/link_Home"), "Click on Home button in First View screen", [PageLoadTime]): NOT_RUN: utilities.SafeActions.safeClickWithoutScroll(findTestObject("Pages/FirstView/link_Home"), "Click on Home button in First View screen", [PageLoadTime])&#xD;
&#xD;
2019-11-04 07:46:07 - [MESSAGE][NOT_RUN] - NOT_RUN: utilities.SafeActions.safeClickWithoutScroll(findTestObject("Pages/FirstView/link_Home"), "Click on Home button in First View screen", [PageLoadTime])&#xD;
&#xD;
2019-11-04 07:46:07 - [TEST_STEP][PASSED] - delay(3): Delayed 3 second(s)&#xD;
&#xD;
2019-11-04 07:46:10 - [MESSAGE][PASSED] - Delayed 3 second(s)&#xD;
&#xD;
2019-11-04 07:46:10 - [TEST_STEP][PASSED] - utilities.SafeActions.javascriptclick(findTestObject("Pages/FirstView/link_Home"), delayForElement): utilities.SafeActions.javascriptclick is PASSED&#xD;
&#xD;
2019-11-04 07:46:10 - [MESSAGE][PASSED] - utilities.SafeActions.javascriptclick is PASSED&#xD;
&#xD;
2019-11-04 07:46:10 - [TEST_STEP][PASSED] - utilities.SafeActions.safeClickWithoutScroll(findTestObject("Pages/FirstView/link_VPOS"), "Click on VPOS button in First View screen", [PageLoadTime]): utilities.SafeActions.safeClickWithoutScroll is PASSED&#xD;
&#xD;
2019-11-04 07:46:10 - [MESSAGE][INFO] - Safe Click Without scroll&#xD;
&#xD;
2019-11-04 07:46:10 - [MESSAGE][INFO] - 1stPayVault_TestSuite.ts:waiting until Click on VPOS button in First View screen is Clickable&#xD;
&#xD;
2019-11-04 07:46:12 - [MESSAGE][PASSED] - Object 'Object Repository/Pages/FirstView/link_VPOS' is clickable&#xD;
&#xD;
2019-11-04 07:46:12 - [MESSAGE][PASSED] - Object 'Object Repository/Pages/FirstView/link_VPOS' is visible&#xD;
&#xD;
2019-11-04 07:46:13 - [MESSAGE][PASSED] - Object: 'Object Repository/Pages/FirstView/link_VPOS' is clicked on&#xD;
&#xD;
2019-11-04 07:46:13 - [MESSAGE][INFO] - 1stPayVault_TestSuite.ts: click on the Click on VPOS button in First View screen&#xD;
&#xD;
2019-11-04 07:46:13 - [MESSAGE][PASSED] - utilities.SafeActions.safeClickWithoutScroll is PASSED&#xD;
&#xD;
2019-11-04 07:46:13 - [MESSAGE][PASSED] - Call Test Case 'Test Cases/FirstView/Login/TC_FirstView' successfully&#xD;
&#xD;
2019-11-04 07:46:13 - [TEST_STEP][PASSED] - switchToWindowTitle("Transcenter - VPOS"): Switched to window with title: 'Transcenter - VPOS'&#xD;
&#xD;
2019-11-04 07:46:15 - [MESSAGE][PASSED] - Switched to window with title: 'Transcenter - VPOS'&#xD;
&#xD;
2019-11-04 07:46:15 - [TEST_STEP][PASSED] - focus(findTestObject("Pages/FirstPayVault/tab_FirstPayVault")): Object: 'Object Repository/Pages/FirstPayVault/tab_FirstPayVault' is focused&#xD;
&#xD;
2019-11-04 07:46:18 - [MESSAGE][PASSED] - Object: 'Object Repository/Pages/FirstPayVault/tab_FirstPayVault' is focused&#xD;
&#xD;
2019-11-04 07:46:18 - [TEST_STEP][PASSED] - utilities.SafeActions.javascriptclick(findTestObject("Pages/FirstPayVault/tab_FirstPayVault"), PageLoadTime): utilities.SafeActions.javascriptclick is PASSED&#xD;
&#xD;
2019-11-04 07:46:18 - [MESSAGE][PASSED] - utilities.SafeActions.javascriptclick is PASSED&#xD;
&#xD;
2019-11-04 07:46:18 - [TEST_STEP][PASSED] - delay(2): Delayed 2 second(s)&#xD;
&#xD;
2019-11-04 07:46:20 - [MESSAGE][PASSED] - Delayed 2 second(s)&#xD;
&#xD;
2019-11-04 07:46:20 - [TEST_STEP][PASSED] - utilities.SafeActions.safeClickWithoutScroll(findTestObject("Pages/FirstPayVault/tab_FirstPayVault"), "Click on FistPayVault tab", [delayForElement]): utilities.SafeActions.safeClickWithoutScroll is PASSED&#xD;
&#xD;
2019-11-04 07:46:20 - [MESSAGE][INFO] - Safe Click Without scroll&#xD;
&#xD;
2019-11-04 07:46:20 - [MESSAGE][INFO] - 1stPayVault_TestSuite.ts:waiting until Click on FistPayVault tab is Clickable&#xD;
&#xD;
2019-11-04 07:46:20 - [MESSAGE][PASSED] - Object 'Object Repository/Pages/FirstPayVault/tab_FirstPayVault' is clickable&#xD;
&#xD;
2019-11-04 07:46:20 - [MESSAGE][PASSED] - Object 'Object Repository/Pages/FirstPayVault/tab_FirstPayVault' is visible&#xD;
&#xD;
2019-11-04 07:46:21 - [MESSAGE][PASSED] - Object: 'Object Repository/Pages/FirstPayVault/tab_FirstPayVault' is clicked on&#xD;
&#xD;
2019-11-04 07:46:21 - [MESSAGE][INFO] - 1stPayVault_TestSuite.ts: click on the Click on FistPayVault tab&#xD;
&#xD;
2019-11-04 07:46:21 - [MESSAGE][PASSED] - utilities.SafeActions.safeClickWithoutScroll is PASSED&#xD;
&#xD;
2019-11-04 07:46:21 - [TEST_STEP][PASSED] - utilities.SafeActions.safeClickWithoutScroll(findTestObject("Pages/FirstPayVault/button_CreateVault"), "Click on CreateVault button", [PageLoadTime]): utilities.SafeActions.safeClickWithoutScroll is PASSED&#xD;
&#xD;
2019-11-04 07:46:21 - [MESSAGE][INFO] - Safe Click Without scroll&#xD;
&#xD;
2019-11-04 07:46:21 - [MESSAGE][INFO] - 1stPayVault_TestSuite.ts:waiting until Click on CreateVault button is Clickable&#xD;
&#xD;
2019-11-04 07:46:21 - [MESSAGE][PASSED] - Object 'Object Repository/Pages/FirstPayVault/button_CreateVault' is clickable&#xD;
&#xD;
2019-11-04 07:46:21 - [MESSAGE][PASSED] - Object 'Object Repository/Pages/FirstPayVault/button_CreateVault' is visible&#xD;
&#xD;
2019-11-04 07:46:22 - [MESSAGE][PASSED] - Object: 'Object Repository/Pages/FirstPayVault/button_CreateVault' is clicked on&#xD;
&#xD;
2019-11-04 07:46:22 - [MESSAGE][INFO] - 1stPayVault_TestSuite.ts: click on the Click on CreateVault button&#xD;
&#xD;
2019-11-04 07:46:22 - [MESSAGE][PASSED] - utilities.SafeActions.safeClickWithoutScroll is PASSED&#xD;
&#xD;
2019-11-04 07:46:22 - [TEST_STEP][PASSED] - vaultReference = utilities.SafeActions.timeWithMilliSeconds(): utilities.SafeActions.timeWithMilliSeconds is PASSED&#xD;
&#xD;
2019-11-04 07:46:22 - [MESSAGE][PASSED] - utilities.SafeActions.timeWithMilliSeconds is PASSED&#xD;
&#xD;
2019-11-04 07:46:22 - [TEST_STEP][PASSED] - utilities.SafeActions.safeType(findTestObject("Pages/FirstPayVault/input_VaultReferenceNumber"), vaultReference, "Entering Vault Reference Number", [PageLoadTime]): utilities.SafeActions.safeType is PASSED&#xD;
&#xD;
2019-11-04 07:46:22 - [MESSAGE][PASSED] - Object 'Object Repository/Pages/FirstPayVault/input_VaultReferenceNumber' is present&#xD;
&#xD;
2019-11-04 07:46:22 - [MESSAGE][PASSED] - Object 'Object Repository/Pages/FirstPayVault/input_VaultReferenceNumber' is present&#xD;
&#xD;
2019-11-04 07:46:23 - [MESSAGE][PASSED] - Object: 'Object Repository/Pages/FirstPayVault/input_VaultReferenceNumber' is clicked on&#xD;
&#xD;
2019-11-04 07:46:23 - [MESSAGE][PASSED] - Text '2019-11-04 07:46:22.592' is set on object 'Object Repository/Pages/FirstPayVault/input_VaultReferenceNumber'&#xD;
&#xD;
2019-11-04 07:46:23 - [MESSAGE][PASSED] - utilities.SafeActions.safeType is PASSED&#xD;
&#xD;
2019-11-04 07:46:23 - [TEST_STEP][PASSED] - utilities.SafeActions.safeType(findTestObject("Pages/FirstPayVault/input_CreditCardNumber"), visaCardNumber, "Entering Card Number", [PageLoadTime]): utilities.SafeActions.safeType is PASSED&#xD;
&#xD;
2019-11-04 07:46:23 - [MESSAGE][PASSED] - Object 'Object Repository/Pages/FirstPayVault/input_CreditCardNumber' is present&#xD;
&#xD;
2019-11-04 07:46:23 - [MESSAGE][PASSED] - Object 'Object Repository/Pages/FirstPayVault/input_CreditCardNumber' is present&#xD;
&#xD;
2019-11-04 07:46:24 - [MESSAGE][PASSED] - Object: 'Object Repository/Pages/FirstPayVault/input_CreditCardNumber' is clicked on&#xD;
&#xD;
2019-11-04 07:46:24 - [MESSAGE][PASSED] - Text '4111111111111111' is set on object 'Object Repository/Pages/FirstPayVault/input_CreditCardNumber'&#xD;
&#xD;
2019-11-04 07:46:24 - [MESSAGE][PASSED] - utilities.SafeActions.safeType is PASSED&#xD;
&#xD;
2019-11-04 07:46:24 - [TEST_STEP][PASSED] - utilities.SafeActions.safeSelectOptionInDropDownByVisibleText(findTestObject("Pages/FirstPayVault/dropDown_ExpirationMonth"), cardMonth, "Expiration Month", [PageLoadTime]): utilities.SafeActions.safeSelectOptionInDropDownByVisibleText is PASSED&#xD;
&#xD;
2019-11-04 07:46:24 - [MESSAGE][PASSED] - Object 'Object Repository/Pages/FirstPayVault/dropDown_ExpirationMonth' is visible&#xD;
&#xD;
2019-11-04 07:46:24 - [MESSAGE][PASSED] - Object 'Object Repository/Pages/FirstPayVault/dropDown_ExpirationMonth' is present&#xD;
&#xD;
2019-11-04 07:46:25 - [MESSAGE][PASSED] - Object: 'Object Repository/Pages/FirstPayVault/dropDown_ExpirationMonth' is clicked on&#xD;
&#xD;
2019-11-04 07:46:25 - [MESSAGE][PASSED] - All options with label 'September' are selected in object 'Object Repository/Pages/FirstPayVault/dropDown_ExpirationMonth' &#xD;
&#xD;
2019-11-04 07:46:25 - [MESSAGE][PASSED] - utilities.SafeActions.safeSelectOptionInDropDownByVisibleText is PASSED&#xD;
&#xD;
2019-11-04 07:46:25 - [TEST_STEP][PASSED] - utilities.SafeActions.safeSelectOptionInDropDownByVisibleText(findTestObject("Pages/FirstPayVault/dropDown_ExpirationYear"), cardYear, "year", [PageLoadTime]): utilities.SafeActions.safeSelectOptionInDropDownByVisibleText is PASSED&#xD;
&#xD;
2019-11-04 07:46:26 - [MESSAGE][PASSED] - Object 'Object Repository/Pages/FirstPayVault/dropDown_ExpirationYear' is visible&#xD;
&#xD;
2019-11-04 07:46:26 - [MESSAGE][PASSED] - Object 'Object Repository/Pages/FirstPayVault/dropDown_ExpirationYear' is present&#xD;
&#xD;
2019-11-04 07:46:26 - [MESSAGE][PASSED] - Object: 'Object Repository/Pages/FirstPayVault/dropDown_ExpirationYear' is clicked on&#xD;
&#xD;
2019-11-04 07:46:27 - [MESSAGE][PASSED] - All options with label '2023' are selected in object 'Object Repository/Pages/FirstPayVault/dropDown_ExpirationYear' &#xD;
&#xD;
2019-11-04 07:46:27 - [MESSAGE][PASSED] - utilities.SafeActions.safeSelectOptionInDropDownByVisibleText is PASSED&#xD;
&#xD;
2019-11-04 07:46:27 - [TEST_STEP][PASSED] - utilities.SafeActions.safeType(findTestObject("Pages/FirstPayVault/input_ContactName"), contactName, "Enter Contact Name", [PageLoadTime]): utilities.SafeActions.safeType is PASSED&#xD;
&#xD;
2019-11-04 07:46:27 - [MESSAGE][PASSED] - Object 'Object Repository/Pages/FirstPayVault/input_ContactName' is present&#xD;
&#xD;
2019-11-04 07:46:27 - [MESSAGE][PASSED] - Object 'Object Repository/Pages/FirstPayVault/input_ContactName' is present&#xD;
&#xD;
2019-11-04 07:46:28 - [MESSAGE][PASSED] - Object: 'Object Repository/Pages/FirstPayVault/input_ContactName' is clicked on&#xD;
&#xD;
2019-11-04 07:46:28 - [MESSAGE][PASSED] - Text 'Venkata Sai' is set on object 'Object Repository/Pages/FirstPayVault/input_ContactName'&#xD;
&#xD;
2019-11-04 07:46:28 - [MESSAGE][PASSED] - utilities.SafeActions.safeType is PASSED&#xD;
&#xD;
2019-11-04 07:46:28 - [TEST_STEP][PASSED] - utilities.SafeActions.safeType(findTestObject("Pages/FirstPayVault/input_PostalCode"), postalCode, "Enter Postal Code", [PageLoadTime]): utilities.SafeActions.safeType is PASSED&#xD;
&#xD;
2019-11-04 07:46:28 - [MESSAGE][PASSED] - Object 'Object Repository/Pages/FirstPayVault/input_PostalCode' is present&#xD;
&#xD;
2019-11-04 07:46:28 - [MESSAGE][PASSED] - Object 'Object Repository/Pages/FirstPayVault/input_PostalCode' is present&#xD;
&#xD;
2019-11-04 07:46:29 - [MESSAGE][PASSED] - Object: 'Object Repository/Pages/FirstPayVault/input_PostalCode' is clicked on&#xD;
&#xD;
2019-11-04 07:46:29 - [MESSAGE][PASSED] - Text '76102' is set on object 'Object Repository/Pages/FirstPayVault/input_PostalCode'&#xD;
&#xD;
2019-11-04 07:46:29 - [MESSAGE][PASSED] - utilities.SafeActions.safeType is PASSED&#xD;
&#xD;
2019-11-04 07:46:29 - [TEST_STEP][PASSED] - utilities.SafeActions.safeType(findTestObject("Pages/FirstPayVault/input_Address"), address, "Enter ddress", [PageLoadTime]): utilities.SafeActions.safeType is PASSED&#xD;
&#xD;
2019-11-04 07:46:29 - [MESSAGE][PASSED] - Object 'Object Repository/Pages/FirstPayVault/input_Address' is present&#xD;
&#xD;
2019-11-04 07:46:29 - [MESSAGE][PASSED] - Object 'Object Repository/Pages/FirstPayVault/input_Address' is present&#xD;
&#xD;
2019-11-04 07:46:30 - [MESSAGE][PASSED] - Object: 'Object Repository/Pages/FirstPayVault/input_Address' is clicked on&#xD;
&#xD;
2019-11-04 07:46:30 - [MESSAGE][PASSED] - Text 'Street123' is set on object 'Object Repository/Pages/FirstPayVault/input_Address'&#xD;
&#xD;
2019-11-04 07:46:30 - [MESSAGE][PASSED] - utilities.SafeActions.safeType is PASSED&#xD;
&#xD;
2019-11-04 07:46:30 - [TEST_STEP][PASSED] - utilities.SafeActions.safeCheckForElement(findTestObject("Pages/FirstPayVault/chekBox_AddShippingInformation"), PageLoadTime): utilities.SafeActions.safeCheckForElement is PASSED&#xD;
&#xD;
2019-11-04 07:46:30 - [MESSAGE][PASSED] - Object 'Object Repository/Pages/FirstPayVault/chekBox_AddShippingInformation' is present&#xD;
&#xD;
2019-11-04 07:46:30 - [MESSAGE][PASSED] - Object 'Object Repository/Pages/FirstPayVault/chekBox_AddShippingInformation' is visible&#xD;
&#xD;
2019-11-04 07:46:30 - [MESSAGE][PASSED] - Object 'Object Repository/Pages/FirstPayVault/chekBox_AddShippingInformation' is present&#xD;
&#xD;
2019-11-04 07:46:31 - [MESSAGE][PASSED] - Object 'Object Repository/Pages/FirstPayVault/chekBox_AddShippingInformation' is checked&#xD;
&#xD;
2019-11-04 07:46:31 - [MESSAGE][PASSED] - utilities.SafeActions.safeCheckForElement is PASSED&#xD;
&#xD;
2019-11-04 07:46:31 - [TEST_STEP][PASSED] - utilities.SafeActions.safeType(findTestObject("Pages/FirstPayVault/input_ShippingMethod"), shippingMethod, "Enter Shipping Method", [PageLoadTime]): utilities.SafeActions.safeType is PASSED&#xD;
&#xD;
2019-11-04 07:46:31 - [MESSAGE][PASSED] - Object 'Object Repository/Pages/FirstPayVault/input_ShippingMethod' is present&#xD;
&#xD;
2019-11-04 07:46:31 - [MESSAGE][PASSED] - Object 'Object Repository/Pages/FirstPayVault/input_ShippingMethod' is present&#xD;
&#xD;
2019-11-04 07:46:32 - [MESSAGE][PASSED] - Object: 'Object Repository/Pages/FirstPayVault/input_ShippingMethod' is clicked on&#xD;
&#xD;
2019-11-04 07:46:32 - [MESSAGE][PASSED] - Text 'DTDC' is set on object 'Object Repository/Pages/FirstPayVault/input_ShippingMethod'&#xD;
&#xD;
2019-11-04 07:46:32 - [MESSAGE][PASSED] - utilities.SafeActions.safeType is PASSED&#xD;
&#xD;
2019-11-04 07:46:32 - [TEST_STEP][PASSED] - utilities.SafeActions.safeCheckForElement(findTestObject("Pages/FirstPayVault/checkbox_SameAsBillingInformation"), PageLoadTime): utilities.SafeActions.safeCheckForElement is PASSED&#xD;
&#xD;
2019-11-04 07:46:32 - [MESSAGE][PASSED] - Object 'Object Repository/Pages/FirstPayVault/checkbox_SameAsBillingInformation' is present&#xD;
&#xD;
2019-11-04 07:46:32 - [MESSAGE][PASSED] - Object 'Object Repository/Pages/FirstPayVault/checkbox_SameAsBillingInformation' is visible&#xD;
&#xD;
2019-11-04 07:46:32 - [MESSAGE][PASSED] - Object 'Object Repository/Pages/FirstPayVault/checkbox_SameAsBillingInformation' is present&#xD;
&#xD;
2019-11-04 07:46:33 - [MESSAGE][PASSED] - Object 'Object Repository/Pages/FirstPayVault/checkbox_SameAsBillingInformation' is checked&#xD;
&#xD;
2019-11-04 07:46:33 - [MESSAGE][PASSED] - utilities.SafeActions.safeCheckForElement is PASSED&#xD;
&#xD;
2019-11-04 07:46:33 - [TEST_STEP][PASSED] - utilities.SafeActions.safeClickwithScroll(findTestObject("Pages/FirstPayVault/button_Create"), "Click on Create Button", [PageLoadTime]): utilities.SafeActions.safeClickwithScroll is PASSED&#xD;
&#xD;
2019-11-04 07:46:33 - [MESSAGE][PASSED] - Object 'Object Repository/Pages/FirstPayVault/button_Create' is present&#xD;
&#xD;
2019-11-04 07:46:33 - [MESSAGE][PASSED] - Object 'Object Repository/Pages/FirstPayVault/button_Create' is visible&#xD;
&#xD;
2019-11-04 07:46:33 - [MESSAGE][INFO] - 1stPayVault_TestSuite.ts:waiting until Click on Create Button is Clickable&#xD;
&#xD;
2019-11-04 07:46:33 - [MESSAGE][PASSED] - Object 'Object Repository/Pages/FirstPayVault/button_Create' is clickable&#xD;
&#xD;
2019-11-04 07:46:33 - [MESSAGE][PASSED] - Object 'Object Repository/Pages/FirstPayVault/button_Create' is visible&#xD;
&#xD;
2019-11-04 07:46:34 - [MESSAGE][PASSED] - Object: 'Object Repository/Pages/FirstPayVault/button_Create' is clicked on&#xD;
&#xD;
2019-11-04 07:46:34 - [MESSAGE][INFO] - 1stPayVault_TestSuite.ts: Clicked on the Click on Create Button&#xD;
&#xD;
2019-11-04 07:46:34 - [MESSAGE][PASSED] - utilities.SafeActions.safeClickwithScroll is PASSED&#xD;
&#xD;
2019-11-04 07:46:34 - [TEST_STEP][PASSED] - delay(2): Delayed 2 second(s)&#xD;
&#xD;
2019-11-04 07:46:36 - [MESSAGE][PASSED] - Delayed 2 second(s)&#xD;
&#xD;
2019-11-04 07:46:36 - [TEST_STEP][PASSED] - popupSavedToVaultMessage = utilities.SafeActions.safeGetText(findTestObject("Pages/FirstPayVault/popup_SavedToVaultMessage"), elementTime): utilities.SafeActions.safeGetText is PASSED&#xD;
&#xD;
2019-11-04 07:46:36 - [MESSAGE][PASSED] - Object 'Object Repository/Pages/FirstPayVault/popup_SavedToVaultMessage' is present&#xD;
&#xD;
2019-11-04 07:46:36 - [MESSAGE][PASSED] - Scroll to object 'Object Repository/Pages/FirstPayVault/popup_SavedToVaultMessage' successfully&#xD;
&#xD;
2019-11-04 07:46:37 - [MESSAGE][PASSED] - Object 'Object Repository/Pages/FirstPayVault/popup_SavedToVaultMessage' is present&#xD;
&#xD;
2019-11-04 07:46:37 - [MESSAGE][PASSED] - Text of object 'Object Repository/Pages/FirstPayVault/popup_SavedToVaultMessage' is: 'Successfully Saved to Vault'&#xD;
&#xD;
2019-11-04 07:46:37 - [MESSAGE][PASSED] - utilities.SafeActions.safeGetText is PASSED&#xD;
&#xD;
2019-11-04 07:46:37 - [TEST_STEP][PASSED] - flag = utilities.SafeActions.verifyPopupMessage("Successfully Saved to Vault", popupSavedToVaultMessage): Popup Message : Successfully Saved to Vault matched with expected message : Successfully Saved to Vault&#xD;
&#xD;
2019-11-04 07:46:37 - [MESSAGE][PASSED] - Popup Message : Successfully Saved to Vault matched with expected message : Successfully Saved to Vault&#xD;
&#xD;
2019-11-04 07:46:37 - [TEST_STEP][PASSED] - closeBrowser(): Browser is closed&#xD;
&#xD;
2019-11-04 07:46:39 - [MESSAGE][PASSED] - Browser is closed&#xD;
&#xD;
2019-11-04 07:46:39 - [TEST_STEP][PASSED] - Start listener action : sampleAfterTestCase: null&#xD;
&#xD;
2019-11-04 07:46:39 - [TEST_STEP][PASSED] - println(testCaseContext.getTestCaseId()): null&#xD;
&#xD;
2019-11-04 07:46:39 - [TEST_STEP][PASSED] - println(testCaseContext.getTestCaseStatus()): null&#xD;
&#xD;
2019-11-04 07:46:39 - [TEST_STEP][PASSED] - testCaseName = testCaseContext.getTestCaseId(): null&#xD;
&#xD;
2019-11-04 07:46:39 - [TEST_STEP][PASSED] - strCount = testCaseName.lastIndexOf("/"): null&#xD;
&#xD;
2019-11-04 07:46:39 - [TEST_STEP][PASSED] - testCaseName = testCaseName.substring(strCount): null&#xD;
&#xD;
2019-11-04 07:46:39 - [TEST_STEP][PASSED] - println(testCaseName): null&#xD;
&#xD;
2019-11-04 07:46:39 - [TEST_STEP][PASSED] - if (getTestCaseStatus().equalsIgnoreCase("Error")): null&#xD;
&#xD;
2019-11-04 07:46:39 - [TEST_STEP][PASSED] - Start listener action : sampleAfterTestCase: null</system-out>
            <system-err></system-err>
        </testcase>
        <system-out>2019-11-04 07:24:34 - [TEST_SUITE][INCOMPLETE] - 1stPayVault_TestSuite: null</system-out>
        <system-err>2019-11-04 07:24:34 - [TEST_SUITE][INCOMPLETE] - 1stPayVault_TestSuite: null</system-err>
    </testsuite>
</testsuites>
